Training data shape: 	(10000, 64, 64, 1)
Training label shape:	(10000,)
Testing data shape:  	(1910, 64, 64, 1)
Testing label shape: 	(1910,)
max input value is: 153.458
min input value is: -104.189
random permuted training data
==============================================================================
Model: 			inference_roicnn
Tensor Name: 	Placeholder:0
[64, 64, 64, 1]
==============================================================================
Tensor Name: concat_64:0
[64, 320, 64, 1]
==============================================================================
Tensor Name: concat_129:0
[64, 320, 320, 1]
==============================================================================
Tensor Name: conv0/conv0:0
[64, 64, 64, 8]
==============================================================================
Tensor Name: concat_162:0
[64, 64, 64, 8]
==============================================================================
Tensor Name: MaxPool:0
[64, 32, 32, 8]
==============================================================================
Tensor Name: local1/local1:0
[64, 128]
==============================================================================
Tensor Name: local2/local2:0
[64, 128]
==============================================================================
Tensor Name: softmax_linear/softmax_linear:0
[64, 2]
Step 0: loss = 3.3278 (0.088 sec)
Training Data Eval:
  Num examples: 8960  Num correct: 6372  Precision @ 1: 0.7112  AUC @ 1: 0.7814
Validation Data Eval:
  Num examples: 960  Num correct: 691  Precision @ 1: 0.7198  AUC @ 1: 0.7847
Test Data Eval:
  Num examples: 1856  Num correct: 1208  Precision @ 1: 0.6509  AUC @ 1: 0.7010
Step 100: loss = 3.0871 (0.050 sec)
Training Data Eval:
  Num examples: 8960  Num correct: 6733  Precision @ 1: 0.7515  AUC @ 1: 0.8167
Validation Data Eval:
  Num examples: 960  Num correct: 734  Precision @ 1: 0.7646  AUC @ 1: 0.8253
Test Data Eval:
  Num examples: 1856  Num correct: 1255  Precision @ 1: 0.6762  AUC @ 1: 0.7243
Step 200: loss = 2.7386 (0.049 sec)
Training Data Eval:
  Num examples: 8960  Num correct: 6799  Precision @ 1: 0.7588  AUC @ 1: 0.8398
Validation Data Eval:
  Num examples: 960  Num correct: 728  Precision @ 1: 0.7583  AUC @ 1: 0.8430
Test Data Eval:
  Num examples: 1856  Num correct: 1271  Precision @ 1: 0.6848  AUC @ 1: 0.7189
Step 300: loss = 2.5175 (0.050 sec)
Training Data Eval:
  Num examples: 8960  Num correct: 6945  Precision @ 1: 0.7751  AUC @ 1: 0.8583
Validation Data Eval:
  Num examples: 960  Num correct: 760  Precision @ 1: 0.7917  AUC @ 1: 0.8619
Test Data Eval:
  Num examples: 1856  Num correct: 1295  Precision @ 1: 0.6977  AUC @ 1: 0.7328
Step 400: loss = 2.4892 (0.052 sec)
Training Data Eval:
  Num examples: 8960  Num correct: 7213  Precision @ 1: 0.8050  AUC @ 1: 0.8782
Validation Data Eval:
  Num examples: 960  Num correct: 777  Precision @ 1: 0.8094  AUC @ 1: 0.8762
Test Data Eval:
  Num examples: 1856  Num correct: 1310  Precision @ 1: 0.7058  AUC @ 1: 0.7359
Step 500: loss = 2.1576 (0.050 sec)
Training Data Eval:
  Num examples: 8960  Num correct: 7267  Precision @ 1: 0.8110  AUC @ 1: 0.8893
Validation Data Eval:
  Num examples: 960  Num correct: 756  Precision @ 1: 0.7875  AUC @ 1: 0.8755
Test Data Eval:
  Num examples: 1856  Num correct: 1280  Precision @ 1: 0.6897  AUC @ 1: 0.7560
Step 600: loss = 1.9914 (0.050 sec)
Training Data Eval:
  Num examples: 8960  Num correct: 7247  Precision @ 1: 0.8088  AUC @ 1: 0.9009
Validation Data Eval:
  Num examples: 960  Num correct: 770  Precision @ 1: 0.8021  AUC @ 1: 0.8762
Test Data Eval:
  Num examples: 1856  Num correct: 1333  Precision @ 1: 0.7182  AUC @ 1: 0.7638
Step 700: loss = 1.9470 (0.140 sec)
Training Data Eval:
  Num examples: 8960  Num correct: 7431  Precision @ 1: 0.8294  AUC @ 1: 0.9087
Validation Data Eval:
  Num examples: 960  Num correct: 780  Precision @ 1: 0.8125  AUC @ 1: 0.8850
Test Data Eval:
  Num examples: 1856  Num correct: 1336  Precision @ 1: 0.7198  AUC @ 1: 0.7752
Step 800: loss = 1.7842 (0.050 sec)
Training Data Eval:
  Num examples: 8960  Num correct: 7541  Precision @ 1: 0.8416  AUC @ 1: 0.9159
Validation Data Eval:
  Num examples: 960  Num correct: 789  Precision @ 1: 0.8219  AUC @ 1: 0.8919
Test Data Eval:
  Num examples: 1856  Num correct: 1313  Precision @ 1: 0.7074  AUC @ 1: 0.7592
Step 900: loss = 1.6525 (0.051 sec)
Training Data Eval:
  Num examples: 8960  Num correct: 7388  Precision @ 1: 0.8246  AUC @ 1: 0.9130
Validation Data Eval:
  Num examples: 960  Num correct: 768  Precision @ 1: 0.8000  AUC @ 1: 0.8791
Test Data Eval:
  Num examples: 1856  Num correct: 1341  Precision @ 1: 0.7225  AUC @ 1: 0.7771
Step 1000: loss = 1.6388 (0.052 sec)
Training Data Eval:
  Num examples: 8960  Num correct: 7647  Precision @ 1: 0.8535  AUC @ 1: 0.9264
Validation Data Eval:
  Num examples: 960  Num correct: 767  Precision @ 1: 0.7990  AUC @ 1: 0.8853
Test Data Eval:
  Num examples: 1856  Num correct: 1297  Precision @ 1: 0.6988  AUC @ 1: 0.7542
Step 1100: loss = 1.5237 (0.050 sec)
Training Data Eval:
  Num examples: 8960  Num correct: 7606  Precision @ 1: 0.8489  AUC @ 1: 0.9330
Validation Data Eval:
  Num examples: 960  Num correct: 776  Precision @ 1: 0.8083  AUC @ 1: 0.8845
Test Data Eval:
  Num examples: 1856  Num correct: 1331  Precision @ 1: 0.7171  AUC @ 1: 0.7554
Step 1200: loss = 1.4162 (0.053 sec)
Training Data Eval:
  Num examples: 8960  Num correct: 7399  Precision @ 1: 0.8258  AUC @ 1: 0.9253
Validation Data Eval:
  Num examples: 960  Num correct: 770  Precision @ 1: 0.8021  AUC @ 1: 0.8720
Test Data Eval:
  Num examples: 1856  Num correct: 1325  Precision @ 1: 0.7139  AUC @ 1: 0.7609
Step 1300: loss = 1.3747 (0.051 sec)
Training Data Eval:
  Num examples: 8960  Num correct: 7832  Precision @ 1: 0.8741  AUC @ 1: 0.9452
Validation Data Eval:
  Num examples: 960  Num correct: 789  Precision @ 1: 0.8219  AUC @ 1: 0.8992
Test Data Eval:
  Num examples: 1856  Num correct: 1287  Precision @ 1: 0.6934  AUC @ 1: 0.7644
Step 1400: loss = 1.2897 (0.137 sec)
Training Data Eval:
  Num examples: 8960  Num correct: 7818  Precision @ 1: 0.8725  AUC @ 1: 0.9462
Validation Data Eval:
  Num examples: 960  Num correct: 779  Precision @ 1: 0.8115  AUC @ 1: 0.8835
Test Data Eval:
  Num examples: 1856  Num correct: 1312  Precision @ 1: 0.7069  AUC @ 1: 0.7723
Step 1500: loss = 1.2073 (0.051 sec)
Training Data Eval:
  Num examples: 8960  Num correct: 7797  Precision @ 1: 0.8702  AUC @ 1: 0.9539
Validation Data Eval:
  Num examples: 960  Num correct: 783  Precision @ 1: 0.8156  AUC @ 1: 0.8857
Test Data Eval:
  Num examples: 1856  Num correct: 1328  Precision @ 1: 0.7155  AUC @ 1: 0.7700
Step 1600: loss = 1.1177 (0.051 sec)
Training Data Eval:
  Num examples: 8960  Num correct: 8060  Precision @ 1: 0.8996  AUC @ 1: 0.9620
Validation Data Eval:
  Num examples: 960  Num correct: 775  Precision @ 1: 0.8073  AUC @ 1: 0.8864
Test Data Eval:
  Num examples: 1856  Num correct: 1259  Precision @ 1: 0.6783  AUC @ 1: 0.7536
Step 1700: loss = 0.9399 (0.050 sec)
Training Data Eval:
  Num examples: 8960  Num correct: 7889  Precision @ 1: 0.8805  AUC @ 1: 0.9651
Validation Data Eval:
  Num examples: 960  Num correct: 782  Precision @ 1: 0.8146  AUC @ 1: 0.8823
Test Data Eval:
  Num examples: 1856  Num correct: 1317  Precision @ 1: 0.7096  AUC @ 1: 0.7648
Step 1800: loss = 0.9736 (0.051 sec)
Training Data Eval:
  Num examples: 8960  Num correct: 8094  Precision @ 1: 0.9033  AUC @ 1: 0.9687
Validation Data Eval:
  Num examples: 960  Num correct: 785  Precision @ 1: 0.8177  AUC @ 1: 0.8824
Test Data Eval:
  Num examples: 1856  Num correct: 1273  Precision @ 1: 0.6859  AUC @ 1: 0.7590
Step 1900: loss = 0.8289 (0.051 sec)
Training Data Eval:
  Num examples: 8960  Num correct: 8241  Precision @ 1: 0.9198  AUC @ 1: 0.9775
Validation Data Eval:
  Num examples: 960  Num correct: 784  Precision @ 1: 0.8167  AUC @ 1: 0.8865
Test Data Eval:
  Num examples: 1856  Num correct: 1325  Precision @ 1: 0.7139  AUC @ 1: 0.7704
Step 2000: loss = 0.9118 (0.053 sec)
Training Data Eval:
  Num examples: 8960  Num correct: 8249  Precision @ 1: 0.9206  AUC @ 1: 0.9776
Validation Data Eval:
  Num examples: 960  Num correct: 774  Precision @ 1: 0.8063  AUC @ 1: 0.8848
Test Data Eval:
  Num examples: 1856  Num correct: 1271  Precision @ 1: 0.6848  AUC @ 1: 0.7540
Step 2100: loss = 0.8881 (0.141 sec)
Training Data Eval:
  Num examples: 8960  Num correct: 8391  Precision @ 1: 0.9365  AUC @ 1: 0.9835
Validation Data Eval:
  Num examples: 960  Num correct: 797  Precision @ 1: 0.8302  AUC @ 1: 0.8957
Test Data Eval:
  Num examples: 1856  Num correct: 1252  Precision @ 1: 0.6746  AUC @ 1: 0.7569
Step 2200: loss = 0.7808 (0.052 sec)
Training Data Eval:
  Num examples: 8960  Num correct: 8217  Precision @ 1: 0.9171  AUC @ 1: 0.9821
Validation Data Eval:
  Num examples: 960  Num correct: 785  Precision @ 1: 0.8177  AUC @ 1: 0.8895
Test Data Eval:
  Num examples: 1856  Num correct: 1281  Precision @ 1: 0.6902  AUC @ 1: 0.7446
Step 2300: loss = 0.7596 (0.052 sec)
Training Data Eval:
  Num examples: 8960  Num correct: 8384  Precision @ 1: 0.9357  AUC @ 1: 0.9871
Validation Data Eval:
  Num examples: 960  Num correct: 771  Precision @ 1: 0.8031  AUC @ 1: 0.8952
Test Data Eval:
  Num examples: 1856  Num correct: 1297  Precision @ 1: 0.6988  AUC @ 1: 0.7649
Step 2400: loss = 0.7378 (0.052 sec)
Training Data Eval:
  Num examples: 8960  Num correct: 8469  Precision @ 1: 0.9452  AUC @ 1: 0.9921
Validation Data Eval:
  Num examples: 960  Num correct: 784  Precision @ 1: 0.8167  AUC @ 1: 0.8842
Test Data Eval:
  Num examples: 1856  Num correct: 1283  Precision @ 1: 0.6913  AUC @ 1: 0.7569
Step 2500: loss = 0.6097 (0.051 sec)
Training Data Eval:
  Num examples: 8960  Num correct: 8423  Precision @ 1: 0.9401  AUC @ 1: 0.9885
Validation Data Eval:
  Num examples: 960  Num correct: 784  Precision @ 1: 0.8167  AUC @ 1: 0.8951
Test Data Eval:
  Num examples: 1856  Num correct: 1259  Precision @ 1: 0.6783  AUC @ 1: 0.7588
Step 2600: loss = 0.7152 (0.052 sec)
Training Data Eval:
  Num examples: 8960  Num correct: 8481  Precision @ 1: 0.9465  AUC @ 1: 0.9905
Validation Data Eval:
  Num examples: 960  Num correct: 775  Precision @ 1: 0.8073  AUC @ 1: 0.8861
Test Data Eval:
  Num examples: 1856  Num correct: 1299  Precision @ 1: 0.6999  AUC @ 1: 0.7644
Step 2700: loss = 0.5273 (0.050 sec)
Training Data Eval:
  Num examples: 8960  Num correct: 8416  Precision @ 1: 0.9393  AUC @ 1: 0.9902
Validation Data Eval:
  Num examples: 960  Num correct: 767  Precision @ 1: 0.7990  AUC @ 1: 0.8864
Test Data Eval:
  Num examples: 1856  Num correct: 1168  Precision @ 1: 0.6293  AUC @ 1: 0.7480
Step 2800: loss = 0.6118 (0.140 sec)
Training Data Eval:
  Num examples: 8960  Num correct: 8443  Precision @ 1: 0.9423  AUC @ 1: 0.9922
Validation Data Eval:
  Num examples: 960  Num correct: 781  Precision @ 1: 0.8135  AUC @ 1: 0.8832
Test Data Eval:
  Num examples: 1856  Num correct: 1299  Precision @ 1: 0.6999  AUC @ 1: 0.7385
Step 2900: loss = 0.5453 (0.053 sec)
Training Data Eval:
  Num examples: 8960  Num correct: 8362  Precision @ 1: 0.9333  AUC @ 1: 0.9873
Validation Data Eval:
  Num examples: 960  Num correct: 742  Precision @ 1: 0.7729  AUC @ 1: 0.8771
Test Data Eval:
  Num examples: 1856  Num correct: 1172  Precision @ 1: 0.6315  AUC @ 1: 0.7400
Step 3000: loss = 0.6189 (0.052 sec)
Training Data Eval:
  Num examples: 8960  Num correct: 8572  Precision @ 1: 0.9567  AUC @ 1: 0.9916
Validation Data Eval:
  Num examples: 960  Num correct: 780  Precision @ 1: 0.8125  AUC @ 1: 0.8909
Test Data Eval:
  Num examples: 1856  Num correct: 1254  Precision @ 1: 0.6756  AUC @ 1: 0.7588
Step 3100: loss = 0.5005 (0.052 sec)
Training Data Eval:
  Num examples: 8960  Num correct: 8679  Precision @ 1: 0.9686  AUC @ 1: 0.9961
Validation Data Eval:
  Num examples: 960  Num correct: 781  Precision @ 1: 0.8135  AUC @ 1: 0.8913
Test Data Eval:
  Num examples: 1856  Num correct: 1256  Precision @ 1: 0.6767  AUC @ 1: 0.7545
Step 3200: loss = 0.5314 (0.051 sec)
Training Data Eval:
  Num examples: 8960  Num correct: 8536  Precision @ 1: 0.9527  AUC @ 1: 0.9926
Validation Data Eval:
  Num examples: 960  Num correct: 764  Precision @ 1: 0.7958  AUC @ 1: 0.8791
Test Data Eval:
  Num examples: 1856  Num correct: 1216  Precision @ 1: 0.6552  AUC @ 1: 0.7471
Step 3300: loss = 0.7002 (0.051 sec)
Training Data Eval:
  Num examples: 8960  Num correct: 8469  Precision @ 1: 0.9452  AUC @ 1: 0.9914
Validation Data Eval:
  Num examples: 960  Num correct: 741  Precision @ 1: 0.7719  AUC @ 1: 0.8744
Test Data Eval:
  Num examples: 1856  Num correct: 1167  Precision @ 1: 0.6288  AUC @ 1: 0.7381
Step 3400: loss = 0.5846 (0.052 sec)
Training Data Eval:
  Num examples: 8960  Num correct: 8613  Precision @ 1: 0.9613  AUC @ 1: 0.9954
Validation Data Eval:
  Num examples: 960  Num correct: 775  Precision @ 1: 0.8073  AUC @ 1: 0.8824
Test Data Eval:
  Num examples: 1856  Num correct: 1213  Precision @ 1: 0.6536  AUC @ 1: 0.7403
Step 3500: loss = 0.4406 (0.141 sec)
Training Data Eval:
  Num examples: 8960  Num correct: 8683  Precision @ 1: 0.9691  AUC @ 1: 0.9976
Validation Data Eval:
  Num examples: 960  Num correct: 785  Precision @ 1: 0.8177  AUC @ 1: 0.8872
Test Data Eval:
  Num examples: 1856  Num correct: 1277  Precision @ 1: 0.6880  AUC @ 1: 0.7593
Step 3600: loss = 0.4479 (0.051 sec)
Training Data Eval:
  Num examples: 8960  Num correct: 8649  Precision @ 1: 0.9653  AUC @ 1: 0.9961
Validation Data Eval:
  Num examples: 960  Num correct: 779  Precision @ 1: 0.8115  AUC @ 1: 0.8731
Test Data Eval:
  Num examples: 1856  Num correct: 1275  Precision @ 1: 0.6870  AUC @ 1: 0.7467
Step 3700: loss = 0.5212 (0.050 sec)
Training Data Eval:
  Num examples: 8960  Num correct: 8613  Precision @ 1: 0.9613  AUC @ 1: 0.9956
Validation Data Eval:
  Num examples: 960  Num correct: 767  Precision @ 1: 0.7990  AUC @ 1: 0.8792
Test Data Eval:
  Num examples: 1856  Num correct: 1307  Precision @ 1: 0.7042  AUC @ 1: 0.7419
Step 3800: loss = 0.4226 (0.051 sec)
Training Data Eval:
  Num examples: 8960  Num correct: 8505  Precision @ 1: 0.9492  AUC @ 1: 0.9945
Validation Data Eval:
  Num examples: 960  Num correct: 769  Precision @ 1: 0.8010  AUC @ 1: 0.8755
Test Data Eval:
  Num examples: 1856  Num correct: 1308  Precision @ 1: 0.7047  AUC @ 1: 0.7431
Step 3900: loss = 0.5679 (0.052 sec)
Training Data Eval:
  Num examples: 8960  Num correct: 8726  Precision @ 1: 0.9739  AUC @ 1: 0.9974
Validation Data Eval:
  Num examples: 960  Num correct: 770  Precision @ 1: 0.8021  AUC @ 1: 0.8772
Test Data Eval:
  Num examples: 1856  Num correct: 1296  Precision @ 1: 0.6983  AUC @ 1: 0.7689
Step 4000: loss = 0.4598 (0.052 sec)
Training Data Eval:
  Num examples: 8960  Num correct: 8681  Precision @ 1: 0.9689  AUC @ 1: 0.9975
Validation Data Eval:
  Num examples: 960  Num correct: 776  Precision @ 1: 0.8083  AUC @ 1: 0.8734
Test Data Eval:
  Num examples: 1856  Num correct: 1296  Precision @ 1: 0.6983  AUC @ 1: 0.7583
Step 4100: loss = 0.5576 (0.052 sec)
Training Data Eval:
  Num examples: 8960  Num correct: 8637  Precision @ 1: 0.9640  AUC @ 1: 0.9964
Validation Data Eval:
  Num examples: 960  Num correct: 777  Precision @ 1: 0.8094  AUC @ 1: 0.8820
Test Data Eval:
  Num examples: 1856  Num correct: 1242  Precision @ 1: 0.6692  AUC @ 1: 0.7584
Step 4200: loss = 0.4458 (0.137 sec)
Training Data Eval:
  Num examples: 8960  Num correct: 8713  Precision @ 1: 0.9724  AUC @ 1: 0.9974
Validation Data Eval:
  Num examples: 960  Num correct: 764  Precision @ 1: 0.7958  AUC @ 1: 0.8664
Test Data Eval:
  Num examples: 1856  Num correct: 1292  Precision @ 1: 0.6961  AUC @ 1: 0.7528
Step 4300: loss = 0.4125 (0.052 sec)
Training Data Eval:
  Num examples: 8960  Num correct: 8649  Precision @ 1: 0.9653  AUC @ 1: 0.9966
Validation Data Eval:
  Num examples: 960  Num correct: 766  Precision @ 1: 0.7979  AUC @ 1: 0.8719
Test Data Eval:
  Num examples: 1856  Num correct: 1228  Precision @ 1: 0.6616  AUC @ 1: 0.7438
Step 4400: loss = 0.3845 (0.052 sec)
Training Data Eval:
  Num examples: 8960  Num correct: 8665  Precision @ 1: 0.9671  AUC @ 1: 0.9976
Validation Data Eval:
  Num examples: 960  Num correct: 760  Precision @ 1: 0.7917  AUC @ 1: 0.8726
Test Data Eval:
  Num examples: 1856  Num correct: 1311  Precision @ 1: 0.7064  AUC @ 1: 0.7660
Step 4500: loss = 0.3676 (0.053 sec)
Training Data Eval:
  Num examples: 8960  Num correct: 8696  Precision @ 1: 0.9705  AUC @ 1: 0.9973
Validation Data Eval:
  Num examples: 960  Num correct: 776  Precision @ 1: 0.8083  AUC @ 1: 0.8763
Test Data Eval:
  Num examples: 1856  Num correct: 1332  Precision @ 1: 0.7177  AUC @ 1: 0.7632
Step 4600: loss = 0.4694 (0.048 sec)
Training Data Eval:
  Num examples: 8960  Num correct: 8711  Precision @ 1: 0.9722  AUC @ 1: 0.9971
Validation Data Eval:
  Num examples: 960  Num correct: 774  Precision @ 1: 0.8063  AUC @ 1: 0.8774
Test Data Eval:
  Num examples: 1856  Num correct: 1309  Precision @ 1: 0.7053  AUC @ 1: 0.7730
Step 4700: loss = 0.3926 (0.050 sec)
Training Data Eval:
  Num examples: 8960  Num correct: 8703  Precision @ 1: 0.9713  AUC @ 1: 0.9970
Validation Data Eval:
  Num examples: 960  Num correct: 763  Precision @ 1: 0.7948  AUC @ 1: 0.8719
Test Data Eval:
  Num examples: 1856  Num correct: 1250  Precision @ 1: 0.6735  AUC @ 1: 0.7657
Step 4800: loss = 0.4309 (0.051 sec)
Training Data Eval:
  Num examples: 8960  Num correct: 8677  Precision @ 1: 0.9684  AUC @ 1: 0.9979
Validation Data Eval:
  Num examples: 960  Num correct: 758  Precision @ 1: 0.7896  AUC @ 1: 0.8692
Test Data Eval:
  Num examples: 1856  Num correct: 1308  Precision @ 1: 0.7047  AUC @ 1: 0.7644
Step 4900: loss = 0.5119 (0.136 sec)
Training Data Eval:
  Num examples: 8960  Num correct: 8637  Precision @ 1: 0.9640  AUC @ 1: 0.9975
Validation Data Eval:
  Num examples: 960  Num correct: 759  Precision @ 1: 0.7906  AUC @ 1: 0.8720
Test Data Eval:
  Num examples: 1856  Num correct: 1262  Precision @ 1: 0.6800  AUC @ 1: 0.7692
Step 5000: loss = 0.4829 (0.052 sec)
Training Data Eval:
  Num examples: 8960  Num correct: 8669  Precision @ 1: 0.9675  AUC @ 1: 0.9973
Validation Data Eval:
  Num examples: 960  Num correct: 781  Precision @ 1: 0.8135  AUC @ 1: 0.8740
Test Data Eval:
  Num examples: 1856  Num correct: 1315  Precision @ 1: 0.7085  AUC @ 1: 0.7695
Step 5100: loss = 0.3466 (0.051 sec)
Training Data Eval:
  Num examples: 8960  Num correct: 8599  Precision @ 1: 0.9597  AUC @ 1: 0.9955
Validation Data Eval:
  Num examples: 960  Num correct: 745  Precision @ 1: 0.7760  AUC @ 1: 0.8815
Test Data Eval:
  Num examples: 1856  Num correct: 1254  Precision @ 1: 0.6756  AUC @ 1: 0.7705
Step 5200: loss = 0.6082 (0.052 sec)
Training Data Eval:
  Num examples: 8960  Num correct: 8705  Precision @ 1: 0.9715  AUC @ 1: 0.9976
Validation Data Eval:
  Num examples: 960  Num correct: 762  Precision @ 1: 0.7937  AUC @ 1: 0.8784
Test Data Eval:
  Num examples: 1856  Num correct: 1242  Precision @ 1: 0.6692  AUC @ 1: 0.7635
Step 5300: loss = 0.5437 (0.052 sec)
Training Data Eval:
  Num examples: 8960  Num correct: 8743  Precision @ 1: 0.9758  AUC @ 1: 0.9983
Validation Data Eval:
  Num examples: 960  Num correct: 764  Precision @ 1: 0.7958  AUC @ 1: 0.8745
Test Data Eval:
  Num examples: 1856  Num correct: 1275  Precision @ 1: 0.6870  AUC @ 1: 0.7609
Step 5400: loss = 0.4757 (0.051 sec)
Training Data Eval:
  Num examples: 8960  Num correct: 8703  Precision @ 1: 0.9713  AUC @ 1: 0.9973
Validation Data Eval:
  Num examples: 960  Num correct: 756  Precision @ 1: 0.7875  AUC @ 1: 0.8740
Test Data Eval:
  Num examples: 1856  Num correct: 1264  Precision @ 1: 0.6810  AUC @ 1: 0.7631
Step 5500: loss = 0.3381 (0.051 sec)
Training Data Eval:
  Num examples: 8960  Num correct: 8746  Precision @ 1: 0.9761  AUC @ 1: 0.9989
Validation Data Eval:
  Num examples: 960  Num correct: 778  Precision @ 1: 0.8104  AUC @ 1: 0.8836
Test Data Eval:
  Num examples: 1856  Num correct: 1324  Precision @ 1: 0.7134  AUC @ 1: 0.7582
Step 5600: loss = 0.4271 (0.141 sec)
Training Data Eval:
  Num examples: 8960  Num correct: 8747  Precision @ 1: 0.9762  AUC @ 1: 0.9983
Validation Data Eval:
  Num examples: 960  Num correct: 777  Precision @ 1: 0.8094  AUC @ 1: 0.8685
Test Data Eval:
  Num examples: 1856  Num correct: 1323  Precision @ 1: 0.7128  AUC @ 1: 0.7623
Step 5700: loss = 0.3271 (0.052 sec)
Training Data Eval:
  Num examples: 8960  Num correct: 8753  Precision @ 1: 0.9769  AUC @ 1: 0.9982
Validation Data Eval:
  Num examples: 960  Num correct: 745  Precision @ 1: 0.7760  AUC @ 1: 0.8655
Test Data Eval:
  Num examples: 1856  Num correct: 1242  Precision @ 1: 0.6692  AUC @ 1: 0.7599
Step 5800: loss = 0.3213 (0.052 sec)
Training Data Eval:
  Num examples: 8960  Num correct: 8630  Precision @ 1: 0.9632  AUC @ 1: 0.9952
Validation Data Eval:
  Num examples: 960  Num correct: 746  Precision @ 1: 0.7771  AUC @ 1: 0.8695
Test Data Eval:
  Num examples: 1856  Num correct: 1227  Precision @ 1: 0.6611  AUC @ 1: 0.7383
Step 5900: loss = 0.4773 (0.052 sec)
Training Data Eval:
  Num examples: 8960  Num correct: 8641  Precision @ 1: 0.9644  AUC @ 1: 0.9959
Validation Data Eval:
  Num examples: 960  Num correct: 752  Precision @ 1: 0.7833  AUC @ 1: 0.8585
Test Data Eval:
  Num examples: 1856  Num correct: 1213  Precision @ 1: 0.6536  AUC @ 1: 0.7310
Step 6000: loss = 0.4397 (0.050 sec)
Training Data Eval:
  Num examples: 8960  Num correct: 8666  Precision @ 1: 0.9672  AUC @ 1: 0.9973
Validation Data Eval:
  Num examples: 960  Num correct: 755  Precision @ 1: 0.7865  AUC @ 1: 0.8616
Test Data Eval:
  Num examples: 1856  Num correct: 1298  Precision @ 1: 0.6994  AUC @ 1: 0.7528
Step 6100: loss = 0.3720 (0.050 sec)
Training Data Eval:
  Num examples: 8960  Num correct: 8690  Precision @ 1: 0.9699  AUC @ 1: 0.9972
Validation Data Eval:
  Num examples: 960  Num correct: 767  Precision @ 1: 0.7990  AUC @ 1: 0.8766
Test Data Eval:
  Num examples: 1856  Num correct: 1268  Precision @ 1: 0.6832  AUC @ 1: 0.7527
Step 6200: loss = 0.3554 (0.053 sec)
Training Data Eval:
  Num examples: 8960  Num correct: 8782  Precision @ 1: 0.9801  AUC @ 1: 0.9991
Validation Data Eval:
  Num examples: 960  Num correct: 767  Precision @ 1: 0.7990  AUC @ 1: 0.8715
Test Data Eval:
  Num examples: 1856  Num correct: 1285  Precision @ 1: 0.6923  AUC @ 1: 0.7534
Step 6300: loss = 0.3946 (0.142 sec)
Training Data Eval:
  Num examples: 8960  Num correct: 8728  Precision @ 1: 0.9741  AUC @ 1: 0.9976
Validation Data Eval:
  Num examples: 960  Num correct: 775  Precision @ 1: 0.8073  AUC @ 1: 0.8677
Test Data Eval:
  Num examples: 1856  Num correct: 1285  Precision @ 1: 0.6923  AUC @ 1: 0.7609
Step 6400: loss = 0.4081 (0.051 sec)
Training Data Eval:
  Num examples: 8960  Num correct: 8563  Precision @ 1: 0.9557  AUC @ 1: 0.9958
Validation Data Eval:
  Num examples: 960  Num correct: 751  Precision @ 1: 0.7823  AUC @ 1: 0.8639
Test Data Eval:
  Num examples: 1856  Num correct: 1321  Precision @ 1: 0.7117  AUC @ 1: 0.7630
Step 6500: loss = 0.4610 (0.052 sec)
Training Data Eval:
  Num examples: 8960  Num correct: 8726  Precision @ 1: 0.9739  AUC @ 1: 0.9977
Validation Data Eval:
  Num examples: 960  Num correct: 777  Precision @ 1: 0.8094  AUC @ 1: 0.8794
Test Data Eval:
  Num examples: 1856  Num correct: 1263  Precision @ 1: 0.6805  AUC @ 1: 0.7510
Step 6600: loss = 0.4964 (0.053 sec)
Training Data Eval:
  Num examples: 8960  Num correct: 8704  Precision @ 1: 0.9714  AUC @ 1: 0.9977
Validation Data Eval:
  Num examples: 960  Num correct: 761  Precision @ 1: 0.7927  AUC @ 1: 0.8719
Test Data Eval:
  Num examples: 1856  Num correct: 1278  Precision @ 1: 0.6886  AUC @ 1: 0.7497
Step 6700: loss = 0.3510 (0.052 sec)
Training Data Eval:
  Num examples: 8960  Num correct: 8540  Precision @ 1: 0.9531  AUC @ 1: 0.9967
Validation Data Eval:
  Num examples: 960  Num correct: 749  Precision @ 1: 0.7802  AUC @ 1: 0.8854
Test Data Eval:
  Num examples: 1856  Num correct: 1157  Precision @ 1: 0.6234  AUC @ 1: 0.7445
Step 6800: loss = 0.4345 (0.052 sec)
Training Data Eval:
  Num examples: 8960  Num correct: 8651  Precision @ 1: 0.9655  AUC @ 1: 0.9963
Validation Data Eval:
  Num examples: 960  Num correct: 763  Precision @ 1: 0.7948  AUC @ 1: 0.8753
Test Data Eval:
  Num examples: 1856  Num correct: 1190  Precision @ 1: 0.6412  AUC @ 1: 0.7611
Step 6900: loss = 0.3682 (0.050 sec)
Training Data Eval:
  Num examples: 8960  Num correct: 8757  Precision @ 1: 0.9773  AUC @ 1: 0.9986
Validation Data Eval:
  Num examples: 960  Num correct: 776  Precision @ 1: 0.8083  AUC @ 1: 0.8682
Test Data Eval:
  Num examples: 1856  Num correct: 1299  Precision @ 1: 0.6999  AUC @ 1: 0.7494
Step 7000: loss = 0.2744 (0.131 sec)
Training Data Eval:
  Num examples: 8960  Num correct: 8738  Precision @ 1: 0.9752  AUC @ 1: 0.9981
Validation Data Eval:
  Num examples: 960  Num correct: 762  Precision @ 1: 0.7937  AUC @ 1: 0.8808
Test Data Eval:
  Num examples: 1856  Num correct: 1295  Precision @ 1: 0.6977  AUC @ 1: 0.7504
Step 7100: loss = 0.3706 (0.052 sec)
Training Data Eval:
  Num examples: 8960  Num correct: 8631  Precision @ 1: 0.9633  AUC @ 1: 0.9968
Validation Data Eval:
  Num examples: 960  Num correct: 767  Precision @ 1: 0.7990  AUC @ 1: 0.8640
Test Data Eval:
  Num examples: 1856  Num correct: 1306  Precision @ 1: 0.7037  AUC @ 1: 0.7271
Step 7200: loss = 0.3452 (0.052 sec)
Training Data Eval:
  Num examples: 8960  Num correct: 8762  Precision @ 1: 0.9779  AUC @ 1: 0.9985
Validation Data Eval:
  Num examples: 960  Num correct: 769  Precision @ 1: 0.8010  AUC @ 1: 0.8702
Test Data Eval:
  Num examples: 1856  Num correct: 1322  Precision @ 1: 0.7123  AUC @ 1: 0.7586
Step 7300: loss = 0.3795 (0.051 sec)
Training Data Eval:
  Num examples: 8960  Num correct: 8803  Precision @ 1: 0.9825  AUC @ 1: 0.9989
Validation Data Eval:
  Num examples: 960  Num correct: 771  Precision @ 1: 0.8031  AUC @ 1: 0.8762
Test Data Eval:
  Num examples: 1856  Num correct: 1327  Precision @ 1: 0.7150  AUC @ 1: 0.7674
Step 7400: loss = 0.3223 (0.052 sec)
Training Data Eval:
  Num examples: 8960  Num correct: 8705  Precision @ 1: 0.9715  AUC @ 1: 0.9973
Validation Data Eval:
  Num examples: 960  Num correct: 754  Precision @ 1: 0.7854  AUC @ 1: 0.8628
Test Data Eval:
  Num examples: 1856  Num correct: 1321  Precision @ 1: 0.7117  AUC @ 1: 0.7611
Step 7500: loss = 0.3394 (0.053 sec)
Training Data Eval:
  Num examples: 8960  Num correct: 8787  Precision @ 1: 0.9807  AUC @ 1: 0.9986
Validation Data Eval:
  Num examples: 960  Num correct: 779  Precision @ 1: 0.8115  AUC @ 1: 0.8768
Test Data Eval:
  Num examples: 1856  Num correct: 1322  Precision @ 1: 0.7123  AUC @ 1: 0.7682
Step 7600: loss = 0.3118 (0.051 sec)
Training Data Eval:
  Num examples: 8960  Num correct: 8834  Precision @ 1: 0.9859  AUC @ 1: 0.9992
Validation Data Eval:
  Num examples: 960  Num correct: 785  Precision @ 1: 0.8177  AUC @ 1: 0.8850
Test Data Eval:
  Num examples: 1856  Num correct: 1315  Precision @ 1: 0.7085  AUC @ 1: 0.7662
Step 7700: loss = 0.2887 (0.139 sec)
Training Data Eval:
  Num examples: 8960  Num correct: 8784  Precision @ 1: 0.9804  AUC @ 1: 0.9987
Validation Data Eval:
  Num examples: 960  Num correct: 766  Precision @ 1: 0.7979  AUC @ 1: 0.8689
Test Data Eval:
  Num examples: 1856  Num correct: 1326  Precision @ 1: 0.7144  AUC @ 1: 0.7748
Step 7800: loss = 0.3073 (0.053 sec)
Training Data Eval:
  Num examples: 8960  Num correct: 8718  Precision @ 1: 0.9730  AUC @ 1: 0.9982
Validation Data Eval:
  Num examples: 960  Num correct: 756  Precision @ 1: 0.7875  AUC @ 1: 0.8764
Test Data Eval:
  Num examples: 1856  Num correct: 1248  Precision @ 1: 0.6724  AUC @ 1: 0.7688
Step 7900: loss = 0.3406 (0.052 sec)
Training Data Eval:
  Num examples: 8960  Num correct: 8804  Precision @ 1: 0.9826  AUC @ 1: 0.9988
Validation Data Eval:
  Num examples: 960  Num correct: 761  Precision @ 1: 0.7927  AUC @ 1: 0.8729
Test Data Eval:
  Num examples: 1856  Num correct: 1348  Precision @ 1: 0.7263  AUC @ 1: 0.7702
Step 8000: loss = 0.2721 (0.051 sec)
Training Data Eval:
  Num examples: 8960  Num correct: 8757  Precision @ 1: 0.9773  AUC @ 1: 0.9986
Validation Data Eval:
  Num examples: 960  Num correct: 757  Precision @ 1: 0.7885  AUC @ 1: 0.8756
Test Data Eval:
  Num examples: 1856  Num correct: 1288  Precision @ 1: 0.6940  AUC @ 1: 0.7674
Step 8100: loss = 0.4181 (0.052 sec)
Training Data Eval:
  Num examples: 8960  Num correct: 8764  Precision @ 1: 0.9781  AUC @ 1: 0.9984
Validation Data Eval:
  Num examples: 960  Num correct: 766  Precision @ 1: 0.7979  AUC @ 1: 0.8745
Test Data Eval:
  Num examples: 1856  Num correct: 1277  Precision @ 1: 0.6880  AUC @ 1: 0.7680
Step 8200: loss = 0.3925 (0.052 sec)
Training Data Eval:
  Num examples: 8960  Num correct: 8784  Precision @ 1: 0.9804  AUC @ 1: 0.9991
Validation Data Eval:
  Num examples: 960  Num correct: 775  Precision @ 1: 0.8073  AUC @ 1: 0.8715
Test Data Eval:
  Num examples: 1856  Num correct: 1309  Precision @ 1: 0.7053  AUC @ 1: 0.7673
Step 8300: loss = 0.3392 (0.052 sec)
Training Data Eval:
  Num examples: 8960  Num correct: 8802  Precision @ 1: 0.9824  AUC @ 1: 0.9986
Validation Data Eval:
  Num examples: 960  Num correct: 761  Precision @ 1: 0.7927  AUC @ 1: 0.8639
Test Data Eval:
  Num examples: 1856  Num correct: 1300  Precision @ 1: 0.7004  AUC @ 1: 0.7578
Step 8400: loss = 0.3167 (0.140 sec)
Training Data Eval:
  Num examples: 8960  Num correct: 8781  Precision @ 1: 0.9800  AUC @ 1: 0.9986
Validation Data Eval:
  Num examples: 960  Num correct: 758  Precision @ 1: 0.7896  AUC @ 1: 0.8693
Test Data Eval:
  Num examples: 1856  Num correct: 1320  Precision @ 1: 0.7112  AUC @ 1: 0.7631
Step 8500: loss = 0.3269 (0.052 sec)
Training Data Eval:
  Num examples: 8960  Num correct: 8796  Precision @ 1: 0.9817  AUC @ 1: 0.9987
Validation Data Eval:
  Num examples: 960  Num correct: 774  Precision @ 1: 0.8063  AUC @ 1: 0.8759
Test Data Eval:
  Num examples: 1856  Num correct: 1321  Precision @ 1: 0.7117  AUC @ 1: 0.7681
Step 8600: loss = 0.2859 (0.049 sec)
Training Data Eval:
  Num examples: 8960  Num correct: 8818  Precision @ 1: 0.9842  AUC @ 1: 0.9991
Validation Data Eval:
  Num examples: 960  Num correct: 765  Precision @ 1: 0.7969  AUC @ 1: 0.8659
Test Data Eval:
  Num examples: 1856  Num correct: 1295  Precision @ 1: 0.6977  AUC @ 1: 0.7587
Step 8700: loss = 0.3566 (0.051 sec)
Training Data Eval:
  Num examples: 8960  Num correct: 8816  Precision @ 1: 0.9839  AUC @ 1: 0.9989
Validation Data Eval:
  Num examples: 960  Num correct: 760  Precision @ 1: 0.7917  AUC @ 1: 0.8732
Test Data Eval:
  Num examples: 1856  Num correct: 1309  Precision @ 1: 0.7053  AUC @ 1: 0.7695
Step 8800: loss = 0.2769 (0.052 sec)
Training Data Eval:
  Num examples: 8960  Num correct: 8795  Precision @ 1: 0.9816  AUC @ 1: 0.9986
Validation Data Eval:
  Num examples: 960  Num correct: 766  Precision @ 1: 0.7979  AUC @ 1: 0.8736
Test Data Eval:
  Num examples: 1856  Num correct: 1292  Precision @ 1: 0.6961  AUC @ 1: 0.7624
Step 8900: loss = 0.3286 (0.050 sec)
Training Data Eval:
  Num examples: 8960  Num correct: 8813  Precision @ 1: 0.9836  AUC @ 1: 0.9992
Validation Data Eval:
  Num examples: 960  Num correct: 761  Precision @ 1: 0.7927  AUC @ 1: 0.8653
Test Data Eval:
  Num examples: 1856  Num correct: 1287  Precision @ 1: 0.6934  AUC @ 1: 0.7595
Step 9000: loss = 0.3292 (0.051 sec)
Training Data Eval:
  Num examples: 8960  Num correct: 8768  Precision @ 1: 0.9786  AUC @ 1: 0.9984
Validation Data Eval:
  Num examples: 960  Num correct: 755  Precision @ 1: 0.7865  AUC @ 1: 0.8667
Test Data Eval:
  Num examples: 1856  Num correct: 1309  Precision @ 1: 0.7053  AUC @ 1: 0.7692
Step 9100: loss = 0.3026 (0.139 sec)
Training Data Eval:
  Num examples: 8960  Num correct: 8801  Precision @ 1: 0.9823  AUC @ 1: 0.9991
Validation Data Eval:
  Num examples: 960  Num correct: 766  Precision @ 1: 0.7979  AUC @ 1: 0.8737
Test Data Eval:
  Num examples: 1856  Num correct: 1312  Precision @ 1: 0.7069  AUC @ 1: 0.7677
Step 9200: loss = 0.2929 (0.051 sec)
Training Data Eval:
  Num examples: 8960  Num correct: 8797  Precision @ 1: 0.9818  AUC @ 1: 0.9991
Validation Data Eval:
  Num examples: 960  Num correct: 778  Precision @ 1: 0.8104  AUC @ 1: 0.8767
Test Data Eval:
  Num examples: 1856  Num correct: 1301  Precision @ 1: 0.7010  AUC @ 1: 0.7692
Step 9300: loss = 0.3939 (0.051 sec)
Training Data Eval:
  Num examples: 8960  Num correct: 8811  Precision @ 1: 0.9834  AUC @ 1: 0.9991
Validation Data Eval:
  Num examples: 960  Num correct: 765  Precision @ 1: 0.7969  AUC @ 1: 0.8756
Test Data Eval:
  Num examples: 1856  Num correct: 1323  Precision @ 1: 0.7128  AUC @ 1: 0.7852
Step 9400: loss = 0.3111 (0.052 sec)
Training Data Eval:
  Num examples: 8960  Num correct: 8802  Precision @ 1: 0.9824  AUC @ 1: 0.9993
Validation Data Eval:
  Num examples: 960  Num correct: 762  Precision @ 1: 0.7937  AUC @ 1: 0.8692
Test Data Eval:
  Num examples: 1856  Num correct: 1318  Precision @ 1: 0.7101  AUC @ 1: 0.7713
Step 9500: loss = 0.3594 (0.052 sec)
Training Data Eval:
  Num examples: 8960  Num correct: 8775  Precision @ 1: 0.9794  AUC @ 1: 0.9990
Validation Data Eval:
  Num examples: 960  Num correct: 748  Precision @ 1: 0.7792  AUC @ 1: 0.8652
Test Data Eval:
  Num examples: 1856  Num correct: 1309  Precision @ 1: 0.7053  AUC @ 1: 0.7634
Step 9600: loss = 0.3468 (0.051 sec)
Training Data Eval:
  Num examples: 8960  Num correct: 8766  Precision @ 1: 0.9783  AUC @ 1: 0.9990
Validation Data Eval:
  Num examples: 960  Num correct: 749  Precision @ 1: 0.7802  AUC @ 1: 0.8630
Test Data Eval:
  Num examples: 1856  Num correct: 1314  Precision @ 1: 0.7080  AUC @ 1: 0.7693
Step 9700: loss = 0.3693 (0.053 sec)
Training Data Eval:
  Num examples: 8960  Num correct: 8772  Precision @ 1: 0.9790  AUC @ 1: 0.9990
Validation Data Eval:
  Num examples: 960  Num correct: 761  Precision @ 1: 0.7927  AUC @ 1: 0.8810
Test Data Eval:
  Num examples: 1856  Num correct: 1240  Precision @ 1: 0.6681  AUC @ 1: 0.7756
Step 9800: loss = 0.3992 (0.176 sec)
Training Data Eval:
  Num examples: 8960  Num correct: 8868  Precision @ 1: 0.9897  AUC @ 1: 0.9993
Validation Data Eval:
  Num examples: 960  Num correct: 764  Precision @ 1: 0.7958  AUC @ 1: 0.8752
Test Data Eval:
  Num examples: 1856  Num correct: 1327  Precision @ 1: 0.7150  AUC @ 1: 0.7741
Step 9900: loss = 0.2983 (0.052 sec)
Training Data Eval:
  Num examples: 8960  Num correct: 8800  Precision @ 1: 0.9821  AUC @ 1: 0.9991
Validation Data Eval:
  Num examples: 960  Num correct: 761  Precision @ 1: 0.7927  AUC @ 1: 0.8687
Test Data Eval:
  Num examples: 1856  Num correct: 1290  Precision @ 1: 0.6950  AUC @ 1: 0.7569
