Training data shape: 	(3881, 30, 64, 1)
Training label shape:	(3881,)
Testing data shape:  	(454, 30, 64, 1)
Testing label shape: 	(454,)
max input value is: 14.3839135638
min input value is: -10.9262291682
random permuted training data
==============================================================================
Model: 			inference_stcnn
Tensor Name: 	Placeholder:0
[128, 30, 64, 1]
==============================================================================
Tensor Name: conv0/conv0:0
[128, 1, 60, 64]
==============================================================================
Tensor Name: MaxPool:0
[128, 1, 30, 64]
==============================================================================
Tensor Name: conv1/conv1:0
[128, 1, 26, 16]
==============================================================================
Tensor Name: MaxPool_1:0
[128, 1, 13, 16]
==============================================================================
Tensor Name: conv2/conv2:0
[128, 1, 9, 8]
==============================================================================
Tensor Name: MaxPool_2:0
[128, 1, 4, 8]
==============================================================================
Tensor Name: local1/local1:0
[128, 128]
==============================================================================
Tensor Name: local2/local2:0
[128, 128]
==============================================================================
Tensor Name: softmax_linear/softmax_linear:0
[128, 2]
Step 0: loss = 0.7438 (0.080 sec)
Training Data Eval:
  Num examples: 3584  Num correct: 2011  Precision @ 1: 0.5611  AUC @ 1: 0.4813
Validation Data Eval:
  Num examples: 256  Num correct: 142  Precision @ 1: 0.5547  AUC @ 1: 0.4652
Test Data Eval:
  Num examples: 384  Num correct: 187  Precision @ 1: 0.4870  AUC @ 1: 0.4829
Step 200: loss = 0.7293 (0.059 sec)
Training Data Eval:
  Num examples: 3584  Num correct: 2042  Precision @ 1: 0.5698  AUC @ 1: 0.4885
Validation Data Eval:
  Num examples: 256  Num correct: 142  Precision @ 1: 0.5547  AUC @ 1: 0.4690
Test Data Eval:
  Num examples: 384  Num correct: 220  Precision @ 1: 0.5729  AUC @ 1: 0.5376
Step 400: loss = 0.7296 (0.060 sec)
Training Data Eval:
  Num examples: 3584  Num correct: 2013  Precision @ 1: 0.5617  AUC @ 1: 0.4905
Validation Data Eval:
  Num examples: 256  Num correct: 142  Precision @ 1: 0.5547  AUC @ 1: 0.4736
Test Data Eval:
  Num examples: 384  Num correct: 215  Precision @ 1: 0.5599  AUC @ 1: 0.5429
Step 600: loss = 0.7409 (0.062 sec)
Training Data Eval:
  Num examples: 3584  Num correct: 2027  Precision @ 1: 0.5656  AUC @ 1: 0.4860
Validation Data Eval:
  Num examples: 256  Num correct: 142  Precision @ 1: 0.5547  AUC @ 1: 0.4760
Test Data Eval:
  Num examples: 384  Num correct: 216  Precision @ 1: 0.5625  AUC @ 1: 0.5438
Step 800: loss = 0.7305 (0.060 sec)
Training Data Eval:
  Num examples: 3584  Num correct: 2039  Precision @ 1: 0.5689  AUC @ 1: 0.4906
Validation Data Eval:
  Num examples: 256  Num correct: 142  Precision @ 1: 0.5547  AUC @ 1: 0.4794
Test Data Eval:
  Num examples: 384  Num correct: 219  Precision @ 1: 0.5703  AUC @ 1: 0.5465
Step 1000: loss = 0.7194 (0.060 sec)
Training Data Eval:
  Num examples: 3584  Num correct: 2011  Precision @ 1: 0.5611  AUC @ 1: 0.5024
Validation Data Eval:
  Num examples: 256  Num correct: 142  Precision @ 1: 0.5547  AUC @ 1: 0.4840
Test Data Eval:
  Num examples: 384  Num correct: 215  Precision @ 1: 0.5599  AUC @ 1: 0.5560
Step 1200: loss = 0.7334 (0.061 sec)
Training Data Eval:
  Num examples: 3584  Num correct: 2023  Precision @ 1: 0.5645  AUC @ 1: 0.5039
Validation Data Eval:
  Num examples: 256  Num correct: 142  Precision @ 1: 0.5547  AUC @ 1: 0.4898
Test Data Eval:
  Num examples: 384  Num correct: 217  Precision @ 1: 0.5651  AUC @ 1: 0.5619
Step 1400: loss = 0.7272 (0.097 sec)
Training Data Eval:
  Num examples: 3584  Num correct: 2059  Precision @ 1: 0.5745  AUC @ 1: 0.5052
Validation Data Eval:
  Num examples: 256  Num correct: 142  Precision @ 1: 0.5547  AUC @ 1: 0.4954
Test Data Eval:
  Num examples: 384  Num correct: 214  Precision @ 1: 0.5573  AUC @ 1: 0.5395
Step 1600: loss = 0.7448 (0.060 sec)
Training Data Eval:
  Num examples: 3584  Num correct: 2052  Precision @ 1: 0.5725  AUC @ 1: 0.5144
Validation Data Eval:
  Num examples: 256  Num correct: 142  Precision @ 1: 0.5547  AUC @ 1: 0.5042
Test Data Eval:
  Num examples: 384  Num correct: 216  Precision @ 1: 0.5625  AUC @ 1: 0.5635
Step 1800: loss = 0.7360 (0.061 sec)
Training Data Eval:
  Num examples: 3584  Num correct: 2050  Precision @ 1: 0.5720  AUC @ 1: 0.5123
Validation Data Eval:
  Num examples: 256  Num correct: 142  Precision @ 1: 0.5547  AUC @ 1: 0.5027
Test Data Eval:
  Num examples: 384  Num correct: 206  Precision @ 1: 0.5365  AUC @ 1: 0.5836
Step 2000: loss = 0.7192 (0.061 sec)
Training Data Eval:
  Num examples: 3584  Num correct: 2019  Precision @ 1: 0.5633  AUC @ 1: 0.5336
Validation Data Eval:
  Num examples: 256  Num correct: 142  Precision @ 1: 0.5547  AUC @ 1: 0.5044
Test Data Eval:
  Num examples: 384  Num correct: 218  Precision @ 1: 0.5677  AUC @ 1: 0.5700
Step 2200: loss = 0.7399 (0.060 sec)
Training Data Eval:
  Num examples: 3584  Num correct: 1999  Precision @ 1: 0.5578  AUC @ 1: 0.5211
Validation Data Eval:
  Num examples: 256  Num correct: 142  Precision @ 1: 0.5547  AUC @ 1: 0.5018
Test Data Eval:
  Num examples: 384  Num correct: 221  Precision @ 1: 0.5755  AUC @ 1: 0.5565
Step 2400: loss = 0.7245 (0.061 sec)
Training Data Eval:
  Num examples: 3584  Num correct: 1993  Precision @ 1: 0.5561  AUC @ 1: 0.5268
Validation Data Eval:
  Num examples: 256  Num correct: 142  Precision @ 1: 0.5547  AUC @ 1: 0.5017
Test Data Eval:
  Num examples: 384  Num correct: 221  Precision @ 1: 0.5755  AUC @ 1: 0.5740
Step 2600: loss = 0.7203 (0.061 sec)
Training Data Eval:
  Num examples: 3584  Num correct: 2029  Precision @ 1: 0.5661  AUC @ 1: 0.5199
Validation Data Eval:
  Num examples: 256  Num correct: 142  Precision @ 1: 0.5547  AUC @ 1: 0.5016
Test Data Eval:
  Num examples: 384  Num correct: 215  Precision @ 1: 0.5599  AUC @ 1: 0.5789
Step 2800: loss = 0.7175 (0.094 sec)
Training Data Eval:
  Num examples: 3584  Num correct: 2057  Precision @ 1: 0.5739  AUC @ 1: 0.5237
Validation Data Eval:
  Num examples: 256  Num correct: 142  Precision @ 1: 0.5547  AUC @ 1: 0.5050
Test Data Eval:
  Num examples: 384  Num correct: 212  Precision @ 1: 0.5521  AUC @ 1: 0.5722
Step 3000: loss = 0.7319 (0.061 sec)
Training Data Eval:
  Num examples: 3584  Num correct: 2024  Precision @ 1: 0.5647  AUC @ 1: 0.5326
Validation Data Eval:
  Num examples: 256  Num correct: 142  Precision @ 1: 0.5547  AUC @ 1: 0.5068
Test Data Eval:
  Num examples: 384  Num correct: 217  Precision @ 1: 0.5651  AUC @ 1: 0.5778
Step 3200: loss = 0.7050 (0.061 sec)
Training Data Eval:
  Num examples: 3584  Num correct: 2017  Precision @ 1: 0.5628  AUC @ 1: 0.5186
Validation Data Eval:
  Num examples: 256  Num correct: 142  Precision @ 1: 0.5547  AUC @ 1: 0.5084
Test Data Eval:
  Num examples: 384  Num correct: 209  Precision @ 1: 0.5443  AUC @ 1: 0.5910
Step 3400: loss = 0.7315 (0.061 sec)
Training Data Eval:
  Num examples: 3584  Num correct: 2019  Precision @ 1: 0.5633  AUC @ 1: 0.5297
Validation Data Eval:
  Num examples: 256  Num correct: 142  Precision @ 1: 0.5547  AUC @ 1: 0.5109
Test Data Eval:
  Num examples: 384  Num correct: 213  Precision @ 1: 0.5547  AUC @ 1: 0.5857
Step 3600: loss = 0.7197 (0.059 sec)
Training Data Eval:
  Num examples: 3584  Num correct: 2012  Precision @ 1: 0.5614  AUC @ 1: 0.5343
Validation Data Eval:
  Num examples: 256  Num correct: 142  Precision @ 1: 0.5547  AUC @ 1: 0.5129
Test Data Eval:
  Num examples: 384  Num correct: 221  Precision @ 1: 0.5755  AUC @ 1: 0.5991
Step 3800: loss = 0.7264 (0.061 sec)
Training Data Eval:
  Num examples: 3584  Num correct: 2042  Precision @ 1: 0.5698  AUC @ 1: 0.5326
Validation Data Eval:
  Num examples: 256  Num correct: 142  Precision @ 1: 0.5547  AUC @ 1: 0.5132
Test Data Eval:
  Num examples: 384  Num correct: 218  Precision @ 1: 0.5677  AUC @ 1: 0.5735
Step 4000: loss = 0.7410 (0.060 sec)
Training Data Eval:
  Num examples: 3584  Num correct: 2031  Precision @ 1: 0.5667  AUC @ 1: 0.5327
Validation Data Eval:
  Num examples: 256  Num correct: 142  Precision @ 1: 0.5547  AUC @ 1: 0.5160
Test Data Eval:
  Num examples: 384  Num correct: 215  Precision @ 1: 0.5599  AUC @ 1: 0.5769
Step 4200: loss = 0.7336 (0.096 sec)
Training Data Eval:
  Num examples: 3584  Num correct: 2023  Precision @ 1: 0.5645  AUC @ 1: 0.5313
Validation Data Eval:
  Num examples: 256  Num correct: 142  Precision @ 1: 0.5547  AUC @ 1: 0.5150
Test Data Eval:
  Num examples: 384  Num correct: 211  Precision @ 1: 0.5495  AUC @ 1: 0.5888
Step 4400: loss = 0.7357 (0.061 sec)
Training Data Eval:
  Num examples: 3584  Num correct: 2034  Precision @ 1: 0.5675  AUC @ 1: 0.5268
Validation Data Eval:
  Num examples: 256  Num correct: 142  Precision @ 1: 0.5547  AUC @ 1: 0.5135
Test Data Eval:
  Num examples: 384  Num correct: 216  Precision @ 1: 0.5625  AUC @ 1: 0.6022
Step 4600: loss = 0.7225 (0.060 sec)
Training Data Eval:
  Num examples: 3584  Num correct: 2026  Precision @ 1: 0.5653  AUC @ 1: 0.5322
Validation Data Eval:
  Num examples: 256  Num correct: 142  Precision @ 1: 0.5547  AUC @ 1: 0.5147
Test Data Eval:
  Num examples: 384  Num correct: 223  Precision @ 1: 0.5807  AUC @ 1: 0.5818
Step 4800: loss = 0.7323 (0.060 sec)
Training Data Eval:
  Num examples: 3584  Num correct: 2024  Precision @ 1: 0.5647  AUC @ 1: 0.5344
Validation Data Eval:
  Num examples: 256  Num correct: 142  Precision @ 1: 0.5547  AUC @ 1: 0.5162
Test Data Eval:
  Num examples: 384  Num correct: 218  Precision @ 1: 0.5677  AUC @ 1: 0.5772
Step 5000: loss = 0.7141 (0.061 sec)
Training Data Eval:
  Num examples: 3584  Num correct: 2036  Precision @ 1: 0.5681  AUC @ 1: 0.5277
Validation Data Eval:
  Num examples: 256  Num correct: 142  Precision @ 1: 0.5547  AUC @ 1: 0.5167
Test Data Eval:
  Num examples: 384  Num correct: 213  Precision @ 1: 0.5547  AUC @ 1: 0.5744
Step 5200: loss = 0.7097 (0.061 sec)
Training Data Eval:
  Num examples: 3584  Num correct: 2029  Precision @ 1: 0.5661  AUC @ 1: 0.5362
Validation Data Eval:
  Num examples: 256  Num correct: 142  Precision @ 1: 0.5547  AUC @ 1: 0.5170
Test Data Eval:
  Num examples: 384  Num correct: 224  Precision @ 1: 0.5833  AUC @ 1: 0.5747
Step 5400: loss = 0.6990 (0.061 sec)
Training Data Eval:
  Num examples: 3584  Num correct: 2024  Precision @ 1: 0.5647  AUC @ 1: 0.5339
Validation Data Eval:
  Num examples: 256  Num correct: 142  Precision @ 1: 0.5547  AUC @ 1: 0.5178
Test Data Eval:
  Num examples: 384  Num correct: 215  Precision @ 1: 0.5599  AUC @ 1: 0.5645
Step 5600: loss = 0.7151 (0.098 sec)
Training Data Eval:
  Num examples: 3584  Num correct: 2015  Precision @ 1: 0.5622  AUC @ 1: 0.5398
Validation Data Eval:
  Num examples: 256  Num correct: 142  Precision @ 1: 0.5547  AUC @ 1: 0.5153
Test Data Eval:
  Num examples: 384  Num correct: 212  Precision @ 1: 0.5521  AUC @ 1: 0.5981
Step 5800: loss = 0.7208 (0.061 sec)
Training Data Eval:
  Num examples: 3584  Num correct: 2028  Precision @ 1: 0.5658  AUC @ 1: 0.5281
Validation Data Eval:
  Num examples: 256  Num correct: 142  Precision @ 1: 0.5547  AUC @ 1: 0.5162
Test Data Eval:
  Num examples: 384  Num correct: 214  Precision @ 1: 0.5573  AUC @ 1: 0.5887
Step 6000: loss = 0.7270 (0.061 sec)
Training Data Eval:
  Num examples: 3584  Num correct: 2022  Precision @ 1: 0.5642  AUC @ 1: 0.5228
Validation Data Eval:
  Num examples: 256  Num correct: 142  Precision @ 1: 0.5547  AUC @ 1: 0.5157
Test Data Eval:
  Num examples: 384  Num correct: 223  Precision @ 1: 0.5807  AUC @ 1: 0.5758
Step 6200: loss = 0.7269 (0.060 sec)
Training Data Eval:
  Num examples: 3584  Num correct: 2017  Precision @ 1: 0.5628  AUC @ 1: 0.5419
Validation Data Eval:
  Num examples: 256  Num correct: 142  Precision @ 1: 0.5547  AUC @ 1: 0.5186
Test Data Eval:
  Num examples: 384  Num correct: 217  Precision @ 1: 0.5651  AUC @ 1: 0.5807
Step 6400: loss = 0.7307 (0.061 sec)
Training Data Eval:
  Num examples: 3584  Num correct: 2010  Precision @ 1: 0.5608  AUC @ 1: 0.5464
Validation Data Eval:
  Num examples: 256  Num correct: 142  Precision @ 1: 0.5547  AUC @ 1: 0.5201
Test Data Eval:
  Num examples: 384  Num correct: 220  Precision @ 1: 0.5729  AUC @ 1: 0.5777
Step 6600: loss = 0.7283 (0.061 sec)
Training Data Eval:
  Num examples: 3584  Num correct: 2045  Precision @ 1: 0.5706  AUC @ 1: 0.5315
Validation Data Eval:
  Num examples: 256  Num correct: 142  Precision @ 1: 0.5547  AUC @ 1: 0.5207
Test Data Eval:
  Num examples: 384  Num correct: 220  Precision @ 1: 0.5729  AUC @ 1: 0.5912
Step 6800: loss = 0.7470 (0.061 sec)
Training Data Eval:
  Num examples: 3584  Num correct: 2028  Precision @ 1: 0.5658  AUC @ 1: 0.5401
Validation Data Eval:
  Num examples: 256  Num correct: 142  Precision @ 1: 0.5547  AUC @ 1: 0.5217
Test Data Eval:
  Num examples: 384  Num correct: 221  Precision @ 1: 0.5755  AUC @ 1: 0.5939
Step 7000: loss = 0.7195 (0.095 sec)
Training Data Eval:
  Num examples: 3584  Num correct: 2026  Precision @ 1: 0.5653  AUC @ 1: 0.5518
Validation Data Eval:
  Num examples: 256  Num correct: 142  Precision @ 1: 0.5547  AUC @ 1: 0.5243
Test Data Eval:
  Num examples: 384  Num correct: 214  Precision @ 1: 0.5573  AUC @ 1: 0.5913
Step 7200: loss = 0.7375 (0.061 sec)
Training Data Eval:
  Num examples: 3584  Num correct: 2029  Precision @ 1: 0.5661  AUC @ 1: 0.5432
Validation Data Eval:
  Num examples: 256  Num correct: 142  Precision @ 1: 0.5547  AUC @ 1: 0.5252
Test Data Eval:
  Num examples: 384  Num correct: 220  Precision @ 1: 0.5729  AUC @ 1: 0.5978
Step 7400: loss = 0.7124 (0.059 sec)
Training Data Eval:
  Num examples: 3584  Num correct: 2034  Precision @ 1: 0.5675  AUC @ 1: 0.5279
Validation Data Eval:
  Num examples: 256  Num correct: 142  Precision @ 1: 0.5547  AUC @ 1: 0.5272
Test Data Eval:
  Num examples: 384  Num correct: 222  Precision @ 1: 0.5781  AUC @ 1: 0.5911
Step 7600: loss = 0.7164 (0.060 sec)
Training Data Eval:
  Num examples: 3584  Num correct: 2039  Precision @ 1: 0.5689  AUC @ 1: 0.5256
Validation Data Eval:
  Num examples: 256  Num correct: 142  Precision @ 1: 0.5547  AUC @ 1: 0.5284
Test Data Eval:
  Num examples: 384  Num correct: 217  Precision @ 1: 0.5651  AUC @ 1: 0.5809
Step 7800: loss = 0.7389 (0.060 sec)
Training Data Eval:
  Num examples: 3584  Num correct: 2026  Precision @ 1: 0.5653  AUC @ 1: 0.5443
Validation Data Eval:
  Num examples: 256  Num correct: 142  Precision @ 1: 0.5547  AUC @ 1: 0.5287
Test Data Eval:
  Num examples: 384  Num correct: 216  Precision @ 1: 0.5625  AUC @ 1: 0.5905
Step 8000: loss = 0.7309 (0.060 sec)
Training Data Eval:
  Num examples: 3584  Num correct: 2010  Precision @ 1: 0.5608  AUC @ 1: 0.5450
Validation Data Eval:
  Num examples: 256  Num correct: 142  Precision @ 1: 0.5547  AUC @ 1: 0.5303
Test Data Eval:
  Num examples: 384  Num correct: 218  Precision @ 1: 0.5677  AUC @ 1: 0.6045
Step 8200: loss = 0.7200 (0.061 sec)
Training Data Eval:
  Num examples: 3584  Num correct: 2026  Precision @ 1: 0.5653  AUC @ 1: 0.5429
Validation Data Eval:
  Num examples: 256  Num correct: 142  Precision @ 1: 0.5547  AUC @ 1: 0.5312
Test Data Eval:
  Num examples: 384  Num correct: 212  Precision @ 1: 0.5521  AUC @ 1: 0.5838
Step 8400: loss = 0.7240 (0.096 sec)
Training Data Eval:
  Num examples: 3584  Num correct: 2033  Precision @ 1: 0.5672  AUC @ 1: 0.5421
Validation Data Eval:
  Num examples: 256  Num correct: 142  Precision @ 1: 0.5547  AUC @ 1: 0.5295
Test Data Eval:
  Num examples: 384  Num correct: 224  Precision @ 1: 0.5833  AUC @ 1: 0.5925
Step 8600: loss = 0.7218 (0.060 sec)
Training Data Eval:
  Num examples: 3584  Num correct: 2041  Precision @ 1: 0.5695  AUC @ 1: 0.5466
Validation Data Eval:
  Num examples: 256  Num correct: 142  Precision @ 1: 0.5547  AUC @ 1: 0.5295
Test Data Eval:
  Num examples: 384  Num correct: 216  Precision @ 1: 0.5625  AUC @ 1: 0.6077
Step 8800: loss = 0.7350 (0.061 sec)
Training Data Eval:
  Num examples: 3584  Num correct: 2015  Precision @ 1: 0.5622  AUC @ 1: 0.5457
Validation Data Eval:
  Num examples: 256  Num correct: 142  Precision @ 1: 0.5547  AUC @ 1: 0.5308
Test Data Eval:
  Num examples: 384  Num correct: 222  Precision @ 1: 0.5781  AUC @ 1: 0.6136
Step 9000: loss = 0.7192 (0.061 sec)
Training Data Eval:
  Num examples: 3584  Num correct: 2038  Precision @ 1: 0.5686  AUC @ 1: 0.5345
Validation Data Eval:
  Num examples: 256  Num correct: 142  Precision @ 1: 0.5547  AUC @ 1: 0.5317
Test Data Eval:
  Num examples: 384  Num correct: 222  Precision @ 1: 0.5781  AUC @ 1: 0.6270
Step 9200: loss = 0.7251 (0.059 sec)
Training Data Eval:
  Num examples: 3584  Num correct: 2057  Precision @ 1: 0.5739  AUC @ 1: 0.5457
Validation Data Eval:
  Num examples: 256  Num correct: 142  Precision @ 1: 0.5547  AUC @ 1: 0.5311
Test Data Eval:
  Num examples: 384  Num correct: 215  Precision @ 1: 0.5599  AUC @ 1: 0.5831
Step 9400: loss = 0.7101 (0.061 sec)
Training Data Eval:
  Num examples: 3584  Num correct: 2025  Precision @ 1: 0.5650  AUC @ 1: 0.5515
Validation Data Eval:
  Num examples: 256  Num correct: 142  Precision @ 1: 0.5547  AUC @ 1: 0.5346
Test Data Eval:
  Num examples: 384  Num correct: 215  Precision @ 1: 0.5599  AUC @ 1: 0.6083
Step 9600: loss = 0.7124 (0.061 sec)
Training Data Eval:
  Num examples: 3584  Num correct: 2032  Precision @ 1: 0.5670  AUC @ 1: 0.5467
Validation Data Eval:
  Num examples: 256  Num correct: 142  Precision @ 1: 0.5547  AUC @ 1: 0.5343
Test Data Eval:
  Num examples: 384  Num correct: 222  Precision @ 1: 0.5781  AUC @ 1: 0.5947
Step 9800: loss = 0.7120 (0.095 sec)
Training Data Eval:
  Num examples: 3584  Num correct: 2034  Precision @ 1: 0.5675  AUC @ 1: 0.5473
Validation Data Eval:
  Num examples: 256  Num correct: 142  Precision @ 1: 0.5547  AUC @ 1: 0.5352
Test Data Eval:
  Num examples: 384  Num correct: 214  Precision @ 1: 0.5573  AUC @ 1: 0.6002
