Training data shape: 	(3820, 30, 64, 2)
Training label shape:	(3820,)
Testing data shape:  	(515, 30, 64, 2)
Testing label shape: 	(515,)
max input value is: 3457.31
min input value is: -4872.95
random permuted training data
==============================================================================
Model: 			inference_stcnn
Tensor Name: 	Placeholder:0
[128, 30, 64, 2]
==============================================================================
Tensor Name: conv0/conv0:0
[128, 1, 60, 4]
==============================================================================
Tensor Name: MaxPool:0
[128, 1, 30, 4]
==============================================================================
Tensor Name: local1/local1:0
[128, 128]
==============================================================================
Tensor Name: local2/local2:0
[128, 128]
==============================================================================
Tensor Name: softmax_linear/softmax_linear:0
[128, 2]
Step 0: loss = 0.7757 (0.028 sec)
Training Data Eval:
  Num examples: 3456  Num correct: 2039  Precision @ 1: 0.5900  AUC @ 1: 0.5640
Validation Data Eval:
  Num examples: 256  Num correct: 142  Precision @ 1: 0.5547  AUC @ 1: 0.5147
Test Data Eval:
  Num examples: 512  Num correct: 296  Precision @ 1: 0.5781  AUC @ 1: 0.5634
Step 200: loss = 0.7472 (0.013 sec)
Training Data Eval:
  Num examples: 3456  Num correct: 2098  Precision @ 1: 0.6071  AUC @ 1: 0.6227
Validation Data Eval:
  Num examples: 256  Num correct: 143  Precision @ 1: 0.5586  AUC @ 1: 0.5422
Test Data Eval:
  Num examples: 512  Num correct: 317  Precision @ 1: 0.6191  AUC @ 1: 0.6500
Step 400: loss = 0.7269 (0.015 sec)
Training Data Eval:
  Num examples: 3456  Num correct: 2159  Precision @ 1: 0.6247  AUC @ 1: 0.6614
Validation Data Eval:
  Num examples: 256  Num correct: 139  Precision @ 1: 0.5430  AUC @ 1: 0.5884
Test Data Eval:
  Num examples: 512  Num correct: 333  Precision @ 1: 0.6504  AUC @ 1: 0.7099
Step 600: loss = 0.7390 (0.013 sec)
Training Data Eval:
  Num examples: 3456  Num correct: 2282  Precision @ 1: 0.6603  AUC @ 1: 0.7022
Validation Data Eval:
  Num examples: 256  Num correct: 152  Precision @ 1: 0.5938  AUC @ 1: 0.6225
Test Data Eval:
  Num examples: 512  Num correct: 339  Precision @ 1: 0.6621  AUC @ 1: 0.7158
Step 800: loss = 0.6653 (0.015 sec)
Training Data Eval:
  Num examples: 3456  Num correct: 2451  Precision @ 1: 0.7092  AUC @ 1: 0.7694
Validation Data Eval:
  Num examples: 256  Num correct: 150  Precision @ 1: 0.5859  AUC @ 1: 0.6437
Test Data Eval:
  Num examples: 512  Num correct: 321  Precision @ 1: 0.6270  AUC @ 1: 0.6752
Step 1000: loss = 0.6780 (0.018 sec)
Training Data Eval:
  Num examples: 3456  Num correct: 2476  Precision @ 1: 0.7164  AUC @ 1: 0.7892
Validation Data Eval:
  Num examples: 256  Num correct: 149  Precision @ 1: 0.5820  AUC @ 1: 0.6522
Test Data Eval:
  Num examples: 512  Num correct: 315  Precision @ 1: 0.6152  AUC @ 1: 0.6533
Step 1200: loss = 0.6388 (0.016 sec)
Training Data Eval:
  Num examples: 3456  Num correct: 2573  Precision @ 1: 0.7445  AUC @ 1: 0.8223
Validation Data Eval:
  Num examples: 256  Num correct: 161  Precision @ 1: 0.6289  AUC @ 1: 0.6903
Test Data Eval:
  Num examples: 512  Num correct: 314  Precision @ 1: 0.6133  AUC @ 1: 0.6368
Step 1400: loss = 0.6720 (0.014 sec)
Training Data Eval:
  Num examples: 3456  Num correct: 2686  Precision @ 1: 0.7772  AUC @ 1: 0.8559
Validation Data Eval:
  Num examples: 256  Num correct: 160  Precision @ 1: 0.6250  AUC @ 1: 0.6874
Test Data Eval:
  Num examples: 512  Num correct: 320  Precision @ 1: 0.6250  AUC @ 1: 0.6385
Step 1600: loss = 0.5250 (0.015 sec)
Training Data Eval:
  Num examples: 3456  Num correct: 2723  Precision @ 1: 0.7879  AUC @ 1: 0.8741
Validation Data Eval:
  Num examples: 256  Num correct: 166  Precision @ 1: 0.6484  AUC @ 1: 0.7144
Test Data Eval:
  Num examples: 512  Num correct: 320  Precision @ 1: 0.6250  AUC @ 1: 0.6355
Step 1800: loss = 0.5956 (0.014 sec)
Training Data Eval:
  Num examples: 3456  Num correct: 2794  Precision @ 1: 0.8084  AUC @ 1: 0.8984
Validation Data Eval:
  Num examples: 256  Num correct: 165  Precision @ 1: 0.6445  AUC @ 1: 0.6946
Test Data Eval:
  Num examples: 512  Num correct: 314  Precision @ 1: 0.6133  AUC @ 1: 0.6227
Step 2000: loss = 0.5883 (0.016 sec)
Training Data Eval:
  Num examples: 3456  Num correct: 2821  Precision @ 1: 0.8163  AUC @ 1: 0.9096
Validation Data Eval:
  Num examples: 256  Num correct: 170  Precision @ 1: 0.6641  AUC @ 1: 0.7248
Test Data Eval:
  Num examples: 512  Num correct: 307  Precision @ 1: 0.5996  AUC @ 1: 0.5906
Step 2200: loss = 0.5441 (0.015 sec)
Training Data Eval:
  Num examples: 3456  Num correct: 2895  Precision @ 1: 0.8377  AUC @ 1: 0.9234
Validation Data Eval:
  Num examples: 256  Num correct: 171  Precision @ 1: 0.6680  AUC @ 1: 0.7301
Test Data Eval:
  Num examples: 512  Num correct: 315  Precision @ 1: 0.6152  AUC @ 1: 0.6220
Step 2400: loss = 0.4392 (0.014 sec)
Training Data Eval:
  Num examples: 3456  Num correct: 2942  Precision @ 1: 0.8513  AUC @ 1: 0.9351
Validation Data Eval:
  Num examples: 256  Num correct: 171  Precision @ 1: 0.6680  AUC @ 1: 0.7446
Test Data Eval:
  Num examples: 512  Num correct: 315  Precision @ 1: 0.6152  AUC @ 1: 0.6058
Step 2600: loss = 0.5221 (0.014 sec)
Training Data Eval:
  Num examples: 3456  Num correct: 2970  Precision @ 1: 0.8594  AUC @ 1: 0.9452
Validation Data Eval:
  Num examples: 256  Num correct: 166  Precision @ 1: 0.6484  AUC @ 1: 0.7248
Test Data Eval:
  Num examples: 512  Num correct: 312  Precision @ 1: 0.6094  AUC @ 1: 0.6066
Step 2800: loss = 0.4401 (0.013 sec)
Training Data Eval:
  Num examples: 3456  Num correct: 2990  Precision @ 1: 0.8652  AUC @ 1: 0.9480
Validation Data Eval:
  Num examples: 256  Num correct: 167  Precision @ 1: 0.6523  AUC @ 1: 0.7247
Test Data Eval:
  Num examples: 512  Num correct: 304  Precision @ 1: 0.5938  AUC @ 1: 0.5941
Step 3000: loss = 0.4752 (0.015 sec)
Training Data Eval:
  Num examples: 3456  Num correct: 3025  Precision @ 1: 0.8753  AUC @ 1: 0.9489
Validation Data Eval:
  Num examples: 256  Num correct: 170  Precision @ 1: 0.6641  AUC @ 1: 0.7332
Test Data Eval:
  Num examples: 512  Num correct: 304  Precision @ 1: 0.5938  AUC @ 1: 0.6274
Step 3200: loss = 0.3130 (0.015 sec)
Training Data Eval:
  Num examples: 3456  Num correct: 3066  Precision @ 1: 0.8872  AUC @ 1: 0.9584
Validation Data Eval:
  Num examples: 256  Num correct: 173  Precision @ 1: 0.6758  AUC @ 1: 0.7373
Test Data Eval:
  Num examples: 512  Num correct: 315  Precision @ 1: 0.6152  AUC @ 1: 0.6319
Step 3400: loss = 0.3729 (0.013 sec)
Training Data Eval:
  Num examples: 3456  Num correct: 3032  Precision @ 1: 0.8773  AUC @ 1: 0.9579
Validation Data Eval:
  Num examples: 256  Num correct: 179  Precision @ 1: 0.6992  AUC @ 1: 0.7512
Test Data Eval:
  Num examples: 512  Num correct: 316  Precision @ 1: 0.6172  AUC @ 1: 0.6380
Step 3600: loss = 0.3935 (0.015 sec)
Training Data Eval:
  Num examples: 3456  Num correct: 3073  Precision @ 1: 0.8892  AUC @ 1: 0.9617
Validation Data Eval:
  Num examples: 256  Num correct: 165  Precision @ 1: 0.6445  AUC @ 1: 0.7171
Test Data Eval:
  Num examples: 512  Num correct: 308  Precision @ 1: 0.6016  AUC @ 1: 0.6149
Step 3800: loss = 0.3017 (0.016 sec)
Training Data Eval:
  Num examples: 3456  Num correct: 3099  Precision @ 1: 0.8967  AUC @ 1: 0.9678
Validation Data Eval:
  Num examples: 256  Num correct: 173  Precision @ 1: 0.6758  AUC @ 1: 0.7187
Test Data Eval:
  Num examples: 512  Num correct: 304  Precision @ 1: 0.5938  AUC @ 1: 0.6227
Step 4000: loss = 0.4505 (0.018 sec)
Training Data Eval:
  Num examples: 3456  Num correct: 3143  Precision @ 1: 0.9094  AUC @ 1: 0.9722
Validation Data Eval:
  Num examples: 256  Num correct: 165  Precision @ 1: 0.6445  AUC @ 1: 0.7259
Test Data Eval:
  Num examples: 512  Num correct: 309  Precision @ 1: 0.6035  AUC @ 1: 0.6262
Step 4200: loss = 0.3222 (0.014 sec)
Training Data Eval:
  Num examples: 3456  Num correct: 3161  Precision @ 1: 0.9146  AUC @ 1: 0.9764
Validation Data Eval:
  Num examples: 256  Num correct: 166  Precision @ 1: 0.6484  AUC @ 1: 0.7194
Test Data Eval:
  Num examples: 512  Num correct: 307  Precision @ 1: 0.5996  AUC @ 1: 0.6450
Step 4400: loss = 0.2974 (0.014 sec)
Training Data Eval:
  Num examples: 3456  Num correct: 3192  Precision @ 1: 0.9236  AUC @ 1: 0.9813
Validation Data Eval:
  Num examples: 256  Num correct: 173  Precision @ 1: 0.6758  AUC @ 1: 0.7248
Test Data Eval:
  Num examples: 512  Num correct: 312  Precision @ 1: 0.6094  AUC @ 1: 0.6355
Step 4600: loss = 0.2855 (0.015 sec)
Training Data Eval:
  Num examples: 3456  Num correct: 3187  Precision @ 1: 0.9222  AUC @ 1: 0.9816
Validation Data Eval:
  Num examples: 256  Num correct: 168  Precision @ 1: 0.6562  AUC @ 1: 0.7266
Test Data Eval:
  Num examples: 512  Num correct: 313  Precision @ 1: 0.6113  AUC @ 1: 0.6578
Step 4800: loss = 0.2792 (0.014 sec)
Training Data Eval:
  Num examples: 3456  Num correct: 3215  Precision @ 1: 0.9303  AUC @ 1: 0.9821
Validation Data Eval:
  Num examples: 256  Num correct: 168  Precision @ 1: 0.6562  AUC @ 1: 0.7332
Test Data Eval:
  Num examples: 512  Num correct: 305  Precision @ 1: 0.5957  AUC @ 1: 0.6472
Step 5000: loss = 0.2495 (0.013 sec)
Training Data Eval:
  Num examples: 3456  Num correct: 3153  Precision @ 1: 0.9123  AUC @ 1: 0.9800
Validation Data Eval:
  Num examples: 256  Num correct: 172  Precision @ 1: 0.6719  AUC @ 1: 0.7301
Test Data Eval:
  Num examples: 512  Num correct: 315  Precision @ 1: 0.6152  AUC @ 1: 0.6553
Step 5200: loss = 0.3403 (0.014 sec)
Training Data Eval:
  Num examples: 3456  Num correct: 3200  Precision @ 1: 0.9259  AUC @ 1: 0.9843
Validation Data Eval:
  Num examples: 256  Num correct: 170  Precision @ 1: 0.6641  AUC @ 1: 0.7154
Test Data Eval:
  Num examples: 512  Num correct: 320  Precision @ 1: 0.6250  AUC @ 1: 0.6347
Step 5400: loss = 0.2339 (0.046 sec)
Training Data Eval:
  Num examples: 3456  Num correct: 3262  Precision @ 1: 0.9439  AUC @ 1: 0.9875
Validation Data Eval:
  Num examples: 256  Num correct: 169  Precision @ 1: 0.6602  AUC @ 1: 0.7301
Test Data Eval:
  Num examples: 512  Num correct: 312  Precision @ 1: 0.6094  AUC @ 1: 0.6393
Step 5600: loss = 0.2792 (0.014 sec)
Training Data Eval:
  Num examples: 3456  Num correct: 3219  Precision @ 1: 0.9314  AUC @ 1: 0.9848
Validation Data Eval:
  Num examples: 256  Num correct: 167  Precision @ 1: 0.6523  AUC @ 1: 0.7160
Test Data Eval:
  Num examples: 512  Num correct: 308  Precision @ 1: 0.6016  AUC @ 1: 0.6395
Step 5800: loss = 0.3054 (0.014 sec)
Training Data Eval:
  Num examples: 3456  Num correct: 3270  Precision @ 1: 0.9462  AUC @ 1: 0.9909
Validation Data Eval:
  Num examples: 256  Num correct: 173  Precision @ 1: 0.6758  AUC @ 1: 0.7265
Test Data Eval:
  Num examples: 512  Num correct: 312  Precision @ 1: 0.6094  AUC @ 1: 0.6376
Step 6000: loss = 0.2834 (0.015 sec)
Training Data Eval:
  Num examples: 3456  Num correct: 3302  Precision @ 1: 0.9554  AUC @ 1: 0.9929
Validation Data Eval:
  Num examples: 256  Num correct: 176  Precision @ 1: 0.6875  AUC @ 1: 0.7282
Test Data Eval:
  Num examples: 512  Num correct: 310  Precision @ 1: 0.6055  AUC @ 1: 0.6220
Step 6200: loss = 0.2134 (0.015 sec)
Training Data Eval:
  Num examples: 3456  Num correct: 3294  Precision @ 1: 0.9531  AUC @ 1: 0.9937
Validation Data Eval:
  Num examples: 256  Num correct: 162  Precision @ 1: 0.6328  AUC @ 1: 0.6979
Test Data Eval:
  Num examples: 512  Num correct: 301  Precision @ 1: 0.5879  AUC @ 1: 0.6105
Step 6400: loss = 0.2082 (0.014 sec)
Training Data Eval:
  Num examples: 3456  Num correct: 3321  Precision @ 1: 0.9609  AUC @ 1: 0.9932
Validation Data Eval:
  Num examples: 256  Num correct: 170  Precision @ 1: 0.6641  AUC @ 1: 0.7247
Test Data Eval:
  Num examples: 512  Num correct: 306  Precision @ 1: 0.5977  AUC @ 1: 0.6234
Step 6600: loss = 0.2443 (0.014 sec)
Training Data Eval:
  Num examples: 3456  Num correct: 3315  Precision @ 1: 0.9592  AUC @ 1: 0.9931
Validation Data Eval:
  Num examples: 256  Num correct: 169  Precision @ 1: 0.6602  AUC @ 1: 0.7202
Test Data Eval:
  Num examples: 512  Num correct: 300  Precision @ 1: 0.5859  AUC @ 1: 0.6344
Step 6800: loss = 0.2010 (0.015 sec)
Training Data Eval:
  Num examples: 3456  Num correct: 3309  Precision @ 1: 0.9575  AUC @ 1: 0.9940
Validation Data Eval:
  Num examples: 256  Num correct: 169  Precision @ 1: 0.6602  AUC @ 1: 0.7170
Test Data Eval:
  Num examples: 512  Num correct: 298  Precision @ 1: 0.5820  AUC @ 1: 0.6310
Step 7000: loss = 0.2143 (0.015 sec)
Training Data Eval:
  Num examples: 3456  Num correct: 3353  Precision @ 1: 0.9702  AUC @ 1: 0.9968
Validation Data Eval:
  Num examples: 256  Num correct: 171  Precision @ 1: 0.6680  AUC @ 1: 0.7359
Test Data Eval:
  Num examples: 512  Num correct: 308  Precision @ 1: 0.6016  AUC @ 1: 0.6187
Step 7200: loss = 0.1945 (0.013 sec)
Training Data Eval:
  Num examples: 3456  Num correct: 3331  Precision @ 1: 0.9638  AUC @ 1: 0.9949
Validation Data Eval:
  Num examples: 256  Num correct: 167  Precision @ 1: 0.6523  AUC @ 1: 0.7171
Test Data Eval:
  Num examples: 512  Num correct: 311  Precision @ 1: 0.6074  AUC @ 1: 0.6286
Step 7400: loss = 0.2150 (0.014 sec)
Training Data Eval:
  Num examples: 3456  Num correct: 3360  Precision @ 1: 0.9722  AUC @ 1: 0.9972
Validation Data Eval:
  Num examples: 256  Num correct: 171  Precision @ 1: 0.6680  AUC @ 1: 0.7281
Test Data Eval:
  Num examples: 512  Num correct: 308  Precision @ 1: 0.6016  AUC @ 1: 0.6135
Step 7600: loss = 0.1742 (0.015 sec)
Training Data Eval:
  Num examples: 3456  Num correct: 3368  Precision @ 1: 0.9745  AUC @ 1: 0.9977
Validation Data Eval:
  Num examples: 256  Num correct: 172  Precision @ 1: 0.6719  AUC @ 1: 0.7270
Test Data Eval:
  Num examples: 512  Num correct: 305  Precision @ 1: 0.5957  AUC @ 1: 0.6157
Step 7800: loss = 0.1949 (0.015 sec)
Training Data Eval:
  Num examples: 3456  Num correct: 3357  Precision @ 1: 0.9714  AUC @ 1: 0.9976
Validation Data Eval:
  Num examples: 256  Num correct: 169  Precision @ 1: 0.6602  AUC @ 1: 0.7318
Test Data Eval:
  Num examples: 512  Num correct: 309  Precision @ 1: 0.6035  AUC @ 1: 0.6401
Step 8000: loss = 0.2089 (0.015 sec)
Training Data Eval:
  Num examples: 3456  Num correct: 3381  Precision @ 1: 0.9783  AUC @ 1: 0.9984
Validation Data Eval:
  Num examples: 256  Num correct: 161  Precision @ 1: 0.6289  AUC @ 1: 0.6976
Test Data Eval:
  Num examples: 512  Num correct: 309  Precision @ 1: 0.6035  AUC @ 1: 0.6239
Step 8200: loss = 0.1255 (0.015 sec)
Training Data Eval:
  Num examples: 3456  Num correct: 3400  Precision @ 1: 0.9838  AUC @ 1: 0.9988
Validation Data Eval:
  Num examples: 256  Num correct: 168  Precision @ 1: 0.6562  AUC @ 1: 0.7305
Test Data Eval:
  Num examples: 512  Num correct: 307  Precision @ 1: 0.5996  AUC @ 1: 0.6299
Step 8400: loss = 0.2279 (0.015 sec)
Training Data Eval:
  Num examples: 3456  Num correct: 3395  Precision @ 1: 0.9823  AUC @ 1: 0.9987
Validation Data Eval:
  Num examples: 256  Num correct: 172  Precision @ 1: 0.6719  AUC @ 1: 0.7314
Test Data Eval:
  Num examples: 512  Num correct: 313  Precision @ 1: 0.6113  AUC @ 1: 0.6449
Step 8600: loss = 0.2400 (0.013 sec)
Training Data Eval:
  Num examples: 3456  Num correct: 3410  Precision @ 1: 0.9867  AUC @ 1: 0.9992
Validation Data Eval:
  Num examples: 256  Num correct: 170  Precision @ 1: 0.6641  AUC @ 1: 0.7296
Test Data Eval:
  Num examples: 512  Num correct: 309  Precision @ 1: 0.6035  AUC @ 1: 0.6395
Step 8800: loss = 0.1720 (0.014 sec)
Training Data Eval:
  Num examples: 3456  Num correct: 3413  Precision @ 1: 0.9876  AUC @ 1: 0.9992
Validation Data Eval:
  Num examples: 256  Num correct: 167  Precision @ 1: 0.6523  AUC @ 1: 0.7235
Test Data Eval:
  Num examples: 512  Num correct: 305  Precision @ 1: 0.5957  AUC @ 1: 0.6209
Step 9000: loss = 0.1062 (0.015 sec)
Training Data Eval:
  Num examples: 3456  Num correct: 3414  Precision @ 1: 0.9878  AUC @ 1: 0.9992
Validation Data Eval:
  Num examples: 256  Num correct: 170  Precision @ 1: 0.6641  AUC @ 1: 0.7249
Test Data Eval:
  Num examples: 512  Num correct: 312  Precision @ 1: 0.6094  AUC @ 1: 0.6558
Step 9200: loss = 0.1216 (0.015 sec)
Training Data Eval:
  Num examples: 3456  Num correct: 3427  Precision @ 1: 0.9916  AUC @ 1: 0.9996
Validation Data Eval:
  Num examples: 256  Num correct: 174  Precision @ 1: 0.6797  AUC @ 1: 0.7342
Test Data Eval:
  Num examples: 512  Num correct: 307  Precision @ 1: 0.5996  AUC @ 1: 0.6267
Step 9400: loss = 0.1496 (0.014 sec)
Training Data Eval:
  Num examples: 3456  Num correct: 3414  Precision @ 1: 0.9878  AUC @ 1: 0.9994
Validation Data Eval:
  Num examples: 256  Num correct: 166  Precision @ 1: 0.6484  AUC @ 1: 0.7216
Test Data Eval:
  Num examples: 512  Num correct: 309  Precision @ 1: 0.6035  AUC @ 1: 0.6364
Step 9600: loss = 0.1412 (0.015 sec)
Training Data Eval:
  Num examples: 3456  Num correct: 3429  Precision @ 1: 0.9922  AUC @ 1: 0.9994
Validation Data Eval:
  Num examples: 256  Num correct: 174  Precision @ 1: 0.6797  AUC @ 1: 0.7326
Test Data Eval:
  Num examples: 512  Num correct: 303  Precision @ 1: 0.5918  AUC @ 1: 0.6295
Step 9800: loss = 0.1622 (0.015 sec)
Training Data Eval:
  Num examples: 3456  Num correct: 3427  Precision @ 1: 0.9916  AUC @ 1: 0.9998
Validation Data Eval:
  Num examples: 256  Num correct: 167  Precision @ 1: 0.6523  AUC @ 1: 0.7194
Test Data Eval:
  Num examples: 512  Num correct: 310  Precision @ 1: 0.6055  AUC @ 1: 0.6383
