Training data shape: 	(4141, 30, 64, 1)
Training label shape:	(4141,)
Testing data shape:  	(194, 30, 64, 1)
Testing label shape: 	(194,)
max input value is: 3457.30786133
min input value is: -4872.94775391
random permuted training data
==============================================================================
Model: 			inference_stcnn
Tensor Name: 	Placeholder:0
[128, 30, 64, 1]
==============================================================================
Tensor Name: conv0/conv0:0
[128, 1, 60, 4]
==============================================================================
Tensor Name: MaxPool:0
[128, 1, 30, 4]
==============================================================================
Tensor Name: conv1/conv1:0
[128, 1, 26, 8]
==============================================================================
Tensor Name: MaxPool_1:0
[128, 1, 13, 8]
==============================================================================
Tensor Name: local1/local1:0
[128, 128]
==============================================================================
Tensor Name: local2/local2:0
[128, 128]
==============================================================================
Tensor Name: softmax_linear/softmax_linear:0
[128, 2]
Step 0: loss = 0.7665 (0.029 sec)
Training Data Eval:
  Num examples: 3840  Num correct: 2179  Precision @ 1: 0.5674  AUC @ 1: 0.6570
Validation Data Eval:
  Num examples: 256  Num correct: 139  Precision @ 1: 0.5430  AUC @ 1: 0.6362
Test Data Eval:
  Num examples: 128  Num correct: 43  Precision @ 1: 0.3359  AUC @ 1: 0.6356
Step 200: loss = 0.7607 (0.015 sec)
Training Data Eval:
  Num examples: 3840  Num correct: 2162  Precision @ 1: 0.5630  AUC @ 1: 0.7007
Validation Data Eval:
  Num examples: 256  Num correct: 139  Precision @ 1: 0.5430  AUC @ 1: 0.6811
Test Data Eval:
  Num examples: 128  Num correct: 73  Precision @ 1: 0.5703  AUC @ 1: 0.6192
Step 400: loss = 0.7153 (0.015 sec)
Training Data Eval:
  Num examples: 3840  Num correct: 2173  Precision @ 1: 0.5659  AUC @ 1: 0.7212
Validation Data Eval:
  Num examples: 256  Num correct: 139  Precision @ 1: 0.5430  AUC @ 1: 0.6859
Test Data Eval:
  Num examples: 128  Num correct: 67  Precision @ 1: 0.5234  AUC @ 1: 0.5750
Step 600: loss = 0.7004 (0.055 sec)
Training Data Eval:
  Num examples: 3840  Num correct: 2247  Precision @ 1: 0.5852  AUC @ 1: 0.7601
Validation Data Eval:
  Num examples: 256  Num correct: 143  Precision @ 1: 0.5586  AUC @ 1: 0.7161
Test Data Eval:
  Num examples: 128  Num correct: 73  Precision @ 1: 0.5703  AUC @ 1: 0.5824
Step 800: loss = 0.6980 (0.014 sec)
Training Data Eval:
  Num examples: 3840  Num correct: 2434  Precision @ 1: 0.6339  AUC @ 1: 0.7624
Validation Data Eval:
  Num examples: 256  Num correct: 156  Precision @ 1: 0.6094  AUC @ 1: 0.7229
Test Data Eval:
  Num examples: 128  Num correct: 75  Precision @ 1: 0.5859  AUC @ 1: 0.6611
Step 1000: loss = 0.6491 (0.014 sec)
Training Data Eval:
  Num examples: 3840  Num correct: 2549  Precision @ 1: 0.6638  AUC @ 1: 0.7711
Validation Data Eval:
  Num examples: 256  Num correct: 171  Precision @ 1: 0.6680  AUC @ 1: 0.7335
Test Data Eval:
  Num examples: 128  Num correct: 75  Precision @ 1: 0.5859  AUC @ 1: 0.6574
Step 1200: loss = 0.6570 (0.050 sec)
Training Data Eval:
  Num examples: 3840  Num correct: 2648  Precision @ 1: 0.6896  AUC @ 1: 0.7724
Validation Data Eval:
  Num examples: 256  Num correct: 173  Precision @ 1: 0.6758  AUC @ 1: 0.7387
Test Data Eval:
  Num examples: 128  Num correct: 76  Precision @ 1: 0.5938  AUC @ 1: 0.6561
Step 1400: loss = 0.5902 (0.015 sec)
Training Data Eval:
  Num examples: 3840  Num correct: 2705  Precision @ 1: 0.7044  AUC @ 1: 0.7817
Validation Data Eval:
  Num examples: 256  Num correct: 177  Precision @ 1: 0.6914  AUC @ 1: 0.7408
Test Data Eval:
  Num examples: 128  Num correct: 77  Precision @ 1: 0.6016  AUC @ 1: 0.6521
Step 1600: loss = 0.6511 (0.012 sec)
Training Data Eval:
  Num examples: 3840  Num correct: 2717  Precision @ 1: 0.7076  AUC @ 1: 0.7817
Validation Data Eval:
  Num examples: 256  Num correct: 180  Precision @ 1: 0.7031  AUC @ 1: 0.7462
Test Data Eval:
  Num examples: 128  Num correct: 76  Precision @ 1: 0.5938  AUC @ 1: 0.6697
Step 1800: loss = 0.5931 (0.049 sec)
Training Data Eval:
  Num examples: 3840  Num correct: 2698  Precision @ 1: 0.7026  AUC @ 1: 0.7823
Validation Data Eval:
  Num examples: 256  Num correct: 184  Precision @ 1: 0.7188  AUC @ 1: 0.7486
Test Data Eval:
  Num examples: 128  Num correct: 74  Precision @ 1: 0.5781  AUC @ 1: 0.6857
Step 2000: loss = 0.6859 (0.015 sec)
Training Data Eval:
  Num examples: 3840  Num correct: 2743  Precision @ 1: 0.7143  AUC @ 1: 0.7900
Validation Data Eval:
  Num examples: 256  Num correct: 182  Precision @ 1: 0.7109  AUC @ 1: 0.7531
Test Data Eval:
  Num examples: 128  Num correct: 75  Precision @ 1: 0.5859  AUC @ 1: 0.6809
Step 2200: loss = 0.5789 (0.014 sec)
Training Data Eval:
  Num examples: 3840  Num correct: 2743  Precision @ 1: 0.7143  AUC @ 1: 0.7899
Validation Data Eval:
  Num examples: 256  Num correct: 183  Precision @ 1: 0.7148  AUC @ 1: 0.7515
Test Data Eval:
  Num examples: 128  Num correct: 77  Precision @ 1: 0.6016  AUC @ 1: 0.6680
Step 2400: loss = 0.5890 (0.056 sec)
Training Data Eval:
  Num examples: 3840  Num correct: 2748  Precision @ 1: 0.7156  AUC @ 1: 0.7908
Validation Data Eval:
  Num examples: 256  Num correct: 182  Precision @ 1: 0.7109  AUC @ 1: 0.7577
Test Data Eval:
  Num examples: 128  Num correct: 83  Precision @ 1: 0.6484  AUC @ 1: 0.7087
Step 2600: loss = 0.5477 (0.014 sec)
Training Data Eval:
  Num examples: 3840  Num correct: 2750  Precision @ 1: 0.7161  AUC @ 1: 0.7913
Validation Data Eval:
  Num examples: 256  Num correct: 182  Precision @ 1: 0.7109  AUC @ 1: 0.7612
Test Data Eval:
  Num examples: 128  Num correct: 83  Precision @ 1: 0.6484  AUC @ 1: 0.7148
Step 2800: loss = 0.6094 (0.014 sec)
Training Data Eval:
  Num examples: 3840  Num correct: 2788  Precision @ 1: 0.7260  AUC @ 1: 0.7995
Validation Data Eval:
  Num examples: 256  Num correct: 181  Precision @ 1: 0.7070  AUC @ 1: 0.7666
Test Data Eval:
  Num examples: 128  Num correct: 85  Precision @ 1: 0.6641  AUC @ 1: 0.7265
Step 3000: loss = 0.5890 (0.052 sec)
Training Data Eval:
  Num examples: 3840  Num correct: 2822  Precision @ 1: 0.7349  AUC @ 1: 0.8073
Validation Data Eval:
  Num examples: 256  Num correct: 182  Precision @ 1: 0.7109  AUC @ 1: 0.7667
Test Data Eval:
  Num examples: 128  Num correct: 81  Precision @ 1: 0.6328  AUC @ 1: 0.7060
Step 3200: loss = 0.6696 (0.014 sec)
Training Data Eval:
  Num examples: 3840  Num correct: 2782  Precision @ 1: 0.7245  AUC @ 1: 0.8010
Validation Data Eval:
  Num examples: 256  Num correct: 185  Precision @ 1: 0.7227  AUC @ 1: 0.7703
Test Data Eval:
  Num examples: 128  Num correct: 79  Precision @ 1: 0.6172  AUC @ 1: 0.6851
Step 3400: loss = 0.5975 (0.014 sec)
Training Data Eval:
  Num examples: 3840  Num correct: 2807  Precision @ 1: 0.7310  AUC @ 1: 0.8083
Validation Data Eval:
  Num examples: 256  Num correct: 183  Precision @ 1: 0.7148  AUC @ 1: 0.7747
Test Data Eval:
  Num examples: 128  Num correct: 80  Precision @ 1: 0.6250  AUC @ 1: 0.6993
Step 3600: loss = 0.5418 (0.048 sec)
Training Data Eval:
  Num examples: 3840  Num correct: 2810  Precision @ 1: 0.7318  AUC @ 1: 0.8116
Validation Data Eval:
  Num examples: 256  Num correct: 179  Precision @ 1: 0.6992  AUC @ 1: 0.7732
Test Data Eval:
  Num examples: 128  Num correct: 81  Precision @ 1: 0.6328  AUC @ 1: 0.7309
Step 3800: loss = 0.6209 (0.015 sec)
Training Data Eval:
  Num examples: 3840  Num correct: 2830  Precision @ 1: 0.7370  AUC @ 1: 0.8181
Validation Data Eval:
  Num examples: 256  Num correct: 180  Precision @ 1: 0.7031  AUC @ 1: 0.7703
Test Data Eval:
  Num examples: 128  Num correct: 88  Precision @ 1: 0.6875  AUC @ 1: 0.7580
Step 4000: loss = 0.7422 (0.014 sec)
Training Data Eval:
  Num examples: 3840  Num correct: 2851  Precision @ 1: 0.7424  AUC @ 1: 0.8176
Validation Data Eval:
  Num examples: 256  Num correct: 183  Precision @ 1: 0.7148  AUC @ 1: 0.7686
Test Data Eval:
  Num examples: 128  Num correct: 79  Precision @ 1: 0.6172  AUC @ 1: 0.6817
Step 4200: loss = 0.5705 (0.052 sec)
Training Data Eval:
  Num examples: 3840  Num correct: 2864  Precision @ 1: 0.7458  AUC @ 1: 0.8184
Validation Data Eval:
  Num examples: 256  Num correct: 181  Precision @ 1: 0.7070  AUC @ 1: 0.7735
Test Data Eval:
  Num examples: 128  Num correct: 77  Precision @ 1: 0.6016  AUC @ 1: 0.6586
Step 4400: loss = 0.5811 (0.013 sec)
Training Data Eval:
  Num examples: 3840  Num correct: 2857  Precision @ 1: 0.7440  AUC @ 1: 0.8214
Validation Data Eval:
  Num examples: 256  Num correct: 185  Precision @ 1: 0.7227  AUC @ 1: 0.7716
Test Data Eval:
  Num examples: 128  Num correct: 82  Precision @ 1: 0.6406  AUC @ 1: 0.6993
Step 4600: loss = 0.5554 (0.014 sec)
Training Data Eval:
  Num examples: 3840  Num correct: 2850  Precision @ 1: 0.7422  AUC @ 1: 0.8244
Validation Data Eval:
  Num examples: 256  Num correct: 180  Precision @ 1: 0.7031  AUC @ 1: 0.7767
Test Data Eval:
  Num examples: 128  Num correct: 85  Precision @ 1: 0.6641  AUC @ 1: 0.7067
Step 4800: loss = 0.4822 (0.052 sec)
Training Data Eval:
  Num examples: 3840  Num correct: 2819  Precision @ 1: 0.7341  AUC @ 1: 0.8099
Validation Data Eval:
  Num examples: 256  Num correct: 177  Precision @ 1: 0.6914  AUC @ 1: 0.7548
Test Data Eval:
  Num examples: 128  Num correct: 89  Precision @ 1: 0.6953  AUC @ 1: 0.7086
Step 5000: loss = 0.5858 (0.015 sec)
Training Data Eval:
  Num examples: 3840  Num correct: 2854  Precision @ 1: 0.7432  AUC @ 1: 0.8294
Validation Data Eval:
  Num examples: 256  Num correct: 182  Precision @ 1: 0.7109  AUC @ 1: 0.7835
Test Data Eval:
  Num examples: 128  Num correct: 83  Precision @ 1: 0.6484  AUC @ 1: 0.7161
Step 5200: loss = 0.5474 (0.014 sec)
Training Data Eval:
  Num examples: 3840  Num correct: 2879  Precision @ 1: 0.7497  AUC @ 1: 0.8353
Validation Data Eval:
  Num examples: 256  Num correct: 183  Precision @ 1: 0.7148  AUC @ 1: 0.7854
Test Data Eval:
  Num examples: 128  Num correct: 86  Precision @ 1: 0.6719  AUC @ 1: 0.7460
Step 5400: loss = 0.5669 (0.050 sec)
Training Data Eval:
  Num examples: 3840  Num correct: 2856  Precision @ 1: 0.7438  AUC @ 1: 0.8348
Validation Data Eval:
  Num examples: 256  Num correct: 184  Precision @ 1: 0.7188  AUC @ 1: 0.7837
Test Data Eval:
  Num examples: 128  Num correct: 85  Precision @ 1: 0.6641  AUC @ 1: 0.6894
Step 5600: loss = 0.5606 (0.015 sec)
Training Data Eval:
  Num examples: 3840  Num correct: 2920  Precision @ 1: 0.7604  AUC @ 1: 0.8493
Validation Data Eval:
  Num examples: 256  Num correct: 187  Precision @ 1: 0.7305  AUC @ 1: 0.7882
Test Data Eval:
  Num examples: 128  Num correct: 81  Precision @ 1: 0.6328  AUC @ 1: 0.7117
Step 5800: loss = 0.5354 (0.015 sec)
Training Data Eval:
  Num examples: 3840  Num correct: 2931  Precision @ 1: 0.7633  AUC @ 1: 0.8449
Validation Data Eval:
  Num examples: 256  Num correct: 185  Precision @ 1: 0.7227  AUC @ 1: 0.7878
Test Data Eval:
  Num examples: 128  Num correct: 86  Precision @ 1: 0.6719  AUC @ 1: 0.7414
Step 6000: loss = 0.5104 (0.055 sec)
Training Data Eval:
  Num examples: 3840  Num correct: 2884  Precision @ 1: 0.7510  AUC @ 1: 0.8409
Validation Data Eval:
  Num examples: 256  Num correct: 189  Precision @ 1: 0.7383  AUC @ 1: 0.7920
Test Data Eval:
  Num examples: 128  Num correct: 77  Precision @ 1: 0.6016  AUC @ 1: 0.6645
Step 6200: loss = 0.5530 (0.014 sec)
Training Data Eval:
  Num examples: 3840  Num correct: 2907  Precision @ 1: 0.7570  AUC @ 1: 0.8443
Validation Data Eval:
  Num examples: 256  Num correct: 189  Precision @ 1: 0.7383  AUC @ 1: 0.7946
Test Data Eval:
  Num examples: 128  Num correct: 84  Precision @ 1: 0.6562  AUC @ 1: 0.7297
Step 6400: loss = 0.5968 (0.014 sec)
Training Data Eval:
  Num examples: 3840  Num correct: 2929  Precision @ 1: 0.7628  AUC @ 1: 0.8527
Validation Data Eval:
  Num examples: 256  Num correct: 189  Precision @ 1: 0.7383  AUC @ 1: 0.7958
Test Data Eval:
  Num examples: 128  Num correct: 84  Precision @ 1: 0.6562  AUC @ 1: 0.7217
Step 6600: loss = 0.5551 (0.051 sec)
Training Data Eval:
  Num examples: 3840  Num correct: 2933  Precision @ 1: 0.7638  AUC @ 1: 0.8531
Validation Data Eval:
  Num examples: 256  Num correct: 189  Precision @ 1: 0.7383  AUC @ 1: 0.7981
Test Data Eval:
  Num examples: 128  Num correct: 85  Precision @ 1: 0.6641  AUC @ 1: 0.7054
Step 6800: loss = 0.5218 (0.014 sec)
Training Data Eval:
  Num examples: 3840  Num correct: 2953  Precision @ 1: 0.7690  AUC @ 1: 0.8584
Validation Data Eval:
  Num examples: 256  Num correct: 191  Precision @ 1: 0.7461  AUC @ 1: 0.7990
Test Data Eval:
  Num examples: 128  Num correct: 79  Precision @ 1: 0.6172  AUC @ 1: 0.6771
Step 7000: loss = 0.5262 (0.014 sec)
Training Data Eval:
  Num examples: 3840  Num correct: 2956  Precision @ 1: 0.7698  AUC @ 1: 0.8587
Validation Data Eval:
  Num examples: 256  Num correct: 192  Precision @ 1: 0.7500  AUC @ 1: 0.8011
Test Data Eval:
  Num examples: 128  Num correct: 80  Precision @ 1: 0.6250  AUC @ 1: 0.6892
Step 7200: loss = 0.4793 (0.050 sec)
Training Data Eval:
  Num examples: 3840  Num correct: 2939  Precision @ 1: 0.7654  AUC @ 1: 0.8520
Validation Data Eval:
  Num examples: 256  Num correct: 193  Precision @ 1: 0.7539  AUC @ 1: 0.7984
Test Data Eval:
  Num examples: 128  Num correct: 79  Precision @ 1: 0.6172  AUC @ 1: 0.6823
Step 7400: loss = 0.4957 (0.015 sec)
Training Data Eval:
  Num examples: 3840  Num correct: 2922  Precision @ 1: 0.7609  AUC @ 1: 0.8507
Validation Data Eval:
  Num examples: 256  Num correct: 187  Precision @ 1: 0.7305  AUC @ 1: 0.7961
Test Data Eval:
  Num examples: 128  Num correct: 76  Precision @ 1: 0.5938  AUC @ 1: 0.6879
Step 7600: loss = 0.4901 (0.015 sec)
Training Data Eval:
  Num examples: 3840  Num correct: 2981  Precision @ 1: 0.7763  AUC @ 1: 0.8651
Validation Data Eval:
  Num examples: 256  Num correct: 196  Precision @ 1: 0.7656  AUC @ 1: 0.8022
Test Data Eval:
  Num examples: 128  Num correct: 84  Precision @ 1: 0.6562  AUC @ 1: 0.7338
Step 7800: loss = 0.6649 (0.049 sec)
Training Data Eval:
  Num examples: 3840  Num correct: 2992  Precision @ 1: 0.7792  AUC @ 1: 0.8653
Validation Data Eval:
  Num examples: 256  Num correct: 194  Precision @ 1: 0.7578  AUC @ 1: 0.7986
Test Data Eval:
  Num examples: 128  Num correct: 78  Precision @ 1: 0.6094  AUC @ 1: 0.6804
Step 8000: loss = 0.6051 (0.014 sec)
Training Data Eval:
  Num examples: 3840  Num correct: 3025  Precision @ 1: 0.7878  AUC @ 1: 0.8706
Validation Data Eval:
  Num examples: 256  Num correct: 194  Precision @ 1: 0.7578  AUC @ 1: 0.8035
Test Data Eval:
  Num examples: 128  Num correct: 78  Precision @ 1: 0.6094  AUC @ 1: 0.7046
Step 8200: loss = 0.4792 (0.015 sec)
Training Data Eval:
  Num examples: 3840  Num correct: 3002  Precision @ 1: 0.7818  AUC @ 1: 0.8717
Validation Data Eval:
  Num examples: 256  Num correct: 194  Precision @ 1: 0.7578  AUC @ 1: 0.8003
Test Data Eval:
  Num examples: 128  Num correct: 79  Precision @ 1: 0.6172  AUC @ 1: 0.7166
Step 8400: loss = 0.5554 (0.050 sec)
Training Data Eval:
  Num examples: 3840  Num correct: 3038  Precision @ 1: 0.7911  AUC @ 1: 0.8763
Validation Data Eval:
  Num examples: 256  Num correct: 196  Precision @ 1: 0.7656  AUC @ 1: 0.8063
Test Data Eval:
  Num examples: 128  Num correct: 75  Precision @ 1: 0.5859  AUC @ 1: 0.6952
Step 8600: loss = 0.4774 (0.015 sec)
Training Data Eval:
  Num examples: 3840  Num correct: 3018  Precision @ 1: 0.7859  AUC @ 1: 0.8699
Validation Data Eval:
  Num examples: 256  Num correct: 192  Precision @ 1: 0.7500  AUC @ 1: 0.8053
Test Data Eval:
  Num examples: 128  Num correct: 85  Precision @ 1: 0.6641  AUC @ 1: 0.6974
Step 8800: loss = 0.4476 (0.014 sec)
Training Data Eval:
  Num examples: 3840  Num correct: 3046  Precision @ 1: 0.7932  AUC @ 1: 0.8786
Validation Data Eval:
  Num examples: 256  Num correct: 197  Precision @ 1: 0.7695  AUC @ 1: 0.8053
Test Data Eval:
  Num examples: 128  Num correct: 81  Precision @ 1: 0.6328  AUC @ 1: 0.7145
Step 9000: loss = 0.4847 (0.054 sec)
Training Data Eval:
  Num examples: 3840  Num correct: 3050  Precision @ 1: 0.7943  AUC @ 1: 0.8796
Validation Data Eval:
  Num examples: 256  Num correct: 193  Precision @ 1: 0.7539  AUC @ 1: 0.8032
Test Data Eval:
  Num examples: 128  Num correct: 85  Precision @ 1: 0.6641  AUC @ 1: 0.7061
Step 9200: loss = 0.5805 (0.016 sec)
Training Data Eval:
  Num examples: 3840  Num correct: 3088  Precision @ 1: 0.8042  AUC @ 1: 0.8862
Validation Data Eval:
  Num examples: 256  Num correct: 196  Precision @ 1: 0.7656  AUC @ 1: 0.8076
Test Data Eval:
  Num examples: 128  Num correct: 86  Precision @ 1: 0.6719  AUC @ 1: 0.7477
Step 9400: loss = 0.4699 (0.014 sec)
Training Data Eval:
  Num examples: 3840  Num correct: 3062  Precision @ 1: 0.7974  AUC @ 1: 0.8840
Validation Data Eval:
  Num examples: 256  Num correct: 193  Precision @ 1: 0.7539  AUC @ 1: 0.8074
Test Data Eval:
  Num examples: 128  Num correct: 81  Precision @ 1: 0.6328  AUC @ 1: 0.7135
Step 9600: loss = 0.5518 (0.052 sec)
Training Data Eval:
  Num examples: 3840  Num correct: 3103  Precision @ 1: 0.8081  AUC @ 1: 0.8893
Validation Data Eval:
  Num examples: 256  Num correct: 196  Precision @ 1: 0.7656  AUC @ 1: 0.8080
Test Data Eval:
  Num examples: 128  Num correct: 81  Precision @ 1: 0.6328  AUC @ 1: 0.7068
Step 9800: loss = 0.5003 (0.014 sec)
Training Data Eval:
  Num examples: 3840  Num correct: 3059  Precision @ 1: 0.7966  AUC @ 1: 0.8843
Validation Data Eval:
  Num examples: 256  Num correct: 193  Precision @ 1: 0.7539  AUC @ 1: 0.8050
Test Data Eval:
  Num examples: 128  Num correct: 80  Precision @ 1: 0.6250  AUC @ 1: 0.6974
