Training data shape: 	(3815, 30, 64, 1)
Training label shape:	(3815,)
Testing data shape:  	(520, 30, 64, 1)
Testing label shape: 	(520,)
max input value is: 72.5247
min input value is: -75.9911
random permuted training data
==============================================================================
Model: 			inference_stcnn
Tensor Name: 	Placeholder:0
[128, 30, 64, 1]
==============================================================================
Tensor Name: conv0/conv0:0
[128, 1, 60, 16]
==============================================================================
Tensor Name: MaxPool:0
[128, 1, 30, 16]
==============================================================================
Tensor Name: conv1/conv1:0
[128, 1, 26, 4]
==============================================================================
Tensor Name: MaxPool_1:0
[128, 1, 13, 4]
==============================================================================
Tensor Name: local1/local1:0
[128, 128]
==============================================================================
Tensor Name: local2/local2:0
[128, 128]
==============================================================================
Tensor Name: softmax_linear/softmax_linear:0
[128, 2]
Step 0: loss = 0.7505 (0.039 sec)
Training Data Eval:
  Num examples: 3456  Num correct: 1969  Precision @ 1: 0.5697  AUC @ 1: 0.5324
Validation Data Eval:
  Num examples: 256  Num correct: 142  Precision @ 1: 0.5547  AUC @ 1: 0.5230
Test Data Eval:
  Num examples: 512  Num correct: 288  Precision @ 1: 0.5625  AUC @ 1: 0.5830
Step 200: loss = 0.7484 (0.022 sec)
Training Data Eval:
  Num examples: 3456  Num correct: 1947  Precision @ 1: 0.5634  AUC @ 1: 0.5626
Validation Data Eval:
  Num examples: 256  Num correct: 142  Precision @ 1: 0.5547  AUC @ 1: 0.5562
Test Data Eval:
  Num examples: 512  Num correct: 293  Precision @ 1: 0.5723  AUC @ 1: 0.6164
Step 400: loss = 0.7274 (0.022 sec)
Training Data Eval:
  Num examples: 3456  Num correct: 1972  Precision @ 1: 0.5706  AUC @ 1: 0.6132
Validation Data Eval:
  Num examples: 256  Num correct: 142  Precision @ 1: 0.5547  AUC @ 1: 0.5937
Test Data Eval:
  Num examples: 512  Num correct: 292  Precision @ 1: 0.5703  AUC @ 1: 0.6520
Step 600: loss = 0.7589 (0.023 sec)
Training Data Eval:
  Num examples: 3456  Num correct: 1996  Precision @ 1: 0.5775  AUC @ 1: 0.6497
Validation Data Eval:
  Num examples: 256  Num correct: 142  Precision @ 1: 0.5547  AUC @ 1: 0.6166
Test Data Eval:
  Num examples: 512  Num correct: 290  Precision @ 1: 0.5664  AUC @ 1: 0.6818
Step 800: loss = 0.7505 (0.022 sec)
Training Data Eval:
  Num examples: 3456  Num correct: 1948  Precision @ 1: 0.5637  AUC @ 1: 0.6718
Validation Data Eval:
  Num examples: 256  Num correct: 142  Precision @ 1: 0.5547  AUC @ 1: 0.6240
Test Data Eval:
  Num examples: 512  Num correct: 291  Precision @ 1: 0.5684  AUC @ 1: 0.7003
Step 1000: loss = 0.7254 (0.023 sec)
Training Data Eval:
  Num examples: 3456  Num correct: 1976  Precision @ 1: 0.5718  AUC @ 1: 0.6943
Validation Data Eval:
  Num examples: 256  Num correct: 142  Precision @ 1: 0.5547  AUC @ 1: 0.6206
Test Data Eval:
  Num examples: 512  Num correct: 291  Precision @ 1: 0.5684  AUC @ 1: 0.7115
Step 1200: loss = 0.7325 (0.022 sec)
Training Data Eval:
  Num examples: 3456  Num correct: 1960  Precision @ 1: 0.5671  AUC @ 1: 0.6845
Validation Data Eval:
  Num examples: 256  Num correct: 142  Precision @ 1: 0.5547  AUC @ 1: 0.6189
Test Data Eval:
  Num examples: 512  Num correct: 293  Precision @ 1: 0.5723  AUC @ 1: 0.7195
Step 1400: loss = 0.7330 (0.022 sec)
Training Data Eval:
  Num examples: 3456  Num correct: 1964  Precision @ 1: 0.5683  AUC @ 1: 0.6708
Validation Data Eval:
  Num examples: 256  Num correct: 142  Precision @ 1: 0.5547  AUC @ 1: 0.6177
Test Data Eval:
  Num examples: 512  Num correct: 291  Precision @ 1: 0.5684  AUC @ 1: 0.7173
Step 1600: loss = 0.7373 (0.022 sec)
Training Data Eval:
  Num examples: 3456  Num correct: 1957  Precision @ 1: 0.5663  AUC @ 1: 0.6783
Validation Data Eval:
  Num examples: 256  Num correct: 142  Precision @ 1: 0.5547  AUC @ 1: 0.6131
Test Data Eval:
  Num examples: 512  Num correct: 290  Precision @ 1: 0.5664  AUC @ 1: 0.7126
Step 1800: loss = 0.7335 (0.022 sec)
Training Data Eval:
  Num examples: 3456  Num correct: 1976  Precision @ 1: 0.5718  AUC @ 1: 0.6797
Validation Data Eval:
  Num examples: 256  Num correct: 142  Precision @ 1: 0.5547  AUC @ 1: 0.6161
Test Data Eval:
  Num examples: 512  Num correct: 294  Precision @ 1: 0.5742  AUC @ 1: 0.7104
Step 2000: loss = 0.7395 (0.022 sec)
Training Data Eval:
  Num examples: 3456  Num correct: 1967  Precision @ 1: 0.5692  AUC @ 1: 0.6911
Validation Data Eval:
  Num examples: 256  Num correct: 142  Precision @ 1: 0.5547  AUC @ 1: 0.6258
Test Data Eval:
  Num examples: 512  Num correct: 293  Precision @ 1: 0.5723  AUC @ 1: 0.7128
Step 2200: loss = 0.7358 (0.023 sec)
Training Data Eval:
  Num examples: 3456  Num correct: 2076  Precision @ 1: 0.6007  AUC @ 1: 0.7005
Validation Data Eval:
  Num examples: 256  Num correct: 150  Precision @ 1: 0.5859  AUC @ 1: 0.6377
Test Data Eval:
  Num examples: 512  Num correct: 327  Precision @ 1: 0.6387  AUC @ 1: 0.6990
Step 2400: loss = 0.6882 (0.022 sec)
Training Data Eval:
  Num examples: 3456  Num correct: 2299  Precision @ 1: 0.6652  AUC @ 1: 0.7282
Validation Data Eval:
  Num examples: 256  Num correct: 161  Precision @ 1: 0.6289  AUC @ 1: 0.6606
Test Data Eval:
  Num examples: 512  Num correct: 329  Precision @ 1: 0.6426  AUC @ 1: 0.6881
Step 2600: loss = 0.6532 (0.023 sec)
Training Data Eval:
  Num examples: 3456  Num correct: 2322  Precision @ 1: 0.6719  AUC @ 1: 0.7358
Validation Data Eval:
  Num examples: 256  Num correct: 162  Precision @ 1: 0.6328  AUC @ 1: 0.6667
Test Data Eval:
  Num examples: 512  Num correct: 329  Precision @ 1: 0.6426  AUC @ 1: 0.6872
Step 2800: loss = 0.6130 (0.022 sec)
Training Data Eval:
  Num examples: 3456  Num correct: 2323  Precision @ 1: 0.6722  AUC @ 1: 0.7329
Validation Data Eval:
  Num examples: 256  Num correct: 158  Precision @ 1: 0.6172  AUC @ 1: 0.6702
Test Data Eval:
  Num examples: 512  Num correct: 330  Precision @ 1: 0.6445  AUC @ 1: 0.6916
Step 3000: loss = 0.6124 (0.022 sec)
Training Data Eval:
  Num examples: 3456  Num correct: 2318  Precision @ 1: 0.6707  AUC @ 1: 0.7346
Validation Data Eval:
  Num examples: 256  Num correct: 160  Precision @ 1: 0.6250  AUC @ 1: 0.6726
Test Data Eval:
  Num examples: 512  Num correct: 341  Precision @ 1: 0.6660  AUC @ 1: 0.7048
Step 3200: loss = 0.6555 (0.022 sec)
Training Data Eval:
  Num examples: 3456  Num correct: 2332  Precision @ 1: 0.6748  AUC @ 1: 0.7376
Validation Data Eval:
  Num examples: 256  Num correct: 158  Precision @ 1: 0.6172  AUC @ 1: 0.6737
Test Data Eval:
  Num examples: 512  Num correct: 339  Precision @ 1: 0.6621  AUC @ 1: 0.7030
Step 3400: loss = 0.5753 (0.023 sec)
Training Data Eval:
  Num examples: 3456  Num correct: 2380  Precision @ 1: 0.6887  AUC @ 1: 0.7518
Validation Data Eval:
  Num examples: 256  Num correct: 157  Precision @ 1: 0.6133  AUC @ 1: 0.6732
Test Data Eval:
  Num examples: 512  Num correct: 339  Precision @ 1: 0.6621  AUC @ 1: 0.7038
Step 3600: loss = 0.6210 (0.022 sec)
Training Data Eval:
  Num examples: 3456  Num correct: 2377  Precision @ 1: 0.6878  AUC @ 1: 0.7482
Validation Data Eval:
  Num examples: 256  Num correct: 160  Precision @ 1: 0.6250  AUC @ 1: 0.6740
Test Data Eval:
  Num examples: 512  Num correct: 336  Precision @ 1: 0.6562  AUC @ 1: 0.7079
Step 3800: loss = 0.5894 (0.022 sec)
Training Data Eval:
  Num examples: 3456  Num correct: 2429  Precision @ 1: 0.7028  AUC @ 1: 0.7572
Validation Data Eval:
  Num examples: 256  Num correct: 161  Precision @ 1: 0.6289  AUC @ 1: 0.6738
Test Data Eval:
  Num examples: 512  Num correct: 344  Precision @ 1: 0.6719  AUC @ 1: 0.7178
Step 4000: loss = 0.5778 (0.023 sec)
Training Data Eval:
  Num examples: 3456  Num correct: 2423  Precision @ 1: 0.7011  AUC @ 1: 0.7615
Validation Data Eval:
  Num examples: 256  Num correct: 160  Precision @ 1: 0.6250  AUC @ 1: 0.6738
Test Data Eval:
  Num examples: 512  Num correct: 337  Precision @ 1: 0.6582  AUC @ 1: 0.7141
Step 4200: loss = 0.6533 (0.021 sec)
Training Data Eval:
  Num examples: 3456  Num correct: 2424  Precision @ 1: 0.7014  AUC @ 1: 0.7680
Validation Data Eval:
  Num examples: 256  Num correct: 162  Precision @ 1: 0.6328  AUC @ 1: 0.6748
Test Data Eval:
  Num examples: 512  Num correct: 338  Precision @ 1: 0.6602  AUC @ 1: 0.7189
Step 4400: loss = 0.5760 (0.022 sec)
Training Data Eval:
  Num examples: 3456  Num correct: 2405  Precision @ 1: 0.6959  AUC @ 1: 0.7732
Validation Data Eval:
  Num examples: 256  Num correct: 158  Precision @ 1: 0.6172  AUC @ 1: 0.6760
Test Data Eval:
  Num examples: 512  Num correct: 335  Precision @ 1: 0.6543  AUC @ 1: 0.7168
Step 4600: loss = 0.5984 (0.021 sec)
Training Data Eval:
  Num examples: 3456  Num correct: 2460  Precision @ 1: 0.7118  AUC @ 1: 0.7836
Validation Data Eval:
  Num examples: 256  Num correct: 158  Precision @ 1: 0.6172  AUC @ 1: 0.6783
Test Data Eval:
  Num examples: 512  Num correct: 340  Precision @ 1: 0.6641  AUC @ 1: 0.7264
Step 4800: loss = 0.5477 (0.022 sec)
Training Data Eval:
  Num examples: 3456  Num correct: 2489  Precision @ 1: 0.7202  AUC @ 1: 0.7868
Validation Data Eval:
  Num examples: 256  Num correct: 162  Precision @ 1: 0.6328  AUC @ 1: 0.6809
Test Data Eval:
  Num examples: 512  Num correct: 339  Precision @ 1: 0.6621  AUC @ 1: 0.7362
Step 5000: loss = 0.5777 (0.022 sec)
Training Data Eval:
  Num examples: 3456  Num correct: 2457  Precision @ 1: 0.7109  AUC @ 1: 0.7880
Validation Data Eval:
  Num examples: 256  Num correct: 163  Precision @ 1: 0.6367  AUC @ 1: 0.6836
Test Data Eval:
  Num examples: 512  Num correct: 349  Precision @ 1: 0.6816  AUC @ 1: 0.7344
Step 5200: loss = 0.6040 (0.023 sec)
Training Data Eval:
  Num examples: 3456  Num correct: 2468  Precision @ 1: 0.7141  AUC @ 1: 0.7906
Validation Data Eval:
  Num examples: 256  Num correct: 166  Precision @ 1: 0.6484  AUC @ 1: 0.6816
Test Data Eval:
  Num examples: 512  Num correct: 353  Precision @ 1: 0.6895  AUC @ 1: 0.7337
Step 5400: loss = 0.5740 (0.033 sec)
Training Data Eval:
  Num examples: 3456  Num correct: 2496  Precision @ 1: 0.7222  AUC @ 1: 0.7931
Validation Data Eval:
  Num examples: 256  Num correct: 159  Precision @ 1: 0.6211  AUC @ 1: 0.6869
Test Data Eval:
  Num examples: 512  Num correct: 335  Precision @ 1: 0.6543  AUC @ 1: 0.7299
Step 5600: loss = 0.5900 (0.022 sec)
Training Data Eval:
  Num examples: 3456  Num correct: 2494  Precision @ 1: 0.7216  AUC @ 1: 0.7947
Validation Data Eval:
  Num examples: 256  Num correct: 163  Precision @ 1: 0.6367  AUC @ 1: 0.6855
Test Data Eval:
  Num examples: 512  Num correct: 345  Precision @ 1: 0.6738  AUC @ 1: 0.7375
Step 5800: loss = 0.5438 (0.022 sec)
Training Data Eval:
  Num examples: 3456  Num correct: 2562  Precision @ 1: 0.7413  AUC @ 1: 0.8126
Validation Data Eval:
  Num examples: 256  Num correct: 163  Precision @ 1: 0.6367  AUC @ 1: 0.6880
Test Data Eval:
  Num examples: 512  Num correct: 337  Precision @ 1: 0.6582  AUC @ 1: 0.7218
Step 6000: loss = 0.5824 (0.022 sec)
Training Data Eval:
  Num examples: 3456  Num correct: 2522  Precision @ 1: 0.7297  AUC @ 1: 0.8056
Validation Data Eval:
  Num examples: 256  Num correct: 163  Precision @ 1: 0.6367  AUC @ 1: 0.6884
Test Data Eval:
  Num examples: 512  Num correct: 343  Precision @ 1: 0.6699  AUC @ 1: 0.7366
Step 6200: loss = 0.5288 (0.023 sec)
Training Data Eval:
  Num examples: 3456  Num correct: 2580  Precision @ 1: 0.7465  AUC @ 1: 0.8138
Validation Data Eval:
  Num examples: 256  Num correct: 163  Precision @ 1: 0.6367  AUC @ 1: 0.6926
Test Data Eval:
  Num examples: 512  Num correct: 330  Precision @ 1: 0.6445  AUC @ 1: 0.7342
Step 6400: loss = 0.5277 (0.021 sec)
Training Data Eval:
  Num examples: 3456  Num correct: 2559  Precision @ 1: 0.7405  AUC @ 1: 0.8124
Validation Data Eval:
  Num examples: 256  Num correct: 160  Precision @ 1: 0.6250  AUC @ 1: 0.6862
Test Data Eval:
  Num examples: 512  Num correct: 325  Precision @ 1: 0.6348  AUC @ 1: 0.7230
Step 6600: loss = 0.5891 (0.022 sec)
Training Data Eval:
  Num examples: 3456  Num correct: 2546  Precision @ 1: 0.7367  AUC @ 1: 0.8211
Validation Data Eval:
  Num examples: 256  Num correct: 158  Precision @ 1: 0.6172  AUC @ 1: 0.6916
Test Data Eval:
  Num examples: 512  Num correct: 311  Precision @ 1: 0.6074  AUC @ 1: 0.7190
Step 6800: loss = 0.5916 (0.022 sec)
Training Data Eval:
  Num examples: 3456  Num correct: 2624  Precision @ 1: 0.7593  AUC @ 1: 0.8226
Validation Data Eval:
  Num examples: 256  Num correct: 156  Precision @ 1: 0.6094  AUC @ 1: 0.6914
Test Data Eval:
  Num examples: 512  Num correct: 332  Precision @ 1: 0.6484  AUC @ 1: 0.7298
Step 7000: loss = 0.5100 (0.022 sec)
Training Data Eval:
  Num examples: 3456  Num correct: 2660  Precision @ 1: 0.7697  AUC @ 1: 0.8339
Validation Data Eval:
  Num examples: 256  Num correct: 158  Precision @ 1: 0.6172  AUC @ 1: 0.6945
Test Data Eval:
  Num examples: 512  Num correct: 331  Precision @ 1: 0.6465  AUC @ 1: 0.7288
Step 7200: loss = 0.5851 (0.022 sec)
Training Data Eval:
  Num examples: 3456  Num correct: 2656  Precision @ 1: 0.7685  AUC @ 1: 0.8356
Validation Data Eval:
  Num examples: 256  Num correct: 161  Precision @ 1: 0.6289  AUC @ 1: 0.6937
Test Data Eval:
  Num examples: 512  Num correct: 326  Precision @ 1: 0.6367  AUC @ 1: 0.7166
Step 7400: loss = 0.4522 (0.022 sec)
Training Data Eval:
  Num examples: 3456  Num correct: 2661  Precision @ 1: 0.7700  AUC @ 1: 0.8403
Validation Data Eval:
  Num examples: 256  Num correct: 162  Precision @ 1: 0.6328  AUC @ 1: 0.6953
Test Data Eval:
  Num examples: 512  Num correct: 307  Precision @ 1: 0.5996  AUC @ 1: 0.7134
Step 7600: loss = 0.5481 (0.023 sec)
Training Data Eval:
  Num examples: 3456  Num correct: 2643  Precision @ 1: 0.7648  AUC @ 1: 0.8318
Validation Data Eval:
  Num examples: 256  Num correct: 160  Precision @ 1: 0.6250  AUC @ 1: 0.6964
Test Data Eval:
  Num examples: 512  Num correct: 308  Precision @ 1: 0.6016  AUC @ 1: 0.7073
Step 7800: loss = 0.5312 (0.022 sec)
Training Data Eval:
  Num examples: 3456  Num correct: 2688  Precision @ 1: 0.7778  AUC @ 1: 0.8423
Validation Data Eval:
  Num examples: 256  Num correct: 161  Precision @ 1: 0.6289  AUC @ 1: 0.7010
Test Data Eval:
  Num examples: 512  Num correct: 335  Precision @ 1: 0.6543  AUC @ 1: 0.7309
Step 8000: loss = 0.5708 (0.022 sec)
Training Data Eval:
  Num examples: 3456  Num correct: 2735  Precision @ 1: 0.7914  AUC @ 1: 0.8444
Validation Data Eval:
  Num examples: 256  Num correct: 162  Precision @ 1: 0.6328  AUC @ 1: 0.7013
Test Data Eval:
  Num examples: 512  Num correct: 336  Precision @ 1: 0.6562  AUC @ 1: 0.7222
Step 8200: loss = 0.5619 (0.022 sec)
Training Data Eval:
  Num examples: 3456  Num correct: 2729  Precision @ 1: 0.7896  AUC @ 1: 0.8464
Validation Data Eval:
  Num examples: 256  Num correct: 164  Precision @ 1: 0.6406  AUC @ 1: 0.7032
Test Data Eval:
  Num examples: 512  Num correct: 326  Precision @ 1: 0.6367  AUC @ 1: 0.7069
Step 8400: loss = 0.5216 (0.022 sec)
Training Data Eval:
  Num examples: 3456  Num correct: 2719  Precision @ 1: 0.7867  AUC @ 1: 0.8467
Validation Data Eval:
  Num examples: 256  Num correct: 163  Precision @ 1: 0.6367  AUC @ 1: 0.7089
Test Data Eval:
  Num examples: 512  Num correct: 336  Precision @ 1: 0.6562  AUC @ 1: 0.7312
Step 8600: loss = 0.4427 (0.022 sec)
Training Data Eval:
  Num examples: 3456  Num correct: 2746  Precision @ 1: 0.7946  AUC @ 1: 0.8551
Validation Data Eval:
  Num examples: 256  Num correct: 162  Precision @ 1: 0.6328  AUC @ 1: 0.7071
Test Data Eval:
  Num examples: 512  Num correct: 328  Precision @ 1: 0.6406  AUC @ 1: 0.7243
Step 8800: loss = 0.5168 (0.022 sec)
Training Data Eval:
  Num examples: 3456  Num correct: 2794  Precision @ 1: 0.8084  AUC @ 1: 0.8593
Validation Data Eval:
  Num examples: 256  Num correct: 166  Precision @ 1: 0.6484  AUC @ 1: 0.7074
Test Data Eval:
  Num examples: 512  Num correct: 318  Precision @ 1: 0.6211  AUC @ 1: 0.7016
Step 9000: loss = 0.4792 (0.022 sec)
Training Data Eval:
  Num examples: 3456  Num correct: 2801  Precision @ 1: 0.8105  AUC @ 1: 0.8619
Validation Data Eval:
  Num examples: 256  Num correct: 165  Precision @ 1: 0.6445  AUC @ 1: 0.7103
Test Data Eval:
  Num examples: 512  Num correct: 329  Precision @ 1: 0.6426  AUC @ 1: 0.7212
Step 9200: loss = 0.4700 (0.022 sec)
Training Data Eval:
  Num examples: 3456  Num correct: 2795  Precision @ 1: 0.8087  AUC @ 1: 0.8586
Validation Data Eval:
  Num examples: 256  Num correct: 168  Precision @ 1: 0.6562  AUC @ 1: 0.7078
Test Data Eval:
  Num examples: 512  Num correct: 317  Precision @ 1: 0.6191  AUC @ 1: 0.7063
Step 9400: loss = 0.4158 (0.022 sec)
Training Data Eval:
  Num examples: 3456  Num correct: 2812  Precision @ 1: 0.8137  AUC @ 1: 0.8623
Validation Data Eval:
  Num examples: 256  Num correct: 167  Precision @ 1: 0.6523  AUC @ 1: 0.7146
Test Data Eval:
  Num examples: 512  Num correct: 324  Precision @ 1: 0.6328  AUC @ 1: 0.7218
Step 9600: loss = 0.3924 (0.022 sec)
Training Data Eval:
  Num examples: 3456  Num correct: 2764  Precision @ 1: 0.7998  AUC @ 1: 0.8611
Validation Data Eval:
  Num examples: 256  Num correct: 167  Precision @ 1: 0.6523  AUC @ 1: 0.7111
Test Data Eval:
  Num examples: 512  Num correct: 326  Precision @ 1: 0.6367  AUC @ 1: 0.7212
Step 9800: loss = 0.5049 (0.022 sec)
Training Data Eval:
  Num examples: 3456  Num correct: 2784  Precision @ 1: 0.8056  AUC @ 1: 0.8738
Validation Data Eval:
  Num examples: 256  Num correct: 171  Precision @ 1: 0.6680  AUC @ 1: 0.7161
Test Data Eval:
  Num examples: 512  Num correct: 313  Precision @ 1: 0.6113  AUC @ 1: 0.6930
