Training data shape: 	(3815, 64, 30, 1)
Training label shape:	(3815,)
Testing data shape:  	(520, 64, 30, 1)
Testing label shape: 	(520,)
max input value is: 14.3839135638
min input value is: -10.9262291682
random permuted training data
==============================================================================
Model: 			inference_global_s_cnn
Tensor Name: 	Placeholder:0
[128, 64, 30, 1]
==============================================================================
Tensor Name: conv1/conv1:0
[128, 1, 30, 8]
==============================================================================
Tensor Name: MaxPool:0
[128, 1, 15, 8]
==============================================================================
Tensor Name: local1/local1:0
[128, 128]
==============================================================================
Tensor Name: local2/local2:0
[128, 128]
==============================================================================
Tensor Name: softmax_linear/softmax_linear:0
[128, 2]
Step 0: loss = 0.7717 (0.032 sec)
Training Data Eval:
  Num examples: 3456  Num correct: 1961  Precision @ 1: 0.5674  AUC @ 1: 0.5767
Validation Data Eval:
  Num examples: 256  Num correct: 133  Precision @ 1: 0.5195  AUC @ 1: 0.5859
Test Data Eval:
  Num examples: 512  Num correct: 288  Precision @ 1: 0.5625  AUC @ 1: 0.6374
Step 200: loss = 0.7699 (0.011 sec)
Training Data Eval:
  Num examples: 3456  Num correct: 1951  Precision @ 1: 0.5645  AUC @ 1: 0.5983
Validation Data Eval:
  Num examples: 256  Num correct: 133  Precision @ 1: 0.5195  AUC @ 1: 0.5936
Test Data Eval:
  Num examples: 512  Num correct: 295  Precision @ 1: 0.5762  AUC @ 1: 0.6307
Step 400: loss = 0.7661 (0.010 sec)
Training Data Eval:
  Num examples: 3456  Num correct: 1962  Precision @ 1: 0.5677  AUC @ 1: 0.5970
Validation Data Eval:
  Num examples: 256  Num correct: 133  Precision @ 1: 0.5195  AUC @ 1: 0.5980
Test Data Eval:
  Num examples: 512  Num correct: 290  Precision @ 1: 0.5664  AUC @ 1: 0.6360
Step 600: loss = 0.7389 (0.010 sec)
Training Data Eval:
  Num examples: 3456  Num correct: 1952  Precision @ 1: 0.5648  AUC @ 1: 0.5976
Validation Data Eval:
  Num examples: 256  Num correct: 133  Precision @ 1: 0.5195  AUC @ 1: 0.5993
Test Data Eval:
  Num examples: 512  Num correct: 293  Precision @ 1: 0.5723  AUC @ 1: 0.6272
Step 800: loss = 0.7423 (0.010 sec)
Training Data Eval:
  Num examples: 3456  Num correct: 1965  Precision @ 1: 0.5686  AUC @ 1: 0.6005
Validation Data Eval:
  Num examples: 256  Num correct: 133  Precision @ 1: 0.5195  AUC @ 1: 0.5984
Test Data Eval:
  Num examples: 512  Num correct: 292  Precision @ 1: 0.5703  AUC @ 1: 0.6322
Step 1000: loss = 0.7388 (0.010 sec)
Training Data Eval:
  Num examples: 3456  Num correct: 1952  Precision @ 1: 0.5648  AUC @ 1: 0.5891
Validation Data Eval:
  Num examples: 256  Num correct: 133  Precision @ 1: 0.5195  AUC @ 1: 0.5984
Test Data Eval:
  Num examples: 512  Num correct: 291  Precision @ 1: 0.5684  AUC @ 1: 0.6264
Step 1200: loss = 0.7426 (0.010 sec)
Training Data Eval:
  Num examples: 3456  Num correct: 1963  Precision @ 1: 0.5680  AUC @ 1: 0.5908
Validation Data Eval:
  Num examples: 256  Num correct: 133  Precision @ 1: 0.5195  AUC @ 1: 0.5985
Test Data Eval:
  Num examples: 512  Num correct: 290  Precision @ 1: 0.5664  AUC @ 1: 0.6327
Step 1400: loss = 0.7598 (0.010 sec)
Training Data Eval:
  Num examples: 3456  Num correct: 1987  Precision @ 1: 0.5749  AUC @ 1: 0.5986
Validation Data Eval:
  Num examples: 256  Num correct: 133  Precision @ 1: 0.5195  AUC @ 1: 0.5989
Test Data Eval:
  Num examples: 512  Num correct: 292  Precision @ 1: 0.5703  AUC @ 1: 0.6333
Step 1600: loss = 0.7414 (0.011 sec)
Training Data Eval:
  Num examples: 3456  Num correct: 1971  Precision @ 1: 0.5703  AUC @ 1: 0.5998
Validation Data Eval:
  Num examples: 256  Num correct: 133  Precision @ 1: 0.5195  AUC @ 1: 0.5986
Test Data Eval:
  Num examples: 512  Num correct: 291  Precision @ 1: 0.5684  AUC @ 1: 0.6342
Step 1800: loss = 0.7593 (0.010 sec)
Training Data Eval:
  Num examples: 3456  Num correct: 1956  Precision @ 1: 0.5660  AUC @ 1: 0.5919
Validation Data Eval:
  Num examples: 256  Num correct: 133  Precision @ 1: 0.5195  AUC @ 1: 0.5982
Test Data Eval:
  Num examples: 512  Num correct: 291  Precision @ 1: 0.5684  AUC @ 1: 0.6363
Step 2000: loss = 0.7437 (0.011 sec)
Training Data Eval:
  Num examples: 3456  Num correct: 1946  Precision @ 1: 0.5631  AUC @ 1: 0.5926
Validation Data Eval:
  Num examples: 256  Num correct: 133  Precision @ 1: 0.5195  AUC @ 1: 0.5990
Test Data Eval:
  Num examples: 512  Num correct: 292  Precision @ 1: 0.5703  AUC @ 1: 0.6320
Step 2200: loss = 0.7285 (0.010 sec)
Training Data Eval:
  Num examples: 3456  Num correct: 1958  Precision @ 1: 0.5666  AUC @ 1: 0.6112
Validation Data Eval:
  Num examples: 256  Num correct: 133  Precision @ 1: 0.5195  AUC @ 1: 0.6006
Test Data Eval:
  Num examples: 512  Num correct: 294  Precision @ 1: 0.5742  AUC @ 1: 0.6379
Step 2400: loss = 0.7202 (0.011 sec)
Training Data Eval:
  Num examples: 3456  Num correct: 1960  Precision @ 1: 0.5671  AUC @ 1: 0.6094
Validation Data Eval:
  Num examples: 256  Num correct: 133  Precision @ 1: 0.5195  AUC @ 1: 0.6020
Test Data Eval:
  Num examples: 512  Num correct: 291  Precision @ 1: 0.5684  AUC @ 1: 0.6402
Step 2600: loss = 0.7292 (0.011 sec)
Training Data Eval:
  Num examples: 3456  Num correct: 1946  Precision @ 1: 0.5631  AUC @ 1: 0.6174
Validation Data Eval:
  Num examples: 256  Num correct: 133  Precision @ 1: 0.5195  AUC @ 1: 0.6049
Test Data Eval:
  Num examples: 512  Num correct: 290  Precision @ 1: 0.5664  AUC @ 1: 0.6434
Step 2800: loss = 0.7402 (0.010 sec)
Training Data Eval:
  Num examples: 3456  Num correct: 1943  Precision @ 1: 0.5622  AUC @ 1: 0.6128
Validation Data Eval:
  Num examples: 256  Num correct: 133  Precision @ 1: 0.5195  AUC @ 1: 0.6076
Test Data Eval:
  Num examples: 512  Num correct: 289  Precision @ 1: 0.5645  AUC @ 1: 0.6498
Step 3000: loss = 0.7726 (0.010 sec)
Training Data Eval:
  Num examples: 3456  Num correct: 1997  Precision @ 1: 0.5778  AUC @ 1: 0.6356
Validation Data Eval:
  Num examples: 256  Num correct: 133  Precision @ 1: 0.5195  AUC @ 1: 0.6106
Test Data Eval:
  Num examples: 512  Num correct: 294  Precision @ 1: 0.5742  AUC @ 1: 0.6586
Step 3200: loss = 0.7027 (0.010 sec)
Training Data Eval:
  Num examples: 3456  Num correct: 1949  Precision @ 1: 0.5639  AUC @ 1: 0.6270
Validation Data Eval:
  Num examples: 256  Num correct: 133  Precision @ 1: 0.5195  AUC @ 1: 0.6126
Test Data Eval:
  Num examples: 512  Num correct: 289  Precision @ 1: 0.5645  AUC @ 1: 0.6660
Step 3400: loss = 0.7257 (0.010 sec)
Training Data Eval:
  Num examples: 3456  Num correct: 1992  Precision @ 1: 0.5764  AUC @ 1: 0.6202
Validation Data Eval:
  Num examples: 256  Num correct: 133  Precision @ 1: 0.5195  AUC @ 1: 0.6137
Test Data Eval:
  Num examples: 512  Num correct: 291  Precision @ 1: 0.5684  AUC @ 1: 0.6762
Step 3600: loss = 0.7315 (0.010 sec)
Training Data Eval:
  Num examples: 3456  Num correct: 2000  Precision @ 1: 0.5787  AUC @ 1: 0.6302
Validation Data Eval:
  Num examples: 256  Num correct: 137  Precision @ 1: 0.5352  AUC @ 1: 0.6140
Test Data Eval:
  Num examples: 512  Num correct: 297  Precision @ 1: 0.5801  AUC @ 1: 0.6819
Step 3800: loss = 0.7357 (0.010 sec)
Training Data Eval:
  Num examples: 3456  Num correct: 2002  Precision @ 1: 0.5793  AUC @ 1: 0.6415
Validation Data Eval:
  Num examples: 256  Num correct: 141  Precision @ 1: 0.5508  AUC @ 1: 0.6119
Test Data Eval:
  Num examples: 512  Num correct: 304  Precision @ 1: 0.5938  AUC @ 1: 0.7002
Step 4000: loss = 0.7615 (0.010 sec)
Training Data Eval:
  Num examples: 3456  Num correct: 2008  Precision @ 1: 0.5810  AUC @ 1: 0.6485
Validation Data Eval:
  Num examples: 256  Num correct: 144  Precision @ 1: 0.5625  AUC @ 1: 0.6118
Test Data Eval:
  Num examples: 512  Num correct: 302  Precision @ 1: 0.5898  AUC @ 1: 0.7094
Step 4200: loss = 0.6917 (0.010 sec)
Training Data Eval:
  Num examples: 3456  Num correct: 2065  Precision @ 1: 0.5975  AUC @ 1: 0.6567
Validation Data Eval:
  Num examples: 256  Num correct: 141  Precision @ 1: 0.5508  AUC @ 1: 0.6113
Test Data Eval:
  Num examples: 512  Num correct: 308  Precision @ 1: 0.6016  AUC @ 1: 0.7296
Step 4400: loss = 0.7242 (0.010 sec)
Training Data Eval:
  Num examples: 3456  Num correct: 2083  Precision @ 1: 0.6027  AUC @ 1: 0.6655
Validation Data Eval:
  Num examples: 256  Num correct: 139  Precision @ 1: 0.5430  AUC @ 1: 0.6130
Test Data Eval:
  Num examples: 512  Num correct: 310  Precision @ 1: 0.6055  AUC @ 1: 0.7450
Step 4600: loss = 0.7171 (0.010 sec)
Training Data Eval:
  Num examples: 3456  Num correct: 2137  Precision @ 1: 0.6183  AUC @ 1: 0.6755
Validation Data Eval:
  Num examples: 256  Num correct: 139  Precision @ 1: 0.5430  AUC @ 1: 0.6184
Test Data Eval:
  Num examples: 512  Num correct: 311  Precision @ 1: 0.6074  AUC @ 1: 0.7484
Step 4800: loss = 0.6930 (0.010 sec)
Training Data Eval:
  Num examples: 3456  Num correct: 2140  Precision @ 1: 0.6192  AUC @ 1: 0.6837
Validation Data Eval:
  Num examples: 256  Num correct: 136  Precision @ 1: 0.5312  AUC @ 1: 0.6237
Test Data Eval:
  Num examples: 512  Num correct: 328  Precision @ 1: 0.6406  AUC @ 1: 0.7569
Step 5000: loss = 0.7085 (0.011 sec)
Training Data Eval:
  Num examples: 3456  Num correct: 2177  Precision @ 1: 0.6299  AUC @ 1: 0.6932
Validation Data Eval:
  Num examples: 256  Num correct: 145  Precision @ 1: 0.5664  AUC @ 1: 0.6269
Test Data Eval:
  Num examples: 512  Num correct: 330  Precision @ 1: 0.6445  AUC @ 1: 0.7625
Step 5200: loss = 0.7162 (0.010 sec)
Training Data Eval:
  Num examples: 3456  Num correct: 2197  Precision @ 1: 0.6357  AUC @ 1: 0.6936
Validation Data Eval:
  Num examples: 256  Num correct: 141  Precision @ 1: 0.5508  AUC @ 1: 0.6319
Test Data Eval:
  Num examples: 512  Num correct: 349  Precision @ 1: 0.6816  AUC @ 1: 0.7684
Step 5400: loss = 0.6977 (0.044 sec)
Training Data Eval:
  Num examples: 3456  Num correct: 2212  Precision @ 1: 0.6400  AUC @ 1: 0.7014
Validation Data Eval:
  Num examples: 256  Num correct: 141  Precision @ 1: 0.5508  AUC @ 1: 0.6376
Test Data Eval:
  Num examples: 512  Num correct: 356  Precision @ 1: 0.6953  AUC @ 1: 0.7708
Step 5600: loss = 0.6727 (0.010 sec)
Training Data Eval:
  Num examples: 3456  Num correct: 2199  Precision @ 1: 0.6363  AUC @ 1: 0.7078
Validation Data Eval:
  Num examples: 256  Num correct: 145  Precision @ 1: 0.5664  AUC @ 1: 0.6407
Test Data Eval:
  Num examples: 512  Num correct: 354  Precision @ 1: 0.6914  AUC @ 1: 0.7737
Step 5800: loss = 0.6915 (0.010 sec)
Training Data Eval:
  Num examples: 3456  Num correct: 2248  Precision @ 1: 0.6505  AUC @ 1: 0.7163
Validation Data Eval:
  Num examples: 256  Num correct: 146  Precision @ 1: 0.5703  AUC @ 1: 0.6446
Test Data Eval:
  Num examples: 512  Num correct: 350  Precision @ 1: 0.6836  AUC @ 1: 0.7826
Step 6000: loss = 0.6424 (0.010 sec)
Training Data Eval:
  Num examples: 3456  Num correct: 2246  Precision @ 1: 0.6499  AUC @ 1: 0.7123
Validation Data Eval:
  Num examples: 256  Num correct: 147  Precision @ 1: 0.5742  AUC @ 1: 0.6486
Test Data Eval:
  Num examples: 512  Num correct: 357  Precision @ 1: 0.6973  AUC @ 1: 0.7820
Step 6200: loss = 0.6738 (0.011 sec)
Training Data Eval:
  Num examples: 3456  Num correct: 2283  Precision @ 1: 0.6606  AUC @ 1: 0.7245
Validation Data Eval:
  Num examples: 256  Num correct: 150  Precision @ 1: 0.5859  AUC @ 1: 0.6530
Test Data Eval:
  Num examples: 512  Num correct: 369  Precision @ 1: 0.7207  AUC @ 1: 0.7911
Step 6400: loss = 0.6387 (0.010 sec)
Training Data Eval:
  Num examples: 3456  Num correct: 2234  Precision @ 1: 0.6464  AUC @ 1: 0.7212
Validation Data Eval:
  Num examples: 256  Num correct: 151  Precision @ 1: 0.5898  AUC @ 1: 0.6548
Test Data Eval:
  Num examples: 512  Num correct: 372  Precision @ 1: 0.7266  AUC @ 1: 0.7960
Step 6600: loss = 0.6487 (0.010 sec)
Training Data Eval:
  Num examples: 3456  Num correct: 2275  Precision @ 1: 0.6583  AUC @ 1: 0.7318
Validation Data Eval:
  Num examples: 256  Num correct: 154  Precision @ 1: 0.6016  AUC @ 1: 0.6596
Test Data Eval:
  Num examples: 512  Num correct: 366  Precision @ 1: 0.7148  AUC @ 1: 0.7915
Step 6800: loss = 0.6240 (0.010 sec)
Training Data Eval:
  Num examples: 3456  Num correct: 2284  Precision @ 1: 0.6609  AUC @ 1: 0.7337
Validation Data Eval:
  Num examples: 256  Num correct: 152  Precision @ 1: 0.5938  AUC @ 1: 0.6631
Test Data Eval:
  Num examples: 512  Num correct: 372  Precision @ 1: 0.7266  AUC @ 1: 0.7961
Step 7000: loss = 0.7129 (0.011 sec)
Training Data Eval:
  Num examples: 3456  Num correct: 2305  Precision @ 1: 0.6670  AUC @ 1: 0.7408
Validation Data Eval:
  Num examples: 256  Num correct: 155  Precision @ 1: 0.6055  AUC @ 1: 0.6651
Test Data Eval:
  Num examples: 512  Num correct: 377  Precision @ 1: 0.7363  AUC @ 1: 0.7982
Step 7200: loss = 0.6211 (0.018 sec)
Training Data Eval:
  Num examples: 3456  Num correct: 2333  Precision @ 1: 0.6751  AUC @ 1: 0.7475
Validation Data Eval:
  Num examples: 256  Num correct: 157  Precision @ 1: 0.6133  AUC @ 1: 0.6685
Test Data Eval:
  Num examples: 512  Num correct: 378  Precision @ 1: 0.7383  AUC @ 1: 0.8005
Step 7400: loss = 0.6534 (0.010 sec)
Training Data Eval:
  Num examples: 3456  Num correct: 2318  Precision @ 1: 0.6707  AUC @ 1: 0.7463
Validation Data Eval:
  Num examples: 256  Num correct: 155  Precision @ 1: 0.6055  AUC @ 1: 0.6716
Test Data Eval:
  Num examples: 512  Num correct: 377  Precision @ 1: 0.7363  AUC @ 1: 0.7993
Step 7600: loss = 0.6416 (0.011 sec)
Training Data Eval:
  Num examples: 3456  Num correct: 2355  Precision @ 1: 0.6814  AUC @ 1: 0.7579
Validation Data Eval:
  Num examples: 256  Num correct: 153  Precision @ 1: 0.5977  AUC @ 1: 0.6770
Test Data Eval:
  Num examples: 512  Num correct: 380  Precision @ 1: 0.7422  AUC @ 1: 0.8047
Step 7800: loss = 0.6721 (0.011 sec)
Training Data Eval:
  Num examples: 3456  Num correct: 2368  Precision @ 1: 0.6852  AUC @ 1: 0.7641
Validation Data Eval:
  Num examples: 256  Num correct: 156  Precision @ 1: 0.6094  AUC @ 1: 0.6805
Test Data Eval:
  Num examples: 512  Num correct: 379  Precision @ 1: 0.7402  AUC @ 1: 0.8043
Step 8000: loss = 0.6560 (0.011 sec)
Training Data Eval:
  Num examples: 3456  Num correct: 2378  Precision @ 1: 0.6881  AUC @ 1: 0.7675
Validation Data Eval:
  Num examples: 256  Num correct: 156  Precision @ 1: 0.6094  AUC @ 1: 0.6865
Test Data Eval:
  Num examples: 512  Num correct: 370  Precision @ 1: 0.7227  AUC @ 1: 0.7966
Step 8200: loss = 0.6186 (0.011 sec)
Training Data Eval:
  Num examples: 3456  Num correct: 2365  Precision @ 1: 0.6843  AUC @ 1: 0.7681
Validation Data Eval:
  Num examples: 256  Num correct: 161  Precision @ 1: 0.6289  AUC @ 1: 0.6904
Test Data Eval:
  Num examples: 512  Num correct: 368  Precision @ 1: 0.7188  AUC @ 1: 0.7967
Step 8400: loss = 0.6319 (0.010 sec)
Training Data Eval:
  Num examples: 3456  Num correct: 2354  Precision @ 1: 0.6811  AUC @ 1: 0.7673
Validation Data Eval:
  Num examples: 256  Num correct: 160  Precision @ 1: 0.6250  AUC @ 1: 0.6952
Test Data Eval:
  Num examples: 512  Num correct: 368  Precision @ 1: 0.7188  AUC @ 1: 0.7922
Step 8600: loss = 0.6204 (0.013 sec)
Training Data Eval:
  Num examples: 3456  Num correct: 2397  Precision @ 1: 0.6936  AUC @ 1: 0.7795
Validation Data Eval:
  Num examples: 256  Num correct: 162  Precision @ 1: 0.6328  AUC @ 1: 0.6983
Test Data Eval:
  Num examples: 512  Num correct: 368  Precision @ 1: 0.7188  AUC @ 1: 0.7923
Step 8800: loss = 0.5946 (0.010 sec)
Training Data Eval:
  Num examples: 3456  Num correct: 2417  Precision @ 1: 0.6994  AUC @ 1: 0.7873
Validation Data Eval:
  Num examples: 256  Num correct: 164  Precision @ 1: 0.6406  AUC @ 1: 0.7031
Test Data Eval:
  Num examples: 512  Num correct: 368  Precision @ 1: 0.7188  AUC @ 1: 0.7902
Step 9000: loss = 0.6599 (0.011 sec)
Training Data Eval:
  Num examples: 3456  Num correct: 2418  Precision @ 1: 0.6997  AUC @ 1: 0.7878
Validation Data Eval:
  Num examples: 256  Num correct: 163  Precision @ 1: 0.6367  AUC @ 1: 0.7048
Test Data Eval:
  Num examples: 512  Num correct: 367  Precision @ 1: 0.7168  AUC @ 1: 0.7846
Step 9200: loss = 0.5943 (0.010 sec)
Training Data Eval:
  Num examples: 3456  Num correct: 2394  Precision @ 1: 0.6927  AUC @ 1: 0.7812
Validation Data Eval:
  Num examples: 256  Num correct: 164  Precision @ 1: 0.6406  AUC @ 1: 0.7073
Test Data Eval:
  Num examples: 512  Num correct: 375  Precision @ 1: 0.7324  AUC @ 1: 0.7835
Step 9400: loss = 0.5741 (0.010 sec)
Training Data Eval:
  Num examples: 3456  Num correct: 2451  Precision @ 1: 0.7092  AUC @ 1: 0.8021
Validation Data Eval:
  Num examples: 256  Num correct: 167  Precision @ 1: 0.6523  AUC @ 1: 0.7095
Test Data Eval:
  Num examples: 512  Num correct: 376  Precision @ 1: 0.7344  AUC @ 1: 0.7870
Step 9600: loss = 0.6574 (0.010 sec)
Training Data Eval:
  Num examples: 3456  Num correct: 2426  Precision @ 1: 0.7020  AUC @ 1: 0.7924
Validation Data Eval:
  Num examples: 256  Num correct: 165  Precision @ 1: 0.6445  AUC @ 1: 0.7110
Test Data Eval:
  Num examples: 512  Num correct: 375  Precision @ 1: 0.7324  AUC @ 1: 0.7897
Step 9800: loss = 0.6772 (0.011 sec)
Training Data Eval:
  Num examples: 3456  Num correct: 2454  Precision @ 1: 0.7101  AUC @ 1: 0.7976
Validation Data Eval:
  Num examples: 256  Num correct: 164  Precision @ 1: 0.6406  AUC @ 1: 0.7136
Test Data Eval:
  Num examples: 512  Num correct: 372  Precision @ 1: 0.7266  AUC @ 1: 0.7849
