Training data shape: 	(3815, 64, 30, 1)
Training label shape:	(3815,)
Testing data shape:  	(520, 64, 30, 1)
Testing label shape: 	(520,)
max input value is: 14.3839135638
min input value is: -10.9262291682
random permuted training data
==============================================================================
Model: 			inference_global_s_cnn
Tensor Name: 	Placeholder:0
[128, 64, 30, 1]
==============================================================================
Tensor Name: conv1/conv1:0
[128, 1, 30, 32]
==============================================================================
Tensor Name: MaxPool:0
[128, 1, 15, 32]
==============================================================================
Tensor Name: local1/local1:0
[128, 128]
==============================================================================
Tensor Name: local2/local2:0
[128, 128]
==============================================================================
Tensor Name: softmax_linear/softmax_linear:0
[128, 2]
Step 0: loss = 0.8851 (0.037 sec)
Training Data Eval:
  Num examples: 3456  Num correct: 1991  Precision @ 1: 0.5761  AUC @ 1: 0.5742
Validation Data Eval:
  Num examples: 256  Num correct: 130  Precision @ 1: 0.5078  AUC @ 1: 0.5534
Test Data Eval:
  Num examples: 512  Num correct: 288  Precision @ 1: 0.5625  AUC @ 1: 0.6332
Step 200: loss = 0.8781 (0.015 sec)
Training Data Eval:
  Num examples: 3456  Num correct: 1952  Precision @ 1: 0.5648  AUC @ 1: 0.5960
Validation Data Eval:
  Num examples: 256  Num correct: 130  Precision @ 1: 0.5078  AUC @ 1: 0.5773
Test Data Eval:
  Num examples: 512  Num correct: 293  Precision @ 1: 0.5723  AUC @ 1: 0.6468
Step 400: loss = 0.8541 (0.015 sec)
Training Data Eval:
  Num examples: 3456  Num correct: 1943  Precision @ 1: 0.5622  AUC @ 1: 0.6122
Validation Data Eval:
  Num examples: 256  Num correct: 130  Precision @ 1: 0.5078  AUC @ 1: 0.5910
Test Data Eval:
  Num examples: 512  Num correct: 291  Precision @ 1: 0.5684  AUC @ 1: 0.6502
Step 600: loss = 0.8535 (0.015 sec)
Training Data Eval:
  Num examples: 3456  Num correct: 1971  Precision @ 1: 0.5703  AUC @ 1: 0.6193
Validation Data Eval:
  Num examples: 256  Num correct: 130  Precision @ 1: 0.5078  AUC @ 1: 0.5945
Test Data Eval:
  Num examples: 512  Num correct: 291  Precision @ 1: 0.5684  AUC @ 1: 0.6523
Step 800: loss = 0.8718 (0.015 sec)
Training Data Eval:
  Num examples: 3456  Num correct: 1965  Precision @ 1: 0.5686  AUC @ 1: 0.6081
Validation Data Eval:
  Num examples: 256  Num correct: 130  Precision @ 1: 0.5078  AUC @ 1: 0.5943
Test Data Eval:
  Num examples: 512  Num correct: 290  Precision @ 1: 0.5664  AUC @ 1: 0.6473
Step 1000: loss = 0.8440 (0.015 sec)
Training Data Eval:
  Num examples: 3456  Num correct: 1989  Precision @ 1: 0.5755  AUC @ 1: 0.6036
Validation Data Eval:
  Num examples: 256  Num correct: 130  Precision @ 1: 0.5078  AUC @ 1: 0.5950
Test Data Eval:
  Num examples: 512  Num correct: 290  Precision @ 1: 0.5664  AUC @ 1: 0.6485
Step 1200: loss = 0.8505 (0.015 sec)
Training Data Eval:
  Num examples: 3456  Num correct: 1963  Precision @ 1: 0.5680  AUC @ 1: 0.6093
Validation Data Eval:
  Num examples: 256  Num correct: 130  Precision @ 1: 0.5078  AUC @ 1: 0.5962
Test Data Eval:
  Num examples: 512  Num correct: 293  Precision @ 1: 0.5723  AUC @ 1: 0.6506
Step 1400: loss = 0.8587 (0.014 sec)
Training Data Eval:
  Num examples: 3456  Num correct: 1960  Precision @ 1: 0.5671  AUC @ 1: 0.6201
Validation Data Eval:
  Num examples: 256  Num correct: 130  Precision @ 1: 0.5078  AUC @ 1: 0.5966
Test Data Eval:
  Num examples: 512  Num correct: 292  Precision @ 1: 0.5703  AUC @ 1: 0.6586
Step 1600: loss = 0.8407 (0.015 sec)
Training Data Eval:
  Num examples: 3456  Num correct: 1955  Precision @ 1: 0.5657  AUC @ 1: 0.6138
Validation Data Eval:
  Num examples: 256  Num correct: 130  Precision @ 1: 0.5078  AUC @ 1: 0.5984
Test Data Eval:
  Num examples: 512  Num correct: 294  Precision @ 1: 0.5742  AUC @ 1: 0.6567
Step 1800: loss = 0.8414 (0.015 sec)
Training Data Eval:
  Num examples: 3456  Num correct: 1954  Precision @ 1: 0.5654  AUC @ 1: 0.6219
Validation Data Eval:
  Num examples: 256  Num correct: 130  Precision @ 1: 0.5078  AUC @ 1: 0.5997
Test Data Eval:
  Num examples: 512  Num correct: 292  Precision @ 1: 0.5703  AUC @ 1: 0.6649
Step 2000: loss = 0.8499 (0.015 sec)
Training Data Eval:
  Num examples: 3456  Num correct: 1943  Precision @ 1: 0.5622  AUC @ 1: 0.6191
Validation Data Eval:
  Num examples: 256  Num correct: 130  Precision @ 1: 0.5078  AUC @ 1: 0.6011
Test Data Eval:
  Num examples: 512  Num correct: 291  Precision @ 1: 0.5684  AUC @ 1: 0.6734
Step 2200: loss = 0.8050 (0.015 sec)
Training Data Eval:
  Num examples: 3456  Num correct: 1996  Precision @ 1: 0.5775  AUC @ 1: 0.6285
Validation Data Eval:
  Num examples: 256  Num correct: 130  Precision @ 1: 0.5078  AUC @ 1: 0.6062
Test Data Eval:
  Num examples: 512  Num correct: 290  Precision @ 1: 0.5664  AUC @ 1: 0.6859
Step 2400: loss = 0.8426 (0.016 sec)
Training Data Eval:
  Num examples: 3456  Num correct: 1898  Precision @ 1: 0.5492  AUC @ 1: 0.6360
Validation Data Eval:
  Num examples: 256  Num correct: 130  Precision @ 1: 0.5078  AUC @ 1: 0.6084
Test Data Eval:
  Num examples: 512  Num correct: 290  Precision @ 1: 0.5664  AUC @ 1: 0.6954
Step 2600: loss = 0.8295 (0.015 sec)
Training Data Eval:
  Num examples: 3456  Num correct: 1957  Precision @ 1: 0.5663  AUC @ 1: 0.6290
Validation Data Eval:
  Num examples: 256  Num correct: 130  Precision @ 1: 0.5078  AUC @ 1: 0.6130
Test Data Eval:
  Num examples: 512  Num correct: 291  Precision @ 1: 0.5684  AUC @ 1: 0.7043
Step 2800: loss = 0.8308 (0.015 sec)
Training Data Eval:
  Num examples: 3456  Num correct: 1953  Precision @ 1: 0.5651  AUC @ 1: 0.6382
Validation Data Eval:
  Num examples: 256  Num correct: 130  Precision @ 1: 0.5078  AUC @ 1: 0.6196
Test Data Eval:
  Num examples: 512  Num correct: 293  Precision @ 1: 0.5723  AUC @ 1: 0.7262
Step 3000: loss = 0.8351 (0.016 sec)
Training Data Eval:
  Num examples: 3456  Num correct: 1941  Precision @ 1: 0.5616  AUC @ 1: 0.6567
Validation Data Eval:
  Num examples: 256  Num correct: 130  Precision @ 1: 0.5078  AUC @ 1: 0.6259
Test Data Eval:
  Num examples: 512  Num correct: 289  Precision @ 1: 0.5645  AUC @ 1: 0.7289
Step 3200: loss = 0.8004 (0.015 sec)
Training Data Eval:
  Num examples: 3456  Num correct: 2035  Precision @ 1: 0.5888  AUC @ 1: 0.6517
Validation Data Eval:
  Num examples: 256  Num correct: 138  Precision @ 1: 0.5391  AUC @ 1: 0.6330
Test Data Eval:
  Num examples: 512  Num correct: 294  Precision @ 1: 0.5742  AUC @ 1: 0.7454
Step 3400: loss = 0.8171 (0.015 sec)
Training Data Eval:
  Num examples: 3456  Num correct: 2050  Precision @ 1: 0.5932  AUC @ 1: 0.6661
Validation Data Eval:
  Num examples: 256  Num correct: 140  Precision @ 1: 0.5469  AUC @ 1: 0.6422
Test Data Eval:
  Num examples: 512  Num correct: 294  Precision @ 1: 0.5742  AUC @ 1: 0.7593
Step 3600: loss = 0.8178 (0.015 sec)
Training Data Eval:
  Num examples: 3456  Num correct: 2011  Precision @ 1: 0.5819  AUC @ 1: 0.6607
Validation Data Eval:
  Num examples: 256  Num correct: 141  Precision @ 1: 0.5508  AUC @ 1: 0.6494
Test Data Eval:
  Num examples: 512  Num correct: 301  Precision @ 1: 0.5879  AUC @ 1: 0.7657
Step 3800: loss = 0.8243 (0.015 sec)
Training Data Eval:
  Num examples: 3456  Num correct: 2067  Precision @ 1: 0.5981  AUC @ 1: 0.6777
Validation Data Eval:
  Num examples: 256  Num correct: 139  Precision @ 1: 0.5430  AUC @ 1: 0.6585
Test Data Eval:
  Num examples: 512  Num correct: 308  Precision @ 1: 0.6016  AUC @ 1: 0.7772
Step 4000: loss = 0.8049 (0.015 sec)
Training Data Eval:
  Num examples: 3456  Num correct: 2091  Precision @ 1: 0.6050  AUC @ 1: 0.6812
Validation Data Eval:
  Num examples: 256  Num correct: 140  Precision @ 1: 0.5469  AUC @ 1: 0.6676
Test Data Eval:
  Num examples: 512  Num correct: 315  Precision @ 1: 0.6152  AUC @ 1: 0.7788
Step 4200: loss = 0.8213 (0.016 sec)
Training Data Eval:
  Num examples: 3456  Num correct: 2112  Precision @ 1: 0.6111  AUC @ 1: 0.6884
Validation Data Eval:
  Num examples: 256  Num correct: 144  Precision @ 1: 0.5625  AUC @ 1: 0.6741
Test Data Eval:
  Num examples: 512  Num correct: 325  Precision @ 1: 0.6348  AUC @ 1: 0.7768
Step 4400: loss = 0.7985 (0.015 sec)
Training Data Eval:
  Num examples: 3456  Num correct: 2125  Precision @ 1: 0.6149  AUC @ 1: 0.6922
Validation Data Eval:
  Num examples: 256  Num correct: 149  Precision @ 1: 0.5820  AUC @ 1: 0.6827
Test Data Eval:
  Num examples: 512  Num correct: 334  Precision @ 1: 0.6523  AUC @ 1: 0.7834
Step 4600: loss = 0.8203 (0.015 sec)
Training Data Eval:
  Num examples: 3456  Num correct: 2209  Precision @ 1: 0.6392  AUC @ 1: 0.7146
Validation Data Eval:
  Num examples: 256  Num correct: 150  Precision @ 1: 0.5859  AUC @ 1: 0.6885
Test Data Eval:
  Num examples: 512  Num correct: 335  Precision @ 1: 0.6543  AUC @ 1: 0.7865
Step 4800: loss = 0.7723 (0.014 sec)
Training Data Eval:
  Num examples: 3456  Num correct: 2190  Precision @ 1: 0.6337  AUC @ 1: 0.7215
Validation Data Eval:
  Num examples: 256  Num correct: 150  Precision @ 1: 0.5859  AUC @ 1: 0.6969
Test Data Eval:
  Num examples: 512  Num correct: 344  Precision @ 1: 0.6719  AUC @ 1: 0.7859
Step 5000: loss = 0.7620 (0.016 sec)
Training Data Eval:
  Num examples: 3456  Num correct: 2226  Precision @ 1: 0.6441  AUC @ 1: 0.7202
Validation Data Eval:
  Num examples: 256  Num correct: 149  Precision @ 1: 0.5820  AUC @ 1: 0.7053
Test Data Eval:
  Num examples: 512  Num correct: 350  Precision @ 1: 0.6836  AUC @ 1: 0.7787
Step 5200: loss = 0.7328 (0.014 sec)
Training Data Eval:
  Num examples: 3456  Num correct: 2230  Precision @ 1: 0.6453  AUC @ 1: 0.7250
Validation Data Eval:
  Num examples: 256  Num correct: 158  Precision @ 1: 0.6172  AUC @ 1: 0.7124
Test Data Eval:
  Num examples: 512  Num correct: 358  Precision @ 1: 0.6992  AUC @ 1: 0.7800
Step 5400: loss = 0.7412 (0.048 sec)
Training Data Eval:
  Num examples: 3456  Num correct: 2277  Precision @ 1: 0.6589  AUC @ 1: 0.7325
Validation Data Eval:
  Num examples: 256  Num correct: 162  Precision @ 1: 0.6328  AUC @ 1: 0.7195
Test Data Eval:
  Num examples: 512  Num correct: 366  Precision @ 1: 0.7148  AUC @ 1: 0.7760
Step 5600: loss = 0.7309 (0.016 sec)
Training Data Eval:
  Num examples: 3456  Num correct: 2288  Precision @ 1: 0.6620  AUC @ 1: 0.7342
Validation Data Eval:
  Num examples: 256  Num correct: 162  Precision @ 1: 0.6328  AUC @ 1: 0.7236
Test Data Eval:
  Num examples: 512  Num correct: 368  Precision @ 1: 0.7188  AUC @ 1: 0.7762
Step 5800: loss = 0.7271 (0.015 sec)
Training Data Eval:
  Num examples: 3456  Num correct: 2284  Precision @ 1: 0.6609  AUC @ 1: 0.7357
Validation Data Eval:
  Num examples: 256  Num correct: 167  Precision @ 1: 0.6523  AUC @ 1: 0.7280
Test Data Eval:
  Num examples: 512  Num correct: 371  Precision @ 1: 0.7246  AUC @ 1: 0.7739
Step 6000: loss = 0.7103 (0.015 sec)
Training Data Eval:
  Num examples: 3456  Num correct: 2312  Precision @ 1: 0.6690  AUC @ 1: 0.7497
Validation Data Eval:
  Num examples: 256  Num correct: 165  Precision @ 1: 0.6445  AUC @ 1: 0.7349
Test Data Eval:
  Num examples: 512  Num correct: 363  Precision @ 1: 0.7090  AUC @ 1: 0.7719
Step 6200: loss = 0.7754 (0.015 sec)
Training Data Eval:
  Num examples: 3456  Num correct: 2332  Precision @ 1: 0.6748  AUC @ 1: 0.7525
Validation Data Eval:
  Num examples: 256  Num correct: 167  Precision @ 1: 0.6523  AUC @ 1: 0.7390
Test Data Eval:
  Num examples: 512  Num correct: 364  Precision @ 1: 0.7109  AUC @ 1: 0.7760
Step 6400: loss = 0.7259 (0.015 sec)
Training Data Eval:
  Num examples: 3456  Num correct: 2378  Precision @ 1: 0.6881  AUC @ 1: 0.7638
Validation Data Eval:
  Num examples: 256  Num correct: 169  Precision @ 1: 0.6602  AUC @ 1: 0.7440
Test Data Eval:
  Num examples: 512  Num correct: 364  Precision @ 1: 0.7109  AUC @ 1: 0.7729
Step 6600: loss = 0.7178 (0.015 sec)
Training Data Eval:
  Num examples: 3456  Num correct: 2386  Precision @ 1: 0.6904  AUC @ 1: 0.7671
Validation Data Eval:
  Num examples: 256  Num correct: 170  Precision @ 1: 0.6641  AUC @ 1: 0.7473
Test Data Eval:
  Num examples: 512  Num correct: 370  Precision @ 1: 0.7227  AUC @ 1: 0.7774
Step 6800: loss = 0.7152 (0.015 sec)
Training Data Eval:
  Num examples: 3456  Num correct: 2361  Precision @ 1: 0.6832  AUC @ 1: 0.7602
Validation Data Eval:
  Num examples: 256  Num correct: 170  Precision @ 1: 0.6641  AUC @ 1: 0.7513
Test Data Eval:
  Num examples: 512  Num correct: 369  Precision @ 1: 0.7207  AUC @ 1: 0.7723
Step 7000: loss = 0.7049 (0.015 sec)
Training Data Eval:
  Num examples: 3456  Num correct: 2370  Precision @ 1: 0.6858  AUC @ 1: 0.7716
Validation Data Eval:
  Num examples: 256  Num correct: 169  Precision @ 1: 0.6602  AUC @ 1: 0.7529
Test Data Eval:
  Num examples: 512  Num correct: 371  Precision @ 1: 0.7246  AUC @ 1: 0.7811
Step 7200: loss = 0.6535 (0.015 sec)
Training Data Eval:
  Num examples: 3456  Num correct: 2412  Precision @ 1: 0.6979  AUC @ 1: 0.7815
Validation Data Eval:
  Num examples: 256  Num correct: 169  Precision @ 1: 0.6602  AUC @ 1: 0.7582
Test Data Eval:
  Num examples: 512  Num correct: 369  Precision @ 1: 0.7207  AUC @ 1: 0.7747
Step 7400: loss = 0.7170 (0.015 sec)
Training Data Eval:
  Num examples: 3456  Num correct: 2459  Precision @ 1: 0.7115  AUC @ 1: 0.7865
Validation Data Eval:
  Num examples: 256  Num correct: 172  Precision @ 1: 0.6719  AUC @ 1: 0.7592
Test Data Eval:
  Num examples: 512  Num correct: 369  Precision @ 1: 0.7207  AUC @ 1: 0.7822
Step 7600: loss = 0.7372 (0.016 sec)
Training Data Eval:
  Num examples: 3456  Num correct: 2442  Precision @ 1: 0.7066  AUC @ 1: 0.7873
Validation Data Eval:
  Num examples: 256  Num correct: 171  Precision @ 1: 0.6680  AUC @ 1: 0.7614
Test Data Eval:
  Num examples: 512  Num correct: 364  Precision @ 1: 0.7109  AUC @ 1: 0.7820
Step 7800: loss = 0.6522 (0.015 sec)
Training Data Eval:
  Num examples: 3456  Num correct: 2431  Precision @ 1: 0.7034  AUC @ 1: 0.7848
Validation Data Eval:
  Num examples: 256  Num correct: 171  Precision @ 1: 0.6680  AUC @ 1: 0.7616
Test Data Eval:
  Num examples: 512  Num correct: 373  Precision @ 1: 0.7285  AUC @ 1: 0.7880
Step 8000: loss = 0.7129 (0.015 sec)
Training Data Eval:
  Num examples: 3456  Num correct: 2473  Precision @ 1: 0.7156  AUC @ 1: 0.8019
Validation Data Eval:
  Num examples: 256  Num correct: 169  Precision @ 1: 0.6602  AUC @ 1: 0.7648
Test Data Eval:
  Num examples: 512  Num correct: 369  Precision @ 1: 0.7207  AUC @ 1: 0.7863
Step 8200: loss = 0.7782 (0.014 sec)
Training Data Eval:
  Num examples: 3456  Num correct: 2489  Precision @ 1: 0.7202  AUC @ 1: 0.8048
Validation Data Eval:
  Num examples: 256  Num correct: 170  Precision @ 1: 0.6641  AUC @ 1: 0.7655
Test Data Eval:
  Num examples: 512  Num correct: 373  Precision @ 1: 0.7285  AUC @ 1: 0.7873
Step 8400: loss = 0.6503 (0.015 sec)
Training Data Eval:
  Num examples: 3456  Num correct: 2510  Precision @ 1: 0.7263  AUC @ 1: 0.8088
Validation Data Eval:
  Num examples: 256  Num correct: 170  Precision @ 1: 0.6641  AUC @ 1: 0.7659
Test Data Eval:
  Num examples: 512  Num correct: 369  Precision @ 1: 0.7207  AUC @ 1: 0.7874
Step 8600: loss = 0.6385 (0.015 sec)
Training Data Eval:
  Num examples: 3456  Num correct: 2502  Precision @ 1: 0.7240  AUC @ 1: 0.8069
Validation Data Eval:
  Num examples: 256  Num correct: 170  Precision @ 1: 0.6641  AUC @ 1: 0.7667
Test Data Eval:
  Num examples: 512  Num correct: 370  Precision @ 1: 0.7227  AUC @ 1: 0.7923
Step 8800: loss = 0.6976 (0.014 sec)
Training Data Eval:
  Num examples: 3456  Num correct: 2532  Precision @ 1: 0.7326  AUC @ 1: 0.8173
Validation Data Eval:
  Num examples: 256  Num correct: 171  Precision @ 1: 0.6680  AUC @ 1: 0.7659
Test Data Eval:
  Num examples: 512  Num correct: 377  Precision @ 1: 0.7363  AUC @ 1: 0.7931
Step 9000: loss = 0.6433 (0.014 sec)
Training Data Eval:
  Num examples: 3456  Num correct: 2532  Precision @ 1: 0.7326  AUC @ 1: 0.8146
Validation Data Eval:
  Num examples: 256  Num correct: 171  Precision @ 1: 0.6680  AUC @ 1: 0.7673
Test Data Eval:
  Num examples: 512  Num correct: 378  Precision @ 1: 0.7383  AUC @ 1: 0.7996
Step 9200: loss = 0.6603 (0.016 sec)
Training Data Eval:
  Num examples: 3456  Num correct: 2542  Precision @ 1: 0.7355  AUC @ 1: 0.8156
Validation Data Eval:
  Num examples: 256  Num correct: 174  Precision @ 1: 0.6797  AUC @ 1: 0.7673
Test Data Eval:
  Num examples: 512  Num correct: 375  Precision @ 1: 0.7324  AUC @ 1: 0.7973
Step 9400: loss = 0.6647 (0.016 sec)
Training Data Eval:
  Num examples: 3456  Num correct: 2558  Precision @ 1: 0.7402  AUC @ 1: 0.8255
Validation Data Eval:
  Num examples: 256  Num correct: 174  Precision @ 1: 0.6797  AUC @ 1: 0.7678
Test Data Eval:
  Num examples: 512  Num correct: 375  Precision @ 1: 0.7324  AUC @ 1: 0.7983
Step 9600: loss = 0.7158 (0.015 sec)
Training Data Eval:
  Num examples: 3456  Num correct: 2560  Precision @ 1: 0.7407  AUC @ 1: 0.8209
Validation Data Eval:
  Num examples: 256  Num correct: 174  Precision @ 1: 0.6797  AUC @ 1: 0.7685
Test Data Eval:
  Num examples: 512  Num correct: 375  Precision @ 1: 0.7324  AUC @ 1: 0.7958
Step 9800: loss = 0.6329 (0.015 sec)
Training Data Eval:
  Num examples: 3456  Num correct: 2573  Precision @ 1: 0.7445  AUC @ 1: 0.8212
Validation Data Eval:
  Num examples: 256  Num correct: 176  Precision @ 1: 0.6875  AUC @ 1: 0.7659
Test Data Eval:
  Num examples: 512  Num correct: 378  Precision @ 1: 0.7383  AUC @ 1: 0.8013
