Training data shape: 	(3822, 64, 30, 1)
Training label shape:	(3822,)
Testing data shape:  	(513, 64, 30, 1)
Testing label shape: 	(513,)
max input value is: 72.5247
min input value is: -75.9911
random permuted training data
==============================================================================
Model: 			inference_global_s_cnn
Tensor Name: 	Placeholder:0
[128, 64, 30, 1]
==============================================================================
Tensor Name: conv1/conv1:0
[128, 1, 30, 16]
==============================================================================
Tensor Name: MaxPool:0
[128, 1, 15, 16]
==============================================================================
Tensor Name: local1/local1:0
[128, 128]
==============================================================================
Tensor Name: local2/local2:0
[128, 128]
==============================================================================
Tensor Name: softmax_linear/softmax_linear:0
[128, 2]
Step 0: loss = 0.8098 (0.037 sec)
Training Data Eval:
  Num examples: 3456  Num correct: 1972  Precision @ 1: 0.5706  AUC @ 1: 0.6950
Validation Data Eval:
  Num examples: 256  Num correct: 141  Precision @ 1: 0.5508  AUC @ 1: 0.7006
Test Data Eval:
  Num examples: 512  Num correct: 287  Precision @ 1: 0.5605  AUC @ 1: 0.7546
Step 200: loss = 0.7800 (0.011 sec)
Training Data Eval:
  Num examples: 3456  Num correct: 1954  Precision @ 1: 0.5654  AUC @ 1: 0.6877
Validation Data Eval:
  Num examples: 256  Num correct: 141  Precision @ 1: 0.5508  AUC @ 1: 0.6860
Test Data Eval:
  Num examples: 512  Num correct: 288  Precision @ 1: 0.5625  AUC @ 1: 0.7445
Step 400: loss = 0.7659 (0.011 sec)
Training Data Eval:
  Num examples: 3456  Num correct: 2180  Precision @ 1: 0.6308  AUC @ 1: 0.6921
Validation Data Eval:
  Num examples: 256  Num correct: 163  Precision @ 1: 0.6367  AUC @ 1: 0.6785
Test Data Eval:
  Num examples: 512  Num correct: 343  Precision @ 1: 0.6699  AUC @ 1: 0.7278
Step 600: loss = 0.7334 (0.010 sec)
Training Data Eval:
  Num examples: 3456  Num correct: 2246  Precision @ 1: 0.6499  AUC @ 1: 0.7066
Validation Data Eval:
  Num examples: 256  Num correct: 164  Precision @ 1: 0.6406  AUC @ 1: 0.6833
Test Data Eval:
  Num examples: 512  Num correct: 331  Precision @ 1: 0.6465  AUC @ 1: 0.7252
Step 800: loss = 0.7268 (0.011 sec)
Training Data Eval:
  Num examples: 3456  Num correct: 2289  Precision @ 1: 0.6623  AUC @ 1: 0.7290
Validation Data Eval:
  Num examples: 256  Num correct: 164  Precision @ 1: 0.6406  AUC @ 1: 0.6920
Test Data Eval:
  Num examples: 512  Num correct: 350  Precision @ 1: 0.6836  AUC @ 1: 0.7356
Step 1000: loss = 0.6994 (0.010 sec)
Training Data Eval:
  Num examples: 3456  Num correct: 2380  Precision @ 1: 0.6887  AUC @ 1: 0.7530
Validation Data Eval:
  Num examples: 256  Num correct: 160  Precision @ 1: 0.6250  AUC @ 1: 0.7000
Test Data Eval:
  Num examples: 512  Num correct: 347  Precision @ 1: 0.6777  AUC @ 1: 0.7408
Step 1200: loss = 0.7054 (0.010 sec)
Training Data Eval:
  Num examples: 3456  Num correct: 2385  Precision @ 1: 0.6901  AUC @ 1: 0.7593
Validation Data Eval:
  Num examples: 256  Num correct: 157  Precision @ 1: 0.6133  AUC @ 1: 0.7000
Test Data Eval:
  Num examples: 512  Num correct: 347  Precision @ 1: 0.6777  AUC @ 1: 0.7422
Step 1400: loss = 0.6725 (0.010 sec)
Training Data Eval:
  Num examples: 3456  Num correct: 2426  Precision @ 1: 0.7020  AUC @ 1: 0.7789
Validation Data Eval:
  Num examples: 256  Num correct: 159  Precision @ 1: 0.6211  AUC @ 1: 0.7027
Test Data Eval:
  Num examples: 512  Num correct: 353  Precision @ 1: 0.6895  AUC @ 1: 0.7446
Step 1600: loss = 0.7146 (0.012 sec)
Training Data Eval:
  Num examples: 3456  Num correct: 2400  Precision @ 1: 0.6944  AUC @ 1: 0.7765
Validation Data Eval:
  Num examples: 256  Num correct: 159  Precision @ 1: 0.6211  AUC @ 1: 0.7031
Test Data Eval:
  Num examples: 512  Num correct: 348  Precision @ 1: 0.6797  AUC @ 1: 0.7450
Step 1800: loss = 0.6182 (0.011 sec)
Training Data Eval:
  Num examples: 3456  Num correct: 2501  Precision @ 1: 0.7237  AUC @ 1: 0.7924
Validation Data Eval:
  Num examples: 256  Num correct: 163  Precision @ 1: 0.6367  AUC @ 1: 0.7056
Test Data Eval:
  Num examples: 512  Num correct: 343  Precision @ 1: 0.6699  AUC @ 1: 0.7359
Step 2000: loss = 0.6505 (0.012 sec)
Training Data Eval:
  Num examples: 3456  Num correct: 2516  Precision @ 1: 0.7280  AUC @ 1: 0.7998
Validation Data Eval:
  Num examples: 256  Num correct: 163  Precision @ 1: 0.6367  AUC @ 1: 0.7084
Test Data Eval:
  Num examples: 512  Num correct: 339  Precision @ 1: 0.6621  AUC @ 1: 0.7306
Step 2200: loss = 0.6301 (0.011 sec)
Training Data Eval:
  Num examples: 3456  Num correct: 2528  Precision @ 1: 0.7315  AUC @ 1: 0.8139
Validation Data Eval:
  Num examples: 256  Num correct: 162  Precision @ 1: 0.6328  AUC @ 1: 0.7140
Test Data Eval:
  Num examples: 512  Num correct: 336  Precision @ 1: 0.6562  AUC @ 1: 0.7372
Step 2400: loss = 0.7344 (0.010 sec)
Training Data Eval:
  Num examples: 3456  Num correct: 2558  Precision @ 1: 0.7402  AUC @ 1: 0.8215
Validation Data Eval:
  Num examples: 256  Num correct: 166  Precision @ 1: 0.6484  AUC @ 1: 0.7207
Test Data Eval:
  Num examples: 512  Num correct: 335  Precision @ 1: 0.6543  AUC @ 1: 0.7333
Step 2600: loss = 0.6577 (0.011 sec)
Training Data Eval:
  Num examples: 3456  Num correct: 2558  Precision @ 1: 0.7402  AUC @ 1: 0.8282
Validation Data Eval:
  Num examples: 256  Num correct: 164  Precision @ 1: 0.6406  AUC @ 1: 0.7267
Test Data Eval:
  Num examples: 512  Num correct: 337  Precision @ 1: 0.6582  AUC @ 1: 0.7344
Step 2800: loss = 0.5244 (0.012 sec)
Training Data Eval:
  Num examples: 3456  Num correct: 2628  Precision @ 1: 0.7604  AUC @ 1: 0.8405
Validation Data Eval:
  Num examples: 256  Num correct: 169  Precision @ 1: 0.6602  AUC @ 1: 0.7295
Test Data Eval:
  Num examples: 512  Num correct: 340  Precision @ 1: 0.6641  AUC @ 1: 0.7296
Step 3000: loss = 0.6090 (0.011 sec)
Training Data Eval:
  Num examples: 3456  Num correct: 2645  Precision @ 1: 0.7653  AUC @ 1: 0.8432
Validation Data Eval:
  Num examples: 256  Num correct: 168  Precision @ 1: 0.6562  AUC @ 1: 0.7338
Test Data Eval:
  Num examples: 512  Num correct: 339  Precision @ 1: 0.6621  AUC @ 1: 0.7250
Step 3200: loss = 0.5504 (0.011 sec)
Training Data Eval:
  Num examples: 3456  Num correct: 2659  Precision @ 1: 0.7694  AUC @ 1: 0.8526
Validation Data Eval:
  Num examples: 256  Num correct: 168  Precision @ 1: 0.6562  AUC @ 1: 0.7396
Test Data Eval:
  Num examples: 512  Num correct: 336  Precision @ 1: 0.6562  AUC @ 1: 0.7314
Step 3400: loss = 0.5491 (0.012 sec)
Training Data Eval:
  Num examples: 3456  Num correct: 2723  Precision @ 1: 0.7879  AUC @ 1: 0.8696
Validation Data Eval:
  Num examples: 256  Num correct: 170  Precision @ 1: 0.6641  AUC @ 1: 0.7405
Test Data Eval:
  Num examples: 512  Num correct: 339  Precision @ 1: 0.6621  AUC @ 1: 0.7248
Step 3600: loss = 0.5640 (0.012 sec)
Training Data Eval:
  Num examples: 3456  Num correct: 2696  Precision @ 1: 0.7801  AUC @ 1: 0.8644
Validation Data Eval:
  Num examples: 256  Num correct: 174  Precision @ 1: 0.6797  AUC @ 1: 0.7502
Test Data Eval:
  Num examples: 512  Num correct: 329  Precision @ 1: 0.6426  AUC @ 1: 0.7286
Step 3800: loss = 0.5815 (0.012 sec)
Training Data Eval:
  Num examples: 3456  Num correct: 2718  Precision @ 1: 0.7865  AUC @ 1: 0.8751
Validation Data Eval:
  Num examples: 256  Num correct: 171  Precision @ 1: 0.6680  AUC @ 1: 0.7547
Test Data Eval:
  Num examples: 512  Num correct: 334  Precision @ 1: 0.6523  AUC @ 1: 0.7290
Step 4000: loss = 0.4862 (0.011 sec)
Training Data Eval:
  Num examples: 3456  Num correct: 2816  Precision @ 1: 0.8148  AUC @ 1: 0.8956
Validation Data Eval:
  Num examples: 256  Num correct: 174  Precision @ 1: 0.6797  AUC @ 1: 0.7582
Test Data Eval:
  Num examples: 512  Num correct: 324  Precision @ 1: 0.6328  AUC @ 1: 0.7161
Step 4200: loss = 0.5761 (0.011 sec)
Training Data Eval:
  Num examples: 3456  Num correct: 2806  Precision @ 1: 0.8119  AUC @ 1: 0.8955
Validation Data Eval:
  Num examples: 256  Num correct: 167  Precision @ 1: 0.6523  AUC @ 1: 0.7645
Test Data Eval:
  Num examples: 512  Num correct: 330  Precision @ 1: 0.6445  AUC @ 1: 0.7216
Step 4400: loss = 0.4770 (0.011 sec)
Training Data Eval:
  Num examples: 3456  Num correct: 2831  Precision @ 1: 0.8192  AUC @ 1: 0.9041
Validation Data Eval:
  Num examples: 256  Num correct: 176  Precision @ 1: 0.6875  AUC @ 1: 0.7664
Test Data Eval:
  Num examples: 512  Num correct: 315  Precision @ 1: 0.6152  AUC @ 1: 0.7089
Step 4600: loss = 0.5172 (0.011 sec)
Training Data Eval:
  Num examples: 3456  Num correct: 2865  Precision @ 1: 0.8290  AUC @ 1: 0.9092
Validation Data Eval:
  Num examples: 256  Num correct: 173  Precision @ 1: 0.6758  AUC @ 1: 0.7670
Test Data Eval:
  Num examples: 512  Num correct: 311  Precision @ 1: 0.6074  AUC @ 1: 0.6973
Step 4800: loss = 0.5140 (0.011 sec)
Training Data Eval:
  Num examples: 3456  Num correct: 2924  Precision @ 1: 0.8461  AUC @ 1: 0.9186
Validation Data Eval:
  Num examples: 256  Num correct: 175  Precision @ 1: 0.6836  AUC @ 1: 0.7702
Test Data Eval:
  Num examples: 512  Num correct: 322  Precision @ 1: 0.6289  AUC @ 1: 0.7078
Step 5000: loss = 0.5924 (0.012 sec)
Training Data Eval:
  Num examples: 3456  Num correct: 2921  Precision @ 1: 0.8452  AUC @ 1: 0.9203
Validation Data Eval:
  Num examples: 256  Num correct: 172  Precision @ 1: 0.6719  AUC @ 1: 0.7708
Test Data Eval:
  Num examples: 512  Num correct: 326  Precision @ 1: 0.6367  AUC @ 1: 0.7062
Step 5200: loss = 0.4752 (0.011 sec)
Training Data Eval:
  Num examples: 3456  Num correct: 2954  Precision @ 1: 0.8547  AUC @ 1: 0.9287
Validation Data Eval:
  Num examples: 256  Num correct: 177  Precision @ 1: 0.6914  AUC @ 1: 0.7719
Test Data Eval:
  Num examples: 512  Num correct: 324  Precision @ 1: 0.6328  AUC @ 1: 0.7070
Step 5400: loss = 0.4763 (0.023 sec)
Training Data Eval:
  Num examples: 3456  Num correct: 2989  Precision @ 1: 0.8649  AUC @ 1: 0.9370
Validation Data Eval:
  Num examples: 256  Num correct: 175  Precision @ 1: 0.6836  AUC @ 1: 0.7715
Test Data Eval:
  Num examples: 512  Num correct: 327  Precision @ 1: 0.6387  AUC @ 1: 0.6988
Step 5600: loss = 0.4570 (0.010 sec)
Training Data Eval:
  Num examples: 3456  Num correct: 3026  Precision @ 1: 0.8756  AUC @ 1: 0.9481
Validation Data Eval:
  Num examples: 256  Num correct: 179  Precision @ 1: 0.6992  AUC @ 1: 0.7691
Test Data Eval:
  Num examples: 512  Num correct: 306  Precision @ 1: 0.5977  AUC @ 1: 0.6828
Step 5800: loss = 0.4310 (0.011 sec)
Training Data Eval:
  Num examples: 3456  Num correct: 3041  Precision @ 1: 0.8799  AUC @ 1: 0.9536
Validation Data Eval:
  Num examples: 256  Num correct: 178  Precision @ 1: 0.6953  AUC @ 1: 0.7731
Test Data Eval:
  Num examples: 512  Num correct: 312  Precision @ 1: 0.6094  AUC @ 1: 0.6783
Step 6000: loss = 0.4900 (0.013 sec)
Training Data Eval:
  Num examples: 3456  Num correct: 3074  Precision @ 1: 0.8895  AUC @ 1: 0.9578
Validation Data Eval:
  Num examples: 256  Num correct: 175  Precision @ 1: 0.6836  AUC @ 1: 0.7735
Test Data Eval:
  Num examples: 512  Num correct: 321  Precision @ 1: 0.6270  AUC @ 1: 0.6820
Step 6200: loss = 0.4021 (0.011 sec)
Training Data Eval:
  Num examples: 3456  Num correct: 3117  Precision @ 1: 0.9019  AUC @ 1: 0.9656
Validation Data Eval:
  Num examples: 256  Num correct: 180  Precision @ 1: 0.7031  AUC @ 1: 0.7696
Test Data Eval:
  Num examples: 512  Num correct: 325  Precision @ 1: 0.6348  AUC @ 1: 0.6842
Step 6400: loss = 0.4652 (0.012 sec)
Training Data Eval:
  Num examples: 3456  Num correct: 3117  Precision @ 1: 0.9019  AUC @ 1: 0.9676
Validation Data Eval:
  Num examples: 256  Num correct: 179  Precision @ 1: 0.6992  AUC @ 1: 0.7778
Test Data Eval:
  Num examples: 512  Num correct: 322  Precision @ 1: 0.6289  AUC @ 1: 0.6843
Step 6600: loss = 0.3647 (0.011 sec)
Training Data Eval:
  Num examples: 3456  Num correct: 3154  Precision @ 1: 0.9126  AUC @ 1: 0.9742
Validation Data Eval:
  Num examples: 256  Num correct: 178  Precision @ 1: 0.6953  AUC @ 1: 0.7756
Test Data Eval:
  Num examples: 512  Num correct: 311  Precision @ 1: 0.6074  AUC @ 1: 0.6612
Step 6800: loss = 0.3680 (0.011 sec)
Training Data Eval:
  Num examples: 3456  Num correct: 3185  Precision @ 1: 0.9216  AUC @ 1: 0.9768
Validation Data Eval:
  Num examples: 256  Num correct: 181  Precision @ 1: 0.7070  AUC @ 1: 0.7844
Test Data Eval:
  Num examples: 512  Num correct: 306  Precision @ 1: 0.5977  AUC @ 1: 0.6658
Step 7000: loss = 0.3415 (0.011 sec)
Training Data Eval:
  Num examples: 3456  Num correct: 3213  Precision @ 1: 0.9297  AUC @ 1: 0.9822
Validation Data Eval:
  Num examples: 256  Num correct: 186  Precision @ 1: 0.7266  AUC @ 1: 0.7819
Test Data Eval:
  Num examples: 512  Num correct: 306  Precision @ 1: 0.5977  AUC @ 1: 0.6581
Step 7200: loss = 0.4816 (0.011 sec)
Training Data Eval:
  Num examples: 3456  Num correct: 3234  Precision @ 1: 0.9358  AUC @ 1: 0.9868
Validation Data Eval:
  Num examples: 256  Num correct: 186  Precision @ 1: 0.7266  AUC @ 1: 0.7873
Test Data Eval:
  Num examples: 512  Num correct: 303  Precision @ 1: 0.5918  AUC @ 1: 0.6452
Step 7400: loss = 0.4166 (0.011 sec)
Training Data Eval:
  Num examples: 3456  Num correct: 3257  Precision @ 1: 0.9424  AUC @ 1: 0.9874
Validation Data Eval:
  Num examples: 256  Num correct: 185  Precision @ 1: 0.7227  AUC @ 1: 0.7880
Test Data Eval:
  Num examples: 512  Num correct: 307  Precision @ 1: 0.5996  AUC @ 1: 0.6495
Step 7600: loss = 0.3577 (0.011 sec)
Training Data Eval:
  Num examples: 3456  Num correct: 3273  Precision @ 1: 0.9470  AUC @ 1: 0.9898
Validation Data Eval:
  Num examples: 256  Num correct: 183  Precision @ 1: 0.7148  AUC @ 1: 0.7826
Test Data Eval:
  Num examples: 512  Num correct: 308  Precision @ 1: 0.6016  AUC @ 1: 0.6459
Step 7800: loss = 0.3323 (0.011 sec)
Training Data Eval:
  Num examples: 3456  Num correct: 3271  Precision @ 1: 0.9465  AUC @ 1: 0.9886
Validation Data Eval:
  Num examples: 256  Num correct: 182  Precision @ 1: 0.7109  AUC @ 1: 0.7856
Test Data Eval:
  Num examples: 512  Num correct: 316  Precision @ 1: 0.6172  AUC @ 1: 0.6661
Step 8000: loss = 0.3445 (0.011 sec)
Training Data Eval:
  Num examples: 3456  Num correct: 3325  Precision @ 1: 0.9621  AUC @ 1: 0.9924
Validation Data Eval:
  Num examples: 256  Num correct: 184  Precision @ 1: 0.7188  AUC @ 1: 0.7827
Test Data Eval:
  Num examples: 512  Num correct: 303  Precision @ 1: 0.5918  AUC @ 1: 0.6558
Step 8200: loss = 0.3432 (0.011 sec)
Training Data Eval:
  Num examples: 3456  Num correct: 3308  Precision @ 1: 0.9572  AUC @ 1: 0.9915
Validation Data Eval:
  Num examples: 256  Num correct: 185  Precision @ 1: 0.7227  AUC @ 1: 0.7902
Test Data Eval:
  Num examples: 512  Num correct: 311  Precision @ 1: 0.6074  AUC @ 1: 0.6616
Step 8400: loss = 0.2762 (0.011 sec)
Training Data Eval:
  Num examples: 3456  Num correct: 3323  Precision @ 1: 0.9615  AUC @ 1: 0.9939
Validation Data Eval:
  Num examples: 256  Num correct: 183  Precision @ 1: 0.7148  AUC @ 1: 0.7861
Test Data Eval:
  Num examples: 512  Num correct: 319  Precision @ 1: 0.6230  AUC @ 1: 0.6618
Step 8600: loss = 0.2452 (0.011 sec)
Training Data Eval:
  Num examples: 3456  Num correct: 3357  Precision @ 1: 0.9714  AUC @ 1: 0.9964
Validation Data Eval:
  Num examples: 256  Num correct: 183  Precision @ 1: 0.7148  AUC @ 1: 0.7928
Test Data Eval:
  Num examples: 512  Num correct: 299  Precision @ 1: 0.5840  AUC @ 1: 0.6475
Step 8800: loss = 0.2578 (0.011 sec)
Training Data Eval:
  Num examples: 3456  Num correct: 3382  Precision @ 1: 0.9786  AUC @ 1: 0.9973
Validation Data Eval:
  Num examples: 256  Num correct: 188  Precision @ 1: 0.7344  AUC @ 1: 0.7879
Test Data Eval:
  Num examples: 512  Num correct: 300  Precision @ 1: 0.5859  AUC @ 1: 0.6256
Step 9000: loss = 0.2480 (0.012 sec)
Training Data Eval:
  Num examples: 3456  Num correct: 3408  Precision @ 1: 0.9861  AUC @ 1: 0.9984
Validation Data Eval:
  Num examples: 256  Num correct: 187  Precision @ 1: 0.7305  AUC @ 1: 0.7897
Test Data Eval:
  Num examples: 512  Num correct: 312  Precision @ 1: 0.6094  AUC @ 1: 0.6418
Step 9200: loss = 0.2575 (0.011 sec)
Training Data Eval:
  Num examples: 3456  Num correct: 3384  Precision @ 1: 0.9792  AUC @ 1: 0.9977
Validation Data Eval:
  Num examples: 256  Num correct: 187  Precision @ 1: 0.7305  AUC @ 1: 0.7943
Test Data Eval:
  Num examples: 512  Num correct: 311  Precision @ 1: 0.6074  AUC @ 1: 0.6419
Step 9400: loss = 0.2485 (0.011 sec)
Training Data Eval:
  Num examples: 3456  Num correct: 3409  Precision @ 1: 0.9864  AUC @ 1: 0.9983
Validation Data Eval:
  Num examples: 256  Num correct: 187  Precision @ 1: 0.7305  AUC @ 1: 0.7898
Test Data Eval:
  Num examples: 512  Num correct: 304  Precision @ 1: 0.5938  AUC @ 1: 0.6344
Step 9600: loss = 0.1998 (0.011 sec)
Training Data Eval:
  Num examples: 3456  Num correct: 3420  Precision @ 1: 0.9896  AUC @ 1: 0.9986
Validation Data Eval:
  Num examples: 256  Num correct: 186  Precision @ 1: 0.7266  AUC @ 1: 0.7927
Test Data Eval:
  Num examples: 512  Num correct: 308  Precision @ 1: 0.6016  AUC @ 1: 0.6452
Step 9800: loss = 0.2241 (0.010 sec)
Training Data Eval:
  Num examples: 3456  Num correct: 3422  Precision @ 1: 0.9902  AUC @ 1: 0.9986
Validation Data Eval:
  Num examples: 256  Num correct: 188  Precision @ 1: 0.7344  AUC @ 1: 0.7919
Test Data Eval:
  Num examples: 512  Num correct: 300  Precision @ 1: 0.5859  AUC @ 1: 0.6422
