Training data shape: 	(3822, 64, 30, 1)
Training label shape:	(3822,)
Testing data shape:  	(513, 64, 30, 1)
Testing label shape: 	(513,)
max input value is: 72.5247
min input value is: -75.9911
random permuted training data
==============================================================================
Model: 			inference_global_s_cnn
Tensor Name: 	Placeholder:0
[128, 64, 30, 1]
==============================================================================
Tensor Name: conv1/conv1:0
[128, 1, 30, 64]
==============================================================================
Tensor Name: MaxPool:0
[128, 1, 15, 64]
==============================================================================
Tensor Name: local1/local1:0
[128, 128]
==============================================================================
Tensor Name: local2/local2:0
[128, 128]
==============================================================================
Tensor Name: softmax_linear/softmax_linear:0
[128, 2]
Step 0: loss = 1.0405 (0.046 sec)
Training Data Eval:
  Num examples: 3456  Num correct: 1887  Precision @ 1: 0.5460  AUC @ 1: 0.6826
Validation Data Eval:
  Num examples: 256  Num correct: 148  Precision @ 1: 0.5781  AUC @ 1: 0.6708
Test Data Eval:
  Num examples: 512  Num correct: 287  Precision @ 1: 0.5605  AUC @ 1: 0.7424
Step 200: loss = 0.9832 (0.021 sec)
Training Data Eval:
  Num examples: 3456  Num correct: 2165  Precision @ 1: 0.6264  AUC @ 1: 0.6989
Validation Data Eval:
  Num examples: 256  Num correct: 163  Precision @ 1: 0.6367  AUC @ 1: 0.6871
Test Data Eval:
  Num examples: 512  Num correct: 335  Precision @ 1: 0.6543  AUC @ 1: 0.7251
Step 400: loss = 0.9841 (0.023 sec)
Training Data Eval:
  Num examples: 3456  Num correct: 2262  Precision @ 1: 0.6545  AUC @ 1: 0.7145
Validation Data Eval:
  Num examples: 256  Num correct: 168  Precision @ 1: 0.6562  AUC @ 1: 0.7262
Test Data Eval:
  Num examples: 512  Num correct: 330  Precision @ 1: 0.6445  AUC @ 1: 0.7354
Step 600: loss = 0.9219 (0.021 sec)
Training Data Eval:
  Num examples: 3456  Num correct: 2366  Precision @ 1: 0.6846  AUC @ 1: 0.7506
Validation Data Eval:
  Num examples: 256  Num correct: 176  Precision @ 1: 0.6875  AUC @ 1: 0.7570
Test Data Eval:
  Num examples: 512  Num correct: 340  Precision @ 1: 0.6641  AUC @ 1: 0.7484
Step 800: loss = 0.9153 (0.022 sec)
Training Data Eval:
  Num examples: 3456  Num correct: 2426  Precision @ 1: 0.7020  AUC @ 1: 0.7736
Validation Data Eval:
  Num examples: 256  Num correct: 180  Precision @ 1: 0.7031  AUC @ 1: 0.7694
Test Data Eval:
  Num examples: 512  Num correct: 342  Precision @ 1: 0.6680  AUC @ 1: 0.7542
Step 1000: loss = 0.9121 (0.022 sec)
Training Data Eval:
  Num examples: 3456  Num correct: 2475  Precision @ 1: 0.7161  AUC @ 1: 0.7946
Validation Data Eval:
  Num examples: 256  Num correct: 179  Precision @ 1: 0.6992  AUC @ 1: 0.7795
Test Data Eval:
  Num examples: 512  Num correct: 352  Precision @ 1: 0.6875  AUC @ 1: 0.7554
Step 1200: loss = 0.8508 (0.021 sec)
Training Data Eval:
  Num examples: 3456  Num correct: 2546  Precision @ 1: 0.7367  AUC @ 1: 0.8141
Validation Data Eval:
  Num examples: 256  Num correct: 181  Precision @ 1: 0.7070  AUC @ 1: 0.7835
Test Data Eval:
  Num examples: 512  Num correct: 342  Precision @ 1: 0.6680  AUC @ 1: 0.7477
Step 1400: loss = 0.8446 (0.022 sec)
Training Data Eval:
  Num examples: 3456  Num correct: 2607  Precision @ 1: 0.7543  AUC @ 1: 0.8402
Validation Data Eval:
  Num examples: 256  Num correct: 177  Precision @ 1: 0.6914  AUC @ 1: 0.7869
Test Data Eval:
  Num examples: 512  Num correct: 350  Precision @ 1: 0.6836  AUC @ 1: 0.7475
Step 1600: loss = 0.8391 (0.021 sec)
Training Data Eval:
  Num examples: 3456  Num correct: 2656  Precision @ 1: 0.7685  AUC @ 1: 0.8472
Validation Data Eval:
  Num examples: 256  Num correct: 185  Precision @ 1: 0.7227  AUC @ 1: 0.7889
Test Data Eval:
  Num examples: 512  Num correct: 352  Precision @ 1: 0.6875  AUC @ 1: 0.7462
Step 1800: loss = 0.7963 (0.022 sec)
Training Data Eval:
  Num examples: 3456  Num correct: 2716  Precision @ 1: 0.7859  AUC @ 1: 0.8689
Validation Data Eval:
  Num examples: 256  Num correct: 179  Precision @ 1: 0.6992  AUC @ 1: 0.7949
Test Data Eval:
  Num examples: 512  Num correct: 351  Precision @ 1: 0.6855  AUC @ 1: 0.7436
Step 2000: loss = 0.8358 (0.021 sec)
Training Data Eval:
  Num examples: 3456  Num correct: 2837  Precision @ 1: 0.8209  AUC @ 1: 0.8989
Validation Data Eval:
  Num examples: 256  Num correct: 181  Precision @ 1: 0.7070  AUC @ 1: 0.7952
Test Data Eval:
  Num examples: 512  Num correct: 351  Precision @ 1: 0.6855  AUC @ 1: 0.7403
Step 2200: loss = 0.7308 (0.021 sec)
Training Data Eval:
  Num examples: 3456  Num correct: 2881  Precision @ 1: 0.8336  AUC @ 1: 0.9110
Validation Data Eval:
  Num examples: 256  Num correct: 185  Precision @ 1: 0.7227  AUC @ 1: 0.7940
Test Data Eval:
  Num examples: 512  Num correct: 338  Precision @ 1: 0.6602  AUC @ 1: 0.7328
Step 2400: loss = 0.7044 (0.021 sec)
Training Data Eval:
  Num examples: 3456  Num correct: 2948  Precision @ 1: 0.8530  AUC @ 1: 0.9241
Validation Data Eval:
  Num examples: 256  Num correct: 177  Precision @ 1: 0.6914  AUC @ 1: 0.7966
Test Data Eval:
  Num examples: 512  Num correct: 345  Precision @ 1: 0.6738  AUC @ 1: 0.7287
Step 2600: loss = 0.7981 (0.021 sec)
Training Data Eval:
  Num examples: 3456  Num correct: 2816  Precision @ 1: 0.8148  AUC @ 1: 0.9332
Validation Data Eval:
  Num examples: 256  Num correct: 181  Precision @ 1: 0.7070  AUC @ 1: 0.7992
Test Data Eval:
  Num examples: 512  Num correct: 336  Precision @ 1: 0.6562  AUC @ 1: 0.7346
Step 2800: loss = 0.7383 (0.021 sec)
Training Data Eval:
  Num examples: 3456  Num correct: 3070  Precision @ 1: 0.8883  AUC @ 1: 0.9547
Validation Data Eval:
  Num examples: 256  Num correct: 187  Precision @ 1: 0.7305  AUC @ 1: 0.8057
Test Data Eval:
  Num examples: 512  Num correct: 331  Precision @ 1: 0.6465  AUC @ 1: 0.7246
Step 3000: loss = 0.6087 (0.021 sec)
Training Data Eval:
  Num examples: 3456  Num correct: 3149  Precision @ 1: 0.9112  AUC @ 1: 0.9664
Validation Data Eval:
  Num examples: 256  Num correct: 182  Precision @ 1: 0.7109  AUC @ 1: 0.8037
Test Data Eval:
  Num examples: 512  Num correct: 329  Precision @ 1: 0.6426  AUC @ 1: 0.7121
Step 3200: loss = 0.6427 (0.021 sec)
Training Data Eval:
  Num examples: 3456  Num correct: 3213  Precision @ 1: 0.9297  AUC @ 1: 0.9802
Validation Data Eval:
  Num examples: 256  Num correct: 188  Precision @ 1: 0.7344  AUC @ 1: 0.8097
Test Data Eval:
  Num examples: 512  Num correct: 328  Precision @ 1: 0.6406  AUC @ 1: 0.7166
Step 3400: loss = 0.5584 (0.021 sec)
Training Data Eval:
  Num examples: 3456  Num correct: 3252  Precision @ 1: 0.9410  AUC @ 1: 0.9827
Validation Data Eval:
  Num examples: 256  Num correct: 187  Precision @ 1: 0.7305  AUC @ 1: 0.8144
Test Data Eval:
  Num examples: 512  Num correct: 328  Precision @ 1: 0.6406  AUC @ 1: 0.7108
Step 3600: loss = 0.6051 (0.021 sec)
Training Data Eval:
  Num examples: 3456  Num correct: 3258  Precision @ 1: 0.9427  AUC @ 1: 0.9921
Validation Data Eval:
  Num examples: 256  Num correct: 189  Precision @ 1: 0.7383  AUC @ 1: 0.8184
Test Data Eval:
  Num examples: 512  Num correct: 330  Precision @ 1: 0.6445  AUC @ 1: 0.7121
Step 3800: loss = 0.5889 (0.021 sec)
Training Data Eval:
  Num examples: 3456  Num correct: 3337  Precision @ 1: 0.9656  AUC @ 1: 0.9941
Validation Data Eval:
  Num examples: 256  Num correct: 189  Precision @ 1: 0.7383  AUC @ 1: 0.8216
Test Data Eval:
  Num examples: 512  Num correct: 331  Precision @ 1: 0.6465  AUC @ 1: 0.7156
Step 4000: loss = 0.5125 (0.021 sec)
Training Data Eval:
  Num examples: 3456  Num correct: 3383  Precision @ 1: 0.9789  AUC @ 1: 0.9980
Validation Data Eval:
  Num examples: 256  Num correct: 188  Precision @ 1: 0.7344  AUC @ 1: 0.8213
Test Data Eval:
  Num examples: 512  Num correct: 321  Precision @ 1: 0.6270  AUC @ 1: 0.7037
Step 4200: loss = 0.4932 (0.022 sec)
Training Data Eval:
  Num examples: 3456  Num correct: 3403  Precision @ 1: 0.9847  AUC @ 1: 0.9989
Validation Data Eval:
  Num examples: 256  Num correct: 191  Precision @ 1: 0.7461  AUC @ 1: 0.8127
Test Data Eval:
  Num examples: 512  Num correct: 320  Precision @ 1: 0.6250  AUC @ 1: 0.6977
Step 4400: loss = 0.4834 (0.021 sec)
Training Data Eval:
  Num examples: 3456  Num correct: 3365  Precision @ 1: 0.9737  AUC @ 1: 0.9995
Validation Data Eval:
  Num examples: 256  Num correct: 193  Precision @ 1: 0.7539  AUC @ 1: 0.8219
Test Data Eval:
  Num examples: 512  Num correct: 322  Precision @ 1: 0.6289  AUC @ 1: 0.6868
Step 4600: loss = 0.4647 (0.022 sec)
Training Data Eval:
  Num examples: 3456  Num correct: 3418  Precision @ 1: 0.9890  AUC @ 1: 0.9994
Validation Data Eval:
  Num examples: 256  Num correct: 196  Precision @ 1: 0.7656  AUC @ 1: 0.8233
Test Data Eval:
  Num examples: 512  Num correct: 319  Precision @ 1: 0.6230  AUC @ 1: 0.6986
Step 4800: loss = 0.4284 (0.021 sec)
Training Data Eval:
  Num examples: 3456  Num correct: 3434  Precision @ 1: 0.9936  AUC @ 1: 0.9999
Validation Data Eval:
  Num examples: 256  Num correct: 192  Precision @ 1: 0.7500  AUC @ 1: 0.8189
Test Data Eval:
  Num examples: 512  Num correct: 326  Precision @ 1: 0.6367  AUC @ 1: 0.7051
Step 5000: loss = 0.5174 (0.021 sec)
Training Data Eval:
  Num examples: 3456  Num correct: 3435  Precision @ 1: 0.9939  AUC @ 1: 0.9999
Validation Data Eval:
  Num examples: 256  Num correct: 192  Precision @ 1: 0.7500  AUC @ 1: 0.8244
Test Data Eval:
  Num examples: 512  Num correct: 328  Precision @ 1: 0.6406  AUC @ 1: 0.7079
Step 5200: loss = 0.4124 (0.021 sec)
Training Data Eval:
  Num examples: 3456  Num correct: 3439  Precision @ 1: 0.9951  AUC @ 1: 1.0000
Validation Data Eval:
  Num examples: 256  Num correct: 196  Precision @ 1: 0.7656  AUC @ 1: 0.8234
Test Data Eval:
  Num examples: 512  Num correct: 326  Precision @ 1: 0.6367  AUC @ 1: 0.7000
Step 5400: loss = 0.4079 (0.033 sec)
Training Data Eval:
  Num examples: 3456  Num correct: 3453  Precision @ 1: 0.9991  AUC @ 1: 1.0000
Validation Data Eval:
  Num examples: 256  Num correct: 191  Precision @ 1: 0.7461  AUC @ 1: 0.8136
Test Data Eval:
  Num examples: 512  Num correct: 314  Precision @ 1: 0.6133  AUC @ 1: 0.6990
Step 5600: loss = 0.3618 (0.021 sec)
Training Data Eval:
  Num examples: 3456  Num correct: 3451  Precision @ 1: 0.9986  AUC @ 1: 1.0000
Validation Data Eval:
  Num examples: 256  Num correct: 196  Precision @ 1: 0.7656  AUC @ 1: 0.8203
Test Data Eval:
  Num examples: 512  Num correct: 320  Precision @ 1: 0.6250  AUC @ 1: 0.7057
Step 5800: loss = 0.3537 (0.023 sec)
Training Data Eval:
  Num examples: 3456  Num correct: 3456  Precision @ 1: 1.0000  AUC @ 1: 1.0000
Validation Data Eval:
  Num examples: 256  Num correct: 194  Precision @ 1: 0.7578  AUC @ 1: 0.8211
Test Data Eval:
  Num examples: 512  Num correct: 324  Precision @ 1: 0.6328  AUC @ 1: 0.7065
Step 6000: loss = 0.3568 (0.021 sec)
Training Data Eval:
  Num examples: 3456  Num correct: 3454  Precision @ 1: 0.9994  AUC @ 1: 1.0000
Validation Data Eval:
  Num examples: 256  Num correct: 192  Precision @ 1: 0.7500  AUC @ 1: 0.8208
Test Data Eval:
  Num examples: 512  Num correct: 316  Precision @ 1: 0.6172  AUC @ 1: 0.7045
Step 6200: loss = 0.3268 (0.021 sec)
Training Data Eval:
  Num examples: 3456  Num correct: 3456  Precision @ 1: 1.0000  AUC @ 1: 1.0000
Validation Data Eval:
  Num examples: 256  Num correct: 195  Precision @ 1: 0.7617  AUC @ 1: 0.8196
Test Data Eval:
  Num examples: 512  Num correct: 321  Precision @ 1: 0.6270  AUC @ 1: 0.7036
Step 6400: loss = 0.3644 (0.022 sec)
Training Data Eval:
  Num examples: 3456  Num correct: 3456  Precision @ 1: 1.0000  AUC @ 1: 1.0000
Validation Data Eval:
  Num examples: 256  Num correct: 195  Precision @ 1: 0.7617  AUC @ 1: 0.8174
Test Data Eval:
  Num examples: 512  Num correct: 324  Precision @ 1: 0.6328  AUC @ 1: 0.7035
Step 6600: loss = 0.3396 (0.021 sec)
Training Data Eval:
  Num examples: 3456  Num correct: 3456  Precision @ 1: 1.0000  AUC @ 1: 1.0000
Validation Data Eval:
  Num examples: 256  Num correct: 196  Precision @ 1: 0.7656  AUC @ 1: 0.8216
Test Data Eval:
  Num examples: 512  Num correct: 333  Precision @ 1: 0.6504  AUC @ 1: 0.7004
Step 6800: loss = 0.3471 (0.021 sec)
Training Data Eval:
  Num examples: 3456  Num correct: 3456  Precision @ 1: 1.0000  AUC @ 1: 1.0000
Validation Data Eval:
  Num examples: 256  Num correct: 194  Precision @ 1: 0.7578  AUC @ 1: 0.8161
Test Data Eval:
  Num examples: 512  Num correct: 318  Precision @ 1: 0.6211  AUC @ 1: 0.7025
Step 7000: loss = 0.3299 (0.020 sec)
Training Data Eval:
  Num examples: 3456  Num correct: 3456  Precision @ 1: 1.0000  AUC @ 1: 1.0000
Validation Data Eval:
  Num examples: 256  Num correct: 196  Precision @ 1: 0.7656  AUC @ 1: 0.8204
Test Data Eval:
  Num examples: 512  Num correct: 317  Precision @ 1: 0.6191  AUC @ 1: 0.7002
Step 7200: loss = 0.3087 (0.021 sec)
Training Data Eval:
  Num examples: 3456  Num correct: 3456  Precision @ 1: 1.0000  AUC @ 1: 1.0000
Validation Data Eval:
  Num examples: 256  Num correct: 197  Precision @ 1: 0.7695  AUC @ 1: 0.8198
Test Data Eval:
  Num examples: 512  Num correct: 320  Precision @ 1: 0.6250  AUC @ 1: 0.6943
Step 7400: loss = 0.3181 (0.021 sec)
Training Data Eval:
  Num examples: 3456  Num correct: 3456  Precision @ 1: 1.0000  AUC @ 1: 1.0000
Validation Data Eval:
  Num examples: 256  Num correct: 193  Precision @ 1: 0.7539  AUC @ 1: 0.8204
Test Data Eval:
  Num examples: 512  Num correct: 325  Precision @ 1: 0.6348  AUC @ 1: 0.6965
Step 7600: loss = 0.3279 (0.021 sec)
Training Data Eval:
  Num examples: 3456  Num correct: 3456  Precision @ 1: 1.0000  AUC @ 1: 1.0000
Validation Data Eval:
  Num examples: 256  Num correct: 196  Precision @ 1: 0.7656  AUC @ 1: 0.8193
Test Data Eval:
  Num examples: 512  Num correct: 322  Precision @ 1: 0.6289  AUC @ 1: 0.6945
Step 7800: loss = 0.3200 (0.022 sec)
Training Data Eval:
  Num examples: 3456  Num correct: 3456  Precision @ 1: 1.0000  AUC @ 1: 1.0000
Validation Data Eval:
  Num examples: 256  Num correct: 196  Precision @ 1: 0.7656  AUC @ 1: 0.8206
Test Data Eval:
  Num examples: 512  Num correct: 324  Precision @ 1: 0.6328  AUC @ 1: 0.7019
Step 8000: loss = 0.2921 (0.021 sec)
Training Data Eval:
  Num examples: 3456  Num correct: 3456  Precision @ 1: 1.0000  AUC @ 1: 1.0000
Validation Data Eval:
  Num examples: 256  Num correct: 194  Precision @ 1: 0.7578  AUC @ 1: 0.8209
Test Data Eval:
  Num examples: 512  Num correct: 323  Precision @ 1: 0.6309  AUC @ 1: 0.7005
Step 8200: loss = 0.2924 (0.022 sec)
Training Data Eval:
  Num examples: 3456  Num correct: 3456  Precision @ 1: 1.0000  AUC @ 1: 1.0000
Validation Data Eval:
  Num examples: 256  Num correct: 192  Precision @ 1: 0.7500  AUC @ 1: 0.8178
Test Data Eval:
  Num examples: 512  Num correct: 322  Precision @ 1: 0.6289  AUC @ 1: 0.7030
Step 8400: loss = 0.2901 (0.022 sec)
Training Data Eval:
  Num examples: 3456  Num correct: 3456  Precision @ 1: 1.0000  AUC @ 1: 1.0000
Validation Data Eval:
  Num examples: 256  Num correct: 196  Precision @ 1: 0.7656  AUC @ 1: 0.8218
Test Data Eval:
  Num examples: 512  Num correct: 318  Precision @ 1: 0.6211  AUC @ 1: 0.7008
Step 8600: loss = 0.2855 (0.021 sec)
Training Data Eval:
  Num examples: 3456  Num correct: 3456  Precision @ 1: 1.0000  AUC @ 1: 1.0000
Validation Data Eval:
  Num examples: 256  Num correct: 195  Precision @ 1: 0.7617  AUC @ 1: 0.8201
Test Data Eval:
  Num examples: 512  Num correct: 321  Precision @ 1: 0.6270  AUC @ 1: 0.7047
Step 8800: loss = 0.3167 (0.021 sec)
Training Data Eval:
  Num examples: 3456  Num correct: 3456  Precision @ 1: 1.0000  AUC @ 1: 1.0000
Validation Data Eval:
  Num examples: 256  Num correct: 192  Precision @ 1: 0.7500  AUC @ 1: 0.8186
Test Data Eval:
  Num examples: 512  Num correct: 325  Precision @ 1: 0.6348  AUC @ 1: 0.7081
Step 9000: loss = 0.2641 (0.021 sec)
Training Data Eval:
  Num examples: 3456  Num correct: 3456  Precision @ 1: 1.0000  AUC @ 1: 1.0000
Validation Data Eval:
  Num examples: 256  Num correct: 194  Precision @ 1: 0.7578  AUC @ 1: 0.8193
Test Data Eval:
  Num examples: 512  Num correct: 329  Precision @ 1: 0.6426  AUC @ 1: 0.7032
Step 9200: loss = 0.2670 (0.022 sec)
Training Data Eval:
  Num examples: 3456  Num correct: 3456  Precision @ 1: 1.0000  AUC @ 1: 1.0000
Validation Data Eval:
  Num examples: 256  Num correct: 191  Precision @ 1: 0.7461  AUC @ 1: 0.8198
Test Data Eval:
  Num examples: 512  Num correct: 321  Precision @ 1: 0.6270  AUC @ 1: 0.7118
Step 9400: loss = 0.2860 (0.021 sec)
Training Data Eval:
  Num examples: 3456  Num correct: 3456  Precision @ 1: 1.0000  AUC @ 1: 1.0000
Validation Data Eval:
  Num examples: 256  Num correct: 192  Precision @ 1: 0.7500  AUC @ 1: 0.8179
Test Data Eval:
  Num examples: 512  Num correct: 328  Precision @ 1: 0.6406  AUC @ 1: 0.6999
Step 9600: loss = 0.2838 (0.021 sec)
Training Data Eval:
  Num examples: 3456  Num correct: 3456  Precision @ 1: 1.0000  AUC @ 1: 1.0000
Validation Data Eval:
  Num examples: 256  Num correct: 191  Precision @ 1: 0.7461  AUC @ 1: 0.8223
Test Data Eval:
  Num examples: 512  Num correct: 325  Precision @ 1: 0.6348  AUC @ 1: 0.7057
Step 9800: loss = 0.2834 (0.022 sec)
Training Data Eval:
  Num examples: 3456  Num correct: 3456  Precision @ 1: 1.0000  AUC @ 1: 1.0000
Validation Data Eval:
  Num examples: 256  Num correct: 193  Precision @ 1: 0.7539  AUC @ 1: 0.8165
Test Data Eval:
  Num examples: 512  Num correct: 323  Precision @ 1: 0.6309  AUC @ 1: 0.7000
