Training data shape: 	(3822, 64, 30, 1)
Training label shape:	(3822,)
Testing data shape:  	(513, 64, 30, 1)
Testing label shape: 	(513,)
max input value is: 72.5247
min input value is: -75.9911
random permuted training data
==============================================================================
Model: 			inference_global_s_cnn
Tensor Name: 	Placeholder:0
[128, 64, 30, 1]
==============================================================================
Tensor Name: conv1/conv1:0
[128, 1, 30, 8]
==============================================================================
Tensor Name: MaxPool:0
[128, 1, 15, 8]
==============================================================================
Tensor Name: local1/local1:0
[128, 128]
==============================================================================
Tensor Name: local2/local2:0
[128, 128]
==============================================================================
Tensor Name: softmax_linear/softmax_linear:0
[128, 2]
Step 0: loss = 0.7733 (0.034 sec)
Training Data Eval:
  Num examples: 3456  Num correct: 1964  Precision @ 1: 0.5683  AUC @ 1: 0.6762
Validation Data Eval:
  Num examples: 256  Num correct: 136  Precision @ 1: 0.5312  AUC @ 1: 0.6377
Test Data Eval:
  Num examples: 512  Num correct: 287  Precision @ 1: 0.5605  AUC @ 1: 0.7436
Step 200: loss = 0.7473 (0.010 sec)
Training Data Eval:
  Num examples: 3456  Num correct: 2070  Precision @ 1: 0.5990  AUC @ 1: 0.6844
Validation Data Eval:
  Num examples: 256  Num correct: 137  Precision @ 1: 0.5352  AUC @ 1: 0.6270
Test Data Eval:
  Num examples: 512  Num correct: 331  Precision @ 1: 0.6465  AUC @ 1: 0.7373
Step 400: loss = 0.7509 (0.009 sec)
Training Data Eval:
  Num examples: 3456  Num correct: 2167  Precision @ 1: 0.6270  AUC @ 1: 0.6932
Validation Data Eval:
  Num examples: 256  Num correct: 146  Precision @ 1: 0.5703  AUC @ 1: 0.6276
Test Data Eval:
  Num examples: 512  Num correct: 336  Precision @ 1: 0.6562  AUC @ 1: 0.7319
Step 600: loss = 0.7305 (0.009 sec)
Training Data Eval:
  Num examples: 3456  Num correct: 2268  Precision @ 1: 0.6562  AUC @ 1: 0.7083
Validation Data Eval:
  Num examples: 256  Num correct: 157  Precision @ 1: 0.6133  AUC @ 1: 0.6428
Test Data Eval:
  Num examples: 512  Num correct: 331  Precision @ 1: 0.6465  AUC @ 1: 0.7336
Step 800: loss = 0.7095 (0.010 sec)
Training Data Eval:
  Num examples: 3456  Num correct: 2316  Precision @ 1: 0.6701  AUC @ 1: 0.7339
Validation Data Eval:
  Num examples: 256  Num correct: 156  Precision @ 1: 0.6094  AUC @ 1: 0.6714
Test Data Eval:
  Num examples: 512  Num correct: 347  Precision @ 1: 0.6777  AUC @ 1: 0.7413
Step 1000: loss = 0.6354 (0.010 sec)
Training Data Eval:
  Num examples: 3456  Num correct: 2355  Precision @ 1: 0.6814  AUC @ 1: 0.7478
Validation Data Eval:
  Num examples: 256  Num correct: 162  Precision @ 1: 0.6328  AUC @ 1: 0.6904
Test Data Eval:
  Num examples: 512  Num correct: 339  Precision @ 1: 0.6621  AUC @ 1: 0.7387
Step 1200: loss = 0.6571 (0.009 sec)
Training Data Eval:
  Num examples: 3456  Num correct: 2392  Precision @ 1: 0.6921  AUC @ 1: 0.7618
Validation Data Eval:
  Num examples: 256  Num correct: 166  Precision @ 1: 0.6484  AUC @ 1: 0.7028
Test Data Eval:
  Num examples: 512  Num correct: 343  Precision @ 1: 0.6699  AUC @ 1: 0.7328
Step 1400: loss = 0.6659 (0.009 sec)
Training Data Eval:
  Num examples: 3456  Num correct: 2395  Precision @ 1: 0.6930  AUC @ 1: 0.7712
Validation Data Eval:
  Num examples: 256  Num correct: 156  Precision @ 1: 0.6094  AUC @ 1: 0.7073
Test Data Eval:
  Num examples: 512  Num correct: 351  Precision @ 1: 0.6855  AUC @ 1: 0.7483
Step 1600: loss = 0.6739 (0.009 sec)
Training Data Eval:
  Num examples: 3456  Num correct: 2445  Precision @ 1: 0.7075  AUC @ 1: 0.7811
Validation Data Eval:
  Num examples: 256  Num correct: 161  Precision @ 1: 0.6289  AUC @ 1: 0.7151
Test Data Eval:
  Num examples: 512  Num correct: 345  Precision @ 1: 0.6738  AUC @ 1: 0.7374
Step 1800: loss = 0.6532 (0.009 sec)
Training Data Eval:
  Num examples: 3456  Num correct: 2440  Precision @ 1: 0.7060  AUC @ 1: 0.7825
Validation Data Eval:
  Num examples: 256  Num correct: 163  Precision @ 1: 0.6367  AUC @ 1: 0.7164
Test Data Eval:
  Num examples: 512  Num correct: 341  Precision @ 1: 0.6660  AUC @ 1: 0.7352
Step 2000: loss = 0.5840 (0.010 sec)
Training Data Eval:
  Num examples: 3456  Num correct: 2438  Precision @ 1: 0.7054  AUC @ 1: 0.7844
Validation Data Eval:
  Num examples: 256  Num correct: 159  Precision @ 1: 0.6211  AUC @ 1: 0.7162
Test Data Eval:
  Num examples: 512  Num correct: 335  Precision @ 1: 0.6543  AUC @ 1: 0.7338
Step 2200: loss = 0.6937 (0.010 sec)
Training Data Eval:
  Num examples: 3456  Num correct: 2462  Precision @ 1: 0.7124  AUC @ 1: 0.7929
Validation Data Eval:
  Num examples: 256  Num correct: 162  Precision @ 1: 0.6328  AUC @ 1: 0.7164
Test Data Eval:
  Num examples: 512  Num correct: 329  Precision @ 1: 0.6426  AUC @ 1: 0.7302
Step 2400: loss = 0.6313 (0.010 sec)
Training Data Eval:
  Num examples: 3456  Num correct: 2525  Precision @ 1: 0.7306  AUC @ 1: 0.8074
Validation Data Eval:
  Num examples: 256  Num correct: 159  Precision @ 1: 0.6211  AUC @ 1: 0.7122
Test Data Eval:
  Num examples: 512  Num correct: 340  Precision @ 1: 0.6641  AUC @ 1: 0.7318
Step 2600: loss = 0.6094 (0.010 sec)
Training Data Eval:
  Num examples: 3456  Num correct: 2527  Precision @ 1: 0.7312  AUC @ 1: 0.8078
Validation Data Eval:
  Num examples: 256  Num correct: 163  Precision @ 1: 0.6367  AUC @ 1: 0.7109
Test Data Eval:
  Num examples: 512  Num correct: 334  Precision @ 1: 0.6523  AUC @ 1: 0.7278
Step 2800: loss = 0.5681 (0.009 sec)
Training Data Eval:
  Num examples: 3456  Num correct: 2525  Precision @ 1: 0.7306  AUC @ 1: 0.8100
Validation Data Eval:
  Num examples: 256  Num correct: 163  Precision @ 1: 0.6367  AUC @ 1: 0.7116
Test Data Eval:
  Num examples: 512  Num correct: 349  Precision @ 1: 0.6816  AUC @ 1: 0.7311
Step 3000: loss = 0.5866 (0.009 sec)
Training Data Eval:
  Num examples: 3456  Num correct: 2608  Precision @ 1: 0.7546  AUC @ 1: 0.8309
Validation Data Eval:
  Num examples: 256  Num correct: 166  Precision @ 1: 0.6484  AUC @ 1: 0.7086
Test Data Eval:
  Num examples: 512  Num correct: 336  Precision @ 1: 0.6562  AUC @ 1: 0.7194
Step 3200: loss = 0.6031 (0.010 sec)
Training Data Eval:
  Num examples: 3456  Num correct: 2569  Precision @ 1: 0.7433  AUC @ 1: 0.8220
Validation Data Eval:
  Num examples: 256  Num correct: 168  Precision @ 1: 0.6562  AUC @ 1: 0.7077
Test Data Eval:
  Num examples: 512  Num correct: 348  Precision @ 1: 0.6797  AUC @ 1: 0.7236
Step 3400: loss = 0.5758 (0.010 sec)
Training Data Eval:
  Num examples: 3456  Num correct: 2617  Precision @ 1: 0.7572  AUC @ 1: 0.8294
Validation Data Eval:
  Num examples: 256  Num correct: 169  Precision @ 1: 0.6602  AUC @ 1: 0.7045
Test Data Eval:
  Num examples: 512  Num correct: 338  Precision @ 1: 0.6602  AUC @ 1: 0.7162
Step 3600: loss = 0.5750 (0.010 sec)
Training Data Eval:
  Num examples: 3456  Num correct: 2650  Precision @ 1: 0.7668  AUC @ 1: 0.8355
Validation Data Eval:
  Num examples: 256  Num correct: 170  Precision @ 1: 0.6641  AUC @ 1: 0.7014
Test Data Eval:
  Num examples: 512  Num correct: 336  Precision @ 1: 0.6562  AUC @ 1: 0.7147
Step 3800: loss = 0.5788 (0.010 sec)
Training Data Eval:
  Num examples: 3456  Num correct: 2630  Precision @ 1: 0.7610  AUC @ 1: 0.8386
Validation Data Eval:
  Num examples: 256  Num correct: 169  Precision @ 1: 0.6602  AUC @ 1: 0.7028
Test Data Eval:
  Num examples: 512  Num correct: 335  Precision @ 1: 0.6543  AUC @ 1: 0.7213
Step 4000: loss = 0.5222 (0.009 sec)
Training Data Eval:
  Num examples: 3456  Num correct: 2655  Precision @ 1: 0.7682  AUC @ 1: 0.8458
Validation Data Eval:
  Num examples: 256  Num correct: 169  Precision @ 1: 0.6602  AUC @ 1: 0.7028
Test Data Eval:
  Num examples: 512  Num correct: 333  Precision @ 1: 0.6504  AUC @ 1: 0.7158
Step 4200: loss = 0.5956 (0.010 sec)
Training Data Eval:
  Num examples: 3456  Num correct: 2666  Precision @ 1: 0.7714  AUC @ 1: 0.8520
Validation Data Eval:
  Num examples: 256  Num correct: 170  Precision @ 1: 0.6641  AUC @ 1: 0.7037
Test Data Eval:
  Num examples: 512  Num correct: 339  Precision @ 1: 0.6621  AUC @ 1: 0.7156
Step 4400: loss = 0.5275 (0.009 sec)
Training Data Eval:
  Num examples: 3456  Num correct: 2649  Precision @ 1: 0.7665  AUC @ 1: 0.8485
Validation Data Eval:
  Num examples: 256  Num correct: 165  Precision @ 1: 0.6445  AUC @ 1: 0.7036
Test Data Eval:
  Num examples: 512  Num correct: 327  Precision @ 1: 0.6387  AUC @ 1: 0.7171
Step 4600: loss = 0.6001 (0.010 sec)
Training Data Eval:
  Num examples: 3456  Num correct: 2656  Precision @ 1: 0.7685  AUC @ 1: 0.8523
Validation Data Eval:
  Num examples: 256  Num correct: 170  Precision @ 1: 0.6641  AUC @ 1: 0.7044
Test Data Eval:
  Num examples: 512  Num correct: 334  Precision @ 1: 0.6523  AUC @ 1: 0.7221
Step 4800: loss = 0.5325 (0.009 sec)
Training Data Eval:
  Num examples: 3456  Num correct: 2711  Precision @ 1: 0.7844  AUC @ 1: 0.8664
Validation Data Eval:
  Num examples: 256  Num correct: 166  Precision @ 1: 0.6484  AUC @ 1: 0.7075
Test Data Eval:
  Num examples: 512  Num correct: 339  Precision @ 1: 0.6621  AUC @ 1: 0.7161
Step 5000: loss = 0.6016 (0.010 sec)
Training Data Eval:
  Num examples: 3456  Num correct: 2724  Precision @ 1: 0.7882  AUC @ 1: 0.8703
Validation Data Eval:
  Num examples: 256  Num correct: 166  Precision @ 1: 0.6484  AUC @ 1: 0.7028
Test Data Eval:
  Num examples: 512  Num correct: 329  Precision @ 1: 0.6426  AUC @ 1: 0.7115
Step 5200: loss = 0.4723 (0.010 sec)
Training Data Eval:
  Num examples: 3456  Num correct: 2751  Precision @ 1: 0.7960  AUC @ 1: 0.8757
Validation Data Eval:
  Num examples: 256  Num correct: 172  Precision @ 1: 0.6719  AUC @ 1: 0.7088
Test Data Eval:
  Num examples: 512  Num correct: 337  Precision @ 1: 0.6582  AUC @ 1: 0.7131
Step 5400: loss = 0.4697 (0.018 sec)
Training Data Eval:
  Num examples: 3456  Num correct: 2778  Precision @ 1: 0.8038  AUC @ 1: 0.8839
Validation Data Eval:
  Num examples: 256  Num correct: 161  Precision @ 1: 0.6289  AUC @ 1: 0.7042
Test Data Eval:
  Num examples: 512  Num correct: 340  Precision @ 1: 0.6641  AUC @ 1: 0.7087
Step 5600: loss = 0.5713 (0.009 sec)
Training Data Eval:
  Num examples: 3456  Num correct: 2782  Precision @ 1: 0.8050  AUC @ 1: 0.8874
Validation Data Eval:
  Num examples: 256  Num correct: 168  Precision @ 1: 0.6562  AUC @ 1: 0.7064
Test Data Eval:
  Num examples: 512  Num correct: 340  Precision @ 1: 0.6641  AUC @ 1: 0.7000
Step 5800: loss = 0.4793 (0.011 sec)
Training Data Eval:
  Num examples: 3456  Num correct: 2771  Precision @ 1: 0.8018  AUC @ 1: 0.8872
Validation Data Eval:
  Num examples: 256  Num correct: 163  Precision @ 1: 0.6367  AUC @ 1: 0.7101
Test Data Eval:
  Num examples: 512  Num correct: 335  Precision @ 1: 0.6543  AUC @ 1: 0.7004
Step 6000: loss = 0.4992 (0.010 sec)
Training Data Eval:
  Num examples: 3456  Num correct: 2818  Precision @ 1: 0.8154  AUC @ 1: 0.8991
Validation Data Eval:
  Num examples: 256  Num correct: 166  Precision @ 1: 0.6484  AUC @ 1: 0.7088
Test Data Eval:
  Num examples: 512  Num correct: 332  Precision @ 1: 0.6484  AUC @ 1: 0.7040
Step 6200: loss = 0.4758 (0.009 sec)
Training Data Eval:
  Num examples: 3456  Num correct: 2831  Precision @ 1: 0.8192  AUC @ 1: 0.8995
Validation Data Eval:
  Num examples: 256  Num correct: 165  Precision @ 1: 0.6445  AUC @ 1: 0.7069
Test Data Eval:
  Num examples: 512  Num correct: 337  Precision @ 1: 0.6582  AUC @ 1: 0.6960
Step 6400: loss = 0.5585 (0.009 sec)
Training Data Eval:
  Num examples: 3456  Num correct: 2848  Precision @ 1: 0.8241  AUC @ 1: 0.9015
Validation Data Eval:
  Num examples: 256  Num correct: 162  Precision @ 1: 0.6328  AUC @ 1: 0.7116
Test Data Eval:
  Num examples: 512  Num correct: 326  Precision @ 1: 0.6367  AUC @ 1: 0.6935
Step 6600: loss = 0.4862 (0.009 sec)
Training Data Eval:
  Num examples: 3456  Num correct: 2833  Precision @ 1: 0.8197  AUC @ 1: 0.9012
Validation Data Eval:
  Num examples: 256  Num correct: 165  Precision @ 1: 0.6445  AUC @ 1: 0.7078
Test Data Eval:
  Num examples: 512  Num correct: 336  Precision @ 1: 0.6562  AUC @ 1: 0.7066
Step 6800: loss = 0.5198 (0.009 sec)
Training Data Eval:
  Num examples: 3456  Num correct: 2893  Precision @ 1: 0.8371  AUC @ 1: 0.9130
Validation Data Eval:
  Num examples: 256  Num correct: 169  Precision @ 1: 0.6602  AUC @ 1: 0.7151
Test Data Eval:
  Num examples: 512  Num correct: 339  Precision @ 1: 0.6621  AUC @ 1: 0.6953
Step 7000: loss = 0.4441 (0.009 sec)
Training Data Eval:
  Num examples: 3456  Num correct: 2858  Precision @ 1: 0.8270  AUC @ 1: 0.9120
Validation Data Eval:
  Num examples: 256  Num correct: 170  Precision @ 1: 0.6641  AUC @ 1: 0.7206
Test Data Eval:
  Num examples: 512  Num correct: 342  Precision @ 1: 0.6680  AUC @ 1: 0.7011
Step 7200: loss = 0.4228 (0.009 sec)
Training Data Eval:
  Num examples: 3456  Num correct: 2909  Precision @ 1: 0.8417  AUC @ 1: 0.9183
Validation Data Eval:
  Num examples: 256  Num correct: 170  Precision @ 1: 0.6641  AUC @ 1: 0.7142
Test Data Eval:
  Num examples: 512  Num correct: 333  Precision @ 1: 0.6504  AUC @ 1: 0.6887
Step 7400: loss = 0.5258 (0.009 sec)
Training Data Eval:
  Num examples: 3456  Num correct: 2860  Precision @ 1: 0.8275  AUC @ 1: 0.9178
Validation Data Eval:
  Num examples: 256  Num correct: 165  Precision @ 1: 0.6445  AUC @ 1: 0.7143
Test Data Eval:
  Num examples: 512  Num correct: 332  Precision @ 1: 0.6484  AUC @ 1: 0.6986
Step 7600: loss = 0.5137 (0.010 sec)
Training Data Eval:
  Num examples: 3456  Num correct: 2948  Precision @ 1: 0.8530  AUC @ 1: 0.9291
Validation Data Eval:
  Num examples: 256  Num correct: 168  Precision @ 1: 0.6562  AUC @ 1: 0.7167
Test Data Eval:
  Num examples: 512  Num correct: 335  Precision @ 1: 0.6543  AUC @ 1: 0.6878
Step 7800: loss = 0.3968 (0.010 sec)
Training Data Eval:
  Num examples: 3456  Num correct: 2918  Precision @ 1: 0.8443  AUC @ 1: 0.9333
Validation Data Eval:
  Num examples: 256  Num correct: 166  Precision @ 1: 0.6484  AUC @ 1: 0.7126
Test Data Eval:
  Num examples: 512  Num correct: 337  Precision @ 1: 0.6582  AUC @ 1: 0.6947
Step 8000: loss = 0.5683 (0.010 sec)
Training Data Eval:
  Num examples: 3456  Num correct: 2966  Precision @ 1: 0.8582  AUC @ 1: 0.9377
Validation Data Eval:
  Num examples: 256  Num correct: 171  Precision @ 1: 0.6680  AUC @ 1: 0.7254
Test Data Eval:
  Num examples: 512  Num correct: 320  Precision @ 1: 0.6250  AUC @ 1: 0.6755
Step 8200: loss = 0.4677 (0.010 sec)
Training Data Eval:
  Num examples: 3456  Num correct: 2930  Precision @ 1: 0.8478  AUC @ 1: 0.9381
Validation Data Eval:
  Num examples: 256  Num correct: 172  Precision @ 1: 0.6719  AUC @ 1: 0.7235
Test Data Eval:
  Num examples: 512  Num correct: 314  Precision @ 1: 0.6133  AUC @ 1: 0.6603
Step 8400: loss = 0.4823 (0.009 sec)
Training Data Eval:
  Num examples: 3456  Num correct: 2986  Precision @ 1: 0.8640  AUC @ 1: 0.9448
Validation Data Eval:
  Num examples: 256  Num correct: 171  Precision @ 1: 0.6680  AUC @ 1: 0.7241
Test Data Eval:
  Num examples: 512  Num correct: 319  Precision @ 1: 0.6230  AUC @ 1: 0.6773
Step 8600: loss = 0.4083 (0.011 sec)
Training Data Eval:
  Num examples: 3456  Num correct: 3046  Precision @ 1: 0.8814  AUC @ 1: 0.9479
Validation Data Eval:
  Num examples: 256  Num correct: 173  Precision @ 1: 0.6758  AUC @ 1: 0.7273
Test Data Eval:
  Num examples: 512  Num correct: 339  Precision @ 1: 0.6621  AUC @ 1: 0.6864
Step 8800: loss = 0.3989 (0.009 sec)
Training Data Eval:
  Num examples: 3456  Num correct: 3026  Precision @ 1: 0.8756  AUC @ 1: 0.9493
Validation Data Eval:
  Num examples: 256  Num correct: 173  Precision @ 1: 0.6758  AUC @ 1: 0.7265
Test Data Eval:
  Num examples: 512  Num correct: 332  Precision @ 1: 0.6484  AUC @ 1: 0.6867
Step 9000: loss = 0.4449 (0.009 sec)
Training Data Eval:
  Num examples: 3456  Num correct: 3056  Precision @ 1: 0.8843  AUC @ 1: 0.9524
Validation Data Eval:
  Num examples: 256  Num correct: 173  Precision @ 1: 0.6758  AUC @ 1: 0.7338
Test Data Eval:
  Num examples: 512  Num correct: 318  Precision @ 1: 0.6211  AUC @ 1: 0.6724
Step 9200: loss = 0.3747 (0.009 sec)
Training Data Eval:
  Num examples: 3456  Num correct: 3072  Precision @ 1: 0.8889  AUC @ 1: 0.9560
Validation Data Eval:
  Num examples: 256  Num correct: 172  Precision @ 1: 0.6719  AUC @ 1: 0.7320
Test Data Eval:
  Num examples: 512  Num correct: 315  Precision @ 1: 0.6152  AUC @ 1: 0.6700
Step 9400: loss = 0.3566 (0.010 sec)
Training Data Eval:
  Num examples: 3456  Num correct: 3100  Precision @ 1: 0.8970  AUC @ 1: 0.9597
Validation Data Eval:
  Num examples: 256  Num correct: 175  Precision @ 1: 0.6836  AUC @ 1: 0.7381
Test Data Eval:
  Num examples: 512  Num correct: 322  Precision @ 1: 0.6289  AUC @ 1: 0.6789
Step 9600: loss = 0.4418 (0.010 sec)
Training Data Eval:
  Num examples: 3456  Num correct: 3088  Precision @ 1: 0.8935  AUC @ 1: 0.9598
Validation Data Eval:
  Num examples: 256  Num correct: 173  Precision @ 1: 0.6758  AUC @ 1: 0.7301
Test Data Eval:
  Num examples: 512  Num correct: 326  Precision @ 1: 0.6367  AUC @ 1: 0.6817
Step 9800: loss = 0.3233 (0.010 sec)
Training Data Eval:
  Num examples: 3456  Num correct: 3134  Precision @ 1: 0.9068  AUC @ 1: 0.9659
Validation Data Eval:
  Num examples: 256  Num correct: 174  Precision @ 1: 0.6797  AUC @ 1: 0.7392
Test Data Eval:
  Num examples: 512  Num correct: 320  Precision @ 1: 0.6250  AUC @ 1: 0.6636
