Training data shape: 	(3869, 64, 30, 2)
Training label shape:	(3869,)
Testing data shape:  	(466, 64, 30, 2)
Testing label shape: 	(466,)
max input value is: 3457.31
min input value is: -4872.95
random permuted training data
==============================================================================
Model: 			inference_global_s_cnn
Tensor Name: 	Placeholder:0
[128, 64, 30, 2]
==============================================================================
Tensor Name: conv1/conv1:0
[128, 1, 30, 4]
==============================================================================
Tensor Name: MaxPool:0
[128, 1, 15, 4]
==============================================================================
Tensor Name: local1/local1:0
[128, 128]
==============================================================================
Tensor Name: local2/local2:0
[128, 128]
==============================================================================
Tensor Name: softmax_linear/softmax_linear:0
[128, 2]
Step 0: loss = 0.7529 (0.033 sec)
Training Data Eval:
  Num examples: 3584  Num correct: 2028  Precision @ 1: 0.5658  AUC @ 1: 0.4999
Validation Data Eval:
  Num examples: 256  Num correct: 139  Precision @ 1: 0.5430  AUC @ 1: 0.4922
Test Data Eval:
  Num examples: 384  Num correct: 181  Precision @ 1: 0.4714  AUC @ 1: 0.2726
Step 200: loss = 0.7299 (0.013 sec)
Training Data Eval:
  Num examples: 3584  Num correct: 2043  Precision @ 1: 0.5700  AUC @ 1: 0.5798
Validation Data Eval:
  Num examples: 256  Num correct: 139  Precision @ 1: 0.5430  AUC @ 1: 0.5180
Test Data Eval:
  Num examples: 384  Num correct: 216  Precision @ 1: 0.5625  AUC @ 1: 0.4975
Step 400: loss = 0.7596 (0.012 sec)
Training Data Eval:
  Num examples: 3584  Num correct: 2098  Precision @ 1: 0.5854  AUC @ 1: 0.6356
Validation Data Eval:
  Num examples: 256  Num correct: 140  Precision @ 1: 0.5469  AUC @ 1: 0.5292
Test Data Eval:
  Num examples: 384  Num correct: 220  Precision @ 1: 0.5729  AUC @ 1: 0.6453
Step 600: loss = 0.7204 (0.011 sec)
Training Data Eval:
  Num examples: 3584  Num correct: 2269  Precision @ 1: 0.6331  AUC @ 1: 0.6666
Validation Data Eval:
  Num examples: 256  Num correct: 137  Precision @ 1: 0.5352  AUC @ 1: 0.5388
Test Data Eval:
  Num examples: 384  Num correct: 197  Precision @ 1: 0.5130  AUC @ 1: 0.6631
Step 800: loss = 0.7375 (0.012 sec)
Training Data Eval:
  Num examples: 3584  Num correct: 2395  Precision @ 1: 0.6682  AUC @ 1: 0.7173
Validation Data Eval:
  Num examples: 256  Num correct: 145  Precision @ 1: 0.5664  AUC @ 1: 0.5627
Test Data Eval:
  Num examples: 384  Num correct: 234  Precision @ 1: 0.6094  AUC @ 1: 0.6501
Step 1000: loss = 0.6688 (0.014 sec)
Training Data Eval:
  Num examples: 3584  Num correct: 2411  Precision @ 1: 0.6727  AUC @ 1: 0.7413
Validation Data Eval:
  Num examples: 256  Num correct: 147  Precision @ 1: 0.5742  AUC @ 1: 0.5815
Test Data Eval:
  Num examples: 384  Num correct: 222  Precision @ 1: 0.5781  AUC @ 1: 0.5414
Step 1200: loss = 0.6772 (0.011 sec)
Training Data Eval:
  Num examples: 3584  Num correct: 2510  Precision @ 1: 0.7003  AUC @ 1: 0.7757
Validation Data Eval:
  Num examples: 256  Num correct: 149  Precision @ 1: 0.5820  AUC @ 1: 0.5963
Test Data Eval:
  Num examples: 384  Num correct: 231  Precision @ 1: 0.6016  AUC @ 1: 0.5002
Step 1400: loss = 0.5833 (0.048 sec)
Training Data Eval:
  Num examples: 3584  Num correct: 2577  Precision @ 1: 0.7190  AUC @ 1: 0.7981
Validation Data Eval:
  Num examples: 256  Num correct: 156  Precision @ 1: 0.6094  AUC @ 1: 0.6301
Test Data Eval:
  Num examples: 384  Num correct: 241  Precision @ 1: 0.6276  AUC @ 1: 0.5438
Step 1600: loss = 0.6257 (0.013 sec)
Training Data Eval:
  Num examples: 3584  Num correct: 2639  Precision @ 1: 0.7363  AUC @ 1: 0.8169
Validation Data Eval:
  Num examples: 256  Num correct: 163  Precision @ 1: 0.6367  AUC @ 1: 0.6434
Test Data Eval:
  Num examples: 384  Num correct: 238  Precision @ 1: 0.6198  AUC @ 1: 0.5128
Step 1800: loss = 0.6091 (0.013 sec)
Training Data Eval:
  Num examples: 3584  Num correct: 2667  Precision @ 1: 0.7441  AUC @ 1: 0.8223
Validation Data Eval:
  Num examples: 256  Num correct: 158  Precision @ 1: 0.6172  AUC @ 1: 0.6565
Test Data Eval:
  Num examples: 384  Num correct: 225  Precision @ 1: 0.5859  AUC @ 1: 0.4571
Step 2000: loss = 0.5711 (0.014 sec)
Training Data Eval:
  Num examples: 3584  Num correct: 2665  Precision @ 1: 0.7436  AUC @ 1: 0.8353
Validation Data Eval:
  Num examples: 256  Num correct: 160  Precision @ 1: 0.6250  AUC @ 1: 0.6595
Test Data Eval:
  Num examples: 384  Num correct: 242  Precision @ 1: 0.6302  AUC @ 1: 0.4772
Step 2200: loss = 0.5437 (0.014 sec)
Training Data Eval:
  Num examples: 3584  Num correct: 2650  Precision @ 1: 0.7394  AUC @ 1: 0.8322
Validation Data Eval:
  Num examples: 256  Num correct: 162  Precision @ 1: 0.6328  AUC @ 1: 0.6707
Test Data Eval:
  Num examples: 384  Num correct: 228  Precision @ 1: 0.5938  AUC @ 1: 0.4616
Step 2400: loss = 0.5057 (0.013 sec)
Training Data Eval:
  Num examples: 3584  Num correct: 2731  Precision @ 1: 0.7620  AUC @ 1: 0.8454
Validation Data Eval:
  Num examples: 256  Num correct: 166  Precision @ 1: 0.6484  AUC @ 1: 0.6719
Test Data Eval:
  Num examples: 384  Num correct: 230  Precision @ 1: 0.5990  AUC @ 1: 0.4516
Step 2600: loss = 0.5463 (0.012 sec)
Training Data Eval:
  Num examples: 3584  Num correct: 2736  Precision @ 1: 0.7634  AUC @ 1: 0.8552
Validation Data Eval:
  Num examples: 256  Num correct: 167  Precision @ 1: 0.6523  AUC @ 1: 0.6705
Test Data Eval:
  Num examples: 384  Num correct: 234  Precision @ 1: 0.6094  AUC @ 1: 0.4817
Step 2800: loss = 0.5278 (0.047 sec)
Training Data Eval:
  Num examples: 3584  Num correct: 2760  Precision @ 1: 0.7701  AUC @ 1: 0.8547
Validation Data Eval:
  Num examples: 256  Num correct: 158  Precision @ 1: 0.6172  AUC @ 1: 0.6623
Test Data Eval:
  Num examples: 384  Num correct: 240  Precision @ 1: 0.6250  AUC @ 1: 0.4964
Step 3000: loss = 0.4805 (0.012 sec)
Training Data Eval:
  Num examples: 3584  Num correct: 2769  Precision @ 1: 0.7726  AUC @ 1: 0.8629
Validation Data Eval:
  Num examples: 256  Num correct: 160  Precision @ 1: 0.6250  AUC @ 1: 0.6743
Test Data Eval:
  Num examples: 384  Num correct: 243  Precision @ 1: 0.6328  AUC @ 1: 0.4806
Step 3200: loss = 0.5163 (0.012 sec)
Training Data Eval:
  Num examples: 3584  Num correct: 2787  Precision @ 1: 0.7776  AUC @ 1: 0.8649
Validation Data Eval:
  Num examples: 256  Num correct: 164  Precision @ 1: 0.6406  AUC @ 1: 0.6796
Test Data Eval:
  Num examples: 384  Num correct: 232  Precision @ 1: 0.6042  AUC @ 1: 0.4517
Step 3400: loss = 0.4950 (0.015 sec)
Training Data Eval:
  Num examples: 3584  Num correct: 2806  Precision @ 1: 0.7829  AUC @ 1: 0.8778
Validation Data Eval:
  Num examples: 256  Num correct: 159  Precision @ 1: 0.6211  AUC @ 1: 0.6619
Test Data Eval:
  Num examples: 384  Num correct: 234  Precision @ 1: 0.6094  AUC @ 1: 0.4523
Step 3600: loss = 0.5260 (0.012 sec)
Training Data Eval:
  Num examples: 3584  Num correct: 2817  Precision @ 1: 0.7860  AUC @ 1: 0.8838
Validation Data Eval:
  Num examples: 256  Num correct: 160  Precision @ 1: 0.6250  AUC @ 1: 0.6638
Test Data Eval:
  Num examples: 384  Num correct: 226  Precision @ 1: 0.5885  AUC @ 1: 0.4422
Step 3800: loss = 0.4508 (0.014 sec)
Training Data Eval:
  Num examples: 3584  Num correct: 2845  Precision @ 1: 0.7938  AUC @ 1: 0.8888
Validation Data Eval:
  Num examples: 256  Num correct: 162  Precision @ 1: 0.6328  AUC @ 1: 0.6695
Test Data Eval:
  Num examples: 384  Num correct: 243  Precision @ 1: 0.6328  AUC @ 1: 0.4851
Step 4000: loss = 0.4590 (0.013 sec)
Training Data Eval:
  Num examples: 3584  Num correct: 2855  Precision @ 1: 0.7966  AUC @ 1: 0.8909
Validation Data Eval:
  Num examples: 256  Num correct: 158  Precision @ 1: 0.6172  AUC @ 1: 0.6633
Test Data Eval:
  Num examples: 384  Num correct: 218  Precision @ 1: 0.5677  AUC @ 1: 0.4463
Step 4200: loss = 0.4463 (0.045 sec)
Training Data Eval:
  Num examples: 3584  Num correct: 2892  Precision @ 1: 0.8069  AUC @ 1: 0.8960
Validation Data Eval:
  Num examples: 256  Num correct: 156  Precision @ 1: 0.6094  AUC @ 1: 0.6632
Test Data Eval:
  Num examples: 384  Num correct: 222  Precision @ 1: 0.5781  AUC @ 1: 0.4471
Step 4400: loss = 0.4812 (0.013 sec)
Training Data Eval:
  Num examples: 3584  Num correct: 2898  Precision @ 1: 0.8086  AUC @ 1: 0.9021
Validation Data Eval:
  Num examples: 256  Num correct: 159  Precision @ 1: 0.6211  AUC @ 1: 0.6634
Test Data Eval:
  Num examples: 384  Num correct: 235  Precision @ 1: 0.6120  AUC @ 1: 0.4643
Step 4600: loss = 0.4361 (0.013 sec)
Training Data Eval:
  Num examples: 3584  Num correct: 2882  Precision @ 1: 0.8041  AUC @ 1: 0.8969
Validation Data Eval:
  Num examples: 256  Num correct: 158  Precision @ 1: 0.6172  AUC @ 1: 0.6649
Test Data Eval:
  Num examples: 384  Num correct: 223  Precision @ 1: 0.5807  AUC @ 1: 0.4264
Step 4800: loss = 0.4349 (0.014 sec)
Training Data Eval:
  Num examples: 3584  Num correct: 2915  Precision @ 1: 0.8133  AUC @ 1: 0.9069
Validation Data Eval:
  Num examples: 256  Num correct: 159  Precision @ 1: 0.6211  AUC @ 1: 0.6580
Test Data Eval:
  Num examples: 384  Num correct: 224  Precision @ 1: 0.5833  AUC @ 1: 0.4486
Step 5000: loss = 0.4558 (0.013 sec)
Training Data Eval:
  Num examples: 3584  Num correct: 2931  Precision @ 1: 0.8178  AUC @ 1: 0.9125
Validation Data Eval:
  Num examples: 256  Num correct: 160  Precision @ 1: 0.6250  AUC @ 1: 0.6597
Test Data Eval:
  Num examples: 384  Num correct: 223  Precision @ 1: 0.5807  AUC @ 1: 0.4554
Step 5200: loss = 0.4602 (0.013 sec)
Training Data Eval:
  Num examples: 3584  Num correct: 2918  Precision @ 1: 0.8142  AUC @ 1: 0.9098
Validation Data Eval:
  Num examples: 256  Num correct: 161  Precision @ 1: 0.6289  AUC @ 1: 0.6669
Test Data Eval:
  Num examples: 384  Num correct: 211  Precision @ 1: 0.5495  AUC @ 1: 0.4365
Step 5400: loss = 0.4384 (0.013 sec)
Training Data Eval:
  Num examples: 3584  Num correct: 2950  Precision @ 1: 0.8231  AUC @ 1: 0.9166
Validation Data Eval:
  Num examples: 256  Num correct: 161  Precision @ 1: 0.6289  AUC @ 1: 0.6630
Test Data Eval:
  Num examples: 384  Num correct: 221  Precision @ 1: 0.5755  AUC @ 1: 0.4433
Step 5600: loss = 0.3794 (0.047 sec)
Training Data Eval:
  Num examples: 3584  Num correct: 2932  Precision @ 1: 0.8181  AUC @ 1: 0.9153
Validation Data Eval:
  Num examples: 256  Num correct: 164  Precision @ 1: 0.6406  AUC @ 1: 0.6727
Test Data Eval:
  Num examples: 384  Num correct: 226  Precision @ 1: 0.5885  AUC @ 1: 0.4452
Step 5800: loss = 0.3882 (0.012 sec)
Training Data Eval:
  Num examples: 3584  Num correct: 2984  Precision @ 1: 0.8326  AUC @ 1: 0.9240
Validation Data Eval:
  Num examples: 256  Num correct: 162  Precision @ 1: 0.6328  AUC @ 1: 0.6681
Test Data Eval:
  Num examples: 384  Num correct: 218  Precision @ 1: 0.5677  AUC @ 1: 0.4403
Step 6000: loss = 0.4128 (0.013 sec)
Training Data Eval:
  Num examples: 3584  Num correct: 2993  Precision @ 1: 0.8351  AUC @ 1: 0.9236
Validation Data Eval:
  Num examples: 256  Num correct: 164  Precision @ 1: 0.6406  AUC @ 1: 0.6828
Test Data Eval:
  Num examples: 384  Num correct: 214  Precision @ 1: 0.5573  AUC @ 1: 0.4623
Step 6200: loss = 0.4761 (0.012 sec)
Training Data Eval:
  Num examples: 3584  Num correct: 2973  Precision @ 1: 0.8295  AUC @ 1: 0.9259
Validation Data Eval:
  Num examples: 256  Num correct: 162  Precision @ 1: 0.6328  AUC @ 1: 0.6708
Test Data Eval:
  Num examples: 384  Num correct: 221  Precision @ 1: 0.5755  AUC @ 1: 0.4681
Step 6400: loss = 0.4274 (0.012 sec)
Training Data Eval:
  Num examples: 3584  Num correct: 2994  Precision @ 1: 0.8354  AUC @ 1: 0.9260
Validation Data Eval:
  Num examples: 256  Num correct: 159  Precision @ 1: 0.6211  AUC @ 1: 0.6655
Test Data Eval:
  Num examples: 384  Num correct: 212  Precision @ 1: 0.5521  AUC @ 1: 0.4332
Step 6600: loss = 0.4368 (0.013 sec)
Training Data Eval:
  Num examples: 3584  Num correct: 3007  Precision @ 1: 0.8390  AUC @ 1: 0.9298
Validation Data Eval:
  Num examples: 256  Num correct: 163  Precision @ 1: 0.6367  AUC @ 1: 0.6723
Test Data Eval:
  Num examples: 384  Num correct: 225  Precision @ 1: 0.5859  AUC @ 1: 0.4462
Step 6800: loss = 0.4265 (0.013 sec)
Training Data Eval:
  Num examples: 3584  Num correct: 3007  Precision @ 1: 0.8390  AUC @ 1: 0.9299
Validation Data Eval:
  Num examples: 256  Num correct: 163  Precision @ 1: 0.6367  AUC @ 1: 0.6694
Test Data Eval:
  Num examples: 384  Num correct: 224  Precision @ 1: 0.5833  AUC @ 1: 0.4314
Step 7000: loss = 0.3748 (0.050 sec)
Training Data Eval:
  Num examples: 3584  Num correct: 3011  Precision @ 1: 0.8401  AUC @ 1: 0.9316
Validation Data Eval:
  Num examples: 256  Num correct: 167  Precision @ 1: 0.6523  AUC @ 1: 0.6756
Test Data Eval:
  Num examples: 384  Num correct: 215  Precision @ 1: 0.5599  AUC @ 1: 0.4104
Step 7200: loss = 0.3638 (0.011 sec)
Training Data Eval:
  Num examples: 3584  Num correct: 3022  Precision @ 1: 0.8432  AUC @ 1: 0.9311
Validation Data Eval:
  Num examples: 256  Num correct: 166  Precision @ 1: 0.6484  AUC @ 1: 0.6872
Test Data Eval:
  Num examples: 384  Num correct: 219  Precision @ 1: 0.5703  AUC @ 1: 0.4423
Step 7400: loss = 0.4356 (0.013 sec)
Training Data Eval:
  Num examples: 3584  Num correct: 3023  Precision @ 1: 0.8435  AUC @ 1: 0.9343
Validation Data Eval:
  Num examples: 256  Num correct: 166  Precision @ 1: 0.6484  AUC @ 1: 0.6852
Test Data Eval:
  Num examples: 384  Num correct: 210  Precision @ 1: 0.5469  AUC @ 1: 0.4203
Step 7600: loss = 0.3081 (0.012 sec)
Training Data Eval:
  Num examples: 3584  Num correct: 3023  Precision @ 1: 0.8435  AUC @ 1: 0.9365
Validation Data Eval:
  Num examples: 256  Num correct: 167  Precision @ 1: 0.6523  AUC @ 1: 0.6823
Test Data Eval:
  Num examples: 384  Num correct: 221  Precision @ 1: 0.5755  AUC @ 1: 0.4585
Step 7800: loss = 0.4389 (0.013 sec)
Training Data Eval:
  Num examples: 3584  Num correct: 3039  Precision @ 1: 0.8479  AUC @ 1: 0.9367
Validation Data Eval:
  Num examples: 256  Num correct: 165  Precision @ 1: 0.6445  AUC @ 1: 0.6807
Test Data Eval:
  Num examples: 384  Num correct: 212  Precision @ 1: 0.5521  AUC @ 1: 0.4133
Step 8000: loss = 0.4035 (0.013 sec)
Training Data Eval:
  Num examples: 3584  Num correct: 3037  Precision @ 1: 0.8474  AUC @ 1: 0.9370
Validation Data Eval:
  Num examples: 256  Num correct: 166  Precision @ 1: 0.6484  AUC @ 1: 0.6905
Test Data Eval:
  Num examples: 384  Num correct: 219  Precision @ 1: 0.5703  AUC @ 1: 0.4557
Step 8200: loss = 0.3602 (0.013 sec)
Training Data Eval:
  Num examples: 3584  Num correct: 3050  Precision @ 1: 0.8510  AUC @ 1: 0.9400
Validation Data Eval:
  Num examples: 256  Num correct: 166  Precision @ 1: 0.6484  AUC @ 1: 0.6859
Test Data Eval:
  Num examples: 384  Num correct: 212  Precision @ 1: 0.5521  AUC @ 1: 0.4409
Step 8400: loss = 0.3306 (0.045 sec)
Training Data Eval:
  Num examples: 3584  Num correct: 3035  Precision @ 1: 0.8468  AUC @ 1: 0.9383
Validation Data Eval:
  Num examples: 256  Num correct: 166  Precision @ 1: 0.6484  AUC @ 1: 0.6862
Test Data Eval:
  Num examples: 384  Num correct: 209  Precision @ 1: 0.5443  AUC @ 1: 0.4239
Step 8600: loss = 0.3377 (0.013 sec)
Training Data Eval:
  Num examples: 3584  Num correct: 3046  Precision @ 1: 0.8499  AUC @ 1: 0.9403
Validation Data Eval:
  Num examples: 256  Num correct: 168  Precision @ 1: 0.6562  AUC @ 1: 0.6823
Test Data Eval:
  Num examples: 384  Num correct: 218  Precision @ 1: 0.5677  AUC @ 1: 0.4395
Step 8800: loss = 0.3924 (0.012 sec)
Training Data Eval:
  Num examples: 3584  Num correct: 3075  Precision @ 1: 0.8580  AUC @ 1: 0.9452
Validation Data Eval:
  Num examples: 256  Num correct: 170  Precision @ 1: 0.6641  AUC @ 1: 0.6887
Test Data Eval:
  Num examples: 384  Num correct: 208  Precision @ 1: 0.5417  AUC @ 1: 0.4325
Step 9000: loss = 0.4033 (0.011 sec)
Training Data Eval:
  Num examples: 3584  Num correct: 3050  Precision @ 1: 0.8510  AUC @ 1: 0.9441
Validation Data Eval:
  Num examples: 256  Num correct: 168  Precision @ 1: 0.6562  AUC @ 1: 0.6851
Test Data Eval:
  Num examples: 384  Num correct: 207  Precision @ 1: 0.5391  AUC @ 1: 0.4333
Step 9200: loss = 0.3326 (0.014 sec)
Training Data Eval:
  Num examples: 3584  Num correct: 3042  Precision @ 1: 0.8488  AUC @ 1: 0.9441
Validation Data Eval:
  Num examples: 256  Num correct: 166  Precision @ 1: 0.6484  AUC @ 1: 0.6821
Test Data Eval:
  Num examples: 384  Num correct: 210  Precision @ 1: 0.5469  AUC @ 1: 0.4358
Step 9400: loss = 0.3560 (0.011 sec)
Training Data Eval:
  Num examples: 3584  Num correct: 3046  Precision @ 1: 0.8499  AUC @ 1: 0.9433
Validation Data Eval:
  Num examples: 256  Num correct: 166  Precision @ 1: 0.6484  AUC @ 1: 0.6852
Test Data Eval:
  Num examples: 384  Num correct: 204  Precision @ 1: 0.5312  AUC @ 1: 0.4295
Step 9600: loss = 0.3539 (0.013 sec)
Training Data Eval:
  Num examples: 3584  Num correct: 3064  Precision @ 1: 0.8549  AUC @ 1: 0.9485
Validation Data Eval:
  Num examples: 256  Num correct: 170  Precision @ 1: 0.6641  AUC @ 1: 0.6852
Test Data Eval:
  Num examples: 384  Num correct: 208  Precision @ 1: 0.5417  AUC @ 1: 0.4242
Step 9800: loss = 0.3739 (0.050 sec)
Training Data Eval:
  Num examples: 3584  Num correct: 3101  Precision @ 1: 0.8652  AUC @ 1: 0.9497
Validation Data Eval:
  Num examples: 256  Num correct: 168  Precision @ 1: 0.6562  AUC @ 1: 0.6875
Test Data Eval:
  Num examples: 384  Num correct: 202  Precision @ 1: 0.5260  AUC @ 1: 0.4473
