Training data shape: 	(4145, 64, 30, 1)
Training label shape:	(4145,)
Testing data shape:  	(190, 64, 30, 1)
Testing label shape: 	(190,)
max input value is: 3457.30786133
min input value is: -4872.94775391
random permuted training data
==============================================================================
Model: 			inference_global_s_cnn
Tensor Name: 	Placeholder:0
[128, 64, 30, 1]
==============================================================================
Tensor Name: conv1/conv1:0
[128, 1, 30, 16]
==============================================================================
Tensor Name: MaxPool:0
[128, 1, 15, 16]
==============================================================================
Tensor Name: local1/local1:0
[128, 128]
==============================================================================
Tensor Name: local2/local2:0
[128, 128]
==============================================================================
Tensor Name: softmax_linear/softmax_linear:0
[128, 2]
Step 0: loss = 0.8045 (0.035 sec)
Training Data Eval:
  Num examples: 3840  Num correct: 2166  Precision @ 1: 0.5641  AUC @ 1: 0.7466
Validation Data Eval:
  Num examples: 256  Num correct: 142  Precision @ 1: 0.5547  AUC @ 1: 0.7809
Test Data Eval:
  Num examples: 128  Num correct: 45  Precision @ 1: 0.3516  AUC @ 1: 0.8664
Step 200: loss = 0.7400 (0.012 sec)
Training Data Eval:
  Num examples: 3840  Num correct: 2415  Precision @ 1: 0.6289  AUC @ 1: 0.7792
Validation Data Eval:
  Num examples: 256  Num correct: 163  Precision @ 1: 0.6367  AUC @ 1: 0.8100
Test Data Eval:
  Num examples: 128  Num correct: 84  Precision @ 1: 0.6562  AUC @ 1: 0.7759
Step 400: loss = 0.7024 (0.016 sec)
Training Data Eval:
  Num examples: 3840  Num correct: 2703  Precision @ 1: 0.7039  AUC @ 1: 0.7923
Validation Data Eval:
  Num examples: 256  Num correct: 182  Precision @ 1: 0.7109  AUC @ 1: 0.8194
Test Data Eval:
  Num examples: 128  Num correct: 95  Precision @ 1: 0.7422  AUC @ 1: 0.7888
Step 600: loss = 0.6760 (0.052 sec)
Training Data Eval:
  Num examples: 3840  Num correct: 2807  Precision @ 1: 0.7310  AUC @ 1: 0.8021
Validation Data Eval:
  Num examples: 256  Num correct: 186  Precision @ 1: 0.7266  AUC @ 1: 0.8289
Test Data Eval:
  Num examples: 128  Num correct: 93  Precision @ 1: 0.7266  AUC @ 1: 0.8067
Step 800: loss = 0.6735 (0.012 sec)
Training Data Eval:
  Num examples: 3840  Num correct: 2869  Precision @ 1: 0.7471  AUC @ 1: 0.8250
Validation Data Eval:
  Num examples: 256  Num correct: 187  Precision @ 1: 0.7305  AUC @ 1: 0.8277
Test Data Eval:
  Num examples: 128  Num correct: 94  Precision @ 1: 0.7344  AUC @ 1: 0.8297
Step 1000: loss = 0.6473 (0.012 sec)
Training Data Eval:
  Num examples: 3840  Num correct: 2899  Precision @ 1: 0.7549  AUC @ 1: 0.8313
Validation Data Eval:
  Num examples: 256  Num correct: 193  Precision @ 1: 0.7539  AUC @ 1: 0.8264
Test Data Eval:
  Num examples: 128  Num correct: 97  Precision @ 1: 0.7578  AUC @ 1: 0.8332
Step 1200: loss = 0.6115 (0.051 sec)
Training Data Eval:
  Num examples: 3840  Num correct: 2911  Precision @ 1: 0.7581  AUC @ 1: 0.8399
Validation Data Eval:
  Num examples: 256  Num correct: 191  Precision @ 1: 0.7461  AUC @ 1: 0.8269
Test Data Eval:
  Num examples: 128  Num correct: 97  Precision @ 1: 0.7578  AUC @ 1: 0.8451
Step 1400: loss = 0.5771 (0.012 sec)
Training Data Eval:
  Num examples: 3840  Num correct: 2959  Precision @ 1: 0.7706  AUC @ 1: 0.8614
Validation Data Eval:
  Num examples: 256  Num correct: 191  Precision @ 1: 0.7461  AUC @ 1: 0.8310
Test Data Eval:
  Num examples: 128  Num correct: 100  Precision @ 1: 0.7812  AUC @ 1: 0.8473
Step 1600: loss = 0.5859 (0.012 sec)
Training Data Eval:
  Num examples: 3840  Num correct: 2990  Precision @ 1: 0.7786  AUC @ 1: 0.8667
Validation Data Eval:
  Num examples: 256  Num correct: 188  Precision @ 1: 0.7344  AUC @ 1: 0.8291
Test Data Eval:
  Num examples: 128  Num correct: 95  Precision @ 1: 0.7422  AUC @ 1: 0.8209
Step 1800: loss = 0.6301 (0.048 sec)
Training Data Eval:
  Num examples: 3840  Num correct: 3038  Precision @ 1: 0.7911  AUC @ 1: 0.8785
Validation Data Eval:
  Num examples: 256  Num correct: 189  Precision @ 1: 0.7383  AUC @ 1: 0.8245
Test Data Eval:
  Num examples: 128  Num correct: 98  Precision @ 1: 0.7656  AUC @ 1: 0.8519
Step 2000: loss = 0.6562 (0.013 sec)
Training Data Eval:
  Num examples: 3840  Num correct: 3036  Precision @ 1: 0.7906  AUC @ 1: 0.8843
Validation Data Eval:
  Num examples: 256  Num correct: 191  Precision @ 1: 0.7461  AUC @ 1: 0.8289
Test Data Eval:
  Num examples: 128  Num correct: 93  Precision @ 1: 0.7266  AUC @ 1: 0.8419
Step 2200: loss = 0.5251 (0.012 sec)
Training Data Eval:
  Num examples: 3840  Num correct: 3074  Precision @ 1: 0.8005  AUC @ 1: 0.8868
Validation Data Eval:
  Num examples: 256  Num correct: 192  Precision @ 1: 0.7500  AUC @ 1: 0.8321
Test Data Eval:
  Num examples: 128  Num correct: 98  Precision @ 1: 0.7656  AUC @ 1: 0.8719
Step 2400: loss = 0.6030 (0.050 sec)
Training Data Eval:
  Num examples: 3840  Num correct: 3070  Precision @ 1: 0.7995  AUC @ 1: 0.8806
Validation Data Eval:
  Num examples: 256  Num correct: 190  Precision @ 1: 0.7422  AUC @ 1: 0.8250
Test Data Eval:
  Num examples: 128  Num correct: 89  Precision @ 1: 0.6953  AUC @ 1: 0.8399
Step 2600: loss = 0.5379 (0.013 sec)
Training Data Eval:
  Num examples: 3840  Num correct: 3117  Precision @ 1: 0.8117  AUC @ 1: 0.8992
Validation Data Eval:
  Num examples: 256  Num correct: 188  Precision @ 1: 0.7344  AUC @ 1: 0.8268
Test Data Eval:
  Num examples: 128  Num correct: 96  Precision @ 1: 0.7500  AUC @ 1: 0.8744
Step 2800: loss = 0.6029 (0.012 sec)
Training Data Eval:
  Num examples: 3840  Num correct: 3148  Precision @ 1: 0.8198  AUC @ 1: 0.9032
Validation Data Eval:
  Num examples: 256  Num correct: 189  Precision @ 1: 0.7383  AUC @ 1: 0.8323
Test Data Eval:
  Num examples: 128  Num correct: 97  Precision @ 1: 0.7578  AUC @ 1: 0.8727
Step 3000: loss = 0.5287 (0.050 sec)
Training Data Eval:
  Num examples: 3840  Num correct: 3167  Precision @ 1: 0.8247  AUC @ 1: 0.9100
Validation Data Eval:
  Num examples: 256  Num correct: 192  Precision @ 1: 0.7500  AUC @ 1: 0.8245
Test Data Eval:
  Num examples: 128  Num correct: 94  Precision @ 1: 0.7344  AUC @ 1: 0.8585
Step 3200: loss = 0.4681 (0.011 sec)
Training Data Eval:
  Num examples: 3840  Num correct: 3166  Precision @ 1: 0.8245  AUC @ 1: 0.9041
Validation Data Eval:
  Num examples: 256  Num correct: 189  Precision @ 1: 0.7383  AUC @ 1: 0.8279
Test Data Eval:
  Num examples: 128  Num correct: 102  Precision @ 1: 0.7969  AUC @ 1: 0.8854
Step 3400: loss = 0.4861 (0.012 sec)
Training Data Eval:
  Num examples: 3840  Num correct: 3235  Precision @ 1: 0.8424  AUC @ 1: 0.9228
Validation Data Eval:
  Num examples: 256  Num correct: 189  Precision @ 1: 0.7383  AUC @ 1: 0.8256
Test Data Eval:
  Num examples: 128  Num correct: 91  Precision @ 1: 0.7109  AUC @ 1: 0.8302
Step 3600: loss = 0.4591 (0.048 sec)
Training Data Eval:
  Num examples: 3840  Num correct: 3238  Precision @ 1: 0.8432  AUC @ 1: 0.9206
Validation Data Eval:
  Num examples: 256  Num correct: 191  Precision @ 1: 0.7461  AUC @ 1: 0.8199
Test Data Eval:
  Num examples: 128  Num correct: 92  Precision @ 1: 0.7188  AUC @ 1: 0.8319
Step 3800: loss = 0.4599 (0.012 sec)
Training Data Eval:
  Num examples: 3840  Num correct: 3241  Precision @ 1: 0.8440  AUC @ 1: 0.9238
Validation Data Eval:
  Num examples: 256  Num correct: 188  Precision @ 1: 0.7344  AUC @ 1: 0.8258
Test Data Eval:
  Num examples: 128  Num correct: 95  Precision @ 1: 0.7422  AUC @ 1: 0.8381
Step 4000: loss = 0.5074 (0.011 sec)
Training Data Eval:
  Num examples: 3840  Num correct: 3323  Precision @ 1: 0.8654  AUC @ 1: 0.9384
Validation Data Eval:
  Num examples: 256  Num correct: 187  Precision @ 1: 0.7305  AUC @ 1: 0.8254
Test Data Eval:
  Num examples: 128  Num correct: 92  Precision @ 1: 0.7188  AUC @ 1: 0.8482
Step 4200: loss = 0.4017 (0.051 sec)
Training Data Eval:
  Num examples: 3840  Num correct: 3341  Precision @ 1: 0.8701  AUC @ 1: 0.9408
Validation Data Eval:
  Num examples: 256  Num correct: 193  Precision @ 1: 0.7539  AUC @ 1: 0.8288
Test Data Eval:
  Num examples: 128  Num correct: 94  Precision @ 1: 0.7344  AUC @ 1: 0.8210
Step 4400: loss = 0.4409 (0.011 sec)
Training Data Eval:
  Num examples: 3840  Num correct: 3265  Precision @ 1: 0.8503  AUC @ 1: 0.9299
Validation Data Eval:
  Num examples: 256  Num correct: 186  Precision @ 1: 0.7266  AUC @ 1: 0.8270
Test Data Eval:
  Num examples: 128  Num correct: 97  Precision @ 1: 0.7578  AUC @ 1: 0.8452
Step 4600: loss = 0.4723 (0.011 sec)
Training Data Eval:
  Num examples: 3840  Num correct: 3167  Precision @ 1: 0.8247  AUC @ 1: 0.9164
Validation Data Eval:
  Num examples: 256  Num correct: 189  Precision @ 1: 0.7383  AUC @ 1: 0.8258
Test Data Eval:
  Num examples: 128  Num correct: 89  Precision @ 1: 0.6953  AUC @ 1: 0.8362
Step 4800: loss = 0.5395 (0.052 sec)
Training Data Eval:
  Num examples: 3840  Num correct: 3383  Precision @ 1: 0.8810  AUC @ 1: 0.9514
Validation Data Eval:
  Num examples: 256  Num correct: 189  Precision @ 1: 0.7383  AUC @ 1: 0.8275
Test Data Eval:
  Num examples: 128  Num correct: 93  Precision @ 1: 0.7266  AUC @ 1: 0.8225
Step 5000: loss = 0.3808 (0.012 sec)
Training Data Eval:
  Num examples: 3840  Num correct: 3406  Precision @ 1: 0.8870  AUC @ 1: 0.9553
Validation Data Eval:
  Num examples: 256  Num correct: 189  Precision @ 1: 0.7383  AUC @ 1: 0.8389
Test Data Eval:
  Num examples: 128  Num correct: 94  Precision @ 1: 0.7344  AUC @ 1: 0.8532
Step 5200: loss = 0.4390 (0.013 sec)
Training Data Eval:
  Num examples: 3840  Num correct: 3429  Precision @ 1: 0.8930  AUC @ 1: 0.9601
Validation Data Eval:
  Num examples: 256  Num correct: 190  Precision @ 1: 0.7422  AUC @ 1: 0.8251
Test Data Eval:
  Num examples: 128  Num correct: 99  Precision @ 1: 0.7734  AUC @ 1: 0.8508
Step 5400: loss = 0.4153 (0.049 sec)
Training Data Eval:
  Num examples: 3840  Num correct: 3473  Precision @ 1: 0.9044  AUC @ 1: 0.9648
Validation Data Eval:
  Num examples: 256  Num correct: 186  Precision @ 1: 0.7266  AUC @ 1: 0.8269
Test Data Eval:
  Num examples: 128  Num correct: 99  Precision @ 1: 0.7734  AUC @ 1: 0.8502
Step 5600: loss = 0.4948 (0.011 sec)
Training Data Eval:
  Num examples: 3840  Num correct: 3477  Precision @ 1: 0.9055  AUC @ 1: 0.9664
Validation Data Eval:
  Num examples: 256  Num correct: 191  Precision @ 1: 0.7461  AUC @ 1: 0.8342
Test Data Eval:
  Num examples: 128  Num correct: 92  Precision @ 1: 0.7188  AUC @ 1: 0.8071
Step 5800: loss = 0.3842 (0.012 sec)
Training Data Eval:
  Num examples: 3840  Num correct: 3515  Precision @ 1: 0.9154  AUC @ 1: 0.9712
Validation Data Eval:
  Num examples: 256  Num correct: 187  Precision @ 1: 0.7305  AUC @ 1: 0.8350
Test Data Eval:
  Num examples: 128  Num correct: 97  Precision @ 1: 0.7578  AUC @ 1: 0.8593
Step 6000: loss = 0.3778 (0.046 sec)
Training Data Eval:
  Num examples: 3840  Num correct: 3513  Precision @ 1: 0.9148  AUC @ 1: 0.9710
Validation Data Eval:
  Num examples: 256  Num correct: 188  Precision @ 1: 0.7344  AUC @ 1: 0.8299
Test Data Eval:
  Num examples: 128  Num correct: 101  Precision @ 1: 0.7891  AUC @ 1: 0.8623
Step 6200: loss = 0.2717 (0.012 sec)
Training Data Eval:
  Num examples: 3840  Num correct: 3546  Precision @ 1: 0.9234  AUC @ 1: 0.9749
Validation Data Eval:
  Num examples: 256  Num correct: 187  Precision @ 1: 0.7305  AUC @ 1: 0.8328
Test Data Eval:
  Num examples: 128  Num correct: 98  Precision @ 1: 0.7656  AUC @ 1: 0.8621
Step 6400: loss = 0.4402 (0.012 sec)
Training Data Eval:
  Num examples: 3840  Num correct: 3557  Precision @ 1: 0.9263  AUC @ 1: 0.9767
Validation Data Eval:
  Num examples: 256  Num correct: 189  Precision @ 1: 0.7383  AUC @ 1: 0.8493
Test Data Eval:
  Num examples: 128  Num correct: 93  Precision @ 1: 0.7266  AUC @ 1: 0.8326
Step 6600: loss = 0.2695 (0.048 sec)
Training Data Eval:
  Num examples: 3840  Num correct: 3545  Precision @ 1: 0.9232  AUC @ 1: 0.9783
Validation Data Eval:
  Num examples: 256  Num correct: 193  Precision @ 1: 0.7539  AUC @ 1: 0.8456
Test Data Eval:
  Num examples: 128  Num correct: 96  Precision @ 1: 0.7500  AUC @ 1: 0.8189
Step 6800: loss = 0.3215 (0.012 sec)
Training Data Eval:
  Num examples: 3840  Num correct: 3603  Precision @ 1: 0.9383  AUC @ 1: 0.9832
Validation Data Eval:
  Num examples: 256  Num correct: 187  Precision @ 1: 0.7305  AUC @ 1: 0.8420
Test Data Eval:
  Num examples: 128  Num correct: 95  Precision @ 1: 0.7422  AUC @ 1: 0.8331
Step 7000: loss = 0.3025 (0.012 sec)
Training Data Eval:
  Num examples: 3840  Num correct: 3602  Precision @ 1: 0.9380  AUC @ 1: 0.9833
Validation Data Eval:
  Num examples: 256  Num correct: 186  Precision @ 1: 0.7266  AUC @ 1: 0.8284
Test Data Eval:
  Num examples: 128  Num correct: 93  Precision @ 1: 0.7266  AUC @ 1: 0.8310
Step 7200: loss = 0.3304 (0.049 sec)
Training Data Eval:
  Num examples: 3840  Num correct: 3637  Precision @ 1: 0.9471  AUC @ 1: 0.9872
Validation Data Eval:
  Num examples: 256  Num correct: 182  Precision @ 1: 0.7109  AUC @ 1: 0.8303
Test Data Eval:
  Num examples: 128  Num correct: 94  Precision @ 1: 0.7344  AUC @ 1: 0.8375
Step 7400: loss = 0.2855 (0.012 sec)
Training Data Eval:
  Num examples: 3840  Num correct: 3612  Precision @ 1: 0.9406  AUC @ 1: 0.9843
Validation Data Eval:
  Num examples: 256  Num correct: 190  Precision @ 1: 0.7422  AUC @ 1: 0.8362
Test Data Eval:
  Num examples: 128  Num correct: 95  Precision @ 1: 0.7422  AUC @ 1: 0.8380
Step 7600: loss = 0.3446 (0.012 sec)
Training Data Eval:
  Num examples: 3840  Num correct: 3659  Precision @ 1: 0.9529  AUC @ 1: 0.9898
Validation Data Eval:
  Num examples: 256  Num correct: 190  Precision @ 1: 0.7422  AUC @ 1: 0.8403
Test Data Eval:
  Num examples: 128  Num correct: 100  Precision @ 1: 0.7812  AUC @ 1: 0.8312
Step 7800: loss = 0.3090 (0.046 sec)
Training Data Eval:
  Num examples: 3840  Num correct: 3663  Precision @ 1: 0.9539  AUC @ 1: 0.9908
Validation Data Eval:
  Num examples: 256  Num correct: 188  Precision @ 1: 0.7344  AUC @ 1: 0.8454
Test Data Eval:
  Num examples: 128  Num correct: 96  Precision @ 1: 0.7500  AUC @ 1: 0.8296
Step 8000: loss = 0.3342 (0.012 sec)
Training Data Eval:
  Num examples: 3840  Num correct: 3686  Precision @ 1: 0.9599  AUC @ 1: 0.9923
Validation Data Eval:
  Num examples: 256  Num correct: 188  Precision @ 1: 0.7344  AUC @ 1: 0.8446
Test Data Eval:
  Num examples: 128  Num correct: 99  Precision @ 1: 0.7734  AUC @ 1: 0.8537
Step 8200: loss = 0.2508 (0.011 sec)
Training Data Eval:
  Num examples: 3840  Num correct: 3704  Precision @ 1: 0.9646  AUC @ 1: 0.9933
Validation Data Eval:
  Num examples: 256  Num correct: 187  Precision @ 1: 0.7305  AUC @ 1: 0.8486
Test Data Eval:
  Num examples: 128  Num correct: 94  Precision @ 1: 0.7344  AUC @ 1: 0.8157
Step 8400: loss = 0.2863 (0.050 sec)
Training Data Eval:
  Num examples: 3840  Num correct: 3724  Precision @ 1: 0.9698  AUC @ 1: 0.9933
Validation Data Eval:
  Num examples: 256  Num correct: 191  Precision @ 1: 0.7461  AUC @ 1: 0.8449
Test Data Eval:
  Num examples: 128  Num correct: 92  Precision @ 1: 0.7188  AUC @ 1: 0.8133
Step 8600: loss = 0.2952 (0.011 sec)
Training Data Eval:
  Num examples: 3840  Num correct: 3715  Precision @ 1: 0.9674  AUC @ 1: 0.9953
Validation Data Eval:
  Num examples: 256  Num correct: 186  Precision @ 1: 0.7266  AUC @ 1: 0.8396
Test Data Eval:
  Num examples: 128  Num correct: 101  Precision @ 1: 0.7891  AUC @ 1: 0.8448
Step 8800: loss = 0.2284 (0.012 sec)
Training Data Eval:
  Num examples: 3840  Num correct: 3724  Precision @ 1: 0.9698  AUC @ 1: 0.9950
Validation Data Eval:
  Num examples: 256  Num correct: 189  Precision @ 1: 0.7383  AUC @ 1: 0.8479
Test Data Eval:
  Num examples: 128  Num correct: 98  Precision @ 1: 0.7656  AUC @ 1: 0.8349
Step 9000: loss = 0.2492 (0.047 sec)
Training Data Eval:
  Num examples: 3840  Num correct: 3745  Precision @ 1: 0.9753  AUC @ 1: 0.9965
Validation Data Eval:
  Num examples: 256  Num correct: 189  Precision @ 1: 0.7383  AUC @ 1: 0.8380
Test Data Eval:
  Num examples: 128  Num correct: 100  Precision @ 1: 0.7812  AUC @ 1: 0.8564
Step 9200: loss = 0.2861 (0.012 sec)
Training Data Eval:
  Num examples: 3840  Num correct: 3738  Precision @ 1: 0.9734  AUC @ 1: 0.9957
Validation Data Eval:
  Num examples: 256  Num correct: 190  Precision @ 1: 0.7422  AUC @ 1: 0.8480
Test Data Eval:
  Num examples: 128  Num correct: 99  Precision @ 1: 0.7734  AUC @ 1: 0.8288
Step 9400: loss = 0.2191 (0.012 sec)
Training Data Eval:
  Num examples: 3840  Num correct: 3734  Precision @ 1: 0.9724  AUC @ 1: 0.9969
Validation Data Eval:
  Num examples: 256  Num correct: 193  Precision @ 1: 0.7539  AUC @ 1: 0.8425
Test Data Eval:
  Num examples: 128  Num correct: 95  Precision @ 1: 0.7422  AUC @ 1: 0.8073
Step 9600: loss = 0.2073 (0.052 sec)
Training Data Eval:
  Num examples: 3840  Num correct: 3749  Precision @ 1: 0.9763  AUC @ 1: 0.9976
Validation Data Eval:
  Num examples: 256  Num correct: 187  Precision @ 1: 0.7305  AUC @ 1: 0.8483
Test Data Eval:
  Num examples: 128  Num correct: 99  Precision @ 1: 0.7734  AUC @ 1: 0.8536
Step 9800: loss = 0.1970 (0.012 sec)
Training Data Eval:
  Num examples: 3840  Num correct: 3741  Precision @ 1: 0.9742  AUC @ 1: 0.9969
Validation Data Eval:
  Num examples: 256  Num correct: 188  Precision @ 1: 0.7344  AUC @ 1: 0.8465
Test Data Eval:
  Num examples: 128  Num correct: 99  Precision @ 1: 0.7734  AUC @ 1: 0.8341
