Training data shape: 	(3881, 64, 30, 1)
Training label shape:	(3881,)
Testing data shape:  	(454, 64, 30, 1)
Testing label shape: 	(454,)
max input value is: 13.5307307243
min input value is: -9.98387653152
random permuted training data
==============================================================================
Model: 			inference_global_s_cnn
Tensor Name: 	Placeholder:0
[128, 64, 30, 1]
==============================================================================
Tensor Name: conv1/conv1:0
[128, 1, 30, 16]
==============================================================================
Tensor Name: MaxPool:0
[128, 1, 15, 16]
==============================================================================
Tensor Name: local1/local1:0
[128, 128]
==============================================================================
Tensor Name: local2/local2:0
[128, 128]
==============================================================================
Tensor Name: softmax_linear/softmax_linear:0
[128, 2]
Step 0: loss = 0.8105 (0.032 sec)
Training Data Eval:
  Num examples: 3584  Num correct: 2024  Precision @ 1: 0.5647  AUC @ 1: 0.6299
Validation Data Eval:
  Num examples: 256  Num correct: 147  Precision @ 1: 0.5742  AUC @ 1: 0.6690
Test Data Eval:
  Num examples: 384  Num correct: 187  Precision @ 1: 0.4870  AUC @ 1: 0.6021
Step 200: loss = 0.8103 (0.012 sec)
Training Data Eval:
  Num examples: 3584  Num correct: 2020  Precision @ 1: 0.5636  AUC @ 1: 0.6391
Validation Data Eval:
  Num examples: 256  Num correct: 147  Precision @ 1: 0.5742  AUC @ 1: 0.6689
Test Data Eval:
  Num examples: 384  Num correct: 218  Precision @ 1: 0.5677  AUC @ 1: 0.5955
Step 400: loss = 0.7939 (0.012 sec)
Training Data Eval:
  Num examples: 3584  Num correct: 2017  Precision @ 1: 0.5628  AUC @ 1: 0.6337
Validation Data Eval:
  Num examples: 256  Num correct: 147  Precision @ 1: 0.5742  AUC @ 1: 0.6624
Test Data Eval:
  Num examples: 384  Num correct: 218  Precision @ 1: 0.5677  AUC @ 1: 0.5858
Step 600: loss = 0.8071 (0.013 sec)
Training Data Eval:
  Num examples: 3584  Num correct: 2003  Precision @ 1: 0.5589  AUC @ 1: 0.6295
Validation Data Eval:
  Num examples: 256  Num correct: 147  Precision @ 1: 0.5742  AUC @ 1: 0.6577
Test Data Eval:
  Num examples: 384  Num correct: 220  Precision @ 1: 0.5729  AUC @ 1: 0.5916
Step 800: loss = 0.8071 (0.011 sec)
Training Data Eval:
  Num examples: 3584  Num correct: 2023  Precision @ 1: 0.5645  AUC @ 1: 0.6261
Validation Data Eval:
  Num examples: 256  Num correct: 147  Precision @ 1: 0.5742  AUC @ 1: 0.6544
Test Data Eval:
  Num examples: 384  Num correct: 220  Precision @ 1: 0.5729  AUC @ 1: 0.5804
Step 1000: loss = 0.7873 (0.011 sec)
Training Data Eval:
  Num examples: 3584  Num correct: 2023  Precision @ 1: 0.5645  AUC @ 1: 0.6289
Validation Data Eval:
  Num examples: 256  Num correct: 147  Precision @ 1: 0.5742  AUC @ 1: 0.6537
Test Data Eval:
  Num examples: 384  Num correct: 215  Precision @ 1: 0.5599  AUC @ 1: 0.5878
Step 1200: loss = 0.7930 (0.011 sec)
Training Data Eval:
  Num examples: 3584  Num correct: 2028  Precision @ 1: 0.5658  AUC @ 1: 0.6292
Validation Data Eval:
  Num examples: 256  Num correct: 147  Precision @ 1: 0.5742  AUC @ 1: 0.6527
Test Data Eval:
  Num examples: 384  Num correct: 215  Precision @ 1: 0.5599  AUC @ 1: 0.5831
Step 1400: loss = 0.7777 (0.049 sec)
Training Data Eval:
  Num examples: 3584  Num correct: 2037  Precision @ 1: 0.5684  AUC @ 1: 0.6278
Validation Data Eval:
  Num examples: 256  Num correct: 147  Precision @ 1: 0.5742  AUC @ 1: 0.6526
Test Data Eval:
  Num examples: 384  Num correct: 216  Precision @ 1: 0.5625  AUC @ 1: 0.5538
Step 1600: loss = 0.7638 (0.012 sec)
Training Data Eval:
  Num examples: 3584  Num correct: 2060  Precision @ 1: 0.5748  AUC @ 1: 0.6398
Validation Data Eval:
  Num examples: 256  Num correct: 147  Precision @ 1: 0.5742  AUC @ 1: 0.6552
Test Data Eval:
  Num examples: 384  Num correct: 215  Precision @ 1: 0.5599  AUC @ 1: 0.5813
Step 1800: loss = 0.8191 (0.011 sec)
Training Data Eval:
  Num examples: 3584  Num correct: 2014  Precision @ 1: 0.5619  AUC @ 1: 0.6289
Validation Data Eval:
  Num examples: 256  Num correct: 147  Precision @ 1: 0.5742  AUC @ 1: 0.6591
Test Data Eval:
  Num examples: 384  Num correct: 219  Precision @ 1: 0.5703  AUC @ 1: 0.5880
Step 2000: loss = 0.7456 (0.011 sec)
Training Data Eval:
  Num examples: 3584  Num correct: 2026  Precision @ 1: 0.5653  AUC @ 1: 0.6531
Validation Data Eval:
  Num examples: 256  Num correct: 147  Precision @ 1: 0.5742  AUC @ 1: 0.6634
Test Data Eval:
  Num examples: 384  Num correct: 222  Precision @ 1: 0.5781  AUC @ 1: 0.6059
Step 2200: loss = 0.7436 (0.011 sec)
Training Data Eval:
  Num examples: 3584  Num correct: 2070  Precision @ 1: 0.5776  AUC @ 1: 0.6496
Validation Data Eval:
  Num examples: 256  Num correct: 155  Precision @ 1: 0.6055  AUC @ 1: 0.6705
Test Data Eval:
  Num examples: 384  Num correct: 224  Precision @ 1: 0.5833  AUC @ 1: 0.6135
Step 2400: loss = 0.7611 (0.011 sec)
Training Data Eval:
  Num examples: 3584  Num correct: 2088  Precision @ 1: 0.5826  AUC @ 1: 0.6545
Validation Data Eval:
  Num examples: 256  Num correct: 154  Precision @ 1: 0.6016  AUC @ 1: 0.6765
Test Data Eval:
  Num examples: 384  Num correct: 231  Precision @ 1: 0.6016  AUC @ 1: 0.6201
Step 2600: loss = 0.7673 (0.012 sec)
Training Data Eval:
  Num examples: 3584  Num correct: 2114  Precision @ 1: 0.5898  AUC @ 1: 0.6660
Validation Data Eval:
  Num examples: 256  Num correct: 158  Precision @ 1: 0.6172  AUC @ 1: 0.6846
Test Data Eval:
  Num examples: 384  Num correct: 229  Precision @ 1: 0.5964  AUC @ 1: 0.6345
Step 2800: loss = 0.7505 (0.044 sec)
Training Data Eval:
  Num examples: 3584  Num correct: 2102  Precision @ 1: 0.5865  AUC @ 1: 0.6715
Validation Data Eval:
  Num examples: 256  Num correct: 156  Precision @ 1: 0.6094  AUC @ 1: 0.6926
Test Data Eval:
  Num examples: 384  Num correct: 231  Precision @ 1: 0.6016  AUC @ 1: 0.6388
Step 3000: loss = 0.7268 (0.012 sec)
Training Data Eval:
  Num examples: 3584  Num correct: 2154  Precision @ 1: 0.6010  AUC @ 1: 0.6839
Validation Data Eval:
  Num examples: 256  Num correct: 158  Precision @ 1: 0.6172  AUC @ 1: 0.6993
Test Data Eval:
  Num examples: 384  Num correct: 235  Precision @ 1: 0.6120  AUC @ 1: 0.6628
Step 3200: loss = 0.7466 (0.011 sec)
Training Data Eval:
  Num examples: 3584  Num correct: 2198  Precision @ 1: 0.6133  AUC @ 1: 0.6877
Validation Data Eval:
  Num examples: 256  Num correct: 157  Precision @ 1: 0.6133  AUC @ 1: 0.7079
Test Data Eval:
  Num examples: 384  Num correct: 231  Precision @ 1: 0.6016  AUC @ 1: 0.6736
Step 3400: loss = 0.7339 (0.012 sec)
Training Data Eval:
  Num examples: 3584  Num correct: 2226  Precision @ 1: 0.6211  AUC @ 1: 0.7023
Validation Data Eval:
  Num examples: 256  Num correct: 161  Precision @ 1: 0.6289  AUC @ 1: 0.7145
Test Data Eval:
  Num examples: 384  Num correct: 229  Precision @ 1: 0.5964  AUC @ 1: 0.6586
Step 3600: loss = 0.7663 (0.012 sec)
Training Data Eval:
  Num examples: 3584  Num correct: 2183  Precision @ 1: 0.6091  AUC @ 1: 0.6995
Validation Data Eval:
  Num examples: 256  Num correct: 163  Precision @ 1: 0.6367  AUC @ 1: 0.7183
Test Data Eval:
  Num examples: 384  Num correct: 233  Precision @ 1: 0.6068  AUC @ 1: 0.6902
Step 3800: loss = 0.7413 (0.012 sec)
Training Data Eval:
  Num examples: 3584  Num correct: 2240  Precision @ 1: 0.6250  AUC @ 1: 0.7044
Validation Data Eval:
  Num examples: 256  Num correct: 166  Precision @ 1: 0.6484  AUC @ 1: 0.7223
Test Data Eval:
  Num examples: 384  Num correct: 228  Precision @ 1: 0.5938  AUC @ 1: 0.6718
Step 4000: loss = 0.7096 (0.011 sec)
Training Data Eval:
  Num examples: 3584  Num correct: 2302  Precision @ 1: 0.6423  AUC @ 1: 0.7186
Validation Data Eval:
  Num examples: 256  Num correct: 165  Precision @ 1: 0.6445  AUC @ 1: 0.7250
Test Data Eval:
  Num examples: 384  Num correct: 225  Precision @ 1: 0.5859  AUC @ 1: 0.6901
Step 4200: loss = 0.6919 (0.047 sec)
Training Data Eval:
  Num examples: 3584  Num correct: 2368  Precision @ 1: 0.6607  AUC @ 1: 0.7329
Validation Data Eval:
  Num examples: 256  Num correct: 166  Precision @ 1: 0.6484  AUC @ 1: 0.7268
Test Data Eval:
  Num examples: 384  Num correct: 224  Precision @ 1: 0.5833  AUC @ 1: 0.7031
Step 4400: loss = 0.6863 (0.011 sec)
Training Data Eval:
  Num examples: 3584  Num correct: 2366  Precision @ 1: 0.6602  AUC @ 1: 0.7295
Validation Data Eval:
  Num examples: 256  Num correct: 167  Precision @ 1: 0.6523  AUC @ 1: 0.7311
Test Data Eval:
  Num examples: 384  Num correct: 230  Precision @ 1: 0.5990  AUC @ 1: 0.6963
Step 4600: loss = 0.6897 (0.012 sec)
Training Data Eval:
  Num examples: 3584  Num correct: 2405  Precision @ 1: 0.6710  AUC @ 1: 0.7398
Validation Data Eval:
  Num examples: 256  Num correct: 166  Precision @ 1: 0.6484  AUC @ 1: 0.7361
Test Data Eval:
  Num examples: 384  Num correct: 225  Precision @ 1: 0.5859  AUC @ 1: 0.6975
Step 4800: loss = 0.7117 (0.012 sec)
Training Data Eval:
  Num examples: 3584  Num correct: 2456  Precision @ 1: 0.6853  AUC @ 1: 0.7511
Validation Data Eval:
  Num examples: 256  Num correct: 169  Precision @ 1: 0.6602  AUC @ 1: 0.7389
Test Data Eval:
  Num examples: 384  Num correct: 219  Precision @ 1: 0.5703  AUC @ 1: 0.7064
Step 5000: loss = 0.6614 (0.011 sec)
Training Data Eval:
  Num examples: 3584  Num correct: 2417  Precision @ 1: 0.6744  AUC @ 1: 0.7512
Validation Data Eval:
  Num examples: 256  Num correct: 173  Precision @ 1: 0.6758  AUC @ 1: 0.7417
Test Data Eval:
  Num examples: 384  Num correct: 228  Precision @ 1: 0.5938  AUC @ 1: 0.7046
Step 5200: loss = 0.6895 (0.011 sec)
Training Data Eval:
  Num examples: 3584  Num correct: 2425  Precision @ 1: 0.6766  AUC @ 1: 0.7536
Validation Data Eval:
  Num examples: 256  Num correct: 171  Precision @ 1: 0.6680  AUC @ 1: 0.7451
Test Data Eval:
  Num examples: 384  Num correct: 229  Precision @ 1: 0.5964  AUC @ 1: 0.7149
Step 5400: loss = 0.6563 (0.012 sec)
Training Data Eval:
  Num examples: 3584  Num correct: 2440  Precision @ 1: 0.6808  AUC @ 1: 0.7630
Validation Data Eval:
  Num examples: 256  Num correct: 173  Precision @ 1: 0.6758  AUC @ 1: 0.7484
Test Data Eval:
  Num examples: 384  Num correct: 241  Precision @ 1: 0.6276  AUC @ 1: 0.7371
Step 5600: loss = 0.6901 (0.045 sec)
Training Data Eval:
  Num examples: 3584  Num correct: 2428  Precision @ 1: 0.6775  AUC @ 1: 0.7597
Validation Data Eval:
  Num examples: 256  Num correct: 178  Precision @ 1: 0.6953  AUC @ 1: 0.7512
Test Data Eval:
  Num examples: 384  Num correct: 227  Precision @ 1: 0.5911  AUC @ 1: 0.7165
Step 5800: loss = 0.7107 (0.012 sec)
Training Data Eval:
  Num examples: 3584  Num correct: 2453  Precision @ 1: 0.6844  AUC @ 1: 0.7636
Validation Data Eval:
  Num examples: 256  Num correct: 178  Precision @ 1: 0.6953  AUC @ 1: 0.7562
Test Data Eval:
  Num examples: 384  Num correct: 228  Precision @ 1: 0.5938  AUC @ 1: 0.7279
Step 6000: loss = 0.6358 (0.011 sec)
Training Data Eval:
  Num examples: 3584  Num correct: 2482  Precision @ 1: 0.6925  AUC @ 1: 0.7803
Validation Data Eval:
  Num examples: 256  Num correct: 179  Precision @ 1: 0.6992  AUC @ 1: 0.7592
Test Data Eval:
  Num examples: 384  Num correct: 232  Precision @ 1: 0.6042  AUC @ 1: 0.7411
Step 6200: loss = 0.6498 (0.012 sec)
Training Data Eval:
  Num examples: 3584  Num correct: 2489  Precision @ 1: 0.6945  AUC @ 1: 0.7794
Validation Data Eval:
  Num examples: 256  Num correct: 179  Precision @ 1: 0.6992  AUC @ 1: 0.7640
Test Data Eval:
  Num examples: 384  Num correct: 241  Precision @ 1: 0.6276  AUC @ 1: 0.7408
Step 6400: loss = 0.6709 (0.012 sec)
Training Data Eval:
  Num examples: 3584  Num correct: 2518  Precision @ 1: 0.7026  AUC @ 1: 0.7900
Validation Data Eval:
  Num examples: 256  Num correct: 180  Precision @ 1: 0.7031  AUC @ 1: 0.7716
Test Data Eval:
  Num examples: 384  Num correct: 238  Precision @ 1: 0.6198  AUC @ 1: 0.7576
Step 6600: loss = 0.6097 (0.012 sec)
Training Data Eval:
  Num examples: 3584  Num correct: 2482  Precision @ 1: 0.6925  AUC @ 1: 0.7871
Validation Data Eval:
  Num examples: 256  Num correct: 181  Precision @ 1: 0.7070  AUC @ 1: 0.7778
Test Data Eval:
  Num examples: 384  Num correct: 240  Precision @ 1: 0.6250  AUC @ 1: 0.7471
Step 6800: loss = 0.5864 (0.012 sec)
Training Data Eval:
  Num examples: 3584  Num correct: 2526  Precision @ 1: 0.7048  AUC @ 1: 0.7966
Validation Data Eval:
  Num examples: 256  Num correct: 181  Precision @ 1: 0.7070  AUC @ 1: 0.7825
Test Data Eval:
  Num examples: 384  Num correct: 243  Precision @ 1: 0.6328  AUC @ 1: 0.7320
Step 7000: loss = 0.6665 (0.043 sec)
Training Data Eval:
  Num examples: 3584  Num correct: 2521  Precision @ 1: 0.7034  AUC @ 1: 0.7964
Validation Data Eval:
  Num examples: 256  Num correct: 180  Precision @ 1: 0.7031  AUC @ 1: 0.7865
Test Data Eval:
  Num examples: 384  Num correct: 250  Precision @ 1: 0.6510  AUC @ 1: 0.7590
Step 7200: loss = 0.6906 (0.012 sec)
Training Data Eval:
  Num examples: 3584  Num correct: 2534  Precision @ 1: 0.7070  AUC @ 1: 0.8011
Validation Data Eval:
  Num examples: 256  Num correct: 183  Precision @ 1: 0.7148  AUC @ 1: 0.7904
Test Data Eval:
  Num examples: 384  Num correct: 256  Precision @ 1: 0.6667  AUC @ 1: 0.7400
Step 7400: loss = 0.6288 (0.011 sec)
Training Data Eval:
  Num examples: 3584  Num correct: 2562  Precision @ 1: 0.7148  AUC @ 1: 0.8064
Validation Data Eval:
  Num examples: 256  Num correct: 184  Precision @ 1: 0.7188  AUC @ 1: 0.7927
Test Data Eval:
  Num examples: 384  Num correct: 245  Precision @ 1: 0.6380  AUC @ 1: 0.7404
Step 7600: loss = 0.5510 (0.011 sec)
Training Data Eval:
  Num examples: 3584  Num correct: 2569  Precision @ 1: 0.7168  AUC @ 1: 0.8107
Validation Data Eval:
  Num examples: 256  Num correct: 183  Precision @ 1: 0.7148  AUC @ 1: 0.7959
Test Data Eval:
  Num examples: 384  Num correct: 247  Precision @ 1: 0.6432  AUC @ 1: 0.7336
Step 7800: loss = 0.5740 (0.012 sec)
Training Data Eval:
  Num examples: 3584  Num correct: 2591  Precision @ 1: 0.7229  AUC @ 1: 0.8159
Validation Data Eval:
  Num examples: 256  Num correct: 183  Precision @ 1: 0.7148  AUC @ 1: 0.7994
Test Data Eval:
  Num examples: 384  Num correct: 245  Precision @ 1: 0.6380  AUC @ 1: 0.7497
Step 8000: loss = 0.6621 (0.012 sec)
Training Data Eval:
  Num examples: 3584  Num correct: 2633  Precision @ 1: 0.7347  AUC @ 1: 0.8242
Validation Data Eval:
  Num examples: 256  Num correct: 183  Precision @ 1: 0.7148  AUC @ 1: 0.8007
Test Data Eval:
  Num examples: 384  Num correct: 248  Precision @ 1: 0.6458  AUC @ 1: 0.7581
Step 8200: loss = 0.5838 (0.012 sec)
Training Data Eval:
  Num examples: 3584  Num correct: 2600  Precision @ 1: 0.7254  AUC @ 1: 0.8188
Validation Data Eval:
  Num examples: 256  Num correct: 184  Precision @ 1: 0.7188  AUC @ 1: 0.8013
Test Data Eval:
  Num examples: 384  Num correct: 251  Precision @ 1: 0.6536  AUC @ 1: 0.7534
Step 8400: loss = 0.6084 (0.048 sec)
Training Data Eval:
  Num examples: 3584  Num correct: 2587  Precision @ 1: 0.7218  AUC @ 1: 0.8185
Validation Data Eval:
  Num examples: 256  Num correct: 181  Precision @ 1: 0.7070  AUC @ 1: 0.8035
Test Data Eval:
  Num examples: 384  Num correct: 247  Precision @ 1: 0.6432  AUC @ 1: 0.7417
Step 8600: loss = 0.5946 (0.012 sec)
Training Data Eval:
  Num examples: 3584  Num correct: 2616  Precision @ 1: 0.7299  AUC @ 1: 0.8286
Validation Data Eval:
  Num examples: 256  Num correct: 184  Precision @ 1: 0.7188  AUC @ 1: 0.8083
Test Data Eval:
  Num examples: 384  Num correct: 252  Precision @ 1: 0.6562  AUC @ 1: 0.7711
Step 8800: loss = 0.5447 (0.011 sec)
Training Data Eval:
  Num examples: 3584  Num correct: 2638  Precision @ 1: 0.7360  AUC @ 1: 0.8312
Validation Data Eval:
  Num examples: 256  Num correct: 182  Precision @ 1: 0.7109  AUC @ 1: 0.8089
Test Data Eval:
  Num examples: 384  Num correct: 249  Precision @ 1: 0.6484  AUC @ 1: 0.7561
Step 9000: loss = 0.5435 (0.012 sec)
Training Data Eval:
  Num examples: 3584  Num correct: 2668  Precision @ 1: 0.7444  AUC @ 1: 0.8402
Validation Data Eval:
  Num examples: 256  Num correct: 184  Precision @ 1: 0.7188  AUC @ 1: 0.8111
Test Data Eval:
  Num examples: 384  Num correct: 251  Precision @ 1: 0.6536  AUC @ 1: 0.7633
Step 9200: loss = 0.5659 (0.012 sec)
Training Data Eval:
  Num examples: 3584  Num correct: 2650  Precision @ 1: 0.7394  AUC @ 1: 0.8299
Validation Data Eval:
  Num examples: 256  Num correct: 183  Precision @ 1: 0.7148  AUC @ 1: 0.8121
Test Data Eval:
  Num examples: 384  Num correct: 257  Precision @ 1: 0.6693  AUC @ 1: 0.7670
Step 9400: loss = 0.6750 (0.011 sec)
Training Data Eval:
  Num examples: 3584  Num correct: 2671  Precision @ 1: 0.7453  AUC @ 1: 0.8332
Validation Data Eval:
  Num examples: 256  Num correct: 185  Precision @ 1: 0.7227  AUC @ 1: 0.8133
Test Data Eval:
  Num examples: 384  Num correct: 256  Precision @ 1: 0.6667  AUC @ 1: 0.7679
Step 9600: loss = 0.5548 (0.012 sec)
Training Data Eval:
  Num examples: 3584  Num correct: 2690  Precision @ 1: 0.7506  AUC @ 1: 0.8402
Validation Data Eval:
  Num examples: 256  Num correct: 186  Precision @ 1: 0.7266  AUC @ 1: 0.8158
Test Data Eval:
  Num examples: 384  Num correct: 254  Precision @ 1: 0.6615  AUC @ 1: 0.7764
Step 9800: loss = 0.5760 (0.045 sec)
Training Data Eval:
  Num examples: 3584  Num correct: 2716  Precision @ 1: 0.7578  AUC @ 1: 0.8446
Validation Data Eval:
  Num examples: 256  Num correct: 184  Precision @ 1: 0.7188  AUC @ 1: 0.8184
Test Data Eval:
  Num examples: 384  Num correct: 254  Precision @ 1: 0.6615  AUC @ 1: 0.7561
