Training data shape: 	(3881, 64, 30, 1)
Training label shape:	(3881,)
Testing data shape:  	(454, 64, 30, 1)
Testing label shape: 	(454,)
max input value is: 13.5307307243
min input value is: -9.98387653152
random permuted training data
==============================================================================
Model: 			inference_global_s_cnn
Tensor Name: 	Placeholder:0
[128, 64, 30, 1]
==============================================================================
Tensor Name: conv1/conv1:0
[128, 1, 30, 4]
==============================================================================
Tensor Name: MaxPool:0
[128, 1, 15, 4]
==============================================================================
Tensor Name: local1/local1:0
[128, 128]
==============================================================================
Tensor Name: local2/local2:0
[128, 128]
==============================================================================
Tensor Name: softmax_linear/softmax_linear:0
[128, 2]
Step 0: loss = 0.7518 (0.031 sec)
Training Data Eval:
  Num examples: 3584  Num correct: 2041  Precision @ 1: 0.5695  AUC @ 1: 0.5821
Validation Data Eval:
  Num examples: 256  Num correct: 137  Precision @ 1: 0.5352  AUC @ 1: 0.6429
Test Data Eval:
  Num examples: 384  Num correct: 187  Precision @ 1: 0.4870  AUC @ 1: 0.5190
Step 200: loss = 0.7399 (0.010 sec)
Training Data Eval:
  Num examples: 3584  Num correct: 2036  Precision @ 1: 0.5681  AUC @ 1: 0.6079
Validation Data Eval:
  Num examples: 256  Num correct: 137  Precision @ 1: 0.5352  AUC @ 1: 0.6425
Test Data Eval:
  Num examples: 384  Num correct: 217  Precision @ 1: 0.5651  AUC @ 1: 0.5107
Step 400: loss = 0.7462 (0.009 sec)
Training Data Eval:
  Num examples: 3584  Num correct: 2014  Precision @ 1: 0.5619  AUC @ 1: 0.6092
Validation Data Eval:
  Num examples: 256  Num correct: 137  Precision @ 1: 0.5352  AUC @ 1: 0.6407
Test Data Eval:
  Num examples: 384  Num correct: 217  Precision @ 1: 0.5651  AUC @ 1: 0.5084
Step 600: loss = 0.7306 (0.010 sec)
Training Data Eval:
  Num examples: 3584  Num correct: 2028  Precision @ 1: 0.5658  AUC @ 1: 0.6043
Validation Data Eval:
  Num examples: 256  Num correct: 137  Precision @ 1: 0.5352  AUC @ 1: 0.6352
Test Data Eval:
  Num examples: 384  Num correct: 214  Precision @ 1: 0.5573  AUC @ 1: 0.5316
Step 800: loss = 0.7391 (0.009 sec)
Training Data Eval:
  Num examples: 3584  Num correct: 2012  Precision @ 1: 0.5614  AUC @ 1: 0.6006
Validation Data Eval:
  Num examples: 256  Num correct: 137  Precision @ 1: 0.5352  AUC @ 1: 0.6322
Test Data Eval:
  Num examples: 384  Num correct: 218  Precision @ 1: 0.5677  AUC @ 1: 0.5336
Step 1000: loss = 0.7338 (0.010 sec)
Training Data Eval:
  Num examples: 3584  Num correct: 2054  Precision @ 1: 0.5731  AUC @ 1: 0.6025
Validation Data Eval:
  Num examples: 256  Num correct: 137  Precision @ 1: 0.5352  AUC @ 1: 0.6303
Test Data Eval:
  Num examples: 384  Num correct: 213  Precision @ 1: 0.5547  AUC @ 1: 0.5383
Step 1200: loss = 0.7423 (0.010 sec)
Training Data Eval:
  Num examples: 3584  Num correct: 2036  Precision @ 1: 0.5681  AUC @ 1: 0.6104
Validation Data Eval:
  Num examples: 256  Num correct: 137  Precision @ 1: 0.5352  AUC @ 1: 0.6289
Test Data Eval:
  Num examples: 384  Num correct: 220  Precision @ 1: 0.5729  AUC @ 1: 0.5251
Step 1400: loss = 0.7660 (0.043 sec)
Training Data Eval:
  Num examples: 3584  Num correct: 2039  Precision @ 1: 0.5689  AUC @ 1: 0.6146
Validation Data Eval:
  Num examples: 256  Num correct: 137  Precision @ 1: 0.5352  AUC @ 1: 0.6272
Test Data Eval:
  Num examples: 384  Num correct: 221  Precision @ 1: 0.5755  AUC @ 1: 0.5387
Step 1600: loss = 0.7292 (0.010 sec)
Training Data Eval:
  Num examples: 3584  Num correct: 2049  Precision @ 1: 0.5717  AUC @ 1: 0.6133
Validation Data Eval:
  Num examples: 256  Num correct: 137  Precision @ 1: 0.5352  AUC @ 1: 0.6268
Test Data Eval:
  Num examples: 384  Num correct: 221  Precision @ 1: 0.5755  AUC @ 1: 0.5415
Step 1800: loss = 0.6998 (0.009 sec)
Training Data Eval:
  Num examples: 3584  Num correct: 2025  Precision @ 1: 0.5650  AUC @ 1: 0.6096
Validation Data Eval:
  Num examples: 256  Num correct: 137  Precision @ 1: 0.5352  AUC @ 1: 0.6269
Test Data Eval:
  Num examples: 384  Num correct: 217  Precision @ 1: 0.5651  AUC @ 1: 0.5515
Step 2000: loss = 0.7301 (0.009 sec)
Training Data Eval:
  Num examples: 3584  Num correct: 1997  Precision @ 1: 0.5572  AUC @ 1: 0.6094
Validation Data Eval:
  Num examples: 256  Num correct: 137  Precision @ 1: 0.5352  AUC @ 1: 0.6272
Test Data Eval:
  Num examples: 384  Num correct: 212  Precision @ 1: 0.5521  AUC @ 1: 0.5104
Step 2200: loss = 0.7065 (0.009 sec)
Training Data Eval:
  Num examples: 3584  Num correct: 2018  Precision @ 1: 0.5631  AUC @ 1: 0.6197
Validation Data Eval:
  Num examples: 256  Num correct: 137  Precision @ 1: 0.5352  AUC @ 1: 0.6280
Test Data Eval:
  Num examples: 384  Num correct: 217  Precision @ 1: 0.5651  AUC @ 1: 0.5257
Step 2400: loss = 0.7305 (0.010 sec)
Training Data Eval:
  Num examples: 3584  Num correct: 2028  Precision @ 1: 0.5658  AUC @ 1: 0.6173
Validation Data Eval:
  Num examples: 256  Num correct: 137  Precision @ 1: 0.5352  AUC @ 1: 0.6288
Test Data Eval:
  Num examples: 384  Num correct: 225  Precision @ 1: 0.5859  AUC @ 1: 0.5407
Step 2600: loss = 0.7052 (0.010 sec)
Training Data Eval:
  Num examples: 3584  Num correct: 2033  Precision @ 1: 0.5672  AUC @ 1: 0.6211
Validation Data Eval:
  Num examples: 256  Num correct: 137  Precision @ 1: 0.5352  AUC @ 1: 0.6310
Test Data Eval:
  Num examples: 384  Num correct: 215  Precision @ 1: 0.5599  AUC @ 1: 0.5265
Step 2800: loss = 0.7145 (0.041 sec)
Training Data Eval:
  Num examples: 3584  Num correct: 2012  Precision @ 1: 0.5614  AUC @ 1: 0.6263
Validation Data Eval:
  Num examples: 256  Num correct: 137  Precision @ 1: 0.5352  AUC @ 1: 0.6330
Test Data Eval:
  Num examples: 384  Num correct: 220  Precision @ 1: 0.5729  AUC @ 1: 0.5372
Step 3000: loss = 0.6969 (0.009 sec)
Training Data Eval:
  Num examples: 3584  Num correct: 2064  Precision @ 1: 0.5759  AUC @ 1: 0.6279
Validation Data Eval:
  Num examples: 256  Num correct: 153  Precision @ 1: 0.5977  AUC @ 1: 0.6349
Test Data Eval:
  Num examples: 384  Num correct: 212  Precision @ 1: 0.5521  AUC @ 1: 0.5474
Step 3200: loss = 0.7267 (0.009 sec)
Training Data Eval:
  Num examples: 3584  Num correct: 2070  Precision @ 1: 0.5776  AUC @ 1: 0.6260
Validation Data Eval:
  Num examples: 256  Num correct: 152  Precision @ 1: 0.5938  AUC @ 1: 0.6365
Test Data Eval:
  Num examples: 384  Num correct: 200  Precision @ 1: 0.5208  AUC @ 1: 0.5301
Step 3400: loss = 0.7319 (0.009 sec)
Training Data Eval:
  Num examples: 3584  Num correct: 2144  Precision @ 1: 0.5982  AUC @ 1: 0.6409
Validation Data Eval:
  Num examples: 256  Num correct: 151  Precision @ 1: 0.5898  AUC @ 1: 0.6391
Test Data Eval:
  Num examples: 384  Num correct: 210  Precision @ 1: 0.5469  AUC @ 1: 0.5482
Step 3600: loss = 0.7256 (0.010 sec)
Training Data Eval:
  Num examples: 3584  Num correct: 2106  Precision @ 1: 0.5876  AUC @ 1: 0.6384
Validation Data Eval:
  Num examples: 256  Num correct: 152  Precision @ 1: 0.5938  AUC @ 1: 0.6447
Test Data Eval:
  Num examples: 384  Num correct: 212  Precision @ 1: 0.5521  AUC @ 1: 0.5710
Step 3800: loss = 0.6984 (0.010 sec)
Training Data Eval:
  Num examples: 3584  Num correct: 2138  Precision @ 1: 0.5965  AUC @ 1: 0.6421
Validation Data Eval:
  Num examples: 256  Num correct: 154  Precision @ 1: 0.6016  AUC @ 1: 0.6489
Test Data Eval:
  Num examples: 384  Num correct: 208  Precision @ 1: 0.5417  AUC @ 1: 0.5539
Step 4000: loss = 0.7031 (0.010 sec)
Training Data Eval:
  Num examples: 3584  Num correct: 2145  Precision @ 1: 0.5985  AUC @ 1: 0.6398
Validation Data Eval:
  Num examples: 256  Num correct: 154  Precision @ 1: 0.6016  AUC @ 1: 0.6526
Test Data Eval:
  Num examples: 384  Num correct: 213  Precision @ 1: 0.5547  AUC @ 1: 0.5591
Step 4200: loss = 0.7059 (0.046 sec)
Training Data Eval:
  Num examples: 3584  Num correct: 2126  Precision @ 1: 0.5932  AUC @ 1: 0.6368
Validation Data Eval:
  Num examples: 256  Num correct: 154  Precision @ 1: 0.6016  AUC @ 1: 0.6538
Test Data Eval:
  Num examples: 384  Num correct: 220  Precision @ 1: 0.5729  AUC @ 1: 0.5793
Step 4400: loss = 0.7016 (0.010 sec)
Training Data Eval:
  Num examples: 3584  Num correct: 2153  Precision @ 1: 0.6007  AUC @ 1: 0.6506
Validation Data Eval:
  Num examples: 256  Num correct: 154  Precision @ 1: 0.6016  AUC @ 1: 0.6528
Test Data Eval:
  Num examples: 384  Num correct: 219  Precision @ 1: 0.5703  AUC @ 1: 0.5691
Step 4600: loss = 0.6829 (0.011 sec)
Training Data Eval:
  Num examples: 3584  Num correct: 2198  Precision @ 1: 0.6133  AUC @ 1: 0.6619
Validation Data Eval:
  Num examples: 256  Num correct: 151  Precision @ 1: 0.5898  AUC @ 1: 0.6483
Test Data Eval:
  Num examples: 384  Num correct: 218  Precision @ 1: 0.5677  AUC @ 1: 0.5644
Step 4800: loss = 0.6993 (0.009 sec)
Training Data Eval:
  Num examples: 3584  Num correct: 2162  Precision @ 1: 0.6032  AUC @ 1: 0.6551
Validation Data Eval:
  Num examples: 256  Num correct: 151  Precision @ 1: 0.5898  AUC @ 1: 0.6491
Test Data Eval:
  Num examples: 384  Num correct: 220  Precision @ 1: 0.5729  AUC @ 1: 0.5709
Step 5000: loss = 0.7059 (0.010 sec)
Training Data Eval:
  Num examples: 3584  Num correct: 2204  Precision @ 1: 0.6150  AUC @ 1: 0.6688
Validation Data Eval:
  Num examples: 256  Num correct: 152  Precision @ 1: 0.5938  AUC @ 1: 0.6469
Test Data Eval:
  Num examples: 384  Num correct: 226  Precision @ 1: 0.5885  AUC @ 1: 0.5735
Step 5200: loss = 0.7102 (0.010 sec)
Training Data Eval:
  Num examples: 3584  Num correct: 2203  Precision @ 1: 0.6147  AUC @ 1: 0.6646
Validation Data Eval:
  Num examples: 256  Num correct: 152  Precision @ 1: 0.5938  AUC @ 1: 0.6468
Test Data Eval:
  Num examples: 384  Num correct: 215  Precision @ 1: 0.5599  AUC @ 1: 0.5506
Step 5400: loss = 0.6883 (0.010 sec)
Training Data Eval:
  Num examples: 3584  Num correct: 2204  Precision @ 1: 0.6150  AUC @ 1: 0.6646
Validation Data Eval:
  Num examples: 256  Num correct: 152  Precision @ 1: 0.5938  AUC @ 1: 0.6500
Test Data Eval:
  Num examples: 384  Num correct: 219  Precision @ 1: 0.5703  AUC @ 1: 0.5625
Step 5600: loss = 0.6637 (0.044 sec)
Training Data Eval:
  Num examples: 3584  Num correct: 2206  Precision @ 1: 0.6155  AUC @ 1: 0.6667
Validation Data Eval:
  Num examples: 256  Num correct: 153  Precision @ 1: 0.5977  AUC @ 1: 0.6507
Test Data Eval:
  Num examples: 384  Num correct: 226  Precision @ 1: 0.5885  AUC @ 1: 0.6038
Step 5800: loss = 0.6959 (0.010 sec)
Training Data Eval:
  Num examples: 3584  Num correct: 2223  Precision @ 1: 0.6203  AUC @ 1: 0.6711
Validation Data Eval:
  Num examples: 256  Num correct: 156  Precision @ 1: 0.6094  AUC @ 1: 0.6555
Test Data Eval:
  Num examples: 384  Num correct: 230  Precision @ 1: 0.5990  AUC @ 1: 0.6066
Step 6000: loss = 0.6370 (0.010 sec)
Training Data Eval:
  Num examples: 3584  Num correct: 2253  Precision @ 1: 0.6286  AUC @ 1: 0.6810
Validation Data Eval:
  Num examples: 256  Num correct: 157  Precision @ 1: 0.6133  AUC @ 1: 0.6588
Test Data Eval:
  Num examples: 384  Num correct: 223  Precision @ 1: 0.5807  AUC @ 1: 0.6163
Step 6200: loss = 0.6566 (0.010 sec)
Training Data Eval:
  Num examples: 3584  Num correct: 2220  Precision @ 1: 0.6194  AUC @ 1: 0.6644
Validation Data Eval:
  Num examples: 256  Num correct: 159  Precision @ 1: 0.6211  AUC @ 1: 0.6643
Test Data Eval:
  Num examples: 384  Num correct: 225  Precision @ 1: 0.5859  AUC @ 1: 0.6034
Step 6400: loss = 0.6344 (0.011 sec)
Training Data Eval:
  Num examples: 3584  Num correct: 2259  Precision @ 1: 0.6303  AUC @ 1: 0.6845
Validation Data Eval:
  Num examples: 256  Num correct: 161  Precision @ 1: 0.6289  AUC @ 1: 0.6696
Test Data Eval:
  Num examples: 384  Num correct: 229  Precision @ 1: 0.5964  AUC @ 1: 0.6229
Step 6600: loss = 0.6595 (0.011 sec)
Training Data Eval:
  Num examples: 3584  Num correct: 2300  Precision @ 1: 0.6417  AUC @ 1: 0.6929
Validation Data Eval:
  Num examples: 256  Num correct: 164  Precision @ 1: 0.6406  AUC @ 1: 0.6769
Test Data Eval:
  Num examples: 384  Num correct: 232  Precision @ 1: 0.6042  AUC @ 1: 0.6166
Step 6800: loss = 0.6772 (0.010 sec)
Training Data Eval:
  Num examples: 3584  Num correct: 2309  Precision @ 1: 0.6443  AUC @ 1: 0.6974
Validation Data Eval:
  Num examples: 256  Num correct: 166  Precision @ 1: 0.6484  AUC @ 1: 0.6864
Test Data Eval:
  Num examples: 384  Num correct: 226  Precision @ 1: 0.5885  AUC @ 1: 0.6200
Step 7000: loss = 0.6872 (0.045 sec)
Training Data Eval:
  Num examples: 3584  Num correct: 2340  Precision @ 1: 0.6529  AUC @ 1: 0.7041
Validation Data Eval:
  Num examples: 256  Num correct: 165  Precision @ 1: 0.6445  AUC @ 1: 0.6917
Test Data Eval:
  Num examples: 384  Num correct: 228  Precision @ 1: 0.5938  AUC @ 1: 0.6263
Step 7200: loss = 0.6487 (0.010 sec)
Training Data Eval:
  Num examples: 3584  Num correct: 2367  Precision @ 1: 0.6604  AUC @ 1: 0.7174
Validation Data Eval:
  Num examples: 256  Num correct: 167  Precision @ 1: 0.6523  AUC @ 1: 0.6962
Test Data Eval:
  Num examples: 384  Num correct: 231  Precision @ 1: 0.6016  AUC @ 1: 0.6507
Step 7400: loss = 0.6896 (0.010 sec)
Training Data Eval:
  Num examples: 3584  Num correct: 2306  Precision @ 1: 0.6434  AUC @ 1: 0.6997
Validation Data Eval:
  Num examples: 256  Num correct: 166  Precision @ 1: 0.6484  AUC @ 1: 0.7025
Test Data Eval:
  Num examples: 384  Num correct: 240  Precision @ 1: 0.6250  AUC @ 1: 0.6682
Step 7600: loss = 0.6083 (0.009 sec)
Training Data Eval:
  Num examples: 3584  Num correct: 2371  Precision @ 1: 0.6616  AUC @ 1: 0.7162
Validation Data Eval:
  Num examples: 256  Num correct: 167  Precision @ 1: 0.6523  AUC @ 1: 0.7055
Test Data Eval:
  Num examples: 384  Num correct: 233  Precision @ 1: 0.6068  AUC @ 1: 0.6753
Step 7800: loss = 0.6463 (0.009 sec)
Training Data Eval:
  Num examples: 3584  Num correct: 2337  Precision @ 1: 0.6521  AUC @ 1: 0.7156
Validation Data Eval:
  Num examples: 256  Num correct: 166  Precision @ 1: 0.6484  AUC @ 1: 0.7078
Test Data Eval:
  Num examples: 384  Num correct: 237  Precision @ 1: 0.6172  AUC @ 1: 0.6627
Step 8000: loss = 0.6381 (0.010 sec)
Training Data Eval:
  Num examples: 3584  Num correct: 2365  Precision @ 1: 0.6599  AUC @ 1: 0.7268
Validation Data Eval:
  Num examples: 256  Num correct: 163  Precision @ 1: 0.6367  AUC @ 1: 0.7086
Test Data Eval:
  Num examples: 384  Num correct: 240  Precision @ 1: 0.6250  AUC @ 1: 0.6766
Step 8200: loss = 0.6040 (0.010 sec)
Training Data Eval:
  Num examples: 3584  Num correct: 2361  Precision @ 1: 0.6588  AUC @ 1: 0.7273
Validation Data Eval:
  Num examples: 256  Num correct: 163  Precision @ 1: 0.6367  AUC @ 1: 0.7113
Test Data Eval:
  Num examples: 384  Num correct: 240  Precision @ 1: 0.6250  AUC @ 1: 0.7036
Step 8400: loss = 0.6412 (0.047 sec)
Training Data Eval:
  Num examples: 3584  Num correct: 2358  Precision @ 1: 0.6579  AUC @ 1: 0.7264
Validation Data Eval:
  Num examples: 256  Num correct: 162  Precision @ 1: 0.6328  AUC @ 1: 0.7131
Test Data Eval:
  Num examples: 384  Num correct: 242  Precision @ 1: 0.6302  AUC @ 1: 0.7060
Step 8600: loss = 0.6191 (0.009 sec)
Training Data Eval:
  Num examples: 3584  Num correct: 2385  Precision @ 1: 0.6655  AUC @ 1: 0.7354
Validation Data Eval:
  Num examples: 256  Num correct: 163  Precision @ 1: 0.6367  AUC @ 1: 0.7152
Test Data Eval:
  Num examples: 384  Num correct: 247  Precision @ 1: 0.6432  AUC @ 1: 0.7208
Step 8800: loss = 0.6758 (0.009 sec)
Training Data Eval:
  Num examples: 3584  Num correct: 2369  Precision @ 1: 0.6610  AUC @ 1: 0.7317
Validation Data Eval:
  Num examples: 256  Num correct: 164  Precision @ 1: 0.6406  AUC @ 1: 0.7175
Test Data Eval:
  Num examples: 384  Num correct: 238  Precision @ 1: 0.6198  AUC @ 1: 0.7034
Step 9000: loss = 0.6340 (0.010 sec)
Training Data Eval:
  Num examples: 3584  Num correct: 2406  Precision @ 1: 0.6713  AUC @ 1: 0.7453
Validation Data Eval:
  Num examples: 256  Num correct: 167  Precision @ 1: 0.6523  AUC @ 1: 0.7185
Test Data Eval:
  Num examples: 384  Num correct: 239  Precision @ 1: 0.6224  AUC @ 1: 0.7043
Step 9200: loss = 0.6278 (0.009 sec)
Training Data Eval:
  Num examples: 3584  Num correct: 2416  Precision @ 1: 0.6741  AUC @ 1: 0.7463
Validation Data Eval:
  Num examples: 256  Num correct: 167  Precision @ 1: 0.6523  AUC @ 1: 0.7219
Test Data Eval:
  Num examples: 384  Num correct: 243  Precision @ 1: 0.6328  AUC @ 1: 0.7333
Step 9400: loss = 0.6575 (0.010 sec)
Training Data Eval:
  Num examples: 3584  Num correct: 2422  Precision @ 1: 0.6758  AUC @ 1: 0.7505
Validation Data Eval:
  Num examples: 256  Num correct: 166  Precision @ 1: 0.6484  AUC @ 1: 0.7255
Test Data Eval:
  Num examples: 384  Num correct: 245  Precision @ 1: 0.6380  AUC @ 1: 0.7236
Step 9600: loss = 0.6664 (0.009 sec)
Training Data Eval:
  Num examples: 3584  Num correct: 2424  Precision @ 1: 0.6763  AUC @ 1: 0.7540
Validation Data Eval:
  Num examples: 256  Num correct: 165  Precision @ 1: 0.6445  AUC @ 1: 0.7302
Test Data Eval:
  Num examples: 384  Num correct: 252  Precision @ 1: 0.6562  AUC @ 1: 0.7286
Step 9800: loss = 0.6125 (0.042 sec)
Training Data Eval:
  Num examples: 3584  Num correct: 2412  Precision @ 1: 0.6730  AUC @ 1: 0.7554
Validation Data Eval:
  Num examples: 256  Num correct: 165  Precision @ 1: 0.6445  AUC @ 1: 0.7326
Test Data Eval:
  Num examples: 384  Num correct: 239  Precision @ 1: 0.6224  AUC @ 1: 0.7141
