Training data shape: 	(3881, 64, 30, 1)
Training label shape:	(3881,)
Testing data shape:  	(454, 64, 30, 1)
Testing label shape: 	(454,)
max input value is: 13.5307307243
min input value is: -9.98387653152
random permuted training data
==============================================================================
Model: 			inference_global_s_cnn
Tensor Name: 	Placeholder:0
[128, 64, 30, 1]
==============================================================================
Tensor Name: conv1/conv1:0
[128, 1, 30, 8]
==============================================================================
Tensor Name: MaxPool:0
[128, 1, 15, 8]
==============================================================================
Tensor Name: local1/local1:0
[128, 128]
==============================================================================
Tensor Name: local2/local2:0
[128, 128]
==============================================================================
Tensor Name: softmax_linear/softmax_linear:0
[128, 2]
Step 0: loss = 0.7715 (0.030 sec)
Training Data Eval:
  Num examples: 3584  Num correct: 2027  Precision @ 1: 0.5656  AUC @ 1: 0.6249
Validation Data Eval:
  Num examples: 256  Num correct: 143  Precision @ 1: 0.5586  AUC @ 1: 0.6248
Test Data Eval:
  Num examples: 384  Num correct: 187  Precision @ 1: 0.4870  AUC @ 1: 0.6172
Step 200: loss = 0.7750 (0.011 sec)
Training Data Eval:
  Num examples: 3584  Num correct: 2003  Precision @ 1: 0.5589  AUC @ 1: 0.6411
Validation Data Eval:
  Num examples: 256  Num correct: 143  Precision @ 1: 0.5586  AUC @ 1: 0.6275
Test Data Eval:
  Num examples: 384  Num correct: 221  Precision @ 1: 0.5755  AUC @ 1: 0.6019
Step 400: loss = 0.7805 (0.011 sec)
Training Data Eval:
  Num examples: 3584  Num correct: 2016  Precision @ 1: 0.5625  AUC @ 1: 0.6330
Validation Data Eval:
  Num examples: 256  Num correct: 143  Precision @ 1: 0.5586  AUC @ 1: 0.6227
Test Data Eval:
  Num examples: 384  Num correct: 221  Precision @ 1: 0.5755  AUC @ 1: 0.6088
Step 600: loss = 0.7628 (0.010 sec)
Training Data Eval:
  Num examples: 3584  Num correct: 1985  Precision @ 1: 0.5539  AUC @ 1: 0.6297
Validation Data Eval:
  Num examples: 256  Num correct: 143  Precision @ 1: 0.5586  AUC @ 1: 0.6107
Test Data Eval:
  Num examples: 384  Num correct: 218  Precision @ 1: 0.5677  AUC @ 1: 0.6195
Step 800: loss = 0.7635 (0.010 sec)
Training Data Eval:
  Num examples: 3584  Num correct: 2019  Precision @ 1: 0.5633  AUC @ 1: 0.6374
Validation Data Eval:
  Num examples: 256  Num correct: 143  Precision @ 1: 0.5586  AUC @ 1: 0.6023
Test Data Eval:
  Num examples: 384  Num correct: 215  Precision @ 1: 0.5599  AUC @ 1: 0.5808
Step 1000: loss = 0.7663 (0.010 sec)
Training Data Eval:
  Num examples: 3584  Num correct: 2038  Precision @ 1: 0.5686  AUC @ 1: 0.6279
Validation Data Eval:
  Num examples: 256  Num correct: 143  Precision @ 1: 0.5586  AUC @ 1: 0.5943
Test Data Eval:
  Num examples: 384  Num correct: 216  Precision @ 1: 0.5625  AUC @ 1: 0.5924
Step 1200: loss = 0.7309 (0.010 sec)
Training Data Eval:
  Num examples: 3584  Num correct: 2024  Precision @ 1: 0.5647  AUC @ 1: 0.6257
Validation Data Eval:
  Num examples: 256  Num correct: 143  Precision @ 1: 0.5586  AUC @ 1: 0.5913
Test Data Eval:
  Num examples: 384  Num correct: 219  Precision @ 1: 0.5703  AUC @ 1: 0.5590
Step 1400: loss = 0.7413 (0.042 sec)
Training Data Eval:
  Num examples: 3584  Num correct: 2037  Precision @ 1: 0.5684  AUC @ 1: 0.6259
Validation Data Eval:
  Num examples: 256  Num correct: 143  Precision @ 1: 0.5586  AUC @ 1: 0.5877
Test Data Eval:
  Num examples: 384  Num correct: 213  Precision @ 1: 0.5547  AUC @ 1: 0.5700
Step 1600: loss = 0.7530 (0.011 sec)
Training Data Eval:
  Num examples: 3584  Num correct: 2045  Precision @ 1: 0.5706  AUC @ 1: 0.6370
Validation Data Eval:
  Num examples: 256  Num correct: 143  Precision @ 1: 0.5586  AUC @ 1: 0.5892
Test Data Eval:
  Num examples: 384  Num correct: 212  Precision @ 1: 0.5521  AUC @ 1: 0.5812
Step 1800: loss = 0.7555 (0.010 sec)
Training Data Eval:
  Num examples: 3584  Num correct: 2047  Precision @ 1: 0.5711  AUC @ 1: 0.6341
Validation Data Eval:
  Num examples: 256  Num correct: 143  Precision @ 1: 0.5586  AUC @ 1: 0.5908
Test Data Eval:
  Num examples: 384  Num correct: 220  Precision @ 1: 0.5729  AUC @ 1: 0.5618
Step 2000: loss = 0.7552 (0.010 sec)
Training Data Eval:
  Num examples: 3584  Num correct: 2039  Precision @ 1: 0.5689  AUC @ 1: 0.6298
Validation Data Eval:
  Num examples: 256  Num correct: 143  Precision @ 1: 0.5586  AUC @ 1: 0.5937
Test Data Eval:
  Num examples: 384  Num correct: 226  Precision @ 1: 0.5885  AUC @ 1: 0.5483
Step 2200: loss = 0.7381 (0.010 sec)
Training Data Eval:
  Num examples: 3584  Num correct: 2023  Precision @ 1: 0.5645  AUC @ 1: 0.6203
Validation Data Eval:
  Num examples: 256  Num correct: 143  Precision @ 1: 0.5586  AUC @ 1: 0.5987
Test Data Eval:
  Num examples: 384  Num correct: 216  Precision @ 1: 0.5625  AUC @ 1: 0.5701
Step 2400: loss = 0.7472 (0.010 sec)
Training Data Eval:
  Num examples: 3584  Num correct: 2013  Precision @ 1: 0.5617  AUC @ 1: 0.6374
Validation Data Eval:
  Num examples: 256  Num correct: 143  Precision @ 1: 0.5586  AUC @ 1: 0.6086
Test Data Eval:
  Num examples: 384  Num correct: 212  Precision @ 1: 0.5521  AUC @ 1: 0.5756
Step 2600: loss = 0.7025 (0.010 sec)
Training Data Eval:
  Num examples: 3584  Num correct: 2030  Precision @ 1: 0.5664  AUC @ 1: 0.6393
Validation Data Eval:
  Num examples: 256  Num correct: 143  Precision @ 1: 0.5586  AUC @ 1: 0.6201
Test Data Eval:
  Num examples: 384  Num correct: 217  Precision @ 1: 0.5651  AUC @ 1: 0.5859
Step 2800: loss = 0.7476 (0.047 sec)
Training Data Eval:
  Num examples: 3584  Num correct: 2092  Precision @ 1: 0.5837  AUC @ 1: 0.6470
Validation Data Eval:
  Num examples: 256  Num correct: 152  Precision @ 1: 0.5938  AUC @ 1: 0.6341
Test Data Eval:
  Num examples: 384  Num correct: 224  Precision @ 1: 0.5833  AUC @ 1: 0.5888
Step 3000: loss = 0.7425 (0.010 sec)
Training Data Eval:
  Num examples: 3584  Num correct: 2103  Precision @ 1: 0.5868  AUC @ 1: 0.6500
Validation Data Eval:
  Num examples: 256  Num correct: 153  Precision @ 1: 0.5977  AUC @ 1: 0.6497
Test Data Eval:
  Num examples: 384  Num correct: 223  Precision @ 1: 0.5807  AUC @ 1: 0.6048
Step 3200: loss = 0.7307 (0.010 sec)
Training Data Eval:
  Num examples: 3584  Num correct: 2107  Precision @ 1: 0.5879  AUC @ 1: 0.6711
Validation Data Eval:
  Num examples: 256  Num correct: 156  Precision @ 1: 0.6094  AUC @ 1: 0.6630
Test Data Eval:
  Num examples: 384  Num correct: 229  Precision @ 1: 0.5964  AUC @ 1: 0.6240
Step 3400: loss = 0.7029 (0.011 sec)
Training Data Eval:
  Num examples: 3584  Num correct: 2152  Precision @ 1: 0.6004  AUC @ 1: 0.6791
Validation Data Eval:
  Num examples: 256  Num correct: 160  Precision @ 1: 0.6250  AUC @ 1: 0.6802
Test Data Eval:
  Num examples: 384  Num correct: 222  Precision @ 1: 0.5781  AUC @ 1: 0.6238
Step 3600: loss = 0.7284 (0.011 sec)
Training Data Eval:
  Num examples: 3584  Num correct: 2134  Precision @ 1: 0.5954  AUC @ 1: 0.6802
Validation Data Eval:
  Num examples: 256  Num correct: 160  Precision @ 1: 0.6250  AUC @ 1: 0.6969
Test Data Eval:
  Num examples: 384  Num correct: 218  Precision @ 1: 0.5677  AUC @ 1: 0.6347
Step 3800: loss = 0.7049 (0.010 sec)
Training Data Eval:
  Num examples: 3584  Num correct: 2225  Precision @ 1: 0.6208  AUC @ 1: 0.6932
Validation Data Eval:
  Num examples: 256  Num correct: 162  Precision @ 1: 0.6328  AUC @ 1: 0.7119
Test Data Eval:
  Num examples: 384  Num correct: 223  Precision @ 1: 0.5807  AUC @ 1: 0.6437
Step 4000: loss = 0.6922 (0.011 sec)
Training Data Eval:
  Num examples: 3584  Num correct: 2213  Precision @ 1: 0.6175  AUC @ 1: 0.6927
Validation Data Eval:
  Num examples: 256  Num correct: 164  Precision @ 1: 0.6406  AUC @ 1: 0.7250
Test Data Eval:
  Num examples: 384  Num correct: 226  Precision @ 1: 0.5885  AUC @ 1: 0.6650
Step 4200: loss = 0.6772 (0.045 sec)
Training Data Eval:
  Num examples: 3584  Num correct: 2238  Precision @ 1: 0.6244  AUC @ 1: 0.7036
Validation Data Eval:
  Num examples: 256  Num correct: 165  Precision @ 1: 0.6445  AUC @ 1: 0.7349
Test Data Eval:
  Num examples: 384  Num correct: 213  Precision @ 1: 0.5547  AUC @ 1: 0.6414
Step 4400: loss = 0.7247 (0.010 sec)
Training Data Eval:
  Num examples: 3584  Num correct: 2249  Precision @ 1: 0.6275  AUC @ 1: 0.7078
Validation Data Eval:
  Num examples: 256  Num correct: 166  Precision @ 1: 0.6484  AUC @ 1: 0.7434
Test Data Eval:
  Num examples: 384  Num correct: 216  Precision @ 1: 0.5625  AUC @ 1: 0.6615
Step 4600: loss = 0.6933 (0.010 sec)
Training Data Eval:
  Num examples: 3584  Num correct: 2318  Precision @ 1: 0.6468  AUC @ 1: 0.7183
Validation Data Eval:
  Num examples: 256  Num correct: 163  Precision @ 1: 0.6367  AUC @ 1: 0.7529
Test Data Eval:
  Num examples: 384  Num correct: 214  Precision @ 1: 0.5573  AUC @ 1: 0.6856
Step 4800: loss = 0.6930 (0.010 sec)
Training Data Eval:
  Num examples: 3584  Num correct: 2335  Precision @ 1: 0.6515  AUC @ 1: 0.7314
Validation Data Eval:
  Num examples: 256  Num correct: 160  Precision @ 1: 0.6250  AUC @ 1: 0.7573
Test Data Eval:
  Num examples: 384  Num correct: 215  Precision @ 1: 0.5599  AUC @ 1: 0.6949
Step 5000: loss = 0.6419 (0.010 sec)
Training Data Eval:
  Num examples: 3584  Num correct: 2315  Precision @ 1: 0.6459  AUC @ 1: 0.7238
Validation Data Eval:
  Num examples: 256  Num correct: 163  Precision @ 1: 0.6367  AUC @ 1: 0.7638
Test Data Eval:
  Num examples: 384  Num correct: 216  Precision @ 1: 0.5625  AUC @ 1: 0.6815
Step 5200: loss = 0.7026 (0.010 sec)
Training Data Eval:
  Num examples: 3584  Num correct: 2352  Precision @ 1: 0.6562  AUC @ 1: 0.7310
Validation Data Eval:
  Num examples: 256  Num correct: 165  Precision @ 1: 0.6445  AUC @ 1: 0.7677
Test Data Eval:
  Num examples: 384  Num correct: 224  Precision @ 1: 0.5833  AUC @ 1: 0.7047
Step 5400: loss = 0.6669 (0.010 sec)
Training Data Eval:
  Num examples: 3584  Num correct: 2360  Precision @ 1: 0.6585  AUC @ 1: 0.7319
Validation Data Eval:
  Num examples: 256  Num correct: 169  Precision @ 1: 0.6602  AUC @ 1: 0.7739
Test Data Eval:
  Num examples: 384  Num correct: 219  Precision @ 1: 0.5703  AUC @ 1: 0.6881
Step 5600: loss = 0.6304 (0.044 sec)
Training Data Eval:
  Num examples: 3584  Num correct: 2355  Precision @ 1: 0.6571  AUC @ 1: 0.7335
Validation Data Eval:
  Num examples: 256  Num correct: 169  Precision @ 1: 0.6602  AUC @ 1: 0.7772
Test Data Eval:
  Num examples: 384  Num correct: 218  Precision @ 1: 0.5677  AUC @ 1: 0.6900
Step 5800: loss = 0.6366 (0.010 sec)
Training Data Eval:
  Num examples: 3584  Num correct: 2409  Precision @ 1: 0.6722  AUC @ 1: 0.7445
Validation Data Eval:
  Num examples: 256  Num correct: 171  Precision @ 1: 0.6680  AUC @ 1: 0.7815
Test Data Eval:
  Num examples: 384  Num correct: 222  Precision @ 1: 0.5781  AUC @ 1: 0.6931
Step 6000: loss = 0.6074 (0.010 sec)
Training Data Eval:
  Num examples: 3584  Num correct: 2420  Precision @ 1: 0.6752  AUC @ 1: 0.7452
Validation Data Eval:
  Num examples: 256  Num correct: 172  Precision @ 1: 0.6719  AUC @ 1: 0.7859
Test Data Eval:
  Num examples: 384  Num correct: 220  Precision @ 1: 0.5729  AUC @ 1: 0.6975
Step 6200: loss = 0.6375 (0.011 sec)
Training Data Eval:
  Num examples: 3584  Num correct: 2463  Precision @ 1: 0.6872  AUC @ 1: 0.7548
Validation Data Eval:
  Num examples: 256  Num correct: 170  Precision @ 1: 0.6641  AUC @ 1: 0.7877
Test Data Eval:
  Num examples: 384  Num correct: 222  Precision @ 1: 0.5781  AUC @ 1: 0.7125
Step 6400: loss = 0.6652 (0.010 sec)
Training Data Eval:
  Num examples: 3584  Num correct: 2407  Precision @ 1: 0.6716  AUC @ 1: 0.7460
Validation Data Eval:
  Num examples: 256  Num correct: 174  Precision @ 1: 0.6797  AUC @ 1: 0.7931
Test Data Eval:
  Num examples: 384  Num correct: 225  Precision @ 1: 0.5859  AUC @ 1: 0.7143
Step 6600: loss = 0.6138 (0.011 sec)
Training Data Eval:
  Num examples: 3584  Num correct: 2447  Precision @ 1: 0.6828  AUC @ 1: 0.7599
Validation Data Eval:
  Num examples: 256  Num correct: 177  Precision @ 1: 0.6914  AUC @ 1: 0.7981
Test Data Eval:
  Num examples: 384  Num correct: 223  Precision @ 1: 0.5807  AUC @ 1: 0.7008
Step 6800: loss = 0.6757 (0.011 sec)
Training Data Eval:
  Num examples: 3584  Num correct: 2440  Precision @ 1: 0.6808  AUC @ 1: 0.7614
Validation Data Eval:
  Num examples: 256  Num correct: 180  Precision @ 1: 0.7031  AUC @ 1: 0.8020
Test Data Eval:
  Num examples: 384  Num correct: 231  Precision @ 1: 0.6016  AUC @ 1: 0.7174
Step 7000: loss = 0.6456 (0.046 sec)
Training Data Eval:
  Num examples: 3584  Num correct: 2431  Precision @ 1: 0.6783  AUC @ 1: 0.7611
Validation Data Eval:
  Num examples: 256  Num correct: 180  Precision @ 1: 0.7031  AUC @ 1: 0.8052
Test Data Eval:
  Num examples: 384  Num correct: 237  Precision @ 1: 0.6172  AUC @ 1: 0.7299
Step 7200: loss = 0.6613 (0.009 sec)
Training Data Eval:
  Num examples: 3584  Num correct: 2444  Precision @ 1: 0.6819  AUC @ 1: 0.7665
Validation Data Eval:
  Num examples: 256  Num correct: 180  Precision @ 1: 0.7031  AUC @ 1: 0.8088
Test Data Eval:
  Num examples: 384  Num correct: 227  Precision @ 1: 0.5911  AUC @ 1: 0.7188
Step 7400: loss = 0.6055 (0.011 sec)
Training Data Eval:
  Num examples: 3584  Num correct: 2440  Precision @ 1: 0.6808  AUC @ 1: 0.7709
Validation Data Eval:
  Num examples: 256  Num correct: 185  Precision @ 1: 0.7227  AUC @ 1: 0.8102
Test Data Eval:
  Num examples: 384  Num correct: 229  Precision @ 1: 0.5964  AUC @ 1: 0.7224
Step 7600: loss = 0.6308 (0.011 sec)
Training Data Eval:
  Num examples: 3584  Num correct: 2444  Precision @ 1: 0.6819  AUC @ 1: 0.7686
Validation Data Eval:
  Num examples: 256  Num correct: 185  Precision @ 1: 0.7227  AUC @ 1: 0.8129
Test Data Eval:
  Num examples: 384  Num correct: 237  Precision @ 1: 0.6172  AUC @ 1: 0.7369
Step 7800: loss = 0.6062 (0.010 sec)
Training Data Eval:
  Num examples: 3584  Num correct: 2471  Precision @ 1: 0.6895  AUC @ 1: 0.7788
Validation Data Eval:
  Num examples: 256  Num correct: 186  Precision @ 1: 0.7266  AUC @ 1: 0.8155
Test Data Eval:
  Num examples: 384  Num correct: 234  Precision @ 1: 0.6094  AUC @ 1: 0.7325
Step 8000: loss = 0.6153 (0.010 sec)
Training Data Eval:
  Num examples: 3584  Num correct: 2474  Precision @ 1: 0.6903  AUC @ 1: 0.7795
Validation Data Eval:
  Num examples: 256  Num correct: 185  Precision @ 1: 0.7227  AUC @ 1: 0.8169
Test Data Eval:
  Num examples: 384  Num correct: 225  Precision @ 1: 0.5859  AUC @ 1: 0.7158
Step 8200: loss = 0.6013 (0.010 sec)
Training Data Eval:
  Num examples: 3584  Num correct: 2490  Precision @ 1: 0.6948  AUC @ 1: 0.7846
Validation Data Eval:
  Num examples: 256  Num correct: 187  Precision @ 1: 0.7305  AUC @ 1: 0.8184
Test Data Eval:
  Num examples: 384  Num correct: 234  Precision @ 1: 0.6094  AUC @ 1: 0.7357
Step 8400: loss = 0.6105 (0.041 sec)
Training Data Eval:
  Num examples: 3584  Num correct: 2491  Precision @ 1: 0.6950  AUC @ 1: 0.7853
Validation Data Eval:
  Num examples: 256  Num correct: 185  Precision @ 1: 0.7227  AUC @ 1: 0.8189
Test Data Eval:
  Num examples: 384  Num correct: 240  Precision @ 1: 0.6250  AUC @ 1: 0.7483
Step 8600: loss = 0.5864 (0.010 sec)
Training Data Eval:
  Num examples: 3584  Num correct: 2504  Precision @ 1: 0.6987  AUC @ 1: 0.7923
Validation Data Eval:
  Num examples: 256  Num correct: 185  Precision @ 1: 0.7227  AUC @ 1: 0.8191
Test Data Eval:
  Num examples: 384  Num correct: 235  Precision @ 1: 0.6120  AUC @ 1: 0.7432
Step 8800: loss = 0.6257 (0.010 sec)
Training Data Eval:
  Num examples: 3584  Num correct: 2541  Precision @ 1: 0.7090  AUC @ 1: 0.8010
Validation Data Eval:
  Num examples: 256  Num correct: 184  Precision @ 1: 0.7188  AUC @ 1: 0.8193
Test Data Eval:
  Num examples: 384  Num correct: 243  Precision @ 1: 0.6328  AUC @ 1: 0.7567
Step 9000: loss = 0.5948 (0.010 sec)
Training Data Eval:
  Num examples: 3584  Num correct: 2519  Precision @ 1: 0.7028  AUC @ 1: 0.7967
Validation Data Eval:
  Num examples: 256  Num correct: 186  Precision @ 1: 0.7266  AUC @ 1: 0.8218
Test Data Eval:
  Num examples: 384  Num correct: 245  Precision @ 1: 0.6380  AUC @ 1: 0.7567
Step 9200: loss = 0.5990 (0.011 sec)
Training Data Eval:
  Num examples: 3584  Num correct: 2517  Precision @ 1: 0.7023  AUC @ 1: 0.7924
Validation Data Eval:
  Num examples: 256  Num correct: 185  Precision @ 1: 0.7227  AUC @ 1: 0.8213
Test Data Eval:
  Num examples: 384  Num correct: 244  Precision @ 1: 0.6354  AUC @ 1: 0.7379
Step 9400: loss = 0.6243 (0.010 sec)
Training Data Eval:
  Num examples: 3584  Num correct: 2565  Precision @ 1: 0.7157  AUC @ 1: 0.8063
Validation Data Eval:
  Num examples: 256  Num correct: 184  Precision @ 1: 0.7188  AUC @ 1: 0.8249
Test Data Eval:
  Num examples: 384  Num correct: 244  Precision @ 1: 0.6354  AUC @ 1: 0.7548
Step 9600: loss = 0.6053 (0.010 sec)
Training Data Eval:
  Num examples: 3584  Num correct: 2564  Precision @ 1: 0.7154  AUC @ 1: 0.8065
Validation Data Eval:
  Num examples: 256  Num correct: 184  Precision @ 1: 0.7188  AUC @ 1: 0.8248
Test Data Eval:
  Num examples: 384  Num correct: 243  Precision @ 1: 0.6328  AUC @ 1: 0.7444
Step 9800: loss = 0.6249 (0.043 sec)
Training Data Eval:
  Num examples: 3584  Num correct: 2546  Precision @ 1: 0.7104  AUC @ 1: 0.8038
Validation Data Eval:
  Num examples: 256  Num correct: 183  Precision @ 1: 0.7148  AUC @ 1: 0.8270
Test Data Eval:
  Num examples: 384  Num correct: 252  Precision @ 1: 0.6562  AUC @ 1: 0.7554
