Training data shape: 	(3815, 30, 64, 1)
Training label shape:	(3815,)
Testing data shape:  	(520, 30, 64, 1)
Testing label shape: 	(520,)
max input value is: 3457.30786133
min input value is: -4872.94775391
random permuted training data
==============================================================================
Model: 			inference_stcnn
Tensor Name: 	Placeholder:0
[128, 30, 64, 1]
==============================================================================
Tensor Name: conv0/conv0:0
[128, 1, 60, 16]
==============================================================================
Tensor Name: MaxPool:0
[128, 1, 30, 16]
==============================================================================
Tensor Name: conv1/conv1:0
[128, 1, 26, 4]
==============================================================================
Tensor Name: MaxPool_1:0
[128, 1, 13, 4]
==============================================================================
Tensor Name: local1/local1:0
[128, 128]
==============================================================================
Tensor Name: local2/local2:0
[128, 128]
==============================================================================
Tensor Name: softmax_linear/softmax_linear:0
[128, 2]
Step 0: loss = 0.7489 (0.038 sec)
Training Data Eval:
  Num examples: 3456  Num correct: 1951  Precision @ 1: 0.5645  AUC @ 1: 0.6491
Validation Data Eval:
  Num examples: 256  Num correct: 142  Precision @ 1: 0.5547  AUC @ 1: 0.6941
Test Data Eval:
  Num examples: 512  Num correct: 288  Precision @ 1: 0.5625  AUC @ 1: 0.7010
Step 200: loss = 0.7418 (0.023 sec)
Training Data Eval:
  Num examples: 3456  Num correct: 1975  Precision @ 1: 0.5715  AUC @ 1: 0.6909
Validation Data Eval:
  Num examples: 256  Num correct: 142  Precision @ 1: 0.5547  AUC @ 1: 0.7487
Test Data Eval:
  Num examples: 512  Num correct: 290  Precision @ 1: 0.5664  AUC @ 1: 0.7675
Step 400: loss = 0.7225 (0.023 sec)
Training Data Eval:
  Num examples: 3456  Num correct: 1969  Precision @ 1: 0.5697  AUC @ 1: 0.7242
Validation Data Eval:
  Num examples: 256  Num correct: 142  Precision @ 1: 0.5547  AUC @ 1: 0.7540
Test Data Eval:
  Num examples: 512  Num correct: 291  Precision @ 1: 0.5684  AUC @ 1: 0.7930
Step 600: loss = 0.6796 (0.024 sec)
Training Data Eval:
  Num examples: 3456  Num correct: 1962  Precision @ 1: 0.5677  AUC @ 1: 0.7368
Validation Data Eval:
  Num examples: 256  Num correct: 142  Precision @ 1: 0.5547  AUC @ 1: 0.7578
Test Data Eval:
  Num examples: 512  Num correct: 291  Precision @ 1: 0.5684  AUC @ 1: 0.7925
Step 800: loss = 0.6905 (0.024 sec)
Training Data Eval:
  Num examples: 3456  Num correct: 2141  Precision @ 1: 0.6195  AUC @ 1: 0.7566
Validation Data Eval:
  Num examples: 256  Num correct: 151  Precision @ 1: 0.5898  AUC @ 1: 0.7386
Test Data Eval:
  Num examples: 512  Num correct: 340  Precision @ 1: 0.6641  AUC @ 1: 0.8027
Step 1000: loss = 0.6530 (0.023 sec)
Training Data Eval:
  Num examples: 3456  Num correct: 2292  Precision @ 1: 0.6632  AUC @ 1: 0.7575
Validation Data Eval:
  Num examples: 256  Num correct: 166  Precision @ 1: 0.6484  AUC @ 1: 0.7463
Test Data Eval:
  Num examples: 512  Num correct: 360  Precision @ 1: 0.7031  AUC @ 1: 0.7995
Step 1200: loss = 0.6830 (0.023 sec)
Training Data Eval:
  Num examples: 3456  Num correct: 2338  Precision @ 1: 0.6765  AUC @ 1: 0.7690
Validation Data Eval:
  Num examples: 256  Num correct: 165  Precision @ 1: 0.6445  AUC @ 1: 0.7576
Test Data Eval:
  Num examples: 512  Num correct: 366  Precision @ 1: 0.7148  AUC @ 1: 0.8029
Step 1400: loss = 0.5881 (0.023 sec)
Training Data Eval:
  Num examples: 3456  Num correct: 2408  Precision @ 1: 0.6968  AUC @ 1: 0.7688
Validation Data Eval:
  Num examples: 256  Num correct: 175  Precision @ 1: 0.6836  AUC @ 1: 0.7586
Test Data Eval:
  Num examples: 512  Num correct: 373  Precision @ 1: 0.7285  AUC @ 1: 0.8078
Step 1600: loss = 0.5934 (0.024 sec)
Training Data Eval:
  Num examples: 3456  Num correct: 2413  Precision @ 1: 0.6982  AUC @ 1: 0.7776
Validation Data Eval:
  Num examples: 256  Num correct: 180  Precision @ 1: 0.7031  AUC @ 1: 0.7672
Test Data Eval:
  Num examples: 512  Num correct: 380  Precision @ 1: 0.7422  AUC @ 1: 0.8145
Step 1800: loss = 0.5985 (0.024 sec)
Training Data Eval:
  Num examples: 3456  Num correct: 2425  Precision @ 1: 0.7017  AUC @ 1: 0.7811
Validation Data Eval:
  Num examples: 256  Num correct: 180  Precision @ 1: 0.7031  AUC @ 1: 0.7642
Test Data Eval:
  Num examples: 512  Num correct: 385  Precision @ 1: 0.7520  AUC @ 1: 0.8146
Step 2000: loss = 0.6028 (0.023 sec)
Training Data Eval:
  Num examples: 3456  Num correct: 2472  Precision @ 1: 0.7153  AUC @ 1: 0.7868
Validation Data Eval:
  Num examples: 256  Num correct: 179  Precision @ 1: 0.6992  AUC @ 1: 0.7741
Test Data Eval:
  Num examples: 512  Num correct: 389  Precision @ 1: 0.7598  AUC @ 1: 0.8238
Step 2200: loss = 0.5532 (0.023 sec)
Training Data Eval:
  Num examples: 3456  Num correct: 2471  Precision @ 1: 0.7150  AUC @ 1: 0.7854
Validation Data Eval:
  Num examples: 256  Num correct: 182  Precision @ 1: 0.7109  AUC @ 1: 0.7772
Test Data Eval:
  Num examples: 512  Num correct: 384  Precision @ 1: 0.7500  AUC @ 1: 0.8187
Step 2400: loss = 0.6434 (0.023 sec)
Training Data Eval:
  Num examples: 3456  Num correct: 2459  Precision @ 1: 0.7115  AUC @ 1: 0.7961
Validation Data Eval:
  Num examples: 256  Num correct: 185  Precision @ 1: 0.7227  AUC @ 1: 0.7799
Test Data Eval:
  Num examples: 512  Num correct: 393  Precision @ 1: 0.7676  AUC @ 1: 0.8236
Step 2600: loss = 0.5883 (0.022 sec)
Training Data Eval:
  Num examples: 3456  Num correct: 2437  Precision @ 1: 0.7052  AUC @ 1: 0.7840
Validation Data Eval:
  Num examples: 256  Num correct: 176  Precision @ 1: 0.6875  AUC @ 1: 0.7613
Test Data Eval:
  Num examples: 512  Num correct: 372  Precision @ 1: 0.7266  AUC @ 1: 0.7965
Step 2800: loss = 0.6472 (0.023 sec)
Training Data Eval:
  Num examples: 3456  Num correct: 2544  Precision @ 1: 0.7361  AUC @ 1: 0.8023
Validation Data Eval:
  Num examples: 256  Num correct: 189  Precision @ 1: 0.7383  AUC @ 1: 0.7805
Test Data Eval:
  Num examples: 512  Num correct: 383  Precision @ 1: 0.7480  AUC @ 1: 0.8219
Step 3000: loss = 0.5782 (0.023 sec)
Training Data Eval:
  Num examples: 3456  Num correct: 2551  Precision @ 1: 0.7381  AUC @ 1: 0.8090
Validation Data Eval:
  Num examples: 256  Num correct: 191  Precision @ 1: 0.7461  AUC @ 1: 0.7894
Test Data Eval:
  Num examples: 512  Num correct: 387  Precision @ 1: 0.7559  AUC @ 1: 0.8265
Step 3200: loss = 0.6256 (0.024 sec)
Training Data Eval:
  Num examples: 3456  Num correct: 2539  Precision @ 1: 0.7347  AUC @ 1: 0.8059
Validation Data Eval:
  Num examples: 256  Num correct: 188  Precision @ 1: 0.7344  AUC @ 1: 0.7912
Test Data Eval:
  Num examples: 512  Num correct: 379  Precision @ 1: 0.7402  AUC @ 1: 0.8242
Step 3400: loss = 0.5473 (0.023 sec)
Training Data Eval:
  Num examples: 3456  Num correct: 2498  Precision @ 1: 0.7228  AUC @ 1: 0.7966
Validation Data Eval:
  Num examples: 256  Num correct: 191  Precision @ 1: 0.7461  AUC @ 1: 0.7906
Test Data Eval:
  Num examples: 512  Num correct: 383  Precision @ 1: 0.7480  AUC @ 1: 0.8178
Step 3600: loss = 0.5770 (0.023 sec)
Training Data Eval:
  Num examples: 3456  Num correct: 2531  Precision @ 1: 0.7323  AUC @ 1: 0.8090
Validation Data Eval:
  Num examples: 256  Num correct: 192  Precision @ 1: 0.7500  AUC @ 1: 0.7960
Test Data Eval:
  Num examples: 512  Num correct: 384  Precision @ 1: 0.7500  AUC @ 1: 0.8181
Step 3800: loss = 0.4576 (0.023 sec)
Training Data Eval:
  Num examples: 3456  Num correct: 2524  Precision @ 1: 0.7303  AUC @ 1: 0.7983
Validation Data Eval:
  Num examples: 256  Num correct: 190  Precision @ 1: 0.7422  AUC @ 1: 0.7982
Test Data Eval:
  Num examples: 512  Num correct: 374  Precision @ 1: 0.7305  AUC @ 1: 0.8081
Step 4000: loss = 0.6132 (0.023 sec)
Training Data Eval:
  Num examples: 3456  Num correct: 2538  Precision @ 1: 0.7344  AUC @ 1: 0.8041
Validation Data Eval:
  Num examples: 256  Num correct: 190  Precision @ 1: 0.7422  AUC @ 1: 0.8017
Test Data Eval:
  Num examples: 512  Num correct: 377  Precision @ 1: 0.7363  AUC @ 1: 0.8130
Step 4200: loss = 0.5691 (0.023 sec)
Training Data Eval:
  Num examples: 3456  Num correct: 2584  Precision @ 1: 0.7477  AUC @ 1: 0.8217
Validation Data Eval:
  Num examples: 256  Num correct: 191  Precision @ 1: 0.7461  AUC @ 1: 0.8011
Test Data Eval:
  Num examples: 512  Num correct: 387  Precision @ 1: 0.7559  AUC @ 1: 0.8085
Step 4400: loss = 0.4670 (0.023 sec)
Training Data Eval:
  Num examples: 3456  Num correct: 2580  Precision @ 1: 0.7465  AUC @ 1: 0.8216
Validation Data Eval:
  Num examples: 256  Num correct: 194  Precision @ 1: 0.7578  AUC @ 1: 0.8055
Test Data Eval:
  Num examples: 512  Num correct: 379  Precision @ 1: 0.7402  AUC @ 1: 0.8224
Step 4600: loss = 0.5532 (0.024 sec)
Training Data Eval:
  Num examples: 3456  Num correct: 2613  Precision @ 1: 0.7561  AUC @ 1: 0.8342
Validation Data Eval:
  Num examples: 256  Num correct: 194  Precision @ 1: 0.7578  AUC @ 1: 0.8117
Test Data Eval:
  Num examples: 512  Num correct: 376  Precision @ 1: 0.7344  AUC @ 1: 0.8212
Step 4800: loss = 0.5252 (0.023 sec)
Training Data Eval:
  Num examples: 3456  Num correct: 2602  Precision @ 1: 0.7529  AUC @ 1: 0.8269
Validation Data Eval:
  Num examples: 256  Num correct: 197  Precision @ 1: 0.7695  AUC @ 1: 0.8193
Test Data Eval:
  Num examples: 512  Num correct: 380  Precision @ 1: 0.7422  AUC @ 1: 0.8276
Step 5000: loss = 0.5229 (0.023 sec)
Training Data Eval:
  Num examples: 3456  Num correct: 2643  Precision @ 1: 0.7648  AUC @ 1: 0.8372
Validation Data Eval:
  Num examples: 256  Num correct: 199  Precision @ 1: 0.7773  AUC @ 1: 0.8224
Test Data Eval:
  Num examples: 512  Num correct: 373  Precision @ 1: 0.7285  AUC @ 1: 0.8178
Step 5200: loss = 0.4827 (0.023 sec)
Training Data Eval:
  Num examples: 3456  Num correct: 2645  Precision @ 1: 0.7653  AUC @ 1: 0.8445
Validation Data Eval:
  Num examples: 256  Num correct: 196  Precision @ 1: 0.7656  AUC @ 1: 0.8184
Test Data Eval:
  Num examples: 512  Num correct: 379  Precision @ 1: 0.7402  AUC @ 1: 0.8256
Step 5400: loss = 0.4876 (0.057 sec)
Training Data Eval:
  Num examples: 3456  Num correct: 2666  Precision @ 1: 0.7714  AUC @ 1: 0.8536
Validation Data Eval:
  Num examples: 256  Num correct: 197  Precision @ 1: 0.7695  AUC @ 1: 0.8230
Test Data Eval:
  Num examples: 512  Num correct: 376  Precision @ 1: 0.7344  AUC @ 1: 0.8241
Step 5600: loss = 0.5042 (0.023 sec)
Training Data Eval:
  Num examples: 3456  Num correct: 2608  Precision @ 1: 0.7546  AUC @ 1: 0.8388
Validation Data Eval:
  Num examples: 256  Num correct: 190  Precision @ 1: 0.7422  AUC @ 1: 0.8180
Test Data Eval:
  Num examples: 512  Num correct: 376  Precision @ 1: 0.7344  AUC @ 1: 0.8351
Step 5800: loss = 0.5752 (0.022 sec)
Training Data Eval:
  Num examples: 3456  Num correct: 2663  Precision @ 1: 0.7705  AUC @ 1: 0.8635
Validation Data Eval:
  Num examples: 256  Num correct: 192  Precision @ 1: 0.7500  AUC @ 1: 0.8228
Test Data Eval:
  Num examples: 512  Num correct: 369  Precision @ 1: 0.7207  AUC @ 1: 0.8284
Step 6000: loss = 0.5228 (0.023 sec)
Training Data Eval:
  Num examples: 3456  Num correct: 2721  Precision @ 1: 0.7873  AUC @ 1: 0.8666
Validation Data Eval:
  Num examples: 256  Num correct: 193  Precision @ 1: 0.7539  AUC @ 1: 0.8289
Test Data Eval:
  Num examples: 512  Num correct: 373  Precision @ 1: 0.7285  AUC @ 1: 0.8302
Step 6200: loss = 0.4785 (0.023 sec)
Training Data Eval:
  Num examples: 3456  Num correct: 2717  Precision @ 1: 0.7862  AUC @ 1: 0.8699
Validation Data Eval:
  Num examples: 256  Num correct: 192  Precision @ 1: 0.7500  AUC @ 1: 0.8347
Test Data Eval:
  Num examples: 512  Num correct: 377  Precision @ 1: 0.7363  AUC @ 1: 0.8343
Step 6400: loss = 0.5062 (0.022 sec)
Training Data Eval:
  Num examples: 3456  Num correct: 2727  Precision @ 1: 0.7891  AUC @ 1: 0.8725
Validation Data Eval:
  Num examples: 256  Num correct: 193  Precision @ 1: 0.7539  AUC @ 1: 0.8403
Test Data Eval:
  Num examples: 512  Num correct: 379  Precision @ 1: 0.7402  AUC @ 1: 0.8370
Step 6600: loss = 0.5125 (0.023 sec)
Training Data Eval:
  Num examples: 3456  Num correct: 2712  Precision @ 1: 0.7847  AUC @ 1: 0.8678
Validation Data Eval:
  Num examples: 256  Num correct: 190  Precision @ 1: 0.7422  AUC @ 1: 0.8430
Test Data Eval:
  Num examples: 512  Num correct: 384  Precision @ 1: 0.7500  AUC @ 1: 0.8301
Step 6800: loss = 0.5047 (0.025 sec)
Training Data Eval:
  Num examples: 3456  Num correct: 2726  Precision @ 1: 0.7888  AUC @ 1: 0.8730
Validation Data Eval:
  Num examples: 256  Num correct: 184  Precision @ 1: 0.7188  AUC @ 1: 0.8429
Test Data Eval:
  Num examples: 512  Num correct: 371  Precision @ 1: 0.7246  AUC @ 1: 0.8216
Step 7000: loss = 0.5397 (0.023 sec)
Training Data Eval:
  Num examples: 3456  Num correct: 2752  Precision @ 1: 0.7963  AUC @ 1: 0.8781
Validation Data Eval:
  Num examples: 256  Num correct: 186  Precision @ 1: 0.7266  AUC @ 1: 0.8377
Test Data Eval:
  Num examples: 512  Num correct: 374  Precision @ 1: 0.7305  AUC @ 1: 0.8356
Step 7200: loss = 0.5508 (0.023 sec)
Training Data Eval:
  Num examples: 3456  Num correct: 2745  Precision @ 1: 0.7943  AUC @ 1: 0.8780
Validation Data Eval:
  Num examples: 256  Num correct: 194  Precision @ 1: 0.7578  AUC @ 1: 0.8440
Test Data Eval:
  Num examples: 512  Num correct: 380  Precision @ 1: 0.7422  AUC @ 1: 0.8385
Step 7400: loss = 0.5467 (0.023 sec)
Training Data Eval:
  Num examples: 3456  Num correct: 2751  Precision @ 1: 0.7960  AUC @ 1: 0.8809
Validation Data Eval:
  Num examples: 256  Num correct: 189  Precision @ 1: 0.7383  AUC @ 1: 0.8430
Test Data Eval:
  Num examples: 512  Num correct: 376  Precision @ 1: 0.7344  AUC @ 1: 0.8371
Step 7600: loss = 0.4253 (0.022 sec)
Training Data Eval:
  Num examples: 3456  Num correct: 2799  Precision @ 1: 0.8099  AUC @ 1: 0.8938
Validation Data Eval:
  Num examples: 256  Num correct: 191  Precision @ 1: 0.7461  AUC @ 1: 0.8461
Test Data Eval:
  Num examples: 512  Num correct: 383  Precision @ 1: 0.7480  AUC @ 1: 0.8348
Step 7800: loss = 0.4320 (0.023 sec)
Training Data Eval:
  Num examples: 3456  Num correct: 2808  Precision @ 1: 0.8125  AUC @ 1: 0.8960
Validation Data Eval:
  Num examples: 256  Num correct: 194  Precision @ 1: 0.7578  AUC @ 1: 0.8539
Test Data Eval:
  Num examples: 512  Num correct: 382  Precision @ 1: 0.7461  AUC @ 1: 0.8410
Step 8000: loss = 0.4352 (0.023 sec)
Training Data Eval:
  Num examples: 3456  Num correct: 2823  Precision @ 1: 0.8168  AUC @ 1: 0.8942
Validation Data Eval:
  Num examples: 256  Num correct: 192  Precision @ 1: 0.7500  AUC @ 1: 0.8559
Test Data Eval:
  Num examples: 512  Num correct: 386  Precision @ 1: 0.7539  AUC @ 1: 0.8342
Step 8200: loss = 0.4002 (0.023 sec)
Training Data Eval:
  Num examples: 3456  Num correct: 2859  Precision @ 1: 0.8273  AUC @ 1: 0.9048
Validation Data Eval:
  Num examples: 256  Num correct: 194  Precision @ 1: 0.7578  AUC @ 1: 0.8559
Test Data Eval:
  Num examples: 512  Num correct: 387  Precision @ 1: 0.7559  AUC @ 1: 0.8327
Step 8400: loss = 0.4475 (0.025 sec)
Training Data Eval:
  Num examples: 3456  Num correct: 2812  Precision @ 1: 0.8137  AUC @ 1: 0.8953
Validation Data Eval:
  Num examples: 256  Num correct: 192  Precision @ 1: 0.7500  AUC @ 1: 0.8485
Test Data Eval:
  Num examples: 512  Num correct: 387  Precision @ 1: 0.7559  AUC @ 1: 0.8399
Step 8600: loss = 0.3867 (0.023 sec)
Training Data Eval:
  Num examples: 3456  Num correct: 2854  Precision @ 1: 0.8258  AUC @ 1: 0.9006
Validation Data Eval:
  Num examples: 256  Num correct: 194  Precision @ 1: 0.7578  AUC @ 1: 0.8511
Test Data Eval:
  Num examples: 512  Num correct: 366  Precision @ 1: 0.7148  AUC @ 1: 0.8048
Step 8800: loss = 0.4717 (0.024 sec)
Training Data Eval:
  Num examples: 3456  Num correct: 2867  Precision @ 1: 0.8296  AUC @ 1: 0.9098
Validation Data Eval:
  Num examples: 256  Num correct: 192  Precision @ 1: 0.7500  AUC @ 1: 0.8538
Test Data Eval:
  Num examples: 512  Num correct: 382  Precision @ 1: 0.7461  AUC @ 1: 0.8337
Step 9000: loss = 0.3543 (0.023 sec)
Training Data Eval:
  Num examples: 3456  Num correct: 2893  Precision @ 1: 0.8371  AUC @ 1: 0.9125
Validation Data Eval:
  Num examples: 256  Num correct: 195  Precision @ 1: 0.7617  AUC @ 1: 0.8593
Test Data Eval:
  Num examples: 512  Num correct: 385  Precision @ 1: 0.7520  AUC @ 1: 0.8348
Step 9200: loss = 0.3279 (0.022 sec)
Training Data Eval:
  Num examples: 3456  Num correct: 2898  Precision @ 1: 0.8385  AUC @ 1: 0.9072
Validation Data Eval:
  Num examples: 256  Num correct: 197  Precision @ 1: 0.7695  AUC @ 1: 0.8583
Test Data Eval:
  Num examples: 512  Num correct: 373  Precision @ 1: 0.7285  AUC @ 1: 0.8103
Step 9400: loss = 0.4495 (0.023 sec)
Training Data Eval:
  Num examples: 3456  Num correct: 2945  Precision @ 1: 0.8521  AUC @ 1: 0.9213
Validation Data Eval:
  Num examples: 256  Num correct: 196  Precision @ 1: 0.7656  AUC @ 1: 0.8600
Test Data Eval:
  Num examples: 512  Num correct: 377  Precision @ 1: 0.7363  AUC @ 1: 0.8278
Step 9600: loss = 0.3912 (0.023 sec)
Training Data Eval:
  Num examples: 3456  Num correct: 2869  Precision @ 1: 0.8302  AUC @ 1: 0.9086
Validation Data Eval:
  Num examples: 256  Num correct: 194  Precision @ 1: 0.7578  AUC @ 1: 0.8394
Test Data Eval:
  Num examples: 512  Num correct: 353  Precision @ 1: 0.6895  AUC @ 1: 0.7626
Step 9800: loss = 0.3766 (0.023 sec)
Training Data Eval:
  Num examples: 3456  Num correct: 2928  Precision @ 1: 0.8472  AUC @ 1: 0.9246
Validation Data Eval:
  Num examples: 256  Num correct: 199  Precision @ 1: 0.7773  AUC @ 1: 0.8475
Test Data Eval:
  Num examples: 512  Num correct: 369  Precision @ 1: 0.7207  AUC @ 1: 0.7910
