Training data shape: 	(3815, 30, 64, 1)
Training label shape:	(3815,)
Testing data shape:  	(520, 30, 64, 1)
Testing label shape: 	(520,)
max input value is: 3457.30786133
min input value is: -4872.94775391
random permuted training data
==============================================================================
Model: 			inference_stcnn
Tensor Name: 	Placeholder:0
[128, 30, 64, 1]
==============================================================================
Tensor Name: conv0/conv0:0
[128, 1, 60, 4]
==============================================================================
Tensor Name: MaxPool:0
[128, 1, 30, 4]
==============================================================================
Tensor Name: local1/local1:0
[128, 128]
==============================================================================
Tensor Name: local2/local2:0
[128, 128]
==============================================================================
Tensor Name: softmax_linear/softmax_linear:0
[128, 2]
Step 0: loss = 0.7725 (0.028 sec)
Training Data Eval:
  Num examples: 3456  Num correct: 1962  Precision @ 1: 0.5677  AUC @ 1: 0.7632
Validation Data Eval:
  Num examples: 256  Num correct: 134  Precision @ 1: 0.5234  AUC @ 1: 0.7280
Test Data Eval:
  Num examples: 512  Num correct: 288  Precision @ 1: 0.5625  AUC @ 1: 0.8137
Step 200: loss = 0.6673 (0.012 sec)
Training Data Eval:
  Num examples: 3456  Num correct: 2104  Precision @ 1: 0.6088  AUC @ 1: 0.7575
Validation Data Eval:
  Num examples: 256  Num correct: 149  Precision @ 1: 0.5820  AUC @ 1: 0.7420
Test Data Eval:
  Num examples: 512  Num correct: 334  Precision @ 1: 0.6523  AUC @ 1: 0.8089
Step 400: loss = 0.6940 (0.011 sec)
Training Data Eval:
  Num examples: 3456  Num correct: 2224  Precision @ 1: 0.6435  AUC @ 1: 0.7727
Validation Data Eval:
  Num examples: 256  Num correct: 159  Precision @ 1: 0.6211  AUC @ 1: 0.7582
Test Data Eval:
  Num examples: 512  Num correct: 362  Precision @ 1: 0.7070  AUC @ 1: 0.8178
Step 600: loss = 0.6295 (0.015 sec)
Training Data Eval:
  Num examples: 3456  Num correct: 2408  Precision @ 1: 0.6968  AUC @ 1: 0.7844
Validation Data Eval:
  Num examples: 256  Num correct: 175  Precision @ 1: 0.6836  AUC @ 1: 0.7656
Test Data Eval:
  Num examples: 512  Num correct: 380  Precision @ 1: 0.7422  AUC @ 1: 0.8142
Step 800: loss = 0.6369 (0.012 sec)
Training Data Eval:
  Num examples: 3456  Num correct: 2503  Precision @ 1: 0.7242  AUC @ 1: 0.7925
Validation Data Eval:
  Num examples: 256  Num correct: 188  Precision @ 1: 0.7344  AUC @ 1: 0.7890
Test Data Eval:
  Num examples: 512  Num correct: 386  Precision @ 1: 0.7539  AUC @ 1: 0.8169
Step 1000: loss = 0.6253 (0.012 sec)
Training Data Eval:
  Num examples: 3456  Num correct: 2611  Precision @ 1: 0.7555  AUC @ 1: 0.8124
Validation Data Eval:
  Num examples: 256  Num correct: 189  Precision @ 1: 0.7383  AUC @ 1: 0.7982
Test Data Eval:
  Num examples: 512  Num correct: 381  Precision @ 1: 0.7441  AUC @ 1: 0.8143
Step 1200: loss = 0.6194 (0.011 sec)
Training Data Eval:
  Num examples: 3456  Num correct: 2531  Precision @ 1: 0.7323  AUC @ 1: 0.7880
Validation Data Eval:
  Num examples: 256  Num correct: 190  Precision @ 1: 0.7422  AUC @ 1: 0.7943
Test Data Eval:
  Num examples: 512  Num correct: 393  Precision @ 1: 0.7676  AUC @ 1: 0.8062
Step 1400: loss = 0.6316 (0.011 sec)
Training Data Eval:
  Num examples: 3456  Num correct: 2523  Precision @ 1: 0.7300  AUC @ 1: 0.7990
Validation Data Eval:
  Num examples: 256  Num correct: 190  Precision @ 1: 0.7422  AUC @ 1: 0.7981
Test Data Eval:
  Num examples: 512  Num correct: 386  Precision @ 1: 0.7539  AUC @ 1: 0.8121
Step 1600: loss = 0.5813 (0.012 sec)
Training Data Eval:
  Num examples: 3456  Num correct: 2503  Precision @ 1: 0.7242  AUC @ 1: 0.8019
Validation Data Eval:
  Num examples: 256  Num correct: 188  Precision @ 1: 0.7344  AUC @ 1: 0.8168
Test Data Eval:
  Num examples: 512  Num correct: 379  Precision @ 1: 0.7402  AUC @ 1: 0.8178
Step 1800: loss = 0.6039 (0.012 sec)
Training Data Eval:
  Num examples: 3456  Num correct: 2548  Precision @ 1: 0.7373  AUC @ 1: 0.8109
Validation Data Eval:
  Num examples: 256  Num correct: 191  Precision @ 1: 0.7461  AUC @ 1: 0.8228
Test Data Eval:
  Num examples: 512  Num correct: 378  Precision @ 1: 0.7383  AUC @ 1: 0.8239
Step 2000: loss = 0.6557 (0.012 sec)
Training Data Eval:
  Num examples: 3456  Num correct: 2536  Precision @ 1: 0.7338  AUC @ 1: 0.8184
Validation Data Eval:
  Num examples: 256  Num correct: 189  Precision @ 1: 0.7383  AUC @ 1: 0.8224
Test Data Eval:
  Num examples: 512  Num correct: 372  Precision @ 1: 0.7266  AUC @ 1: 0.8248
Step 2200: loss = 0.5882 (0.011 sec)
Training Data Eval:
  Num examples: 3456  Num correct: 2549  Precision @ 1: 0.7376  AUC @ 1: 0.8204
Validation Data Eval:
  Num examples: 256  Num correct: 191  Precision @ 1: 0.7461  AUC @ 1: 0.8338
Test Data Eval:
  Num examples: 512  Num correct: 379  Precision @ 1: 0.7402  AUC @ 1: 0.8372
Step 2400: loss = 0.5820 (0.012 sec)
Training Data Eval:
  Num examples: 3456  Num correct: 2585  Precision @ 1: 0.7480  AUC @ 1: 0.8291
Validation Data Eval:
  Num examples: 256  Num correct: 194  Precision @ 1: 0.7578  AUC @ 1: 0.8424
Test Data Eval:
  Num examples: 512  Num correct: 376  Precision @ 1: 0.7344  AUC @ 1: 0.8490
Step 2600: loss = 0.5814 (0.012 sec)
Training Data Eval:
  Num examples: 3456  Num correct: 2579  Precision @ 1: 0.7462  AUC @ 1: 0.8331
Validation Data Eval:
  Num examples: 256  Num correct: 195  Precision @ 1: 0.7617  AUC @ 1: 0.8431
Test Data Eval:
  Num examples: 512  Num correct: 380  Precision @ 1: 0.7422  AUC @ 1: 0.8508
Step 2800: loss = 0.5865 (0.011 sec)
Training Data Eval:
  Num examples: 3456  Num correct: 2593  Precision @ 1: 0.7503  AUC @ 1: 0.8419
Validation Data Eval:
  Num examples: 256  Num correct: 195  Precision @ 1: 0.7617  AUC @ 1: 0.8389
Test Data Eval:
  Num examples: 512  Num correct: 376  Precision @ 1: 0.7344  AUC @ 1: 0.8506
Step 3000: loss = 0.5598 (0.011 sec)
Training Data Eval:
  Num examples: 3456  Num correct: 2658  Precision @ 1: 0.7691  AUC @ 1: 0.8566
Validation Data Eval:
  Num examples: 256  Num correct: 191  Precision @ 1: 0.7461  AUC @ 1: 0.8536
Test Data Eval:
  Num examples: 512  Num correct: 391  Precision @ 1: 0.7637  AUC @ 1: 0.8624
Step 3200: loss = 0.5439 (0.012 sec)
Training Data Eval:
  Num examples: 3456  Num correct: 2660  Precision @ 1: 0.7697  AUC @ 1: 0.8674
Validation Data Eval:
  Num examples: 256  Num correct: 196  Precision @ 1: 0.7656  AUC @ 1: 0.8605
Test Data Eval:
  Num examples: 512  Num correct: 376  Precision @ 1: 0.7344  AUC @ 1: 0.8625
Step 3400: loss = 0.5289 (0.011 sec)
Training Data Eval:
  Num examples: 3456  Num correct: 2745  Precision @ 1: 0.7943  AUC @ 1: 0.8745
Validation Data Eval:
  Num examples: 256  Num correct: 200  Precision @ 1: 0.7812  AUC @ 1: 0.8514
Test Data Eval:
  Num examples: 512  Num correct: 389  Precision @ 1: 0.7598  AUC @ 1: 0.8652
Step 3600: loss = 0.4968 (0.012 sec)
Training Data Eval:
  Num examples: 3456  Num correct: 2756  Precision @ 1: 0.7975  AUC @ 1: 0.8814
Validation Data Eval:
  Num examples: 256  Num correct: 198  Precision @ 1: 0.7734  AUC @ 1: 0.8635
Test Data Eval:
  Num examples: 512  Num correct: 379  Precision @ 1: 0.7402  AUC @ 1: 0.8665
Step 3800: loss = 0.5501 (0.012 sec)
Training Data Eval:
  Num examples: 3456  Num correct: 2773  Precision @ 1: 0.8024  AUC @ 1: 0.8890
Validation Data Eval:
  Num examples: 256  Num correct: 207  Precision @ 1: 0.8086  AUC @ 1: 0.8690
Test Data Eval:
  Num examples: 512  Num correct: 386  Precision @ 1: 0.7539  AUC @ 1: 0.8619
Step 4000: loss = 0.4646 (0.011 sec)
Training Data Eval:
  Num examples: 3456  Num correct: 2792  Precision @ 1: 0.8079  AUC @ 1: 0.8886
Validation Data Eval:
  Num examples: 256  Num correct: 205  Precision @ 1: 0.8008  AUC @ 1: 0.8588
Test Data Eval:
  Num examples: 512  Num correct: 385  Precision @ 1: 0.7520  AUC @ 1: 0.8642
Step 4200: loss = 0.4873 (0.012 sec)
Training Data Eval:
  Num examples: 3456  Num correct: 2810  Precision @ 1: 0.8131  AUC @ 1: 0.9009
Validation Data Eval:
  Num examples: 256  Num correct: 201  Precision @ 1: 0.7852  AUC @ 1: 0.8569
Test Data Eval:
  Num examples: 512  Num correct: 379  Precision @ 1: 0.7402  AUC @ 1: 0.8555
Step 4400: loss = 0.4866 (0.011 sec)
Training Data Eval:
  Num examples: 3456  Num correct: 2831  Precision @ 1: 0.8192  AUC @ 1: 0.9057
Validation Data Eval:
  Num examples: 256  Num correct: 203  Precision @ 1: 0.7930  AUC @ 1: 0.8646
Test Data Eval:
  Num examples: 512  Num correct: 391  Precision @ 1: 0.7637  AUC @ 1: 0.8593
Step 4600: loss = 0.5285 (0.012 sec)
Training Data Eval:
  Num examples: 3456  Num correct: 2775  Precision @ 1: 0.8030  AUC @ 1: 0.9007
Validation Data Eval:
  Num examples: 256  Num correct: 197  Precision @ 1: 0.7695  AUC @ 1: 0.8521
Test Data Eval:
  Num examples: 512  Num correct: 370  Precision @ 1: 0.7227  AUC @ 1: 0.8346
Step 4800: loss = 0.4995 (0.012 sec)
Training Data Eval:
  Num examples: 3456  Num correct: 2886  Precision @ 1: 0.8351  AUC @ 1: 0.9218
Validation Data Eval:
  Num examples: 256  Num correct: 204  Precision @ 1: 0.7969  AUC @ 1: 0.8671
Test Data Eval:
  Num examples: 512  Num correct: 386  Precision @ 1: 0.7539  AUC @ 1: 0.8438
Step 5000: loss = 0.4137 (0.012 sec)
Training Data Eval:
  Num examples: 3456  Num correct: 2909  Precision @ 1: 0.8417  AUC @ 1: 0.9220
Validation Data Eval:
  Num examples: 256  Num correct: 203  Precision @ 1: 0.7930  AUC @ 1: 0.8596
Test Data Eval:
  Num examples: 512  Num correct: 383  Precision @ 1: 0.7480  AUC @ 1: 0.8378
Step 5200: loss = 0.4589 (0.011 sec)
Training Data Eval:
  Num examples: 3456  Num correct: 2912  Precision @ 1: 0.8426  AUC @ 1: 0.9221
Validation Data Eval:
  Num examples: 256  Num correct: 201  Precision @ 1: 0.7852  AUC @ 1: 0.8594
Test Data Eval:
  Num examples: 512  Num correct: 396  Precision @ 1: 0.7734  AUC @ 1: 0.8485
Step 5400: loss = 0.4711 (0.048 sec)
Training Data Eval:
  Num examples: 3456  Num correct: 2907  Precision @ 1: 0.8411  AUC @ 1: 0.9189
Validation Data Eval:
  Num examples: 256  Num correct: 202  Precision @ 1: 0.7891  AUC @ 1: 0.8528
Test Data Eval:
  Num examples: 512  Num correct: 396  Precision @ 1: 0.7734  AUC @ 1: 0.8554
Step 5600: loss = 0.4668 (0.012 sec)
Training Data Eval:
  Num examples: 3456  Num correct: 2960  Precision @ 1: 0.8565  AUC @ 1: 0.9347
Validation Data Eval:
  Num examples: 256  Num correct: 199  Precision @ 1: 0.7773  AUC @ 1: 0.8613
Test Data Eval:
  Num examples: 512  Num correct: 387  Precision @ 1: 0.7559  AUC @ 1: 0.8450
Step 5800: loss = 0.4524 (0.012 sec)
Training Data Eval:
  Num examples: 3456  Num correct: 2966  Precision @ 1: 0.8582  AUC @ 1: 0.9379
Validation Data Eval:
  Num examples: 256  Num correct: 199  Precision @ 1: 0.7773  AUC @ 1: 0.8657
Test Data Eval:
  Num examples: 512  Num correct: 385  Precision @ 1: 0.7520  AUC @ 1: 0.8382
Step 6000: loss = 0.4917 (0.011 sec)
Training Data Eval:
  Num examples: 3456  Num correct: 2974  Precision @ 1: 0.8605  AUC @ 1: 0.9320
Validation Data Eval:
  Num examples: 256  Num correct: 197  Precision @ 1: 0.7695  AUC @ 1: 0.8506
Test Data Eval:
  Num examples: 512  Num correct: 386  Precision @ 1: 0.7539  AUC @ 1: 0.8370
Step 6200: loss = 0.4654 (0.012 sec)
Training Data Eval:
  Num examples: 3456  Num correct: 3026  Precision @ 1: 0.8756  AUC @ 1: 0.9482
Validation Data Eval:
  Num examples: 256  Num correct: 203  Precision @ 1: 0.7930  AUC @ 1: 0.8741
Test Data Eval:
  Num examples: 512  Num correct: 389  Precision @ 1: 0.7598  AUC @ 1: 0.8419
Step 6400: loss = 0.4487 (0.012 sec)
Training Data Eval:
  Num examples: 3456  Num correct: 3056  Precision @ 1: 0.8843  AUC @ 1: 0.9486
Validation Data Eval:
  Num examples: 256  Num correct: 192  Precision @ 1: 0.7500  AUC @ 1: 0.8580
Test Data Eval:
  Num examples: 512  Num correct: 378  Precision @ 1: 0.7383  AUC @ 1: 0.8259
Step 6600: loss = 0.3970 (0.013 sec)
Training Data Eval:
  Num examples: 3456  Num correct: 3040  Precision @ 1: 0.8796  AUC @ 1: 0.9475
Validation Data Eval:
  Num examples: 256  Num correct: 200  Precision @ 1: 0.7812  AUC @ 1: 0.8678
Test Data Eval:
  Num examples: 512  Num correct: 382  Precision @ 1: 0.7461  AUC @ 1: 0.8271
Step 6800: loss = 0.4250 (0.011 sec)
Training Data Eval:
  Num examples: 3456  Num correct: 3085  Precision @ 1: 0.8927  AUC @ 1: 0.9576
Validation Data Eval:
  Num examples: 256  Num correct: 203  Precision @ 1: 0.7930  AUC @ 1: 0.8753
Test Data Eval:
  Num examples: 512  Num correct: 389  Precision @ 1: 0.7598  AUC @ 1: 0.8344
Step 7000: loss = 0.2981 (0.012 sec)
Training Data Eval:
  Num examples: 3456  Num correct: 3100  Precision @ 1: 0.8970  AUC @ 1: 0.9613
Validation Data Eval:
  Num examples: 256  Num correct: 201  Precision @ 1: 0.7852  AUC @ 1: 0.8725
Test Data Eval:
  Num examples: 512  Num correct: 380  Precision @ 1: 0.7422  AUC @ 1: 0.8241
Step 7200: loss = 0.3602 (0.012 sec)
Training Data Eval:
  Num examples: 3456  Num correct: 3110  Precision @ 1: 0.8999  AUC @ 1: 0.9618
Validation Data Eval:
  Num examples: 256  Num correct: 200  Precision @ 1: 0.7812  AUC @ 1: 0.8657
Test Data Eval:
  Num examples: 512  Num correct: 385  Precision @ 1: 0.7520  AUC @ 1: 0.8324
Step 7400: loss = 0.3255 (0.011 sec)
Training Data Eval:
  Num examples: 3456  Num correct: 3085  Precision @ 1: 0.8927  AUC @ 1: 0.9569
Validation Data Eval:
  Num examples: 256  Num correct: 195  Precision @ 1: 0.7617  AUC @ 1: 0.8480
Test Data Eval:
  Num examples: 512  Num correct: 367  Precision @ 1: 0.7168  AUC @ 1: 0.8113
Step 7600: loss = 0.4603 (0.012 sec)
Training Data Eval:
  Num examples: 3456  Num correct: 3161  Precision @ 1: 0.9146  AUC @ 1: 0.9717
Validation Data Eval:
  Num examples: 256  Num correct: 200  Precision @ 1: 0.7812  AUC @ 1: 0.8776
Test Data Eval:
  Num examples: 512  Num correct: 385  Precision @ 1: 0.7520  AUC @ 1: 0.8239
Step 7800: loss = 0.3706 (0.012 sec)
Training Data Eval:
  Num examples: 3456  Num correct: 3139  Precision @ 1: 0.9083  AUC @ 1: 0.9711
Validation Data Eval:
  Num examples: 256  Num correct: 198  Precision @ 1: 0.7734  AUC @ 1: 0.8704
Test Data Eval:
  Num examples: 512  Num correct: 378  Precision @ 1: 0.7383  AUC @ 1: 0.8187
Step 8000: loss = 0.3132 (0.011 sec)
Training Data Eval:
  Num examples: 3456  Num correct: 3157  Precision @ 1: 0.9135  AUC @ 1: 0.9739
Validation Data Eval:
  Num examples: 256  Num correct: 201  Precision @ 1: 0.7852  AUC @ 1: 0.8713
Test Data Eval:
  Num examples: 512  Num correct: 376  Precision @ 1: 0.7344  AUC @ 1: 0.8290
Step 8200: loss = 0.3395 (0.012 sec)
Training Data Eval:
  Num examples: 3456  Num correct: 3170  Precision @ 1: 0.9172  AUC @ 1: 0.9762
Validation Data Eval:
  Num examples: 256  Num correct: 205  Precision @ 1: 0.8008  AUC @ 1: 0.8783
Test Data Eval:
  Num examples: 512  Num correct: 364  Precision @ 1: 0.7109  AUC @ 1: 0.8085
Step 8400: loss = 0.3630 (0.011 sec)
Training Data Eval:
  Num examples: 3456  Num correct: 3250  Precision @ 1: 0.9404  AUC @ 1: 0.9834
Validation Data Eval:
  Num examples: 256  Num correct: 207  Precision @ 1: 0.8086  AUC @ 1: 0.8818
Test Data Eval:
  Num examples: 512  Num correct: 380  Precision @ 1: 0.7422  AUC @ 1: 0.8155
Step 8600: loss = 0.2463 (0.011 sec)
Training Data Eval:
  Num examples: 3456  Num correct: 3229  Precision @ 1: 0.9343  AUC @ 1: 0.9833
Validation Data Eval:
  Num examples: 256  Num correct: 203  Precision @ 1: 0.7930  AUC @ 1: 0.8760
Test Data Eval:
  Num examples: 512  Num correct: 373  Precision @ 1: 0.7285  AUC @ 1: 0.8018
Step 8800: loss = 0.3237 (0.012 sec)
Training Data Eval:
  Num examples: 3456  Num correct: 3200  Precision @ 1: 0.9259  AUC @ 1: 0.9860
Validation Data Eval:
  Num examples: 256  Num correct: 204  Precision @ 1: 0.7969  AUC @ 1: 0.8796
Test Data Eval:
  Num examples: 512  Num correct: 369  Precision @ 1: 0.7207  AUC @ 1: 0.8044
Step 9000: loss = 0.3525 (0.011 sec)
Training Data Eval:
  Num examples: 3456  Num correct: 3269  Precision @ 1: 0.9459  AUC @ 1: 0.9862
Validation Data Eval:
  Num examples: 256  Num correct: 208  Precision @ 1: 0.8125  AUC @ 1: 0.8840
Test Data Eval:
  Num examples: 512  Num correct: 375  Precision @ 1: 0.7324  AUC @ 1: 0.8140
Step 9200: loss = 0.2135 (0.012 sec)
Training Data Eval:
  Num examples: 3456  Num correct: 3277  Precision @ 1: 0.9482  AUC @ 1: 0.9888
Validation Data Eval:
  Num examples: 256  Num correct: 206  Precision @ 1: 0.8047  AUC @ 1: 0.8841
Test Data Eval:
  Num examples: 512  Num correct: 382  Precision @ 1: 0.7461  AUC @ 1: 0.8085
Step 9400: loss = 0.3010 (0.012 sec)
Training Data Eval:
  Num examples: 3456  Num correct: 3297  Precision @ 1: 0.9540  AUC @ 1: 0.9897
Validation Data Eval:
  Num examples: 256  Num correct: 205  Precision @ 1: 0.8008  AUC @ 1: 0.8770
Test Data Eval:
  Num examples: 512  Num correct: 381  Precision @ 1: 0.7441  AUC @ 1: 0.8085
Step 9600: loss = 0.2469 (0.012 sec)
Training Data Eval:
  Num examples: 3456  Num correct: 3292  Precision @ 1: 0.9525  AUC @ 1: 0.9916
Validation Data Eval:
  Num examples: 256  Num correct: 206  Precision @ 1: 0.8047  AUC @ 1: 0.8835
Test Data Eval:
  Num examples: 512  Num correct: 375  Precision @ 1: 0.7324  AUC @ 1: 0.8048
Step 9800: loss = 0.2721 (0.011 sec)
Training Data Eval:
  Num examples: 3456  Num correct: 3297  Precision @ 1: 0.9540  AUC @ 1: 0.9925
Validation Data Eval:
  Num examples: 256  Num correct: 205  Precision @ 1: 0.8008  AUC @ 1: 0.8831
Test Data Eval:
  Num examples: 512  Num correct: 374  Precision @ 1: 0.7305  AUC @ 1: 0.8105
