Training data shape: 	(3815, 30, 64, 1)
Training label shape:	(3815,)
Testing data shape:  	(520, 30, 64, 1)
Testing label shape: 	(520,)
max input value is: 3457.30786133
min input value is: -4872.94775391
random permuted training data
==============================================================================
Model: 			inference_stcnn
Tensor Name: 	Placeholder:0
[128, 30, 64, 1]
==============================================================================
Tensor Name: conv0/conv0:0
[128, 1, 60, 32]
==============================================================================
Tensor Name: MaxPool:0
[128, 1, 30, 32]
==============================================================================
Tensor Name: conv1/conv1:0
[128, 1, 26, 64]
==============================================================================
Tensor Name: MaxPool_1:0
[128, 1, 13, 64]
==============================================================================
Tensor Name: conv2/conv2:0
[128, 1, 9, 8]
==============================================================================
Tensor Name: MaxPool_2:0
[128, 1, 4, 8]
==============================================================================
Tensor Name: local1/local1:0
[128, 128]
==============================================================================
Tensor Name: local2/local2:0
[128, 128]
==============================================================================
Tensor Name: softmax_linear/softmax_linear:0
[128, 2]
Step 0: loss = 0.7446 (0.058 sec)
Training Data Eval:
  Num examples: 3456  Num correct: 1973  Precision @ 1: 0.5709  AUC @ 1: 0.6616
Validation Data Eval:
  Num examples: 256  Num correct: 140  Precision @ 1: 0.5469  AUC @ 1: 0.6981
Test Data Eval:
  Num examples: 512  Num correct: 288  Precision @ 1: 0.5625  AUC @ 1: 0.6861
Step 200: loss = 0.7362 (0.035 sec)
Training Data Eval:
  Num examples: 3456  Num correct: 1942  Precision @ 1: 0.5619  AUC @ 1: 0.6832
Validation Data Eval:
  Num examples: 256  Num correct: 140  Precision @ 1: 0.5469  AUC @ 1: 0.7135
Test Data Eval:
  Num examples: 512  Num correct: 291  Precision @ 1: 0.5684  AUC @ 1: 0.7285
Step 400: loss = 0.7193 (0.036 sec)
Training Data Eval:
  Num examples: 3456  Num correct: 1892  Precision @ 1: 0.5475  AUC @ 1: 0.6849
Validation Data Eval:
  Num examples: 256  Num correct: 140  Precision @ 1: 0.5469  AUC @ 1: 0.7179
Test Data Eval:
  Num examples: 512  Num correct: 291  Precision @ 1: 0.5684  AUC @ 1: 0.7383
Step 600: loss = 0.7280 (0.036 sec)
Training Data Eval:
  Num examples: 3456  Num correct: 1946  Precision @ 1: 0.5631  AUC @ 1: 0.6764
Validation Data Eval:
  Num examples: 256  Num correct: 140  Precision @ 1: 0.5469  AUC @ 1: 0.7161
Test Data Eval:
  Num examples: 512  Num correct: 288  Precision @ 1: 0.5625  AUC @ 1: 0.7335
Step 800: loss = 0.7371 (0.036 sec)
Training Data Eval:
  Num examples: 3456  Num correct: 1956  Precision @ 1: 0.5660  AUC @ 1: 0.6652
Validation Data Eval:
  Num examples: 256  Num correct: 140  Precision @ 1: 0.5469  AUC @ 1: 0.7149
Test Data Eval:
  Num examples: 512  Num correct: 291  Precision @ 1: 0.5684  AUC @ 1: 0.7336
Step 1000: loss = 0.7092 (0.035 sec)
Training Data Eval:
  Num examples: 3456  Num correct: 1956  Precision @ 1: 0.5660  AUC @ 1: 0.6714
Validation Data Eval:
  Num examples: 256  Num correct: 140  Precision @ 1: 0.5469  AUC @ 1: 0.7147
Test Data Eval:
  Num examples: 512  Num correct: 289  Precision @ 1: 0.5645  AUC @ 1: 0.7353
Step 1200: loss = 0.7341 (0.036 sec)
Training Data Eval:
  Num examples: 3456  Num correct: 1926  Precision @ 1: 0.5573  AUC @ 1: 0.6628
Validation Data Eval:
  Num examples: 256  Num correct: 140  Precision @ 1: 0.5469  AUC @ 1: 0.7049
Test Data Eval:
  Num examples: 512  Num correct: 292  Precision @ 1: 0.5703  AUC @ 1: 0.7484
Step 1400: loss = 0.7006 (0.036 sec)
Training Data Eval:
  Num examples: 3456  Num correct: 1978  Precision @ 1: 0.5723  AUC @ 1: 0.6849
Validation Data Eval:
  Num examples: 256  Num correct: 140  Precision @ 1: 0.5469  AUC @ 1: 0.6931
Test Data Eval:
  Num examples: 512  Num correct: 291  Precision @ 1: 0.5684  AUC @ 1: 0.7757
Step 1600: loss = 0.7223 (0.036 sec)
Training Data Eval:
  Num examples: 3456  Num correct: 1954  Precision @ 1: 0.5654  AUC @ 1: 0.7184
Validation Data Eval:
  Num examples: 256  Num correct: 140  Precision @ 1: 0.5469  AUC @ 1: 0.6935
Test Data Eval:
  Num examples: 512  Num correct: 292  Precision @ 1: 0.5703  AUC @ 1: 0.7834
Step 1800: loss = 0.6732 (0.036 sec)
Training Data Eval:
  Num examples: 3456  Num correct: 1948  Precision @ 1: 0.5637  AUC @ 1: 0.7326
Validation Data Eval:
  Num examples: 256  Num correct: 140  Precision @ 1: 0.5469  AUC @ 1: 0.7241
Test Data Eval:
  Num examples: 512  Num correct: 292  Precision @ 1: 0.5703  AUC @ 1: 0.7933
Step 2000: loss = 0.6705 (0.035 sec)
Training Data Eval:
  Num examples: 3456  Num correct: 2112  Precision @ 1: 0.6111  AUC @ 1: 0.7497
Validation Data Eval:
  Num examples: 256  Num correct: 151  Precision @ 1: 0.5898  AUC @ 1: 0.7395
Test Data Eval:
  Num examples: 512  Num correct: 336  Precision @ 1: 0.6562  AUC @ 1: 0.8075
Step 2200: loss = 0.6598 (0.036 sec)
Training Data Eval:
  Num examples: 3456  Num correct: 2242  Precision @ 1: 0.6487  AUC @ 1: 0.7588
Validation Data Eval:
  Num examples: 256  Num correct: 154  Precision @ 1: 0.6016  AUC @ 1: 0.7635
Test Data Eval:
  Num examples: 512  Num correct: 357  Precision @ 1: 0.6973  AUC @ 1: 0.7962
Step 2400: loss = 0.6084 (0.036 sec)
Training Data Eval:
  Num examples: 3456  Num correct: 2280  Precision @ 1: 0.6597  AUC @ 1: 0.7647
Validation Data Eval:
  Num examples: 256  Num correct: 160  Precision @ 1: 0.6250  AUC @ 1: 0.7710
Test Data Eval:
  Num examples: 512  Num correct: 373  Precision @ 1: 0.7285  AUC @ 1: 0.8000
Step 2600: loss = 0.5988 (0.037 sec)
Training Data Eval:
  Num examples: 3456  Num correct: 2368  Precision @ 1: 0.6852  AUC @ 1: 0.7720
Validation Data Eval:
  Num examples: 256  Num correct: 171  Precision @ 1: 0.6680  AUC @ 1: 0.7794
Test Data Eval:
  Num examples: 512  Num correct: 376  Precision @ 1: 0.7344  AUC @ 1: 0.8003
Step 2800: loss = 0.5820 (0.037 sec)
Training Data Eval:
  Num examples: 3456  Num correct: 2442  Precision @ 1: 0.7066  AUC @ 1: 0.7839
Validation Data Eval:
  Num examples: 256  Num correct: 177  Precision @ 1: 0.6914  AUC @ 1: 0.7871
Test Data Eval:
  Num examples: 512  Num correct: 382  Precision @ 1: 0.7461  AUC @ 1: 0.8093
Step 3000: loss = 0.5987 (0.036 sec)
Training Data Eval:
  Num examples: 3456  Num correct: 2433  Precision @ 1: 0.7040  AUC @ 1: 0.7828
Validation Data Eval:
  Num examples: 256  Num correct: 177  Precision @ 1: 0.6914  AUC @ 1: 0.7909
Test Data Eval:
  Num examples: 512  Num correct: 380  Precision @ 1: 0.7422  AUC @ 1: 0.8080
Step 3200: loss = 0.5651 (0.037 sec)
Training Data Eval:
  Num examples: 3456  Num correct: 2492  Precision @ 1: 0.7211  AUC @ 1: 0.7911
Validation Data Eval:
  Num examples: 256  Num correct: 185  Precision @ 1: 0.7227  AUC @ 1: 0.7901
Test Data Eval:
  Num examples: 512  Num correct: 380  Precision @ 1: 0.7422  AUC @ 1: 0.8086
Step 3400: loss = 0.6027 (0.036 sec)
Training Data Eval:
  Num examples: 3456  Num correct: 2482  Precision @ 1: 0.7182  AUC @ 1: 0.7936
Validation Data Eval:
  Num examples: 256  Num correct: 184  Precision @ 1: 0.7188  AUC @ 1: 0.7969
Test Data Eval:
  Num examples: 512  Num correct: 383  Precision @ 1: 0.7480  AUC @ 1: 0.8107
Step 3600: loss = 0.5448 (0.037 sec)
Training Data Eval:
  Num examples: 3456  Num correct: 2498  Precision @ 1: 0.7228  AUC @ 1: 0.7951
Validation Data Eval:
  Num examples: 256  Num correct: 186  Precision @ 1: 0.7266  AUC @ 1: 0.7934
Test Data Eval:
  Num examples: 512  Num correct: 379  Precision @ 1: 0.7402  AUC @ 1: 0.8092
Step 3800: loss = 0.6247 (0.035 sec)
Training Data Eval:
  Num examples: 3456  Num correct: 2493  Precision @ 1: 0.7214  AUC @ 1: 0.7916
Validation Data Eval:
  Num examples: 256  Num correct: 187  Precision @ 1: 0.7305  AUC @ 1: 0.7986
Test Data Eval:
  Num examples: 512  Num correct: 386  Precision @ 1: 0.7539  AUC @ 1: 0.8156
Step 4000: loss = 0.5972 (0.036 sec)
Training Data Eval:
  Num examples: 3456  Num correct: 2527  Precision @ 1: 0.7312  AUC @ 1: 0.8015
Validation Data Eval:
  Num examples: 256  Num correct: 180  Precision @ 1: 0.7031  AUC @ 1: 0.7946
Test Data Eval:
  Num examples: 512  Num correct: 375  Precision @ 1: 0.7324  AUC @ 1: 0.8049
Step 4200: loss = 0.5512 (0.038 sec)
Training Data Eval:
  Num examples: 3456  Num correct: 2530  Precision @ 1: 0.7321  AUC @ 1: 0.8052
Validation Data Eval:
  Num examples: 256  Num correct: 189  Precision @ 1: 0.7383  AUC @ 1: 0.8006
Test Data Eval:
  Num examples: 512  Num correct: 377  Precision @ 1: 0.7363  AUC @ 1: 0.8090
Step 4400: loss = 0.5197 (0.036 sec)
Training Data Eval:
  Num examples: 3456  Num correct: 2547  Precision @ 1: 0.7370  AUC @ 1: 0.8094
Validation Data Eval:
  Num examples: 256  Num correct: 190  Precision @ 1: 0.7422  AUC @ 1: 0.7986
Test Data Eval:
  Num examples: 512  Num correct: 377  Precision @ 1: 0.7363  AUC @ 1: 0.7982
Step 4600: loss = 0.5837 (0.036 sec)
Training Data Eval:
  Num examples: 3456  Num correct: 2512  Precision @ 1: 0.7269  AUC @ 1: 0.8064
Validation Data Eval:
  Num examples: 256  Num correct: 178  Precision @ 1: 0.6953  AUC @ 1: 0.7762
Test Data Eval:
  Num examples: 512  Num correct: 366  Precision @ 1: 0.7148  AUC @ 1: 0.8046
Step 4800: loss = 0.5349 (0.036 sec)
Training Data Eval:
  Num examples: 3456  Num correct: 2589  Precision @ 1: 0.7491  AUC @ 1: 0.8222
Validation Data Eval:
  Num examples: 256  Num correct: 184  Precision @ 1: 0.7188  AUC @ 1: 0.7921
Test Data Eval:
  Num examples: 512  Num correct: 371  Precision @ 1: 0.7246  AUC @ 1: 0.8094
Step 5000: loss = 0.5620 (0.036 sec)
Training Data Eval:
  Num examples: 3456  Num correct: 2579  Precision @ 1: 0.7462  AUC @ 1: 0.8121
Validation Data Eval:
  Num examples: 256  Num correct: 185  Precision @ 1: 0.7227  AUC @ 1: 0.7914
Test Data Eval:
  Num examples: 512  Num correct: 371  Precision @ 1: 0.7246  AUC @ 1: 0.8085
Step 5200: loss = 0.5588 (0.036 sec)
Training Data Eval:
  Num examples: 3456  Num correct: 2596  Precision @ 1: 0.7512  AUC @ 1: 0.8262
Validation Data Eval:
  Num examples: 256  Num correct: 188  Precision @ 1: 0.7344  AUC @ 1: 0.8012
Test Data Eval:
  Num examples: 512  Num correct: 369  Precision @ 1: 0.7207  AUC @ 1: 0.8125
Step 5400: loss = 0.5183 (0.070 sec)
Training Data Eval:
  Num examples: 3456  Num correct: 2603  Precision @ 1: 0.7532  AUC @ 1: 0.8250
Validation Data Eval:
  Num examples: 256  Num correct: 191  Precision @ 1: 0.7461  AUC @ 1: 0.8094
Test Data Eval:
  Num examples: 512  Num correct: 363  Precision @ 1: 0.7090  AUC @ 1: 0.8082
Step 5600: loss = 0.4721 (0.037 sec)
Training Data Eval:
  Num examples: 3456  Num correct: 2664  Precision @ 1: 0.7708  AUC @ 1: 0.8341
Validation Data Eval:
  Num examples: 256  Num correct: 188  Precision @ 1: 0.7344  AUC @ 1: 0.7998
Test Data Eval:
  Num examples: 512  Num correct: 367  Precision @ 1: 0.7168  AUC @ 1: 0.8037
Step 5800: loss = 0.5756 (0.035 sec)
Training Data Eval:
  Num examples: 3456  Num correct: 2588  Precision @ 1: 0.7488  AUC @ 1: 0.8284
Validation Data Eval:
  Num examples: 256  Num correct: 193  Precision @ 1: 0.7539  AUC @ 1: 0.8047
Test Data Eval:
  Num examples: 512  Num correct: 367  Precision @ 1: 0.7168  AUC @ 1: 0.8123
Step 6000: loss = 0.5238 (0.037 sec)
Training Data Eval:
  Num examples: 3456  Num correct: 2627  Precision @ 1: 0.7601  AUC @ 1: 0.8383
Validation Data Eval:
  Num examples: 256  Num correct: 191  Precision @ 1: 0.7461  AUC @ 1: 0.8017
Test Data Eval:
  Num examples: 512  Num correct: 366  Precision @ 1: 0.7148  AUC @ 1: 0.8055
Step 6200: loss = 0.5391 (0.037 sec)
Training Data Eval:
  Num examples: 3456  Num correct: 2642  Precision @ 1: 0.7645  AUC @ 1: 0.8406
Validation Data Eval:
  Num examples: 256  Num correct: 190  Precision @ 1: 0.7422  AUC @ 1: 0.8128
Test Data Eval:
  Num examples: 512  Num correct: 370  Precision @ 1: 0.7227  AUC @ 1: 0.8021
Step 6400: loss = 0.5007 (0.036 sec)
Training Data Eval:
  Num examples: 3456  Num correct: 2667  Precision @ 1: 0.7717  AUC @ 1: 0.8361
Validation Data Eval:
  Num examples: 256  Num correct: 189  Precision @ 1: 0.7383  AUC @ 1: 0.7971
Test Data Eval:
  Num examples: 512  Num correct: 364  Precision @ 1: 0.7109  AUC @ 1: 0.7989
Step 6600: loss = 0.5068 (0.036 sec)
Training Data Eval:
  Num examples: 3456  Num correct: 2567  Precision @ 1: 0.7428  AUC @ 1: 0.8295
Validation Data Eval:
  Num examples: 256  Num correct: 182  Precision @ 1: 0.7109  AUC @ 1: 0.7911
Test Data Eval:
  Num examples: 512  Num correct: 368  Precision @ 1: 0.7188  AUC @ 1: 0.7952
Step 6800: loss = 0.6018 (0.037 sec)
Training Data Eval:
  Num examples: 3456  Num correct: 2720  Precision @ 1: 0.7870  AUC @ 1: 0.8568
Validation Data Eval:
  Num examples: 256  Num correct: 189  Precision @ 1: 0.7383  AUC @ 1: 0.7985
Test Data Eval:
  Num examples: 512  Num correct: 366  Precision @ 1: 0.7148  AUC @ 1: 0.8033
Step 7000: loss = 0.5573 (0.037 sec)
Training Data Eval:
  Num examples: 3456  Num correct: 2552  Precision @ 1: 0.7384  AUC @ 1: 0.8217
Validation Data Eval:
  Num examples: 256  Num correct: 175  Precision @ 1: 0.6836  AUC @ 1: 0.7506
Test Data Eval:
  Num examples: 512  Num correct: 347  Precision @ 1: 0.6777  AUC @ 1: 0.7794
Step 7200: loss = 0.5723 (0.036 sec)
Training Data Eval:
  Num examples: 3456  Num correct: 2749  Precision @ 1: 0.7954  AUC @ 1: 0.8632
Validation Data Eval:
  Num examples: 256  Num correct: 196  Precision @ 1: 0.7656  AUC @ 1: 0.8026
Test Data Eval:
  Num examples: 512  Num correct: 365  Precision @ 1: 0.7129  AUC @ 1: 0.7945
Step 7400: loss = 0.4247 (0.037 sec)
Training Data Eval:
  Num examples: 3456  Num correct: 2728  Precision @ 1: 0.7894  AUC @ 1: 0.8714
Validation Data Eval:
  Num examples: 256  Num correct: 201  Precision @ 1: 0.7852  AUC @ 1: 0.8180
Test Data Eval:
  Num examples: 512  Num correct: 365  Precision @ 1: 0.7129  AUC @ 1: 0.8000
Step 7600: loss = 0.4584 (0.036 sec)
Training Data Eval:
  Num examples: 3456  Num correct: 2747  Precision @ 1: 0.7948  AUC @ 1: 0.8737
Validation Data Eval:
  Num examples: 256  Num correct: 193  Precision @ 1: 0.7539  AUC @ 1: 0.8206
Test Data Eval:
  Num examples: 512  Num correct: 366  Precision @ 1: 0.7148  AUC @ 1: 0.8001
Step 7800: loss = 0.5237 (0.036 sec)
Training Data Eval:
  Num examples: 3456  Num correct: 2743  Precision @ 1: 0.7937  AUC @ 1: 0.8672
Validation Data Eval:
  Num examples: 256  Num correct: 176  Precision @ 1: 0.6875  AUC @ 1: 0.7844
Test Data Eval:
  Num examples: 512  Num correct: 356  Precision @ 1: 0.6953  AUC @ 1: 0.7727
Step 8000: loss = 0.5455 (0.036 sec)
Training Data Eval:
  Num examples: 3456  Num correct: 2782  Precision @ 1: 0.8050  AUC @ 1: 0.8756
Validation Data Eval:
  Num examples: 256  Num correct: 183  Precision @ 1: 0.7148  AUC @ 1: 0.7881
Test Data Eval:
  Num examples: 512  Num correct: 367  Precision @ 1: 0.7168  AUC @ 1: 0.8076
Step 8200: loss = 0.4567 (0.036 sec)
Training Data Eval:
  Num examples: 3456  Num correct: 2758  Precision @ 1: 0.7980  AUC @ 1: 0.8799
Validation Data Eval:
  Num examples: 256  Num correct: 187  Precision @ 1: 0.7305  AUC @ 1: 0.7881
Test Data Eval:
  Num examples: 512  Num correct: 353  Precision @ 1: 0.6895  AUC @ 1: 0.7905
Step 8400: loss = 0.4849 (0.035 sec)
Training Data Eval:
  Num examples: 3456  Num correct: 2769  Precision @ 1: 0.8012  AUC @ 1: 0.8799
Validation Data Eval:
  Num examples: 256  Num correct: 196  Precision @ 1: 0.7656  AUC @ 1: 0.8234
Test Data Eval:
  Num examples: 512  Num correct: 376  Precision @ 1: 0.7344  AUC @ 1: 0.7976
Step 8600: loss = 0.4380 (0.035 sec)
Training Data Eval:
  Num examples: 3456  Num correct: 2812  Precision @ 1: 0.8137  AUC @ 1: 0.8880
Validation Data Eval:
  Num examples: 256  Num correct: 195  Precision @ 1: 0.7617  AUC @ 1: 0.7980
Test Data Eval:
  Num examples: 512  Num correct: 366  Precision @ 1: 0.7148  AUC @ 1: 0.8036
Step 8800: loss = 0.4695 (0.036 sec)
Training Data Eval:
  Num examples: 3456  Num correct: 2750  Precision @ 1: 0.7957  AUC @ 1: 0.8743
Validation Data Eval:
  Num examples: 256  Num correct: 198  Precision @ 1: 0.7734  AUC @ 1: 0.8260
Test Data Eval:
  Num examples: 512  Num correct: 366  Precision @ 1: 0.7148  AUC @ 1: 0.8007
Step 9000: loss = 0.4720 (0.037 sec)
Training Data Eval:
  Num examples: 3456  Num correct: 2885  Precision @ 1: 0.8348  AUC @ 1: 0.9100
Validation Data Eval:
  Num examples: 256  Num correct: 184  Precision @ 1: 0.7188  AUC @ 1: 0.7898
Test Data Eval:
  Num examples: 512  Num correct: 369  Precision @ 1: 0.7207  AUC @ 1: 0.8012
Step 9200: loss = 0.3977 (0.036 sec)
Training Data Eval:
  Num examples: 3456  Num correct: 2849  Precision @ 1: 0.8244  AUC @ 1: 0.9002
Validation Data Eval:
  Num examples: 256  Num correct: 188  Precision @ 1: 0.7344  AUC @ 1: 0.8093
Test Data Eval:
  Num examples: 512  Num correct: 369  Precision @ 1: 0.7207  AUC @ 1: 0.8092
Step 9400: loss = 0.4933 (0.037 sec)
Training Data Eval:
  Num examples: 3456  Num correct: 2968  Precision @ 1: 0.8588  AUC @ 1: 0.9223
Validation Data Eval:
  Num examples: 256  Num correct: 195  Precision @ 1: 0.7617  AUC @ 1: 0.8101
Test Data Eval:
  Num examples: 512  Num correct: 366  Precision @ 1: 0.7148  AUC @ 1: 0.7925
Step 9600: loss = 0.3627 (0.036 sec)
Training Data Eval:
  Num examples: 3456  Num correct: 2960  Precision @ 1: 0.8565  AUC @ 1: 0.9218
Validation Data Eval:
  Num examples: 256  Num correct: 194  Precision @ 1: 0.7578  AUC @ 1: 0.8159
Test Data Eval:
  Num examples: 512  Num correct: 380  Precision @ 1: 0.7422  AUC @ 1: 0.8006
Step 9800: loss = 0.4018 (0.036 sec)
Training Data Eval:
  Num examples: 3456  Num correct: 2849  Precision @ 1: 0.8244  AUC @ 1: 0.9158
Validation Data Eval:
  Num examples: 256  Num correct: 191  Precision @ 1: 0.7461  AUC @ 1: 0.7920
Test Data Eval:
  Num examples: 512  Num correct: 351  Precision @ 1: 0.6855  AUC @ 1: 0.7747
