Training data shape: 	(10000, 64, 64, 1)
Training label shape:	(10000,)
Testing data shape:  	(1910, 64, 64, 1)
Testing label shape: 	(1910,)
max input value is: 153.458
min input value is: -104.189
random permuted training data
==============================================================================
Model: 			inference_local_s_cnn
Tensor Name: 	Placeholder:0
[64, 64, 64, 1]
==============================================================================
Tensor Name: conv0/conv0:0
[64, 60, 64, 2]
==============================================================================
Tensor Name: local1/local1:0
[64, 128]
==============================================================================
Tensor Name: local2/local2:0
[64, 128]
==============================================================================
Tensor Name: softmax_linear/softmax_linear:0
[64, 2]
Step 0: loss = 3.1695 (0.027 sec)
Training Data Eval:
  Num examples: 8960  Num correct: 5604  Precision @ 1: 0.6254  AUC @ 1: 0.7412
Validation Data Eval:
  Num examples: 960  Num correct: 607  Precision @ 1: 0.6323  AUC @ 1: 0.7684
Test Data Eval:
  Num examples: 1856  Num correct: 1114  Precision @ 1: 0.6002  AUC @ 1: 0.6804
Step 100: loss = 2.9444 (0.018 sec)
Training Data Eval:
  Num examples: 8960  Num correct: 6582  Precision @ 1: 0.7346  AUC @ 1: 0.8011
Validation Data Eval:
  Num examples: 960  Num correct: 722  Precision @ 1: 0.7521  AUC @ 1: 0.8270
Test Data Eval:
  Num examples: 1856  Num correct: 1266  Precision @ 1: 0.6821  AUC @ 1: 0.7328
Step 200: loss = 2.6967 (0.019 sec)
Training Data Eval:
  Num examples: 8960  Num correct: 6947  Precision @ 1: 0.7753  AUC @ 1: 0.8289
Validation Data Eval:
  Num examples: 960  Num correct: 764  Precision @ 1: 0.7958  AUC @ 1: 0.8394
Test Data Eval:
  Num examples: 1856  Num correct: 1323  Precision @ 1: 0.7128  AUC @ 1: 0.7540
Step 300: loss = 2.4769 (0.018 sec)
Training Data Eval:
  Num examples: 8960  Num correct: 7015  Precision @ 1: 0.7829  AUC @ 1: 0.8414
Validation Data Eval:
  Num examples: 960  Num correct: 762  Precision @ 1: 0.7937  AUC @ 1: 0.8431
Test Data Eval:
  Num examples: 1856  Num correct: 1337  Precision @ 1: 0.7204  AUC @ 1: 0.7546
Step 400: loss = 2.3043 (0.019 sec)
Training Data Eval:
  Num examples: 8960  Num correct: 7077  Precision @ 1: 0.7898  AUC @ 1: 0.8583
Validation Data Eval:
  Num examples: 960  Num correct: 767  Precision @ 1: 0.7990  AUC @ 1: 0.8579
Test Data Eval:
  Num examples: 1856  Num correct: 1328  Precision @ 1: 0.7155  AUC @ 1: 0.7612
Step 500: loss = 2.1032 (0.019 sec)
Training Data Eval:
  Num examples: 8960  Num correct: 7022  Precision @ 1: 0.7837  AUC @ 1: 0.8711
Validation Data Eval:
  Num examples: 960  Num correct: 751  Precision @ 1: 0.7823  AUC @ 1: 0.8651
Test Data Eval:
  Num examples: 1856  Num correct: 1300  Precision @ 1: 0.7004  AUC @ 1: 0.7615
Step 600: loss = 1.9563 (0.019 sec)
Training Data Eval:
  Num examples: 8960  Num correct: 7333  Precision @ 1: 0.8184  AUC @ 1: 0.8881
Validation Data Eval:
  Num examples: 960  Num correct: 769  Precision @ 1: 0.8010  AUC @ 1: 0.8656
Test Data Eval:
  Num examples: 1856  Num correct: 1328  Precision @ 1: 0.7155  AUC @ 1: 0.7680
Step 700: loss = 1.9106 (0.107 sec)
Training Data Eval:
  Num examples: 8960  Num correct: 7383  Precision @ 1: 0.8240  AUC @ 1: 0.8955
Validation Data Eval:
  Num examples: 960  Num correct: 770  Precision @ 1: 0.8021  AUC @ 1: 0.8700
Test Data Eval:
  Num examples: 1856  Num correct: 1333  Precision @ 1: 0.7182  AUC @ 1: 0.7693
Step 800: loss = 1.7242 (0.022 sec)
Training Data Eval:
  Num examples: 8960  Num correct: 7345  Precision @ 1: 0.8198  AUC @ 1: 0.8967
Validation Data Eval:
  Num examples: 960  Num correct: 768  Precision @ 1: 0.8000  AUC @ 1: 0.8713
Test Data Eval:
  Num examples: 1856  Num correct: 1326  Precision @ 1: 0.7144  AUC @ 1: 0.7772
Step 900: loss = 1.7646 (0.019 sec)
Training Data Eval:
  Num examples: 8960  Num correct: 7535  Precision @ 1: 0.8410  AUC @ 1: 0.9146
Validation Data Eval:
  Num examples: 960  Num correct: 776  Precision @ 1: 0.8083  AUC @ 1: 0.8844
Test Data Eval:
  Num examples: 1856  Num correct: 1335  Precision @ 1: 0.7193  AUC @ 1: 0.7754
Step 1000: loss = 1.5370 (0.020 sec)
Training Data Eval:
  Num examples: 8960  Num correct: 7631  Precision @ 1: 0.8517  AUC @ 1: 0.9207
Validation Data Eval:
  Num examples: 960  Num correct: 779  Precision @ 1: 0.8115  AUC @ 1: 0.8838
Test Data Eval:
  Num examples: 1856  Num correct: 1340  Precision @ 1: 0.7220  AUC @ 1: 0.7835
Step 1100: loss = 1.4266 (0.019 sec)
Training Data Eval:
  Num examples: 8960  Num correct: 7577  Precision @ 1: 0.8456  AUC @ 1: 0.9251
Validation Data Eval:
  Num examples: 960  Num correct: 785  Precision @ 1: 0.8177  AUC @ 1: 0.8831
Test Data Eval:
  Num examples: 1856  Num correct: 1335  Precision @ 1: 0.7193  AUC @ 1: 0.7890
Step 1200: loss = 1.3578 (0.018 sec)
Training Data Eval:
  Num examples: 8960  Num correct: 7747  Precision @ 1: 0.8646  AUC @ 1: 0.9364
Validation Data Eval:
  Num examples: 960  Num correct: 790  Precision @ 1: 0.8229  AUC @ 1: 0.8865
Test Data Eval:
  Num examples: 1856  Num correct: 1342  Precision @ 1: 0.7231  AUC @ 1: 0.7752
Step 1300: loss = 1.2804 (0.019 sec)
Training Data Eval:
  Num examples: 8960  Num correct: 7529  Precision @ 1: 0.8403  AUC @ 1: 0.9464
Validation Data Eval:
  Num examples: 960  Num correct: 749  Precision @ 1: 0.7802  AUC @ 1: 0.8809
Test Data Eval:
  Num examples: 1856  Num correct: 1299  Precision @ 1: 0.6999  AUC @ 1: 0.7684
Step 1400: loss = 1.2401 (0.104 sec)
Training Data Eval:
  Num examples: 8960  Num correct: 7896  Precision @ 1: 0.8812  AUC @ 1: 0.9528
Validation Data Eval:
  Num examples: 960  Num correct: 784  Precision @ 1: 0.8167  AUC @ 1: 0.8791
Test Data Eval:
  Num examples: 1856  Num correct: 1339  Precision @ 1: 0.7214  AUC @ 1: 0.7755
Step 1500: loss = 1.0357 (0.016 sec)
Training Data Eval:
  Num examples: 8960  Num correct: 7968  Precision @ 1: 0.8893  AUC @ 1: 0.9557
Validation Data Eval:
  Num examples: 960  Num correct: 777  Precision @ 1: 0.8094  AUC @ 1: 0.8816
Test Data Eval:
  Num examples: 1856  Num correct: 1287  Precision @ 1: 0.6934  AUC @ 1: 0.7676
Step 1600: loss = 1.2768 (0.020 sec)
Training Data Eval:
  Num examples: 8960  Num correct: 7969  Precision @ 1: 0.8894  AUC @ 1: 0.9673
Validation Data Eval:
  Num examples: 960  Num correct: 781  Precision @ 1: 0.8135  AUC @ 1: 0.8848
Test Data Eval:
  Num examples: 1856  Num correct: 1352  Precision @ 1: 0.7284  AUC @ 1: 0.7821
Step 1700: loss = 0.9037 (0.020 sec)
Training Data Eval:
  Num examples: 8960  Num correct: 8098  Precision @ 1: 0.9038  AUC @ 1: 0.9694
Validation Data Eval:
  Num examples: 960  Num correct: 766  Precision @ 1: 0.7979  AUC @ 1: 0.8782
Test Data Eval:
  Num examples: 1856  Num correct: 1298  Precision @ 1: 0.6994  AUC @ 1: 0.7625
Step 1800: loss = 0.9467 (0.015 sec)
Training Data Eval:
  Num examples: 8960  Num correct: 7843  Precision @ 1: 0.8753  AUC @ 1: 0.9662
Validation Data Eval:
  Num examples: 960  Num correct: 741  Precision @ 1: 0.7719  AUC @ 1: 0.8755
Test Data Eval:
  Num examples: 1856  Num correct: 1228  Precision @ 1: 0.6616  AUC @ 1: 0.7622
Step 1900: loss = 1.0338 (0.015 sec)
Training Data Eval:
  Num examples: 8960  Num correct: 8245  Precision @ 1: 0.9202  AUC @ 1: 0.9784
Validation Data Eval:
  Num examples: 960  Num correct: 766  Precision @ 1: 0.7979  AUC @ 1: 0.8775
Test Data Eval:
  Num examples: 1856  Num correct: 1306  Precision @ 1: 0.7037  AUC @ 1: 0.7714
Step 2000: loss = 0.7826 (0.015 sec)
Training Data Eval:
  Num examples: 8960  Num correct: 8355  Precision @ 1: 0.9325  AUC @ 1: 0.9861
Validation Data Eval:
  Num examples: 960  Num correct: 781  Precision @ 1: 0.8135  AUC @ 1: 0.8813
Test Data Eval:
  Num examples: 1856  Num correct: 1336  Precision @ 1: 0.7198  AUC @ 1: 0.7683
Step 2100: loss = 0.7906 (0.101 sec)
Training Data Eval:
  Num examples: 8960  Num correct: 8283  Precision @ 1: 0.9244  AUC @ 1: 0.9835
Validation Data Eval:
  Num examples: 960  Num correct: 766  Precision @ 1: 0.7979  AUC @ 1: 0.8764
Test Data Eval:
  Num examples: 1856  Num correct: 1298  Precision @ 1: 0.6994  AUC @ 1: 0.7632
Step 2200: loss = 0.8868 (0.019 sec)
Training Data Eval:
  Num examples: 8960  Num correct: 8394  Precision @ 1: 0.9368  AUC @ 1: 0.9861
Validation Data Eval:
  Num examples: 960  Num correct: 785  Precision @ 1: 0.8177  AUC @ 1: 0.8853
Test Data Eval:
  Num examples: 1856  Num correct: 1334  Precision @ 1: 0.7188  AUC @ 1: 0.7712
Step 2300: loss = 0.6281 (0.019 sec)
Training Data Eval:
  Num examples: 8960  Num correct: 8491  Precision @ 1: 0.9477  AUC @ 1: 0.9904
Validation Data Eval:
  Num examples: 960  Num correct: 781  Precision @ 1: 0.8135  AUC @ 1: 0.8792
Test Data Eval:
  Num examples: 1856  Num correct: 1287  Precision @ 1: 0.6934  AUC @ 1: 0.7665
Step 2400: loss = 0.6832 (0.020 sec)
Training Data Eval:
  Num examples: 8960  Num correct: 8295  Precision @ 1: 0.9258  AUC @ 1: 0.9856
Validation Data Eval:
  Num examples: 960  Num correct: 781  Precision @ 1: 0.8135  AUC @ 1: 0.8837
Test Data Eval:
  Num examples: 1856  Num correct: 1342  Precision @ 1: 0.7231  AUC @ 1: 0.7609
Step 2500: loss = 0.5847 (0.020 sec)
Training Data Eval:
  Num examples: 8960  Num correct: 8394  Precision @ 1: 0.9368  AUC @ 1: 0.9885
Validation Data Eval:
  Num examples: 960  Num correct: 774  Precision @ 1: 0.8063  AUC @ 1: 0.8663
Test Data Eval:
  Num examples: 1856  Num correct: 1331  Precision @ 1: 0.7171  AUC @ 1: 0.7728
Step 2600: loss = 0.7732 (0.020 sec)
Training Data Eval:
  Num examples: 8960  Num correct: 8586  Precision @ 1: 0.9583  AUC @ 1: 0.9919
Validation Data Eval:
  Num examples: 960  Num correct: 774  Precision @ 1: 0.8063  AUC @ 1: 0.8727
Test Data Eval:
  Num examples: 1856  Num correct: 1315  Precision @ 1: 0.7085  AUC @ 1: 0.7744
Step 2700: loss = 0.6902 (0.018 sec)
Training Data Eval:
  Num examples: 8960  Num correct: 8562  Precision @ 1: 0.9556  AUC @ 1: 0.9923
Validation Data Eval:
  Num examples: 960  Num correct: 779  Precision @ 1: 0.8115  AUC @ 1: 0.8687
Test Data Eval:
  Num examples: 1856  Num correct: 1293  Precision @ 1: 0.6967  AUC @ 1: 0.7763
Step 2800: loss = 0.7525 (0.097 sec)
Training Data Eval:
  Num examples: 8960  Num correct: 8485  Precision @ 1: 0.9470  AUC @ 1: 0.9912
Validation Data Eval:
  Num examples: 960  Num correct: 773  Precision @ 1: 0.8052  AUC @ 1: 0.8756
Test Data Eval:
  Num examples: 1856  Num correct: 1289  Precision @ 1: 0.6945  AUC @ 1: 0.7797
Step 2900: loss = 0.6423 (0.020 sec)
Training Data Eval:
  Num examples: 8960  Num correct: 8509  Precision @ 1: 0.9497  AUC @ 1: 0.9904
Validation Data Eval:
  Num examples: 960  Num correct: 760  Precision @ 1: 0.7917  AUC @ 1: 0.8760
Test Data Eval:
  Num examples: 1856  Num correct: 1255  Precision @ 1: 0.6762  AUC @ 1: 0.7605
Step 3000: loss = 0.5547 (0.020 sec)
Training Data Eval:
  Num examples: 8960  Num correct: 8546  Precision @ 1: 0.9538  AUC @ 1: 0.9945
Validation Data Eval:
  Num examples: 960  Num correct: 783  Precision @ 1: 0.8156  AUC @ 1: 0.8734
Test Data Eval:
  Num examples: 1856  Num correct: 1321  Precision @ 1: 0.7117  AUC @ 1: 0.7673
Step 3100: loss = 0.6245 (0.019 sec)
Training Data Eval:
  Num examples: 8960  Num correct: 8597  Precision @ 1: 0.9595  AUC @ 1: 0.9940
Validation Data Eval:
  Num examples: 960  Num correct: 769  Precision @ 1: 0.8010  AUC @ 1: 0.8729
Test Data Eval:
  Num examples: 1856  Num correct: 1303  Precision @ 1: 0.7020  AUC @ 1: 0.7648
Step 3200: loss = 0.7194 (0.019 sec)
Training Data Eval:
  Num examples: 8960  Num correct: 8610  Precision @ 1: 0.9609  AUC @ 1: 0.9962
Validation Data Eval:
  Num examples: 960  Num correct: 785  Precision @ 1: 0.8177  AUC @ 1: 0.8749
Test Data Eval:
  Num examples: 1856  Num correct: 1337  Precision @ 1: 0.7204  AUC @ 1: 0.7689
Step 3300: loss = 0.4737 (0.019 sec)
Training Data Eval:
  Num examples: 8960  Num correct: 8557  Precision @ 1: 0.9550  AUC @ 1: 0.9946
Validation Data Eval:
  Num examples: 960  Num correct: 775  Precision @ 1: 0.8073  AUC @ 1: 0.8696
Test Data Eval:
  Num examples: 1856  Num correct: 1270  Precision @ 1: 0.6843  AUC @ 1: 0.7579
Step 3400: loss = 0.5968 (0.018 sec)
Training Data Eval:
  Num examples: 8960  Num correct: 8559  Precision @ 1: 0.9552  AUC @ 1: 0.9951
Validation Data Eval:
  Num examples: 960  Num correct: 757  Precision @ 1: 0.7885  AUC @ 1: 0.8578
Test Data Eval:
  Num examples: 1856  Num correct: 1324  Precision @ 1: 0.7134  AUC @ 1: 0.7604
Step 3500: loss = 0.5435 (0.102 sec)
Training Data Eval:
  Num examples: 8960  Num correct: 8525  Precision @ 1: 0.9515  AUC @ 1: 0.9881
Validation Data Eval:
  Num examples: 960  Num correct: 767  Precision @ 1: 0.7990  AUC @ 1: 0.8745
Test Data Eval:
  Num examples: 1856  Num correct: 1295  Precision @ 1: 0.6977  AUC @ 1: 0.7506
Step 3600: loss = 0.5594 (0.019 sec)
Training Data Eval:
  Num examples: 8960  Num correct: 8592  Precision @ 1: 0.9589  AUC @ 1: 0.9949
Validation Data Eval:
  Num examples: 960  Num correct: 769  Precision @ 1: 0.8010  AUC @ 1: 0.8762
Test Data Eval:
  Num examples: 1856  Num correct: 1317  Precision @ 1: 0.7096  AUC @ 1: 0.7701
Step 3700: loss = 0.4534 (0.019 sec)
Training Data Eval:
  Num examples: 8960  Num correct: 8472  Precision @ 1: 0.9455  AUC @ 1: 0.9927
Validation Data Eval:
  Num examples: 960  Num correct: 747  Precision @ 1: 0.7781  AUC @ 1: 0.8740
Test Data Eval:
  Num examples: 1856  Num correct: 1248  Precision @ 1: 0.6724  AUC @ 1: 0.7678
Step 3800: loss = 0.4837 (0.019 sec)
Training Data Eval:
  Num examples: 8960  Num correct: 8642  Precision @ 1: 0.9645  AUC @ 1: 0.9964
Validation Data Eval:
  Num examples: 960  Num correct: 779  Precision @ 1: 0.8115  AUC @ 1: 0.8758
Test Data Eval:
  Num examples: 1856  Num correct: 1310  Precision @ 1: 0.7058  AUC @ 1: 0.7509
Step 3900: loss = 0.5730 (0.020 sec)
Training Data Eval:
  Num examples: 8960  Num correct: 8336  Precision @ 1: 0.9304  AUC @ 1: 0.9924
Validation Data Eval:
  Num examples: 960  Num correct: 753  Precision @ 1: 0.7844  AUC @ 1: 0.8678
Test Data Eval:
  Num examples: 1856  Num correct: 1343  Precision @ 1: 0.7236  AUC @ 1: 0.7729
Step 4000: loss = 0.4084 (0.018 sec)
Training Data Eval:
  Num examples: 8960  Num correct: 8549  Precision @ 1: 0.9541  AUC @ 1: 0.9944
Validation Data Eval:
  Num examples: 960  Num correct: 777  Precision @ 1: 0.8094  AUC @ 1: 0.8725
Test Data Eval:
  Num examples: 1856  Num correct: 1279  Precision @ 1: 0.6891  AUC @ 1: 0.7455
Step 4100: loss = 0.4809 (0.020 sec)
Training Data Eval:
  Num examples: 8960  Num correct: 8620  Precision @ 1: 0.9621  AUC @ 1: 0.9961
Validation Data Eval:
  Num examples: 960  Num correct: 781  Precision @ 1: 0.8135  AUC @ 1: 0.8732
Test Data Eval:
  Num examples: 1856  Num correct: 1329  Precision @ 1: 0.7161  AUC @ 1: 0.7593
Step 4200: loss = 0.5298 (0.104 sec)
Training Data Eval:
  Num examples: 8960  Num correct: 8637  Precision @ 1: 0.9640  AUC @ 1: 0.9960
Validation Data Eval:
  Num examples: 960  Num correct: 769  Precision @ 1: 0.8010  AUC @ 1: 0.8685
Test Data Eval:
  Num examples: 1856  Num correct: 1293  Precision @ 1: 0.6967  AUC @ 1: 0.7614
Step 4300: loss = 0.4379 (0.018 sec)
Training Data Eval:
  Num examples: 8960  Num correct: 8621  Precision @ 1: 0.9622  AUC @ 1: 0.9960
Validation Data Eval:
  Num examples: 960  Num correct: 776  Precision @ 1: 0.8083  AUC @ 1: 0.8763
Test Data Eval:
  Num examples: 1856  Num correct: 1304  Precision @ 1: 0.7026  AUC @ 1: 0.7584
Step 4400: loss = 0.4159 (0.020 sec)
Training Data Eval:
  Num examples: 8960  Num correct: 8628  Precision @ 1: 0.9629  AUC @ 1: 0.9958
Validation Data Eval:
  Num examples: 960  Num correct: 764  Precision @ 1: 0.7958  AUC @ 1: 0.8704
Test Data Eval:
  Num examples: 1856  Num correct: 1293  Precision @ 1: 0.6967  AUC @ 1: 0.7592
Step 4500: loss = 0.5436 (0.019 sec)
Training Data Eval:
  Num examples: 8960  Num correct: 8665  Precision @ 1: 0.9671  AUC @ 1: 0.9964
Validation Data Eval:
  Num examples: 960  Num correct: 769  Precision @ 1: 0.8010  AUC @ 1: 0.8652
Test Data Eval:
  Num examples: 1856  Num correct: 1308  Precision @ 1: 0.7047  AUC @ 1: 0.7515
Step 4600: loss = 0.4976 (0.019 sec)
Training Data Eval:
  Num examples: 8960  Num correct: 8606  Precision @ 1: 0.9605  AUC @ 1: 0.9957
Validation Data Eval:
  Num examples: 960  Num correct: 781  Precision @ 1: 0.8135  AUC @ 1: 0.8708
Test Data Eval:
  Num examples: 1856  Num correct: 1303  Precision @ 1: 0.7020  AUC @ 1: 0.7651
Step 4700: loss = 0.4554 (0.019 sec)
Training Data Eval:
  Num examples: 8960  Num correct: 8700  Precision @ 1: 0.9710  AUC @ 1: 0.9970
Validation Data Eval:
  Num examples: 960  Num correct: 775  Precision @ 1: 0.8073  AUC @ 1: 0.8723
Test Data Eval:
  Num examples: 1856  Num correct: 1288  Precision @ 1: 0.6940  AUC @ 1: 0.7610
Step 4800: loss = 0.3975 (0.018 sec)
Training Data Eval:
  Num examples: 8960  Num correct: 8722  Precision @ 1: 0.9734  AUC @ 1: 0.9979
Validation Data Eval:
  Num examples: 960  Num correct: 772  Precision @ 1: 0.8042  AUC @ 1: 0.8707
Test Data Eval:
  Num examples: 1856  Num correct: 1322  Precision @ 1: 0.7123  AUC @ 1: 0.7568
Step 4900: loss = 0.4258 (0.104 sec)
Training Data Eval:
  Num examples: 8960  Num correct: 8718  Precision @ 1: 0.9730  AUC @ 1: 0.9979
Validation Data Eval:
  Num examples: 960  Num correct: 781  Precision @ 1: 0.8135  AUC @ 1: 0.8683
Test Data Eval:
  Num examples: 1856  Num correct: 1307  Precision @ 1: 0.7042  AUC @ 1: 0.7602
Step 5000: loss = 0.3795 (0.020 sec)
Training Data Eval:
  Num examples: 8960  Num correct: 8621  Precision @ 1: 0.9622  AUC @ 1: 0.9966
Validation Data Eval:
  Num examples: 960  Num correct: 764  Precision @ 1: 0.7958  AUC @ 1: 0.8645
Test Data Eval:
  Num examples: 1856  Num correct: 1304  Precision @ 1: 0.7026  AUC @ 1: 0.7574
Step 5100: loss = 0.3933 (0.020 sec)
Training Data Eval:
  Num examples: 8960  Num correct: 8643  Precision @ 1: 0.9646  AUC @ 1: 0.9956
Validation Data Eval:
  Num examples: 960  Num correct: 780  Precision @ 1: 0.8125  AUC @ 1: 0.8618
Test Data Eval:
  Num examples: 1856  Num correct: 1328  Precision @ 1: 0.7155  AUC @ 1: 0.7623
Step 5200: loss = 0.3982 (0.019 sec)
Training Data Eval:
  Num examples: 8960  Num correct: 8671  Precision @ 1: 0.9677  AUC @ 1: 0.9966
Validation Data Eval:
  Num examples: 960  Num correct: 764  Precision @ 1: 0.7958  AUC @ 1: 0.8714
Test Data Eval:
  Num examples: 1856  Num correct: 1257  Precision @ 1: 0.6773  AUC @ 1: 0.7653
Step 5300: loss = 0.5231 (0.019 sec)
Training Data Eval:
  Num examples: 8960  Num correct: 8626  Precision @ 1: 0.9627  AUC @ 1: 0.9969
Validation Data Eval:
  Num examples: 960  Num correct: 765  Precision @ 1: 0.7969  AUC @ 1: 0.8667
Test Data Eval:
  Num examples: 1856  Num correct: 1342  Precision @ 1: 0.7231  AUC @ 1: 0.7767
Step 5400: loss = 0.4186 (0.018 sec)
Training Data Eval:
  Num examples: 8960  Num correct: 8642  Precision @ 1: 0.9645  AUC @ 1: 0.9967
Validation Data Eval:
  Num examples: 960  Num correct: 768  Precision @ 1: 0.8000  AUC @ 1: 0.8750
Test Data Eval:
  Num examples: 1856  Num correct: 1319  Precision @ 1: 0.7107  AUC @ 1: 0.7589
Step 5500: loss = 0.3216 (0.020 sec)
Training Data Eval:
  Num examples: 8960  Num correct: 8646  Precision @ 1: 0.9650  AUC @ 1: 0.9971
Validation Data Eval:
  Num examples: 960  Num correct: 763  Precision @ 1: 0.7948  AUC @ 1: 0.8713
Test Data Eval:
  Num examples: 1856  Num correct: 1324  Precision @ 1: 0.7134  AUC @ 1: 0.7620
Step 5600: loss = 0.3636 (0.105 sec)
Training Data Eval:
  Num examples: 8960  Num correct: 8626  Precision @ 1: 0.9627  AUC @ 1: 0.9957
Validation Data Eval:
  Num examples: 960  Num correct: 765  Precision @ 1: 0.7969  AUC @ 1: 0.8667
Test Data Eval:
  Num examples: 1856  Num correct: 1301  Precision @ 1: 0.7010  AUC @ 1: 0.7669
Step 5700: loss = 0.4567 (0.019 sec)
Training Data Eval:
  Num examples: 8960  Num correct: 8637  Precision @ 1: 0.9640  AUC @ 1: 0.9972
Validation Data Eval:
  Num examples: 960  Num correct: 765  Precision @ 1: 0.7969  AUC @ 1: 0.8635
Test Data Eval:
  Num examples: 1856  Num correct: 1338  Precision @ 1: 0.7209  AUC @ 1: 0.7594
Step 5800: loss = 0.4088 (0.020 sec)
Training Data Eval:
  Num examples: 8960  Num correct: 8653  Precision @ 1: 0.9657  AUC @ 1: 0.9968
Validation Data Eval:
  Num examples: 960  Num correct: 768  Precision @ 1: 0.8000  AUC @ 1: 0.8577
Test Data Eval:
  Num examples: 1856  Num correct: 1328  Precision @ 1: 0.7155  AUC @ 1: 0.7601
Step 5900: loss = 0.4105 (0.019 sec)
Training Data Eval:
  Num examples: 8960  Num correct: 8642  Precision @ 1: 0.9645  AUC @ 1: 0.9967
Validation Data Eval:
  Num examples: 960  Num correct: 774  Precision @ 1: 0.8063  AUC @ 1: 0.8683
Test Data Eval:
  Num examples: 1856  Num correct: 1290  Precision @ 1: 0.6950  AUC @ 1: 0.7510
Step 6000: loss = 0.3924 (0.020 sec)
Training Data Eval:
  Num examples: 8960  Num correct: 8683  Precision @ 1: 0.9691  AUC @ 1: 0.9971
Validation Data Eval:
  Num examples: 960  Num correct: 763  Precision @ 1: 0.7948  AUC @ 1: 0.8631
Test Data Eval:
  Num examples: 1856  Num correct: 1263  Precision @ 1: 0.6805  AUC @ 1: 0.7495
Step 6100: loss = 0.3436 (0.018 sec)
Training Data Eval:
  Num examples: 8960  Num correct: 8669  Precision @ 1: 0.9675  AUC @ 1: 0.9978
Validation Data Eval:
  Num examples: 960  Num correct: 760  Precision @ 1: 0.7917  AUC @ 1: 0.8555
Test Data Eval:
  Num examples: 1856  Num correct: 1259  Precision @ 1: 0.6783  AUC @ 1: 0.7345
Step 6200: loss = 0.3747 (0.020 sec)
Training Data Eval:
  Num examples: 8960  Num correct: 8640  Precision @ 1: 0.9643  AUC @ 1: 0.9963
Validation Data Eval:
  Num examples: 960  Num correct: 767  Precision @ 1: 0.7990  AUC @ 1: 0.8685
Test Data Eval:
  Num examples: 1856  Num correct: 1294  Precision @ 1: 0.6972  AUC @ 1: 0.7499
Step 6300: loss = 0.2942 (0.104 sec)
Training Data Eval:
  Num examples: 8960  Num correct: 8679  Precision @ 1: 0.9686  AUC @ 1: 0.9969
Validation Data Eval:
  Num examples: 960  Num correct: 762  Precision @ 1: 0.7937  AUC @ 1: 0.8688
Test Data Eval:
  Num examples: 1856  Num correct: 1258  Precision @ 1: 0.6778  AUC @ 1: 0.7518
Step 6400: loss = 0.4077 (0.020 sec)
Training Data Eval:
  Num examples: 8960  Num correct: 8611  Precision @ 1: 0.9610  AUC @ 1: 0.9975
Validation Data Eval:
  Num examples: 960  Num correct: 780  Precision @ 1: 0.8125  AUC @ 1: 0.8734
Test Data Eval:
  Num examples: 1856  Num correct: 1306  Precision @ 1: 0.7037  AUC @ 1: 0.7469
Step 6500: loss = 0.3217 (0.020 sec)
Training Data Eval:
  Num examples: 8960  Num correct: 8711  Precision @ 1: 0.9722  AUC @ 1: 0.9980
Validation Data Eval:
  Num examples: 960  Num correct: 785  Precision @ 1: 0.8177  AUC @ 1: 0.8764
Test Data Eval:
  Num examples: 1856  Num correct: 1289  Precision @ 1: 0.6945  AUC @ 1: 0.7491
Step 6600: loss = 0.4051 (0.020 sec)
Training Data Eval:
  Num examples: 8960  Num correct: 8619  Precision @ 1: 0.9619  AUC @ 1: 0.9956
Validation Data Eval:
  Num examples: 960  Num correct: 769  Precision @ 1: 0.8010  AUC @ 1: 0.8683
Test Data Eval:
  Num examples: 1856  Num correct: 1315  Precision @ 1: 0.7085  AUC @ 1: 0.7406
Step 6700: loss = 0.3370 (0.019 sec)
Training Data Eval:
  Num examples: 8960  Num correct: 8711  Precision @ 1: 0.9722  AUC @ 1: 0.9980
Validation Data Eval:
  Num examples: 960  Num correct: 778  Precision @ 1: 0.8104  AUC @ 1: 0.8670
Test Data Eval:
  Num examples: 1856  Num correct: 1324  Precision @ 1: 0.7134  AUC @ 1: 0.7527
Step 6800: loss = 0.3177 (0.019 sec)
Training Data Eval:
  Num examples: 8960  Num correct: 8611  Precision @ 1: 0.9610  AUC @ 1: 0.9966
Validation Data Eval:
  Num examples: 960  Num correct: 761  Precision @ 1: 0.7927  AUC @ 1: 0.8607
Test Data Eval:
  Num examples: 1856  Num correct: 1340  Precision @ 1: 0.7220  AUC @ 1: 0.7590
Step 6900: loss = 0.3185 (0.019 sec)
Training Data Eval:
  Num examples: 8960  Num correct: 8678  Precision @ 1: 0.9685  AUC @ 1: 0.9969
Validation Data Eval:
  Num examples: 960  Num correct: 764  Precision @ 1: 0.7958  AUC @ 1: 0.8619
Test Data Eval:
  Num examples: 1856  Num correct: 1276  Precision @ 1: 0.6875  AUC @ 1: 0.7324
Step 7000: loss = 0.3956 (0.098 sec)
Training Data Eval:
  Num examples: 8960  Num correct: 8620  Precision @ 1: 0.9621  AUC @ 1: 0.9967
Validation Data Eval:
  Num examples: 960  Num correct: 758  Precision @ 1: 0.7896  AUC @ 1: 0.8668
Test Data Eval:
  Num examples: 1856  Num correct: 1299  Precision @ 1: 0.6999  AUC @ 1: 0.7699
Step 7100: loss = 0.3434 (0.020 sec)
Training Data Eval:
  Num examples: 8960  Num correct: 8600  Precision @ 1: 0.9598  AUC @ 1: 0.9970
Validation Data Eval:
  Num examples: 960  Num correct: 754  Precision @ 1: 0.7854  AUC @ 1: 0.8544
Test Data Eval:
  Num examples: 1856  Num correct: 1335  Precision @ 1: 0.7193  AUC @ 1: 0.7613
Step 7200: loss = 0.3462 (0.019 sec)
Training Data Eval:
  Num examples: 8960  Num correct: 8710  Precision @ 1: 0.9721  AUC @ 1: 0.9980
Validation Data Eval:
  Num examples: 960  Num correct: 764  Precision @ 1: 0.7958  AUC @ 1: 0.8580
Test Data Eval:
  Num examples: 1856  Num correct: 1292  Precision @ 1: 0.6961  AUC @ 1: 0.7459
Step 7300: loss = 0.2953 (0.020 sec)
Training Data Eval:
  Num examples: 8960  Num correct: 8717  Precision @ 1: 0.9729  AUC @ 1: 0.9978
Validation Data Eval:
  Num examples: 960  Num correct: 774  Precision @ 1: 0.8063  AUC @ 1: 0.8656
Test Data Eval:
  Num examples: 1856  Num correct: 1307  Precision @ 1: 0.7042  AUC @ 1: 0.7471
Step 7400: loss = 0.4161 (0.019 sec)
Training Data Eval:
  Num examples: 8960  Num correct: 8710  Precision @ 1: 0.9721  AUC @ 1: 0.9970
Validation Data Eval:
  Num examples: 960  Num correct: 761  Precision @ 1: 0.7927  AUC @ 1: 0.8602
Test Data Eval:
  Num examples: 1856  Num correct: 1312  Precision @ 1: 0.7069  AUC @ 1: 0.7453
Step 7500: loss = 0.3657 (0.021 sec)
Training Data Eval:
  Num examples: 8960  Num correct: 8705  Precision @ 1: 0.9715  AUC @ 1: 0.9979
Validation Data Eval:
  Num examples: 960  Num correct: 755  Precision @ 1: 0.7865  AUC @ 1: 0.8589
Test Data Eval:
  Num examples: 1856  Num correct: 1269  Precision @ 1: 0.6837  AUC @ 1: 0.7492
Step 7600: loss = 0.3574 (0.019 sec)
Training Data Eval:
  Num examples: 8960  Num correct: 8683  Precision @ 1: 0.9691  AUC @ 1: 0.9978
Validation Data Eval:
  Num examples: 960  Num correct: 756  Precision @ 1: 0.7875  AUC @ 1: 0.8562
Test Data Eval:
  Num examples: 1856  Num correct: 1334  Precision @ 1: 0.7188  AUC @ 1: 0.7497
Step 7700: loss = 0.3174 (0.100 sec)
Training Data Eval:
  Num examples: 8960  Num correct: 8656  Precision @ 1: 0.9661  AUC @ 1: 0.9976
Validation Data Eval:
  Num examples: 960  Num correct: 753  Precision @ 1: 0.7844  AUC @ 1: 0.8488
Test Data Eval:
  Num examples: 1856  Num correct: 1285  Precision @ 1: 0.6923  AUC @ 1: 0.7420
Step 7800: loss = 0.3091 (0.019 sec)
Training Data Eval:
  Num examples: 8960  Num correct: 8626  Precision @ 1: 0.9627  AUC @ 1: 0.9962
Validation Data Eval:
  Num examples: 960  Num correct: 750  Precision @ 1: 0.7812  AUC @ 1: 0.8476
Test Data Eval:
  Num examples: 1856  Num correct: 1288  Precision @ 1: 0.6940  AUC @ 1: 0.7443
Step 7900: loss = 0.5361 (0.019 sec)
Training Data Eval:
  Num examples: 8960  Num correct: 8686  Precision @ 1: 0.9694  AUC @ 1: 0.9977
Validation Data Eval:
  Num examples: 960  Num correct: 752  Precision @ 1: 0.7833  AUC @ 1: 0.8528
Test Data Eval:
  Num examples: 1856  Num correct: 1326  Precision @ 1: 0.7144  AUC @ 1: 0.7582
Step 8000: loss = 0.4165 (0.019 sec)
Training Data Eval:
  Num examples: 8960  Num correct: 8715  Precision @ 1: 0.9727  AUC @ 1: 0.9978
Validation Data Eval:
  Num examples: 960  Num correct: 758  Precision @ 1: 0.7896  AUC @ 1: 0.8565
Test Data Eval:
  Num examples: 1856  Num correct: 1239  Precision @ 1: 0.6676  AUC @ 1: 0.7376
Step 8100: loss = 0.3882 (0.019 sec)
Training Data Eval:
  Num examples: 8960  Num correct: 8705  Precision @ 1: 0.9715  AUC @ 1: 0.9982
Validation Data Eval:
  Num examples: 960  Num correct: 763  Precision @ 1: 0.7948  AUC @ 1: 0.8612
Test Data Eval:
  Num examples: 1856  Num correct: 1282  Precision @ 1: 0.6907  AUC @ 1: 0.7412
Step 8200: loss = 0.4047 (0.018 sec)
Training Data Eval:
  Num examples: 8960  Num correct: 8661  Precision @ 1: 0.9666  AUC @ 1: 0.9967
Validation Data Eval:
  Num examples: 960  Num correct: 748  Precision @ 1: 0.7792  AUC @ 1: 0.8596
Test Data Eval:
  Num examples: 1856  Num correct: 1248  Precision @ 1: 0.6724  AUC @ 1: 0.7405
Step 8300: loss = 0.3522 (0.020 sec)
Training Data Eval:
  Num examples: 8960  Num correct: 8670  Precision @ 1: 0.9676  AUC @ 1: 0.9971
Validation Data Eval:
  Num examples: 960  Num correct: 766  Precision @ 1: 0.7979  AUC @ 1: 0.8625
Test Data Eval:
  Num examples: 1856  Num correct: 1262  Precision @ 1: 0.6800  AUC @ 1: 0.7473
Step 8400: loss = 0.4204 (0.102 sec)
Training Data Eval:
  Num examples: 8960  Num correct: 8753  Precision @ 1: 0.9769  AUC @ 1: 0.9983
Validation Data Eval:
  Num examples: 960  Num correct: 763  Precision @ 1: 0.7948  AUC @ 1: 0.8587
Test Data Eval:
  Num examples: 1856  Num correct: 1285  Precision @ 1: 0.6923  AUC @ 1: 0.7408
Step 8500: loss = 0.4832 (0.020 sec)
Training Data Eval:
  Num examples: 8960  Num correct: 8720  Precision @ 1: 0.9732  AUC @ 1: 0.9975
Validation Data Eval:
  Num examples: 960  Num correct: 762  Precision @ 1: 0.7937  AUC @ 1: 0.8583
Test Data Eval:
  Num examples: 1856  Num correct: 1294  Precision @ 1: 0.6972  AUC @ 1: 0.7544
Step 8600: loss = 0.4261 (0.015 sec)
Training Data Eval:
  Num examples: 8960  Num correct: 8723  Precision @ 1: 0.9735  AUC @ 1: 0.9978
Validation Data Eval:
  Num examples: 960  Num correct: 764  Precision @ 1: 0.7958  AUC @ 1: 0.8651
Test Data Eval:
  Num examples: 1856  Num correct: 1268  Precision @ 1: 0.6832  AUC @ 1: 0.7446
Step 8700: loss = 0.3225 (0.020 sec)
Training Data Eval:
  Num examples: 8960  Num correct: 8729  Precision @ 1: 0.9742  AUC @ 1: 0.9983
Validation Data Eval:
  Num examples: 960  Num correct: 755  Precision @ 1: 0.7865  AUC @ 1: 0.8584
Test Data Eval:
  Num examples: 1856  Num correct: 1279  Precision @ 1: 0.6891  AUC @ 1: 0.7486
Step 8800: loss = 0.3569 (0.019 sec)
Training Data Eval:
  Num examples: 8960  Num correct: 8710  Precision @ 1: 0.9721  AUC @ 1: 0.9982
Validation Data Eval:
  Num examples: 960  Num correct: 769  Precision @ 1: 0.8010  AUC @ 1: 0.8581
Test Data Eval:
  Num examples: 1856  Num correct: 1296  Precision @ 1: 0.6983  AUC @ 1: 0.7379
Step 8900: loss = 0.4122 (0.019 sec)
Training Data Eval:
  Num examples: 8960  Num correct: 8707  Precision @ 1: 0.9718  AUC @ 1: 0.9977
Validation Data Eval:
  Num examples: 960  Num correct: 761  Precision @ 1: 0.7927  AUC @ 1: 0.8610
Test Data Eval:
  Num examples: 1856  Num correct: 1265  Precision @ 1: 0.6816  AUC @ 1: 0.7456
Step 9000: loss = 0.3679 (0.019 sec)
Training Data Eval:
  Num examples: 8960  Num correct: 8669  Precision @ 1: 0.9675  AUC @ 1: 0.9981
Validation Data Eval:
  Num examples: 960  Num correct: 756  Precision @ 1: 0.7875  AUC @ 1: 0.8545
Test Data Eval:
  Num examples: 1856  Num correct: 1290  Precision @ 1: 0.6950  AUC @ 1: 0.7400
Step 9100: loss = 0.4099 (0.108 sec)
Training Data Eval:
  Num examples: 8960  Num correct: 8688  Precision @ 1: 0.9696  AUC @ 1: 0.9977
Validation Data Eval:
  Num examples: 960  Num correct: 757  Precision @ 1: 0.7885  AUC @ 1: 0.8549
Test Data Eval:
  Num examples: 1856  Num correct: 1274  Precision @ 1: 0.6864  AUC @ 1: 0.7478
Step 9200: loss = 0.4552 (0.020 sec)
Training Data Eval:
  Num examples: 8960  Num correct: 8687  Precision @ 1: 0.9695  AUC @ 1: 0.9977
Validation Data Eval:
  Num examples: 960  Num correct: 755  Precision @ 1: 0.7865  AUC @ 1: 0.8538
Test Data Eval:
  Num examples: 1856  Num correct: 1237  Precision @ 1: 0.6665  AUC @ 1: 0.7372
Step 9300: loss = 0.3453 (0.020 sec)
Training Data Eval:
  Num examples: 8960  Num correct: 8554  Precision @ 1: 0.9547  AUC @ 1: 0.9961
Validation Data Eval:
  Num examples: 960  Num correct: 740  Precision @ 1: 0.7708  AUC @ 1: 0.8539
Test Data Eval:
  Num examples: 1856  Num correct: 1306  Precision @ 1: 0.7037  AUC @ 1: 0.7458
Step 9400: loss = 0.6615 (0.017 sec)
Training Data Eval:
  Num examples: 8960  Num correct: 8711  Precision @ 1: 0.9722  AUC @ 1: 0.9980
Validation Data Eval:
  Num examples: 960  Num correct: 753  Precision @ 1: 0.7844  AUC @ 1: 0.8502
Test Data Eval:
  Num examples: 1856  Num correct: 1315  Precision @ 1: 0.7085  AUC @ 1: 0.7418
Step 9500: loss = 0.3450 (0.019 sec)
Training Data Eval:
  Num examples: 8960  Num correct: 8635  Precision @ 1: 0.9637  AUC @ 1: 0.9958
Validation Data Eval:
  Num examples: 960  Num correct: 747  Precision @ 1: 0.7781  AUC @ 1: 0.8580
Test Data Eval:
  Num examples: 1856  Num correct: 1239  Precision @ 1: 0.6676  AUC @ 1: 0.7386
Step 9600: loss = 0.4273 (0.018 sec)
Training Data Eval:
  Num examples: 8960  Num correct: 8672  Precision @ 1: 0.9679  AUC @ 1: 0.9966
Validation Data Eval:
  Num examples: 960  Num correct: 744  Precision @ 1: 0.7750  AUC @ 1: 0.8501
Test Data Eval:
  Num examples: 1856  Num correct: 1274  Precision @ 1: 0.6864  AUC @ 1: 0.7475
Step 9700: loss = 0.3566 (0.019 sec)
Training Data Eval:
  Num examples: 8960  Num correct: 8666  Precision @ 1: 0.9672  AUC @ 1: 0.9974
Validation Data Eval:
  Num examples: 960  Num correct: 756  Precision @ 1: 0.7875  AUC @ 1: 0.8557
Test Data Eval:
  Num examples: 1856  Num correct: 1275  Precision @ 1: 0.6870  AUC @ 1: 0.7381
Step 9800: loss = 0.2939 (0.107 sec)
Training Data Eval:
  Num examples: 8960  Num correct: 8714  Precision @ 1: 0.9725  AUC @ 1: 0.9977
Validation Data Eval:
  Num examples: 960  Num correct: 763  Precision @ 1: 0.7948  AUC @ 1: 0.8622
Test Data Eval:
  Num examples: 1856  Num correct: 1310  Precision @ 1: 0.7058  AUC @ 1: 0.7636
Step 9900: loss = 0.3704 (0.020 sec)
Training Data Eval:
  Num examples: 8960  Num correct: 8689  Precision @ 1: 0.9698  AUC @ 1: 0.9967
Validation Data Eval:
  Num examples: 960  Num correct: 755  Precision @ 1: 0.7865  AUC @ 1: 0.8603
Test Data Eval:
  Num examples: 1856  Num correct: 1281  Precision @ 1: 0.6902  AUC @ 1: 0.7534
