Training data shape: 	(10000, 64, 64, 1)
Training label shape:	(10000,)
Testing data shape:  	(1910, 64, 64, 1)
Testing label shape: 	(1910,)
max input value is: 153.458
min input value is: -104.189
random permuted training data
==============================================================================
Model: 			inference_global_t_cnn
Tensor Name: 	Placeholder:0
[64, 64, 64, 1]
==============================================================================
Tensor Name: conv1/conv1:0
[64, 64, 1, 8]
==============================================================================
Tensor Name: local1/local1:0
[64, 128]
==============================================================================
Tensor Name: local2/local2:0
[64, 128]
==============================================================================
Tensor Name: softmax_linear/softmax_linear:0
[64, 2]
Step 0: loss = 0.8965 (0.019 sec)
Training Data Eval:
  Num examples: 8960  Num correct: 5034  Precision @ 1: 0.5618  AUC @ 1: 0.7099
Validation Data Eval:
  Num examples: 960  Num correct: 514  Precision @ 1: 0.5354  AUC @ 1: 0.6902
Test Data Eval:
  Num examples: 1856  Num correct: 1063  Precision @ 1: 0.5727  AUC @ 1: 0.6274
Step 100: loss = 0.8452 (0.009 sec)
Training Data Eval:
  Num examples: 8960  Num correct: 6589  Precision @ 1: 0.7354  AUC @ 1: 0.7831
Validation Data Eval:
  Num examples: 960  Num correct: 682  Precision @ 1: 0.7104  AUC @ 1: 0.7611
Test Data Eval:
  Num examples: 1856  Num correct: 1228  Precision @ 1: 0.6616  AUC @ 1: 0.6893
Step 200: loss = 0.7787 (0.011 sec)
Training Data Eval:
  Num examples: 8960  Num correct: 6887  Precision @ 1: 0.7686  AUC @ 1: 0.8297
Validation Data Eval:
  Num examples: 960  Num correct: 710  Precision @ 1: 0.7396  AUC @ 1: 0.8013
Test Data Eval:
  Num examples: 1856  Num correct: 1280  Precision @ 1: 0.6897  AUC @ 1: 0.7485
Step 300: loss = 0.6153 (0.010 sec)
Training Data Eval:
  Num examples: 8960  Num correct: 7207  Precision @ 1: 0.8044  AUC @ 1: 0.8659
Validation Data Eval:
  Num examples: 960  Num correct: 742  Precision @ 1: 0.7729  AUC @ 1: 0.8305
Test Data Eval:
  Num examples: 1856  Num correct: 1343  Precision @ 1: 0.7236  AUC @ 1: 0.7583
Step 400: loss = 0.5934 (0.011 sec)
Training Data Eval:
  Num examples: 8960  Num correct: 7265  Precision @ 1: 0.8108  AUC @ 1: 0.8792
Validation Data Eval:
  Num examples: 960  Num correct: 744  Precision @ 1: 0.7750  AUC @ 1: 0.8461
Test Data Eval:
  Num examples: 1856  Num correct: 1350  Precision @ 1: 0.7274  AUC @ 1: 0.7776
Step 500: loss = 0.4243 (0.012 sec)
Training Data Eval:
  Num examples: 8960  Num correct: 7413  Precision @ 1: 0.8273  AUC @ 1: 0.8903
Validation Data Eval:
  Num examples: 960  Num correct: 742  Precision @ 1: 0.7729  AUC @ 1: 0.8473
Test Data Eval:
  Num examples: 1856  Num correct: 1368  Precision @ 1: 0.7371  AUC @ 1: 0.7862
Step 600: loss = 0.4975 (0.010 sec)
Training Data Eval:
  Num examples: 8960  Num correct: 7375  Precision @ 1: 0.8231  AUC @ 1: 0.9010
Validation Data Eval:
  Num examples: 960  Num correct: 754  Precision @ 1: 0.7854  AUC @ 1: 0.8499
Test Data Eval:
  Num examples: 1856  Num correct: 1371  Precision @ 1: 0.7387  AUC @ 1: 0.7889
Step 700: loss = 0.6257 (0.094 sec)
Training Data Eval:
  Num examples: 8960  Num correct: 7461  Precision @ 1: 0.8327  AUC @ 1: 0.9030
Validation Data Eval:
  Num examples: 960  Num correct: 764  Precision @ 1: 0.7958  AUC @ 1: 0.8551
Test Data Eval:
  Num examples: 1856  Num correct: 1361  Precision @ 1: 0.7333  AUC @ 1: 0.7839
Step 800: loss = 0.4250 (0.011 sec)
Training Data Eval:
  Num examples: 8960  Num correct: 7504  Precision @ 1: 0.8375  AUC @ 1: 0.9043
Validation Data Eval:
  Num examples: 960  Num correct: 758  Precision @ 1: 0.7896  AUC @ 1: 0.8589
Test Data Eval:
  Num examples: 1856  Num correct: 1352  Precision @ 1: 0.7284  AUC @ 1: 0.7912
Step 900: loss = 0.4692 (0.011 sec)
Training Data Eval:
  Num examples: 8960  Num correct: 7582  Precision @ 1: 0.8462  AUC @ 1: 0.9125
Validation Data Eval:
  Num examples: 960  Num correct: 759  Precision @ 1: 0.7906  AUC @ 1: 0.8578
Test Data Eval:
  Num examples: 1856  Num correct: 1364  Precision @ 1: 0.7349  AUC @ 1: 0.7832
Step 1000: loss = 0.5148 (0.011 sec)
Training Data Eval:
  Num examples: 8960  Num correct: 7631  Precision @ 1: 0.8517  AUC @ 1: 0.9143
Validation Data Eval:
  Num examples: 960  Num correct: 767  Precision @ 1: 0.7990  AUC @ 1: 0.8680
Test Data Eval:
  Num examples: 1856  Num correct: 1361  Precision @ 1: 0.7333  AUC @ 1: 0.7914
Step 1100: loss = 0.5455 (0.010 sec)
Training Data Eval:
  Num examples: 8960  Num correct: 7458  Precision @ 1: 0.8324  AUC @ 1: 0.9184
Validation Data Eval:
  Num examples: 960  Num correct: 762  Precision @ 1: 0.7937  AUC @ 1: 0.8659
Test Data Eval:
  Num examples: 1856  Num correct: 1379  Precision @ 1: 0.7430  AUC @ 1: 0.7868
Step 1200: loss = 0.5966 (0.011 sec)
Training Data Eval:
  Num examples: 8960  Num correct: 7638  Precision @ 1: 0.8525  AUC @ 1: 0.9213
Validation Data Eval:
  Num examples: 960  Num correct: 755  Precision @ 1: 0.7865  AUC @ 1: 0.8669
Test Data Eval:
  Num examples: 1856  Num correct: 1357  Precision @ 1: 0.7311  AUC @ 1: 0.7765
Step 1300: loss = 0.3401 (0.011 sec)
Training Data Eval:
  Num examples: 8960  Num correct: 7602  Precision @ 1: 0.8484  AUC @ 1: 0.9248
Validation Data Eval:
  Num examples: 960  Num correct: 755  Precision @ 1: 0.7865  AUC @ 1: 0.8641
Test Data Eval:
  Num examples: 1856  Num correct: 1371  Precision @ 1: 0.7387  AUC @ 1: 0.7798
Step 1400: loss = 0.4994 (0.094 sec)
Training Data Eval:
  Num examples: 8960  Num correct: 7754  Precision @ 1: 0.8654  AUC @ 1: 0.9296
Validation Data Eval:
  Num examples: 960  Num correct: 761  Precision @ 1: 0.7927  AUC @ 1: 0.8684
Test Data Eval:
  Num examples: 1856  Num correct: 1375  Precision @ 1: 0.7408  AUC @ 1: 0.7843
Step 1500: loss = 0.4789 (0.011 sec)
Training Data Eval:
  Num examples: 8960  Num correct: 7695  Precision @ 1: 0.8588  AUC @ 1: 0.9262
Validation Data Eval:
  Num examples: 960  Num correct: 766  Precision @ 1: 0.7979  AUC @ 1: 0.8710
Test Data Eval:
  Num examples: 1856  Num correct: 1355  Precision @ 1: 0.7301  AUC @ 1: 0.7893
Step 1600: loss = 0.4690 (0.010 sec)
Training Data Eval:
  Num examples: 8960  Num correct: 7833  Precision @ 1: 0.8742  AUC @ 1: 0.9389
Validation Data Eval:
  Num examples: 960  Num correct: 760  Precision @ 1: 0.7917  AUC @ 1: 0.8698
Test Data Eval:
  Num examples: 1856  Num correct: 1361  Precision @ 1: 0.7333  AUC @ 1: 0.7890
Step 1700: loss = 0.3717 (0.010 sec)
Training Data Eval:
  Num examples: 8960  Num correct: 7711  Precision @ 1: 0.8606  AUC @ 1: 0.9330
Validation Data Eval:
  Num examples: 960  Num correct: 761  Precision @ 1: 0.7927  AUC @ 1: 0.8743
Test Data Eval:
  Num examples: 1856  Num correct: 1295  Precision @ 1: 0.6977  AUC @ 1: 0.7848
Step 1800: loss = 0.5116 (0.011 sec)
Training Data Eval:
  Num examples: 8960  Num correct: 7809  Precision @ 1: 0.8715  AUC @ 1: 0.9416
Validation Data Eval:
  Num examples: 960  Num correct: 766  Precision @ 1: 0.7979  AUC @ 1: 0.8699
Test Data Eval:
  Num examples: 1856  Num correct: 1379  Precision @ 1: 0.7430  AUC @ 1: 0.7813
Step 1900: loss = 0.5158 (0.011 sec)
Training Data Eval:
  Num examples: 8960  Num correct: 7871  Precision @ 1: 0.8785  AUC @ 1: 0.9434
Validation Data Eval:
  Num examples: 960  Num correct: 763  Precision @ 1: 0.7948  AUC @ 1: 0.8693
Test Data Eval:
  Num examples: 1856  Num correct: 1389  Precision @ 1: 0.7484  AUC @ 1: 0.7828
Step 2000: loss = 0.2894 (0.010 sec)
Training Data Eval:
  Num examples: 8960  Num correct: 7794  Precision @ 1: 0.8699  AUC @ 1: 0.9471
Validation Data Eval:
  Num examples: 960  Num correct: 766  Precision @ 1: 0.7979  AUC @ 1: 0.8647
Test Data Eval:
  Num examples: 1856  Num correct: 1375  Precision @ 1: 0.7408  AUC @ 1: 0.7775
Step 2100: loss = 0.3434 (0.089 sec)
Training Data Eval:
  Num examples: 8960  Num correct: 7875  Precision @ 1: 0.8789  AUC @ 1: 0.9467
Validation Data Eval:
  Num examples: 960  Num correct: 773  Precision @ 1: 0.8052  AUC @ 1: 0.8733
Test Data Eval:
  Num examples: 1856  Num correct: 1371  Precision @ 1: 0.7387  AUC @ 1: 0.7953
Step 2200: loss = 0.3219 (0.012 sec)
Training Data Eval:
  Num examples: 8960  Num correct: 7936  Precision @ 1: 0.8857  AUC @ 1: 0.9484
Validation Data Eval:
  Num examples: 960  Num correct: 755  Precision @ 1: 0.7865  AUC @ 1: 0.8661
Test Data Eval:
  Num examples: 1856  Num correct: 1337  Precision @ 1: 0.7204  AUC @ 1: 0.7774
Step 2300: loss = 0.3729 (0.011 sec)
Training Data Eval:
  Num examples: 8960  Num correct: 7885  Precision @ 1: 0.8800  AUC @ 1: 0.9469
Validation Data Eval:
  Num examples: 960  Num correct: 759  Precision @ 1: 0.7906  AUC @ 1: 0.8703
Test Data Eval:
  Num examples: 1856  Num correct: 1337  Precision @ 1: 0.7204  AUC @ 1: 0.7856
Step 2400: loss = 0.3953 (0.012 sec)
Training Data Eval:
  Num examples: 8960  Num correct: 8031  Precision @ 1: 0.8963  AUC @ 1: 0.9581
Validation Data Eval:
  Num examples: 960  Num correct: 767  Precision @ 1: 0.7990  AUC @ 1: 0.8762
Test Data Eval:
  Num examples: 1856  Num correct: 1363  Precision @ 1: 0.7344  AUC @ 1: 0.7799
Step 2500: loss = 0.3840 (0.010 sec)
Training Data Eval:
  Num examples: 8960  Num correct: 7943  Precision @ 1: 0.8865  AUC @ 1: 0.9510
Validation Data Eval:
  Num examples: 960  Num correct: 752  Precision @ 1: 0.7833  AUC @ 1: 0.8629
Test Data Eval:
  Num examples: 1856  Num correct: 1359  Precision @ 1: 0.7322  AUC @ 1: 0.7684
Step 2600: loss = 0.4590 (0.011 sec)
Training Data Eval:
  Num examples: 8960  Num correct: 7963  Precision @ 1: 0.8887  AUC @ 1: 0.9579
Validation Data Eval:
  Num examples: 960  Num correct: 755  Precision @ 1: 0.7865  AUC @ 1: 0.8665
Test Data Eval:
  Num examples: 1856  Num correct: 1349  Precision @ 1: 0.7268  AUC @ 1: 0.7791
Step 2700: loss = 0.3382 (0.010 sec)
Training Data Eval:
  Num examples: 8960  Num correct: 8039  Precision @ 1: 0.8972  AUC @ 1: 0.9650
Validation Data Eval:
  Num examples: 960  Num correct: 747  Precision @ 1: 0.7781  AUC @ 1: 0.8605
Test Data Eval:
  Num examples: 1856  Num correct: 1373  Precision @ 1: 0.7398  AUC @ 1: 0.7805
Step 2800: loss = 0.3650 (0.096 sec)
Training Data Eval:
  Num examples: 8960  Num correct: 8055  Precision @ 1: 0.8990  AUC @ 1: 0.9598
Validation Data Eval:
  Num examples: 960  Num correct: 755  Precision @ 1: 0.7865  AUC @ 1: 0.8667
Test Data Eval:
  Num examples: 1856  Num correct: 1327  Precision @ 1: 0.7150  AUC @ 1: 0.7725
Step 2900: loss = 0.4138 (0.010 sec)
Training Data Eval:
  Num examples: 8960  Num correct: 8014  Precision @ 1: 0.8944  AUC @ 1: 0.9589
Validation Data Eval:
  Num examples: 960  Num correct: 749  Precision @ 1: 0.7802  AUC @ 1: 0.8587
Test Data Eval:
  Num examples: 1856  Num correct: 1301  Precision @ 1: 0.7010  AUC @ 1: 0.7756
Step 3000: loss = 0.3274 (0.011 sec)
Training Data Eval:
  Num examples: 8960  Num correct: 8060  Precision @ 1: 0.8996  AUC @ 1: 0.9627
Validation Data Eval:
  Num examples: 960  Num correct: 762  Precision @ 1: 0.7937  AUC @ 1: 0.8608
Test Data Eval:
  Num examples: 1856  Num correct: 1317  Precision @ 1: 0.7096  AUC @ 1: 0.7608
Step 3100: loss = 0.3372 (0.010 sec)
Training Data Eval:
  Num examples: 8960  Num correct: 8138  Precision @ 1: 0.9083  AUC @ 1: 0.9708
Validation Data Eval:
  Num examples: 960  Num correct: 752  Precision @ 1: 0.7833  AUC @ 1: 0.8587
Test Data Eval:
  Num examples: 1856  Num correct: 1349  Precision @ 1: 0.7268  AUC @ 1: 0.7625
Step 3200: loss = 0.3418 (0.011 sec)
Training Data Eval:
  Num examples: 8960  Num correct: 8226  Precision @ 1: 0.9181  AUC @ 1: 0.9701
Validation Data Eval:
  Num examples: 960  Num correct: 761  Precision @ 1: 0.7927  AUC @ 1: 0.8615
Test Data Eval:
  Num examples: 1856  Num correct: 1326  Precision @ 1: 0.7144  AUC @ 1: 0.7759
Step 3300: loss = 0.3221 (0.010 sec)
Training Data Eval:
  Num examples: 8960  Num correct: 8113  Precision @ 1: 0.9055  AUC @ 1: 0.9671
Validation Data Eval:
  Num examples: 960  Num correct: 757  Precision @ 1: 0.7885  AUC @ 1: 0.8637
Test Data Eval:
  Num examples: 1856  Num correct: 1348  Precision @ 1: 0.7263  AUC @ 1: 0.7752
Step 3400: loss = 0.4118 (0.010 sec)
Training Data Eval:
  Num examples: 8960  Num correct: 8256  Precision @ 1: 0.9214  AUC @ 1: 0.9730
Validation Data Eval:
  Num examples: 960  Num correct: 761  Precision @ 1: 0.7927  AUC @ 1: 0.8629
Test Data Eval:
  Num examples: 1856  Num correct: 1339  Precision @ 1: 0.7214  AUC @ 1: 0.7735
Step 3500: loss = 0.3256 (0.095 sec)
Training Data Eval:
  Num examples: 8960  Num correct: 7974  Precision @ 1: 0.8900  AUC @ 1: 0.9715
Validation Data Eval:
  Num examples: 960  Num correct: 748  Precision @ 1: 0.7792  AUC @ 1: 0.8604
Test Data Eval:
  Num examples: 1856  Num correct: 1380  Precision @ 1: 0.7435  AUC @ 1: 0.7725
Step 3600: loss = 0.3467 (0.010 sec)
Training Data Eval:
  Num examples: 8960  Num correct: 8287  Precision @ 1: 0.9249  AUC @ 1: 0.9749
Validation Data Eval:
  Num examples: 960  Num correct: 764  Precision @ 1: 0.7958  AUC @ 1: 0.8654
Test Data Eval:
  Num examples: 1856  Num correct: 1308  Precision @ 1: 0.7047  AUC @ 1: 0.7762
Step 3700: loss = 0.3239 (0.011 sec)
Training Data Eval:
  Num examples: 8960  Num correct: 8213  Precision @ 1: 0.9166  AUC @ 1: 0.9750
Validation Data Eval:
  Num examples: 960  Num correct: 751  Precision @ 1: 0.7823  AUC @ 1: 0.8644
Test Data Eval:
  Num examples: 1856  Num correct: 1285  Precision @ 1: 0.6923  AUC @ 1: 0.7688
Step 3800: loss = 0.2806 (0.011 sec)
Training Data Eval:
  Num examples: 8960  Num correct: 8164  Precision @ 1: 0.9112  AUC @ 1: 0.9775
Validation Data Eval:
  Num examples: 960  Num correct: 738  Precision @ 1: 0.7688  AUC @ 1: 0.8602
Test Data Eval:
  Num examples: 1856  Num correct: 1346  Precision @ 1: 0.7252  AUC @ 1: 0.7684
Step 3900: loss = 0.3179 (0.011 sec)
Training Data Eval:
  Num examples: 8960  Num correct: 8172  Precision @ 1: 0.9121  AUC @ 1: 0.9782
Validation Data Eval:
  Num examples: 960  Num correct: 753  Precision @ 1: 0.7844  AUC @ 1: 0.8612
Test Data Eval:
  Num examples: 1856  Num correct: 1354  Precision @ 1: 0.7295  AUC @ 1: 0.7788
Step 4000: loss = 0.4106 (0.011 sec)
Training Data Eval:
  Num examples: 8960  Num correct: 8280  Precision @ 1: 0.9241  AUC @ 1: 0.9748
Validation Data Eval:
  Num examples: 960  Num correct: 757  Precision @ 1: 0.7885  AUC @ 1: 0.8600
Test Data Eval:
  Num examples: 1856  Num correct: 1315  Precision @ 1: 0.7085  AUC @ 1: 0.7845
Step 4100: loss = 0.3261 (0.011 sec)
Training Data Eval:
  Num examples: 8960  Num correct: 8294  Precision @ 1: 0.9257  AUC @ 1: 0.9782
Validation Data Eval:
  Num examples: 960  Num correct: 746  Precision @ 1: 0.7771  AUC @ 1: 0.8671
Test Data Eval:
  Num examples: 1856  Num correct: 1337  Precision @ 1: 0.7204  AUC @ 1: 0.7763
Step 4200: loss = 0.4100 (0.096 sec)
Training Data Eval:
  Num examples: 8960  Num correct: 8220  Precision @ 1: 0.9174  AUC @ 1: 0.9760
Validation Data Eval:
  Num examples: 960  Num correct: 749  Precision @ 1: 0.7802  AUC @ 1: 0.8578
Test Data Eval:
  Num examples: 1856  Num correct: 1305  Precision @ 1: 0.7031  AUC @ 1: 0.7753
Step 4300: loss = 0.3164 (0.010 sec)
Training Data Eval:
  Num examples: 8960  Num correct: 8298  Precision @ 1: 0.9261  AUC @ 1: 0.9786
Validation Data Eval:
  Num examples: 960  Num correct: 763  Precision @ 1: 0.7948  AUC @ 1: 0.8624
Test Data Eval:
  Num examples: 1856  Num correct: 1333  Precision @ 1: 0.7182  AUC @ 1: 0.7793
Step 4400: loss = 0.2849 (0.011 sec)
Training Data Eval:
  Num examples: 8960  Num correct: 8365  Precision @ 1: 0.9336  AUC @ 1: 0.9812
Validation Data Eval:
  Num examples: 960  Num correct: 761  Precision @ 1: 0.7927  AUC @ 1: 0.8714
Test Data Eval:
  Num examples: 1856  Num correct: 1320  Precision @ 1: 0.7112  AUC @ 1: 0.7778
Step 4500: loss = 0.3208 (0.011 sec)
Training Data Eval:
  Num examples: 8960  Num correct: 8410  Precision @ 1: 0.9386  AUC @ 1: 0.9844
Validation Data Eval:
  Num examples: 960  Num correct: 748  Precision @ 1: 0.7792  AUC @ 1: 0.8622
Test Data Eval:
  Num examples: 1856  Num correct: 1294  Precision @ 1: 0.6972  AUC @ 1: 0.7740
Step 4600: loss = 0.3236 (0.010 sec)
Training Data Eval:
  Num examples: 8960  Num correct: 8254  Precision @ 1: 0.9212  AUC @ 1: 0.9804
Validation Data Eval:
  Num examples: 960  Num correct: 749  Precision @ 1: 0.7802  AUC @ 1: 0.8546
Test Data Eval:
  Num examples: 1856  Num correct: 1354  Precision @ 1: 0.7295  AUC @ 1: 0.7703
Step 4700: loss = 0.3548 (0.011 sec)
Training Data Eval:
  Num examples: 8960  Num correct: 8396  Precision @ 1: 0.9371  AUC @ 1: 0.9837
Validation Data Eval:
  Num examples: 960  Num correct: 759  Precision @ 1: 0.7906  AUC @ 1: 0.8590
Test Data Eval:
  Num examples: 1856  Num correct: 1323  Precision @ 1: 0.7128  AUC @ 1: 0.7723
Step 4800: loss = 0.2780 (0.010 sec)
Training Data Eval:
  Num examples: 8960  Num correct: 8484  Precision @ 1: 0.9469  AUC @ 1: 0.9898
Validation Data Eval:
  Num examples: 960  Num correct: 761  Precision @ 1: 0.7927  AUC @ 1: 0.8591
Test Data Eval:
  Num examples: 1856  Num correct: 1340  Precision @ 1: 0.7220  AUC @ 1: 0.7663
Step 4900: loss = 0.2211 (0.096 sec)
Training Data Eval:
  Num examples: 8960  Num correct: 8338  Precision @ 1: 0.9306  AUC @ 1: 0.9854
Validation Data Eval:
  Num examples: 960  Num correct: 767  Precision @ 1: 0.7990  AUC @ 1: 0.8658
Test Data Eval:
  Num examples: 1856  Num correct: 1353  Precision @ 1: 0.7290  AUC @ 1: 0.7703
Step 5000: loss = 0.4149 (0.011 sec)
Training Data Eval:
  Num examples: 8960  Num correct: 8394  Precision @ 1: 0.9368  AUC @ 1: 0.9844
Validation Data Eval:
  Num examples: 960  Num correct: 729  Precision @ 1: 0.7594  AUC @ 1: 0.8570
Test Data Eval:
  Num examples: 1856  Num correct: 1264  Precision @ 1: 0.6810  AUC @ 1: 0.7664
Step 5100: loss = 0.3867 (0.011 sec)
Training Data Eval:
  Num examples: 8960  Num correct: 8293  Precision @ 1: 0.9256  AUC @ 1: 0.9861
Validation Data Eval:
  Num examples: 960  Num correct: 743  Precision @ 1: 0.7740  AUC @ 1: 0.8568
Test Data Eval:
  Num examples: 1856  Num correct: 1357  Precision @ 1: 0.7311  AUC @ 1: 0.7655
Step 5200: loss = 0.4208 (0.011 sec)
Training Data Eval:
  Num examples: 8960  Num correct: 8450  Precision @ 1: 0.9431  AUC @ 1: 0.9858
Validation Data Eval:
  Num examples: 960  Num correct: 757  Precision @ 1: 0.7885  AUC @ 1: 0.8609
Test Data Eval:
  Num examples: 1856  Num correct: 1301  Precision @ 1: 0.7010  AUC @ 1: 0.7635
Step 5300: loss = 0.3558 (0.010 sec)
Training Data Eval:
  Num examples: 8960  Num correct: 8363  Precision @ 1: 0.9334  AUC @ 1: 0.9859
Validation Data Eval:
  Num examples: 960  Num correct: 762  Precision @ 1: 0.7937  AUC @ 1: 0.8606
Test Data Eval:
  Num examples: 1856  Num correct: 1348  Precision @ 1: 0.7263  AUC @ 1: 0.7671
Step 5400: loss = 0.2818 (0.010 sec)
Training Data Eval:
  Num examples: 8960  Num correct: 8338  Precision @ 1: 0.9306  AUC @ 1: 0.9855
Validation Data Eval:
  Num examples: 960  Num correct: 749  Precision @ 1: 0.7802  AUC @ 1: 0.8542
Test Data Eval:
  Num examples: 1856  Num correct: 1339  Precision @ 1: 0.7214  AUC @ 1: 0.7552
Step 5500: loss = 0.3321 (0.011 sec)
Training Data Eval:
  Num examples: 8960  Num correct: 8483  Precision @ 1: 0.9468  AUC @ 1: 0.9886
Validation Data Eval:
  Num examples: 960  Num correct: 759  Precision @ 1: 0.7906  AUC @ 1: 0.8631
Test Data Eval:
  Num examples: 1856  Num correct: 1282  Precision @ 1: 0.6907  AUC @ 1: 0.7657
Step 5600: loss = 0.3335 (0.089 sec)
Training Data Eval:
  Num examples: 8960  Num correct: 8458  Precision @ 1: 0.9440  AUC @ 1: 0.9876
Validation Data Eval:
  Num examples: 960  Num correct: 749  Precision @ 1: 0.7802  AUC @ 1: 0.8564
Test Data Eval:
  Num examples: 1856  Num correct: 1323  Precision @ 1: 0.7128  AUC @ 1: 0.7686
Step 5700: loss = 0.3331 (0.011 sec)
Training Data Eval:
  Num examples: 8960  Num correct: 8505  Precision @ 1: 0.9492  AUC @ 1: 0.9902
Validation Data Eval:
  Num examples: 960  Num correct: 743  Precision @ 1: 0.7740  AUC @ 1: 0.8588
Test Data Eval:
  Num examples: 1856  Num correct: 1325  Precision @ 1: 0.7139  AUC @ 1: 0.7604
Step 5800: loss = 0.4753 (0.010 sec)
Training Data Eval:
  Num examples: 8960  Num correct: 8460  Precision @ 1: 0.9442  AUC @ 1: 0.9881
Validation Data Eval:
  Num examples: 960  Num correct: 742  Precision @ 1: 0.7729  AUC @ 1: 0.8540
Test Data Eval:
  Num examples: 1856  Num correct: 1322  Precision @ 1: 0.7123  AUC @ 1: 0.7681
Step 5900: loss = 0.2379 (0.010 sec)
Training Data Eval:
  Num examples: 8960  Num correct: 8493  Precision @ 1: 0.9479  AUC @ 1: 0.9900
Validation Data Eval:
  Num examples: 960  Num correct: 763  Precision @ 1: 0.7948  AUC @ 1: 0.8601
Test Data Eval:
  Num examples: 1856  Num correct: 1289  Precision @ 1: 0.6945  AUC @ 1: 0.7632
Step 6000: loss = 0.4212 (0.010 sec)
Training Data Eval:
  Num examples: 8960  Num correct: 8430  Precision @ 1: 0.9408  AUC @ 1: 0.9868
Validation Data Eval:
  Num examples: 960  Num correct: 744  Precision @ 1: 0.7750  AUC @ 1: 0.8450
Test Data Eval:
  Num examples: 1856  Num correct: 1296  Precision @ 1: 0.6983  AUC @ 1: 0.7675
Step 6100: loss = 0.3753 (0.010 sec)
Training Data Eval:
  Num examples: 8960  Num correct: 8514  Precision @ 1: 0.9502  AUC @ 1: 0.9903
Validation Data Eval:
  Num examples: 960  Num correct: 754  Precision @ 1: 0.7854  AUC @ 1: 0.8526
Test Data Eval:
  Num examples: 1856  Num correct: 1324  Precision @ 1: 0.7134  AUC @ 1: 0.7626
Step 6200: loss = 0.2925 (0.011 sec)
Training Data Eval:
  Num examples: 8960  Num correct: 8476  Precision @ 1: 0.9460  AUC @ 1: 0.9913
Validation Data Eval:
  Num examples: 960  Num correct: 753  Precision @ 1: 0.7844  AUC @ 1: 0.8541
Test Data Eval:
  Num examples: 1856  Num correct: 1315  Precision @ 1: 0.7085  AUC @ 1: 0.7623
Step 6300: loss = 0.3346 (0.096 sec)
Training Data Eval:
  Num examples: 8960  Num correct: 8376  Precision @ 1: 0.9348  AUC @ 1: 0.9896
Validation Data Eval:
  Num examples: 960  Num correct: 744  Precision @ 1: 0.7750  AUC @ 1: 0.8609
Test Data Eval:
  Num examples: 1856  Num correct: 1347  Precision @ 1: 0.7258  AUC @ 1: 0.7698
Step 6400: loss = 0.3790 (0.011 sec)
Training Data Eval:
  Num examples: 8960  Num correct: 8493  Precision @ 1: 0.9479  AUC @ 1: 0.9899
Validation Data Eval:
  Num examples: 960  Num correct: 750  Precision @ 1: 0.7812  AUC @ 1: 0.8576
Test Data Eval:
  Num examples: 1856  Num correct: 1329  Precision @ 1: 0.7161  AUC @ 1: 0.7708
Step 6500: loss = 0.2762 (0.010 sec)
Training Data Eval:
  Num examples: 8960  Num correct: 8423  Precision @ 1: 0.9401  AUC @ 1: 0.9905
Validation Data Eval:
  Num examples: 960  Num correct: 739  Precision @ 1: 0.7698  AUC @ 1: 0.8573
Test Data Eval:
  Num examples: 1856  Num correct: 1331  Precision @ 1: 0.7171  AUC @ 1: 0.7574
Step 6600: loss = 0.2319 (0.010 sec)
Training Data Eval:
  Num examples: 8960  Num correct: 8454  Precision @ 1: 0.9435  AUC @ 1: 0.9883
Validation Data Eval:
  Num examples: 960  Num correct: 752  Precision @ 1: 0.7833  AUC @ 1: 0.8540
Test Data Eval:
  Num examples: 1856  Num correct: 1275  Precision @ 1: 0.6870  AUC @ 1: 0.7591
Step 6700: loss = 0.2809 (0.010 sec)
Training Data Eval:
  Num examples: 8960  Num correct: 8408  Precision @ 1: 0.9384  AUC @ 1: 0.9903
Validation Data Eval:
  Num examples: 960  Num correct: 743  Precision @ 1: 0.7740  AUC @ 1: 0.8417
Test Data Eval:
  Num examples: 1856  Num correct: 1338  Precision @ 1: 0.7209  AUC @ 1: 0.7587
Step 6800: loss = 0.4400 (0.010 sec)
Training Data Eval:
  Num examples: 8960  Num correct: 8556  Precision @ 1: 0.9549  AUC @ 1: 0.9913
Validation Data Eval:
  Num examples: 960  Num correct: 740  Precision @ 1: 0.7708  AUC @ 1: 0.8488
Test Data Eval:
  Num examples: 1856  Num correct: 1301  Precision @ 1: 0.7010  AUC @ 1: 0.7703
Step 6900: loss = 0.2593 (0.010 sec)
Training Data Eval:
  Num examples: 8960  Num correct: 8516  Precision @ 1: 0.9504  AUC @ 1: 0.9909
Validation Data Eval:
  Num examples: 960  Num correct: 752  Precision @ 1: 0.7833  AUC @ 1: 0.8558
Test Data Eval:
  Num examples: 1856  Num correct: 1338  Precision @ 1: 0.7209  AUC @ 1: 0.7724
Step 7000: loss = 0.3036 (0.100 sec)
Training Data Eval:
  Num examples: 8960  Num correct: 8431  Precision @ 1: 0.9410  AUC @ 1: 0.9899
Validation Data Eval:
  Num examples: 960  Num correct: 744  Precision @ 1: 0.7750  AUC @ 1: 0.8479
Test Data Eval:
  Num examples: 1856  Num correct: 1342  Precision @ 1: 0.7231  AUC @ 1: 0.7647
Step 7100: loss = 0.3977 (0.010 sec)
Training Data Eval:
  Num examples: 8960  Num correct: 8433  Precision @ 1: 0.9412  AUC @ 1: 0.9867
Validation Data Eval:
  Num examples: 960  Num correct: 739  Precision @ 1: 0.7698  AUC @ 1: 0.8382
Test Data Eval:
  Num examples: 1856  Num correct: 1300  Precision @ 1: 0.7004  AUC @ 1: 0.7616
Step 7200: loss = 0.3526 (0.011 sec)
Training Data Eval:
  Num examples: 8960  Num correct: 8233  Precision @ 1: 0.9189  AUC @ 1: 0.9893
Validation Data Eval:
  Num examples: 960  Num correct: 753  Precision @ 1: 0.7844  AUC @ 1: 0.8564
Test Data Eval:
  Num examples: 1856  Num correct: 1346  Precision @ 1: 0.7252  AUC @ 1: 0.7635
Step 7300: loss = 0.5585 (0.011 sec)
Training Data Eval:
  Num examples: 8960  Num correct: 8504  Precision @ 1: 0.9491  AUC @ 1: 0.9938
Validation Data Eval:
  Num examples: 960  Num correct: 748  Precision @ 1: 0.7792  AUC @ 1: 0.8546
Test Data Eval:
  Num examples: 1856  Num correct: 1344  Precision @ 1: 0.7241  AUC @ 1: 0.7695
Step 7400: loss = 0.2422 (0.011 sec)
Training Data Eval:
  Num examples: 8960  Num correct: 8449  Precision @ 1: 0.9430  AUC @ 1: 0.9907
Validation Data Eval:
  Num examples: 960  Num correct: 744  Precision @ 1: 0.7750  AUC @ 1: 0.8500
Test Data Eval:
  Num examples: 1856  Num correct: 1327  Precision @ 1: 0.7150  AUC @ 1: 0.7618
Step 7500: loss = 0.3623 (0.010 sec)
Training Data Eval:
  Num examples: 8960  Num correct: 8567  Precision @ 1: 0.9561  AUC @ 1: 0.9922
Validation Data Eval:
  Num examples: 960  Num correct: 751  Precision @ 1: 0.7823  AUC @ 1: 0.8586
Test Data Eval:
  Num examples: 1856  Num correct: 1280  Precision @ 1: 0.6897  AUC @ 1: 0.7639
Step 7600: loss = 0.2683 (0.011 sec)
Training Data Eval:
  Num examples: 8960  Num correct: 8521  Precision @ 1: 0.9510  AUC @ 1: 0.9936
Validation Data Eval:
  Num examples: 960  Num correct: 748  Precision @ 1: 0.7792  AUC @ 1: 0.8455
Test Data Eval:
  Num examples: 1856  Num correct: 1320  Precision @ 1: 0.7112  AUC @ 1: 0.7694
Step 7700: loss = 0.2668 (0.100 sec)
Training Data Eval:
  Num examples: 8960  Num correct: 8607  Precision @ 1: 0.9606  AUC @ 1: 0.9933
Validation Data Eval:
  Num examples: 960  Num correct: 739  Precision @ 1: 0.7698  AUC @ 1: 0.8446
Test Data Eval:
  Num examples: 1856  Num correct: 1312  Precision @ 1: 0.7069  AUC @ 1: 0.7641
Step 7800: loss = 0.3790 (0.011 sec)
Training Data Eval:
  Num examples: 8960  Num correct: 8570  Precision @ 1: 0.9565  AUC @ 1: 0.9923
Validation Data Eval:
  Num examples: 960  Num correct: 741  Precision @ 1: 0.7719  AUC @ 1: 0.8461
Test Data Eval:
  Num examples: 1856  Num correct: 1321  Precision @ 1: 0.7117  AUC @ 1: 0.7641
Step 7900: loss = 0.3801 (0.010 sec)
Training Data Eval:
  Num examples: 8960  Num correct: 8593  Precision @ 1: 0.9590  AUC @ 1: 0.9911
Validation Data Eval:
  Num examples: 960  Num correct: 730  Precision @ 1: 0.7604  AUC @ 1: 0.8464
Test Data Eval:
  Num examples: 1856  Num correct: 1280  Precision @ 1: 0.6897  AUC @ 1: 0.7564
Step 8000: loss = 0.4071 (0.010 sec)
Training Data Eval:
  Num examples: 8960  Num correct: 8611  Precision @ 1: 0.9610  AUC @ 1: 0.9949
Validation Data Eval:
  Num examples: 960  Num correct: 748  Precision @ 1: 0.7792  AUC @ 1: 0.8532
Test Data Eval:
  Num examples: 1856  Num correct: 1306  Precision @ 1: 0.7037  AUC @ 1: 0.7654
Step 8100: loss = 0.3255 (0.011 sec)
Training Data Eval:
  Num examples: 8960  Num correct: 8546  Precision @ 1: 0.9538  AUC @ 1: 0.9904
Validation Data Eval:
  Num examples: 960  Num correct: 749  Precision @ 1: 0.7802  AUC @ 1: 0.8613
Test Data Eval:
  Num examples: 1856  Num correct: 1321  Precision @ 1: 0.7117  AUC @ 1: 0.7648
Step 8200: loss = 0.3483 (0.010 sec)
Training Data Eval:
  Num examples: 8960  Num correct: 8517  Precision @ 1: 0.9506  AUC @ 1: 0.9906
Validation Data Eval:
  Num examples: 960  Num correct: 740  Precision @ 1: 0.7708  AUC @ 1: 0.8500
Test Data Eval:
  Num examples: 1856  Num correct: 1304  Precision @ 1: 0.7026  AUC @ 1: 0.7509
Step 8300: loss = 0.3594 (0.010 sec)
Training Data Eval:
  Num examples: 8960  Num correct: 8577  Precision @ 1: 0.9573  AUC @ 1: 0.9936
Validation Data Eval:
  Num examples: 960  Num correct: 742  Precision @ 1: 0.7729  AUC @ 1: 0.8453
Test Data Eval:
  Num examples: 1856  Num correct: 1333  Precision @ 1: 0.7182  AUC @ 1: 0.7703
Step 8400: loss = 0.2948 (0.097 sec)
Training Data Eval:
  Num examples: 8960  Num correct: 8652  Precision @ 1: 0.9656  AUC @ 1: 0.9938
Validation Data Eval:
  Num examples: 960  Num correct: 757  Precision @ 1: 0.7885  AUC @ 1: 0.8487
Test Data Eval:
  Num examples: 1856  Num correct: 1298  Precision @ 1: 0.6994  AUC @ 1: 0.7586
Step 8500: loss = 0.3263 (0.011 sec)
Training Data Eval:
  Num examples: 8960  Num correct: 8596  Precision @ 1: 0.9594  AUC @ 1: 0.9933
Validation Data Eval:
  Num examples: 960  Num correct: 748  Precision @ 1: 0.7792  AUC @ 1: 0.8491
Test Data Eval:
  Num examples: 1856  Num correct: 1307  Precision @ 1: 0.7042  AUC @ 1: 0.7806
Step 8600: loss = 0.4197 (0.011 sec)
Training Data Eval:
  Num examples: 8960  Num correct: 8545  Precision @ 1: 0.9537  AUC @ 1: 0.9917
Validation Data Eval:
  Num examples: 960  Num correct: 750  Precision @ 1: 0.7812  AUC @ 1: 0.8502
Test Data Eval:
  Num examples: 1856  Num correct: 1322  Precision @ 1: 0.7123  AUC @ 1: 0.7646
Step 8700: loss = 0.3989 (0.011 sec)
Training Data Eval:
  Num examples: 8960  Num correct: 8579  Precision @ 1: 0.9575  AUC @ 1: 0.9947
Validation Data Eval:
  Num examples: 960  Num correct: 750  Precision @ 1: 0.7812  AUC @ 1: 0.8479
Test Data Eval:
  Num examples: 1856  Num correct: 1328  Precision @ 1: 0.7155  AUC @ 1: 0.7633
Step 8800: loss = 0.3487 (0.010 sec)
Training Data Eval:
  Num examples: 8960  Num correct: 8547  Precision @ 1: 0.9539  AUC @ 1: 0.9926
Validation Data Eval:
  Num examples: 960  Num correct: 744  Precision @ 1: 0.7750  AUC @ 1: 0.8458
Test Data Eval:
  Num examples: 1856  Num correct: 1310  Precision @ 1: 0.7058  AUC @ 1: 0.7595
Step 8900: loss = 0.3229 (0.010 sec)
Training Data Eval:
  Num examples: 8960  Num correct: 8579  Precision @ 1: 0.9575  AUC @ 1: 0.9936
Validation Data Eval:
  Num examples: 960  Num correct: 742  Precision @ 1: 0.7729  AUC @ 1: 0.8490
Test Data Eval:
  Num examples: 1856  Num correct: 1329  Precision @ 1: 0.7161  AUC @ 1: 0.7634
Step 9000: loss = 0.2339 (0.011 sec)
Training Data Eval:
  Num examples: 8960  Num correct: 8602  Precision @ 1: 0.9600  AUC @ 1: 0.9961
Validation Data Eval:
  Num examples: 960  Num correct: 742  Precision @ 1: 0.7729  AUC @ 1: 0.8361
Test Data Eval:
  Num examples: 1856  Num correct: 1335  Precision @ 1: 0.7193  AUC @ 1: 0.7571
Step 9100: loss = 0.3412 (0.094 sec)
Training Data Eval:
  Num examples: 8960  Num correct: 8534  Precision @ 1: 0.9525  AUC @ 1: 0.9929
Validation Data Eval:
  Num examples: 960  Num correct: 749  Precision @ 1: 0.7802  AUC @ 1: 0.8510
Test Data Eval:
  Num examples: 1856  Num correct: 1331  Precision @ 1: 0.7171  AUC @ 1: 0.7667
Step 9200: loss = 0.3590 (0.010 sec)
Training Data Eval:
  Num examples: 8960  Num correct: 8606  Precision @ 1: 0.9605  AUC @ 1: 0.9925
Validation Data Eval:
  Num examples: 960  Num correct: 740  Precision @ 1: 0.7708  AUC @ 1: 0.8477
Test Data Eval:
  Num examples: 1856  Num correct: 1289  Precision @ 1: 0.6945  AUC @ 1: 0.7658
Step 9300: loss = 0.3308 (0.010 sec)
Training Data Eval:
  Num examples: 8960  Num correct: 8636  Precision @ 1: 0.9638  AUC @ 1: 0.9945
Validation Data Eval:
  Num examples: 960  Num correct: 742  Precision @ 1: 0.7729  AUC @ 1: 0.8477
Test Data Eval:
  Num examples: 1856  Num correct: 1312  Precision @ 1: 0.7069  AUC @ 1: 0.7665
Step 9400: loss = 0.4413 (0.011 sec)
Training Data Eval:
  Num examples: 8960  Num correct: 8643  Precision @ 1: 0.9646  AUC @ 1: 0.9953
Validation Data Eval:
  Num examples: 960  Num correct: 754  Precision @ 1: 0.7854  AUC @ 1: 0.8436
Test Data Eval:
  Num examples: 1856  Num correct: 1325  Precision @ 1: 0.7139  AUC @ 1: 0.7629
Step 9500: loss = 0.2985 (0.010 sec)
Training Data Eval:
  Num examples: 8960  Num correct: 8410  Precision @ 1: 0.9386  AUC @ 1: 0.9916
Validation Data Eval:
  Num examples: 960  Num correct: 749  Precision @ 1: 0.7802  AUC @ 1: 0.8430
Test Data Eval:
  Num examples: 1856  Num correct: 1338  Precision @ 1: 0.7209  AUC @ 1: 0.7612
Step 9600: loss = 0.4589 (0.010 sec)
Training Data Eval:
  Num examples: 8960  Num correct: 8535  Precision @ 1: 0.9526  AUC @ 1: 0.9918
Validation Data Eval:
  Num examples: 960  Num correct: 740  Precision @ 1: 0.7708  AUC @ 1: 0.8426
Test Data Eval:
  Num examples: 1856  Num correct: 1306  Precision @ 1: 0.7037  AUC @ 1: 0.7657
Step 9700: loss = 0.3385 (0.011 sec)
Training Data Eval:
  Num examples: 8960  Num correct: 8596  Precision @ 1: 0.9594  AUC @ 1: 0.9941
Validation Data Eval:
  Num examples: 960  Num correct: 766  Precision @ 1: 0.7979  AUC @ 1: 0.8599
Test Data Eval:
  Num examples: 1856  Num correct: 1332  Precision @ 1: 0.7177  AUC @ 1: 0.7664
Step 9800: loss = 0.2487 (0.090 sec)
Training Data Eval:
  Num examples: 8960  Num correct: 8500  Precision @ 1: 0.9487  AUC @ 1: 0.9943
Validation Data Eval:
  Num examples: 960  Num correct: 752  Precision @ 1: 0.7833  AUC @ 1: 0.8521
Test Data Eval:
  Num examples: 1856  Num correct: 1343  Precision @ 1: 0.7236  AUC @ 1: 0.7612
Step 9900: loss = 0.3554 (0.011 sec)
Training Data Eval:
  Num examples: 8960  Num correct: 8597  Precision @ 1: 0.9595  AUC @ 1: 0.9920
Validation Data Eval:
  Num examples: 960  Num correct: 759  Precision @ 1: 0.7906  AUC @ 1: 0.8528
Test Data Eval:
  Num examples: 1856  Num correct: 1296  Precision @ 1: 0.6983  AUC @ 1: 0.7654
