Training data shape: 	(3881, 30, 64, 1)
Training label shape:	(3881,)
Testing data shape:  	(454, 30, 64, 1)
Testing label shape: 	(454,)
max input value is: 1086.23510742
min input value is: -967.621826172
random permuted training data
==============================================================================
Model: 			inference_stcnn
Tensor Name: 	Placeholder:0
[128, 30, 64, 1]
==============================================================================
Tensor Name: conv0/conv0:0
[128, 1, 60, 4]
==============================================================================
Tensor Name: MaxPool:0
[128, 1, 30, 4]
==============================================================================
Tensor Name: conv1/conv1:0
[128, 1, 26, 32]
==============================================================================
Tensor Name: MaxPool_1:0
[128, 1, 13, 32]
==============================================================================
Tensor Name: conv2/conv2:0
[128, 1, 9, 64]
==============================================================================
Tensor Name: MaxPool_2:0
[128, 1, 4, 64]
==============================================================================
Tensor Name: local1/local1:0
[128, 128]
==============================================================================
Tensor Name: local2/local2:0
[128, 128]
==============================================================================
Tensor Name: softmax_linear/softmax_linear:0
[128, 2]
Step 0: loss = 0.8152 (0.032 sec)
Training Data Eval:
  Num examples: 3584  Num correct: 2025  Precision @ 1: 0.5650  AUC @ 1: 0.4149
Validation Data Eval:
  Num examples: 256  Num correct: 142  Precision @ 1: 0.5547  AUC @ 1: 0.4549
Test Data Eval:
  Num examples: 384  Num correct: 187  Precision @ 1: 0.4870  AUC @ 1: 0.4661
Step 200: loss = 0.8079 (0.016 sec)
Training Data Eval:
  Num examples: 3584  Num correct: 2041  Precision @ 1: 0.5695  AUC @ 1: 0.5597
Validation Data Eval:
  Num examples: 256  Num correct: 142  Precision @ 1: 0.5547  AUC @ 1: 0.5528
Test Data Eval:
  Num examples: 384  Num correct: 218  Precision @ 1: 0.5677  AUC @ 1: 0.5494
Step 400: loss = 0.8126 (0.018 sec)
Training Data Eval:
  Num examples: 3584  Num correct: 2044  Precision @ 1: 0.5703  AUC @ 1: 0.6147
Validation Data Eval:
  Num examples: 256  Num correct: 142  Precision @ 1: 0.5547  AUC @ 1: 0.5920
Test Data Eval:
  Num examples: 384  Num correct: 217  Precision @ 1: 0.5651  AUC @ 1: 0.5915
Step 600: loss = 0.8012 (0.017 sec)
Training Data Eval:
  Num examples: 3584  Num correct: 2022  Precision @ 1: 0.5642  AUC @ 1: 0.6261
Validation Data Eval:
  Num examples: 256  Num correct: 142  Precision @ 1: 0.5547  AUC @ 1: 0.5976
Test Data Eval:
  Num examples: 384  Num correct: 216  Precision @ 1: 0.5625  AUC @ 1: 0.5762
Step 800: loss = 0.8170 (0.016 sec)
Training Data Eval:
  Num examples: 3584  Num correct: 2041  Precision @ 1: 0.5695  AUC @ 1: 0.6416
Validation Data Eval:
  Num examples: 256  Num correct: 142  Precision @ 1: 0.5547  AUC @ 1: 0.5995
Test Data Eval:
  Num examples: 384  Num correct: 219  Precision @ 1: 0.5703  AUC @ 1: 0.5943
Step 1000: loss = 0.7863 (0.017 sec)
Training Data Eval:
  Num examples: 3584  Num correct: 2036  Precision @ 1: 0.5681  AUC @ 1: 0.6311
Validation Data Eval:
  Num examples: 256  Num correct: 142  Precision @ 1: 0.5547  AUC @ 1: 0.5959
Test Data Eval:
  Num examples: 384  Num correct: 220  Precision @ 1: 0.5729  AUC @ 1: 0.6065
Step 1200: loss = 0.8048 (0.016 sec)
Training Data Eval:
  Num examples: 3584  Num correct: 2026  Precision @ 1: 0.5653  AUC @ 1: 0.6316
Validation Data Eval:
  Num examples: 256  Num correct: 142  Precision @ 1: 0.5547  AUC @ 1: 0.5919
Test Data Eval:
  Num examples: 384  Num correct: 215  Precision @ 1: 0.5599  AUC @ 1: 0.6202
Step 1400: loss = 0.8039 (0.053 sec)
Training Data Eval:
  Num examples: 3584  Num correct: 2058  Precision @ 1: 0.5742  AUC @ 1: 0.6264
Validation Data Eval:
  Num examples: 256  Num correct: 142  Precision @ 1: 0.5547  AUC @ 1: 0.5882
Test Data Eval:
  Num examples: 384  Num correct: 214  Precision @ 1: 0.5573  AUC @ 1: 0.5930
Step 1600: loss = 0.8035 (0.016 sec)
Training Data Eval:
  Num examples: 3584  Num correct: 2026  Precision @ 1: 0.5653  AUC @ 1: 0.6305
Validation Data Eval:
  Num examples: 256  Num correct: 142  Precision @ 1: 0.5547  AUC @ 1: 0.5865
Test Data Eval:
  Num examples: 384  Num correct: 224  Precision @ 1: 0.5833  AUC @ 1: 0.6075
Step 1800: loss = 0.7784 (0.017 sec)
Training Data Eval:
  Num examples: 3584  Num correct: 2031  Precision @ 1: 0.5667  AUC @ 1: 0.6365
Validation Data Eval:
  Num examples: 256  Num correct: 142  Precision @ 1: 0.5547  AUC @ 1: 0.5890
Test Data Eval:
  Num examples: 384  Num correct: 211  Precision @ 1: 0.5495  AUC @ 1: 0.6035
Step 2000: loss = 0.7762 (0.018 sec)
Training Data Eval:
  Num examples: 3584  Num correct: 2010  Precision @ 1: 0.5608  AUC @ 1: 0.6493
Validation Data Eval:
  Num examples: 256  Num correct: 142  Precision @ 1: 0.5547  AUC @ 1: 0.6048
Test Data Eval:
  Num examples: 384  Num correct: 213  Precision @ 1: 0.5547  AUC @ 1: 0.6224
Step 2200: loss = 0.7615 (0.017 sec)
Training Data Eval:
  Num examples: 3584  Num correct: 1998  Precision @ 1: 0.5575  AUC @ 1: 0.6753
Validation Data Eval:
  Num examples: 256  Num correct: 142  Precision @ 1: 0.5547  AUC @ 1: 0.6499
Test Data Eval:
  Num examples: 384  Num correct: 217  Precision @ 1: 0.5651  AUC @ 1: 0.6778
Step 2400: loss = 0.7807 (0.016 sec)
Training Data Eval:
  Num examples: 3584  Num correct: 2028  Precision @ 1: 0.5658  AUC @ 1: 0.7196
Validation Data Eval:
  Num examples: 256  Num correct: 142  Precision @ 1: 0.5547  AUC @ 1: 0.7215
Test Data Eval:
  Num examples: 384  Num correct: 216  Precision @ 1: 0.5625  AUC @ 1: 0.7037
Step 2600: loss = 0.7128 (0.017 sec)
Training Data Eval:
  Num examples: 3584  Num correct: 2181  Precision @ 1: 0.6085  AUC @ 1: 0.7586
Validation Data Eval:
  Num examples: 256  Num correct: 147  Precision @ 1: 0.5742  AUC @ 1: 0.7587
Test Data Eval:
  Num examples: 384  Num correct: 224  Precision @ 1: 0.5833  AUC @ 1: 0.7141
Step 2800: loss = 0.7286 (0.049 sec)
Training Data Eval:
  Num examples: 3584  Num correct: 2320  Precision @ 1: 0.6473  AUC @ 1: 0.7749
Validation Data Eval:
  Num examples: 256  Num correct: 164  Precision @ 1: 0.6406  AUC @ 1: 0.7785
Test Data Eval:
  Num examples: 384  Num correct: 227  Precision @ 1: 0.5911  AUC @ 1: 0.7134
Step 3000: loss = 0.7087 (0.016 sec)
Training Data Eval:
  Num examples: 3584  Num correct: 2328  Precision @ 1: 0.6496  AUC @ 1: 0.7638
Validation Data Eval:
  Num examples: 256  Num correct: 174  Precision @ 1: 0.6797  AUC @ 1: 0.7849
Test Data Eval:
  Num examples: 384  Num correct: 236  Precision @ 1: 0.6146  AUC @ 1: 0.7293
Step 3200: loss = 0.6180 (0.016 sec)
Training Data Eval:
  Num examples: 3584  Num correct: 2425  Precision @ 1: 0.6766  AUC @ 1: 0.7892
Validation Data Eval:
  Num examples: 256  Num correct: 177  Precision @ 1: 0.6914  AUC @ 1: 0.7922
Test Data Eval:
  Num examples: 384  Num correct: 237  Precision @ 1: 0.6172  AUC @ 1: 0.7442
Step 3400: loss = 0.6508 (0.017 sec)
Training Data Eval:
  Num examples: 3584  Num correct: 2430  Precision @ 1: 0.6780  AUC @ 1: 0.7744
Validation Data Eval:
  Num examples: 256  Num correct: 184  Precision @ 1: 0.7188  AUC @ 1: 0.7936
Test Data Eval:
  Num examples: 384  Num correct: 241  Precision @ 1: 0.6276  AUC @ 1: 0.7404
Step 3600: loss = 0.6626 (0.017 sec)
Training Data Eval:
  Num examples: 3584  Num correct: 2566  Precision @ 1: 0.7160  AUC @ 1: 0.7894
Validation Data Eval:
  Num examples: 256  Num correct: 189  Precision @ 1: 0.7383  AUC @ 1: 0.7964
Test Data Eval:
  Num examples: 384  Num correct: 244  Precision @ 1: 0.6354  AUC @ 1: 0.7184
Step 3800: loss = 0.6268 (0.016 sec)
Training Data Eval:
  Num examples: 3584  Num correct: 2532  Precision @ 1: 0.7065  AUC @ 1: 0.7833
Validation Data Eval:
  Num examples: 256  Num correct: 188  Precision @ 1: 0.7344  AUC @ 1: 0.8018
Test Data Eval:
  Num examples: 384  Num correct: 253  Precision @ 1: 0.6589  AUC @ 1: 0.7407
Step 4000: loss = 0.7505 (0.016 sec)
Training Data Eval:
  Num examples: 3584  Num correct: 2560  Precision @ 1: 0.7143  AUC @ 1: 0.7907
Validation Data Eval:
  Num examples: 256  Num correct: 189  Precision @ 1: 0.7383  AUC @ 1: 0.8037
Test Data Eval:
  Num examples: 384  Num correct: 249  Precision @ 1: 0.6484  AUC @ 1: 0.7447
Step 4200: loss = 0.6928 (0.049 sec)
Training Data Eval:
  Num examples: 3584  Num correct: 2572  Precision @ 1: 0.7176  AUC @ 1: 0.7949
Validation Data Eval:
  Num examples: 256  Num correct: 189  Precision @ 1: 0.7383  AUC @ 1: 0.8087
Test Data Eval:
  Num examples: 384  Num correct: 254  Precision @ 1: 0.6615  AUC @ 1: 0.7260
Step 4400: loss = 0.5845 (0.017 sec)
Training Data Eval:
  Num examples: 3584  Num correct: 2577  Precision @ 1: 0.7190  AUC @ 1: 0.7983
Validation Data Eval:
  Num examples: 256  Num correct: 188  Precision @ 1: 0.7344  AUC @ 1: 0.8110
Test Data Eval:
  Num examples: 384  Num correct: 248  Precision @ 1: 0.6458  AUC @ 1: 0.7429
Step 4600: loss = 0.6626 (0.016 sec)
Training Data Eval:
  Num examples: 3584  Num correct: 2595  Precision @ 1: 0.7241  AUC @ 1: 0.7957
Validation Data Eval:
  Num examples: 256  Num correct: 190  Precision @ 1: 0.7422  AUC @ 1: 0.8122
Test Data Eval:
  Num examples: 384  Num correct: 243  Precision @ 1: 0.6328  AUC @ 1: 0.7273
Step 4800: loss = 0.6806 (0.016 sec)
Training Data Eval:
  Num examples: 3584  Num correct: 2623  Precision @ 1: 0.7319  AUC @ 1: 0.8004
Validation Data Eval:
  Num examples: 256  Num correct: 189  Precision @ 1: 0.7383  AUC @ 1: 0.8057
Test Data Eval:
  Num examples: 384  Num correct: 252  Precision @ 1: 0.6562  AUC @ 1: 0.7202
Step 5000: loss = 0.5873 (0.016 sec)
Training Data Eval:
  Num examples: 3584  Num correct: 2608  Precision @ 1: 0.7277  AUC @ 1: 0.8047
Validation Data Eval:
  Num examples: 256  Num correct: 188  Precision @ 1: 0.7344  AUC @ 1: 0.8133
Test Data Eval:
  Num examples: 384  Num correct: 243  Precision @ 1: 0.6328  AUC @ 1: 0.7399
Step 5200: loss = 0.6107 (0.016 sec)
Training Data Eval:
  Num examples: 3584  Num correct: 2604  Precision @ 1: 0.7266  AUC @ 1: 0.8025
Validation Data Eval:
  Num examples: 256  Num correct: 186  Precision @ 1: 0.7266  AUC @ 1: 0.8167
Test Data Eval:
  Num examples: 384  Num correct: 247  Precision @ 1: 0.6432  AUC @ 1: 0.7476
Step 5400: loss = 0.6188 (0.017 sec)
Training Data Eval:
  Num examples: 3584  Num correct: 2609  Precision @ 1: 0.7280  AUC @ 1: 0.8017
Validation Data Eval:
  Num examples: 256  Num correct: 190  Precision @ 1: 0.7422  AUC @ 1: 0.8119
Test Data Eval:
  Num examples: 384  Num correct: 257  Precision @ 1: 0.6693  AUC @ 1: 0.7301
Step 5600: loss = 0.6288 (0.051 sec)
Training Data Eval:
  Num examples: 3584  Num correct: 2584  Precision @ 1: 0.7210  AUC @ 1: 0.8005
Validation Data Eval:
  Num examples: 256  Num correct: 192  Precision @ 1: 0.7500  AUC @ 1: 0.8162
Test Data Eval:
  Num examples: 384  Num correct: 254  Precision @ 1: 0.6615  AUC @ 1: 0.7373
Step 5800: loss = 0.5821 (0.016 sec)
Training Data Eval:
  Num examples: 3584  Num correct: 2598  Precision @ 1: 0.7249  AUC @ 1: 0.8034
Validation Data Eval:
  Num examples: 256  Num correct: 190  Precision @ 1: 0.7422  AUC @ 1: 0.8138
Test Data Eval:
  Num examples: 384  Num correct: 248  Precision @ 1: 0.6458  AUC @ 1: 0.7316
Step 6000: loss = 0.6461 (0.017 sec)
Training Data Eval:
  Num examples: 3584  Num correct: 2607  Precision @ 1: 0.7274  AUC @ 1: 0.7981
Validation Data Eval:
  Num examples: 256  Num correct: 190  Precision @ 1: 0.7422  AUC @ 1: 0.8060
Test Data Eval:
  Num examples: 384  Num correct: 245  Precision @ 1: 0.6380  AUC @ 1: 0.7070
Step 6200: loss = 0.6209 (0.018 sec)
Training Data Eval:
  Num examples: 3584  Num correct: 2634  Precision @ 1: 0.7349  AUC @ 1: 0.8062
Validation Data Eval:
  Num examples: 256  Num correct: 190  Precision @ 1: 0.7422  AUC @ 1: 0.8157
Test Data Eval:
  Num examples: 384  Num correct: 247  Precision @ 1: 0.6432  AUC @ 1: 0.7367
Step 6400: loss = 0.6479 (0.016 sec)
Training Data Eval:
  Num examples: 3584  Num correct: 2602  Precision @ 1: 0.7260  AUC @ 1: 0.8017
Validation Data Eval:
  Num examples: 256  Num correct: 193  Precision @ 1: 0.7539  AUC @ 1: 0.8127
Test Data Eval:
  Num examples: 384  Num correct: 249  Precision @ 1: 0.6484  AUC @ 1: 0.7218
Step 6600: loss = 0.6019 (0.016 sec)
Training Data Eval:
  Num examples: 3584  Num correct: 2644  Precision @ 1: 0.7377  AUC @ 1: 0.8109
Validation Data Eval:
  Num examples: 256  Num correct: 193  Precision @ 1: 0.7539  AUC @ 1: 0.8100
Test Data Eval:
  Num examples: 384  Num correct: 245  Precision @ 1: 0.6380  AUC @ 1: 0.7246
Step 6800: loss = 0.7016 (0.016 sec)
Training Data Eval:
  Num examples: 3584  Num correct: 2646  Precision @ 1: 0.7383  AUC @ 1: 0.8104
Validation Data Eval:
  Num examples: 256  Num correct: 189  Precision @ 1: 0.7383  AUC @ 1: 0.8165
Test Data Eval:
  Num examples: 384  Num correct: 253  Precision @ 1: 0.6589  AUC @ 1: 0.7436
Step 7000: loss = 0.7599 (0.050 sec)
Training Data Eval:
  Num examples: 3584  Num correct: 2604  Precision @ 1: 0.7266  AUC @ 1: 0.8013
Validation Data Eval:
  Num examples: 256  Num correct: 193  Precision @ 1: 0.7539  AUC @ 1: 0.8123
Test Data Eval:
  Num examples: 384  Num correct: 255  Precision @ 1: 0.6641  AUC @ 1: 0.7191
Step 7200: loss = 0.5595 (0.016 sec)
Training Data Eval:
  Num examples: 3584  Num correct: 2588  Precision @ 1: 0.7221  AUC @ 1: 0.7963
Validation Data Eval:
  Num examples: 256  Num correct: 190  Precision @ 1: 0.7422  AUC @ 1: 0.8189
Test Data Eval:
  Num examples: 384  Num correct: 241  Precision @ 1: 0.6276  AUC @ 1: 0.7528
Step 7400: loss = 0.6605 (0.016 sec)
Training Data Eval:
  Num examples: 3584  Num correct: 2636  Precision @ 1: 0.7355  AUC @ 1: 0.8064
Validation Data Eval:
  Num examples: 256  Num correct: 193  Precision @ 1: 0.7539  AUC @ 1: 0.8160
Test Data Eval:
  Num examples: 384  Num correct: 257  Precision @ 1: 0.6693  AUC @ 1: 0.7417
Step 7600: loss = 0.5881 (0.016 sec)
Training Data Eval:
  Num examples: 3584  Num correct: 2625  Precision @ 1: 0.7324  AUC @ 1: 0.8066
Validation Data Eval:
  Num examples: 256  Num correct: 189  Precision @ 1: 0.7383  AUC @ 1: 0.8176
Test Data Eval:
  Num examples: 384  Num correct: 253  Precision @ 1: 0.6589  AUC @ 1: 0.7334
Step 7800: loss = 0.6585 (0.017 sec)
Training Data Eval:
  Num examples: 3584  Num correct: 2623  Precision @ 1: 0.7319  AUC @ 1: 0.8099
Validation Data Eval:
  Num examples: 256  Num correct: 189  Precision @ 1: 0.7383  AUC @ 1: 0.8207
Test Data Eval:
  Num examples: 384  Num correct: 253  Precision @ 1: 0.6589  AUC @ 1: 0.7448
Step 8000: loss = 0.5676 (0.016 sec)
Training Data Eval:
  Num examples: 3584  Num correct: 2629  Precision @ 1: 0.7335  AUC @ 1: 0.8081
Validation Data Eval:
  Num examples: 256  Num correct: 193  Precision @ 1: 0.7539  AUC @ 1: 0.8214
Test Data Eval:
  Num examples: 384  Num correct: 246  Precision @ 1: 0.6406  AUC @ 1: 0.7430
Step 8200: loss = 0.5421 (0.016 sec)
Training Data Eval:
  Num examples: 3584  Num correct: 2643  Precision @ 1: 0.7374  AUC @ 1: 0.8132
Validation Data Eval:
  Num examples: 256  Num correct: 192  Precision @ 1: 0.7500  AUC @ 1: 0.8181
Test Data Eval:
  Num examples: 384  Num correct: 252  Precision @ 1: 0.6562  AUC @ 1: 0.7447
Step 8400: loss = 0.5980 (0.048 sec)
Training Data Eval:
  Num examples: 3584  Num correct: 2652  Precision @ 1: 0.7400  AUC @ 1: 0.8183
Validation Data Eval:
  Num examples: 256  Num correct: 192  Precision @ 1: 0.7500  AUC @ 1: 0.8212
Test Data Eval:
  Num examples: 384  Num correct: 254  Precision @ 1: 0.6615  AUC @ 1: 0.7242
Step 8600: loss = 0.6103 (0.016 sec)
Training Data Eval:
  Num examples: 3584  Num correct: 2629  Precision @ 1: 0.7335  AUC @ 1: 0.8105
Validation Data Eval:
  Num examples: 256  Num correct: 195  Precision @ 1: 0.7617  AUC @ 1: 0.8240
Test Data Eval:
  Num examples: 384  Num correct: 252  Precision @ 1: 0.6562  AUC @ 1: 0.7303
Step 8800: loss = 0.6511 (0.017 sec)
Training Data Eval:
  Num examples: 3584  Num correct: 2675  Precision @ 1: 0.7464  AUC @ 1: 0.8225
Validation Data Eval:
  Num examples: 256  Num correct: 196  Precision @ 1: 0.7656  AUC @ 1: 0.8243
Test Data Eval:
  Num examples: 384  Num correct: 250  Precision @ 1: 0.6510  AUC @ 1: 0.7391
Step 9000: loss = 0.5646 (0.017 sec)
Training Data Eval:
  Num examples: 3584  Num correct: 2701  Precision @ 1: 0.7536  AUC @ 1: 0.8283
Validation Data Eval:
  Num examples: 256  Num correct: 199  Precision @ 1: 0.7773  AUC @ 1: 0.8262
Test Data Eval:
  Num examples: 384  Num correct: 249  Precision @ 1: 0.6484  AUC @ 1: 0.7420
Step 9200: loss = 0.5710 (0.017 sec)
Training Data Eval:
  Num examples: 3584  Num correct: 2683  Precision @ 1: 0.7486  AUC @ 1: 0.8206
Validation Data Eval:
  Num examples: 256  Num correct: 194  Precision @ 1: 0.7578  AUC @ 1: 0.8226
Test Data Eval:
  Num examples: 384  Num correct: 250  Precision @ 1: 0.6510  AUC @ 1: 0.7281
Step 9400: loss = 0.5134 (0.017 sec)
Training Data Eval:
  Num examples: 3584  Num correct: 2674  Precision @ 1: 0.7461  AUC @ 1: 0.8218
Validation Data Eval:
  Num examples: 256  Num correct: 195  Precision @ 1: 0.7617  AUC @ 1: 0.8254
Test Data Eval:
  Num examples: 384  Num correct: 251  Precision @ 1: 0.6536  AUC @ 1: 0.7286
Step 9600: loss = 0.5954 (0.018 sec)
Training Data Eval:
  Num examples: 3584  Num correct: 2669  Precision @ 1: 0.7447  AUC @ 1: 0.8226
Validation Data Eval:
  Num examples: 256  Num correct: 198  Precision @ 1: 0.7734  AUC @ 1: 0.8272
Test Data Eval:
  Num examples: 384  Num correct: 249  Precision @ 1: 0.6484  AUC @ 1: 0.7584
Step 9800: loss = 0.6213 (0.048 sec)
Training Data Eval:
  Num examples: 3584  Num correct: 2684  Precision @ 1: 0.7489  AUC @ 1: 0.8283
Validation Data Eval:
  Num examples: 256  Num correct: 194  Precision @ 1: 0.7578  AUC @ 1: 0.8274
Test Data Eval:
  Num examples: 384  Num correct: 255  Precision @ 1: 0.6641  AUC @ 1: 0.7508
