Training data shape: 	(3881, 30, 64, 1)
Training label shape:	(3881,)
Testing data shape:  	(454, 30, 64, 1)
Testing label shape: 	(454,)
max input value is: 1086.23510742
min input value is: -967.621826172
random permuted training data
==============================================================================
Model: 			inference_stcnn
Tensor Name: 	Placeholder:0
[128, 30, 64, 1]
==============================================================================
Tensor Name: conv0/conv0:0
[128, 1, 60, 16]
==============================================================================
Tensor Name: MaxPool:0
[128, 1, 30, 16]
==============================================================================
Tensor Name: local1/local1:0
[128, 128]
==============================================================================
Tensor Name: local2/local2:0
[128, 128]
==============================================================================
Tensor Name: softmax_linear/softmax_linear:0
[128, 2]
Step 0: loss = 0.8921 (0.039 sec)
Training Data Eval:
  Num examples: 3584  Num correct: 2040  Precision @ 1: 0.5692  AUC @ 1: 0.7713
Validation Data Eval:
  Num examples: 256  Num correct: 140  Precision @ 1: 0.5469  AUC @ 1: 0.7773
Test Data Eval:
  Num examples: 384  Num correct: 186  Precision @ 1: 0.4844  AUC @ 1: 0.7276
Step 200: loss = 0.8074 (0.021 sec)
Training Data Eval:
  Num examples: 3584  Num correct: 2290  Precision @ 1: 0.6390  AUC @ 1: 0.7823
Validation Data Eval:
  Num examples: 256  Num correct: 159  Precision @ 1: 0.6211  AUC @ 1: 0.7880
Test Data Eval:
  Num examples: 384  Num correct: 225  Precision @ 1: 0.5859  AUC @ 1: 0.7170
Step 400: loss = 0.7849 (0.021 sec)
Training Data Eval:
  Num examples: 3584  Num correct: 2556  Precision @ 1: 0.7132  AUC @ 1: 0.8001
Validation Data Eval:
  Num examples: 256  Num correct: 181  Precision @ 1: 0.7070  AUC @ 1: 0.8108
Test Data Eval:
  Num examples: 384  Num correct: 245  Precision @ 1: 0.6380  AUC @ 1: 0.7724
Step 600: loss = 0.7765 (0.022 sec)
Training Data Eval:
  Num examples: 3584  Num correct: 2604  Precision @ 1: 0.7266  AUC @ 1: 0.8084
Validation Data Eval:
  Num examples: 256  Num correct: 192  Precision @ 1: 0.7500  AUC @ 1: 0.8039
Test Data Eval:
  Num examples: 384  Num correct: 247  Precision @ 1: 0.6432  AUC @ 1: 0.6946
Step 800: loss = 0.7298 (0.021 sec)
Training Data Eval:
  Num examples: 3584  Num correct: 2667  Precision @ 1: 0.7441  AUC @ 1: 0.8282
Validation Data Eval:
  Num examples: 256  Num correct: 198  Precision @ 1: 0.7734  AUC @ 1: 0.8336
Test Data Eval:
  Num examples: 384  Num correct: 259  Precision @ 1: 0.6745  AUC @ 1: 0.7536
Step 1000: loss = 0.6772 (0.021 sec)
Training Data Eval:
  Num examples: 3584  Num correct: 2729  Precision @ 1: 0.7614  AUC @ 1: 0.8421
Validation Data Eval:
  Num examples: 256  Num correct: 199  Precision @ 1: 0.7773  AUC @ 1: 0.8351
Test Data Eval:
  Num examples: 384  Num correct: 256  Precision @ 1: 0.6667  AUC @ 1: 0.7547
Step 1200: loss = 0.6558 (0.020 sec)
Training Data Eval:
  Num examples: 3584  Num correct: 2763  Precision @ 1: 0.7709  AUC @ 1: 0.8583
Validation Data Eval:
  Num examples: 256  Num correct: 199  Precision @ 1: 0.7773  AUC @ 1: 0.8369
Test Data Eval:
  Num examples: 384  Num correct: 263  Precision @ 1: 0.6849  AUC @ 1: 0.7185
Step 1400: loss = 0.6556 (0.056 sec)
Training Data Eval:
  Num examples: 3584  Num correct: 2815  Precision @ 1: 0.7854  AUC @ 1: 0.8723
Validation Data Eval:
  Num examples: 256  Num correct: 199  Precision @ 1: 0.7773  AUC @ 1: 0.8458
Test Data Eval:
  Num examples: 384  Num correct: 254  Precision @ 1: 0.6615  AUC @ 1: 0.7720
Step 1600: loss = 0.7423 (0.021 sec)
Training Data Eval:
  Num examples: 3584  Num correct: 2842  Precision @ 1: 0.7930  AUC @ 1: 0.8826
Validation Data Eval:
  Num examples: 256  Num correct: 200  Precision @ 1: 0.7812  AUC @ 1: 0.8527
Test Data Eval:
  Num examples: 384  Num correct: 252  Precision @ 1: 0.6562  AUC @ 1: 0.7601
Step 1800: loss = 0.5424 (0.021 sec)
Training Data Eval:
  Num examples: 3584  Num correct: 2887  Precision @ 1: 0.8055  AUC @ 1: 0.8946
Validation Data Eval:
  Num examples: 256  Num correct: 194  Precision @ 1: 0.7578  AUC @ 1: 0.8512
Test Data Eval:
  Num examples: 384  Num correct: 251  Precision @ 1: 0.6536  AUC @ 1: 0.7620
Step 2000: loss = 0.7038 (0.020 sec)
Training Data Eval:
  Num examples: 3584  Num correct: 2960  Precision @ 1: 0.8259  AUC @ 1: 0.9139
Validation Data Eval:
  Num examples: 256  Num correct: 200  Precision @ 1: 0.7812  AUC @ 1: 0.8544
Test Data Eval:
  Num examples: 384  Num correct: 251  Precision @ 1: 0.6536  AUC @ 1: 0.7222
Step 2200: loss = 0.5950 (0.021 sec)
Training Data Eval:
  Num examples: 3584  Num correct: 2984  Precision @ 1: 0.8326  AUC @ 1: 0.9202
Validation Data Eval:
  Num examples: 256  Num correct: 197  Precision @ 1: 0.7695  AUC @ 1: 0.8682
Test Data Eval:
  Num examples: 384  Num correct: 254  Precision @ 1: 0.6615  AUC @ 1: 0.7645
Step 2400: loss = 0.5031 (0.020 sec)
Training Data Eval:
  Num examples: 3584  Num correct: 3036  Precision @ 1: 0.8471  AUC @ 1: 0.9279
Validation Data Eval:
  Num examples: 256  Num correct: 201  Precision @ 1: 0.7852  AUC @ 1: 0.8566
Test Data Eval:
  Num examples: 384  Num correct: 241  Precision @ 1: 0.6276  AUC @ 1: 0.7401
Step 2600: loss = 0.6394 (0.021 sec)
Training Data Eval:
  Num examples: 3584  Num correct: 3097  Precision @ 1: 0.8641  AUC @ 1: 0.9388
Validation Data Eval:
  Num examples: 256  Num correct: 197  Precision @ 1: 0.7695  AUC @ 1: 0.8600
Test Data Eval:
  Num examples: 384  Num correct: 257  Precision @ 1: 0.6693  AUC @ 1: 0.7507
Step 2800: loss = 0.5468 (0.049 sec)
Training Data Eval:
  Num examples: 3584  Num correct: 3155  Precision @ 1: 0.8803  AUC @ 1: 0.9491
Validation Data Eval:
  Num examples: 256  Num correct: 205  Precision @ 1: 0.8008  AUC @ 1: 0.8692
Test Data Eval:
  Num examples: 384  Num correct: 250  Precision @ 1: 0.6510  AUC @ 1: 0.7466
Step 3000: loss = 0.5579 (0.020 sec)
Training Data Eval:
  Num examples: 3584  Num correct: 3170  Precision @ 1: 0.8845  AUC @ 1: 0.9531
Validation Data Eval:
  Num examples: 256  Num correct: 203  Precision @ 1: 0.7930  AUC @ 1: 0.8821
Test Data Eval:
  Num examples: 384  Num correct: 260  Precision @ 1: 0.6771  AUC @ 1: 0.7542
Step 3200: loss = 0.4759 (0.020 sec)
Training Data Eval:
  Num examples: 3584  Num correct: 3175  Precision @ 1: 0.8859  AUC @ 1: 0.9578
Validation Data Eval:
  Num examples: 256  Num correct: 203  Precision @ 1: 0.7930  AUC @ 1: 0.8685
Test Data Eval:
  Num examples: 384  Num correct: 261  Precision @ 1: 0.6797  AUC @ 1: 0.7315
Step 3400: loss = 0.4546 (0.021 sec)
Training Data Eval:
  Num examples: 3584  Num correct: 3236  Precision @ 1: 0.9029  AUC @ 1: 0.9657
Validation Data Eval:
  Num examples: 256  Num correct: 204  Precision @ 1: 0.7969  AUC @ 1: 0.8755
Test Data Eval:
  Num examples: 384  Num correct: 267  Precision @ 1: 0.6953  AUC @ 1: 0.7712
Step 3600: loss = 0.5217 (0.020 sec)
Training Data Eval:
  Num examples: 3584  Num correct: 3275  Precision @ 1: 0.9138  AUC @ 1: 0.9704
Validation Data Eval:
  Num examples: 256  Num correct: 206  Precision @ 1: 0.8047  AUC @ 1: 0.8690
Test Data Eval:
  Num examples: 384  Num correct: 254  Precision @ 1: 0.6615  AUC @ 1: 0.7452
Step 3800: loss = 0.4551 (0.023 sec)
Training Data Eval:
  Num examples: 3584  Num correct: 3281  Precision @ 1: 0.9155  AUC @ 1: 0.9714
Validation Data Eval:
  Num examples: 256  Num correct: 203  Precision @ 1: 0.7930  AUC @ 1: 0.8765
Test Data Eval:
  Num examples: 384  Num correct: 249  Precision @ 1: 0.6484  AUC @ 1: 0.7199
Step 4000: loss = 0.4782 (0.021 sec)
Training Data Eval:
  Num examples: 3584  Num correct: 3341  Precision @ 1: 0.9322  AUC @ 1: 0.9816
Validation Data Eval:
  Num examples: 256  Num correct: 207  Precision @ 1: 0.8086  AUC @ 1: 0.8865
Test Data Eval:
  Num examples: 384  Num correct: 248  Precision @ 1: 0.6458  AUC @ 1: 0.7366
Step 4200: loss = 0.3567 (0.055 sec)
Training Data Eval:
  Num examples: 3584  Num correct: 3380  Precision @ 1: 0.9431  AUC @ 1: 0.9866
Validation Data Eval:
  Num examples: 256  Num correct: 208  Precision @ 1: 0.8125  AUC @ 1: 0.8827
Test Data Eval:
  Num examples: 384  Num correct: 261  Precision @ 1: 0.6797  AUC @ 1: 0.7464
Step 4400: loss = 0.3918 (0.021 sec)
Training Data Eval:
  Num examples: 3584  Num correct: 3381  Precision @ 1: 0.9434  AUC @ 1: 0.9881
Validation Data Eval:
  Num examples: 256  Num correct: 208  Precision @ 1: 0.8125  AUC @ 1: 0.8892
Test Data Eval:
  Num examples: 384  Num correct: 259  Precision @ 1: 0.6745  AUC @ 1: 0.7520
Step 4600: loss = 0.3893 (0.020 sec)
Training Data Eval:
  Num examples: 3584  Num correct: 3421  Precision @ 1: 0.9545  AUC @ 1: 0.9926
Validation Data Eval:
  Num examples: 256  Num correct: 208  Precision @ 1: 0.8125  AUC @ 1: 0.8881
Test Data Eval:
  Num examples: 384  Num correct: 263  Precision @ 1: 0.6849  AUC @ 1: 0.7691
Step 4800: loss = 0.3296 (0.020 sec)
Training Data Eval:
  Num examples: 3584  Num correct: 3455  Precision @ 1: 0.9640  AUC @ 1: 0.9939
Validation Data Eval:
  Num examples: 256  Num correct: 205  Precision @ 1: 0.8008  AUC @ 1: 0.8856
Test Data Eval:
  Num examples: 384  Num correct: 254  Precision @ 1: 0.6615  AUC @ 1: 0.7347
Step 5000: loss = 0.3363 (0.021 sec)
Training Data Eval:
  Num examples: 3584  Num correct: 3487  Precision @ 1: 0.9729  AUC @ 1: 0.9964
Validation Data Eval:
  Num examples: 256  Num correct: 208  Precision @ 1: 0.8125  AUC @ 1: 0.8882
Test Data Eval:
  Num examples: 384  Num correct: 260  Precision @ 1: 0.6771  AUC @ 1: 0.7502
Step 5200: loss = 0.3865 (0.020 sec)
Training Data Eval:
  Num examples: 3584  Num correct: 3491  Precision @ 1: 0.9741  AUC @ 1: 0.9968
Validation Data Eval:
  Num examples: 256  Num correct: 205  Precision @ 1: 0.8008  AUC @ 1: 0.8901
Test Data Eval:
  Num examples: 384  Num correct: 254  Precision @ 1: 0.6615  AUC @ 1: 0.7486
Step 5400: loss = 0.3059 (0.021 sec)
Training Data Eval:
  Num examples: 3584  Num correct: 3505  Precision @ 1: 0.9780  AUC @ 1: 0.9981
Validation Data Eval:
  Num examples: 256  Num correct: 205  Precision @ 1: 0.8008  AUC @ 1: 0.8927
Test Data Eval:
  Num examples: 384  Num correct: 258  Precision @ 1: 0.6719  AUC @ 1: 0.7529
Step 5600: loss = 0.3050 (0.057 sec)
Training Data Eval:
  Num examples: 3584  Num correct: 3531  Precision @ 1: 0.9852  AUC @ 1: 0.9988
Validation Data Eval:
  Num examples: 256  Num correct: 203  Precision @ 1: 0.7930  AUC @ 1: 0.8890
Test Data Eval:
  Num examples: 384  Num correct: 246  Precision @ 1: 0.6406  AUC @ 1: 0.7576
Step 5800: loss = 0.2643 (0.020 sec)
Training Data Eval:
  Num examples: 3584  Num correct: 3537  Precision @ 1: 0.9869  AUC @ 1: 0.9993
Validation Data Eval:
  Num examples: 256  Num correct: 207  Precision @ 1: 0.8086  AUC @ 1: 0.8930
Test Data Eval:
  Num examples: 384  Num correct: 258  Precision @ 1: 0.6719  AUC @ 1: 0.7538
Step 6000: loss = 0.2976 (0.021 sec)
Training Data Eval:
  Num examples: 3584  Num correct: 3538  Precision @ 1: 0.9872  AUC @ 1: 0.9994
Validation Data Eval:
  Num examples: 256  Num correct: 207  Precision @ 1: 0.8086  AUC @ 1: 0.8974
Test Data Eval:
  Num examples: 384  Num correct: 253  Precision @ 1: 0.6589  AUC @ 1: 0.7411
Step 6200: loss = 0.2858 (0.020 sec)
Training Data Eval:
  Num examples: 3584  Num correct: 3551  Precision @ 1: 0.9908  AUC @ 1: 0.9998
Validation Data Eval:
  Num examples: 256  Num correct: 206  Precision @ 1: 0.8047  AUC @ 1: 0.8993
Test Data Eval:
  Num examples: 384  Num correct: 254  Precision @ 1: 0.6615  AUC @ 1: 0.7655
Step 6400: loss = 0.2649 (0.021 sec)
Training Data Eval:
  Num examples: 3584  Num correct: 3542  Precision @ 1: 0.9883  AUC @ 1: 0.9991
Validation Data Eval:
  Num examples: 256  Num correct: 209  Precision @ 1: 0.8164  AUC @ 1: 0.9001
Test Data Eval:
  Num examples: 384  Num correct: 257  Precision @ 1: 0.6693  AUC @ 1: 0.7604
Step 6600: loss = 0.2248 (0.020 sec)
Training Data Eval:
  Num examples: 3584  Num correct: 3574  Precision @ 1: 0.9972  AUC @ 1: 0.9999
Validation Data Eval:
  Num examples: 256  Num correct: 206  Precision @ 1: 0.8047  AUC @ 1: 0.8921
Test Data Eval:
  Num examples: 384  Num correct: 264  Precision @ 1: 0.6875  AUC @ 1: 0.7641
Step 6800: loss = 0.2982 (0.021 sec)
Training Data Eval:
  Num examples: 3584  Num correct: 3301  Precision @ 1: 0.9210  AUC @ 1: 0.9732
Validation Data Eval:
  Num examples: 256  Num correct: 198  Precision @ 1: 0.7734  AUC @ 1: 0.8560
Test Data Eval:
  Num examples: 384  Num correct: 267  Precision @ 1: 0.6953  AUC @ 1: 0.7846
Step 7000: loss = 0.4391 (0.055 sec)
Training Data Eval:
  Num examples: 3584  Num correct: 3571  Precision @ 1: 0.9964  AUC @ 1: 0.9998
Validation Data Eval:
  Num examples: 256  Num correct: 202  Precision @ 1: 0.7891  AUC @ 1: 0.8940
Test Data Eval:
  Num examples: 384  Num correct: 260  Precision @ 1: 0.6771  AUC @ 1: 0.7795
Step 7200: loss = 0.2020 (0.021 sec)
Training Data Eval:
  Num examples: 3584  Num correct: 3398  Precision @ 1: 0.9481  AUC @ 1: 0.9848
Validation Data Eval:
  Num examples: 256  Num correct: 201  Precision @ 1: 0.7852  AUC @ 1: 0.8858
Test Data Eval:
  Num examples: 384  Num correct: 253  Precision @ 1: 0.6589  AUC @ 1: 0.7200
Step 7400: loss = 0.3405 (0.023 sec)
Training Data Eval:
  Num examples: 3584  Num correct: 3578  Precision @ 1: 0.9983  AUC @ 1: 1.0000
Validation Data Eval:
  Num examples: 256  Num correct: 205  Precision @ 1: 0.8008  AUC @ 1: 0.8913
Test Data Eval:
  Num examples: 384  Num correct: 256  Precision @ 1: 0.6667  AUC @ 1: 0.7744
Step 7600: loss = 0.2969 (0.020 sec)
Training Data Eval:
  Num examples: 3584  Num correct: 3577  Precision @ 1: 0.9980  AUC @ 1: 1.0000
Validation Data Eval:
  Num examples: 256  Num correct: 201  Precision @ 1: 0.7852  AUC @ 1: 0.8945
Test Data Eval:
  Num examples: 384  Num correct: 264  Precision @ 1: 0.6875  AUC @ 1: 0.7775
Step 7800: loss = 0.2194 (0.020 sec)
Training Data Eval:
  Num examples: 3584  Num correct: 3582  Precision @ 1: 0.9994  AUC @ 1: 1.0000
Validation Data Eval:
  Num examples: 256  Num correct: 205  Precision @ 1: 0.8008  AUC @ 1: 0.8896
Test Data Eval:
  Num examples: 384  Num correct: 254  Precision @ 1: 0.6615  AUC @ 1: 0.7551
Step 8000: loss = 0.2084 (0.020 sec)
Training Data Eval:
  Num examples: 3584  Num correct: 3581  Precision @ 1: 0.9992  AUC @ 1: 1.0000
Validation Data Eval:
  Num examples: 256  Num correct: 204  Precision @ 1: 0.7969  AUC @ 1: 0.8962
Test Data Eval:
  Num examples: 384  Num correct: 259  Precision @ 1: 0.6745  AUC @ 1: 0.7739
Step 8200: loss = 0.1910 (0.020 sec)
Training Data Eval:
  Num examples: 3584  Num correct: 3583  Precision @ 1: 0.9997  AUC @ 1: 1.0000
Validation Data Eval:
  Num examples: 256  Num correct: 205  Precision @ 1: 0.8008  AUC @ 1: 0.8953
Test Data Eval:
  Num examples: 384  Num correct: 261  Precision @ 1: 0.6797  AUC @ 1: 0.7931
Step 8400: loss = 0.2564 (0.056 sec)
Training Data Eval:
  Num examples: 3584  Num correct: 3582  Precision @ 1: 0.9994  AUC @ 1: 0.9999
Validation Data Eval:
  Num examples: 256  Num correct: 206  Precision @ 1: 0.8047  AUC @ 1: 0.8981
Test Data Eval:
  Num examples: 384  Num correct: 264  Precision @ 1: 0.6875  AUC @ 1: 0.7643
Step 8600: loss = 0.2123 (0.021 sec)
Training Data Eval:
  Num examples: 3584  Num correct: 3582  Precision @ 1: 0.9994  AUC @ 1: 1.0000
Validation Data Eval:
  Num examples: 256  Num correct: 208  Precision @ 1: 0.8125  AUC @ 1: 0.8990
Test Data Eval:
  Num examples: 384  Num correct: 262  Precision @ 1: 0.6823  AUC @ 1: 0.7668
Step 8800: loss = 0.2256 (0.020 sec)
Training Data Eval:
  Num examples: 3584  Num correct: 3583  Precision @ 1: 0.9997  AUC @ 1: 1.0000
Validation Data Eval:
  Num examples: 256  Num correct: 205  Precision @ 1: 0.8008  AUC @ 1: 0.8931
Test Data Eval:
  Num examples: 384  Num correct: 257  Precision @ 1: 0.6693  AUC @ 1: 0.7547
Step 9000: loss = 0.1843 (0.021 sec)
Training Data Eval:
  Num examples: 3584  Num correct: 3583  Precision @ 1: 0.9997  AUC @ 1: 0.9999
Validation Data Eval:
  Num examples: 256  Num correct: 208  Precision @ 1: 0.8125  AUC @ 1: 0.8927
Test Data Eval:
  Num examples: 384  Num correct: 261  Precision @ 1: 0.6797  AUC @ 1: 0.7555
Step 9200: loss = 0.1850 (0.021 sec)
Training Data Eval:
  Num examples: 3584  Num correct: 3583  Precision @ 1: 0.9997  AUC @ 1: 1.0000
Validation Data Eval:
  Num examples: 256  Num correct: 206  Precision @ 1: 0.8047  AUC @ 1: 0.8930
Test Data Eval:
  Num examples: 384  Num correct: 256  Precision @ 1: 0.6667  AUC @ 1: 0.7661
Step 9400: loss = 0.1791 (0.022 sec)
Training Data Eval:
  Num examples: 3584  Num correct: 3582  Precision @ 1: 0.9994  AUC @ 1: 0.9999
Validation Data Eval:
  Num examples: 256  Num correct: 207  Precision @ 1: 0.8086  AUC @ 1: 0.8995
Test Data Eval:
  Num examples: 384  Num correct: 256  Precision @ 1: 0.6667  AUC @ 1: 0.7726
Step 9600: loss = 0.2089 (0.021 sec)
Training Data Eval:
  Num examples: 3584  Num correct: 3577  Precision @ 1: 0.9980  AUC @ 1: 1.0000
Validation Data Eval:
  Num examples: 256  Num correct: 203  Precision @ 1: 0.7930  AUC @ 1: 0.8918
Test Data Eval:
  Num examples: 384  Num correct: 259  Precision @ 1: 0.6745  AUC @ 1: 0.7711
Step 9800: loss = 0.1834 (0.053 sec)
Training Data Eval:
  Num examples: 3584  Num correct: 3582  Precision @ 1: 0.9994  AUC @ 1: 1.0000
Validation Data Eval:
  Num examples: 256  Num correct: 210  Precision @ 1: 0.8203  AUC @ 1: 0.8983
Test Data Eval:
  Num examples: 384  Num correct: 266  Precision @ 1: 0.6927  AUC @ 1: 0.7618
