Training data shape: 	(3825, 64, 30, 2)
Training label shape:	(3825,)
Testing data shape:  	(510, 64, 30, 2)
Testing label shape: 	(510,)
max input value is: 3457.31
min input value is: -4872.95
random permuted training data
==============================================================================
Model: 			inference_global_s_cnn
Tensor Name: 	Placeholder:0
[128, 64, 30, 2]
==============================================================================
Tensor Name: conv1/conv1:0
[128, 1, 30, 4]
==============================================================================
Tensor Name: MaxPool:0
[128, 1, 15, 4]
==============================================================================
Tensor Name: local1/local1:0
[128, 128]
==============================================================================
Tensor Name: local2/local2:0
[128, 128]
==============================================================================
Tensor Name: softmax_linear/softmax_linear:0
[128, 2]
Step 0: loss = 0.7453 (0.037 sec)
Training Data Eval:
  Num examples: 3456  Num correct: 1935  Precision @ 1: 0.5599  AUC @ 1: 0.4866
Validation Data Eval:
  Num examples: 256  Num correct: 148  Precision @ 1: 0.5781  AUC @ 1: 0.4328
Test Data Eval:
  Num examples: 384  Num correct: 162  Precision @ 1: 0.4219  AUC @ 1: 0.1063
Step 200: loss = 0.7340 (0.013 sec)
Training Data Eval:
  Num examples: 3456  Num correct: 1957  Precision @ 1: 0.5663  AUC @ 1: 0.5138
Validation Data Eval:
  Num examples: 256  Num correct: 148  Precision @ 1: 0.5781  AUC @ 1: 0.4331
Test Data Eval:
  Num examples: 384  Num correct: 223  Precision @ 1: 0.5807  AUC @ 1: 0.0663
Step 400: loss = 0.7575 (0.011 sec)
Training Data Eval:
  Num examples: 3456  Num correct: 1944  Precision @ 1: 0.5625  AUC @ 1: 0.5344
Validation Data Eval:
  Num examples: 256  Num correct: 148  Precision @ 1: 0.5781  AUC @ 1: 0.4331
Test Data Eval:
  Num examples: 384  Num correct: 222  Precision @ 1: 0.5781  AUC @ 1: 0.0558
Step 600: loss = 0.7285 (0.010 sec)
Training Data Eval:
  Num examples: 3456  Num correct: 1960  Precision @ 1: 0.5671  AUC @ 1: 0.5594
Validation Data Eval:
  Num examples: 256  Num correct: 148  Precision @ 1: 0.5781  AUC @ 1: 0.4404
Test Data Eval:
  Num examples: 384  Num correct: 218  Precision @ 1: 0.5677  AUC @ 1: 0.0642
Step 800: loss = 0.7209 (0.012 sec)
Training Data Eval:
  Num examples: 3456  Num correct: 1948  Precision @ 1: 0.5637  AUC @ 1: 0.6026
Validation Data Eval:
  Num examples: 256  Num correct: 148  Precision @ 1: 0.5781  AUC @ 1: 0.4571
Test Data Eval:
  Num examples: 384  Num correct: 211  Precision @ 1: 0.5495  AUC @ 1: 0.1740
Step 1000: loss = 0.7611 (0.012 sec)
Training Data Eval:
  Num examples: 3456  Num correct: 1995  Precision @ 1: 0.5773  AUC @ 1: 0.6222
Validation Data Eval:
  Num examples: 256  Num correct: 149  Precision @ 1: 0.5820  AUC @ 1: 0.4726
Test Data Eval:
  Num examples: 384  Num correct: 239  Precision @ 1: 0.6224  AUC @ 1: 0.3021
Step 1200: loss = 0.7400 (0.012 sec)
Training Data Eval:
  Num examples: 3456  Num correct: 2115  Precision @ 1: 0.6120  AUC @ 1: 0.6625
Validation Data Eval:
  Num examples: 256  Num correct: 142  Precision @ 1: 0.5547  AUC @ 1: 0.4900
Test Data Eval:
  Num examples: 384  Num correct: 260  Precision @ 1: 0.6771  AUC @ 1: 0.4214
Step 1400: loss = 0.6955 (0.014 sec)
Training Data Eval:
  Num examples: 3456  Num correct: 2213  Precision @ 1: 0.6403  AUC @ 1: 0.6767
Validation Data Eval:
  Num examples: 256  Num correct: 137  Precision @ 1: 0.5352  AUC @ 1: 0.4889
Test Data Eval:
  Num examples: 384  Num correct: 264  Precision @ 1: 0.6875  AUC @ 1: 0.5443
Step 1600: loss = 0.7000 (0.012 sec)
Training Data Eval:
  Num examples: 3456  Num correct: 2226  Precision @ 1: 0.6441  AUC @ 1: 0.6845
Validation Data Eval:
  Num examples: 256  Num correct: 138  Precision @ 1: 0.5391  AUC @ 1: 0.4882
Test Data Eval:
  Num examples: 384  Num correct: 269  Precision @ 1: 0.7005  AUC @ 1: 0.6926
Step 1800: loss = 0.7170 (0.013 sec)
Training Data Eval:
  Num examples: 3456  Num correct: 2283  Precision @ 1: 0.6606  AUC @ 1: 0.7124
Validation Data Eval:
  Num examples: 256  Num correct: 131  Precision @ 1: 0.5117  AUC @ 1: 0.5089
Test Data Eval:
  Num examples: 384  Num correct: 283  Precision @ 1: 0.7370  AUC @ 1: 0.7543
Step 2000: loss = 0.7223 (0.011 sec)
Training Data Eval:
  Num examples: 3456  Num correct: 2303  Precision @ 1: 0.6664  AUC @ 1: 0.7257
Validation Data Eval:
  Num examples: 256  Num correct: 131  Precision @ 1: 0.5117  AUC @ 1: 0.5182
Test Data Eval:
  Num examples: 384  Num correct: 283  Precision @ 1: 0.7370  AUC @ 1: 0.7833
Step 2200: loss = 0.6539 (0.012 sec)
Training Data Eval:
  Num examples: 3456  Num correct: 2337  Precision @ 1: 0.6762  AUC @ 1: 0.7359
Validation Data Eval:
  Num examples: 256  Num correct: 134  Precision @ 1: 0.5234  AUC @ 1: 0.5233
Test Data Eval:
  Num examples: 384  Num correct: 276  Precision @ 1: 0.7188  AUC @ 1: 0.7891
Step 2400: loss = 0.6445 (0.013 sec)
Training Data Eval:
  Num examples: 3456  Num correct: 2344  Precision @ 1: 0.6782  AUC @ 1: 0.7485
Validation Data Eval:
  Num examples: 256  Num correct: 137  Precision @ 1: 0.5352  AUC @ 1: 0.5213
Test Data Eval:
  Num examples: 384  Num correct: 285  Precision @ 1: 0.7422  AUC @ 1: 0.8092
Step 2600: loss = 0.5781 (0.014 sec)
Training Data Eval:
  Num examples: 3456  Num correct: 2350  Precision @ 1: 0.6800  AUC @ 1: 0.7507
Validation Data Eval:
  Num examples: 256  Num correct: 138  Precision @ 1: 0.5391  AUC @ 1: 0.5299
Test Data Eval:
  Num examples: 384  Num correct: 282  Precision @ 1: 0.7344  AUC @ 1: 0.8119
Step 2800: loss = 0.6718 (0.012 sec)
Training Data Eval:
  Num examples: 3456  Num correct: 2399  Precision @ 1: 0.6942  AUC @ 1: 0.7637
Validation Data Eval:
  Num examples: 256  Num correct: 140  Precision @ 1: 0.5469  AUC @ 1: 0.5225
Test Data Eval:
  Num examples: 384  Num correct: 294  Precision @ 1: 0.7656  AUC @ 1: 0.8604
Step 3000: loss = 0.6710 (0.012 sec)
Training Data Eval:
  Num examples: 3456  Num correct: 2401  Precision @ 1: 0.6947  AUC @ 1: 0.7737
Validation Data Eval:
  Num examples: 256  Num correct: 133  Precision @ 1: 0.5195  AUC @ 1: 0.5146
Test Data Eval:
  Num examples: 384  Num correct: 282  Precision @ 1: 0.7344  AUC @ 1: 0.8305
Step 3200: loss = 0.6285 (0.013 sec)
Training Data Eval:
  Num examples: 3456  Num correct: 2447  Precision @ 1: 0.7080  AUC @ 1: 0.7854
Validation Data Eval:
  Num examples: 256  Num correct: 135  Precision @ 1: 0.5273  AUC @ 1: 0.5261
Test Data Eval:
  Num examples: 384  Num correct: 277  Precision @ 1: 0.7214  AUC @ 1: 0.8394
Step 3400: loss = 0.6701 (0.011 sec)
Training Data Eval:
  Num examples: 3456  Num correct: 2418  Precision @ 1: 0.6997  AUC @ 1: 0.7790
Validation Data Eval:
  Num examples: 256  Num correct: 138  Precision @ 1: 0.5391  AUC @ 1: 0.5348
Test Data Eval:
  Num examples: 384  Num correct: 282  Precision @ 1: 0.7344  AUC @ 1: 0.8675
Step 3600: loss = 0.6475 (0.013 sec)
Training Data Eval:
  Num examples: 3456  Num correct: 2478  Precision @ 1: 0.7170  AUC @ 1: 0.7958
Validation Data Eval:
  Num examples: 256  Num correct: 140  Precision @ 1: 0.5469  AUC @ 1: 0.5325
Test Data Eval:
  Num examples: 384  Num correct: 282  Precision @ 1: 0.7344  AUC @ 1: 0.8652
Step 3800: loss = 0.6041 (0.013 sec)
Training Data Eval:
  Num examples: 3456  Num correct: 2496  Precision @ 1: 0.7222  AUC @ 1: 0.8016
Validation Data Eval:
  Num examples: 256  Num correct: 140  Precision @ 1: 0.5469  AUC @ 1: 0.5354
Test Data Eval:
  Num examples: 384  Num correct: 287  Precision @ 1: 0.7474  AUC @ 1: 0.8752
Step 4000: loss = 0.5562 (0.011 sec)
Training Data Eval:
  Num examples: 3456  Num correct: 2544  Precision @ 1: 0.7361  AUC @ 1: 0.8093
Validation Data Eval:
  Num examples: 256  Num correct: 141  Precision @ 1: 0.5508  AUC @ 1: 0.5230
Test Data Eval:
  Num examples: 384  Num correct: 293  Precision @ 1: 0.7630  AUC @ 1: 0.8826
Step 4200: loss = 0.5692 (0.011 sec)
Training Data Eval:
  Num examples: 3456  Num correct: 2546  Precision @ 1: 0.7367  AUC @ 1: 0.8240
Validation Data Eval:
  Num examples: 256  Num correct: 134  Precision @ 1: 0.5234  AUC @ 1: 0.5225
Test Data Eval:
  Num examples: 384  Num correct: 290  Precision @ 1: 0.7552  AUC @ 1: 0.8856
Step 4400: loss = 0.5849 (0.012 sec)
Training Data Eval:
  Num examples: 3456  Num correct: 2537  Precision @ 1: 0.7341  AUC @ 1: 0.8220
Validation Data Eval:
  Num examples: 256  Num correct: 140  Precision @ 1: 0.5469  AUC @ 1: 0.5222
Test Data Eval:
  Num examples: 384  Num correct: 289  Precision @ 1: 0.7526  AUC @ 1: 0.8933
Step 4600: loss = 0.5156 (0.013 sec)
Training Data Eval:
  Num examples: 3456  Num correct: 2577  Precision @ 1: 0.7457  AUC @ 1: 0.8350
Validation Data Eval:
  Num examples: 256  Num correct: 142  Precision @ 1: 0.5547  AUC @ 1: 0.5293
Test Data Eval:
  Num examples: 384  Num correct: 286  Precision @ 1: 0.7448  AUC @ 1: 0.8923
Step 4800: loss = 0.5975 (0.013 sec)
Training Data Eval:
  Num examples: 3456  Num correct: 2570  Precision @ 1: 0.7436  AUC @ 1: 0.8309
Validation Data Eval:
  Num examples: 256  Num correct: 138  Precision @ 1: 0.5391  AUC @ 1: 0.5271
Test Data Eval:
  Num examples: 384  Num correct: 270  Precision @ 1: 0.7031  AUC @ 1: 0.8888
Step 5000: loss = 0.5069 (0.013 sec)
Training Data Eval:
  Num examples: 3456  Num correct: 2616  Precision @ 1: 0.7569  AUC @ 1: 0.8455
Validation Data Eval:
  Num examples: 256  Num correct: 139  Precision @ 1: 0.5430  AUC @ 1: 0.5231
Test Data Eval:
  Num examples: 384  Num correct: 295  Precision @ 1: 0.7682  AUC @ 1: 0.8801
Step 5200: loss = 0.5530 (0.012 sec)
Training Data Eval:
  Num examples: 3456  Num correct: 2654  Precision @ 1: 0.7679  AUC @ 1: 0.8549
Validation Data Eval:
  Num examples: 256  Num correct: 138  Precision @ 1: 0.5391  AUC @ 1: 0.5265
Test Data Eval:
  Num examples: 384  Num correct: 294  Precision @ 1: 0.7656  AUC @ 1: 0.8928
Step 5400: loss = 0.6034 (0.046 sec)
Training Data Eval:
  Num examples: 3456  Num correct: 2647  Precision @ 1: 0.7659  AUC @ 1: 0.8565
Validation Data Eval:
  Num examples: 256  Num correct: 139  Precision @ 1: 0.5430  AUC @ 1: 0.5265
Test Data Eval:
  Num examples: 384  Num correct: 280  Precision @ 1: 0.7292  AUC @ 1: 0.8817
Step 5600: loss = 0.4941 (0.013 sec)
Training Data Eval:
  Num examples: 3456  Num correct: 2657  Precision @ 1: 0.7688  AUC @ 1: 0.8616
Validation Data Eval:
  Num examples: 256  Num correct: 139  Precision @ 1: 0.5430  AUC @ 1: 0.5199
Test Data Eval:
  Num examples: 384  Num correct: 282  Precision @ 1: 0.7344  AUC @ 1: 0.8999
Step 5800: loss = 0.5981 (0.013 sec)
Training Data Eval:
  Num examples: 3456  Num correct: 2684  Precision @ 1: 0.7766  AUC @ 1: 0.8726
Validation Data Eval:
  Num examples: 256  Num correct: 143  Precision @ 1: 0.5586  AUC @ 1: 0.5313
Test Data Eval:
  Num examples: 384  Num correct: 278  Precision @ 1: 0.7240  AUC @ 1: 0.8857
Step 6000: loss = 0.5565 (0.014 sec)
Training Data Eval:
  Num examples: 3456  Num correct: 2669  Precision @ 1: 0.7723  AUC @ 1: 0.8693
Validation Data Eval:
  Num examples: 256  Num correct: 144  Precision @ 1: 0.5625  AUC @ 1: 0.5284
Test Data Eval:
  Num examples: 384  Num correct: 295  Precision @ 1: 0.7682  AUC @ 1: 0.8973
Step 6200: loss = 0.5061 (0.012 sec)
Training Data Eval:
  Num examples: 3456  Num correct: 2731  Precision @ 1: 0.7902  AUC @ 1: 0.8809
Validation Data Eval:
  Num examples: 256  Num correct: 138  Precision @ 1: 0.5391  AUC @ 1: 0.5146
Test Data Eval:
  Num examples: 384  Num correct: 295  Precision @ 1: 0.7682  AUC @ 1: 0.8804
Step 6400: loss = 0.5257 (0.011 sec)
Training Data Eval:
  Num examples: 3456  Num correct: 2743  Precision @ 1: 0.7937  AUC @ 1: 0.8856
Validation Data Eval:
  Num examples: 256  Num correct: 138  Precision @ 1: 0.5391  AUC @ 1: 0.5074
Test Data Eval:
  Num examples: 384  Num correct: 263  Precision @ 1: 0.6849  AUC @ 1: 0.8853
Step 6600: loss = 0.5406 (0.011 sec)
Training Data Eval:
  Num examples: 3456  Num correct: 2776  Precision @ 1: 0.8032  AUC @ 1: 0.8902
Validation Data Eval:
  Num examples: 256  Num correct: 140  Precision @ 1: 0.5469  AUC @ 1: 0.5186
Test Data Eval:
  Num examples: 384  Num correct: 283  Precision @ 1: 0.7370  AUC @ 1: 0.8938
Step 6800: loss = 0.4802 (0.013 sec)
Training Data Eval:
  Num examples: 3456  Num correct: 2770  Precision @ 1: 0.8015  AUC @ 1: 0.8933
Validation Data Eval:
  Num examples: 256  Num correct: 138  Precision @ 1: 0.5391  AUC @ 1: 0.5128
Test Data Eval:
  Num examples: 384  Num correct: 293  Precision @ 1: 0.7630  AUC @ 1: 0.8947
Step 7000: loss = 0.4832 (0.012 sec)
Training Data Eval:
  Num examples: 3456  Num correct: 2795  Precision @ 1: 0.8087  AUC @ 1: 0.9007
Validation Data Eval:
  Num examples: 256  Num correct: 139  Precision @ 1: 0.5430  AUC @ 1: 0.5147
Test Data Eval:
  Num examples: 384  Num correct: 290  Precision @ 1: 0.7552  AUC @ 1: 0.8917
Step 7200: loss = 0.4445 (0.012 sec)
Training Data Eval:
  Num examples: 3456  Num correct: 2806  Precision @ 1: 0.8119  AUC @ 1: 0.8998
Validation Data Eval:
  Num examples: 256  Num correct: 138  Precision @ 1: 0.5391  AUC @ 1: 0.5113
Test Data Eval:
  Num examples: 384  Num correct: 280  Precision @ 1: 0.7292  AUC @ 1: 0.8835
Step 7400: loss = 0.5302 (0.012 sec)
Training Data Eval:
  Num examples: 3456  Num correct: 2812  Precision @ 1: 0.8137  AUC @ 1: 0.9030
Validation Data Eval:
  Num examples: 256  Num correct: 133  Precision @ 1: 0.5195  AUC @ 1: 0.5137
Test Data Eval:
  Num examples: 384  Num correct: 292  Precision @ 1: 0.7604  AUC @ 1: 0.9045
Step 7600: loss = 0.4542 (0.012 sec)
Training Data Eval:
  Num examples: 3456  Num correct: 2840  Precision @ 1: 0.8218  AUC @ 1: 0.9103
Validation Data Eval:
  Num examples: 256  Num correct: 139  Precision @ 1: 0.5430  AUC @ 1: 0.5193
Test Data Eval:
  Num examples: 384  Num correct: 280  Precision @ 1: 0.7292  AUC @ 1: 0.8864
Step 7800: loss = 0.4506 (0.012 sec)
Training Data Eval:
  Num examples: 3456  Num correct: 2860  Precision @ 1: 0.8275  AUC @ 1: 0.9140
Validation Data Eval:
  Num examples: 256  Num correct: 135  Precision @ 1: 0.5273  AUC @ 1: 0.5106
Test Data Eval:
  Num examples: 384  Num correct: 288  Precision @ 1: 0.7500  AUC @ 1: 0.8720
Step 8000: loss = 0.4799 (0.013 sec)
Training Data Eval:
  Num examples: 3456  Num correct: 2852  Precision @ 1: 0.8252  AUC @ 1: 0.9162
Validation Data Eval:
  Num examples: 256  Num correct: 135  Precision @ 1: 0.5273  AUC @ 1: 0.5096
Test Data Eval:
  Num examples: 384  Num correct: 291  Precision @ 1: 0.7578  AUC @ 1: 0.8816
Step 8200: loss = 0.4624 (0.013 sec)
Training Data Eval:
  Num examples: 3456  Num correct: 2886  Precision @ 1: 0.8351  AUC @ 1: 0.9205
Validation Data Eval:
  Num examples: 256  Num correct: 139  Precision @ 1: 0.5430  AUC @ 1: 0.5194
Test Data Eval:
  Num examples: 384  Num correct: 284  Precision @ 1: 0.7396  AUC @ 1: 0.9114
Step 8400: loss = 0.5253 (0.013 sec)
Training Data Eval:
  Num examples: 3456  Num correct: 2855  Precision @ 1: 0.8261  AUC @ 1: 0.9176
Validation Data Eval:
  Num examples: 256  Num correct: 139  Precision @ 1: 0.5430  AUC @ 1: 0.5196
Test Data Eval:
  Num examples: 384  Num correct: 288  Precision @ 1: 0.7500  AUC @ 1: 0.8774
Step 8600: loss = 0.4589 (0.013 sec)
Training Data Eval:
  Num examples: 3456  Num correct: 2908  Precision @ 1: 0.8414  AUC @ 1: 0.9247
Validation Data Eval:
  Num examples: 256  Num correct: 137  Precision @ 1: 0.5352  AUC @ 1: 0.5158
Test Data Eval:
  Num examples: 384  Num correct: 279  Precision @ 1: 0.7266  AUC @ 1: 0.8972
Step 8800: loss = 0.5189 (0.013 sec)
Training Data Eval:
  Num examples: 3456  Num correct: 2907  Precision @ 1: 0.8411  AUC @ 1: 0.9281
Validation Data Eval:
  Num examples: 256  Num correct: 140  Precision @ 1: 0.5469  AUC @ 1: 0.5178
Test Data Eval:
  Num examples: 384  Num correct: 267  Precision @ 1: 0.6953  AUC @ 1: 0.9026
Step 9000: loss = 0.4210 (0.012 sec)
Training Data Eval:
  Num examples: 3456  Num correct: 2926  Precision @ 1: 0.8466  AUC @ 1: 0.9309
Validation Data Eval:
  Num examples: 256  Num correct: 140  Precision @ 1: 0.5469  AUC @ 1: 0.5160
Test Data Eval:
  Num examples: 384  Num correct: 276  Precision @ 1: 0.7188  AUC @ 1: 0.8894
Step 9200: loss = 0.4758 (0.013 sec)
Training Data Eval:
  Num examples: 3456  Num correct: 2906  Precision @ 1: 0.8409  AUC @ 1: 0.9296
Validation Data Eval:
  Num examples: 256  Num correct: 136  Precision @ 1: 0.5312  AUC @ 1: 0.5140
Test Data Eval:
  Num examples: 384  Num correct: 280  Precision @ 1: 0.7292  AUC @ 1: 0.8749
Step 9400: loss = 0.4881 (0.014 sec)
Training Data Eval:
  Num examples: 3456  Num correct: 2957  Precision @ 1: 0.8556  AUC @ 1: 0.9397
Validation Data Eval:
  Num examples: 256  Num correct: 139  Precision @ 1: 0.5430  AUC @ 1: 0.5196
Test Data Eval:
  Num examples: 384  Num correct: 277  Precision @ 1: 0.7214  AUC @ 1: 0.8955
Step 9600: loss = 0.4810 (0.011 sec)
Training Data Eval:
  Num examples: 3456  Num correct: 2942  Precision @ 1: 0.8513  AUC @ 1: 0.9341
Validation Data Eval:
  Num examples: 256  Num correct: 133  Precision @ 1: 0.5195  AUC @ 1: 0.5231
Test Data Eval:
  Num examples: 384  Num correct: 270  Precision @ 1: 0.7031  AUC @ 1: 0.8870
Step 9800: loss = 0.4856 (0.014 sec)
Training Data Eval:
  Num examples: 3456  Num correct: 2981  Precision @ 1: 0.8626  AUC @ 1: 0.9391
Validation Data Eval:
  Num examples: 256  Num correct: 137  Precision @ 1: 0.5352  AUC @ 1: 0.5200
Test Data Eval:
  Num examples: 384  Num correct: 272  Precision @ 1: 0.7083  AUC @ 1: 0.8829
