Training data shape: 	(3825, 64, 30, 2)
Training label shape:	(3825,)
Testing data shape:  	(510, 64, 30, 2)
Testing label shape: 	(510,)
max input value is: 3457.31
min input value is: -4872.95
random permuted training data
==============================================================================
Model: 			inference_global_s_cnn
Tensor Name: 	Placeholder:0
[128, 64, 30, 2]
==============================================================================
Tensor Name: conv1/conv1:0
[128, 1, 30, 32]
==============================================================================
Tensor Name: MaxPool:0
[128, 1, 15, 32]
==============================================================================
Tensor Name: local1/local1:0
[128, 128]
==============================================================================
Tensor Name: local2/local2:0
[128, 128]
==============================================================================
Tensor Name: softmax_linear/softmax_linear:0
[128, 2]
Step 0: loss = 0.8895 (0.039 sec)
Training Data Eval:
  Num examples: 3456  Num correct: 2019  Precision @ 1: 0.5842  AUC @ 1: 0.5767
Validation Data Eval:
  Num examples: 256  Num correct: 151  Precision @ 1: 0.5898  AUC @ 1: 0.5056
Test Data Eval:
  Num examples: 384  Num correct: 153  Precision @ 1: 0.3984  AUC @ 1: 0.2101
Step 200: loss = 0.8683 (0.018 sec)
Training Data Eval:
  Num examples: 3456  Num correct: 2177  Precision @ 1: 0.6299  AUC @ 1: 0.6695
Validation Data Eval:
  Num examples: 256  Num correct: 138  Precision @ 1: 0.5391  AUC @ 1: 0.5136
Test Data Eval:
  Num examples: 384  Num correct: 216  Precision @ 1: 0.5625  AUC @ 1: 0.3953
Step 400: loss = 0.8707 (0.020 sec)
Training Data Eval:
  Num examples: 3456  Num correct: 2223  Precision @ 1: 0.6432  AUC @ 1: 0.7114
Validation Data Eval:
  Num examples: 256  Num correct: 128  Precision @ 1: 0.5000  AUC @ 1: 0.5116
Test Data Eval:
  Num examples: 384  Num correct: 245  Precision @ 1: 0.6380  AUC @ 1: 0.5318
Step 600: loss = 0.7725 (0.019 sec)
Training Data Eval:
  Num examples: 3456  Num correct: 2413  Precision @ 1: 0.6982  AUC @ 1: 0.7686
Validation Data Eval:
  Num examples: 256  Num correct: 137  Precision @ 1: 0.5352  AUC @ 1: 0.4946
Test Data Eval:
  Num examples: 384  Num correct: 260  Precision @ 1: 0.6771  AUC @ 1: 0.6118
Step 800: loss = 0.7281 (0.018 sec)
Training Data Eval:
  Num examples: 3456  Num correct: 2488  Precision @ 1: 0.7199  AUC @ 1: 0.8051
Validation Data Eval:
  Num examples: 256  Num correct: 133  Precision @ 1: 0.5195  AUC @ 1: 0.4956
Test Data Eval:
  Num examples: 384  Num correct: 269  Precision @ 1: 0.7005  AUC @ 1: 0.6806
Step 1000: loss = 0.7567 (0.019 sec)
Training Data Eval:
  Num examples: 3456  Num correct: 2617  Precision @ 1: 0.7572  AUC @ 1: 0.8493
Validation Data Eval:
  Num examples: 256  Num correct: 135  Precision @ 1: 0.5273  AUC @ 1: 0.5060
Test Data Eval:
  Num examples: 384  Num correct: 274  Precision @ 1: 0.7135  AUC @ 1: 0.7420
Step 1200: loss = 0.7234 (0.019 sec)
Training Data Eval:
  Num examples: 3456  Num correct: 2741  Precision @ 1: 0.7931  AUC @ 1: 0.8768
Validation Data Eval:
  Num examples: 256  Num correct: 135  Precision @ 1: 0.5273  AUC @ 1: 0.5016
Test Data Eval:
  Num examples: 384  Num correct: 276  Precision @ 1: 0.7188  AUC @ 1: 0.6817
Step 1400: loss = 0.7053 (0.019 sec)
Training Data Eval:
  Num examples: 3456  Num correct: 2807  Precision @ 1: 0.8122  AUC @ 1: 0.8961
Validation Data Eval:
  Num examples: 256  Num correct: 137  Precision @ 1: 0.5352  AUC @ 1: 0.5080
Test Data Eval:
  Num examples: 384  Num correct: 274  Precision @ 1: 0.7135  AUC @ 1: 0.6603
Step 1600: loss = 0.6437 (0.019 sec)
Training Data Eval:
  Num examples: 3456  Num correct: 2874  Precision @ 1: 0.8316  AUC @ 1: 0.9252
Validation Data Eval:
  Num examples: 256  Num correct: 139  Precision @ 1: 0.5430  AUC @ 1: 0.5094
Test Data Eval:
  Num examples: 384  Num correct: 279  Precision @ 1: 0.7266  AUC @ 1: 0.7603
Step 1800: loss = 0.6412 (0.016 sec)
Training Data Eval:
  Num examples: 3456  Num correct: 2969  Precision @ 1: 0.8591  AUC @ 1: 0.9439
Validation Data Eval:
  Num examples: 256  Num correct: 137  Precision @ 1: 0.5352  AUC @ 1: 0.5082
Test Data Eval:
  Num examples: 384  Num correct: 264  Precision @ 1: 0.6875  AUC @ 1: 0.6515
Step 2000: loss = 0.6376 (0.016 sec)
Training Data Eval:
  Num examples: 3456  Num correct: 3016  Precision @ 1: 0.8727  AUC @ 1: 0.9503
Validation Data Eval:
  Num examples: 256  Num correct: 140  Precision @ 1: 0.5469  AUC @ 1: 0.5115
Test Data Eval:
  Num examples: 384  Num correct: 270  Precision @ 1: 0.7031  AUC @ 1: 0.7118
Step 2200: loss = 0.5691 (0.017 sec)
Training Data Eval:
  Num examples: 3456  Num correct: 3067  Precision @ 1: 0.8874  AUC @ 1: 0.9630
Validation Data Eval:
  Num examples: 256  Num correct: 135  Precision @ 1: 0.5273  AUC @ 1: 0.4951
Test Data Eval:
  Num examples: 384  Num correct: 262  Precision @ 1: 0.6823  AUC @ 1: 0.6385
Step 2400: loss = 0.4929 (0.019 sec)
Training Data Eval:
  Num examples: 3456  Num correct: 3122  Precision @ 1: 0.9034  AUC @ 1: 0.9689
Validation Data Eval:
  Num examples: 256  Num correct: 135  Precision @ 1: 0.5273  AUC @ 1: 0.4965
Test Data Eval:
  Num examples: 384  Num correct: 265  Precision @ 1: 0.6901  AUC @ 1: 0.6632
Step 2600: loss = 0.4426 (0.017 sec)
Training Data Eval:
  Num examples: 3456  Num correct: 3168  Precision @ 1: 0.9167  AUC @ 1: 0.9753
Validation Data Eval:
  Num examples: 256  Num correct: 138  Precision @ 1: 0.5391  AUC @ 1: 0.5209
Test Data Eval:
  Num examples: 384  Num correct: 256  Precision @ 1: 0.6667  AUC @ 1: 0.6528
Step 2800: loss = 0.4238 (0.018 sec)
Training Data Eval:
  Num examples: 3456  Num correct: 3151  Precision @ 1: 0.9117  AUC @ 1: 0.9812
Validation Data Eval:
  Num examples: 256  Num correct: 140  Precision @ 1: 0.5469  AUC @ 1: 0.4981
Test Data Eval:
  Num examples: 384  Num correct: 271  Precision @ 1: 0.7057  AUC @ 1: 0.6673
Step 3000: loss = 0.4400 (0.016 sec)
Training Data Eval:
  Num examples: 3456  Num correct: 3251  Precision @ 1: 0.9407  AUC @ 1: 0.9859
Validation Data Eval:
  Num examples: 256  Num correct: 142  Precision @ 1: 0.5547  AUC @ 1: 0.5055
Test Data Eval:
  Num examples: 384  Num correct: 262  Precision @ 1: 0.6823  AUC @ 1: 0.7609
Step 3200: loss = 0.4093 (0.017 sec)
Training Data Eval:
  Num examples: 3456  Num correct: 3317  Precision @ 1: 0.9598  AUC @ 1: 0.9925
Validation Data Eval:
  Num examples: 256  Num correct: 139  Precision @ 1: 0.5430  AUC @ 1: 0.5067
Test Data Eval:
  Num examples: 384  Num correct: 244  Precision @ 1: 0.6354  AUC @ 1: 0.7033
Step 3400: loss = 0.4449 (0.018 sec)
Training Data Eval:
  Num examples: 3456  Num correct: 3321  Precision @ 1: 0.9609  AUC @ 1: 0.9950
Validation Data Eval:
  Num examples: 256  Num correct: 136  Precision @ 1: 0.5312  AUC @ 1: 0.5109
Test Data Eval:
  Num examples: 384  Num correct: 267  Precision @ 1: 0.6953  AUC @ 1: 0.6920
Step 3600: loss = 0.3839 (0.016 sec)
Training Data Eval:
  Num examples: 3456  Num correct: 3352  Precision @ 1: 0.9699  AUC @ 1: 0.9954
Validation Data Eval:
  Num examples: 256  Num correct: 132  Precision @ 1: 0.5156  AUC @ 1: 0.4996
Test Data Eval:
  Num examples: 384  Num correct: 265  Precision @ 1: 0.6901  AUC @ 1: 0.6917
Step 3800: loss = 0.3823 (0.018 sec)
Training Data Eval:
  Num examples: 3456  Num correct: 3384  Precision @ 1: 0.9792  AUC @ 1: 0.9979
Validation Data Eval:
  Num examples: 256  Num correct: 135  Precision @ 1: 0.5273  AUC @ 1: 0.4948
Test Data Eval:
  Num examples: 384  Num correct: 270  Precision @ 1: 0.7031  AUC @ 1: 0.6899
Step 4000: loss = 0.3221 (0.016 sec)
Training Data Eval:
  Num examples: 3456  Num correct: 3401  Precision @ 1: 0.9841  AUC @ 1: 0.9985
Validation Data Eval:
  Num examples: 256  Num correct: 139  Precision @ 1: 0.5430  AUC @ 1: 0.5067
Test Data Eval:
  Num examples: 384  Num correct: 262  Precision @ 1: 0.6823  AUC @ 1: 0.6629
Step 4200: loss = 0.3307 (0.017 sec)
Training Data Eval:
  Num examples: 3456  Num correct: 3407  Precision @ 1: 0.9858  AUC @ 1: 0.9989
Validation Data Eval:
  Num examples: 256  Num correct: 141  Precision @ 1: 0.5508  AUC @ 1: 0.5118
Test Data Eval:
  Num examples: 384  Num correct: 263  Precision @ 1: 0.6849  AUC @ 1: 0.6731
Step 4400: loss = 0.4067 (0.018 sec)
Training Data Eval:
  Num examples: 3456  Num correct: 3393  Precision @ 1: 0.9818  AUC @ 1: 0.9972
Validation Data Eval:
  Num examples: 256  Num correct: 137  Precision @ 1: 0.5352  AUC @ 1: 0.5095
Test Data Eval:
  Num examples: 384  Num correct: 268  Precision @ 1: 0.6979  AUC @ 1: 0.7308
Step 4600: loss = 0.3093 (0.019 sec)
Training Data Eval:
  Num examples: 3456  Num correct: 3432  Precision @ 1: 0.9931  AUC @ 1: 0.9997
Validation Data Eval:
  Num examples: 256  Num correct: 133  Precision @ 1: 0.5195  AUC @ 1: 0.4908
Test Data Eval:
  Num examples: 384  Num correct: 269  Precision @ 1: 0.7005  AUC @ 1: 0.7526
Step 4800: loss = 0.3087 (0.018 sec)
Training Data Eval:
  Num examples: 3456  Num correct: 3430  Precision @ 1: 0.9925  AUC @ 1: 0.9997
Validation Data Eval:
  Num examples: 256  Num correct: 141  Precision @ 1: 0.5508  AUC @ 1: 0.5106
Test Data Eval:
  Num examples: 384  Num correct: 251  Precision @ 1: 0.6536  AUC @ 1: 0.6287
Step 5000: loss = 0.3217 (0.019 sec)
Training Data Eval:
  Num examples: 3456  Num correct: 3436  Precision @ 1: 0.9942  AUC @ 1: 0.9997
Validation Data Eval:
  Num examples: 256  Num correct: 135  Precision @ 1: 0.5273  AUC @ 1: 0.5172
Test Data Eval:
  Num examples: 384  Num correct: 271  Precision @ 1: 0.7057  AUC @ 1: 0.7605
Step 5200: loss = 0.2525 (0.018 sec)
Training Data Eval:
  Num examples: 3456  Num correct: 3447  Precision @ 1: 0.9974  AUC @ 1: 1.0000
Validation Data Eval:
  Num examples: 256  Num correct: 142  Precision @ 1: 0.5547  AUC @ 1: 0.5190
Test Data Eval:
  Num examples: 384  Num correct: 272  Precision @ 1: 0.7083  AUC @ 1: 0.7126
Step 5400: loss = 0.3064 (0.054 sec)
Training Data Eval:
  Num examples: 3456  Num correct: 3452  Precision @ 1: 0.9988  AUC @ 1: 1.0000
Validation Data Eval:
  Num examples: 256  Num correct: 139  Precision @ 1: 0.5430  AUC @ 1: 0.5119
Test Data Eval:
  Num examples: 384  Num correct: 261  Precision @ 1: 0.6797  AUC @ 1: 0.7375
Step 5600: loss = 0.2638 (0.017 sec)
Training Data Eval:
  Num examples: 3456  Num correct: 3450  Precision @ 1: 0.9983  AUC @ 1: 0.9999
Validation Data Eval:
  Num examples: 256  Num correct: 138  Precision @ 1: 0.5391  AUC @ 1: 0.5265
Test Data Eval:
  Num examples: 384  Num correct: 267  Precision @ 1: 0.6953  AUC @ 1: 0.7539
Step 5800: loss = 0.2632 (0.018 sec)
Training Data Eval:
  Num examples: 3456  Num correct: 3449  Precision @ 1: 0.9980  AUC @ 1: 1.0000
Validation Data Eval:
  Num examples: 256  Num correct: 140  Precision @ 1: 0.5469  AUC @ 1: 0.5126
Test Data Eval:
  Num examples: 384  Num correct: 269  Precision @ 1: 0.7005  AUC @ 1: 0.7272
Step 6000: loss = 0.2773 (0.017 sec)
Training Data Eval:
  Num examples: 3456  Num correct: 3455  Precision @ 1: 0.9997  AUC @ 1: 1.0000
Validation Data Eval:
  Num examples: 256  Num correct: 139  Precision @ 1: 0.5430  AUC @ 1: 0.5100
Test Data Eval:
  Num examples: 384  Num correct: 258  Precision @ 1: 0.6719  AUC @ 1: 0.7476
Step 6200: loss = 0.4033 (0.019 sec)
Training Data Eval:
  Num examples: 3456  Num correct: 3453  Precision @ 1: 0.9991  AUC @ 1: 1.0000
Validation Data Eval:
  Num examples: 256  Num correct: 136  Precision @ 1: 0.5312  AUC @ 1: 0.5214
Test Data Eval:
  Num examples: 384  Num correct: 263  Precision @ 1: 0.6849  AUC @ 1: 0.7177
Step 6400: loss = 0.1992 (0.018 sec)
Training Data Eval:
  Num examples: 3456  Num correct: 3449  Precision @ 1: 0.9980  AUC @ 1: 1.0000
Validation Data Eval:
  Num examples: 256  Num correct: 140  Precision @ 1: 0.5469  AUC @ 1: 0.5138
Test Data Eval:
  Num examples: 384  Num correct: 264  Precision @ 1: 0.6875  AUC @ 1: 0.7494
Step 6600: loss = 0.2351 (0.019 sec)
Training Data Eval:
  Num examples: 3456  Num correct: 3454  Precision @ 1: 0.9994  AUC @ 1: 0.9999
Validation Data Eval:
  Num examples: 256  Num correct: 144  Precision @ 1: 0.5625  AUC @ 1: 0.5257
Test Data Eval:
  Num examples: 384  Num correct: 275  Precision @ 1: 0.7161  AUC @ 1: 0.7792
Step 6800: loss = 0.2099 (0.017 sec)
Training Data Eval:
  Num examples: 3456  Num correct: 3455  Precision @ 1: 0.9997  AUC @ 1: 1.0000
Validation Data Eval:
  Num examples: 256  Num correct: 136  Precision @ 1: 0.5312  AUC @ 1: 0.5180
Test Data Eval:
  Num examples: 384  Num correct: 282  Precision @ 1: 0.7344  AUC @ 1: 0.7940
Step 7000: loss = 0.1987 (0.019 sec)
Training Data Eval:
  Num examples: 3456  Num correct: 3456  Precision @ 1: 1.0000  AUC @ 1: 1.0000
Validation Data Eval:
  Num examples: 256  Num correct: 138  Precision @ 1: 0.5391  AUC @ 1: 0.5127
Test Data Eval:
  Num examples: 384  Num correct: 274  Precision @ 1: 0.7135  AUC @ 1: 0.7611
Step 7200: loss = 0.1990 (0.019 sec)
Training Data Eval:
  Num examples: 3456  Num correct: 3455  Precision @ 1: 0.9997  AUC @ 1: 1.0000
Validation Data Eval:
  Num examples: 256  Num correct: 140  Precision @ 1: 0.5469  AUC @ 1: 0.5163
Test Data Eval:
  Num examples: 384  Num correct: 266  Precision @ 1: 0.6927  AUC @ 1: 0.7906
Step 7400: loss = 0.2273 (0.016 sec)
Training Data Eval:
  Num examples: 3456  Num correct: 3454  Precision @ 1: 0.9994  AUC @ 1: 1.0000
Validation Data Eval:
  Num examples: 256  Num correct: 137  Precision @ 1: 0.5352  AUC @ 1: 0.5113
Test Data Eval:
  Num examples: 384  Num correct: 266  Precision @ 1: 0.6927  AUC @ 1: 0.7158
Step 7600: loss = 0.1731 (0.019 sec)
Training Data Eval:
  Num examples: 3456  Num correct: 3455  Precision @ 1: 0.9997  AUC @ 1: 1.0000
Validation Data Eval:
  Num examples: 256  Num correct: 137  Precision @ 1: 0.5352  AUC @ 1: 0.5144
Test Data Eval:
  Num examples: 384  Num correct: 263  Precision @ 1: 0.6849  AUC @ 1: 0.7255
Step 7800: loss = 0.2117 (0.019 sec)
Training Data Eval:
  Num examples: 3456  Num correct: 3456  Precision @ 1: 1.0000  AUC @ 1: 1.0000
Validation Data Eval:
  Num examples: 256  Num correct: 142  Precision @ 1: 0.5547  AUC @ 1: 0.5169
Test Data Eval:
  Num examples: 384  Num correct: 274  Precision @ 1: 0.7135  AUC @ 1: 0.7854
Step 8000: loss = 0.2126 (0.019 sec)
Training Data Eval:
  Num examples: 3456  Num correct: 3456  Precision @ 1: 1.0000  AUC @ 1: 1.0000
Validation Data Eval:
  Num examples: 256  Num correct: 141  Precision @ 1: 0.5508  AUC @ 1: 0.5174
Test Data Eval:
  Num examples: 384  Num correct: 274  Precision @ 1: 0.7135  AUC @ 1: 0.7609
Step 8200: loss = 0.1756 (0.022 sec)
Training Data Eval:
  Num examples: 3456  Num correct: 3456  Precision @ 1: 1.0000  AUC @ 1: 1.0000
Validation Data Eval:
  Num examples: 256  Num correct: 135  Precision @ 1: 0.5273  AUC @ 1: 0.5163
Test Data Eval:
  Num examples: 384  Num correct: 263  Precision @ 1: 0.6849  AUC @ 1: 0.7222
Step 8400: loss = 0.1875 (0.018 sec)
Training Data Eval:
  Num examples: 3456  Num correct: 3456  Precision @ 1: 1.0000  AUC @ 1: 1.0000
Validation Data Eval:
  Num examples: 256  Num correct: 137  Precision @ 1: 0.5352  AUC @ 1: 0.5133
Test Data Eval:
  Num examples: 384  Num correct: 272  Precision @ 1: 0.7083  AUC @ 1: 0.7435
Step 8600: loss = 0.1799 (0.017 sec)
Training Data Eval:
  Num examples: 3456  Num correct: 3456  Precision @ 1: 1.0000  AUC @ 1: 1.0000
Validation Data Eval:
  Num examples: 256  Num correct: 137  Precision @ 1: 0.5352  AUC @ 1: 0.5174
Test Data Eval:
  Num examples: 384  Num correct: 283  Precision @ 1: 0.7370  AUC @ 1: 0.7550
Step 8800: loss = 0.1709 (0.020 sec)
Training Data Eval:
  Num examples: 3456  Num correct: 3456  Precision @ 1: 1.0000  AUC @ 1: 1.0000
Validation Data Eval:
  Num examples: 256  Num correct: 139  Precision @ 1: 0.5430  AUC @ 1: 0.5122
Test Data Eval:
  Num examples: 384  Num correct: 277  Precision @ 1: 0.7214  AUC @ 1: 0.7625
Step 9000: loss = 0.1728 (0.018 sec)
Training Data Eval:
  Num examples: 3456  Num correct: 3456  Precision @ 1: 1.0000  AUC @ 1: 1.0000
Validation Data Eval:
  Num examples: 256  Num correct: 138  Precision @ 1: 0.5391  AUC @ 1: 0.5148
Test Data Eval:
  Num examples: 384  Num correct: 269  Precision @ 1: 0.7005  AUC @ 1: 0.7343
Step 9200: loss = 0.1939 (0.018 sec)
Training Data Eval:
  Num examples: 3456  Num correct: 3456  Precision @ 1: 1.0000  AUC @ 1: 1.0000
Validation Data Eval:
  Num examples: 256  Num correct: 137  Precision @ 1: 0.5352  AUC @ 1: 0.5153
Test Data Eval:
  Num examples: 384  Num correct: 274  Precision @ 1: 0.7135  AUC @ 1: 0.7231
Step 9400: loss = 0.2625 (0.018 sec)
Training Data Eval:
  Num examples: 3456  Num correct: 3456  Precision @ 1: 1.0000  AUC @ 1: 1.0000
Validation Data Eval:
  Num examples: 256  Num correct: 140  Precision @ 1: 0.5469  AUC @ 1: 0.5143
Test Data Eval:
  Num examples: 384  Num correct: 269  Precision @ 1: 0.7005  AUC @ 1: 0.7553
Step 9600: loss = 0.2462 (0.018 sec)
Training Data Eval:
  Num examples: 3456  Num correct: 3456  Precision @ 1: 1.0000  AUC @ 1: 1.0000
Validation Data Eval:
  Num examples: 256  Num correct: 139  Precision @ 1: 0.5430  AUC @ 1: 0.5093
Test Data Eval:
  Num examples: 384  Num correct: 284  Precision @ 1: 0.7396  AUC @ 1: 0.7556
Step 9800: loss = 0.1838 (0.017 sec)
Training Data Eval:
  Num examples: 3456  Num correct: 3456  Precision @ 1: 1.0000  AUC @ 1: 1.0000
Validation Data Eval:
  Num examples: 256  Num correct: 139  Precision @ 1: 0.5430  AUC @ 1: 0.5104
Test Data Eval:
  Num examples: 384  Num correct: 264  Precision @ 1: 0.6875  AUC @ 1: 0.7381
