Training data shape: 	(4145, 64, 30, 2)
Training label shape:	(4145,)
Testing data shape:  	(190, 64, 30, 2)
Testing label shape: 	(190,)
max input value is: 72.5247
min input value is: -75.9911
random permuted training data
==============================================================================
Model: 			inference_global_s_cnn
Tensor Name: 	Placeholder:0
[128, 64, 30, 2]
==============================================================================
Tensor Name: conv1/conv1:0
[128, 1, 30, 8]
==============================================================================
Tensor Name: MaxPool:0
[128, 1, 15, 8]
==============================================================================
Tensor Name: local1/local1:0
[128, 128]
==============================================================================
Tensor Name: local2/local2:0
[128, 128]
==============================================================================
Tensor Name: softmax_linear/softmax_linear:0
[128, 2]
Step 0: loss = 0.7726 (0.036 sec)
Training Data Eval:
  Num examples: 3840  Num correct: 2202  Precision @ 1: 0.5734  AUC @ 1: 0.5413
Validation Data Eval:
  Num examples: 256  Num correct: 148  Precision @ 1: 0.5781  AUC @ 1: 0.5634
Test Data Eval:
  Num examples: 128  Num correct: 45  Precision @ 1: 0.3516  AUC @ 1: 0.4967
Step 200: loss = 0.7475 (0.012 sec)
Training Data Eval:
  Num examples: 3840  Num correct: 2167  Precision @ 1: 0.5643  AUC @ 1: 0.5479
Validation Data Eval:
  Num examples: 256  Num correct: 148  Precision @ 1: 0.5781  AUC @ 1: 0.5636
Test Data Eval:
  Num examples: 128  Num correct: 70  Precision @ 1: 0.5469  AUC @ 1: 0.7108
Step 400: loss = 0.7640 (0.011 sec)
Training Data Eval:
  Num examples: 3840  Num correct: 2163  Precision @ 1: 0.5633  AUC @ 1: 0.5611
Validation Data Eval:
  Num examples: 256  Num correct: 148  Precision @ 1: 0.5781  AUC @ 1: 0.5643
Test Data Eval:
  Num examples: 128  Num correct: 77  Precision @ 1: 0.6016  AUC @ 1: 0.7189
Step 600: loss = 0.7765 (0.050 sec)
Training Data Eval:
  Num examples: 3840  Num correct: 2150  Precision @ 1: 0.5599  AUC @ 1: 0.5485
Validation Data Eval:
  Num examples: 256  Num correct: 148  Precision @ 1: 0.5781  AUC @ 1: 0.5625
Test Data Eval:
  Num examples: 128  Num correct: 77  Precision @ 1: 0.6016  AUC @ 1: 0.7540
Step 800: loss = 0.7469 (0.012 sec)
Training Data Eval:
  Num examples: 3840  Num correct: 2137  Precision @ 1: 0.5565  AUC @ 1: 0.5802
Validation Data Eval:
  Num examples: 256  Num correct: 148  Precision @ 1: 0.5781  AUC @ 1: 0.5612
Test Data Eval:
  Num examples: 128  Num correct: 70  Precision @ 1: 0.5469  AUC @ 1: 0.7333
Step 1000: loss = 0.7459 (0.014 sec)
Training Data Eval:
  Num examples: 3840  Num correct: 2171  Precision @ 1: 0.5654  AUC @ 1: 0.5671
Validation Data Eval:
  Num examples: 256  Num correct: 148  Precision @ 1: 0.5781  AUC @ 1: 0.5604
Test Data Eval:
  Num examples: 128  Num correct: 73  Precision @ 1: 0.5703  AUC @ 1: 0.7166
Step 1200: loss = 0.7519 (0.054 sec)
Training Data Eval:
  Num examples: 3840  Num correct: 2159  Precision @ 1: 0.5622  AUC @ 1: 0.5678
Validation Data Eval:
  Num examples: 256  Num correct: 148  Precision @ 1: 0.5781  AUC @ 1: 0.5606
Test Data Eval:
  Num examples: 128  Num correct: 64  Precision @ 1: 0.5000  AUC @ 1: 0.7395
Step 1400: loss = 0.7487 (0.014 sec)
Training Data Eval:
  Num examples: 3840  Num correct: 2227  Precision @ 1: 0.5799  AUC @ 1: 0.5647
Validation Data Eval:
  Num examples: 256  Num correct: 148  Precision @ 1: 0.5781  AUC @ 1: 0.5600
Test Data Eval:
  Num examples: 128  Num correct: 69  Precision @ 1: 0.5391  AUC @ 1: 0.6733
Step 1600: loss = 0.7661 (0.014 sec)
Training Data Eval:
  Num examples: 3840  Num correct: 2167  Precision @ 1: 0.5643  AUC @ 1: 0.5737
Validation Data Eval:
  Num examples: 256  Num correct: 148  Precision @ 1: 0.5781  AUC @ 1: 0.5614
Test Data Eval:
  Num examples: 128  Num correct: 68  Precision @ 1: 0.5312  AUC @ 1: 0.7066
Step 1800: loss = 0.7550 (0.054 sec)
Training Data Eval:
  Num examples: 3840  Num correct: 2173  Precision @ 1: 0.5659  AUC @ 1: 0.5810
Validation Data Eval:
  Num examples: 256  Num correct: 148  Precision @ 1: 0.5781  AUC @ 1: 0.5659
Test Data Eval:
  Num examples: 128  Num correct: 71  Precision @ 1: 0.5547  AUC @ 1: 0.7381
Step 2000: loss = 0.7658 (0.013 sec)
Training Data Eval:
  Num examples: 3840  Num correct: 2277  Precision @ 1: 0.5930  AUC @ 1: 0.5772
Validation Data Eval:
  Num examples: 256  Num correct: 152  Precision @ 1: 0.5938  AUC @ 1: 0.5701
Test Data Eval:
  Num examples: 128  Num correct: 61  Precision @ 1: 0.4766  AUC @ 1: 0.6629
Step 2200: loss = 0.7265 (0.014 sec)
Training Data Eval:
  Num examples: 3840  Num correct: 2257  Precision @ 1: 0.5878  AUC @ 1: 0.5882
Validation Data Eval:
  Num examples: 256  Num correct: 147  Precision @ 1: 0.5742  AUC @ 1: 0.5655
Test Data Eval:
  Num examples: 128  Num correct: 55  Precision @ 1: 0.4297  AUC @ 1: 0.6409
Step 2400: loss = 0.7658 (0.044 sec)
Training Data Eval:
  Num examples: 3840  Num correct: 2225  Precision @ 1: 0.5794  AUC @ 1: 0.5878
Validation Data Eval:
  Num examples: 256  Num correct: 149  Precision @ 1: 0.5820  AUC @ 1: 0.5619
Test Data Eval:
  Num examples: 128  Num correct: 58  Precision @ 1: 0.4531  AUC @ 1: 0.6743
Step 2600: loss = 0.7344 (0.014 sec)
Training Data Eval:
  Num examples: 3840  Num correct: 2208  Precision @ 1: 0.5750  AUC @ 1: 0.5944
Validation Data Eval:
  Num examples: 256  Num correct: 147  Precision @ 1: 0.5742  AUC @ 1: 0.5611
Test Data Eval:
  Num examples: 128  Num correct: 56  Precision @ 1: 0.4375  AUC @ 1: 0.6585
Step 2800: loss = 0.7312 (0.015 sec)
Training Data Eval:
  Num examples: 3840  Num correct: 2251  Precision @ 1: 0.5862  AUC @ 1: 0.5968
Validation Data Eval:
  Num examples: 256  Num correct: 147  Precision @ 1: 0.5742  AUC @ 1: 0.5628
Test Data Eval:
  Num examples: 128  Num correct: 56  Precision @ 1: 0.4375  AUC @ 1: 0.6468
Step 3000: loss = 0.7275 (0.047 sec)
Training Data Eval:
  Num examples: 3840  Num correct: 2284  Precision @ 1: 0.5948  AUC @ 1: 0.6020
Validation Data Eval:
  Num examples: 256  Num correct: 147  Precision @ 1: 0.5742  AUC @ 1: 0.5645
Test Data Eval:
  Num examples: 128  Num correct: 54  Precision @ 1: 0.4219  AUC @ 1: 0.6131
Step 3200: loss = 0.7174 (0.014 sec)
Training Data Eval:
  Num examples: 3840  Num correct: 2238  Precision @ 1: 0.5828  AUC @ 1: 0.6077
Validation Data Eval:
  Num examples: 256  Num correct: 147  Precision @ 1: 0.5742  AUC @ 1: 0.5634
Test Data Eval:
  Num examples: 128  Num correct: 50  Precision @ 1: 0.3906  AUC @ 1: 0.6525
Step 3400: loss = 0.7269 (0.014 sec)
Training Data Eval:
  Num examples: 3840  Num correct: 2272  Precision @ 1: 0.5917  AUC @ 1: 0.6094
Validation Data Eval:
  Num examples: 256  Num correct: 147  Precision @ 1: 0.5742  AUC @ 1: 0.5635
Test Data Eval:
  Num examples: 128  Num correct: 55  Precision @ 1: 0.4297  AUC @ 1: 0.6136
Step 3600: loss = 0.7424 (0.053 sec)
Training Data Eval:
  Num examples: 3840  Num correct: 2284  Precision @ 1: 0.5948  AUC @ 1: 0.6179
Validation Data Eval:
  Num examples: 256  Num correct: 146  Precision @ 1: 0.5703  AUC @ 1: 0.5638
Test Data Eval:
  Num examples: 128  Num correct: 53  Precision @ 1: 0.4141  AUC @ 1: 0.6763
Step 3800: loss = 0.7739 (0.012 sec)
Training Data Eval:
  Num examples: 3840  Num correct: 2258  Precision @ 1: 0.5880  AUC @ 1: 0.6108
Validation Data Eval:
  Num examples: 256  Num correct: 147  Precision @ 1: 0.5742  AUC @ 1: 0.5642
Test Data Eval:
  Num examples: 128  Num correct: 57  Precision @ 1: 0.4453  AUC @ 1: 0.6503
Step 4000: loss = 0.7386 (0.014 sec)
Training Data Eval:
  Num examples: 3840  Num correct: 2278  Precision @ 1: 0.5932  AUC @ 1: 0.6205
Validation Data Eval:
  Num examples: 256  Num correct: 147  Precision @ 1: 0.5742  AUC @ 1: 0.5589
Test Data Eval:
  Num examples: 128  Num correct: 50  Precision @ 1: 0.3906  AUC @ 1: 0.5168
Step 4200: loss = 0.7474 (0.049 sec)
Training Data Eval:
  Num examples: 3840  Num correct: 2300  Precision @ 1: 0.5990  AUC @ 1: 0.6242
Validation Data Eval:
  Num examples: 256  Num correct: 147  Precision @ 1: 0.5742  AUC @ 1: 0.5550
Test Data Eval:
  Num examples: 128  Num correct: 57  Precision @ 1: 0.4453  AUC @ 1: 0.6602
Step 4400: loss = 0.7680 (0.013 sec)
Training Data Eval:
  Num examples: 3840  Num correct: 2301  Precision @ 1: 0.5992  AUC @ 1: 0.6319
Validation Data Eval:
  Num examples: 256  Num correct: 147  Precision @ 1: 0.5742  AUC @ 1: 0.5513
Test Data Eval:
  Num examples: 128  Num correct: 58  Precision @ 1: 0.4531  AUC @ 1: 0.5997
Step 4600: loss = 0.7259 (0.014 sec)
Training Data Eval:
  Num examples: 3840  Num correct: 2291  Precision @ 1: 0.5966  AUC @ 1: 0.6321
Validation Data Eval:
  Num examples: 256  Num correct: 147  Precision @ 1: 0.5742  AUC @ 1: 0.5516
Test Data Eval:
  Num examples: 128  Num correct: 53  Precision @ 1: 0.4141  AUC @ 1: 0.5888
Step 4800: loss = 0.7365 (0.056 sec)
Training Data Eval:
  Num examples: 3840  Num correct: 2298  Precision @ 1: 0.5984  AUC @ 1: 0.6391
Validation Data Eval:
  Num examples: 256  Num correct: 146  Precision @ 1: 0.5703  AUC @ 1: 0.5517
Test Data Eval:
  Num examples: 128  Num correct: 57  Precision @ 1: 0.4453  AUC @ 1: 0.6246
Step 5000: loss = 0.7137 (0.014 sec)
Training Data Eval:
  Num examples: 3840  Num correct: 2312  Precision @ 1: 0.6021  AUC @ 1: 0.6423
Validation Data Eval:
  Num examples: 256  Num correct: 146  Precision @ 1: 0.5703  AUC @ 1: 0.5524
Test Data Eval:
  Num examples: 128  Num correct: 63  Precision @ 1: 0.4922  AUC @ 1: 0.6354
Step 5200: loss = 0.7006 (0.014 sec)
Training Data Eval:
  Num examples: 3840  Num correct: 2323  Precision @ 1: 0.6049  AUC @ 1: 0.6536
Validation Data Eval:
  Num examples: 256  Num correct: 146  Precision @ 1: 0.5703  AUC @ 1: 0.5511
Test Data Eval:
  Num examples: 128  Num correct: 53  Precision @ 1: 0.4141  AUC @ 1: 0.5791
Step 5400: loss = 0.7213 (0.048 sec)
Training Data Eval:
  Num examples: 3840  Num correct: 2335  Precision @ 1: 0.6081  AUC @ 1: 0.6672
Validation Data Eval:
  Num examples: 256  Num correct: 146  Precision @ 1: 0.5703  AUC @ 1: 0.5511
Test Data Eval:
  Num examples: 128  Num correct: 49  Precision @ 1: 0.3828  AUC @ 1: 0.5748
Step 5600: loss = 0.7001 (0.013 sec)
Training Data Eval:
  Num examples: 3840  Num correct: 2381  Precision @ 1: 0.6201  AUC @ 1: 0.6800
Validation Data Eval:
  Num examples: 256  Num correct: 146  Precision @ 1: 0.5703  AUC @ 1: 0.5500
Test Data Eval:
  Num examples: 128  Num correct: 51  Precision @ 1: 0.3984  AUC @ 1: 0.6222
Step 5800: loss = 0.6898 (0.014 sec)
Training Data Eval:
  Num examples: 3840  Num correct: 2391  Precision @ 1: 0.6227  AUC @ 1: 0.6938
Validation Data Eval:
  Num examples: 256  Num correct: 146  Precision @ 1: 0.5703  AUC @ 1: 0.5520
Test Data Eval:
  Num examples: 128  Num correct: 50  Precision @ 1: 0.3906  AUC @ 1: 0.5394
Step 6000: loss = 0.7059 (0.049 sec)
Training Data Eval:
  Num examples: 3840  Num correct: 2437  Precision @ 1: 0.6346  AUC @ 1: 0.7165
Validation Data Eval:
  Num examples: 256  Num correct: 147  Precision @ 1: 0.5742  AUC @ 1: 0.5442
Test Data Eval:
  Num examples: 128  Num correct: 57  Precision @ 1: 0.4453  AUC @ 1: 0.5404
Step 6200: loss = 0.6945 (0.014 sec)
Training Data Eval:
  Num examples: 3840  Num correct: 2497  Precision @ 1: 0.6503  AUC @ 1: 0.7304
Validation Data Eval:
  Num examples: 256  Num correct: 148  Precision @ 1: 0.5781  AUC @ 1: 0.5386
Test Data Eval:
  Num examples: 128  Num correct: 46  Precision @ 1: 0.3594  AUC @ 1: 0.4980
Step 6400: loss = 0.6632 (0.013 sec)
Training Data Eval:
  Num examples: 3840  Num correct: 2526  Precision @ 1: 0.6578  AUC @ 1: 0.7420
Validation Data Eval:
  Num examples: 256  Num correct: 145  Precision @ 1: 0.5664  AUC @ 1: 0.5333
Test Data Eval:
  Num examples: 128  Num correct: 53  Precision @ 1: 0.4141  AUC @ 1: 0.5135
Step 6600: loss = 0.6783 (0.047 sec)
Training Data Eval:
  Num examples: 3840  Num correct: 2508  Precision @ 1: 0.6531  AUC @ 1: 0.7328
Validation Data Eval:
  Num examples: 256  Num correct: 146  Precision @ 1: 0.5703  AUC @ 1: 0.5358
Test Data Eval:
  Num examples: 128  Num correct: 48  Precision @ 1: 0.3750  AUC @ 1: 0.5111
Step 6800: loss = 0.6130 (0.014 sec)
Training Data Eval:
  Num examples: 3840  Num correct: 2578  Precision @ 1: 0.6714  AUC @ 1: 0.7621
Validation Data Eval:
  Num examples: 256  Num correct: 142  Precision @ 1: 0.5547  AUC @ 1: 0.5209
Test Data Eval:
  Num examples: 128  Num correct: 46  Precision @ 1: 0.3594  AUC @ 1: 0.4670
Step 7000: loss = 0.6396 (0.011 sec)
Training Data Eval:
  Num examples: 3840  Num correct: 2655  Precision @ 1: 0.6914  AUC @ 1: 0.7743
Validation Data Eval:
  Num examples: 256  Num correct: 138  Precision @ 1: 0.5391  AUC @ 1: 0.5203
Test Data Eval:
  Num examples: 128  Num correct: 47  Precision @ 1: 0.3672  AUC @ 1: 0.4775
Step 7200: loss = 0.6519 (0.051 sec)
Training Data Eval:
  Num examples: 3840  Num correct: 2697  Precision @ 1: 0.7023  AUC @ 1: 0.7867
Validation Data Eval:
  Num examples: 256  Num correct: 136  Precision @ 1: 0.5312  AUC @ 1: 0.5189
Test Data Eval:
  Num examples: 128  Num correct: 45  Precision @ 1: 0.3516  AUC @ 1: 0.4562
Step 7400: loss = 0.6425 (0.013 sec)
Training Data Eval:
  Num examples: 3840  Num correct: 2689  Precision @ 1: 0.7003  AUC @ 1: 0.7802
Validation Data Eval:
  Num examples: 256  Num correct: 136  Precision @ 1: 0.5312  AUC @ 1: 0.5135
Test Data Eval:
  Num examples: 128  Num correct: 53  Precision @ 1: 0.4141  AUC @ 1: 0.4975
Step 7600: loss = 0.6180 (0.013 sec)
Training Data Eval:
  Num examples: 3840  Num correct: 2761  Precision @ 1: 0.7190  AUC @ 1: 0.8016
Validation Data Eval:
  Num examples: 256  Num correct: 136  Precision @ 1: 0.5312  AUC @ 1: 0.5185
Test Data Eval:
  Num examples: 128  Num correct: 49  Precision @ 1: 0.3828  AUC @ 1: 0.5132
Step 7800: loss = 0.5600 (0.046 sec)
Training Data Eval:
  Num examples: 3840  Num correct: 2762  Precision @ 1: 0.7193  AUC @ 1: 0.8138
Validation Data Eval:
  Num examples: 256  Num correct: 138  Precision @ 1: 0.5391  AUC @ 1: 0.5152
Test Data Eval:
  Num examples: 128  Num correct: 55  Precision @ 1: 0.4297  AUC @ 1: 0.4752
Step 8000: loss = 0.5870 (0.014 sec)
Training Data Eval:
  Num examples: 3840  Num correct: 2794  Precision @ 1: 0.7276  AUC @ 1: 0.8176
Validation Data Eval:
  Num examples: 256  Num correct: 139  Precision @ 1: 0.5430  AUC @ 1: 0.5154
Test Data Eval:
  Num examples: 128  Num correct: 54  Precision @ 1: 0.4219  AUC @ 1: 0.4860
Step 8200: loss = 0.5573 (0.014 sec)
Training Data Eval:
  Num examples: 3840  Num correct: 2822  Precision @ 1: 0.7349  AUC @ 1: 0.8252
Validation Data Eval:
  Num examples: 256  Num correct: 135  Precision @ 1: 0.5273  AUC @ 1: 0.5206
Test Data Eval:
  Num examples: 128  Num correct: 55  Precision @ 1: 0.4297  AUC @ 1: 0.4874
Step 8400: loss = 0.5739 (0.044 sec)
Training Data Eval:
  Num examples: 3840  Num correct: 2844  Precision @ 1: 0.7406  AUC @ 1: 0.8315
Validation Data Eval:
  Num examples: 256  Num correct: 135  Precision @ 1: 0.5273  AUC @ 1: 0.5143
Test Data Eval:
  Num examples: 128  Num correct: 66  Precision @ 1: 0.5156  AUC @ 1: 0.5246
Step 8600: loss = 0.5584 (0.013 sec)
Training Data Eval:
  Num examples: 3840  Num correct: 2871  Precision @ 1: 0.7477  AUC @ 1: 0.8365
Validation Data Eval:
  Num examples: 256  Num correct: 137  Precision @ 1: 0.5352  AUC @ 1: 0.5074
Test Data Eval:
  Num examples: 128  Num correct: 52  Precision @ 1: 0.4062  AUC @ 1: 0.4819
Step 8800: loss = 0.6041 (0.014 sec)
Training Data Eval:
  Num examples: 3840  Num correct: 2881  Precision @ 1: 0.7503  AUC @ 1: 0.8466
Validation Data Eval:
  Num examples: 256  Num correct: 137  Precision @ 1: 0.5352  AUC @ 1: 0.5242
Test Data Eval:
  Num examples: 128  Num correct: 59  Precision @ 1: 0.4609  AUC @ 1: 0.4782
Step 9000: loss = 0.5279 (0.052 sec)
Training Data Eval:
  Num examples: 3840  Num correct: 2888  Precision @ 1: 0.7521  AUC @ 1: 0.8511
Validation Data Eval:
  Num examples: 256  Num correct: 139  Precision @ 1: 0.5430  AUC @ 1: 0.5280
Test Data Eval:
  Num examples: 128  Num correct: 55  Precision @ 1: 0.4297  AUC @ 1: 0.4631
Step 9200: loss = 0.5656 (0.013 sec)
Training Data Eval:
  Num examples: 3840  Num correct: 2914  Precision @ 1: 0.7589  AUC @ 1: 0.8511
Validation Data Eval:
  Num examples: 256  Num correct: 140  Precision @ 1: 0.5469  AUC @ 1: 0.5362
Test Data Eval:
  Num examples: 128  Num correct: 53  Precision @ 1: 0.4141  AUC @ 1: 0.4670
Step 9400: loss = 0.6157 (0.015 sec)
Training Data Eval:
  Num examples: 3840  Num correct: 2964  Precision @ 1: 0.7719  AUC @ 1: 0.8627
Validation Data Eval:
  Num examples: 256  Num correct: 143  Precision @ 1: 0.5586  AUC @ 1: 0.5394
Test Data Eval:
  Num examples: 128  Num correct: 56  Precision @ 1: 0.4375  AUC @ 1: 0.4753
Step 9600: loss = 0.5146 (0.053 sec)
Training Data Eval:
  Num examples: 3840  Num correct: 2967  Precision @ 1: 0.7727  AUC @ 1: 0.8689
Validation Data Eval:
  Num examples: 256  Num correct: 141  Precision @ 1: 0.5508  AUC @ 1: 0.5335
Test Data Eval:
  Num examples: 128  Num correct: 64  Precision @ 1: 0.5000  AUC @ 1: 0.5195
Step 9800: loss = 0.4946 (0.014 sec)
Training Data Eval:
  Num examples: 3840  Num correct: 2978  Precision @ 1: 0.7755  AUC @ 1: 0.8687
Validation Data Eval:
  Num examples: 256  Num correct: 145  Precision @ 1: 0.5664  AUC @ 1: 0.5398
Test Data Eval:
  Num examples: 128  Num correct: 61  Precision @ 1: 0.4766  AUC @ 1: 0.5099
