Training data shape: 	(3881, 64, 30, 2)
Training label shape:	(3881,)
Testing data shape:  	(454, 64, 30, 2)
Testing label shape: 	(454,)
max input value is: 58.7592
min input value is: -75.9911
random permuted training data
==============================================================================
Model: 			inference_global_s_cnn
Tensor Name: 	Placeholder:0
[128, 64, 30, 2]
==============================================================================
Tensor Name: conv1/conv1:0
[128, 1, 30, 32]
==============================================================================
Tensor Name: MaxPool:0
[128, 1, 15, 32]
==============================================================================
Tensor Name: local1/local1:0
[128, 128]
==============================================================================
Tensor Name: local2/local2:0
[128, 128]
==============================================================================
Tensor Name: softmax_linear/softmax_linear:0
[128, 2]
Step 0: loss = 0.8843 (0.047 sec)
Training Data Eval:
  Num examples: 3584  Num correct: 2010  Precision @ 1: 0.5608  AUC @ 1: 0.5502
Validation Data Eval:
  Num examples: 256  Num correct: 139  Precision @ 1: 0.5430  AUC @ 1: 0.5440
Test Data Eval:
  Num examples: 384  Num correct: 187  Precision @ 1: 0.4870  AUC @ 1: 0.6085
Step 200: loss = 0.8709 (0.019 sec)
Training Data Eval:
  Num examples: 3584  Num correct: 2042  Precision @ 1: 0.5698  AUC @ 1: 0.5728
Validation Data Eval:
  Num examples: 256  Num correct: 139  Precision @ 1: 0.5430  AUC @ 1: 0.5374
Test Data Eval:
  Num examples: 384  Num correct: 218  Precision @ 1: 0.5677  AUC @ 1: 0.6806
Step 400: loss = 0.8680 (0.019 sec)
Training Data Eval:
  Num examples: 3584  Num correct: 2041  Precision @ 1: 0.5695  AUC @ 1: 0.5476
Validation Data Eval:
  Num examples: 256  Num correct: 139  Precision @ 1: 0.5430  AUC @ 1: 0.5315
Test Data Eval:
  Num examples: 384  Num correct: 220  Precision @ 1: 0.5729  AUC @ 1: 0.6344
Step 600: loss = 0.8662 (0.017 sec)
Training Data Eval:
  Num examples: 3584  Num correct: 2121  Precision @ 1: 0.5918  AUC @ 1: 0.5687
Validation Data Eval:
  Num examples: 256  Num correct: 143  Precision @ 1: 0.5586  AUC @ 1: 0.5259
Test Data Eval:
  Num examples: 384  Num correct: 202  Precision @ 1: 0.5260  AUC @ 1: 0.6463
Step 800: loss = 0.8623 (0.019 sec)
Training Data Eval:
  Num examples: 3584  Num correct: 2094  Precision @ 1: 0.5843  AUC @ 1: 0.5695
Validation Data Eval:
  Num examples: 256  Num correct: 141  Precision @ 1: 0.5508  AUC @ 1: 0.5295
Test Data Eval:
  Num examples: 384  Num correct: 184  Precision @ 1: 0.4792  AUC @ 1: 0.6065
Step 1000: loss = 0.8562 (0.020 sec)
Training Data Eval:
  Num examples: 3584  Num correct: 2039  Precision @ 1: 0.5689  AUC @ 1: 0.5802
Validation Data Eval:
  Num examples: 256  Num correct: 134  Precision @ 1: 0.5234  AUC @ 1: 0.5255
Test Data Eval:
  Num examples: 384  Num correct: 160  Precision @ 1: 0.4167  AUC @ 1: 0.5779
Step 1200: loss = 0.8459 (0.018 sec)
Training Data Eval:
  Num examples: 3584  Num correct: 2047  Precision @ 1: 0.5711  AUC @ 1: 0.5853
Validation Data Eval:
  Num examples: 256  Num correct: 133  Precision @ 1: 0.5195  AUC @ 1: 0.5202
Test Data Eval:
  Num examples: 384  Num correct: 161  Precision @ 1: 0.4193  AUC @ 1: 0.5967
Step 1400: loss = 0.8250 (0.055 sec)
Training Data Eval:
  Num examples: 3584  Num correct: 2067  Precision @ 1: 0.5767  AUC @ 1: 0.5940
Validation Data Eval:
  Num examples: 256  Num correct: 133  Precision @ 1: 0.5195  AUC @ 1: 0.5073
Test Data Eval:
  Num examples: 384  Num correct: 162  Precision @ 1: 0.4219  AUC @ 1: 0.5780
Step 1600: loss = 0.8596 (0.018 sec)
Training Data Eval:
  Num examples: 3584  Num correct: 2071  Precision @ 1: 0.5778  AUC @ 1: 0.6230
Validation Data Eval:
  Num examples: 256  Num correct: 134  Precision @ 1: 0.5234  AUC @ 1: 0.5029
Test Data Eval:
  Num examples: 384  Num correct: 164  Precision @ 1: 0.4271  AUC @ 1: 0.6058
Step 1800: loss = 0.8162 (0.017 sec)
Training Data Eval:
  Num examples: 3584  Num correct: 2086  Precision @ 1: 0.5820  AUC @ 1: 0.6526
Validation Data Eval:
  Num examples: 256  Num correct: 134  Precision @ 1: 0.5234  AUC @ 1: 0.5007
Test Data Eval:
  Num examples: 384  Num correct: 165  Precision @ 1: 0.4297  AUC @ 1: 0.6151
Step 2000: loss = 0.7984 (0.019 sec)
Training Data Eval:
  Num examples: 3584  Num correct: 2148  Precision @ 1: 0.5993  AUC @ 1: 0.6832
Validation Data Eval:
  Num examples: 256  Num correct: 136  Precision @ 1: 0.5312  AUC @ 1: 0.4866
Test Data Eval:
  Num examples: 384  Num correct: 167  Precision @ 1: 0.4349  AUC @ 1: 0.6408
Step 2200: loss = 0.7925 (0.018 sec)
Training Data Eval:
  Num examples: 3584  Num correct: 2171  Precision @ 1: 0.6057  AUC @ 1: 0.7067
Validation Data Eval:
  Num examples: 256  Num correct: 136  Precision @ 1: 0.5312  AUC @ 1: 0.4898
Test Data Eval:
  Num examples: 384  Num correct: 168  Precision @ 1: 0.4375  AUC @ 1: 0.6442
Step 2400: loss = 0.7931 (0.019 sec)
Training Data Eval:
  Num examples: 3584  Num correct: 2319  Precision @ 1: 0.6470  AUC @ 1: 0.7498
Validation Data Eval:
  Num examples: 256  Num correct: 138  Precision @ 1: 0.5391  AUC @ 1: 0.4881
Test Data Eval:
  Num examples: 384  Num correct: 177  Precision @ 1: 0.4609  AUC @ 1: 0.6399
Step 2600: loss = 0.7934 (0.017 sec)
Training Data Eval:
  Num examples: 3584  Num correct: 2314  Precision @ 1: 0.6456  AUC @ 1: 0.7657
Validation Data Eval:
  Num examples: 256  Num correct: 136  Precision @ 1: 0.5312  AUC @ 1: 0.4961
Test Data Eval:
  Num examples: 384  Num correct: 170  Precision @ 1: 0.4427  AUC @ 1: 0.6529
Step 2800: loss = 0.7640 (0.056 sec)
Training Data Eval:
  Num examples: 3584  Num correct: 2457  Precision @ 1: 0.6855  AUC @ 1: 0.8209
Validation Data Eval:
  Num examples: 256  Num correct: 137  Precision @ 1: 0.5352  AUC @ 1: 0.4961
Test Data Eval:
  Num examples: 384  Num correct: 165  Precision @ 1: 0.4297  AUC @ 1: 0.6114
Step 3000: loss = 0.7261 (0.016 sec)
Training Data Eval:
  Num examples: 3584  Num correct: 2509  Precision @ 1: 0.7001  AUC @ 1: 0.8400
Validation Data Eval:
  Num examples: 256  Num correct: 133  Precision @ 1: 0.5195  AUC @ 1: 0.4939
Test Data Eval:
  Num examples: 384  Num correct: 163  Precision @ 1: 0.4245  AUC @ 1: 0.6047
Step 3200: loss = 0.7221 (0.019 sec)
Training Data Eval:
  Num examples: 3584  Num correct: 2621  Precision @ 1: 0.7313  AUC @ 1: 0.8571
Validation Data Eval:
  Num examples: 256  Num correct: 132  Precision @ 1: 0.5156  AUC @ 1: 0.5077
Test Data Eval:
  Num examples: 384  Num correct: 170  Precision @ 1: 0.4427  AUC @ 1: 0.5856
Step 3400: loss = 0.6968 (0.017 sec)
Training Data Eval:
  Num examples: 3584  Num correct: 2816  Precision @ 1: 0.7857  AUC @ 1: 0.8955
Validation Data Eval:
  Num examples: 256  Num correct: 134  Precision @ 1: 0.5234  AUC @ 1: 0.5117
Test Data Eval:
  Num examples: 384  Num correct: 160  Precision @ 1: 0.4167  AUC @ 1: 0.5471
Step 3600: loss = 0.6317 (0.019 sec)
Training Data Eval:
  Num examples: 3584  Num correct: 2875  Precision @ 1: 0.8022  AUC @ 1: 0.9087
Validation Data Eval:
  Num examples: 256  Num correct: 129  Precision @ 1: 0.5039  AUC @ 1: 0.4895
Test Data Eval:
  Num examples: 384  Num correct: 157  Precision @ 1: 0.4089  AUC @ 1: 0.4986
Step 3800: loss = 0.6508 (0.018 sec)
Training Data Eval:
  Num examples: 3584  Num correct: 2931  Precision @ 1: 0.8178  AUC @ 1: 0.9162
Validation Data Eval:
  Num examples: 256  Num correct: 131  Precision @ 1: 0.5117  AUC @ 1: 0.4804
Test Data Eval:
  Num examples: 384  Num correct: 169  Precision @ 1: 0.4401  AUC @ 1: 0.5213
Step 4000: loss = 0.6017 (0.019 sec)
Training Data Eval:
  Num examples: 3584  Num correct: 3022  Precision @ 1: 0.8432  AUC @ 1: 0.9346
Validation Data Eval:
  Num examples: 256  Num correct: 130  Precision @ 1: 0.5078  AUC @ 1: 0.4928
Test Data Eval:
  Num examples: 384  Num correct: 180  Precision @ 1: 0.4688  AUC @ 1: 0.5485
Step 4200: loss = 0.5401 (0.050 sec)
Training Data Eval:
  Num examples: 3584  Num correct: 3066  Precision @ 1: 0.8555  AUC @ 1: 0.9424
Validation Data Eval:
  Num examples: 256  Num correct: 126  Precision @ 1: 0.4922  AUC @ 1: 0.4845
Test Data Eval:
  Num examples: 384  Num correct: 181  Precision @ 1: 0.4714  AUC @ 1: 0.5551
Step 4400: loss = 0.5505 (0.017 sec)
Training Data Eval:
  Num examples: 3584  Num correct: 2995  Precision @ 1: 0.8357  AUC @ 1: 0.9360
Validation Data Eval:
  Num examples: 256  Num correct: 136  Precision @ 1: 0.5312  AUC @ 1: 0.4997
Test Data Eval:
  Num examples: 384  Num correct: 184  Precision @ 1: 0.4792  AUC @ 1: 0.5605
Step 4600: loss = 0.5442 (0.019 sec)
Training Data Eval:
  Num examples: 3584  Num correct: 3077  Precision @ 1: 0.8585  AUC @ 1: 0.9481
Validation Data Eval:
  Num examples: 256  Num correct: 133  Precision @ 1: 0.5195  AUC @ 1: 0.4944
Test Data Eval:
  Num examples: 384  Num correct: 184  Precision @ 1: 0.4792  AUC @ 1: 0.5755
Step 4800: loss = 0.4906 (0.016 sec)
Training Data Eval:
  Num examples: 3584  Num correct: 3094  Precision @ 1: 0.8633  AUC @ 1: 0.9529
Validation Data Eval:
  Num examples: 256  Num correct: 127  Precision @ 1: 0.4961  AUC @ 1: 0.4701
Test Data Eval:
  Num examples: 384  Num correct: 177  Precision @ 1: 0.4609  AUC @ 1: 0.5248
Step 5000: loss = 0.4888 (0.020 sec)
Training Data Eval:
  Num examples: 3584  Num correct: 3148  Precision @ 1: 0.8783  AUC @ 1: 0.9635
Validation Data Eval:
  Num examples: 256  Num correct: 133  Precision @ 1: 0.5195  AUC @ 1: 0.4779
Test Data Eval:
  Num examples: 384  Num correct: 186  Precision @ 1: 0.4844  AUC @ 1: 0.5712
Step 5200: loss = 0.4910 (0.019 sec)
Training Data Eval:
  Num examples: 3584  Num correct: 3214  Precision @ 1: 0.8968  AUC @ 1: 0.9711
Validation Data Eval:
  Num examples: 256  Num correct: 129  Precision @ 1: 0.5039  AUC @ 1: 0.4681
Test Data Eval:
  Num examples: 384  Num correct: 171  Precision @ 1: 0.4453  AUC @ 1: 0.4955
Step 5400: loss = 0.4777 (0.018 sec)
Training Data Eval:
  Num examples: 3584  Num correct: 3265  Precision @ 1: 0.9110  AUC @ 1: 0.9751
Validation Data Eval:
  Num examples: 256  Num correct: 125  Precision @ 1: 0.4883  AUC @ 1: 0.4646
Test Data Eval:
  Num examples: 384  Num correct: 186  Precision @ 1: 0.4844  AUC @ 1: 0.5047
Step 5600: loss = 0.4823 (0.057 sec)
Training Data Eval:
  Num examples: 3584  Num correct: 3289  Precision @ 1: 0.9177  AUC @ 1: 0.9808
Validation Data Eval:
  Num examples: 256  Num correct: 130  Precision @ 1: 0.5078  AUC @ 1: 0.4626
Test Data Eval:
  Num examples: 384  Num correct: 188  Precision @ 1: 0.4896  AUC @ 1: 0.5712
Step 5800: loss = 0.4623 (0.019 sec)
Training Data Eval:
  Num examples: 3584  Num correct: 3301  Precision @ 1: 0.9210  AUC @ 1: 0.9815
Validation Data Eval:
  Num examples: 256  Num correct: 125  Precision @ 1: 0.4883  AUC @ 1: 0.4543
Test Data Eval:
  Num examples: 384  Num correct: 172  Precision @ 1: 0.4479  AUC @ 1: 0.4910
Step 6000: loss = 0.3923 (0.019 sec)
Training Data Eval:
  Num examples: 3584  Num correct: 3354  Precision @ 1: 0.9358  AUC @ 1: 0.9861
Validation Data Eval:
  Num examples: 256  Num correct: 127  Precision @ 1: 0.4961  AUC @ 1: 0.4494
Test Data Eval:
  Num examples: 384  Num correct: 200  Precision @ 1: 0.5208  AUC @ 1: 0.5738
Step 6200: loss = 0.3776 (0.019 sec)
Training Data Eval:
  Num examples: 3584  Num correct: 3377  Precision @ 1: 0.9422  AUC @ 1: 0.9872
Validation Data Eval:
  Num examples: 256  Num correct: 123  Precision @ 1: 0.4805  AUC @ 1: 0.4459
Test Data Eval:
  Num examples: 384  Num correct: 187  Precision @ 1: 0.4870  AUC @ 1: 0.5394
Step 6400: loss = 0.3185 (0.019 sec)
Training Data Eval:
  Num examples: 3584  Num correct: 3390  Precision @ 1: 0.9459  AUC @ 1: 0.9895
Validation Data Eval:
  Num examples: 256  Num correct: 124  Precision @ 1: 0.4844  AUC @ 1: 0.4458
Test Data Eval:
  Num examples: 384  Num correct: 175  Precision @ 1: 0.4557  AUC @ 1: 0.5120
Step 6600: loss = 0.3710 (0.020 sec)
Training Data Eval:
  Num examples: 3584  Num correct: 3438  Precision @ 1: 0.9593  AUC @ 1: 0.9931
Validation Data Eval:
  Num examples: 256  Num correct: 131  Precision @ 1: 0.5117  AUC @ 1: 0.4540
Test Data Eval:
  Num examples: 384  Num correct: 194  Precision @ 1: 0.5052  AUC @ 1: 0.5520
Step 6800: loss = 0.3236 (0.019 sec)
Training Data Eval:
  Num examples: 3584  Num correct: 3464  Precision @ 1: 0.9665  AUC @ 1: 0.9951
Validation Data Eval:
  Num examples: 256  Num correct: 127  Precision @ 1: 0.4961  AUC @ 1: 0.4443
Test Data Eval:
  Num examples: 384  Num correct: 178  Precision @ 1: 0.4635  AUC @ 1: 0.5213
Step 7000: loss = 0.3280 (0.054 sec)
Training Data Eval:
  Num examples: 3584  Num correct: 3480  Precision @ 1: 0.9710  AUC @ 1: 0.9967
Validation Data Eval:
  Num examples: 256  Num correct: 128  Precision @ 1: 0.5000  AUC @ 1: 0.4449
Test Data Eval:
  Num examples: 384  Num correct: 193  Precision @ 1: 0.5026  AUC @ 1: 0.5492
Step 7200: loss = 0.3348 (0.019 sec)
Training Data Eval:
  Num examples: 3584  Num correct: 3486  Precision @ 1: 0.9727  AUC @ 1: 0.9970
Validation Data Eval:
  Num examples: 256  Num correct: 128  Precision @ 1: 0.5000  AUC @ 1: 0.4418
Test Data Eval:
  Num examples: 384  Num correct: 196  Precision @ 1: 0.5104  AUC @ 1: 0.5376
Step 7400: loss = 0.2960 (0.018 sec)
Training Data Eval:
  Num examples: 3584  Num correct: 3503  Precision @ 1: 0.9774  AUC @ 1: 0.9981
Validation Data Eval:
  Num examples: 256  Num correct: 124  Precision @ 1: 0.4844  AUC @ 1: 0.4409
Test Data Eval:
  Num examples: 384  Num correct: 184  Precision @ 1: 0.4792  AUC @ 1: 0.5097
Step 7600: loss = 0.2661 (0.018 sec)
Training Data Eval:
  Num examples: 3584  Num correct: 3503  Precision @ 1: 0.9774  AUC @ 1: 0.9983
Validation Data Eval:
  Num examples: 256  Num correct: 124  Precision @ 1: 0.4844  AUC @ 1: 0.4410
Test Data Eval:
  Num examples: 384  Num correct: 191  Precision @ 1: 0.4974  AUC @ 1: 0.5494
Step 7800: loss = 0.2781 (0.019 sec)
Training Data Eval:
  Num examples: 3584  Num correct: 3536  Precision @ 1: 0.9866  AUC @ 1: 0.9989
Validation Data Eval:
  Num examples: 256  Num correct: 122  Precision @ 1: 0.4766  AUC @ 1: 0.4406
Test Data Eval:
  Num examples: 384  Num correct: 190  Precision @ 1: 0.4948  AUC @ 1: 0.5457
Step 8000: loss = 0.2801 (0.018 sec)
Training Data Eval:
  Num examples: 3584  Num correct: 3548  Precision @ 1: 0.9900  AUC @ 1: 0.9995
Validation Data Eval:
  Num examples: 256  Num correct: 124  Precision @ 1: 0.4844  AUC @ 1: 0.4352
Test Data Eval:
  Num examples: 384  Num correct: 200  Precision @ 1: 0.5208  AUC @ 1: 0.5478
Step 8200: loss = 0.2923 (0.019 sec)
Training Data Eval:
  Num examples: 3584  Num correct: 3556  Precision @ 1: 0.9922  AUC @ 1: 0.9997
Validation Data Eval:
  Num examples: 256  Num correct: 122  Precision @ 1: 0.4766  AUC @ 1: 0.4313
Test Data Eval:
  Num examples: 384  Num correct: 193  Precision @ 1: 0.5026  AUC @ 1: 0.5445
Step 8400: loss = 0.2596 (0.047 sec)
Training Data Eval:
  Num examples: 3584  Num correct: 3560  Precision @ 1: 0.9933  AUC @ 1: 0.9998
Validation Data Eval:
  Num examples: 256  Num correct: 124  Precision @ 1: 0.4844  AUC @ 1: 0.4408
Test Data Eval:
  Num examples: 384  Num correct: 192  Precision @ 1: 0.5000  AUC @ 1: 0.5584
Step 8600: loss = 0.2226 (0.016 sec)
Training Data Eval:
  Num examples: 3584  Num correct: 3574  Precision @ 1: 0.9972  AUC @ 1: 0.9999
Validation Data Eval:
  Num examples: 256  Num correct: 123  Precision @ 1: 0.4805  AUC @ 1: 0.4365
Test Data Eval:
  Num examples: 384  Num correct: 189  Precision @ 1: 0.4922  AUC @ 1: 0.5290
Step 8800: loss = 0.2323 (0.019 sec)
Training Data Eval:
  Num examples: 3584  Num correct: 3577  Precision @ 1: 0.9980  AUC @ 1: 0.9999
Validation Data Eval:
  Num examples: 256  Num correct: 126  Precision @ 1: 0.4922  AUC @ 1: 0.4398
Test Data Eval:
  Num examples: 384  Num correct: 188  Precision @ 1: 0.4896  AUC @ 1: 0.4959
Step 9000: loss = 0.2803 (0.020 sec)
Training Data Eval:
  Num examples: 3584  Num correct: 3580  Precision @ 1: 0.9989  AUC @ 1: 1.0000
Validation Data Eval:
  Num examples: 256  Num correct: 124  Precision @ 1: 0.4844  AUC @ 1: 0.4371
Test Data Eval:
  Num examples: 384  Num correct: 183  Precision @ 1: 0.4766  AUC @ 1: 0.5053
Step 9200: loss = 0.2802 (0.022 sec)
Training Data Eval:
  Num examples: 3584  Num correct: 3582  Precision @ 1: 0.9994  AUC @ 1: 1.0000
Validation Data Eval:
  Num examples: 256  Num correct: 119  Precision @ 1: 0.4648  AUC @ 1: 0.4371
Test Data Eval:
  Num examples: 384  Num correct: 181  Precision @ 1: 0.4714  AUC @ 1: 0.5137
Step 9400: loss = 0.2277 (0.018 sec)
Training Data Eval:
  Num examples: 3584  Num correct: 3581  Precision @ 1: 0.9992  AUC @ 1: 1.0000
Validation Data Eval:
  Num examples: 256  Num correct: 124  Precision @ 1: 0.4844  AUC @ 1: 0.4412
Test Data Eval:
  Num examples: 384  Num correct: 179  Precision @ 1: 0.4661  AUC @ 1: 0.5158
Step 9600: loss = 0.2035 (0.017 sec)
Training Data Eval:
  Num examples: 3584  Num correct: 3583  Precision @ 1: 0.9997  AUC @ 1: 1.0000
Validation Data Eval:
  Num examples: 256  Num correct: 119  Precision @ 1: 0.4648  AUC @ 1: 0.4318
Test Data Eval:
  Num examples: 384  Num correct: 191  Precision @ 1: 0.4974  AUC @ 1: 0.4977
Step 9800: loss = 0.2572 (0.051 sec)
Training Data Eval:
  Num examples: 3584  Num correct: 3583  Precision @ 1: 0.9997  AUC @ 1: 1.0000
Validation Data Eval:
  Num examples: 256  Num correct: 119  Precision @ 1: 0.4648  AUC @ 1: 0.4414
Test Data Eval:
  Num examples: 384  Num correct: 179  Precision @ 1: 0.4661  AUC @ 1: 0.4975
