Training data shape: 	(3815, 30, 64, 2)
Training label shape:	(3815,)
Testing data shape:  	(520, 30, 64, 2)
Testing label shape: 	(520,)
max input value is: 72.5247
min input value is: -75.9911
random permuted training data
==============================================================================
Model: 			inference_stcnn
Tensor Name: 	Placeholder:0
[128, 30, 64, 2]
==============================================================================
Tensor Name: conv0/conv0:0
[128, 1, 60, 4]
==============================================================================
Tensor Name: MaxPool:0
[128, 1, 30, 4]
==============================================================================
Tensor Name: local1/local1:0
[128, 128]
==============================================================================
Tensor Name: local2/local2:0
[128, 128]
==============================================================================
Tensor Name: softmax_linear/softmax_linear:0
[128, 2]
Step 0: loss = 0.7729 (0.026 sec)
Training Data Eval:
  Num examples: 3456  Num correct: 1975  Precision @ 1: 0.5715  AUC @ 1: 0.5446
Validation Data Eval:
  Num examples: 256  Num correct: 146  Precision @ 1: 0.5703  AUC @ 1: 0.5286
Test Data Eval:
  Num examples: 512  Num correct: 288  Precision @ 1: 0.5625  AUC @ 1: 0.9007
Step 200: loss = 0.7768 (0.015 sec)
Training Data Eval:
  Num examples: 3456  Num correct: 1963  Precision @ 1: 0.5680  AUC @ 1: 0.5485
Validation Data Eval:
  Num examples: 256  Num correct: 146  Precision @ 1: 0.5703  AUC @ 1: 0.5260
Test Data Eval:
  Num examples: 512  Num correct: 291  Precision @ 1: 0.5684  AUC @ 1: 0.9084
Step 400: loss = 0.7745 (0.014 sec)
Training Data Eval:
  Num examples: 3456  Num correct: 1916  Precision @ 1: 0.5544  AUC @ 1: 0.5538
Validation Data Eval:
  Num examples: 256  Num correct: 146  Precision @ 1: 0.5703  AUC @ 1: 0.5318
Test Data Eval:
  Num examples: 512  Num correct: 291  Precision @ 1: 0.5684  AUC @ 1: 0.9267
Step 600: loss = 0.7714 (0.016 sec)
Training Data Eval:
  Num examples: 3456  Num correct: 1962  Precision @ 1: 0.5677  AUC @ 1: 0.5714
Validation Data Eval:
  Num examples: 256  Num correct: 146  Precision @ 1: 0.5703  AUC @ 1: 0.5343
Test Data Eval:
  Num examples: 512  Num correct: 292  Precision @ 1: 0.5703  AUC @ 1: 0.9200
Step 800: loss = 0.7498 (0.015 sec)
Training Data Eval:
  Num examples: 3456  Num correct: 1944  Precision @ 1: 0.5625  AUC @ 1: 0.5680
Validation Data Eval:
  Num examples: 256  Num correct: 146  Precision @ 1: 0.5703  AUC @ 1: 0.5365
Test Data Eval:
  Num examples: 512  Num correct: 290  Precision @ 1: 0.5664  AUC @ 1: 0.9240
Step 1000: loss = 0.7669 (0.015 sec)
Training Data Eval:
  Num examples: 3456  Num correct: 1972  Precision @ 1: 0.5706  AUC @ 1: 0.5648
Validation Data Eval:
  Num examples: 256  Num correct: 146  Precision @ 1: 0.5703  AUC @ 1: 0.5436
Test Data Eval:
  Num examples: 512  Num correct: 291  Precision @ 1: 0.5684  AUC @ 1: 0.9325
Step 1200: loss = 0.7505 (0.015 sec)
Training Data Eval:
  Num examples: 3456  Num correct: 1963  Precision @ 1: 0.5680  AUC @ 1: 0.5736
Validation Data Eval:
  Num examples: 256  Num correct: 146  Precision @ 1: 0.5703  AUC @ 1: 0.5459
Test Data Eval:
  Num examples: 512  Num correct: 291  Precision @ 1: 0.5684  AUC @ 1: 0.9257
Step 1400: loss = 0.7479 (0.015 sec)
Training Data Eval:
  Num examples: 3456  Num correct: 1947  Precision @ 1: 0.5634  AUC @ 1: 0.5765
Validation Data Eval:
  Num examples: 256  Num correct: 146  Precision @ 1: 0.5703  AUC @ 1: 0.5499
Test Data Eval:
  Num examples: 512  Num correct: 291  Precision @ 1: 0.5684  AUC @ 1: 0.9231
Step 1600: loss = 0.7466 (0.014 sec)
Training Data Eval:
  Num examples: 3456  Num correct: 1969  Precision @ 1: 0.5697  AUC @ 1: 0.5786
Validation Data Eval:
  Num examples: 256  Num correct: 146  Precision @ 1: 0.5703  AUC @ 1: 0.5543
Test Data Eval:
  Num examples: 512  Num correct: 293  Precision @ 1: 0.5723  AUC @ 1: 0.9208
Step 1800: loss = 0.7612 (0.015 sec)
Training Data Eval:
  Num examples: 3456  Num correct: 1945  Precision @ 1: 0.5628  AUC @ 1: 0.5970
Validation Data Eval:
  Num examples: 256  Num correct: 146  Precision @ 1: 0.5703  AUC @ 1: 0.5570
Test Data Eval:
  Num examples: 512  Num correct: 293  Precision @ 1: 0.5723  AUC @ 1: 0.9269
Step 2000: loss = 0.7269 (0.014 sec)
Training Data Eval:
  Num examples: 3456  Num correct: 1936  Precision @ 1: 0.5602  AUC @ 1: 0.6111
Validation Data Eval:
  Num examples: 256  Num correct: 146  Precision @ 1: 0.5703  AUC @ 1: 0.5582
Test Data Eval:
  Num examples: 512  Num correct: 290  Precision @ 1: 0.5664  AUC @ 1: 0.9181
Step 2200: loss = 0.7602 (0.015 sec)
Training Data Eval:
  Num examples: 3456  Num correct: 1938  Precision @ 1: 0.5608  AUC @ 1: 0.6234
Validation Data Eval:
  Num examples: 256  Num correct: 146  Precision @ 1: 0.5703  AUC @ 1: 0.5635
Test Data Eval:
  Num examples: 512  Num correct: 293  Precision @ 1: 0.5723  AUC @ 1: 0.8973
Step 2400: loss = 0.7486 (0.017 sec)
Training Data Eval:
  Num examples: 3456  Num correct: 1940  Precision @ 1: 0.5613  AUC @ 1: 0.6306
Validation Data Eval:
  Num examples: 256  Num correct: 146  Precision @ 1: 0.5703  AUC @ 1: 0.5678
Test Data Eval:
  Num examples: 512  Num correct: 291  Precision @ 1: 0.5684  AUC @ 1: 0.8843
Step 2600: loss = 0.7688 (0.015 sec)
Training Data Eval:
  Num examples: 3456  Num correct: 1933  Precision @ 1: 0.5593  AUC @ 1: 0.6483
Validation Data Eval:
  Num examples: 256  Num correct: 146  Precision @ 1: 0.5703  AUC @ 1: 0.5710
Test Data Eval:
  Num examples: 512  Num correct: 289  Precision @ 1: 0.5645  AUC @ 1: 0.8597
Step 2800: loss = 0.7331 (0.015 sec)
Training Data Eval:
  Num examples: 3456  Num correct: 1972  Precision @ 1: 0.5706  AUC @ 1: 0.6594
Validation Data Eval:
  Num examples: 256  Num correct: 145  Precision @ 1: 0.5664  AUC @ 1: 0.5729
Test Data Eval:
  Num examples: 512  Num correct: 291  Precision @ 1: 0.5684  AUC @ 1: 0.8258
Step 3000: loss = 0.6944 (0.016 sec)
Training Data Eval:
  Num examples: 3456  Num correct: 2038  Precision @ 1: 0.5897  AUC @ 1: 0.6865
Validation Data Eval:
  Num examples: 256  Num correct: 147  Precision @ 1: 0.5742  AUC @ 1: 0.5638
Test Data Eval:
  Num examples: 512  Num correct: 287  Precision @ 1: 0.5605  AUC @ 1: 0.8102
Step 3200: loss = 0.7429 (0.015 sec)
Training Data Eval:
  Num examples: 3456  Num correct: 2112  Precision @ 1: 0.6111  AUC @ 1: 0.7195
Validation Data Eval:
  Num examples: 256  Num correct: 149  Precision @ 1: 0.5820  AUC @ 1: 0.5527
Test Data Eval:
  Num examples: 512  Num correct: 276  Precision @ 1: 0.5391  AUC @ 1: 0.7697
Step 3400: loss = 0.7181 (0.014 sec)
Training Data Eval:
  Num examples: 3456  Num correct: 2184  Precision @ 1: 0.6319  AUC @ 1: 0.7486
Validation Data Eval:
  Num examples: 256  Num correct: 147  Precision @ 1: 0.5742  AUC @ 1: 0.5408
Test Data Eval:
  Num examples: 512  Num correct: 270  Precision @ 1: 0.5273  AUC @ 1: 0.7072
Step 3600: loss = 0.7078 (0.016 sec)
Training Data Eval:
  Num examples: 3456  Num correct: 2248  Precision @ 1: 0.6505  AUC @ 1: 0.7613
Validation Data Eval:
  Num examples: 256  Num correct: 146  Precision @ 1: 0.5703  AUC @ 1: 0.5346
Test Data Eval:
  Num examples: 512  Num correct: 270  Precision @ 1: 0.5273  AUC @ 1: 0.7088
Step 3800: loss = 0.6748 (0.015 sec)
Training Data Eval:
  Num examples: 3456  Num correct: 2404  Precision @ 1: 0.6956  AUC @ 1: 0.7941
Validation Data Eval:
  Num examples: 256  Num correct: 139  Precision @ 1: 0.5430  AUC @ 1: 0.5290
Test Data Eval:
  Num examples: 512  Num correct: 255  Precision @ 1: 0.4980  AUC @ 1: 0.6434
Step 4000: loss = 0.6677 (0.013 sec)
Training Data Eval:
  Num examples: 3456  Num correct: 2444  Precision @ 1: 0.7072  AUC @ 1: 0.8091
Validation Data Eval:
  Num examples: 256  Num correct: 141  Precision @ 1: 0.5508  AUC @ 1: 0.5334
Test Data Eval:
  Num examples: 512  Num correct: 258  Precision @ 1: 0.5039  AUC @ 1: 0.6282
Step 4200: loss = 0.6696 (0.013 sec)
Training Data Eval:
  Num examples: 3456  Num correct: 2547  Precision @ 1: 0.7370  AUC @ 1: 0.8306
Validation Data Eval:
  Num examples: 256  Num correct: 146  Precision @ 1: 0.5703  AUC @ 1: 0.5439
Test Data Eval:
  Num examples: 512  Num correct: 264  Precision @ 1: 0.5156  AUC @ 1: 0.6117
Step 4400: loss = 0.5983 (0.016 sec)
Training Data Eval:
  Num examples: 3456  Num correct: 2574  Precision @ 1: 0.7448  AUC @ 1: 0.8385
Validation Data Eval:
  Num examples: 256  Num correct: 146  Precision @ 1: 0.5703  AUC @ 1: 0.5506
Test Data Eval:
  Num examples: 512  Num correct: 261  Precision @ 1: 0.5098  AUC @ 1: 0.6030
Step 4600: loss = 0.6211 (0.015 sec)
Training Data Eval:
  Num examples: 3456  Num correct: 2630  Precision @ 1: 0.7610  AUC @ 1: 0.8619
Validation Data Eval:
  Num examples: 256  Num correct: 144  Precision @ 1: 0.5625  AUC @ 1: 0.5536
Test Data Eval:
  Num examples: 512  Num correct: 264  Precision @ 1: 0.5156  AUC @ 1: 0.5934
Step 4800: loss = 0.5898 (0.016 sec)
Training Data Eval:
  Num examples: 3456  Num correct: 2682  Precision @ 1: 0.7760  AUC @ 1: 0.8726
Validation Data Eval:
  Num examples: 256  Num correct: 144  Precision @ 1: 0.5625  AUC @ 1: 0.5519
Test Data Eval:
  Num examples: 512  Num correct: 264  Precision @ 1: 0.5156  AUC @ 1: 0.5730
Step 5000: loss = 0.4893 (0.015 sec)
Training Data Eval:
  Num examples: 3456  Num correct: 2683  Precision @ 1: 0.7763  AUC @ 1: 0.8737
Validation Data Eval:
  Num examples: 256  Num correct: 144  Precision @ 1: 0.5625  AUC @ 1: 0.5485
Test Data Eval:
  Num examples: 512  Num correct: 271  Precision @ 1: 0.5293  AUC @ 1: 0.6048
Step 5200: loss = 0.4977 (0.015 sec)
Training Data Eval:
  Num examples: 3456  Num correct: 2729  Precision @ 1: 0.7896  AUC @ 1: 0.8906
Validation Data Eval:
  Num examples: 256  Num correct: 139  Precision @ 1: 0.5430  AUC @ 1: 0.5435
Test Data Eval:
  Num examples: 512  Num correct: 270  Precision @ 1: 0.5273  AUC @ 1: 0.5913
Step 5400: loss = 0.4853 (0.046 sec)
Training Data Eval:
  Num examples: 3456  Num correct: 2764  Precision @ 1: 0.7998  AUC @ 1: 0.8969
Validation Data Eval:
  Num examples: 256  Num correct: 145  Precision @ 1: 0.5664  AUC @ 1: 0.5535
Test Data Eval:
  Num examples: 512  Num correct: 268  Precision @ 1: 0.5234  AUC @ 1: 0.5818
Step 5600: loss = 0.5384 (0.015 sec)
Training Data Eval:
  Num examples: 3456  Num correct: 2782  Precision @ 1: 0.8050  AUC @ 1: 0.9012
Validation Data Eval:
  Num examples: 256  Num correct: 144  Precision @ 1: 0.5625  AUC @ 1: 0.5472
Test Data Eval:
  Num examples: 512  Num correct: 268  Precision @ 1: 0.5234  AUC @ 1: 0.5807
Step 5800: loss = 0.4835 (0.015 sec)
Training Data Eval:
  Num examples: 3456  Num correct: 2800  Precision @ 1: 0.8102  AUC @ 1: 0.9055
Validation Data Eval:
  Num examples: 256  Num correct: 144  Precision @ 1: 0.5625  AUC @ 1: 0.5447
Test Data Eval:
  Num examples: 512  Num correct: 268  Precision @ 1: 0.5234  AUC @ 1: 0.5682
Step 6000: loss = 0.4789 (0.015 sec)
Training Data Eval:
  Num examples: 3456  Num correct: 2836  Precision @ 1: 0.8206  AUC @ 1: 0.9170
Validation Data Eval:
  Num examples: 256  Num correct: 145  Precision @ 1: 0.5664  AUC @ 1: 0.5535
Test Data Eval:
  Num examples: 512  Num correct: 268  Precision @ 1: 0.5234  AUC @ 1: 0.5798
Step 6200: loss = 0.3987 (0.016 sec)
Training Data Eval:
  Num examples: 3456  Num correct: 2872  Precision @ 1: 0.8310  AUC @ 1: 0.9229
Validation Data Eval:
  Num examples: 256  Num correct: 144  Precision @ 1: 0.5625  AUC @ 1: 0.5522
Test Data Eval:
  Num examples: 512  Num correct: 274  Precision @ 1: 0.5352  AUC @ 1: 0.5707
Step 6400: loss = 0.4113 (0.013 sec)
Training Data Eval:
  Num examples: 3456  Num correct: 2860  Precision @ 1: 0.8275  AUC @ 1: 0.9227
Validation Data Eval:
  Num examples: 256  Num correct: 144  Precision @ 1: 0.5625  AUC @ 1: 0.5511
Test Data Eval:
  Num examples: 512  Num correct: 276  Precision @ 1: 0.5391  AUC @ 1: 0.5789
Step 6600: loss = 0.4763 (0.013 sec)
Training Data Eval:
  Num examples: 3456  Num correct: 2871  Precision @ 1: 0.8307  AUC @ 1: 0.9257
Validation Data Eval:
  Num examples: 256  Num correct: 144  Precision @ 1: 0.5625  AUC @ 1: 0.5548
Test Data Eval:
  Num examples: 512  Num correct: 274  Precision @ 1: 0.5352  AUC @ 1: 0.5807
Step 6800: loss = 0.4260 (0.013 sec)
Training Data Eval:
  Num examples: 3456  Num correct: 2905  Precision @ 1: 0.8406  AUC @ 1: 0.9307
Validation Data Eval:
  Num examples: 256  Num correct: 142  Precision @ 1: 0.5547  AUC @ 1: 0.5527
Test Data Eval:
  Num examples: 512  Num correct: 272  Precision @ 1: 0.5312  AUC @ 1: 0.5788
Step 7000: loss = 0.4490 (0.016 sec)
Training Data Eval:
  Num examples: 3456  Num correct: 2948  Precision @ 1: 0.8530  AUC @ 1: 0.9397
Validation Data Eval:
  Num examples: 256  Num correct: 141  Precision @ 1: 0.5508  AUC @ 1: 0.5501
Test Data Eval:
  Num examples: 512  Num correct: 271  Precision @ 1: 0.5293  AUC @ 1: 0.5649
Step 7200: loss = 0.4790 (0.014 sec)
Training Data Eval:
  Num examples: 3456  Num correct: 2958  Precision @ 1: 0.8559  AUC @ 1: 0.9410
Validation Data Eval:
  Num examples: 256  Num correct: 145  Precision @ 1: 0.5664  AUC @ 1: 0.5508
Test Data Eval:
  Num examples: 512  Num correct: 269  Precision @ 1: 0.5254  AUC @ 1: 0.5637
Step 7400: loss = 0.3855 (0.014 sec)
Training Data Eval:
  Num examples: 3456  Num correct: 2951  Precision @ 1: 0.8539  AUC @ 1: 0.9404
Validation Data Eval:
  Num examples: 256  Num correct: 142  Precision @ 1: 0.5547  AUC @ 1: 0.5550
Test Data Eval:
  Num examples: 512  Num correct: 277  Precision @ 1: 0.5410  AUC @ 1: 0.5786
Step 7600: loss = 0.3807 (0.016 sec)
Training Data Eval:
  Num examples: 3456  Num correct: 2989  Precision @ 1: 0.8649  AUC @ 1: 0.9439
Validation Data Eval:
  Num examples: 256  Num correct: 144  Precision @ 1: 0.5625  AUC @ 1: 0.5552
Test Data Eval:
  Num examples: 512  Num correct: 273  Precision @ 1: 0.5332  AUC @ 1: 0.5777
Step 7800: loss = 0.4430 (0.015 sec)
Training Data Eval:
  Num examples: 3456  Num correct: 3018  Precision @ 1: 0.8733  AUC @ 1: 0.9455
Validation Data Eval:
  Num examples: 256  Num correct: 146  Precision @ 1: 0.5703  AUC @ 1: 0.5595
Test Data Eval:
  Num examples: 512  Num correct: 267  Precision @ 1: 0.5215  AUC @ 1: 0.5615
Step 8000: loss = 0.4020 (0.013 sec)
Training Data Eval:
  Num examples: 3456  Num correct: 3002  Precision @ 1: 0.8686  AUC @ 1: 0.9492
Validation Data Eval:
  Num examples: 256  Num correct: 143  Precision @ 1: 0.5586  AUC @ 1: 0.5632
Test Data Eval:
  Num examples: 512  Num correct: 269  Precision @ 1: 0.5254  AUC @ 1: 0.5681
Step 8200: loss = 0.4364 (0.013 sec)
Training Data Eval:
  Num examples: 3456  Num correct: 3021  Precision @ 1: 0.8741  AUC @ 1: 0.9485
Validation Data Eval:
  Num examples: 256  Num correct: 143  Precision @ 1: 0.5586  AUC @ 1: 0.5580
Test Data Eval:
  Num examples: 512  Num correct: 271  Precision @ 1: 0.5293  AUC @ 1: 0.5650
Step 8400: loss = 0.3164 (0.014 sec)
Training Data Eval:
  Num examples: 3456  Num correct: 3019  Precision @ 1: 0.8736  AUC @ 1: 0.9490
Validation Data Eval:
  Num examples: 256  Num correct: 145  Precision @ 1: 0.5664  AUC @ 1: 0.5590
Test Data Eval:
  Num examples: 512  Num correct: 268  Precision @ 1: 0.5234  AUC @ 1: 0.5687
Step 8600: loss = 0.3875 (0.013 sec)
Training Data Eval:
  Num examples: 3456  Num correct: 3042  Precision @ 1: 0.8802  AUC @ 1: 0.9540
Validation Data Eval:
  Num examples: 256  Num correct: 143  Precision @ 1: 0.5586  AUC @ 1: 0.5590
Test Data Eval:
  Num examples: 512  Num correct: 280  Precision @ 1: 0.5469  AUC @ 1: 0.5580
Step 8800: loss = 0.3127 (0.014 sec)
Training Data Eval:
  Num examples: 3456  Num correct: 3053  Precision @ 1: 0.8834  AUC @ 1: 0.9558
Validation Data Eval:
  Num examples: 256  Num correct: 146  Precision @ 1: 0.5703  AUC @ 1: 0.5696
Test Data Eval:
  Num examples: 512  Num correct: 276  Precision @ 1: 0.5391  AUC @ 1: 0.5621
Step 9000: loss = 0.3611 (0.013 sec)
Training Data Eval:
  Num examples: 3456  Num correct: 3046  Precision @ 1: 0.8814  AUC @ 1: 0.9550
Validation Data Eval:
  Num examples: 256  Num correct: 148  Precision @ 1: 0.5781  AUC @ 1: 0.5670
Test Data Eval:
  Num examples: 512  Num correct: 276  Precision @ 1: 0.5391  AUC @ 1: 0.5616
Step 9200: loss = 0.3404 (0.014 sec)
Training Data Eval:
  Num examples: 3456  Num correct: 3096  Precision @ 1: 0.8958  AUC @ 1: 0.9606
Validation Data Eval:
  Num examples: 256  Num correct: 147  Precision @ 1: 0.5742  AUC @ 1: 0.5691
Test Data Eval:
  Num examples: 512  Num correct: 273  Precision @ 1: 0.5332  AUC @ 1: 0.5489
Step 9400: loss = 0.3206 (0.013 sec)
Training Data Eval:
  Num examples: 3456  Num correct: 3056  Precision @ 1: 0.8843  AUC @ 1: 0.9596
Validation Data Eval:
  Num examples: 256  Num correct: 145  Precision @ 1: 0.5664  AUC @ 1: 0.5686
Test Data Eval:
  Num examples: 512  Num correct: 274  Precision @ 1: 0.5352  AUC @ 1: 0.5571
Step 9600: loss = 0.3413 (0.013 sec)
Training Data Eval:
  Num examples: 3456  Num correct: 3088  Precision @ 1: 0.8935  AUC @ 1: 0.9635
Validation Data Eval:
  Num examples: 256  Num correct: 145  Precision @ 1: 0.5664  AUC @ 1: 0.5714
Test Data Eval:
  Num examples: 512  Num correct: 269  Precision @ 1: 0.5254  AUC @ 1: 0.5448
Step 9800: loss = 0.3671 (0.014 sec)
Training Data Eval:
  Num examples: 3456  Num correct: 3081  Precision @ 1: 0.8915  AUC @ 1: 0.9630
Validation Data Eval:
  Num examples: 256  Num correct: 150  Precision @ 1: 0.5859  AUC @ 1: 0.5723
Test Data Eval:
  Num examples: 512  Num correct: 277  Precision @ 1: 0.5410  AUC @ 1: 0.5588
