Training data shape: 	(3881, 64, 30, 1)
Training label shape:	(3881,)
Testing data shape:  	(454, 64, 30, 1)
Testing label shape: 	(454,)
max input value is: 58.7592
min input value is: -75.9911
random permuted training data
==============================================================================
Model: 			inference_global_s_cnn
Tensor Name: 	Placeholder:0
[128, 64, 30, 1]
==============================================================================
Tensor Name: conv1/conv1:0
[128, 1, 30, 32]
==============================================================================
Tensor Name: MaxPool:0
[128, 1, 15, 32]
==============================================================================
Tensor Name: local1/local1:0
[128, 128]
==============================================================================
Tensor Name: local2/local2:0
[128, 128]
==============================================================================
Tensor Name: softmax_linear/softmax_linear:0
[128, 2]
Step 0: loss = 0.8860 (0.040 sec)
Training Data Eval:
  Num examples: 3584  Num correct: 2009  Precision @ 1: 0.5605  AUC @ 1: 0.6956
Validation Data Eval:
  Num examples: 256  Num correct: 153  Precision @ 1: 0.5977  AUC @ 1: 0.6861
Test Data Eval:
  Num examples: 384  Num correct: 187  Precision @ 1: 0.4870  AUC @ 1: 0.7521
Step 200: loss = 0.8532 (0.014 sec)
Training Data Eval:
  Num examples: 3584  Num correct: 2231  Precision @ 1: 0.6225  AUC @ 1: 0.6950
Validation Data Eval:
  Num examples: 256  Num correct: 155  Precision @ 1: 0.6055  AUC @ 1: 0.6769
Test Data Eval:
  Num examples: 384  Num correct: 221  Precision @ 1: 0.5755  AUC @ 1: 0.7702
Step 400: loss = 0.8128 (0.014 sec)
Training Data Eval:
  Num examples: 3584  Num correct: 2338  Precision @ 1: 0.6523  AUC @ 1: 0.7138
Validation Data Eval:
  Num examples: 256  Num correct: 162  Precision @ 1: 0.6328  AUC @ 1: 0.6950
Test Data Eval:
  Num examples: 384  Num correct: 257  Precision @ 1: 0.6693  AUC @ 1: 0.7846
Step 600: loss = 0.8384 (0.014 sec)
Training Data Eval:
  Num examples: 3584  Num correct: 2400  Precision @ 1: 0.6696  AUC @ 1: 0.7524
Validation Data Eval:
  Num examples: 256  Num correct: 166  Precision @ 1: 0.6484  AUC @ 1: 0.7200
Test Data Eval:
  Num examples: 384  Num correct: 258  Precision @ 1: 0.6719  AUC @ 1: 0.7910
Step 800: loss = 0.8107 (0.014 sec)
Training Data Eval:
  Num examples: 3584  Num correct: 2522  Precision @ 1: 0.7037  AUC @ 1: 0.7677
Validation Data Eval:
  Num examples: 256  Num correct: 181  Precision @ 1: 0.7070  AUC @ 1: 0.7338
Test Data Eval:
  Num examples: 384  Num correct: 263  Precision @ 1: 0.6849  AUC @ 1: 0.7812
Step 1000: loss = 0.8120 (0.014 sec)
Training Data Eval:
  Num examples: 3584  Num correct: 2516  Precision @ 1: 0.7020  AUC @ 1: 0.7799
Validation Data Eval:
  Num examples: 256  Num correct: 177  Precision @ 1: 0.6914  AUC @ 1: 0.7440
Test Data Eval:
  Num examples: 384  Num correct: 257  Precision @ 1: 0.6693  AUC @ 1: 0.7747
Step 1200: loss = 0.8023 (0.014 sec)
Training Data Eval:
  Num examples: 3584  Num correct: 2579  Precision @ 1: 0.7196  AUC @ 1: 0.7958
Validation Data Eval:
  Num examples: 256  Num correct: 180  Precision @ 1: 0.7031  AUC @ 1: 0.7511
Test Data Eval:
  Num examples: 384  Num correct: 251  Precision @ 1: 0.6536  AUC @ 1: 0.7548
Step 1400: loss = 0.7127 (0.026 sec)
Training Data Eval:
  Num examples: 3584  Num correct: 2599  Precision @ 1: 0.7252  AUC @ 1: 0.8120
Validation Data Eval:
  Num examples: 256  Num correct: 177  Precision @ 1: 0.6914  AUC @ 1: 0.7599
Test Data Eval:
  Num examples: 384  Num correct: 246  Precision @ 1: 0.6406  AUC @ 1: 0.7616
Step 1600: loss = 0.7739 (0.015 sec)
Training Data Eval:
  Num examples: 3584  Num correct: 2659  Precision @ 1: 0.7419  AUC @ 1: 0.8223
Validation Data Eval:
  Num examples: 256  Num correct: 181  Precision @ 1: 0.7070  AUC @ 1: 0.7653
Test Data Eval:
  Num examples: 384  Num correct: 248  Precision @ 1: 0.6458  AUC @ 1: 0.7654
Step 1800: loss = 0.6932 (0.014 sec)
Training Data Eval:
  Num examples: 3584  Num correct: 2698  Precision @ 1: 0.7528  AUC @ 1: 0.8314
Validation Data Eval:
  Num examples: 256  Num correct: 180  Precision @ 1: 0.7031  AUC @ 1: 0.7674
Test Data Eval:
  Num examples: 384  Num correct: 236  Precision @ 1: 0.6146  AUC @ 1: 0.7503
Step 2000: loss = 0.7009 (0.014 sec)
Training Data Eval:
  Num examples: 3584  Num correct: 2717  Precision @ 1: 0.7581  AUC @ 1: 0.8511
Validation Data Eval:
  Num examples: 256  Num correct: 183  Precision @ 1: 0.7148  AUC @ 1: 0.7750
Test Data Eval:
  Num examples: 384  Num correct: 267  Precision @ 1: 0.6953  AUC @ 1: 0.7406
Step 2200: loss = 0.6993 (0.015 sec)
Training Data Eval:
  Num examples: 3584  Num correct: 2836  Precision @ 1: 0.7913  AUC @ 1: 0.8654
Validation Data Eval:
  Num examples: 256  Num correct: 183  Precision @ 1: 0.7148  AUC @ 1: 0.7776
Test Data Eval:
  Num examples: 384  Num correct: 254  Precision @ 1: 0.6615  AUC @ 1: 0.7388
Step 2400: loss = 0.6821 (0.015 sec)
Training Data Eval:
  Num examples: 3584  Num correct: 2879  Precision @ 1: 0.8033  AUC @ 1: 0.8774
Validation Data Eval:
  Num examples: 256  Num correct: 183  Precision @ 1: 0.7148  AUC @ 1: 0.7819
Test Data Eval:
  Num examples: 384  Num correct: 250  Precision @ 1: 0.6510  AUC @ 1: 0.7501
Step 2600: loss = 0.5985 (0.015 sec)
Training Data Eval:
  Num examples: 3584  Num correct: 2913  Precision @ 1: 0.8128  AUC @ 1: 0.8953
Validation Data Eval:
  Num examples: 256  Num correct: 183  Precision @ 1: 0.7148  AUC @ 1: 0.7861
Test Data Eval:
  Num examples: 384  Num correct: 255  Precision @ 1: 0.6641  AUC @ 1: 0.7193
Step 2800: loss = 0.6346 (0.026 sec)
Training Data Eval:
  Num examples: 3584  Num correct: 2972  Precision @ 1: 0.8292  AUC @ 1: 0.9046
Validation Data Eval:
  Num examples: 256  Num correct: 184  Precision @ 1: 0.7188  AUC @ 1: 0.7891
Test Data Eval:
  Num examples: 384  Num correct: 260  Precision @ 1: 0.6771  AUC @ 1: 0.7418
Step 3000: loss = 0.6130 (0.014 sec)
Training Data Eval:
  Num examples: 3584  Num correct: 3021  Precision @ 1: 0.8429  AUC @ 1: 0.9163
Validation Data Eval:
  Num examples: 256  Num correct: 184  Precision @ 1: 0.7188  AUC @ 1: 0.7891
Test Data Eval:
  Num examples: 384  Num correct: 261  Precision @ 1: 0.6797  AUC @ 1: 0.7296
Step 3200: loss = 0.6092 (0.014 sec)
Training Data Eval:
  Num examples: 3584  Num correct: 3056  Precision @ 1: 0.8527  AUC @ 1: 0.9253
Validation Data Eval:
  Num examples: 256  Num correct: 189  Precision @ 1: 0.7383  AUC @ 1: 0.7949
Test Data Eval:
  Num examples: 384  Num correct: 268  Precision @ 1: 0.6979  AUC @ 1: 0.7333
Step 3400: loss = 0.5962 (0.015 sec)
Training Data Eval:
  Num examples: 3584  Num correct: 3112  Precision @ 1: 0.8683  AUC @ 1: 0.9359
Validation Data Eval:
  Num examples: 256  Num correct: 182  Precision @ 1: 0.7109  AUC @ 1: 0.7943
Test Data Eval:
  Num examples: 384  Num correct: 254  Precision @ 1: 0.6615  AUC @ 1: 0.7057
Step 3600: loss = 0.4945 (0.014 sec)
Training Data Eval:
  Num examples: 3584  Num correct: 3170  Precision @ 1: 0.8845  AUC @ 1: 0.9490
Validation Data Eval:
  Num examples: 256  Num correct: 191  Precision @ 1: 0.7461  AUC @ 1: 0.8011
Test Data Eval:
  Num examples: 384  Num correct: 241  Precision @ 1: 0.6276  AUC @ 1: 0.7089
Step 3800: loss = 0.5839 (0.014 sec)
Training Data Eval:
  Num examples: 3584  Num correct: 3183  Precision @ 1: 0.8881  AUC @ 1: 0.9517
Validation Data Eval:
  Num examples: 256  Num correct: 192  Precision @ 1: 0.7500  AUC @ 1: 0.7976
Test Data Eval:
  Num examples: 384  Num correct: 246  Precision @ 1: 0.6406  AUC @ 1: 0.7134
Step 4000: loss = 0.4671 (0.014 sec)
Training Data Eval:
  Num examples: 3584  Num correct: 3225  Precision @ 1: 0.8998  AUC @ 1: 0.9628
Validation Data Eval:
  Num examples: 256  Num correct: 189  Precision @ 1: 0.7383  AUC @ 1: 0.7975
Test Data Eval:
  Num examples: 384  Num correct: 259  Precision @ 1: 0.6745  AUC @ 1: 0.7114
Step 4200: loss = 0.4825 (0.026 sec)
Training Data Eval:
  Num examples: 3584  Num correct: 3170  Precision @ 1: 0.8845  AUC @ 1: 0.9650
Validation Data Eval:
  Num examples: 256  Num correct: 184  Precision @ 1: 0.7188  AUC @ 1: 0.8012
Test Data Eval:
  Num examples: 384  Num correct: 238  Precision @ 1: 0.6198  AUC @ 1: 0.7067
Step 4400: loss = 0.5064 (0.014 sec)
Training Data Eval:
  Num examples: 3584  Num correct: 3309  Precision @ 1: 0.9233  AUC @ 1: 0.9725
Validation Data Eval:
  Num examples: 256  Num correct: 187  Precision @ 1: 0.7305  AUC @ 1: 0.7987
Test Data Eval:
  Num examples: 384  Num correct: 254  Precision @ 1: 0.6615  AUC @ 1: 0.6997
Step 4600: loss = 0.4939 (0.015 sec)
Training Data Eval:
  Num examples: 3584  Num correct: 3326  Precision @ 1: 0.9280  AUC @ 1: 0.9776
Validation Data Eval:
  Num examples: 256  Num correct: 189  Precision @ 1: 0.7383  AUC @ 1: 0.8033
Test Data Eval:
  Num examples: 384  Num correct: 252  Precision @ 1: 0.6562  AUC @ 1: 0.6991
Step 4800: loss = 0.4702 (0.014 sec)
Training Data Eval:
  Num examples: 3584  Num correct: 3368  Precision @ 1: 0.9397  AUC @ 1: 0.9804
Validation Data Eval:
  Num examples: 256  Num correct: 191  Precision @ 1: 0.7461  AUC @ 1: 0.8044
Test Data Eval:
  Num examples: 384  Num correct: 247  Precision @ 1: 0.6432  AUC @ 1: 0.7020
Step 5000: loss = 0.3830 (0.014 sec)
Training Data Eval:
  Num examples: 3584  Num correct: 3406  Precision @ 1: 0.9503  AUC @ 1: 0.9864
Validation Data Eval:
  Num examples: 256  Num correct: 191  Precision @ 1: 0.7461  AUC @ 1: 0.8024
Test Data Eval:
  Num examples: 384  Num correct: 244  Precision @ 1: 0.6354  AUC @ 1: 0.6958
Step 5200: loss = 0.3800 (0.016 sec)
Training Data Eval:
  Num examples: 3584  Num correct: 3407  Precision @ 1: 0.9506  AUC @ 1: 0.9880
Validation Data Eval:
  Num examples: 256  Num correct: 192  Precision @ 1: 0.7500  AUC @ 1: 0.8009
Test Data Eval:
  Num examples: 384  Num correct: 250  Precision @ 1: 0.6510  AUC @ 1: 0.7183
Step 5400: loss = 0.4026 (0.015 sec)
Training Data Eval:
  Num examples: 3584  Num correct: 3453  Precision @ 1: 0.9634  AUC @ 1: 0.9919
Validation Data Eval:
  Num examples: 256  Num correct: 188  Precision @ 1: 0.7344  AUC @ 1: 0.8011
Test Data Eval:
  Num examples: 384  Num correct: 245  Precision @ 1: 0.6380  AUC @ 1: 0.6993
Step 5600: loss = 0.3628 (0.026 sec)
Training Data Eval:
  Num examples: 3584  Num correct: 3473  Precision @ 1: 0.9690  AUC @ 1: 0.9939
Validation Data Eval:
  Num examples: 256  Num correct: 193  Precision @ 1: 0.7539  AUC @ 1: 0.8002
Test Data Eval:
  Num examples: 384  Num correct: 248  Precision @ 1: 0.6458  AUC @ 1: 0.6877
Step 5800: loss = 0.3032 (0.014 sec)
Training Data Eval:
  Num examples: 3584  Num correct: 3484  Precision @ 1: 0.9721  AUC @ 1: 0.9946
Validation Data Eval:
  Num examples: 256  Num correct: 193  Precision @ 1: 0.7539  AUC @ 1: 0.7973
Test Data Eval:
  Num examples: 384  Num correct: 245  Precision @ 1: 0.6380  AUC @ 1: 0.6964
Step 6000: loss = 0.3105 (0.014 sec)
Training Data Eval:
  Num examples: 3584  Num correct: 3516  Precision @ 1: 0.9810  AUC @ 1: 0.9973
Validation Data Eval:
  Num examples: 256  Num correct: 192  Precision @ 1: 0.7500  AUC @ 1: 0.7952
Test Data Eval:
  Num examples: 384  Num correct: 237  Precision @ 1: 0.6172  AUC @ 1: 0.6671
Step 6200: loss = 0.3051 (0.014 sec)
Training Data Eval:
  Num examples: 3584  Num correct: 3523  Precision @ 1: 0.9830  AUC @ 1: 0.9977
Validation Data Eval:
  Num examples: 256  Num correct: 191  Precision @ 1: 0.7461  AUC @ 1: 0.7964
Test Data Eval:
  Num examples: 384  Num correct: 242  Precision @ 1: 0.6302  AUC @ 1: 0.6807
Step 6400: loss = 0.2651 (0.014 sec)
Training Data Eval:
  Num examples: 3584  Num correct: 3532  Precision @ 1: 0.9855  AUC @ 1: 0.9981
Validation Data Eval:
  Num examples: 256  Num correct: 191  Precision @ 1: 0.7461  AUC @ 1: 0.7989
Test Data Eval:
  Num examples: 384  Num correct: 238  Precision @ 1: 0.6198  AUC @ 1: 0.6823
Step 6600: loss = 0.2858 (0.014 sec)
Training Data Eval:
  Num examples: 3584  Num correct: 3546  Precision @ 1: 0.9894  AUC @ 1: 0.9986
Validation Data Eval:
  Num examples: 256  Num correct: 189  Precision @ 1: 0.7383  AUC @ 1: 0.8021
Test Data Eval:
  Num examples: 384  Num correct: 238  Precision @ 1: 0.6198  AUC @ 1: 0.6563
Step 6800: loss = 0.2957 (0.014 sec)
Training Data Eval:
  Num examples: 3584  Num correct: 3557  Precision @ 1: 0.9925  AUC @ 1: 0.9993
Validation Data Eval:
  Num examples: 256  Num correct: 191  Precision @ 1: 0.7461  AUC @ 1: 0.8046
Test Data Eval:
  Num examples: 384  Num correct: 244  Precision @ 1: 0.6354  AUC @ 1: 0.6796
Step 7000: loss = 0.2559 (0.026 sec)
Training Data Eval:
  Num examples: 3584  Num correct: 3560  Precision @ 1: 0.9933  AUC @ 1: 0.9995
Validation Data Eval:
  Num examples: 256  Num correct: 191  Precision @ 1: 0.7461  AUC @ 1: 0.8065
Test Data Eval:
  Num examples: 384  Num correct: 240  Precision @ 1: 0.6250  AUC @ 1: 0.6693
Step 7200: loss = 0.2682 (0.014 sec)
Training Data Eval:
  Num examples: 3584  Num correct: 3566  Precision @ 1: 0.9950  AUC @ 1: 0.9997
Validation Data Eval:
  Num examples: 256  Num correct: 188  Precision @ 1: 0.7344  AUC @ 1: 0.8018
Test Data Eval:
  Num examples: 384  Num correct: 224  Precision @ 1: 0.5833  AUC @ 1: 0.6520
Step 7400: loss = 0.2830 (0.015 sec)
Training Data Eval:
  Num examples: 3584  Num correct: 3570  Precision @ 1: 0.9961  AUC @ 1: 0.9998
Validation Data Eval:
  Num examples: 256  Num correct: 190  Precision @ 1: 0.7422  AUC @ 1: 0.8063
Test Data Eval:
  Num examples: 384  Num correct: 229  Precision @ 1: 0.5964  AUC @ 1: 0.6543
Step 7600: loss = 0.2625 (0.013 sec)
Training Data Eval:
  Num examples: 3584  Num correct: 3572  Precision @ 1: 0.9967  AUC @ 1: 0.9999
Validation Data Eval:
  Num examples: 256  Num correct: 193  Precision @ 1: 0.7539  AUC @ 1: 0.8044
Test Data Eval:
  Num examples: 384  Num correct: 235  Precision @ 1: 0.6120  AUC @ 1: 0.6554
Step 7800: loss = 0.2297 (0.014 sec)
Training Data Eval:
  Num examples: 3584  Num correct: 3575  Precision @ 1: 0.9975  AUC @ 1: 0.9999
Validation Data Eval:
  Num examples: 256  Num correct: 187  Precision @ 1: 0.7305  AUC @ 1: 0.8051
Test Data Eval:
  Num examples: 384  Num correct: 229  Precision @ 1: 0.5964  AUC @ 1: 0.6735
Step 8000: loss = 0.2512 (0.014 sec)
Training Data Eval:
  Num examples: 3584  Num correct: 3574  Precision @ 1: 0.9972  AUC @ 1: 1.0000
Validation Data Eval:
  Num examples: 256  Num correct: 194  Precision @ 1: 0.7578  AUC @ 1: 0.8064
Test Data Eval:
  Num examples: 384  Num correct: 228  Precision @ 1: 0.5938  AUC @ 1: 0.6605
Step 8200: loss = 0.2123 (0.014 sec)
Training Data Eval:
  Num examples: 3584  Num correct: 3580  Precision @ 1: 0.9989  AUC @ 1: 1.0000
Validation Data Eval:
  Num examples: 256  Num correct: 190  Precision @ 1: 0.7422  AUC @ 1: 0.8028
Test Data Eval:
  Num examples: 384  Num correct: 243  Precision @ 1: 0.6328  AUC @ 1: 0.6661
Step 8400: loss = 0.2269 (0.026 sec)
Training Data Eval:
  Num examples: 3584  Num correct: 3581  Precision @ 1: 0.9992  AUC @ 1: 1.0000
Validation Data Eval:
  Num examples: 256  Num correct: 189  Precision @ 1: 0.7383  AUC @ 1: 0.8067
Test Data Eval:
  Num examples: 384  Num correct: 237  Precision @ 1: 0.6172  AUC @ 1: 0.6764
Step 8600: loss = 0.2144 (0.014 sec)
Training Data Eval:
  Num examples: 3584  Num correct: 3581  Precision @ 1: 0.9992  AUC @ 1: 1.0000
Validation Data Eval:
  Num examples: 256  Num correct: 190  Precision @ 1: 0.7422  AUC @ 1: 0.7995
Test Data Eval:
  Num examples: 384  Num correct: 232  Precision @ 1: 0.6042  AUC @ 1: 0.6572
Step 8800: loss = 0.2332 (0.015 sec)
Training Data Eval:
  Num examples: 3584  Num correct: 3582  Precision @ 1: 0.9994  AUC @ 1: 1.0000
Validation Data Eval:
  Num examples: 256  Num correct: 190  Precision @ 1: 0.7422  AUC @ 1: 0.8072
Test Data Eval:
  Num examples: 384  Num correct: 234  Precision @ 1: 0.6094  AUC @ 1: 0.6578
Step 9000: loss = 0.2272 (0.015 sec)
Training Data Eval:
  Num examples: 3584  Num correct: 3583  Precision @ 1: 0.9997  AUC @ 1: 1.0000
Validation Data Eval:
  Num examples: 256  Num correct: 192  Precision @ 1: 0.7500  AUC @ 1: 0.8040
Test Data Eval:
  Num examples: 384  Num correct: 226  Precision @ 1: 0.5885  AUC @ 1: 0.6657
Step 9200: loss = 0.2085 (0.014 sec)
Training Data Eval:
  Num examples: 3584  Num correct: 3584  Precision @ 1: 1.0000  AUC @ 1: 1.0000
Validation Data Eval:
  Num examples: 256  Num correct: 190  Precision @ 1: 0.7422  AUC @ 1: 0.8067
Test Data Eval:
  Num examples: 384  Num correct: 230  Precision @ 1: 0.5990  AUC @ 1: 0.6519
Step 9400: loss = 0.1800 (0.014 sec)
Training Data Eval:
  Num examples: 3584  Num correct: 3584  Precision @ 1: 1.0000  AUC @ 1: 1.0000
Validation Data Eval:
  Num examples: 256  Num correct: 191  Precision @ 1: 0.7461  AUC @ 1: 0.8021
Test Data Eval:
  Num examples: 384  Num correct: 227  Precision @ 1: 0.5911  AUC @ 1: 0.6545
Step 9600: loss = 0.2011 (0.014 sec)
Training Data Eval:
  Num examples: 3584  Num correct: 3584  Precision @ 1: 1.0000  AUC @ 1: 1.0000
Validation Data Eval:
  Num examples: 256  Num correct: 188  Precision @ 1: 0.7344  AUC @ 1: 0.8053
Test Data Eval:
  Num examples: 384  Num correct: 236  Precision @ 1: 0.6146  AUC @ 1: 0.6882
Step 9800: loss = 0.1894 (0.026 sec)
Training Data Eval:
  Num examples: 3584  Num correct: 3584  Precision @ 1: 1.0000  AUC @ 1: 1.0000
Validation Data Eval:
  Num examples: 256  Num correct: 191  Precision @ 1: 0.7461  AUC @ 1: 0.8015
Test Data Eval:
  Num examples: 384  Num correct: 237  Precision @ 1: 0.6172  AUC @ 1: 0.6797
