Training data shape: 	(3869, 30, 64, 1)
Training label shape:	(3869,)
Testing data shape:  	(466, 30, 64, 1)
Testing label shape: 	(466,)
max input value is: 14.3839135638
min input value is: -10.9262291682
random permuted training data
==============================================================================
Model: 			inference_stcnn
Tensor Name: 	Placeholder:0
[128, 30, 64, 1]
==============================================================================
Tensor Name: conv0/conv0:0
[128, 1, 60, 16]
==============================================================================
Tensor Name: MaxPool:0
[128, 1, 30, 16]
==============================================================================
Tensor Name: local1/local1:0
[128, 128]
==============================================================================
Tensor Name: local2/local2:0
[128, 128]
==============================================================================
Tensor Name: softmax_linear/softmax_linear:0
[128, 2]
Step 0: loss = 0.8861 (0.037 sec)
Training Data Eval:
  Num examples: 3584  Num correct: 2039  Precision @ 1: 0.5689  AUC @ 1: 0.6476
Validation Data Eval:
  Num examples: 256  Num correct: 146  Precision @ 1: 0.5703  AUC @ 1: 0.5417
Test Data Eval:
  Num examples: 384  Num correct: 181  Precision @ 1: 0.4714  AUC @ 1: 0.6035
Step 200: loss = 0.8741 (0.021 sec)
Training Data Eval:
  Num examples: 3584  Num correct: 2014  Precision @ 1: 0.5619  AUC @ 1: 0.6436
Validation Data Eval:
  Num examples: 256  Num correct: 146  Precision @ 1: 0.5703  AUC @ 1: 0.5438
Test Data Eval:
  Num examples: 384  Num correct: 216  Precision @ 1: 0.5625  AUC @ 1: 0.6177
Step 400: loss = 0.8656 (0.020 sec)
Training Data Eval:
  Num examples: 3584  Num correct: 2022  Precision @ 1: 0.5642  AUC @ 1: 0.6389
Validation Data Eval:
  Num examples: 256  Num correct: 146  Precision @ 1: 0.5703  AUC @ 1: 0.5445
Test Data Eval:
  Num examples: 384  Num correct: 210  Precision @ 1: 0.5469  AUC @ 1: 0.6021
Step 600: loss = 0.8835 (0.020 sec)
Training Data Eval:
  Num examples: 3584  Num correct: 2034  Precision @ 1: 0.5675  AUC @ 1: 0.6385
Validation Data Eval:
  Num examples: 256  Num correct: 146  Precision @ 1: 0.5703  AUC @ 1: 0.5467
Test Data Eval:
  Num examples: 384  Num correct: 218  Precision @ 1: 0.5677  AUC @ 1: 0.5792
Step 800: loss = 0.8554 (0.022 sec)
Training Data Eval:
  Num examples: 3584  Num correct: 2019  Precision @ 1: 0.5633  AUC @ 1: 0.6365
Validation Data Eval:
  Num examples: 256  Num correct: 146  Precision @ 1: 0.5703  AUC @ 1: 0.5488
Test Data Eval:
  Num examples: 384  Num correct: 213  Precision @ 1: 0.5547  AUC @ 1: 0.5795
Step 1000: loss = 0.8398 (0.020 sec)
Training Data Eval:
  Num examples: 3584  Num correct: 2015  Precision @ 1: 0.5622  AUC @ 1: 0.6453
Validation Data Eval:
  Num examples: 256  Num correct: 146  Precision @ 1: 0.5703  AUC @ 1: 0.5502
Test Data Eval:
  Num examples: 384  Num correct: 219  Precision @ 1: 0.5703  AUC @ 1: 0.5706
Step 1200: loss = 0.8690 (0.021 sec)
Training Data Eval:
  Num examples: 3584  Num correct: 2026  Precision @ 1: 0.5653  AUC @ 1: 0.6493
Validation Data Eval:
  Num examples: 256  Num correct: 146  Precision @ 1: 0.5703  AUC @ 1: 0.5522
Test Data Eval:
  Num examples: 384  Num correct: 219  Precision @ 1: 0.5703  AUC @ 1: 0.5971
Step 1400: loss = 0.8658 (0.050 sec)
Training Data Eval:
  Num examples: 3584  Num correct: 2013  Precision @ 1: 0.5617  AUC @ 1: 0.6563
Validation Data Eval:
  Num examples: 256  Num correct: 146  Precision @ 1: 0.5703  AUC @ 1: 0.5549
Test Data Eval:
  Num examples: 384  Num correct: 222  Precision @ 1: 0.5781  AUC @ 1: 0.6007
Step 1600: loss = 0.8595 (0.021 sec)
Training Data Eval:
  Num examples: 3584  Num correct: 2018  Precision @ 1: 0.5631  AUC @ 1: 0.6693
Validation Data Eval:
  Num examples: 256  Num correct: 146  Precision @ 1: 0.5703  AUC @ 1: 0.5591
Test Data Eval:
  Num examples: 384  Num correct: 219  Precision @ 1: 0.5703  AUC @ 1: 0.6139
Step 1800: loss = 0.8429 (0.020 sec)
Training Data Eval:
  Num examples: 3584  Num correct: 2083  Precision @ 1: 0.5812  AUC @ 1: 0.6698
Validation Data Eval:
  Num examples: 256  Num correct: 145  Precision @ 1: 0.5664  AUC @ 1: 0.5639
Test Data Eval:
  Num examples: 384  Num correct: 217  Precision @ 1: 0.5651  AUC @ 1: 0.6424
Step 2000: loss = 0.7948 (0.020 sec)
Training Data Eval:
  Num examples: 3584  Num correct: 2127  Precision @ 1: 0.5935  AUC @ 1: 0.6933
Validation Data Eval:
  Num examples: 256  Num correct: 137  Precision @ 1: 0.5352  AUC @ 1: 0.5720
Test Data Eval:
  Num examples: 384  Num correct: 222  Precision @ 1: 0.5781  AUC @ 1: 0.6474
Step 2200: loss = 0.7737 (0.020 sec)
Training Data Eval:
  Num examples: 3584  Num correct: 2170  Precision @ 1: 0.6055  AUC @ 1: 0.6961
Validation Data Eval:
  Num examples: 256  Num correct: 140  Precision @ 1: 0.5469  AUC @ 1: 0.5776
Test Data Eval:
  Num examples: 384  Num correct: 224  Precision @ 1: 0.5833  AUC @ 1: 0.6821
Step 2400: loss = 0.8278 (0.021 sec)
Training Data Eval:
  Num examples: 3584  Num correct: 2263  Precision @ 1: 0.6314  AUC @ 1: 0.7192
Validation Data Eval:
  Num examples: 256  Num correct: 136  Precision @ 1: 0.5312  AUC @ 1: 0.5839
Test Data Eval:
  Num examples: 384  Num correct: 228  Precision @ 1: 0.5938  AUC @ 1: 0.6829
Step 2600: loss = 0.8004 (0.020 sec)
Training Data Eval:
  Num examples: 3584  Num correct: 2297  Precision @ 1: 0.6409  AUC @ 1: 0.7258
Validation Data Eval:
  Num examples: 256  Num correct: 139  Precision @ 1: 0.5430  AUC @ 1: 0.5941
Test Data Eval:
  Num examples: 384  Num correct: 239  Precision @ 1: 0.6224  AUC @ 1: 0.7018
Step 2800: loss = 0.7965 (0.058 sec)
Training Data Eval:
  Num examples: 3584  Num correct: 2324  Precision @ 1: 0.6484  AUC @ 1: 0.7376
Validation Data Eval:
  Num examples: 256  Num correct: 136  Precision @ 1: 0.5312  AUC @ 1: 0.6066
Test Data Eval:
  Num examples: 384  Num correct: 234  Precision @ 1: 0.6094  AUC @ 1: 0.7177
Step 3000: loss = 0.7755 (0.021 sec)
Training Data Eval:
  Num examples: 3584  Num correct: 2345  Precision @ 1: 0.6543  AUC @ 1: 0.7437
Validation Data Eval:
  Num examples: 256  Num correct: 140  Precision @ 1: 0.5469  AUC @ 1: 0.6196
Test Data Eval:
  Num examples: 384  Num correct: 241  Precision @ 1: 0.6276  AUC @ 1: 0.7353
Step 3200: loss = 0.7321 (0.021 sec)
Training Data Eval:
  Num examples: 3584  Num correct: 2399  Precision @ 1: 0.6694  AUC @ 1: 0.7521
Validation Data Eval:
  Num examples: 256  Num correct: 143  Precision @ 1: 0.5586  AUC @ 1: 0.6258
Test Data Eval:
  Num examples: 384  Num correct: 243  Precision @ 1: 0.6328  AUC @ 1: 0.7394
Step 3400: loss = 0.7423 (0.021 sec)
Training Data Eval:
  Num examples: 3584  Num correct: 2446  Precision @ 1: 0.6825  AUC @ 1: 0.7606
Validation Data Eval:
  Num examples: 256  Num correct: 141  Precision @ 1: 0.5508  AUC @ 1: 0.6319
Test Data Eval:
  Num examples: 384  Num correct: 239  Precision @ 1: 0.6224  AUC @ 1: 0.7324
Step 3600: loss = 0.7433 (0.020 sec)
Training Data Eval:
  Num examples: 3584  Num correct: 2419  Precision @ 1: 0.6749  AUC @ 1: 0.7595
Validation Data Eval:
  Num examples: 256  Num correct: 142  Precision @ 1: 0.5547  AUC @ 1: 0.6363
Test Data Eval:
  Num examples: 384  Num correct: 232  Precision @ 1: 0.6042  AUC @ 1: 0.7175
Step 3800: loss = 0.7898 (0.020 sec)
Training Data Eval:
  Num examples: 3584  Num correct: 2435  Precision @ 1: 0.6794  AUC @ 1: 0.7643
Validation Data Eval:
  Num examples: 256  Num correct: 144  Precision @ 1: 0.5625  AUC @ 1: 0.6401
Test Data Eval:
  Num examples: 384  Num correct: 246  Precision @ 1: 0.6406  AUC @ 1: 0.7332
Step 4000: loss = 0.6725 (0.021 sec)
Training Data Eval:
  Num examples: 3584  Num correct: 2470  Precision @ 1: 0.6892  AUC @ 1: 0.7718
Validation Data Eval:
  Num examples: 256  Num correct: 145  Precision @ 1: 0.5664  AUC @ 1: 0.6436
Test Data Eval:
  Num examples: 384  Num correct: 246  Precision @ 1: 0.6406  AUC @ 1: 0.7521
Step 4200: loss = 0.7544 (0.056 sec)
Training Data Eval:
  Num examples: 3584  Num correct: 2495  Precision @ 1: 0.6961  AUC @ 1: 0.7798
Validation Data Eval:
  Num examples: 256  Num correct: 148  Precision @ 1: 0.5781  AUC @ 1: 0.6473
Test Data Eval:
  Num examples: 384  Num correct: 242  Precision @ 1: 0.6302  AUC @ 1: 0.7268
Step 4400: loss = 0.7034 (0.021 sec)
Training Data Eval:
  Num examples: 3584  Num correct: 2506  Precision @ 1: 0.6992  AUC @ 1: 0.7790
Validation Data Eval:
  Num examples: 256  Num correct: 151  Precision @ 1: 0.5898  AUC @ 1: 0.6495
Test Data Eval:
  Num examples: 384  Num correct: 244  Precision @ 1: 0.6354  AUC @ 1: 0.7443
Step 4600: loss = 0.6906 (0.020 sec)
Training Data Eval:
  Num examples: 3584  Num correct: 2519  Precision @ 1: 0.7028  AUC @ 1: 0.7875
Validation Data Eval:
  Num examples: 256  Num correct: 154  Precision @ 1: 0.6016  AUC @ 1: 0.6531
Test Data Eval:
  Num examples: 384  Num correct: 245  Precision @ 1: 0.6380  AUC @ 1: 0.7420
Step 4800: loss = 0.7068 (0.020 sec)
Training Data Eval:
  Num examples: 3584  Num correct: 2500  Precision @ 1: 0.6975  AUC @ 1: 0.7880
Validation Data Eval:
  Num examples: 256  Num correct: 152  Precision @ 1: 0.5938  AUC @ 1: 0.6566
Test Data Eval:
  Num examples: 384  Num correct: 243  Precision @ 1: 0.6328  AUC @ 1: 0.7375
Step 5000: loss = 0.7017 (0.020 sec)
Training Data Eval:
  Num examples: 3584  Num correct: 2542  Precision @ 1: 0.7093  AUC @ 1: 0.7909
Validation Data Eval:
  Num examples: 256  Num correct: 153  Precision @ 1: 0.5977  AUC @ 1: 0.6595
Test Data Eval:
  Num examples: 384  Num correct: 246  Precision @ 1: 0.6406  AUC @ 1: 0.7387
Step 5200: loss = 0.6929 (0.021 sec)
Training Data Eval:
  Num examples: 3584  Num correct: 2584  Precision @ 1: 0.7210  AUC @ 1: 0.8060
Validation Data Eval:
  Num examples: 256  Num correct: 155  Precision @ 1: 0.6055  AUC @ 1: 0.6672
Test Data Eval:
  Num examples: 384  Num correct: 249  Precision @ 1: 0.6484  AUC @ 1: 0.7421
Step 5400: loss = 0.6950 (0.021 sec)
Training Data Eval:
  Num examples: 3584  Num correct: 2584  Precision @ 1: 0.7210  AUC @ 1: 0.8059
Validation Data Eval:
  Num examples: 256  Num correct: 154  Precision @ 1: 0.6016  AUC @ 1: 0.6714
Test Data Eval:
  Num examples: 384  Num correct: 248  Precision @ 1: 0.6458  AUC @ 1: 0.7442
Step 5600: loss = 0.6895 (0.059 sec)
Training Data Eval:
  Num examples: 3584  Num correct: 2587  Precision @ 1: 0.7218  AUC @ 1: 0.8104
Validation Data Eval:
  Num examples: 256  Num correct: 153  Precision @ 1: 0.5977  AUC @ 1: 0.6757
Test Data Eval:
  Num examples: 384  Num correct: 246  Precision @ 1: 0.6406  AUC @ 1: 0.7377
Step 5800: loss = 0.6452 (0.021 sec)
Training Data Eval:
  Num examples: 3584  Num correct: 2593  Precision @ 1: 0.7235  AUC @ 1: 0.8065
Validation Data Eval:
  Num examples: 256  Num correct: 154  Precision @ 1: 0.6016  AUC @ 1: 0.6793
Test Data Eval:
  Num examples: 384  Num correct: 248  Precision @ 1: 0.6458  AUC @ 1: 0.7460
Step 6000: loss = 0.7033 (0.020 sec)
Training Data Eval:
  Num examples: 3584  Num correct: 2632  Precision @ 1: 0.7344  AUC @ 1: 0.8231
Validation Data Eval:
  Num examples: 256  Num correct: 155  Precision @ 1: 0.6055  AUC @ 1: 0.6877
Test Data Eval:
  Num examples: 384  Num correct: 257  Precision @ 1: 0.6693  AUC @ 1: 0.7658
Step 6200: loss = 0.7159 (0.021 sec)
Training Data Eval:
  Num examples: 3584  Num correct: 2633  Precision @ 1: 0.7347  AUC @ 1: 0.8174
Validation Data Eval:
  Num examples: 256  Num correct: 156  Precision @ 1: 0.6094  AUC @ 1: 0.6894
Test Data Eval:
  Num examples: 384  Num correct: 248  Precision @ 1: 0.6458  AUC @ 1: 0.7496
Step 6400: loss = 0.6638 (0.021 sec)
Training Data Eval:
  Num examples: 3584  Num correct: 2634  Precision @ 1: 0.7349  AUC @ 1: 0.8220
Validation Data Eval:
  Num examples: 256  Num correct: 159  Precision @ 1: 0.6211  AUC @ 1: 0.6964
Test Data Eval:
  Num examples: 384  Num correct: 245  Precision @ 1: 0.6380  AUC @ 1: 0.7405
Step 6600: loss = 0.6520 (0.020 sec)
Training Data Eval:
  Num examples: 3584  Num correct: 2662  Precision @ 1: 0.7427  AUC @ 1: 0.8281
Validation Data Eval:
  Num examples: 256  Num correct: 161  Precision @ 1: 0.6289  AUC @ 1: 0.7001
Test Data Eval:
  Num examples: 384  Num correct: 246  Precision @ 1: 0.6406  AUC @ 1: 0.7381
Step 6800: loss = 0.7103 (0.020 sec)
Training Data Eval:
  Num examples: 3584  Num correct: 2681  Precision @ 1: 0.7480  AUC @ 1: 0.8319
Validation Data Eval:
  Num examples: 256  Num correct: 158  Precision @ 1: 0.6172  AUC @ 1: 0.7037
Test Data Eval:
  Num examples: 384  Num correct: 243  Precision @ 1: 0.6328  AUC @ 1: 0.7327
Step 7000: loss = 0.6550 (0.055 sec)
Training Data Eval:
  Num examples: 3584  Num correct: 2708  Precision @ 1: 0.7556  AUC @ 1: 0.8375
Validation Data Eval:
  Num examples: 256  Num correct: 162  Precision @ 1: 0.6328  AUC @ 1: 0.7069
Test Data Eval:
  Num examples: 384  Num correct: 247  Precision @ 1: 0.6432  AUC @ 1: 0.7451
Step 7200: loss = 0.6162 (0.021 sec)
Training Data Eval:
  Num examples: 3584  Num correct: 2692  Precision @ 1: 0.7511  AUC @ 1: 0.8409
Validation Data Eval:
  Num examples: 256  Num correct: 161  Precision @ 1: 0.6289  AUC @ 1: 0.7138
Test Data Eval:
  Num examples: 384  Num correct: 249  Precision @ 1: 0.6484  AUC @ 1: 0.7516
Step 7400: loss = 0.6275 (0.020 sec)
Training Data Eval:
  Num examples: 3584  Num correct: 2718  Precision @ 1: 0.7584  AUC @ 1: 0.8451
Validation Data Eval:
  Num examples: 256  Num correct: 164  Precision @ 1: 0.6406  AUC @ 1: 0.7163
Test Data Eval:
  Num examples: 384  Num correct: 247  Precision @ 1: 0.6432  AUC @ 1: 0.7553
Step 7600: loss = 0.6330 (0.021 sec)
Training Data Eval:
  Num examples: 3584  Num correct: 2727  Precision @ 1: 0.7609  AUC @ 1: 0.8498
Validation Data Eval:
  Num examples: 256  Num correct: 163  Precision @ 1: 0.6367  AUC @ 1: 0.7209
Test Data Eval:
  Num examples: 384  Num correct: 247  Precision @ 1: 0.6432  AUC @ 1: 0.7315
Step 7800: loss = 0.6262 (0.021 sec)
Training Data Eval:
  Num examples: 3584  Num correct: 2763  Precision @ 1: 0.7709  AUC @ 1: 0.8586
Validation Data Eval:
  Num examples: 256  Num correct: 162  Precision @ 1: 0.6328  AUC @ 1: 0.7270
Test Data Eval:
  Num examples: 384  Num correct: 252  Precision @ 1: 0.6562  AUC @ 1: 0.7585
Step 8000: loss = 0.6495 (0.021 sec)
Training Data Eval:
  Num examples: 3584  Num correct: 2727  Precision @ 1: 0.7609  AUC @ 1: 0.8495
Validation Data Eval:
  Num examples: 256  Num correct: 163  Precision @ 1: 0.6367  AUC @ 1: 0.7283
Test Data Eval:
  Num examples: 384  Num correct: 250  Precision @ 1: 0.6510  AUC @ 1: 0.7496
Step 8200: loss = 0.6548 (0.021 sec)
Training Data Eval:
  Num examples: 3584  Num correct: 2753  Precision @ 1: 0.7681  AUC @ 1: 0.8539
Validation Data Eval:
  Num examples: 256  Num correct: 167  Precision @ 1: 0.6523  AUC @ 1: 0.7316
Test Data Eval:
  Num examples: 384  Num correct: 243  Precision @ 1: 0.6328  AUC @ 1: 0.7314
Step 8400: loss = 0.6642 (0.055 sec)
Training Data Eval:
  Num examples: 3584  Num correct: 2770  Precision @ 1: 0.7729  AUC @ 1: 0.8606
Validation Data Eval:
  Num examples: 256  Num correct: 166  Precision @ 1: 0.6484  AUC @ 1: 0.7357
Test Data Eval:
  Num examples: 384  Num correct: 245  Precision @ 1: 0.6380  AUC @ 1: 0.7334
Step 8600: loss = 0.6248 (0.020 sec)
Training Data Eval:
  Num examples: 3584  Num correct: 2761  Precision @ 1: 0.7704  AUC @ 1: 0.8575
Validation Data Eval:
  Num examples: 256  Num correct: 168  Precision @ 1: 0.6562  AUC @ 1: 0.7369
Test Data Eval:
  Num examples: 384  Num correct: 250  Precision @ 1: 0.6510  AUC @ 1: 0.7405
Step 8800: loss = 0.6375 (0.020 sec)
Training Data Eval:
  Num examples: 3584  Num correct: 2790  Precision @ 1: 0.7785  AUC @ 1: 0.8677
Validation Data Eval:
  Num examples: 256  Num correct: 165  Precision @ 1: 0.6445  AUC @ 1: 0.7407
Test Data Eval:
  Num examples: 384  Num correct: 254  Precision @ 1: 0.6615  AUC @ 1: 0.7442
Step 9000: loss = 0.5949 (0.019 sec)
Training Data Eval:
  Num examples: 3584  Num correct: 2786  Precision @ 1: 0.7773  AUC @ 1: 0.8651
Validation Data Eval:
  Num examples: 256  Num correct: 170  Precision @ 1: 0.6641  AUC @ 1: 0.7397
Test Data Eval:
  Num examples: 384  Num correct: 252  Precision @ 1: 0.6562  AUC @ 1: 0.7568
Step 9200: loss = 0.5918 (0.021 sec)
Training Data Eval:
  Num examples: 3584  Num correct: 2785  Precision @ 1: 0.7771  AUC @ 1: 0.8610
Validation Data Eval:
  Num examples: 256  Num correct: 171  Precision @ 1: 0.6680  AUC @ 1: 0.7468
Test Data Eval:
  Num examples: 384  Num correct: 252  Precision @ 1: 0.6562  AUC @ 1: 0.7449
Step 9400: loss = 0.5698 (0.021 sec)
Training Data Eval:
  Num examples: 3584  Num correct: 2816  Precision @ 1: 0.7857  AUC @ 1: 0.8708
Validation Data Eval:
  Num examples: 256  Num correct: 171  Precision @ 1: 0.6680  AUC @ 1: 0.7493
Test Data Eval:
  Num examples: 384  Num correct: 249  Precision @ 1: 0.6484  AUC @ 1: 0.7380
Step 9600: loss = 0.6232 (0.021 sec)
Training Data Eval:
  Num examples: 3584  Num correct: 2809  Precision @ 1: 0.7838  AUC @ 1: 0.8726
Validation Data Eval:
  Num examples: 256  Num correct: 175  Precision @ 1: 0.6836  AUC @ 1: 0.7489
Test Data Eval:
  Num examples: 384  Num correct: 259  Precision @ 1: 0.6745  AUC @ 1: 0.7643
Step 9800: loss = 0.6089 (0.057 sec)
Training Data Eval:
  Num examples: 3584  Num correct: 2799  Precision @ 1: 0.7810  AUC @ 1: 0.8714
Validation Data Eval:
  Num examples: 256  Num correct: 176  Precision @ 1: 0.6875  AUC @ 1: 0.7526
Test Data Eval:
  Num examples: 384  Num correct: 255  Precision @ 1: 0.6641  AUC @ 1: 0.7504
