Training data shape: 	(4141, 64, 30, 1)
Training label shape:	(4141,)
Testing data shape:  	(194, 64, 30, 1)
Testing label shape: 	(194,)
max input value is: 14.3839135638
min input value is: -10.9262291682
random permuted training data
==============================================================================
Model: 			inference_global_s_cnn
Tensor Name: 	Placeholder:0
[128, 64, 30, 1]
==============================================================================
Tensor Name: conv1/conv1:0
[128, 1, 30, 32]
==============================================================================
Tensor Name: MaxPool:0
[128, 1, 15, 32]
==============================================================================
Tensor Name: local1/local1:0
[128, 128]
==============================================================================
Tensor Name: local2/local2:0
[128, 128]
==============================================================================
Tensor Name: softmax_linear/softmax_linear:0
[128, 2]
Step 0: loss = 0.8874 (0.038 sec)
Training Data Eval:
  Num examples: 3840  Num correct: 2157  Precision @ 1: 0.5617  AUC @ 1: 0.6527
Validation Data Eval:
  Num examples: 256  Num correct: 149  Precision @ 1: 0.5820  AUC @ 1: 0.6430
Test Data Eval:
  Num examples: 128  Num correct: 43  Precision @ 1: 0.3359  AUC @ 1: 0.5442
Step 200: loss = 0.8790 (0.015 sec)
Training Data Eval:
  Num examples: 3840  Num correct: 2170  Precision @ 1: 0.5651  AUC @ 1: 0.6561
Validation Data Eval:
  Num examples: 256  Num correct: 149  Precision @ 1: 0.5820  AUC @ 1: 0.6427
Test Data Eval:
  Num examples: 128  Num correct: 70  Precision @ 1: 0.5469  AUC @ 1: 0.6096
Step 400: loss = 0.8709 (0.016 sec)
Training Data Eval:
  Num examples: 3840  Num correct: 2170  Precision @ 1: 0.5651  AUC @ 1: 0.6489
Validation Data Eval:
  Num examples: 256  Num correct: 149  Precision @ 1: 0.5820  AUC @ 1: 0.6319
Test Data Eval:
  Num examples: 128  Num correct: 73  Precision @ 1: 0.5703  AUC @ 1: 0.6047
Step 600: loss = 0.8698 (0.055 sec)
Training Data Eval:
  Num examples: 3840  Num correct: 2160  Precision @ 1: 0.5625  AUC @ 1: 0.6419
Validation Data Eval:
  Num examples: 256  Num correct: 149  Precision @ 1: 0.5820  AUC @ 1: 0.6251
Test Data Eval:
  Num examples: 128  Num correct: 70  Precision @ 1: 0.5469  AUC @ 1: 0.6227
Step 800: loss = 0.8555 (0.016 sec)
Training Data Eval:
  Num examples: 3840  Num correct: 2173  Precision @ 1: 0.5659  AUC @ 1: 0.6510
Validation Data Eval:
  Num examples: 256  Num correct: 149  Precision @ 1: 0.5820  AUC @ 1: 0.6201
Test Data Eval:
  Num examples: 128  Num correct: 71  Precision @ 1: 0.5547  AUC @ 1: 0.6368
Step 1000: loss = 0.8740 (0.016 sec)
Training Data Eval:
  Num examples: 3840  Num correct: 2176  Precision @ 1: 0.5667  AUC @ 1: 0.6381
Validation Data Eval:
  Num examples: 256  Num correct: 149  Precision @ 1: 0.5820  AUC @ 1: 0.6158
Test Data Eval:
  Num examples: 128  Num correct: 73  Precision @ 1: 0.5703  AUC @ 1: 0.5843
Step 1200: loss = 0.8729 (0.054 sec)
Training Data Eval:
  Num examples: 3840  Num correct: 2135  Precision @ 1: 0.5560  AUC @ 1: 0.6491
Validation Data Eval:
  Num examples: 256  Num correct: 149  Precision @ 1: 0.5820  AUC @ 1: 0.6125
Test Data Eval:
  Num examples: 128  Num correct: 71  Precision @ 1: 0.5547  AUC @ 1: 0.5765
Step 1400: loss = 0.8499 (0.015 sec)
Training Data Eval:
  Num examples: 3840  Num correct: 2171  Precision @ 1: 0.5654  AUC @ 1: 0.6303
Validation Data Eval:
  Num examples: 256  Num correct: 149  Precision @ 1: 0.5820  AUC @ 1: 0.6129
Test Data Eval:
  Num examples: 128  Num correct: 72  Precision @ 1: 0.5625  AUC @ 1: 0.5729
Step 1600: loss = 0.8633 (0.015 sec)
Training Data Eval:
  Num examples: 3840  Num correct: 2166  Precision @ 1: 0.5641  AUC @ 1: 0.6377
Validation Data Eval:
  Num examples: 256  Num correct: 149  Precision @ 1: 0.5820  AUC @ 1: 0.6134
Test Data Eval:
  Num examples: 128  Num correct: 74  Precision @ 1: 0.5781  AUC @ 1: 0.6089
Step 1800: loss = 0.8638 (0.052 sec)
Training Data Eval:
  Num examples: 3840  Num correct: 2124  Precision @ 1: 0.5531  AUC @ 1: 0.6430
Validation Data Eval:
  Num examples: 256  Num correct: 149  Precision @ 1: 0.5820  AUC @ 1: 0.6150
Test Data Eval:
  Num examples: 128  Num correct: 71  Precision @ 1: 0.5547  AUC @ 1: 0.5360
Step 2000: loss = 0.8288 (0.015 sec)
Training Data Eval:
  Num examples: 3840  Num correct: 2179  Precision @ 1: 0.5674  AUC @ 1: 0.6454
Validation Data Eval:
  Num examples: 256  Num correct: 149  Precision @ 1: 0.5820  AUC @ 1: 0.6195
Test Data Eval:
  Num examples: 128  Num correct: 69  Precision @ 1: 0.5391  AUC @ 1: 0.6210
Step 2200: loss = 0.8282 (0.015 sec)
Training Data Eval:
  Num examples: 3840  Num correct: 2169  Precision @ 1: 0.5648  AUC @ 1: 0.6476
Validation Data Eval:
  Num examples: 256  Num correct: 149  Precision @ 1: 0.5820  AUC @ 1: 0.6242
Test Data Eval:
  Num examples: 128  Num correct: 73  Precision @ 1: 0.5703  AUC @ 1: 0.6523
Step 2400: loss = 0.8201 (0.052 sec)
Training Data Eval:
  Num examples: 3840  Num correct: 2236  Precision @ 1: 0.5823  AUC @ 1: 0.6535
Validation Data Eval:
  Num examples: 256  Num correct: 154  Precision @ 1: 0.6016  AUC @ 1: 0.6312
Test Data Eval:
  Num examples: 128  Num correct: 66  Precision @ 1: 0.5156  AUC @ 1: 0.6073
Step 2600: loss = 0.8499 (0.015 sec)
Training Data Eval:
  Num examples: 3840  Num correct: 2216  Precision @ 1: 0.5771  AUC @ 1: 0.6585
Validation Data Eval:
  Num examples: 256  Num correct: 153  Precision @ 1: 0.5977  AUC @ 1: 0.6380
Test Data Eval:
  Num examples: 128  Num correct: 68  Precision @ 1: 0.5312  AUC @ 1: 0.6605
Step 2800: loss = 0.8600 (0.014 sec)
Training Data Eval:
  Num examples: 3840  Num correct: 2245  Precision @ 1: 0.5846  AUC @ 1: 0.6648
Validation Data Eval:
  Num examples: 256  Num correct: 154  Precision @ 1: 0.6016  AUC @ 1: 0.6483
Test Data Eval:
  Num examples: 128  Num correct: 74  Precision @ 1: 0.5781  AUC @ 1: 0.6326
Step 3000: loss = 0.8273 (0.051 sec)
Training Data Eval:
  Num examples: 3840  Num correct: 2249  Precision @ 1: 0.5857  AUC @ 1: 0.6837
Validation Data Eval:
  Num examples: 256  Num correct: 157  Precision @ 1: 0.6133  AUC @ 1: 0.6550
Test Data Eval:
  Num examples: 128  Num correct: 76  Precision @ 1: 0.5938  AUC @ 1: 0.6604
Step 3200: loss = 0.7975 (0.016 sec)
Training Data Eval:
  Num examples: 3840  Num correct: 2267  Precision @ 1: 0.5904  AUC @ 1: 0.6723
Validation Data Eval:
  Num examples: 256  Num correct: 161  Precision @ 1: 0.6289  AUC @ 1: 0.6626
Test Data Eval:
  Num examples: 128  Num correct: 78  Precision @ 1: 0.6094  AUC @ 1: 0.6475
Step 3400: loss = 0.7855 (0.016 sec)
Training Data Eval:
  Num examples: 3840  Num correct: 2320  Precision @ 1: 0.6042  AUC @ 1: 0.6869
Validation Data Eval:
  Num examples: 256  Num correct: 163  Precision @ 1: 0.6367  AUC @ 1: 0.6694
Test Data Eval:
  Num examples: 128  Num correct: 81  Precision @ 1: 0.6328  AUC @ 1: 0.6654
Step 3600: loss = 0.8226 (0.054 sec)
Training Data Eval:
  Num examples: 3840  Num correct: 2383  Precision @ 1: 0.6206  AUC @ 1: 0.6998
Validation Data Eval:
  Num examples: 256  Num correct: 166  Precision @ 1: 0.6484  AUC @ 1: 0.6786
Test Data Eval:
  Num examples: 128  Num correct: 77  Precision @ 1: 0.6016  AUC @ 1: 0.6597
Step 3800: loss = 0.7724 (0.015 sec)
Training Data Eval:
  Num examples: 3840  Num correct: 2441  Precision @ 1: 0.6357  AUC @ 1: 0.6984
Validation Data Eval:
  Num examples: 256  Num correct: 168  Precision @ 1: 0.6562  AUC @ 1: 0.6861
Test Data Eval:
  Num examples: 128  Num correct: 78  Precision @ 1: 0.6094  AUC @ 1: 0.6751
Step 4000: loss = 0.8083 (0.015 sec)
Training Data Eval:
  Num examples: 3840  Num correct: 2439  Precision @ 1: 0.6352  AUC @ 1: 0.7080
Validation Data Eval:
  Num examples: 256  Num correct: 168  Precision @ 1: 0.6562  AUC @ 1: 0.6951
Test Data Eval:
  Num examples: 128  Num correct: 78  Precision @ 1: 0.6094  AUC @ 1: 0.6573
Step 4200: loss = 0.7441 (0.053 sec)
Training Data Eval:
  Num examples: 3840  Num correct: 2440  Precision @ 1: 0.6354  AUC @ 1: 0.7121
Validation Data Eval:
  Num examples: 256  Num correct: 169  Precision @ 1: 0.6602  AUC @ 1: 0.7054
Test Data Eval:
  Num examples: 128  Num correct: 79  Precision @ 1: 0.6172  AUC @ 1: 0.6940
Step 4400: loss = 0.7781 (0.015 sec)
Training Data Eval:
  Num examples: 3840  Num correct: 2520  Precision @ 1: 0.6562  AUC @ 1: 0.7346
Validation Data Eval:
  Num examples: 256  Num correct: 168  Precision @ 1: 0.6562  AUC @ 1: 0.7154
Test Data Eval:
  Num examples: 128  Num correct: 81  Precision @ 1: 0.6328  AUC @ 1: 0.6872
Step 4600: loss = 0.7205 (0.016 sec)
Training Data Eval:
  Num examples: 3840  Num correct: 2508  Precision @ 1: 0.6531  AUC @ 1: 0.7317
Validation Data Eval:
  Num examples: 256  Num correct: 164  Precision @ 1: 0.6406  AUC @ 1: 0.7240
Test Data Eval:
  Num examples: 128  Num correct: 78  Precision @ 1: 0.6094  AUC @ 1: 0.7072
Step 4800: loss = 0.7497 (0.055 sec)
Training Data Eval:
  Num examples: 3840  Num correct: 2526  Precision @ 1: 0.6578  AUC @ 1: 0.7343
Validation Data Eval:
  Num examples: 256  Num correct: 164  Precision @ 1: 0.6406  AUC @ 1: 0.7329
Test Data Eval:
  Num examples: 128  Num correct: 79  Precision @ 1: 0.6172  AUC @ 1: 0.6887
Step 5000: loss = 0.8146 (0.016 sec)
Training Data Eval:
  Num examples: 3840  Num correct: 2541  Precision @ 1: 0.6617  AUC @ 1: 0.7403
Validation Data Eval:
  Num examples: 256  Num correct: 167  Precision @ 1: 0.6523  AUC @ 1: 0.7379
Test Data Eval:
  Num examples: 128  Num correct: 79  Precision @ 1: 0.6172  AUC @ 1: 0.7029
Step 5200: loss = 0.7109 (0.015 sec)
Training Data Eval:
  Num examples: 3840  Num correct: 2578  Precision @ 1: 0.6714  AUC @ 1: 0.7497
Validation Data Eval:
  Num examples: 256  Num correct: 170  Precision @ 1: 0.6641  AUC @ 1: 0.7431
Test Data Eval:
  Num examples: 128  Num correct: 83  Precision @ 1: 0.6484  AUC @ 1: 0.7172
Step 5400: loss = 0.7263 (0.055 sec)
Training Data Eval:
  Num examples: 3840  Num correct: 2621  Precision @ 1: 0.6826  AUC @ 1: 0.7597
Validation Data Eval:
  Num examples: 256  Num correct: 168  Precision @ 1: 0.6562  AUC @ 1: 0.7468
Test Data Eval:
  Num examples: 128  Num correct: 85  Precision @ 1: 0.6641  AUC @ 1: 0.7049
Step 5600: loss = 0.7212 (0.015 sec)
Training Data Eval:
  Num examples: 3840  Num correct: 2596  Precision @ 1: 0.6760  AUC @ 1: 0.7542
Validation Data Eval:
  Num examples: 256  Num correct: 171  Precision @ 1: 0.6680  AUC @ 1: 0.7504
Test Data Eval:
  Num examples: 128  Num correct: 77  Precision @ 1: 0.6016  AUC @ 1: 0.6549
Step 5800: loss = 0.7097 (0.015 sec)
Training Data Eval:
  Num examples: 3840  Num correct: 2642  Precision @ 1: 0.6880  AUC @ 1: 0.7702
Validation Data Eval:
  Num examples: 256  Num correct: 170  Precision @ 1: 0.6641  AUC @ 1: 0.7547
Test Data Eval:
  Num examples: 128  Num correct: 77  Precision @ 1: 0.6016  AUC @ 1: 0.6850
Step 6000: loss = 0.7549 (0.053 sec)
Training Data Eval:
  Num examples: 3840  Num correct: 2676  Precision @ 1: 0.6969  AUC @ 1: 0.7792
Validation Data Eval:
  Num examples: 256  Num correct: 167  Precision @ 1: 0.6523  AUC @ 1: 0.7595
Test Data Eval:
  Num examples: 128  Num correct: 77  Precision @ 1: 0.6016  AUC @ 1: 0.6824
Step 6200: loss = 0.7005 (0.014 sec)
Training Data Eval:
  Num examples: 3840  Num correct: 2667  Precision @ 1: 0.6945  AUC @ 1: 0.7831
Validation Data Eval:
  Num examples: 256  Num correct: 172  Precision @ 1: 0.6719  AUC @ 1: 0.7645
Test Data Eval:
  Num examples: 128  Num correct: 80  Precision @ 1: 0.6250  AUC @ 1: 0.6971
Step 6400: loss = 0.7191 (0.016 sec)
Training Data Eval:
  Num examples: 3840  Num correct: 2695  Precision @ 1: 0.7018  AUC @ 1: 0.7861
Validation Data Eval:
  Num examples: 256  Num correct: 174  Precision @ 1: 0.6797  AUC @ 1: 0.7675
Test Data Eval:
  Num examples: 128  Num correct: 84  Precision @ 1: 0.6562  AUC @ 1: 0.7327
Step 6600: loss = 0.7684 (0.055 sec)
Training Data Eval:
  Num examples: 3840  Num correct: 2726  Precision @ 1: 0.7099  AUC @ 1: 0.7969
Validation Data Eval:
  Num examples: 256  Num correct: 174  Precision @ 1: 0.6797  AUC @ 1: 0.7738
Test Data Eval:
  Num examples: 128  Num correct: 85  Precision @ 1: 0.6641  AUC @ 1: 0.7141
Step 6800: loss = 0.7140 (0.016 sec)
Training Data Eval:
  Num examples: 3840  Num correct: 2709  Precision @ 1: 0.7055  AUC @ 1: 0.7946
Validation Data Eval:
  Num examples: 256  Num correct: 177  Precision @ 1: 0.6914  AUC @ 1: 0.7766
Test Data Eval:
  Num examples: 128  Num correct: 82  Precision @ 1: 0.6406  AUC @ 1: 0.6817
Step 7000: loss = 0.6872 (0.016 sec)
Training Data Eval:
  Num examples: 3840  Num correct: 2735  Precision @ 1: 0.7122  AUC @ 1: 0.8027
Validation Data Eval:
  Num examples: 256  Num correct: 177  Precision @ 1: 0.6914  AUC @ 1: 0.7811
Test Data Eval:
  Num examples: 128  Num correct: 77  Precision @ 1: 0.6016  AUC @ 1: 0.6649
Step 7200: loss = 0.6974 (0.053 sec)
Training Data Eval:
  Num examples: 3840  Num correct: 2766  Precision @ 1: 0.7203  AUC @ 1: 0.8121
Validation Data Eval:
  Num examples: 256  Num correct: 180  Precision @ 1: 0.7031  AUC @ 1: 0.7833
Test Data Eval:
  Num examples: 128  Num correct: 85  Precision @ 1: 0.6641  AUC @ 1: 0.7125
Step 7400: loss = 0.7001 (0.015 sec)
Training Data Eval:
  Num examples: 3840  Num correct: 2780  Precision @ 1: 0.7240  AUC @ 1: 0.8091
Validation Data Eval:
  Num examples: 256  Num correct: 179  Precision @ 1: 0.6992  AUC @ 1: 0.7889
Test Data Eval:
  Num examples: 128  Num correct: 85  Precision @ 1: 0.6641  AUC @ 1: 0.7376
Step 7600: loss = 0.7327 (0.014 sec)
Training Data Eval:
  Num examples: 3840  Num correct: 2785  Precision @ 1: 0.7253  AUC @ 1: 0.8171
Validation Data Eval:
  Num examples: 256  Num correct: 181  Precision @ 1: 0.7070  AUC @ 1: 0.7901
Test Data Eval:
  Num examples: 128  Num correct: 88  Precision @ 1: 0.6875  AUC @ 1: 0.7271
Step 7800: loss = 0.6790 (0.054 sec)
Training Data Eval:
  Num examples: 3840  Num correct: 2755  Precision @ 1: 0.7174  AUC @ 1: 0.8161
Validation Data Eval:
  Num examples: 256  Num correct: 184  Precision @ 1: 0.7188  AUC @ 1: 0.7949
Test Data Eval:
  Num examples: 128  Num correct: 83  Precision @ 1: 0.6484  AUC @ 1: 0.6981
Step 8000: loss = 0.6552 (0.015 sec)
Training Data Eval:
  Num examples: 3840  Num correct: 2833  Precision @ 1: 0.7378  AUC @ 1: 0.8282
Validation Data Eval:
  Num examples: 256  Num correct: 184  Precision @ 1: 0.7188  AUC @ 1: 0.7961
Test Data Eval:
  Num examples: 128  Num correct: 86  Precision @ 1: 0.6719  AUC @ 1: 0.7473
Step 8200: loss = 0.6645 (0.015 sec)
Training Data Eval:
  Num examples: 3840  Num correct: 2842  Precision @ 1: 0.7401  AUC @ 1: 0.8268
Validation Data Eval:
  Num examples: 256  Num correct: 185  Precision @ 1: 0.7227  AUC @ 1: 0.7992
Test Data Eval:
  Num examples: 128  Num correct: 81  Precision @ 1: 0.6328  AUC @ 1: 0.6999
Step 8400: loss = 0.6330 (0.050 sec)
Training Data Eval:
  Num examples: 3840  Num correct: 2841  Precision @ 1: 0.7398  AUC @ 1: 0.8259
Validation Data Eval:
  Num examples: 256  Num correct: 183  Precision @ 1: 0.7148  AUC @ 1: 0.8008
Test Data Eval:
  Num examples: 128  Num correct: 81  Precision @ 1: 0.6328  AUC @ 1: 0.6919
Step 8600: loss = 0.7115 (0.014 sec)
Training Data Eval:
  Num examples: 3840  Num correct: 2830  Precision @ 1: 0.7370  AUC @ 1: 0.8290
Validation Data Eval:
  Num examples: 256  Num correct: 186  Precision @ 1: 0.7266  AUC @ 1: 0.8025
Test Data Eval:
  Num examples: 128  Num correct: 79  Precision @ 1: 0.6172  AUC @ 1: 0.6786
Step 8800: loss = 0.6439 (0.016 sec)
Training Data Eval:
  Num examples: 3840  Num correct: 2860  Precision @ 1: 0.7448  AUC @ 1: 0.8364
Validation Data Eval:
  Num examples: 256  Num correct: 187  Precision @ 1: 0.7305  AUC @ 1: 0.8040
Test Data Eval:
  Num examples: 128  Num correct: 85  Precision @ 1: 0.6641  AUC @ 1: 0.7259
Step 9000: loss = 0.5877 (0.049 sec)
Training Data Eval:
  Num examples: 3840  Num correct: 2874  Precision @ 1: 0.7484  AUC @ 1: 0.8410
Validation Data Eval:
  Num examples: 256  Num correct: 187  Precision @ 1: 0.7305  AUC @ 1: 0.8059
Test Data Eval:
  Num examples: 128  Num correct: 89  Precision @ 1: 0.6953  AUC @ 1: 0.7569
Step 9200: loss = 0.6881 (0.015 sec)
Training Data Eval:
  Num examples: 3840  Num correct: 2896  Precision @ 1: 0.7542  AUC @ 1: 0.8438
Validation Data Eval:
  Num examples: 256  Num correct: 186  Precision @ 1: 0.7266  AUC @ 1: 0.8074
Test Data Eval:
  Num examples: 128  Num correct: 84  Precision @ 1: 0.6562  AUC @ 1: 0.7267
Step 9400: loss = 0.6722 (0.015 sec)
Training Data Eval:
  Num examples: 3840  Num correct: 2894  Precision @ 1: 0.7536  AUC @ 1: 0.8455
Validation Data Eval:
  Num examples: 256  Num correct: 187  Precision @ 1: 0.7305  AUC @ 1: 0.8079
Test Data Eval:
  Num examples: 128  Num correct: 84  Precision @ 1: 0.6562  AUC @ 1: 0.7228
Step 9600: loss = 0.6835 (0.054 sec)
Training Data Eval:
  Num examples: 3840  Num correct: 2919  Precision @ 1: 0.7602  AUC @ 1: 0.8507
Validation Data Eval:
  Num examples: 256  Num correct: 188  Precision @ 1: 0.7344  AUC @ 1: 0.8089
Test Data Eval:
  Num examples: 128  Num correct: 79  Precision @ 1: 0.6172  AUC @ 1: 0.6756
Step 9800: loss = 0.6163 (0.015 sec)
Training Data Eval:
  Num examples: 3840  Num correct: 2909  Precision @ 1: 0.7576  AUC @ 1: 0.8479
Validation Data Eval:
  Num examples: 256  Num correct: 188  Precision @ 1: 0.7344  AUC @ 1: 0.8098
Test Data Eval:
  Num examples: 128  Num correct: 85  Precision @ 1: 0.6641  AUC @ 1: 0.7411
