Training data shape: 	(3816, 64, 30, 1)
Training label shape:	(3816,)
Testing data shape:  	(519, 64, 30, 1)
Testing label shape: 	(519,)
max input value is: 3457.30786133
min input value is: -4872.94775391
random permuted training data
==============================================================================
Model: 			inference_global_s_cnn
Tensor Name: 	Placeholder:0
[128, 64, 30, 1]
==============================================================================
Tensor Name: conv1/conv1:0
[128, 1, 30, 32]
==============================================================================
Tensor Name: MaxPool:0
[128, 1, 15, 32]
==============================================================================
Tensor Name: local1/local1:0
[128, 128]
==============================================================================
Tensor Name: local2/local2:0
[128, 128]
==============================================================================
Tensor Name: softmax_linear/softmax_linear:0
[128, 2]
Step 0: loss = 0.8902 (0.031 sec)
Training Data Eval:
  Num examples: 3456  Num correct: 1977  Precision @ 1: 0.5720  AUC @ 1: 0.7587
Validation Data Eval:
  Num examples: 256  Num correct: 153  Precision @ 1: 0.5977  AUC @ 1: 0.7981
Test Data Eval:
  Num examples: 512  Num correct: 285  Precision @ 1: 0.5566  AUC @ 1: 0.6553
Step 200: loss = 0.8026 (0.015 sec)
Training Data Eval:
  Num examples: 3456  Num correct: 2404  Precision @ 1: 0.6956  AUC @ 1: 0.7881
Validation Data Eval:
  Num examples: 256  Num correct: 175  Precision @ 1: 0.6836  AUC @ 1: 0.8047
Test Data Eval:
  Num examples: 512  Num correct: 309  Precision @ 1: 0.6035  AUC @ 1: 0.6741
Step 400: loss = 0.7250 (0.015 sec)
Training Data Eval:
  Num examples: 3456  Num correct: 2533  Precision @ 1: 0.7329  AUC @ 1: 0.8178
Validation Data Eval:
  Num examples: 256  Num correct: 195  Precision @ 1: 0.7617  AUC @ 1: 0.8238
Test Data Eval:
  Num examples: 512  Num correct: 328  Precision @ 1: 0.6406  AUC @ 1: 0.6862
Step 600: loss = 0.6732 (0.015 sec)
Training Data Eval:
  Num examples: 3456  Num correct: 2618  Precision @ 1: 0.7575  AUC @ 1: 0.8372
Validation Data Eval:
  Num examples: 256  Num correct: 198  Precision @ 1: 0.7734  AUC @ 1: 0.8309
Test Data Eval:
  Num examples: 512  Num correct: 326  Precision @ 1: 0.6367  AUC @ 1: 0.6945
Step 800: loss = 0.7481 (0.015 sec)
Training Data Eval:
  Num examples: 3456  Num correct: 2620  Precision @ 1: 0.7581  AUC @ 1: 0.8403
Validation Data Eval:
  Num examples: 256  Num correct: 203  Precision @ 1: 0.7930  AUC @ 1: 0.8371
Test Data Eval:
  Num examples: 512  Num correct: 325  Precision @ 1: 0.6348  AUC @ 1: 0.6997
Step 1000: loss = 0.7150 (0.015 sec)
Training Data Eval:
  Num examples: 3456  Num correct: 2684  Precision @ 1: 0.7766  AUC @ 1: 0.8589
Validation Data Eval:
  Num examples: 256  Num correct: 193  Precision @ 1: 0.7539  AUC @ 1: 0.8296
Test Data Eval:
  Num examples: 512  Num correct: 322  Precision @ 1: 0.6289  AUC @ 1: 0.6950
Step 1200: loss = 0.6658 (0.016 sec)
Training Data Eval:
  Num examples: 3456  Num correct: 2730  Precision @ 1: 0.7899  AUC @ 1: 0.8752
Validation Data Eval:
  Num examples: 256  Num correct: 198  Precision @ 1: 0.7734  AUC @ 1: 0.8363
Test Data Eval:
  Num examples: 512  Num correct: 328  Precision @ 1: 0.6406  AUC @ 1: 0.7022
Step 1400: loss = 0.6572 (0.015 sec)
Training Data Eval:
  Num examples: 3456  Num correct: 2751  Precision @ 1: 0.7960  AUC @ 1: 0.8814
Validation Data Eval:
  Num examples: 256  Num correct: 196  Precision @ 1: 0.7656  AUC @ 1: 0.8322
Test Data Eval:
  Num examples: 512  Num correct: 319  Precision @ 1: 0.6230  AUC @ 1: 0.7033
Step 1600: loss = 0.6627 (0.017 sec)
Training Data Eval:
  Num examples: 3456  Num correct: 2782  Precision @ 1: 0.8050  AUC @ 1: 0.8897
Validation Data Eval:
  Num examples: 256  Num correct: 201  Precision @ 1: 0.7852  AUC @ 1: 0.8316
Test Data Eval:
  Num examples: 512  Num correct: 330  Precision @ 1: 0.6445  AUC @ 1: 0.7082
Step 1800: loss = 0.5655 (0.016 sec)
Training Data Eval:
  Num examples: 3456  Num correct: 2850  Precision @ 1: 0.8247  AUC @ 1: 0.9057
Validation Data Eval:
  Num examples: 256  Num correct: 200  Precision @ 1: 0.7812  AUC @ 1: 0.8440
Test Data Eval:
  Num examples: 512  Num correct: 334  Precision @ 1: 0.6523  AUC @ 1: 0.7062
Step 2000: loss = 0.5795 (0.015 sec)
Training Data Eval:
  Num examples: 3456  Num correct: 2885  Precision @ 1: 0.8348  AUC @ 1: 0.9118
Validation Data Eval:
  Num examples: 256  Num correct: 202  Precision @ 1: 0.7891  AUC @ 1: 0.8545
Test Data Eval:
  Num examples: 512  Num correct: 322  Precision @ 1: 0.6289  AUC @ 1: 0.7051
Step 2200: loss = 0.6056 (0.015 sec)
Training Data Eval:
  Num examples: 3456  Num correct: 2916  Precision @ 1: 0.8438  AUC @ 1: 0.9182
Validation Data Eval:
  Num examples: 256  Num correct: 201  Precision @ 1: 0.7852  AUC @ 1: 0.8508
Test Data Eval:
  Num examples: 512  Num correct: 326  Precision @ 1: 0.6367  AUC @ 1: 0.7008
Step 2400: loss = 0.5502 (0.015 sec)
Training Data Eval:
  Num examples: 3456  Num correct: 2930  Precision @ 1: 0.8478  AUC @ 1: 0.9245
Validation Data Eval:
  Num examples: 256  Num correct: 199  Precision @ 1: 0.7773  AUC @ 1: 0.8494
Test Data Eval:
  Num examples: 512  Num correct: 330  Precision @ 1: 0.6445  AUC @ 1: 0.6990
Step 2600: loss = 0.5545 (0.016 sec)
Training Data Eval:
  Num examples: 3456  Num correct: 2942  Precision @ 1: 0.8513  AUC @ 1: 0.9288
Validation Data Eval:
  Num examples: 256  Num correct: 199  Precision @ 1: 0.7773  AUC @ 1: 0.8413
Test Data Eval:
  Num examples: 512  Num correct: 317  Precision @ 1: 0.6191  AUC @ 1: 0.6907
Step 2800: loss = 0.5412 (0.015 sec)
Training Data Eval:
  Num examples: 3456  Num correct: 3020  Precision @ 1: 0.8738  AUC @ 1: 0.9386
Validation Data Eval:
  Num examples: 256  Num correct: 201  Precision @ 1: 0.7852  AUC @ 1: 0.8563
Test Data Eval:
  Num examples: 512  Num correct: 314  Precision @ 1: 0.6133  AUC @ 1: 0.7002
Step 3000: loss = 0.5623 (0.016 sec)
Training Data Eval:
  Num examples: 3456  Num correct: 3017  Precision @ 1: 0.8730  AUC @ 1: 0.9432
Validation Data Eval:
  Num examples: 256  Num correct: 203  Precision @ 1: 0.7930  AUC @ 1: 0.8584
Test Data Eval:
  Num examples: 512  Num correct: 330  Precision @ 1: 0.6445  AUC @ 1: 0.7018
Step 3200: loss = 0.4378 (0.015 sec)
Training Data Eval:
  Num examples: 3456  Num correct: 3044  Precision @ 1: 0.8808  AUC @ 1: 0.9488
Validation Data Eval:
  Num examples: 256  Num correct: 201  Precision @ 1: 0.7852  AUC @ 1: 0.8473
Test Data Eval:
  Num examples: 512  Num correct: 320  Precision @ 1: 0.6250  AUC @ 1: 0.7055
Step 3400: loss = 0.4585 (0.015 sec)
Training Data Eval:
  Num examples: 3456  Num correct: 3074  Precision @ 1: 0.8895  AUC @ 1: 0.9577
Validation Data Eval:
  Num examples: 256  Num correct: 209  Precision @ 1: 0.8164  AUC @ 1: 0.8619
Test Data Eval:
  Num examples: 512  Num correct: 329  Precision @ 1: 0.6426  AUC @ 1: 0.6955
Step 3600: loss = 0.5055 (0.014 sec)
Training Data Eval:
  Num examples: 3456  Num correct: 3104  Precision @ 1: 0.8981  AUC @ 1: 0.9602
Validation Data Eval:
  Num examples: 256  Num correct: 204  Precision @ 1: 0.7969  AUC @ 1: 0.8545
Test Data Eval:
  Num examples: 512  Num correct: 319  Precision @ 1: 0.6230  AUC @ 1: 0.6958
Step 3800: loss = 0.5302 (0.015 sec)
Training Data Eval:
  Num examples: 3456  Num correct: 3119  Precision @ 1: 0.9025  AUC @ 1: 0.9636
Validation Data Eval:
  Num examples: 256  Num correct: 202  Precision @ 1: 0.7891  AUC @ 1: 0.8475
Test Data Eval:
  Num examples: 512  Num correct: 327  Precision @ 1: 0.6387  AUC @ 1: 0.6967
Step 4000: loss = 0.4309 (0.015 sec)
Training Data Eval:
  Num examples: 3456  Num correct: 3123  Precision @ 1: 0.9036  AUC @ 1: 0.9643
Validation Data Eval:
  Num examples: 256  Num correct: 201  Precision @ 1: 0.7852  AUC @ 1: 0.8562
Test Data Eval:
  Num examples: 512  Num correct: 324  Precision @ 1: 0.6328  AUC @ 1: 0.6990
Step 4200: loss = 0.4168 (0.016 sec)
Training Data Eval:
  Num examples: 3456  Num correct: 3194  Precision @ 1: 0.9242  AUC @ 1: 0.9760
Validation Data Eval:
  Num examples: 256  Num correct: 201  Precision @ 1: 0.7852  AUC @ 1: 0.8611
Test Data Eval:
  Num examples: 512  Num correct: 329  Precision @ 1: 0.6426  AUC @ 1: 0.7029
Step 4400: loss = 0.4326 (0.015 sec)
Training Data Eval:
  Num examples: 3456  Num correct: 3183  Precision @ 1: 0.9210  AUC @ 1: 0.9731
Validation Data Eval:
  Num examples: 256  Num correct: 200  Precision @ 1: 0.7812  AUC @ 1: 0.8572
Test Data Eval:
  Num examples: 512  Num correct: 330  Precision @ 1: 0.6445  AUC @ 1: 0.7038
Step 4600: loss = 0.3934 (0.015 sec)
Training Data Eval:
  Num examples: 3456  Num correct: 3110  Precision @ 1: 0.8999  AUC @ 1: 0.9702
Validation Data Eval:
  Num examples: 256  Num correct: 198  Precision @ 1: 0.7734  AUC @ 1: 0.8500
Test Data Eval:
  Num examples: 512  Num correct: 338  Precision @ 1: 0.6602  AUC @ 1: 0.7047
Step 4800: loss = 0.3923 (0.014 sec)
Training Data Eval:
  Num examples: 3456  Num correct: 3215  Precision @ 1: 0.9303  AUC @ 1: 0.9792
Validation Data Eval:
  Num examples: 256  Num correct: 199  Precision @ 1: 0.7773  AUC @ 1: 0.8603
Test Data Eval:
  Num examples: 512  Num correct: 330  Precision @ 1: 0.6445  AUC @ 1: 0.6982
Step 5000: loss = 0.3676 (0.015 sec)
Training Data Eval:
  Num examples: 3456  Num correct: 3272  Precision @ 1: 0.9468  AUC @ 1: 0.9868
Validation Data Eval:
  Num examples: 256  Num correct: 202  Precision @ 1: 0.7891  AUC @ 1: 0.8592
Test Data Eval:
  Num examples: 512  Num correct: 332  Precision @ 1: 0.6484  AUC @ 1: 0.6979
Step 5200: loss = 0.3703 (0.015 sec)
Training Data Eval:
  Num examples: 3456  Num correct: 3277  Precision @ 1: 0.9482  AUC @ 1: 0.9873
Validation Data Eval:
  Num examples: 256  Num correct: 209  Precision @ 1: 0.8164  AUC @ 1: 0.8672
Test Data Eval:
  Num examples: 512  Num correct: 329  Precision @ 1: 0.6426  AUC @ 1: 0.6998
Step 5400: loss = 0.3473 (0.049 sec)
Training Data Eval:
  Num examples: 3456  Num correct: 3302  Precision @ 1: 0.9554  AUC @ 1: 0.9889
Validation Data Eval:
  Num examples: 256  Num correct: 207  Precision @ 1: 0.8086  AUC @ 1: 0.8701
Test Data Eval:
  Num examples: 512  Num correct: 334  Precision @ 1: 0.6523  AUC @ 1: 0.7022
Step 5600: loss = 0.2720 (0.015 sec)
Training Data Eval:
  Num examples: 3456  Num correct: 3303  Precision @ 1: 0.9557  AUC @ 1: 0.9865
Validation Data Eval:
  Num examples: 256  Num correct: 202  Precision @ 1: 0.7891  AUC @ 1: 0.8603
Test Data Eval:
  Num examples: 512  Num correct: 328  Precision @ 1: 0.6406  AUC @ 1: 0.6950
Step 5800: loss = 0.3746 (0.015 sec)
Training Data Eval:
  Num examples: 3456  Num correct: 3353  Precision @ 1: 0.9702  AUC @ 1: 0.9934
Validation Data Eval:
  Num examples: 256  Num correct: 204  Precision @ 1: 0.7969  AUC @ 1: 0.8612
Test Data Eval:
  Num examples: 512  Num correct: 329  Precision @ 1: 0.6426  AUC @ 1: 0.7050
Step 6000: loss = 0.3335 (0.015 sec)
Training Data Eval:
  Num examples: 3456  Num correct: 3334  Precision @ 1: 0.9647  AUC @ 1: 0.9937
Validation Data Eval:
  Num examples: 256  Num correct: 201  Precision @ 1: 0.7852  AUC @ 1: 0.8609
Test Data Eval:
  Num examples: 512  Num correct: 333  Precision @ 1: 0.6504  AUC @ 1: 0.7078
Step 6200: loss = 0.2756 (0.016 sec)
Training Data Eval:
  Num examples: 3456  Num correct: 3358  Precision @ 1: 0.9716  AUC @ 1: 0.9954
Validation Data Eval:
  Num examples: 256  Num correct: 200  Precision @ 1: 0.7812  AUC @ 1: 0.8547
Test Data Eval:
  Num examples: 512  Num correct: 332  Precision @ 1: 0.6484  AUC @ 1: 0.7005
Step 6400: loss = 0.2609 (0.015 sec)
Training Data Eval:
  Num examples: 3456  Num correct: 3369  Precision @ 1: 0.9748  AUC @ 1: 0.9958
Validation Data Eval:
  Num examples: 256  Num correct: 209  Precision @ 1: 0.8164  AUC @ 1: 0.8620
Test Data Eval:
  Num examples: 512  Num correct: 325  Precision @ 1: 0.6348  AUC @ 1: 0.6925
Step 6600: loss = 0.2939 (0.015 sec)
Training Data Eval:
  Num examples: 3456  Num correct: 3379  Precision @ 1: 0.9777  AUC @ 1: 0.9952
Validation Data Eval:
  Num examples: 256  Num correct: 203  Precision @ 1: 0.7930  AUC @ 1: 0.8595
Test Data Eval:
  Num examples: 512  Num correct: 322  Precision @ 1: 0.6289  AUC @ 1: 0.7057
Step 6800: loss = 0.3002 (0.016 sec)
Training Data Eval:
  Num examples: 3456  Num correct: 3376  Precision @ 1: 0.9769  AUC @ 1: 0.9960
Validation Data Eval:
  Num examples: 256  Num correct: 204  Precision @ 1: 0.7969  AUC @ 1: 0.8581
Test Data Eval:
  Num examples: 512  Num correct: 332  Precision @ 1: 0.6484  AUC @ 1: 0.6993
Step 7000: loss = 0.3251 (0.014 sec)
Training Data Eval:
  Num examples: 3456  Num correct: 3377  Precision @ 1: 0.9771  AUC @ 1: 0.9967
Validation Data Eval:
  Num examples: 256  Num correct: 198  Precision @ 1: 0.7734  AUC @ 1: 0.8537
Test Data Eval:
  Num examples: 512  Num correct: 327  Precision @ 1: 0.6387  AUC @ 1: 0.7023
Step 7200: loss = 0.2302 (0.015 sec)
Training Data Eval:
  Num examples: 3456  Num correct: 3406  Precision @ 1: 0.9855  AUC @ 1: 0.9978
Validation Data Eval:
  Num examples: 256  Num correct: 202  Precision @ 1: 0.7891  AUC @ 1: 0.8559
Test Data Eval:
  Num examples: 512  Num correct: 332  Precision @ 1: 0.6484  AUC @ 1: 0.7053
Step 7400: loss = 0.2603 (0.015 sec)
Training Data Eval:
  Num examples: 3456  Num correct: 3394  Precision @ 1: 0.9821  AUC @ 1: 0.9985
Validation Data Eval:
  Num examples: 256  Num correct: 207  Precision @ 1: 0.8086  AUC @ 1: 0.8591
Test Data Eval:
  Num examples: 512  Num correct: 326  Precision @ 1: 0.6367  AUC @ 1: 0.6979
Step 7600: loss = 0.2990 (0.015 sec)
Training Data Eval:
  Num examples: 3456  Num correct: 3417  Precision @ 1: 0.9887  AUC @ 1: 0.9989
Validation Data Eval:
  Num examples: 256  Num correct: 206  Precision @ 1: 0.8047  AUC @ 1: 0.8580
Test Data Eval:
  Num examples: 512  Num correct: 327  Precision @ 1: 0.6387  AUC @ 1: 0.7049
Step 7800: loss = 0.2891 (0.016 sec)
Training Data Eval:
  Num examples: 3456  Num correct: 3429  Precision @ 1: 0.9922  AUC @ 1: 0.9993
Validation Data Eval:
  Num examples: 256  Num correct: 201  Precision @ 1: 0.7852  AUC @ 1: 0.8581
Test Data Eval:
  Num examples: 512  Num correct: 323  Precision @ 1: 0.6309  AUC @ 1: 0.7028
Step 8000: loss = 0.2599 (0.015 sec)
Training Data Eval:
  Num examples: 3456  Num correct: 3419  Precision @ 1: 0.9893  AUC @ 1: 0.9991
Validation Data Eval:
  Num examples: 256  Num correct: 204  Precision @ 1: 0.7969  AUC @ 1: 0.8579
Test Data Eval:
  Num examples: 512  Num correct: 324  Precision @ 1: 0.6328  AUC @ 1: 0.7049
Step 8200: loss = 0.2126 (0.016 sec)
Training Data Eval:
  Num examples: 3456  Num correct: 3276  Precision @ 1: 0.9479  AUC @ 1: 0.9829
Validation Data Eval:
  Num examples: 256  Num correct: 197  Precision @ 1: 0.7695  AUC @ 1: 0.8189
Test Data Eval:
  Num examples: 512  Num correct: 321  Precision @ 1: 0.6270  AUC @ 1: 0.7051
Step 8400: loss = 0.4335 (0.015 sec)
Training Data Eval:
  Num examples: 3456  Num correct: 3431  Precision @ 1: 0.9928  AUC @ 1: 0.9994
Validation Data Eval:
  Num examples: 256  Num correct: 207  Precision @ 1: 0.8086  AUC @ 1: 0.8632
Test Data Eval:
  Num examples: 512  Num correct: 326  Precision @ 1: 0.6367  AUC @ 1: 0.7057
Step 8600: loss = 0.2263 (0.016 sec)
Training Data Eval:
  Num examples: 3456  Num correct: 3403  Precision @ 1: 0.9847  AUC @ 1: 0.9985
Validation Data Eval:
  Num examples: 256  Num correct: 205  Precision @ 1: 0.8008  AUC @ 1: 0.8610
Test Data Eval:
  Num examples: 512  Num correct: 330  Precision @ 1: 0.6445  AUC @ 1: 0.7087
Step 8800: loss = 0.2370 (0.016 sec)
Training Data Eval:
  Num examples: 3456  Num correct: 3426  Precision @ 1: 0.9913  AUC @ 1: 0.9996
Validation Data Eval:
  Num examples: 256  Num correct: 202  Precision @ 1: 0.7891  AUC @ 1: 0.8609
Test Data Eval:
  Num examples: 512  Num correct: 327  Precision @ 1: 0.6387  AUC @ 1: 0.7020
Step 9000: loss = 0.2097 (0.015 sec)
Training Data Eval:
  Num examples: 3456  Num correct: 3429  Precision @ 1: 0.9922  AUC @ 1: 0.9997
Validation Data Eval:
  Num examples: 256  Num correct: 204  Precision @ 1: 0.7969  AUC @ 1: 0.8601
Test Data Eval:
  Num examples: 512  Num correct: 326  Precision @ 1: 0.6367  AUC @ 1: 0.6962
Step 9200: loss = 0.2002 (0.015 sec)
Training Data Eval:
  Num examples: 3456  Num correct: 3445  Precision @ 1: 0.9968  AUC @ 1: 0.9998
Validation Data Eval:
  Num examples: 256  Num correct: 201  Precision @ 1: 0.7852  AUC @ 1: 0.8604
Test Data Eval:
  Num examples: 512  Num correct: 330  Precision @ 1: 0.6445  AUC @ 1: 0.7105
Step 9400: loss = 0.2139 (0.015 sec)
Training Data Eval:
  Num examples: 3456  Num correct: 3444  Precision @ 1: 0.9965  AUC @ 1: 0.9998
Validation Data Eval:
  Num examples: 256  Num correct: 204  Precision @ 1: 0.7969  AUC @ 1: 0.8639
Test Data Eval:
  Num examples: 512  Num correct: 325  Precision @ 1: 0.6348  AUC @ 1: 0.7068
Step 9600: loss = 0.2155 (0.015 sec)
Training Data Eval:
  Num examples: 3456  Num correct: 3421  Precision @ 1: 0.9899  AUC @ 1: 0.9997
Validation Data Eval:
  Num examples: 256  Num correct: 204  Precision @ 1: 0.7969  AUC @ 1: 0.8574
Test Data Eval:
  Num examples: 512  Num correct: 342  Precision @ 1: 0.6680  AUC @ 1: 0.7129
Step 9800: loss = 0.2499 (0.015 sec)
Training Data Eval:
  Num examples: 3456  Num correct: 3441  Precision @ 1: 0.9957  AUC @ 1: 0.9998
Validation Data Eval:
  Num examples: 256  Num correct: 209  Precision @ 1: 0.8164  AUC @ 1: 0.8662
Test Data Eval:
  Num examples: 512  Num correct: 326  Precision @ 1: 0.6367  AUC @ 1: 0.7023
