Training data shape: 	(3820, 64, 30, 1)
Training label shape:	(3820,)
Testing data shape:  	(515, 64, 30, 1)
Testing label shape: 	(515,)
max input value is: 14.3839135638
min input value is: -10.9262291682
random permuted training data
==============================================================================
Model: 			inference_global_s_cnn
Tensor Name: 	Placeholder:0
[128, 64, 30, 1]
==============================================================================
Tensor Name: conv1/conv1:0
[128, 1, 30, 64]
==============================================================================
Tensor Name: MaxPool:0
[128, 1, 15, 64]
==============================================================================
Tensor Name: local1/local1:0
[128, 128]
==============================================================================
Tensor Name: local2/local2:0
[128, 128]
==============================================================================
Tensor Name: softmax_linear/softmax_linear:0
[128, 2]
Step 0: loss = 1.0364 (0.036 sec)
Training Data Eval:
  Num examples: 3456  Num correct: 1952  Precision @ 1: 0.5648  AUC @ 1: 0.5780
Validation Data Eval:
  Num examples: 256  Num correct: 139  Precision @ 1: 0.5430  AUC @ 1: 0.4989
Test Data Eval:
  Num examples: 512  Num correct: 289  Precision @ 1: 0.5645  AUC @ 1: 0.5539
Step 200: loss = 1.0225 (0.023 sec)
Training Data Eval:
  Num examples: 3456  Num correct: 1959  Precision @ 1: 0.5668  AUC @ 1: 0.6227
Validation Data Eval:
  Num examples: 256  Num correct: 139  Precision @ 1: 0.5430  AUC @ 1: 0.5546
Test Data Eval:
  Num examples: 512  Num correct: 290  Precision @ 1: 0.5664  AUC @ 1: 0.5904
Step 400: loss = 1.0339 (0.022 sec)
Training Data Eval:
  Num examples: 3456  Num correct: 1944  Precision @ 1: 0.5625  AUC @ 1: 0.6299
Validation Data Eval:
  Num examples: 256  Num correct: 139  Precision @ 1: 0.5430  AUC @ 1: 0.5801
Test Data Eval:
  Num examples: 512  Num correct: 290  Precision @ 1: 0.5664  AUC @ 1: 0.6051
Step 600: loss = 1.0049 (0.021 sec)
Training Data Eval:
  Num examples: 3456  Num correct: 1953  Precision @ 1: 0.5651  AUC @ 1: 0.6268
Validation Data Eval:
  Num examples: 256  Num correct: 139  Precision @ 1: 0.5430  AUC @ 1: 0.5871
Test Data Eval:
  Num examples: 512  Num correct: 290  Precision @ 1: 0.5664  AUC @ 1: 0.6138
Step 800: loss = 1.0084 (0.022 sec)
Training Data Eval:
  Num examples: 3456  Num correct: 1962  Precision @ 1: 0.5677  AUC @ 1: 0.6330
Validation Data Eval:
  Num examples: 256  Num correct: 139  Precision @ 1: 0.5430  AUC @ 1: 0.5864
Test Data Eval:
  Num examples: 512  Num correct: 291  Precision @ 1: 0.5684  AUC @ 1: 0.6135
Step 1000: loss = 1.0064 (0.021 sec)
Training Data Eval:
  Num examples: 3456  Num correct: 1954  Precision @ 1: 0.5654  AUC @ 1: 0.6237
Validation Data Eval:
  Num examples: 256  Num correct: 139  Precision @ 1: 0.5430  AUC @ 1: 0.5911
Test Data Eval:
  Num examples: 512  Num correct: 291  Precision @ 1: 0.5684  AUC @ 1: 0.6131
Step 1200: loss = 0.9884 (0.021 sec)
Training Data Eval:
  Num examples: 3456  Num correct: 1958  Precision @ 1: 0.5666  AUC @ 1: 0.6345
Validation Data Eval:
  Num examples: 256  Num correct: 139  Precision @ 1: 0.5430  AUC @ 1: 0.5981
Test Data Eval:
  Num examples: 512  Num correct: 290  Precision @ 1: 0.5664  AUC @ 1: 0.6175
Step 1400: loss = 0.9847 (0.023 sec)
Training Data Eval:
  Num examples: 3456  Num correct: 1955  Precision @ 1: 0.5657  AUC @ 1: 0.6348
Validation Data Eval:
  Num examples: 256  Num correct: 139  Precision @ 1: 0.5430  AUC @ 1: 0.6051
Test Data Eval:
  Num examples: 512  Num correct: 289  Precision @ 1: 0.5645  AUC @ 1: 0.6201
Step 1600: loss = 1.0155 (0.021 sec)
Training Data Eval:
  Num examples: 3456  Num correct: 2005  Precision @ 1: 0.5802  AUC @ 1: 0.6422
Validation Data Eval:
  Num examples: 256  Num correct: 139  Precision @ 1: 0.5430  AUC @ 1: 0.6143
Test Data Eval:
  Num examples: 512  Num correct: 290  Precision @ 1: 0.5664  AUC @ 1: 0.6232
Step 1800: loss = 0.9601 (0.022 sec)
Training Data Eval:
  Num examples: 3456  Num correct: 1952  Precision @ 1: 0.5648  AUC @ 1: 0.6448
Validation Data Eval:
  Num examples: 256  Num correct: 139  Precision @ 1: 0.5430  AUC @ 1: 0.6267
Test Data Eval:
  Num examples: 512  Num correct: 291  Precision @ 1: 0.5684  AUC @ 1: 0.6334
Step 2000: loss = 0.9758 (0.022 sec)
Training Data Eval:
  Num examples: 3456  Num correct: 1958  Precision @ 1: 0.5666  AUC @ 1: 0.6466
Validation Data Eval:
  Num examples: 256  Num correct: 139  Precision @ 1: 0.5430  AUC @ 1: 0.6390
Test Data Eval:
  Num examples: 512  Num correct: 289  Precision @ 1: 0.5645  AUC @ 1: 0.6449
Step 2200: loss = 0.9622 (0.022 sec)
Training Data Eval:
  Num examples: 3456  Num correct: 1968  Precision @ 1: 0.5694  AUC @ 1: 0.6596
Validation Data Eval:
  Num examples: 256  Num correct: 139  Precision @ 1: 0.5430  AUC @ 1: 0.6523
Test Data Eval:
  Num examples: 512  Num correct: 289  Precision @ 1: 0.5645  AUC @ 1: 0.6586
Step 2400: loss = 0.9675 (0.022 sec)
Training Data Eval:
  Num examples: 3456  Num correct: 1964  Precision @ 1: 0.5683  AUC @ 1: 0.6727
Validation Data Eval:
  Num examples: 256  Num correct: 139  Precision @ 1: 0.5430  AUC @ 1: 0.6701
Test Data Eval:
  Num examples: 512  Num correct: 291  Precision @ 1: 0.5684  AUC @ 1: 0.6733
Step 2600: loss = 0.9715 (0.022 sec)
Training Data Eval:
  Num examples: 3456  Num correct: 2051  Precision @ 1: 0.5935  AUC @ 1: 0.6752
Validation Data Eval:
  Num examples: 256  Num correct: 150  Precision @ 1: 0.5859  AUC @ 1: 0.6863
Test Data Eval:
  Num examples: 512  Num correct: 289  Precision @ 1: 0.5645  AUC @ 1: 0.6859
Step 2800: loss = 0.9440 (0.022 sec)
Training Data Eval:
  Num examples: 3456  Num correct: 2104  Precision @ 1: 0.6088  AUC @ 1: 0.6883
Validation Data Eval:
  Num examples: 256  Num correct: 153  Precision @ 1: 0.5977  AUC @ 1: 0.6997
Test Data Eval:
  Num examples: 512  Num correct: 292  Precision @ 1: 0.5703  AUC @ 1: 0.7040
Step 3000: loss = 0.8884 (0.022 sec)
Training Data Eval:
  Num examples: 3456  Num correct: 2149  Precision @ 1: 0.6218  AUC @ 1: 0.7051
Validation Data Eval:
  Num examples: 256  Num correct: 159  Precision @ 1: 0.6211  AUC @ 1: 0.7137
Test Data Eval:
  Num examples: 512  Num correct: 301  Precision @ 1: 0.5879  AUC @ 1: 0.7171
Step 3200: loss = 0.9445 (0.024 sec)
Training Data Eval:
  Num examples: 3456  Num correct: 2149  Precision @ 1: 0.6218  AUC @ 1: 0.6902
Validation Data Eval:
  Num examples: 256  Num correct: 161  Precision @ 1: 0.6289  AUC @ 1: 0.7226
Test Data Eval:
  Num examples: 512  Num correct: 302  Precision @ 1: 0.5898  AUC @ 1: 0.7283
Step 3400: loss = 0.9171 (0.022 sec)
Training Data Eval:
  Num examples: 3456  Num correct: 2204  Precision @ 1: 0.6377  AUC @ 1: 0.7122
Validation Data Eval:
  Num examples: 256  Num correct: 164  Precision @ 1: 0.6406  AUC @ 1: 0.7312
Test Data Eval:
  Num examples: 512  Num correct: 313  Precision @ 1: 0.6113  AUC @ 1: 0.7410
Step 3600: loss = 0.9562 (0.021 sec)
Training Data Eval:
  Num examples: 3456  Num correct: 2178  Precision @ 1: 0.6302  AUC @ 1: 0.7032
Validation Data Eval:
  Num examples: 256  Num correct: 164  Precision @ 1: 0.6406  AUC @ 1: 0.7353
Test Data Eval:
  Num examples: 512  Num correct: 319  Precision @ 1: 0.6230  AUC @ 1: 0.7454
Step 3800: loss = 0.9029 (0.022 sec)
Training Data Eval:
  Num examples: 3456  Num correct: 2248  Precision @ 1: 0.6505  AUC @ 1: 0.7276
Validation Data Eval:
  Num examples: 256  Num correct: 163  Precision @ 1: 0.6367  AUC @ 1: 0.7408
Test Data Eval:
  Num examples: 512  Num correct: 332  Precision @ 1: 0.6484  AUC @ 1: 0.7514
Step 4000: loss = 0.9159 (0.021 sec)
Training Data Eval:
  Num examples: 3456  Num correct: 2277  Precision @ 1: 0.6589  AUC @ 1: 0.7413
Validation Data Eval:
  Num examples: 256  Num correct: 168  Precision @ 1: 0.6562  AUC @ 1: 0.7433
Test Data Eval:
  Num examples: 512  Num correct: 334  Precision @ 1: 0.6523  AUC @ 1: 0.7569
Step 4200: loss = 0.9051 (0.021 sec)
Training Data Eval:
  Num examples: 3456  Num correct: 2276  Precision @ 1: 0.6586  AUC @ 1: 0.7364
Validation Data Eval:
  Num examples: 256  Num correct: 169  Precision @ 1: 0.6602  AUC @ 1: 0.7467
Test Data Eval:
  Num examples: 512  Num correct: 337  Precision @ 1: 0.6582  AUC @ 1: 0.7640
Step 4400: loss = 0.8970 (0.022 sec)
Training Data Eval:
  Num examples: 3456  Num correct: 2306  Precision @ 1: 0.6672  AUC @ 1: 0.7465
Validation Data Eval:
  Num examples: 256  Num correct: 169  Precision @ 1: 0.6602  AUC @ 1: 0.7500
Test Data Eval:
  Num examples: 512  Num correct: 340  Precision @ 1: 0.6641  AUC @ 1: 0.7661
Step 4600: loss = 0.8331 (0.022 sec)
Training Data Eval:
  Num examples: 3456  Num correct: 2344  Precision @ 1: 0.6782  AUC @ 1: 0.7534
Validation Data Eval:
  Num examples: 256  Num correct: 170  Precision @ 1: 0.6641  AUC @ 1: 0.7499
Test Data Eval:
  Num examples: 512  Num correct: 353  Precision @ 1: 0.6895  AUC @ 1: 0.7679
Step 4800: loss = 0.8849 (0.022 sec)
Training Data Eval:
  Num examples: 3456  Num correct: 2400  Precision @ 1: 0.6944  AUC @ 1: 0.7658
Validation Data Eval:
  Num examples: 256  Num correct: 171  Precision @ 1: 0.6680  AUC @ 1: 0.7538
Test Data Eval:
  Num examples: 512  Num correct: 352  Precision @ 1: 0.6875  AUC @ 1: 0.7707
Step 5000: loss = 0.8901 (0.022 sec)
Training Data Eval:
  Num examples: 3456  Num correct: 2348  Precision @ 1: 0.6794  AUC @ 1: 0.7560
Validation Data Eval:
  Num examples: 256  Num correct: 170  Precision @ 1: 0.6641  AUC @ 1: 0.7565
Test Data Eval:
  Num examples: 512  Num correct: 352  Precision @ 1: 0.6875  AUC @ 1: 0.7740
Step 5200: loss = 0.8460 (0.021 sec)
Training Data Eval:
  Num examples: 3456  Num correct: 2391  Precision @ 1: 0.6918  AUC @ 1: 0.7685
Validation Data Eval:
  Num examples: 256  Num correct: 172  Precision @ 1: 0.6719  AUC @ 1: 0.7608
Test Data Eval:
  Num examples: 512  Num correct: 351  Precision @ 1: 0.6855  AUC @ 1: 0.7771
Step 5400: loss = 0.8341 (0.057 sec)
Training Data Eval:
  Num examples: 3456  Num correct: 2418  Precision @ 1: 0.6997  AUC @ 1: 0.7758
Validation Data Eval:
  Num examples: 256  Num correct: 171  Precision @ 1: 0.6680  AUC @ 1: 0.7630
Test Data Eval:
  Num examples: 512  Num correct: 352  Precision @ 1: 0.6875  AUC @ 1: 0.7810
Step 5600: loss = 0.8403 (0.022 sec)
Training Data Eval:
  Num examples: 3456  Num correct: 2390  Precision @ 1: 0.6916  AUC @ 1: 0.7758
Validation Data Eval:
  Num examples: 256  Num correct: 172  Precision @ 1: 0.6719  AUC @ 1: 0.7692
Test Data Eval:
  Num examples: 512  Num correct: 348  Precision @ 1: 0.6797  AUC @ 1: 0.7811
Step 5800: loss = 0.8593 (0.022 sec)
Training Data Eval:
  Num examples: 3456  Num correct: 2423  Precision @ 1: 0.7011  AUC @ 1: 0.7840
Validation Data Eval:
  Num examples: 256  Num correct: 172  Precision @ 1: 0.6719  AUC @ 1: 0.7737
Test Data Eval:
  Num examples: 512  Num correct: 352  Precision @ 1: 0.6875  AUC @ 1: 0.7816
Step 6000: loss = 0.8409 (0.021 sec)
Training Data Eval:
  Num examples: 3456  Num correct: 2466  Precision @ 1: 0.7135  AUC @ 1: 0.7942
Validation Data Eval:
  Num examples: 256  Num correct: 175  Precision @ 1: 0.6836  AUC @ 1: 0.7780
Test Data Eval:
  Num examples: 512  Num correct: 356  Precision @ 1: 0.6953  AUC @ 1: 0.7851
Step 6200: loss = 0.8155 (0.022 sec)
Training Data Eval:
  Num examples: 3456  Num correct: 2468  Precision @ 1: 0.7141  AUC @ 1: 0.7990
Validation Data Eval:
  Num examples: 256  Num correct: 178  Precision @ 1: 0.6953  AUC @ 1: 0.7806
Test Data Eval:
  Num examples: 512  Num correct: 354  Precision @ 1: 0.6914  AUC @ 1: 0.7857
Step 6400: loss = 0.7848 (0.022 sec)
Training Data Eval:
  Num examples: 3456  Num correct: 2475  Precision @ 1: 0.7161  AUC @ 1: 0.8070
Validation Data Eval:
  Num examples: 256  Num correct: 178  Precision @ 1: 0.6953  AUC @ 1: 0.7852
Test Data Eval:
  Num examples: 512  Num correct: 358  Precision @ 1: 0.6992  AUC @ 1: 0.7883
Step 6600: loss = 0.7992 (0.022 sec)
Training Data Eval:
  Num examples: 3456  Num correct: 2527  Precision @ 1: 0.7312  AUC @ 1: 0.8193
Validation Data Eval:
  Num examples: 256  Num correct: 180  Precision @ 1: 0.7031  AUC @ 1: 0.7885
Test Data Eval:
  Num examples: 512  Num correct: 357  Precision @ 1: 0.6973  AUC @ 1: 0.7872
Step 6800: loss = 0.7845 (0.022 sec)
Training Data Eval:
  Num examples: 3456  Num correct: 2510  Precision @ 1: 0.7263  AUC @ 1: 0.8139
Validation Data Eval:
  Num examples: 256  Num correct: 181  Precision @ 1: 0.7070  AUC @ 1: 0.7917
Test Data Eval:
  Num examples: 512  Num correct: 358  Precision @ 1: 0.6992  AUC @ 1: 0.7903
Step 7000: loss = 0.8017 (0.023 sec)
Training Data Eval:
  Num examples: 3456  Num correct: 2538  Precision @ 1: 0.7344  AUC @ 1: 0.8191
Validation Data Eval:
  Num examples: 256  Num correct: 181  Precision @ 1: 0.7070  AUC @ 1: 0.7963
Test Data Eval:
  Num examples: 512  Num correct: 359  Precision @ 1: 0.7012  AUC @ 1: 0.7889
Step 7200: loss = 0.7605 (0.022 sec)
Training Data Eval:
  Num examples: 3456  Num correct: 2523  Precision @ 1: 0.7300  AUC @ 1: 0.8188
Validation Data Eval:
  Num examples: 256  Num correct: 183  Precision @ 1: 0.7148  AUC @ 1: 0.7977
Test Data Eval:
  Num examples: 512  Num correct: 359  Precision @ 1: 0.7012  AUC @ 1: 0.7881
Step 7400: loss = 0.7364 (0.022 sec)
Training Data Eval:
  Num examples: 3456  Num correct: 2540  Precision @ 1: 0.7350  AUC @ 1: 0.8235
Validation Data Eval:
  Num examples: 256  Num correct: 183  Precision @ 1: 0.7148  AUC @ 1: 0.8015
Test Data Eval:
  Num examples: 512  Num correct: 364  Precision @ 1: 0.7109  AUC @ 1: 0.7893
Step 7600: loss = 0.7435 (0.022 sec)
Training Data Eval:
  Num examples: 3456  Num correct: 2567  Precision @ 1: 0.7428  AUC @ 1: 0.8328
Validation Data Eval:
  Num examples: 256  Num correct: 184  Precision @ 1: 0.7188  AUC @ 1: 0.8035
Test Data Eval:
  Num examples: 512  Num correct: 358  Precision @ 1: 0.6992  AUC @ 1: 0.7874
Step 7800: loss = 0.7529 (0.022 sec)
Training Data Eval:
  Num examples: 3456  Num correct: 2585  Precision @ 1: 0.7480  AUC @ 1: 0.8365
Validation Data Eval:
  Num examples: 256  Num correct: 185  Precision @ 1: 0.7227  AUC @ 1: 0.8079
Test Data Eval:
  Num examples: 512  Num correct: 363  Precision @ 1: 0.7090  AUC @ 1: 0.7868
Step 8000: loss = 0.7705 (0.022 sec)
Training Data Eval:
  Num examples: 3456  Num correct: 2570  Precision @ 1: 0.7436  AUC @ 1: 0.8358
Validation Data Eval:
  Num examples: 256  Num correct: 185  Precision @ 1: 0.7227  AUC @ 1: 0.8098
Test Data Eval:
  Num examples: 512  Num correct: 364  Precision @ 1: 0.7109  AUC @ 1: 0.7882
Step 8200: loss = 0.7758 (0.022 sec)
Training Data Eval:
  Num examples: 3456  Num correct: 2583  Precision @ 1: 0.7474  AUC @ 1: 0.8349
Validation Data Eval:
  Num examples: 256  Num correct: 185  Precision @ 1: 0.7227  AUC @ 1: 0.8137
Test Data Eval:
  Num examples: 512  Num correct: 356  Precision @ 1: 0.6953  AUC @ 1: 0.7882
Step 8400: loss = 0.8153 (0.022 sec)
Training Data Eval:
  Num examples: 3456  Num correct: 2593  Precision @ 1: 0.7503  AUC @ 1: 0.8416
Validation Data Eval:
  Num examples: 256  Num correct: 185  Precision @ 1: 0.7227  AUC @ 1: 0.8136
Test Data Eval:
  Num examples: 512  Num correct: 364  Precision @ 1: 0.7109  AUC @ 1: 0.7878
Step 8600: loss = 0.7744 (0.022 sec)
Training Data Eval:
  Num examples: 3456  Num correct: 2620  Precision @ 1: 0.7581  AUC @ 1: 0.8464
Validation Data Eval:
  Num examples: 256  Num correct: 185  Precision @ 1: 0.7227  AUC @ 1: 0.8138
Test Data Eval:
  Num examples: 512  Num correct: 362  Precision @ 1: 0.7070  AUC @ 1: 0.7875
Step 8800: loss = 0.7289 (0.022 sec)
Training Data Eval:
  Num examples: 3456  Num correct: 2646  Precision @ 1: 0.7656  AUC @ 1: 0.8486
Validation Data Eval:
  Num examples: 256  Num correct: 187  Precision @ 1: 0.7305  AUC @ 1: 0.8165
Test Data Eval:
  Num examples: 512  Num correct: 359  Precision @ 1: 0.7012  AUC @ 1: 0.7851
Step 9000: loss = 0.7148 (0.022 sec)
Training Data Eval:
  Num examples: 3456  Num correct: 2642  Precision @ 1: 0.7645  AUC @ 1: 0.8529
Validation Data Eval:
  Num examples: 256  Num correct: 186  Precision @ 1: 0.7266  AUC @ 1: 0.8181
Test Data Eval:
  Num examples: 512  Num correct: 357  Precision @ 1: 0.6973  AUC @ 1: 0.7887
Step 9200: loss = 0.6783 (0.022 sec)
Training Data Eval:
  Num examples: 3456  Num correct: 2660  Precision @ 1: 0.7697  AUC @ 1: 0.8572
Validation Data Eval:
  Num examples: 256  Num correct: 188  Precision @ 1: 0.7344  AUC @ 1: 0.8209
Test Data Eval:
  Num examples: 512  Num correct: 356  Precision @ 1: 0.6953  AUC @ 1: 0.7869
Step 9400: loss = 0.7402 (0.022 sec)
Training Data Eval:
  Num examples: 3456  Num correct: 2672  Precision @ 1: 0.7731  AUC @ 1: 0.8597
Validation Data Eval:
  Num examples: 256  Num correct: 188  Precision @ 1: 0.7344  AUC @ 1: 0.8213
Test Data Eval:
  Num examples: 512  Num correct: 360  Precision @ 1: 0.7031  AUC @ 1: 0.7899
Step 9600: loss = 0.7537 (0.022 sec)
Training Data Eval:
  Num examples: 3456  Num correct: 2671  Precision @ 1: 0.7729  AUC @ 1: 0.8593
Validation Data Eval:
  Num examples: 256  Num correct: 189  Precision @ 1: 0.7383  AUC @ 1: 0.8232
Test Data Eval:
  Num examples: 512  Num correct: 360  Precision @ 1: 0.7031  AUC @ 1: 0.7903
Step 9800: loss = 0.6879 (0.022 sec)
Training Data Eval:
  Num examples: 3456  Num correct: 2650  Precision @ 1: 0.7668  AUC @ 1: 0.8577
Validation Data Eval:
  Num examples: 256  Num correct: 188  Precision @ 1: 0.7344  AUC @ 1: 0.8264
Test Data Eval:
  Num examples: 512  Num correct: 357  Precision @ 1: 0.6973  AUC @ 1: 0.7873
