Training data shape: 	(3820, 64, 30, 1)
Training label shape:	(3820,)
Testing data shape:  	(515, 64, 30, 1)
Testing label shape: 	(515,)
max input value is: 14.3839135638
min input value is: -10.9262291682
random permuted training data
==============================================================================
Model: 			inference_global_s_cnn
Tensor Name: 	Placeholder:0
[128, 64, 30, 1]
==============================================================================
Tensor Name: conv1/conv1:0
[128, 1, 30, 8]
==============================================================================
Tensor Name: MaxPool:0
[128, 1, 15, 8]
==============================================================================
Tensor Name: local1/local1:0
[128, 128]
==============================================================================
Tensor Name: local2/local2:0
[128, 128]
==============================================================================
Tensor Name: softmax_linear/softmax_linear:0
[128, 2]
Step 0: loss = 0.7724 (0.033 sec)
Training Data Eval:
  Num examples: 3456  Num correct: 1925  Precision @ 1: 0.5570  AUC @ 1: 0.5387
Validation Data Eval:
  Num examples: 256  Num correct: 145  Precision @ 1: 0.5664  AUC @ 1: 0.5607
Test Data Eval:
  Num examples: 512  Num correct: 289  Precision @ 1: 0.5645  AUC @ 1: 0.4951
Step 200: loss = 0.7536 (0.010 sec)
Training Data Eval:
  Num examples: 3456  Num correct: 1966  Precision @ 1: 0.5689  AUC @ 1: 0.5693
Validation Data Eval:
  Num examples: 256  Num correct: 145  Precision @ 1: 0.5664  AUC @ 1: 0.5861
Test Data Eval:
  Num examples: 512  Num correct: 289  Precision @ 1: 0.5645  AUC @ 1: 0.5432
Step 400: loss = 0.7656 (0.010 sec)
Training Data Eval:
  Num examples: 3456  Num correct: 1906  Precision @ 1: 0.5515  AUC @ 1: 0.5769
Validation Data Eval:
  Num examples: 256  Num correct: 145  Precision @ 1: 0.5664  AUC @ 1: 0.5995
Test Data Eval:
  Num examples: 512  Num correct: 290  Precision @ 1: 0.5664  AUC @ 1: 0.5655
Step 600: loss = 0.7736 (0.011 sec)
Training Data Eval:
  Num examples: 3456  Num correct: 1902  Precision @ 1: 0.5503  AUC @ 1: 0.5976
Validation Data Eval:
  Num examples: 256  Num correct: 145  Precision @ 1: 0.5664  AUC @ 1: 0.6121
Test Data Eval:
  Num examples: 512  Num correct: 290  Precision @ 1: 0.5664  AUC @ 1: 0.5757
Step 800: loss = 0.7811 (0.011 sec)
Training Data Eval:
  Num examples: 3456  Num correct: 1940  Precision @ 1: 0.5613  AUC @ 1: 0.6075
Validation Data Eval:
  Num examples: 256  Num correct: 145  Precision @ 1: 0.5664  AUC @ 1: 0.6184
Test Data Eval:
  Num examples: 512  Num correct: 289  Precision @ 1: 0.5645  AUC @ 1: 0.5810
Step 1000: loss = 0.7546 (0.010 sec)
Training Data Eval:
  Num examples: 3456  Num correct: 1962  Precision @ 1: 0.5677  AUC @ 1: 0.6091
Validation Data Eval:
  Num examples: 256  Num correct: 145  Precision @ 1: 0.5664  AUC @ 1: 0.6213
Test Data Eval:
  Num examples: 512  Num correct: 291  Precision @ 1: 0.5684  AUC @ 1: 0.5917
Step 1200: loss = 0.7756 (0.010 sec)
Training Data Eval:
  Num examples: 3456  Num correct: 1946  Precision @ 1: 0.5631  AUC @ 1: 0.6169
Validation Data Eval:
  Num examples: 256  Num correct: 145  Precision @ 1: 0.5664  AUC @ 1: 0.6237
Test Data Eval:
  Num examples: 512  Num correct: 291  Precision @ 1: 0.5684  AUC @ 1: 0.5882
Step 1400: loss = 0.7600 (0.010 sec)
Training Data Eval:
  Num examples: 3456  Num correct: 1983  Precision @ 1: 0.5738  AUC @ 1: 0.6045
Validation Data Eval:
  Num examples: 256  Num correct: 145  Precision @ 1: 0.5664  AUC @ 1: 0.6244
Test Data Eval:
  Num examples: 512  Num correct: 291  Precision @ 1: 0.5684  AUC @ 1: 0.5880
Step 1600: loss = 0.7618 (0.010 sec)
Training Data Eval:
  Num examples: 3456  Num correct: 1956  Precision @ 1: 0.5660  AUC @ 1: 0.6187
Validation Data Eval:
  Num examples: 256  Num correct: 145  Precision @ 1: 0.5664  AUC @ 1: 0.6242
Test Data Eval:
  Num examples: 512  Num correct: 290  Precision @ 1: 0.5664  AUC @ 1: 0.5926
Step 1800: loss = 0.7660 (0.010 sec)
Training Data Eval:
  Num examples: 3456  Num correct: 1930  Precision @ 1: 0.5584  AUC @ 1: 0.6168
Validation Data Eval:
  Num examples: 256  Num correct: 145  Precision @ 1: 0.5664  AUC @ 1: 0.6254
Test Data Eval:
  Num examples: 512  Num correct: 290  Precision @ 1: 0.5664  AUC @ 1: 0.5951
Step 2000: loss = 0.7452 (0.011 sec)
Training Data Eval:
  Num examples: 3456  Num correct: 1969  Precision @ 1: 0.5697  AUC @ 1: 0.6178
Validation Data Eval:
  Num examples: 256  Num correct: 145  Precision @ 1: 0.5664  AUC @ 1: 0.6276
Test Data Eval:
  Num examples: 512  Num correct: 291  Precision @ 1: 0.5684  AUC @ 1: 0.5990
Step 2200: loss = 0.7633 (0.011 sec)
Training Data Eval:
  Num examples: 3456  Num correct: 1956  Precision @ 1: 0.5660  AUC @ 1: 0.6171
Validation Data Eval:
  Num examples: 256  Num correct: 145  Precision @ 1: 0.5664  AUC @ 1: 0.6293
Test Data Eval:
  Num examples: 512  Num correct: 290  Precision @ 1: 0.5664  AUC @ 1: 0.6008
Step 2400: loss = 0.7273 (0.010 sec)
Training Data Eval:
  Num examples: 3456  Num correct: 1962  Precision @ 1: 0.5677  AUC @ 1: 0.6251
Validation Data Eval:
  Num examples: 256  Num correct: 145  Precision @ 1: 0.5664  AUC @ 1: 0.6316
Test Data Eval:
  Num examples: 512  Num correct: 292  Precision @ 1: 0.5703  AUC @ 1: 0.6043
Step 2600: loss = 0.7249 (0.010 sec)
Training Data Eval:
  Num examples: 3456  Num correct: 1919  Precision @ 1: 0.5553  AUC @ 1: 0.6202
Validation Data Eval:
  Num examples: 256  Num correct: 145  Precision @ 1: 0.5664  AUC @ 1: 0.6344
Test Data Eval:
  Num examples: 512  Num correct: 291  Precision @ 1: 0.5684  AUC @ 1: 0.6119
Step 2800: loss = 0.7431 (0.011 sec)
Training Data Eval:
  Num examples: 3456  Num correct: 1936  Precision @ 1: 0.5602  AUC @ 1: 0.6304
Validation Data Eval:
  Num examples: 256  Num correct: 145  Precision @ 1: 0.5664  AUC @ 1: 0.6392
Test Data Eval:
  Num examples: 512  Num correct: 291  Precision @ 1: 0.5684  AUC @ 1: 0.6205
Step 3000: loss = 0.7276 (0.011 sec)
Training Data Eval:
  Num examples: 3456  Num correct: 1985  Precision @ 1: 0.5744  AUC @ 1: 0.6412
Validation Data Eval:
  Num examples: 256  Num correct: 145  Precision @ 1: 0.5664  AUC @ 1: 0.6459
Test Data Eval:
  Num examples: 512  Num correct: 291  Precision @ 1: 0.5684  AUC @ 1: 0.6292
Step 3200: loss = 0.7243 (0.010 sec)
Training Data Eval:
  Num examples: 3456  Num correct: 1951  Precision @ 1: 0.5645  AUC @ 1: 0.6467
Validation Data Eval:
  Num examples: 256  Num correct: 145  Precision @ 1: 0.5664  AUC @ 1: 0.6518
Test Data Eval:
  Num examples: 512  Num correct: 291  Precision @ 1: 0.5684  AUC @ 1: 0.6328
Step 3400: loss = 0.7201 (0.011 sec)
Training Data Eval:
  Num examples: 3456  Num correct: 2010  Precision @ 1: 0.5816  AUC @ 1: 0.6570
Validation Data Eval:
  Num examples: 256  Num correct: 147  Precision @ 1: 0.5742  AUC @ 1: 0.6591
Test Data Eval:
  Num examples: 512  Num correct: 291  Precision @ 1: 0.5684  AUC @ 1: 0.6473
Step 3600: loss = 0.7210 (0.011 sec)
Training Data Eval:
  Num examples: 3456  Num correct: 1990  Precision @ 1: 0.5758  AUC @ 1: 0.6408
Validation Data Eval:
  Num examples: 256  Num correct: 151  Precision @ 1: 0.5898  AUC @ 1: 0.6647
Test Data Eval:
  Num examples: 512  Num correct: 294  Precision @ 1: 0.5742  AUC @ 1: 0.6581
Step 3800: loss = 0.7495 (0.010 sec)
Training Data Eval:
  Num examples: 3456  Num correct: 2039  Precision @ 1: 0.5900  AUC @ 1: 0.6575
Validation Data Eval:
  Num examples: 256  Num correct: 150  Precision @ 1: 0.5859  AUC @ 1: 0.6733
Test Data Eval:
  Num examples: 512  Num correct: 290  Precision @ 1: 0.5664  AUC @ 1: 0.6684
Step 4000: loss = 0.7457 (0.010 sec)
Training Data Eval:
  Num examples: 3456  Num correct: 2079  Precision @ 1: 0.6016  AUC @ 1: 0.6656
Validation Data Eval:
  Num examples: 256  Num correct: 156  Precision @ 1: 0.6094  AUC @ 1: 0.6758
Test Data Eval:
  Num examples: 512  Num correct: 294  Precision @ 1: 0.5742  AUC @ 1: 0.6723
Step 4200: loss = 0.7606 (0.011 sec)
Training Data Eval:
  Num examples: 3456  Num correct: 2077  Precision @ 1: 0.6010  AUC @ 1: 0.6700
Validation Data Eval:
  Num examples: 256  Num correct: 156  Precision @ 1: 0.6094  AUC @ 1: 0.6772
Test Data Eval:
  Num examples: 512  Num correct: 297  Precision @ 1: 0.5801  AUC @ 1: 0.6819
Step 4400: loss = 0.6900 (0.010 sec)
Training Data Eval:
  Num examples: 3456  Num correct: 2111  Precision @ 1: 0.6108  AUC @ 1: 0.6785
Validation Data Eval:
  Num examples: 256  Num correct: 154  Precision @ 1: 0.6016  AUC @ 1: 0.6800
Test Data Eval:
  Num examples: 512  Num correct: 301  Precision @ 1: 0.5879  AUC @ 1: 0.6903
Step 4600: loss = 0.7042 (0.011 sec)
Training Data Eval:
  Num examples: 3456  Num correct: 2107  Precision @ 1: 0.6097  AUC @ 1: 0.6759
Validation Data Eval:
  Num examples: 256  Num correct: 160  Precision @ 1: 0.6250  AUC @ 1: 0.6802
Test Data Eval:
  Num examples: 512  Num correct: 301  Precision @ 1: 0.5879  AUC @ 1: 0.6960
Step 4800: loss = 0.7176 (0.010 sec)
Training Data Eval:
  Num examples: 3456  Num correct: 2168  Precision @ 1: 0.6273  AUC @ 1: 0.6923
Validation Data Eval:
  Num examples: 256  Num correct: 159  Precision @ 1: 0.6211  AUC @ 1: 0.6821
Test Data Eval:
  Num examples: 512  Num correct: 311  Precision @ 1: 0.6074  AUC @ 1: 0.7037
Step 5000: loss = 0.7064 (0.010 sec)
Training Data Eval:
  Num examples: 3456  Num correct: 2163  Precision @ 1: 0.6259  AUC @ 1: 0.6955
Validation Data Eval:
  Num examples: 256  Num correct: 160  Precision @ 1: 0.6250  AUC @ 1: 0.6813
Test Data Eval:
  Num examples: 512  Num correct: 306  Precision @ 1: 0.5977  AUC @ 1: 0.7073
Step 5200: loss = 0.7046 (0.011 sec)
Training Data Eval:
  Num examples: 3456  Num correct: 2199  Precision @ 1: 0.6363  AUC @ 1: 0.7015
Validation Data Eval:
  Num examples: 256  Num correct: 162  Precision @ 1: 0.6328  AUC @ 1: 0.6833
Test Data Eval:
  Num examples: 512  Num correct: 321  Precision @ 1: 0.6270  AUC @ 1: 0.7105
Step 5400: loss = 0.7218 (0.044 sec)
Training Data Eval:
  Num examples: 3456  Num correct: 2230  Precision @ 1: 0.6453  AUC @ 1: 0.7052
Validation Data Eval:
  Num examples: 256  Num correct: 165  Precision @ 1: 0.6445  AUC @ 1: 0.6823
Test Data Eval:
  Num examples: 512  Num correct: 316  Precision @ 1: 0.6172  AUC @ 1: 0.7099
Step 5600: loss = 0.7299 (0.010 sec)
Training Data Eval:
  Num examples: 3456  Num correct: 2220  Precision @ 1: 0.6424  AUC @ 1: 0.7091
Validation Data Eval:
  Num examples: 256  Num correct: 167  Precision @ 1: 0.6523  AUC @ 1: 0.6826
Test Data Eval:
  Num examples: 512  Num correct: 318  Precision @ 1: 0.6211  AUC @ 1: 0.7124
Step 5800: loss = 0.6825 (0.010 sec)
Training Data Eval:
  Num examples: 3456  Num correct: 2255  Precision @ 1: 0.6525  AUC @ 1: 0.7174
Validation Data Eval:
  Num examples: 256  Num correct: 167  Precision @ 1: 0.6523  AUC @ 1: 0.6821
Test Data Eval:
  Num examples: 512  Num correct: 317  Precision @ 1: 0.6191  AUC @ 1: 0.7135
Step 6000: loss = 0.7145 (0.012 sec)
Training Data Eval:
  Num examples: 3456  Num correct: 2258  Precision @ 1: 0.6534  AUC @ 1: 0.7162
Validation Data Eval:
  Num examples: 256  Num correct: 166  Precision @ 1: 0.6484  AUC @ 1: 0.6833
Test Data Eval:
  Num examples: 512  Num correct: 324  Precision @ 1: 0.6328  AUC @ 1: 0.7151
Step 6200: loss = 0.6331 (0.010 sec)
Training Data Eval:
  Num examples: 3456  Num correct: 2260  Precision @ 1: 0.6539  AUC @ 1: 0.7156
Validation Data Eval:
  Num examples: 256  Num correct: 165  Precision @ 1: 0.6445  AUC @ 1: 0.6867
Test Data Eval:
  Num examples: 512  Num correct: 320  Precision @ 1: 0.6250  AUC @ 1: 0.7193
Step 6400: loss = 0.6634 (0.011 sec)
Training Data Eval:
  Num examples: 3456  Num correct: 2278  Precision @ 1: 0.6591  AUC @ 1: 0.7213
Validation Data Eval:
  Num examples: 256  Num correct: 165  Precision @ 1: 0.6445  AUC @ 1: 0.6892
Test Data Eval:
  Num examples: 512  Num correct: 319  Precision @ 1: 0.6230  AUC @ 1: 0.7229
Step 6600: loss = 0.6546 (0.010 sec)
Training Data Eval:
  Num examples: 3456  Num correct: 2295  Precision @ 1: 0.6641  AUC @ 1: 0.7302
Validation Data Eval:
  Num examples: 256  Num correct: 163  Precision @ 1: 0.6367  AUC @ 1: 0.6917
Test Data Eval:
  Num examples: 512  Num correct: 325  Precision @ 1: 0.6348  AUC @ 1: 0.7262
Step 6800: loss = 0.6253 (0.010 sec)
Training Data Eval:
  Num examples: 3456  Num correct: 2333  Precision @ 1: 0.6751  AUC @ 1: 0.7373
Validation Data Eval:
  Num examples: 256  Num correct: 163  Precision @ 1: 0.6367  AUC @ 1: 0.6937
Test Data Eval:
  Num examples: 512  Num correct: 325  Precision @ 1: 0.6348  AUC @ 1: 0.7299
Step 7000: loss = 0.6821 (0.010 sec)
Training Data Eval:
  Num examples: 3456  Num correct: 2381  Precision @ 1: 0.6889  AUC @ 1: 0.7467
Validation Data Eval:
  Num examples: 256  Num correct: 163  Precision @ 1: 0.6367  AUC @ 1: 0.6999
Test Data Eval:
  Num examples: 512  Num correct: 327  Precision @ 1: 0.6387  AUC @ 1: 0.7352
Step 7200: loss = 0.6642 (0.011 sec)
Training Data Eval:
  Num examples: 3456  Num correct: 2342  Precision @ 1: 0.6777  AUC @ 1: 0.7403
Validation Data Eval:
  Num examples: 256  Num correct: 162  Precision @ 1: 0.6328  AUC @ 1: 0.7036
Test Data Eval:
  Num examples: 512  Num correct: 328  Precision @ 1: 0.6406  AUC @ 1: 0.7370
Step 7400: loss = 0.6561 (0.011 sec)
Training Data Eval:
  Num examples: 3456  Num correct: 2366  Precision @ 1: 0.6846  AUC @ 1: 0.7519
Validation Data Eval:
  Num examples: 256  Num correct: 164  Precision @ 1: 0.6406  AUC @ 1: 0.7098
Test Data Eval:
  Num examples: 512  Num correct: 332  Precision @ 1: 0.6484  AUC @ 1: 0.7400
Step 7600: loss = 0.6574 (0.010 sec)
Training Data Eval:
  Num examples: 3456  Num correct: 2384  Precision @ 1: 0.6898  AUC @ 1: 0.7504
Validation Data Eval:
  Num examples: 256  Num correct: 164  Precision @ 1: 0.6406  AUC @ 1: 0.7136
Test Data Eval:
  Num examples: 512  Num correct: 336  Precision @ 1: 0.6562  AUC @ 1: 0.7464
Step 7800: loss = 0.6277 (0.011 sec)
Training Data Eval:
  Num examples: 3456  Num correct: 2345  Precision @ 1: 0.6785  AUC @ 1: 0.7468
Validation Data Eval:
  Num examples: 256  Num correct: 166  Precision @ 1: 0.6484  AUC @ 1: 0.7171
Test Data Eval:
  Num examples: 512  Num correct: 340  Precision @ 1: 0.6641  AUC @ 1: 0.7448
Step 8000: loss = 0.6392 (0.011 sec)
Training Data Eval:
  Num examples: 3456  Num correct: 2376  Precision @ 1: 0.6875  AUC @ 1: 0.7623
Validation Data Eval:
  Num examples: 256  Num correct: 167  Precision @ 1: 0.6523  AUC @ 1: 0.7223
Test Data Eval:
  Num examples: 512  Num correct: 340  Precision @ 1: 0.6641  AUC @ 1: 0.7477
Step 8200: loss = 0.6438 (0.010 sec)
Training Data Eval:
  Num examples: 3456  Num correct: 2396  Precision @ 1: 0.6933  AUC @ 1: 0.7635
Validation Data Eval:
  Num examples: 256  Num correct: 166  Precision @ 1: 0.6484  AUC @ 1: 0.7269
Test Data Eval:
  Num examples: 512  Num correct: 342  Precision @ 1: 0.6680  AUC @ 1: 0.7540
Step 8400: loss = 0.6280 (0.011 sec)
Training Data Eval:
  Num examples: 3456  Num correct: 2372  Precision @ 1: 0.6863  AUC @ 1: 0.7595
Validation Data Eval:
  Num examples: 256  Num correct: 172  Precision @ 1: 0.6719  AUC @ 1: 0.7302
Test Data Eval:
  Num examples: 512  Num correct: 347  Precision @ 1: 0.6777  AUC @ 1: 0.7555
Step 8600: loss = 0.6716 (0.010 sec)
Training Data Eval:
  Num examples: 3456  Num correct: 2403  Precision @ 1: 0.6953  AUC @ 1: 0.7690
Validation Data Eval:
  Num examples: 256  Num correct: 172  Precision @ 1: 0.6719  AUC @ 1: 0.7371
Test Data Eval:
  Num examples: 512  Num correct: 347  Precision @ 1: 0.6777  AUC @ 1: 0.7603
Step 8800: loss = 0.6208 (0.011 sec)
Training Data Eval:
  Num examples: 3456  Num correct: 2413  Precision @ 1: 0.6982  AUC @ 1: 0.7708
Validation Data Eval:
  Num examples: 256  Num correct: 175  Precision @ 1: 0.6836  AUC @ 1: 0.7402
Test Data Eval:
  Num examples: 512  Num correct: 343  Precision @ 1: 0.6699  AUC @ 1: 0.7649
Step 9000: loss = 0.6926 (0.011 sec)
Training Data Eval:
  Num examples: 3456  Num correct: 2421  Precision @ 1: 0.7005  AUC @ 1: 0.7722
Validation Data Eval:
  Num examples: 256  Num correct: 176  Precision @ 1: 0.6875  AUC @ 1: 0.7454
Test Data Eval:
  Num examples: 512  Num correct: 351  Precision @ 1: 0.6855  AUC @ 1: 0.7705
Step 9200: loss = 0.6082 (0.010 sec)
Training Data Eval:
  Num examples: 3456  Num correct: 2449  Precision @ 1: 0.7086  AUC @ 1: 0.7915
Validation Data Eval:
  Num examples: 256  Num correct: 173  Precision @ 1: 0.6758  AUC @ 1: 0.7474
Test Data Eval:
  Num examples: 512  Num correct: 352  Precision @ 1: 0.6875  AUC @ 1: 0.7755
Step 9400: loss = 0.6343 (0.010 sec)
Training Data Eval:
  Num examples: 3456  Num correct: 2416  Precision @ 1: 0.6991  AUC @ 1: 0.7787
Validation Data Eval:
  Num examples: 256  Num correct: 174  Precision @ 1: 0.6797  AUC @ 1: 0.7510
Test Data Eval:
  Num examples: 512  Num correct: 353  Precision @ 1: 0.6895  AUC @ 1: 0.7755
Step 9600: loss = 0.5790 (0.010 sec)
Training Data Eval:
  Num examples: 3456  Num correct: 2479  Precision @ 1: 0.7173  AUC @ 1: 0.7944
Validation Data Eval:
  Num examples: 256  Num correct: 176  Precision @ 1: 0.6875  AUC @ 1: 0.7569
Test Data Eval:
  Num examples: 512  Num correct: 352  Precision @ 1: 0.6875  AUC @ 1: 0.7772
Step 9800: loss = 0.6435 (0.011 sec)
Training Data Eval:
  Num examples: 3456  Num correct: 2478  Precision @ 1: 0.7170  AUC @ 1: 0.7966
Validation Data Eval:
  Num examples: 256  Num correct: 175  Precision @ 1: 0.6836  AUC @ 1: 0.7612
Test Data Eval:
  Num examples: 512  Num correct: 353  Precision @ 1: 0.6895  AUC @ 1: 0.7812
