Training data shape: 	(3825, 30, 64, 1)
Training label shape:	(3825,)
Testing data shape:  	(510, 30, 64, 1)
Testing label shape: 	(510,)
max input value is: 14.3839135638
min input value is: -10.9262291682
random permuted training data
==============================================================================
Model: 			inference_stcnn
Tensor Name: 	Placeholder:0
[128, 30, 64, 1]
==============================================================================
Tensor Name: conv0/conv0:0
[128, 1, 60, 16]
==============================================================================
Tensor Name: MaxPool:0
[128, 1, 30, 16]
==============================================================================
Tensor Name: local1/local1:0
[128, 128]
==============================================================================
Tensor Name: local2/local2:0
[128, 128]
==============================================================================
Tensor Name: softmax_linear/softmax_linear:0
[128, 2]
Step 0: loss = 0.8872 (0.034 sec)
Training Data Eval:
  Num examples: 3456  Num correct: 1954  Precision @ 1: 0.5654  AUC @ 1: 0.5916
Validation Data Eval:
  Num examples: 256  Num correct: 150  Precision @ 1: 0.5859  AUC @ 1: 0.6091
Test Data Eval:
  Num examples: 384  Num correct: 162  Precision @ 1: 0.4219  AUC @ 1: 0.6055
Step 200: loss = 0.8746 (0.021 sec)
Training Data Eval:
  Num examples: 3456  Num correct: 1954  Precision @ 1: 0.5654  AUC @ 1: 0.5953
Validation Data Eval:
  Num examples: 256  Num correct: 150  Precision @ 1: 0.5859  AUC @ 1: 0.6283
Test Data Eval:
  Num examples: 384  Num correct: 214  Precision @ 1: 0.5573  AUC @ 1: 0.6333
Step 400: loss = 0.8660 (0.021 sec)
Training Data Eval:
  Num examples: 3456  Num correct: 1968  Precision @ 1: 0.5694  AUC @ 1: 0.6023
Validation Data Eval:
  Num examples: 256  Num correct: 150  Precision @ 1: 0.5859  AUC @ 1: 0.6405
Test Data Eval:
  Num examples: 384  Num correct: 217  Precision @ 1: 0.5651  AUC @ 1: 0.6518
Step 600: loss = 0.8477 (0.020 sec)
Training Data Eval:
  Num examples: 3456  Num correct: 1976  Precision @ 1: 0.5718  AUC @ 1: 0.6094
Validation Data Eval:
  Num examples: 256  Num correct: 150  Precision @ 1: 0.5859  AUC @ 1: 0.6486
Test Data Eval:
  Num examples: 384  Num correct: 221  Precision @ 1: 0.5755  AUC @ 1: 0.6459
Step 800: loss = 0.8539 (0.021 sec)
Training Data Eval:
  Num examples: 3456  Num correct: 1943  Precision @ 1: 0.5622  AUC @ 1: 0.6147
Validation Data Eval:
  Num examples: 256  Num correct: 150  Precision @ 1: 0.5859  AUC @ 1: 0.6562
Test Data Eval:
  Num examples: 384  Num correct: 217  Precision @ 1: 0.5651  AUC @ 1: 0.6802
Step 1000: loss = 0.8560 (0.021 sec)
Training Data Eval:
  Num examples: 3456  Num correct: 1966  Precision @ 1: 0.5689  AUC @ 1: 0.6151
Validation Data Eval:
  Num examples: 256  Num correct: 150  Precision @ 1: 0.5859  AUC @ 1: 0.6614
Test Data Eval:
  Num examples: 384  Num correct: 216  Precision @ 1: 0.5625  AUC @ 1: 0.7033
Step 1200: loss = 0.8582 (0.021 sec)
Training Data Eval:
  Num examples: 3456  Num correct: 1945  Precision @ 1: 0.5628  AUC @ 1: 0.6362
Validation Data Eval:
  Num examples: 256  Num correct: 150  Precision @ 1: 0.5859  AUC @ 1: 0.6684
Test Data Eval:
  Num examples: 384  Num correct: 215  Precision @ 1: 0.5599  AUC @ 1: 0.7156
Step 1400: loss = 0.8487 (0.020 sec)
Training Data Eval:
  Num examples: 3456  Num correct: 1922  Precision @ 1: 0.5561  AUC @ 1: 0.6386
Validation Data Eval:
  Num examples: 256  Num correct: 150  Precision @ 1: 0.5859  AUC @ 1: 0.6760
Test Data Eval:
  Num examples: 384  Num correct: 222  Precision @ 1: 0.5781  AUC @ 1: 0.6786
Step 1600: loss = 0.8240 (0.020 sec)
Training Data Eval:
  Num examples: 3456  Num correct: 1952  Precision @ 1: 0.5648  AUC @ 1: 0.6415
Validation Data Eval:
  Num examples: 256  Num correct: 150  Precision @ 1: 0.5859  AUC @ 1: 0.6862
Test Data Eval:
  Num examples: 384  Num correct: 218  Precision @ 1: 0.5677  AUC @ 1: 0.7013
Step 1800: loss = 0.8411 (0.020 sec)
Training Data Eval:
  Num examples: 3456  Num correct: 1948  Precision @ 1: 0.5637  AUC @ 1: 0.6630
Validation Data Eval:
  Num examples: 256  Num correct: 152  Precision @ 1: 0.5938  AUC @ 1: 0.6939
Test Data Eval:
  Num examples: 384  Num correct: 215  Precision @ 1: 0.5599  AUC @ 1: 0.6965
Step 2000: loss = 0.8358 (0.020 sec)
Training Data Eval:
  Num examples: 3456  Num correct: 1989  Precision @ 1: 0.5755  AUC @ 1: 0.6855
Validation Data Eval:
  Num examples: 256  Num correct: 156  Precision @ 1: 0.6094  AUC @ 1: 0.7036
Test Data Eval:
  Num examples: 384  Num correct: 255  Precision @ 1: 0.6641  AUC @ 1: 0.7104
Step 2200: loss = 0.8174 (0.022 sec)
Training Data Eval:
  Num examples: 3456  Num correct: 2024  Precision @ 1: 0.5856  AUC @ 1: 0.6965
Validation Data Eval:
  Num examples: 256  Num correct: 156  Precision @ 1: 0.6094  AUC @ 1: 0.7130
Test Data Eval:
  Num examples: 384  Num correct: 249  Precision @ 1: 0.6484  AUC @ 1: 0.7106
Step 2400: loss = 0.7931 (0.020 sec)
Training Data Eval:
  Num examples: 3456  Num correct: 2111  Precision @ 1: 0.6108  AUC @ 1: 0.7113
Validation Data Eval:
  Num examples: 256  Num correct: 162  Precision @ 1: 0.6328  AUC @ 1: 0.7212
Test Data Eval:
  Num examples: 384  Num correct: 241  Precision @ 1: 0.6276  AUC @ 1: 0.7207
Step 2600: loss = 0.7951 (0.019 sec)
Training Data Eval:
  Num examples: 3456  Num correct: 2163  Precision @ 1: 0.6259  AUC @ 1: 0.7209
Validation Data Eval:
  Num examples: 256  Num correct: 164  Precision @ 1: 0.6406  AUC @ 1: 0.7279
Test Data Eval:
  Num examples: 384  Num correct: 247  Precision @ 1: 0.6432  AUC @ 1: 0.7600
Step 2800: loss = 0.7284 (0.020 sec)
Training Data Eval:
  Num examples: 3456  Num correct: 2179  Precision @ 1: 0.6305  AUC @ 1: 0.7385
Validation Data Eval:
  Num examples: 256  Num correct: 164  Precision @ 1: 0.6406  AUC @ 1: 0.7385
Test Data Eval:
  Num examples: 384  Num correct: 236  Precision @ 1: 0.6146  AUC @ 1: 0.7632
Step 3000: loss = 0.7816 (0.020 sec)
Training Data Eval:
  Num examples: 3456  Num correct: 2244  Precision @ 1: 0.6493  AUC @ 1: 0.7421
Validation Data Eval:
  Num examples: 256  Num correct: 166  Precision @ 1: 0.6484  AUC @ 1: 0.7438
Test Data Eval:
  Num examples: 384  Num correct: 232  Precision @ 1: 0.6042  AUC @ 1: 0.7585
Step 3200: loss = 0.7550 (0.020 sec)
Training Data Eval:
  Num examples: 3456  Num correct: 2279  Precision @ 1: 0.6594  AUC @ 1: 0.7517
Validation Data Eval:
  Num examples: 256  Num correct: 169  Precision @ 1: 0.6602  AUC @ 1: 0.7496
Test Data Eval:
  Num examples: 384  Num correct: 225  Precision @ 1: 0.5859  AUC @ 1: 0.7527
Step 3400: loss = 0.7434 (0.021 sec)
Training Data Eval:
  Num examples: 3456  Num correct: 2371  Precision @ 1: 0.6861  AUC @ 1: 0.7608
Validation Data Eval:
  Num examples: 256  Num correct: 175  Precision @ 1: 0.6836  AUC @ 1: 0.7517
Test Data Eval:
  Num examples: 384  Num correct: 223  Precision @ 1: 0.5807  AUC @ 1: 0.7476
Step 3600: loss = 0.7108 (0.021 sec)
Training Data Eval:
  Num examples: 3456  Num correct: 2329  Precision @ 1: 0.6739  AUC @ 1: 0.7505
Validation Data Eval:
  Num examples: 256  Num correct: 175  Precision @ 1: 0.6836  AUC @ 1: 0.7543
Test Data Eval:
  Num examples: 384  Num correct: 216  Precision @ 1: 0.5625  AUC @ 1: 0.7432
Step 3800: loss = 0.7312 (0.020 sec)
Training Data Eval:
  Num examples: 3456  Num correct: 2400  Precision @ 1: 0.6944  AUC @ 1: 0.7678
Validation Data Eval:
  Num examples: 256  Num correct: 176  Precision @ 1: 0.6875  AUC @ 1: 0.7570
Test Data Eval:
  Num examples: 384  Num correct: 211  Precision @ 1: 0.5495  AUC @ 1: 0.7614
Step 4000: loss = 0.6952 (0.020 sec)
Training Data Eval:
  Num examples: 3456  Num correct: 2437  Precision @ 1: 0.7052  AUC @ 1: 0.7710
Validation Data Eval:
  Num examples: 256  Num correct: 176  Precision @ 1: 0.6875  AUC @ 1: 0.7587
Test Data Eval:
  Num examples: 384  Num correct: 204  Precision @ 1: 0.5312  AUC @ 1: 0.7248
Step 4200: loss = 0.7146 (0.020 sec)
Training Data Eval:
  Num examples: 3456  Num correct: 2465  Precision @ 1: 0.7133  AUC @ 1: 0.7773
Validation Data Eval:
  Num examples: 256  Num correct: 177  Precision @ 1: 0.6914  AUC @ 1: 0.7611
Test Data Eval:
  Num examples: 384  Num correct: 212  Precision @ 1: 0.5521  AUC @ 1: 0.7389
Step 4400: loss = 0.7798 (0.021 sec)
Training Data Eval:
  Num examples: 3456  Num correct: 2457  Precision @ 1: 0.7109  AUC @ 1: 0.7763
Validation Data Eval:
  Num examples: 256  Num correct: 177  Precision @ 1: 0.6914  AUC @ 1: 0.7626
Test Data Eval:
  Num examples: 384  Num correct: 219  Precision @ 1: 0.5703  AUC @ 1: 0.7497
Step 4600: loss = 0.7159 (0.021 sec)
Training Data Eval:
  Num examples: 3456  Num correct: 2476  Precision @ 1: 0.7164  AUC @ 1: 0.7847
Validation Data Eval:
  Num examples: 256  Num correct: 177  Precision @ 1: 0.6914  AUC @ 1: 0.7633
Test Data Eval:
  Num examples: 384  Num correct: 198  Precision @ 1: 0.5156  AUC @ 1: 0.7371
Step 4800: loss = 0.6856 (0.020 sec)
Training Data Eval:
  Num examples: 3456  Num correct: 2501  Precision @ 1: 0.7237  AUC @ 1: 0.7972
Validation Data Eval:
  Num examples: 256  Num correct: 179  Precision @ 1: 0.6992  AUC @ 1: 0.7635
Test Data Eval:
  Num examples: 384  Num correct: 207  Precision @ 1: 0.5391  AUC @ 1: 0.7268
Step 5000: loss = 0.7737 (0.020 sec)
Training Data Eval:
  Num examples: 3456  Num correct: 2477  Precision @ 1: 0.7167  AUC @ 1: 0.7906
Validation Data Eval:
  Num examples: 256  Num correct: 178  Precision @ 1: 0.6953  AUC @ 1: 0.7672
Test Data Eval:
  Num examples: 384  Num correct: 212  Precision @ 1: 0.5521  AUC @ 1: 0.7205
Step 5200: loss = 0.6461 (0.020 sec)
Training Data Eval:
  Num examples: 3456  Num correct: 2509  Precision @ 1: 0.7260  AUC @ 1: 0.7997
Validation Data Eval:
  Num examples: 256  Num correct: 180  Precision @ 1: 0.7031  AUC @ 1: 0.7687
Test Data Eval:
  Num examples: 384  Num correct: 215  Precision @ 1: 0.5599  AUC @ 1: 0.7303
Step 5400: loss = 0.6841 (0.058 sec)
Training Data Eval:
  Num examples: 3456  Num correct: 2508  Precision @ 1: 0.7257  AUC @ 1: 0.8014
Validation Data Eval:
  Num examples: 256  Num correct: 180  Precision @ 1: 0.7031  AUC @ 1: 0.7730
Test Data Eval:
  Num examples: 384  Num correct: 211  Precision @ 1: 0.5495  AUC @ 1: 0.7194
Step 5600: loss = 0.6897 (0.020 sec)
Training Data Eval:
  Num examples: 3456  Num correct: 2538  Precision @ 1: 0.7344  AUC @ 1: 0.8123
Validation Data Eval:
  Num examples: 256  Num correct: 181  Precision @ 1: 0.7070  AUC @ 1: 0.7735
Test Data Eval:
  Num examples: 384  Num correct: 206  Precision @ 1: 0.5365  AUC @ 1: 0.7130
Step 5800: loss = 0.6453 (0.020 sec)
Training Data Eval:
  Num examples: 3456  Num correct: 2509  Precision @ 1: 0.7260  AUC @ 1: 0.8104
Validation Data Eval:
  Num examples: 256  Num correct: 179  Precision @ 1: 0.6992  AUC @ 1: 0.7741
Test Data Eval:
  Num examples: 384  Num correct: 213  Precision @ 1: 0.5547  AUC @ 1: 0.7348
Step 6000: loss = 0.7158 (0.020 sec)
Training Data Eval:
  Num examples: 3456  Num correct: 2522  Precision @ 1: 0.7297  AUC @ 1: 0.8103
Validation Data Eval:
  Num examples: 256  Num correct: 182  Precision @ 1: 0.7109  AUC @ 1: 0.7796
Test Data Eval:
  Num examples: 384  Num correct: 215  Precision @ 1: 0.5599  AUC @ 1: 0.7328
Step 6200: loss = 0.6120 (0.020 sec)
Training Data Eval:
  Num examples: 3456  Num correct: 2546  Precision @ 1: 0.7367  AUC @ 1: 0.8210
Validation Data Eval:
  Num examples: 256  Num correct: 181  Precision @ 1: 0.7070  AUC @ 1: 0.7815
Test Data Eval:
  Num examples: 384  Num correct: 212  Precision @ 1: 0.5521  AUC @ 1: 0.7158
Step 6400: loss = 0.6676 (0.020 sec)
Training Data Eval:
  Num examples: 3456  Num correct: 2564  Precision @ 1: 0.7419  AUC @ 1: 0.8276
Validation Data Eval:
  Num examples: 256  Num correct: 180  Precision @ 1: 0.7031  AUC @ 1: 0.7836
Test Data Eval:
  Num examples: 384  Num correct: 217  Precision @ 1: 0.5651  AUC @ 1: 0.7041
Step 6600: loss = 0.6696 (0.020 sec)
Training Data Eval:
  Num examples: 3456  Num correct: 2572  Precision @ 1: 0.7442  AUC @ 1: 0.8279
Validation Data Eval:
  Num examples: 256  Num correct: 182  Precision @ 1: 0.7109  AUC @ 1: 0.7858
Test Data Eval:
  Num examples: 384  Num correct: 196  Precision @ 1: 0.5104  AUC @ 1: 0.6983
Step 6800: loss = 0.6363 (0.020 sec)
Training Data Eval:
  Num examples: 3456  Num correct: 2577  Precision @ 1: 0.7457  AUC @ 1: 0.8284
Validation Data Eval:
  Num examples: 256  Num correct: 182  Precision @ 1: 0.7109  AUC @ 1: 0.7886
Test Data Eval:
  Num examples: 384  Num correct: 210  Precision @ 1: 0.5469  AUC @ 1: 0.7322
Step 7000: loss = 0.7170 (0.021 sec)
Training Data Eval:
  Num examples: 3456  Num correct: 2583  Precision @ 1: 0.7474  AUC @ 1: 0.8283
Validation Data Eval:
  Num examples: 256  Num correct: 182  Precision @ 1: 0.7109  AUC @ 1: 0.7910
Test Data Eval:
  Num examples: 384  Num correct: 216  Precision @ 1: 0.5625  AUC @ 1: 0.7307
Step 7200: loss = 0.6212 (0.020 sec)
Training Data Eval:
  Num examples: 3456  Num correct: 2609  Precision @ 1: 0.7549  AUC @ 1: 0.8366
Validation Data Eval:
  Num examples: 256  Num correct: 180  Precision @ 1: 0.7031  AUC @ 1: 0.7952
Test Data Eval:
  Num examples: 384  Num correct: 211  Precision @ 1: 0.5495  AUC @ 1: 0.6986
Step 7400: loss = 0.6576 (0.021 sec)
Training Data Eval:
  Num examples: 3456  Num correct: 2624  Precision @ 1: 0.7593  AUC @ 1: 0.8405
Validation Data Eval:
  Num examples: 256  Num correct: 178  Precision @ 1: 0.6953  AUC @ 1: 0.7987
Test Data Eval:
  Num examples: 384  Num correct: 216  Precision @ 1: 0.5625  AUC @ 1: 0.7147
Step 7600: loss = 0.6073 (0.020 sec)
Training Data Eval:
  Num examples: 3456  Num correct: 2635  Precision @ 1: 0.7624  AUC @ 1: 0.8473
Validation Data Eval:
  Num examples: 256  Num correct: 183  Precision @ 1: 0.7148  AUC @ 1: 0.7982
Test Data Eval:
  Num examples: 384  Num correct: 209  Precision @ 1: 0.5443  AUC @ 1: 0.7179
Step 7800: loss = 0.6875 (0.020 sec)
Training Data Eval:
  Num examples: 3456  Num correct: 2641  Precision @ 1: 0.7642  AUC @ 1: 0.8460
Validation Data Eval:
  Num examples: 256  Num correct: 179  Precision @ 1: 0.6992  AUC @ 1: 0.8036
Test Data Eval:
  Num examples: 384  Num correct: 222  Precision @ 1: 0.5781  AUC @ 1: 0.7587
Step 8000: loss = 0.6952 (0.020 sec)
Training Data Eval:
  Num examples: 3456  Num correct: 2648  Precision @ 1: 0.7662  AUC @ 1: 0.8529
Validation Data Eval:
  Num examples: 256  Num correct: 180  Precision @ 1: 0.7031  AUC @ 1: 0.8028
Test Data Eval:
  Num examples: 384  Num correct: 211  Precision @ 1: 0.5495  AUC @ 1: 0.7034
Step 8200: loss = 0.6615 (0.020 sec)
Training Data Eval:
  Num examples: 3456  Num correct: 2652  Precision @ 1: 0.7674  AUC @ 1: 0.8553
Validation Data Eval:
  Num examples: 256  Num correct: 181  Precision @ 1: 0.7070  AUC @ 1: 0.8055
Test Data Eval:
  Num examples: 384  Num correct: 215  Precision @ 1: 0.5599  AUC @ 1: 0.7305
Step 8400: loss = 0.5859 (0.020 sec)
Training Data Eval:
  Num examples: 3456  Num correct: 2654  Precision @ 1: 0.7679  AUC @ 1: 0.8532
Validation Data Eval:
  Num examples: 256  Num correct: 180  Precision @ 1: 0.7031  AUC @ 1: 0.8084
Test Data Eval:
  Num examples: 384  Num correct: 219  Precision @ 1: 0.5703  AUC @ 1: 0.7119
Step 8600: loss = 0.6409 (0.020 sec)
Training Data Eval:
  Num examples: 3456  Num correct: 2683  Precision @ 1: 0.7763  AUC @ 1: 0.8603
Validation Data Eval:
  Num examples: 256  Num correct: 180  Precision @ 1: 0.7031  AUC @ 1: 0.8104
Test Data Eval:
  Num examples: 384  Num correct: 222  Precision @ 1: 0.5781  AUC @ 1: 0.7132
Step 8800: loss = 0.6179 (0.021 sec)
Training Data Eval:
  Num examples: 3456  Num correct: 2669  Precision @ 1: 0.7723  AUC @ 1: 0.8619
Validation Data Eval:
  Num examples: 256  Num correct: 183  Precision @ 1: 0.7148  AUC @ 1: 0.8104
Test Data Eval:
  Num examples: 384  Num correct: 220  Precision @ 1: 0.5729  AUC @ 1: 0.7044
Step 9000: loss = 0.6249 (0.021 sec)
Training Data Eval:
  Num examples: 3456  Num correct: 2686  Precision @ 1: 0.7772  AUC @ 1: 0.8628
Validation Data Eval:
  Num examples: 256  Num correct: 183  Precision @ 1: 0.7148  AUC @ 1: 0.8137
Test Data Eval:
  Num examples: 384  Num correct: 225  Precision @ 1: 0.5859  AUC @ 1: 0.7128
Step 9200: loss = 0.5997 (0.020 sec)
Training Data Eval:
  Num examples: 3456  Num correct: 2719  Precision @ 1: 0.7867  AUC @ 1: 0.8710
Validation Data Eval:
  Num examples: 256  Num correct: 191  Precision @ 1: 0.7461  AUC @ 1: 0.8166
Test Data Eval:
  Num examples: 384  Num correct: 212  Precision @ 1: 0.5521  AUC @ 1: 0.6972
Step 9400: loss = 0.5925 (0.020 sec)
Training Data Eval:
  Num examples: 3456  Num correct: 2701  Precision @ 1: 0.7815  AUC @ 1: 0.8758
Validation Data Eval:
  Num examples: 256  Num correct: 187  Precision @ 1: 0.7305  AUC @ 1: 0.8201
Test Data Eval:
  Num examples: 384  Num correct: 222  Precision @ 1: 0.5781  AUC @ 1: 0.7306
Step 9600: loss = 0.6041 (0.020 sec)
Training Data Eval:
  Num examples: 3456  Num correct: 2742  Precision @ 1: 0.7934  AUC @ 1: 0.8752
Validation Data Eval:
  Num examples: 256  Num correct: 193  Precision @ 1: 0.7539  AUC @ 1: 0.8203
Test Data Eval:
  Num examples: 384  Num correct: 233  Precision @ 1: 0.6068  AUC @ 1: 0.7463
Step 9800: loss = 0.6222 (0.021 sec)
Training Data Eval:
  Num examples: 3456  Num correct: 2746  Precision @ 1: 0.7946  AUC @ 1: 0.8790
Validation Data Eval:
  Num examples: 256  Num correct: 193  Precision @ 1: 0.7539  AUC @ 1: 0.8240
Test Data Eval:
  Num examples: 384  Num correct: 219  Precision @ 1: 0.5703  AUC @ 1: 0.7216
