Training data shape: 	(3825, 30, 64, 1)
Training label shape:	(3825,)
Testing data shape:  	(510, 30, 64, 1)
Testing label shape: 	(510,)
max input value is: 14.3839135638
min input value is: -10.9262291682
random permuted training data
==============================================================================
Model: 			inference_stcnn
Tensor Name: 	Placeholder:0
[128, 30, 64, 1]
==============================================================================
Tensor Name: conv0/conv0:0
[128, 1, 60, 4]
==============================================================================
Tensor Name: MaxPool:0
[128, 1, 30, 4]
==============================================================================
Tensor Name: conv1/conv1:0
[128, 1, 26, 8]
==============================================================================
Tensor Name: MaxPool_1:0
[128, 1, 13, 8]
==============================================================================
Tensor Name: local1/local1:0
[128, 128]
==============================================================================
Tensor Name: local2/local2:0
[128, 128]
==============================================================================
Tensor Name: softmax_linear/softmax_linear:0
[128, 2]
Step 0: loss = 0.7652 (0.032 sec)
Training Data Eval:
  Num examples: 3456  Num correct: 2009  Precision @ 1: 0.5813  AUC @ 1: 0.4595
Validation Data Eval:
  Num examples: 256  Num correct: 139  Precision @ 1: 0.5430  AUC @ 1: 0.4057
Test Data Eval:
  Num examples: 384  Num correct: 162  Precision @ 1: 0.4219  AUC @ 1: 0.4196
Step 200: loss = 0.7730 (0.015 sec)
Training Data Eval:
  Num examples: 3456  Num correct: 1930  Precision @ 1: 0.5584  AUC @ 1: 0.4585
Validation Data Eval:
  Num examples: 256  Num correct: 139  Precision @ 1: 0.5430  AUC @ 1: 0.4146
Test Data Eval:
  Num examples: 384  Num correct: 223  Precision @ 1: 0.5807  AUC @ 1: 0.4881
Step 400: loss = 0.7331 (0.015 sec)
Training Data Eval:
  Num examples: 3456  Num correct: 1982  Precision @ 1: 0.5735  AUC @ 1: 0.4819
Validation Data Eval:
  Num examples: 256  Num correct: 139  Precision @ 1: 0.5430  AUC @ 1: 0.4181
Test Data Eval:
  Num examples: 384  Num correct: 224  Precision @ 1: 0.5833  AUC @ 1: 0.5052
Step 600: loss = 0.7262 (0.015 sec)
Training Data Eval:
  Num examples: 3456  Num correct: 1968  Precision @ 1: 0.5694  AUC @ 1: 0.4810
Validation Data Eval:
  Num examples: 256  Num correct: 139  Precision @ 1: 0.5430  AUC @ 1: 0.4241
Test Data Eval:
  Num examples: 384  Num correct: 216  Precision @ 1: 0.5625  AUC @ 1: 0.5034
Step 800: loss = 0.7573 (0.015 sec)
Training Data Eval:
  Num examples: 3456  Num correct: 1968  Precision @ 1: 0.5694  AUC @ 1: 0.4828
Validation Data Eval:
  Num examples: 256  Num correct: 139  Precision @ 1: 0.5430  AUC @ 1: 0.4369
Test Data Eval:
  Num examples: 384  Num correct: 217  Precision @ 1: 0.5651  AUC @ 1: 0.4839
Step 1000: loss = 0.7396 (0.014 sec)
Training Data Eval:
  Num examples: 3456  Num correct: 1926  Precision @ 1: 0.5573  AUC @ 1: 0.4869
Validation Data Eval:
  Num examples: 256  Num correct: 139  Precision @ 1: 0.5430  AUC @ 1: 0.4494
Test Data Eval:
  Num examples: 384  Num correct: 214  Precision @ 1: 0.5573  AUC @ 1: 0.4868
Step 1200: loss = 0.7649 (0.015 sec)
Training Data Eval:
  Num examples: 3456  Num correct: 1961  Precision @ 1: 0.5674  AUC @ 1: 0.4874
Validation Data Eval:
  Num examples: 256  Num correct: 139  Precision @ 1: 0.5430  AUC @ 1: 0.4569
Test Data Eval:
  Num examples: 384  Num correct: 217  Precision @ 1: 0.5651  AUC @ 1: 0.4967
Step 1400: loss = 0.7642 (0.014 sec)
Training Data Eval:
  Num examples: 3456  Num correct: 1969  Precision @ 1: 0.5697  AUC @ 1: 0.5048
Validation Data Eval:
  Num examples: 256  Num correct: 139  Precision @ 1: 0.5430  AUC @ 1: 0.4680
Test Data Eval:
  Num examples: 384  Num correct: 217  Precision @ 1: 0.5651  AUC @ 1: 0.5525
Step 1600: loss = 0.7609 (0.015 sec)
Training Data Eval:
  Num examples: 3456  Num correct: 1970  Precision @ 1: 0.5700  AUC @ 1: 0.4970
Validation Data Eval:
  Num examples: 256  Num correct: 139  Precision @ 1: 0.5430  AUC @ 1: 0.4782
Test Data Eval:
  Num examples: 384  Num correct: 229  Precision @ 1: 0.5964  AUC @ 1: 0.5451
Step 1800: loss = 0.7439 (0.014 sec)
Training Data Eval:
  Num examples: 3456  Num correct: 1956  Precision @ 1: 0.5660  AUC @ 1: 0.5166
Validation Data Eval:
  Num examples: 256  Num correct: 139  Precision @ 1: 0.5430  AUC @ 1: 0.4882
Test Data Eval:
  Num examples: 384  Num correct: 218  Precision @ 1: 0.5677  AUC @ 1: 0.5100
Step 2000: loss = 0.7410 (0.015 sec)
Training Data Eval:
  Num examples: 3456  Num correct: 1970  Precision @ 1: 0.5700  AUC @ 1: 0.5138
Validation Data Eval:
  Num examples: 256  Num correct: 139  Precision @ 1: 0.5430  AUC @ 1: 0.4953
Test Data Eval:
  Num examples: 384  Num correct: 214  Precision @ 1: 0.5573  AUC @ 1: 0.5164
Step 2200: loss = 0.7299 (0.015 sec)
Training Data Eval:
  Num examples: 3456  Num correct: 1954  Precision @ 1: 0.5654  AUC @ 1: 0.5201
Validation Data Eval:
  Num examples: 256  Num correct: 139  Precision @ 1: 0.5430  AUC @ 1: 0.5054
Test Data Eval:
  Num examples: 384  Num correct: 216  Precision @ 1: 0.5625  AUC @ 1: 0.5238
Step 2400: loss = 0.7393 (0.015 sec)
Training Data Eval:
  Num examples: 3456  Num correct: 1957  Precision @ 1: 0.5663  AUC @ 1: 0.5390
Validation Data Eval:
  Num examples: 256  Num correct: 139  Precision @ 1: 0.5430  AUC @ 1: 0.5139
Test Data Eval:
  Num examples: 384  Num correct: 216  Precision @ 1: 0.5625  AUC @ 1: 0.5280
Step 2600: loss = 0.7494 (0.014 sec)
Training Data Eval:
  Num examples: 3456  Num correct: 1959  Precision @ 1: 0.5668  AUC @ 1: 0.5500
Validation Data Eval:
  Num examples: 256  Num correct: 139  Precision @ 1: 0.5430  AUC @ 1: 0.5183
Test Data Eval:
  Num examples: 384  Num correct: 203  Precision @ 1: 0.5286  AUC @ 1: 0.5112
Step 2800: loss = 0.7516 (0.015 sec)
Training Data Eval:
  Num examples: 3456  Num correct: 1976  Precision @ 1: 0.5718  AUC @ 1: 0.5392
Validation Data Eval:
  Num examples: 256  Num correct: 139  Precision @ 1: 0.5430  AUC @ 1: 0.5201
Test Data Eval:
  Num examples: 384  Num correct: 219  Precision @ 1: 0.5703  AUC @ 1: 0.5190
Step 3000: loss = 0.7738 (0.015 sec)
Training Data Eval:
  Num examples: 3456  Num correct: 1967  Precision @ 1: 0.5692  AUC @ 1: 0.5492
Validation Data Eval:
  Num examples: 256  Num correct: 139  Precision @ 1: 0.5430  AUC @ 1: 0.5238
Test Data Eval:
  Num examples: 384  Num correct: 208  Precision @ 1: 0.5417  AUC @ 1: 0.5269
Step 3200: loss = 0.7416 (0.016 sec)
Training Data Eval:
  Num examples: 3456  Num correct: 1957  Precision @ 1: 0.5663  AUC @ 1: 0.5460
Validation Data Eval:
  Num examples: 256  Num correct: 139  Precision @ 1: 0.5430  AUC @ 1: 0.5288
Test Data Eval:
  Num examples: 384  Num correct: 221  Precision @ 1: 0.5755  AUC @ 1: 0.5413
Step 3400: loss = 0.7606 (0.014 sec)
Training Data Eval:
  Num examples: 3456  Num correct: 1937  Precision @ 1: 0.5605  AUC @ 1: 0.5342
Validation Data Eval:
  Num examples: 256  Num correct: 139  Precision @ 1: 0.5430  AUC @ 1: 0.5316
Test Data Eval:
  Num examples: 384  Num correct: 211  Precision @ 1: 0.5495  AUC @ 1: 0.5256
Step 3600: loss = 0.7366 (0.015 sec)
Training Data Eval:
  Num examples: 3456  Num correct: 1984  Precision @ 1: 0.5741  AUC @ 1: 0.5450
Validation Data Eval:
  Num examples: 256  Num correct: 139  Precision @ 1: 0.5430  AUC @ 1: 0.5354
Test Data Eval:
  Num examples: 384  Num correct: 217  Precision @ 1: 0.5651  AUC @ 1: 0.5143
Step 3800: loss = 0.7155 (0.014 sec)
Training Data Eval:
  Num examples: 3456  Num correct: 1949  Precision @ 1: 0.5639  AUC @ 1: 0.5544
Validation Data Eval:
  Num examples: 256  Num correct: 139  Precision @ 1: 0.5430  AUC @ 1: 0.5352
Test Data Eval:
  Num examples: 384  Num correct: 221  Precision @ 1: 0.5755  AUC @ 1: 0.5520
Step 4000: loss = 0.7360 (0.014 sec)
Training Data Eval:
  Num examples: 3456  Num correct: 1963  Precision @ 1: 0.5680  AUC @ 1: 0.5546
Validation Data Eval:
  Num examples: 256  Num correct: 139  Precision @ 1: 0.5430  AUC @ 1: 0.5368
Test Data Eval:
  Num examples: 384  Num correct: 215  Precision @ 1: 0.5599  AUC @ 1: 0.5490
Step 4200: loss = 0.7374 (0.015 sec)
Training Data Eval:
  Num examples: 3456  Num correct: 1948  Precision @ 1: 0.5637  AUC @ 1: 0.5642
Validation Data Eval:
  Num examples: 256  Num correct: 139  Precision @ 1: 0.5430  AUC @ 1: 0.5424
Test Data Eval:
  Num examples: 384  Num correct: 224  Precision @ 1: 0.5833  AUC @ 1: 0.5812
Step 4400: loss = 0.7287 (0.015 sec)
Training Data Eval:
  Num examples: 3456  Num correct: 1983  Precision @ 1: 0.5738  AUC @ 1: 0.5611
Validation Data Eval:
  Num examples: 256  Num correct: 139  Precision @ 1: 0.5430  AUC @ 1: 0.5463
Test Data Eval:
  Num examples: 384  Num correct: 220  Precision @ 1: 0.5729  AUC @ 1: 0.5518
Step 4600: loss = 0.7348 (0.015 sec)
Training Data Eval:
  Num examples: 3456  Num correct: 1966  Precision @ 1: 0.5689  AUC @ 1: 0.5595
Validation Data Eval:
  Num examples: 256  Num correct: 139  Precision @ 1: 0.5430  AUC @ 1: 0.5527
Test Data Eval:
  Num examples: 384  Num correct: 220  Precision @ 1: 0.5729  AUC @ 1: 0.5518
Step 4800: loss = 0.7422 (0.015 sec)
Training Data Eval:
  Num examples: 3456  Num correct: 1963  Precision @ 1: 0.5680  AUC @ 1: 0.5723
Validation Data Eval:
  Num examples: 256  Num correct: 139  Precision @ 1: 0.5430  AUC @ 1: 0.5558
Test Data Eval:
  Num examples: 384  Num correct: 216  Precision @ 1: 0.5625  AUC @ 1: 0.5856
Step 5000: loss = 0.7500 (0.014 sec)
Training Data Eval:
  Num examples: 3456  Num correct: 1948  Precision @ 1: 0.5637  AUC @ 1: 0.5623
Validation Data Eval:
  Num examples: 256  Num correct: 139  Precision @ 1: 0.5430  AUC @ 1: 0.5572
Test Data Eval:
  Num examples: 384  Num correct: 223  Precision @ 1: 0.5807  AUC @ 1: 0.5936
Step 5200: loss = 0.7374 (0.015 sec)
Training Data Eval:
  Num examples: 3456  Num correct: 1957  Precision @ 1: 0.5663  AUC @ 1: 0.5698
Validation Data Eval:
  Num examples: 256  Num correct: 139  Precision @ 1: 0.5430  AUC @ 1: 0.5597
Test Data Eval:
  Num examples: 384  Num correct: 217  Precision @ 1: 0.5651  AUC @ 1: 0.6040
Step 5400: loss = 0.7384 (0.050 sec)
Training Data Eval:
  Num examples: 3456  Num correct: 1957  Precision @ 1: 0.5663  AUC @ 1: 0.5570
Validation Data Eval:
  Num examples: 256  Num correct: 139  Precision @ 1: 0.5430  AUC @ 1: 0.5616
Test Data Eval:
  Num examples: 384  Num correct: 222  Precision @ 1: 0.5781  AUC @ 1: 0.5956
Step 5600: loss = 0.7324 (0.014 sec)
Training Data Eval:
  Num examples: 3456  Num correct: 1978  Precision @ 1: 0.5723  AUC @ 1: 0.5757
Validation Data Eval:
  Num examples: 256  Num correct: 139  Precision @ 1: 0.5430  AUC @ 1: 0.5616
Test Data Eval:
  Num examples: 384  Num correct: 213  Precision @ 1: 0.5547  AUC @ 1: 0.5739
Step 5800: loss = 0.7442 (0.014 sec)
Training Data Eval:
  Num examples: 3456  Num correct: 1986  Precision @ 1: 0.5747  AUC @ 1: 0.5752
Validation Data Eval:
  Num examples: 256  Num correct: 139  Precision @ 1: 0.5430  AUC @ 1: 0.5623
Test Data Eval:
  Num examples: 384  Num correct: 218  Precision @ 1: 0.5677  AUC @ 1: 0.5669
Step 6000: loss = 0.7396 (0.015 sec)
Training Data Eval:
  Num examples: 3456  Num correct: 1971  Precision @ 1: 0.5703  AUC @ 1: 0.5729
Validation Data Eval:
  Num examples: 256  Num correct: 139  Precision @ 1: 0.5430  AUC @ 1: 0.5623
Test Data Eval:
  Num examples: 384  Num correct: 217  Precision @ 1: 0.5651  AUC @ 1: 0.5555
Step 6200: loss = 0.7497 (0.015 sec)
Training Data Eval:
  Num examples: 3456  Num correct: 1951  Precision @ 1: 0.5645  AUC @ 1: 0.5804
Validation Data Eval:
  Num examples: 256  Num correct: 139  Precision @ 1: 0.5430  AUC @ 1: 0.5672
Test Data Eval:
  Num examples: 384  Num correct: 210  Precision @ 1: 0.5469  AUC @ 1: 0.5858
Step 6400: loss = 0.7154 (0.017 sec)
Training Data Eval:
  Num examples: 3456  Num correct: 1943  Precision @ 1: 0.5622  AUC @ 1: 0.5807
Validation Data Eval:
  Num examples: 256  Num correct: 139  Precision @ 1: 0.5430  AUC @ 1: 0.5679
Test Data Eval:
  Num examples: 384  Num correct: 217  Precision @ 1: 0.5651  AUC @ 1: 0.5747
Step 6600: loss = 0.7571 (0.014 sec)
Training Data Eval:
  Num examples: 3456  Num correct: 1985  Precision @ 1: 0.5744  AUC @ 1: 0.5918
Validation Data Eval:
  Num examples: 256  Num correct: 139  Precision @ 1: 0.5430  AUC @ 1: 0.5694
Test Data Eval:
  Num examples: 384  Num correct: 216  Precision @ 1: 0.5625  AUC @ 1: 0.5903
Step 6800: loss = 0.7444 (0.016 sec)
Training Data Eval:
  Num examples: 3456  Num correct: 1965  Precision @ 1: 0.5686  AUC @ 1: 0.5849
Validation Data Eval:
  Num examples: 256  Num correct: 139  Precision @ 1: 0.5430  AUC @ 1: 0.5693
Test Data Eval:
  Num examples: 384  Num correct: 214  Precision @ 1: 0.5573  AUC @ 1: 0.5798
Step 7000: loss = 0.7275 (0.014 sec)
Training Data Eval:
  Num examples: 3456  Num correct: 1985  Precision @ 1: 0.5744  AUC @ 1: 0.5847
Validation Data Eval:
  Num examples: 256  Num correct: 139  Precision @ 1: 0.5430  AUC @ 1: 0.5715
Test Data Eval:
  Num examples: 384  Num correct: 223  Precision @ 1: 0.5807  AUC @ 1: 0.5585
Step 7200: loss = 0.7586 (0.014 sec)
Training Data Eval:
  Num examples: 3456  Num correct: 1957  Precision @ 1: 0.5663  AUC @ 1: 0.5896
Validation Data Eval:
  Num examples: 256  Num correct: 139  Precision @ 1: 0.5430  AUC @ 1: 0.5736
Test Data Eval:
  Num examples: 384  Num correct: 210  Precision @ 1: 0.5469  AUC @ 1: 0.5791
Step 7400: loss = 0.7475 (0.015 sec)
Training Data Eval:
  Num examples: 3456  Num correct: 1979  Precision @ 1: 0.5726  AUC @ 1: 0.5883
Validation Data Eval:
  Num examples: 256  Num correct: 139  Precision @ 1: 0.5430  AUC @ 1: 0.5750
Test Data Eval:
  Num examples: 384  Num correct: 221  Precision @ 1: 0.5755  AUC @ 1: 0.5891
Step 7600: loss = 0.7511 (0.015 sec)
Training Data Eval:
  Num examples: 3456  Num correct: 1962  Precision @ 1: 0.5677  AUC @ 1: 0.5908
Validation Data Eval:
  Num examples: 256  Num correct: 139  Precision @ 1: 0.5430  AUC @ 1: 0.5750
Test Data Eval:
  Num examples: 384  Num correct: 223  Precision @ 1: 0.5807  AUC @ 1: 0.5929
Step 7800: loss = 0.7510 (0.015 sec)
Training Data Eval:
  Num examples: 3456  Num correct: 1955  Precision @ 1: 0.5657  AUC @ 1: 0.5818
Validation Data Eval:
  Num examples: 256  Num correct: 139  Precision @ 1: 0.5430  AUC @ 1: 0.5759
Test Data Eval:
  Num examples: 384  Num correct: 220  Precision @ 1: 0.5729  AUC @ 1: 0.5988
Step 8000: loss = 0.7299 (0.014 sec)
Training Data Eval:
  Num examples: 3456  Num correct: 1931  Precision @ 1: 0.5587  AUC @ 1: 0.5927
Validation Data Eval:
  Num examples: 256  Num correct: 139  Precision @ 1: 0.5430  AUC @ 1: 0.5772
Test Data Eval:
  Num examples: 384  Num correct: 221  Precision @ 1: 0.5755  AUC @ 1: 0.5960
Step 8200: loss = 0.7372 (0.015 sec)
Training Data Eval:
  Num examples: 3456  Num correct: 1959  Precision @ 1: 0.5668  AUC @ 1: 0.5924
Validation Data Eval:
  Num examples: 256  Num correct: 139  Precision @ 1: 0.5430  AUC @ 1: 0.5766
Test Data Eval:
  Num examples: 384  Num correct: 214  Precision @ 1: 0.5573  AUC @ 1: 0.5935
Step 8400: loss = 0.7418 (0.014 sec)
Training Data Eval:
  Num examples: 3456  Num correct: 1947  Precision @ 1: 0.5634  AUC @ 1: 0.5933
Validation Data Eval:
  Num examples: 256  Num correct: 139  Precision @ 1: 0.5430  AUC @ 1: 0.5785
Test Data Eval:
  Num examples: 384  Num correct: 215  Precision @ 1: 0.5599  AUC @ 1: 0.5926
Step 8600: loss = 0.7538 (0.015 sec)
Training Data Eval:
  Num examples: 3456  Num correct: 1995  Precision @ 1: 0.5773  AUC @ 1: 0.6032
Validation Data Eval:
  Num examples: 256  Num correct: 139  Precision @ 1: 0.5430  AUC @ 1: 0.5786
Test Data Eval:
  Num examples: 384  Num correct: 227  Precision @ 1: 0.5911  AUC @ 1: 0.5901
Step 8800: loss = 0.7556 (0.014 sec)
Training Data Eval:
  Num examples: 3456  Num correct: 1940  Precision @ 1: 0.5613  AUC @ 1: 0.5887
Validation Data Eval:
  Num examples: 256  Num correct: 139  Precision @ 1: 0.5430  AUC @ 1: 0.5786
Test Data Eval:
  Num examples: 384  Num correct: 221  Precision @ 1: 0.5755  AUC @ 1: 0.6038
Step 9000: loss = 0.7342 (0.016 sec)
Training Data Eval:
  Num examples: 3456  Num correct: 1925  Precision @ 1: 0.5570  AUC @ 1: 0.6060
Validation Data Eval:
  Num examples: 256  Num correct: 139  Precision @ 1: 0.5430  AUC @ 1: 0.5789
Test Data Eval:
  Num examples: 384  Num correct: 214  Precision @ 1: 0.5573  AUC @ 1: 0.5888
Step 9200: loss = 0.7427 (0.014 sec)
Training Data Eval:
  Num examples: 3456  Num correct: 1940  Precision @ 1: 0.5613  AUC @ 1: 0.6033
Validation Data Eval:
  Num examples: 256  Num correct: 139  Precision @ 1: 0.5430  AUC @ 1: 0.5786
Test Data Eval:
  Num examples: 384  Num correct: 215  Precision @ 1: 0.5599  AUC @ 1: 0.5944
Step 9400: loss = 0.7550 (0.015 sec)
Training Data Eval:
  Num examples: 3456  Num correct: 1955  Precision @ 1: 0.5657  AUC @ 1: 0.6067
Validation Data Eval:
  Num examples: 256  Num correct: 139  Precision @ 1: 0.5430  AUC @ 1: 0.5798
Test Data Eval:
  Num examples: 384  Num correct: 217  Precision @ 1: 0.5651  AUC @ 1: 0.6165
Step 9600: loss = 0.7357 (0.015 sec)
Training Data Eval:
  Num examples: 3456  Num correct: 1968  Precision @ 1: 0.5694  AUC @ 1: 0.6012
Validation Data Eval:
  Num examples: 256  Num correct: 139  Precision @ 1: 0.5430  AUC @ 1: 0.5806
Test Data Eval:
  Num examples: 384  Num correct: 212  Precision @ 1: 0.5521  AUC @ 1: 0.5884
Step 9800: loss = 0.7374 (0.015 sec)
Training Data Eval:
  Num examples: 3456  Num correct: 2001  Precision @ 1: 0.5790  AUC @ 1: 0.5890
Validation Data Eval:
  Num examples: 256  Num correct: 139  Precision @ 1: 0.5430  AUC @ 1: 0.5809
Test Data Eval:
  Num examples: 384  Num correct: 214  Precision @ 1: 0.5573  AUC @ 1: 0.6207
