Training data shape: 	(3822, 30, 64, 2)
Training label shape:	(3822,)
Testing data shape:  	(513, 30, 64, 2)
Testing label shape: 	(513,)
max input value is: 72.5247
min input value is: -75.9911
random permuted training data
==============================================================================
Model: 			inference_stcnn
Tensor Name: 	Placeholder:0
[128, 30, 64, 2]
==============================================================================
Tensor Name: conv0/conv0:0
[128, 1, 60, 16]
==============================================================================
Tensor Name: MaxPool:0
[128, 1, 30, 16]
==============================================================================
Tensor Name: local1/local1:0
[128, 128]
==============================================================================
Tensor Name: local2/local2:0
[128, 128]
==============================================================================
Tensor Name: softmax_linear/softmax_linear:0
[128, 2]
Step 0: loss = 0.8838 (0.037 sec)
Training Data Eval:
  Num examples: 3456  Num correct: 1948  Precision @ 1: 0.5637  AUC @ 1: 0.5588
Validation Data Eval:
  Num examples: 256  Num correct: 140  Precision @ 1: 0.5469  AUC @ 1: 0.5637
Test Data Eval:
  Num examples: 512  Num correct: 287  Precision @ 1: 0.5605  AUC @ 1: 0.9303
Step 200: loss = 0.8696 (0.022 sec)
Training Data Eval:
  Num examples: 3456  Num correct: 1957  Precision @ 1: 0.5663  AUC @ 1: 0.5592
Validation Data Eval:
  Num examples: 256  Num correct: 140  Precision @ 1: 0.5469  AUC @ 1: 0.5647
Test Data Eval:
  Num examples: 512  Num correct: 288  Precision @ 1: 0.5625  AUC @ 1: 0.9261
Step 400: loss = 0.8659 (0.025 sec)
Training Data Eval:
  Num examples: 3456  Num correct: 1981  Precision @ 1: 0.5732  AUC @ 1: 0.5512
Validation Data Eval:
  Num examples: 256  Num correct: 140  Precision @ 1: 0.5469  AUC @ 1: 0.5671
Test Data Eval:
  Num examples: 512  Num correct: 287  Precision @ 1: 0.5605  AUC @ 1: 0.9424
Step 600: loss = 0.8508 (0.024 sec)
Training Data Eval:
  Num examples: 3456  Num correct: 1989  Precision @ 1: 0.5755  AUC @ 1: 0.5755
Validation Data Eval:
  Num examples: 256  Num correct: 140  Precision @ 1: 0.5469  AUC @ 1: 0.5704
Test Data Eval:
  Num examples: 512  Num correct: 288  Precision @ 1: 0.5625  AUC @ 1: 0.9430
Step 800: loss = 0.8790 (0.026 sec)
Training Data Eval:
  Num examples: 3456  Num correct: 1954  Precision @ 1: 0.5654  AUC @ 1: 0.5877
Validation Data Eval:
  Num examples: 256  Num correct: 140  Precision @ 1: 0.5469  AUC @ 1: 0.5754
Test Data Eval:
  Num examples: 512  Num correct: 287  Precision @ 1: 0.5605  AUC @ 1: 0.9419
Step 1000: loss = 0.8657 (0.024 sec)
Training Data Eval:
  Num examples: 3456  Num correct: 2014  Precision @ 1: 0.5828  AUC @ 1: 0.6060
Validation Data Eval:
  Num examples: 256  Num correct: 140  Precision @ 1: 0.5469  AUC @ 1: 0.5744
Test Data Eval:
  Num examples: 512  Num correct: 287  Precision @ 1: 0.5605  AUC @ 1: 0.9371
Step 1200: loss = 0.8377 (0.024 sec)
Training Data Eval:
  Num examples: 3456  Num correct: 1956  Precision @ 1: 0.5660  AUC @ 1: 0.6160
Validation Data Eval:
  Num examples: 256  Num correct: 140  Precision @ 1: 0.5469  AUC @ 1: 0.5736
Test Data Eval:
  Num examples: 512  Num correct: 287  Precision @ 1: 0.5605  AUC @ 1: 0.9209
Step 1400: loss = 0.8486 (0.023 sec)
Training Data Eval:
  Num examples: 3456  Num correct: 2004  Precision @ 1: 0.5799  AUC @ 1: 0.6641
Validation Data Eval:
  Num examples: 256  Num correct: 141  Precision @ 1: 0.5508  AUC @ 1: 0.5655
Test Data Eval:
  Num examples: 512  Num correct: 285  Precision @ 1: 0.5566  AUC @ 1: 0.8678
Step 1600: loss = 0.8177 (0.025 sec)
Training Data Eval:
  Num examples: 3456  Num correct: 2078  Precision @ 1: 0.6013  AUC @ 1: 0.6883
Validation Data Eval:
  Num examples: 256  Num correct: 137  Precision @ 1: 0.5352  AUC @ 1: 0.5544
Test Data Eval:
  Num examples: 512  Num correct: 263  Precision @ 1: 0.5137  AUC @ 1: 0.8067
Step 1800: loss = 0.8009 (0.023 sec)
Training Data Eval:
  Num examples: 3456  Num correct: 2186  Precision @ 1: 0.6325  AUC @ 1: 0.7550
Validation Data Eval:
  Num examples: 256  Num correct: 137  Precision @ 1: 0.5352  AUC @ 1: 0.5750
Test Data Eval:
  Num examples: 512  Num correct: 254  Precision @ 1: 0.4961  AUC @ 1: 0.7442
Step 2000: loss = 0.8317 (0.023 sec)
Training Data Eval:
  Num examples: 3456  Num correct: 2357  Precision @ 1: 0.6820  AUC @ 1: 0.8058
Validation Data Eval:
  Num examples: 256  Num correct: 140  Precision @ 1: 0.5469  AUC @ 1: 0.5817
Test Data Eval:
  Num examples: 512  Num correct: 256  Precision @ 1: 0.5000  AUC @ 1: 0.6810
Step 2200: loss = 0.7573 (0.024 sec)
Training Data Eval:
  Num examples: 3456  Num correct: 2602  Precision @ 1: 0.7529  AUC @ 1: 0.8588
Validation Data Eval:
  Num examples: 256  Num correct: 140  Precision @ 1: 0.5469  AUC @ 1: 0.5797
Test Data Eval:
  Num examples: 512  Num correct: 232  Precision @ 1: 0.4531  AUC @ 1: 0.5949
Step 2400: loss = 0.7446 (0.022 sec)
Training Data Eval:
  Num examples: 3456  Num correct: 2676  Precision @ 1: 0.7743  AUC @ 1: 0.8709
Validation Data Eval:
  Num examples: 256  Num correct: 137  Precision @ 1: 0.5352  AUC @ 1: 0.5759
Test Data Eval:
  Num examples: 512  Num correct: 212  Precision @ 1: 0.4141  AUC @ 1: 0.5015
Step 2600: loss = 0.7127 (0.024 sec)
Training Data Eval:
  Num examples: 3456  Num correct: 2790  Precision @ 1: 0.8073  AUC @ 1: 0.9051
Validation Data Eval:
  Num examples: 256  Num correct: 141  Precision @ 1: 0.5508  AUC @ 1: 0.5948
Test Data Eval:
  Num examples: 512  Num correct: 228  Precision @ 1: 0.4453  AUC @ 1: 0.5654
Step 2800: loss = 0.6589 (0.024 sec)
Training Data Eval:
  Num examples: 3456  Num correct: 2857  Precision @ 1: 0.8267  AUC @ 1: 0.9269
Validation Data Eval:
  Num examples: 256  Num correct: 137  Precision @ 1: 0.5352  AUC @ 1: 0.5831
Test Data Eval:
  Num examples: 512  Num correct: 250  Precision @ 1: 0.4883  AUC @ 1: 0.6011
Step 3000: loss = 0.5693 (0.024 sec)
Training Data Eval:
  Num examples: 3456  Num correct: 2919  Precision @ 1: 0.8446  AUC @ 1: 0.9421
Validation Data Eval:
  Num examples: 256  Num correct: 138  Precision @ 1: 0.5391  AUC @ 1: 0.5893
Test Data Eval:
  Num examples: 512  Num correct: 255  Precision @ 1: 0.4980  AUC @ 1: 0.6417
Step 3200: loss = 0.5463 (0.024 sec)
Training Data Eval:
  Num examples: 3456  Num correct: 2925  Precision @ 1: 0.8464  AUC @ 1: 0.9385
Validation Data Eval:
  Num examples: 256  Num correct: 133  Precision @ 1: 0.5195  AUC @ 1: 0.5696
Test Data Eval:
  Num examples: 512  Num correct: 292  Precision @ 1: 0.5703  AUC @ 1: 0.7051
Step 3400: loss = 0.5195 (0.023 sec)
Training Data Eval:
  Num examples: 3456  Num correct: 3029  Precision @ 1: 0.8764  AUC @ 1: 0.9609
Validation Data Eval:
  Num examples: 256  Num correct: 137  Precision @ 1: 0.5352  AUC @ 1: 0.5970
Test Data Eval:
  Num examples: 512  Num correct: 257  Precision @ 1: 0.5020  AUC @ 1: 0.6241
Step 3600: loss = 0.4758 (0.022 sec)
Training Data Eval:
  Num examples: 3456  Num correct: 3070  Precision @ 1: 0.8883  AUC @ 1: 0.9666
Validation Data Eval:
  Num examples: 256  Num correct: 137  Precision @ 1: 0.5352  AUC @ 1: 0.5859
Test Data Eval:
  Num examples: 512  Num correct: 276  Precision @ 1: 0.5391  AUC @ 1: 0.6707
Step 3800: loss = 0.4923 (0.023 sec)
Training Data Eval:
  Num examples: 3456  Num correct: 3137  Precision @ 1: 0.9077  AUC @ 1: 0.9753
Validation Data Eval:
  Num examples: 256  Num correct: 144  Precision @ 1: 0.5625  AUC @ 1: 0.6108
Test Data Eval:
  Num examples: 512  Num correct: 269  Precision @ 1: 0.5254  AUC @ 1: 0.6469
Step 4000: loss = 0.4753 (0.025 sec)
Training Data Eval:
  Num examples: 3456  Num correct: 3171  Precision @ 1: 0.9175  AUC @ 1: 0.9785
Validation Data Eval:
  Num examples: 256  Num correct: 146  Precision @ 1: 0.5703  AUC @ 1: 0.6150
Test Data Eval:
  Num examples: 512  Num correct: 271  Precision @ 1: 0.5293  AUC @ 1: 0.6175
Step 4200: loss = 0.4025 (0.022 sec)
Training Data Eval:
  Num examples: 3456  Num correct: 3228  Precision @ 1: 0.9340  AUC @ 1: 0.9863
Validation Data Eval:
  Num examples: 256  Num correct: 145  Precision @ 1: 0.5664  AUC @ 1: 0.6179
Test Data Eval:
  Num examples: 512  Num correct: 267  Precision @ 1: 0.5215  AUC @ 1: 0.6104
Step 4400: loss = 0.4126 (0.025 sec)
Training Data Eval:
  Num examples: 3456  Num correct: 3291  Precision @ 1: 0.9523  AUC @ 1: 0.9922
Validation Data Eval:
  Num examples: 256  Num correct: 146  Precision @ 1: 0.5703  AUC @ 1: 0.6127
Test Data Eval:
  Num examples: 512  Num correct: 279  Precision @ 1: 0.5449  AUC @ 1: 0.6218
Step 4600: loss = 0.3394 (0.024 sec)
Training Data Eval:
  Num examples: 3456  Num correct: 3324  Precision @ 1: 0.9618  AUC @ 1: 0.9942
Validation Data Eval:
  Num examples: 256  Num correct: 143  Precision @ 1: 0.5586  AUC @ 1: 0.6113
Test Data Eval:
  Num examples: 512  Num correct: 276  Precision @ 1: 0.5391  AUC @ 1: 0.6189
Step 4800: loss = 0.3602 (0.024 sec)
Training Data Eval:
  Num examples: 3456  Num correct: 3365  Precision @ 1: 0.9737  AUC @ 1: 0.9963
Validation Data Eval:
  Num examples: 256  Num correct: 148  Precision @ 1: 0.5781  AUC @ 1: 0.6212
Test Data Eval:
  Num examples: 512  Num correct: 268  Precision @ 1: 0.5234  AUC @ 1: 0.5935
Step 5000: loss = 0.3817 (0.023 sec)
Training Data Eval:
  Num examples: 3456  Num correct: 3384  Precision @ 1: 0.9792  AUC @ 1: 0.9974
Validation Data Eval:
  Num examples: 256  Num correct: 147  Precision @ 1: 0.5742  AUC @ 1: 0.6247
Test Data Eval:
  Num examples: 512  Num correct: 271  Precision @ 1: 0.5293  AUC @ 1: 0.6087
Step 5200: loss = 0.3339 (0.022 sec)
Training Data Eval:
  Num examples: 3456  Num correct: 3395  Precision @ 1: 0.9823  AUC @ 1: 0.9986
Validation Data Eval:
  Num examples: 256  Num correct: 142  Precision @ 1: 0.5547  AUC @ 1: 0.6146
Test Data Eval:
  Num examples: 512  Num correct: 277  Precision @ 1: 0.5410  AUC @ 1: 0.6312
Step 5400: loss = 0.3494 (0.057 sec)
Training Data Eval:
  Num examples: 3456  Num correct: 3419  Precision @ 1: 0.9893  AUC @ 1: 0.9990
Validation Data Eval:
  Num examples: 256  Num correct: 148  Precision @ 1: 0.5781  AUC @ 1: 0.6317
Test Data Eval:
  Num examples: 512  Num correct: 269  Precision @ 1: 0.5254  AUC @ 1: 0.5918
Step 5600: loss = 0.2715 (0.022 sec)
Training Data Eval:
  Num examples: 3456  Num correct: 3427  Precision @ 1: 0.9916  AUC @ 1: 0.9996
Validation Data Eval:
  Num examples: 256  Num correct: 146  Precision @ 1: 0.5703  AUC @ 1: 0.6205
Test Data Eval:
  Num examples: 512  Num correct: 282  Precision @ 1: 0.5508  AUC @ 1: 0.6287
Step 5800: loss = 0.2561 (0.023 sec)
Training Data Eval:
  Num examples: 3456  Num correct: 3433  Precision @ 1: 0.9933  AUC @ 1: 0.9998
Validation Data Eval:
  Num examples: 256  Num correct: 147  Precision @ 1: 0.5742  AUC @ 1: 0.6283
Test Data Eval:
  Num examples: 512  Num correct: 273  Precision @ 1: 0.5332  AUC @ 1: 0.6095
Step 6000: loss = 0.2931 (0.022 sec)
Training Data Eval:
  Num examples: 3456  Num correct: 3447  Precision @ 1: 0.9974  AUC @ 1: 0.9999
Validation Data Eval:
  Num examples: 256  Num correct: 152  Precision @ 1: 0.5938  AUC @ 1: 0.6522
Test Data Eval:
  Num examples: 512  Num correct: 261  Precision @ 1: 0.5098  AUC @ 1: 0.5753
Step 6200: loss = 0.2457 (0.024 sec)
Training Data Eval:
  Num examples: 3456  Num correct: 3444  Precision @ 1: 0.9965  AUC @ 1: 0.9998
Validation Data Eval:
  Num examples: 256  Num correct: 145  Precision @ 1: 0.5664  AUC @ 1: 0.6219
Test Data Eval:
  Num examples: 512  Num correct: 260  Precision @ 1: 0.5078  AUC @ 1: 0.5313
Step 6400: loss = 0.3280 (0.024 sec)
Training Data Eval:
  Num examples: 3456  Num correct: 3451  Precision @ 1: 0.9986  AUC @ 1: 1.0000
Validation Data Eval:
  Num examples: 256  Num correct: 150  Precision @ 1: 0.5859  AUC @ 1: 0.6437
Test Data Eval:
  Num examples: 512  Num correct: 270  Precision @ 1: 0.5273  AUC @ 1: 0.5854
Step 6600: loss = 0.2752 (0.024 sec)
Training Data Eval:
  Num examples: 3456  Num correct: 3454  Precision @ 1: 0.9994  AUC @ 1: 1.0000
Validation Data Eval:
  Num examples: 256  Num correct: 153  Precision @ 1: 0.5977  AUC @ 1: 0.6466
Test Data Eval:
  Num examples: 512  Num correct: 294  Precision @ 1: 0.5742  AUC @ 1: 0.6628
Step 6800: loss = 0.2368 (0.023 sec)
Training Data Eval:
  Num examples: 3456  Num correct: 3456  Precision @ 1: 1.0000  AUC @ 1: 1.0000
Validation Data Eval:
  Num examples: 256  Num correct: 155  Precision @ 1: 0.6055  AUC @ 1: 0.6558
Test Data Eval:
  Num examples: 512  Num correct: 278  Precision @ 1: 0.5430  AUC @ 1: 0.6259
Step 7000: loss = 0.2143 (0.022 sec)
Training Data Eval:
  Num examples: 3456  Num correct: 3454  Precision @ 1: 0.9994  AUC @ 1: 1.0000
Validation Data Eval:
  Num examples: 256  Num correct: 156  Precision @ 1: 0.6094  AUC @ 1: 0.6548
Test Data Eval:
  Num examples: 512  Num correct: 284  Precision @ 1: 0.5547  AUC @ 1: 0.6338
Step 7200: loss = 0.1990 (0.023 sec)
Training Data Eval:
  Num examples: 3456  Num correct: 3456  Precision @ 1: 1.0000  AUC @ 1: 1.0000
Validation Data Eval:
  Num examples: 256  Num correct: 153  Precision @ 1: 0.5977  AUC @ 1: 0.6536
Test Data Eval:
  Num examples: 512  Num correct: 272  Precision @ 1: 0.5312  AUC @ 1: 0.6018
Step 7400: loss = 0.2024 (0.024 sec)
Training Data Eval:
  Num examples: 3456  Num correct: 3456  Precision @ 1: 1.0000  AUC @ 1: 1.0000
Validation Data Eval:
  Num examples: 256  Num correct: 160  Precision @ 1: 0.6250  AUC @ 1: 0.6654
Test Data Eval:
  Num examples: 512  Num correct: 265  Precision @ 1: 0.5176  AUC @ 1: 0.5887
Step 7600: loss = 0.2057 (0.023 sec)
Training Data Eval:
  Num examples: 3456  Num correct: 3456  Precision @ 1: 1.0000  AUC @ 1: 1.0000
Validation Data Eval:
  Num examples: 256  Num correct: 155  Precision @ 1: 0.6055  AUC @ 1: 0.6730
Test Data Eval:
  Num examples: 512  Num correct: 274  Precision @ 1: 0.5352  AUC @ 1: 0.6068
Step 7800: loss = 0.1900 (0.022 sec)
Training Data Eval:
  Num examples: 3456  Num correct: 3456  Precision @ 1: 1.0000  AUC @ 1: 1.0000
Validation Data Eval:
  Num examples: 256  Num correct: 152  Precision @ 1: 0.5938  AUC @ 1: 0.6496
Test Data Eval:
  Num examples: 512  Num correct: 274  Precision @ 1: 0.5352  AUC @ 1: 0.5902
Step 8000: loss = 0.1791 (0.024 sec)
Training Data Eval:
  Num examples: 3456  Num correct: 3456  Precision @ 1: 1.0000  AUC @ 1: 1.0000
Validation Data Eval:
  Num examples: 256  Num correct: 154  Precision @ 1: 0.6016  AUC @ 1: 0.6533
Test Data Eval:
  Num examples: 512  Num correct: 269  Precision @ 1: 0.5254  AUC @ 1: 0.5742
Step 8200: loss = 0.1981 (0.023 sec)
Training Data Eval:
  Num examples: 3456  Num correct: 3456  Precision @ 1: 1.0000  AUC @ 1: 1.0000
Validation Data Eval:
  Num examples: 256  Num correct: 156  Precision @ 1: 0.6094  AUC @ 1: 0.6655
Test Data Eval:
  Num examples: 512  Num correct: 265  Precision @ 1: 0.5176  AUC @ 1: 0.5705
Step 8400: loss = 0.1765 (0.024 sec)
Training Data Eval:
  Num examples: 3456  Num correct: 3456  Precision @ 1: 1.0000  AUC @ 1: 1.0000
Validation Data Eval:
  Num examples: 256  Num correct: 157  Precision @ 1: 0.6133  AUC @ 1: 0.6714
Test Data Eval:
  Num examples: 512  Num correct: 274  Precision @ 1: 0.5352  AUC @ 1: 0.6133
Step 8600: loss = 0.1821 (0.025 sec)
Training Data Eval:
  Num examples: 3456  Num correct: 3456  Precision @ 1: 1.0000  AUC @ 1: 1.0000
Validation Data Eval:
  Num examples: 256  Num correct: 157  Precision @ 1: 0.6133  AUC @ 1: 0.6601
Test Data Eval:
  Num examples: 512  Num correct: 268  Precision @ 1: 0.5234  AUC @ 1: 0.5780
Step 8800: loss = 0.1936 (0.023 sec)
Training Data Eval:
  Num examples: 3456  Num correct: 3456  Precision @ 1: 1.0000  AUC @ 1: 1.0000
Validation Data Eval:
  Num examples: 256  Num correct: 158  Precision @ 1: 0.6172  AUC @ 1: 0.6744
Test Data Eval:
  Num examples: 512  Num correct: 265  Precision @ 1: 0.5176  AUC @ 1: 0.5844
Step 9000: loss = 0.1750 (0.024 sec)
Training Data Eval:
  Num examples: 3456  Num correct: 3456  Precision @ 1: 1.0000  AUC @ 1: 1.0000
Validation Data Eval:
  Num examples: 256  Num correct: 160  Precision @ 1: 0.6250  AUC @ 1: 0.6673
Test Data Eval:
  Num examples: 512  Num correct: 271  Precision @ 1: 0.5293  AUC @ 1: 0.6037
Step 9200: loss = 0.1695 (0.022 sec)
Training Data Eval:
  Num examples: 3456  Num correct: 3456  Precision @ 1: 1.0000  AUC @ 1: 1.0000
Validation Data Eval:
  Num examples: 256  Num correct: 156  Precision @ 1: 0.6094  AUC @ 1: 0.6534
Test Data Eval:
  Num examples: 512  Num correct: 265  Precision @ 1: 0.5176  AUC @ 1: 0.5894
Step 9400: loss = 0.1661 (0.024 sec)
Training Data Eval:
  Num examples: 3456  Num correct: 3456  Precision @ 1: 1.0000  AUC @ 1: 1.0000
Validation Data Eval:
  Num examples: 256  Num correct: 159  Precision @ 1: 0.6211  AUC @ 1: 0.6678
Test Data Eval:
  Num examples: 512  Num correct: 277  Precision @ 1: 0.5410  AUC @ 1: 0.6039
Step 9600: loss = 0.1670 (0.025 sec)
Training Data Eval:
  Num examples: 3456  Num correct: 3456  Precision @ 1: 1.0000  AUC @ 1: 1.0000
Validation Data Eval:
  Num examples: 256  Num correct: 156  Precision @ 1: 0.6094  AUC @ 1: 0.6573
Test Data Eval:
  Num examples: 512  Num correct: 278  Precision @ 1: 0.5430  AUC @ 1: 0.6124
Step 9800: loss = 0.1590 (0.024 sec)
Training Data Eval:
  Num examples: 3456  Num correct: 3456  Precision @ 1: 1.0000  AUC @ 1: 1.0000
Validation Data Eval:
  Num examples: 256  Num correct: 160  Precision @ 1: 0.6250  AUC @ 1: 0.6653
Test Data Eval:
  Num examples: 512  Num correct: 290  Precision @ 1: 0.5664  AUC @ 1: 0.6582
