Training data shape: 	(10000, 64, 64, 1)
Training label shape:	(10000,)
Testing data shape:  	(1910, 64, 64, 1)
Testing label shape: 	(1910,)
max input value is: 153.458
min input value is: -104.189
random permuted training data
==============================================================================
Model: 			inference_cvcnn
Tensor Name: 	Placeholder:0
[64, 64, 64, 1]
==============================================================================
Tensor Name: conv0/conv0:0
[64, 64, 64, 64]
==============================================================================
Tensor Name: MaxPool:0
[64, 32, 32, 64]
==============================================================================
Tensor Name: local1/local1:0
[64, 128]
==============================================================================
Tensor Name: local2/local2:0
[64, 128]
==============================================================================
Tensor Name: softmax_linear/softmax_linear:0
[64, 2]
Step 0: loss = 21.5044 (0.088 sec)
Training Data Eval:
  Num examples: 8960  Num correct: 6613  Precision @ 1: 0.7381  AUC @ 1: 0.8152
Validation Data Eval:
  Num examples: 960  Num correct: 688  Precision @ 1: 0.7167  AUC @ 1: 0.7862
Test Data Eval:
  Num examples: 1856  Num correct: 1263  Precision @ 1: 0.6805  AUC @ 1: 0.7362
Step 100: loss = 19.7243 (0.080 sec)
Training Data Eval:
  Num examples: 8960  Num correct: 6617  Precision @ 1: 0.7385  AUC @ 1: 0.8368
Validation Data Eval:
  Num examples: 960  Num correct: 694  Precision @ 1: 0.7229  AUC @ 1: 0.8112
Test Data Eval:
  Num examples: 1856  Num correct: 1285  Precision @ 1: 0.6923  AUC @ 1: 0.7501
Step 200: loss = 18.2255 (0.081 sec)
Training Data Eval:
  Num examples: 8960  Num correct: 7113  Precision @ 1: 0.7939  AUC @ 1: 0.8630
Validation Data Eval:
  Num examples: 960  Num correct: 726  Precision @ 1: 0.7562  AUC @ 1: 0.8303
Test Data Eval:
  Num examples: 1856  Num correct: 1328  Precision @ 1: 0.7155  AUC @ 1: 0.7649
Step 300: loss = 16.9215 (0.079 sec)
Training Data Eval:
  Num examples: 8960  Num correct: 7118  Precision @ 1: 0.7944  AUC @ 1: 0.8739
Validation Data Eval:
  Num examples: 960  Num correct: 736  Precision @ 1: 0.7667  AUC @ 1: 0.8423
Test Data Eval:
  Num examples: 1856  Num correct: 1280  Precision @ 1: 0.6897  AUC @ 1: 0.7614
Step 400: loss = 15.5740 (0.082 sec)
Training Data Eval:
  Num examples: 8960  Num correct: 6946  Precision @ 1: 0.7752  AUC @ 1: 0.8877
Validation Data Eval:
  Num examples: 960  Num correct: 727  Precision @ 1: 0.7573  AUC @ 1: 0.8528
Test Data Eval:
  Num examples: 1856  Num correct: 1314  Precision @ 1: 0.7080  AUC @ 1: 0.7760
Step 500: loss = 14.3949 (0.080 sec)
Training Data Eval:
  Num examples: 8960  Num correct: 7106  Precision @ 1: 0.7931  AUC @ 1: 0.8955
Validation Data Eval:
  Num examples: 960  Num correct: 739  Precision @ 1: 0.7698  AUC @ 1: 0.8589
Test Data Eval:
  Num examples: 1856  Num correct: 1307  Precision @ 1: 0.7042  AUC @ 1: 0.7545
Step 600: loss = 13.2967 (0.080 sec)
Training Data Eval:
  Num examples: 8960  Num correct: 7466  Precision @ 1: 0.8333  AUC @ 1: 0.9133
Validation Data Eval:
  Num examples: 960  Num correct: 756  Precision @ 1: 0.7875  AUC @ 1: 0.8612
Test Data Eval:
  Num examples: 1856  Num correct: 1354  Precision @ 1: 0.7295  AUC @ 1: 0.7792
Step 700: loss = 12.4016 (0.168 sec)
Training Data Eval:
  Num examples: 8960  Num correct: 7391  Precision @ 1: 0.8249  AUC @ 1: 0.9099
Validation Data Eval:
  Num examples: 960  Num correct: 759  Precision @ 1: 0.7906  AUC @ 1: 0.8607
Test Data Eval:
  Num examples: 1856  Num correct: 1278  Precision @ 1: 0.6886  AUC @ 1: 0.7767
Step 800: loss = 11.2902 (0.080 sec)
Training Data Eval:
  Num examples: 8960  Num correct: 7521  Precision @ 1: 0.8394  AUC @ 1: 0.9215
Validation Data Eval:
  Num examples: 960  Num correct: 757  Precision @ 1: 0.7885  AUC @ 1: 0.8644
Test Data Eval:
  Num examples: 1856  Num correct: 1289  Precision @ 1: 0.6945  AUC @ 1: 0.7845
Step 900: loss = 10.5991 (0.081 sec)
Training Data Eval:
  Num examples: 8960  Num correct: 7653  Precision @ 1: 0.8541  AUC @ 1: 0.9275
Validation Data Eval:
  Num examples: 960  Num correct: 776  Precision @ 1: 0.8083  AUC @ 1: 0.8706
Test Data Eval:
  Num examples: 1856  Num correct: 1339  Precision @ 1: 0.7214  AUC @ 1: 0.7833
Step 1000: loss = 9.7128 (0.079 sec)
Training Data Eval:
  Num examples: 8960  Num correct: 7346  Precision @ 1: 0.8199  AUC @ 1: 0.9157
Validation Data Eval:
  Num examples: 960  Num correct: 734  Precision @ 1: 0.7646  AUC @ 1: 0.8591
Test Data Eval:
  Num examples: 1856  Num correct: 1234  Precision @ 1: 0.6649  AUC @ 1: 0.7636
Step 1100: loss = 9.0688 (0.080 sec)
Training Data Eval:
  Num examples: 8960  Num correct: 7677  Precision @ 1: 0.8568  AUC @ 1: 0.9386
Validation Data Eval:
  Num examples: 960  Num correct: 764  Precision @ 1: 0.7958  AUC @ 1: 0.8747
Test Data Eval:
  Num examples: 1856  Num correct: 1357  Precision @ 1: 0.7311  AUC @ 1: 0.7969
Step 1200: loss = 8.3591 (0.078 sec)
Training Data Eval:
  Num examples: 8960  Num correct: 7819  Precision @ 1: 0.8727  AUC @ 1: 0.9422
Validation Data Eval:
  Num examples: 960  Num correct: 775  Precision @ 1: 0.8073  AUC @ 1: 0.8747
Test Data Eval:
  Num examples: 1856  Num correct: 1373  Precision @ 1: 0.7398  AUC @ 1: 0.7960
Step 1300: loss = 7.7194 (0.080 sec)
Training Data Eval:
  Num examples: 8960  Num correct: 7922  Precision @ 1: 0.8842  AUC @ 1: 0.9538
Validation Data Eval:
  Num examples: 960  Num correct: 767  Precision @ 1: 0.7990  AUC @ 1: 0.8709
Test Data Eval:
  Num examples: 1856  Num correct: 1320  Precision @ 1: 0.7112  AUC @ 1: 0.7794
Step 1400: loss = 7.2629 (0.162 sec)
Training Data Eval:
  Num examples: 8960  Num correct: 7992  Precision @ 1: 0.8920  AUC @ 1: 0.9552
Validation Data Eval:
  Num examples: 960  Num correct: 776  Precision @ 1: 0.8083  AUC @ 1: 0.8819
Test Data Eval:
  Num examples: 1856  Num correct: 1311  Precision @ 1: 0.7064  AUC @ 1: 0.7910
Step 1500: loss = 6.4824 (0.079 sec)
Training Data Eval:
  Num examples: 8960  Num correct: 7950  Precision @ 1: 0.8873  AUC @ 1: 0.9573
Validation Data Eval:
  Num examples: 960  Num correct: 764  Precision @ 1: 0.7958  AUC @ 1: 0.8746
Test Data Eval:
  Num examples: 1856  Num correct: 1267  Precision @ 1: 0.6827  AUC @ 1: 0.7808
Step 1600: loss = 6.1264 (0.082 sec)
Training Data Eval:
  Num examples: 8960  Num correct: 8032  Precision @ 1: 0.8964  AUC @ 1: 0.9648
Validation Data Eval:
  Num examples: 960  Num correct: 766  Precision @ 1: 0.7979  AUC @ 1: 0.8704
Test Data Eval:
  Num examples: 1856  Num correct: 1335  Precision @ 1: 0.7193  AUC @ 1: 0.7864
Step 1700: loss = 5.7450 (0.079 sec)
Training Data Eval:
  Num examples: 8960  Num correct: 8002  Precision @ 1: 0.8931  AUC @ 1: 0.9678
Validation Data Eval:
  Num examples: 960  Num correct: 753  Precision @ 1: 0.7844  AUC @ 1: 0.8762
Test Data Eval:
  Num examples: 1856  Num correct: 1369  Precision @ 1: 0.7376  AUC @ 1: 0.7887
Step 1800: loss = 5.1561 (0.081 sec)
Training Data Eval:
  Num examples: 8960  Num correct: 8157  Precision @ 1: 0.9104  AUC @ 1: 0.9751
Validation Data Eval:
  Num examples: 960  Num correct: 773  Precision @ 1: 0.8052  AUC @ 1: 0.8757
Test Data Eval:
  Num examples: 1856  Num correct: 1309  Precision @ 1: 0.7053  AUC @ 1: 0.7784
Step 1900: loss = 4.9761 (0.078 sec)
Training Data Eval:
  Num examples: 8960  Num correct: 8234  Precision @ 1: 0.9190  AUC @ 1: 0.9777
Validation Data Eval:
  Num examples: 960  Num correct: 775  Precision @ 1: 0.8073  AUC @ 1: 0.8807
Test Data Eval:
  Num examples: 1856  Num correct: 1290  Precision @ 1: 0.6950  AUC @ 1: 0.7778
Step 2000: loss = 4.6681 (0.079 sec)
Training Data Eval:
  Num examples: 8960  Num correct: 8295  Precision @ 1: 0.9258  AUC @ 1: 0.9827
Validation Data Eval:
  Num examples: 960  Num correct: 772  Precision @ 1: 0.8042  AUC @ 1: 0.8817
Test Data Eval:
  Num examples: 1856  Num correct: 1334  Precision @ 1: 0.7188  AUC @ 1: 0.7749
Step 2100: loss = 4.2151 (0.160 sec)
Training Data Eval:
  Num examples: 8960  Num correct: 8254  Precision @ 1: 0.9212  AUC @ 1: 0.9785
Validation Data Eval:
  Num examples: 960  Num correct: 783  Precision @ 1: 0.8156  AUC @ 1: 0.8841
Test Data Eval:
  Num examples: 1856  Num correct: 1301  Precision @ 1: 0.7010  AUC @ 1: 0.7802
Step 2200: loss = 3.7975 (0.080 sec)
Training Data Eval:
  Num examples: 8960  Num correct: 8291  Precision @ 1: 0.9253  AUC @ 1: 0.9803
Validation Data Eval:
  Num examples: 960  Num correct: 785  Precision @ 1: 0.8177  AUC @ 1: 0.8905
Test Data Eval:
  Num examples: 1856  Num correct: 1344  Precision @ 1: 0.7241  AUC @ 1: 0.7770
Step 2300: loss = 3.6477 (0.081 sec)
Training Data Eval:
  Num examples: 8960  Num correct: 8246  Precision @ 1: 0.9203  AUC @ 1: 0.9816
Validation Data Eval:
  Num examples: 960  Num correct: 753  Precision @ 1: 0.7844  AUC @ 1: 0.8710
Test Data Eval:
  Num examples: 1856  Num correct: 1293  Precision @ 1: 0.6967  AUC @ 1: 0.7729
Step 2400: loss = 3.4336 (0.080 sec)
Training Data Eval:
  Num examples: 8960  Num correct: 8409  Precision @ 1: 0.9385  AUC @ 1: 0.9863
Validation Data Eval:
  Num examples: 960  Num correct: 762  Precision @ 1: 0.7937  AUC @ 1: 0.8777
Test Data Eval:
  Num examples: 1856  Num correct: 1302  Precision @ 1: 0.7015  AUC @ 1: 0.7752
Step 2500: loss = 3.2638 (0.082 sec)
Training Data Eval:
  Num examples: 8960  Num correct: 8433  Precision @ 1: 0.9412  AUC @ 1: 0.9888
Validation Data Eval:
  Num examples: 960  Num correct: 770  Precision @ 1: 0.8021  AUC @ 1: 0.8861
Test Data Eval:
  Num examples: 1856  Num correct: 1281  Precision @ 1: 0.6902  AUC @ 1: 0.7747
Step 2600: loss = 2.9063 (0.078 sec)
Training Data Eval:
  Num examples: 8960  Num correct: 8473  Precision @ 1: 0.9456  AUC @ 1: 0.9914
Validation Data Eval:
  Num examples: 960  Num correct: 788  Precision @ 1: 0.8208  AUC @ 1: 0.8848
Test Data Eval:
  Num examples: 1856  Num correct: 1319  Precision @ 1: 0.7107  AUC @ 1: 0.7756
Step 2700: loss = 2.6893 (0.079 sec)
Training Data Eval:
  Num examples: 8960  Num correct: 8255  Precision @ 1: 0.9213  AUC @ 1: 0.9895
Validation Data Eval:
  Num examples: 960  Num correct: 768  Precision @ 1: 0.8000  AUC @ 1: 0.8862
Test Data Eval:
  Num examples: 1856  Num correct: 1354  Precision @ 1: 0.7295  AUC @ 1: 0.7817
Step 2800: loss = 2.4937 (0.160 sec)
Training Data Eval:
  Num examples: 8960  Num correct: 8531  Precision @ 1: 0.9521  AUC @ 1: 0.9938
Validation Data Eval:
  Num examples: 960  Num correct: 775  Precision @ 1: 0.8073  AUC @ 1: 0.8832
Test Data Eval:
  Num examples: 1856  Num correct: 1291  Precision @ 1: 0.6956  AUC @ 1: 0.7731
Step 2900: loss = 2.4600 (0.079 sec)
Training Data Eval:
  Num examples: 8960  Num correct: 8525  Precision @ 1: 0.9515  AUC @ 1: 0.9937
Validation Data Eval:
  Num examples: 960  Num correct: 773  Precision @ 1: 0.8052  AUC @ 1: 0.8853
Test Data Eval:
  Num examples: 1856  Num correct: 1294  Precision @ 1: 0.6972  AUC @ 1: 0.7610
Step 3000: loss = 2.2163 (0.081 sec)
Training Data Eval:
  Num examples: 8960  Num correct: 8569  Precision @ 1: 0.9564  AUC @ 1: 0.9946
Validation Data Eval:
  Num examples: 960  Num correct: 768  Precision @ 1: 0.8000  AUC @ 1: 0.8866
Test Data Eval:
  Num examples: 1856  Num correct: 1263  Precision @ 1: 0.6805  AUC @ 1: 0.7522
Step 3100: loss = 2.0085 (0.082 sec)
Training Data Eval:
  Num examples: 8960  Num correct: 8590  Precision @ 1: 0.9587  AUC @ 1: 0.9947
Validation Data Eval:
  Num examples: 960  Num correct: 775  Precision @ 1: 0.8073  AUC @ 1: 0.8822
Test Data Eval:
  Num examples: 1856  Num correct: 1330  Precision @ 1: 0.7166  AUC @ 1: 0.7732
Step 3200: loss = 1.9120 (0.079 sec)
Training Data Eval:
  Num examples: 8960  Num correct: 8499  Precision @ 1: 0.9485  AUC @ 1: 0.9939
Validation Data Eval:
  Num examples: 960  Num correct: 777  Precision @ 1: 0.8094  AUC @ 1: 0.8817
Test Data Eval:
  Num examples: 1856  Num correct: 1330  Precision @ 1: 0.7166  AUC @ 1: 0.7679
Step 3300: loss = 1.7704 (0.081 sec)
Training Data Eval:
  Num examples: 8960  Num correct: 8577  Precision @ 1: 0.9573  AUC @ 1: 0.9938
Validation Data Eval:
  Num examples: 960  Num correct: 764  Precision @ 1: 0.7958  AUC @ 1: 0.8712
Test Data Eval:
  Num examples: 1856  Num correct: 1346  Precision @ 1: 0.7252  AUC @ 1: 0.7730
Step 3400: loss = 1.7067 (0.079 sec)
Training Data Eval:
  Num examples: 8960  Num correct: 8584  Precision @ 1: 0.9580  AUC @ 1: 0.9953
Validation Data Eval:
  Num examples: 960  Num correct: 774  Precision @ 1: 0.8063  AUC @ 1: 0.8761
Test Data Eval:
  Num examples: 1856  Num correct: 1346  Precision @ 1: 0.7252  AUC @ 1: 0.7780
Step 3500: loss = 1.5926 (0.168 sec)
Training Data Eval:
  Num examples: 8960  Num correct: 8606  Precision @ 1: 0.9605  AUC @ 1: 0.9950
Validation Data Eval:
  Num examples: 960  Num correct: 767  Precision @ 1: 0.7990  AUC @ 1: 0.8706
Test Data Eval:
  Num examples: 1856  Num correct: 1345  Precision @ 1: 0.7247  AUC @ 1: 0.7777
Step 3600: loss = 1.4764 (0.082 sec)
Training Data Eval:
  Num examples: 8960  Num correct: 8625  Precision @ 1: 0.9626  AUC @ 1: 0.9960
Validation Data Eval:
  Num examples: 960  Num correct: 765  Precision @ 1: 0.7969  AUC @ 1: 0.8766
Test Data Eval:
  Num examples: 1856  Num correct: 1313  Precision @ 1: 0.7074  AUC @ 1: 0.7725
Step 3700: loss = 1.5534 (0.080 sec)
Training Data Eval:
  Num examples: 8960  Num correct: 8614  Precision @ 1: 0.9614  AUC @ 1: 0.9967
Validation Data Eval:
  Num examples: 960  Num correct: 783  Precision @ 1: 0.8156  AUC @ 1: 0.8858
Test Data Eval:
  Num examples: 1856  Num correct: 1322  Precision @ 1: 0.7123  AUC @ 1: 0.7698
Step 3800: loss = 1.2707 (0.080 sec)
Training Data Eval:
  Num examples: 8960  Num correct: 8363  Precision @ 1: 0.9334  AUC @ 1: 0.9939
Validation Data Eval:
  Num examples: 960  Num correct: 751  Precision @ 1: 0.7823  AUC @ 1: 0.8746
Test Data Eval:
  Num examples: 1856  Num correct: 1351  Precision @ 1: 0.7279  AUC @ 1: 0.7820
Step 3900: loss = 1.2813 (0.079 sec)
Training Data Eval:
  Num examples: 8960  Num correct: 8702  Precision @ 1: 0.9712  AUC @ 1: 0.9972
Validation Data Eval:
  Num examples: 960  Num correct: 777  Precision @ 1: 0.8094  AUC @ 1: 0.8856
Test Data Eval:
  Num examples: 1856  Num correct: 1365  Precision @ 1: 0.7355  AUC @ 1: 0.7789
Step 4000: loss = 1.1676 (0.080 sec)
Training Data Eval:
  Num examples: 8960  Num correct: 8716  Precision @ 1: 0.9728  AUC @ 1: 0.9976
Validation Data Eval:
  Num examples: 960  Num correct: 779  Precision @ 1: 0.8115  AUC @ 1: 0.8827
Test Data Eval:
  Num examples: 1856  Num correct: 1331  Precision @ 1: 0.7171  AUC @ 1: 0.7696
Step 4100: loss = 1.0005 (0.079 sec)
Training Data Eval:
  Num examples: 8960  Num correct: 8669  Precision @ 1: 0.9675  AUC @ 1: 0.9970
Validation Data Eval:
  Num examples: 960  Num correct: 781  Precision @ 1: 0.8135  AUC @ 1: 0.8809
Test Data Eval:
  Num examples: 1856  Num correct: 1358  Precision @ 1: 0.7317  AUC @ 1: 0.7807
Step 4200: loss = 1.0747 (0.160 sec)
Training Data Eval:
  Num examples: 8960  Num correct: 8715  Precision @ 1: 0.9727  AUC @ 1: 0.9974
Validation Data Eval:
  Num examples: 960  Num correct: 792  Precision @ 1: 0.8250  AUC @ 1: 0.8859
Test Data Eval:
  Num examples: 1856  Num correct: 1333  Precision @ 1: 0.7182  AUC @ 1: 0.7754
Step 4300: loss = 0.9838 (0.080 sec)
Training Data Eval:
  Num examples: 8960  Num correct: 8746  Precision @ 1: 0.9761  AUC @ 1: 0.9982
Validation Data Eval:
  Num examples: 960  Num correct: 791  Precision @ 1: 0.8240  AUC @ 1: 0.8851
Test Data Eval:
  Num examples: 1856  Num correct: 1338  Precision @ 1: 0.7209  AUC @ 1: 0.7760
Step 4400: loss = 0.8690 (0.080 sec)
Training Data Eval:
  Num examples: 8960  Num correct: 8732  Precision @ 1: 0.9746  AUC @ 1: 0.9981
Validation Data Eval:
  Num examples: 960  Num correct: 782  Precision @ 1: 0.8146  AUC @ 1: 0.8802
Test Data Eval:
  Num examples: 1856  Num correct: 1315  Precision @ 1: 0.7085  AUC @ 1: 0.7671
Step 4500: loss = 0.9556 (0.080 sec)
Training Data Eval:
  Num examples: 8960  Num correct: 8702  Precision @ 1: 0.9712  AUC @ 1: 0.9976
Validation Data Eval:
  Num examples: 960  Num correct: 777  Precision @ 1: 0.8094  AUC @ 1: 0.8763
Test Data Eval:
  Num examples: 1856  Num correct: 1326  Precision @ 1: 0.7144  AUC @ 1: 0.7736
Step 4600: loss = 0.8327 (0.078 sec)
Training Data Eval:
  Num examples: 8960  Num correct: 8684  Precision @ 1: 0.9692  AUC @ 1: 0.9972
Validation Data Eval:
  Num examples: 960  Num correct: 772  Precision @ 1: 0.8042  AUC @ 1: 0.8733
Test Data Eval:
  Num examples: 1856  Num correct: 1335  Precision @ 1: 0.7193  AUC @ 1: 0.7774
Step 4700: loss = 0.8257 (0.079 sec)
Training Data Eval:
  Num examples: 8960  Num correct: 8741  Precision @ 1: 0.9756  AUC @ 1: 0.9982
Validation Data Eval:
  Num examples: 960  Num correct: 779  Precision @ 1: 0.8115  AUC @ 1: 0.8832
Test Data Eval:
  Num examples: 1856  Num correct: 1336  Precision @ 1: 0.7198  AUC @ 1: 0.7750
Step 4800: loss = 0.7644 (0.079 sec)
Training Data Eval:
  Num examples: 8960  Num correct: 8714  Precision @ 1: 0.9725  AUC @ 1: 0.9981
Validation Data Eval:
  Num examples: 960  Num correct: 771  Precision @ 1: 0.8031  AUC @ 1: 0.8741
Test Data Eval:
  Num examples: 1856  Num correct: 1326  Precision @ 1: 0.7144  AUC @ 1: 0.7732
Step 4900: loss = 0.8714 (0.166 sec)
Training Data Eval:
  Num examples: 8960  Num correct: 8748  Precision @ 1: 0.9763  AUC @ 1: 0.9980
Validation Data Eval:
  Num examples: 960  Num correct: 775  Precision @ 1: 0.8073  AUC @ 1: 0.8750
Test Data Eval:
  Num examples: 1856  Num correct: 1330  Precision @ 1: 0.7166  AUC @ 1: 0.7712
Step 5000: loss = 0.6736 (0.082 sec)
Training Data Eval:
  Num examples: 8960  Num correct: 8689  Precision @ 1: 0.9698  AUC @ 1: 0.9971
Validation Data Eval:
  Num examples: 960  Num correct: 768  Precision @ 1: 0.8000  AUC @ 1: 0.8730
Test Data Eval:
  Num examples: 1856  Num correct: 1324  Precision @ 1: 0.7134  AUC @ 1: 0.7667
Step 5100: loss = 0.6785 (0.079 sec)
Training Data Eval:
  Num examples: 8960  Num correct: 8752  Precision @ 1: 0.9768  AUC @ 1: 0.9986
Validation Data Eval:
  Num examples: 960  Num correct: 779  Precision @ 1: 0.8115  AUC @ 1: 0.8816
Test Data Eval:
  Num examples: 1856  Num correct: 1306  Precision @ 1: 0.7037  AUC @ 1: 0.7642
Step 5200: loss = 0.5873 (0.080 sec)
Training Data Eval:
  Num examples: 8960  Num correct: 8655  Precision @ 1: 0.9660  AUC @ 1: 0.9985
Validation Data Eval:
  Num examples: 960  Num correct: 773  Precision @ 1: 0.8052  AUC @ 1: 0.8803
Test Data Eval:
  Num examples: 1856  Num correct: 1334  Precision @ 1: 0.7188  AUC @ 1: 0.7739
Step 5300: loss = 0.5389 (0.080 sec)
Training Data Eval:
  Num examples: 8960  Num correct: 8737  Precision @ 1: 0.9751  AUC @ 1: 0.9981
Validation Data Eval:
  Num examples: 960  Num correct: 775  Precision @ 1: 0.8073  AUC @ 1: 0.8767
Test Data Eval:
  Num examples: 1856  Num correct: 1310  Precision @ 1: 0.7058  AUC @ 1: 0.7674
Step 5400: loss = 0.6312 (0.080 sec)
Training Data Eval:
  Num examples: 8960  Num correct: 6357  Precision @ 1: 0.7095  AUC @ 1: 0.9544
Validation Data Eval:
  Num examples: 960  Num correct: 646  Precision @ 1: 0.6729  AUC @ 1: 0.8319
Test Data Eval:
  Num examples: 1856  Num correct: 1214  Precision @ 1: 0.6541  AUC @ 1: 0.7437
Step 5500: loss = 1.7904 (0.079 sec)
Training Data Eval:
  Num examples: 8960  Num correct: 8714  Precision @ 1: 0.9725  AUC @ 1: 0.9984
Validation Data Eval:
  Num examples: 960  Num correct: 764  Precision @ 1: 0.7958  AUC @ 1: 0.8706
Test Data Eval:
  Num examples: 1856  Num correct: 1339  Precision @ 1: 0.7214  AUC @ 1: 0.7690
Step 5600: loss = 0.5244 (0.162 sec)
Training Data Eval:
  Num examples: 8960  Num correct: 8653  Precision @ 1: 0.9657  AUC @ 1: 0.9966
Validation Data Eval:
  Num examples: 960  Num correct: 762  Precision @ 1: 0.7937  AUC @ 1: 0.8729
Test Data Eval:
  Num examples: 1856  Num correct: 1335  Precision @ 1: 0.7193  AUC @ 1: 0.7829
Step 5700: loss = 0.4627 (0.080 sec)
Training Data Eval:
  Num examples: 8960  Num correct: 8756  Precision @ 1: 0.9772  AUC @ 1: 0.9985
Validation Data Eval:
  Num examples: 960  Num correct: 787  Precision @ 1: 0.8198  AUC @ 1: 0.8884
Test Data Eval:
  Num examples: 1856  Num correct: 1342  Precision @ 1: 0.7231  AUC @ 1: 0.7841
Step 5800: loss = 0.4762 (0.081 sec)
Training Data Eval:
  Num examples: 8960  Num correct: 8748  Precision @ 1: 0.9763  AUC @ 1: 0.9985
Validation Data Eval:
  Num examples: 960  Num correct: 776  Precision @ 1: 0.8083  AUC @ 1: 0.8802
Test Data Eval:
  Num examples: 1856  Num correct: 1336  Precision @ 1: 0.7198  AUC @ 1: 0.7775
Step 5900: loss = 0.4864 (0.082 sec)
Training Data Eval:
  Num examples: 8960  Num correct: 8770  Precision @ 1: 0.9788  AUC @ 1: 0.9986
Validation Data Eval:
  Num examples: 960  Num correct: 776  Precision @ 1: 0.8083  AUC @ 1: 0.8757
Test Data Eval:
  Num examples: 1856  Num correct: 1340  Precision @ 1: 0.7220  AUC @ 1: 0.7806
Step 6000: loss = 0.5146 (0.079 sec)
Training Data Eval:
  Num examples: 8960  Num correct: 8758  Precision @ 1: 0.9775  AUC @ 1: 0.9986
Validation Data Eval:
  Num examples: 960  Num correct: 765  Precision @ 1: 0.7969  AUC @ 1: 0.8749
Test Data Eval:
  Num examples: 1856  Num correct: 1352  Precision @ 1: 0.7284  AUC @ 1: 0.7801
Step 6100: loss = 0.4847 (0.080 sec)
Training Data Eval:
  Num examples: 8960  Num correct: 8810  Precision @ 1: 0.9833  AUC @ 1: 0.9990
Validation Data Eval:
  Num examples: 960  Num correct: 771  Precision @ 1: 0.8031  AUC @ 1: 0.8714
Test Data Eval:
  Num examples: 1856  Num correct: 1315  Precision @ 1: 0.7085  AUC @ 1: 0.7692
Step 6200: loss = 0.5599 (0.081 sec)
Training Data Eval:
  Num examples: 8960  Num correct: 8668  Precision @ 1: 0.9674  AUC @ 1: 0.9981
Validation Data Eval:
  Num examples: 960  Num correct: 751  Precision @ 1: 0.7823  AUC @ 1: 0.8652
Test Data Eval:
  Num examples: 1856  Num correct: 1243  Precision @ 1: 0.6697  AUC @ 1: 0.7585
Step 6300: loss = 0.6191 (0.162 sec)
Training Data Eval:
  Num examples: 8960  Num correct: 8739  Precision @ 1: 0.9753  AUC @ 1: 0.9982
Validation Data Eval:
  Num examples: 960  Num correct: 761  Precision @ 1: 0.7927  AUC @ 1: 0.8691
Test Data Eval:
  Num examples: 1856  Num correct: 1294  Precision @ 1: 0.6972  AUC @ 1: 0.7627
Step 6400: loss = 0.4821 (0.081 sec)
Training Data Eval:
  Num examples: 8960  Num correct: 8751  Precision @ 1: 0.9767  AUC @ 1: 0.9983
Validation Data Eval:
  Num examples: 960  Num correct: 785  Precision @ 1: 0.8177  AUC @ 1: 0.8765
Test Data Eval:
  Num examples: 1856  Num correct: 1303  Precision @ 1: 0.7020  AUC @ 1: 0.7661
Step 6500: loss = 0.4177 (0.082 sec)
Training Data Eval:
  Num examples: 8960  Num correct: 8732  Precision @ 1: 0.9746  AUC @ 1: 0.9979
Validation Data Eval:
  Num examples: 960  Num correct: 773  Precision @ 1: 0.8052  AUC @ 1: 0.8722
Test Data Eval:
  Num examples: 1856  Num correct: 1317  Precision @ 1: 0.7096  AUC @ 1: 0.7715
Step 6600: loss = 0.4751 (0.077 sec)
Training Data Eval:
  Num examples: 8960  Num correct: 8731  Precision @ 1: 0.9744  AUC @ 1: 0.9979
Validation Data Eval:
  Num examples: 960  Num correct: 776  Precision @ 1: 0.8083  AUC @ 1: 0.8732
Test Data Eval:
  Num examples: 1856  Num correct: 1319  Precision @ 1: 0.7107  AUC @ 1: 0.7639
Step 6700: loss = 0.3430 (0.081 sec)
Training Data Eval:
  Num examples: 8960  Num correct: 8809  Precision @ 1: 0.9831  AUC @ 1: 0.9991
Validation Data Eval:
  Num examples: 960  Num correct: 787  Precision @ 1: 0.8198  AUC @ 1: 0.8870
Test Data Eval:
  Num examples: 1856  Num correct: 1314  Precision @ 1: 0.7080  AUC @ 1: 0.7611
Step 6800: loss = 0.3543 (0.076 sec)
Training Data Eval:
  Num examples: 8960  Num correct: 8785  Precision @ 1: 0.9805  AUC @ 1: 0.9987
Validation Data Eval:
  Num examples: 960  Num correct: 770  Precision @ 1: 0.8021  AUC @ 1: 0.8718
Test Data Eval:
  Num examples: 1856  Num correct: 1299  Precision @ 1: 0.6999  AUC @ 1: 0.7755
Step 6900: loss = 0.3468 (0.080 sec)
Training Data Eval:
  Num examples: 8960  Num correct: 8792  Precision @ 1: 0.9812  AUC @ 1: 0.9991
Validation Data Eval:
  Num examples: 960  Num correct: 779  Precision @ 1: 0.8115  AUC @ 1: 0.8703
Test Data Eval:
  Num examples: 1856  Num correct: 1314  Precision @ 1: 0.7080  AUC @ 1: 0.7694
Step 7000: loss = 0.3677 (0.164 sec)
Training Data Eval:
  Num examples: 8960  Num correct: 8806  Precision @ 1: 0.9828  AUC @ 1: 0.9992
Validation Data Eval:
  Num examples: 960  Num correct: 782  Precision @ 1: 0.8146  AUC @ 1: 0.8756
Test Data Eval:
  Num examples: 1856  Num correct: 1310  Precision @ 1: 0.7058  AUC @ 1: 0.7659
Step 7100: loss = 0.3716 (0.077 sec)
Training Data Eval:
  Num examples: 8960  Num correct: 8812  Precision @ 1: 0.9835  AUC @ 1: 0.9990
Validation Data Eval:
  Num examples: 960  Num correct: 781  Precision @ 1: 0.8135  AUC @ 1: 0.8765
Test Data Eval:
  Num examples: 1856  Num correct: 1291  Precision @ 1: 0.6956  AUC @ 1: 0.7676
Step 7200: loss = 0.3599 (0.077 sec)
Training Data Eval:
  Num examples: 8960  Num correct: 8728  Precision @ 1: 0.9741  AUC @ 1: 0.9983
Validation Data Eval:
  Num examples: 960  Num correct: 779  Precision @ 1: 0.8115  AUC @ 1: 0.8799
Test Data Eval:
  Num examples: 1856  Num correct: 1313  Precision @ 1: 0.7074  AUC @ 1: 0.7726
Step 7300: loss = 0.3681 (0.081 sec)
Training Data Eval:
  Num examples: 8960  Num correct: 8807  Precision @ 1: 0.9829  AUC @ 1: 0.9992
Validation Data Eval:
  Num examples: 960  Num correct: 779  Precision @ 1: 0.8115  AUC @ 1: 0.8759
Test Data Eval:
  Num examples: 1856  Num correct: 1323  Precision @ 1: 0.7128  AUC @ 1: 0.7705
Step 7400: loss = 0.3561 (0.081 sec)
Training Data Eval:
  Num examples: 8960  Num correct: 8837  Precision @ 1: 0.9863  AUC @ 1: 0.9995
Validation Data Eval:
  Num examples: 960  Num correct: 781  Precision @ 1: 0.8135  AUC @ 1: 0.8697
Test Data Eval:
  Num examples: 1856  Num correct: 1308  Precision @ 1: 0.7047  AUC @ 1: 0.7806
Step 7500: loss = 0.4395 (0.078 sec)
Training Data Eval:
  Num examples: 8960  Num correct: 8750  Precision @ 1: 0.9766  AUC @ 1: 0.9981
Validation Data Eval:
  Num examples: 960  Num correct: 774  Precision @ 1: 0.8063  AUC @ 1: 0.8759
Test Data Eval:
  Num examples: 1856  Num correct: 1314  Precision @ 1: 0.7080  AUC @ 1: 0.7772
Step 7600: loss = 0.3414 (0.080 sec)
Training Data Eval:
  Num examples: 8960  Num correct: 8811  Precision @ 1: 0.9834  AUC @ 1: 0.9990
Validation Data Eval:
  Num examples: 960  Num correct: 758  Precision @ 1: 0.7896  AUC @ 1: 0.8689
Test Data Eval:
  Num examples: 1856  Num correct: 1302  Precision @ 1: 0.7015  AUC @ 1: 0.7725
Step 7700: loss = 0.3643 (0.165 sec)
Training Data Eval:
  Num examples: 8960  Num correct: 8766  Precision @ 1: 0.9783  AUC @ 1: 0.9987
Validation Data Eval:
  Num examples: 960  Num correct: 773  Precision @ 1: 0.8052  AUC @ 1: 0.8733
Test Data Eval:
  Num examples: 1856  Num correct: 1308  Precision @ 1: 0.7047  AUC @ 1: 0.7639
Step 7800: loss = 0.4410 (0.082 sec)
Training Data Eval:
  Num examples: 8960  Num correct: 8650  Precision @ 1: 0.9654  AUC @ 1: 0.9968
Validation Data Eval:
  Num examples: 960  Num correct: 732  Precision @ 1: 0.7625  AUC @ 1: 0.8482
Test Data Eval:
  Num examples: 1856  Num correct: 1282  Precision @ 1: 0.6907  AUC @ 1: 0.7691
Step 7900: loss = 0.3556 (0.081 sec)
Training Data Eval:
  Num examples: 8960  Num correct: 8827  Precision @ 1: 0.9852  AUC @ 1: 0.9993
Validation Data Eval:
  Num examples: 960  Num correct: 772  Precision @ 1: 0.8042  AUC @ 1: 0.8744
Test Data Eval:
  Num examples: 1856  Num correct: 1320  Precision @ 1: 0.7112  AUC @ 1: 0.7701
Step 8000: loss = 0.3538 (0.082 sec)
Training Data Eval:
  Num examples: 8960  Num correct: 8769  Precision @ 1: 0.9787  AUC @ 1: 0.9983
Validation Data Eval:
  Num examples: 960  Num correct: 753  Precision @ 1: 0.7844  AUC @ 1: 0.8667
Test Data Eval:
  Num examples: 1856  Num correct: 1271  Precision @ 1: 0.6848  AUC @ 1: 0.7587
Step 8100: loss = 0.3796 (0.080 sec)
Training Data Eval:
  Num examples: 8960  Num correct: 8692  Precision @ 1: 0.9701  AUC @ 1: 0.9984
Validation Data Eval:
  Num examples: 960  Num correct: 763  Precision @ 1: 0.7948  AUC @ 1: 0.8720
Test Data Eval:
  Num examples: 1856  Num correct: 1274  Precision @ 1: 0.6864  AUC @ 1: 0.7601
Step 8200: loss = 0.3575 (0.081 sec)
Training Data Eval:
  Num examples: 8960  Num correct: 8816  Precision @ 1: 0.9839  AUC @ 1: 0.9991
Validation Data Eval:
  Num examples: 960  Num correct: 777  Precision @ 1: 0.8094  AUC @ 1: 0.8748
Test Data Eval:
  Num examples: 1856  Num correct: 1320  Precision @ 1: 0.7112  AUC @ 1: 0.7667
Step 8300: loss = 0.3333 (0.081 sec)
Training Data Eval:
  Num examples: 8960  Num correct: 8761  Precision @ 1: 0.9778  AUC @ 1: 0.9987
Validation Data Eval:
  Num examples: 960  Num correct: 778  Precision @ 1: 0.8104  AUC @ 1: 0.8785
Test Data Eval:
  Num examples: 1856  Num correct: 1323  Precision @ 1: 0.7128  AUC @ 1: 0.7748
Step 8400: loss = 0.3398 (0.169 sec)
Training Data Eval:
  Num examples: 8960  Num correct: 8773  Precision @ 1: 0.9791  AUC @ 1: 0.9987
Validation Data Eval:
  Num examples: 960  Num correct: 767  Precision @ 1: 0.7990  AUC @ 1: 0.8696
Test Data Eval:
  Num examples: 1856  Num correct: 1298  Precision @ 1: 0.6994  AUC @ 1: 0.7675
Step 8500: loss = 0.3440 (0.082 sec)
Training Data Eval:
  Num examples: 8960  Num correct: 8818  Precision @ 1: 0.9842  AUC @ 1: 0.9992
Validation Data Eval:
  Num examples: 960  Num correct: 777  Precision @ 1: 0.8094  AUC @ 1: 0.8785
Test Data Eval:
  Num examples: 1856  Num correct: 1281  Precision @ 1: 0.6902  AUC @ 1: 0.7576
Step 8600: loss = 0.3585 (0.081 sec)
Training Data Eval:
  Num examples: 8960  Num correct: 8826  Precision @ 1: 0.9850  AUC @ 1: 0.9995
Validation Data Eval:
  Num examples: 960  Num correct: 772  Precision @ 1: 0.8042  AUC @ 1: 0.8749
Test Data Eval:
  Num examples: 1856  Num correct: 1306  Precision @ 1: 0.7037  AUC @ 1: 0.7695
Step 8700: loss = 0.3100 (0.081 sec)
Training Data Eval:
  Num examples: 8960  Num correct: 8795  Precision @ 1: 0.9816  AUC @ 1: 0.9994
Validation Data Eval:
  Num examples: 960  Num correct: 765  Precision @ 1: 0.7969  AUC @ 1: 0.8667
Test Data Eval:
  Num examples: 1856  Num correct: 1325  Precision @ 1: 0.7139  AUC @ 1: 0.7627
Step 8800: loss = 0.2830 (0.081 sec)
Training Data Eval:
  Num examples: 8960  Num correct: 8784  Precision @ 1: 0.9804  AUC @ 1: 0.9989
Validation Data Eval:
  Num examples: 960  Num correct: 770  Precision @ 1: 0.8021  AUC @ 1: 0.8727
Test Data Eval:
  Num examples: 1856  Num correct: 1330  Precision @ 1: 0.7166  AUC @ 1: 0.7696
Step 8900: loss = 0.2982 (0.078 sec)
Training Data Eval:
  Num examples: 8960  Num correct: 8776  Precision @ 1: 0.9795  AUC @ 1: 0.9988
Validation Data Eval:
  Num examples: 960  Num correct: 769  Precision @ 1: 0.8010  AUC @ 1: 0.8804
Test Data Eval:
  Num examples: 1856  Num correct: 1270  Precision @ 1: 0.6843  AUC @ 1: 0.7539
Step 9000: loss = 0.3235 (0.078 sec)
Training Data Eval:
  Num examples: 8960  Num correct: 8782  Precision @ 1: 0.9801  AUC @ 1: 0.9981
Validation Data Eval:
  Num examples: 960  Num correct: 766  Precision @ 1: 0.7979  AUC @ 1: 0.8585
Test Data Eval:
  Num examples: 1856  Num correct: 1324  Precision @ 1: 0.7134  AUC @ 1: 0.7724
Step 9100: loss = 0.2780 (0.166 sec)
Training Data Eval:
  Num examples: 8960  Num correct: 8743  Precision @ 1: 0.9758  AUC @ 1: 0.9987
Validation Data Eval:
  Num examples: 960  Num correct: 766  Precision @ 1: 0.7979  AUC @ 1: 0.8613
Test Data Eval:
  Num examples: 1856  Num correct: 1329  Precision @ 1: 0.7161  AUC @ 1: 0.7624
Step 9200: loss = 0.3306 (0.079 sec)
Training Data Eval:
  Num examples: 8960  Num correct: 8838  Precision @ 1: 0.9864  AUC @ 1: 0.9992
Validation Data Eval:
  Num examples: 960  Num correct: 786  Precision @ 1: 0.8187  AUC @ 1: 0.8775
Test Data Eval:
  Num examples: 1856  Num correct: 1321  Precision @ 1: 0.7117  AUC @ 1: 0.7708
Step 9300: loss = 0.3562 (0.082 sec)
Training Data Eval:
  Num examples: 8960  Num correct: 8807  Precision @ 1: 0.9829  AUC @ 1: 0.9992
Validation Data Eval:
  Num examples: 960  Num correct: 786  Precision @ 1: 0.8187  AUC @ 1: 0.8806
Test Data Eval:
  Num examples: 1856  Num correct: 1316  Precision @ 1: 0.7091  AUC @ 1: 0.7623
Step 9400: loss = 0.3215 (0.079 sec)
Training Data Eval:
  Num examples: 8960  Num correct: 8840  Precision @ 1: 0.9866  AUC @ 1: 0.9993
Validation Data Eval:
  Num examples: 960  Num correct: 768  Precision @ 1: 0.8000  AUC @ 1: 0.8678
Test Data Eval:
  Num examples: 1856  Num correct: 1306  Precision @ 1: 0.7037  AUC @ 1: 0.7685
Step 9500: loss = 0.3115 (0.081 sec)
Training Data Eval:
  Num examples: 8960  Num correct: 8820  Precision @ 1: 0.9844  AUC @ 1: 0.9994
Validation Data Eval:
  Num examples: 960  Num correct: 777  Precision @ 1: 0.8094  AUC @ 1: 0.8692
Test Data Eval:
  Num examples: 1856  Num correct: 1296  Precision @ 1: 0.6983  AUC @ 1: 0.7691
Step 9600: loss = 0.3570 (0.080 sec)
Training Data Eval:
  Num examples: 8960  Num correct: 8820  Precision @ 1: 0.9844  AUC @ 1: 0.9992
Validation Data Eval:
  Num examples: 960  Num correct: 758  Precision @ 1: 0.7896  AUC @ 1: 0.8653
Test Data Eval:
  Num examples: 1856  Num correct: 1284  Precision @ 1: 0.6918  AUC @ 1: 0.7628
Step 9700: loss = 0.3028 (0.079 sec)
Training Data Eval:
  Num examples: 8960  Num correct: 8830  Precision @ 1: 0.9855  AUC @ 1: 0.9994
Validation Data Eval:
  Num examples: 960  Num correct: 751  Precision @ 1: 0.7823  AUC @ 1: 0.8528
Test Data Eval:
  Num examples: 1856  Num correct: 1338  Precision @ 1: 0.7209  AUC @ 1: 0.7651
Step 9800: loss = 0.3074 (0.166 sec)
Training Data Eval:
  Num examples: 8960  Num correct: 8787  Precision @ 1: 0.9807  AUC @ 1: 0.9988
Validation Data Eval:
  Num examples: 960  Num correct: 771  Precision @ 1: 0.8031  AUC @ 1: 0.8708
Test Data Eval:
  Num examples: 1856  Num correct: 1317  Precision @ 1: 0.7096  AUC @ 1: 0.7547
Step 9900: loss = 0.3126 (0.081 sec)
Training Data Eval:
  Num examples: 8960  Num correct: 8785  Precision @ 1: 0.9805  AUC @ 1: 0.9989
Validation Data Eval:
  Num examples: 960  Num correct: 770  Precision @ 1: 0.8021  AUC @ 1: 0.8644
Test Data Eval:
  Num examples: 1856  Num correct: 1299  Precision @ 1: 0.6999  AUC @ 1: 0.7520
