Training data shape: 	(3822, 30, 64, 1)
Training label shape:	(3822,)
Testing data shape:  	(513, 30, 64, 1)
Testing label shape: 	(513,)
max input value is: 3457.30786133
min input value is: -4872.94775391
random permuted training data
==============================================================================
Model: 			inference_stcnn
Tensor Name: 	Placeholder:0
[128, 30, 64, 1]
==============================================================================
Tensor Name: conv0/conv0:0
[128, 1, 60, 32]
==============================================================================
Tensor Name: MaxPool:0
[128, 1, 30, 32]
==============================================================================
Tensor Name: conv1/conv1:0
[128, 1, 26, 64]
==============================================================================
Tensor Name: MaxPool_1:0
[128, 1, 13, 64]
==============================================================================
Tensor Name: conv2/conv2:0
[128, 1, 9, 8]
==============================================================================
Tensor Name: MaxPool_2:0
[128, 1, 4, 8]
==============================================================================
Tensor Name: local1/local1:0
[128, 128]
==============================================================================
Tensor Name: local2/local2:0
[128, 128]
==============================================================================
Tensor Name: softmax_linear/softmax_linear:0
[128, 2]
Step 0: loss = 0.7454 (0.051 sec)
Training Data Eval:
  Num examples: 3456  Num correct: 1967  Precision @ 1: 0.5692  AUC @ 1: 0.4752
Validation Data Eval:
  Num examples: 256  Num correct: 132  Precision @ 1: 0.5156  AUC @ 1: 0.4486
Test Data Eval:
  Num examples: 512  Num correct: 287  Precision @ 1: 0.5605  AUC @ 1: 0.5068
Step 200: loss = 0.7295 (0.036 sec)
Training Data Eval:
  Num examples: 3456  Num correct: 1961  Precision @ 1: 0.5674  AUC @ 1: 0.4894
Validation Data Eval:
  Num examples: 256  Num correct: 132  Precision @ 1: 0.5156  AUC @ 1: 0.4698
Test Data Eval:
  Num examples: 512  Num correct: 288  Precision @ 1: 0.5625  AUC @ 1: 0.5166
Step 400: loss = 0.7189 (0.036 sec)
Training Data Eval:
  Num examples: 3456  Num correct: 1979  Precision @ 1: 0.5726  AUC @ 1: 0.5157
Validation Data Eval:
  Num examples: 256  Num correct: 132  Precision @ 1: 0.5156  AUC @ 1: 0.4883
Test Data Eval:
  Num examples: 512  Num correct: 288  Precision @ 1: 0.5625  AUC @ 1: 0.5378
Step 600: loss = 0.7699 (0.036 sec)
Training Data Eval:
  Num examples: 3456  Num correct: 2005  Precision @ 1: 0.5802  AUC @ 1: 0.5337
Validation Data Eval:
  Num examples: 256  Num correct: 132  Precision @ 1: 0.5156  AUC @ 1: 0.5170
Test Data Eval:
  Num examples: 512  Num correct: 288  Precision @ 1: 0.5625  AUC @ 1: 0.5683
Step 800: loss = 0.7154 (0.036 sec)
Training Data Eval:
  Num examples: 3456  Num correct: 1959  Precision @ 1: 0.5668  AUC @ 1: 0.5491
Validation Data Eval:
  Num examples: 256  Num correct: 132  Precision @ 1: 0.5156  AUC @ 1: 0.5505
Test Data Eval:
  Num examples: 512  Num correct: 287  Precision @ 1: 0.5605  AUC @ 1: 0.5997
Step 1000: loss = 0.7535 (0.037 sec)
Training Data Eval:
  Num examples: 3456  Num correct: 1936  Precision @ 1: 0.5602  AUC @ 1: 0.5728
Validation Data Eval:
  Num examples: 256  Num correct: 132  Precision @ 1: 0.5156  AUC @ 1: 0.5744
Test Data Eval:
  Num examples: 512  Num correct: 287  Precision @ 1: 0.5605  AUC @ 1: 0.6291
Step 1200: loss = 0.7041 (0.036 sec)
Training Data Eval:
  Num examples: 3456  Num correct: 1978  Precision @ 1: 0.5723  AUC @ 1: 0.5936
Validation Data Eval:
  Num examples: 256  Num correct: 132  Precision @ 1: 0.5156  AUC @ 1: 0.5996
Test Data Eval:
  Num examples: 512  Num correct: 288  Precision @ 1: 0.5625  AUC @ 1: 0.6550
Step 1400: loss = 0.7439 (0.036 sec)
Training Data Eval:
  Num examples: 3456  Num correct: 1960  Precision @ 1: 0.5671  AUC @ 1: 0.6129
Validation Data Eval:
  Num examples: 256  Num correct: 132  Precision @ 1: 0.5156  AUC @ 1: 0.6216
Test Data Eval:
  Num examples: 512  Num correct: 288  Precision @ 1: 0.5625  AUC @ 1: 0.6799
Step 1600: loss = 0.7453 (0.037 sec)
Training Data Eval:
  Num examples: 3456  Num correct: 1954  Precision @ 1: 0.5654  AUC @ 1: 0.6305
Validation Data Eval:
  Num examples: 256  Num correct: 132  Precision @ 1: 0.5156  AUC @ 1: 0.6414
Test Data Eval:
  Num examples: 512  Num correct: 287  Precision @ 1: 0.5605  AUC @ 1: 0.6974
Step 1800: loss = 0.7457 (0.036 sec)
Training Data Eval:
  Num examples: 3456  Num correct: 1985  Precision @ 1: 0.5744  AUC @ 1: 0.6440
Validation Data Eval:
  Num examples: 256  Num correct: 132  Precision @ 1: 0.5156  AUC @ 1: 0.6628
Test Data Eval:
  Num examples: 512  Num correct: 287  Precision @ 1: 0.5605  AUC @ 1: 0.7109
Step 2000: loss = 0.7301 (0.036 sec)
Training Data Eval:
  Num examples: 3456  Num correct: 1991  Precision @ 1: 0.5761  AUC @ 1: 0.6650
Validation Data Eval:
  Num examples: 256  Num correct: 132  Precision @ 1: 0.5156  AUC @ 1: 0.6827
Test Data Eval:
  Num examples: 512  Num correct: 288  Precision @ 1: 0.5625  AUC @ 1: 0.7136
Step 2200: loss = 0.7503 (0.036 sec)
Training Data Eval:
  Num examples: 3456  Num correct: 1978  Precision @ 1: 0.5723  AUC @ 1: 0.6661
Validation Data Eval:
  Num examples: 256  Num correct: 132  Precision @ 1: 0.5156  AUC @ 1: 0.6964
Test Data Eval:
  Num examples: 512  Num correct: 287  Precision @ 1: 0.5605  AUC @ 1: 0.7091
Step 2400: loss = 0.7295 (0.035 sec)
Training Data Eval:
  Num examples: 3456  Num correct: 1982  Precision @ 1: 0.5735  AUC @ 1: 0.6618
Validation Data Eval:
  Num examples: 256  Num correct: 132  Precision @ 1: 0.5156  AUC @ 1: 0.7085
Test Data Eval:
  Num examples: 512  Num correct: 287  Precision @ 1: 0.5605  AUC @ 1: 0.6964
Step 2600: loss = 0.7155 (0.037 sec)
Training Data Eval:
  Num examples: 3456  Num correct: 1945  Precision @ 1: 0.5628  AUC @ 1: 0.6745
Validation Data Eval:
  Num examples: 256  Num correct: 132  Precision @ 1: 0.5156  AUC @ 1: 0.7182
Test Data Eval:
  Num examples: 512  Num correct: 288  Precision @ 1: 0.5625  AUC @ 1: 0.6849
Step 2800: loss = 0.7187 (0.037 sec)
Training Data Eval:
  Num examples: 3456  Num correct: 1971  Precision @ 1: 0.5703  AUC @ 1: 0.6728
Validation Data Eval:
  Num examples: 256  Num correct: 132  Precision @ 1: 0.5156  AUC @ 1: 0.7293
Test Data Eval:
  Num examples: 512  Num correct: 288  Precision @ 1: 0.5625  AUC @ 1: 0.6741
Step 3000: loss = 0.7027 (0.037 sec)
Training Data Eval:
  Num examples: 3456  Num correct: 1952  Precision @ 1: 0.5648  AUC @ 1: 0.7014
Validation Data Eval:
  Num examples: 256  Num correct: 132  Precision @ 1: 0.5156  AUC @ 1: 0.7281
Test Data Eval:
  Num examples: 512  Num correct: 287  Precision @ 1: 0.5605  AUC @ 1: 0.6483
Step 3200: loss = 0.7211 (0.036 sec)
Training Data Eval:
  Num examples: 3456  Num correct: 1965  Precision @ 1: 0.5686  AUC @ 1: 0.6973
Validation Data Eval:
  Num examples: 256  Num correct: 132  Precision @ 1: 0.5156  AUC @ 1: 0.7134
Test Data Eval:
  Num examples: 512  Num correct: 288  Precision @ 1: 0.5625  AUC @ 1: 0.6159
Step 3400: loss = 0.6859 (0.036 sec)
Training Data Eval:
  Num examples: 3456  Num correct: 1967  Precision @ 1: 0.5692  AUC @ 1: 0.7024
Validation Data Eval:
  Num examples: 256  Num correct: 137  Precision @ 1: 0.5352  AUC @ 1: 0.7199
Test Data Eval:
  Num examples: 512  Num correct: 287  Precision @ 1: 0.5605  AUC @ 1: 0.6235
Step 3600: loss = 0.6885 (0.037 sec)
Training Data Eval:
  Num examples: 3456  Num correct: 2156  Precision @ 1: 0.6238  AUC @ 1: 0.7337
Validation Data Eval:
  Num examples: 256  Num correct: 145  Precision @ 1: 0.5664  AUC @ 1: 0.7345
Test Data Eval:
  Num examples: 512  Num correct: 298  Precision @ 1: 0.5820  AUC @ 1: 0.6664
Step 3800: loss = 0.6642 (0.036 sec)
Training Data Eval:
  Num examples: 3456  Num correct: 2222  Precision @ 1: 0.6429  AUC @ 1: 0.7539
Validation Data Eval:
  Num examples: 256  Num correct: 155  Precision @ 1: 0.6055  AUC @ 1: 0.7462
Test Data Eval:
  Num examples: 512  Num correct: 316  Precision @ 1: 0.6172  AUC @ 1: 0.7298
Step 4000: loss = 0.6568 (0.035 sec)
Training Data Eval:
  Num examples: 3456  Num correct: 2291  Precision @ 1: 0.6629  AUC @ 1: 0.7633
Validation Data Eval:
  Num examples: 256  Num correct: 160  Precision @ 1: 0.6250  AUC @ 1: 0.7405
Test Data Eval:
  Num examples: 512  Num correct: 323  Precision @ 1: 0.6309  AUC @ 1: 0.7590
Step 4200: loss = 0.6025 (0.037 sec)
Training Data Eval:
  Num examples: 3456  Num correct: 2381  Precision @ 1: 0.6889  AUC @ 1: 0.7715
Validation Data Eval:
  Num examples: 256  Num correct: 164  Precision @ 1: 0.6406  AUC @ 1: 0.7400
Test Data Eval:
  Num examples: 512  Num correct: 338  Precision @ 1: 0.6602  AUC @ 1: 0.7665
Step 4400: loss = 0.6420 (0.036 sec)
Training Data Eval:
  Num examples: 3456  Num correct: 2378  Precision @ 1: 0.6881  AUC @ 1: 0.7691
Validation Data Eval:
  Num examples: 256  Num correct: 165  Precision @ 1: 0.6445  AUC @ 1: 0.7399
Test Data Eval:
  Num examples: 512  Num correct: 356  Precision @ 1: 0.6953  AUC @ 1: 0.7751
Step 4600: loss = 0.5579 (0.036 sec)
Training Data Eval:
  Num examples: 3456  Num correct: 2402  Precision @ 1: 0.6950  AUC @ 1: 0.7765
Validation Data Eval:
  Num examples: 256  Num correct: 172  Precision @ 1: 0.6719  AUC @ 1: 0.7683
Test Data Eval:
  Num examples: 512  Num correct: 346  Precision @ 1: 0.6758  AUC @ 1: 0.7735
Step 4800: loss = 0.5970 (0.036 sec)
Training Data Eval:
  Num examples: 3456  Num correct: 2488  Precision @ 1: 0.7199  AUC @ 1: 0.7929
Validation Data Eval:
  Num examples: 256  Num correct: 177  Precision @ 1: 0.6914  AUC @ 1: 0.7669
Test Data Eval:
  Num examples: 512  Num correct: 359  Precision @ 1: 0.7012  AUC @ 1: 0.7725
Step 5000: loss = 0.6141 (0.037 sec)
Training Data Eval:
  Num examples: 3456  Num correct: 2436  Precision @ 1: 0.7049  AUC @ 1: 0.7808
Validation Data Eval:
  Num examples: 256  Num correct: 178  Precision @ 1: 0.6953  AUC @ 1: 0.7644
Test Data Eval:
  Num examples: 512  Num correct: 370  Precision @ 1: 0.7227  AUC @ 1: 0.7882
Step 5200: loss = 0.6056 (0.036 sec)
Training Data Eval:
  Num examples: 3456  Num correct: 2479  Precision @ 1: 0.7173  AUC @ 1: 0.7950
Validation Data Eval:
  Num examples: 256  Num correct: 178  Precision @ 1: 0.6953  AUC @ 1: 0.7708
Test Data Eval:
  Num examples: 512  Num correct: 364  Precision @ 1: 0.7109  AUC @ 1: 0.7884
Step 5400: loss = 0.6654 (0.070 sec)
Training Data Eval:
  Num examples: 3456  Num correct: 2526  Precision @ 1: 0.7309  AUC @ 1: 0.8068
Validation Data Eval:
  Num examples: 256  Num correct: 182  Precision @ 1: 0.7109  AUC @ 1: 0.7639
Test Data Eval:
  Num examples: 512  Num correct: 365  Precision @ 1: 0.7129  AUC @ 1: 0.7885
Step 5600: loss = 0.5814 (0.036 sec)
Training Data Eval:
  Num examples: 3456  Num correct: 2529  Precision @ 1: 0.7318  AUC @ 1: 0.8003
Validation Data Eval:
  Num examples: 256  Num correct: 185  Precision @ 1: 0.7227  AUC @ 1: 0.7747
Test Data Eval:
  Num examples: 512  Num correct: 362  Precision @ 1: 0.7070  AUC @ 1: 0.7862
Step 5800: loss = 0.5867 (0.036 sec)
Training Data Eval:
  Num examples: 3456  Num correct: 2515  Precision @ 1: 0.7277  AUC @ 1: 0.7865
Validation Data Eval:
  Num examples: 256  Num correct: 181  Precision @ 1: 0.7070  AUC @ 1: 0.7664
Test Data Eval:
  Num examples: 512  Num correct: 356  Precision @ 1: 0.6953  AUC @ 1: 0.7782
Step 6000: loss = 0.6143 (0.037 sec)
Training Data Eval:
  Num examples: 3456  Num correct: 2581  Precision @ 1: 0.7468  AUC @ 1: 0.8087
Validation Data Eval:
  Num examples: 256  Num correct: 183  Precision @ 1: 0.7148  AUC @ 1: 0.7763
Test Data Eval:
  Num examples: 512  Num correct: 364  Precision @ 1: 0.7109  AUC @ 1: 0.7891
Step 6200: loss = 0.5051 (0.035 sec)
Training Data Eval:
  Num examples: 3456  Num correct: 2558  Precision @ 1: 0.7402  AUC @ 1: 0.8121
Validation Data Eval:
  Num examples: 256  Num correct: 182  Precision @ 1: 0.7109  AUC @ 1: 0.7702
Test Data Eval:
  Num examples: 512  Num correct: 365  Precision @ 1: 0.7129  AUC @ 1: 0.7881
Step 6400: loss = 0.6158 (0.036 sec)
Training Data Eval:
  Num examples: 3456  Num correct: 2577  Precision @ 1: 0.7457  AUC @ 1: 0.8199
Validation Data Eval:
  Num examples: 256  Num correct: 184  Precision @ 1: 0.7188  AUC @ 1: 0.7791
Test Data Eval:
  Num examples: 512  Num correct: 357  Precision @ 1: 0.6973  AUC @ 1: 0.7797
Step 6600: loss = 0.5543 (0.035 sec)
Training Data Eval:
  Num examples: 3456  Num correct: 2577  Precision @ 1: 0.7457  AUC @ 1: 0.8130
Validation Data Eval:
  Num examples: 256  Num correct: 186  Precision @ 1: 0.7266  AUC @ 1: 0.7838
Test Data Eval:
  Num examples: 512  Num correct: 357  Precision @ 1: 0.6973  AUC @ 1: 0.7794
Step 6800: loss = 0.4945 (0.036 sec)
Training Data Eval:
  Num examples: 3456  Num correct: 2605  Precision @ 1: 0.7538  AUC @ 1: 0.8246
Validation Data Eval:
  Num examples: 256  Num correct: 180  Precision @ 1: 0.7031  AUC @ 1: 0.7593
Test Data Eval:
  Num examples: 512  Num correct: 366  Precision @ 1: 0.7148  AUC @ 1: 0.7884
Step 7000: loss = 0.5333 (0.036 sec)
Training Data Eval:
  Num examples: 3456  Num correct: 2596  Precision @ 1: 0.7512  AUC @ 1: 0.8254
Validation Data Eval:
  Num examples: 256  Num correct: 182  Precision @ 1: 0.7109  AUC @ 1: 0.7765
Test Data Eval:
  Num examples: 512  Num correct: 367  Precision @ 1: 0.7168  AUC @ 1: 0.7878
Step 7200: loss = 0.5513 (0.036 sec)
Training Data Eval:
  Num examples: 3456  Num correct: 2561  Precision @ 1: 0.7410  AUC @ 1: 0.8250
Validation Data Eval:
  Num examples: 256  Num correct: 179  Precision @ 1: 0.6992  AUC @ 1: 0.7615
Test Data Eval:
  Num examples: 512  Num correct: 358  Precision @ 1: 0.6992  AUC @ 1: 0.7751
Step 7400: loss = 0.5268 (0.037 sec)
Training Data Eval:
  Num examples: 3456  Num correct: 2592  Precision @ 1: 0.7500  AUC @ 1: 0.8198
Validation Data Eval:
  Num examples: 256  Num correct: 178  Precision @ 1: 0.6953  AUC @ 1: 0.7648
Test Data Eval:
  Num examples: 512  Num correct: 359  Precision @ 1: 0.7012  AUC @ 1: 0.7786
Step 7600: loss = 0.5001 (0.037 sec)
Training Data Eval:
  Num examples: 3456  Num correct: 2610  Precision @ 1: 0.7552  AUC @ 1: 0.8311
Validation Data Eval:
  Num examples: 256  Num correct: 184  Precision @ 1: 0.7188  AUC @ 1: 0.7782
Test Data Eval:
  Num examples: 512  Num correct: 354  Precision @ 1: 0.6914  AUC @ 1: 0.7693
Step 7800: loss = 0.5145 (0.036 sec)
Training Data Eval:
  Num examples: 3456  Num correct: 2422  Precision @ 1: 0.7008  AUC @ 1: 0.8062
Validation Data Eval:
  Num examples: 256  Num correct: 171  Precision @ 1: 0.6680  AUC @ 1: 0.7403
Test Data Eval:
  Num examples: 512  Num correct: 331  Precision @ 1: 0.6465  AUC @ 1: 0.7560
Step 8000: loss = 0.5418 (0.037 sec)
Training Data Eval:
  Num examples: 3456  Num correct: 2613  Precision @ 1: 0.7561  AUC @ 1: 0.8329
Validation Data Eval:
  Num examples: 256  Num correct: 179  Precision @ 1: 0.6992  AUC @ 1: 0.7633
Test Data Eval:
  Num examples: 512  Num correct: 357  Precision @ 1: 0.6973  AUC @ 1: 0.7806
Step 8200: loss = 0.4686 (0.036 sec)
Training Data Eval:
  Num examples: 3456  Num correct: 2641  Precision @ 1: 0.7642  AUC @ 1: 0.8403
Validation Data Eval:
  Num examples: 256  Num correct: 187  Precision @ 1: 0.7305  AUC @ 1: 0.7793
Test Data Eval:
  Num examples: 512  Num correct: 354  Precision @ 1: 0.6914  AUC @ 1: 0.7714
Step 8400: loss = 0.5190 (0.036 sec)
Training Data Eval:
  Num examples: 3456  Num correct: 2637  Precision @ 1: 0.7630  AUC @ 1: 0.8386
Validation Data Eval:
  Num examples: 256  Num correct: 188  Precision @ 1: 0.7344  AUC @ 1: 0.7760
Test Data Eval:
  Num examples: 512  Num correct: 350  Precision @ 1: 0.6836  AUC @ 1: 0.7693
Step 8600: loss = 0.4671 (0.038 sec)
Training Data Eval:
  Num examples: 3456  Num correct: 2657  Precision @ 1: 0.7688  AUC @ 1: 0.8475
Validation Data Eval:
  Num examples: 256  Num correct: 181  Precision @ 1: 0.7070  AUC @ 1: 0.7617
Test Data Eval:
  Num examples: 512  Num correct: 353  Precision @ 1: 0.6895  AUC @ 1: 0.7702
Step 8800: loss = 0.4626 (0.037 sec)
Training Data Eval:
  Num examples: 3456  Num correct: 2713  Precision @ 1: 0.7850  AUC @ 1: 0.8552
Validation Data Eval:
  Num examples: 256  Num correct: 188  Precision @ 1: 0.7344  AUC @ 1: 0.7611
Test Data Eval:
  Num examples: 512  Num correct: 356  Precision @ 1: 0.6953  AUC @ 1: 0.7604
Step 9000: loss = 0.5236 (0.037 sec)
Training Data Eval:
  Num examples: 3456  Num correct: 2682  Precision @ 1: 0.7760  AUC @ 1: 0.8523
Validation Data Eval:
  Num examples: 256  Num correct: 186  Precision @ 1: 0.7266  AUC @ 1: 0.7696
Test Data Eval:
  Num examples: 512  Num correct: 350  Precision @ 1: 0.6836  AUC @ 1: 0.7725
Step 9200: loss = 0.4677 (0.037 sec)
Training Data Eval:
  Num examples: 3456  Num correct: 2692  Precision @ 1: 0.7789  AUC @ 1: 0.8621
Validation Data Eval:
  Num examples: 256  Num correct: 187  Precision @ 1: 0.7305  AUC @ 1: 0.7684
Test Data Eval:
  Num examples: 512  Num correct: 363  Precision @ 1: 0.7090  AUC @ 1: 0.7663
Step 9400: loss = 0.4767 (0.036 sec)
Training Data Eval:
  Num examples: 3456  Num correct: 2700  Precision @ 1: 0.7812  AUC @ 1: 0.8617
Validation Data Eval:
  Num examples: 256  Num correct: 187  Precision @ 1: 0.7305  AUC @ 1: 0.7791
Test Data Eval:
  Num examples: 512  Num correct: 344  Precision @ 1: 0.6719  AUC @ 1: 0.7582
Step 9600: loss = 0.4181 (0.037 sec)
Training Data Eval:
  Num examples: 3456  Num correct: 2722  Precision @ 1: 0.7876  AUC @ 1: 0.8642
Validation Data Eval:
  Num examples: 256  Num correct: 185  Precision @ 1: 0.7227  AUC @ 1: 0.7708
Test Data Eval:
  Num examples: 512  Num correct: 346  Precision @ 1: 0.6758  AUC @ 1: 0.7621
Step 9800: loss = 0.5478 (0.036 sec)
Training Data Eval:
  Num examples: 3456  Num correct: 2743  Precision @ 1: 0.7937  AUC @ 1: 0.8681
Validation Data Eval:
  Num examples: 256  Num correct: 189  Precision @ 1: 0.7383  AUC @ 1: 0.7821
Test Data Eval:
  Num examples: 512  Num correct: 359  Precision @ 1: 0.7012  AUC @ 1: 0.7667
