Training data shape: 	(3822, 30, 64, 1)
Training label shape:	(3822,)
Testing data shape:  	(513, 30, 64, 1)
Testing label shape: 	(513,)
max input value is: 3457.30786133
min input value is: -4872.94775391
random permuted training data
==============================================================================
Model: 			inference_stcnn
Tensor Name: 	Placeholder:0
[128, 30, 64, 1]
==============================================================================
Tensor Name: conv0/conv0:0
[128, 1, 60, 4]
==============================================================================
Tensor Name: MaxPool:0
[128, 1, 30, 4]
==============================================================================
Tensor Name: conv1/conv1:0
[128, 1, 26, 8]
==============================================================================
Tensor Name: MaxPool_1:0
[128, 1, 13, 8]
==============================================================================
Tensor Name: local1/local1:0
[128, 128]
==============================================================================
Tensor Name: local2/local2:0
[128, 128]
==============================================================================
Tensor Name: softmax_linear/softmax_linear:0
[128, 2]
Step 0: loss = 0.7654 (0.031 sec)
Training Data Eval:
  Num examples: 3456  Num correct: 1954  Precision @ 1: 0.5654  AUC @ 1: 0.5660
Validation Data Eval:
  Num examples: 256  Num correct: 143  Precision @ 1: 0.5586  AUC @ 1: 0.5045
Test Data Eval:
  Num examples: 512  Num correct: 287  Precision @ 1: 0.5605  AUC @ 1: 0.5674
Step 200: loss = 0.7506 (0.014 sec)
Training Data Eval:
  Num examples: 3456  Num correct: 1961  Precision @ 1: 0.5674  AUC @ 1: 0.5507
Validation Data Eval:
  Num examples: 256  Num correct: 143  Precision @ 1: 0.5586  AUC @ 1: 0.5254
Test Data Eval:
  Num examples: 512  Num correct: 288  Precision @ 1: 0.5625  AUC @ 1: 0.5881
Step 400: loss = 0.7588 (0.014 sec)
Training Data Eval:
  Num examples: 3456  Num correct: 1958  Precision @ 1: 0.5666  AUC @ 1: 0.5940
Validation Data Eval:
  Num examples: 256  Num correct: 143  Precision @ 1: 0.5586  AUC @ 1: 0.5442
Test Data Eval:
  Num examples: 512  Num correct: 287  Precision @ 1: 0.5605  AUC @ 1: 0.6058
Step 600: loss = 0.7109 (0.015 sec)
Training Data Eval:
  Num examples: 3456  Num correct: 1987  Precision @ 1: 0.5749  AUC @ 1: 0.6221
Validation Data Eval:
  Num examples: 256  Num correct: 143  Precision @ 1: 0.5586  AUC @ 1: 0.5684
Test Data Eval:
  Num examples: 512  Num correct: 288  Precision @ 1: 0.5625  AUC @ 1: 0.6167
Step 800: loss = 0.7608 (0.015 sec)
Training Data Eval:
  Num examples: 3456  Num correct: 1972  Precision @ 1: 0.5706  AUC @ 1: 0.6561
Validation Data Eval:
  Num examples: 256  Num correct: 143  Precision @ 1: 0.5586  AUC @ 1: 0.6168
Test Data Eval:
  Num examples: 512  Num correct: 287  Precision @ 1: 0.5605  AUC @ 1: 0.6005
Step 1000: loss = 0.7374 (0.015 sec)
Training Data Eval:
  Num examples: 3456  Num correct: 1969  Precision @ 1: 0.5697  AUC @ 1: 0.6340
Validation Data Eval:
  Num examples: 256  Num correct: 143  Precision @ 1: 0.5586  AUC @ 1: 0.6354
Test Data Eval:
  Num examples: 512  Num correct: 287  Precision @ 1: 0.5605  AUC @ 1: 0.5941
Step 1200: loss = 0.7308 (0.015 sec)
Training Data Eval:
  Num examples: 3456  Num correct: 2034  Precision @ 1: 0.5885  AUC @ 1: 0.6462
Validation Data Eval:
  Num examples: 256  Num correct: 154  Precision @ 1: 0.6016  AUC @ 1: 0.6484
Test Data Eval:
  Num examples: 512  Num correct: 288  Precision @ 1: 0.5625  AUC @ 1: 0.5896
Step 1400: loss = 0.7560 (0.014 sec)
Training Data Eval:
  Num examples: 3456  Num correct: 2039  Precision @ 1: 0.5900  AUC @ 1: 0.6414
Validation Data Eval:
  Num examples: 256  Num correct: 154  Precision @ 1: 0.6016  AUC @ 1: 0.6546
Test Data Eval:
  Num examples: 512  Num correct: 277  Precision @ 1: 0.5410  AUC @ 1: 0.5887
Step 1600: loss = 0.7342 (0.015 sec)
Training Data Eval:
  Num examples: 3456  Num correct: 2056  Precision @ 1: 0.5949  AUC @ 1: 0.6501
Validation Data Eval:
  Num examples: 256  Num correct: 157  Precision @ 1: 0.6133  AUC @ 1: 0.6678
Test Data Eval:
  Num examples: 512  Num correct: 283  Precision @ 1: 0.5527  AUC @ 1: 0.5933
Step 1800: loss = 0.7541 (0.014 sec)
Training Data Eval:
  Num examples: 3456  Num correct: 2096  Precision @ 1: 0.6065  AUC @ 1: 0.6609
Validation Data Eval:
  Num examples: 256  Num correct: 159  Precision @ 1: 0.6211  AUC @ 1: 0.6737
Test Data Eval:
  Num examples: 512  Num correct: 281  Precision @ 1: 0.5488  AUC @ 1: 0.5981
Step 2000: loss = 0.6823 (0.015 sec)
Training Data Eval:
  Num examples: 3456  Num correct: 2112  Precision @ 1: 0.6111  AUC @ 1: 0.6603
Validation Data Eval:
  Num examples: 256  Num correct: 158  Precision @ 1: 0.6172  AUC @ 1: 0.6709
Test Data Eval:
  Num examples: 512  Num correct: 270  Precision @ 1: 0.5273  AUC @ 1: 0.5995
Step 2200: loss = 0.7133 (0.015 sec)
Training Data Eval:
  Num examples: 3456  Num correct: 2116  Precision @ 1: 0.6123  AUC @ 1: 0.6663
Validation Data Eval:
  Num examples: 256  Num correct: 160  Precision @ 1: 0.6250  AUC @ 1: 0.6783
Test Data Eval:
  Num examples: 512  Num correct: 272  Precision @ 1: 0.5312  AUC @ 1: 0.6018
Step 2400: loss = 0.7217 (0.015 sec)
Training Data Eval:
  Num examples: 3456  Num correct: 2160  Precision @ 1: 0.6250  AUC @ 1: 0.6554
Validation Data Eval:
  Num examples: 256  Num correct: 166  Precision @ 1: 0.6484  AUC @ 1: 0.6801
Test Data Eval:
  Num examples: 512  Num correct: 277  Precision @ 1: 0.5410  AUC @ 1: 0.5946
Step 2600: loss = 0.7052 (0.015 sec)
Training Data Eval:
  Num examples: 3456  Num correct: 2158  Precision @ 1: 0.6244  AUC @ 1: 0.6587
Validation Data Eval:
  Num examples: 256  Num correct: 166  Precision @ 1: 0.6484  AUC @ 1: 0.6755
Test Data Eval:
  Num examples: 512  Num correct: 278  Precision @ 1: 0.5430  AUC @ 1: 0.5859
Step 2800: loss = 0.7368 (0.015 sec)
Training Data Eval:
  Num examples: 3456  Num correct: 2201  Precision @ 1: 0.6369  AUC @ 1: 0.6718
Validation Data Eval:
  Num examples: 256  Num correct: 168  Precision @ 1: 0.6562  AUC @ 1: 0.6809
Test Data Eval:
  Num examples: 512  Num correct: 282  Precision @ 1: 0.5508  AUC @ 1: 0.5905
Step 3000: loss = 0.6871 (0.014 sec)
Training Data Eval:
  Num examples: 3456  Num correct: 2210  Precision @ 1: 0.6395  AUC @ 1: 0.6783
Validation Data Eval:
  Num examples: 256  Num correct: 174  Precision @ 1: 0.6797  AUC @ 1: 0.6854
Test Data Eval:
  Num examples: 512  Num correct: 282  Precision @ 1: 0.5508  AUC @ 1: 0.5962
Step 3200: loss = 0.7133 (0.015 sec)
Training Data Eval:
  Num examples: 3456  Num correct: 2219  Precision @ 1: 0.6421  AUC @ 1: 0.6779
Validation Data Eval:
  Num examples: 256  Num correct: 167  Precision @ 1: 0.6523  AUC @ 1: 0.6868
Test Data Eval:
  Num examples: 512  Num correct: 283  Precision @ 1: 0.5527  AUC @ 1: 0.5938
Step 3400: loss = 0.7132 (0.015 sec)
Training Data Eval:
  Num examples: 3456  Num correct: 2180  Precision @ 1: 0.6308  AUC @ 1: 0.6673
Validation Data Eval:
  Num examples: 256  Num correct: 171  Precision @ 1: 0.6680  AUC @ 1: 0.6844
Test Data Eval:
  Num examples: 512  Num correct: 284  Precision @ 1: 0.5547  AUC @ 1: 0.5861
Step 3600: loss = 0.6694 (0.014 sec)
Training Data Eval:
  Num examples: 3456  Num correct: 2253  Precision @ 1: 0.6519  AUC @ 1: 0.6954
Validation Data Eval:
  Num examples: 256  Num correct: 173  Precision @ 1: 0.6758  AUC @ 1: 0.6864
Test Data Eval:
  Num examples: 512  Num correct: 288  Precision @ 1: 0.5625  AUC @ 1: 0.5977
Step 3800: loss = 0.7178 (0.014 sec)
Training Data Eval:
  Num examples: 3456  Num correct: 2242  Precision @ 1: 0.6487  AUC @ 1: 0.7001
Validation Data Eval:
  Num examples: 256  Num correct: 172  Precision @ 1: 0.6719  AUC @ 1: 0.6851
Test Data Eval:
  Num examples: 512  Num correct: 288  Precision @ 1: 0.5625  AUC @ 1: 0.5987
Step 4000: loss = 0.6869 (0.014 sec)
Training Data Eval:
  Num examples: 3456  Num correct: 2196  Precision @ 1: 0.6354  AUC @ 1: 0.6732
Validation Data Eval:
  Num examples: 256  Num correct: 166  Precision @ 1: 0.6484  AUC @ 1: 0.6829
Test Data Eval:
  Num examples: 512  Num correct: 280  Precision @ 1: 0.5469  AUC @ 1: 0.5971
Step 4200: loss = 0.6695 (0.015 sec)
Training Data Eval:
  Num examples: 3456  Num correct: 2237  Precision @ 1: 0.6473  AUC @ 1: 0.6941
Validation Data Eval:
  Num examples: 256  Num correct: 164  Precision @ 1: 0.6406  AUC @ 1: 0.6812
Test Data Eval:
  Num examples: 512  Num correct: 288  Precision @ 1: 0.5625  AUC @ 1: 0.6015
Step 4400: loss = 0.6718 (0.014 sec)
Training Data Eval:
  Num examples: 3456  Num correct: 2306  Precision @ 1: 0.6672  AUC @ 1: 0.7126
Validation Data Eval:
  Num examples: 256  Num correct: 164  Precision @ 1: 0.6406  AUC @ 1: 0.6832
Test Data Eval:
  Num examples: 512  Num correct: 296  Precision @ 1: 0.5781  AUC @ 1: 0.6080
Step 4600: loss = 0.7409 (0.014 sec)
Training Data Eval:
  Num examples: 3456  Num correct: 2276  Precision @ 1: 0.6586  AUC @ 1: 0.7035
Validation Data Eval:
  Num examples: 256  Num correct: 162  Precision @ 1: 0.6328  AUC @ 1: 0.6828
Test Data Eval:
  Num examples: 512  Num correct: 290  Precision @ 1: 0.5664  AUC @ 1: 0.6062
Step 4800: loss = 0.6753 (0.014 sec)
Training Data Eval:
  Num examples: 3456  Num correct: 2276  Precision @ 1: 0.6586  AUC @ 1: 0.7015
Validation Data Eval:
  Num examples: 256  Num correct: 161  Precision @ 1: 0.6289  AUC @ 1: 0.6818
Test Data Eval:
  Num examples: 512  Num correct: 291  Precision @ 1: 0.5684  AUC @ 1: 0.6046
Step 5000: loss = 0.6822 (0.014 sec)
Training Data Eval:
  Num examples: 3456  Num correct: 2300  Precision @ 1: 0.6655  AUC @ 1: 0.7166
Validation Data Eval:
  Num examples: 256  Num correct: 161  Precision @ 1: 0.6289  AUC @ 1: 0.6841
Test Data Eval:
  Num examples: 512  Num correct: 295  Precision @ 1: 0.5762  AUC @ 1: 0.6112
Step 5200: loss = 0.6604 (0.015 sec)
Training Data Eval:
  Num examples: 3456  Num correct: 2287  Precision @ 1: 0.6617  AUC @ 1: 0.7162
Validation Data Eval:
  Num examples: 256  Num correct: 163  Precision @ 1: 0.6367  AUC @ 1: 0.6878
Test Data Eval:
  Num examples: 512  Num correct: 301  Precision @ 1: 0.5879  AUC @ 1: 0.6151
Step 5400: loss = 0.6692 (0.051 sec)
Training Data Eval:
  Num examples: 3456  Num correct: 2277  Precision @ 1: 0.6589  AUC @ 1: 0.7139
Validation Data Eval:
  Num examples: 256  Num correct: 164  Precision @ 1: 0.6406  AUC @ 1: 0.6931
Test Data Eval:
  Num examples: 512  Num correct: 301  Precision @ 1: 0.5879  AUC @ 1: 0.6156
Step 5600: loss = 0.6788 (0.015 sec)
Training Data Eval:
  Num examples: 3456  Num correct: 2324  Precision @ 1: 0.6725  AUC @ 1: 0.7289
Validation Data Eval:
  Num examples: 256  Num correct: 164  Precision @ 1: 0.6406  AUC @ 1: 0.6976
Test Data Eval:
  Num examples: 512  Num correct: 299  Precision @ 1: 0.5840  AUC @ 1: 0.6133
Step 5800: loss = 0.6777 (0.015 sec)
Training Data Eval:
  Num examples: 3456  Num correct: 2359  Precision @ 1: 0.6826  AUC @ 1: 0.7396
Validation Data Eval:
  Num examples: 256  Num correct: 165  Precision @ 1: 0.6445  AUC @ 1: 0.7013
Test Data Eval:
  Num examples: 512  Num correct: 301  Precision @ 1: 0.5879  AUC @ 1: 0.6219
Step 6000: loss = 0.6339 (0.015 sec)
Training Data Eval:
  Num examples: 3456  Num correct: 2312  Precision @ 1: 0.6690  AUC @ 1: 0.7363
Validation Data Eval:
  Num examples: 256  Num correct: 167  Precision @ 1: 0.6523  AUC @ 1: 0.7051
Test Data Eval:
  Num examples: 512  Num correct: 303  Precision @ 1: 0.5918  AUC @ 1: 0.6268
Step 6200: loss = 0.7055 (0.015 sec)
Training Data Eval:
  Num examples: 3456  Num correct: 2384  Precision @ 1: 0.6898  AUC @ 1: 0.7470
Validation Data Eval:
  Num examples: 256  Num correct: 163  Precision @ 1: 0.6367  AUC @ 1: 0.7116
Test Data Eval:
  Num examples: 512  Num correct: 313  Precision @ 1: 0.6113  AUC @ 1: 0.6401
Step 6400: loss = 0.6651 (0.014 sec)
Training Data Eval:
  Num examples: 3456  Num correct: 2427  Precision @ 1: 0.7023  AUC @ 1: 0.7586
Validation Data Eval:
  Num examples: 256  Num correct: 169  Precision @ 1: 0.6602  AUC @ 1: 0.7193
Test Data Eval:
  Num examples: 512  Num correct: 316  Precision @ 1: 0.6172  AUC @ 1: 0.6497
Step 6600: loss = 0.6588 (0.014 sec)
Training Data Eval:
  Num examples: 3456  Num correct: 2432  Precision @ 1: 0.7037  AUC @ 1: 0.7665
Validation Data Eval:
  Num examples: 256  Num correct: 165  Precision @ 1: 0.6445  AUC @ 1: 0.7133
Test Data Eval:
  Num examples: 512  Num correct: 316  Precision @ 1: 0.6172  AUC @ 1: 0.6536
Step 6800: loss = 0.6203 (0.014 sec)
Training Data Eval:
  Num examples: 3456  Num correct: 2457  Precision @ 1: 0.7109  AUC @ 1: 0.7782
Validation Data Eval:
  Num examples: 256  Num correct: 168  Precision @ 1: 0.6562  AUC @ 1: 0.7235
Test Data Eval:
  Num examples: 512  Num correct: 320  Precision @ 1: 0.6250  AUC @ 1: 0.6619
Step 7000: loss = 0.6772 (0.015 sec)
Training Data Eval:
  Num examples: 3456  Num correct: 2469  Precision @ 1: 0.7144  AUC @ 1: 0.7854
Validation Data Eval:
  Num examples: 256  Num correct: 172  Precision @ 1: 0.6719  AUC @ 1: 0.7317
Test Data Eval:
  Num examples: 512  Num correct: 315  Precision @ 1: 0.6152  AUC @ 1: 0.6631
Step 7200: loss = 0.6012 (0.015 sec)
Training Data Eval:
  Num examples: 3456  Num correct: 2474  Precision @ 1: 0.7159  AUC @ 1: 0.7768
Validation Data Eval:
  Num examples: 256  Num correct: 174  Precision @ 1: 0.6797  AUC @ 1: 0.7337
Test Data Eval:
  Num examples: 512  Num correct: 318  Precision @ 1: 0.6211  AUC @ 1: 0.6683
Step 7400: loss = 0.6124 (0.015 sec)
Training Data Eval:
  Num examples: 3456  Num correct: 2510  Precision @ 1: 0.7263  AUC @ 1: 0.7998
Validation Data Eval:
  Num examples: 256  Num correct: 174  Precision @ 1: 0.6797  AUC @ 1: 0.7468
Test Data Eval:
  Num examples: 512  Num correct: 329  Precision @ 1: 0.6426  AUC @ 1: 0.6974
Step 7600: loss = 0.5904 (0.014 sec)
Training Data Eval:
  Num examples: 3456  Num correct: 2495  Precision @ 1: 0.7219  AUC @ 1: 0.7918
Validation Data Eval:
  Num examples: 256  Num correct: 179  Precision @ 1: 0.6992  AUC @ 1: 0.7592
Test Data Eval:
  Num examples: 512  Num correct: 322  Precision @ 1: 0.6289  AUC @ 1: 0.7037
Step 7800: loss = 0.5731 (0.015 sec)
Training Data Eval:
  Num examples: 3456  Num correct: 2532  Precision @ 1: 0.7326  AUC @ 1: 0.8036
Validation Data Eval:
  Num examples: 256  Num correct: 183  Precision @ 1: 0.7148  AUC @ 1: 0.7742
Test Data Eval:
  Num examples: 512  Num correct: 337  Precision @ 1: 0.6582  AUC @ 1: 0.7203
Step 8000: loss = 0.6727 (0.015 sec)
Training Data Eval:
  Num examples: 3456  Num correct: 2545  Precision @ 1: 0.7364  AUC @ 1: 0.8103
Validation Data Eval:
  Num examples: 256  Num correct: 187  Precision @ 1: 0.7305  AUC @ 1: 0.7744
Test Data Eval:
  Num examples: 512  Num correct: 333  Precision @ 1: 0.6504  AUC @ 1: 0.7223
Step 8200: loss = 0.5494 (0.014 sec)
Training Data Eval:
  Num examples: 3456  Num correct: 2542  Precision @ 1: 0.7355  AUC @ 1: 0.8047
Validation Data Eval:
  Num examples: 256  Num correct: 186  Precision @ 1: 0.7266  AUC @ 1: 0.7734
Test Data Eval:
  Num examples: 512  Num correct: 336  Precision @ 1: 0.6562  AUC @ 1: 0.7251
Step 8400: loss = 0.6250 (0.014 sec)
Training Data Eval:
  Num examples: 3456  Num correct: 2600  Precision @ 1: 0.7523  AUC @ 1: 0.8222
Validation Data Eval:
  Num examples: 256  Num correct: 187  Precision @ 1: 0.7305  AUC @ 1: 0.7898
Test Data Eval:
  Num examples: 512  Num correct: 332  Precision @ 1: 0.6484  AUC @ 1: 0.7308
Step 8600: loss = 0.6393 (0.014 sec)
Training Data Eval:
  Num examples: 3456  Num correct: 2596  Precision @ 1: 0.7512  AUC @ 1: 0.8269
Validation Data Eval:
  Num examples: 256  Num correct: 186  Precision @ 1: 0.7266  AUC @ 1: 0.7897
Test Data Eval:
  Num examples: 512  Num correct: 336  Precision @ 1: 0.6562  AUC @ 1: 0.7372
Step 8800: loss = 0.5858 (0.015 sec)
Training Data Eval:
  Num examples: 3456  Num correct: 2597  Precision @ 1: 0.7514  AUC @ 1: 0.8284
Validation Data Eval:
  Num examples: 256  Num correct: 185  Precision @ 1: 0.7227  AUC @ 1: 0.7936
Test Data Eval:
  Num examples: 512  Num correct: 340  Precision @ 1: 0.6641  AUC @ 1: 0.7524
Step 9000: loss = 0.5427 (0.014 sec)
Training Data Eval:
  Num examples: 3456  Num correct: 2604  Precision @ 1: 0.7535  AUC @ 1: 0.8395
Validation Data Eval:
  Num examples: 256  Num correct: 188  Precision @ 1: 0.7344  AUC @ 1: 0.7863
Test Data Eval:
  Num examples: 512  Num correct: 340  Precision @ 1: 0.6641  AUC @ 1: 0.7423
Step 9200: loss = 0.6217 (0.015 sec)
Training Data Eval:
  Num examples: 3456  Num correct: 2605  Precision @ 1: 0.7538  AUC @ 1: 0.8355
Validation Data Eval:
  Num examples: 256  Num correct: 189  Precision @ 1: 0.7383  AUC @ 1: 0.7960
Test Data Eval:
  Num examples: 512  Num correct: 349  Precision @ 1: 0.6816  AUC @ 1: 0.7534
Step 9400: loss = 0.5636 (0.015 sec)
Training Data Eval:
  Num examples: 3456  Num correct: 2696  Precision @ 1: 0.7801  AUC @ 1: 0.8540
Validation Data Eval:
  Num examples: 256  Num correct: 186  Precision @ 1: 0.7266  AUC @ 1: 0.7976
Test Data Eval:
  Num examples: 512  Num correct: 339  Precision @ 1: 0.6621  AUC @ 1: 0.7522
Step 9600: loss = 0.5281 (0.015 sec)
Training Data Eval:
  Num examples: 3456  Num correct: 2673  Precision @ 1: 0.7734  AUC @ 1: 0.8526
Validation Data Eval:
  Num examples: 256  Num correct: 184  Precision @ 1: 0.7188  AUC @ 1: 0.7992
Test Data Eval:
  Num examples: 512  Num correct: 337  Precision @ 1: 0.6582  AUC @ 1: 0.7566
Step 9800: loss = 0.4882 (0.017 sec)
Training Data Eval:
  Num examples: 3456  Num correct: 2662  Precision @ 1: 0.7703  AUC @ 1: 0.8512
Validation Data Eval:
  Num examples: 256  Num correct: 186  Precision @ 1: 0.7266  AUC @ 1: 0.7893
Test Data Eval:
  Num examples: 512  Num correct: 350  Precision @ 1: 0.6836  AUC @ 1: 0.7587
