Training data shape: 	(10000, 64, 64, 1)
Training label shape:	(10000,)
Testing data shape:  	(1910, 64, 64, 1)
Testing label shape: 	(1910,)
max input value is: 153.458
min input value is: -104.189
random permuted training data
==============================================================================
Model: 			inference_cvcnn
Tensor Name: 	Placeholder:0
[64, 64, 64, 1]
==============================================================================
Tensor Name: conv0/conv0:0
[64, 64, 64, 16]
==============================================================================
Tensor Name: local1/local1:0
[64, 128]
==============================================================================
Tensor Name: local2/local2:0
[64, 128]
==============================================================================
Tensor Name: softmax_linear/softmax_linear:0
[64, 2]
Step 0: loss = 21.4947 (0.065 sec)
Training Data Eval:
  Num examples: 8960  Num correct: 6622  Precision @ 1: 0.7391  AUC @ 1: 0.8093
Validation Data Eval:
  Num examples: 960  Num correct: 699  Precision @ 1: 0.7281  AUC @ 1: 0.7978
Test Data Eval:
  Num examples: 1856  Num correct: 1254  Precision @ 1: 0.6756  AUC @ 1: 0.7381
Step 100: loss = 19.8254 (0.055 sec)
Training Data Eval:
  Num examples: 8960  Num correct: 6726  Precision @ 1: 0.7507  AUC @ 1: 0.8366
Validation Data Eval:
  Num examples: 960  Num correct: 728  Precision @ 1: 0.7583  AUC @ 1: 0.8205
Test Data Eval:
  Num examples: 1856  Num correct: 1268  Precision @ 1: 0.6832  AUC @ 1: 0.7293
Step 200: loss = 18.2987 (0.059 sec)
Training Data Eval:
  Num examples: 8960  Num correct: 7041  Precision @ 1: 0.7858  AUC @ 1: 0.8614
Validation Data Eval:
  Num examples: 960  Num correct: 748  Precision @ 1: 0.7792  AUC @ 1: 0.8307
Test Data Eval:
  Num examples: 1856  Num correct: 1319  Precision @ 1: 0.7107  AUC @ 1: 0.7514
Step 300: loss = 16.8447 (0.053 sec)
Training Data Eval:
  Num examples: 8960  Num correct: 7207  Precision @ 1: 0.8044  AUC @ 1: 0.8852
Validation Data Eval:
  Num examples: 960  Num correct: 730  Precision @ 1: 0.7604  AUC @ 1: 0.8361
Test Data Eval:
  Num examples: 1856  Num correct: 1296  Precision @ 1: 0.6983  AUC @ 1: 0.7490
Step 400: loss = 15.6108 (0.056 sec)
Training Data Eval:
  Num examples: 8960  Num correct: 7280  Precision @ 1: 0.8125  AUC @ 1: 0.8915
Validation Data Eval:
  Num examples: 960  Num correct: 744  Precision @ 1: 0.7750  AUC @ 1: 0.8534
Test Data Eval:
  Num examples: 1856  Num correct: 1302  Precision @ 1: 0.7015  AUC @ 1: 0.7583
Step 500: loss = 14.3964 (0.059 sec)
Training Data Eval:
  Num examples: 8960  Num correct: 7442  Precision @ 1: 0.8306  AUC @ 1: 0.9097
Validation Data Eval:
  Num examples: 960  Num correct: 752  Precision @ 1: 0.7833  AUC @ 1: 0.8495
Test Data Eval:
  Num examples: 1856  Num correct: 1333  Precision @ 1: 0.7182  AUC @ 1: 0.7513
Step 600: loss = 13.2651 (0.058 sec)
Training Data Eval:
  Num examples: 8960  Num correct: 7136  Precision @ 1: 0.7964  AUC @ 1: 0.9158
Validation Data Eval:
  Num examples: 960  Num correct: 742  Precision @ 1: 0.7729  AUC @ 1: 0.8545
Test Data Eval:
  Num examples: 1856  Num correct: 1272  Precision @ 1: 0.6853  AUC @ 1: 0.7536
Step 700: loss = 12.3577 (0.141 sec)
Training Data Eval:
  Num examples: 8960  Num correct: 7517  Precision @ 1: 0.8390  AUC @ 1: 0.9244
Validation Data Eval:
  Num examples: 960  Num correct: 755  Precision @ 1: 0.7865  AUC @ 1: 0.8665
Test Data Eval:
  Num examples: 1856  Num correct: 1352  Precision @ 1: 0.7284  AUC @ 1: 0.7804
Step 800: loss = 11.3359 (0.057 sec)
Training Data Eval:
  Num examples: 8960  Num correct: 7686  Precision @ 1: 0.8578  AUC @ 1: 0.9335
Validation Data Eval:
  Num examples: 960  Num correct: 757  Precision @ 1: 0.7885  AUC @ 1: 0.8591
Test Data Eval:
  Num examples: 1856  Num correct: 1342  Precision @ 1: 0.7231  AUC @ 1: 0.7754
Step 900: loss = 10.5353 (0.061 sec)
Training Data Eval:
  Num examples: 8960  Num correct: 7746  Precision @ 1: 0.8645  AUC @ 1: 0.9482
Validation Data Eval:
  Num examples: 960  Num correct: 758  Precision @ 1: 0.7896  AUC @ 1: 0.8603
Test Data Eval:
  Num examples: 1856  Num correct: 1324  Precision @ 1: 0.7134  AUC @ 1: 0.7677
Step 1000: loss = 9.7906 (0.064 sec)
Training Data Eval:
  Num examples: 8960  Num correct: 7806  Precision @ 1: 0.8712  AUC @ 1: 0.9471
Validation Data Eval:
  Num examples: 960  Num correct: 762  Precision @ 1: 0.7937  AUC @ 1: 0.8642
Test Data Eval:
  Num examples: 1856  Num correct: 1329  Precision @ 1: 0.7161  AUC @ 1: 0.7625
Step 1100: loss = 8.9925 (0.061 sec)
Training Data Eval:
  Num examples: 8960  Num correct: 7818  Precision @ 1: 0.8725  AUC @ 1: 0.9573
Validation Data Eval:
  Num examples: 960  Num correct: 748  Precision @ 1: 0.7792  AUC @ 1: 0.8556
Test Data Eval:
  Num examples: 1856  Num correct: 1317  Precision @ 1: 0.7096  AUC @ 1: 0.7537
Step 1200: loss = 8.4369 (0.058 sec)
Training Data Eval:
  Num examples: 8960  Num correct: 7812  Precision @ 1: 0.8719  AUC @ 1: 0.9596
Validation Data Eval:
  Num examples: 960  Num correct: 760  Precision @ 1: 0.7917  AUC @ 1: 0.8627
Test Data Eval:
  Num examples: 1856  Num correct: 1328  Precision @ 1: 0.7155  AUC @ 1: 0.7610
Step 1300: loss = 7.6182 (0.063 sec)
Training Data Eval:
  Num examples: 8960  Num correct: 8162  Precision @ 1: 0.9109  AUC @ 1: 0.9729
Validation Data Eval:
  Num examples: 960  Num correct: 765  Precision @ 1: 0.7969  AUC @ 1: 0.8733
Test Data Eval:
  Num examples: 1856  Num correct: 1274  Precision @ 1: 0.6864  AUC @ 1: 0.7639
Step 1400: loss = 7.1497 (0.139 sec)
Training Data Eval:
  Num examples: 8960  Num correct: 8156  Precision @ 1: 0.9103  AUC @ 1: 0.9774
Validation Data Eval:
  Num examples: 960  Num correct: 766  Precision @ 1: 0.7979  AUC @ 1: 0.8728
Test Data Eval:
  Num examples: 1856  Num correct: 1318  Precision @ 1: 0.7101  AUC @ 1: 0.7728
Step 1500: loss = 6.5954 (0.057 sec)
Training Data Eval:
  Num examples: 8960  Num correct: 8069  Precision @ 1: 0.9006  AUC @ 1: 0.9710
Validation Data Eval:
  Num examples: 960  Num correct: 748  Precision @ 1: 0.7792  AUC @ 1: 0.8527
Test Data Eval:
  Num examples: 1856  Num correct: 1228  Precision @ 1: 0.6616  AUC @ 1: 0.7486
Step 1600: loss = 6.2121 (0.057 sec)
Training Data Eval:
  Num examples: 8960  Num correct: 8202  Precision @ 1: 0.9154  AUC @ 1: 0.9766
Validation Data Eval:
  Num examples: 960  Num correct: 760  Precision @ 1: 0.7917  AUC @ 1: 0.8644
Test Data Eval:
  Num examples: 1856  Num correct: 1309  Precision @ 1: 0.7053  AUC @ 1: 0.7695
Step 1700: loss = 5.8688 (0.060 sec)
Training Data Eval:
  Num examples: 8960  Num correct: 8153  Precision @ 1: 0.9099  AUC @ 1: 0.9798
Validation Data Eval:
  Num examples: 960  Num correct: 772  Precision @ 1: 0.8042  AUC @ 1: 0.8676
Test Data Eval:
  Num examples: 1856  Num correct: 1330  Precision @ 1: 0.7166  AUC @ 1: 0.7725
Step 1800: loss = 5.2555 (0.057 sec)
Training Data Eval:
  Num examples: 8960  Num correct: 8349  Precision @ 1: 0.9318  AUC @ 1: 0.9866
Validation Data Eval:
  Num examples: 960  Num correct: 780  Precision @ 1: 0.8125  AUC @ 1: 0.8702
Test Data Eval:
  Num examples: 1856  Num correct: 1328  Precision @ 1: 0.7155  AUC @ 1: 0.7666
Step 1900: loss = 4.8976 (0.056 sec)
Training Data Eval:
  Num examples: 8960  Num correct: 8093  Precision @ 1: 0.9032  AUC @ 1: 0.9837
Validation Data Eval:
  Num examples: 960  Num correct: 758  Precision @ 1: 0.7896  AUC @ 1: 0.8595
Test Data Eval:
  Num examples: 1856  Num correct: 1333  Precision @ 1: 0.7182  AUC @ 1: 0.7704
Step 2000: loss = 4.6990 (0.063 sec)
Training Data Eval:
  Num examples: 8960  Num correct: 8555  Precision @ 1: 0.9548  AUC @ 1: 0.9915
Validation Data Eval:
  Num examples: 960  Num correct: 783  Precision @ 1: 0.8156  AUC @ 1: 0.8744
Test Data Eval:
  Num examples: 1856  Num correct: 1304  Precision @ 1: 0.7026  AUC @ 1: 0.7723
Step 2100: loss = 4.1471 (0.138 sec)
Training Data Eval:
  Num examples: 8960  Num correct: 8518  Precision @ 1: 0.9507  AUC @ 1: 0.9930
Validation Data Eval:
  Num examples: 960  Num correct: 766  Precision @ 1: 0.7979  AUC @ 1: 0.8660
Test Data Eval:
  Num examples: 1856  Num correct: 1311  Precision @ 1: 0.7064  AUC @ 1: 0.7696
Step 2200: loss = 3.9721 (0.055 sec)
Training Data Eval:
  Num examples: 8960  Num correct: 8445  Precision @ 1: 0.9425  AUC @ 1: 0.9937
Validation Data Eval:
  Num examples: 960  Num correct: 749  Precision @ 1: 0.7802  AUC @ 1: 0.8554
Test Data Eval:
  Num examples: 1856  Num correct: 1326  Precision @ 1: 0.7144  AUC @ 1: 0.7647
Step 2300: loss = 3.6298 (0.060 sec)
Training Data Eval:
  Num examples: 8960  Num correct: 8603  Precision @ 1: 0.9602  AUC @ 1: 0.9949
Validation Data Eval:
  Num examples: 960  Num correct: 759  Precision @ 1: 0.7906  AUC @ 1: 0.8607
Test Data Eval:
  Num examples: 1856  Num correct: 1307  Precision @ 1: 0.7042  AUC @ 1: 0.7571
Step 2400: loss = 3.3786 (0.058 sec)
Training Data Eval:
  Num examples: 8960  Num correct: 8576  Precision @ 1: 0.9571  AUC @ 1: 0.9958
Validation Data Eval:
  Num examples: 960  Num correct: 760  Precision @ 1: 0.7917  AUC @ 1: 0.8564
Test Data Eval:
  Num examples: 1856  Num correct: 1340  Precision @ 1: 0.7220  AUC @ 1: 0.7728
Step 2500: loss = 3.1740 (0.059 sec)
Training Data Eval:
  Num examples: 8960  Num correct: 8602  Precision @ 1: 0.9600  AUC @ 1: 0.9948
Validation Data Eval:
  Num examples: 960  Num correct: 755  Precision @ 1: 0.7865  AUC @ 1: 0.8658
Test Data Eval:
  Num examples: 1856  Num correct: 1263  Precision @ 1: 0.6805  AUC @ 1: 0.7633
Step 2600: loss = 2.8731 (0.057 sec)
Training Data Eval:
  Num examples: 8960  Num correct: 8646  Precision @ 1: 0.9650  AUC @ 1: 0.9968
Validation Data Eval:
  Num examples: 960  Num correct: 770  Precision @ 1: 0.8021  AUC @ 1: 0.8619
Test Data Eval:
  Num examples: 1856  Num correct: 1351  Precision @ 1: 0.7279  AUC @ 1: 0.7776
Step 2700: loss = 2.7557 (0.056 sec)
Training Data Eval:
  Num examples: 8960  Num correct: 8659  Precision @ 1: 0.9664  AUC @ 1: 0.9972
Validation Data Eval:
  Num examples: 960  Num correct: 747  Precision @ 1: 0.7781  AUC @ 1: 0.8588
Test Data Eval:
  Num examples: 1856  Num correct: 1285  Precision @ 1: 0.6923  AUC @ 1: 0.7625
Step 2800: loss = 2.6541 (0.121 sec)
Training Data Eval:
  Num examples: 8960  Num correct: 8523  Precision @ 1: 0.9512  AUC @ 1: 0.9943
Validation Data Eval:
  Num examples: 960  Num correct: 763  Precision @ 1: 0.7948  AUC @ 1: 0.8655
Test Data Eval:
  Num examples: 1856  Num correct: 1330  Precision @ 1: 0.7166  AUC @ 1: 0.7621
Step 2900: loss = 2.3527 (0.056 sec)
Training Data Eval:
  Num examples: 8960  Num correct: 8665  Precision @ 1: 0.9671  AUC @ 1: 0.9961
Validation Data Eval:
  Num examples: 960  Num correct: 748  Precision @ 1: 0.7792  AUC @ 1: 0.8524
Test Data Eval:
  Num examples: 1856  Num correct: 1239  Precision @ 1: 0.6676  AUC @ 1: 0.7557
Step 3000: loss = 2.1846 (0.056 sec)
Training Data Eval:
  Num examples: 8960  Num correct: 8713  Precision @ 1: 0.9724  AUC @ 1: 0.9980
Validation Data Eval:
  Num examples: 960  Num correct: 768  Precision @ 1: 0.8000  AUC @ 1: 0.8658
Test Data Eval:
  Num examples: 1856  Num correct: 1338  Precision @ 1: 0.7209  AUC @ 1: 0.7685
Step 3100: loss = 2.1326 (0.060 sec)
Training Data Eval:
  Num examples: 8960  Num correct: 8712  Precision @ 1: 0.9723  AUC @ 1: 0.9975
Validation Data Eval:
  Num examples: 960  Num correct: 769  Precision @ 1: 0.8010  AUC @ 1: 0.8714
Test Data Eval:
  Num examples: 1856  Num correct: 1337  Precision @ 1: 0.7204  AUC @ 1: 0.7582
Step 3200: loss = 1.8969 (0.058 sec)
Training Data Eval:
  Num examples: 8960  Num correct: 8688  Precision @ 1: 0.9696  AUC @ 1: 0.9979
Validation Data Eval:
  Num examples: 960  Num correct: 780  Precision @ 1: 0.8125  AUC @ 1: 0.8744
Test Data Eval:
  Num examples: 1856  Num correct: 1334  Precision @ 1: 0.7188  AUC @ 1: 0.7648
Step 3300: loss = 1.7710 (0.055 sec)
Training Data Eval:
  Num examples: 8960  Num correct: 8611  Precision @ 1: 0.9610  AUC @ 1: 0.9920
Validation Data Eval:
  Num examples: 960  Num correct: 747  Precision @ 1: 0.7781  AUC @ 1: 0.8526
Test Data Eval:
  Num examples: 1856  Num correct: 1309  Precision @ 1: 0.7053  AUC @ 1: 0.7572
Step 3400: loss = 1.6834 (0.057 sec)
Training Data Eval:
  Num examples: 8960  Num correct: 8493  Precision @ 1: 0.9479  AUC @ 1: 0.9911
Validation Data Eval:
  Num examples: 960  Num correct: 720  Precision @ 1: 0.7500  AUC @ 1: 0.8601
Test Data Eval:
  Num examples: 1856  Num correct: 1224  Precision @ 1: 0.6595  AUC @ 1: 0.7549
Step 3500: loss = 1.6190 (0.140 sec)
Training Data Eval:
  Num examples: 8960  Num correct: 8744  Precision @ 1: 0.9759  AUC @ 1: 0.9982
Validation Data Eval:
  Num examples: 960  Num correct: 774  Precision @ 1: 0.8063  AUC @ 1: 0.8673
Test Data Eval:
  Num examples: 1856  Num correct: 1338  Precision @ 1: 0.7209  AUC @ 1: 0.7735
Step 3600: loss = 1.7188 (0.060 sec)
Training Data Eval:
  Num examples: 8960  Num correct: 8675  Precision @ 1: 0.9682  AUC @ 1: 0.9976
Validation Data Eval:
  Num examples: 960  Num correct: 778  Precision @ 1: 0.8104  AUC @ 1: 0.8746
Test Data Eval:
  Num examples: 1856  Num correct: 1322  Precision @ 1: 0.7123  AUC @ 1: 0.7691
Step 3700: loss = 1.4593 (0.050 sec)
Training Data Eval:
  Num examples: 8960  Num correct: 8713  Precision @ 1: 0.9724  AUC @ 1: 0.9976
Validation Data Eval:
  Num examples: 960  Num correct: 763  Precision @ 1: 0.7948  AUC @ 1: 0.8659
Test Data Eval:
  Num examples: 1856  Num correct: 1310  Precision @ 1: 0.7058  AUC @ 1: 0.7782
Step 3800: loss = 1.3257 (0.063 sec)
Training Data Eval:
  Num examples: 8960  Num correct: 8666  Precision @ 1: 0.9672  AUC @ 1: 0.9966
Validation Data Eval:
  Num examples: 960  Num correct: 737  Precision @ 1: 0.7677  AUC @ 1: 0.8582
Test Data Eval:
  Num examples: 1856  Num correct: 1269  Precision @ 1: 0.6837  AUC @ 1: 0.7597
Step 3900: loss = 1.2986 (0.059 sec)
Training Data Eval:
  Num examples: 8960  Num correct: 8738  Precision @ 1: 0.9752  AUC @ 1: 0.9980
Validation Data Eval:
  Num examples: 960  Num correct: 769  Precision @ 1: 0.8010  AUC @ 1: 0.8599
Test Data Eval:
  Num examples: 1856  Num correct: 1309  Precision @ 1: 0.7053  AUC @ 1: 0.7652
Step 4000: loss = 1.2019 (0.062 sec)
Training Data Eval:
  Num examples: 8960  Num correct: 8769  Precision @ 1: 0.9787  AUC @ 1: 0.9987
Validation Data Eval:
  Num examples: 960  Num correct: 768  Precision @ 1: 0.8000  AUC @ 1: 0.8587
Test Data Eval:
  Num examples: 1856  Num correct: 1330  Precision @ 1: 0.7166  AUC @ 1: 0.7621
Step 4100: loss = 2.0430 (0.059 sec)
Training Data Eval:
  Num examples: 8960  Num correct: 8757  Precision @ 1: 0.9773  AUC @ 1: 0.9987
Validation Data Eval:
  Num examples: 960  Num correct: 766  Precision @ 1: 0.7979  AUC @ 1: 0.8646
Test Data Eval:
  Num examples: 1856  Num correct: 1309  Precision @ 1: 0.7053  AUC @ 1: 0.7575
Step 4200: loss = 1.0206 (0.140 sec)
Training Data Eval:
  Num examples: 8960  Num correct: 8775  Precision @ 1: 0.9794  AUC @ 1: 0.9985
Validation Data Eval:
  Num examples: 960  Num correct: 764  Precision @ 1: 0.7958  AUC @ 1: 0.8669
Test Data Eval:
  Num examples: 1856  Num correct: 1340  Precision @ 1: 0.7220  AUC @ 1: 0.7812
Step 4300: loss = 0.9798 (0.058 sec)
Training Data Eval:
  Num examples: 8960  Num correct: 8747  Precision @ 1: 0.9762  AUC @ 1: 0.9986
Validation Data Eval:
  Num examples: 960  Num correct: 762  Precision @ 1: 0.7937  AUC @ 1: 0.8640
Test Data Eval:
  Num examples: 1856  Num correct: 1335  Precision @ 1: 0.7193  AUC @ 1: 0.7785
Step 4400: loss = 0.9065 (0.058 sec)
Training Data Eval:
  Num examples: 8960  Num correct: 8746  Precision @ 1: 0.9761  AUC @ 1: 0.9978
Validation Data Eval:
  Num examples: 960  Num correct: 742  Precision @ 1: 0.7729  AUC @ 1: 0.8533
Test Data Eval:
  Num examples: 1856  Num correct: 1333  Precision @ 1: 0.7182  AUC @ 1: 0.7704
Step 4500: loss = 0.9175 (0.058 sec)
Training Data Eval:
  Num examples: 8960  Num correct: 8766  Precision @ 1: 0.9783  AUC @ 1: 0.9979
Validation Data Eval:
  Num examples: 960  Num correct: 759  Precision @ 1: 0.7906  AUC @ 1: 0.8639
Test Data Eval:
  Num examples: 1856  Num correct: 1330  Precision @ 1: 0.7166  AUC @ 1: 0.7845
Step 4600: loss = 0.8850 (0.056 sec)
Training Data Eval:
  Num examples: 8960  Num correct: 8774  Precision @ 1: 0.9792  AUC @ 1: 0.9985
Validation Data Eval:
  Num examples: 960  Num correct: 779  Precision @ 1: 0.8115  AUC @ 1: 0.8696
Test Data Eval:
  Num examples: 1856  Num correct: 1352  Precision @ 1: 0.7284  AUC @ 1: 0.7749
Step 4700: loss = 0.8002 (0.057 sec)
Training Data Eval:
  Num examples: 8960  Num correct: 8750  Precision @ 1: 0.9766  AUC @ 1: 0.9987
Validation Data Eval:
  Num examples: 960  Num correct: 776  Precision @ 1: 0.8083  AUC @ 1: 0.8735
Test Data Eval:
  Num examples: 1856  Num correct: 1329  Precision @ 1: 0.7161  AUC @ 1: 0.7846
Step 4800: loss = 0.8154 (0.058 sec)
Training Data Eval:
  Num examples: 8960  Num correct: 8794  Precision @ 1: 0.9815  AUC @ 1: 0.9993
Validation Data Eval:
  Num examples: 960  Num correct: 769  Precision @ 1: 0.8010  AUC @ 1: 0.8655
Test Data Eval:
  Num examples: 1856  Num correct: 1343  Precision @ 1: 0.7236  AUC @ 1: 0.7732
Step 4900: loss = 0.7597 (0.148 sec)
Training Data Eval:
  Num examples: 8960  Num correct: 8805  Precision @ 1: 0.9827  AUC @ 1: 0.9994
Validation Data Eval:
  Num examples: 960  Num correct: 756  Precision @ 1: 0.7875  AUC @ 1: 0.8631
Test Data Eval:
  Num examples: 1856  Num correct: 1332  Precision @ 1: 0.7177  AUC @ 1: 0.7835
Step 5000: loss = 0.6973 (0.050 sec)
Training Data Eval:
  Num examples: 8960  Num correct: 8793  Precision @ 1: 0.9814  AUC @ 1: 0.9990
Validation Data Eval:
  Num examples: 960  Num correct: 770  Precision @ 1: 0.8021  AUC @ 1: 0.8678
Test Data Eval:
  Num examples: 1856  Num correct: 1351  Precision @ 1: 0.7279  AUC @ 1: 0.7822
Step 5100: loss = 0.6401 (0.055 sec)
Training Data Eval:
  Num examples: 8960  Num correct: 8774  Precision @ 1: 0.9792  AUC @ 1: 0.9993
Validation Data Eval:
  Num examples: 960  Num correct: 753  Precision @ 1: 0.7844  AUC @ 1: 0.8644
Test Data Eval:
  Num examples: 1856  Num correct: 1285  Precision @ 1: 0.6923  AUC @ 1: 0.7693
Step 5200: loss = 0.6154 (0.056 sec)
Training Data Eval:
  Num examples: 8960  Num correct: 8746  Precision @ 1: 0.9761  AUC @ 1: 0.9985
Validation Data Eval:
  Num examples: 960  Num correct: 733  Precision @ 1: 0.7635  AUC @ 1: 0.8683
Test Data Eval:
  Num examples: 1856  Num correct: 1252  Precision @ 1: 0.6746  AUC @ 1: 0.7728
Step 5300: loss = 0.6140 (0.062 sec)
Training Data Eval:
  Num examples: 8960  Num correct: 8788  Precision @ 1: 0.9808  AUC @ 1: 0.9991
Validation Data Eval:
  Num examples: 960  Num correct: 767  Precision @ 1: 0.7990  AUC @ 1: 0.8637
Test Data Eval:
  Num examples: 1856  Num correct: 1338  Precision @ 1: 0.7209  AUC @ 1: 0.7711
Step 5400: loss = 0.5798 (0.057 sec)
Training Data Eval:
  Num examples: 8960  Num correct: 8810  Precision @ 1: 0.9833  AUC @ 1: 0.9994
Validation Data Eval:
  Num examples: 960  Num correct: 773  Precision @ 1: 0.8052  AUC @ 1: 0.8686
Test Data Eval:
  Num examples: 1856  Num correct: 1347  Precision @ 1: 0.7258  AUC @ 1: 0.7750
Step 5500: loss = 0.5070 (0.057 sec)
Training Data Eval:
  Num examples: 8960  Num correct: 8857  Precision @ 1: 0.9885  AUC @ 1: 0.9995
Validation Data Eval:
  Num examples: 960  Num correct: 776  Precision @ 1: 0.8083  AUC @ 1: 0.8680
Test Data Eval:
  Num examples: 1856  Num correct: 1322  Precision @ 1: 0.7123  AUC @ 1: 0.7660
Step 5600: loss = 0.5100 (0.137 sec)
Training Data Eval:
  Num examples: 8960  Num correct: 8839  Precision @ 1: 0.9865  AUC @ 1: 0.9995
Validation Data Eval:
  Num examples: 960  Num correct: 774  Precision @ 1: 0.8063  AUC @ 1: 0.8695
Test Data Eval:
  Num examples: 1856  Num correct: 1335  Precision @ 1: 0.7193  AUC @ 1: 0.7804
Step 5700: loss = 0.5827 (0.056 sec)
Training Data Eval:
  Num examples: 8960  Num correct: 8831  Precision @ 1: 0.9856  AUC @ 1: 0.9993
Validation Data Eval:
  Num examples: 960  Num correct: 760  Precision @ 1: 0.7917  AUC @ 1: 0.8654
Test Data Eval:
  Num examples: 1856  Num correct: 1350  Precision @ 1: 0.7274  AUC @ 1: 0.7733
Step 5800: loss = 0.5419 (0.058 sec)
Training Data Eval:
  Num examples: 8960  Num correct: 8797  Precision @ 1: 0.9818  AUC @ 1: 0.9990
Validation Data Eval:
  Num examples: 960  Num correct: 766  Precision @ 1: 0.7979  AUC @ 1: 0.8602
Test Data Eval:
  Num examples: 1856  Num correct: 1318  Precision @ 1: 0.7101  AUC @ 1: 0.7724
Step 5900: loss = 0.5420 (0.057 sec)
Training Data Eval:
  Num examples: 8960  Num correct: 8686  Precision @ 1: 0.9694  AUC @ 1: 0.9974
Validation Data Eval:
  Num examples: 960  Num correct: 721  Precision @ 1: 0.7510  AUC @ 1: 0.8498
Test Data Eval:
  Num examples: 1856  Num correct: 1193  Precision @ 1: 0.6428  AUC @ 1: 0.7620
Step 6000: loss = 0.4392 (0.059 sec)
Training Data Eval:
  Num examples: 8960  Num correct: 8806  Precision @ 1: 0.9828  AUC @ 1: 0.9990
Validation Data Eval:
  Num examples: 960  Num correct: 766  Precision @ 1: 0.7979  AUC @ 1: 0.8632
Test Data Eval:
  Num examples: 1856  Num correct: 1322  Precision @ 1: 0.7123  AUC @ 1: 0.7795
Step 6100: loss = 0.4434 (0.057 sec)
Training Data Eval:
  Num examples: 8960  Num correct: 8834  Precision @ 1: 0.9859  AUC @ 1: 0.9994
Validation Data Eval:
  Num examples: 960  Num correct: 761  Precision @ 1: 0.7927  AUC @ 1: 0.8583
Test Data Eval:
  Num examples: 1856  Num correct: 1334  Precision @ 1: 0.7188  AUC @ 1: 0.7802
Step 6200: loss = 0.4387 (0.061 sec)
Training Data Eval:
  Num examples: 8960  Num correct: 8825  Precision @ 1: 0.9849  AUC @ 1: 0.9992
Validation Data Eval:
  Num examples: 960  Num correct: 746  Precision @ 1: 0.7771  AUC @ 1: 0.8504
Test Data Eval:
  Num examples: 1856  Num correct: 1278  Precision @ 1: 0.6886  AUC @ 1: 0.7541
Step 6300: loss = 0.4736 (0.140 sec)
Training Data Eval:
  Num examples: 8960  Num correct: 8714  Precision @ 1: 0.9725  AUC @ 1: 0.9984
Validation Data Eval:
  Num examples: 960  Num correct: 759  Precision @ 1: 0.7906  AUC @ 1: 0.8569
Test Data Eval:
  Num examples: 1856  Num correct: 1331  Precision @ 1: 0.7171  AUC @ 1: 0.7617
Step 6400: loss = 0.4533 (0.059 sec)
Training Data Eval:
  Num examples: 8960  Num correct: 8810  Precision @ 1: 0.9833  AUC @ 1: 0.9991
Validation Data Eval:
  Num examples: 960  Num correct: 762  Precision @ 1: 0.7937  AUC @ 1: 0.8668
Test Data Eval:
  Num examples: 1856  Num correct: 1359  Precision @ 1: 0.7322  AUC @ 1: 0.7770
Step 6500: loss = 0.4199 (0.057 sec)
Training Data Eval:
  Num examples: 8960  Num correct: 8843  Precision @ 1: 0.9869  AUC @ 1: 0.9997
Validation Data Eval:
  Num examples: 960  Num correct: 777  Precision @ 1: 0.8094  AUC @ 1: 0.8682
Test Data Eval:
  Num examples: 1856  Num correct: 1327  Precision @ 1: 0.7150  AUC @ 1: 0.7752
Step 6600: loss = 0.3692 (0.063 sec)
Training Data Eval:
  Num examples: 8960  Num correct: 8848  Precision @ 1: 0.9875  AUC @ 1: 0.9993
Validation Data Eval:
  Num examples: 960  Num correct: 777  Precision @ 1: 0.8094  AUC @ 1: 0.8714
Test Data Eval:
  Num examples: 1856  Num correct: 1280  Precision @ 1: 0.6897  AUC @ 1: 0.7677
Step 6700: loss = 0.3748 (0.057 sec)
Training Data Eval:
  Num examples: 8960  Num correct: 8815  Precision @ 1: 0.9838  AUC @ 1: 0.9993
Validation Data Eval:
  Num examples: 960  Num correct: 753  Precision @ 1: 0.7844  AUC @ 1: 0.8613
Test Data Eval:
  Num examples: 1856  Num correct: 1259  Precision @ 1: 0.6783  AUC @ 1: 0.7552
Step 6800: loss = 0.4202 (0.055 sec)
Training Data Eval:
  Num examples: 8960  Num correct: 8854  Precision @ 1: 0.9882  AUC @ 1: 0.9994
Validation Data Eval:
  Num examples: 960  Num correct: 762  Precision @ 1: 0.7937  AUC @ 1: 0.8596
Test Data Eval:
  Num examples: 1856  Num correct: 1309  Precision @ 1: 0.7053  AUC @ 1: 0.7671
Step 6900: loss = 0.3397 (0.063 sec)
Training Data Eval:
  Num examples: 8960  Num correct: 8860  Precision @ 1: 0.9888  AUC @ 1: 0.9996
Validation Data Eval:
  Num examples: 960  Num correct: 761  Precision @ 1: 0.7927  AUC @ 1: 0.8523
Test Data Eval:
  Num examples: 1856  Num correct: 1328  Precision @ 1: 0.7155  AUC @ 1: 0.7608
Step 7000: loss = 0.3701 (0.135 sec)
Training Data Eval:
  Num examples: 8960  Num correct: 8824  Precision @ 1: 0.9848  AUC @ 1: 0.9993
Validation Data Eval:
  Num examples: 960  Num correct: 763  Precision @ 1: 0.7948  AUC @ 1: 0.8638
Test Data Eval:
  Num examples: 1856  Num correct: 1282  Precision @ 1: 0.6907  AUC @ 1: 0.7683
Step 7100: loss = 0.4436 (0.062 sec)
Training Data Eval:
  Num examples: 8960  Num correct: 8875  Precision @ 1: 0.9905  AUC @ 1: 0.9996
Validation Data Eval:
  Num examples: 960  Num correct: 772  Precision @ 1: 0.8042  AUC @ 1: 0.8652
Test Data Eval:
  Num examples: 1856  Num correct: 1335  Precision @ 1: 0.7193  AUC @ 1: 0.7648
Step 7200: loss = 0.3293 (0.061 sec)
Training Data Eval:
  Num examples: 8960  Num correct: 8854  Precision @ 1: 0.9882  AUC @ 1: 0.9991
Validation Data Eval:
  Num examples: 960  Num correct: 763  Precision @ 1: 0.7948  AUC @ 1: 0.8572
Test Data Eval:
  Num examples: 1856  Num correct: 1316  Precision @ 1: 0.7091  AUC @ 1: 0.7558
Step 7300: loss = 0.3922 (0.057 sec)
Training Data Eval:
  Num examples: 8960  Num correct: 8831  Precision @ 1: 0.9856  AUC @ 1: 0.9992
Validation Data Eval:
  Num examples: 960  Num correct: 757  Precision @ 1: 0.7885  AUC @ 1: 0.8619
Test Data Eval:
  Num examples: 1856  Num correct: 1302  Precision @ 1: 0.7015  AUC @ 1: 0.7794
Step 7400: loss = 0.4137 (0.055 sec)
Training Data Eval:
  Num examples: 8960  Num correct: 8851  Precision @ 1: 0.9878  AUC @ 1: 0.9995
Validation Data Eval:
  Num examples: 960  Num correct: 768  Precision @ 1: 0.8000  AUC @ 1: 0.8679
Test Data Eval:
  Num examples: 1856  Num correct: 1335  Precision @ 1: 0.7193  AUC @ 1: 0.7735
Step 7500: loss = 0.3587 (0.057 sec)
Training Data Eval:
  Num examples: 8960  Num correct: 8796  Precision @ 1: 0.9817  AUC @ 1: 0.9995
Validation Data Eval:
  Num examples: 960  Num correct: 745  Precision @ 1: 0.7760  AUC @ 1: 0.8666
Test Data Eval:
  Num examples: 1856  Num correct: 1228  Precision @ 1: 0.6616  AUC @ 1: 0.7644
Step 7600: loss = 0.3470 (0.063 sec)
Training Data Eval:
  Num examples: 8960  Num correct: 8839  Precision @ 1: 0.9865  AUC @ 1: 0.9995
Validation Data Eval:
  Num examples: 960  Num correct: 764  Precision @ 1: 0.7958  AUC @ 1: 0.8582
Test Data Eval:
  Num examples: 1856  Num correct: 1334  Precision @ 1: 0.7188  AUC @ 1: 0.7736
Step 7700: loss = 0.3268 (0.143 sec)
Training Data Eval:
  Num examples: 8960  Num correct: 8834  Precision @ 1: 0.9859  AUC @ 1: 0.9995
Validation Data Eval:
  Num examples: 960  Num correct: 767  Precision @ 1: 0.7990  AUC @ 1: 0.8583
Test Data Eval:
  Num examples: 1856  Num correct: 1350  Precision @ 1: 0.7274  AUC @ 1: 0.7811
Step 7800: loss = 0.3218 (0.057 sec)
Training Data Eval:
  Num examples: 8960  Num correct: 8861  Precision @ 1: 0.9890  AUC @ 1: 0.9996
Validation Data Eval:
  Num examples: 960  Num correct: 772  Precision @ 1: 0.8042  AUC @ 1: 0.8666
Test Data Eval:
  Num examples: 1856  Num correct: 1309  Precision @ 1: 0.7053  AUC @ 1: 0.7843
Step 7900: loss = 0.3046 (0.060 sec)
Training Data Eval:
  Num examples: 8960  Num correct: 8856  Precision @ 1: 0.9884  AUC @ 1: 0.9996
Validation Data Eval:
  Num examples: 960  Num correct: 749  Precision @ 1: 0.7802  AUC @ 1: 0.8569
Test Data Eval:
  Num examples: 1856  Num correct: 1307  Precision @ 1: 0.7042  AUC @ 1: 0.7667
Step 8000: loss = 0.3572 (0.059 sec)
Training Data Eval:
  Num examples: 8960  Num correct: 8852  Precision @ 1: 0.9879  AUC @ 1: 0.9996
Validation Data Eval:
  Num examples: 960  Num correct: 770  Precision @ 1: 0.8021  AUC @ 1: 0.8671
Test Data Eval:
  Num examples: 1856  Num correct: 1327  Precision @ 1: 0.7150  AUC @ 1: 0.7809
Step 8100: loss = 0.3086 (0.062 sec)
Training Data Eval:
  Num examples: 8960  Num correct: 8839  Precision @ 1: 0.9865  AUC @ 1: 0.9997
Validation Data Eval:
  Num examples: 960  Num correct: 758  Precision @ 1: 0.7896  AUC @ 1: 0.8595
Test Data Eval:
  Num examples: 1856  Num correct: 1332  Precision @ 1: 0.7177  AUC @ 1: 0.7849
Step 8200: loss = 0.3089 (0.058 sec)
Training Data Eval:
  Num examples: 8960  Num correct: 8816  Precision @ 1: 0.9839  AUC @ 1: 0.9996
Validation Data Eval:
  Num examples: 960  Num correct: 754  Precision @ 1: 0.7854  AUC @ 1: 0.8556
Test Data Eval:
  Num examples: 1856  Num correct: 1296  Precision @ 1: 0.6983  AUC @ 1: 0.7531
Step 8300: loss = 0.3053 (0.057 sec)
Training Data Eval:
  Num examples: 8960  Num correct: 8884  Precision @ 1: 0.9915  AUC @ 1: 0.9997
Validation Data Eval:
  Num examples: 960  Num correct: 768  Precision @ 1: 0.8000  AUC @ 1: 0.8633
Test Data Eval:
  Num examples: 1856  Num correct: 1289  Precision @ 1: 0.6945  AUC @ 1: 0.7546
Step 8400: loss = 0.3305 (0.142 sec)
Training Data Eval:
  Num examples: 8960  Num correct: 8852  Precision @ 1: 0.9879  AUC @ 1: 0.9994
Validation Data Eval:
  Num examples: 960  Num correct: 753  Precision @ 1: 0.7844  AUC @ 1: 0.8534
Test Data Eval:
  Num examples: 1856  Num correct: 1308  Precision @ 1: 0.7047  AUC @ 1: 0.7748
Step 8500: loss = 0.2772 (0.060 sec)
Training Data Eval:
  Num examples: 8960  Num correct: 8865  Precision @ 1: 0.9894  AUC @ 1: 0.9996
Validation Data Eval:
  Num examples: 960  Num correct: 773  Precision @ 1: 0.8052  AUC @ 1: 0.8693
Test Data Eval:
  Num examples: 1856  Num correct: 1313  Precision @ 1: 0.7074  AUC @ 1: 0.7758
Step 8600: loss = 0.3240 (0.063 sec)
Training Data Eval:
  Num examples: 8960  Num correct: 8868  Precision @ 1: 0.9897  AUC @ 1: 0.9997
Validation Data Eval:
  Num examples: 960  Num correct: 773  Precision @ 1: 0.8052  AUC @ 1: 0.8573
Test Data Eval:
  Num examples: 1856  Num correct: 1344  Precision @ 1: 0.7241  AUC @ 1: 0.7730
Step 8700: loss = 0.3526 (0.060 sec)
Training Data Eval:
  Num examples: 8960  Num correct: 8865  Precision @ 1: 0.9894  AUC @ 1: 0.9996
Validation Data Eval:
  Num examples: 960  Num correct: 756  Precision @ 1: 0.7875  AUC @ 1: 0.8607
Test Data Eval:
  Num examples: 1856  Num correct: 1322  Precision @ 1: 0.7123  AUC @ 1: 0.7688
Step 8800: loss = 0.3255 (0.058 sec)
Training Data Eval:
  Num examples: 8960  Num correct: 8844  Precision @ 1: 0.9871  AUC @ 1: 0.9995
Validation Data Eval:
  Num examples: 960  Num correct: 756  Precision @ 1: 0.7875  AUC @ 1: 0.8656
Test Data Eval:
  Num examples: 1856  Num correct: 1301  Precision @ 1: 0.7010  AUC @ 1: 0.7727
Step 8900: loss = 0.3230 (0.051 sec)
Training Data Eval:
  Num examples: 8960  Num correct: 8865  Precision @ 1: 0.9894  AUC @ 1: 0.9996
Validation Data Eval:
  Num examples: 960  Num correct: 773  Precision @ 1: 0.8052  AUC @ 1: 0.8656
Test Data Eval:
  Num examples: 1856  Num correct: 1343  Precision @ 1: 0.7236  AUC @ 1: 0.7708
Step 9000: loss = 0.3080 (0.056 sec)
Training Data Eval:
  Num examples: 8960  Num correct: 8855  Precision @ 1: 0.9883  AUC @ 1: 0.9996
Validation Data Eval:
  Num examples: 960  Num correct: 765  Precision @ 1: 0.7969  AUC @ 1: 0.8640
Test Data Eval:
  Num examples: 1856  Num correct: 1320  Precision @ 1: 0.7112  AUC @ 1: 0.7786
Step 9100: loss = 0.3178 (0.151 sec)
Training Data Eval:
  Num examples: 8960  Num correct: 8871  Precision @ 1: 0.9901  AUC @ 1: 0.9996
Validation Data Eval:
  Num examples: 960  Num correct: 777  Precision @ 1: 0.8094  AUC @ 1: 0.8655
Test Data Eval:
  Num examples: 1856  Num correct: 1332  Precision @ 1: 0.7177  AUC @ 1: 0.7668
Step 9200: loss = 0.3511 (0.055 sec)
Training Data Eval:
  Num examples: 8960  Num correct: 8809  Precision @ 1: 0.9831  AUC @ 1: 0.9993
Validation Data Eval:
  Num examples: 960  Num correct: 744  Precision @ 1: 0.7750  AUC @ 1: 0.8539
Test Data Eval:
  Num examples: 1856  Num correct: 1283  Precision @ 1: 0.6913  AUC @ 1: 0.7613
Step 9300: loss = 0.2960 (0.059 sec)
Training Data Eval:
  Num examples: 8960  Num correct: 8859  Precision @ 1: 0.9887  AUC @ 1: 0.9997
Validation Data Eval:
  Num examples: 960  Num correct: 753  Precision @ 1: 0.7844  AUC @ 1: 0.8536
Test Data Eval:
  Num examples: 1856  Num correct: 1322  Precision @ 1: 0.7123  AUC @ 1: 0.7774
Step 9400: loss = 0.2700 (0.062 sec)
Training Data Eval:
  Num examples: 8960  Num correct: 8874  Precision @ 1: 0.9904  AUC @ 1: 0.9997
Validation Data Eval:
  Num examples: 960  Num correct: 751  Precision @ 1: 0.7823  AUC @ 1: 0.8624
Test Data Eval:
  Num examples: 1856  Num correct: 1288  Precision @ 1: 0.6940  AUC @ 1: 0.7691
Step 9500: loss = 0.2979 (0.051 sec)
Training Data Eval:
  Num examples: 8960  Num correct: 8856  Precision @ 1: 0.9884  AUC @ 1: 0.9994
Validation Data Eval:
  Num examples: 960  Num correct: 771  Precision @ 1: 0.8031  AUC @ 1: 0.8544
Test Data Eval:
  Num examples: 1856  Num correct: 1329  Precision @ 1: 0.7161  AUC @ 1: 0.7673
Step 9600: loss = 0.2703 (0.057 sec)
Training Data Eval:
  Num examples: 8960  Num correct: 8847  Precision @ 1: 0.9874  AUC @ 1: 0.9995
Validation Data Eval:
  Num examples: 960  Num correct: 776  Precision @ 1: 0.8083  AUC @ 1: 0.8712
Test Data Eval:
  Num examples: 1856  Num correct: 1304  Precision @ 1: 0.7026  AUC @ 1: 0.7767
Step 9700: loss = 0.3180 (0.058 sec)
Training Data Eval:
  Num examples: 8960  Num correct: 8877  Precision @ 1: 0.9907  AUC @ 1: 0.9998
Validation Data Eval:
  Num examples: 960  Num correct: 763  Precision @ 1: 0.7948  AUC @ 1: 0.8572
Test Data Eval:
  Num examples: 1856  Num correct: 1298  Precision @ 1: 0.6994  AUC @ 1: 0.7588
Step 9800: loss = 0.3037 (0.117 sec)
Training Data Eval:
  Num examples: 8960  Num correct: 8869  Precision @ 1: 0.9898  AUC @ 1: 0.9997
Validation Data Eval:
  Num examples: 960  Num correct: 769  Precision @ 1: 0.8010  AUC @ 1: 0.8642
Test Data Eval:
  Num examples: 1856  Num correct: 1327  Precision @ 1: 0.7150  AUC @ 1: 0.7699
Step 9900: loss = 0.3149 (0.056 sec)
Training Data Eval:
  Num examples: 8960  Num correct: 8870  Precision @ 1: 0.9900  AUC @ 1: 0.9995
Validation Data Eval:
  Num examples: 960  Num correct: 768  Precision @ 1: 0.8000  AUC @ 1: 0.8670
Test Data Eval:
  Num examples: 1856  Num correct: 1302  Precision @ 1: 0.7015  AUC @ 1: 0.7615
