Training data shape: 	(4145, 30, 64, 1)
Training label shape:	(4145,)
Testing data shape:  	(190, 30, 64, 1)
Testing label shape: 	(190,)
max input value is: 14.3839135638
min input value is: -10.9262291682
random permuted training data
==============================================================================
Model: 			inference_stcnn
Tensor Name: 	Placeholder:0
[128, 30, 64, 1]
==============================================================================
Tensor Name: conv0/conv0:0
[128, 1, 60, 4]
==============================================================================
Tensor Name: MaxPool:0
[128, 1, 30, 4]
==============================================================================
Tensor Name: local1/local1:0
[128, 128]
==============================================================================
Tensor Name: local2/local2:0
[128, 128]
==============================================================================
Tensor Name: softmax_linear/softmax_linear:0
[128, 2]
Step 0: loss = 0.7715 (0.026 sec)
Training Data Eval:
  Num examples: 3840  Num correct: 2211  Precision @ 1: 0.5758  AUC @ 1: 0.5852
Validation Data Eval:
  Num examples: 256  Num correct: 149  Precision @ 1: 0.5820  AUC @ 1: 0.5685
Test Data Eval:
  Num examples: 128  Num correct: 45  Precision @ 1: 0.3516  AUC @ 1: 0.6257
Step 200: loss = 0.7714 (0.011 sec)
Training Data Eval:
  Num examples: 3840  Num correct: 2156  Precision @ 1: 0.5615  AUC @ 1: 0.5909
Validation Data Eval:
  Num examples: 256  Num correct: 149  Precision @ 1: 0.5820  AUC @ 1: 0.5968
Test Data Eval:
  Num examples: 128  Num correct: 75  Precision @ 1: 0.5859  AUC @ 1: 0.6725
Step 400: loss = 0.7639 (0.013 sec)
Training Data Eval:
  Num examples: 3840  Num correct: 2165  Precision @ 1: 0.5638  AUC @ 1: 0.6000
Validation Data Eval:
  Num examples: 256  Num correct: 149  Precision @ 1: 0.5820  AUC @ 1: 0.6149
Test Data Eval:
  Num examples: 128  Num correct: 78  Precision @ 1: 0.6094  AUC @ 1: 0.6836
Step 600: loss = 0.7642 (0.049 sec)
Training Data Eval:
  Num examples: 3840  Num correct: 2151  Precision @ 1: 0.5602  AUC @ 1: 0.5994
Validation Data Eval:
  Num examples: 256  Num correct: 149  Precision @ 1: 0.5820  AUC @ 1: 0.6191
Test Data Eval:
  Num examples: 128  Num correct: 71  Precision @ 1: 0.5547  AUC @ 1: 0.6442
Step 800: loss = 0.7554 (0.011 sec)
Training Data Eval:
  Num examples: 3840  Num correct: 2164  Precision @ 1: 0.5635  AUC @ 1: 0.6132
Validation Data Eval:
  Num examples: 256  Num correct: 149  Precision @ 1: 0.5820  AUC @ 1: 0.6188
Test Data Eval:
  Num examples: 128  Num correct: 74  Precision @ 1: 0.5781  AUC @ 1: 0.6316
Step 1000: loss = 0.7411 (0.012 sec)
Training Data Eval:
  Num examples: 3840  Num correct: 2165  Precision @ 1: 0.5638  AUC @ 1: 0.6094
Validation Data Eval:
  Num examples: 256  Num correct: 149  Precision @ 1: 0.5820  AUC @ 1: 0.6220
Test Data Eval:
  Num examples: 128  Num correct: 70  Precision @ 1: 0.5469  AUC @ 1: 0.6884
Step 1200: loss = 0.7228 (0.050 sec)
Training Data Eval:
  Num examples: 3840  Num correct: 2130  Precision @ 1: 0.5547  AUC @ 1: 0.6086
Validation Data Eval:
  Num examples: 256  Num correct: 149  Precision @ 1: 0.5820  AUC @ 1: 0.6256
Test Data Eval:
  Num examples: 128  Num correct: 69  Precision @ 1: 0.5391  AUC @ 1: 0.6618
Step 1400: loss = 0.7397 (0.012 sec)
Training Data Eval:
  Num examples: 3840  Num correct: 2177  Precision @ 1: 0.5669  AUC @ 1: 0.6185
Validation Data Eval:
  Num examples: 256  Num correct: 149  Precision @ 1: 0.5820  AUC @ 1: 0.6299
Test Data Eval:
  Num examples: 128  Num correct: 69  Precision @ 1: 0.5391  AUC @ 1: 0.6571
Step 1600: loss = 0.7530 (0.012 sec)
Training Data Eval:
  Num examples: 3840  Num correct: 2168  Precision @ 1: 0.5646  AUC @ 1: 0.6259
Validation Data Eval:
  Num examples: 256  Num correct: 149  Precision @ 1: 0.5820  AUC @ 1: 0.6383
Test Data Eval:
  Num examples: 128  Num correct: 69  Precision @ 1: 0.5391  AUC @ 1: 0.6659
Step 1800: loss = 0.7427 (0.051 sec)
Training Data Eval:
  Num examples: 3840  Num correct: 2139  Precision @ 1: 0.5570  AUC @ 1: 0.6356
Validation Data Eval:
  Num examples: 256  Num correct: 149  Precision @ 1: 0.5820  AUC @ 1: 0.6467
Test Data Eval:
  Num examples: 128  Num correct: 70  Precision @ 1: 0.5469  AUC @ 1: 0.6059
Step 2000: loss = 0.7258 (0.012 sec)
Training Data Eval:
  Num examples: 3840  Num correct: 2152  Precision @ 1: 0.5604  AUC @ 1: 0.6429
Validation Data Eval:
  Num examples: 256  Num correct: 149  Precision @ 1: 0.5820  AUC @ 1: 0.6563
Test Data Eval:
  Num examples: 128  Num correct: 72  Precision @ 1: 0.5625  AUC @ 1: 0.6801
Step 2200: loss = 0.7414 (0.012 sec)
Training Data Eval:
  Num examples: 3840  Num correct: 2176  Precision @ 1: 0.5667  AUC @ 1: 0.6550
Validation Data Eval:
  Num examples: 256  Num correct: 150  Precision @ 1: 0.5859  AUC @ 1: 0.6666
Test Data Eval:
  Num examples: 128  Num correct: 77  Precision @ 1: 0.6016  AUC @ 1: 0.6417
Step 2400: loss = 0.7588 (0.051 sec)
Training Data Eval:
  Num examples: 3840  Num correct: 2230  Precision @ 1: 0.5807  AUC @ 1: 0.6587
Validation Data Eval:
  Num examples: 256  Num correct: 151  Precision @ 1: 0.5898  AUC @ 1: 0.6777
Test Data Eval:
  Num examples: 128  Num correct: 71  Precision @ 1: 0.5547  AUC @ 1: 0.7294
Step 2600: loss = 0.7188 (0.012 sec)
Training Data Eval:
  Num examples: 3840  Num correct: 2288  Precision @ 1: 0.5958  AUC @ 1: 0.6868
Validation Data Eval:
  Num examples: 256  Num correct: 157  Precision @ 1: 0.6133  AUC @ 1: 0.6886
Test Data Eval:
  Num examples: 128  Num correct: 71  Precision @ 1: 0.5547  AUC @ 1: 0.7271
Step 2800: loss = 0.7409 (0.012 sec)
Training Data Eval:
  Num examples: 3840  Num correct: 2341  Precision @ 1: 0.6096  AUC @ 1: 0.6916
Validation Data Eval:
  Num examples: 256  Num correct: 161  Precision @ 1: 0.6289  AUC @ 1: 0.6986
Test Data Eval:
  Num examples: 128  Num correct: 72  Precision @ 1: 0.5625  AUC @ 1: 0.7085
Step 3000: loss = 0.6887 (0.050 sec)
Training Data Eval:
  Num examples: 3840  Num correct: 2386  Precision @ 1: 0.6214  AUC @ 1: 0.7045
Validation Data Eval:
  Num examples: 256  Num correct: 159  Precision @ 1: 0.6211  AUC @ 1: 0.7043
Test Data Eval:
  Num examples: 128  Num correct: 69  Precision @ 1: 0.5391  AUC @ 1: 0.7189
Step 3200: loss = 0.7025 (0.012 sec)
Training Data Eval:
  Num examples: 3840  Num correct: 2401  Precision @ 1: 0.6253  AUC @ 1: 0.7058
Validation Data Eval:
  Num examples: 256  Num correct: 162  Precision @ 1: 0.6328  AUC @ 1: 0.7137
Test Data Eval:
  Num examples: 128  Num correct: 76  Precision @ 1: 0.5938  AUC @ 1: 0.7082
Step 3400: loss = 0.6895 (0.012 sec)
Training Data Eval:
  Num examples: 3840  Num correct: 2437  Precision @ 1: 0.6346  AUC @ 1: 0.7202
Validation Data Eval:
  Num examples: 256  Num correct: 161  Precision @ 1: 0.6289  AUC @ 1: 0.7193
Test Data Eval:
  Num examples: 128  Num correct: 72  Precision @ 1: 0.5625  AUC @ 1: 0.7240
Step 3600: loss = 0.6560 (0.049 sec)
Training Data Eval:
  Num examples: 3840  Num correct: 2499  Precision @ 1: 0.6508  AUC @ 1: 0.7305
Validation Data Eval:
  Num examples: 256  Num correct: 161  Precision @ 1: 0.6289  AUC @ 1: 0.7245
Test Data Eval:
  Num examples: 128  Num correct: 75  Precision @ 1: 0.5859  AUC @ 1: 0.7437
Step 3800: loss = 0.6999 (0.012 sec)
Training Data Eval:
  Num examples: 3840  Num correct: 2485  Precision @ 1: 0.6471  AUC @ 1: 0.7284
Validation Data Eval:
  Num examples: 256  Num correct: 161  Precision @ 1: 0.6289  AUC @ 1: 0.7302
Test Data Eval:
  Num examples: 128  Num correct: 80  Precision @ 1: 0.6250  AUC @ 1: 0.7542
Step 4000: loss = 0.6370 (0.012 sec)
Training Data Eval:
  Num examples: 3840  Num correct: 2487  Precision @ 1: 0.6477  AUC @ 1: 0.7340
Validation Data Eval:
  Num examples: 256  Num correct: 164  Precision @ 1: 0.6406  AUC @ 1: 0.7310
Test Data Eval:
  Num examples: 128  Num correct: 82  Precision @ 1: 0.6406  AUC @ 1: 0.7713
Step 4200: loss = 0.6397 (0.049 sec)
Training Data Eval:
  Num examples: 3840  Num correct: 2524  Precision @ 1: 0.6573  AUC @ 1: 0.7428
Validation Data Eval:
  Num examples: 256  Num correct: 167  Precision @ 1: 0.6523  AUC @ 1: 0.7321
Test Data Eval:
  Num examples: 128  Num correct: 81  Precision @ 1: 0.6328  AUC @ 1: 0.7650
Step 4400: loss = 0.6555 (0.012 sec)
Training Data Eval:
  Num examples: 3840  Num correct: 2489  Precision @ 1: 0.6482  AUC @ 1: 0.7357
Validation Data Eval:
  Num examples: 256  Num correct: 170  Precision @ 1: 0.6641  AUC @ 1: 0.7341
Test Data Eval:
  Num examples: 128  Num correct: 86  Precision @ 1: 0.6719  AUC @ 1: 0.8062
Step 4600: loss = 0.6196 (0.012 sec)
Training Data Eval:
  Num examples: 3840  Num correct: 2527  Precision @ 1: 0.6581  AUC @ 1: 0.7449
Validation Data Eval:
  Num examples: 256  Num correct: 171  Precision @ 1: 0.6680  AUC @ 1: 0.7352
Test Data Eval:
  Num examples: 128  Num correct: 82  Precision @ 1: 0.6406  AUC @ 1: 0.8127
Step 4800: loss = 0.6688 (0.052 sec)
Training Data Eval:
  Num examples: 3840  Num correct: 2540  Precision @ 1: 0.6615  AUC @ 1: 0.7457
Validation Data Eval:
  Num examples: 256  Num correct: 170  Precision @ 1: 0.6641  AUC @ 1: 0.7371
Test Data Eval:
  Num examples: 128  Num correct: 93  Precision @ 1: 0.7266  AUC @ 1: 0.8307
Step 5000: loss = 0.6489 (0.012 sec)
Training Data Eval:
  Num examples: 3840  Num correct: 2586  Precision @ 1: 0.6734  AUC @ 1: 0.7555
Validation Data Eval:
  Num examples: 256  Num correct: 171  Precision @ 1: 0.6680  AUC @ 1: 0.7396
Test Data Eval:
  Num examples: 128  Num correct: 80  Precision @ 1: 0.6250  AUC @ 1: 0.7794
Step 5200: loss = 0.6925 (0.012 sec)
Training Data Eval:
  Num examples: 3840  Num correct: 2571  Precision @ 1: 0.6695  AUC @ 1: 0.7555
Validation Data Eval:
  Num examples: 256  Num correct: 173  Precision @ 1: 0.6758  AUC @ 1: 0.7409
Test Data Eval:
  Num examples: 128  Num correct: 83  Precision @ 1: 0.6484  AUC @ 1: 0.8198
Step 5400: loss = 0.5952 (0.045 sec)
Training Data Eval:
  Num examples: 3840  Num correct: 2558  Precision @ 1: 0.6661  AUC @ 1: 0.7486
Validation Data Eval:
  Num examples: 256  Num correct: 171  Precision @ 1: 0.6680  AUC @ 1: 0.7420
Test Data Eval:
  Num examples: 128  Num correct: 87  Precision @ 1: 0.6797  AUC @ 1: 0.7753
Step 5600: loss = 0.6492 (0.012 sec)
Training Data Eval:
  Num examples: 3840  Num correct: 2603  Precision @ 1: 0.6779  AUC @ 1: 0.7631
Validation Data Eval:
  Num examples: 256  Num correct: 170  Precision @ 1: 0.6641  AUC @ 1: 0.7424
Test Data Eval:
  Num examples: 128  Num correct: 87  Precision @ 1: 0.6797  AUC @ 1: 0.7822
Step 5800: loss = 0.6879 (0.011 sec)
Training Data Eval:
  Num examples: 3840  Num correct: 2624  Precision @ 1: 0.6833  AUC @ 1: 0.7655
Validation Data Eval:
  Num examples: 256  Num correct: 171  Precision @ 1: 0.6680  AUC @ 1: 0.7443
Test Data Eval:
  Num examples: 128  Num correct: 78  Precision @ 1: 0.6094  AUC @ 1: 0.7530
Step 6000: loss = 0.6104 (0.044 sec)
Training Data Eval:
  Num examples: 3840  Num correct: 2577  Precision @ 1: 0.6711  AUC @ 1: 0.7563
Validation Data Eval:
  Num examples: 256  Num correct: 173  Precision @ 1: 0.6758  AUC @ 1: 0.7441
Test Data Eval:
  Num examples: 128  Num correct: 87  Precision @ 1: 0.6797  AUC @ 1: 0.8290
Step 6200: loss = 0.5813 (0.012 sec)
Training Data Eval:
  Num examples: 3840  Num correct: 2624  Precision @ 1: 0.6833  AUC @ 1: 0.7630
Validation Data Eval:
  Num examples: 256  Num correct: 172  Precision @ 1: 0.6719  AUC @ 1: 0.7451
Test Data Eval:
  Num examples: 128  Num correct: 90  Precision @ 1: 0.7031  AUC @ 1: 0.8234
Step 6400: loss = 0.6651 (0.012 sec)
Training Data Eval:
  Num examples: 3840  Num correct: 2645  Precision @ 1: 0.6888  AUC @ 1: 0.7709
Validation Data Eval:
  Num examples: 256  Num correct: 170  Precision @ 1: 0.6641  AUC @ 1: 0.7470
Test Data Eval:
  Num examples: 128  Num correct: 82  Precision @ 1: 0.6406  AUC @ 1: 0.7994
Step 6600: loss = 0.6594 (0.052 sec)
Training Data Eval:
  Num examples: 3840  Num correct: 2664  Precision @ 1: 0.6937  AUC @ 1: 0.7768
Validation Data Eval:
  Num examples: 256  Num correct: 173  Precision @ 1: 0.6758  AUC @ 1: 0.7472
Test Data Eval:
  Num examples: 128  Num correct: 94  Precision @ 1: 0.7344  AUC @ 1: 0.8240
Step 6800: loss = 0.5790 (0.012 sec)
Training Data Eval:
  Num examples: 3840  Num correct: 2657  Precision @ 1: 0.6919  AUC @ 1: 0.7732
Validation Data Eval:
  Num examples: 256  Num correct: 174  Precision @ 1: 0.6797  AUC @ 1: 0.7464
Test Data Eval:
  Num examples: 128  Num correct: 91  Precision @ 1: 0.7109  AUC @ 1: 0.8340
Step 7000: loss = 0.5814 (0.011 sec)
Training Data Eval:
  Num examples: 3840  Num correct: 2678  Precision @ 1: 0.6974  AUC @ 1: 0.7780
Validation Data Eval:
  Num examples: 256  Num correct: 175  Precision @ 1: 0.6836  AUC @ 1: 0.7493
Test Data Eval:
  Num examples: 128  Num correct: 86  Precision @ 1: 0.6719  AUC @ 1: 0.8138
Step 7200: loss = 0.6278 (0.051 sec)
Training Data Eval:
  Num examples: 3840  Num correct: 2644  Precision @ 1: 0.6885  AUC @ 1: 0.7735
Validation Data Eval:
  Num examples: 256  Num correct: 172  Precision @ 1: 0.6719  AUC @ 1: 0.7500
Test Data Eval:
  Num examples: 128  Num correct: 91  Precision @ 1: 0.7109  AUC @ 1: 0.8355
Step 7400: loss = 0.5812 (0.011 sec)
Training Data Eval:
  Num examples: 3840  Num correct: 2653  Precision @ 1: 0.6909  AUC @ 1: 0.7759
Validation Data Eval:
  Num examples: 256  Num correct: 172  Precision @ 1: 0.6719  AUC @ 1: 0.7522
Test Data Eval:
  Num examples: 128  Num correct: 85  Precision @ 1: 0.6641  AUC @ 1: 0.8116
Step 7600: loss = 0.5992 (0.011 sec)
Training Data Eval:
  Num examples: 3840  Num correct: 2702  Precision @ 1: 0.7036  AUC @ 1: 0.7835
Validation Data Eval:
  Num examples: 256  Num correct: 174  Precision @ 1: 0.6797  AUC @ 1: 0.7507
Test Data Eval:
  Num examples: 128  Num correct: 89  Precision @ 1: 0.6953  AUC @ 1: 0.8204
Step 7800: loss = 0.5678 (0.050 sec)
Training Data Eval:
  Num examples: 3840  Num correct: 2697  Precision @ 1: 0.7023  AUC @ 1: 0.7843
Validation Data Eval:
  Num examples: 256  Num correct: 174  Precision @ 1: 0.6797  AUC @ 1: 0.7507
Test Data Eval:
  Num examples: 128  Num correct: 94  Precision @ 1: 0.7344  AUC @ 1: 0.8382
Step 8000: loss = 0.5936 (0.012 sec)
Training Data Eval:
  Num examples: 3840  Num correct: 2696  Precision @ 1: 0.7021  AUC @ 1: 0.7882
Validation Data Eval:
  Num examples: 256  Num correct: 172  Precision @ 1: 0.6719  AUC @ 1: 0.7516
Test Data Eval:
  Num examples: 128  Num correct: 88  Precision @ 1: 0.6875  AUC @ 1: 0.7723
Step 8200: loss = 0.6116 (0.014 sec)
Training Data Eval:
  Num examples: 3840  Num correct: 2707  Precision @ 1: 0.7049  AUC @ 1: 0.7867
Validation Data Eval:
  Num examples: 256  Num correct: 176  Precision @ 1: 0.6875  AUC @ 1: 0.7505
Test Data Eval:
  Num examples: 128  Num correct: 92  Precision @ 1: 0.7188  AUC @ 1: 0.8349
Step 8400: loss = 0.6097 (0.052 sec)
Training Data Eval:
  Num examples: 3840  Num correct: 2702  Precision @ 1: 0.7036  AUC @ 1: 0.7898
Validation Data Eval:
  Num examples: 256  Num correct: 177  Precision @ 1: 0.6914  AUC @ 1: 0.7511
Test Data Eval:
  Num examples: 128  Num correct: 86  Precision @ 1: 0.6719  AUC @ 1: 0.7855
Step 8600: loss = 0.6095 (0.012 sec)
Training Data Eval:
  Num examples: 3840  Num correct: 2698  Precision @ 1: 0.7026  AUC @ 1: 0.7847
Validation Data Eval:
  Num examples: 256  Num correct: 174  Precision @ 1: 0.6797  AUC @ 1: 0.7517
Test Data Eval:
  Num examples: 128  Num correct: 95  Precision @ 1: 0.7422  AUC @ 1: 0.7988
Step 8800: loss = 0.5636 (0.012 sec)
Training Data Eval:
  Num examples: 3840  Num correct: 2731  Precision @ 1: 0.7112  AUC @ 1: 0.7935
Validation Data Eval:
  Num examples: 256  Num correct: 178  Precision @ 1: 0.6953  AUC @ 1: 0.7502
Test Data Eval:
  Num examples: 128  Num correct: 84  Precision @ 1: 0.6562  AUC @ 1: 0.7438
Step 9000: loss = 0.6317 (0.047 sec)
Training Data Eval:
  Num examples: 3840  Num correct: 2731  Precision @ 1: 0.7112  AUC @ 1: 0.7867
Validation Data Eval:
  Num examples: 256  Num correct: 177  Precision @ 1: 0.6914  AUC @ 1: 0.7519
Test Data Eval:
  Num examples: 128  Num correct: 86  Precision @ 1: 0.6719  AUC @ 1: 0.7730
Step 9200: loss = 0.5654 (0.012 sec)
Training Data Eval:
  Num examples: 3840  Num correct: 2678  Precision @ 1: 0.6974  AUC @ 1: 0.7884
Validation Data Eval:
  Num examples: 256  Num correct: 177  Precision @ 1: 0.6914  AUC @ 1: 0.7492
Test Data Eval:
  Num examples: 128  Num correct: 88  Precision @ 1: 0.6875  AUC @ 1: 0.8165
Step 9400: loss = 0.5997 (0.011 sec)
Training Data Eval:
  Num examples: 3840  Num correct: 2722  Precision @ 1: 0.7089  AUC @ 1: 0.7971
Validation Data Eval:
  Num examples: 256  Num correct: 177  Precision @ 1: 0.6914  AUC @ 1: 0.7500
Test Data Eval:
  Num examples: 128  Num correct: 86  Precision @ 1: 0.6719  AUC @ 1: 0.7687
Step 9600: loss = 0.5915 (0.047 sec)
Training Data Eval:
  Num examples: 3840  Num correct: 2740  Precision @ 1: 0.7135  AUC @ 1: 0.7936
Validation Data Eval:
  Num examples: 256  Num correct: 174  Precision @ 1: 0.6797  AUC @ 1: 0.7502
Test Data Eval:
  Num examples: 128  Num correct: 86  Precision @ 1: 0.6719  AUC @ 1: 0.8025
Step 9800: loss = 0.5995 (0.013 sec)
Training Data Eval:
  Num examples: 3840  Num correct: 2763  Precision @ 1: 0.7195  AUC @ 1: 0.8027
Validation Data Eval:
  Num examples: 256  Num correct: 179  Precision @ 1: 0.6992  AUC @ 1: 0.7512
Test Data Eval:
  Num examples: 128  Num correct: 84  Precision @ 1: 0.6562  AUC @ 1: 0.7656
