Training data shape: 	(4145, 30, 64, 1)
Training label shape:	(4145,)
Testing data shape:  	(190, 30, 64, 1)
Testing label shape: 	(190,)
max input value is: 14.3839135638
min input value is: -10.9262291682
random permuted training data
==============================================================================
Model: 			inference_stcnn
Tensor Name: 	Placeholder:0
[128, 30, 64, 1]
==============================================================================
Tensor Name: conv0/conv0:0
[128, 1, 60, 16]
==============================================================================
Tensor Name: MaxPool:0
[128, 1, 30, 16]
==============================================================================
Tensor Name: conv1/conv1:0
[128, 1, 26, 4]
==============================================================================
Tensor Name: MaxPool_1:0
[128, 1, 13, 4]
==============================================================================
Tensor Name: local1/local1:0
[128, 128]
==============================================================================
Tensor Name: local2/local2:0
[128, 128]
==============================================================================
Tensor Name: softmax_linear/softmax_linear:0
[128, 2]
Step 0: loss = 0.7508 (0.053 sec)
Training Data Eval:
  Num examples: 3840  Num correct: 2176  Precision @ 1: 0.5667  AUC @ 1: 0.5691
Validation Data Eval:
  Num examples: 256  Num correct: 129  Precision @ 1: 0.5039  AUC @ 1: 0.5146
Test Data Eval:
  Num examples: 128  Num correct: 45  Precision @ 1: 0.3516  AUC @ 1: 0.4913
Step 200: loss = 0.7375 (0.024 sec)
Training Data Eval:
  Num examples: 3840  Num correct: 2171  Precision @ 1: 0.5654  AUC @ 1: 0.5761
Validation Data Eval:
  Num examples: 256  Num correct: 129  Precision @ 1: 0.5039  AUC @ 1: 0.5234
Test Data Eval:
  Num examples: 128  Num correct: 74  Precision @ 1: 0.5781  AUC @ 1: 0.5194
Step 400: loss = 0.7547 (0.024 sec)
Training Data Eval:
  Num examples: 3840  Num correct: 2189  Precision @ 1: 0.5701  AUC @ 1: 0.5838
Validation Data Eval:
  Num examples: 256  Num correct: 129  Precision @ 1: 0.5039  AUC @ 1: 0.5276
Test Data Eval:
  Num examples: 128  Num correct: 69  Precision @ 1: 0.5391  AUC @ 1: 0.5725
Step 600: loss = 0.7441 (0.061 sec)
Training Data Eval:
  Num examples: 3840  Num correct: 2198  Precision @ 1: 0.5724  AUC @ 1: 0.5844
Validation Data Eval:
  Num examples: 256  Num correct: 129  Precision @ 1: 0.5039  AUC @ 1: 0.5320
Test Data Eval:
  Num examples: 128  Num correct: 70  Precision @ 1: 0.5469  AUC @ 1: 0.5023
Step 800: loss = 0.7430 (0.023 sec)
Training Data Eval:
  Num examples: 3840  Num correct: 2170  Precision @ 1: 0.5651  AUC @ 1: 0.5820
Validation Data Eval:
  Num examples: 256  Num correct: 129  Precision @ 1: 0.5039  AUC @ 1: 0.5348
Test Data Eval:
  Num examples: 128  Num correct: 68  Precision @ 1: 0.5312  AUC @ 1: 0.5564
Step 1000: loss = 0.7380 (0.024 sec)
Training Data Eval:
  Num examples: 3840  Num correct: 2186  Precision @ 1: 0.5693  AUC @ 1: 0.5983
Validation Data Eval:
  Num examples: 256  Num correct: 129  Precision @ 1: 0.5039  AUC @ 1: 0.5389
Test Data Eval:
  Num examples: 128  Num correct: 71  Precision @ 1: 0.5547  AUC @ 1: 0.5379
Step 1200: loss = 0.7405 (0.061 sec)
Training Data Eval:
  Num examples: 3840  Num correct: 2166  Precision @ 1: 0.5641  AUC @ 1: 0.6212
Validation Data Eval:
  Num examples: 256  Num correct: 129  Precision @ 1: 0.5039  AUC @ 1: 0.5441
Test Data Eval:
  Num examples: 128  Num correct: 68  Precision @ 1: 0.5312  AUC @ 1: 0.5680
Step 1400: loss = 0.7372 (0.023 sec)
Training Data Eval:
  Num examples: 3840  Num correct: 2173  Precision @ 1: 0.5659  AUC @ 1: 0.6058
Validation Data Eval:
  Num examples: 256  Num correct: 129  Precision @ 1: 0.5039  AUC @ 1: 0.5459
Test Data Eval:
  Num examples: 128  Num correct: 81  Precision @ 1: 0.6328  AUC @ 1: 0.5954
Step 1600: loss = 0.7565 (0.023 sec)
Training Data Eval:
  Num examples: 3840  Num correct: 2193  Precision @ 1: 0.5711  AUC @ 1: 0.6071
Validation Data Eval:
  Num examples: 256  Num correct: 129  Precision @ 1: 0.5039  AUC @ 1: 0.5488
Test Data Eval:
  Num examples: 128  Num correct: 73  Precision @ 1: 0.5703  AUC @ 1: 0.5537
Step 1800: loss = 0.7582 (0.063 sec)
Training Data Eval:
  Num examples: 3840  Num correct: 2230  Precision @ 1: 0.5807  AUC @ 1: 0.6073
Validation Data Eval:
  Num examples: 256  Num correct: 129  Precision @ 1: 0.5039  AUC @ 1: 0.5508
Test Data Eval:
  Num examples: 128  Num correct: 76  Precision @ 1: 0.5938  AUC @ 1: 0.6402
Step 2000: loss = 0.7550 (0.023 sec)
Training Data Eval:
  Num examples: 3840  Num correct: 2197  Precision @ 1: 0.5721  AUC @ 1: 0.6185
Validation Data Eval:
  Num examples: 256  Num correct: 129  Precision @ 1: 0.5039  AUC @ 1: 0.5539
Test Data Eval:
  Num examples: 128  Num correct: 74  Precision @ 1: 0.5781  AUC @ 1: 0.5987
Step 2200: loss = 0.7311 (0.023 sec)
Training Data Eval:
  Num examples: 3840  Num correct: 2183  Precision @ 1: 0.5685  AUC @ 1: 0.6149
Validation Data Eval:
  Num examples: 256  Num correct: 129  Precision @ 1: 0.5039  AUC @ 1: 0.5550
Test Data Eval:
  Num examples: 128  Num correct: 73  Precision @ 1: 0.5703  AUC @ 1: 0.6838
Step 2400: loss = 0.7372 (0.060 sec)
Training Data Eval:
  Num examples: 3840  Num correct: 2203  Precision @ 1: 0.5737  AUC @ 1: 0.6174
Validation Data Eval:
  Num examples: 256  Num correct: 129  Precision @ 1: 0.5039  AUC @ 1: 0.5564
Test Data Eval:
  Num examples: 128  Num correct: 75  Precision @ 1: 0.5859  AUC @ 1: 0.6370
Step 2600: loss = 0.7342 (0.023 sec)
Training Data Eval:
  Num examples: 3840  Num correct: 2168  Precision @ 1: 0.5646  AUC @ 1: 0.6120
Validation Data Eval:
  Num examples: 256  Num correct: 129  Precision @ 1: 0.5039  AUC @ 1: 0.5579
Test Data Eval:
  Num examples: 128  Num correct: 76  Precision @ 1: 0.5938  AUC @ 1: 0.6364
Step 2800: loss = 0.7168 (0.023 sec)
Training Data Eval:
  Num examples: 3840  Num correct: 2187  Precision @ 1: 0.5695  AUC @ 1: 0.6245
Validation Data Eval:
  Num examples: 256  Num correct: 129  Precision @ 1: 0.5039  AUC @ 1: 0.5586
Test Data Eval:
  Num examples: 128  Num correct: 75  Precision @ 1: 0.5859  AUC @ 1: 0.6307
Step 3000: loss = 0.7492 (0.060 sec)
Training Data Eval:
  Num examples: 3840  Num correct: 2224  Precision @ 1: 0.5792  AUC @ 1: 0.6218
Validation Data Eval:
  Num examples: 256  Num correct: 129  Precision @ 1: 0.5039  AUC @ 1: 0.5599
Test Data Eval:
  Num examples: 128  Num correct: 71  Precision @ 1: 0.5547  AUC @ 1: 0.5789
Step 3200: loss = 0.7308 (0.022 sec)
Training Data Eval:
  Num examples: 3840  Num correct: 2200  Precision @ 1: 0.5729  AUC @ 1: 0.6206
Validation Data Eval:
  Num examples: 256  Num correct: 129  Precision @ 1: 0.5039  AUC @ 1: 0.5614
Test Data Eval:
  Num examples: 128  Num correct: 71  Precision @ 1: 0.5547  AUC @ 1: 0.6591
Step 3400: loss = 0.7195 (0.024 sec)
Training Data Eval:
  Num examples: 3840  Num correct: 2187  Precision @ 1: 0.5695  AUC @ 1: 0.6294
Validation Data Eval:
  Num examples: 256  Num correct: 129  Precision @ 1: 0.5039  AUC @ 1: 0.5618
Test Data Eval:
  Num examples: 128  Num correct: 72  Precision @ 1: 0.5625  AUC @ 1: 0.6639
Step 3600: loss = 0.7262 (0.059 sec)
Training Data Eval:
  Num examples: 3840  Num correct: 2178  Precision @ 1: 0.5672  AUC @ 1: 0.6435
Validation Data Eval:
  Num examples: 256  Num correct: 129  Precision @ 1: 0.5039  AUC @ 1: 0.5620
Test Data Eval:
  Num examples: 128  Num correct: 72  Precision @ 1: 0.5625  AUC @ 1: 0.6257
Step 3800: loss = 0.7172 (0.023 sec)
Training Data Eval:
  Num examples: 3840  Num correct: 2195  Precision @ 1: 0.5716  AUC @ 1: 0.6328
Validation Data Eval:
  Num examples: 256  Num correct: 129  Precision @ 1: 0.5039  AUC @ 1: 0.5623
Test Data Eval:
  Num examples: 128  Num correct: 70  Precision @ 1: 0.5469  AUC @ 1: 0.6329
Step 4000: loss = 0.7381 (0.023 sec)
Training Data Eval:
  Num examples: 3840  Num correct: 2186  Precision @ 1: 0.5693  AUC @ 1: 0.6318
Validation Data Eval:
  Num examples: 256  Num correct: 129  Precision @ 1: 0.5039  AUC @ 1: 0.5632
Test Data Eval:
  Num examples: 128  Num correct: 76  Precision @ 1: 0.5938  AUC @ 1: 0.6123
Step 4200: loss = 0.7482 (0.057 sec)
Training Data Eval:
  Num examples: 3840  Num correct: 2202  Precision @ 1: 0.5734  AUC @ 1: 0.6243
Validation Data Eval:
  Num examples: 256  Num correct: 129  Precision @ 1: 0.5039  AUC @ 1: 0.5635
Test Data Eval:
  Num examples: 128  Num correct: 76  Precision @ 1: 0.5938  AUC @ 1: 0.6517
Step 4400: loss = 0.7074 (0.027 sec)
Training Data Eval:
  Num examples: 3840  Num correct: 2190  Precision @ 1: 0.5703  AUC @ 1: 0.6257
Validation Data Eval:
  Num examples: 256  Num correct: 129  Precision @ 1: 0.5039  AUC @ 1: 0.5644
Test Data Eval:
  Num examples: 128  Num correct: 72  Precision @ 1: 0.5625  AUC @ 1: 0.6873
Step 4600: loss = 0.7389 (0.024 sec)
Training Data Eval:
  Num examples: 3840  Num correct: 2187  Precision @ 1: 0.5695  AUC @ 1: 0.6317
Validation Data Eval:
  Num examples: 256  Num correct: 129  Precision @ 1: 0.5039  AUC @ 1: 0.5642
Test Data Eval:
  Num examples: 128  Num correct: 76  Precision @ 1: 0.5938  AUC @ 1: 0.6511
Step 4800: loss = 0.7384 (0.060 sec)
Training Data Eval:
  Num examples: 3840  Num correct: 2186  Precision @ 1: 0.5693  AUC @ 1: 0.6270
Validation Data Eval:
  Num examples: 256  Num correct: 129  Precision @ 1: 0.5039  AUC @ 1: 0.5651
Test Data Eval:
  Num examples: 128  Num correct: 77  Precision @ 1: 0.6016  AUC @ 1: 0.6351
Step 5000: loss = 0.7381 (0.022 sec)
Training Data Eval:
  Num examples: 3840  Num correct: 2156  Precision @ 1: 0.5615  AUC @ 1: 0.6281
Validation Data Eval:
  Num examples: 256  Num correct: 129  Precision @ 1: 0.5039  AUC @ 1: 0.5650
Test Data Eval:
  Num examples: 128  Num correct: 70  Precision @ 1: 0.5469  AUC @ 1: 0.6810
Step 5200: loss = 0.7603 (0.023 sec)
Training Data Eval:
  Num examples: 3840  Num correct: 2190  Precision @ 1: 0.5703  AUC @ 1: 0.6308
Validation Data Eval:
  Num examples: 256  Num correct: 129  Precision @ 1: 0.5039  AUC @ 1: 0.5649
Test Data Eval:
  Num examples: 128  Num correct: 74  Precision @ 1: 0.5781  AUC @ 1: 0.6849
Step 5400: loss = 0.7220 (0.061 sec)
Training Data Eval:
  Num examples: 3840  Num correct: 2135  Precision @ 1: 0.5560  AUC @ 1: 0.6423
Validation Data Eval:
  Num examples: 256  Num correct: 129  Precision @ 1: 0.5039  AUC @ 1: 0.5649
Test Data Eval:
  Num examples: 128  Num correct: 73  Precision @ 1: 0.5703  AUC @ 1: 0.6768
Step 5600: loss = 0.7258 (0.022 sec)
Training Data Eval:
  Num examples: 3840  Num correct: 2191  Precision @ 1: 0.5706  AUC @ 1: 0.6327
Validation Data Eval:
  Num examples: 256  Num correct: 129  Precision @ 1: 0.5039  AUC @ 1: 0.5643
Test Data Eval:
  Num examples: 128  Num correct: 76  Precision @ 1: 0.5938  AUC @ 1: 0.6536
Step 5800: loss = 0.7240 (0.023 sec)
Training Data Eval:
  Num examples: 3840  Num correct: 2189  Precision @ 1: 0.5701  AUC @ 1: 0.6298
Validation Data Eval:
  Num examples: 256  Num correct: 129  Precision @ 1: 0.5039  AUC @ 1: 0.5647
Test Data Eval:
  Num examples: 128  Num correct: 70  Precision @ 1: 0.5469  AUC @ 1: 0.6573
Step 6000: loss = 0.7129 (0.060 sec)
Training Data Eval:
  Num examples: 3840  Num correct: 2178  Precision @ 1: 0.5672  AUC @ 1: 0.6319
Validation Data Eval:
  Num examples: 256  Num correct: 129  Precision @ 1: 0.5039  AUC @ 1: 0.5638
Test Data Eval:
  Num examples: 128  Num correct: 73  Precision @ 1: 0.5703  AUC @ 1: 0.6775
Step 6200: loss = 0.7271 (0.023 sec)
Training Data Eval:
  Num examples: 3840  Num correct: 2167  Precision @ 1: 0.5643  AUC @ 1: 0.6274
Validation Data Eval:
  Num examples: 256  Num correct: 129  Precision @ 1: 0.5039  AUC @ 1: 0.5634
Test Data Eval:
  Num examples: 128  Num correct: 72  Precision @ 1: 0.5625  AUC @ 1: 0.6982
Step 6400: loss = 0.7294 (0.023 sec)
Training Data Eval:
  Num examples: 3840  Num correct: 2186  Precision @ 1: 0.5693  AUC @ 1: 0.6294
Validation Data Eval:
  Num examples: 256  Num correct: 129  Precision @ 1: 0.5039  AUC @ 1: 0.5648
Test Data Eval:
  Num examples: 128  Num correct: 72  Precision @ 1: 0.5625  AUC @ 1: 0.7168
Step 6600: loss = 0.7164 (0.062 sec)
Training Data Eval:
  Num examples: 3840  Num correct: 2164  Precision @ 1: 0.5635  AUC @ 1: 0.6316
Validation Data Eval:
  Num examples: 256  Num correct: 129  Precision @ 1: 0.5039  AUC @ 1: 0.5651
Test Data Eval:
  Num examples: 128  Num correct: 74  Precision @ 1: 0.5781  AUC @ 1: 0.6752
Step 6800: loss = 0.7092 (0.023 sec)
Training Data Eval:
  Num examples: 3840  Num correct: 2161  Precision @ 1: 0.5628  AUC @ 1: 0.6177
Validation Data Eval:
  Num examples: 256  Num correct: 129  Precision @ 1: 0.5039  AUC @ 1: 0.5662
Test Data Eval:
  Num examples: 128  Num correct: 69  Precision @ 1: 0.5391  AUC @ 1: 0.6674
Step 7000: loss = 0.7179 (0.022 sec)
Training Data Eval:
  Num examples: 3840  Num correct: 2189  Precision @ 1: 0.5701  AUC @ 1: 0.6257
Validation Data Eval:
  Num examples: 256  Num correct: 129  Precision @ 1: 0.5039  AUC @ 1: 0.5656
Test Data Eval:
  Num examples: 128  Num correct: 80  Precision @ 1: 0.6250  AUC @ 1: 0.6646
Step 7200: loss = 0.7089 (0.065 sec)
Training Data Eval:
  Num examples: 3840  Num correct: 2165  Precision @ 1: 0.5638  AUC @ 1: 0.6300
Validation Data Eval:
  Num examples: 256  Num correct: 129  Precision @ 1: 0.5039  AUC @ 1: 0.5663
Test Data Eval:
  Num examples: 128  Num correct: 70  Precision @ 1: 0.5469  AUC @ 1: 0.6925
Step 7400: loss = 0.7264 (0.023 sec)
Training Data Eval:
  Num examples: 3840  Num correct: 2188  Precision @ 1: 0.5698  AUC @ 1: 0.6246
Validation Data Eval:
  Num examples: 256  Num correct: 129  Precision @ 1: 0.5039  AUC @ 1: 0.5659
Test Data Eval:
  Num examples: 128  Num correct: 77  Precision @ 1: 0.6016  AUC @ 1: 0.6728
Step 7600: loss = 0.7123 (0.023 sec)
Training Data Eval:
  Num examples: 3840  Num correct: 2185  Precision @ 1: 0.5690  AUC @ 1: 0.6267
Validation Data Eval:
  Num examples: 256  Num correct: 129  Precision @ 1: 0.5039  AUC @ 1: 0.5661
Test Data Eval:
  Num examples: 128  Num correct: 72  Precision @ 1: 0.5625  AUC @ 1: 0.7009
Step 7800: loss = 0.7188 (0.057 sec)
Training Data Eval:
  Num examples: 3840  Num correct: 2209  Precision @ 1: 0.5753  AUC @ 1: 0.6325
Validation Data Eval:
  Num examples: 256  Num correct: 129  Precision @ 1: 0.5039  AUC @ 1: 0.5661
Test Data Eval:
  Num examples: 128  Num correct: 67  Precision @ 1: 0.5234  AUC @ 1: 0.6712
Step 8000: loss = 0.7384 (0.024 sec)
Training Data Eval:
  Num examples: 3840  Num correct: 2149  Precision @ 1: 0.5596  AUC @ 1: 0.6316
Validation Data Eval:
  Num examples: 256  Num correct: 129  Precision @ 1: 0.5039  AUC @ 1: 0.5669
Test Data Eval:
  Num examples: 128  Num correct: 70  Precision @ 1: 0.5469  AUC @ 1: 0.7330
Step 8200: loss = 0.7232 (0.023 sec)
Training Data Eval:
  Num examples: 3840  Num correct: 2188  Precision @ 1: 0.5698  AUC @ 1: 0.6248
Validation Data Eval:
  Num examples: 256  Num correct: 129  Precision @ 1: 0.5039  AUC @ 1: 0.5663
Test Data Eval:
  Num examples: 128  Num correct: 73  Precision @ 1: 0.5703  AUC @ 1: 0.7509
Step 8400: loss = 0.7291 (0.060 sec)
Training Data Eval:
  Num examples: 3840  Num correct: 2204  Precision @ 1: 0.5740  AUC @ 1: 0.6298
Validation Data Eval:
  Num examples: 256  Num correct: 129  Precision @ 1: 0.5039  AUC @ 1: 0.5668
Test Data Eval:
  Num examples: 128  Num correct: 74  Precision @ 1: 0.5781  AUC @ 1: 0.7365
Step 8600: loss = 0.7287 (0.023 sec)
Training Data Eval:
  Num examples: 3840  Num correct: 2164  Precision @ 1: 0.5635  AUC @ 1: 0.6293
Validation Data Eval:
  Num examples: 256  Num correct: 129  Precision @ 1: 0.5039  AUC @ 1: 0.5671
Test Data Eval:
  Num examples: 128  Num correct: 74  Precision @ 1: 0.5781  AUC @ 1: 0.6684
Step 8800: loss = 0.7219 (0.023 sec)
Training Data Eval:
  Num examples: 3840  Num correct: 2192  Precision @ 1: 0.5708  AUC @ 1: 0.6221
Validation Data Eval:
  Num examples: 256  Num correct: 129  Precision @ 1: 0.5039  AUC @ 1: 0.5672
Test Data Eval:
  Num examples: 128  Num correct: 69  Precision @ 1: 0.5391  AUC @ 1: 0.6573
Step 9000: loss = 0.7321 (0.060 sec)
Training Data Eval:
  Num examples: 3840  Num correct: 2183  Precision @ 1: 0.5685  AUC @ 1: 0.6205
Validation Data Eval:
  Num examples: 256  Num correct: 129  Precision @ 1: 0.5039  AUC @ 1: 0.5672
Test Data Eval:
  Num examples: 128  Num correct: 72  Precision @ 1: 0.5625  AUC @ 1: 0.6622
Step 9200: loss = 0.7015 (0.023 sec)
Training Data Eval:
  Num examples: 3840  Num correct: 2194  Precision @ 1: 0.5714  AUC @ 1: 0.6098
Validation Data Eval:
  Num examples: 256  Num correct: 129  Precision @ 1: 0.5039  AUC @ 1: 0.5674
Test Data Eval:
  Num examples: 128  Num correct: 74  Precision @ 1: 0.5781  AUC @ 1: 0.6914
Step 9400: loss = 0.7144 (0.023 sec)
Training Data Eval:
  Num examples: 3840  Num correct: 2191  Precision @ 1: 0.5706  AUC @ 1: 0.6206
Validation Data Eval:
  Num examples: 256  Num correct: 129  Precision @ 1: 0.5039  AUC @ 1: 0.5669
Test Data Eval:
  Num examples: 128  Num correct: 71  Precision @ 1: 0.5547  AUC @ 1: 0.6439
Step 9600: loss = 0.7200 (0.061 sec)
Training Data Eval:
  Num examples: 3840  Num correct: 2194  Precision @ 1: 0.5714  AUC @ 1: 0.6227
Validation Data Eval:
  Num examples: 256  Num correct: 129  Precision @ 1: 0.5039  AUC @ 1: 0.5676
Test Data Eval:
  Num examples: 128  Num correct: 74  Precision @ 1: 0.5781  AUC @ 1: 0.7155
Step 9800: loss = 0.7068 (0.023 sec)
Training Data Eval:
  Num examples: 3840  Num correct: 2196  Precision @ 1: 0.5719  AUC @ 1: 0.6202
Validation Data Eval:
  Num examples: 256  Num correct: 129  Precision @ 1: 0.5039  AUC @ 1: 0.5685
Test Data Eval:
  Num examples: 128  Num correct: 71  Precision @ 1: 0.5547  AUC @ 1: 0.6657
