Training data shape: 	(4141, 64, 30, 2)
Training label shape:	(4141,)
Testing data shape:  	(194, 64, 30, 2)
Testing label shape: 	(194,)
max input value is: 72.5247
min input value is: -75.9911
random permuted training data
==============================================================================
Model: 			inference_global_s_cnn
Tensor Name: 	Placeholder:0
[128, 64, 30, 2]
==============================================================================
Tensor Name: conv1/conv1:0
[128, 1, 30, 32]
==============================================================================
Tensor Name: MaxPool:0
[128, 1, 15, 32]
==============================================================================
Tensor Name: local1/local1:0
[128, 128]
==============================================================================
Tensor Name: local2/local2:0
[128, 128]
==============================================================================
Tensor Name: softmax_linear/softmax_linear:0
[128, 2]
Step 0: loss = 0.8840 (0.032 sec)
Training Data Eval:
  Num examples: 3840  Num correct: 2152  Precision @ 1: 0.5604  AUC @ 1: 0.5693
Validation Data Eval:
  Num examples: 256  Num correct: 147  Precision @ 1: 0.5742  AUC @ 1: 0.5311
Test Data Eval:
  Num examples: 128  Num correct: 43  Precision @ 1: 0.3359  AUC @ 1: 0.4824
Step 200: loss = 0.8620 (0.019 sec)
Training Data Eval:
  Num examples: 3840  Num correct: 2183  Precision @ 1: 0.5685  AUC @ 1: 0.5875
Validation Data Eval:
  Num examples: 256  Num correct: 147  Precision @ 1: 0.5742  AUC @ 1: 0.5315
Test Data Eval:
  Num examples: 128  Num correct: 71  Precision @ 1: 0.5547  AUC @ 1: 0.7863
Step 400: loss = 0.8848 (0.017 sec)
Training Data Eval:
  Num examples: 3840  Num correct: 2290  Precision @ 1: 0.5964  AUC @ 1: 0.5881
Validation Data Eval:
  Num examples: 256  Num correct: 151  Precision @ 1: 0.5898  AUC @ 1: 0.5390
Test Data Eval:
  Num examples: 128  Num correct: 61  Precision @ 1: 0.4766  AUC @ 1: 0.8424
Step 600: loss = 0.8606 (0.053 sec)
Training Data Eval:
  Num examples: 3840  Num correct: 2241  Precision @ 1: 0.5836  AUC @ 1: 0.5876
Validation Data Eval:
  Num examples: 256  Num correct: 144  Precision @ 1: 0.5625  AUC @ 1: 0.5402
Test Data Eval:
  Num examples: 128  Num correct: 65  Precision @ 1: 0.5078  AUC @ 1: 0.7781
Step 800: loss = 0.8690 (0.019 sec)
Training Data Eval:
  Num examples: 3840  Num correct: 2254  Precision @ 1: 0.5870  AUC @ 1: 0.6047
Validation Data Eval:
  Num examples: 256  Num correct: 146  Precision @ 1: 0.5703  AUC @ 1: 0.5418
Test Data Eval:
  Num examples: 128  Num correct: 63  Precision @ 1: 0.4922  AUC @ 1: 0.8118
Step 1000: loss = 0.8326 (0.018 sec)
Training Data Eval:
  Num examples: 3840  Num correct: 2270  Precision @ 1: 0.5911  AUC @ 1: 0.6059
Validation Data Eval:
  Num examples: 256  Num correct: 144  Precision @ 1: 0.5625  AUC @ 1: 0.5445
Test Data Eval:
  Num examples: 128  Num correct: 66  Precision @ 1: 0.5156  AUC @ 1: 0.7835
Step 1200: loss = 0.8723 (0.058 sec)
Training Data Eval:
  Num examples: 3840  Num correct: 2257  Precision @ 1: 0.5878  AUC @ 1: 0.6145
Validation Data Eval:
  Num examples: 256  Num correct: 146  Precision @ 1: 0.5703  AUC @ 1: 0.5437
Test Data Eval:
  Num examples: 128  Num correct: 63  Precision @ 1: 0.4922  AUC @ 1: 0.7783
Step 1400: loss = 0.8384 (0.018 sec)
Training Data Eval:
  Num examples: 3840  Num correct: 2295  Precision @ 1: 0.5977  AUC @ 1: 0.6218
Validation Data Eval:
  Num examples: 256  Num correct: 146  Precision @ 1: 0.5703  AUC @ 1: 0.5448
Test Data Eval:
  Num examples: 128  Num correct: 63  Precision @ 1: 0.4922  AUC @ 1: 0.7897
Step 1600: loss = 0.8456 (0.019 sec)
Training Data Eval:
  Num examples: 3840  Num correct: 2295  Precision @ 1: 0.5977  AUC @ 1: 0.6369
Validation Data Eval:
  Num examples: 256  Num correct: 146  Precision @ 1: 0.5703  AUC @ 1: 0.5435
Test Data Eval:
  Num examples: 128  Num correct: 65  Precision @ 1: 0.5078  AUC @ 1: 0.7643
Step 1800: loss = 0.8504 (0.051 sec)
Training Data Eval:
  Num examples: 3840  Num correct: 2349  Precision @ 1: 0.6117  AUC @ 1: 0.6532
Validation Data Eval:
  Num examples: 256  Num correct: 147  Precision @ 1: 0.5742  AUC @ 1: 0.5398
Test Data Eval:
  Num examples: 128  Num correct: 64  Precision @ 1: 0.5000  AUC @ 1: 0.7796
Step 2000: loss = 0.8487 (0.019 sec)
Training Data Eval:
  Num examples: 3840  Num correct: 2348  Precision @ 1: 0.6115  AUC @ 1: 0.6737
Validation Data Eval:
  Num examples: 256  Num correct: 148  Precision @ 1: 0.5781  AUC @ 1: 0.5273
Test Data Eval:
  Num examples: 128  Num correct: 60  Precision @ 1: 0.4688  AUC @ 1: 0.7843
Step 2200: loss = 0.7916 (0.021 sec)
Training Data Eval:
  Num examples: 3840  Num correct: 2385  Precision @ 1: 0.6211  AUC @ 1: 0.6895
Validation Data Eval:
  Num examples: 256  Num correct: 149  Precision @ 1: 0.5820  AUC @ 1: 0.5282
Test Data Eval:
  Num examples: 128  Num correct: 64  Precision @ 1: 0.5000  AUC @ 1: 0.7841
Step 2400: loss = 0.8288 (0.051 sec)
Training Data Eval:
  Num examples: 3840  Num correct: 2461  Precision @ 1: 0.6409  AUC @ 1: 0.7340
Validation Data Eval:
  Num examples: 256  Num correct: 150  Precision @ 1: 0.5859  AUC @ 1: 0.5427
Test Data Eval:
  Num examples: 128  Num correct: 63  Precision @ 1: 0.4922  AUC @ 1: 0.8096
Step 2600: loss = 0.7955 (0.018 sec)
Training Data Eval:
  Num examples: 3840  Num correct: 2540  Precision @ 1: 0.6615  AUC @ 1: 0.7553
Validation Data Eval:
  Num examples: 256  Num correct: 152  Precision @ 1: 0.5938  AUC @ 1: 0.5351
Test Data Eval:
  Num examples: 128  Num correct: 59  Precision @ 1: 0.4609  AUC @ 1: 0.7175
Step 2800: loss = 0.7892 (0.018 sec)
Training Data Eval:
  Num examples: 3840  Num correct: 2648  Precision @ 1: 0.6896  AUC @ 1: 0.7929
Validation Data Eval:
  Num examples: 256  Num correct: 150  Precision @ 1: 0.5859  AUC @ 1: 0.5264
Test Data Eval:
  Num examples: 128  Num correct: 56  Precision @ 1: 0.4375  AUC @ 1: 0.6614
Step 3000: loss = 0.7665 (0.056 sec)
Training Data Eval:
  Num examples: 3840  Num correct: 2730  Precision @ 1: 0.7109  AUC @ 1: 0.8098
Validation Data Eval:
  Num examples: 256  Num correct: 145  Precision @ 1: 0.5664  AUC @ 1: 0.5211
Test Data Eval:
  Num examples: 128  Num correct: 60  Precision @ 1: 0.4688  AUC @ 1: 0.6652
Step 3200: loss = 0.7539 (0.018 sec)
Training Data Eval:
  Num examples: 3840  Num correct: 2853  Precision @ 1: 0.7430  AUC @ 1: 0.8616
Validation Data Eval:
  Num examples: 256  Num correct: 148  Precision @ 1: 0.5781  AUC @ 1: 0.5161
Test Data Eval:
  Num examples: 128  Num correct: 53  Precision @ 1: 0.4141  AUC @ 1: 0.5145
Step 3400: loss = 0.6640 (0.017 sec)
Training Data Eval:
  Num examples: 3840  Num correct: 2895  Precision @ 1: 0.7539  AUC @ 1: 0.8853
Validation Data Eval:
  Num examples: 256  Num correct: 145  Precision @ 1: 0.5664  AUC @ 1: 0.5226
Test Data Eval:
  Num examples: 128  Num correct: 64  Precision @ 1: 0.5000  AUC @ 1: 0.6603
Step 3600: loss = 0.6687 (0.055 sec)
Training Data Eval:
  Num examples: 3840  Num correct: 3059  Precision @ 1: 0.7966  AUC @ 1: 0.8986
Validation Data Eval:
  Num examples: 256  Num correct: 133  Precision @ 1: 0.5195  AUC @ 1: 0.5098
Test Data Eval:
  Num examples: 128  Num correct: 51  Precision @ 1: 0.3984  AUC @ 1: 0.5692
Step 3800: loss = 0.6558 (0.017 sec)
Training Data Eval:
  Num examples: 3840  Num correct: 3057  Precision @ 1: 0.7961  AUC @ 1: 0.8998
Validation Data Eval:
  Num examples: 256  Num correct: 132  Precision @ 1: 0.5156  AUC @ 1: 0.5161
Test Data Eval:
  Num examples: 128  Num correct: 63  Precision @ 1: 0.4922  AUC @ 1: 0.6721
Step 4000: loss = 0.6715 (0.018 sec)
Training Data Eval:
  Num examples: 3840  Num correct: 3182  Precision @ 1: 0.8286  AUC @ 1: 0.9285
Validation Data Eval:
  Num examples: 256  Num correct: 131  Precision @ 1: 0.5117  AUC @ 1: 0.5234
Test Data Eval:
  Num examples: 128  Num correct: 61  Precision @ 1: 0.4766  AUC @ 1: 0.5203
Step 4200: loss = 0.6213 (0.053 sec)
Training Data Eval:
  Num examples: 3840  Num correct: 3247  Precision @ 1: 0.8456  AUC @ 1: 0.9369
Validation Data Eval:
  Num examples: 256  Num correct: 128  Precision @ 1: 0.5000  AUC @ 1: 0.5362
Test Data Eval:
  Num examples: 128  Num correct: 64  Precision @ 1: 0.5000  AUC @ 1: 0.5590
Step 4400: loss = 0.5575 (0.018 sec)
Training Data Eval:
  Num examples: 3840  Num correct: 3309  Precision @ 1: 0.8617  AUC @ 1: 0.9457
Validation Data Eval:
  Num examples: 256  Num correct: 135  Precision @ 1: 0.5273  AUC @ 1: 0.5375
Test Data Eval:
  Num examples: 128  Num correct: 64  Precision @ 1: 0.5000  AUC @ 1: 0.5711
Step 4600: loss = 0.5597 (0.018 sec)
Training Data Eval:
  Num examples: 3840  Num correct: 3356  Precision @ 1: 0.8740  AUC @ 1: 0.9545
Validation Data Eval:
  Num examples: 256  Num correct: 138  Precision @ 1: 0.5391  AUC @ 1: 0.5438
Test Data Eval:
  Num examples: 128  Num correct: 46  Precision @ 1: 0.3594  AUC @ 1: 0.3778
Step 4800: loss = 0.5055 (0.054 sec)
Training Data Eval:
  Num examples: 3840  Num correct: 3449  Precision @ 1: 0.8982  AUC @ 1: 0.9672
Validation Data Eval:
  Num examples: 256  Num correct: 135  Precision @ 1: 0.5273  AUC @ 1: 0.5453
Test Data Eval:
  Num examples: 128  Num correct: 64  Precision @ 1: 0.5000  AUC @ 1: 0.5878
Step 5000: loss = 0.4541 (0.019 sec)
Training Data Eval:
  Num examples: 3840  Num correct: 3474  Precision @ 1: 0.9047  AUC @ 1: 0.9718
Validation Data Eval:
  Num examples: 256  Num correct: 137  Precision @ 1: 0.5352  AUC @ 1: 0.5592
Test Data Eval:
  Num examples: 128  Num correct: 74  Precision @ 1: 0.5781  AUC @ 1: 0.6163
Step 5200: loss = 0.4870 (0.018 sec)
Training Data Eval:
  Num examples: 3840  Num correct: 3503  Precision @ 1: 0.9122  AUC @ 1: 0.9781
Validation Data Eval:
  Num examples: 256  Num correct: 138  Precision @ 1: 0.5391  AUC @ 1: 0.5639
Test Data Eval:
  Num examples: 128  Num correct: 63  Precision @ 1: 0.4922  AUC @ 1: 0.5797
Step 5400: loss = 0.4297 (0.054 sec)
Training Data Eval:
  Num examples: 3840  Num correct: 3553  Precision @ 1: 0.9253  AUC @ 1: 0.9831
Validation Data Eval:
  Num examples: 256  Num correct: 142  Precision @ 1: 0.5547  AUC @ 1: 0.5692
Test Data Eval:
  Num examples: 128  Num correct: 66  Precision @ 1: 0.5156  AUC @ 1: 0.5516
Step 5600: loss = 0.4353 (0.019 sec)
Training Data Eval:
  Num examples: 3840  Num correct: 3600  Precision @ 1: 0.9375  AUC @ 1: 0.9869
Validation Data Eval:
  Num examples: 256  Num correct: 156  Precision @ 1: 0.6094  AUC @ 1: 0.5878
Test Data Eval:
  Num examples: 128  Num correct: 57  Precision @ 1: 0.4453  AUC @ 1: 0.4560
Step 5800: loss = 0.4224 (0.017 sec)
Training Data Eval:
  Num examples: 3840  Num correct: 3628  Precision @ 1: 0.9448  AUC @ 1: 0.9900
Validation Data Eval:
  Num examples: 256  Num correct: 150  Precision @ 1: 0.5859  AUC @ 1: 0.5895
Test Data Eval:
  Num examples: 128  Num correct: 65  Precision @ 1: 0.5078  AUC @ 1: 0.5016
Step 6000: loss = 0.3969 (0.055 sec)
Training Data Eval:
  Num examples: 3840  Num correct: 3669  Precision @ 1: 0.9555  AUC @ 1: 0.9921
Validation Data Eval:
  Num examples: 256  Num correct: 154  Precision @ 1: 0.6016  AUC @ 1: 0.5938
Test Data Eval:
  Num examples: 128  Num correct: 72  Precision @ 1: 0.5625  AUC @ 1: 0.6173
Step 6200: loss = 0.3604 (0.018 sec)
Training Data Eval:
  Num examples: 3840  Num correct: 3703  Precision @ 1: 0.9643  AUC @ 1: 0.9939
Validation Data Eval:
  Num examples: 256  Num correct: 155  Precision @ 1: 0.6055  AUC @ 1: 0.6023
Test Data Eval:
  Num examples: 128  Num correct: 62  Precision @ 1: 0.4844  AUC @ 1: 0.5143
Step 6400: loss = 0.3580 (0.019 sec)
Training Data Eval:
  Num examples: 3840  Num correct: 3720  Precision @ 1: 0.9688  AUC @ 1: 0.9952
Validation Data Eval:
  Num examples: 256  Num correct: 161  Precision @ 1: 0.6289  AUC @ 1: 0.6232
Test Data Eval:
  Num examples: 128  Num correct: 64  Precision @ 1: 0.5000  AUC @ 1: 0.5273
Step 6600: loss = 0.3167 (0.054 sec)
Training Data Eval:
  Num examples: 3840  Num correct: 3736  Precision @ 1: 0.9729  AUC @ 1: 0.9969
Validation Data Eval:
  Num examples: 256  Num correct: 158  Precision @ 1: 0.6172  AUC @ 1: 0.6123
Test Data Eval:
  Num examples: 128  Num correct: 52  Precision @ 1: 0.4062  AUC @ 1: 0.3916
Step 6800: loss = 0.3156 (0.018 sec)
Training Data Eval:
  Num examples: 3840  Num correct: 3773  Precision @ 1: 0.9826  AUC @ 1: 0.9981
Validation Data Eval:
  Num examples: 256  Num correct: 158  Precision @ 1: 0.6172  AUC @ 1: 0.6212
Test Data Eval:
  Num examples: 128  Num correct: 58  Precision @ 1: 0.4531  AUC @ 1: 0.4494
Step 7000: loss = 0.3488 (0.020 sec)
Training Data Eval:
  Num examples: 3840  Num correct: 3786  Precision @ 1: 0.9859  AUC @ 1: 0.9988
Validation Data Eval:
  Num examples: 256  Num correct: 160  Precision @ 1: 0.6250  AUC @ 1: 0.6224
Test Data Eval:
  Num examples: 128  Num correct: 63  Precision @ 1: 0.4922  AUC @ 1: 0.5565
Step 7200: loss = 0.2773 (0.054 sec)
Training Data Eval:
  Num examples: 3840  Num correct: 3789  Precision @ 1: 0.9867  AUC @ 1: 0.9992
Validation Data Eval:
  Num examples: 256  Num correct: 165  Precision @ 1: 0.6445  AUC @ 1: 0.6204
Test Data Eval:
  Num examples: 128  Num correct: 60  Precision @ 1: 0.4688  AUC @ 1: 0.5352
Step 7400: loss = 0.2768 (0.018 sec)
Training Data Eval:
  Num examples: 3840  Num correct: 3808  Precision @ 1: 0.9917  AUC @ 1: 0.9990
Validation Data Eval:
  Num examples: 256  Num correct: 163  Precision @ 1: 0.6367  AUC @ 1: 0.6246
Test Data Eval:
  Num examples: 128  Num correct: 60  Precision @ 1: 0.4688  AUC @ 1: 0.4967
Step 7600: loss = 0.2545 (0.019 sec)
Training Data Eval:
  Num examples: 3840  Num correct: 3815  Precision @ 1: 0.9935  AUC @ 1: 0.9995
Validation Data Eval:
  Num examples: 256  Num correct: 164  Precision @ 1: 0.6406  AUC @ 1: 0.6210
Test Data Eval:
  Num examples: 128  Num correct: 58  Precision @ 1: 0.4531  AUC @ 1: 0.4663
Step 7800: loss = 0.2427 (0.052 sec)
Training Data Eval:
  Num examples: 3840  Num correct: 3821  Precision @ 1: 0.9951  AUC @ 1: 0.9998
Validation Data Eval:
  Num examples: 256  Num correct: 168  Precision @ 1: 0.6562  AUC @ 1: 0.6386
Test Data Eval:
  Num examples: 128  Num correct: 65  Precision @ 1: 0.5078  AUC @ 1: 0.5393
Step 8000: loss = 0.2526 (0.018 sec)
Training Data Eval:
  Num examples: 3840  Num correct: 3828  Precision @ 1: 0.9969  AUC @ 1: 0.9998
Validation Data Eval:
  Num examples: 256  Num correct: 167  Precision @ 1: 0.6523  AUC @ 1: 0.6340
Test Data Eval:
  Num examples: 128  Num correct: 68  Precision @ 1: 0.5312  AUC @ 1: 0.5880
Step 8200: loss = 0.2224 (0.019 sec)
Training Data Eval:
  Num examples: 3840  Num correct: 3830  Precision @ 1: 0.9974  AUC @ 1: 0.9999
Validation Data Eval:
  Num examples: 256  Num correct: 172  Precision @ 1: 0.6719  AUC @ 1: 0.6400
Test Data Eval:
  Num examples: 128  Num correct: 63  Precision @ 1: 0.4922  AUC @ 1: 0.5512
Step 8400: loss = 0.2295 (0.056 sec)
Training Data Eval:
  Num examples: 3840  Num correct: 3829  Precision @ 1: 0.9971  AUC @ 1: 0.9999
Validation Data Eval:
  Num examples: 256  Num correct: 163  Precision @ 1: 0.6367  AUC @ 1: 0.6310
Test Data Eval:
  Num examples: 128  Num correct: 63  Precision @ 1: 0.4922  AUC @ 1: 0.5115
Step 8600: loss = 0.2119 (0.018 sec)
Training Data Eval:
  Num examples: 3840  Num correct: 3834  Precision @ 1: 0.9984  AUC @ 1: 0.9999
Validation Data Eval:
  Num examples: 256  Num correct: 171  Precision @ 1: 0.6680  AUC @ 1: 0.6390
Test Data Eval:
  Num examples: 128  Num correct: 62  Precision @ 1: 0.4844  AUC @ 1: 0.5503
Step 8800: loss = 0.2652 (0.016 sec)
Training Data Eval:
  Num examples: 3840  Num correct: 3834  Precision @ 1: 0.9984  AUC @ 1: 1.0000
Validation Data Eval:
  Num examples: 256  Num correct: 169  Precision @ 1: 0.6602  AUC @ 1: 0.6358
Test Data Eval:
  Num examples: 128  Num correct: 60  Precision @ 1: 0.4688  AUC @ 1: 0.5110
Step 9000: loss = 0.2181 (0.050 sec)
Training Data Eval:
  Num examples: 3840  Num correct: 3836  Precision @ 1: 0.9990  AUC @ 1: 1.0000
Validation Data Eval:
  Num examples: 256  Num correct: 168  Precision @ 1: 0.6562  AUC @ 1: 0.6322
Test Data Eval:
  Num examples: 128  Num correct: 62  Precision @ 1: 0.4844  AUC @ 1: 0.5253
Step 9200: loss = 0.2326 (0.018 sec)
Training Data Eval:
  Num examples: 3840  Num correct: 3836  Precision @ 1: 0.9990  AUC @ 1: 1.0000
Validation Data Eval:
  Num examples: 256  Num correct: 171  Precision @ 1: 0.6680  AUC @ 1: 0.6332
Test Data Eval:
  Num examples: 128  Num correct: 69  Precision @ 1: 0.5391  AUC @ 1: 0.6431
Step 9400: loss = 0.1993 (0.017 sec)
Training Data Eval:
  Num examples: 3840  Num correct: 3838  Precision @ 1: 0.9995  AUC @ 1: 1.0000
Validation Data Eval:
  Num examples: 256  Num correct: 172  Precision @ 1: 0.6719  AUC @ 1: 0.6438
Test Data Eval:
  Num examples: 128  Num correct: 65  Precision @ 1: 0.5078  AUC @ 1: 0.5487
Step 9600: loss = 0.1935 (0.055 sec)
Training Data Eval:
  Num examples: 3840  Num correct: 3837  Precision @ 1: 0.9992  AUC @ 1: 1.0000
Validation Data Eval:
  Num examples: 256  Num correct: 167  Precision @ 1: 0.6523  AUC @ 1: 0.6335
Test Data Eval:
  Num examples: 128  Num correct: 60  Precision @ 1: 0.4688  AUC @ 1: 0.5357
Step 9800: loss = 0.1885 (0.018 sec)
Training Data Eval:
  Num examples: 3840  Num correct: 3838  Precision @ 1: 0.9995  AUC @ 1: 1.0000
Validation Data Eval:
  Num examples: 256  Num correct: 167  Precision @ 1: 0.6523  AUC @ 1: 0.6386
Test Data Eval:
  Num examples: 128  Num correct: 55  Precision @ 1: 0.4297  AUC @ 1: 0.4903
