Training data shape: 	(4141, 64, 30, 2)
Training label shape:	(4141,)
Testing data shape:  	(194, 64, 30, 2)
Testing label shape: 	(194,)
max input value is: 72.5247
min input value is: -75.9911
random permuted training data
==============================================================================
Model: 			inference_global_s_cnn
Tensor Name: 	Placeholder:0
[128, 64, 30, 2]
==============================================================================
Tensor Name: conv1/conv1:0
[128, 1, 30, 32]
==============================================================================
Tensor Name: MaxPool:0
[128, 1, 15, 32]
==============================================================================
Tensor Name: local1/local1:0
[128, 128]
==============================================================================
Tensor Name: local2/local2:0
[128, 128]
==============================================================================
Tensor Name: softmax_linear/softmax_linear:0
[128, 2]
Step 0: loss = 0.8846 (0.039 sec)
Training Data Eval:
  Num examples: 3840  Num correct: 2170  Precision @ 1: 0.5651  AUC @ 1: 0.5663
Validation Data Eval:
  Num examples: 256  Num correct: 152  Precision @ 1: 0.5938  AUC @ 1: 0.5831
Test Data Eval:
  Num examples: 128  Num correct: 43  Precision @ 1: 0.3359  AUC @ 1: 0.6276
Step 200: loss = 0.8813 (0.020 sec)
Training Data Eval:
  Num examples: 3840  Num correct: 2146  Precision @ 1: 0.5589  AUC @ 1: 0.5641
Validation Data Eval:
  Num examples: 256  Num correct: 152  Precision @ 1: 0.5938  AUC @ 1: 0.5796
Test Data Eval:
  Num examples: 128  Num correct: 66  Precision @ 1: 0.5156  AUC @ 1: 0.7969
Step 400: loss = 0.8493 (0.019 sec)
Training Data Eval:
  Num examples: 3840  Num correct: 2162  Precision @ 1: 0.5630  AUC @ 1: 0.5671
Validation Data Eval:
  Num examples: 256  Num correct: 152  Precision @ 1: 0.5938  AUC @ 1: 0.5715
Test Data Eval:
  Num examples: 128  Num correct: 74  Precision @ 1: 0.5781  AUC @ 1: 0.7720
Step 600: loss = 0.8648 (0.052 sec)
Training Data Eval:
  Num examples: 3840  Num correct: 2203  Precision @ 1: 0.5737  AUC @ 1: 0.5653
Validation Data Eval:
  Num examples: 256  Num correct: 152  Precision @ 1: 0.5938  AUC @ 1: 0.5652
Test Data Eval:
  Num examples: 128  Num correct: 76  Precision @ 1: 0.5938  AUC @ 1: 0.8219
Step 800: loss = 0.8683 (0.018 sec)
Training Data Eval:
  Num examples: 3840  Num correct: 2290  Precision @ 1: 0.5964  AUC @ 1: 0.5905
Validation Data Eval:
  Num examples: 256  Num correct: 157  Precision @ 1: 0.6133  AUC @ 1: 0.5688
Test Data Eval:
  Num examples: 128  Num correct: 65  Precision @ 1: 0.5078  AUC @ 1: 0.8111
Step 1000: loss = 0.8674 (0.017 sec)
Training Data Eval:
  Num examples: 3840  Num correct: 2290  Precision @ 1: 0.5964  AUC @ 1: 0.5882
Validation Data Eval:
  Num examples: 256  Num correct: 156  Precision @ 1: 0.6094  AUC @ 1: 0.5671
Test Data Eval:
  Num examples: 128  Num correct: 60  Precision @ 1: 0.4688  AUC @ 1: 0.7917
Step 1200: loss = 0.8595 (0.053 sec)
Training Data Eval:
  Num examples: 3840  Num correct: 2275  Precision @ 1: 0.5924  AUC @ 1: 0.5997
Validation Data Eval:
  Num examples: 256  Num correct: 153  Precision @ 1: 0.5977  AUC @ 1: 0.5638
Test Data Eval:
  Num examples: 128  Num correct: 66  Precision @ 1: 0.5156  AUC @ 1: 0.7895
Step 1400: loss = 0.8542 (0.019 sec)
Training Data Eval:
  Num examples: 3840  Num correct: 2246  Precision @ 1: 0.5849  AUC @ 1: 0.6118
Validation Data Eval:
  Num examples: 256  Num correct: 152  Precision @ 1: 0.5938  AUC @ 1: 0.5637
Test Data Eval:
  Num examples: 128  Num correct: 56  Precision @ 1: 0.4375  AUC @ 1: 0.7650
Step 1600: loss = 0.8511 (0.018 sec)
Training Data Eval:
  Num examples: 3840  Num correct: 2262  Precision @ 1: 0.5891  AUC @ 1: 0.6156
Validation Data Eval:
  Num examples: 256  Num correct: 152  Precision @ 1: 0.5938  AUC @ 1: 0.5664
Test Data Eval:
  Num examples: 128  Num correct: 64  Precision @ 1: 0.5000  AUC @ 1: 0.7952
Step 1800: loss = 0.8124 (0.051 sec)
Training Data Eval:
  Num examples: 3840  Num correct: 2304  Precision @ 1: 0.6000  AUC @ 1: 0.6404
Validation Data Eval:
  Num examples: 256  Num correct: 154  Precision @ 1: 0.6016  AUC @ 1: 0.5658
Test Data Eval:
  Num examples: 128  Num correct: 65  Precision @ 1: 0.5078  AUC @ 1: 0.8018
Step 2000: loss = 0.8468 (0.019 sec)
Training Data Eval:
  Num examples: 3840  Num correct: 2305  Precision @ 1: 0.6003  AUC @ 1: 0.6541
Validation Data Eval:
  Num examples: 256  Num correct: 155  Precision @ 1: 0.6055  AUC @ 1: 0.5620
Test Data Eval:
  Num examples: 128  Num correct: 64  Precision @ 1: 0.5000  AUC @ 1: 0.7978
Step 2200: loss = 0.8098 (0.016 sec)
Training Data Eval:
  Num examples: 3840  Num correct: 2316  Precision @ 1: 0.6031  AUC @ 1: 0.6662
Validation Data Eval:
  Num examples: 256  Num correct: 153  Precision @ 1: 0.5977  AUC @ 1: 0.5624
Test Data Eval:
  Num examples: 128  Num correct: 60  Precision @ 1: 0.4688  AUC @ 1: 0.7933
Step 2400: loss = 0.8135 (0.055 sec)
Training Data Eval:
  Num examples: 3840  Num correct: 2348  Precision @ 1: 0.6115  AUC @ 1: 0.6848
Validation Data Eval:
  Num examples: 256  Num correct: 153  Precision @ 1: 0.5977  AUC @ 1: 0.5571
Test Data Eval:
  Num examples: 128  Num correct: 65  Precision @ 1: 0.5078  AUC @ 1: 0.8316
Step 2600: loss = 0.8171 (0.018 sec)
Training Data Eval:
  Num examples: 3840  Num correct: 2376  Precision @ 1: 0.6188  AUC @ 1: 0.7269
Validation Data Eval:
  Num examples: 256  Num correct: 152  Precision @ 1: 0.5938  AUC @ 1: 0.5502
Test Data Eval:
  Num examples: 128  Num correct: 61  Precision @ 1: 0.4766  AUC @ 1: 0.7646
Step 2800: loss = 0.8223 (0.017 sec)
Training Data Eval:
  Num examples: 3840  Num correct: 2615  Precision @ 1: 0.6810  AUC @ 1: 0.7756
Validation Data Eval:
  Num examples: 256  Num correct: 152  Precision @ 1: 0.5938  AUC @ 1: 0.5498
Test Data Eval:
  Num examples: 128  Num correct: 58  Precision @ 1: 0.4531  AUC @ 1: 0.5797
Step 3000: loss = 0.7731 (0.051 sec)
Training Data Eval:
  Num examples: 3840  Num correct: 2687  Precision @ 1: 0.6997  AUC @ 1: 0.7950
Validation Data Eval:
  Num examples: 256  Num correct: 151  Precision @ 1: 0.5898  AUC @ 1: 0.5508
Test Data Eval:
  Num examples: 128  Num correct: 54  Precision @ 1: 0.4219  AUC @ 1: 0.5449
Step 3200: loss = 0.7763 (0.017 sec)
Training Data Eval:
  Num examples: 3840  Num correct: 2747  Precision @ 1: 0.7154  AUC @ 1: 0.8227
Validation Data Eval:
  Num examples: 256  Num correct: 147  Precision @ 1: 0.5742  AUC @ 1: 0.5402
Test Data Eval:
  Num examples: 128  Num correct: 53  Precision @ 1: 0.4141  AUC @ 1: 0.4398
Step 3400: loss = 0.6959 (0.018 sec)
Training Data Eval:
  Num examples: 3840  Num correct: 2797  Precision @ 1: 0.7284  AUC @ 1: 0.8443
Validation Data Eval:
  Num examples: 256  Num correct: 150  Precision @ 1: 0.5859  AUC @ 1: 0.5516
Test Data Eval:
  Num examples: 128  Num correct: 62  Precision @ 1: 0.4844  AUC @ 1: 0.6445
Step 3600: loss = 0.7032 (0.056 sec)
Training Data Eval:
  Num examples: 3840  Num correct: 2976  Precision @ 1: 0.7750  AUC @ 1: 0.8777
Validation Data Eval:
  Num examples: 256  Num correct: 141  Precision @ 1: 0.5508  AUC @ 1: 0.5387
Test Data Eval:
  Num examples: 128  Num correct: 47  Precision @ 1: 0.3672  AUC @ 1: 0.4203
Step 3800: loss = 0.6880 (0.018 sec)
Training Data Eval:
  Num examples: 3840  Num correct: 3037  Precision @ 1: 0.7909  AUC @ 1: 0.9000
Validation Data Eval:
  Num examples: 256  Num correct: 148  Precision @ 1: 0.5781  AUC @ 1: 0.5466
Test Data Eval:
  Num examples: 128  Num correct: 49  Precision @ 1: 0.3828  AUC @ 1: 0.4748
Step 4000: loss = 0.6940 (0.019 sec)
Training Data Eval:
  Num examples: 3840  Num correct: 3124  Precision @ 1: 0.8135  AUC @ 1: 0.9159
Validation Data Eval:
  Num examples: 256  Num correct: 143  Precision @ 1: 0.5586  AUC @ 1: 0.5425
Test Data Eval:
  Num examples: 128  Num correct: 50  Precision @ 1: 0.3906  AUC @ 1: 0.4790
Step 4200: loss = 0.6620 (0.052 sec)
Training Data Eval:
  Num examples: 3840  Num correct: 3164  Precision @ 1: 0.8240  AUC @ 1: 0.9265
Validation Data Eval:
  Num examples: 256  Num correct: 144  Precision @ 1: 0.5625  AUC @ 1: 0.5483
Test Data Eval:
  Num examples: 128  Num correct: 58  Precision @ 1: 0.4531  AUC @ 1: 0.5448
Step 4400: loss = 0.5802 (0.019 sec)
Training Data Eval:
  Num examples: 3840  Num correct: 3214  Precision @ 1: 0.8370  AUC @ 1: 0.9302
Validation Data Eval:
  Num examples: 256  Num correct: 141  Precision @ 1: 0.5508  AUC @ 1: 0.5746
Test Data Eval:
  Num examples: 128  Num correct: 60  Precision @ 1: 0.4688  AUC @ 1: 0.6067
Step 4600: loss = 0.5570 (0.019 sec)
Training Data Eval:
  Num examples: 3840  Num correct: 3285  Precision @ 1: 0.8555  AUC @ 1: 0.9463
Validation Data Eval:
  Num examples: 256  Num correct: 140  Precision @ 1: 0.5469  AUC @ 1: 0.5649
Test Data Eval:
  Num examples: 128  Num correct: 52  Precision @ 1: 0.4062  AUC @ 1: 0.5576
Step 4800: loss = 0.5612 (0.054 sec)
Training Data Eval:
  Num examples: 3840  Num correct: 3329  Precision @ 1: 0.8669  AUC @ 1: 0.9518
Validation Data Eval:
  Num examples: 256  Num correct: 135  Precision @ 1: 0.5273  AUC @ 1: 0.5603
Test Data Eval:
  Num examples: 128  Num correct: 57  Precision @ 1: 0.4453  AUC @ 1: 0.5630
Step 5000: loss = 0.5197 (0.018 sec)
Training Data Eval:
  Num examples: 3840  Num correct: 3399  Precision @ 1: 0.8852  AUC @ 1: 0.9637
Validation Data Eval:
  Num examples: 256  Num correct: 133  Precision @ 1: 0.5195  AUC @ 1: 0.5488
Test Data Eval:
  Num examples: 128  Num correct: 58  Precision @ 1: 0.4531  AUC @ 1: 0.4903
Step 5200: loss = 0.5025 (0.018 sec)
Training Data Eval:
  Num examples: 3840  Num correct: 3445  Precision @ 1: 0.8971  AUC @ 1: 0.9706
Validation Data Eval:
  Num examples: 256  Num correct: 137  Precision @ 1: 0.5352  AUC @ 1: 0.5636
Test Data Eval:
  Num examples: 128  Num correct: 64  Precision @ 1: 0.5000  AUC @ 1: 0.5539
Step 5400: loss = 0.5308 (0.056 sec)
Training Data Eval:
  Num examples: 3840  Num correct: 3446  Precision @ 1: 0.8974  AUC @ 1: 0.9726
Validation Data Eval:
  Num examples: 256  Num correct: 133  Precision @ 1: 0.5195  AUC @ 1: 0.5462
Test Data Eval:
  Num examples: 128  Num correct: 60  Precision @ 1: 0.4688  AUC @ 1: 0.5469
Step 5600: loss = 0.4974 (0.019 sec)
Training Data Eval:
  Num examples: 3840  Num correct: 3519  Precision @ 1: 0.9164  AUC @ 1: 0.9793
Validation Data Eval:
  Num examples: 256  Num correct: 148  Precision @ 1: 0.5781  AUC @ 1: 0.5985
Test Data Eval:
  Num examples: 128  Num correct: 63  Precision @ 1: 0.4922  AUC @ 1: 0.5888
Step 5800: loss = 0.4418 (0.017 sec)
Training Data Eval:
  Num examples: 3840  Num correct: 3572  Precision @ 1: 0.9302  AUC @ 1: 0.9844
Validation Data Eval:
  Num examples: 256  Num correct: 142  Precision @ 1: 0.5547  AUC @ 1: 0.5896
Test Data Eval:
  Num examples: 128  Num correct: 61  Precision @ 1: 0.4766  AUC @ 1: 0.4910
Step 6000: loss = 0.4080 (0.059 sec)
Training Data Eval:
  Num examples: 3840  Num correct: 3613  Precision @ 1: 0.9409  AUC @ 1: 0.9880
Validation Data Eval:
  Num examples: 256  Num correct: 143  Precision @ 1: 0.5586  AUC @ 1: 0.5958
Test Data Eval:
  Num examples: 128  Num correct: 61  Precision @ 1: 0.4766  AUC @ 1: 0.5123
Step 6200: loss = 0.3976 (0.019 sec)
Training Data Eval:
  Num examples: 3840  Num correct: 3630  Precision @ 1: 0.9453  AUC @ 1: 0.9897
Validation Data Eval:
  Num examples: 256  Num correct: 151  Precision @ 1: 0.5898  AUC @ 1: 0.5994
Test Data Eval:
  Num examples: 128  Num correct: 49  Precision @ 1: 0.3828  AUC @ 1: 0.4390
Step 6400: loss = 0.4093 (0.018 sec)
Training Data Eval:
  Num examples: 3840  Num correct: 3672  Precision @ 1: 0.9563  AUC @ 1: 0.9921
Validation Data Eval:
  Num examples: 256  Num correct: 138  Precision @ 1: 0.5391  AUC @ 1: 0.5832
Test Data Eval:
  Num examples: 128  Num correct: 58  Precision @ 1: 0.4531  AUC @ 1: 0.4394
Step 6600: loss = 0.3572 (0.050 sec)
Training Data Eval:
  Num examples: 3840  Num correct: 3676  Precision @ 1: 0.9573  AUC @ 1: 0.9929
Validation Data Eval:
  Num examples: 256  Num correct: 154  Precision @ 1: 0.6016  AUC @ 1: 0.6254
Test Data Eval:
  Num examples: 128  Num correct: 62  Precision @ 1: 0.4844  AUC @ 1: 0.5533
Step 6800: loss = 0.3982 (0.019 sec)
Training Data Eval:
  Num examples: 3840  Num correct: 3721  Precision @ 1: 0.9690  AUC @ 1: 0.9958
Validation Data Eval:
  Num examples: 256  Num correct: 147  Precision @ 1: 0.5742  AUC @ 1: 0.6005
Test Data Eval:
  Num examples: 128  Num correct: 61  Precision @ 1: 0.4766  AUC @ 1: 0.5375
Step 7000: loss = 0.2976 (0.020 sec)
Training Data Eval:
  Num examples: 3840  Num correct: 3746  Precision @ 1: 0.9755  AUC @ 1: 0.9971
Validation Data Eval:
  Num examples: 256  Num correct: 148  Precision @ 1: 0.5781  AUC @ 1: 0.6059
Test Data Eval:
  Num examples: 128  Num correct: 64  Precision @ 1: 0.5000  AUC @ 1: 0.5240
Step 7200: loss = 0.3303 (0.057 sec)
Training Data Eval:
  Num examples: 3840  Num correct: 3769  Precision @ 1: 0.9815  AUC @ 1: 0.9985
Validation Data Eval:
  Num examples: 256  Num correct: 155  Precision @ 1: 0.6055  AUC @ 1: 0.6218
Test Data Eval:
  Num examples: 128  Num correct: 55  Precision @ 1: 0.4297  AUC @ 1: 0.4867
Step 7400: loss = 0.3211 (0.017 sec)
Training Data Eval:
  Num examples: 3840  Num correct: 3782  Precision @ 1: 0.9849  AUC @ 1: 0.9983
Validation Data Eval:
  Num examples: 256  Num correct: 150  Precision @ 1: 0.5859  AUC @ 1: 0.6163
Test Data Eval:
  Num examples: 128  Num correct: 59  Precision @ 1: 0.4609  AUC @ 1: 0.4810
Step 7600: loss = 0.2837 (0.017 sec)
Training Data Eval:
  Num examples: 3840  Num correct: 3796  Precision @ 1: 0.9885  AUC @ 1: 0.9992
Validation Data Eval:
  Num examples: 256  Num correct: 153  Precision @ 1: 0.5977  AUC @ 1: 0.6251
Test Data Eval:
  Num examples: 128  Num correct: 55  Precision @ 1: 0.4297  AUC @ 1: 0.4735
Step 7800: loss = 0.2868 (0.049 sec)
Training Data Eval:
  Num examples: 3840  Num correct: 3796  Precision @ 1: 0.9885  AUC @ 1: 0.9994
Validation Data Eval:
  Num examples: 256  Num correct: 148  Precision @ 1: 0.5781  AUC @ 1: 0.6120
Test Data Eval:
  Num examples: 128  Num correct: 62  Precision @ 1: 0.4844  AUC @ 1: 0.4964
Step 8000: loss = 0.2631 (0.018 sec)
Training Data Eval:
  Num examples: 3840  Num correct: 3810  Precision @ 1: 0.9922  AUC @ 1: 0.9997
Validation Data Eval:
  Num examples: 256  Num correct: 156  Precision @ 1: 0.6094  AUC @ 1: 0.6280
Test Data Eval:
  Num examples: 128  Num correct: 59  Precision @ 1: 0.4609  AUC @ 1: 0.4820
Step 8200: loss = 0.2505 (0.019 sec)
Training Data Eval:
  Num examples: 3840  Num correct: 3818  Precision @ 1: 0.9943  AUC @ 1: 0.9998
Validation Data Eval:
  Num examples: 256  Num correct: 150  Precision @ 1: 0.5859  AUC @ 1: 0.6237
Test Data Eval:
  Num examples: 128  Num correct: 60  Precision @ 1: 0.4688  AUC @ 1: 0.4510
Step 8400: loss = 0.2632 (0.058 sec)
Training Data Eval:
  Num examples: 3840  Num correct: 3829  Precision @ 1: 0.9971  AUC @ 1: 0.9999
Validation Data Eval:
  Num examples: 256  Num correct: 153  Precision @ 1: 0.5977  AUC @ 1: 0.6244
Test Data Eval:
  Num examples: 128  Num correct: 62  Precision @ 1: 0.4844  AUC @ 1: 0.4892
Step 8600: loss = 0.2499 (0.018 sec)
Training Data Eval:
  Num examples: 3840  Num correct: 3831  Precision @ 1: 0.9977  AUC @ 1: 1.0000
Validation Data Eval:
  Num examples: 256  Num correct: 157  Precision @ 1: 0.6133  AUC @ 1: 0.6240
Test Data Eval:
  Num examples: 128  Num correct: 58  Precision @ 1: 0.4531  AUC @ 1: 0.4451
Step 8800: loss = 0.2332 (0.016 sec)
Training Data Eval:
  Num examples: 3840  Num correct: 3825  Precision @ 1: 0.9961  AUC @ 1: 0.9997
Validation Data Eval:
  Num examples: 256  Num correct: 146  Precision @ 1: 0.5703  AUC @ 1: 0.5907
Test Data Eval:
  Num examples: 128  Num correct: 60  Precision @ 1: 0.4688  AUC @ 1: 0.4705
Step 9000: loss = 0.2299 (0.056 sec)
Training Data Eval:
  Num examples: 3840  Num correct: 3812  Precision @ 1: 0.9927  AUC @ 1: 0.9973
Validation Data Eval:
  Num examples: 256  Num correct: 155  Precision @ 1: 0.6055  AUC @ 1: 0.6309
Test Data Eval:
  Num examples: 128  Num correct: 61  Precision @ 1: 0.4766  AUC @ 1: 0.5036
Step 9200: loss = 0.2465 (0.019 sec)
Training Data Eval:
  Num examples: 3840  Num correct: 3838  Precision @ 1: 0.9995  AUC @ 1: 1.0000
Validation Data Eval:
  Num examples: 256  Num correct: 156  Precision @ 1: 0.6094  AUC @ 1: 0.6295
Test Data Eval:
  Num examples: 128  Num correct: 53  Precision @ 1: 0.4141  AUC @ 1: 0.4318
Step 9400: loss = 0.2013 (0.017 sec)
Training Data Eval:
  Num examples: 3840  Num correct: 3838  Precision @ 1: 0.9995  AUC @ 1: 1.0000
Validation Data Eval:
  Num examples: 256  Num correct: 156  Precision @ 1: 0.6094  AUC @ 1: 0.6300
Test Data Eval:
  Num examples: 128  Num correct: 57  Precision @ 1: 0.4453  AUC @ 1: 0.4780
Step 9600: loss = 0.2049 (0.054 sec)
Training Data Eval:
  Num examples: 3840  Num correct: 3839  Precision @ 1: 0.9997  AUC @ 1: 1.0000
Validation Data Eval:
  Num examples: 256  Num correct: 153  Precision @ 1: 0.5977  AUC @ 1: 0.6217
Test Data Eval:
  Num examples: 128  Num correct: 49  Precision @ 1: 0.3828  AUC @ 1: 0.3963
Step 9800: loss = 0.1944 (0.019 sec)
Training Data Eval:
  Num examples: 3840  Num correct: 3839  Precision @ 1: 0.9997  AUC @ 1: 1.0000
Validation Data Eval:
  Num examples: 256  Num correct: 155  Precision @ 1: 0.6055  AUC @ 1: 0.6278
Test Data Eval:
  Num examples: 128  Num correct: 57  Precision @ 1: 0.4453  AUC @ 1: 0.4631
