Training data shape: 	(3816, 30, 64, 1)
Training label shape:	(3816,)
Testing data shape:  	(519, 30, 64, 1)
Testing label shape: 	(519,)
max input value is: 3457.30786133
min input value is: -4872.94775391
random permuted training data
==============================================================================
Model: 			inference_stcnn
Tensor Name: 	Placeholder:0
[128, 30, 64, 1]
==============================================================================
Tensor Name: conv0/conv0:0
[128, 1, 60, 4]
==============================================================================
Tensor Name: MaxPool:0
[128, 1, 30, 4]
==============================================================================
Tensor Name: local1/local1:0
[128, 128]
==============================================================================
Tensor Name: local2/local2:0
[128, 128]
==============================================================================
Tensor Name: softmax_linear/softmax_linear:0
[128, 2]
Step 0: loss = 0.7716 (0.028 sec)
Training Data Eval:
  Num examples: 3456  Num correct: 1953  Precision @ 1: 0.5651  AUC @ 1: 0.7474
Validation Data Eval:
  Num examples: 256  Num correct: 147  Precision @ 1: 0.5742  AUC @ 1: 0.7554
Test Data Eval:
  Num examples: 512  Num correct: 287  Precision @ 1: 0.5605  AUC @ 1: 0.6363
Step 200: loss = 0.7021 (0.011 sec)
Training Data Eval:
  Num examples: 3456  Num correct: 2097  Precision @ 1: 0.6068  AUC @ 1: 0.7662
Validation Data Eval:
  Num examples: 256  Num correct: 165  Precision @ 1: 0.6445  AUC @ 1: 0.7830
Test Data Eval:
  Num examples: 512  Num correct: 297  Precision @ 1: 0.5801  AUC @ 1: 0.7298
Step 400: loss = 0.6772 (0.011 sec)
Training Data Eval:
  Num examples: 3456  Num correct: 2334  Precision @ 1: 0.6753  AUC @ 1: 0.7797
Validation Data Eval:
  Num examples: 256  Num correct: 181  Precision @ 1: 0.7070  AUC @ 1: 0.7852
Test Data Eval:
  Num examples: 512  Num correct: 324  Precision @ 1: 0.6328  AUC @ 1: 0.7477
Step 600: loss = 0.6407 (0.011 sec)
Training Data Eval:
  Num examples: 3456  Num correct: 2424  Precision @ 1: 0.7014  AUC @ 1: 0.7814
Validation Data Eval:
  Num examples: 256  Num correct: 187  Precision @ 1: 0.7305  AUC @ 1: 0.7904
Test Data Eval:
  Num examples: 512  Num correct: 340  Precision @ 1: 0.6641  AUC @ 1: 0.7531
Step 800: loss = 0.6004 (0.012 sec)
Training Data Eval:
  Num examples: 3456  Num correct: 2539  Precision @ 1: 0.7347  AUC @ 1: 0.8060
Validation Data Eval:
  Num examples: 256  Num correct: 187  Precision @ 1: 0.7305  AUC @ 1: 0.7833
Test Data Eval:
  Num examples: 512  Num correct: 348  Precision @ 1: 0.6797  AUC @ 1: 0.7422
Step 1000: loss = 0.6764 (0.012 sec)
Training Data Eval:
  Num examples: 3456  Num correct: 2541  Precision @ 1: 0.7352  AUC @ 1: 0.8177
Validation Data Eval:
  Num examples: 256  Num correct: 187  Precision @ 1: 0.7305  AUC @ 1: 0.7877
Test Data Eval:
  Num examples: 512  Num correct: 339  Precision @ 1: 0.6621  AUC @ 1: 0.7406
Step 1200: loss = 0.5635 (0.013 sec)
Training Data Eval:
  Num examples: 3456  Num correct: 2551  Precision @ 1: 0.7381  AUC @ 1: 0.8167
Validation Data Eval:
  Num examples: 256  Num correct: 189  Precision @ 1: 0.7383  AUC @ 1: 0.8067
Test Data Eval:
  Num examples: 512  Num correct: 349  Precision @ 1: 0.6816  AUC @ 1: 0.7394
Step 1400: loss = 0.5529 (0.012 sec)
Training Data Eval:
  Num examples: 3456  Num correct: 2594  Precision @ 1: 0.7506  AUC @ 1: 0.8375
Validation Data Eval:
  Num examples: 256  Num correct: 187  Precision @ 1: 0.7305  AUC @ 1: 0.8028
Test Data Eval:
  Num examples: 512  Num correct: 340  Precision @ 1: 0.6641  AUC @ 1: 0.7366
Step 1600: loss = 0.5979 (0.012 sec)
Training Data Eval:
  Num examples: 3456  Num correct: 2649  Precision @ 1: 0.7665  AUC @ 1: 0.8603
Validation Data Eval:
  Num examples: 256  Num correct: 186  Precision @ 1: 0.7266  AUC @ 1: 0.8160
Test Data Eval:
  Num examples: 512  Num correct: 332  Precision @ 1: 0.6484  AUC @ 1: 0.7287
Step 1800: loss = 0.5872 (0.011 sec)
Training Data Eval:
  Num examples: 3456  Num correct: 2692  Precision @ 1: 0.7789  AUC @ 1: 0.8608
Validation Data Eval:
  Num examples: 256  Num correct: 187  Precision @ 1: 0.7305  AUC @ 1: 0.8283
Test Data Eval:
  Num examples: 512  Num correct: 327  Precision @ 1: 0.6387  AUC @ 1: 0.7129
Step 2000: loss = 0.5421 (0.012 sec)
Training Data Eval:
  Num examples: 3456  Num correct: 2692  Precision @ 1: 0.7789  AUC @ 1: 0.8713
Validation Data Eval:
  Num examples: 256  Num correct: 190  Precision @ 1: 0.7422  AUC @ 1: 0.8404
Test Data Eval:
  Num examples: 512  Num correct: 322  Precision @ 1: 0.6289  AUC @ 1: 0.7127
Step 2200: loss = 0.5120 (0.012 sec)
Training Data Eval:
  Num examples: 3456  Num correct: 2762  Precision @ 1: 0.7992  AUC @ 1: 0.8835
Validation Data Eval:
  Num examples: 256  Num correct: 188  Precision @ 1: 0.7344  AUC @ 1: 0.8372
Test Data Eval:
  Num examples: 512  Num correct: 327  Precision @ 1: 0.6387  AUC @ 1: 0.7127
Step 2400: loss = 0.5050 (0.012 sec)
Training Data Eval:
  Num examples: 3456  Num correct: 2773  Precision @ 1: 0.8024  AUC @ 1: 0.8861
Validation Data Eval:
  Num examples: 256  Num correct: 195  Precision @ 1: 0.7617  AUC @ 1: 0.8452
Test Data Eval:
  Num examples: 512  Num correct: 317  Precision @ 1: 0.6191  AUC @ 1: 0.7002
Step 2600: loss = 0.4728 (0.011 sec)
Training Data Eval:
  Num examples: 3456  Num correct: 2777  Precision @ 1: 0.8035  AUC @ 1: 0.8867
Validation Data Eval:
  Num examples: 256  Num correct: 190  Precision @ 1: 0.7422  AUC @ 1: 0.8367
Test Data Eval:
  Num examples: 512  Num correct: 325  Precision @ 1: 0.6348  AUC @ 1: 0.6889
Step 2800: loss = 0.5512 (0.012 sec)
Training Data Eval:
  Num examples: 3456  Num correct: 2837  Precision @ 1: 0.8209  AUC @ 1: 0.8984
Validation Data Eval:
  Num examples: 256  Num correct: 199  Precision @ 1: 0.7773  AUC @ 1: 0.8492
Test Data Eval:
  Num examples: 512  Num correct: 312  Precision @ 1: 0.6094  AUC @ 1: 0.6978
Step 3000: loss = 0.4934 (0.012 sec)
Training Data Eval:
  Num examples: 3456  Num correct: 2830  Precision @ 1: 0.8189  AUC @ 1: 0.8997
Validation Data Eval:
  Num examples: 256  Num correct: 198  Precision @ 1: 0.7734  AUC @ 1: 0.8497
Test Data Eval:
  Num examples: 512  Num correct: 319  Precision @ 1: 0.6230  AUC @ 1: 0.6986
Step 3200: loss = 0.4778 (0.012 sec)
Training Data Eval:
  Num examples: 3456  Num correct: 2881  Precision @ 1: 0.8336  AUC @ 1: 0.9130
Validation Data Eval:
  Num examples: 256  Num correct: 197  Precision @ 1: 0.7695  AUC @ 1: 0.8479
Test Data Eval:
  Num examples: 512  Num correct: 325  Precision @ 1: 0.6348  AUC @ 1: 0.6998
Step 3400: loss = 0.4123 (0.012 sec)
Training Data Eval:
  Num examples: 3456  Num correct: 2866  Precision @ 1: 0.8293  AUC @ 1: 0.9051
Validation Data Eval:
  Num examples: 256  Num correct: 192  Precision @ 1: 0.7500  AUC @ 1: 0.8435
Test Data Eval:
  Num examples: 512  Num correct: 327  Precision @ 1: 0.6387  AUC @ 1: 0.6892
Step 3600: loss = 0.4901 (0.011 sec)
Training Data Eval:
  Num examples: 3456  Num correct: 2893  Precision @ 1: 0.8371  AUC @ 1: 0.9198
Validation Data Eval:
  Num examples: 256  Num correct: 192  Precision @ 1: 0.7500  AUC @ 1: 0.8440
Test Data Eval:
  Num examples: 512  Num correct: 320  Precision @ 1: 0.6250  AUC @ 1: 0.6969
Step 3800: loss = 0.5226 (0.011 sec)
Training Data Eval:
  Num examples: 3456  Num correct: 2884  Precision @ 1: 0.8345  AUC @ 1: 0.9177
Validation Data Eval:
  Num examples: 256  Num correct: 192  Precision @ 1: 0.7500  AUC @ 1: 0.8470
Test Data Eval:
  Num examples: 512  Num correct: 318  Precision @ 1: 0.6211  AUC @ 1: 0.6964
Step 4000: loss = 0.4439 (0.012 sec)
Training Data Eval:
  Num examples: 3456  Num correct: 2921  Precision @ 1: 0.8452  AUC @ 1: 0.9242
Validation Data Eval:
  Num examples: 256  Num correct: 195  Precision @ 1: 0.7617  AUC @ 1: 0.8473
Test Data Eval:
  Num examples: 512  Num correct: 323  Precision @ 1: 0.6309  AUC @ 1: 0.7064
Step 4200: loss = 0.4106 (0.012 sec)
Training Data Eval:
  Num examples: 3456  Num correct: 2942  Precision @ 1: 0.8513  AUC @ 1: 0.9297
Validation Data Eval:
  Num examples: 256  Num correct: 196  Precision @ 1: 0.7656  AUC @ 1: 0.8479
Test Data Eval:
  Num examples: 512  Num correct: 324  Precision @ 1: 0.6328  AUC @ 1: 0.6946
Step 4400: loss = 0.4393 (0.013 sec)
Training Data Eval:
  Num examples: 3456  Num correct: 2961  Precision @ 1: 0.8568  AUC @ 1: 0.9287
Validation Data Eval:
  Num examples: 256  Num correct: 200  Precision @ 1: 0.7812  AUC @ 1: 0.8580
Test Data Eval:
  Num examples: 512  Num correct: 317  Precision @ 1: 0.6191  AUC @ 1: 0.6975
Step 4600: loss = 0.3530 (0.012 sec)
Training Data Eval:
  Num examples: 3456  Num correct: 2970  Precision @ 1: 0.8594  AUC @ 1: 0.9354
Validation Data Eval:
  Num examples: 256  Num correct: 198  Precision @ 1: 0.7734  AUC @ 1: 0.8535
Test Data Eval:
  Num examples: 512  Num correct: 318  Precision @ 1: 0.6211  AUC @ 1: 0.6908
Step 4800: loss = 0.3202 (0.011 sec)
Training Data Eval:
  Num examples: 3456  Num correct: 3010  Precision @ 1: 0.8709  AUC @ 1: 0.9460
Validation Data Eval:
  Num examples: 256  Num correct: 195  Precision @ 1: 0.7617  AUC @ 1: 0.8493
Test Data Eval:
  Num examples: 512  Num correct: 320  Precision @ 1: 0.6250  AUC @ 1: 0.7073
Step 5000: loss = 0.4041 (0.012 sec)
Training Data Eval:
  Num examples: 3456  Num correct: 3063  Precision @ 1: 0.8863  AUC @ 1: 0.9537
Validation Data Eval:
  Num examples: 256  Num correct: 201  Precision @ 1: 0.7852  AUC @ 1: 0.8574
Test Data Eval:
  Num examples: 512  Num correct: 324  Precision @ 1: 0.6328  AUC @ 1: 0.7019
Step 5200: loss = 0.4036 (0.012 sec)
Training Data Eval:
  Num examples: 3456  Num correct: 3031  Precision @ 1: 0.8770  AUC @ 1: 0.9475
Validation Data Eval:
  Num examples: 256  Num correct: 199  Precision @ 1: 0.7773  AUC @ 1: 0.8592
Test Data Eval:
  Num examples: 512  Num correct: 320  Precision @ 1: 0.6250  AUC @ 1: 0.7033
Step 5400: loss = 0.3695 (0.043 sec)
Training Data Eval:
  Num examples: 3456  Num correct: 3006  Precision @ 1: 0.8698  AUC @ 1: 0.9455
Validation Data Eval:
  Num examples: 256  Num correct: 199  Precision @ 1: 0.7773  AUC @ 1: 0.8523
Test Data Eval:
  Num examples: 512  Num correct: 322  Precision @ 1: 0.6289  AUC @ 1: 0.7021
Step 5600: loss = 0.4727 (0.011 sec)
Training Data Eval:
  Num examples: 3456  Num correct: 3072  Precision @ 1: 0.8889  AUC @ 1: 0.9553
Validation Data Eval:
  Num examples: 256  Num correct: 197  Precision @ 1: 0.7695  AUC @ 1: 0.8598
Test Data Eval:
  Num examples: 512  Num correct: 322  Precision @ 1: 0.6289  AUC @ 1: 0.7092
Step 5800: loss = 0.3315 (0.012 sec)
Training Data Eval:
  Num examples: 3456  Num correct: 3063  Precision @ 1: 0.8863  AUC @ 1: 0.9570
Validation Data Eval:
  Num examples: 256  Num correct: 193  Precision @ 1: 0.7539  AUC @ 1: 0.8548
Test Data Eval:
  Num examples: 512  Num correct: 322  Precision @ 1: 0.6289  AUC @ 1: 0.7123
Step 6000: loss = 0.4201 (0.012 sec)
Training Data Eval:
  Num examples: 3456  Num correct: 3093  Precision @ 1: 0.8950  AUC @ 1: 0.9596
Validation Data Eval:
  Num examples: 256  Num correct: 195  Precision @ 1: 0.7617  AUC @ 1: 0.8543
Test Data Eval:
  Num examples: 512  Num correct: 325  Precision @ 1: 0.6348  AUC @ 1: 0.7138
Step 6200: loss = 0.3749 (0.012 sec)
Training Data Eval:
  Num examples: 3456  Num correct: 3114  Precision @ 1: 0.9010  AUC @ 1: 0.9632
Validation Data Eval:
  Num examples: 256  Num correct: 197  Precision @ 1: 0.7695  AUC @ 1: 0.8601
Test Data Eval:
  Num examples: 512  Num correct: 325  Precision @ 1: 0.6348  AUC @ 1: 0.7090
Step 6400: loss = 0.3653 (0.012 sec)
Training Data Eval:
  Num examples: 3456  Num correct: 3083  Precision @ 1: 0.8921  AUC @ 1: 0.9637
Validation Data Eval:
  Num examples: 256  Num correct: 197  Precision @ 1: 0.7695  AUC @ 1: 0.8553
Test Data Eval:
  Num examples: 512  Num correct: 327  Precision @ 1: 0.6387  AUC @ 1: 0.7137
Step 6600: loss = 0.3531 (0.012 sec)
Training Data Eval:
  Num examples: 3456  Num correct: 3133  Precision @ 1: 0.9065  AUC @ 1: 0.9670
Validation Data Eval:
  Num examples: 256  Num correct: 196  Precision @ 1: 0.7656  AUC @ 1: 0.8586
Test Data Eval:
  Num examples: 512  Num correct: 323  Precision @ 1: 0.6309  AUC @ 1: 0.7107
Step 6800: loss = 0.3568 (0.011 sec)
Training Data Eval:
  Num examples: 3456  Num correct: 3134  Precision @ 1: 0.9068  AUC @ 1: 0.9700
Validation Data Eval:
  Num examples: 256  Num correct: 198  Precision @ 1: 0.7734  AUC @ 1: 0.8533
Test Data Eval:
  Num examples: 512  Num correct: 325  Precision @ 1: 0.6348  AUC @ 1: 0.7115
Step 7000: loss = 0.3324 (0.012 sec)
Training Data Eval:
  Num examples: 3456  Num correct: 3163  Precision @ 1: 0.9152  AUC @ 1: 0.9737
Validation Data Eval:
  Num examples: 256  Num correct: 193  Precision @ 1: 0.7539  AUC @ 1: 0.8603
Test Data Eval:
  Num examples: 512  Num correct: 324  Precision @ 1: 0.6328  AUC @ 1: 0.7086
Step 7200: loss = 0.3879 (0.012 sec)
Training Data Eval:
  Num examples: 3456  Num correct: 3141  Precision @ 1: 0.9089  AUC @ 1: 0.9718
Validation Data Eval:
  Num examples: 256  Num correct: 195  Precision @ 1: 0.7617  AUC @ 1: 0.8504
Test Data Eval:
  Num examples: 512  Num correct: 321  Precision @ 1: 0.6270  AUC @ 1: 0.7192
Step 7400: loss = 0.2801 (0.012 sec)
Training Data Eval:
  Num examples: 3456  Num correct: 3174  Precision @ 1: 0.9184  AUC @ 1: 0.9742
Validation Data Eval:
  Num examples: 256  Num correct: 196  Precision @ 1: 0.7656  AUC @ 1: 0.8533
Test Data Eval:
  Num examples: 512  Num correct: 320  Precision @ 1: 0.6250  AUC @ 1: 0.7113
Step 7600: loss = 0.2822 (0.013 sec)
Training Data Eval:
  Num examples: 3456  Num correct: 3193  Precision @ 1: 0.9239  AUC @ 1: 0.9787
Validation Data Eval:
  Num examples: 256  Num correct: 202  Precision @ 1: 0.7891  AUC @ 1: 0.8551
Test Data Eval:
  Num examples: 512  Num correct: 315  Precision @ 1: 0.6152  AUC @ 1: 0.7069
Step 7800: loss = 0.3070 (0.011 sec)
Training Data Eval:
  Num examples: 3456  Num correct: 3205  Precision @ 1: 0.9274  AUC @ 1: 0.9810
Validation Data Eval:
  Num examples: 256  Num correct: 201  Precision @ 1: 0.7852  AUC @ 1: 0.8578
Test Data Eval:
  Num examples: 512  Num correct: 313  Precision @ 1: 0.6113  AUC @ 1: 0.7032
Step 8000: loss = 0.3400 (0.012 sec)
Training Data Eval:
  Num examples: 3456  Num correct: 3217  Precision @ 1: 0.9308  AUC @ 1: 0.9810
Validation Data Eval:
  Num examples: 256  Num correct: 201  Precision @ 1: 0.7852  AUC @ 1: 0.8608
Test Data Eval:
  Num examples: 512  Num correct: 317  Precision @ 1: 0.6191  AUC @ 1: 0.7095
Step 8200: loss = 0.3718 (0.013 sec)
Training Data Eval:
  Num examples: 3456  Num correct: 3237  Precision @ 1: 0.9366  AUC @ 1: 0.9847
Validation Data Eval:
  Num examples: 256  Num correct: 197  Precision @ 1: 0.7695  AUC @ 1: 0.8583
Test Data Eval:
  Num examples: 512  Num correct: 322  Precision @ 1: 0.6289  AUC @ 1: 0.7062
Step 8400: loss = 0.2908 (0.012 sec)
Training Data Eval:
  Num examples: 3456  Num correct: 3263  Precision @ 1: 0.9442  AUC @ 1: 0.9869
Validation Data Eval:
  Num examples: 256  Num correct: 198  Precision @ 1: 0.7734  AUC @ 1: 0.8570
Test Data Eval:
  Num examples: 512  Num correct: 315  Precision @ 1: 0.6152  AUC @ 1: 0.7068
Step 8600: loss = 0.2898 (0.012 sec)
Training Data Eval:
  Num examples: 3456  Num correct: 3254  Precision @ 1: 0.9416  AUC @ 1: 0.9869
Validation Data Eval:
  Num examples: 256  Num correct: 200  Precision @ 1: 0.7812  AUC @ 1: 0.8561
Test Data Eval:
  Num examples: 512  Num correct: 325  Precision @ 1: 0.6348  AUC @ 1: 0.7080
Step 8800: loss = 0.3172 (0.012 sec)
Training Data Eval:
  Num examples: 3456  Num correct: 3249  Precision @ 1: 0.9401  AUC @ 1: 0.9861
Validation Data Eval:
  Num examples: 256  Num correct: 203  Precision @ 1: 0.7930  AUC @ 1: 0.8596
Test Data Eval:
  Num examples: 512  Num correct: 319  Precision @ 1: 0.6230  AUC @ 1: 0.7060
Step 9000: loss = 0.2852 (0.011 sec)
Training Data Eval:
  Num examples: 3456  Num correct: 3302  Precision @ 1: 0.9554  AUC @ 1: 0.9905
Validation Data Eval:
  Num examples: 256  Num correct: 199  Precision @ 1: 0.7773  AUC @ 1: 0.8519
Test Data Eval:
  Num examples: 512  Num correct: 313  Precision @ 1: 0.6113  AUC @ 1: 0.7084
Step 9200: loss = 0.3171 (0.012 sec)
Training Data Eval:
  Num examples: 3456  Num correct: 3288  Precision @ 1: 0.9514  AUC @ 1: 0.9904
Validation Data Eval:
  Num examples: 256  Num correct: 194  Precision @ 1: 0.7578  AUC @ 1: 0.8490
Test Data Eval:
  Num examples: 512  Num correct: 314  Precision @ 1: 0.6133  AUC @ 1: 0.7090
Step 9400: loss = 0.2655 (0.011 sec)
Training Data Eval:
  Num examples: 3456  Num correct: 3251  Precision @ 1: 0.9407  AUC @ 1: 0.9860
Validation Data Eval:
  Num examples: 256  Num correct: 197  Precision @ 1: 0.7695  AUC @ 1: 0.8522
Test Data Eval:
  Num examples: 512  Num correct: 314  Precision @ 1: 0.6133  AUC @ 1: 0.6932
Step 9600: loss = 0.3340 (0.012 sec)
Training Data Eval:
  Num examples: 3456  Num correct: 3314  Precision @ 1: 0.9589  AUC @ 1: 0.9928
Validation Data Eval:
  Num examples: 256  Num correct: 202  Precision @ 1: 0.7891  AUC @ 1: 0.8584
Test Data Eval:
  Num examples: 512  Num correct: 320  Precision @ 1: 0.6250  AUC @ 1: 0.7022
Step 9800: loss = 0.2212 (0.012 sec)
Training Data Eval:
  Num examples: 3456  Num correct: 3337  Precision @ 1: 0.9656  AUC @ 1: 0.9936
Validation Data Eval:
  Num examples: 256  Num correct: 201  Precision @ 1: 0.7852  AUC @ 1: 0.8551
Test Data Eval:
  Num examples: 512  Num correct: 321  Precision @ 1: 0.6270  AUC @ 1: 0.6949
