Training data shape: 	(3869, 64, 30, 2)
Training label shape:	(3869,)
Testing data shape:  	(466, 64, 30, 2)
Testing label shape: 	(466,)
max input value is: 72.5247
min input value is: -75.9911
random permuted training data
==============================================================================
Model: 			inference_global_s_cnn
Tensor Name: 	Placeholder:0
[128, 64, 30, 2]
==============================================================================
Tensor Name: conv1/conv1:0
[128, 1, 30, 32]
==============================================================================
Tensor Name: MaxPool:0
[128, 1, 15, 32]
==============================================================================
Tensor Name: local1/local1:0
[128, 128]
==============================================================================
Tensor Name: local2/local2:0
[128, 128]
==============================================================================
Tensor Name: softmax_linear/softmax_linear:0
[128, 2]
Step 0: loss = 0.8868 (0.031 sec)
Training Data Eval:
  Num examples: 3584  Num correct: 2007  Precision @ 1: 0.5600  AUC @ 1: 0.5485
Validation Data Eval:
  Num examples: 256  Num correct: 146  Precision @ 1: 0.5703  AUC @ 1: 0.4654
Test Data Eval:
  Num examples: 384  Num correct: 181  Precision @ 1: 0.4714  AUC @ 1: 0.6514
Step 200: loss = 0.8850 (0.019 sec)
Training Data Eval:
  Num examples: 3584  Num correct: 2043  Precision @ 1: 0.5700  AUC @ 1: 0.5587
Validation Data Eval:
  Num examples: 256  Num correct: 146  Precision @ 1: 0.5703  AUC @ 1: 0.4664
Test Data Eval:
  Num examples: 384  Num correct: 220  Precision @ 1: 0.5729  AUC @ 1: 0.7301
Step 400: loss = 0.8707 (0.019 sec)
Training Data Eval:
  Num examples: 3584  Num correct: 2103  Precision @ 1: 0.5868  AUC @ 1: 0.5706
Validation Data Eval:
  Num examples: 256  Num correct: 150  Precision @ 1: 0.5859  AUC @ 1: 0.4783
Test Data Eval:
  Num examples: 384  Num correct: 206  Precision @ 1: 0.5365  AUC @ 1: 0.7170
Step 600: loss = 0.8856 (0.018 sec)
Training Data Eval:
  Num examples: 3584  Num correct: 2065  Precision @ 1: 0.5762  AUC @ 1: 0.5671
Validation Data Eval:
  Num examples: 256  Num correct: 144  Precision @ 1: 0.5625  AUC @ 1: 0.4941
Test Data Eval:
  Num examples: 384  Num correct: 193  Precision @ 1: 0.5026  AUC @ 1: 0.7347
Step 800: loss = 0.8691 (0.018 sec)
Training Data Eval:
  Num examples: 3584  Num correct: 2013  Precision @ 1: 0.5617  AUC @ 1: 0.5708
Validation Data Eval:
  Num examples: 256  Num correct: 145  Precision @ 1: 0.5664  AUC @ 1: 0.4948
Test Data Eval:
  Num examples: 384  Num correct: 181  Precision @ 1: 0.4714  AUC @ 1: 0.6895
Step 1000: loss = 0.8577 (0.018 sec)
Training Data Eval:
  Num examples: 3584  Num correct: 2067  Precision @ 1: 0.5767  AUC @ 1: 0.5883
Validation Data Eval:
  Num examples: 256  Num correct: 144  Precision @ 1: 0.5625  AUC @ 1: 0.4918
Test Data Eval:
  Num examples: 384  Num correct: 179  Precision @ 1: 0.4661  AUC @ 1: 0.7343
Step 1200: loss = 0.8773 (0.020 sec)
Training Data Eval:
  Num examples: 3584  Num correct: 2039  Precision @ 1: 0.5689  AUC @ 1: 0.5911
Validation Data Eval:
  Num examples: 256  Num correct: 144  Precision @ 1: 0.5625  AUC @ 1: 0.4889
Test Data Eval:
  Num examples: 384  Num correct: 180  Precision @ 1: 0.4688  AUC @ 1: 0.6972
Step 1400: loss = 0.8456 (0.053 sec)
Training Data Eval:
  Num examples: 3584  Num correct: 2049  Precision @ 1: 0.5717  AUC @ 1: 0.5964
Validation Data Eval:
  Num examples: 256  Num correct: 144  Precision @ 1: 0.5625  AUC @ 1: 0.4875
Test Data Eval:
  Num examples: 384  Num correct: 189  Precision @ 1: 0.4922  AUC @ 1: 0.7401
Step 1600: loss = 0.8495 (0.019 sec)
Training Data Eval:
  Num examples: 3584  Num correct: 2073  Precision @ 1: 0.5784  AUC @ 1: 0.6216
Validation Data Eval:
  Num examples: 256  Num correct: 145  Precision @ 1: 0.5664  AUC @ 1: 0.4829
Test Data Eval:
  Num examples: 384  Num correct: 189  Precision @ 1: 0.4922  AUC @ 1: 0.7491
Step 1800: loss = 0.8324 (0.019 sec)
Training Data Eval:
  Num examples: 3584  Num correct: 2076  Precision @ 1: 0.5792  AUC @ 1: 0.6162
Validation Data Eval:
  Num examples: 256  Num correct: 144  Precision @ 1: 0.5625  AUC @ 1: 0.4798
Test Data Eval:
  Num examples: 384  Num correct: 186  Precision @ 1: 0.4844  AUC @ 1: 0.7247
Step 2000: loss = 0.8211 (0.018 sec)
Training Data Eval:
  Num examples: 3584  Num correct: 2100  Precision @ 1: 0.5859  AUC @ 1: 0.6518
Validation Data Eval:
  Num examples: 256  Num correct: 144  Precision @ 1: 0.5625  AUC @ 1: 0.4788
Test Data Eval:
  Num examples: 384  Num correct: 193  Precision @ 1: 0.5026  AUC @ 1: 0.7610
Step 2200: loss = 0.8298 (0.017 sec)
Training Data Eval:
  Num examples: 3584  Num correct: 2110  Precision @ 1: 0.5887  AUC @ 1: 0.6519
Validation Data Eval:
  Num examples: 256  Num correct: 145  Precision @ 1: 0.5664  AUC @ 1: 0.4666
Test Data Eval:
  Num examples: 384  Num correct: 187  Precision @ 1: 0.4870  AUC @ 1: 0.7532
Step 2400: loss = 0.7920 (0.018 sec)
Training Data Eval:
  Num examples: 3584  Num correct: 2128  Precision @ 1: 0.5938  AUC @ 1: 0.6777
Validation Data Eval:
  Num examples: 256  Num correct: 145  Precision @ 1: 0.5664  AUC @ 1: 0.4641
Test Data Eval:
  Num examples: 384  Num correct: 196  Precision @ 1: 0.5104  AUC @ 1: 0.7615
Step 2600: loss = 0.7955 (0.019 sec)
Training Data Eval:
  Num examples: 3584  Num correct: 2192  Precision @ 1: 0.6116  AUC @ 1: 0.7254
Validation Data Eval:
  Num examples: 256  Num correct: 148  Precision @ 1: 0.5781  AUC @ 1: 0.4706
Test Data Eval:
  Num examples: 384  Num correct: 201  Precision @ 1: 0.5234  AUC @ 1: 0.7646
Step 2800: loss = 0.8296 (0.050 sec)
Training Data Eval:
  Num examples: 3584  Num correct: 2218  Precision @ 1: 0.6189  AUC @ 1: 0.7544
Validation Data Eval:
  Num examples: 256  Num correct: 146  Precision @ 1: 0.5703  AUC @ 1: 0.4786
Test Data Eval:
  Num examples: 384  Num correct: 190  Precision @ 1: 0.4948  AUC @ 1: 0.7441
Step 3000: loss = 0.8002 (0.019 sec)
Training Data Eval:
  Num examples: 3584  Num correct: 2246  Precision @ 1: 0.6267  AUC @ 1: 0.7654
Validation Data Eval:
  Num examples: 256  Num correct: 147  Precision @ 1: 0.5742  AUC @ 1: 0.4782
Test Data Eval:
  Num examples: 384  Num correct: 192  Precision @ 1: 0.5000  AUC @ 1: 0.7427
Step 3200: loss = 0.7336 (0.019 sec)
Training Data Eval:
  Num examples: 3584  Num correct: 2439  Precision @ 1: 0.6805  AUC @ 1: 0.8251
Validation Data Eval:
  Num examples: 256  Num correct: 146  Precision @ 1: 0.5703  AUC @ 1: 0.4899
Test Data Eval:
  Num examples: 384  Num correct: 188  Precision @ 1: 0.4896  AUC @ 1: 0.6947
Step 3400: loss = 0.7301 (0.018 sec)
Training Data Eval:
  Num examples: 3584  Num correct: 2484  Precision @ 1: 0.6931  AUC @ 1: 0.8274
Validation Data Eval:
  Num examples: 256  Num correct: 146  Precision @ 1: 0.5703  AUC @ 1: 0.4918
Test Data Eval:
  Num examples: 384  Num correct: 188  Precision @ 1: 0.4896  AUC @ 1: 0.6915
Step 3600: loss = 0.7230 (0.018 sec)
Training Data Eval:
  Num examples: 3584  Num correct: 2751  Precision @ 1: 0.7676  AUC @ 1: 0.8779
Validation Data Eval:
  Num examples: 256  Num correct: 142  Precision @ 1: 0.5547  AUC @ 1: 0.4902
Test Data Eval:
  Num examples: 384  Num correct: 190  Precision @ 1: 0.4948  AUC @ 1: 0.6055
Step 3800: loss = 0.6576 (0.019 sec)
Training Data Eval:
  Num examples: 3584  Num correct: 2839  Precision @ 1: 0.7921  AUC @ 1: 0.9016
Validation Data Eval:
  Num examples: 256  Num correct: 142  Precision @ 1: 0.5547  AUC @ 1: 0.4960
Test Data Eval:
  Num examples: 384  Num correct: 193  Precision @ 1: 0.5026  AUC @ 1: 0.6195
Step 4000: loss = 0.6992 (0.017 sec)
Training Data Eval:
  Num examples: 3584  Num correct: 2877  Precision @ 1: 0.8027  AUC @ 1: 0.9097
Validation Data Eval:
  Num examples: 256  Num correct: 142  Precision @ 1: 0.5547  AUC @ 1: 0.5009
Test Data Eval:
  Num examples: 384  Num correct: 194  Precision @ 1: 0.5052  AUC @ 1: 0.6072
Step 4200: loss = 0.6363 (0.046 sec)
Training Data Eval:
  Num examples: 3584  Num correct: 2935  Precision @ 1: 0.8189  AUC @ 1: 0.9173
Validation Data Eval:
  Num examples: 256  Num correct: 144  Precision @ 1: 0.5625  AUC @ 1: 0.5049
Test Data Eval:
  Num examples: 384  Num correct: 200  Precision @ 1: 0.5208  AUC @ 1: 0.6348
Step 4400: loss = 0.6402 (0.019 sec)
Training Data Eval:
  Num examples: 3584  Num correct: 2992  Precision @ 1: 0.8348  AUC @ 1: 0.9317
Validation Data Eval:
  Num examples: 256  Num correct: 144  Precision @ 1: 0.5625  AUC @ 1: 0.5050
Test Data Eval:
  Num examples: 384  Num correct: 192  Precision @ 1: 0.5000  AUC @ 1: 0.6119
Step 4600: loss = 0.5139 (0.019 sec)
Training Data Eval:
  Num examples: 3584  Num correct: 3034  Precision @ 1: 0.8465  AUC @ 1: 0.9360
Validation Data Eval:
  Num examples: 256  Num correct: 143  Precision @ 1: 0.5586  AUC @ 1: 0.5040
Test Data Eval:
  Num examples: 384  Num correct: 206  Precision @ 1: 0.5365  AUC @ 1: 0.6050
Step 4800: loss = 0.5589 (0.019 sec)
Training Data Eval:
  Num examples: 3584  Num correct: 3048  Precision @ 1: 0.8504  AUC @ 1: 0.9468
Validation Data Eval:
  Num examples: 256  Num correct: 139  Precision @ 1: 0.5430  AUC @ 1: 0.5015
Test Data Eval:
  Num examples: 384  Num correct: 199  Precision @ 1: 0.5182  AUC @ 1: 0.5998
Step 5000: loss = 0.5316 (0.017 sec)
Training Data Eval:
  Num examples: 3584  Num correct: 3128  Precision @ 1: 0.8728  AUC @ 1: 0.9547
Validation Data Eval:
  Num examples: 256  Num correct: 141  Precision @ 1: 0.5508  AUC @ 1: 0.4998
Test Data Eval:
  Num examples: 384  Num correct: 196  Precision @ 1: 0.5104  AUC @ 1: 0.5841
Step 5200: loss = 0.5320 (0.018 sec)
Training Data Eval:
  Num examples: 3584  Num correct: 3178  Precision @ 1: 0.8867  AUC @ 1: 0.9608
Validation Data Eval:
  Num examples: 256  Num correct: 143  Precision @ 1: 0.5586  AUC @ 1: 0.5039
Test Data Eval:
  Num examples: 384  Num correct: 200  Precision @ 1: 0.5208  AUC @ 1: 0.5953
Step 5400: loss = 0.5516 (0.018 sec)
Training Data Eval:
  Num examples: 3584  Num correct: 3220  Precision @ 1: 0.8984  AUC @ 1: 0.9683
Validation Data Eval:
  Num examples: 256  Num correct: 143  Precision @ 1: 0.5586  AUC @ 1: 0.5082
Test Data Eval:
  Num examples: 384  Num correct: 200  Precision @ 1: 0.5208  AUC @ 1: 0.5776
Step 5600: loss = 0.4606 (0.053 sec)
Training Data Eval:
  Num examples: 3584  Num correct: 3256  Precision @ 1: 0.9085  AUC @ 1: 0.9741
Validation Data Eval:
  Num examples: 256  Num correct: 139  Precision @ 1: 0.5430  AUC @ 1: 0.5065
Test Data Eval:
  Num examples: 384  Num correct: 198  Precision @ 1: 0.5156  AUC @ 1: 0.5708
Step 5800: loss = 0.4775 (0.018 sec)
Training Data Eval:
  Num examples: 3584  Num correct: 3270  Precision @ 1: 0.9124  AUC @ 1: 0.9776
Validation Data Eval:
  Num examples: 256  Num correct: 139  Precision @ 1: 0.5430  AUC @ 1: 0.5007
Test Data Eval:
  Num examples: 384  Num correct: 207  Precision @ 1: 0.5391  AUC @ 1: 0.6076
Step 6000: loss = 0.4332 (0.018 sec)
Training Data Eval:
  Num examples: 3584  Num correct: 3325  Precision @ 1: 0.9277  AUC @ 1: 0.9810
Validation Data Eval:
  Num examples: 256  Num correct: 140  Precision @ 1: 0.5469  AUC @ 1: 0.5047
Test Data Eval:
  Num examples: 384  Num correct: 195  Precision @ 1: 0.5078  AUC @ 1: 0.5773
Step 6200: loss = 0.4790 (0.016 sec)
Training Data Eval:
  Num examples: 3584  Num correct: 3335  Precision @ 1: 0.9305  AUC @ 1: 0.9845
Validation Data Eval:
  Num examples: 256  Num correct: 136  Precision @ 1: 0.5312  AUC @ 1: 0.5072
Test Data Eval:
  Num examples: 384  Num correct: 200  Precision @ 1: 0.5208  AUC @ 1: 0.5582
Step 6400: loss = 0.3814 (0.019 sec)
Training Data Eval:
  Num examples: 3584  Num correct: 3374  Precision @ 1: 0.9414  AUC @ 1: 0.9882
Validation Data Eval:
  Num examples: 256  Num correct: 134  Precision @ 1: 0.5234  AUC @ 1: 0.5075
Test Data Eval:
  Num examples: 384  Num correct: 205  Precision @ 1: 0.5339  AUC @ 1: 0.5725
Step 6600: loss = 0.3681 (0.019 sec)
Training Data Eval:
  Num examples: 3584  Num correct: 3395  Precision @ 1: 0.9473  AUC @ 1: 0.9909
Validation Data Eval:
  Num examples: 256  Num correct: 138  Precision @ 1: 0.5391  AUC @ 1: 0.5151
Test Data Eval:
  Num examples: 384  Num correct: 210  Precision @ 1: 0.5469  AUC @ 1: 0.6050
Step 6800: loss = 0.3522 (0.018 sec)
Training Data Eval:
  Num examples: 3584  Num correct: 3432  Precision @ 1: 0.9576  AUC @ 1: 0.9938
Validation Data Eval:
  Num examples: 256  Num correct: 136  Precision @ 1: 0.5312  AUC @ 1: 0.5090
Test Data Eval:
  Num examples: 384  Num correct: 199  Precision @ 1: 0.5182  AUC @ 1: 0.5994
Step 7000: loss = 0.3460 (0.052 sec)
Training Data Eval:
  Num examples: 3584  Num correct: 3446  Precision @ 1: 0.9615  AUC @ 1: 0.9946
Validation Data Eval:
  Num examples: 256  Num correct: 136  Precision @ 1: 0.5312  AUC @ 1: 0.5123
Test Data Eval:
  Num examples: 384  Num correct: 211  Precision @ 1: 0.5495  AUC @ 1: 0.5827
Step 7200: loss = 0.2928 (0.019 sec)
Training Data Eval:
  Num examples: 3584  Num correct: 3477  Precision @ 1: 0.9701  AUC @ 1: 0.9963
Validation Data Eval:
  Num examples: 256  Num correct: 136  Precision @ 1: 0.5312  AUC @ 1: 0.5167
Test Data Eval:
  Num examples: 384  Num correct: 200  Precision @ 1: 0.5208  AUC @ 1: 0.5746
Step 7400: loss = 0.3868 (0.018 sec)
Training Data Eval:
  Num examples: 3584  Num correct: 3483  Precision @ 1: 0.9718  AUC @ 1: 0.9965
Validation Data Eval:
  Num examples: 256  Num correct: 138  Precision @ 1: 0.5391  AUC @ 1: 0.5156
Test Data Eval:
  Num examples: 384  Num correct: 214  Precision @ 1: 0.5573  AUC @ 1: 0.6191
Step 7600: loss = 0.3111 (0.018 sec)
Training Data Eval:
  Num examples: 3584  Num correct: 3521  Precision @ 1: 0.9824  AUC @ 1: 0.9981
Validation Data Eval:
  Num examples: 256  Num correct: 133  Precision @ 1: 0.5195  AUC @ 1: 0.5112
Test Data Eval:
  Num examples: 384  Num correct: 201  Precision @ 1: 0.5234  AUC @ 1: 0.5765
Step 7800: loss = 0.2990 (0.016 sec)
Training Data Eval:
  Num examples: 3584  Num correct: 3526  Precision @ 1: 0.9838  AUC @ 1: 0.9986
Validation Data Eval:
  Num examples: 256  Num correct: 139  Precision @ 1: 0.5430  AUC @ 1: 0.5084
Test Data Eval:
  Num examples: 384  Num correct: 204  Precision @ 1: 0.5312  AUC @ 1: 0.5845
Step 8000: loss = 0.2634 (0.019 sec)
Training Data Eval:
  Num examples: 3584  Num correct: 3550  Precision @ 1: 0.9905  AUC @ 1: 0.9994
Validation Data Eval:
  Num examples: 256  Num correct: 138  Precision @ 1: 0.5391  AUC @ 1: 0.5130
Test Data Eval:
  Num examples: 384  Num correct: 205  Precision @ 1: 0.5339  AUC @ 1: 0.5957
Step 8200: loss = 0.3047 (0.020 sec)
Training Data Eval:
  Num examples: 3584  Num correct: 3555  Precision @ 1: 0.9919  AUC @ 1: 0.9995
Validation Data Eval:
  Num examples: 256  Num correct: 140  Precision @ 1: 0.5469  AUC @ 1: 0.5091
Test Data Eval:
  Num examples: 384  Num correct: 198  Precision @ 1: 0.5156  AUC @ 1: 0.5799
Step 8400: loss = 0.2660 (0.045 sec)
Training Data Eval:
  Num examples: 3584  Num correct: 3568  Precision @ 1: 0.9955  AUC @ 1: 0.9997
Validation Data Eval:
  Num examples: 256  Num correct: 139  Precision @ 1: 0.5430  AUC @ 1: 0.5167
Test Data Eval:
  Num examples: 384  Num correct: 197  Precision @ 1: 0.5130  AUC @ 1: 0.5516
Step 8600: loss = 0.2903 (0.016 sec)
Training Data Eval:
  Num examples: 3584  Num correct: 3570  Precision @ 1: 0.9961  AUC @ 1: 0.9997
Validation Data Eval:
  Num examples: 256  Num correct: 142  Precision @ 1: 0.5547  AUC @ 1: 0.5163
Test Data Eval:
  Num examples: 384  Num correct: 205  Precision @ 1: 0.5339  AUC @ 1: 0.5669
Step 8800: loss = 0.2330 (0.019 sec)
Training Data Eval:
  Num examples: 3584  Num correct: 3571  Precision @ 1: 0.9964  AUC @ 1: 0.9996
Validation Data Eval:
  Num examples: 256  Num correct: 141  Precision @ 1: 0.5508  AUC @ 1: 0.5245
Test Data Eval:
  Num examples: 384  Num correct: 196  Precision @ 1: 0.5104  AUC @ 1: 0.5562
Step 9000: loss = 0.2637 (0.017 sec)
Training Data Eval:
  Num examples: 3584  Num correct: 3578  Precision @ 1: 0.9983  AUC @ 1: 1.0000
Validation Data Eval:
  Num examples: 256  Num correct: 142  Precision @ 1: 0.5547  AUC @ 1: 0.5179
Test Data Eval:
  Num examples: 384  Num correct: 205  Precision @ 1: 0.5339  AUC @ 1: 0.5788
Step 9200: loss = 0.2426 (0.019 sec)
Training Data Eval:
  Num examples: 3584  Num correct: 3581  Precision @ 1: 0.9992  AUC @ 1: 0.9999
Validation Data Eval:
  Num examples: 256  Num correct: 138  Precision @ 1: 0.5391  AUC @ 1: 0.5156
Test Data Eval:
  Num examples: 384  Num correct: 208  Precision @ 1: 0.5417  AUC @ 1: 0.5790
Step 9400: loss = 0.2634 (0.018 sec)
Training Data Eval:
  Num examples: 3584  Num correct: 3580  Precision @ 1: 0.9989  AUC @ 1: 0.9998
Validation Data Eval:
  Num examples: 256  Num correct: 141  Precision @ 1: 0.5508  AUC @ 1: 0.5235
Test Data Eval:
  Num examples: 384  Num correct: 199  Precision @ 1: 0.5182  AUC @ 1: 0.5542
Step 9600: loss = 0.2075 (0.019 sec)
Training Data Eval:
  Num examples: 3584  Num correct: 3583  Precision @ 1: 0.9997  AUC @ 1: 0.9999
Validation Data Eval:
  Num examples: 256  Num correct: 140  Precision @ 1: 0.5469  AUC @ 1: 0.5226
Test Data Eval:
  Num examples: 384  Num correct: 211  Precision @ 1: 0.5495  AUC @ 1: 0.5725
Step 9800: loss = 0.2537 (0.047 sec)
Training Data Eval:
  Num examples: 3584  Num correct: 3583  Precision @ 1: 0.9997  AUC @ 1: 1.0000
Validation Data Eval:
  Num examples: 256  Num correct: 138  Precision @ 1: 0.5391  AUC @ 1: 0.5228
Test Data Eval:
  Num examples: 384  Num correct: 201  Precision @ 1: 0.5234  AUC @ 1: 0.5633
