Training data shape: 	(10000, 64, 64, 1)
Training label shape:	(10000,)
Testing data shape:  	(1910, 64, 64, 1)
Testing label shape: 	(1910,)
max input value is: 153.458
min input value is: -104.189
random permuted training data
==============================================================================
Model: 			inference_roi_ts_cnn
Tensor Name: 	Placeholder:0
[64, 64, 64, 1]
==============================================================================
Tensor Name: concat_64:0
[64, 320, 64, 1]
==============================================================================
Tensor Name: conv0/conv0:0
[64, 64, 1, 4]
==============================================================================
Tensor Name: local1/local1:0
[64, 128]
==============================================================================
Tensor Name: local2/local2:0
[64, 128]
==============================================================================
Tensor Name: softmax_linear/softmax_linear:0
[64, 2]
Step 0: loss = 0.8148 (0.367 sec)
Training Data Eval:
  Num examples: 8960  Num correct: 6386  Precision @ 1: 0.7127  AUC @ 1: 0.7540
Validation Data Eval:
  Num examples: 960  Num correct: 699  Precision @ 1: 0.7281  AUC @ 1: 0.7538
Test Data Eval:
  Num examples: 1856  Num correct: 1229  Precision @ 1: 0.6622  AUC @ 1: 0.7026
Step 100: loss = 0.7507 (0.342 sec)
Training Data Eval:
  Num examples: 8960  Num correct: 6728  Precision @ 1: 0.7509  AUC @ 1: 0.8036
Validation Data Eval:
  Num examples: 960  Num correct: 735  Precision @ 1: 0.7656  AUC @ 1: 0.8052
Test Data Eval:
  Num examples: 1856  Num correct: 1276  Precision @ 1: 0.6875  AUC @ 1: 0.7413
Step 200: loss = 0.6113 (0.344 sec)
Training Data Eval:
  Num examples: 8960  Num correct: 6811  Precision @ 1: 0.7602  AUC @ 1: 0.8152
Validation Data Eval:
  Num examples: 960  Num correct: 729  Precision @ 1: 0.7594  AUC @ 1: 0.8032
Test Data Eval:
  Num examples: 1856  Num correct: 1279  Precision @ 1: 0.6891  AUC @ 1: 0.7291
Step 300: loss = 0.5623 (0.343 sec)
Training Data Eval:
  Num examples: 8960  Num correct: 7063  Precision @ 1: 0.7883  AUC @ 1: 0.8552
Validation Data Eval:
  Num examples: 960  Num correct: 756  Precision @ 1: 0.7875  AUC @ 1: 0.8537
Test Data Eval:
  Num examples: 1856  Num correct: 1300  Precision @ 1: 0.7004  AUC @ 1: 0.7420
Step 400: loss = 0.5302 (0.343 sec)
Training Data Eval:
  Num examples: 8960  Num correct: 7132  Precision @ 1: 0.7960  AUC @ 1: 0.8615
Validation Data Eval:
  Num examples: 960  Num correct: 775  Precision @ 1: 0.8073  AUC @ 1: 0.8592
Test Data Eval:
  Num examples: 1856  Num correct: 1320  Precision @ 1: 0.7112  AUC @ 1: 0.7556
Step 500: loss = 0.5351 (0.344 sec)
Training Data Eval:
  Num examples: 8960  Num correct: 7082  Precision @ 1: 0.7904  AUC @ 1: 0.8567
Validation Data Eval:
  Num examples: 960  Num correct: 774  Precision @ 1: 0.8063  AUC @ 1: 0.8524
Test Data Eval:
  Num examples: 1856  Num correct: 1346  Precision @ 1: 0.7252  AUC @ 1: 0.7672
Step 600: loss = 0.5573 (0.341 sec)
Training Data Eval:
  Num examples: 8960  Num correct: 7346  Precision @ 1: 0.8199  AUC @ 1: 0.8873
Validation Data Eval:
  Num examples: 960  Num correct: 772  Precision @ 1: 0.8042  AUC @ 1: 0.8681
Test Data Eval:
  Num examples: 1856  Num correct: 1340  Precision @ 1: 0.7220  AUC @ 1: 0.7822
Step 700: loss = 0.3685 (0.423 sec)
Training Data Eval:
  Num examples: 8960  Num correct: 7366  Precision @ 1: 0.8221  AUC @ 1: 0.8919
Validation Data Eval:
  Num examples: 960  Num correct: 781  Precision @ 1: 0.8135  AUC @ 1: 0.8785
Test Data Eval:
  Num examples: 1856  Num correct: 1352  Precision @ 1: 0.7284  AUC @ 1: 0.7806
Step 800: loss = 0.4101 (0.344 sec)
Training Data Eval:
  Num examples: 8960  Num correct: 7336  Precision @ 1: 0.8187  AUC @ 1: 0.8821
Validation Data Eval:
  Num examples: 960  Num correct: 778  Precision @ 1: 0.8104  AUC @ 1: 0.8666
Test Data Eval:
  Num examples: 1856  Num correct: 1335  Precision @ 1: 0.7193  AUC @ 1: 0.7750
Step 900: loss = 0.6495 (0.343 sec)
Training Data Eval:
  Num examples: 8960  Num correct: 7327  Precision @ 1: 0.8177  AUC @ 1: 0.9018
Validation Data Eval:
  Num examples: 960  Num correct: 774  Precision @ 1: 0.8063  AUC @ 1: 0.8686
Test Data Eval:
  Num examples: 1856  Num correct: 1330  Precision @ 1: 0.7166  AUC @ 1: 0.7816
Step 1000: loss = 0.5688 (0.343 sec)
Training Data Eval:
  Num examples: 8960  Num correct: 7560  Precision @ 1: 0.8438  AUC @ 1: 0.9086
Validation Data Eval:
  Num examples: 960  Num correct: 778  Precision @ 1: 0.8104  AUC @ 1: 0.8726
Test Data Eval:
  Num examples: 1856  Num correct: 1344  Precision @ 1: 0.7241  AUC @ 1: 0.7740
Step 1100: loss = 0.4483 (0.344 sec)
Training Data Eval:
  Num examples: 8960  Num correct: 7513  Precision @ 1: 0.8385  AUC @ 1: 0.9045
Validation Data Eval:
  Num examples: 960  Num correct: 775  Precision @ 1: 0.8073  AUC @ 1: 0.8762
Test Data Eval:
  Num examples: 1856  Num correct: 1327  Precision @ 1: 0.7150  AUC @ 1: 0.7762
Step 1200: loss = 0.4018 (0.342 sec)
Training Data Eval:
  Num examples: 8960  Num correct: 7456  Precision @ 1: 0.8321  AUC @ 1: 0.9074
Validation Data Eval:
  Num examples: 960  Num correct: 783  Precision @ 1: 0.8156  AUC @ 1: 0.8721
Test Data Eval:
  Num examples: 1856  Num correct: 1359  Precision @ 1: 0.7322  AUC @ 1: 0.7904
Step 1300: loss = 0.4919 (0.342 sec)
Training Data Eval:
  Num examples: 8960  Num correct: 7665  Precision @ 1: 0.8555  AUC @ 1: 0.9187
Validation Data Eval:
  Num examples: 960  Num correct: 774  Precision @ 1: 0.8063  AUC @ 1: 0.8769
Test Data Eval:
  Num examples: 1856  Num correct: 1355  Precision @ 1: 0.7301  AUC @ 1: 0.7820
Step 1400: loss = 0.4547 (0.425 sec)
Training Data Eval:
  Num examples: 8960  Num correct: 7437  Precision @ 1: 0.8300  AUC @ 1: 0.9135
Validation Data Eval:
  Num examples: 960  Num correct: 772  Precision @ 1: 0.8042  AUC @ 1: 0.8634
Test Data Eval:
  Num examples: 1856  Num correct: 1334  Precision @ 1: 0.7188  AUC @ 1: 0.7667
Step 1500: loss = 0.4842 (0.342 sec)
Training Data Eval:
  Num examples: 8960  Num correct: 7657  Precision @ 1: 0.8546  AUC @ 1: 0.9224
Validation Data Eval:
  Num examples: 960  Num correct: 788  Precision @ 1: 0.8208  AUC @ 1: 0.8762
Test Data Eval:
  Num examples: 1856  Num correct: 1334  Precision @ 1: 0.7188  AUC @ 1: 0.7761
Step 1600: loss = 0.3853 (0.341 sec)
Training Data Eval:
  Num examples: 8960  Num correct: 7670  Precision @ 1: 0.8560  AUC @ 1: 0.9225
Validation Data Eval:
  Num examples: 960  Num correct: 764  Precision @ 1: 0.7958  AUC @ 1: 0.8707
Test Data Eval:
  Num examples: 1856  Num correct: 1338  Precision @ 1: 0.7209  AUC @ 1: 0.7737
Step 1700: loss = 0.4658 (0.345 sec)
Training Data Eval:
  Num examples: 8960  Num correct: 7719  Precision @ 1: 0.8615  AUC @ 1: 0.9279
Validation Data Eval:
  Num examples: 960  Num correct: 786  Precision @ 1: 0.8187  AUC @ 1: 0.8729
Test Data Eval:
  Num examples: 1856  Num correct: 1340  Precision @ 1: 0.7220  AUC @ 1: 0.7697
Step 1800: loss = 0.4749 (0.344 sec)
Training Data Eval:
  Num examples: 8960  Num correct: 7739  Precision @ 1: 0.8637  AUC @ 1: 0.9262
Validation Data Eval:
  Num examples: 960  Num correct: 780  Precision @ 1: 0.8125  AUC @ 1: 0.8673
Test Data Eval:
  Num examples: 1856  Num correct: 1358  Precision @ 1: 0.7317  AUC @ 1: 0.7754
Step 1900: loss = 0.4276 (0.342 sec)
Training Data Eval:
  Num examples: 8960  Num correct: 7630  Precision @ 1: 0.8516  AUC @ 1: 0.9244
Validation Data Eval:
  Num examples: 960  Num correct: 764  Precision @ 1: 0.7958  AUC @ 1: 0.8629
Test Data Eval:
  Num examples: 1856  Num correct: 1286  Precision @ 1: 0.6929  AUC @ 1: 0.7600
Step 2000: loss = 0.4333 (0.344 sec)
Training Data Eval:
  Num examples: 8960  Num correct: 7726  Precision @ 1: 0.8623  AUC @ 1: 0.9324
Validation Data Eval:
  Num examples: 960  Num correct: 784  Precision @ 1: 0.8167  AUC @ 1: 0.8745
Test Data Eval:
  Num examples: 1856  Num correct: 1344  Precision @ 1: 0.7241  AUC @ 1: 0.7798
Step 2100: loss = 0.3209 (0.428 sec)
Training Data Eval:
  Num examples: 8960  Num correct: 7870  Precision @ 1: 0.8783  AUC @ 1: 0.9381
Validation Data Eval:
  Num examples: 960  Num correct: 781  Precision @ 1: 0.8135  AUC @ 1: 0.8671
Test Data Eval:
  Num examples: 1856  Num correct: 1360  Precision @ 1: 0.7328  AUC @ 1: 0.7777
Step 2200: loss = 0.3265 (0.344 sec)
Training Data Eval:
  Num examples: 8960  Num correct: 7807  Precision @ 1: 0.8713  AUC @ 1: 0.9371
Validation Data Eval:
  Num examples: 960  Num correct: 791  Precision @ 1: 0.8240  AUC @ 1: 0.8766
Test Data Eval:
  Num examples: 1856  Num correct: 1359  Precision @ 1: 0.7322  AUC @ 1: 0.7806
Step 2300: loss = 0.3947 (0.345 sec)
Training Data Eval:
  Num examples: 8960  Num correct: 7842  Precision @ 1: 0.8752  AUC @ 1: 0.9382
Validation Data Eval:
  Num examples: 960  Num correct: 756  Precision @ 1: 0.7875  AUC @ 1: 0.8736
Test Data Eval:
  Num examples: 1856  Num correct: 1326  Precision @ 1: 0.7144  AUC @ 1: 0.7802
Step 2400: loss = 0.3469 (0.343 sec)
Training Data Eval:
  Num examples: 8960  Num correct: 7965  Precision @ 1: 0.8890  AUC @ 1: 0.9469
Validation Data Eval:
  Num examples: 960  Num correct: 768  Precision @ 1: 0.8000  AUC @ 1: 0.8724
Test Data Eval:
  Num examples: 1856  Num correct: 1344  Precision @ 1: 0.7241  AUC @ 1: 0.7719
Step 2500: loss = 0.4180 (0.344 sec)
Training Data Eval:
  Num examples: 8960  Num correct: 7905  Precision @ 1: 0.8823  AUC @ 1: 0.9471
Validation Data Eval:
  Num examples: 960  Num correct: 773  Precision @ 1: 0.8052  AUC @ 1: 0.8716
Test Data Eval:
  Num examples: 1856  Num correct: 1343  Precision @ 1: 0.7236  AUC @ 1: 0.7701
Step 2600: loss = 0.3976 (0.342 sec)
Training Data Eval:
  Num examples: 8960  Num correct: 7851  Precision @ 1: 0.8762  AUC @ 1: 0.9462
Validation Data Eval:
  Num examples: 960  Num correct: 766  Precision @ 1: 0.7979  AUC @ 1: 0.8648
Test Data Eval:
  Num examples: 1856  Num correct: 1356  Precision @ 1: 0.7306  AUC @ 1: 0.7709
Step 2700: loss = 0.3447 (0.345 sec)
Training Data Eval:
  Num examples: 8960  Num correct: 7998  Precision @ 1: 0.8926  AUC @ 1: 0.9544
Validation Data Eval:
  Num examples: 960  Num correct: 776  Precision @ 1: 0.8083  AUC @ 1: 0.8602
Test Data Eval:
  Num examples: 1856  Num correct: 1352  Precision @ 1: 0.7284  AUC @ 1: 0.7694
Step 2800: loss = 0.3350 (0.424 sec)
Training Data Eval:
  Num examples: 8960  Num correct: 7971  Precision @ 1: 0.8896  AUC @ 1: 0.9518
Validation Data Eval:
  Num examples: 960  Num correct: 776  Precision @ 1: 0.8083  AUC @ 1: 0.8675
Test Data Eval:
  Num examples: 1856  Num correct: 1344  Precision @ 1: 0.7241  AUC @ 1: 0.7788
Step 2900: loss = 0.3571 (0.343 sec)
Training Data Eval:
  Num examples: 8960  Num correct: 7988  Precision @ 1: 0.8915  AUC @ 1: 0.9492
Validation Data Eval:
  Num examples: 960  Num correct: 773  Precision @ 1: 0.8052  AUC @ 1: 0.8712
Test Data Eval:
  Num examples: 1856  Num correct: 1336  Precision @ 1: 0.7198  AUC @ 1: 0.7772
Step 3000: loss = 0.3063 (0.344 sec)
Training Data Eval:
  Num examples: 8960  Num correct: 8051  Precision @ 1: 0.8985  AUC @ 1: 0.9545
Validation Data Eval:
  Num examples: 960  Num correct: 765  Precision @ 1: 0.7969  AUC @ 1: 0.8649
Test Data Eval:
  Num examples: 1856  Num correct: 1333  Precision @ 1: 0.7182  AUC @ 1: 0.7658
Step 3100: loss = 0.2715 (0.342 sec)
Training Data Eval:
  Num examples: 8960  Num correct: 8094  Precision @ 1: 0.9033  AUC @ 1: 0.9555
Validation Data Eval:
  Num examples: 960  Num correct: 762  Precision @ 1: 0.7937  AUC @ 1: 0.8677
Test Data Eval:
  Num examples: 1856  Num correct: 1299  Precision @ 1: 0.6999  AUC @ 1: 0.7544
Step 3200: loss = 0.5021 (0.343 sec)
Training Data Eval:
  Num examples: 8960  Num correct: 8001  Precision @ 1: 0.8930  AUC @ 1: 0.9502
Validation Data Eval:
  Num examples: 960  Num correct: 782  Precision @ 1: 0.8146  AUC @ 1: 0.8729
Test Data Eval:
  Num examples: 1856  Num correct: 1335  Precision @ 1: 0.7193  AUC @ 1: 0.7638
Step 3300: loss = 0.4290 (0.342 sec)
Training Data Eval:
  Num examples: 8960  Num correct: 8068  Precision @ 1: 0.9004  AUC @ 1: 0.9593
Validation Data Eval:
  Num examples: 960  Num correct: 786  Precision @ 1: 0.8187  AUC @ 1: 0.8581
Test Data Eval:
  Num examples: 1856  Num correct: 1341  Precision @ 1: 0.7225  AUC @ 1: 0.7601
Step 3400: loss = 0.2894 (0.345 sec)
Training Data Eval:
  Num examples: 8960  Num correct: 8150  Precision @ 1: 0.9096  AUC @ 1: 0.9659
Validation Data Eval:
  Num examples: 960  Num correct: 756  Precision @ 1: 0.7875  AUC @ 1: 0.8579
Test Data Eval:
  Num examples: 1856  Num correct: 1323  Precision @ 1: 0.7128  AUC @ 1: 0.7620
Step 3500: loss = 0.3758 (0.426 sec)
Training Data Eval:
  Num examples: 8960  Num correct: 8046  Precision @ 1: 0.8980  AUC @ 1: 0.9645
Validation Data Eval:
  Num examples: 960  Num correct: 757  Precision @ 1: 0.7885  AUC @ 1: 0.8536
Test Data Eval:
  Num examples: 1856  Num correct: 1329  Precision @ 1: 0.7161  AUC @ 1: 0.7597
Step 3600: loss = 0.3150 (0.343 sec)
Training Data Eval:
  Num examples: 8960  Num correct: 8058  Precision @ 1: 0.8993  AUC @ 1: 0.9591
Validation Data Eval:
  Num examples: 960  Num correct: 772  Precision @ 1: 0.8042  AUC @ 1: 0.8643
Test Data Eval:
  Num examples: 1856  Num correct: 1324  Precision @ 1: 0.7134  AUC @ 1: 0.7613
Step 3700: loss = 0.3442 (0.344 sec)
Training Data Eval:
  Num examples: 8960  Num correct: 8169  Precision @ 1: 0.9117  AUC @ 1: 0.9665
Validation Data Eval:
  Num examples: 960  Num correct: 772  Precision @ 1: 0.8042  AUC @ 1: 0.8591
Test Data Eval:
  Num examples: 1856  Num correct: 1329  Precision @ 1: 0.7161  AUC @ 1: 0.7605
Step 3800: loss = 0.3639 (0.343 sec)
Training Data Eval:
  Num examples: 8960  Num correct: 8186  Precision @ 1: 0.9136  AUC @ 1: 0.9672
Validation Data Eval:
  Num examples: 960  Num correct: 753  Precision @ 1: 0.7844  AUC @ 1: 0.8599
Test Data Eval:
  Num examples: 1856  Num correct: 1293  Precision @ 1: 0.6967  AUC @ 1: 0.7677
Step 3900: loss = 0.3438 (0.342 sec)
Training Data Eval:
  Num examples: 8960  Num correct: 7969  Precision @ 1: 0.8894  AUC @ 1: 0.9690
Validation Data Eval:
  Num examples: 960  Num correct: 769  Precision @ 1: 0.8010  AUC @ 1: 0.8494
Test Data Eval:
  Num examples: 1856  Num correct: 1323  Precision @ 1: 0.7128  AUC @ 1: 0.7688
Step 4000: loss = 0.2654 (0.342 sec)
Training Data Eval:
  Num examples: 8960  Num correct: 8173  Precision @ 1: 0.9122  AUC @ 1: 0.9689
Validation Data Eval:
  Num examples: 960  Num correct: 761  Precision @ 1: 0.7927  AUC @ 1: 0.8549
Test Data Eval:
  Num examples: 1856  Num correct: 1302  Precision @ 1: 0.7015  AUC @ 1: 0.7569
Step 4100: loss = 0.2831 (0.343 sec)
Training Data Eval:
  Num examples: 8960  Num correct: 8225  Precision @ 1: 0.9180  AUC @ 1: 0.9715
Validation Data Eval:
  Num examples: 960  Num correct: 756  Precision @ 1: 0.7875  AUC @ 1: 0.8580
Test Data Eval:
  Num examples: 1856  Num correct: 1326  Precision @ 1: 0.7144  AUC @ 1: 0.7698
Step 4200: loss = 0.3497 (0.428 sec)
Training Data Eval:
  Num examples: 8960  Num correct: 8174  Precision @ 1: 0.9123  AUC @ 1: 0.9695
Validation Data Eval:
  Num examples: 960  Num correct: 747  Precision @ 1: 0.7781  AUC @ 1: 0.8450
Test Data Eval:
  Num examples: 1856  Num correct: 1296  Precision @ 1: 0.6983  AUC @ 1: 0.7490
Step 4300: loss = 0.3520 (0.343 sec)
Training Data Eval:
  Num examples: 8960  Num correct: 8197  Precision @ 1: 0.9148  AUC @ 1: 0.9715
Validation Data Eval:
  Num examples: 960  Num correct: 757  Precision @ 1: 0.7885  AUC @ 1: 0.8482
Test Data Eval:
  Num examples: 1856  Num correct: 1310  Precision @ 1: 0.7058  AUC @ 1: 0.7632
Step 4400: loss = 0.2268 (0.344 sec)
Training Data Eval:
  Num examples: 8960  Num correct: 8193  Precision @ 1: 0.9144  AUC @ 1: 0.9699
Validation Data Eval:
  Num examples: 960  Num correct: 750  Precision @ 1: 0.7812  AUC @ 1: 0.8636
Test Data Eval:
  Num examples: 1856  Num correct: 1296  Precision @ 1: 0.6983  AUC @ 1: 0.7606
Step 4500: loss = 0.2503 (0.342 sec)
Training Data Eval:
  Num examples: 8960  Num correct: 8165  Precision @ 1: 0.9113  AUC @ 1: 0.9690
Validation Data Eval:
  Num examples: 960  Num correct: 757  Precision @ 1: 0.7885  AUC @ 1: 0.8644
Test Data Eval:
  Num examples: 1856  Num correct: 1294  Precision @ 1: 0.6972  AUC @ 1: 0.7575
Step 4600: loss = 0.4295 (0.344 sec)
Training Data Eval:
  Num examples: 8960  Num correct: 8357  Precision @ 1: 0.9327  AUC @ 1: 0.9787
Validation Data Eval:
  Num examples: 960  Num correct: 767  Precision @ 1: 0.7990  AUC @ 1: 0.8611
Test Data Eval:
  Num examples: 1856  Num correct: 1308  Precision @ 1: 0.7047  AUC @ 1: 0.7546
Step 4700: loss = 0.4156 (0.343 sec)
Training Data Eval:
  Num examples: 8960  Num correct: 8116  Precision @ 1: 0.9058  AUC @ 1: 0.9733
Validation Data Eval:
  Num examples: 960  Num correct: 778  Precision @ 1: 0.8104  AUC @ 1: 0.8596
Test Data Eval:
  Num examples: 1856  Num correct: 1332  Precision @ 1: 0.7177  AUC @ 1: 0.7622
Step 4800: loss = 0.4690 (0.345 sec)
Training Data Eval:
  Num examples: 8960  Num correct: 8296  Precision @ 1: 0.9259  AUC @ 1: 0.9767
Validation Data Eval:
  Num examples: 960  Num correct: 747  Precision @ 1: 0.7781  AUC @ 1: 0.8493
Test Data Eval:
  Num examples: 1856  Num correct: 1304  Precision @ 1: 0.7026  AUC @ 1: 0.7573
Step 4900: loss = 0.3044 (0.430 sec)
Training Data Eval:
  Num examples: 8960  Num correct: 8116  Precision @ 1: 0.9058  AUC @ 1: 0.9717
Validation Data Eval:
  Num examples: 960  Num correct: 767  Precision @ 1: 0.7990  AUC @ 1: 0.8613
Test Data Eval:
  Num examples: 1856  Num correct: 1332  Precision @ 1: 0.7177  AUC @ 1: 0.7543
Step 5000: loss = 0.3207 (0.345 sec)
Training Data Eval:
  Num examples: 8960  Num correct: 8187  Precision @ 1: 0.9137  AUC @ 1: 0.9714
Validation Data Eval:
  Num examples: 960  Num correct: 747  Precision @ 1: 0.7781  AUC @ 1: 0.8500
Test Data Eval:
  Num examples: 1856  Num correct: 1287  Precision @ 1: 0.6934  AUC @ 1: 0.7440
Step 5100: loss = 0.3488 (0.344 sec)
Training Data Eval:
  Num examples: 8960  Num correct: 8225  Precision @ 1: 0.9180  AUC @ 1: 0.9743
Validation Data Eval:
  Num examples: 960  Num correct: 757  Precision @ 1: 0.7885  AUC @ 1: 0.8519
Test Data Eval:
  Num examples: 1856  Num correct: 1311  Precision @ 1: 0.7064  AUC @ 1: 0.7517
Step 5200: loss = 0.3436 (0.345 sec)
Training Data Eval:
  Num examples: 8960  Num correct: 8267  Precision @ 1: 0.9227  AUC @ 1: 0.9784
Validation Data Eval:
  Num examples: 960  Num correct: 764  Precision @ 1: 0.7958  AUC @ 1: 0.8535
Test Data Eval:
  Num examples: 1856  Num correct: 1305  Precision @ 1: 0.7031  AUC @ 1: 0.7576
Step 5300: loss = 0.2784 (0.344 sec)
Training Data Eval:
  Num examples: 8960  Num correct: 8135  Precision @ 1: 0.9079  AUC @ 1: 0.9701
Validation Data Eval:
  Num examples: 960  Num correct: 744  Precision @ 1: 0.7750  AUC @ 1: 0.8551
Test Data Eval:
  Num examples: 1856  Num correct: 1246  Precision @ 1: 0.6713  AUC @ 1: 0.7380
Step 5400: loss = 0.3604 (0.344 sec)
Training Data Eval:
  Num examples: 8960  Num correct: 8377  Precision @ 1: 0.9349  AUC @ 1: 0.9802
Validation Data Eval:
  Num examples: 960  Num correct: 765  Precision @ 1: 0.7969  AUC @ 1: 0.8616
Test Data Eval:
  Num examples: 1856  Num correct: 1289  Precision @ 1: 0.6945  AUC @ 1: 0.7578
Step 5500: loss = 0.3404 (0.344 sec)
Training Data Eval:
  Num examples: 8960  Num correct: 8321  Precision @ 1: 0.9287  AUC @ 1: 0.9824
Validation Data Eval:
  Num examples: 960  Num correct: 776  Precision @ 1: 0.8083  AUC @ 1: 0.8613
Test Data Eval:
  Num examples: 1856  Num correct: 1303  Precision @ 1: 0.7020  AUC @ 1: 0.7545
Step 5600: loss = 0.3537 (0.439 sec)
Training Data Eval:
  Num examples: 8960  Num correct: 8289  Precision @ 1: 0.9251  AUC @ 1: 0.9790
Validation Data Eval:
  Num examples: 960  Num correct: 759  Precision @ 1: 0.7906  AUC @ 1: 0.8433
Test Data Eval:
  Num examples: 1856  Num correct: 1299  Precision @ 1: 0.6999  AUC @ 1: 0.7520
Step 5700: loss = 0.3401 (0.343 sec)
Training Data Eval:
  Num examples: 8960  Num correct: 8268  Precision @ 1: 0.9228  AUC @ 1: 0.9778
Validation Data Eval:
  Num examples: 960  Num correct: 758  Precision @ 1: 0.7896  AUC @ 1: 0.8542
Test Data Eval:
  Num examples: 1856  Num correct: 1297  Precision @ 1: 0.6988  AUC @ 1: 0.7499
Step 5800: loss = 0.2615 (0.342 sec)
Training Data Eval:
  Num examples: 8960  Num correct: 8346  Precision @ 1: 0.9315  AUC @ 1: 0.9830
Validation Data Eval:
  Num examples: 960  Num correct: 756  Precision @ 1: 0.7875  AUC @ 1: 0.8467
Test Data Eval:
  Num examples: 1856  Num correct: 1304  Precision @ 1: 0.7026  AUC @ 1: 0.7588
Step 5900: loss = 0.3983 (0.342 sec)
Training Data Eval:
  Num examples: 8960  Num correct: 8348  Precision @ 1: 0.9317  AUC @ 1: 0.9807
Validation Data Eval:
  Num examples: 960  Num correct: 754  Precision @ 1: 0.7854  AUC @ 1: 0.8537
Test Data Eval:
  Num examples: 1856  Num correct: 1289  Precision @ 1: 0.6945  AUC @ 1: 0.7482
Step 6000: loss = 0.3965 (0.345 sec)
Training Data Eval:
  Num examples: 8960  Num correct: 8257  Precision @ 1: 0.9215  AUC @ 1: 0.9770
Validation Data Eval:
  Num examples: 960  Num correct: 758  Precision @ 1: 0.7896  AUC @ 1: 0.8502
Test Data Eval:
  Num examples: 1856  Num correct: 1300  Precision @ 1: 0.7004  AUC @ 1: 0.7507
Step 6100: loss = 0.3155 (0.344 sec)
Training Data Eval:
  Num examples: 8960  Num correct: 8403  Precision @ 1: 0.9378  AUC @ 1: 0.9831
Validation Data Eval:
  Num examples: 960  Num correct: 758  Precision @ 1: 0.7896  AUC @ 1: 0.8494
Test Data Eval:
  Num examples: 1856  Num correct: 1313  Precision @ 1: 0.7074  AUC @ 1: 0.7545
Step 6200: loss = 0.4150 (0.345 sec)
Training Data Eval:
  Num examples: 8960  Num correct: 8452  Precision @ 1: 0.9433  AUC @ 1: 0.9863
Validation Data Eval:
  Num examples: 960  Num correct: 742  Precision @ 1: 0.7729  AUC @ 1: 0.8481
Test Data Eval:
  Num examples: 1856  Num correct: 1264  Precision @ 1: 0.6810  AUC @ 1: 0.7457
Step 6300: loss = 0.3797 (0.422 sec)
Training Data Eval:
  Num examples: 8960  Num correct: 8409  Precision @ 1: 0.9385  AUC @ 1: 0.9861
Validation Data Eval:
  Num examples: 960  Num correct: 746  Precision @ 1: 0.7771  AUC @ 1: 0.8567
Test Data Eval:
  Num examples: 1856  Num correct: 1271  Precision @ 1: 0.6848  AUC @ 1: 0.7447
Step 6400: loss = 0.4071 (0.343 sec)
Training Data Eval:
  Num examples: 8960  Num correct: 8328  Precision @ 1: 0.9295  AUC @ 1: 0.9793
Validation Data Eval:
  Num examples: 960  Num correct: 745  Precision @ 1: 0.7760  AUC @ 1: 0.8530
Test Data Eval:
  Num examples: 1856  Num correct: 1300  Precision @ 1: 0.7004  AUC @ 1: 0.7471
Step 6500: loss = 0.2142 (0.345 sec)
Training Data Eval:
  Num examples: 8960  Num correct: 8346  Precision @ 1: 0.9315  AUC @ 1: 0.9881
Validation Data Eval:
  Num examples: 960  Num correct: 753  Precision @ 1: 0.7844  AUC @ 1: 0.8478
Test Data Eval:
  Num examples: 1856  Num correct: 1315  Precision @ 1: 0.7085  AUC @ 1: 0.7497
Step 6600: loss = 0.3933 (0.344 sec)
Training Data Eval:
  Num examples: 8960  Num correct: 8415  Precision @ 1: 0.9392  AUC @ 1: 0.9887
Validation Data Eval:
  Num examples: 960  Num correct: 768  Precision @ 1: 0.8000  AUC @ 1: 0.8508
Test Data Eval:
  Num examples: 1856  Num correct: 1317  Precision @ 1: 0.7096  AUC @ 1: 0.7579
Step 6700: loss = 0.3188 (0.342 sec)
Training Data Eval:
  Num examples: 8960  Num correct: 8261  Precision @ 1: 0.9220  AUC @ 1: 0.9822
Validation Data Eval:
  Num examples: 960  Num correct: 757  Precision @ 1: 0.7885  AUC @ 1: 0.8450
Test Data Eval:
  Num examples: 1856  Num correct: 1321  Precision @ 1: 0.7117  AUC @ 1: 0.7563
Step 6800: loss = 0.3875 (0.345 sec)
Training Data Eval:
  Num examples: 8960  Num correct: 8411  Precision @ 1: 0.9387  AUC @ 1: 0.9854
Validation Data Eval:
  Num examples: 960  Num correct: 754  Precision @ 1: 0.7854  AUC @ 1: 0.8409
Test Data Eval:
  Num examples: 1856  Num correct: 1296  Precision @ 1: 0.6983  AUC @ 1: 0.7391
Step 6900: loss = 0.3476 (0.341 sec)
Training Data Eval:
  Num examples: 8960  Num correct: 8430  Precision @ 1: 0.9408  AUC @ 1: 0.9853
Validation Data Eval:
  Num examples: 960  Num correct: 746  Precision @ 1: 0.7771  AUC @ 1: 0.8441
Test Data Eval:
  Num examples: 1856  Num correct: 1281  Precision @ 1: 0.6902  AUC @ 1: 0.7410
Step 7000: loss = 0.3352 (0.427 sec)
Training Data Eval:
  Num examples: 8960  Num correct: 8413  Precision @ 1: 0.9390  AUC @ 1: 0.9867
Validation Data Eval:
  Num examples: 960  Num correct: 749  Precision @ 1: 0.7802  AUC @ 1: 0.8363
Test Data Eval:
  Num examples: 1856  Num correct: 1287  Precision @ 1: 0.6934  AUC @ 1: 0.7392
Step 7100: loss = 0.3288 (0.342 sec)
Training Data Eval:
  Num examples: 8960  Num correct: 8361  Precision @ 1: 0.9331  AUC @ 1: 0.9860
Validation Data Eval:
  Num examples: 960  Num correct: 752  Precision @ 1: 0.7833  AUC @ 1: 0.8468
Test Data Eval:
  Num examples: 1856  Num correct: 1298  Precision @ 1: 0.6994  AUC @ 1: 0.7509
Step 7200: loss = 0.3688 (0.343 sec)
Training Data Eval:
  Num examples: 8960  Num correct: 8343  Precision @ 1: 0.9311  AUC @ 1: 0.9872
Validation Data Eval:
  Num examples: 960  Num correct: 759  Precision @ 1: 0.7906  AUC @ 1: 0.8485
Test Data Eval:
  Num examples: 1856  Num correct: 1313  Precision @ 1: 0.7074  AUC @ 1: 0.7426
Step 7300: loss = 0.2503 (0.342 sec)
Training Data Eval:
  Num examples: 8960  Num correct: 8435  Precision @ 1: 0.9414  AUC @ 1: 0.9876
Validation Data Eval:
  Num examples: 960  Num correct: 731  Precision @ 1: 0.7615  AUC @ 1: 0.8466
Test Data Eval:
  Num examples: 1856  Num correct: 1236  Precision @ 1: 0.6659  AUC @ 1: 0.7410
Step 7400: loss = 0.3716 (0.344 sec)
Training Data Eval:
  Num examples: 8960  Num correct: 8471  Precision @ 1: 0.9454  AUC @ 1: 0.9882
Validation Data Eval:
  Num examples: 960  Num correct: 746  Precision @ 1: 0.7771  AUC @ 1: 0.8443
Test Data Eval:
  Num examples: 1856  Num correct: 1289  Precision @ 1: 0.6945  AUC @ 1: 0.7454
Step 7500: loss = 0.2903 (0.342 sec)
Training Data Eval:
  Num examples: 8960  Num correct: 8473  Precision @ 1: 0.9456  AUC @ 1: 0.9895
Validation Data Eval:
  Num examples: 960  Num correct: 757  Precision @ 1: 0.7885  AUC @ 1: 0.8532
Test Data Eval:
  Num examples: 1856  Num correct: 1308  Precision @ 1: 0.7047  AUC @ 1: 0.7427
Step 7600: loss = 0.3778 (0.341 sec)
Training Data Eval:
  Num examples: 8960  Num correct: 8504  Precision @ 1: 0.9491  AUC @ 1: 0.9903
Validation Data Eval:
  Num examples: 960  Num correct: 753  Precision @ 1: 0.7844  AUC @ 1: 0.8523
Test Data Eval:
  Num examples: 1856  Num correct: 1278  Precision @ 1: 0.6886  AUC @ 1: 0.7447
Step 7700: loss = 0.2806 (0.438 sec)
Training Data Eval:
  Num examples: 8960  Num correct: 8413  Precision @ 1: 0.9390  AUC @ 1: 0.9864
Validation Data Eval:
  Num examples: 960  Num correct: 749  Precision @ 1: 0.7802  AUC @ 1: 0.8409
Test Data Eval:
  Num examples: 1856  Num correct: 1288  Precision @ 1: 0.6940  AUC @ 1: 0.7413
Step 7800: loss = 0.5025 (0.345 sec)
Training Data Eval:
  Num examples: 8960  Num correct: 8457  Precision @ 1: 0.9439  AUC @ 1: 0.9865
Validation Data Eval:
  Num examples: 960  Num correct: 732  Precision @ 1: 0.7625  AUC @ 1: 0.8491
Test Data Eval:
  Num examples: 1856  Num correct: 1291  Precision @ 1: 0.6956  AUC @ 1: 0.7497
Step 7900: loss = 0.3481 (0.343 sec)
Training Data Eval:
  Num examples: 8960  Num correct: 8423  Precision @ 1: 0.9401  AUC @ 1: 0.9868
Validation Data Eval:
  Num examples: 960  Num correct: 754  Precision @ 1: 0.7854  AUC @ 1: 0.8576
Test Data Eval:
  Num examples: 1856  Num correct: 1281  Precision @ 1: 0.6902  AUC @ 1: 0.7454
Step 8000: loss = 0.3827 (0.344 sec)
Training Data Eval:
  Num examples: 8960  Num correct: 8483  Precision @ 1: 0.9468  AUC @ 1: 0.9882
Validation Data Eval:
  Num examples: 960  Num correct: 745  Precision @ 1: 0.7760  AUC @ 1: 0.8464
Test Data Eval:
  Num examples: 1856  Num correct: 1303  Precision @ 1: 0.7020  AUC @ 1: 0.7469
Step 8100: loss = 0.3519 (0.344 sec)
Training Data Eval:
  Num examples: 8960  Num correct: 8461  Precision @ 1: 0.9443  AUC @ 1: 0.9879
Validation Data Eval:
  Num examples: 960  Num correct: 755  Precision @ 1: 0.7865  AUC @ 1: 0.8506
Test Data Eval:
  Num examples: 1856  Num correct: 1292  Precision @ 1: 0.6961  AUC @ 1: 0.7448
Step 8200: loss = 0.4374 (0.342 sec)
Training Data Eval:
  Num examples: 8960  Num correct: 8542  Precision @ 1: 0.9533  AUC @ 1: 0.9912
Validation Data Eval:
  Num examples: 960  Num correct: 748  Precision @ 1: 0.7792  AUC @ 1: 0.8463
Test Data Eval:
  Num examples: 1856  Num correct: 1304  Precision @ 1: 0.7026  AUC @ 1: 0.7416
Step 8300: loss = 0.4382 (0.344 sec)
Training Data Eval:
  Num examples: 8960  Num correct: 8456  Precision @ 1: 0.9437  AUC @ 1: 0.9876
Validation Data Eval:
  Num examples: 960  Num correct: 744  Precision @ 1: 0.7750  AUC @ 1: 0.8470
Test Data Eval:
  Num examples: 1856  Num correct: 1297  Precision @ 1: 0.6988  AUC @ 1: 0.7613
Step 8400: loss = 0.3673 (0.433 sec)
Training Data Eval:
  Num examples: 8960  Num correct: 8535  Precision @ 1: 0.9526  AUC @ 1: 0.9900
Validation Data Eval:
  Num examples: 960  Num correct: 762  Precision @ 1: 0.7937  AUC @ 1: 0.8533
Test Data Eval:
  Num examples: 1856  Num correct: 1298  Precision @ 1: 0.6994  AUC @ 1: 0.7485
Step 8500: loss = 0.4059 (0.344 sec)
Training Data Eval:
  Num examples: 8960  Num correct: 8419  Precision @ 1: 0.9396  AUC @ 1: 0.9870
Validation Data Eval:
  Num examples: 960  Num correct: 727  Precision @ 1: 0.7573  AUC @ 1: 0.8446
Test Data Eval:
  Num examples: 1856  Num correct: 1270  Precision @ 1: 0.6843  AUC @ 1: 0.7519
Step 8600: loss = 0.2519 (0.346 sec)
Training Data Eval:
  Num examples: 8960  Num correct: 8539  Precision @ 1: 0.9530  AUC @ 1: 0.9911
Validation Data Eval:
  Num examples: 960  Num correct: 740  Precision @ 1: 0.7708  AUC @ 1: 0.8434
Test Data Eval:
  Num examples: 1856  Num correct: 1301  Precision @ 1: 0.7010  AUC @ 1: 0.7531
Step 8700: loss = 0.3110 (0.343 sec)
Training Data Eval:
  Num examples: 8960  Num correct: 8407  Precision @ 1: 0.9383  AUC @ 1: 0.9920
Validation Data Eval:
  Num examples: 960  Num correct: 755  Precision @ 1: 0.7865  AUC @ 1: 0.8433
Test Data Eval:
  Num examples: 1856  Num correct: 1324  Precision @ 1: 0.7134  AUC @ 1: 0.7500
Step 8800: loss = 0.2099 (0.340 sec)
Training Data Eval:
  Num examples: 8960  Num correct: 8457  Precision @ 1: 0.9439  AUC @ 1: 0.9860
Validation Data Eval:
  Num examples: 960  Num correct: 746  Precision @ 1: 0.7771  AUC @ 1: 0.8434
Test Data Eval:
  Num examples: 1856  Num correct: 1308  Precision @ 1: 0.7047  AUC @ 1: 0.7493
Step 8900: loss = 0.1974 (0.343 sec)
Training Data Eval:
  Num examples: 8960  Num correct: 8537  Precision @ 1: 0.9528  AUC @ 1: 0.9903
Validation Data Eval:
  Num examples: 960  Num correct: 743  Precision @ 1: 0.7740  AUC @ 1: 0.8430
Test Data Eval:
  Num examples: 1856  Num correct: 1291  Precision @ 1: 0.6956  AUC @ 1: 0.7476
Step 9000: loss = 0.2063 (0.339 sec)
Training Data Eval:
  Num examples: 8960  Num correct: 8532  Precision @ 1: 0.9522  AUC @ 1: 0.9903
Validation Data Eval:
  Num examples: 960  Num correct: 754  Precision @ 1: 0.7854  AUC @ 1: 0.8567
Test Data Eval:
  Num examples: 1856  Num correct: 1289  Precision @ 1: 0.6945  AUC @ 1: 0.7572
Step 9100: loss = 0.3653 (0.429 sec)
Training Data Eval:
  Num examples: 8960  Num correct: 8528  Precision @ 1: 0.9518  AUC @ 1: 0.9893
Validation Data Eval:
  Num examples: 960  Num correct: 746  Precision @ 1: 0.7771  AUC @ 1: 0.8441
Test Data Eval:
  Num examples: 1856  Num correct: 1260  Precision @ 1: 0.6789  AUC @ 1: 0.7372
Step 9200: loss = 0.3003 (0.344 sec)
Training Data Eval:
  Num examples: 8960  Num correct: 8517  Precision @ 1: 0.9506  AUC @ 1: 0.9908
Validation Data Eval:
  Num examples: 960  Num correct: 744  Precision @ 1: 0.7750  AUC @ 1: 0.8378
Test Data Eval:
  Num examples: 1856  Num correct: 1302  Precision @ 1: 0.7015  AUC @ 1: 0.7398
Step 9300: loss = 0.3485 (0.344 sec)
Training Data Eval:
  Num examples: 8960  Num correct: 8547  Precision @ 1: 0.9539  AUC @ 1: 0.9911
Validation Data Eval:
  Num examples: 960  Num correct: 751  Precision @ 1: 0.7823  AUC @ 1: 0.8552
Test Data Eval:
  Num examples: 1856  Num correct: 1299  Precision @ 1: 0.6999  AUC @ 1: 0.7557
Step 9400: loss = 0.2739 (0.343 sec)
Training Data Eval:
  Num examples: 8960  Num correct: 8614  Precision @ 1: 0.9614  AUC @ 1: 0.9939
Validation Data Eval:
  Num examples: 960  Num correct: 750  Precision @ 1: 0.7812  AUC @ 1: 0.8487
Test Data Eval:
  Num examples: 1856  Num correct: 1289  Precision @ 1: 0.6945  AUC @ 1: 0.7458
Step 9500: loss = 0.4778 (0.345 sec)
Training Data Eval:
  Num examples: 8960  Num correct: 8380  Precision @ 1: 0.9353  AUC @ 1: 0.9834
Validation Data Eval:
  Num examples: 960  Num correct: 742  Precision @ 1: 0.7729  AUC @ 1: 0.8413
Test Data Eval:
  Num examples: 1856  Num correct: 1278  Precision @ 1: 0.6886  AUC @ 1: 0.7369
Step 9600: loss = 0.3694 (0.342 sec)
Training Data Eval:
  Num examples: 8960  Num correct: 8576  Precision @ 1: 0.9571  AUC @ 1: 0.9916
Validation Data Eval:
  Num examples: 960  Num correct: 749  Precision @ 1: 0.7802  AUC @ 1: 0.8517
Test Data Eval:
  Num examples: 1856  Num correct: 1293  Precision @ 1: 0.6967  AUC @ 1: 0.7493
Step 9700: loss = 0.2830 (0.344 sec)
Training Data Eval:
  Num examples: 8960  Num correct: 8576  Precision @ 1: 0.9571  AUC @ 1: 0.9918
Validation Data Eval:
  Num examples: 960  Num correct: 747  Precision @ 1: 0.7781  AUC @ 1: 0.8534
Test Data Eval:
  Num examples: 1856  Num correct: 1278  Precision @ 1: 0.6886  AUC @ 1: 0.7516
Step 9800: loss = 0.3923 (0.425 sec)
Training Data Eval:
  Num examples: 8960  Num correct: 8619  Precision @ 1: 0.9619  AUC @ 1: 0.9930
Validation Data Eval:
  Num examples: 960  Num correct: 739  Precision @ 1: 0.7698  AUC @ 1: 0.8430
Test Data Eval:
  Num examples: 1856  Num correct: 1285  Precision @ 1: 0.6923  AUC @ 1: 0.7407
Step 9900: loss = 0.3773 (0.342 sec)
Training Data Eval:
  Num examples: 8960  Num correct: 8531  Precision @ 1: 0.9521  AUC @ 1: 0.9904
Validation Data Eval:
  Num examples: 960  Num correct: 749  Precision @ 1: 0.7802  AUC @ 1: 0.8465
Test Data Eval:
  Num examples: 1856  Num correct: 1274  Precision @ 1: 0.6864  AUC @ 1: 0.7390
