Training data shape: 	(10000, 64, 64, 1)
Training label shape:	(10000,)
Testing data shape:  	(1910, 64, 64, 1)
Testing label shape: 	(1910,)
max input value is: 153.458
min input value is: -104.189
random permuted training data
==============================================================================
Model: 			inference_global_s_cnn
Tensor Name: 	Placeholder:0
[64, 64, 64, 1]
==============================================================================
Tensor Name: conv1/conv1:0
[64, 1, 64, 4]
==============================================================================
Tensor Name: MaxPool:0
[64, 1, 32, 4]
==============================================================================
Tensor Name: local1/local1:0
[64, 128]
==============================================================================
Tensor Name: local2/local2:0
[64, 128]
==============================================================================
Tensor Name: softmax_linear/softmax_linear:0
[64, 2]
Step 0: loss = 0.7742 (0.022 sec)
Training Data Eval:
  Num examples: 8960  Num correct: 5011  Precision @ 1: 0.5593  AUC @ 1: 0.6943
Validation Data Eval:
  Num examples: 960  Num correct: 530  Precision @ 1: 0.5521  AUC @ 1: 0.6764
Test Data Eval:
  Num examples: 1856  Num correct: 1063  Precision @ 1: 0.5727  AUC @ 1: 0.6772
Step 100: loss = 0.7528 (0.010 sec)
Training Data Eval:
  Num examples: 8960  Num correct: 5350  Precision @ 1: 0.5971  AUC @ 1: 0.7116
Validation Data Eval:
  Num examples: 960  Num correct: 563  Precision @ 1: 0.5865  AUC @ 1: 0.7110
Test Data Eval:
  Num examples: 1856  Num correct: 1136  Precision @ 1: 0.6121  AUC @ 1: 0.6780
Step 200: loss = 0.7220 (0.010 sec)
Training Data Eval:
  Num examples: 8960  Num correct: 6484  Precision @ 1: 0.7237  AUC @ 1: 0.7798
Validation Data Eval:
  Num examples: 960  Num correct: 690  Precision @ 1: 0.7188  AUC @ 1: 0.7849
Test Data Eval:
  Num examples: 1856  Num correct: 1239  Precision @ 1: 0.6676  AUC @ 1: 0.7122
Step 300: loss = 0.6066 (0.010 sec)
Training Data Eval:
  Num examples: 8960  Num correct: 6993  Precision @ 1: 0.7805  AUC @ 1: 0.8327
Validation Data Eval:
  Num examples: 960  Num correct: 742  Precision @ 1: 0.7729  AUC @ 1: 0.8285
Test Data Eval:
  Num examples: 1856  Num correct: 1318  Precision @ 1: 0.7101  AUC @ 1: 0.7446
Step 400: loss = 0.5255 (0.010 sec)
Training Data Eval:
  Num examples: 8960  Num correct: 6939  Precision @ 1: 0.7744  AUC @ 1: 0.8511
Validation Data Eval:
  Num examples: 960  Num correct: 745  Precision @ 1: 0.7760  AUC @ 1: 0.8444
Test Data Eval:
  Num examples: 1856  Num correct: 1283  Precision @ 1: 0.6913  AUC @ 1: 0.7499
Step 500: loss = 0.6528 (0.011 sec)
Training Data Eval:
  Num examples: 8960  Num correct: 7063  Precision @ 1: 0.7883  AUC @ 1: 0.8560
Validation Data Eval:
  Num examples: 960  Num correct: 747  Precision @ 1: 0.7781  AUC @ 1: 0.8447
Test Data Eval:
  Num examples: 1856  Num correct: 1295  Precision @ 1: 0.6977  AUC @ 1: 0.7471
Step 600: loss = 0.4966 (0.010 sec)
Training Data Eval:
  Num examples: 8960  Num correct: 7262  Precision @ 1: 0.8105  AUC @ 1: 0.8754
Validation Data Eval:
  Num examples: 960  Num correct: 751  Precision @ 1: 0.7823  AUC @ 1: 0.8584
Test Data Eval:
  Num examples: 1856  Num correct: 1324  Precision @ 1: 0.7134  AUC @ 1: 0.7579
Step 700: loss = 0.4518 (0.090 sec)
Training Data Eval:
  Num examples: 8960  Num correct: 7279  Precision @ 1: 0.8124  AUC @ 1: 0.8755
Validation Data Eval:
  Num examples: 960  Num correct: 756  Precision @ 1: 0.7875  AUC @ 1: 0.8501
Test Data Eval:
  Num examples: 1856  Num correct: 1343  Precision @ 1: 0.7236  AUC @ 1: 0.7627
Step 800: loss = 0.6257 (0.010 sec)
Training Data Eval:
  Num examples: 8960  Num correct: 7334  Precision @ 1: 0.8185  AUC @ 1: 0.8841
Validation Data Eval:
  Num examples: 960  Num correct: 765  Precision @ 1: 0.7969  AUC @ 1: 0.8591
Test Data Eval:
  Num examples: 1856  Num correct: 1324  Precision @ 1: 0.7134  AUC @ 1: 0.7550
Step 900: loss = 0.4340 (0.011 sec)
Training Data Eval:
  Num examples: 8960  Num correct: 7300  Precision @ 1: 0.8147  AUC @ 1: 0.8820
Validation Data Eval:
  Num examples: 960  Num correct: 764  Precision @ 1: 0.7958  AUC @ 1: 0.8602
Test Data Eval:
  Num examples: 1856  Num correct: 1331  Precision @ 1: 0.7171  AUC @ 1: 0.7628
Step 1000: loss = 0.4168 (0.010 sec)
Training Data Eval:
  Num examples: 8960  Num correct: 7439  Precision @ 1: 0.8302  AUC @ 1: 0.8975
Validation Data Eval:
  Num examples: 960  Num correct: 771  Precision @ 1: 0.8031  AUC @ 1: 0.8609
Test Data Eval:
  Num examples: 1856  Num correct: 1353  Precision @ 1: 0.7290  AUC @ 1: 0.7727
Step 1100: loss = 0.3829 (0.010 sec)
Training Data Eval:
  Num examples: 8960  Num correct: 7428  Precision @ 1: 0.8290  AUC @ 1: 0.8951
Validation Data Eval:
  Num examples: 960  Num correct: 773  Precision @ 1: 0.8052  AUC @ 1: 0.8605
Test Data Eval:
  Num examples: 1856  Num correct: 1333  Precision @ 1: 0.7182  AUC @ 1: 0.7646
Step 1200: loss = 0.4311 (0.010 sec)
Training Data Eval:
  Num examples: 8960  Num correct: 7449  Precision @ 1: 0.8314  AUC @ 1: 0.8993
Validation Data Eval:
  Num examples: 960  Num correct: 764  Precision @ 1: 0.7958  AUC @ 1: 0.8562
Test Data Eval:
  Num examples: 1856  Num correct: 1339  Precision @ 1: 0.7214  AUC @ 1: 0.7631
Step 1300: loss = 0.5093 (0.011 sec)
Training Data Eval:
  Num examples: 8960  Num correct: 7499  Precision @ 1: 0.8369  AUC @ 1: 0.9098
Validation Data Eval:
  Num examples: 960  Num correct: 772  Precision @ 1: 0.8042  AUC @ 1: 0.8685
Test Data Eval:
  Num examples: 1856  Num correct: 1335  Precision @ 1: 0.7193  AUC @ 1: 0.7605
Step 1400: loss = 0.4689 (0.082 sec)
Training Data Eval:
  Num examples: 8960  Num correct: 7524  Precision @ 1: 0.8397  AUC @ 1: 0.9052
Validation Data Eval:
  Num examples: 960  Num correct: 772  Precision @ 1: 0.8042  AUC @ 1: 0.8607
Test Data Eval:
  Num examples: 1856  Num correct: 1339  Precision @ 1: 0.7214  AUC @ 1: 0.7640
Step 1500: loss = 0.3054 (0.010 sec)
Training Data Eval:
  Num examples: 8960  Num correct: 7441  Precision @ 1: 0.8305  AUC @ 1: 0.9039
Validation Data Eval:
  Num examples: 960  Num correct: 765  Precision @ 1: 0.7969  AUC @ 1: 0.8602
Test Data Eval:
  Num examples: 1856  Num correct: 1331  Precision @ 1: 0.7171  AUC @ 1: 0.7654
Step 1600: loss = 0.4382 (0.010 sec)
Training Data Eval:
  Num examples: 8960  Num correct: 7482  Precision @ 1: 0.8350  AUC @ 1: 0.9114
Validation Data Eval:
  Num examples: 960  Num correct: 765  Precision @ 1: 0.7969  AUC @ 1: 0.8692
Test Data Eval:
  Num examples: 1856  Num correct: 1306  Precision @ 1: 0.7037  AUC @ 1: 0.7652
Step 1700: loss = 0.5071 (0.010 sec)
Training Data Eval:
  Num examples: 8960  Num correct: 7621  Precision @ 1: 0.8506  AUC @ 1: 0.9181
Validation Data Eval:
  Num examples: 960  Num correct: 750  Precision @ 1: 0.7812  AUC @ 1: 0.8544
Test Data Eval:
  Num examples: 1856  Num correct: 1338  Precision @ 1: 0.7209  AUC @ 1: 0.7685
Step 1800: loss = 0.3683 (0.010 sec)
Training Data Eval:
  Num examples: 8960  Num correct: 7579  Precision @ 1: 0.8459  AUC @ 1: 0.9161
Validation Data Eval:
  Num examples: 960  Num correct: 756  Precision @ 1: 0.7875  AUC @ 1: 0.8524
Test Data Eval:
  Num examples: 1856  Num correct: 1337  Precision @ 1: 0.7204  AUC @ 1: 0.7653
Step 1900: loss = 0.4941 (0.010 sec)
Training Data Eval:
  Num examples: 8960  Num correct: 7660  Precision @ 1: 0.8549  AUC @ 1: 0.9208
Validation Data Eval:
  Num examples: 960  Num correct: 761  Precision @ 1: 0.7927  AUC @ 1: 0.8644
Test Data Eval:
  Num examples: 1856  Num correct: 1339  Precision @ 1: 0.7214  AUC @ 1: 0.7627
Step 2000: loss = 0.4959 (0.011 sec)
Training Data Eval:
  Num examples: 8960  Num correct: 7678  Precision @ 1: 0.8569  AUC @ 1: 0.9309
Validation Data Eval:
  Num examples: 960  Num correct: 771  Precision @ 1: 0.8031  AUC @ 1: 0.8598
Test Data Eval:
  Num examples: 1856  Num correct: 1320  Precision @ 1: 0.7112  AUC @ 1: 0.7560
Step 2100: loss = 0.3623 (0.077 sec)
Training Data Eval:
  Num examples: 8960  Num correct: 7669  Precision @ 1: 0.8559  AUC @ 1: 0.9222
Validation Data Eval:
  Num examples: 960  Num correct: 773  Precision @ 1: 0.8052  AUC @ 1: 0.8679
Test Data Eval:
  Num examples: 1856  Num correct: 1346  Precision @ 1: 0.7252  AUC @ 1: 0.7733
Step 2200: loss = 0.2576 (0.011 sec)
Training Data Eval:
  Num examples: 8960  Num correct: 7623  Precision @ 1: 0.8508  AUC @ 1: 0.9342
Validation Data Eval:
  Num examples: 960  Num correct: 740  Precision @ 1: 0.7708  AUC @ 1: 0.8675
Test Data Eval:
  Num examples: 1856  Num correct: 1293  Precision @ 1: 0.6967  AUC @ 1: 0.7727
Step 2300: loss = 0.4331 (0.010 sec)
Training Data Eval:
  Num examples: 8960  Num correct: 7718  Precision @ 1: 0.8614  AUC @ 1: 0.9415
Validation Data Eval:
  Num examples: 960  Num correct: 777  Precision @ 1: 0.8094  AUC @ 1: 0.8631
Test Data Eval:
  Num examples: 1856  Num correct: 1349  Precision @ 1: 0.7268  AUC @ 1: 0.7656
Step 2400: loss = 0.3869 (0.010 sec)
Training Data Eval:
  Num examples: 8960  Num correct: 7744  Precision @ 1: 0.8643  AUC @ 1: 0.9357
Validation Data Eval:
  Num examples: 960  Num correct: 748  Precision @ 1: 0.7792  AUC @ 1: 0.8658
Test Data Eval:
  Num examples: 1856  Num correct: 1302  Precision @ 1: 0.7015  AUC @ 1: 0.7618
Step 2500: loss = 0.4493 (0.011 sec)
Training Data Eval:
  Num examples: 8960  Num correct: 7787  Precision @ 1: 0.8691  AUC @ 1: 0.9423
Validation Data Eval:
  Num examples: 960  Num correct: 741  Precision @ 1: 0.7719  AUC @ 1: 0.8516
Test Data Eval:
  Num examples: 1856  Num correct: 1291  Precision @ 1: 0.6956  AUC @ 1: 0.7575
Step 2600: loss = 0.3097 (0.009 sec)
Training Data Eval:
  Num examples: 8960  Num correct: 7255  Precision @ 1: 0.8097  AUC @ 1: 0.9336
Validation Data Eval:
  Num examples: 960  Num correct: 752  Precision @ 1: 0.7833  AUC @ 1: 0.8648
Test Data Eval:
  Num examples: 1856  Num correct: 1288  Precision @ 1: 0.6940  AUC @ 1: 0.7454
Step 2700: loss = 0.2653 (0.010 sec)
Training Data Eval:
  Num examples: 8960  Num correct: 7905  Precision @ 1: 0.8823  AUC @ 1: 0.9478
Validation Data Eval:
  Num examples: 960  Num correct: 753  Precision @ 1: 0.7844  AUC @ 1: 0.8592
Test Data Eval:
  Num examples: 1856  Num correct: 1318  Precision @ 1: 0.7101  AUC @ 1: 0.7662
Step 2800: loss = 0.5083 (0.087 sec)
Training Data Eval:
  Num examples: 8960  Num correct: 7684  Precision @ 1: 0.8576  AUC @ 1: 0.9363
Validation Data Eval:
  Num examples: 960  Num correct: 750  Precision @ 1: 0.7812  AUC @ 1: 0.8510
Test Data Eval:
  Num examples: 1856  Num correct: 1298  Precision @ 1: 0.6994  AUC @ 1: 0.7651
Step 2900: loss = 0.3873 (0.011 sec)
Training Data Eval:
  Num examples: 8960  Num correct: 7800  Precision @ 1: 0.8705  AUC @ 1: 0.9432
Validation Data Eval:
  Num examples: 960  Num correct: 745  Precision @ 1: 0.7760  AUC @ 1: 0.8552
Test Data Eval:
  Num examples: 1856  Num correct: 1304  Precision @ 1: 0.7026  AUC @ 1: 0.7612
Step 3000: loss = 0.3499 (0.010 sec)
Training Data Eval:
  Num examples: 8960  Num correct: 7939  Precision @ 1: 0.8860  AUC @ 1: 0.9524
Validation Data Eval:
  Num examples: 960  Num correct: 746  Precision @ 1: 0.7771  AUC @ 1: 0.8607
Test Data Eval:
  Num examples: 1856  Num correct: 1319  Precision @ 1: 0.7107  AUC @ 1: 0.7697
Step 3100: loss = 0.2687 (0.011 sec)
Training Data Eval:
  Num examples: 8960  Num correct: 8008  Precision @ 1: 0.8938  AUC @ 1: 0.9613
Validation Data Eval:
  Num examples: 960  Num correct: 759  Precision @ 1: 0.7906  AUC @ 1: 0.8488
Test Data Eval:
  Num examples: 1856  Num correct: 1345  Precision @ 1: 0.7247  AUC @ 1: 0.7659
Step 3200: loss = 0.3110 (0.011 sec)
Training Data Eval:
  Num examples: 8960  Num correct: 7193  Precision @ 1: 0.8028  AUC @ 1: 0.9450
Validation Data Eval:
  Num examples: 960  Num correct: 733  Precision @ 1: 0.7635  AUC @ 1: 0.8379
Test Data Eval:
  Num examples: 1856  Num correct: 1270  Precision @ 1: 0.6843  AUC @ 1: 0.7288
Step 3300: loss = 0.4885 (0.010 sec)
Training Data Eval:
  Num examples: 8960  Num correct: 7908  Precision @ 1: 0.8826  AUC @ 1: 0.9595
Validation Data Eval:
  Num examples: 960  Num correct: 754  Precision @ 1: 0.7854  AUC @ 1: 0.8527
Test Data Eval:
  Num examples: 1856  Num correct: 1308  Precision @ 1: 0.7047  AUC @ 1: 0.7424
Step 3400: loss = 0.3776 (0.009 sec)
Training Data Eval:
  Num examples: 8960  Num correct: 8102  Precision @ 1: 0.9042  AUC @ 1: 0.9667
Validation Data Eval:
  Num examples: 960  Num correct: 745  Precision @ 1: 0.7760  AUC @ 1: 0.8450
Test Data Eval:
  Num examples: 1856  Num correct: 1297  Precision @ 1: 0.6988  AUC @ 1: 0.7425
Step 3500: loss = 0.3235 (0.090 sec)
Training Data Eval:
  Num examples: 8960  Num correct: 7522  Precision @ 1: 0.8395  AUC @ 1: 0.9641
Validation Data Eval:
  Num examples: 960  Num correct: 750  Precision @ 1: 0.7812  AUC @ 1: 0.8447
Test Data Eval:
  Num examples: 1856  Num correct: 1303  Precision @ 1: 0.7020  AUC @ 1: 0.7413
Step 3600: loss = 0.4708 (0.011 sec)
Training Data Eval:
  Num examples: 8960  Num correct: 8079  Precision @ 1: 0.9017  AUC @ 1: 0.9631
Validation Data Eval:
  Num examples: 960  Num correct: 753  Precision @ 1: 0.7844  AUC @ 1: 0.8562
Test Data Eval:
  Num examples: 1856  Num correct: 1283  Precision @ 1: 0.6913  AUC @ 1: 0.7556
Step 3700: loss = 0.3244 (0.010 sec)
Training Data Eval:
  Num examples: 8960  Num correct: 8082  Precision @ 1: 0.9020  AUC @ 1: 0.9677
Validation Data Eval:
  Num examples: 960  Num correct: 734  Precision @ 1: 0.7646  AUC @ 1: 0.8528
Test Data Eval:
  Num examples: 1856  Num correct: 1283  Precision @ 1: 0.6913  AUC @ 1: 0.7630
Step 3800: loss = 0.3045 (0.010 sec)
Training Data Eval:
  Num examples: 8960  Num correct: 8189  Precision @ 1: 0.9140  AUC @ 1: 0.9746
Validation Data Eval:
  Num examples: 960  Num correct: 763  Precision @ 1: 0.7948  AUC @ 1: 0.8611
Test Data Eval:
  Num examples: 1856  Num correct: 1302  Precision @ 1: 0.7015  AUC @ 1: 0.7545
Step 3900: loss = 0.3833 (0.010 sec)
Training Data Eval:
  Num examples: 8960  Num correct: 8100  Precision @ 1: 0.9040  AUC @ 1: 0.9725
Validation Data Eval:
  Num examples: 960  Num correct: 773  Precision @ 1: 0.8052  AUC @ 1: 0.8493
Test Data Eval:
  Num examples: 1856  Num correct: 1305  Precision @ 1: 0.7031  AUC @ 1: 0.7509
Step 4000: loss = 0.2451 (0.010 sec)
Training Data Eval:
  Num examples: 8960  Num correct: 8057  Precision @ 1: 0.8992  AUC @ 1: 0.9730
Validation Data Eval:
  Num examples: 960  Num correct: 746  Precision @ 1: 0.7771  AUC @ 1: 0.8381
Test Data Eval:
  Num examples: 1856  Num correct: 1276  Precision @ 1: 0.6875  AUC @ 1: 0.7246
Step 4100: loss = 0.3676 (0.010 sec)
Training Data Eval:
  Num examples: 8960  Num correct: 7793  Precision @ 1: 0.8698  AUC @ 1: 0.9719
Validation Data Eval:
  Num examples: 960  Num correct: 683  Precision @ 1: 0.7115  AUC @ 1: 0.8453
Test Data Eval:
  Num examples: 1856  Num correct: 1205  Precision @ 1: 0.6492  AUC @ 1: 0.7556
Step 4200: loss = 0.3130 (0.086 sec)
Training Data Eval:
  Num examples: 8960  Num correct: 8296  Precision @ 1: 0.9259  AUC @ 1: 0.9779
Validation Data Eval:
  Num examples: 960  Num correct: 738  Precision @ 1: 0.7688  AUC @ 1: 0.8475
Test Data Eval:
  Num examples: 1856  Num correct: 1290  Precision @ 1: 0.6950  AUC @ 1: 0.7497
Step 4300: loss = 0.3450 (0.011 sec)
Training Data Eval:
  Num examples: 8960  Num correct: 8248  Precision @ 1: 0.9205  AUC @ 1: 0.9761
Validation Data Eval:
  Num examples: 960  Num correct: 728  Precision @ 1: 0.7583  AUC @ 1: 0.8438
Test Data Eval:
  Num examples: 1856  Num correct: 1303  Precision @ 1: 0.7020  AUC @ 1: 0.7525
Step 4400: loss = 0.1986 (0.010 sec)
Training Data Eval:
  Num examples: 8960  Num correct: 8079  Precision @ 1: 0.9017  AUC @ 1: 0.9699
Validation Data Eval:
  Num examples: 960  Num correct: 733  Precision @ 1: 0.7635  AUC @ 1: 0.8509
Test Data Eval:
  Num examples: 1856  Num correct: 1256  Precision @ 1: 0.6767  AUC @ 1: 0.7475
Step 4500: loss = 0.3749 (0.010 sec)
Training Data Eval:
  Num examples: 8960  Num correct: 8047  Precision @ 1: 0.8981  AUC @ 1: 0.9726
Validation Data Eval:
  Num examples: 960  Num correct: 714  Precision @ 1: 0.7438  AUC @ 1: 0.8454
Test Data Eval:
  Num examples: 1856  Num correct: 1284  Precision @ 1: 0.6918  AUC @ 1: 0.7651
Step 4600: loss = 0.4091 (0.010 sec)
Training Data Eval:
  Num examples: 8960  Num correct: 8214  Precision @ 1: 0.9167  AUC @ 1: 0.9771
Validation Data Eval:
  Num examples: 960  Num correct: 720  Precision @ 1: 0.7500  AUC @ 1: 0.8415
Test Data Eval:
  Num examples: 1856  Num correct: 1269  Precision @ 1: 0.6837  AUC @ 1: 0.7502
Step 4700: loss = 0.2163 (0.010 sec)
Training Data Eval:
  Num examples: 8960  Num correct: 8436  Precision @ 1: 0.9415  AUC @ 1: 0.9841
Validation Data Eval:
  Num examples: 960  Num correct: 760  Precision @ 1: 0.7917  AUC @ 1: 0.8478
Test Data Eval:
  Num examples: 1856  Num correct: 1243  Precision @ 1: 0.6697  AUC @ 1: 0.7349
Step 4800: loss = 0.2596 (0.010 sec)
Training Data Eval:
  Num examples: 8960  Num correct: 8416  Precision @ 1: 0.9393  AUC @ 1: 0.9858
Validation Data Eval:
  Num examples: 960  Num correct: 753  Precision @ 1: 0.7844  AUC @ 1: 0.8487
Test Data Eval:
  Num examples: 1856  Num correct: 1316  Precision @ 1: 0.7091  AUC @ 1: 0.7518
Step 4900: loss = 0.2077 (0.091 sec)
Training Data Eval:
  Num examples: 8960  Num correct: 8386  Precision @ 1: 0.9359  AUC @ 1: 0.9862
Validation Data Eval:
  Num examples: 960  Num correct: 756  Precision @ 1: 0.7875  AUC @ 1: 0.8361
Test Data Eval:
  Num examples: 1856  Num correct: 1284  Precision @ 1: 0.6918  AUC @ 1: 0.7459
Step 5000: loss = 0.2278 (0.009 sec)
Training Data Eval:
  Num examples: 8960  Num correct: 8280  Precision @ 1: 0.9241  AUC @ 1: 0.9831
Validation Data Eval:
  Num examples: 960  Num correct: 731  Precision @ 1: 0.7615  AUC @ 1: 0.8473
Test Data Eval:
  Num examples: 1856  Num correct: 1259  Precision @ 1: 0.6783  AUC @ 1: 0.7508
Step 5100: loss = 0.2567 (0.010 sec)
Training Data Eval:
  Num examples: 8960  Num correct: 8468  Precision @ 1: 0.9451  AUC @ 1: 0.9881
Validation Data Eval:
  Num examples: 960  Num correct: 741  Precision @ 1: 0.7719  AUC @ 1: 0.8283
Test Data Eval:
  Num examples: 1856  Num correct: 1296  Precision @ 1: 0.6983  AUC @ 1: 0.7392
Step 5200: loss = 0.3436 (0.012 sec)
Training Data Eval:
  Num examples: 8960  Num correct: 8116  Precision @ 1: 0.9058  AUC @ 1: 0.9827
Validation Data Eval:
  Num examples: 960  Num correct: 709  Precision @ 1: 0.7385  AUC @ 1: 0.8482
Test Data Eval:
  Num examples: 1856  Num correct: 1250  Precision @ 1: 0.6735  AUC @ 1: 0.7571
Step 5300: loss = 0.3238 (0.014 sec)
Training Data Eval:
  Num examples: 8960  Num correct: 7803  Precision @ 1: 0.8709  AUC @ 1: 0.9758
Validation Data Eval:
  Num examples: 960  Num correct: 688  Precision @ 1: 0.7167  AUC @ 1: 0.8413
Test Data Eval:
  Num examples: 1856  Num correct: 1203  Precision @ 1: 0.6482  AUC @ 1: 0.7504
Step 5400: loss = 0.4197 (0.010 sec)
Training Data Eval:
  Num examples: 8960  Num correct: 8429  Precision @ 1: 0.9407  AUC @ 1: 0.9886
Validation Data Eval:
  Num examples: 960  Num correct: 750  Precision @ 1: 0.7812  AUC @ 1: 0.8372
Test Data Eval:
  Num examples: 1856  Num correct: 1282  Precision @ 1: 0.6907  AUC @ 1: 0.7250
Step 5500: loss = 0.3403 (0.010 sec)
Training Data Eval:
  Num examples: 8960  Num correct: 8494  Precision @ 1: 0.9480  AUC @ 1: 0.9932
Validation Data Eval:
  Num examples: 960  Num correct: 750  Precision @ 1: 0.7812  AUC @ 1: 0.8382
Test Data Eval:
  Num examples: 1856  Num correct: 1297  Precision @ 1: 0.6988  AUC @ 1: 0.7383
Step 5600: loss = 0.2388 (0.085 sec)
Training Data Eval:
  Num examples: 8960  Num correct: 8327  Precision @ 1: 0.9294  AUC @ 1: 0.9891
Validation Data Eval:
  Num examples: 960  Num correct: 739  Precision @ 1: 0.7698  AUC @ 1: 0.8392
Test Data Eval:
  Num examples: 1856  Num correct: 1305  Precision @ 1: 0.7031  AUC @ 1: 0.7301
Step 5700: loss = 0.3140 (0.010 sec)
Training Data Eval:
  Num examples: 8960  Num correct: 8473  Precision @ 1: 0.9456  AUC @ 1: 0.9908
Validation Data Eval:
  Num examples: 960  Num correct: 757  Precision @ 1: 0.7885  AUC @ 1: 0.8423
Test Data Eval:
  Num examples: 1856  Num correct: 1301  Precision @ 1: 0.7010  AUC @ 1: 0.7454
Step 5800: loss = 0.2048 (0.011 sec)
Training Data Eval:
  Num examples: 8960  Num correct: 8483  Precision @ 1: 0.9468  AUC @ 1: 0.9924
Validation Data Eval:
  Num examples: 960  Num correct: 746  Precision @ 1: 0.7771  AUC @ 1: 0.8425
Test Data Eval:
  Num examples: 1856  Num correct: 1275  Precision @ 1: 0.6870  AUC @ 1: 0.7271
Step 5900: loss = 0.2835 (0.010 sec)
Training Data Eval:
  Num examples: 8960  Num correct: 8361  Precision @ 1: 0.9331  AUC @ 1: 0.9818
Validation Data Eval:
  Num examples: 960  Num correct: 735  Precision @ 1: 0.7656  AUC @ 1: 0.8425
Test Data Eval:
  Num examples: 1856  Num correct: 1267  Precision @ 1: 0.6827  AUC @ 1: 0.7358
Step 6000: loss = 0.3815 (0.010 sec)
Training Data Eval:
  Num examples: 8960  Num correct: 8547  Precision @ 1: 0.9539  AUC @ 1: 0.9903
Validation Data Eval:
  Num examples: 960  Num correct: 730  Precision @ 1: 0.7604  AUC @ 1: 0.8439
Test Data Eval:
  Num examples: 1856  Num correct: 1273  Precision @ 1: 0.6859  AUC @ 1: 0.7394
Step 6100: loss = 0.3140 (0.010 sec)
Training Data Eval:
  Num examples: 8960  Num correct: 8533  Precision @ 1: 0.9523  AUC @ 1: 0.9907
Validation Data Eval:
  Num examples: 960  Num correct: 719  Precision @ 1: 0.7490  AUC @ 1: 0.8397
Test Data Eval:
  Num examples: 1856  Num correct: 1246  Precision @ 1: 0.6713  AUC @ 1: 0.7383
Step 6200: loss = 0.2470 (0.009 sec)
Training Data Eval:
  Num examples: 8960  Num correct: 8489  Precision @ 1: 0.9474  AUC @ 1: 0.9902
Validation Data Eval:
  Num examples: 960  Num correct: 728  Precision @ 1: 0.7583  AUC @ 1: 0.8421
Test Data Eval:
  Num examples: 1856  Num correct: 1268  Precision @ 1: 0.6832  AUC @ 1: 0.7373
Step 6300: loss = 0.2080 (0.098 sec)
Training Data Eval:
  Num examples: 8960  Num correct: 8043  Precision @ 1: 0.8977  AUC @ 1: 0.9812
Validation Data Eval:
  Num examples: 960  Num correct: 742  Precision @ 1: 0.7729  AUC @ 1: 0.8312
Test Data Eval:
  Num examples: 1856  Num correct: 1238  Precision @ 1: 0.6670  AUC @ 1: 0.7137
Step 6400: loss = 0.4080 (0.010 sec)
Training Data Eval:
  Num examples: 8960  Num correct: 8520  Precision @ 1: 0.9509  AUC @ 1: 0.9900
Validation Data Eval:
  Num examples: 960  Num correct: 735  Precision @ 1: 0.7656  AUC @ 1: 0.8356
Test Data Eval:
  Num examples: 1856  Num correct: 1288  Precision @ 1: 0.6940  AUC @ 1: 0.7458
Step 6500: loss = 0.3105 (0.010 sec)
Training Data Eval:
  Num examples: 8960  Num correct: 8676  Precision @ 1: 0.9683  AUC @ 1: 0.9954
Validation Data Eval:
  Num examples: 960  Num correct: 733  Precision @ 1: 0.7635  AUC @ 1: 0.8369
Test Data Eval:
  Num examples: 1856  Num correct: 1313  Precision @ 1: 0.7074  AUC @ 1: 0.7539
Step 6600: loss = 0.2619 (0.010 sec)
Training Data Eval:
  Num examples: 8960  Num correct: 8483  Precision @ 1: 0.9468  AUC @ 1: 0.9922
Validation Data Eval:
  Num examples: 960  Num correct: 741  Precision @ 1: 0.7719  AUC @ 1: 0.8419
Test Data Eval:
  Num examples: 1856  Num correct: 1302  Precision @ 1: 0.7015  AUC @ 1: 0.7448
Step 6700: loss = 0.3292 (0.010 sec)
Training Data Eval:
  Num examples: 8960  Num correct: 8574  Precision @ 1: 0.9569  AUC @ 1: 0.9924
Validation Data Eval:
  Num examples: 960  Num correct: 739  Precision @ 1: 0.7698  AUC @ 1: 0.8260
Test Data Eval:
  Num examples: 1856  Num correct: 1282  Precision @ 1: 0.6907  AUC @ 1: 0.7371
Step 6800: loss = 0.3297 (0.009 sec)
Training Data Eval:
  Num examples: 8960  Num correct: 8644  Precision @ 1: 0.9647  AUC @ 1: 0.9962
Validation Data Eval:
  Num examples: 960  Num correct: 755  Precision @ 1: 0.7865  AUC @ 1: 0.8461
Test Data Eval:
  Num examples: 1856  Num correct: 1300  Precision @ 1: 0.7004  AUC @ 1: 0.7442
Step 6900: loss = 0.2827 (0.010 sec)
Training Data Eval:
  Num examples: 8960  Num correct: 8634  Precision @ 1: 0.9636  AUC @ 1: 0.9941
Validation Data Eval:
  Num examples: 960  Num correct: 738  Precision @ 1: 0.7688  AUC @ 1: 0.8312
Test Data Eval:
  Num examples: 1856  Num correct: 1271  Precision @ 1: 0.6848  AUC @ 1: 0.7368
Step 7000: loss = 0.2508 (0.090 sec)
Training Data Eval:
  Num examples: 8960  Num correct: 8117  Precision @ 1: 0.9059  AUC @ 1: 0.9886
Validation Data Eval:
  Num examples: 960  Num correct: 742  Precision @ 1: 0.7729  AUC @ 1: 0.8384
Test Data Eval:
  Num examples: 1856  Num correct: 1304  Precision @ 1: 0.7026  AUC @ 1: 0.7412
Step 7100: loss = 0.3980 (0.010 sec)
Training Data Eval:
  Num examples: 8960  Num correct: 8434  Precision @ 1: 0.9413  AUC @ 1: 0.9959
Validation Data Eval:
  Num examples: 960  Num correct: 745  Precision @ 1: 0.7760  AUC @ 1: 0.8390
Test Data Eval:
  Num examples: 1856  Num correct: 1306  Precision @ 1: 0.7037  AUC @ 1: 0.7399
Step 7200: loss = 0.2157 (0.010 sec)
Training Data Eval:
  Num examples: 8960  Num correct: 8653  Precision @ 1: 0.9657  AUC @ 1: 0.9950
Validation Data Eval:
  Num examples: 960  Num correct: 721  Precision @ 1: 0.7510  AUC @ 1: 0.8266
Test Data Eval:
  Num examples: 1856  Num correct: 1241  Precision @ 1: 0.6686  AUC @ 1: 0.7252
Step 7300: loss = 0.2737 (0.010 sec)
Training Data Eval:
  Num examples: 8960  Num correct: 8650  Precision @ 1: 0.9654  AUC @ 1: 0.9946
Validation Data Eval:
  Num examples: 960  Num correct: 741  Precision @ 1: 0.7719  AUC @ 1: 0.8395
Test Data Eval:
  Num examples: 1856  Num correct: 1279  Precision @ 1: 0.6891  AUC @ 1: 0.7382
Step 7400: loss = 0.2694 (0.010 sec)
Training Data Eval:
  Num examples: 8960  Num correct: 8092  Precision @ 1: 0.9031  AUC @ 1: 0.9774
Validation Data Eval:
  Num examples: 960  Num correct: 744  Precision @ 1: 0.7750  AUC @ 1: 0.8295
Test Data Eval:
  Num examples: 1856  Num correct: 1291  Precision @ 1: 0.6956  AUC @ 1: 0.7453
Step 7500: loss = 0.4276 (0.009 sec)
Training Data Eval:
  Num examples: 8960  Num correct: 8544  Precision @ 1: 0.9536  AUC @ 1: 0.9920
Validation Data Eval:
  Num examples: 960  Num correct: 723  Precision @ 1: 0.7531  AUC @ 1: 0.8313
Test Data Eval:
  Num examples: 1856  Num correct: 1239  Precision @ 1: 0.6676  AUC @ 1: 0.7303
Step 7600: loss = 0.2316 (0.010 sec)
Training Data Eval:
  Num examples: 8960  Num correct: 8607  Precision @ 1: 0.9606  AUC @ 1: 0.9938
Validation Data Eval:
  Num examples: 960  Num correct: 759  Precision @ 1: 0.7906  AUC @ 1: 0.8426
Test Data Eval:
  Num examples: 1856  Num correct: 1292  Precision @ 1: 0.6961  AUC @ 1: 0.7353
Step 7700: loss = 0.2965 (0.096 sec)
Training Data Eval:
  Num examples: 8960  Num correct: 8531  Precision @ 1: 0.9521  AUC @ 1: 0.9937
Validation Data Eval:
  Num examples: 960  Num correct: 718  Precision @ 1: 0.7479  AUC @ 1: 0.8337
Test Data Eval:
  Num examples: 1856  Num correct: 1245  Precision @ 1: 0.6708  AUC @ 1: 0.7312
Step 7800: loss = 0.3016 (0.010 sec)
Training Data Eval:
  Num examples: 8960  Num correct: 8565  Precision @ 1: 0.9559  AUC @ 1: 0.9945
Validation Data Eval:
  Num examples: 960  Num correct: 750  Precision @ 1: 0.7812  AUC @ 1: 0.8401
Test Data Eval:
  Num examples: 1856  Num correct: 1305  Precision @ 1: 0.7031  AUC @ 1: 0.7425
Step 7900: loss = 0.2006 (0.010 sec)
Training Data Eval:
  Num examples: 8960  Num correct: 8619  Precision @ 1: 0.9619  AUC @ 1: 0.9940
Validation Data Eval:
  Num examples: 960  Num correct: 735  Precision @ 1: 0.7656  AUC @ 1: 0.8407
Test Data Eval:
  Num examples: 1856  Num correct: 1284  Precision @ 1: 0.6918  AUC @ 1: 0.7278
Step 8000: loss = 0.2196 (0.010 sec)
Training Data Eval:
  Num examples: 8960  Num correct: 8624  Precision @ 1: 0.9625  AUC @ 1: 0.9926
Validation Data Eval:
  Num examples: 960  Num correct: 748  Precision @ 1: 0.7792  AUC @ 1: 0.8382
Test Data Eval:
  Num examples: 1856  Num correct: 1284  Precision @ 1: 0.6918  AUC @ 1: 0.7367
Step 8100: loss = 0.2527 (0.010 sec)
Training Data Eval:
  Num examples: 8960  Num correct: 8461  Precision @ 1: 0.9443  AUC @ 1: 0.9875
Validation Data Eval:
  Num examples: 960  Num correct: 726  Precision @ 1: 0.7562  AUC @ 1: 0.8344
Test Data Eval:
  Num examples: 1856  Num correct: 1290  Precision @ 1: 0.6950  AUC @ 1: 0.7380
Step 8200: loss = 0.3762 (0.010 sec)
Training Data Eval:
  Num examples: 8960  Num correct: 8480  Precision @ 1: 0.9464  AUC @ 1: 0.9942
Validation Data Eval:
  Num examples: 960  Num correct: 693  Precision @ 1: 0.7219  AUC @ 1: 0.8346
Test Data Eval:
  Num examples: 1856  Num correct: 1228  Precision @ 1: 0.6616  AUC @ 1: 0.7383
Step 8300: loss = 0.3001 (0.010 sec)
Training Data Eval:
  Num examples: 8960  Num correct: 8351  Precision @ 1: 0.9320  AUC @ 1: 0.9863
Validation Data Eval:
  Num examples: 960  Num correct: 710  Precision @ 1: 0.7396  AUC @ 1: 0.8455
Test Data Eval:
  Num examples: 1856  Num correct: 1267  Precision @ 1: 0.6827  AUC @ 1: 0.7435
Step 8400: loss = 0.3358 (0.098 sec)
Training Data Eval:
  Num examples: 8960  Num correct: 8257  Precision @ 1: 0.9215  AUC @ 1: 0.9908
Validation Data Eval:
  Num examples: 960  Num correct: 693  Precision @ 1: 0.7219  AUC @ 1: 0.8402
Test Data Eval:
  Num examples: 1856  Num correct: 1195  Precision @ 1: 0.6439  AUC @ 1: 0.7236
Step 8500: loss = 0.3196 (0.010 sec)
Training Data Eval:
  Num examples: 8960  Num correct: 8745  Precision @ 1: 0.9760  AUC @ 1: 0.9976
Validation Data Eval:
  Num examples: 960  Num correct: 731  Precision @ 1: 0.7615  AUC @ 1: 0.8391
Test Data Eval:
  Num examples: 1856  Num correct: 1279  Precision @ 1: 0.6891  AUC @ 1: 0.7327
Step 8600: loss = 0.2163 (0.010 sec)
Training Data Eval:
  Num examples: 8960  Num correct: 8657  Precision @ 1: 0.9662  AUC @ 1: 0.9965
Validation Data Eval:
  Num examples: 960  Num correct: 737  Precision @ 1: 0.7677  AUC @ 1: 0.8384
Test Data Eval:
  Num examples: 1856  Num correct: 1290  Precision @ 1: 0.6950  AUC @ 1: 0.7270
Step 8700: loss = 0.2098 (0.010 sec)
Training Data Eval:
  Num examples: 8960  Num correct: 8641  Precision @ 1: 0.9644  AUC @ 1: 0.9939
Validation Data Eval:
  Num examples: 960  Num correct: 723  Precision @ 1: 0.7531  AUC @ 1: 0.8327
Test Data Eval:
  Num examples: 1856  Num correct: 1270  Precision @ 1: 0.6843  AUC @ 1: 0.7291
Step 8800: loss = 0.1985 (0.010 sec)
Training Data Eval:
  Num examples: 8960  Num correct: 8663  Precision @ 1: 0.9669  AUC @ 1: 0.9959
Validation Data Eval:
  Num examples: 960  Num correct: 716  Precision @ 1: 0.7458  AUC @ 1: 0.8298
Test Data Eval:
  Num examples: 1856  Num correct: 1252  Precision @ 1: 0.6746  AUC @ 1: 0.7266
Step 8900: loss = 0.2170 (0.010 sec)
Training Data Eval:
  Num examples: 8960  Num correct: 8733  Precision @ 1: 0.9747  AUC @ 1: 0.9967
Validation Data Eval:
  Num examples: 960  Num correct: 723  Precision @ 1: 0.7531  AUC @ 1: 0.8326
Test Data Eval:
  Num examples: 1856  Num correct: 1269  Precision @ 1: 0.6837  AUC @ 1: 0.7369
Step 9000: loss = 0.1931 (0.010 sec)
Training Data Eval:
  Num examples: 8960  Num correct: 8599  Precision @ 1: 0.9597  AUC @ 1: 0.9946
Validation Data Eval:
  Num examples: 960  Num correct: 736  Precision @ 1: 0.7667  AUC @ 1: 0.8416
Test Data Eval:
  Num examples: 1856  Num correct: 1268  Precision @ 1: 0.6832  AUC @ 1: 0.7308
Step 9100: loss = 0.1979 (0.099 sec)
Training Data Eval:
  Num examples: 8960  Num correct: 8705  Precision @ 1: 0.9715  AUC @ 1: 0.9970
Validation Data Eval:
  Num examples: 960  Num correct: 710  Precision @ 1: 0.7396  AUC @ 1: 0.8296
Test Data Eval:
  Num examples: 1856  Num correct: 1226  Precision @ 1: 0.6606  AUC @ 1: 0.7209
Step 9200: loss = 0.2242 (0.010 sec)
Training Data Eval:
  Num examples: 8960  Num correct: 8593  Precision @ 1: 0.9590  AUC @ 1: 0.9946
Validation Data Eval:
  Num examples: 960  Num correct: 709  Precision @ 1: 0.7385  AUC @ 1: 0.8266
Test Data Eval:
  Num examples: 1856  Num correct: 1296  Precision @ 1: 0.6983  AUC @ 1: 0.7451
Step 9300: loss = 0.2172 (0.010 sec)
Training Data Eval:
  Num examples: 8960  Num correct: 8675  Precision @ 1: 0.9682  AUC @ 1: 0.9964
Validation Data Eval:
  Num examples: 960  Num correct: 724  Precision @ 1: 0.7542  AUC @ 1: 0.8283
Test Data Eval:
  Num examples: 1856  Num correct: 1271  Precision @ 1: 0.6848  AUC @ 1: 0.7146
Step 9400: loss = 0.2516 (0.009 sec)
Training Data Eval:
  Num examples: 8960  Num correct: 8673  Precision @ 1: 0.9680  AUC @ 1: 0.9978
Validation Data Eval:
  Num examples: 960  Num correct: 743  Precision @ 1: 0.7740  AUC @ 1: 0.8162
Test Data Eval:
  Num examples: 1856  Num correct: 1275  Precision @ 1: 0.6870  AUC @ 1: 0.7242
Step 9500: loss = 0.2131 (0.010 sec)
Training Data Eval:
  Num examples: 8960  Num correct: 8666  Precision @ 1: 0.9672  AUC @ 1: 0.9961
Validation Data Eval:
  Num examples: 960  Num correct: 716  Precision @ 1: 0.7458  AUC @ 1: 0.8270
Test Data Eval:
  Num examples: 1856  Num correct: 1242  Precision @ 1: 0.6692  AUC @ 1: 0.7298
Step 9600: loss = 0.2239 (0.010 sec)
Training Data Eval:
  Num examples: 8960  Num correct: 8670  Precision @ 1: 0.9676  AUC @ 1: 0.9950
Validation Data Eval:
  Num examples: 960  Num correct: 718  Precision @ 1: 0.7479  AUC @ 1: 0.8205
Test Data Eval:
  Num examples: 1856  Num correct: 1271  Precision @ 1: 0.6848  AUC @ 1: 0.7237
Step 9700: loss = 0.2936 (0.010 sec)
Training Data Eval:
  Num examples: 8960  Num correct: 8699  Precision @ 1: 0.9709  AUC @ 1: 0.9956
Validation Data Eval:
  Num examples: 960  Num correct: 734  Precision @ 1: 0.7646  AUC @ 1: 0.8338
Test Data Eval:
  Num examples: 1856  Num correct: 1269  Precision @ 1: 0.6837  AUC @ 1: 0.7295
Step 9800: loss = 0.2572 (0.093 sec)
Training Data Eval:
  Num examples: 8960  Num correct: 8502  Precision @ 1: 0.9489  AUC @ 1: 0.9927
Validation Data Eval:
  Num examples: 960  Num correct: 732  Precision @ 1: 0.7625  AUC @ 1: 0.8192
Test Data Eval:
  Num examples: 1856  Num correct: 1265  Precision @ 1: 0.6816  AUC @ 1: 0.7225
Step 9900: loss = 0.1906 (0.011 sec)
Training Data Eval:
  Num examples: 8960  Num correct: 8715  Precision @ 1: 0.9727  AUC @ 1: 0.9966
Validation Data Eval:
  Num examples: 960  Num correct: 724  Precision @ 1: 0.7542  AUC @ 1: 0.8371
Test Data Eval:
  Num examples: 1856  Num correct: 1278  Precision @ 1: 0.6886  AUC @ 1: 0.7306
