Training data shape: 	(3822, 30, 64, 1)
Training label shape:	(3822,)
Testing data shape:  	(513, 30, 64, 1)
Testing label shape: 	(513,)
max input value is: 72.5247
min input value is: -75.9911
random permuted training data
==============================================================================
Model: 			inference_stcnn
Tensor Name: 	Placeholder:0
[128, 30, 64, 1]
==============================================================================
Tensor Name: conv0/conv0:0
[128, 1, 60, 8]
==============================================================================
Tensor Name: MaxPool:0
[128, 1, 30, 8]
==============================================================================
Tensor Name: conv1/conv1:0
[128, 1, 26, 8]
==============================================================================
Tensor Name: MaxPool_1:0
[128, 1, 13, 8]
==============================================================================
Tensor Name: conv2/conv2:0
[128, 1, 9, 16]
==============================================================================
Tensor Name: MaxPool_2:0
[128, 1, 4, 16]
==============================================================================
Tensor Name: local1/local1:0
[128, 128]
==============================================================================
Tensor Name: local2/local2:0
[128, 128]
==============================================================================
Tensor Name: softmax_linear/softmax_linear:0
[128, 2]
Step 0: loss = 0.7541 (0.039 sec)
Training Data Eval:
  Num examples: 3456  Num correct: 1935  Precision @ 1: 0.5599  AUC @ 1: 0.4496
Validation Data Eval:
  Num examples: 256  Num correct: 142  Precision @ 1: 0.5547  AUC @ 1: 0.4190
Test Data Eval:
  Num examples: 512  Num correct: 287  Precision @ 1: 0.5605  AUC @ 1: 0.4579
Step 200: loss = 0.7275 (0.019 sec)
Training Data Eval:
  Num examples: 3456  Num correct: 1974  Precision @ 1: 0.5712  AUC @ 1: 0.4731
Validation Data Eval:
  Num examples: 256  Num correct: 142  Precision @ 1: 0.5547  AUC @ 1: 0.4255
Test Data Eval:
  Num examples: 512  Num correct: 288  Precision @ 1: 0.5625  AUC @ 1: 0.4688
Step 400: loss = 0.7585 (0.019 sec)
Training Data Eval:
  Num examples: 3456  Num correct: 1981  Precision @ 1: 0.5732  AUC @ 1: 0.4809
Validation Data Eval:
  Num examples: 256  Num correct: 142  Precision @ 1: 0.5547  AUC @ 1: 0.4388
Test Data Eval:
  Num examples: 512  Num correct: 287  Precision @ 1: 0.5605  AUC @ 1: 0.4823
Step 600: loss = 0.7256 (0.018 sec)
Training Data Eval:
  Num examples: 3456  Num correct: 1999  Precision @ 1: 0.5784  AUC @ 1: 0.5029
Validation Data Eval:
  Num examples: 256  Num correct: 142  Precision @ 1: 0.5547  AUC @ 1: 0.4427
Test Data Eval:
  Num examples: 512  Num correct: 287  Precision @ 1: 0.5605  AUC @ 1: 0.4907
Step 800: loss = 0.7438 (0.019 sec)
Training Data Eval:
  Num examples: 3456  Num correct: 1966  Precision @ 1: 0.5689  AUC @ 1: 0.4899
Validation Data Eval:
  Num examples: 256  Num correct: 142  Precision @ 1: 0.5547  AUC @ 1: 0.4392
Test Data Eval:
  Num examples: 512  Num correct: 288  Precision @ 1: 0.5625  AUC @ 1: 0.4898
Step 1000: loss = 0.7351 (0.020 sec)
Training Data Eval:
  Num examples: 3456  Num correct: 1953  Precision @ 1: 0.5651  AUC @ 1: 0.4957
Validation Data Eval:
  Num examples: 256  Num correct: 142  Precision @ 1: 0.5547  AUC @ 1: 0.4426
Test Data Eval:
  Num examples: 512  Num correct: 287  Precision @ 1: 0.5605  AUC @ 1: 0.4892
Step 1200: loss = 0.7484 (0.019 sec)
Training Data Eval:
  Num examples: 3456  Num correct: 1978  Precision @ 1: 0.5723  AUC @ 1: 0.4955
Validation Data Eval:
  Num examples: 256  Num correct: 142  Precision @ 1: 0.5547  AUC @ 1: 0.4472
Test Data Eval:
  Num examples: 512  Num correct: 287  Precision @ 1: 0.5605  AUC @ 1: 0.4949
Step 1400: loss = 0.7417 (0.019 sec)
Training Data Eval:
  Num examples: 3456  Num correct: 1933  Precision @ 1: 0.5593  AUC @ 1: 0.4997
Validation Data Eval:
  Num examples: 256  Num correct: 142  Precision @ 1: 0.5547  AUC @ 1: 0.4513
Test Data Eval:
  Num examples: 512  Num correct: 287  Precision @ 1: 0.5605  AUC @ 1: 0.4995
Step 1600: loss = 0.7352 (0.018 sec)
Training Data Eval:
  Num examples: 3456  Num correct: 1951  Precision @ 1: 0.5645  AUC @ 1: 0.4979
Validation Data Eval:
  Num examples: 256  Num correct: 142  Precision @ 1: 0.5547  AUC @ 1: 0.4528
Test Data Eval:
  Num examples: 512  Num correct: 288  Precision @ 1: 0.5625  AUC @ 1: 0.4978
Step 1800: loss = 0.7327 (0.019 sec)
Training Data Eval:
  Num examples: 3456  Num correct: 1977  Precision @ 1: 0.5720  AUC @ 1: 0.5074
Validation Data Eval:
  Num examples: 256  Num correct: 142  Precision @ 1: 0.5547  AUC @ 1: 0.4506
Test Data Eval:
  Num examples: 512  Num correct: 287  Precision @ 1: 0.5605  AUC @ 1: 0.4969
Step 2000: loss = 0.7488 (0.019 sec)
Training Data Eval:
  Num examples: 3456  Num correct: 1960  Precision @ 1: 0.5671  AUC @ 1: 0.5119
Validation Data Eval:
  Num examples: 256  Num correct: 142  Precision @ 1: 0.5547  AUC @ 1: 0.4566
Test Data Eval:
  Num examples: 512  Num correct: 288  Precision @ 1: 0.5625  AUC @ 1: 0.5019
Step 2200: loss = 0.7381 (0.018 sec)
Training Data Eval:
  Num examples: 3456  Num correct: 1952  Precision @ 1: 0.5648  AUC @ 1: 0.5025
Validation Data Eval:
  Num examples: 256  Num correct: 142  Precision @ 1: 0.5547  AUC @ 1: 0.4580
Test Data Eval:
  Num examples: 512  Num correct: 287  Precision @ 1: 0.5605  AUC @ 1: 0.4955
Step 2400: loss = 0.7437 (0.018 sec)
Training Data Eval:
  Num examples: 3456  Num correct: 1966  Precision @ 1: 0.5689  AUC @ 1: 0.5090
Validation Data Eval:
  Num examples: 256  Num correct: 142  Precision @ 1: 0.5547  AUC @ 1: 0.4631
Test Data Eval:
  Num examples: 512  Num correct: 287  Precision @ 1: 0.5605  AUC @ 1: 0.4953
Step 2600: loss = 0.7329 (0.020 sec)
Training Data Eval:
  Num examples: 3456  Num correct: 1983  Precision @ 1: 0.5738  AUC @ 1: 0.4994
Validation Data Eval:
  Num examples: 256  Num correct: 142  Precision @ 1: 0.5547  AUC @ 1: 0.4632
Test Data Eval:
  Num examples: 512  Num correct: 287  Precision @ 1: 0.5605  AUC @ 1: 0.5000
Step 2800: loss = 0.7448 (0.019 sec)
Training Data Eval:
  Num examples: 3456  Num correct: 1954  Precision @ 1: 0.5654  AUC @ 1: 0.4959
Validation Data Eval:
  Num examples: 256  Num correct: 142  Precision @ 1: 0.5547  AUC @ 1: 0.4642
Test Data Eval:
  Num examples: 512  Num correct: 287  Precision @ 1: 0.5605  AUC @ 1: 0.5001
Step 3000: loss = 0.7404 (0.019 sec)
Training Data Eval:
  Num examples: 3456  Num correct: 1954  Precision @ 1: 0.5654  AUC @ 1: 0.4896
Validation Data Eval:
  Num examples: 256  Num correct: 142  Precision @ 1: 0.5547  AUC @ 1: 0.4609
Test Data Eval:
  Num examples: 512  Num correct: 288  Precision @ 1: 0.5625  AUC @ 1: 0.4957
Step 3200: loss = 0.7316 (0.019 sec)
Training Data Eval:
  Num examples: 3456  Num correct: 1946  Precision @ 1: 0.5631  AUC @ 1: 0.4992
Validation Data Eval:
  Num examples: 256  Num correct: 142  Precision @ 1: 0.5547  AUC @ 1: 0.4660
Test Data Eval:
  Num examples: 512  Num correct: 287  Precision @ 1: 0.5605  AUC @ 1: 0.4992
Step 3400: loss = 0.7372 (0.018 sec)
Training Data Eval:
  Num examples: 3456  Num correct: 1982  Precision @ 1: 0.5735  AUC @ 1: 0.5052
Validation Data Eval:
  Num examples: 256  Num correct: 142  Precision @ 1: 0.5547  AUC @ 1: 0.4711
Test Data Eval:
  Num examples: 512  Num correct: 288  Precision @ 1: 0.5625  AUC @ 1: 0.5018
Step 3600: loss = 0.7347 (0.018 sec)
Training Data Eval:
  Num examples: 3456  Num correct: 1957  Precision @ 1: 0.5663  AUC @ 1: 0.5044
Validation Data Eval:
  Num examples: 256  Num correct: 142  Precision @ 1: 0.5547  AUC @ 1: 0.4754
Test Data Eval:
  Num examples: 512  Num correct: 287  Precision @ 1: 0.5605  AUC @ 1: 0.5026
Step 3800: loss = 0.7050 (0.018 sec)
Training Data Eval:
  Num examples: 3456  Num correct: 1949  Precision @ 1: 0.5639  AUC @ 1: 0.5135
Validation Data Eval:
  Num examples: 256  Num correct: 142  Precision @ 1: 0.5547  AUC @ 1: 0.4830
Test Data Eval:
  Num examples: 512  Num correct: 287  Precision @ 1: 0.5605  AUC @ 1: 0.5062
Step 4000: loss = 0.7387 (0.018 sec)
Training Data Eval:
  Num examples: 3456  Num correct: 1980  Precision @ 1: 0.5729  AUC @ 1: 0.5137
Validation Data Eval:
  Num examples: 256  Num correct: 142  Precision @ 1: 0.5547  AUC @ 1: 0.4827
Test Data Eval:
  Num examples: 512  Num correct: 287  Precision @ 1: 0.5605  AUC @ 1: 0.5059
Step 4200: loss = 0.7352 (0.019 sec)
Training Data Eval:
  Num examples: 3456  Num correct: 1965  Precision @ 1: 0.5686  AUC @ 1: 0.5194
Validation Data Eval:
  Num examples: 256  Num correct: 142  Precision @ 1: 0.5547  AUC @ 1: 0.4826
Test Data Eval:
  Num examples: 512  Num correct: 287  Precision @ 1: 0.5605  AUC @ 1: 0.5079
Step 4400: loss = 0.7371 (0.019 sec)
Training Data Eval:
  Num examples: 3456  Num correct: 1942  Precision @ 1: 0.5619  AUC @ 1: 0.5087
Validation Data Eval:
  Num examples: 256  Num correct: 142  Precision @ 1: 0.5547  AUC @ 1: 0.4863
Test Data Eval:
  Num examples: 512  Num correct: 287  Precision @ 1: 0.5605  AUC @ 1: 0.5067
Step 4600: loss = 0.7286 (0.018 sec)
Training Data Eval:
  Num examples: 3456  Num correct: 1975  Precision @ 1: 0.5715  AUC @ 1: 0.5213
Validation Data Eval:
  Num examples: 256  Num correct: 142  Precision @ 1: 0.5547  AUC @ 1: 0.4895
Test Data Eval:
  Num examples: 512  Num correct: 288  Precision @ 1: 0.5625  AUC @ 1: 0.5098
Step 4800: loss = 0.7451 (0.018 sec)
Training Data Eval:
  Num examples: 3456  Num correct: 1944  Precision @ 1: 0.5625  AUC @ 1: 0.5238
Validation Data Eval:
  Num examples: 256  Num correct: 142  Precision @ 1: 0.5547  AUC @ 1: 0.4930
Test Data Eval:
  Num examples: 512  Num correct: 288  Precision @ 1: 0.5625  AUC @ 1: 0.5155
Step 5000: loss = 0.7362 (0.018 sec)
Training Data Eval:
  Num examples: 3456  Num correct: 1950  Precision @ 1: 0.5642  AUC @ 1: 0.5128
Validation Data Eval:
  Num examples: 256  Num correct: 142  Precision @ 1: 0.5547  AUC @ 1: 0.4923
Test Data Eval:
  Num examples: 512  Num correct: 287  Precision @ 1: 0.5605  AUC @ 1: 0.5134
Step 5200: loss = 0.7360 (0.019 sec)
Training Data Eval:
  Num examples: 3456  Num correct: 1957  Precision @ 1: 0.5663  AUC @ 1: 0.5191
Validation Data Eval:
  Num examples: 256  Num correct: 142  Precision @ 1: 0.5547  AUC @ 1: 0.4923
Test Data Eval:
  Num examples: 512  Num correct: 288  Precision @ 1: 0.5625  AUC @ 1: 0.5128
Step 5400: loss = 0.7495 (0.029 sec)
Training Data Eval:
  Num examples: 3456  Num correct: 1983  Precision @ 1: 0.5738  AUC @ 1: 0.5236
Validation Data Eval:
  Num examples: 256  Num correct: 142  Precision @ 1: 0.5547  AUC @ 1: 0.4900
Test Data Eval:
  Num examples: 512  Num correct: 288  Precision @ 1: 0.5625  AUC @ 1: 0.5106
Step 5600: loss = 0.7244 (0.018 sec)
Training Data Eval:
  Num examples: 3456  Num correct: 1957  Precision @ 1: 0.5663  AUC @ 1: 0.5211
Validation Data Eval:
  Num examples: 256  Num correct: 142  Precision @ 1: 0.5547  AUC @ 1: 0.4957
Test Data Eval:
  Num examples: 512  Num correct: 287  Precision @ 1: 0.5605  AUC @ 1: 0.5142
Step 5800: loss = 0.7300 (0.018 sec)
Training Data Eval:
  Num examples: 3456  Num correct: 1926  Precision @ 1: 0.5573  AUC @ 1: 0.5188
Validation Data Eval:
  Num examples: 256  Num correct: 142  Precision @ 1: 0.5547  AUC @ 1: 0.4987
Test Data Eval:
  Num examples: 512  Num correct: 288  Precision @ 1: 0.5625  AUC @ 1: 0.5186
Step 6000: loss = 0.7343 (0.018 sec)
Training Data Eval:
  Num examples: 3456  Num correct: 1940  Precision @ 1: 0.5613  AUC @ 1: 0.5252
Validation Data Eval:
  Num examples: 256  Num correct: 142  Precision @ 1: 0.5547  AUC @ 1: 0.4981
Test Data Eval:
  Num examples: 512  Num correct: 288  Precision @ 1: 0.5625  AUC @ 1: 0.5169
Step 6200: loss = 0.7444 (0.018 sec)
Training Data Eval:
  Num examples: 3456  Num correct: 1955  Precision @ 1: 0.5657  AUC @ 1: 0.5279
Validation Data Eval:
  Num examples: 256  Num correct: 142  Precision @ 1: 0.5547  AUC @ 1: 0.4966
Test Data Eval:
  Num examples: 512  Num correct: 288  Precision @ 1: 0.5625  AUC @ 1: 0.5158
Step 6400: loss = 0.7337 (0.019 sec)
Training Data Eval:
  Num examples: 3456  Num correct: 1961  Precision @ 1: 0.5674  AUC @ 1: 0.5255
Validation Data Eval:
  Num examples: 256  Num correct: 142  Precision @ 1: 0.5547  AUC @ 1: 0.5016
Test Data Eval:
  Num examples: 512  Num correct: 287  Precision @ 1: 0.5605  AUC @ 1: 0.5215
Step 6600: loss = 0.7335 (0.019 sec)
Training Data Eval:
  Num examples: 3456  Num correct: 1981  Precision @ 1: 0.5732  AUC @ 1: 0.5309
Validation Data Eval:
  Num examples: 256  Num correct: 142  Precision @ 1: 0.5547  AUC @ 1: 0.5020
Test Data Eval:
  Num examples: 512  Num correct: 287  Precision @ 1: 0.5605  AUC @ 1: 0.5188
Step 6800: loss = 0.7498 (0.019 sec)
Training Data Eval:
  Num examples: 3456  Num correct: 1939  Precision @ 1: 0.5611  AUC @ 1: 0.5378
Validation Data Eval:
  Num examples: 256  Num correct: 142  Precision @ 1: 0.5547  AUC @ 1: 0.5042
Test Data Eval:
  Num examples: 512  Num correct: 287  Precision @ 1: 0.5605  AUC @ 1: 0.5190
Step 7000: loss = 0.7308 (0.018 sec)
Training Data Eval:
  Num examples: 3456  Num correct: 1972  Precision @ 1: 0.5706  AUC @ 1: 0.5253
Validation Data Eval:
  Num examples: 256  Num correct: 142  Precision @ 1: 0.5547  AUC @ 1: 0.5030
Test Data Eval:
  Num examples: 512  Num correct: 287  Precision @ 1: 0.5605  AUC @ 1: 0.5194
Step 7200: loss = 0.7385 (0.018 sec)
Training Data Eval:
  Num examples: 3456  Num correct: 1980  Precision @ 1: 0.5729  AUC @ 1: 0.5307
Validation Data Eval:
  Num examples: 256  Num correct: 142  Precision @ 1: 0.5547  AUC @ 1: 0.5043
Test Data Eval:
  Num examples: 512  Num correct: 287  Precision @ 1: 0.5605  AUC @ 1: 0.5204
Step 7400: loss = 0.7385 (0.018 sec)
Training Data Eval:
  Num examples: 3456  Num correct: 1970  Precision @ 1: 0.5700  AUC @ 1: 0.5307
Validation Data Eval:
  Num examples: 256  Num correct: 142  Precision @ 1: 0.5547  AUC @ 1: 0.5070
Test Data Eval:
  Num examples: 512  Num correct: 288  Precision @ 1: 0.5625  AUC @ 1: 0.5224
Step 7600: loss = 0.7421 (0.018 sec)
Training Data Eval:
  Num examples: 3456  Num correct: 1959  Precision @ 1: 0.5668  AUC @ 1: 0.5328
Validation Data Eval:
  Num examples: 256  Num correct: 142  Precision @ 1: 0.5547  AUC @ 1: 0.5086
Test Data Eval:
  Num examples: 512  Num correct: 287  Precision @ 1: 0.5605  AUC @ 1: 0.5257
Step 7800: loss = 0.7480 (0.019 sec)
Training Data Eval:
  Num examples: 3456  Num correct: 1968  Precision @ 1: 0.5694  AUC @ 1: 0.5236
Validation Data Eval:
  Num examples: 256  Num correct: 142  Precision @ 1: 0.5547  AUC @ 1: 0.5111
Test Data Eval:
  Num examples: 512  Num correct: 287  Precision @ 1: 0.5605  AUC @ 1: 0.5263
Step 8000: loss = 0.7398 (0.018 sec)
Training Data Eval:
  Num examples: 3456  Num correct: 1939  Precision @ 1: 0.5611  AUC @ 1: 0.5362
Validation Data Eval:
  Num examples: 256  Num correct: 142  Precision @ 1: 0.5547  AUC @ 1: 0.5110
Test Data Eval:
  Num examples: 512  Num correct: 288  Precision @ 1: 0.5625  AUC @ 1: 0.5270
Step 8200: loss = 0.7228 (0.019 sec)
Training Data Eval:
  Num examples: 3456  Num correct: 1977  Precision @ 1: 0.5720  AUC @ 1: 0.5358
Validation Data Eval:
  Num examples: 256  Num correct: 142  Precision @ 1: 0.5547  AUC @ 1: 0.5094
Test Data Eval:
  Num examples: 512  Num correct: 287  Precision @ 1: 0.5605  AUC @ 1: 0.5283
Step 8400: loss = 0.7331 (0.018 sec)
Training Data Eval:
  Num examples: 3456  Num correct: 1962  Precision @ 1: 0.5677  AUC @ 1: 0.5393
Validation Data Eval:
  Num examples: 256  Num correct: 142  Precision @ 1: 0.5547  AUC @ 1: 0.5122
Test Data Eval:
  Num examples: 512  Num correct: 288  Precision @ 1: 0.5625  AUC @ 1: 0.5300
Step 8600: loss = 0.7578 (0.018 sec)
Training Data Eval:
  Num examples: 3456  Num correct: 1967  Precision @ 1: 0.5692  AUC @ 1: 0.5384
Validation Data Eval:
  Num examples: 256  Num correct: 142  Precision @ 1: 0.5547  AUC @ 1: 0.5115
Test Data Eval:
  Num examples: 512  Num correct: 288  Precision @ 1: 0.5625  AUC @ 1: 0.5269
Step 8800: loss = 0.7320 (0.018 sec)
Training Data Eval:
  Num examples: 3456  Num correct: 1995  Precision @ 1: 0.5773  AUC @ 1: 0.5399
Validation Data Eval:
  Num examples: 256  Num correct: 142  Precision @ 1: 0.5547  AUC @ 1: 0.5115
Test Data Eval:
  Num examples: 512  Num correct: 288  Precision @ 1: 0.5625  AUC @ 1: 0.5256
Step 9000: loss = 0.7137 (0.018 sec)
Training Data Eval:
  Num examples: 3456  Num correct: 1985  Precision @ 1: 0.5744  AUC @ 1: 0.5332
Validation Data Eval:
  Num examples: 256  Num correct: 142  Precision @ 1: 0.5547  AUC @ 1: 0.5101
Test Data Eval:
  Num examples: 512  Num correct: 287  Precision @ 1: 0.5605  AUC @ 1: 0.5226
Step 9200: loss = 0.7402 (0.018 sec)
Training Data Eval:
  Num examples: 3456  Num correct: 1958  Precision @ 1: 0.5666  AUC @ 1: 0.5377
Validation Data Eval:
  Num examples: 256  Num correct: 142  Precision @ 1: 0.5547  AUC @ 1: 0.5117
Test Data Eval:
  Num examples: 512  Num correct: 288  Precision @ 1: 0.5625  AUC @ 1: 0.5265
Step 9400: loss = 0.7207 (0.018 sec)
Training Data Eval:
  Num examples: 3456  Num correct: 1960  Precision @ 1: 0.5671  AUC @ 1: 0.5388
Validation Data Eval:
  Num examples: 256  Num correct: 142  Precision @ 1: 0.5547  AUC @ 1: 0.5117
Test Data Eval:
  Num examples: 512  Num correct: 287  Precision @ 1: 0.5605  AUC @ 1: 0.5253
Step 9600: loss = 0.7227 (0.019 sec)
Training Data Eval:
  Num examples: 3456  Num correct: 1959  Precision @ 1: 0.5668  AUC @ 1: 0.5409
Validation Data Eval:
  Num examples: 256  Num correct: 142  Precision @ 1: 0.5547  AUC @ 1: 0.5144
Test Data Eval:
  Num examples: 512  Num correct: 287  Precision @ 1: 0.5605  AUC @ 1: 0.5283
Step 9800: loss = 0.7245 (0.019 sec)
Training Data Eval:
  Num examples: 3456  Num correct: 1973  Precision @ 1: 0.5709  AUC @ 1: 0.5356
Validation Data Eval:
  Num examples: 256  Num correct: 142  Precision @ 1: 0.5547  AUC @ 1: 0.5159
Test Data Eval:
  Num examples: 512  Num correct: 287  Precision @ 1: 0.5605  AUC @ 1: 0.5265
