Training data shape: 	(3820, 64, 30, 1)
Training label shape:	(3820,)
Testing data shape:  	(515, 64, 30, 1)
Testing label shape: 	(515,)
max input value is: 72.5247
min input value is: -75.9911
random permuted training data
==============================================================================
Model: 			inference_global_s_cnn
Tensor Name: 	Placeholder:0
[128, 64, 30, 1]
==============================================================================
Tensor Name: conv1/conv1:0
[128, 1, 30, 32]
==============================================================================
Tensor Name: MaxPool:0
[128, 1, 15, 32]
==============================================================================
Tensor Name: local1/local1:0
[128, 128]
==============================================================================
Tensor Name: local2/local2:0
[128, 128]
==============================================================================
Tensor Name: softmax_linear/softmax_linear:0
[128, 2]
Step 0: loss = 0.8893 (0.041 sec)
Training Data Eval:
  Num examples: 3456  Num correct: 1961  Precision @ 1: 0.5674  AUC @ 1: 0.6842
Validation Data Eval:
  Num examples: 256  Num correct: 144  Precision @ 1: 0.5625  AUC @ 1: 0.6732
Test Data Eval:
  Num examples: 512  Num correct: 289  Precision @ 1: 0.5645  AUC @ 1: 0.7205
Step 200: loss = 0.8334 (0.014 sec)
Training Data Eval:
  Num examples: 3456  Num correct: 2175  Precision @ 1: 0.6293  AUC @ 1: 0.6861
Validation Data Eval:
  Num examples: 256  Num correct: 161  Precision @ 1: 0.6289  AUC @ 1: 0.6768
Test Data Eval:
  Num examples: 512  Num correct: 291  Precision @ 1: 0.5684  AUC @ 1: 0.7225
Step 400: loss = 0.8403 (0.014 sec)
Training Data Eval:
  Num examples: 3456  Num correct: 2226  Precision @ 1: 0.6441  AUC @ 1: 0.7093
Validation Data Eval:
  Num examples: 256  Num correct: 161  Precision @ 1: 0.6289  AUC @ 1: 0.6951
Test Data Eval:
  Num examples: 512  Num correct: 287  Precision @ 1: 0.5605  AUC @ 1: 0.7366
Step 600: loss = 0.8087 (0.014 sec)
Training Data Eval:
  Num examples: 3456  Num correct: 2283  Precision @ 1: 0.6606  AUC @ 1: 0.7191
Validation Data Eval:
  Num examples: 256  Num correct: 164  Precision @ 1: 0.6406  AUC @ 1: 0.7240
Test Data Eval:
  Num examples: 512  Num correct: 301  Precision @ 1: 0.5879  AUC @ 1: 0.7570
Step 800: loss = 0.8078 (0.014 sec)
Training Data Eval:
  Num examples: 3456  Num correct: 2347  Precision @ 1: 0.6791  AUC @ 1: 0.7460
Validation Data Eval:
  Num examples: 256  Num correct: 175  Precision @ 1: 0.6836  AUC @ 1: 0.7543
Test Data Eval:
  Num examples: 512  Num correct: 326  Precision @ 1: 0.6367  AUC @ 1: 0.7667
Step 1000: loss = 0.7559 (0.013 sec)
Training Data Eval:
  Num examples: 3456  Num correct: 2371  Precision @ 1: 0.6861  AUC @ 1: 0.7638
Validation Data Eval:
  Num examples: 256  Num correct: 178  Precision @ 1: 0.6953  AUC @ 1: 0.7734
Test Data Eval:
  Num examples: 512  Num correct: 321  Precision @ 1: 0.6270  AUC @ 1: 0.7723
Step 1200: loss = 0.7230 (0.014 sec)
Training Data Eval:
  Num examples: 3456  Num correct: 2442  Precision @ 1: 0.7066  AUC @ 1: 0.7826
Validation Data Eval:
  Num examples: 256  Num correct: 181  Precision @ 1: 0.7070  AUC @ 1: 0.7848
Test Data Eval:
  Num examples: 512  Num correct: 337  Precision @ 1: 0.6582  AUC @ 1: 0.7708
Step 1400: loss = 0.7429 (0.014 sec)
Training Data Eval:
  Num examples: 3456  Num correct: 2413  Precision @ 1: 0.6982  AUC @ 1: 0.7877
Validation Data Eval:
  Num examples: 256  Num correct: 182  Precision @ 1: 0.7109  AUC @ 1: 0.7888
Test Data Eval:
  Num examples: 512  Num correct: 336  Precision @ 1: 0.6562  AUC @ 1: 0.7729
Step 1600: loss = 0.6775 (0.014 sec)
Training Data Eval:
  Num examples: 3456  Num correct: 2491  Precision @ 1: 0.7208  AUC @ 1: 0.8000
Validation Data Eval:
  Num examples: 256  Num correct: 187  Precision @ 1: 0.7305  AUC @ 1: 0.7899
Test Data Eval:
  Num examples: 512  Num correct: 339  Precision @ 1: 0.6621  AUC @ 1: 0.7679
Step 1800: loss = 0.7042 (0.014 sec)
Training Data Eval:
  Num examples: 3456  Num correct: 2614  Precision @ 1: 0.7564  AUC @ 1: 0.8315
Validation Data Eval:
  Num examples: 256  Num correct: 186  Precision @ 1: 0.7266  AUC @ 1: 0.7915
Test Data Eval:
  Num examples: 512  Num correct: 350  Precision @ 1: 0.6836  AUC @ 1: 0.7658
Step 2000: loss = 0.7468 (0.015 sec)
Training Data Eval:
  Num examples: 3456  Num correct: 2596  Precision @ 1: 0.7512  AUC @ 1: 0.8307
Validation Data Eval:
  Num examples: 256  Num correct: 186  Precision @ 1: 0.7266  AUC @ 1: 0.7943
Test Data Eval:
  Num examples: 512  Num correct: 348  Precision @ 1: 0.6797  AUC @ 1: 0.7582
Step 2200: loss = 0.6918 (0.014 sec)
Training Data Eval:
  Num examples: 3456  Num correct: 2698  Precision @ 1: 0.7807  AUC @ 1: 0.8593
Validation Data Eval:
  Num examples: 256  Num correct: 181  Precision @ 1: 0.7070  AUC @ 1: 0.7896
Test Data Eval:
  Num examples: 512  Num correct: 345  Precision @ 1: 0.6738  AUC @ 1: 0.7505
Step 2400: loss = 0.7278 (0.014 sec)
Training Data Eval:
  Num examples: 3456  Num correct: 2747  Precision @ 1: 0.7948  AUC @ 1: 0.8718
Validation Data Eval:
  Num examples: 256  Num correct: 178  Precision @ 1: 0.6953  AUC @ 1: 0.7858
Test Data Eval:
  Num examples: 512  Num correct: 346  Precision @ 1: 0.6758  AUC @ 1: 0.7468
Step 2600: loss = 0.6177 (0.015 sec)
Training Data Eval:
  Num examples: 3456  Num correct: 2772  Precision @ 1: 0.8021  AUC @ 1: 0.8824
Validation Data Eval:
  Num examples: 256  Num correct: 182  Precision @ 1: 0.7109  AUC @ 1: 0.7875
Test Data Eval:
  Num examples: 512  Num correct: 341  Precision @ 1: 0.6660  AUC @ 1: 0.7420
Step 2800: loss = 0.6376 (0.014 sec)
Training Data Eval:
  Num examples: 3456  Num correct: 2832  Precision @ 1: 0.8194  AUC @ 1: 0.8941
Validation Data Eval:
  Num examples: 256  Num correct: 180  Precision @ 1: 0.7031  AUC @ 1: 0.7880
Test Data Eval:
  Num examples: 512  Num correct: 338  Precision @ 1: 0.6602  AUC @ 1: 0.7373
Step 3000: loss = 0.6561 (0.015 sec)
Training Data Eval:
  Num examples: 3456  Num correct: 2846  Precision @ 1: 0.8235  AUC @ 1: 0.9032
Validation Data Eval:
  Num examples: 256  Num correct: 181  Precision @ 1: 0.7070  AUC @ 1: 0.7871
Test Data Eval:
  Num examples: 512  Num correct: 334  Precision @ 1: 0.6523  AUC @ 1: 0.7344
Step 3200: loss = 0.6854 (0.014 sec)
Training Data Eval:
  Num examples: 3456  Num correct: 2866  Precision @ 1: 0.8293  AUC @ 1: 0.9206
Validation Data Eval:
  Num examples: 256  Num correct: 184  Precision @ 1: 0.7188  AUC @ 1: 0.7883
Test Data Eval:
  Num examples: 512  Num correct: 340  Precision @ 1: 0.6641  AUC @ 1: 0.7379
Step 3400: loss = 0.6788 (0.014 sec)
Training Data Eval:
  Num examples: 3456  Num correct: 2960  Precision @ 1: 0.8565  AUC @ 1: 0.9373
Validation Data Eval:
  Num examples: 256  Num correct: 182  Precision @ 1: 0.7109  AUC @ 1: 0.7870
Test Data Eval:
  Num examples: 512  Num correct: 332  Precision @ 1: 0.6484  AUC @ 1: 0.7282
Step 3600: loss = 0.5820 (0.014 sec)
Training Data Eval:
  Num examples: 3456  Num correct: 2996  Precision @ 1: 0.8669  AUC @ 1: 0.9414
Validation Data Eval:
  Num examples: 256  Num correct: 182  Precision @ 1: 0.7109  AUC @ 1: 0.7890
Test Data Eval:
  Num examples: 512  Num correct: 326  Precision @ 1: 0.6367  AUC @ 1: 0.7280
Step 3800: loss = 0.5831 (0.014 sec)
Training Data Eval:
  Num examples: 3456  Num correct: 3028  Precision @ 1: 0.8762  AUC @ 1: 0.9488
Validation Data Eval:
  Num examples: 256  Num correct: 184  Precision @ 1: 0.7188  AUC @ 1: 0.7926
Test Data Eval:
  Num examples: 512  Num correct: 334  Precision @ 1: 0.6523  AUC @ 1: 0.7297
Step 4000: loss = 0.5267 (0.015 sec)
Training Data Eval:
  Num examples: 3456  Num correct: 3049  Precision @ 1: 0.8822  AUC @ 1: 0.9577
Validation Data Eval:
  Num examples: 256  Num correct: 186  Precision @ 1: 0.7266  AUC @ 1: 0.7912
Test Data Eval:
  Num examples: 512  Num correct: 341  Precision @ 1: 0.6660  AUC @ 1: 0.7252
Step 4200: loss = 0.5255 (0.014 sec)
Training Data Eval:
  Num examples: 3456  Num correct: 3140  Precision @ 1: 0.9086  AUC @ 1: 0.9678
Validation Data Eval:
  Num examples: 256  Num correct: 188  Precision @ 1: 0.7344  AUC @ 1: 0.7976
Test Data Eval:
  Num examples: 512  Num correct: 340  Precision @ 1: 0.6641  AUC @ 1: 0.7232
Step 4400: loss = 0.3924 (0.015 sec)
Training Data Eval:
  Num examples: 3456  Num correct: 3138  Precision @ 1: 0.9080  AUC @ 1: 0.9698
Validation Data Eval:
  Num examples: 256  Num correct: 187  Precision @ 1: 0.7305  AUC @ 1: 0.7984
Test Data Eval:
  Num examples: 512  Num correct: 326  Precision @ 1: 0.6367  AUC @ 1: 0.7214
Step 4600: loss = 0.5263 (0.014 sec)
Training Data Eval:
  Num examples: 3456  Num correct: 3226  Precision @ 1: 0.9334  AUC @ 1: 0.9818
Validation Data Eval:
  Num examples: 256  Num correct: 189  Precision @ 1: 0.7383  AUC @ 1: 0.8001
Test Data Eval:
  Num examples: 512  Num correct: 334  Precision @ 1: 0.6523  AUC @ 1: 0.7155
Step 4800: loss = 0.4759 (0.015 sec)
Training Data Eval:
  Num examples: 3456  Num correct: 3233  Precision @ 1: 0.9355  AUC @ 1: 0.9832
Validation Data Eval:
  Num examples: 256  Num correct: 182  Precision @ 1: 0.7109  AUC @ 1: 0.7977
Test Data Eval:
  Num examples: 512  Num correct: 331  Precision @ 1: 0.6465  AUC @ 1: 0.7215
Step 5000: loss = 0.4384 (0.014 sec)
Training Data Eval:
  Num examples: 3456  Num correct: 3111  Precision @ 1: 0.9002  AUC @ 1: 0.9841
Validation Data Eval:
  Num examples: 256  Num correct: 177  Precision @ 1: 0.6914  AUC @ 1: 0.8033
Test Data Eval:
  Num examples: 512  Num correct: 319  Precision @ 1: 0.6230  AUC @ 1: 0.7211
Step 5200: loss = 0.4771 (0.014 sec)
Training Data Eval:
  Num examples: 3456  Num correct: 3301  Precision @ 1: 0.9552  AUC @ 1: 0.9916
Validation Data Eval:
  Num examples: 256  Num correct: 191  Precision @ 1: 0.7461  AUC @ 1: 0.8059
Test Data Eval:
  Num examples: 512  Num correct: 332  Precision @ 1: 0.6484  AUC @ 1: 0.7133
Step 5400: loss = 0.4187 (0.027 sec)
Training Data Eval:
  Num examples: 3456  Num correct: 3334  Precision @ 1: 0.9647  AUC @ 1: 0.9931
Validation Data Eval:
  Num examples: 256  Num correct: 191  Precision @ 1: 0.7461  AUC @ 1: 0.8070
Test Data Eval:
  Num examples: 512  Num correct: 335  Precision @ 1: 0.6543  AUC @ 1: 0.7078
Step 5600: loss = 0.3306 (0.014 sec)
Training Data Eval:
  Num examples: 3456  Num correct: 3365  Precision @ 1: 0.9737  AUC @ 1: 0.9958
Validation Data Eval:
  Num examples: 256  Num correct: 189  Precision @ 1: 0.7383  AUC @ 1: 0.8026
Test Data Eval:
  Num examples: 512  Num correct: 331  Precision @ 1: 0.6465  AUC @ 1: 0.7079
Step 5800: loss = 0.3449 (0.014 sec)
Training Data Eval:
  Num examples: 3456  Num correct: 3349  Precision @ 1: 0.9690  AUC @ 1: 0.9968
Validation Data Eval:
  Num examples: 256  Num correct: 194  Precision @ 1: 0.7578  AUC @ 1: 0.8081
Test Data Eval:
  Num examples: 512  Num correct: 322  Precision @ 1: 0.6289  AUC @ 1: 0.7047
Step 6000: loss = 0.2916 (0.015 sec)
Training Data Eval:
  Num examples: 3456  Num correct: 3360  Precision @ 1: 0.9722  AUC @ 1: 0.9970
Validation Data Eval:
  Num examples: 256  Num correct: 190  Precision @ 1: 0.7422  AUC @ 1: 0.8035
Test Data Eval:
  Num examples: 512  Num correct: 316  Precision @ 1: 0.6172  AUC @ 1: 0.7008
Step 6200: loss = 0.2971 (0.015 sec)
Training Data Eval:
  Num examples: 3456  Num correct: 3390  Precision @ 1: 0.9809  AUC @ 1: 0.9980
Validation Data Eval:
  Num examples: 256  Num correct: 189  Precision @ 1: 0.7383  AUC @ 1: 0.8067
Test Data Eval:
  Num examples: 512  Num correct: 325  Precision @ 1: 0.6348  AUC @ 1: 0.7114
Step 6400: loss = 0.3449 (0.014 sec)
Training Data Eval:
  Num examples: 3456  Num correct: 3416  Precision @ 1: 0.9884  AUC @ 1: 0.9990
Validation Data Eval:
  Num examples: 256  Num correct: 188  Precision @ 1: 0.7344  AUC @ 1: 0.8096
Test Data Eval:
  Num examples: 512  Num correct: 328  Precision @ 1: 0.6406  AUC @ 1: 0.7042
Step 6600: loss = 0.2802 (0.014 sec)
Training Data Eval:
  Num examples: 3456  Num correct: 3437  Precision @ 1: 0.9945  AUC @ 1: 0.9996
Validation Data Eval:
  Num examples: 256  Num correct: 193  Precision @ 1: 0.7539  AUC @ 1: 0.8082
Test Data Eval:
  Num examples: 512  Num correct: 319  Precision @ 1: 0.6230  AUC @ 1: 0.6980
Step 6800: loss = 0.3023 (0.015 sec)
Training Data Eval:
  Num examples: 3456  Num correct: 3433  Precision @ 1: 0.9933  AUC @ 1: 0.9998
Validation Data Eval:
  Num examples: 256  Num correct: 192  Precision @ 1: 0.7500  AUC @ 1: 0.8167
Test Data Eval:
  Num examples: 512  Num correct: 324  Precision @ 1: 0.6328  AUC @ 1: 0.7037
Step 7000: loss = 0.2793 (0.017 sec)
Training Data Eval:
  Num examples: 3456  Num correct: 3443  Precision @ 1: 0.9962  AUC @ 1: 0.9999
Validation Data Eval:
  Num examples: 256  Num correct: 189  Precision @ 1: 0.7383  AUC @ 1: 0.8062
Test Data Eval:
  Num examples: 512  Num correct: 316  Precision @ 1: 0.6172  AUC @ 1: 0.6875
Step 7200: loss = 0.3009 (0.014 sec)
Training Data Eval:
  Num examples: 3456  Num correct: 3438  Precision @ 1: 0.9948  AUC @ 1: 0.9999
Validation Data Eval:
  Num examples: 256  Num correct: 191  Precision @ 1: 0.7461  AUC @ 1: 0.8139
Test Data Eval:
  Num examples: 512  Num correct: 317  Precision @ 1: 0.6191  AUC @ 1: 0.6976
Step 7400: loss = 0.2459 (0.014 sec)
Training Data Eval:
  Num examples: 3456  Num correct: 3445  Precision @ 1: 0.9968  AUC @ 1: 1.0000
Validation Data Eval:
  Num examples: 256  Num correct: 191  Precision @ 1: 0.7461  AUC @ 1: 0.8053
Test Data Eval:
  Num examples: 512  Num correct: 319  Precision @ 1: 0.6230  AUC @ 1: 0.6901
Step 7600: loss = 0.2445 (0.014 sec)
Training Data Eval:
  Num examples: 3456  Num correct: 3451  Precision @ 1: 0.9986  AUC @ 1: 1.0000
Validation Data Eval:
  Num examples: 256  Num correct: 191  Precision @ 1: 0.7461  AUC @ 1: 0.8045
Test Data Eval:
  Num examples: 512  Num correct: 321  Precision @ 1: 0.6270  AUC @ 1: 0.6858
Step 7800: loss = 0.2102 (0.014 sec)
Training Data Eval:
  Num examples: 3456  Num correct: 3453  Precision @ 1: 0.9991  AUC @ 1: 1.0000
Validation Data Eval:
  Num examples: 256  Num correct: 190  Precision @ 1: 0.7422  AUC @ 1: 0.8059
Test Data Eval:
  Num examples: 512  Num correct: 324  Precision @ 1: 0.6328  AUC @ 1: 0.6962
Step 8000: loss = 0.2777 (0.014 sec)
Training Data Eval:
  Num examples: 3456  Num correct: 3454  Precision @ 1: 0.9994  AUC @ 1: 1.0000
Validation Data Eval:
  Num examples: 256  Num correct: 189  Precision @ 1: 0.7383  AUC @ 1: 0.8097
Test Data Eval:
  Num examples: 512  Num correct: 318  Precision @ 1: 0.6211  AUC @ 1: 0.6912
Step 8200: loss = 0.2719 (0.014 sec)
Training Data Eval:
  Num examples: 3456  Num correct: 3454  Precision @ 1: 0.9994  AUC @ 1: 1.0000
Validation Data Eval:
  Num examples: 256  Num correct: 192  Precision @ 1: 0.7500  AUC @ 1: 0.8069
Test Data Eval:
  Num examples: 512  Num correct: 321  Precision @ 1: 0.6270  AUC @ 1: 0.6881
Step 8400: loss = 0.2223 (0.014 sec)
Training Data Eval:
  Num examples: 3456  Num correct: 3456  Precision @ 1: 1.0000  AUC @ 1: 1.0000
Validation Data Eval:
  Num examples: 256  Num correct: 191  Precision @ 1: 0.7461  AUC @ 1: 0.8097
Test Data Eval:
  Num examples: 512  Num correct: 320  Precision @ 1: 0.6250  AUC @ 1: 0.6885
Step 8600: loss = 0.2207 (0.015 sec)
Training Data Eval:
  Num examples: 3456  Num correct: 3456  Precision @ 1: 1.0000  AUC @ 1: 1.0000
Validation Data Eval:
  Num examples: 256  Num correct: 194  Precision @ 1: 0.7578  AUC @ 1: 0.8107
Test Data Eval:
  Num examples: 512  Num correct: 318  Precision @ 1: 0.6211  AUC @ 1: 0.6920
Step 8800: loss = 0.2069 (0.014 sec)
Training Data Eval:
  Num examples: 3456  Num correct: 3456  Precision @ 1: 1.0000  AUC @ 1: 1.0000
Validation Data Eval:
  Num examples: 256  Num correct: 189  Precision @ 1: 0.7383  AUC @ 1: 0.8058
Test Data Eval:
  Num examples: 512  Num correct: 320  Precision @ 1: 0.6250  AUC @ 1: 0.6916
Step 9000: loss = 0.2431 (0.014 sec)
Training Data Eval:
  Num examples: 3456  Num correct: 3456  Precision @ 1: 1.0000  AUC @ 1: 1.0000
Validation Data Eval:
  Num examples: 256  Num correct: 190  Precision @ 1: 0.7422  AUC @ 1: 0.8101
Test Data Eval:
  Num examples: 512  Num correct: 317  Precision @ 1: 0.6191  AUC @ 1: 0.6923
Step 9200: loss = 0.2148 (0.014 sec)
Training Data Eval:
  Num examples: 3456  Num correct: 3456  Precision @ 1: 1.0000  AUC @ 1: 1.0000
Validation Data Eval:
  Num examples: 256  Num correct: 187  Precision @ 1: 0.7305  AUC @ 1: 0.8109
Test Data Eval:
  Num examples: 512  Num correct: 313  Precision @ 1: 0.6113  AUC @ 1: 0.6828
Step 9400: loss = 0.1959 (0.014 sec)
Training Data Eval:
  Num examples: 3456  Num correct: 3456  Precision @ 1: 1.0000  AUC @ 1: 1.0000
Validation Data Eval:
  Num examples: 256  Num correct: 192  Precision @ 1: 0.7500  AUC @ 1: 0.8085
Test Data Eval:
  Num examples: 512  Num correct: 311  Precision @ 1: 0.6074  AUC @ 1: 0.6883
Step 9600: loss = 0.1951 (0.014 sec)
Training Data Eval:
  Num examples: 3456  Num correct: 3456  Precision @ 1: 1.0000  AUC @ 1: 1.0000
Validation Data Eval:
  Num examples: 256  Num correct: 189  Precision @ 1: 0.7383  AUC @ 1: 0.8096
Test Data Eval:
  Num examples: 512  Num correct: 314  Precision @ 1: 0.6133  AUC @ 1: 0.6830
Step 9800: loss = 0.1689 (0.014 sec)
Training Data Eval:
  Num examples: 3456  Num correct: 3456  Precision @ 1: 1.0000  AUC @ 1: 1.0000
Validation Data Eval:
  Num examples: 256  Num correct: 192  Precision @ 1: 0.7500  AUC @ 1: 0.8123
Test Data Eval:
  Num examples: 512  Num correct: 312  Precision @ 1: 0.6094  AUC @ 1: 0.6876
