Training data shape: 	(3820, 64, 30, 1)
Training label shape:	(3820,)
Testing data shape:  	(515, 64, 30, 1)
Testing label shape: 	(515,)
max input value is: 72.5247
min input value is: -75.9911
random permuted training data
==============================================================================
Model: 			inference_global_s_cnn
Tensor Name: 	Placeholder:0
[128, 64, 30, 1]
==============================================================================
Tensor Name: conv1/conv1:0
[128, 1, 30, 32]
==============================================================================
Tensor Name: MaxPool:0
[128, 1, 15, 32]
==============================================================================
Tensor Name: local1/local1:0
[128, 128]
==============================================================================
Tensor Name: local2/local2:0
[128, 128]
==============================================================================
Tensor Name: softmax_linear/softmax_linear:0
[128, 2]
Step 0: loss = 0.8872 (0.038 sec)
Training Data Eval:
  Num examples: 3456  Num correct: 1957  Precision @ 1: 0.5663  AUC @ 1: 0.6937
Validation Data Eval:
  Num examples: 256  Num correct: 138  Precision @ 1: 0.5391  AUC @ 1: 0.7060
Test Data Eval:
  Num examples: 512  Num correct: 289  Precision @ 1: 0.5645  AUC @ 1: 0.7297
Step 200: loss = 0.8643 (0.015 sec)
Training Data Eval:
  Num examples: 3456  Num correct: 2121  Precision @ 1: 0.6137  AUC @ 1: 0.6884
Validation Data Eval:
  Num examples: 256  Num correct: 166  Precision @ 1: 0.6484  AUC @ 1: 0.7173
Test Data Eval:
  Num examples: 512  Num correct: 288  Precision @ 1: 0.5625  AUC @ 1: 0.7295
Step 400: loss = 0.7968 (0.014 sec)
Training Data Eval:
  Num examples: 3456  Num correct: 2240  Precision @ 1: 0.6481  AUC @ 1: 0.7080
Validation Data Eval:
  Num examples: 256  Num correct: 170  Precision @ 1: 0.6641  AUC @ 1: 0.7279
Test Data Eval:
  Num examples: 512  Num correct: 298  Precision @ 1: 0.5820  AUC @ 1: 0.7470
Step 600: loss = 0.7892 (0.015 sec)
Training Data Eval:
  Num examples: 3456  Num correct: 2258  Precision @ 1: 0.6534  AUC @ 1: 0.7184
Validation Data Eval:
  Num examples: 256  Num correct: 168  Precision @ 1: 0.6562  AUC @ 1: 0.7393
Test Data Eval:
  Num examples: 512  Num correct: 308  Precision @ 1: 0.6016  AUC @ 1: 0.7575
Step 800: loss = 0.8191 (0.014 sec)
Training Data Eval:
  Num examples: 3456  Num correct: 2362  Precision @ 1: 0.6834  AUC @ 1: 0.7520
Validation Data Eval:
  Num examples: 256  Num correct: 173  Precision @ 1: 0.6758  AUC @ 1: 0.7518
Test Data Eval:
  Num examples: 512  Num correct: 337  Precision @ 1: 0.6582  AUC @ 1: 0.7728
Step 1000: loss = 0.7284 (0.015 sec)
Training Data Eval:
  Num examples: 3456  Num correct: 2402  Precision @ 1: 0.6950  AUC @ 1: 0.7666
Validation Data Eval:
  Num examples: 256  Num correct: 172  Precision @ 1: 0.6719  AUC @ 1: 0.7541
Test Data Eval:
  Num examples: 512  Num correct: 347  Precision @ 1: 0.6777  AUC @ 1: 0.7787
Step 1200: loss = 0.7422 (0.014 sec)
Training Data Eval:
  Num examples: 3456  Num correct: 2434  Precision @ 1: 0.7043  AUC @ 1: 0.7780
Validation Data Eval:
  Num examples: 256  Num correct: 170  Precision @ 1: 0.6641  AUC @ 1: 0.7552
Test Data Eval:
  Num examples: 512  Num correct: 353  Precision @ 1: 0.6895  AUC @ 1: 0.7808
Step 1400: loss = 0.7199 (0.014 sec)
Training Data Eval:
  Num examples: 3456  Num correct: 2475  Precision @ 1: 0.7161  AUC @ 1: 0.7939
Validation Data Eval:
  Num examples: 256  Num correct: 169  Precision @ 1: 0.6602  AUC @ 1: 0.7568
Test Data Eval:
  Num examples: 512  Num correct: 349  Precision @ 1: 0.6816  AUC @ 1: 0.7725
Step 1600: loss = 0.6543 (0.014 sec)
Training Data Eval:
  Num examples: 3456  Num correct: 2519  Precision @ 1: 0.7289  AUC @ 1: 0.8053
Validation Data Eval:
  Num examples: 256  Num correct: 177  Precision @ 1: 0.6914  AUC @ 1: 0.7537
Test Data Eval:
  Num examples: 512  Num correct: 358  Precision @ 1: 0.6992  AUC @ 1: 0.7671
Step 1800: loss = 0.7082 (0.014 sec)
Training Data Eval:
  Num examples: 3456  Num correct: 2596  Precision @ 1: 0.7512  AUC @ 1: 0.8288
Validation Data Eval:
  Num examples: 256  Num correct: 179  Precision @ 1: 0.6992  AUC @ 1: 0.7552
Test Data Eval:
  Num examples: 512  Num correct: 355  Precision @ 1: 0.6934  AUC @ 1: 0.7645
Step 2000: loss = 0.7078 (0.014 sec)
Training Data Eval:
  Num examples: 3456  Num correct: 2638  Precision @ 1: 0.7633  AUC @ 1: 0.8416
Validation Data Eval:
  Num examples: 256  Num correct: 175  Precision @ 1: 0.6836  AUC @ 1: 0.7547
Test Data Eval:
  Num examples: 512  Num correct: 354  Precision @ 1: 0.6914  AUC @ 1: 0.7669
Step 2200: loss = 0.6779 (0.015 sec)
Training Data Eval:
  Num examples: 3456  Num correct: 2649  Precision @ 1: 0.7665  AUC @ 1: 0.8523
Validation Data Eval:
  Num examples: 256  Num correct: 180  Precision @ 1: 0.7031  AUC @ 1: 0.7613
Test Data Eval:
  Num examples: 512  Num correct: 353  Precision @ 1: 0.6895  AUC @ 1: 0.7628
Step 2400: loss = 0.7160 (0.014 sec)
Training Data Eval:
  Num examples: 3456  Num correct: 2727  Precision @ 1: 0.7891  AUC @ 1: 0.8697
Validation Data Eval:
  Num examples: 256  Num correct: 179  Precision @ 1: 0.6992  AUC @ 1: 0.7596
Test Data Eval:
  Num examples: 512  Num correct: 348  Precision @ 1: 0.6797  AUC @ 1: 0.7575
Step 2600: loss = 0.6281 (0.014 sec)
Training Data Eval:
  Num examples: 3456  Num correct: 2777  Precision @ 1: 0.8035  AUC @ 1: 0.8829
Validation Data Eval:
  Num examples: 256  Num correct: 182  Precision @ 1: 0.7109  AUC @ 1: 0.7604
Test Data Eval:
  Num examples: 512  Num correct: 347  Precision @ 1: 0.6777  AUC @ 1: 0.7605
Step 2800: loss = 0.6571 (0.014 sec)
Training Data Eval:
  Num examples: 3456  Num correct: 2820  Precision @ 1: 0.8160  AUC @ 1: 0.8926
Validation Data Eval:
  Num examples: 256  Num correct: 181  Precision @ 1: 0.7070  AUC @ 1: 0.7639
Test Data Eval:
  Num examples: 512  Num correct: 344  Precision @ 1: 0.6719  AUC @ 1: 0.7523
Step 3000: loss = 0.6389 (0.015 sec)
Training Data Eval:
  Num examples: 3456  Num correct: 2806  Precision @ 1: 0.8119  AUC @ 1: 0.8970
Validation Data Eval:
  Num examples: 256  Num correct: 184  Precision @ 1: 0.7188  AUC @ 1: 0.7635
Test Data Eval:
  Num examples: 512  Num correct: 349  Precision @ 1: 0.6816  AUC @ 1: 0.7549
Step 3200: loss = 0.6238 (0.014 sec)
Training Data Eval:
  Num examples: 3456  Num correct: 2871  Precision @ 1: 0.8307  AUC @ 1: 0.9237
Validation Data Eval:
  Num examples: 256  Num correct: 180  Precision @ 1: 0.7031  AUC @ 1: 0.7653
Test Data Eval:
  Num examples: 512  Num correct: 340  Precision @ 1: 0.6641  AUC @ 1: 0.7428
Step 3400: loss = 0.6330 (0.014 sec)
Training Data Eval:
  Num examples: 3456  Num correct: 2871  Precision @ 1: 0.8307  AUC @ 1: 0.9272
Validation Data Eval:
  Num examples: 256  Num correct: 175  Precision @ 1: 0.6836  AUC @ 1: 0.7641
Test Data Eval:
  Num examples: 512  Num correct: 345  Precision @ 1: 0.6738  AUC @ 1: 0.7505
Step 3600: loss = 0.6110 (0.014 sec)
Training Data Eval:
  Num examples: 3456  Num correct: 2941  Precision @ 1: 0.8510  AUC @ 1: 0.9321
Validation Data Eval:
  Num examples: 256  Num correct: 179  Precision @ 1: 0.6992  AUC @ 1: 0.7709
Test Data Eval:
  Num examples: 512  Num correct: 343  Precision @ 1: 0.6699  AUC @ 1: 0.7506
Step 3800: loss = 0.5729 (0.014 sec)
Training Data Eval:
  Num examples: 3456  Num correct: 3044  Precision @ 1: 0.8808  AUC @ 1: 0.9500
Validation Data Eval:
  Num examples: 256  Num correct: 185  Precision @ 1: 0.7227  AUC @ 1: 0.7789
Test Data Eval:
  Num examples: 512  Num correct: 353  Precision @ 1: 0.6895  AUC @ 1: 0.7386
Step 4000: loss = 0.5602 (0.014 sec)
Training Data Eval:
  Num examples: 3456  Num correct: 3061  Precision @ 1: 0.8857  AUC @ 1: 0.9522
Validation Data Eval:
  Num examples: 256  Num correct: 184  Precision @ 1: 0.7188  AUC @ 1: 0.7795
Test Data Eval:
  Num examples: 512  Num correct: 349  Precision @ 1: 0.6816  AUC @ 1: 0.7511
Step 4200: loss = 0.4745 (0.015 sec)
Training Data Eval:
  Num examples: 3456  Num correct: 3121  Precision @ 1: 0.9031  AUC @ 1: 0.9626
Validation Data Eval:
  Num examples: 256  Num correct: 185  Precision @ 1: 0.7227  AUC @ 1: 0.7892
Test Data Eval:
  Num examples: 512  Num correct: 356  Precision @ 1: 0.6953  AUC @ 1: 0.7421
Step 4400: loss = 0.5030 (0.014 sec)
Training Data Eval:
  Num examples: 3456  Num correct: 3158  Precision @ 1: 0.9138  AUC @ 1: 0.9683
Validation Data Eval:
  Num examples: 256  Num correct: 189  Precision @ 1: 0.7383  AUC @ 1: 0.7927
Test Data Eval:
  Num examples: 512  Num correct: 347  Precision @ 1: 0.6777  AUC @ 1: 0.7299
Step 4600: loss = 0.4388 (0.015 sec)
Training Data Eval:
  Num examples: 3456  Num correct: 3173  Precision @ 1: 0.9181  AUC @ 1: 0.9750
Validation Data Eval:
  Num examples: 256  Num correct: 189  Precision @ 1: 0.7383  AUC @ 1: 0.7964
Test Data Eval:
  Num examples: 512  Num correct: 351  Precision @ 1: 0.6855  AUC @ 1: 0.7310
Step 4800: loss = 0.4031 (0.015 sec)
Training Data Eval:
  Num examples: 3456  Num correct: 3111  Precision @ 1: 0.9002  AUC @ 1: 0.9776
Validation Data Eval:
  Num examples: 256  Num correct: 170  Precision @ 1: 0.6641  AUC @ 1: 0.7954
Test Data Eval:
  Num examples: 512  Num correct: 338  Precision @ 1: 0.6602  AUC @ 1: 0.7357
Step 5000: loss = 0.4162 (0.014 sec)
Training Data Eval:
  Num examples: 3456  Num correct: 3236  Precision @ 1: 0.9363  AUC @ 1: 0.9845
Validation Data Eval:
  Num examples: 256  Num correct: 187  Precision @ 1: 0.7305  AUC @ 1: 0.8044
Test Data Eval:
  Num examples: 512  Num correct: 344  Precision @ 1: 0.6719  AUC @ 1: 0.7262
Step 5200: loss = 0.4034 (0.015 sec)
Training Data Eval:
  Num examples: 3456  Num correct: 3293  Precision @ 1: 0.9528  AUC @ 1: 0.9891
Validation Data Eval:
  Num examples: 256  Num correct: 192  Precision @ 1: 0.7500  AUC @ 1: 0.8034
Test Data Eval:
  Num examples: 512  Num correct: 341  Precision @ 1: 0.6660  AUC @ 1: 0.7254
Step 5400: loss = 0.4459 (0.025 sec)
Training Data Eval:
  Num examples: 3456  Num correct: 3321  Precision @ 1: 0.9609  AUC @ 1: 0.9923
Validation Data Eval:
  Num examples: 256  Num correct: 187  Precision @ 1: 0.7305  AUC @ 1: 0.8053
Test Data Eval:
  Num examples: 512  Num correct: 352  Precision @ 1: 0.6875  AUC @ 1: 0.7253
Step 5600: loss = 0.3468 (0.014 sec)
Training Data Eval:
  Num examples: 3456  Num correct: 3293  Precision @ 1: 0.9528  AUC @ 1: 0.9931
Validation Data Eval:
  Num examples: 256  Num correct: 182  Precision @ 1: 0.7109  AUC @ 1: 0.8032
Test Data Eval:
  Num examples: 512  Num correct: 345  Precision @ 1: 0.6738  AUC @ 1: 0.7296
Step 5800: loss = 0.3882 (0.015 sec)
Training Data Eval:
  Num examples: 3456  Num correct: 3344  Precision @ 1: 0.9676  AUC @ 1: 0.9969
Validation Data Eval:
  Num examples: 256  Num correct: 189  Precision @ 1: 0.7383  AUC @ 1: 0.8064
Test Data Eval:
  Num examples: 512  Num correct: 337  Precision @ 1: 0.6582  AUC @ 1: 0.7155
Step 6000: loss = 0.3365 (0.014 sec)
Training Data Eval:
  Num examples: 3456  Num correct: 3376  Precision @ 1: 0.9769  AUC @ 1: 0.9982
Validation Data Eval:
  Num examples: 256  Num correct: 181  Precision @ 1: 0.7070  AUC @ 1: 0.8091
Test Data Eval:
  Num examples: 512  Num correct: 345  Precision @ 1: 0.6738  AUC @ 1: 0.7206
Step 6200: loss = 0.4017 (0.014 sec)
Training Data Eval:
  Num examples: 3456  Num correct: 3382  Precision @ 1: 0.9786  AUC @ 1: 0.9984
Validation Data Eval:
  Num examples: 256  Num correct: 195  Precision @ 1: 0.7617  AUC @ 1: 0.8094
Test Data Eval:
  Num examples: 512  Num correct: 345  Precision @ 1: 0.6738  AUC @ 1: 0.7263
Step 6400: loss = 0.3905 (0.014 sec)
Training Data Eval:
  Num examples: 3456  Num correct: 3404  Precision @ 1: 0.9850  AUC @ 1: 0.9990
Validation Data Eval:
  Num examples: 256  Num correct: 188  Precision @ 1: 0.7344  AUC @ 1: 0.8086
Test Data Eval:
  Num examples: 512  Num correct: 348  Precision @ 1: 0.6797  AUC @ 1: 0.7217
Step 6600: loss = 0.2916 (0.015 sec)
Training Data Eval:
  Num examples: 3456  Num correct: 3422  Precision @ 1: 0.9902  AUC @ 1: 0.9997
Validation Data Eval:
  Num examples: 256  Num correct: 192  Precision @ 1: 0.7500  AUC @ 1: 0.8101
Test Data Eval:
  Num examples: 512  Num correct: 350  Precision @ 1: 0.6836  AUC @ 1: 0.7168
Step 6800: loss = 0.2436 (0.014 sec)
Training Data Eval:
  Num examples: 3456  Num correct: 3424  Precision @ 1: 0.9907  AUC @ 1: 0.9997
Validation Data Eval:
  Num examples: 256  Num correct: 193  Precision @ 1: 0.7539  AUC @ 1: 0.8132
Test Data Eval:
  Num examples: 512  Num correct: 347  Precision @ 1: 0.6777  AUC @ 1: 0.7187
Step 7000: loss = 0.2842 (0.014 sec)
Training Data Eval:
  Num examples: 3456  Num correct: 3431  Precision @ 1: 0.9928  AUC @ 1: 0.9998
Validation Data Eval:
  Num examples: 256  Num correct: 186  Precision @ 1: 0.7266  AUC @ 1: 0.8132
Test Data Eval:
  Num examples: 512  Num correct: 355  Precision @ 1: 0.6934  AUC @ 1: 0.7223
Step 7200: loss = 0.2942 (0.014 sec)
Training Data Eval:
  Num examples: 3456  Num correct: 3447  Precision @ 1: 0.9974  AUC @ 1: 0.9999
Validation Data Eval:
  Num examples: 256  Num correct: 188  Precision @ 1: 0.7344  AUC @ 1: 0.8132
Test Data Eval:
  Num examples: 512  Num correct: 347  Precision @ 1: 0.6777  AUC @ 1: 0.7159
Step 7400: loss = 0.2282 (0.013 sec)
Training Data Eval:
  Num examples: 3456  Num correct: 3441  Precision @ 1: 0.9957  AUC @ 1: 1.0000
Validation Data Eval:
  Num examples: 256  Num correct: 193  Precision @ 1: 0.7539  AUC @ 1: 0.8172
Test Data Eval:
  Num examples: 512  Num correct: 338  Precision @ 1: 0.6602  AUC @ 1: 0.7096
Step 7600: loss = 0.2381 (0.014 sec)
Training Data Eval:
  Num examples: 3456  Num correct: 3448  Precision @ 1: 0.9977  AUC @ 1: 1.0000
Validation Data Eval:
  Num examples: 256  Num correct: 198  Precision @ 1: 0.7734  AUC @ 1: 0.8156
Test Data Eval:
  Num examples: 512  Num correct: 339  Precision @ 1: 0.6621  AUC @ 1: 0.7112
Step 7800: loss = 0.2506 (0.013 sec)
Training Data Eval:
  Num examples: 3456  Num correct: 3452  Precision @ 1: 0.9988  AUC @ 1: 1.0000
Validation Data Eval:
  Num examples: 256  Num correct: 193  Precision @ 1: 0.7539  AUC @ 1: 0.8165
Test Data Eval:
  Num examples: 512  Num correct: 343  Precision @ 1: 0.6699  AUC @ 1: 0.7108
Step 8000: loss = 0.2369 (0.014 sec)
Training Data Eval:
  Num examples: 3456  Num correct: 3455  Precision @ 1: 0.9997  AUC @ 1: 1.0000
Validation Data Eval:
  Num examples: 256  Num correct: 191  Precision @ 1: 0.7461  AUC @ 1: 0.8147
Test Data Eval:
  Num examples: 512  Num correct: 340  Precision @ 1: 0.6641  AUC @ 1: 0.7125
Step 8200: loss = 0.2613 (0.014 sec)
Training Data Eval:
  Num examples: 3456  Num correct: 3455  Precision @ 1: 0.9997  AUC @ 1: 1.0000
Validation Data Eval:
  Num examples: 256  Num correct: 193  Precision @ 1: 0.7539  AUC @ 1: 0.8163
Test Data Eval:
  Num examples: 512  Num correct: 341  Precision @ 1: 0.6660  AUC @ 1: 0.7073
Step 8400: loss = 0.2287 (0.014 sec)
Training Data Eval:
  Num examples: 3456  Num correct: 3456  Precision @ 1: 1.0000  AUC @ 1: 1.0000
Validation Data Eval:
  Num examples: 256  Num correct: 193  Precision @ 1: 0.7539  AUC @ 1: 0.8159
Test Data Eval:
  Num examples: 512  Num correct: 343  Precision @ 1: 0.6699  AUC @ 1: 0.7056
Step 8600: loss = 0.2224 (0.015 sec)
Training Data Eval:
  Num examples: 3456  Num correct: 3454  Precision @ 1: 0.9994  AUC @ 1: 1.0000
Validation Data Eval:
  Num examples: 256  Num correct: 189  Precision @ 1: 0.7383  AUC @ 1: 0.8169
Test Data Eval:
  Num examples: 512  Num correct: 345  Precision @ 1: 0.6738  AUC @ 1: 0.7165
Step 8800: loss = 0.2405 (0.014 sec)
Training Data Eval:
  Num examples: 3456  Num correct: 3456  Precision @ 1: 1.0000  AUC @ 1: 1.0000
Validation Data Eval:
  Num examples: 256  Num correct: 194  Precision @ 1: 0.7578  AUC @ 1: 0.8158
Test Data Eval:
  Num examples: 512  Num correct: 341  Precision @ 1: 0.6660  AUC @ 1: 0.7045
Step 9000: loss = 0.2116 (0.014 sec)
Training Data Eval:
  Num examples: 3456  Num correct: 3456  Precision @ 1: 1.0000  AUC @ 1: 1.0000
Validation Data Eval:
  Num examples: 256  Num correct: 191  Precision @ 1: 0.7461  AUC @ 1: 0.8188
Test Data Eval:
  Num examples: 512  Num correct: 347  Precision @ 1: 0.6777  AUC @ 1: 0.7129
Step 9200: loss = 0.2135 (0.015 sec)
Training Data Eval:
  Num examples: 3456  Num correct: 3456  Precision @ 1: 1.0000  AUC @ 1: 1.0000
Validation Data Eval:
  Num examples: 256  Num correct: 192  Precision @ 1: 0.7500  AUC @ 1: 0.8193
Test Data Eval:
  Num examples: 512  Num correct: 345  Precision @ 1: 0.6738  AUC @ 1: 0.7073
Step 9400: loss = 0.1987 (0.015 sec)
Training Data Eval:
  Num examples: 3456  Num correct: 3455  Precision @ 1: 0.9997  AUC @ 1: 1.0000
Validation Data Eval:
  Num examples: 256  Num correct: 194  Precision @ 1: 0.7578  AUC @ 1: 0.8203
Test Data Eval:
  Num examples: 512  Num correct: 339  Precision @ 1: 0.6621  AUC @ 1: 0.7124
Step 9600: loss = 0.2298 (0.015 sec)
Training Data Eval:
  Num examples: 3456  Num correct: 3456  Precision @ 1: 1.0000  AUC @ 1: 1.0000
Validation Data Eval:
  Num examples: 256  Num correct: 196  Precision @ 1: 0.7656  AUC @ 1: 0.8189
Test Data Eval:
  Num examples: 512  Num correct: 340  Precision @ 1: 0.6641  AUC @ 1: 0.7043
Step 9800: loss = 0.1940 (0.014 sec)
Training Data Eval:
  Num examples: 3456  Num correct: 3456  Precision @ 1: 1.0000  AUC @ 1: 1.0000
Validation Data Eval:
  Num examples: 256  Num correct: 194  Precision @ 1: 0.7578  AUC @ 1: 0.8220
Test Data Eval:
  Num examples: 512  Num correct: 339  Precision @ 1: 0.6621  AUC @ 1: 0.7069
