Training data shape: 	(10000, 64, 64, 1)
Training label shape:	(10000,)
Testing data shape:  	(1910, 64, 64, 1)
Testing label shape: 	(1910,)
max input value is: 153.458
min input value is: -104.189
random permuted training data
==============================================================================
Model: 			inference_roi_s_cnn
Tensor Name: 	Placeholder:0
[64, 64, 64, 1]
==============================================================================
Tensor Name: concat_64:0
[64, 320, 64, 1]
==============================================================================
Tensor Name: concat_129:0
[64, 320, 320, 1]
==============================================================================
Tensor Name: conv0/conv0:0
[64, 64, 64, 16]
==============================================================================
Tensor Name: local1/local1:0
[64, 128]
==============================================================================
Tensor Name: local2/local2:0
[64, 128]
==============================================================================
Tensor Name: softmax_linear/softmax_linear:0
[64, 2]
Step 0: loss = 21.5046 (0.085 sec)
Training Data Eval:
  Num examples: 8960  Num correct: 6448  Precision @ 1: 0.7196  AUC @ 1: 0.7946
Validation Data Eval:
  Num examples: 960  Num correct: 686  Precision @ 1: 0.7146  AUC @ 1: 0.8066
Test Data Eval:
  Num examples: 1856  Num correct: 1204  Precision @ 1: 0.6487  AUC @ 1: 0.7229
Step 100: loss = 19.7757 (0.081 sec)
Training Data Eval:
  Num examples: 8960  Num correct: 6843  Precision @ 1: 0.7637  AUC @ 1: 0.8220
Validation Data Eval:
  Num examples: 960  Num correct: 740  Precision @ 1: 0.7708  AUC @ 1: 0.8223
Test Data Eval:
  Num examples: 1856  Num correct: 1295  Precision @ 1: 0.6977  AUC @ 1: 0.7379
Step 200: loss = 18.1615 (0.074 sec)
Training Data Eval:
  Num examples: 8960  Num correct: 6955  Precision @ 1: 0.7762  AUC @ 1: 0.8433
Validation Data Eval:
  Num examples: 960  Num correct: 752  Precision @ 1: 0.7833  AUC @ 1: 0.8344
Test Data Eval:
  Num examples: 1856  Num correct: 1322  Precision @ 1: 0.7123  AUC @ 1: 0.7618
Step 300: loss = 16.9091 (0.079 sec)
Training Data Eval:
  Num examples: 8960  Num correct: 7186  Precision @ 1: 0.8020  AUC @ 1: 0.8731
Validation Data Eval:
  Num examples: 960  Num correct: 765  Precision @ 1: 0.7969  AUC @ 1: 0.8407
Test Data Eval:
  Num examples: 1856  Num correct: 1325  Precision @ 1: 0.7139  AUC @ 1: 0.7450
Step 400: loss = 15.5259 (0.078 sec)
Training Data Eval:
  Num examples: 8960  Num correct: 7220  Precision @ 1: 0.8058  AUC @ 1: 0.8781
Validation Data Eval:
  Num examples: 960  Num correct: 766  Precision @ 1: 0.7979  AUC @ 1: 0.8632
Test Data Eval:
  Num examples: 1856  Num correct: 1332  Precision @ 1: 0.7177  AUC @ 1: 0.7592
Step 500: loss = 14.4630 (0.079 sec)
Training Data Eval:
  Num examples: 8960  Num correct: 7336  Precision @ 1: 0.8187  AUC @ 1: 0.8932
Validation Data Eval:
  Num examples: 960  Num correct: 768  Precision @ 1: 0.8000  AUC @ 1: 0.8618
Test Data Eval:
  Num examples: 1856  Num correct: 1354  Precision @ 1: 0.7295  AUC @ 1: 0.7788
Step 600: loss = 13.2933 (0.079 sec)
Training Data Eval:
  Num examples: 8960  Num correct: 7427  Precision @ 1: 0.8289  AUC @ 1: 0.9192
Validation Data Eval:
  Num examples: 960  Num correct: 776  Precision @ 1: 0.8083  AUC @ 1: 0.8747
Test Data Eval:
  Num examples: 1856  Num correct: 1324  Precision @ 1: 0.7134  AUC @ 1: 0.7720
Step 700: loss = 12.2599 (0.166 sec)
Training Data Eval:
  Num examples: 8960  Num correct: 7612  Precision @ 1: 0.8496  AUC @ 1: 0.9222
Validation Data Eval:
  Num examples: 960  Num correct: 781  Precision @ 1: 0.8135  AUC @ 1: 0.8690
Test Data Eval:
  Num examples: 1856  Num correct: 1339  Precision @ 1: 0.7214  AUC @ 1: 0.7614
Step 800: loss = 11.5551 (0.080 sec)
Training Data Eval:
  Num examples: 8960  Num correct: 7637  Precision @ 1: 0.8523  AUC @ 1: 0.9233
Validation Data Eval:
  Num examples: 960  Num correct: 774  Precision @ 1: 0.8063  AUC @ 1: 0.8809
Test Data Eval:
  Num examples: 1856  Num correct: 1322  Precision @ 1: 0.7123  AUC @ 1: 0.7694
Step 900: loss = 10.4512 (0.080 sec)
Training Data Eval:
  Num examples: 8960  Num correct: 7811  Precision @ 1: 0.8718  AUC @ 1: 0.9404
Validation Data Eval:
  Num examples: 960  Num correct: 780  Precision @ 1: 0.8125  AUC @ 1: 0.8821
Test Data Eval:
  Num examples: 1856  Num correct: 1326  Precision @ 1: 0.7144  AUC @ 1: 0.7864
Step 1000: loss = 9.8400 (0.080 sec)
Training Data Eval:
  Num examples: 8960  Num correct: 7782  Precision @ 1: 0.8685  AUC @ 1: 0.9468
Validation Data Eval:
  Num examples: 960  Num correct: 775  Precision @ 1: 0.8073  AUC @ 1: 0.8843
Test Data Eval:
  Num examples: 1856  Num correct: 1312  Precision @ 1: 0.7069  AUC @ 1: 0.7807
Step 1100: loss = 8.9517 (0.081 sec)
Training Data Eval:
  Num examples: 8960  Num correct: 7895  Precision @ 1: 0.8811  AUC @ 1: 0.9547
Validation Data Eval:
  Num examples: 960  Num correct: 776  Precision @ 1: 0.8083  AUC @ 1: 0.8803
Test Data Eval:
  Num examples: 1856  Num correct: 1324  Precision @ 1: 0.7134  AUC @ 1: 0.7733
Step 1200: loss = 8.3560 (0.079 sec)
Training Data Eval:
  Num examples: 8960  Num correct: 7830  Precision @ 1: 0.8739  AUC @ 1: 0.9579
Validation Data Eval:
  Num examples: 960  Num correct: 751  Precision @ 1: 0.7823  AUC @ 1: 0.8916
Test Data Eval:
  Num examples: 1856  Num correct: 1245  Precision @ 1: 0.6708  AUC @ 1: 0.7717
Step 1300: loss = 7.9519 (0.076 sec)
Training Data Eval:
  Num examples: 8960  Num correct: 7651  Precision @ 1: 0.8539  AUC @ 1: 0.9544
Validation Data Eval:
  Num examples: 960  Num correct: 722  Precision @ 1: 0.7521  AUC @ 1: 0.8785
Test Data Eval:
  Num examples: 1856  Num correct: 1220  Precision @ 1: 0.6573  AUC @ 1: 0.7583
Step 1400: loss = 7.2543 (0.145 sec)
Training Data Eval:
  Num examples: 8960  Num correct: 8139  Precision @ 1: 0.9084  AUC @ 1: 0.9733
Validation Data Eval:
  Num examples: 960  Num correct: 786  Precision @ 1: 0.8187  AUC @ 1: 0.8857
Test Data Eval:
  Num examples: 1856  Num correct: 1317  Precision @ 1: 0.7096  AUC @ 1: 0.7669
Step 1500: loss = 6.6868 (0.077 sec)
Training Data Eval:
  Num examples: 8960  Num correct: 8112  Precision @ 1: 0.9054  AUC @ 1: 0.9728
Validation Data Eval:
  Num examples: 960  Num correct: 779  Precision @ 1: 0.8115  AUC @ 1: 0.8782
Test Data Eval:
  Num examples: 1856  Num correct: 1305  Precision @ 1: 0.7031  AUC @ 1: 0.7676
Step 1600: loss = 6.2034 (0.082 sec)
Training Data Eval:
  Num examples: 8960  Num correct: 8182  Precision @ 1: 0.9132  AUC @ 1: 0.9781
Validation Data Eval:
  Num examples: 960  Num correct: 766  Precision @ 1: 0.7979  AUC @ 1: 0.8740
Test Data Eval:
  Num examples: 1856  Num correct: 1284  Precision @ 1: 0.6918  AUC @ 1: 0.7603
Step 1700: loss = 5.6716 (0.080 sec)
Training Data Eval:
  Num examples: 8960  Num correct: 8084  Precision @ 1: 0.9022  AUC @ 1: 0.9757
Validation Data Eval:
  Num examples: 960  Num correct: 774  Precision @ 1: 0.8063  AUC @ 1: 0.8751
Test Data Eval:
  Num examples: 1856  Num correct: 1351  Precision @ 1: 0.7279  AUC @ 1: 0.7706
Step 1800: loss = 5.2416 (0.075 sec)
Training Data Eval:
  Num examples: 8960  Num correct: 8162  Precision @ 1: 0.9109  AUC @ 1: 0.9742
Validation Data Eval:
  Num examples: 960  Num correct: 773  Precision @ 1: 0.8052  AUC @ 1: 0.8769
Test Data Eval:
  Num examples: 1856  Num correct: 1334  Precision @ 1: 0.7188  AUC @ 1: 0.7652
Step 1900: loss = 4.9358 (0.078 sec)
Training Data Eval:
  Num examples: 8960  Num correct: 8285  Precision @ 1: 0.9247  AUC @ 1: 0.9816
Validation Data Eval:
  Num examples: 960  Num correct: 769  Precision @ 1: 0.8010  AUC @ 1: 0.8752
Test Data Eval:
  Num examples: 1856  Num correct: 1283  Precision @ 1: 0.6913  AUC @ 1: 0.7549
Step 2000: loss = 4.5940 (0.072 sec)
Training Data Eval:
  Num examples: 8960  Num correct: 8366  Precision @ 1: 0.9337  AUC @ 1: 0.9898
Validation Data Eval:
  Num examples: 960  Num correct: 776  Precision @ 1: 0.8083  AUC @ 1: 0.8718
Test Data Eval:
  Num examples: 1856  Num correct: 1288  Precision @ 1: 0.6940  AUC @ 1: 0.7599
Step 2100: loss = 4.2939 (0.158 sec)
Training Data Eval:
  Num examples: 8960  Num correct: 8504  Precision @ 1: 0.9491  AUC @ 1: 0.9912
Validation Data Eval:
  Num examples: 960  Num correct: 778  Precision @ 1: 0.8104  AUC @ 1: 0.8812
Test Data Eval:
  Num examples: 1856  Num correct: 1287  Precision @ 1: 0.6934  AUC @ 1: 0.7575
Step 2200: loss = 3.9286 (0.081 sec)
Training Data Eval:
  Num examples: 8960  Num correct: 8422  Precision @ 1: 0.9400  AUC @ 1: 0.9905
Validation Data Eval:
  Num examples: 960  Num correct: 789  Precision @ 1: 0.8219  AUC @ 1: 0.8795
Test Data Eval:
  Num examples: 1856  Num correct: 1359  Precision @ 1: 0.7322  AUC @ 1: 0.7729
Step 2300: loss = 3.6822 (0.078 sec)
Training Data Eval:
  Num examples: 8960  Num correct: 8378  Precision @ 1: 0.9350  AUC @ 1: 0.9913
Validation Data Eval:
  Num examples: 960  Num correct: 772  Precision @ 1: 0.8042  AUC @ 1: 0.8738
Test Data Eval:
  Num examples: 1856  Num correct: 1328  Precision @ 1: 0.7155  AUC @ 1: 0.7574
Step 2400: loss = 3.3726 (0.080 sec)
Training Data Eval:
  Num examples: 8960  Num correct: 8470  Precision @ 1: 0.9453  AUC @ 1: 0.9885
Validation Data Eval:
  Num examples: 960  Num correct: 761  Precision @ 1: 0.7927  AUC @ 1: 0.8765
Test Data Eval:
  Num examples: 1856  Num correct: 1245  Precision @ 1: 0.6708  AUC @ 1: 0.7584
Step 2500: loss = 3.0958 (0.074 sec)
Training Data Eval:
  Num examples: 8960  Num correct: 8484  Precision @ 1: 0.9469  AUC @ 1: 0.9912
Validation Data Eval:
  Num examples: 960  Num correct: 770  Precision @ 1: 0.8021  AUC @ 1: 0.8817
Test Data Eval:
  Num examples: 1856  Num correct: 1282  Precision @ 1: 0.6907  AUC @ 1: 0.7654
Step 2600: loss = 2.9876 (0.075 sec)
Training Data Eval:
  Num examples: 8960  Num correct: 8379  Precision @ 1: 0.9352  AUC @ 1: 0.9886
Validation Data Eval:
  Num examples: 960  Num correct: 778  Precision @ 1: 0.8104  AUC @ 1: 0.8688
Test Data Eval:
  Num examples: 1856  Num correct: 1286  Precision @ 1: 0.6929  AUC @ 1: 0.7562
Step 2700: loss = 2.6978 (0.080 sec)
Training Data Eval:
  Num examples: 8960  Num correct: 8485  Precision @ 1: 0.9470  AUC @ 1: 0.9922
Validation Data Eval:
  Num examples: 960  Num correct: 779  Precision @ 1: 0.8115  AUC @ 1: 0.8716
Test Data Eval:
  Num examples: 1856  Num correct: 1314  Precision @ 1: 0.7080  AUC @ 1: 0.7606
Step 2800: loss = 2.5704 (0.157 sec)
Training Data Eval:
  Num examples: 8960  Num correct: 8514  Precision @ 1: 0.9502  AUC @ 1: 0.9934
Validation Data Eval:
  Num examples: 960  Num correct: 776  Precision @ 1: 0.8083  AUC @ 1: 0.8792
Test Data Eval:
  Num examples: 1856  Num correct: 1288  Precision @ 1: 0.6940  AUC @ 1: 0.7610
Step 2900: loss = 2.3768 (0.080 sec)
Training Data Eval:
  Num examples: 8960  Num correct: 8532  Precision @ 1: 0.9522  AUC @ 1: 0.9939
Validation Data Eval:
  Num examples: 960  Num correct: 757  Precision @ 1: 0.7885  AUC @ 1: 0.8656
Test Data Eval:
  Num examples: 1856  Num correct: 1271  Precision @ 1: 0.6848  AUC @ 1: 0.7494
Step 3000: loss = 2.2003 (0.079 sec)
Training Data Eval:
  Num examples: 8960  Num correct: 8497  Precision @ 1: 0.9483  AUC @ 1: 0.9923
Validation Data Eval:
  Num examples: 960  Num correct: 737  Precision @ 1: 0.7677  AUC @ 1: 0.8579
Test Data Eval:
  Num examples: 1856  Num correct: 1212  Precision @ 1: 0.6530  AUC @ 1: 0.7407
Step 3100: loss = 2.1826 (0.080 sec)
Training Data Eval:
  Num examples: 8960  Num correct: 8457  Precision @ 1: 0.9439  AUC @ 1: 0.9930
Validation Data Eval:
  Num examples: 960  Num correct: 759  Precision @ 1: 0.7906  AUC @ 1: 0.8694
Test Data Eval:
  Num examples: 1856  Num correct: 1297  Precision @ 1: 0.6988  AUC @ 1: 0.7567
Step 3200: loss = 1.9568 (0.076 sec)
Training Data Eval:
  Num examples: 8960  Num correct: 8616  Precision @ 1: 0.9616  AUC @ 1: 0.9958
Validation Data Eval:
  Num examples: 960  Num correct: 765  Precision @ 1: 0.7969  AUC @ 1: 0.8691
Test Data Eval:
  Num examples: 1856  Num correct: 1278  Precision @ 1: 0.6886  AUC @ 1: 0.7476
Step 3300: loss = 1.8883 (0.075 sec)
Training Data Eval:
  Num examples: 8960  Num correct: 8506  Precision @ 1: 0.9493  AUC @ 1: 0.9934
Validation Data Eval:
  Num examples: 960  Num correct: 770  Precision @ 1: 0.8021  AUC @ 1: 0.8729
Test Data Eval:
  Num examples: 1856  Num correct: 1282  Precision @ 1: 0.6907  AUC @ 1: 0.7456
Step 3400: loss = 1.7560 (0.078 sec)
Training Data Eval:
  Num examples: 8960  Num correct: 8632  Precision @ 1: 0.9634  AUC @ 1: 0.9963
Validation Data Eval:
  Num examples: 960  Num correct: 762  Precision @ 1: 0.7937  AUC @ 1: 0.8683
Test Data Eval:
  Num examples: 1856  Num correct: 1225  Precision @ 1: 0.6600  AUC @ 1: 0.7374
Step 3500: loss = 1.5946 (0.166 sec)
Training Data Eval:
  Num examples: 8960  Num correct: 8652  Precision @ 1: 0.9656  AUC @ 1: 0.9965
Validation Data Eval:
  Num examples: 960  Num correct: 775  Precision @ 1: 0.8073  AUC @ 1: 0.8778
Test Data Eval:
  Num examples: 1856  Num correct: 1262  Precision @ 1: 0.6800  AUC @ 1: 0.7544
Step 3600: loss = 1.5671 (0.080 sec)
Training Data Eval:
  Num examples: 8960  Num correct: 8640  Precision @ 1: 0.9643  AUC @ 1: 0.9960
Validation Data Eval:
  Num examples: 960  Num correct: 770  Precision @ 1: 0.8021  AUC @ 1: 0.8781
Test Data Eval:
  Num examples: 1856  Num correct: 1292  Precision @ 1: 0.6961  AUC @ 1: 0.7561
Step 3700: loss = 1.5103 (0.079 sec)
Training Data Eval:
  Num examples: 8960  Num correct: 8633  Precision @ 1: 0.9635  AUC @ 1: 0.9961
Validation Data Eval:
  Num examples: 960  Num correct: 774  Precision @ 1: 0.8063  AUC @ 1: 0.8766
Test Data Eval:
  Num examples: 1856  Num correct: 1331  Precision @ 1: 0.7171  AUC @ 1: 0.7671
Step 3800: loss = 1.2935 (0.077 sec)
Training Data Eval:
  Num examples: 8960  Num correct: 8623  Precision @ 1: 0.9624  AUC @ 1: 0.9967
Validation Data Eval:
  Num examples: 960  Num correct: 777  Precision @ 1: 0.8094  AUC @ 1: 0.8750
Test Data Eval:
  Num examples: 1856  Num correct: 1273  Precision @ 1: 0.6859  AUC @ 1: 0.7516
Step 3900: loss = 1.3100 (0.077 sec)
Training Data Eval:
  Num examples: 8960  Num correct: 8537  Precision @ 1: 0.9528  AUC @ 1: 0.9953
Validation Data Eval:
  Num examples: 960  Num correct: 786  Precision @ 1: 0.8187  AUC @ 1: 0.8823
Test Data Eval:
  Num examples: 1856  Num correct: 1296  Precision @ 1: 0.6983  AUC @ 1: 0.7461
Step 4000: loss = 1.2526 (0.074 sec)
Training Data Eval:
  Num examples: 8960  Num correct: 8575  Precision @ 1: 0.9570  AUC @ 1: 0.9944
Validation Data Eval:
  Num examples: 960  Num correct: 774  Precision @ 1: 0.8063  AUC @ 1: 0.8904
Test Data Eval:
  Num examples: 1856  Num correct: 1238  Precision @ 1: 0.6670  AUC @ 1: 0.7523
Step 4100: loss = 1.0856 (0.080 sec)
Training Data Eval:
  Num examples: 8960  Num correct: 8543  Precision @ 1: 0.9535  AUC @ 1: 0.9925
Validation Data Eval:
  Num examples: 960  Num correct: 776  Precision @ 1: 0.8083  AUC @ 1: 0.8790
Test Data Eval:
  Num examples: 1856  Num correct: 1270  Precision @ 1: 0.6843  AUC @ 1: 0.7580
Step 4200: loss = 0.9893 (0.166 sec)
Training Data Eval:
  Num examples: 8960  Num correct: 8544  Precision @ 1: 0.9536  AUC @ 1: 0.9958
Validation Data Eval:
  Num examples: 960  Num correct: 764  Precision @ 1: 0.7958  AUC @ 1: 0.8713
Test Data Eval:
  Num examples: 1856  Num correct: 1285  Precision @ 1: 0.6923  AUC @ 1: 0.7629
Step 4300: loss = 1.0308 (0.080 sec)
Training Data Eval:
  Num examples: 8960  Num correct: 8559  Precision @ 1: 0.9552  AUC @ 1: 0.9951
Validation Data Eval:
  Num examples: 960  Num correct: 772  Precision @ 1: 0.8042  AUC @ 1: 0.8741
Test Data Eval:
  Num examples: 1856  Num correct: 1269  Precision @ 1: 0.6837  AUC @ 1: 0.7486
Step 4400: loss = 1.0776 (0.080 sec)
Training Data Eval:
  Num examples: 8960  Num correct: 8613  Precision @ 1: 0.9613  AUC @ 1: 0.9965
Validation Data Eval:
  Num examples: 960  Num correct: 767  Precision @ 1: 0.7990  AUC @ 1: 0.8725
Test Data Eval:
  Num examples: 1856  Num correct: 1311  Precision @ 1: 0.7064  AUC @ 1: 0.7591
Step 4500: loss = 0.8559 (0.077 sec)
Training Data Eval:
  Num examples: 8960  Num correct: 8535  Precision @ 1: 0.9526  AUC @ 1: 0.9956
Validation Data Eval:
  Num examples: 960  Num correct: 783  Precision @ 1: 0.8156  AUC @ 1: 0.8737
Test Data Eval:
  Num examples: 1856  Num correct: 1301  Precision @ 1: 0.7010  AUC @ 1: 0.7569
Step 4600: loss = 0.8166 (0.079 sec)
Training Data Eval:
  Num examples: 8960  Num correct: 8523  Precision @ 1: 0.9512  AUC @ 1: 0.9947
Validation Data Eval:
  Num examples: 960  Num correct: 766  Precision @ 1: 0.7979  AUC @ 1: 0.8681
Test Data Eval:
  Num examples: 1856  Num correct: 1290  Precision @ 1: 0.6950  AUC @ 1: 0.7585
Step 4700: loss = 0.8309 (0.079 sec)
Training Data Eval:
  Num examples: 8960  Num correct: 8673  Precision @ 1: 0.9680  AUC @ 1: 0.9970
Validation Data Eval:
  Num examples: 960  Num correct: 767  Precision @ 1: 0.7990  AUC @ 1: 0.8814
Test Data Eval:
  Num examples: 1856  Num correct: 1247  Precision @ 1: 0.6719  AUC @ 1: 0.7514
Step 4800: loss = 0.9049 (0.077 sec)
Training Data Eval:
  Num examples: 8960  Num correct: 8566  Precision @ 1: 0.9560  AUC @ 1: 0.9946
Validation Data Eval:
  Num examples: 960  Num correct: 772  Precision @ 1: 0.8042  AUC @ 1: 0.8706
Test Data Eval:
  Num examples: 1856  Num correct: 1272  Precision @ 1: 0.6853  AUC @ 1: 0.7358
Step 4900: loss = 0.7901 (0.162 sec)
Training Data Eval:
  Num examples: 8960  Num correct: 8604  Precision @ 1: 0.9603  AUC @ 1: 0.9954
Validation Data Eval:
  Num examples: 960  Num correct: 767  Precision @ 1: 0.7990  AUC @ 1: 0.8692
Test Data Eval:
  Num examples: 1856  Num correct: 1273  Precision @ 1: 0.6859  AUC @ 1: 0.7487
Step 5000: loss = 0.8227 (0.077 sec)
Training Data Eval:
  Num examples: 8960  Num correct: 8604  Precision @ 1: 0.9603  AUC @ 1: 0.9969
Validation Data Eval:
  Num examples: 960  Num correct: 781  Precision @ 1: 0.8135  AUC @ 1: 0.8783
Test Data Eval:
  Num examples: 1856  Num correct: 1306  Precision @ 1: 0.7037  AUC @ 1: 0.7519
Step 5100: loss = 0.7098 (0.078 sec)
Training Data Eval:
  Num examples: 8960  Num correct: 8611  Precision @ 1: 0.9610  AUC @ 1: 0.9954
Validation Data Eval:
  Num examples: 960  Num correct: 755  Precision @ 1: 0.7865  AUC @ 1: 0.8608
Test Data Eval:
  Num examples: 1856  Num correct: 1272  Precision @ 1: 0.6853  AUC @ 1: 0.7504
Step 5200: loss = 0.7638 (0.075 sec)
Training Data Eval:
  Num examples: 8960  Num correct: 8523  Precision @ 1: 0.9512  AUC @ 1: 0.9943
Validation Data Eval:
  Num examples: 960  Num correct: 771  Precision @ 1: 0.8031  AUC @ 1: 0.8626
Test Data Eval:
  Num examples: 1856  Num correct: 1286  Precision @ 1: 0.6929  AUC @ 1: 0.7443
Step 5300: loss = 0.7685 (0.080 sec)
Training Data Eval:
  Num examples: 8960  Num correct: 8649  Precision @ 1: 0.9653  AUC @ 1: 0.9970
Validation Data Eval:
  Num examples: 960  Num correct: 772  Precision @ 1: 0.8042  AUC @ 1: 0.8747
Test Data Eval:
  Num examples: 1856  Num correct: 1246  Precision @ 1: 0.6713  AUC @ 1: 0.7428
Step 5400: loss = 0.6314 (0.080 sec)
Training Data Eval:
  Num examples: 8960  Num correct: 8647  Precision @ 1: 0.9651  AUC @ 1: 0.9966
Validation Data Eval:
  Num examples: 960  Num correct: 779  Precision @ 1: 0.8115  AUC @ 1: 0.8782
Test Data Eval:
  Num examples: 1856  Num correct: 1282  Precision @ 1: 0.6907  AUC @ 1: 0.7515
Step 5500: loss = 0.6420 (0.080 sec)
Training Data Eval:
  Num examples: 8960  Num correct: 8609  Precision @ 1: 0.9608  AUC @ 1: 0.9957
Validation Data Eval:
  Num examples: 960  Num correct: 758  Precision @ 1: 0.7896  AUC @ 1: 0.8728
Test Data Eval:
  Num examples: 1856  Num correct: 1245  Precision @ 1: 0.6708  AUC @ 1: 0.7405
Step 5600: loss = 0.5683 (0.163 sec)
Training Data Eval:
  Num examples: 8960  Num correct: 8651  Precision @ 1: 0.9655  AUC @ 1: 0.9965
Validation Data Eval:
  Num examples: 960  Num correct: 763  Precision @ 1: 0.7948  AUC @ 1: 0.8771
Test Data Eval:
  Num examples: 1856  Num correct: 1287  Precision @ 1: 0.6934  AUC @ 1: 0.7572
Step 5700: loss = 0.5959 (0.081 sec)
Training Data Eval:
  Num examples: 8960  Num correct: 8637  Precision @ 1: 0.9640  AUC @ 1: 0.9965
Validation Data Eval:
  Num examples: 960  Num correct: 773  Precision @ 1: 0.8052  AUC @ 1: 0.8668
Test Data Eval:
  Num examples: 1856  Num correct: 1319  Precision @ 1: 0.7107  AUC @ 1: 0.7595
Step 5800: loss = 0.5228 (0.076 sec)
Training Data Eval:
  Num examples: 8960  Num correct: 8695  Precision @ 1: 0.9704  AUC @ 1: 0.9970
Validation Data Eval:
  Num examples: 960  Num correct: 758  Precision @ 1: 0.7896  AUC @ 1: 0.8763
Test Data Eval:
  Num examples: 1856  Num correct: 1257  Precision @ 1: 0.6773  AUC @ 1: 0.7533
Step 5900: loss = 0.5970 (0.079 sec)
Training Data Eval:
  Num examples: 8960  Num correct: 8619  Precision @ 1: 0.9619  AUC @ 1: 0.9964
Validation Data Eval:
  Num examples: 960  Num correct: 758  Precision @ 1: 0.7896  AUC @ 1: 0.8627
Test Data Eval:
  Num examples: 1856  Num correct: 1249  Precision @ 1: 0.6730  AUC @ 1: 0.7282
Step 6000: loss = 0.6155 (0.079 sec)
Training Data Eval:
  Num examples: 8960  Num correct: 8571  Precision @ 1: 0.9566  AUC @ 1: 0.9957
Validation Data Eval:
  Num examples: 960  Num correct: 759  Precision @ 1: 0.7906  AUC @ 1: 0.8636
Test Data Eval:
  Num examples: 1856  Num correct: 1278  Precision @ 1: 0.6886  AUC @ 1: 0.7320
Step 6100: loss = 0.5129 (0.080 sec)
Training Data Eval:
  Num examples: 8960  Num correct: 8615  Precision @ 1: 0.9615  AUC @ 1: 0.9955
Validation Data Eval:
  Num examples: 960  Num correct: 780  Precision @ 1: 0.8125  AUC @ 1: 0.8817
Test Data Eval:
  Num examples: 1856  Num correct: 1259  Precision @ 1: 0.6783  AUC @ 1: 0.7479
Step 6200: loss = 0.6483 (0.080 sec)
Training Data Eval:
  Num examples: 8960  Num correct: 8650  Precision @ 1: 0.9654  AUC @ 1: 0.9964
Validation Data Eval:
  Num examples: 960  Num correct: 756  Precision @ 1: 0.7875  AUC @ 1: 0.8685
Test Data Eval:
  Num examples: 1856  Num correct: 1267  Precision @ 1: 0.6827  AUC @ 1: 0.7508
Step 6300: loss = 0.4792 (0.161 sec)
Training Data Eval:
  Num examples: 8960  Num correct: 8585  Precision @ 1: 0.9581  AUC @ 1: 0.9967
Validation Data Eval:
  Num examples: 960  Num correct: 779  Precision @ 1: 0.8115  AUC @ 1: 0.8703
Test Data Eval:
  Num examples: 1856  Num correct: 1254  Precision @ 1: 0.6756  AUC @ 1: 0.7358
Step 6400: loss = 0.4774 (0.078 sec)
Training Data Eval:
  Num examples: 8960  Num correct: 8509  Precision @ 1: 0.9497  AUC @ 1: 0.9930
Validation Data Eval:
  Num examples: 960  Num correct: 756  Precision @ 1: 0.7875  AUC @ 1: 0.8673
Test Data Eval:
  Num examples: 1856  Num correct: 1279  Precision @ 1: 0.6891  AUC @ 1: 0.7480
Step 6500: loss = 0.4601 (0.077 sec)
Training Data Eval:
  Num examples: 8960  Num correct: 8597  Precision @ 1: 0.9595  AUC @ 1: 0.9952
Validation Data Eval:
  Num examples: 960  Num correct: 775  Precision @ 1: 0.8073  AUC @ 1: 0.8685
Test Data Eval:
  Num examples: 1856  Num correct: 1292  Precision @ 1: 0.6961  AUC @ 1: 0.7556
Step 6600: loss = 0.4170 (0.079 sec)
Training Data Eval:
  Num examples: 8960  Num correct: 8667  Precision @ 1: 0.9673  AUC @ 1: 0.9974
Validation Data Eval:
  Num examples: 960  Num correct: 778  Precision @ 1: 0.8104  AUC @ 1: 0.8785
Test Data Eval:
  Num examples: 1856  Num correct: 1299  Precision @ 1: 0.6999  AUC @ 1: 0.7554
Step 6700: loss = 0.4813 (0.076 sec)
Training Data Eval:
  Num examples: 8960  Num correct: 8686  Precision @ 1: 0.9694  AUC @ 1: 0.9970
Validation Data Eval:
  Num examples: 960  Num correct: 765  Precision @ 1: 0.7969  AUC @ 1: 0.8774
Test Data Eval:
  Num examples: 1856  Num correct: 1248  Precision @ 1: 0.6724  AUC @ 1: 0.7509
Step 6800: loss = 0.4383 (0.078 sec)
Training Data Eval:
  Num examples: 8960  Num correct: 8715  Precision @ 1: 0.9727  AUC @ 1: 0.9977
Validation Data Eval:
  Num examples: 960  Num correct: 777  Precision @ 1: 0.8094  AUC @ 1: 0.8735
Test Data Eval:
  Num examples: 1856  Num correct: 1289  Precision @ 1: 0.6945  AUC @ 1: 0.7510
Step 6900: loss = 0.4043 (0.082 sec)
Training Data Eval:
  Num examples: 8960  Num correct: 8661  Precision @ 1: 0.9666  AUC @ 1: 0.9963
Validation Data Eval:
  Num examples: 960  Num correct: 765  Precision @ 1: 0.7969  AUC @ 1: 0.8716
Test Data Eval:
  Num examples: 1856  Num correct: 1320  Precision @ 1: 0.7112  AUC @ 1: 0.7536
Step 7000: loss = 0.4445 (0.165 sec)
Training Data Eval:
  Num examples: 8960  Num correct: 8559  Precision @ 1: 0.9552  AUC @ 1: 0.9932
Validation Data Eval:
  Num examples: 960  Num correct: 763  Precision @ 1: 0.7948  AUC @ 1: 0.8747
Test Data Eval:
  Num examples: 1856  Num correct: 1238  Precision @ 1: 0.6670  AUC @ 1: 0.7429
Step 7100: loss = 0.4371 (0.080 sec)
Training Data Eval:
  Num examples: 8960  Num correct: 8638  Precision @ 1: 0.9641  AUC @ 1: 0.9962
Validation Data Eval:
  Num examples: 960  Num correct: 768  Precision @ 1: 0.8000  AUC @ 1: 0.8666
Test Data Eval:
  Num examples: 1856  Num correct: 1275  Precision @ 1: 0.6870  AUC @ 1: 0.7499
Step 7200: loss = 0.4575 (0.080 sec)
Training Data Eval:
  Num examples: 8960  Num correct: 8684  Precision @ 1: 0.9692  AUC @ 1: 0.9976
Validation Data Eval:
  Num examples: 960  Num correct: 760  Precision @ 1: 0.7917  AUC @ 1: 0.8725
Test Data Eval:
  Num examples: 1856  Num correct: 1271  Precision @ 1: 0.6848  AUC @ 1: 0.7459
Step 7300: loss = 0.4935 (0.080 sec)
Training Data Eval:
  Num examples: 8960  Num correct: 8670  Precision @ 1: 0.9676  AUC @ 1: 0.9942
Validation Data Eval:
  Num examples: 960  Num correct: 760  Precision @ 1: 0.7917  AUC @ 1: 0.8690
Test Data Eval:
  Num examples: 1856  Num correct: 1295  Precision @ 1: 0.6977  AUC @ 1: 0.7486
Step 7400: loss = 0.4153 (0.080 sec)
Training Data Eval:
  Num examples: 8960  Num correct: 8613  Precision @ 1: 0.9613  AUC @ 1: 0.9967
Validation Data Eval:
  Num examples: 960  Num correct: 765  Precision @ 1: 0.7969  AUC @ 1: 0.8681
Test Data Eval:
  Num examples: 1856  Num correct: 1309  Precision @ 1: 0.7053  AUC @ 1: 0.7516
Step 7500: loss = 0.4767 (0.078 sec)
Training Data Eval:
  Num examples: 8960  Num correct: 8625  Precision @ 1: 0.9626  AUC @ 1: 0.9969
Validation Data Eval:
  Num examples: 960  Num correct: 765  Precision @ 1: 0.7969  AUC @ 1: 0.8734
Test Data Eval:
  Num examples: 1856  Num correct: 1312  Precision @ 1: 0.7069  AUC @ 1: 0.7516
Step 7600: loss = 0.3514 (0.078 sec)
Training Data Eval:
  Num examples: 8960  Num correct: 8576  Precision @ 1: 0.9571  AUC @ 1: 0.9964
Validation Data Eval:
  Num examples: 960  Num correct: 757  Precision @ 1: 0.7885  AUC @ 1: 0.8674
Test Data Eval:
  Num examples: 1856  Num correct: 1300  Precision @ 1: 0.7004  AUC @ 1: 0.7488
Step 7700: loss = 0.4322 (0.154 sec)
Training Data Eval:
  Num examples: 8960  Num correct: 8654  Precision @ 1: 0.9658  AUC @ 1: 0.9976
Validation Data Eval:
  Num examples: 960  Num correct: 774  Precision @ 1: 0.8063  AUC @ 1: 0.8724
Test Data Eval:
  Num examples: 1856  Num correct: 1288  Precision @ 1: 0.6940  AUC @ 1: 0.7481
Step 7800: loss = 0.3981 (0.082 sec)
Training Data Eval:
  Num examples: 8960  Num correct: 8600  Precision @ 1: 0.9598  AUC @ 1: 0.9956
Validation Data Eval:
  Num examples: 960  Num correct: 751  Precision @ 1: 0.7823  AUC @ 1: 0.8712
Test Data Eval:
  Num examples: 1856  Num correct: 1257  Precision @ 1: 0.6773  AUC @ 1: 0.7474
Step 7900: loss = 0.3972 (0.078 sec)
Training Data Eval:
  Num examples: 8960  Num correct: 8700  Precision @ 1: 0.9710  AUC @ 1: 0.9975
Validation Data Eval:
  Num examples: 960  Num correct: 772  Precision @ 1: 0.8042  AUC @ 1: 0.8676
Test Data Eval:
  Num examples: 1856  Num correct: 1305  Precision @ 1: 0.7031  AUC @ 1: 0.7482
Step 8000: loss = 0.5338 (0.080 sec)
Training Data Eval:
  Num examples: 8960  Num correct: 8686  Precision @ 1: 0.9694  AUC @ 1: 0.9972
Validation Data Eval:
  Num examples: 960  Num correct: 740  Precision @ 1: 0.7708  AUC @ 1: 0.8548
Test Data Eval:
  Num examples: 1856  Num correct: 1271  Precision @ 1: 0.6848  AUC @ 1: 0.7542
Step 8100: loss = 0.4056 (0.077 sec)
Training Data Eval:
  Num examples: 8960  Num correct: 8692  Precision @ 1: 0.9701  AUC @ 1: 0.9977
Validation Data Eval:
  Num examples: 960  Num correct: 763  Precision @ 1: 0.7948  AUC @ 1: 0.8662
Test Data Eval:
  Num examples: 1856  Num correct: 1255  Precision @ 1: 0.6762  AUC @ 1: 0.7540
Step 8200: loss = 0.3555 (0.080 sec)
Training Data Eval:
  Num examples: 8960  Num correct: 8645  Precision @ 1: 0.9648  AUC @ 1: 0.9962
Validation Data Eval:
  Num examples: 960  Num correct: 760  Precision @ 1: 0.7917  AUC @ 1: 0.8676
Test Data Eval:
  Num examples: 1856  Num correct: 1259  Precision @ 1: 0.6783  AUC @ 1: 0.7409
Step 8300: loss = 0.4318 (0.077 sec)
Training Data Eval:
  Num examples: 8960  Num correct: 8688  Precision @ 1: 0.9696  AUC @ 1: 0.9979
Validation Data Eval:
  Num examples: 960  Num correct: 771  Precision @ 1: 0.8031  AUC @ 1: 0.8749
Test Data Eval:
  Num examples: 1856  Num correct: 1265  Precision @ 1: 0.6816  AUC @ 1: 0.7465
Step 8400: loss = 0.4915 (0.160 sec)
Training Data Eval:
  Num examples: 8960  Num correct: 8648  Precision @ 1: 0.9652  AUC @ 1: 0.9977
Validation Data Eval:
  Num examples: 960  Num correct: 756  Precision @ 1: 0.7875  AUC @ 1: 0.8586
Test Data Eval:
  Num examples: 1856  Num correct: 1275  Precision @ 1: 0.6870  AUC @ 1: 0.7456
Step 8500: loss = 0.3185 (0.082 sec)
Training Data Eval:
  Num examples: 8960  Num correct: 8535  Precision @ 1: 0.9526  AUC @ 1: 0.9961
Validation Data Eval:
  Num examples: 960  Num correct: 750  Precision @ 1: 0.7812  AUC @ 1: 0.8565
Test Data Eval:
  Num examples: 1856  Num correct: 1248  Precision @ 1: 0.6724  AUC @ 1: 0.7342
Step 8600: loss = 0.4685 (0.077 sec)
Training Data Eval:
  Num examples: 8960  Num correct: 8730  Precision @ 1: 0.9743  AUC @ 1: 0.9976
Validation Data Eval:
  Num examples: 960  Num correct: 764  Precision @ 1: 0.7958  AUC @ 1: 0.8748
Test Data Eval:
  Num examples: 1856  Num correct: 1288  Precision @ 1: 0.6940  AUC @ 1: 0.7590
Step 8700: loss = 0.3217 (0.081 sec)
Training Data Eval:
  Num examples: 8960  Num correct: 8652  Precision @ 1: 0.9656  AUC @ 1: 0.9977
Validation Data Eval:
  Num examples: 960  Num correct: 769  Precision @ 1: 0.8010  AUC @ 1: 0.8681
Test Data Eval:
  Num examples: 1856  Num correct: 1230  Precision @ 1: 0.6627  AUC @ 1: 0.7327
Step 8800: loss = 0.3807 (0.079 sec)
Training Data Eval:
  Num examples: 8960  Num correct: 8713  Precision @ 1: 0.9724  AUC @ 1: 0.9975
Validation Data Eval:
  Num examples: 960  Num correct: 757  Precision @ 1: 0.7885  AUC @ 1: 0.8602
Test Data Eval:
  Num examples: 1856  Num correct: 1281  Precision @ 1: 0.6902  AUC @ 1: 0.7518
Step 8900: loss = 0.3507 (0.081 sec)
Training Data Eval:
  Num examples: 8960  Num correct: 8688  Precision @ 1: 0.9696  AUC @ 1: 0.9978
Validation Data Eval:
  Num examples: 960  Num correct: 777  Precision @ 1: 0.8094  AUC @ 1: 0.8674
Test Data Eval:
  Num examples: 1856  Num correct: 1298  Precision @ 1: 0.6994  AUC @ 1: 0.7551
Step 9000: loss = 0.3922 (0.078 sec)
Training Data Eval:
  Num examples: 8960  Num correct: 8694  Precision @ 1: 0.9703  AUC @ 1: 0.9980
Validation Data Eval:
  Num examples: 960  Num correct: 755  Precision @ 1: 0.7865  AUC @ 1: 0.8640
Test Data Eval:
  Num examples: 1856  Num correct: 1263  Precision @ 1: 0.6805  AUC @ 1: 0.7548
Step 9100: loss = 0.3897 (0.168 sec)
Training Data Eval:
  Num examples: 8960  Num correct: 8679  Precision @ 1: 0.9686  AUC @ 1: 0.9979
Validation Data Eval:
  Num examples: 960  Num correct: 775  Precision @ 1: 0.8073  AUC @ 1: 0.8643
Test Data Eval:
  Num examples: 1856  Num correct: 1255  Precision @ 1: 0.6762  AUC @ 1: 0.7498
Step 9200: loss = 0.4176 (0.079 sec)
Training Data Eval:
  Num examples: 8960  Num correct: 8724  Precision @ 1: 0.9737  AUC @ 1: 0.9975
Validation Data Eval:
  Num examples: 960  Num correct: 774  Precision @ 1: 0.8063  AUC @ 1: 0.8712
Test Data Eval:
  Num examples: 1856  Num correct: 1257  Precision @ 1: 0.6773  AUC @ 1: 0.7671
Step 9300: loss = 0.5266 (0.081 sec)
Training Data Eval:
  Num examples: 8960  Num correct: 8669  Precision @ 1: 0.9675  AUC @ 1: 0.9972
Validation Data Eval:
  Num examples: 960  Num correct: 756  Precision @ 1: 0.7875  AUC @ 1: 0.8667
Test Data Eval:
  Num examples: 1856  Num correct: 1271  Precision @ 1: 0.6848  AUC @ 1: 0.7591
Step 9400: loss = 0.4240 (0.080 sec)
Training Data Eval:
  Num examples: 8960  Num correct: 8484  Precision @ 1: 0.9469  AUC @ 1: 0.9949
Validation Data Eval:
  Num examples: 960  Num correct: 738  Precision @ 1: 0.7688  AUC @ 1: 0.8619
Test Data Eval:
  Num examples: 1856  Num correct: 1283  Precision @ 1: 0.6913  AUC @ 1: 0.7542
Step 9500: loss = 0.4557 (0.082 sec)
Training Data Eval:
  Num examples: 8960  Num correct: 8664  Precision @ 1: 0.9670  AUC @ 1: 0.9968
Validation Data Eval:
  Num examples: 960  Num correct: 769  Precision @ 1: 0.8010  AUC @ 1: 0.8659
Test Data Eval:
  Num examples: 1856  Num correct: 1287  Precision @ 1: 0.6934  AUC @ 1: 0.7488
Step 9600: loss = 0.3957 (0.081 sec)
Training Data Eval:
  Num examples: 8960  Num correct: 8697  Precision @ 1: 0.9706  AUC @ 1: 0.9972
Validation Data Eval:
  Num examples: 960  Num correct: 763  Precision @ 1: 0.7948  AUC @ 1: 0.8607
Test Data Eval:
  Num examples: 1856  Num correct: 1294  Precision @ 1: 0.6972  AUC @ 1: 0.7583
Step 9700: loss = 0.2892 (0.079 sec)
Training Data Eval:
  Num examples: 8960  Num correct: 8652  Precision @ 1: 0.9656  AUC @ 1: 0.9976
Validation Data Eval:
  Num examples: 960  Num correct: 757  Precision @ 1: 0.7885  AUC @ 1: 0.8597
Test Data Eval:
  Num examples: 1856  Num correct: 1305  Precision @ 1: 0.7031  AUC @ 1: 0.7633
Step 9800: loss = 0.3730 (0.165 sec)
Training Data Eval:
  Num examples: 8960  Num correct: 8713  Precision @ 1: 0.9724  AUC @ 1: 0.9983
Validation Data Eval:
  Num examples: 960  Num correct: 754  Precision @ 1: 0.7854  AUC @ 1: 0.8505
Test Data Eval:
  Num examples: 1856  Num correct: 1269  Precision @ 1: 0.6837  AUC @ 1: 0.7379
Step 9900: loss = 0.4322 (0.078 sec)
Training Data Eval:
  Num examples: 8960  Num correct: 8701  Precision @ 1: 0.9711  AUC @ 1: 0.9974
Validation Data Eval:
  Num examples: 960  Num correct: 758  Precision @ 1: 0.7896  AUC @ 1: 0.8618
Test Data Eval:
  Num examples: 1856  Num correct: 1299  Precision @ 1: 0.6999  AUC @ 1: 0.7593
