Training data shape: 	(10000, 64, 64, 1)
Training label shape:	(10000,)
Testing data shape:  	(1910, 64, 64, 1)
Testing label shape: 	(1910,)
max input value is: 153.458
min input value is: -104.189
random permuted training data
==============================================================================
Model: 			inference_roi_s_cnn
Tensor Name: 	Placeholder:0
[64, 64, 64, 1]
==============================================================================
Tensor Name: concat_64:0
[64, 320, 64, 1]
==============================================================================
Tensor Name: concat_129:0
[64, 320, 320, 1]
==============================================================================
Tensor Name: conv0/conv0:0
[64, 64, 64, 8]
==============================================================================
Tensor Name: local1/local1:0
[64, 128]
==============================================================================
Tensor Name: local2/local2:0
[64, 128]
==============================================================================
Tensor Name: softmax_linear/softmax_linear:0
[64, 2]
Step 0: loss = 11.1205 (0.063 sec)
Training Data Eval:
  Num examples: 8960  Num correct: 6248  Precision @ 1: 0.6973  AUC @ 1: 0.7907
Validation Data Eval:
  Num examples: 960  Num correct: 646  Precision @ 1: 0.6729  AUC @ 1: 0.7630
Test Data Eval:
  Num examples: 1856  Num correct: 1217  Precision @ 1: 0.6557  AUC @ 1: 0.7287
Step 100: loss = 10.2920 (0.056 sec)
Training Data Eval:
  Num examples: 8960  Num correct: 6746  Precision @ 1: 0.7529  AUC @ 1: 0.8339
Validation Data Eval:
  Num examples: 960  Num correct: 711  Precision @ 1: 0.7406  AUC @ 1: 0.8110
Test Data Eval:
  Num examples: 1856  Num correct: 1266  Precision @ 1: 0.6821  AUC @ 1: 0.7418
Step 200: loss = 9.4114 (0.060 sec)
Training Data Eval:
  Num examples: 8960  Num correct: 7011  Precision @ 1: 0.7825  AUC @ 1: 0.8514
Validation Data Eval:
  Num examples: 960  Num correct: 730  Precision @ 1: 0.7604  AUC @ 1: 0.8170
Test Data Eval:
  Num examples: 1856  Num correct: 1331  Precision @ 1: 0.7171  AUC @ 1: 0.7583
Step 300: loss = 8.7209 (0.059 sec)
Training Data Eval:
  Num examples: 8960  Num correct: 7138  Precision @ 1: 0.7967  AUC @ 1: 0.8670
Validation Data Eval:
  Num examples: 960  Num correct: 743  Precision @ 1: 0.7740  AUC @ 1: 0.8355
Test Data Eval:
  Num examples: 1856  Num correct: 1312  Precision @ 1: 0.7069  AUC @ 1: 0.7692
Step 400: loss = 7.9371 (0.057 sec)
Training Data Eval:
  Num examples: 8960  Num correct: 7247  Precision @ 1: 0.8088  AUC @ 1: 0.8797
Validation Data Eval:
  Num examples: 960  Num correct: 747  Precision @ 1: 0.7781  AUC @ 1: 0.8376
Test Data Eval:
  Num examples: 1856  Num correct: 1308  Precision @ 1: 0.7047  AUC @ 1: 0.7699
Step 500: loss = 7.5059 (0.055 sec)
Training Data Eval:
  Num examples: 8960  Num correct: 7335  Precision @ 1: 0.8186  AUC @ 1: 0.8960
Validation Data Eval:
  Num examples: 960  Num correct: 753  Precision @ 1: 0.7844  AUC @ 1: 0.8512
Test Data Eval:
  Num examples: 1856  Num correct: 1349  Precision @ 1: 0.7268  AUC @ 1: 0.7750
Step 600: loss = 6.8352 (0.057 sec)
Training Data Eval:
  Num examples: 8960  Num correct: 7472  Precision @ 1: 0.8339  AUC @ 1: 0.9157
Validation Data Eval:
  Num examples: 960  Num correct: 731  Precision @ 1: 0.7615  AUC @ 1: 0.8450
Test Data Eval:
  Num examples: 1856  Num correct: 1317  Precision @ 1: 0.7096  AUC @ 1: 0.7684
Step 700: loss = 6.4760 (0.144 sec)
Training Data Eval:
  Num examples: 8960  Num correct: 7665  Precision @ 1: 0.8555  AUC @ 1: 0.9270
Validation Data Eval:
  Num examples: 960  Num correct: 735  Precision @ 1: 0.7656  AUC @ 1: 0.8521
Test Data Eval:
  Num examples: 1856  Num correct: 1319  Precision @ 1: 0.7107  AUC @ 1: 0.7683
Step 800: loss = 5.9952 (0.058 sec)
Training Data Eval:
  Num examples: 8960  Num correct: 7783  Precision @ 1: 0.8686  AUC @ 1: 0.9402
Validation Data Eval:
  Num examples: 960  Num correct: 748  Precision @ 1: 0.7792  AUC @ 1: 0.8605
Test Data Eval:
  Num examples: 1856  Num correct: 1323  Precision @ 1: 0.7128  AUC @ 1: 0.7800
Step 900: loss = 5.4030 (0.062 sec)
Training Data Eval:
  Num examples: 8960  Num correct: 7695  Precision @ 1: 0.8588  AUC @ 1: 0.9483
Validation Data Eval:
  Num examples: 960  Num correct: 761  Precision @ 1: 0.7927  AUC @ 1: 0.8616
Test Data Eval:
  Num examples: 1856  Num correct: 1360  Precision @ 1: 0.7328  AUC @ 1: 0.7781
Step 1000: loss = 5.1094 (0.061 sec)
Training Data Eval:
  Num examples: 8960  Num correct: 7880  Precision @ 1: 0.8795  AUC @ 1: 0.9535
Validation Data Eval:
  Num examples: 960  Num correct: 752  Precision @ 1: 0.7833  AUC @ 1: 0.8556
Test Data Eval:
  Num examples: 1856  Num correct: 1324  Precision @ 1: 0.7134  AUC @ 1: 0.7764
Step 1100: loss = 4.6925 (0.056 sec)
Training Data Eval:
  Num examples: 8960  Num correct: 7883  Precision @ 1: 0.8798  AUC @ 1: 0.9573
Validation Data Eval:
  Num examples: 960  Num correct: 762  Precision @ 1: 0.7937  AUC @ 1: 0.8577
Test Data Eval:
  Num examples: 1856  Num correct: 1352  Precision @ 1: 0.7284  AUC @ 1: 0.7693
Step 1200: loss = 4.4454 (0.060 sec)
Training Data Eval:
  Num examples: 8960  Num correct: 8038  Precision @ 1: 0.8971  AUC @ 1: 0.9684
Validation Data Eval:
  Num examples: 960  Num correct: 756  Precision @ 1: 0.7875  AUC @ 1: 0.8551
Test Data Eval:
  Num examples: 1856  Num correct: 1332  Precision @ 1: 0.7177  AUC @ 1: 0.7717
Step 1300: loss = 4.0499 (0.057 sec)
Training Data Eval:
  Num examples: 8960  Num correct: 8263  Precision @ 1: 0.9222  AUC @ 1: 0.9788
Validation Data Eval:
  Num examples: 960  Num correct: 772  Precision @ 1: 0.8042  AUC @ 1: 0.8709
Test Data Eval:
  Num examples: 1856  Num correct: 1316  Precision @ 1: 0.7091  AUC @ 1: 0.7757
Step 1400: loss = 3.7630 (0.147 sec)
Training Data Eval:
  Num examples: 8960  Num correct: 8246  Precision @ 1: 0.9203  AUC @ 1: 0.9800
Validation Data Eval:
  Num examples: 960  Num correct: 742  Precision @ 1: 0.7729  AUC @ 1: 0.8608
Test Data Eval:
  Num examples: 1856  Num correct: 1265  Precision @ 1: 0.6816  AUC @ 1: 0.7704
Step 1500: loss = 3.5777 (0.054 sec)
Training Data Eval:
  Num examples: 8960  Num correct: 8275  Precision @ 1: 0.9235  AUC @ 1: 0.9816
Validation Data Eval:
  Num examples: 960  Num correct: 761  Precision @ 1: 0.7927  AUC @ 1: 0.8606
Test Data Eval:
  Num examples: 1856  Num correct: 1298  Precision @ 1: 0.6994  AUC @ 1: 0.7600
Step 1600: loss = 3.1874 (0.058 sec)
Training Data Eval:
  Num examples: 8960  Num correct: 8423  Precision @ 1: 0.9401  AUC @ 1: 0.9873
Validation Data Eval:
  Num examples: 960  Num correct: 763  Precision @ 1: 0.7948  AUC @ 1: 0.8648
Test Data Eval:
  Num examples: 1856  Num correct: 1299  Precision @ 1: 0.6999  AUC @ 1: 0.7691
Step 1700: loss = 2.9525 (0.059 sec)
Training Data Eval:
  Num examples: 8960  Num correct: 8389  Precision @ 1: 0.9363  AUC @ 1: 0.9871
Validation Data Eval:
  Num examples: 960  Num correct: 740  Precision @ 1: 0.7708  AUC @ 1: 0.8571
Test Data Eval:
  Num examples: 1856  Num correct: 1289  Precision @ 1: 0.6945  AUC @ 1: 0.7616
Step 1800: loss = 2.8049 (0.061 sec)
Training Data Eval:
  Num examples: 8960  Num correct: 8345  Precision @ 1: 0.9314  AUC @ 1: 0.9893
Validation Data Eval:
  Num examples: 960  Num correct: 755  Precision @ 1: 0.7865  AUC @ 1: 0.8555
Test Data Eval:
  Num examples: 1856  Num correct: 1330  Precision @ 1: 0.7166  AUC @ 1: 0.7755
Step 1900: loss = 2.6591 (0.060 sec)
Training Data Eval:
  Num examples: 8960  Num correct: 8462  Precision @ 1: 0.9444  AUC @ 1: 0.9892
Validation Data Eval:
  Num examples: 960  Num correct: 741  Precision @ 1: 0.7719  AUC @ 1: 0.8594
Test Data Eval:
  Num examples: 1856  Num correct: 1262  Precision @ 1: 0.6800  AUC @ 1: 0.7630
Step 2000: loss = 2.5870 (0.060 sec)
Training Data Eval:
  Num examples: 8960  Num correct: 8546  Precision @ 1: 0.9538  AUC @ 1: 0.9922
Validation Data Eval:
  Num examples: 960  Num correct: 757  Precision @ 1: 0.7885  AUC @ 1: 0.8671
Test Data Eval:
  Num examples: 1856  Num correct: 1287  Precision @ 1: 0.6934  AUC @ 1: 0.7776
Step 2100: loss = 2.1994 (0.139 sec)
Training Data Eval:
  Num examples: 8960  Num correct: 8424  Precision @ 1: 0.9402  AUC @ 1: 0.9938
Validation Data Eval:
  Num examples: 960  Num correct: 758  Precision @ 1: 0.7896  AUC @ 1: 0.8524
Test Data Eval:
  Num examples: 1856  Num correct: 1341  Precision @ 1: 0.7225  AUC @ 1: 0.7708
Step 2200: loss = 2.0932 (0.059 sec)
Training Data Eval:
  Num examples: 8960  Num correct: 8519  Precision @ 1: 0.9508  AUC @ 1: 0.9920
Validation Data Eval:
  Num examples: 960  Num correct: 755  Precision @ 1: 0.7865  AUC @ 1: 0.8580
Test Data Eval:
  Num examples: 1856  Num correct: 1292  Precision @ 1: 0.6961  AUC @ 1: 0.7755
Step 2300: loss = 2.0849 (0.059 sec)
Training Data Eval:
  Num examples: 8960  Num correct: 8501  Precision @ 1: 0.9488  AUC @ 1: 0.9925
Validation Data Eval:
  Num examples: 960  Num correct: 764  Precision @ 1: 0.7958  AUC @ 1: 0.8596
Test Data Eval:
  Num examples: 1856  Num correct: 1294  Precision @ 1: 0.6972  AUC @ 1: 0.7556
Step 2400: loss = 1.9049 (0.056 sec)
Training Data Eval:
  Num examples: 8960  Num correct: 8557  Precision @ 1: 0.9550  AUC @ 1: 0.9947
Validation Data Eval:
  Num examples: 960  Num correct: 766  Precision @ 1: 0.7979  AUC @ 1: 0.8687
Test Data Eval:
  Num examples: 1856  Num correct: 1309  Precision @ 1: 0.7053  AUC @ 1: 0.7618
Step 2500: loss = 1.7036 (0.059 sec)
Training Data Eval:
  Num examples: 8960  Num correct: 8500  Precision @ 1: 0.9487  AUC @ 1: 0.9934
Validation Data Eval:
  Num examples: 960  Num correct: 767  Precision @ 1: 0.7990  AUC @ 1: 0.8621
Test Data Eval:
  Num examples: 1856  Num correct: 1341  Precision @ 1: 0.7225  AUC @ 1: 0.7698
Step 2600: loss = 1.5748 (0.055 sec)
Training Data Eval:
  Num examples: 8960  Num correct: 8519  Precision @ 1: 0.9508  AUC @ 1: 0.9935
Validation Data Eval:
  Num examples: 960  Num correct: 769  Precision @ 1: 0.8010  AUC @ 1: 0.8588
Test Data Eval:
  Num examples: 1856  Num correct: 1317  Precision @ 1: 0.7096  AUC @ 1: 0.7667
Step 2700: loss = 1.6046 (0.060 sec)
Training Data Eval:
  Num examples: 8960  Num correct: 8579  Precision @ 1: 0.9575  AUC @ 1: 0.9944
Validation Data Eval:
  Num examples: 960  Num correct: 764  Precision @ 1: 0.7958  AUC @ 1: 0.8647
Test Data Eval:
  Num examples: 1856  Num correct: 1338  Precision @ 1: 0.7209  AUC @ 1: 0.7744
Step 2800: loss = 1.4557 (0.140 sec)
Training Data Eval:
  Num examples: 8960  Num correct: 8509  Precision @ 1: 0.9497  AUC @ 1: 0.9936
Validation Data Eval:
  Num examples: 960  Num correct: 761  Precision @ 1: 0.7927  AUC @ 1: 0.8532
Test Data Eval:
  Num examples: 1856  Num correct: 1293  Precision @ 1: 0.6967  AUC @ 1: 0.7480
Step 2900: loss = 1.3109 (0.058 sec)
Training Data Eval:
  Num examples: 8960  Num correct: 8400  Precision @ 1: 0.9375  AUC @ 1: 0.9902
Validation Data Eval:
  Num examples: 960  Num correct: 728  Precision @ 1: 0.7583  AUC @ 1: 0.8493
Test Data Eval:
  Num examples: 1856  Num correct: 1253  Precision @ 1: 0.6751  AUC @ 1: 0.7757
Step 3000: loss = 1.3810 (0.060 sec)
Training Data Eval:
  Num examples: 8960  Num correct: 8566  Precision @ 1: 0.9560  AUC @ 1: 0.9953
Validation Data Eval:
  Num examples: 960  Num correct: 732  Precision @ 1: 0.7625  AUC @ 1: 0.8406
Test Data Eval:
  Num examples: 1856  Num correct: 1268  Precision @ 1: 0.6832  AUC @ 1: 0.7503
Step 3100: loss = 1.2245 (0.058 sec)
Training Data Eval:
  Num examples: 8960  Num correct: 8578  Precision @ 1: 0.9574  AUC @ 1: 0.9949
Validation Data Eval:
  Num examples: 960  Num correct: 766  Precision @ 1: 0.7979  AUC @ 1: 0.8627
Test Data Eval:
  Num examples: 1856  Num correct: 1313  Precision @ 1: 0.7074  AUC @ 1: 0.7618
Step 3200: loss = 1.0987 (0.059 sec)
Training Data Eval:
  Num examples: 8960  Num correct: 8580  Precision @ 1: 0.9576  AUC @ 1: 0.9968
Validation Data Eval:
  Num examples: 960  Num correct: 764  Precision @ 1: 0.7958  AUC @ 1: 0.8498
Test Data Eval:
  Num examples: 1856  Num correct: 1328  Precision @ 1: 0.7155  AUC @ 1: 0.7599
Step 3300: loss = 1.1160 (0.058 sec)
Training Data Eval:
  Num examples: 8960  Num correct: 8619  Precision @ 1: 0.9619  AUC @ 1: 0.9950
Validation Data Eval:
  Num examples: 960  Num correct: 743  Precision @ 1: 0.7740  AUC @ 1: 0.8530
Test Data Eval:
  Num examples: 1856  Num correct: 1266  Precision @ 1: 0.6821  AUC @ 1: 0.7613
Step 3400: loss = 1.0142 (0.058 sec)
Training Data Eval:
  Num examples: 8960  Num correct: 8633  Precision @ 1: 0.9635  AUC @ 1: 0.9964
Validation Data Eval:
  Num examples: 960  Num correct: 748  Precision @ 1: 0.7792  AUC @ 1: 0.8549
Test Data Eval:
  Num examples: 1856  Num correct: 1316  Precision @ 1: 0.7091  AUC @ 1: 0.7795
Step 3500: loss = 0.9869 (0.136 sec)
Training Data Eval:
  Num examples: 8960  Num correct: 8576  Precision @ 1: 0.9571  AUC @ 1: 0.9963
Validation Data Eval:
  Num examples: 960  Num correct: 741  Precision @ 1: 0.7719  AUC @ 1: 0.8436
Test Data Eval:
  Num examples: 1856  Num correct: 1292  Precision @ 1: 0.6961  AUC @ 1: 0.7577
Step 3600: loss = 0.9305 (0.055 sec)
Training Data Eval:
  Num examples: 8960  Num correct: 8563  Precision @ 1: 0.9557  AUC @ 1: 0.9947
Validation Data Eval:
  Num examples: 960  Num correct: 756  Precision @ 1: 0.7875  AUC @ 1: 0.8475
Test Data Eval:
  Num examples: 1856  Num correct: 1296  Precision @ 1: 0.6983  AUC @ 1: 0.7630
Step 3700: loss = 0.8495 (0.055 sec)
Training Data Eval:
  Num examples: 8960  Num correct: 8564  Precision @ 1: 0.9558  AUC @ 1: 0.9953
Validation Data Eval:
  Num examples: 960  Num correct: 769  Precision @ 1: 0.8010  AUC @ 1: 0.8601
Test Data Eval:
  Num examples: 1856  Num correct: 1343  Precision @ 1: 0.7236  AUC @ 1: 0.7702
Step 3800: loss = 0.8662 (0.056 sec)
Training Data Eval:
  Num examples: 8960  Num correct: 8616  Precision @ 1: 0.9616  AUC @ 1: 0.9936
Validation Data Eval:
  Num examples: 960  Num correct: 761  Precision @ 1: 0.7927  AUC @ 1: 0.8519
Test Data Eval:
  Num examples: 1856  Num correct: 1252  Precision @ 1: 0.6746  AUC @ 1: 0.7625
Step 3900: loss = 0.8084 (0.058 sec)
Training Data Eval:
  Num examples: 8960  Num correct: 8623  Precision @ 1: 0.9624  AUC @ 1: 0.9965
Validation Data Eval:
  Num examples: 960  Num correct: 763  Precision @ 1: 0.7948  AUC @ 1: 0.8516
Test Data Eval:
  Num examples: 1856  Num correct: 1312  Precision @ 1: 0.7069  AUC @ 1: 0.7650
Step 4000: loss = 0.7213 (0.055 sec)
Training Data Eval:
  Num examples: 8960  Num correct: 8626  Precision @ 1: 0.9627  AUC @ 1: 0.9959
Validation Data Eval:
  Num examples: 960  Num correct: 761  Precision @ 1: 0.7927  AUC @ 1: 0.8558
Test Data Eval:
  Num examples: 1856  Num correct: 1309  Precision @ 1: 0.7053  AUC @ 1: 0.7619
Step 4100: loss = 0.7282 (0.058 sec)
Training Data Eval:
  Num examples: 8960  Num correct: 8724  Precision @ 1: 0.9737  AUC @ 1: 0.9975
Validation Data Eval:
  Num examples: 960  Num correct: 762  Precision @ 1: 0.7937  AUC @ 1: 0.8482
Test Data Eval:
  Num examples: 1856  Num correct: 1277  Precision @ 1: 0.6880  AUC @ 1: 0.7673
Step 4200: loss = 0.7501 (0.143 sec)
Training Data Eval:
  Num examples: 8960  Num correct: 8710  Precision @ 1: 0.9721  AUC @ 1: 0.9972
Validation Data Eval:
  Num examples: 960  Num correct: 759  Precision @ 1: 0.7906  AUC @ 1: 0.8632
Test Data Eval:
  Num examples: 1856  Num correct: 1314  Precision @ 1: 0.7080  AUC @ 1: 0.7754
Step 4300: loss = 0.6711 (0.057 sec)
Training Data Eval:
  Num examples: 8960  Num correct: 8677  Precision @ 1: 0.9684  AUC @ 1: 0.9969
Validation Data Eval:
  Num examples: 960  Num correct: 770  Precision @ 1: 0.8021  AUC @ 1: 0.8628
Test Data Eval:
  Num examples: 1856  Num correct: 1315  Precision @ 1: 0.7085  AUC @ 1: 0.7715
Step 4400: loss = 0.6837 (0.060 sec)
Training Data Eval:
  Num examples: 8960  Num correct: 8651  Precision @ 1: 0.9655  AUC @ 1: 0.9980
Validation Data Eval:
  Num examples: 960  Num correct: 761  Precision @ 1: 0.7927  AUC @ 1: 0.8556
Test Data Eval:
  Num examples: 1856  Num correct: 1295  Precision @ 1: 0.6977  AUC @ 1: 0.7602
Step 4500: loss = 0.6093 (0.059 sec)
Training Data Eval:
  Num examples: 8960  Num correct: 8690  Precision @ 1: 0.9699  AUC @ 1: 0.9978
Validation Data Eval:
  Num examples: 960  Num correct: 755  Precision @ 1: 0.7865  AUC @ 1: 0.8546
Test Data Eval:
  Num examples: 1856  Num correct: 1309  Precision @ 1: 0.7053  AUC @ 1: 0.7471
Step 4600: loss = 0.7549 (0.058 sec)
Training Data Eval:
  Num examples: 8960  Num correct: 8646  Precision @ 1: 0.9650  AUC @ 1: 0.9934
Validation Data Eval:
  Num examples: 960  Num correct: 762  Precision @ 1: 0.7937  AUC @ 1: 0.8561
Test Data Eval:
  Num examples: 1856  Num correct: 1290  Precision @ 1: 0.6950  AUC @ 1: 0.7612
Step 4700: loss = 0.5862 (0.055 sec)
Training Data Eval:
  Num examples: 8960  Num correct: 8715  Precision @ 1: 0.9727  AUC @ 1: 0.9973
Validation Data Eval:
  Num examples: 960  Num correct: 750  Precision @ 1: 0.7812  AUC @ 1: 0.8478
Test Data Eval:
  Num examples: 1856  Num correct: 1304  Precision @ 1: 0.7026  AUC @ 1: 0.7650
Step 4800: loss = 0.5137 (0.059 sec)
Training Data Eval:
  Num examples: 8960  Num correct: 8643  Precision @ 1: 0.9646  AUC @ 1: 0.9965
Validation Data Eval:
  Num examples: 960  Num correct: 749  Precision @ 1: 0.7802  AUC @ 1: 0.8453
Test Data Eval:
  Num examples: 1856  Num correct: 1327  Precision @ 1: 0.7150  AUC @ 1: 0.7686
Step 4900: loss = 0.5491 (0.142 sec)
Training Data Eval:
  Num examples: 8960  Num correct: 8673  Precision @ 1: 0.9680  AUC @ 1: 0.9969
Validation Data Eval:
  Num examples: 960  Num correct: 756  Precision @ 1: 0.7875  AUC @ 1: 0.8500
Test Data Eval:
  Num examples: 1856  Num correct: 1296  Precision @ 1: 0.6983  AUC @ 1: 0.7521
Step 5000: loss = 0.5423 (0.046 sec)
Training Data Eval:
  Num examples: 8960  Num correct: 8651  Precision @ 1: 0.9655  AUC @ 1: 0.9976
Validation Data Eval:
  Num examples: 960  Num correct: 752  Precision @ 1: 0.7833  AUC @ 1: 0.8519
Test Data Eval:
  Num examples: 1856  Num correct: 1274  Precision @ 1: 0.6864  AUC @ 1: 0.7583
Step 5100: loss = 0.5612 (0.056 sec)
Training Data Eval:
  Num examples: 8960  Num correct: 8703  Precision @ 1: 0.9713  AUC @ 1: 0.9966
Validation Data Eval:
  Num examples: 960  Num correct: 752  Precision @ 1: 0.7833  AUC @ 1: 0.8509
Test Data Eval:
  Num examples: 1856  Num correct: 1260  Precision @ 1: 0.6789  AUC @ 1: 0.7607
Step 5200: loss = 0.5402 (0.059 sec)
Training Data Eval:
  Num examples: 8960  Num correct: 8669  Precision @ 1: 0.9675  AUC @ 1: 0.9970
Validation Data Eval:
  Num examples: 960  Num correct: 763  Precision @ 1: 0.7948  AUC @ 1: 0.8547
Test Data Eval:
  Num examples: 1856  Num correct: 1303  Precision @ 1: 0.7020  AUC @ 1: 0.7543
Step 5300: loss = 0.4762 (0.059 sec)
Training Data Eval:
  Num examples: 8960  Num correct: 8690  Precision @ 1: 0.9699  AUC @ 1: 0.9978
Validation Data Eval:
  Num examples: 960  Num correct: 748  Precision @ 1: 0.7792  AUC @ 1: 0.8475
Test Data Eval:
  Num examples: 1856  Num correct: 1332  Precision @ 1: 0.7177  AUC @ 1: 0.7602
Step 5400: loss = 0.6004 (0.061 sec)
Training Data Eval:
  Num examples: 8960  Num correct: 8573  Precision @ 1: 0.9568  AUC @ 1: 0.9968
Validation Data Eval:
  Num examples: 960  Num correct: 751  Precision @ 1: 0.7823  AUC @ 1: 0.8495
Test Data Eval:
  Num examples: 1856  Num correct: 1344  Precision @ 1: 0.7241  AUC @ 1: 0.7699
Step 5500: loss = 0.5892 (0.060 sec)
Training Data Eval:
  Num examples: 8960  Num correct: 8635  Precision @ 1: 0.9637  AUC @ 1: 0.9979
Validation Data Eval:
  Num examples: 960  Num correct: 766  Precision @ 1: 0.7979  AUC @ 1: 0.8484
Test Data Eval:
  Num examples: 1856  Num correct: 1313  Precision @ 1: 0.7074  AUC @ 1: 0.7746
Step 5600: loss = 0.4886 (0.145 sec)
Training Data Eval:
  Num examples: 8960  Num correct: 8646  Precision @ 1: 0.9650  AUC @ 1: 0.9974
Validation Data Eval:
  Num examples: 960  Num correct: 765  Precision @ 1: 0.7969  AUC @ 1: 0.8546
Test Data Eval:
  Num examples: 1856  Num correct: 1299  Precision @ 1: 0.6999  AUC @ 1: 0.7578
Step 5700: loss = 0.4508 (0.057 sec)
Training Data Eval:
  Num examples: 8960  Num correct: 8676  Precision @ 1: 0.9683  AUC @ 1: 0.9968
Validation Data Eval:
  Num examples: 960  Num correct: 752  Precision @ 1: 0.7833  AUC @ 1: 0.8535
Test Data Eval:
  Num examples: 1856  Num correct: 1266  Precision @ 1: 0.6821  AUC @ 1: 0.7531
Step 5800: loss = 0.4313 (0.058 sec)
Training Data Eval:
  Num examples: 8960  Num correct: 8654  Precision @ 1: 0.9658  AUC @ 1: 0.9957
Validation Data Eval:
  Num examples: 960  Num correct: 741  Precision @ 1: 0.7719  AUC @ 1: 0.8518
Test Data Eval:
  Num examples: 1856  Num correct: 1240  Precision @ 1: 0.6681  AUC @ 1: 0.7613
Step 5900: loss = 0.5017 (0.056 sec)
Training Data Eval:
  Num examples: 8960  Num correct: 8667  Precision @ 1: 0.9673  AUC @ 1: 0.9963
Validation Data Eval:
  Num examples: 960  Num correct: 764  Precision @ 1: 0.7958  AUC @ 1: 0.8550
Test Data Eval:
  Num examples: 1856  Num correct: 1304  Precision @ 1: 0.7026  AUC @ 1: 0.7687
Step 6000: loss = 0.3874 (0.058 sec)
Training Data Eval:
  Num examples: 8960  Num correct: 8723  Precision @ 1: 0.9735  AUC @ 1: 0.9977
Validation Data Eval:
  Num examples: 960  Num correct: 771  Precision @ 1: 0.8031  AUC @ 1: 0.8586
Test Data Eval:
  Num examples: 1856  Num correct: 1306  Precision @ 1: 0.7037  AUC @ 1: 0.7686
Step 6100: loss = 0.4617 (0.059 sec)
Training Data Eval:
  Num examples: 8960  Num correct: 8532  Precision @ 1: 0.9522  AUC @ 1: 0.9952
Validation Data Eval:
  Num examples: 960  Num correct: 748  Precision @ 1: 0.7792  AUC @ 1: 0.8565
Test Data Eval:
  Num examples: 1856  Num correct: 1331  Precision @ 1: 0.7171  AUC @ 1: 0.7718
Step 6200: loss = 0.4712 (0.059 sec)
Training Data Eval:
  Num examples: 8960  Num correct: 8707  Precision @ 1: 0.9718  AUC @ 1: 0.9984
Validation Data Eval:
  Num examples: 960  Num correct: 773  Precision @ 1: 0.8052  AUC @ 1: 0.8608
Test Data Eval:
  Num examples: 1856  Num correct: 1319  Precision @ 1: 0.7107  AUC @ 1: 0.7691
Step 6300: loss = 0.4364 (0.160 sec)
Training Data Eval:
  Num examples: 8960  Num correct: 8750  Precision @ 1: 0.9766  AUC @ 1: 0.9975
Validation Data Eval:
  Num examples: 960  Num correct: 762  Precision @ 1: 0.7937  AUC @ 1: 0.8555
Test Data Eval:
  Num examples: 1856  Num correct: 1279  Precision @ 1: 0.6891  AUC @ 1: 0.7601
Step 6400: loss = 0.4036 (0.056 sec)
Training Data Eval:
  Num examples: 8960  Num correct: 8763  Precision @ 1: 0.9780  AUC @ 1: 0.9979
Validation Data Eval:
  Num examples: 960  Num correct: 754  Precision @ 1: 0.7854  AUC @ 1: 0.8426
Test Data Eval:
  Num examples: 1856  Num correct: 1318  Precision @ 1: 0.7101  AUC @ 1: 0.7645
Step 6500: loss = 0.4067 (0.061 sec)
Training Data Eval:
  Num examples: 8960  Num correct: 8714  Precision @ 1: 0.9725  AUC @ 1: 0.9981
Validation Data Eval:
  Num examples: 960  Num correct: 756  Precision @ 1: 0.7875  AUC @ 1: 0.8477
Test Data Eval:
  Num examples: 1856  Num correct: 1328  Precision @ 1: 0.7155  AUC @ 1: 0.7574
Step 6600: loss = 0.5204 (0.055 sec)
Training Data Eval:
  Num examples: 8960  Num correct: 8592  Precision @ 1: 0.9589  AUC @ 1: 0.9972
Validation Data Eval:
  Num examples: 960  Num correct: 757  Precision @ 1: 0.7885  AUC @ 1: 0.8539
Test Data Eval:
  Num examples: 1856  Num correct: 1312  Precision @ 1: 0.7069  AUC @ 1: 0.7640
Step 6700: loss = 0.3974 (0.060 sec)
Training Data Eval:
  Num examples: 8960  Num correct: 8585  Precision @ 1: 0.9581  AUC @ 1: 0.9960
Validation Data Eval:
  Num examples: 960  Num correct: 736  Precision @ 1: 0.7667  AUC @ 1: 0.8421
Test Data Eval:
  Num examples: 1856  Num correct: 1295  Precision @ 1: 0.6977  AUC @ 1: 0.7513
Step 6800: loss = 0.4558 (0.056 sec)
Training Data Eval:
  Num examples: 8960  Num correct: 8406  Precision @ 1: 0.9382  AUC @ 1: 0.9908
Validation Data Eval:
  Num examples: 960  Num correct: 725  Precision @ 1: 0.7552  AUC @ 1: 0.8445
Test Data Eval:
  Num examples: 1856  Num correct: 1182  Precision @ 1: 0.6369  AUC @ 1: 0.7591
Step 6900: loss = 0.6082 (0.056 sec)
Training Data Eval:
  Num examples: 8960  Num correct: 8752  Precision @ 1: 0.9768  AUC @ 1: 0.9982
Validation Data Eval:
  Num examples: 960  Num correct: 761  Precision @ 1: 0.7927  AUC @ 1: 0.8569
Test Data Eval:
  Num examples: 1856  Num correct: 1319  Precision @ 1: 0.7107  AUC @ 1: 0.7741
Step 7000: loss = 0.3210 (0.151 sec)
Training Data Eval:
  Num examples: 8960  Num correct: 8679  Precision @ 1: 0.9686  AUC @ 1: 0.9964
Validation Data Eval:
  Num examples: 960  Num correct: 747  Precision @ 1: 0.7781  AUC @ 1: 0.8504
Test Data Eval:
  Num examples: 1856  Num correct: 1260  Precision @ 1: 0.6789  AUC @ 1: 0.7633
Step 7100: loss = 0.3344 (0.059 sec)
Training Data Eval:
  Num examples: 8960  Num correct: 8674  Precision @ 1: 0.9681  AUC @ 1: 0.9971
Validation Data Eval:
  Num examples: 960  Num correct: 765  Precision @ 1: 0.7969  AUC @ 1: 0.8479
Test Data Eval:
  Num examples: 1856  Num correct: 1309  Precision @ 1: 0.7053  AUC @ 1: 0.7433
Step 7200: loss = 0.4307 (0.059 sec)
Training Data Eval:
  Num examples: 8960  Num correct: 8688  Precision @ 1: 0.9696  AUC @ 1: 0.9971
Validation Data Eval:
  Num examples: 960  Num correct: 749  Precision @ 1: 0.7802  AUC @ 1: 0.8492
Test Data Eval:
  Num examples: 1856  Num correct: 1304  Precision @ 1: 0.7026  AUC @ 1: 0.7606
Step 7300: loss = 0.3748 (0.060 sec)
Training Data Eval:
  Num examples: 8960  Num correct: 8708  Precision @ 1: 0.9719  AUC @ 1: 0.9982
Validation Data Eval:
  Num examples: 960  Num correct: 764  Precision @ 1: 0.7958  AUC @ 1: 0.8550
Test Data Eval:
  Num examples: 1856  Num correct: 1285  Precision @ 1: 0.6923  AUC @ 1: 0.7514
Step 7400: loss = 0.3675 (0.061 sec)
Training Data Eval:
  Num examples: 8960  Num correct: 8705  Precision @ 1: 0.9715  AUC @ 1: 0.9976
Validation Data Eval:
  Num examples: 960  Num correct: 761  Precision @ 1: 0.7927  AUC @ 1: 0.8530
Test Data Eval:
  Num examples: 1856  Num correct: 1289  Precision @ 1: 0.6945  AUC @ 1: 0.7517
Step 7500: loss = 0.3073 (0.060 sec)
Training Data Eval:
  Num examples: 8960  Num correct: 8673  Precision @ 1: 0.9680  AUC @ 1: 0.9981
Validation Data Eval:
  Num examples: 960  Num correct: 753  Precision @ 1: 0.7844  AUC @ 1: 0.8494
Test Data Eval:
  Num examples: 1856  Num correct: 1337  Precision @ 1: 0.7204  AUC @ 1: 0.7769
Step 7600: loss = 0.4494 (0.058 sec)
Training Data Eval:
  Num examples: 8960  Num correct: 8658  Precision @ 1: 0.9663  AUC @ 1: 0.9967
Validation Data Eval:
  Num examples: 960  Num correct: 759  Precision @ 1: 0.7906  AUC @ 1: 0.8550
Test Data Eval:
  Num examples: 1856  Num correct: 1307  Precision @ 1: 0.7042  AUC @ 1: 0.7608
Step 7700: loss = 0.3813 (0.148 sec)
Training Data Eval:
  Num examples: 8960  Num correct: 8661  Precision @ 1: 0.9666  AUC @ 1: 0.9977
Validation Data Eval:
  Num examples: 960  Num correct: 761  Precision @ 1: 0.7927  AUC @ 1: 0.8518
Test Data Eval:
  Num examples: 1856  Num correct: 1308  Precision @ 1: 0.7047  AUC @ 1: 0.7627
Step 7800: loss = 0.4094 (0.059 sec)
Training Data Eval:
  Num examples: 8960  Num correct: 8697  Precision @ 1: 0.9706  AUC @ 1: 0.9981
Validation Data Eval:
  Num examples: 960  Num correct: 764  Precision @ 1: 0.7958  AUC @ 1: 0.8541
Test Data Eval:
  Num examples: 1856  Num correct: 1307  Precision @ 1: 0.7042  AUC @ 1: 0.7680
Step 7900: loss = 0.4468 (0.048 sec)
Training Data Eval:
  Num examples: 8960  Num correct: 8627  Precision @ 1: 0.9628  AUC @ 1: 0.9975
Validation Data Eval:
  Num examples: 960  Num correct: 755  Precision @ 1: 0.7865  AUC @ 1: 0.8469
Test Data Eval:
  Num examples: 1856  Num correct: 1294  Precision @ 1: 0.6972  AUC @ 1: 0.7576
Step 8000: loss = 0.3432 (0.058 sec)
Training Data Eval:
  Num examples: 8960  Num correct: 8578  Precision @ 1: 0.9574  AUC @ 1: 0.9950
Validation Data Eval:
  Num examples: 960  Num correct: 752  Precision @ 1: 0.7833  AUC @ 1: 0.8453
Test Data Eval:
  Num examples: 1856  Num correct: 1302  Precision @ 1: 0.7015  AUC @ 1: 0.7603
Step 8100: loss = 0.3939 (0.059 sec)
Training Data Eval:
  Num examples: 8960  Num correct: 8510  Precision @ 1: 0.9498  AUC @ 1: 0.9948
Validation Data Eval:
  Num examples: 960  Num correct: 747  Precision @ 1: 0.7781  AUC @ 1: 0.8431
Test Data Eval:
  Num examples: 1856  Num correct: 1307  Precision @ 1: 0.7042  AUC @ 1: 0.7646
Step 8200: loss = 0.4911 (0.056 sec)
Training Data Eval:
  Num examples: 8960  Num correct: 8644  Precision @ 1: 0.9647  AUC @ 1: 0.9970
Validation Data Eval:
  Num examples: 960  Num correct: 765  Precision @ 1: 0.7969  AUC @ 1: 0.8530
Test Data Eval:
  Num examples: 1856  Num correct: 1319  Precision @ 1: 0.7107  AUC @ 1: 0.7695
Step 8300: loss = 0.4380 (0.054 sec)
Training Data Eval:
  Num examples: 8960  Num correct: 8522  Precision @ 1: 0.9511  AUC @ 1: 0.9940
Validation Data Eval:
  Num examples: 960  Num correct: 748  Precision @ 1: 0.7792  AUC @ 1: 0.8418
Test Data Eval:
  Num examples: 1856  Num correct: 1325  Precision @ 1: 0.7139  AUC @ 1: 0.7658
Step 8400: loss = 0.4037 (0.129 sec)
Training Data Eval:
  Num examples: 8960  Num correct: 8653  Precision @ 1: 0.9657  AUC @ 1: 0.9969
Validation Data Eval:
  Num examples: 960  Num correct: 745  Precision @ 1: 0.7760  AUC @ 1: 0.8409
Test Data Eval:
  Num examples: 1856  Num correct: 1318  Precision @ 1: 0.7101  AUC @ 1: 0.7648
Step 8500: loss = 0.3984 (0.060 sec)
Training Data Eval:
  Num examples: 8960  Num correct: 8542  Precision @ 1: 0.9533  AUC @ 1: 0.9970
Validation Data Eval:
  Num examples: 960  Num correct: 747  Precision @ 1: 0.7781  AUC @ 1: 0.8566
Test Data Eval:
  Num examples: 1856  Num correct: 1313  Precision @ 1: 0.7074  AUC @ 1: 0.7639
Step 8600: loss = 0.5186 (0.060 sec)
Training Data Eval:
  Num examples: 8960  Num correct: 8695  Precision @ 1: 0.9704  AUC @ 1: 0.9972
Validation Data Eval:
  Num examples: 960  Num correct: 744  Precision @ 1: 0.7750  AUC @ 1: 0.8465
Test Data Eval:
  Num examples: 1856  Num correct: 1288  Precision @ 1: 0.6940  AUC @ 1: 0.7623
Step 8700: loss = 0.4338 (0.060 sec)
Training Data Eval:
  Num examples: 8960  Num correct: 8658  Precision @ 1: 0.9663  AUC @ 1: 0.9972
Validation Data Eval:
  Num examples: 960  Num correct: 747  Precision @ 1: 0.7781  AUC @ 1: 0.8472
Test Data Eval:
  Num examples: 1856  Num correct: 1290  Precision @ 1: 0.6950  AUC @ 1: 0.7692
Step 8800: loss = 0.3783 (0.060 sec)
Training Data Eval:
  Num examples: 8960  Num correct: 8714  Precision @ 1: 0.9725  AUC @ 1: 0.9978
Validation Data Eval:
  Num examples: 960  Num correct: 757  Precision @ 1: 0.7885  AUC @ 1: 0.8448
Test Data Eval:
  Num examples: 1856  Num correct: 1313  Precision @ 1: 0.7074  AUC @ 1: 0.7755
Step 8900: loss = 0.3406 (0.058 sec)
Training Data Eval:
  Num examples: 8960  Num correct: 8670  Precision @ 1: 0.9676  AUC @ 1: 0.9974
Validation Data Eval:
  Num examples: 960  Num correct: 755  Precision @ 1: 0.7865  AUC @ 1: 0.8466
Test Data Eval:
  Num examples: 1856  Num correct: 1291  Precision @ 1: 0.6956  AUC @ 1: 0.7598
Step 9000: loss = 0.2956 (0.055 sec)
Training Data Eval:
  Num examples: 8960  Num correct: 8621  Precision @ 1: 0.9622  AUC @ 1: 0.9968
Validation Data Eval:
  Num examples: 960  Num correct: 755  Precision @ 1: 0.7865  AUC @ 1: 0.8455
Test Data Eval:
  Num examples: 1856  Num correct: 1304  Precision @ 1: 0.7026  AUC @ 1: 0.7686
Step 9100: loss = 0.4228 (0.132 sec)
Training Data Eval:
  Num examples: 8960  Num correct: 8701  Precision @ 1: 0.9711  AUC @ 1: 0.9971
Validation Data Eval:
  Num examples: 960  Num correct: 744  Precision @ 1: 0.7750  AUC @ 1: 0.8460
Test Data Eval:
  Num examples: 1856  Num correct: 1279  Precision @ 1: 0.6891  AUC @ 1: 0.7663
Step 9200: loss = 0.3528 (0.058 sec)
Training Data Eval:
  Num examples: 8960  Num correct: 8656  Precision @ 1: 0.9661  AUC @ 1: 0.9974
Validation Data Eval:
  Num examples: 960  Num correct: 761  Precision @ 1: 0.7927  AUC @ 1: 0.8471
Test Data Eval:
  Num examples: 1856  Num correct: 1339  Precision @ 1: 0.7214  AUC @ 1: 0.7776
Step 9300: loss = 0.3075 (0.051 sec)
Training Data Eval:
  Num examples: 8960  Num correct: 8664  Precision @ 1: 0.9670  AUC @ 1: 0.9962
Validation Data Eval:
  Num examples: 960  Num correct: 756  Precision @ 1: 0.7875  AUC @ 1: 0.8541
Test Data Eval:
  Num examples: 1856  Num correct: 1333  Precision @ 1: 0.7182  AUC @ 1: 0.7750
Step 9400: loss = 0.3055 (0.060 sec)
Training Data Eval:
  Num examples: 8960  Num correct: 8703  Precision @ 1: 0.9713  AUC @ 1: 0.9961
Validation Data Eval:
  Num examples: 960  Num correct: 747  Precision @ 1: 0.7781  AUC @ 1: 0.8488
Test Data Eval:
  Num examples: 1856  Num correct: 1303  Precision @ 1: 0.7020  AUC @ 1: 0.7706
Step 9500: loss = 0.4361 (0.060 sec)
Training Data Eval:
  Num examples: 8960  Num correct: 8705  Precision @ 1: 0.9715  AUC @ 1: 0.9977
Validation Data Eval:
  Num examples: 960  Num correct: 754  Precision @ 1: 0.7854  AUC @ 1: 0.8546
Test Data Eval:
  Num examples: 1856  Num correct: 1300  Precision @ 1: 0.7004  AUC @ 1: 0.7566
Step 9600: loss = 0.3789 (0.054 sec)
Training Data Eval:
  Num examples: 8960  Num correct: 8628  Precision @ 1: 0.9629  AUC @ 1: 0.9973
Validation Data Eval:
  Num examples: 960  Num correct: 745  Precision @ 1: 0.7760  AUC @ 1: 0.8571
Test Data Eval:
  Num examples: 1856  Num correct: 1317  Precision @ 1: 0.7096  AUC @ 1: 0.7748
Step 9700: loss = 0.3778 (0.060 sec)
Training Data Eval:
  Num examples: 8960  Num correct: 8730  Precision @ 1: 0.9743  AUC @ 1: 0.9982
Validation Data Eval:
  Num examples: 960  Num correct: 754  Precision @ 1: 0.7854  AUC @ 1: 0.8487
Test Data Eval:
  Num examples: 1856  Num correct: 1284  Precision @ 1: 0.6918  AUC @ 1: 0.7630
Step 9800: loss = 0.4445 (0.139 sec)
Training Data Eval:
  Num examples: 8960  Num correct: 8592  Precision @ 1: 0.9589  AUC @ 1: 0.9937
Validation Data Eval:
  Num examples: 960  Num correct: 737  Precision @ 1: 0.7677  AUC @ 1: 0.8409
Test Data Eval:
  Num examples: 1856  Num correct: 1281  Precision @ 1: 0.6902  AUC @ 1: 0.7471
Step 9900: loss = 0.5647 (0.058 sec)
Training Data Eval:
  Num examples: 8960  Num correct: 8702  Precision @ 1: 0.9712  AUC @ 1: 0.9970
Validation Data Eval:
  Num examples: 960  Num correct: 749  Precision @ 1: 0.7802  AUC @ 1: 0.8431
Test Data Eval:
  Num examples: 1856  Num correct: 1317  Precision @ 1: 0.7096  AUC @ 1: 0.7649
