Training data shape: 	(3869, 64, 30, 1)
Training label shape:	(3869,)
Testing data shape:  	(466, 64, 30, 1)
Testing label shape: 	(466,)
max input value is: 3457.30786133
min input value is: -4872.94775391
random permuted training data
==============================================================================
Model: 			inference_global_s_cnn
Tensor Name: 	Placeholder:0
[128, 64, 30, 1]
==============================================================================
Tensor Name: conv1/conv1:0
[128, 1, 30, 4]
==============================================================================
Tensor Name: MaxPool:0
[128, 1, 15, 4]
==============================================================================
Tensor Name: local1/local1:0
[128, 128]
==============================================================================
Tensor Name: local2/local2:0
[128, 128]
==============================================================================
Tensor Name: softmax_linear/softmax_linear:0
[128, 2]
Step 0: loss = 0.7533 (0.037 sec)
Training Data Eval:
  Num examples: 3584  Num correct: 2041  Precision @ 1: 0.5695  AUC @ 1: 0.7111
Validation Data Eval:
  Num examples: 256  Num correct: 155  Precision @ 1: 0.6055  AUC @ 1: 0.7248
Test Data Eval:
  Num examples: 384  Num correct: 181  Precision @ 1: 0.4714  AUC @ 1: 0.6917
Step 200: loss = 0.7384 (0.010 sec)
Training Data Eval:
  Num examples: 3584  Num correct: 2009  Precision @ 1: 0.5605  AUC @ 1: 0.7299
Validation Data Eval:
  Num examples: 256  Num correct: 157  Precision @ 1: 0.6133  AUC @ 1: 0.7476
Test Data Eval:
  Num examples: 384  Num correct: 227  Precision @ 1: 0.5911  AUC @ 1: 0.6992
Step 400: loss = 0.6728 (0.010 sec)
Training Data Eval:
  Num examples: 3584  Num correct: 2278  Precision @ 1: 0.6356  AUC @ 1: 0.7733
Validation Data Eval:
  Num examples: 256  Num correct: 174  Precision @ 1: 0.6797  AUC @ 1: 0.7739
Test Data Eval:
  Num examples: 384  Num correct: 241  Precision @ 1: 0.6276  AUC @ 1: 0.7427
Step 600: loss = 0.6892 (0.010 sec)
Training Data Eval:
  Num examples: 3584  Num correct: 2532  Precision @ 1: 0.7065  AUC @ 1: 0.7944
Validation Data Eval:
  Num examples: 256  Num correct: 181  Precision @ 1: 0.7070  AUC @ 1: 0.7785
Test Data Eval:
  Num examples: 384  Num correct: 253  Precision @ 1: 0.6589  AUC @ 1: 0.7580
Step 800: loss = 0.6021 (0.010 sec)
Training Data Eval:
  Num examples: 3584  Num correct: 2601  Precision @ 1: 0.7257  AUC @ 1: 0.7945
Validation Data Eval:
  Num examples: 256  Num correct: 175  Precision @ 1: 0.6836  AUC @ 1: 0.7715
Test Data Eval:
  Num examples: 384  Num correct: 264  Precision @ 1: 0.6875  AUC @ 1: 0.7535
Step 1000: loss = 0.6016 (0.009 sec)
Training Data Eval:
  Num examples: 3584  Num correct: 2662  Precision @ 1: 0.7427  AUC @ 1: 0.8153
Validation Data Eval:
  Num examples: 256  Num correct: 172  Precision @ 1: 0.6719  AUC @ 1: 0.7799
Test Data Eval:
  Num examples: 384  Num correct: 270  Precision @ 1: 0.7031  AUC @ 1: 0.7690
Step 1200: loss = 0.5836 (0.009 sec)
Training Data Eval:
  Num examples: 3584  Num correct: 2667  Precision @ 1: 0.7441  AUC @ 1: 0.8187
Validation Data Eval:
  Num examples: 256  Num correct: 170  Precision @ 1: 0.6641  AUC @ 1: 0.7827
Test Data Eval:
  Num examples: 384  Num correct: 267  Precision @ 1: 0.6953  AUC @ 1: 0.7803
Step 1400: loss = 0.5981 (0.046 sec)
Training Data Eval:
  Num examples: 3584  Num correct: 2705  Precision @ 1: 0.7547  AUC @ 1: 0.8311
Validation Data Eval:
  Num examples: 256  Num correct: 174  Precision @ 1: 0.6797  AUC @ 1: 0.7799
Test Data Eval:
  Num examples: 384  Num correct: 268  Precision @ 1: 0.6979  AUC @ 1: 0.7705
Step 1600: loss = 0.5978 (0.009 sec)
Training Data Eval:
  Num examples: 3584  Num correct: 2699  Precision @ 1: 0.7531  AUC @ 1: 0.8338
Validation Data Eval:
  Num examples: 256  Num correct: 176  Precision @ 1: 0.6875  AUC @ 1: 0.7792
Test Data Eval:
  Num examples: 384  Num correct: 262  Precision @ 1: 0.6823  AUC @ 1: 0.7692
Step 1800: loss = 0.6089 (0.009 sec)
Training Data Eval:
  Num examples: 3584  Num correct: 2743  Precision @ 1: 0.7653  AUC @ 1: 0.8424
Validation Data Eval:
  Num examples: 256  Num correct: 175  Precision @ 1: 0.6836  AUC @ 1: 0.7860
Test Data Eval:
  Num examples: 384  Num correct: 260  Precision @ 1: 0.6771  AUC @ 1: 0.7598
Step 2000: loss = 0.4843 (0.009 sec)
Training Data Eval:
  Num examples: 3584  Num correct: 2768  Precision @ 1: 0.7723  AUC @ 1: 0.8511
Validation Data Eval:
  Num examples: 256  Num correct: 178  Precision @ 1: 0.6953  AUC @ 1: 0.7881
Test Data Eval:
  Num examples: 384  Num correct: 260  Precision @ 1: 0.6771  AUC @ 1: 0.7669
Step 2200: loss = 0.5738 (0.009 sec)
Training Data Eval:
  Num examples: 3584  Num correct: 2764  Precision @ 1: 0.7712  AUC @ 1: 0.8490
Validation Data Eval:
  Num examples: 256  Num correct: 174  Precision @ 1: 0.6797  AUC @ 1: 0.7903
Test Data Eval:
  Num examples: 384  Num correct: 257  Precision @ 1: 0.6693  AUC @ 1: 0.7615
Step 2400: loss = 0.4670 (0.010 sec)
Training Data Eval:
  Num examples: 3584  Num correct: 2772  Precision @ 1: 0.7734  AUC @ 1: 0.8537
Validation Data Eval:
  Num examples: 256  Num correct: 178  Precision @ 1: 0.6953  AUC @ 1: 0.7941
Test Data Eval:
  Num examples: 384  Num correct: 267  Precision @ 1: 0.6953  AUC @ 1: 0.7743
Step 2600: loss = 0.5257 (0.010 sec)
Training Data Eval:
  Num examples: 3584  Num correct: 2798  Precision @ 1: 0.7807  AUC @ 1: 0.8603
Validation Data Eval:
  Num examples: 256  Num correct: 177  Precision @ 1: 0.6914  AUC @ 1: 0.7972
Test Data Eval:
  Num examples: 384  Num correct: 271  Precision @ 1: 0.7057  AUC @ 1: 0.7718
Step 2800: loss = 0.5379 (0.045 sec)
Training Data Eval:
  Num examples: 3584  Num correct: 2816  Precision @ 1: 0.7857  AUC @ 1: 0.8663
Validation Data Eval:
  Num examples: 256  Num correct: 180  Precision @ 1: 0.7031  AUC @ 1: 0.8017
Test Data Eval:
  Num examples: 384  Num correct: 268  Precision @ 1: 0.6979  AUC @ 1: 0.7776
Step 3000: loss = 0.4371 (0.010 sec)
Training Data Eval:
  Num examples: 3584  Num correct: 2809  Precision @ 1: 0.7838  AUC @ 1: 0.8667
Validation Data Eval:
  Num examples: 256  Num correct: 177  Precision @ 1: 0.6914  AUC @ 1: 0.8029
Test Data Eval:
  Num examples: 384  Num correct: 266  Precision @ 1: 0.6927  AUC @ 1: 0.7591
Step 3200: loss = 0.5574 (0.010 sec)
Training Data Eval:
  Num examples: 3584  Num correct: 2797  Precision @ 1: 0.7804  AUC @ 1: 0.8617
Validation Data Eval:
  Num examples: 256  Num correct: 171  Precision @ 1: 0.6680  AUC @ 1: 0.7916
Test Data Eval:
  Num examples: 384  Num correct: 262  Precision @ 1: 0.6823  AUC @ 1: 0.7553
Step 3400: loss = 0.5328 (0.009 sec)
Training Data Eval:
  Num examples: 3584  Num correct: 2833  Precision @ 1: 0.7905  AUC @ 1: 0.8736
Validation Data Eval:
  Num examples: 256  Num correct: 179  Precision @ 1: 0.6992  AUC @ 1: 0.8029
Test Data Eval:
  Num examples: 384  Num correct: 260  Precision @ 1: 0.6771  AUC @ 1: 0.7490
Step 3600: loss = 0.5103 (0.010 sec)
Training Data Eval:
  Num examples: 3584  Num correct: 2842  Precision @ 1: 0.7930  AUC @ 1: 0.8796
Validation Data Eval:
  Num examples: 256  Num correct: 175  Precision @ 1: 0.6836  AUC @ 1: 0.8038
Test Data Eval:
  Num examples: 384  Num correct: 266  Precision @ 1: 0.6927  AUC @ 1: 0.7590
Step 3800: loss = 0.5209 (0.009 sec)
Training Data Eval:
  Num examples: 3584  Num correct: 2840  Precision @ 1: 0.7924  AUC @ 1: 0.8843
Validation Data Eval:
  Num examples: 256  Num correct: 178  Precision @ 1: 0.6953  AUC @ 1: 0.8057
Test Data Eval:
  Num examples: 384  Num correct: 274  Precision @ 1: 0.7135  AUC @ 1: 0.7828
Step 4000: loss = 0.4970 (0.009 sec)
Training Data Eval:
  Num examples: 3584  Num correct: 2835  Precision @ 1: 0.7910  AUC @ 1: 0.8837
Validation Data Eval:
  Num examples: 256  Num correct: 176  Precision @ 1: 0.6875  AUC @ 1: 0.8049
Test Data Eval:
  Num examples: 384  Num correct: 263  Precision @ 1: 0.6849  AUC @ 1: 0.7593
Step 4200: loss = 0.4807 (0.045 sec)
Training Data Eval:
  Num examples: 3584  Num correct: 2862  Precision @ 1: 0.7985  AUC @ 1: 0.8880
Validation Data Eval:
  Num examples: 256  Num correct: 178  Precision @ 1: 0.6953  AUC @ 1: 0.8038
Test Data Eval:
  Num examples: 384  Num correct: 263  Precision @ 1: 0.6849  AUC @ 1: 0.7555
Step 4400: loss = 0.4261 (0.010 sec)
Training Data Eval:
  Num examples: 3584  Num correct: 2877  Precision @ 1: 0.8027  AUC @ 1: 0.8894
Validation Data Eval:
  Num examples: 256  Num correct: 179  Precision @ 1: 0.6992  AUC @ 1: 0.8049
Test Data Eval:
  Num examples: 384  Num correct: 266  Precision @ 1: 0.6927  AUC @ 1: 0.7556
Step 4600: loss = 0.4186 (0.010 sec)
Training Data Eval:
  Num examples: 3584  Num correct: 2850  Precision @ 1: 0.7952  AUC @ 1: 0.8829
Validation Data Eval:
  Num examples: 256  Num correct: 177  Precision @ 1: 0.6914  AUC @ 1: 0.8016
Test Data Eval:
  Num examples: 384  Num correct: 266  Precision @ 1: 0.6927  AUC @ 1: 0.7614
Step 4800: loss = 0.4811 (0.010 sec)
Training Data Eval:
  Num examples: 3584  Num correct: 2883  Precision @ 1: 0.8044  AUC @ 1: 0.8938
Validation Data Eval:
  Num examples: 256  Num correct: 175  Precision @ 1: 0.6836  AUC @ 1: 0.8006
Test Data Eval:
  Num examples: 384  Num correct: 262  Precision @ 1: 0.6823  AUC @ 1: 0.7596
Step 5000: loss = 0.5232 (0.010 sec)
Training Data Eval:
  Num examples: 3584  Num correct: 2873  Precision @ 1: 0.8016  AUC @ 1: 0.8889
Validation Data Eval:
  Num examples: 256  Num correct: 180  Precision @ 1: 0.7031  AUC @ 1: 0.8020
Test Data Eval:
  Num examples: 384  Num correct: 273  Precision @ 1: 0.7109  AUC @ 1: 0.7731
Step 5200: loss = 0.4427 (0.010 sec)
Training Data Eval:
  Num examples: 3584  Num correct: 2901  Precision @ 1: 0.8094  AUC @ 1: 0.8958
Validation Data Eval:
  Num examples: 256  Num correct: 176  Precision @ 1: 0.6875  AUC @ 1: 0.7975
Test Data Eval:
  Num examples: 384  Num correct: 268  Precision @ 1: 0.6979  AUC @ 1: 0.7655
Step 5400: loss = 0.4576 (0.010 sec)
Training Data Eval:
  Num examples: 3584  Num correct: 2909  Precision @ 1: 0.8117  AUC @ 1: 0.8990
Validation Data Eval:
  Num examples: 256  Num correct: 178  Precision @ 1: 0.6953  AUC @ 1: 0.7981
Test Data Eval:
  Num examples: 384  Num correct: 272  Precision @ 1: 0.7083  AUC @ 1: 0.7802
Step 5600: loss = 0.5616 (0.046 sec)
Training Data Eval:
  Num examples: 3584  Num correct: 2902  Precision @ 1: 0.8097  AUC @ 1: 0.8950
Validation Data Eval:
  Num examples: 256  Num correct: 174  Precision @ 1: 0.6797  AUC @ 1: 0.7981
Test Data Eval:
  Num examples: 384  Num correct: 266  Precision @ 1: 0.6927  AUC @ 1: 0.7529
Step 5800: loss = 0.4031 (0.009 sec)
Training Data Eval:
  Num examples: 3584  Num correct: 2914  Precision @ 1: 0.8131  AUC @ 1: 0.9080
Validation Data Eval:
  Num examples: 256  Num correct: 176  Precision @ 1: 0.6875  AUC @ 1: 0.8003
Test Data Eval:
  Num examples: 384  Num correct: 262  Precision @ 1: 0.6823  AUC @ 1: 0.7546
Step 6000: loss = 0.5089 (0.010 sec)
Training Data Eval:
  Num examples: 3584  Num correct: 2932  Precision @ 1: 0.8181  AUC @ 1: 0.9081
Validation Data Eval:
  Num examples: 256  Num correct: 180  Precision @ 1: 0.7031  AUC @ 1: 0.7988
Test Data Eval:
  Num examples: 384  Num correct: 271  Precision @ 1: 0.7057  AUC @ 1: 0.7765
Step 6200: loss = 0.4532 (0.010 sec)
Training Data Eval:
  Num examples: 3584  Num correct: 2913  Precision @ 1: 0.8128  AUC @ 1: 0.9026
Validation Data Eval:
  Num examples: 256  Num correct: 177  Precision @ 1: 0.6914  AUC @ 1: 0.7946
Test Data Eval:
  Num examples: 384  Num correct: 263  Precision @ 1: 0.6849  AUC @ 1: 0.7505
Step 6400: loss = 0.4529 (0.010 sec)
Training Data Eval:
  Num examples: 3584  Num correct: 2960  Precision @ 1: 0.8259  AUC @ 1: 0.9111
Validation Data Eval:
  Num examples: 256  Num correct: 179  Precision @ 1: 0.6992  AUC @ 1: 0.7895
Test Data Eval:
  Num examples: 384  Num correct: 268  Precision @ 1: 0.6979  AUC @ 1: 0.7561
Step 6600: loss = 0.4064 (0.010 sec)
Training Data Eval:
  Num examples: 3584  Num correct: 2938  Precision @ 1: 0.8198  AUC @ 1: 0.9114
Validation Data Eval:
  Num examples: 256  Num correct: 179  Precision @ 1: 0.6992  AUC @ 1: 0.7913
Test Data Eval:
  Num examples: 384  Num correct: 271  Precision @ 1: 0.7057  AUC @ 1: 0.7689
Step 6800: loss = 0.4597 (0.009 sec)
Training Data Eval:
  Num examples: 3584  Num correct: 2962  Precision @ 1: 0.8265  AUC @ 1: 0.9158
Validation Data Eval:
  Num examples: 256  Num correct: 176  Precision @ 1: 0.6875  AUC @ 1: 0.7923
Test Data Eval:
  Num examples: 384  Num correct: 266  Precision @ 1: 0.6927  AUC @ 1: 0.7544
Step 7000: loss = 0.4888 (0.045 sec)
Training Data Eval:
  Num examples: 3584  Num correct: 2935  Precision @ 1: 0.8189  AUC @ 1: 0.9114
Validation Data Eval:
  Num examples: 256  Num correct: 179  Precision @ 1: 0.6992  AUC @ 1: 0.7933
Test Data Eval:
  Num examples: 384  Num correct: 266  Precision @ 1: 0.6927  AUC @ 1: 0.7518
Step 7200: loss = 0.4707 (0.010 sec)
Training Data Eval:
  Num examples: 3584  Num correct: 2995  Precision @ 1: 0.8357  AUC @ 1: 0.9173
Validation Data Eval:
  Num examples: 256  Num correct: 181  Precision @ 1: 0.7070  AUC @ 1: 0.7953
Test Data Eval:
  Num examples: 384  Num correct: 259  Precision @ 1: 0.6745  AUC @ 1: 0.7526
Step 7400: loss = 0.4045 (0.010 sec)
Training Data Eval:
  Num examples: 3584  Num correct: 3005  Precision @ 1: 0.8384  AUC @ 1: 0.9211
Validation Data Eval:
  Num examples: 256  Num correct: 179  Precision @ 1: 0.6992  AUC @ 1: 0.7974
Test Data Eval:
  Num examples: 384  Num correct: 270  Precision @ 1: 0.7031  AUC @ 1: 0.7727
Step 7600: loss = 0.4014 (0.009 sec)
Training Data Eval:
  Num examples: 3584  Num correct: 3000  Precision @ 1: 0.8371  AUC @ 1: 0.9207
Validation Data Eval:
  Num examples: 256  Num correct: 173  Precision @ 1: 0.6758  AUC @ 1: 0.7909
Test Data Eval:
  Num examples: 384  Num correct: 273  Precision @ 1: 0.7109  AUC @ 1: 0.7673
Step 7800: loss = 0.4927 (0.010 sec)
Training Data Eval:
  Num examples: 3584  Num correct: 2982  Precision @ 1: 0.8320  AUC @ 1: 0.9211
Validation Data Eval:
  Num examples: 256  Num correct: 179  Precision @ 1: 0.6992  AUC @ 1: 0.7960
Test Data Eval:
  Num examples: 384  Num correct: 265  Precision @ 1: 0.6901  AUC @ 1: 0.7726
Step 8000: loss = 0.3765 (0.010 sec)
Training Data Eval:
  Num examples: 3584  Num correct: 3023  Precision @ 1: 0.8435  AUC @ 1: 0.9299
Validation Data Eval:
  Num examples: 256  Num correct: 177  Precision @ 1: 0.6914  AUC @ 1: 0.7955
Test Data Eval:
  Num examples: 384  Num correct: 257  Precision @ 1: 0.6693  AUC @ 1: 0.7527
Step 8200: loss = 0.4465 (0.010 sec)
Training Data Eval:
  Num examples: 3584  Num correct: 3019  Precision @ 1: 0.8424  AUC @ 1: 0.9289
Validation Data Eval:
  Num examples: 256  Num correct: 181  Precision @ 1: 0.7070  AUC @ 1: 0.7947
Test Data Eval:
  Num examples: 384  Num correct: 261  Precision @ 1: 0.6797  AUC @ 1: 0.7534
Step 8400: loss = 0.3862 (0.046 sec)
Training Data Eval:
  Num examples: 3584  Num correct: 3052  Precision @ 1: 0.8516  AUC @ 1: 0.9312
Validation Data Eval:
  Num examples: 256  Num correct: 178  Precision @ 1: 0.6953  AUC @ 1: 0.7928
Test Data Eval:
  Num examples: 384  Num correct: 269  Precision @ 1: 0.7005  AUC @ 1: 0.7778
Step 8600: loss = 0.3675 (0.011 sec)
Training Data Eval:
  Num examples: 3584  Num correct: 3012  Precision @ 1: 0.8404  AUC @ 1: 0.9278
Validation Data Eval:
  Num examples: 256  Num correct: 183  Precision @ 1: 0.7148  AUC @ 1: 0.7918
Test Data Eval:
  Num examples: 384  Num correct: 272  Precision @ 1: 0.7083  AUC @ 1: 0.7679
Step 8800: loss = 0.4315 (0.009 sec)
Training Data Eval:
  Num examples: 3584  Num correct: 3062  Precision @ 1: 0.8544  AUC @ 1: 0.9358
Validation Data Eval:
  Num examples: 256  Num correct: 182  Precision @ 1: 0.7109  AUC @ 1: 0.7994
Test Data Eval:
  Num examples: 384  Num correct: 262  Precision @ 1: 0.6823  AUC @ 1: 0.7701
Step 9000: loss = 0.3667 (0.009 sec)
Training Data Eval:
  Num examples: 3584  Num correct: 3060  Precision @ 1: 0.8538  AUC @ 1: 0.9348
Validation Data Eval:
  Num examples: 256  Num correct: 183  Precision @ 1: 0.7148  AUC @ 1: 0.7946
Test Data Eval:
  Num examples: 384  Num correct: 259  Precision @ 1: 0.6745  AUC @ 1: 0.7511
Step 9200: loss = 0.3772 (0.009 sec)
Training Data Eval:
  Num examples: 3584  Num correct: 3088  Precision @ 1: 0.8616  AUC @ 1: 0.9372
Validation Data Eval:
  Num examples: 256  Num correct: 179  Precision @ 1: 0.6992  AUC @ 1: 0.7948
Test Data Eval:
  Num examples: 384  Num correct: 278  Precision @ 1: 0.7240  AUC @ 1: 0.7857
Step 9400: loss = 0.3305 (0.010 sec)
Training Data Eval:
  Num examples: 3584  Num correct: 3079  Precision @ 1: 0.8591  AUC @ 1: 0.9374
Validation Data Eval:
  Num examples: 256  Num correct: 179  Precision @ 1: 0.6992  AUC @ 1: 0.7946
Test Data Eval:
  Num examples: 384  Num correct: 260  Precision @ 1: 0.6771  AUC @ 1: 0.7611
Step 9600: loss = 0.5130 (0.009 sec)
Training Data Eval:
  Num examples: 3584  Num correct: 3079  Precision @ 1: 0.8591  AUC @ 1: 0.9389
Validation Data Eval:
  Num examples: 256  Num correct: 184  Precision @ 1: 0.7188  AUC @ 1: 0.7999
Test Data Eval:
  Num examples: 384  Num correct: 275  Precision @ 1: 0.7161  AUC @ 1: 0.7752
Step 9800: loss = 0.3616 (0.043 sec)
Training Data Eval:
  Num examples: 3584  Num correct: 3094  Precision @ 1: 0.8633  AUC @ 1: 0.9403
Validation Data Eval:
  Num examples: 256  Num correct: 180  Precision @ 1: 0.7031  AUC @ 1: 0.7866
Test Data Eval:
  Num examples: 384  Num correct: 271  Precision @ 1: 0.7057  AUC @ 1: 0.7756
