Training data shape: 	(3869, 64, 30, 1)
Training label shape:	(3869,)
Testing data shape:  	(466, 64, 30, 1)
Testing label shape: 	(466,)
max input value is: 3457.30786133
min input value is: -4872.94775391
random permuted training data
==============================================================================
Model: 			inference_global_s_cnn
Tensor Name: 	Placeholder:0
[128, 64, 30, 1]
==============================================================================
Tensor Name: conv1/conv1:0
[128, 1, 30, 16]
==============================================================================
Tensor Name: MaxPool:0
[128, 1, 15, 16]
==============================================================================
Tensor Name: local1/local1:0
[128, 128]
==============================================================================
Tensor Name: local2/local2:0
[128, 128]
==============================================================================
Tensor Name: softmax_linear/softmax_linear:0
[128, 2]
Step 0: loss = 0.8034 (0.034 sec)
Training Data Eval:
  Num examples: 3584  Num correct: 2031  Precision @ 1: 0.5667  AUC @ 1: 0.7466
Validation Data Eval:
  Num examples: 256  Num correct: 150  Precision @ 1: 0.5859  AUC @ 1: 0.7633
Test Data Eval:
  Num examples: 384  Num correct: 183  Precision @ 1: 0.4766  AUC @ 1: 0.7247
Step 200: loss = 0.7634 (0.012 sec)
Training Data Eval:
  Num examples: 3584  Num correct: 2296  Precision @ 1: 0.6406  AUC @ 1: 0.7879
Validation Data Eval:
  Num examples: 256  Num correct: 167  Precision @ 1: 0.6523  AUC @ 1: 0.7925
Test Data Eval:
  Num examples: 384  Num correct: 232  Precision @ 1: 0.6042  AUC @ 1: 0.7264
Step 400: loss = 0.7607 (0.012 sec)
Training Data Eval:
  Num examples: 3584  Num correct: 2524  Precision @ 1: 0.7042  AUC @ 1: 0.8045
Validation Data Eval:
  Num examples: 256  Num correct: 179  Precision @ 1: 0.6992  AUC @ 1: 0.7946
Test Data Eval:
  Num examples: 384  Num correct: 245  Precision @ 1: 0.6380  AUC @ 1: 0.7621
Step 600: loss = 0.6155 (0.012 sec)
Training Data Eval:
  Num examples: 3584  Num correct: 2624  Precision @ 1: 0.7321  AUC @ 1: 0.8192
Validation Data Eval:
  Num examples: 256  Num correct: 188  Precision @ 1: 0.7344  AUC @ 1: 0.8108
Test Data Eval:
  Num examples: 384  Num correct: 259  Precision @ 1: 0.6745  AUC @ 1: 0.7553
Step 800: loss = 0.6056 (0.012 sec)
Training Data Eval:
  Num examples: 3584  Num correct: 2678  Precision @ 1: 0.7472  AUC @ 1: 0.8277
Validation Data Eval:
  Num examples: 256  Num correct: 189  Precision @ 1: 0.7383  AUC @ 1: 0.8104
Test Data Eval:
  Num examples: 384  Num correct: 274  Precision @ 1: 0.7135  AUC @ 1: 0.7719
Step 1000: loss = 0.6644 (0.011 sec)
Training Data Eval:
  Num examples: 3584  Num correct: 2703  Precision @ 1: 0.7542  AUC @ 1: 0.8364
Validation Data Eval:
  Num examples: 256  Num correct: 190  Precision @ 1: 0.7422  AUC @ 1: 0.8121
Test Data Eval:
  Num examples: 384  Num correct: 273  Precision @ 1: 0.7109  AUC @ 1: 0.7854
Step 1200: loss = 0.5472 (0.012 sec)
Training Data Eval:
  Num examples: 3584  Num correct: 2770  Precision @ 1: 0.7729  AUC @ 1: 0.8505
Validation Data Eval:
  Num examples: 256  Num correct: 187  Precision @ 1: 0.7305  AUC @ 1: 0.8204
Test Data Eval:
  Num examples: 384  Num correct: 273  Precision @ 1: 0.7109  AUC @ 1: 0.7956
Step 1400: loss = 0.6429 (0.045 sec)
Training Data Eval:
  Num examples: 3584  Num correct: 2754  Precision @ 1: 0.7684  AUC @ 1: 0.8550
Validation Data Eval:
  Num examples: 256  Num correct: 184  Precision @ 1: 0.7188  AUC @ 1: 0.8242
Test Data Eval:
  Num examples: 384  Num correct: 275  Precision @ 1: 0.7161  AUC @ 1: 0.7831
Step 1600: loss = 0.6116 (0.012 sec)
Training Data Eval:
  Num examples: 3584  Num correct: 2810  Precision @ 1: 0.7840  AUC @ 1: 0.8694
Validation Data Eval:
  Num examples: 256  Num correct: 190  Precision @ 1: 0.7422  AUC @ 1: 0.8301
Test Data Eval:
  Num examples: 384  Num correct: 273  Precision @ 1: 0.7109  AUC @ 1: 0.7839
Step 1800: loss = 0.5964 (0.013 sec)
Training Data Eval:
  Num examples: 3584  Num correct: 2800  Precision @ 1: 0.7812  AUC @ 1: 0.8737
Validation Data Eval:
  Num examples: 256  Num correct: 195  Precision @ 1: 0.7617  AUC @ 1: 0.8438
Test Data Eval:
  Num examples: 384  Num correct: 259  Precision @ 1: 0.6745  AUC @ 1: 0.7590
Step 2000: loss = 0.5745 (0.012 sec)
Training Data Eval:
  Num examples: 3584  Num correct: 2680  Precision @ 1: 0.7478  AUC @ 1: 0.8306
Validation Data Eval:
  Num examples: 256  Num correct: 182  Precision @ 1: 0.7109  AUC @ 1: 0.8136
Test Data Eval:
  Num examples: 384  Num correct: 246  Precision @ 1: 0.6406  AUC @ 1: 0.7303
Step 2200: loss = 0.9834 (0.012 sec)
Training Data Eval:
  Num examples: 3584  Num correct: 2897  Precision @ 1: 0.8083  AUC @ 1: 0.8978
Validation Data Eval:
  Num examples: 256  Num correct: 195  Precision @ 1: 0.7617  AUC @ 1: 0.8479
Test Data Eval:
  Num examples: 384  Num correct: 264  Precision @ 1: 0.6875  AUC @ 1: 0.7755
Step 2400: loss = 0.5272 (0.012 sec)
Training Data Eval:
  Num examples: 3584  Num correct: 2936  Precision @ 1: 0.8192  AUC @ 1: 0.9001
Validation Data Eval:
  Num examples: 256  Num correct: 188  Precision @ 1: 0.7344  AUC @ 1: 0.8332
Test Data Eval:
  Num examples: 384  Num correct: 273  Precision @ 1: 0.7109  AUC @ 1: 0.7897
Step 2600: loss = 0.5543 (0.012 sec)
Training Data Eval:
  Num examples: 3584  Num correct: 2937  Precision @ 1: 0.8195  AUC @ 1: 0.9086
Validation Data Eval:
  Num examples: 256  Num correct: 196  Precision @ 1: 0.7656  AUC @ 1: 0.8536
Test Data Eval:
  Num examples: 384  Num correct: 270  Precision @ 1: 0.7031  AUC @ 1: 0.7910
Step 2800: loss = 0.5580 (0.046 sec)
Training Data Eval:
  Num examples: 3584  Num correct: 2930  Precision @ 1: 0.8175  AUC @ 1: 0.9025
Validation Data Eval:
  Num examples: 256  Num correct: 193  Precision @ 1: 0.7539  AUC @ 1: 0.8526
Test Data Eval:
  Num examples: 384  Num correct: 269  Precision @ 1: 0.7005  AUC @ 1: 0.7564
Step 3000: loss = 0.5345 (0.011 sec)
Training Data Eval:
  Num examples: 3584  Num correct: 2998  Precision @ 1: 0.8365  AUC @ 1: 0.9183
Validation Data Eval:
  Num examples: 256  Num correct: 198  Precision @ 1: 0.7734  AUC @ 1: 0.8585
Test Data Eval:
  Num examples: 384  Num correct: 253  Precision @ 1: 0.6589  AUC @ 1: 0.7383
Step 3200: loss = 0.4384 (0.012 sec)
Training Data Eval:
  Num examples: 3584  Num correct: 2930  Precision @ 1: 0.8175  AUC @ 1: 0.9105
Validation Data Eval:
  Num examples: 256  Num correct: 198  Precision @ 1: 0.7734  AUC @ 1: 0.8488
Test Data Eval:
  Num examples: 384  Num correct: 259  Precision @ 1: 0.6745  AUC @ 1: 0.7537
Step 3400: loss = 0.5572 (0.012 sec)
Training Data Eval:
  Num examples: 3584  Num correct: 3071  Precision @ 1: 0.8569  AUC @ 1: 0.9377
Validation Data Eval:
  Num examples: 256  Num correct: 202  Precision @ 1: 0.7891  AUC @ 1: 0.8662
Test Data Eval:
  Num examples: 384  Num correct: 261  Precision @ 1: 0.6797  AUC @ 1: 0.7562
Step 3600: loss = 0.4807 (0.012 sec)
Training Data Eval:
  Num examples: 3584  Num correct: 3074  Precision @ 1: 0.8577  AUC @ 1: 0.9339
Validation Data Eval:
  Num examples: 256  Num correct: 201  Precision @ 1: 0.7852  AUC @ 1: 0.8656
Test Data Eval:
  Num examples: 384  Num correct: 265  Precision @ 1: 0.6901  AUC @ 1: 0.7652
Step 3800: loss = 0.4541 (0.011 sec)
Training Data Eval:
  Num examples: 3584  Num correct: 3083  Precision @ 1: 0.8602  AUC @ 1: 0.9429
Validation Data Eval:
  Num examples: 256  Num correct: 202  Precision @ 1: 0.7891  AUC @ 1: 0.8712
Test Data Eval:
  Num examples: 384  Num correct: 264  Precision @ 1: 0.6875  AUC @ 1: 0.7638
Step 4000: loss = 0.4438 (0.011 sec)
Training Data Eval:
  Num examples: 3584  Num correct: 3115  Precision @ 1: 0.8691  AUC @ 1: 0.9467
Validation Data Eval:
  Num examples: 256  Num correct: 200  Precision @ 1: 0.7812  AUC @ 1: 0.8707
Test Data Eval:
  Num examples: 384  Num correct: 266  Precision @ 1: 0.6927  AUC @ 1: 0.7633
Step 4200: loss = 0.4152 (0.045 sec)
Training Data Eval:
  Num examples: 3584  Num correct: 3088  Precision @ 1: 0.8616  AUC @ 1: 0.9445
Validation Data Eval:
  Num examples: 256  Num correct: 201  Precision @ 1: 0.7852  AUC @ 1: 0.8722
Test Data Eval:
  Num examples: 384  Num correct: 259  Precision @ 1: 0.6745  AUC @ 1: 0.7660
Step 4400: loss = 0.4589 (0.012 sec)
Training Data Eval:
  Num examples: 3584  Num correct: 3122  Precision @ 1: 0.8711  AUC @ 1: 0.9480
Validation Data Eval:
  Num examples: 256  Num correct: 206  Precision @ 1: 0.8047  AUC @ 1: 0.8778
Test Data Eval:
  Num examples: 384  Num correct: 265  Precision @ 1: 0.6901  AUC @ 1: 0.7510
Step 4600: loss = 0.4245 (0.011 sec)
Training Data Eval:
  Num examples: 3584  Num correct: 3162  Precision @ 1: 0.8823  AUC @ 1: 0.9565
Validation Data Eval:
  Num examples: 256  Num correct: 200  Precision @ 1: 0.7812  AUC @ 1: 0.8733
Test Data Eval:
  Num examples: 384  Num correct: 280  Precision @ 1: 0.7292  AUC @ 1: 0.7880
Step 4800: loss = 0.4516 (0.012 sec)
Training Data Eval:
  Num examples: 3584  Num correct: 3205  Precision @ 1: 0.8943  AUC @ 1: 0.9612
Validation Data Eval:
  Num examples: 256  Num correct: 202  Precision @ 1: 0.7891  AUC @ 1: 0.8747
Test Data Eval:
  Num examples: 384  Num correct: 279  Precision @ 1: 0.7266  AUC @ 1: 0.7781
Step 5000: loss = 0.4485 (0.012 sec)
Training Data Eval:
  Num examples: 3584  Num correct: 3235  Precision @ 1: 0.9026  AUC @ 1: 0.9646
Validation Data Eval:
  Num examples: 256  Num correct: 202  Precision @ 1: 0.7891  AUC @ 1: 0.8700
Test Data Eval:
  Num examples: 384  Num correct: 260  Precision @ 1: 0.6771  AUC @ 1: 0.7496
Step 5200: loss = 0.3218 (0.012 sec)
Training Data Eval:
  Num examples: 3584  Num correct: 3262  Precision @ 1: 0.9102  AUC @ 1: 0.9686
Validation Data Eval:
  Num examples: 256  Num correct: 203  Precision @ 1: 0.7930  AUC @ 1: 0.8752
Test Data Eval:
  Num examples: 384  Num correct: 268  Precision @ 1: 0.6979  AUC @ 1: 0.7641
Step 5400: loss = 0.3605 (0.012 sec)
Training Data Eval:
  Num examples: 3584  Num correct: 3272  Precision @ 1: 0.9129  AUC @ 1: 0.9725
Validation Data Eval:
  Num examples: 256  Num correct: 203  Precision @ 1: 0.7930  AUC @ 1: 0.8658
Test Data Eval:
  Num examples: 384  Num correct: 265  Precision @ 1: 0.6901  AUC @ 1: 0.7633
Step 5600: loss = 0.3485 (0.047 sec)
Training Data Eval:
  Num examples: 3584  Num correct: 3272  Precision @ 1: 0.9129  AUC @ 1: 0.9743
Validation Data Eval:
  Num examples: 256  Num correct: 203  Precision @ 1: 0.7930  AUC @ 1: 0.8697
Test Data Eval:
  Num examples: 384  Num correct: 268  Precision @ 1: 0.6979  AUC @ 1: 0.7540
Step 5800: loss = 0.4652 (0.011 sec)
Training Data Eval:
  Num examples: 3584  Num correct: 3308  Precision @ 1: 0.9230  AUC @ 1: 0.9794
Validation Data Eval:
  Num examples: 256  Num correct: 200  Precision @ 1: 0.7812  AUC @ 1: 0.8693
Test Data Eval:
  Num examples: 384  Num correct: 266  Precision @ 1: 0.6927  AUC @ 1: 0.7585
Step 6000: loss = 0.4160 (0.012 sec)
Training Data Eval:
  Num examples: 3584  Num correct: 3338  Precision @ 1: 0.9314  AUC @ 1: 0.9823
Validation Data Eval:
  Num examples: 256  Num correct: 203  Precision @ 1: 0.7930  AUC @ 1: 0.8679
Test Data Eval:
  Num examples: 384  Num correct: 266  Precision @ 1: 0.6927  AUC @ 1: 0.7570
Step 6200: loss = 0.4143 (0.013 sec)
Training Data Eval:
  Num examples: 3584  Num correct: 3377  Precision @ 1: 0.9422  AUC @ 1: 0.9858
Validation Data Eval:
  Num examples: 256  Num correct: 201  Precision @ 1: 0.7852  AUC @ 1: 0.8653
Test Data Eval:
  Num examples: 384  Num correct: 263  Precision @ 1: 0.6849  AUC @ 1: 0.7519
Step 6400: loss = 0.3849 (0.012 sec)
Training Data Eval:
  Num examples: 3584  Num correct: 3341  Precision @ 1: 0.9322  AUC @ 1: 0.9825
Validation Data Eval:
  Num examples: 256  Num correct: 200  Precision @ 1: 0.7812  AUC @ 1: 0.8730
Test Data Eval:
  Num examples: 384  Num correct: 264  Precision @ 1: 0.6875  AUC @ 1: 0.7582
Step 6600: loss = 0.2781 (0.012 sec)
Training Data Eval:
  Num examples: 3584  Num correct: 3385  Precision @ 1: 0.9445  AUC @ 1: 0.9860
Validation Data Eval:
  Num examples: 256  Num correct: 201  Precision @ 1: 0.7852  AUC @ 1: 0.8738
Test Data Eval:
  Num examples: 384  Num correct: 265  Precision @ 1: 0.6901  AUC @ 1: 0.7562
Step 6800: loss = 0.3219 (0.011 sec)
Training Data Eval:
  Num examples: 3584  Num correct: 3405  Precision @ 1: 0.9501  AUC @ 1: 0.9890
Validation Data Eval:
  Num examples: 256  Num correct: 203  Precision @ 1: 0.7930  AUC @ 1: 0.8693
Test Data Eval:
  Num examples: 384  Num correct: 270  Precision @ 1: 0.7031  AUC @ 1: 0.7412
Step 7000: loss = 0.2616 (0.048 sec)
Training Data Eval:
  Num examples: 3584  Num correct: 3408  Precision @ 1: 0.9509  AUC @ 1: 0.9882
Validation Data Eval:
  Num examples: 256  Num correct: 205  Precision @ 1: 0.8008  AUC @ 1: 0.8751
Test Data Eval:
  Num examples: 384  Num correct: 261  Precision @ 1: 0.6797  AUC @ 1: 0.7451
Step 7200: loss = 0.2681 (0.012 sec)
Training Data Eval:
  Num examples: 3584  Num correct: 3414  Precision @ 1: 0.9526  AUC @ 1: 0.9897
Validation Data Eval:
  Num examples: 256  Num correct: 197  Precision @ 1: 0.7695  AUC @ 1: 0.8616
Test Data Eval:
  Num examples: 384  Num correct: 272  Precision @ 1: 0.7083  AUC @ 1: 0.7728
Step 7400: loss = 0.2347 (0.012 sec)
Training Data Eval:
  Num examples: 3584  Num correct: 3428  Precision @ 1: 0.9565  AUC @ 1: 0.9912
Validation Data Eval:
  Num examples: 256  Num correct: 204  Precision @ 1: 0.7969  AUC @ 1: 0.8758
Test Data Eval:
  Num examples: 384  Num correct: 274  Precision @ 1: 0.7135  AUC @ 1: 0.7632
Step 7600: loss = 0.2616 (0.011 sec)
Training Data Eval:
  Num examples: 3584  Num correct: 3444  Precision @ 1: 0.9609  AUC @ 1: 0.9939
Validation Data Eval:
  Num examples: 256  Num correct: 201  Precision @ 1: 0.7852  AUC @ 1: 0.8647
Test Data Eval:
  Num examples: 384  Num correct: 262  Precision @ 1: 0.6823  AUC @ 1: 0.7587
Step 7800: loss = 0.2480 (0.012 sec)
Training Data Eval:
  Num examples: 3584  Num correct: 3427  Precision @ 1: 0.9562  AUC @ 1: 0.9907
Validation Data Eval:
  Num examples: 256  Num correct: 201  Precision @ 1: 0.7852  AUC @ 1: 0.8646
Test Data Eval:
  Num examples: 384  Num correct: 258  Precision @ 1: 0.6719  AUC @ 1: 0.7422
Step 8000: loss = 0.2500 (0.012 sec)
Training Data Eval:
  Num examples: 3584  Num correct: 3335  Precision @ 1: 0.9305  AUC @ 1: 0.9810
Validation Data Eval:
  Num examples: 256  Num correct: 200  Precision @ 1: 0.7812  AUC @ 1: 0.8577
Test Data Eval:
  Num examples: 384  Num correct: 253  Precision @ 1: 0.6589  AUC @ 1: 0.7460
Step 8200: loss = 0.3678 (0.012 sec)
Training Data Eval:
  Num examples: 3584  Num correct: 3469  Precision @ 1: 0.9679  AUC @ 1: 0.9948
Validation Data Eval:
  Num examples: 256  Num correct: 202  Precision @ 1: 0.7891  AUC @ 1: 0.8678
Test Data Eval:
  Num examples: 384  Num correct: 262  Precision @ 1: 0.6823  AUC @ 1: 0.7484
Step 8400: loss = 0.3182 (0.049 sec)
Training Data Eval:
  Num examples: 3584  Num correct: 3484  Precision @ 1: 0.9721  AUC @ 1: 0.9956
Validation Data Eval:
  Num examples: 256  Num correct: 204  Precision @ 1: 0.7969  AUC @ 1: 0.8741
Test Data Eval:
  Num examples: 384  Num correct: 271  Precision @ 1: 0.7057  AUC @ 1: 0.7733
Step 8600: loss = 0.2612 (0.012 sec)
Training Data Eval:
  Num examples: 3584  Num correct: 3489  Precision @ 1: 0.9735  AUC @ 1: 0.9963
Validation Data Eval:
  Num examples: 256  Num correct: 198  Precision @ 1: 0.7734  AUC @ 1: 0.8690
Test Data Eval:
  Num examples: 384  Num correct: 270  Precision @ 1: 0.7031  AUC @ 1: 0.7668
Step 8800: loss = 0.2228 (0.012 sec)
Training Data Eval:
  Num examples: 3584  Num correct: 3478  Precision @ 1: 0.9704  AUC @ 1: 0.9940
Validation Data Eval:
  Num examples: 256  Num correct: 205  Precision @ 1: 0.8008  AUC @ 1: 0.8727
Test Data Eval:
  Num examples: 384  Num correct: 267  Precision @ 1: 0.6953  AUC @ 1: 0.7616
Step 9000: loss = 0.2733 (0.012 sec)
Training Data Eval:
  Num examples: 3584  Num correct: 3510  Precision @ 1: 0.9794  AUC @ 1: 0.9976
Validation Data Eval:
  Num examples: 256  Num correct: 202  Precision @ 1: 0.7891  AUC @ 1: 0.8675
Test Data Eval:
  Num examples: 384  Num correct: 264  Precision @ 1: 0.6875  AUC @ 1: 0.7508
Step 9200: loss = 0.2397 (0.012 sec)
Training Data Eval:
  Num examples: 3584  Num correct: 3481  Precision @ 1: 0.9713  AUC @ 1: 0.9980
Validation Data Eval:
  Num examples: 256  Num correct: 205  Precision @ 1: 0.8008  AUC @ 1: 0.8666
Test Data Eval:
  Num examples: 384  Num correct: 254  Precision @ 1: 0.6615  AUC @ 1: 0.7457
Step 9400: loss = 0.2201 (0.012 sec)
Training Data Eval:
  Num examples: 3584  Num correct: 3530  Precision @ 1: 0.9849  AUC @ 1: 0.9981
Validation Data Eval:
  Num examples: 256  Num correct: 206  Precision @ 1: 0.8047  AUC @ 1: 0.8648
Test Data Eval:
  Num examples: 384  Num correct: 260  Precision @ 1: 0.6771  AUC @ 1: 0.7476
Step 9600: loss = 0.2312 (0.013 sec)
Training Data Eval:
  Num examples: 3584  Num correct: 3504  Precision @ 1: 0.9777  AUC @ 1: 0.9967
Validation Data Eval:
  Num examples: 256  Num correct: 201  Precision @ 1: 0.7852  AUC @ 1: 0.8599
Test Data Eval:
  Num examples: 384  Num correct: 264  Precision @ 1: 0.6875  AUC @ 1: 0.7533
Step 9800: loss = 0.2471 (0.046 sec)
Training Data Eval:
  Num examples: 3584  Num correct: 3524  Precision @ 1: 0.9833  AUC @ 1: 0.9981
Validation Data Eval:
  Num examples: 256  Num correct: 201  Precision @ 1: 0.7852  AUC @ 1: 0.8678
Test Data Eval:
  Num examples: 384  Num correct: 260  Precision @ 1: 0.6771  AUC @ 1: 0.7446
