Training data shape: 	(3816, 64, 30, 2)
Training label shape:	(3816,)
Testing data shape:  	(519, 64, 30, 2)
Testing label shape: 	(519,)
max input value is: 3457.31
min input value is: -4872.95
random permuted training data
==============================================================================
Model: 			inference_global_s_cnn
Tensor Name: 	Placeholder:0
[128, 64, 30, 2]
==============================================================================
Tensor Name: conv1/conv1:0
[128, 1, 30, 8]
==============================================================================
Tensor Name: MaxPool:0
[128, 1, 15, 8]
==============================================================================
Tensor Name: local1/local1:0
[128, 128]
==============================================================================
Tensor Name: local2/local2:0
[128, 128]
==============================================================================
Tensor Name: softmax_linear/softmax_linear:0
[128, 2]
Step 0: loss = 0.7739 (0.034 sec)
Training Data Eval:
  Num examples: 3456  Num correct: 1964  Precision @ 1: 0.5683  AUC @ 1: 0.5258
Validation Data Eval:
  Num examples: 256  Num correct: 144  Precision @ 1: 0.5625  AUC @ 1: 0.5420
Test Data Eval:
  Num examples: 512  Num correct: 287  Precision @ 1: 0.5605  AUC @ 1: 0.4885
Step 200: loss = 0.7716 (0.013 sec)
Training Data Eval:
  Num examples: 3456  Num correct: 1961  Precision @ 1: 0.5674  AUC @ 1: 0.5955
Validation Data Eval:
  Num examples: 256  Num correct: 144  Precision @ 1: 0.5625  AUC @ 1: 0.5698
Test Data Eval:
  Num examples: 512  Num correct: 292  Precision @ 1: 0.5703  AUC @ 1: 0.6593
Step 400: loss = 0.7639 (0.013 sec)
Training Data Eval:
  Num examples: 3456  Num correct: 2058  Precision @ 1: 0.5955  AUC @ 1: 0.6504
Validation Data Eval:
  Num examples: 256  Num correct: 146  Precision @ 1: 0.5703  AUC @ 1: 0.5723
Test Data Eval:
  Num examples: 512  Num correct: 292  Precision @ 1: 0.5703  AUC @ 1: 0.7437
Step 600: loss = 0.7664 (0.014 sec)
Training Data Eval:
  Num examples: 3456  Num correct: 2208  Precision @ 1: 0.6389  AUC @ 1: 0.6597
Validation Data Eval:
  Num examples: 256  Num correct: 140  Precision @ 1: 0.5469  AUC @ 1: 0.5670
Test Data Eval:
  Num examples: 512  Num correct: 284  Precision @ 1: 0.5547  AUC @ 1: 0.7734
Step 800: loss = 0.7410 (0.013 sec)
Training Data Eval:
  Num examples: 3456  Num correct: 2207  Precision @ 1: 0.6386  AUC @ 1: 0.6787
Validation Data Eval:
  Num examples: 256  Num correct: 145  Precision @ 1: 0.5664  AUC @ 1: 0.5662
Test Data Eval:
  Num examples: 512  Num correct: 300  Precision @ 1: 0.5859  AUC @ 1: 0.7548
Step 1000: loss = 0.6825 (0.013 sec)
Training Data Eval:
  Num examples: 3456  Num correct: 2176  Precision @ 1: 0.6296  AUC @ 1: 0.6867
Validation Data Eval:
  Num examples: 256  Num correct: 138  Precision @ 1: 0.5391  AUC @ 1: 0.5619
Test Data Eval:
  Num examples: 512  Num correct: 317  Precision @ 1: 0.6191  AUC @ 1: 0.7442
Step 1200: loss = 0.6885 (0.014 sec)
Training Data Eval:
  Num examples: 3456  Num correct: 2327  Precision @ 1: 0.6733  AUC @ 1: 0.7254
Validation Data Eval:
  Num examples: 256  Num correct: 141  Precision @ 1: 0.5508  AUC @ 1: 0.5591
Test Data Eval:
  Num examples: 512  Num correct: 317  Precision @ 1: 0.6191  AUC @ 1: 0.7049
Step 1400: loss = 0.7055 (0.012 sec)
Training Data Eval:
  Num examples: 3456  Num correct: 2333  Precision @ 1: 0.6751  AUC @ 1: 0.7307
Validation Data Eval:
  Num examples: 256  Num correct: 144  Precision @ 1: 0.5625  AUC @ 1: 0.5458
Test Data Eval:
  Num examples: 512  Num correct: 318  Precision @ 1: 0.6211  AUC @ 1: 0.6741
Step 1600: loss = 0.6748 (0.014 sec)
Training Data Eval:
  Num examples: 3456  Num correct: 2375  Precision @ 1: 0.6872  AUC @ 1: 0.7430
Validation Data Eval:
  Num examples: 256  Num correct: 141  Precision @ 1: 0.5508  AUC @ 1: 0.5448
Test Data Eval:
  Num examples: 512  Num correct: 324  Precision @ 1: 0.6328  AUC @ 1: 0.6402
Step 1800: loss = 0.7107 (0.013 sec)
Training Data Eval:
  Num examples: 3456  Num correct: 2451  Precision @ 1: 0.7092  AUC @ 1: 0.7747
Validation Data Eval:
  Num examples: 256  Num correct: 143  Precision @ 1: 0.5586  AUC @ 1: 0.5329
Test Data Eval:
  Num examples: 512  Num correct: 312  Precision @ 1: 0.6094  AUC @ 1: 0.5994
Step 2000: loss = 0.6581 (0.012 sec)
Training Data Eval:
  Num examples: 3456  Num correct: 2447  Precision @ 1: 0.7080  AUC @ 1: 0.7752
Validation Data Eval:
  Num examples: 256  Num correct: 141  Precision @ 1: 0.5508  AUC @ 1: 0.5462
Test Data Eval:
  Num examples: 512  Num correct: 314  Precision @ 1: 0.6133  AUC @ 1: 0.6099
Step 2200: loss = 0.6271 (0.013 sec)
Training Data Eval:
  Num examples: 3456  Num correct: 2464  Precision @ 1: 0.7130  AUC @ 1: 0.7843
Validation Data Eval:
  Num examples: 256  Num correct: 141  Precision @ 1: 0.5508  AUC @ 1: 0.5446
Test Data Eval:
  Num examples: 512  Num correct: 311  Precision @ 1: 0.6074  AUC @ 1: 0.5899
Step 2400: loss = 0.6303 (0.014 sec)
Training Data Eval:
  Num examples: 3456  Num correct: 2497  Precision @ 1: 0.7225  AUC @ 1: 0.7909
Validation Data Eval:
  Num examples: 256  Num correct: 144  Precision @ 1: 0.5625  AUC @ 1: 0.5505
Test Data Eval:
  Num examples: 512  Num correct: 314  Precision @ 1: 0.6133  AUC @ 1: 0.5642
Step 2600: loss = 0.5907 (0.015 sec)
Training Data Eval:
  Num examples: 3456  Num correct: 2507  Precision @ 1: 0.7254  AUC @ 1: 0.8014
Validation Data Eval:
  Num examples: 256  Num correct: 135  Precision @ 1: 0.5273  AUC @ 1: 0.5347
Test Data Eval:
  Num examples: 512  Num correct: 307  Precision @ 1: 0.5996  AUC @ 1: 0.5557
Step 2800: loss = 0.5211 (0.013 sec)
Training Data Eval:
  Num examples: 3456  Num correct: 2605  Precision @ 1: 0.7538  AUC @ 1: 0.8310
Validation Data Eval:
  Num examples: 256  Num correct: 145  Precision @ 1: 0.5664  AUC @ 1: 0.5528
Test Data Eval:
  Num examples: 512  Num correct: 296  Precision @ 1: 0.5781  AUC @ 1: 0.5000
Step 3000: loss = 0.5489 (0.014 sec)
Training Data Eval:
  Num examples: 3456  Num correct: 2611  Precision @ 1: 0.7555  AUC @ 1: 0.8364
Validation Data Eval:
  Num examples: 256  Num correct: 143  Precision @ 1: 0.5586  AUC @ 1: 0.5436
Test Data Eval:
  Num examples: 512  Num correct: 297  Precision @ 1: 0.5801  AUC @ 1: 0.4937
Step 3200: loss = 0.5948 (0.013 sec)
Training Data Eval:
  Num examples: 3456  Num correct: 2673  Precision @ 1: 0.7734  AUC @ 1: 0.8497
Validation Data Eval:
  Num examples: 256  Num correct: 140  Precision @ 1: 0.5469  AUC @ 1: 0.5451
Test Data Eval:
  Num examples: 512  Num correct: 291  Precision @ 1: 0.5684  AUC @ 1: 0.5024
Step 3400: loss = 0.6145 (0.014 sec)
Training Data Eval:
  Num examples: 3456  Num correct: 2628  Precision @ 1: 0.7604  AUC @ 1: 0.8385
Validation Data Eval:
  Num examples: 256  Num correct: 142  Precision @ 1: 0.5547  AUC @ 1: 0.5539
Test Data Eval:
  Num examples: 512  Num correct: 298  Precision @ 1: 0.5820  AUC @ 1: 0.5187
Step 3600: loss = 0.5392 (0.013 sec)
Training Data Eval:
  Num examples: 3456  Num correct: 2691  Precision @ 1: 0.7786  AUC @ 1: 0.8574
Validation Data Eval:
  Num examples: 256  Num correct: 135  Precision @ 1: 0.5273  AUC @ 1: 0.5236
Test Data Eval:
  Num examples: 512  Num correct: 293  Precision @ 1: 0.5723  AUC @ 1: 0.4867
Step 3800: loss = 0.5203 (0.013 sec)
Training Data Eval:
  Num examples: 3456  Num correct: 2700  Precision @ 1: 0.7812  AUC @ 1: 0.8663
Validation Data Eval:
  Num examples: 256  Num correct: 138  Precision @ 1: 0.5391  AUC @ 1: 0.5482
Test Data Eval:
  Num examples: 512  Num correct: 295  Precision @ 1: 0.5762  AUC @ 1: 0.5235
Step 4000: loss = 0.6029 (0.014 sec)
Training Data Eval:
  Num examples: 3456  Num correct: 2742  Precision @ 1: 0.7934  AUC @ 1: 0.8784
Validation Data Eval:
  Num examples: 256  Num correct: 126  Precision @ 1: 0.4922  AUC @ 1: 0.5404
Test Data Eval:
  Num examples: 512  Num correct: 287  Precision @ 1: 0.5605  AUC @ 1: 0.4969
Step 4200: loss = 0.5337 (0.014 sec)
Training Data Eval:
  Num examples: 3456  Num correct: 2754  Precision @ 1: 0.7969  AUC @ 1: 0.8849
Validation Data Eval:
  Num examples: 256  Num correct: 133  Precision @ 1: 0.5195  AUC @ 1: 0.5525
Test Data Eval:
  Num examples: 512  Num correct: 290  Precision @ 1: 0.5664  AUC @ 1: 0.4987
Step 4400: loss = 0.5049 (0.013 sec)
Training Data Eval:
  Num examples: 3456  Num correct: 2792  Precision @ 1: 0.8079  AUC @ 1: 0.8914
Validation Data Eval:
  Num examples: 256  Num correct: 140  Precision @ 1: 0.5469  AUC @ 1: 0.5538
Test Data Eval:
  Num examples: 512  Num correct: 290  Precision @ 1: 0.5664  AUC @ 1: 0.4945
Step 4600: loss = 0.4885 (0.012 sec)
Training Data Eval:
  Num examples: 3456  Num correct: 2844  Precision @ 1: 0.8229  AUC @ 1: 0.9050
Validation Data Eval:
  Num examples: 256  Num correct: 135  Precision @ 1: 0.5273  AUC @ 1: 0.5649
Test Data Eval:
  Num examples: 512  Num correct: 274  Precision @ 1: 0.5352  AUC @ 1: 0.4540
Step 4800: loss = 0.4681 (0.012 sec)
Training Data Eval:
  Num examples: 3456  Num correct: 2832  Precision @ 1: 0.8194  AUC @ 1: 0.9047
Validation Data Eval:
  Num examples: 256  Num correct: 137  Precision @ 1: 0.5352  AUC @ 1: 0.5785
Test Data Eval:
  Num examples: 512  Num correct: 292  Precision @ 1: 0.5703  AUC @ 1: 0.4859
Step 5000: loss = 0.5098 (0.014 sec)
Training Data Eval:
  Num examples: 3456  Num correct: 2820  Precision @ 1: 0.8160  AUC @ 1: 0.9017
Validation Data Eval:
  Num examples: 256  Num correct: 142  Precision @ 1: 0.5547  AUC @ 1: 0.5696
Test Data Eval:
  Num examples: 512  Num correct: 275  Precision @ 1: 0.5371  AUC @ 1: 0.4808
Step 5200: loss = 0.5032 (0.013 sec)
Training Data Eval:
  Num examples: 3456  Num correct: 2874  Precision @ 1: 0.8316  AUC @ 1: 0.9200
Validation Data Eval:
  Num examples: 256  Num correct: 143  Precision @ 1: 0.5586  AUC @ 1: 0.5873
Test Data Eval:
  Num examples: 512  Num correct: 274  Precision @ 1: 0.5352  AUC @ 1: 0.4678
Step 5400: loss = 0.4459 (0.048 sec)
Training Data Eval:
  Num examples: 3456  Num correct: 2880  Precision @ 1: 0.8333  AUC @ 1: 0.9222
Validation Data Eval:
  Num examples: 256  Num correct: 137  Precision @ 1: 0.5352  AUC @ 1: 0.5757
Test Data Eval:
  Num examples: 512  Num correct: 287  Precision @ 1: 0.5605  AUC @ 1: 0.4788
Step 5600: loss = 0.4165 (0.013 sec)
Training Data Eval:
  Num examples: 3456  Num correct: 2905  Precision @ 1: 0.8406  AUC @ 1: 0.9250
Validation Data Eval:
  Num examples: 256  Num correct: 140  Precision @ 1: 0.5469  AUC @ 1: 0.5856
Test Data Eval:
  Num examples: 512  Num correct: 284  Precision @ 1: 0.5547  AUC @ 1: 0.4858
Step 5800: loss = 0.5063 (0.012 sec)
Training Data Eval:
  Num examples: 3456  Num correct: 2908  Precision @ 1: 0.8414  AUC @ 1: 0.9290
Validation Data Eval:
  Num examples: 256  Num correct: 134  Precision @ 1: 0.5234  AUC @ 1: 0.5708
Test Data Eval:
  Num examples: 512  Num correct: 288  Precision @ 1: 0.5625  AUC @ 1: 0.4948
Step 6000: loss = 0.4440 (0.013 sec)
Training Data Eval:
  Num examples: 3456  Num correct: 2958  Precision @ 1: 0.8559  AUC @ 1: 0.9376
Validation Data Eval:
  Num examples: 256  Num correct: 141  Precision @ 1: 0.5508  AUC @ 1: 0.5778
Test Data Eval:
  Num examples: 512  Num correct: 280  Precision @ 1: 0.5469  AUC @ 1: 0.4783
Step 6200: loss = 0.4562 (0.012 sec)
Training Data Eval:
  Num examples: 3456  Num correct: 2956  Precision @ 1: 0.8553  AUC @ 1: 0.9414
Validation Data Eval:
  Num examples: 256  Num correct: 144  Precision @ 1: 0.5625  AUC @ 1: 0.5782
Test Data Eval:
  Num examples: 512  Num correct: 282  Precision @ 1: 0.5508  AUC @ 1: 0.4778
Step 6400: loss = 0.4595 (0.014 sec)
Training Data Eval:
  Num examples: 3456  Num correct: 2921  Precision @ 1: 0.8452  AUC @ 1: 0.9353
Validation Data Eval:
  Num examples: 256  Num correct: 135  Precision @ 1: 0.5273  AUC @ 1: 0.5683
Test Data Eval:
  Num examples: 512  Num correct: 282  Precision @ 1: 0.5508  AUC @ 1: 0.4832
Step 6600: loss = 0.4786 (0.012 sec)
Training Data Eval:
  Num examples: 3456  Num correct: 2967  Precision @ 1: 0.8585  AUC @ 1: 0.9436
Validation Data Eval:
  Num examples: 256  Num correct: 142  Precision @ 1: 0.5547  AUC @ 1: 0.5747
Test Data Eval:
  Num examples: 512  Num correct: 287  Precision @ 1: 0.5605  AUC @ 1: 0.4817
Step 6800: loss = 0.3588 (0.015 sec)
Training Data Eval:
  Num examples: 3456  Num correct: 3001  Precision @ 1: 0.8683  AUC @ 1: 0.9498
Validation Data Eval:
  Num examples: 256  Num correct: 145  Precision @ 1: 0.5664  AUC @ 1: 0.5869
Test Data Eval:
  Num examples: 512  Num correct: 275  Precision @ 1: 0.5371  AUC @ 1: 0.4831
Step 7000: loss = 0.4030 (0.015 sec)
Training Data Eval:
  Num examples: 3456  Num correct: 3008  Precision @ 1: 0.8704  AUC @ 1: 0.9525
Validation Data Eval:
  Num examples: 256  Num correct: 142  Precision @ 1: 0.5547  AUC @ 1: 0.5837
Test Data Eval:
  Num examples: 512  Num correct: 281  Precision @ 1: 0.5488  AUC @ 1: 0.4769
Step 7200: loss = 0.4184 (0.014 sec)
Training Data Eval:
  Num examples: 3456  Num correct: 3033  Precision @ 1: 0.8776  AUC @ 1: 0.9556
Validation Data Eval:
  Num examples: 256  Num correct: 141  Precision @ 1: 0.5508  AUC @ 1: 0.5774
Test Data Eval:
  Num examples: 512  Num correct: 284  Precision @ 1: 0.5547  AUC @ 1: 0.4710
Step 7400: loss = 0.3919 (0.011 sec)
Training Data Eval:
  Num examples: 3456  Num correct: 3043  Precision @ 1: 0.8805  AUC @ 1: 0.9585
Validation Data Eval:
  Num examples: 256  Num correct: 143  Precision @ 1: 0.5586  AUC @ 1: 0.5663
Test Data Eval:
  Num examples: 512  Num correct: 276  Precision @ 1: 0.5391  AUC @ 1: 0.4543
Step 7600: loss = 0.3909 (0.013 sec)
Training Data Eval:
  Num examples: 3456  Num correct: 3048  Precision @ 1: 0.8819  AUC @ 1: 0.9594
Validation Data Eval:
  Num examples: 256  Num correct: 146  Precision @ 1: 0.5703  AUC @ 1: 0.5822
Test Data Eval:
  Num examples: 512  Num correct: 285  Precision @ 1: 0.5566  AUC @ 1: 0.4920
Step 7800: loss = 0.3271 (0.014 sec)
Training Data Eval:
  Num examples: 3456  Num correct: 3080  Precision @ 1: 0.8912  AUC @ 1: 0.9615
Validation Data Eval:
  Num examples: 256  Num correct: 147  Precision @ 1: 0.5742  AUC @ 1: 0.5977
Test Data Eval:
  Num examples: 512  Num correct: 281  Precision @ 1: 0.5488  AUC @ 1: 0.4799
Step 8000: loss = 0.3568 (0.012 sec)
Training Data Eval:
  Num examples: 3456  Num correct: 3051  Precision @ 1: 0.8828  AUC @ 1: 0.9617
Validation Data Eval:
  Num examples: 256  Num correct: 147  Precision @ 1: 0.5742  AUC @ 1: 0.5902
Test Data Eval:
  Num examples: 512  Num correct: 277  Precision @ 1: 0.5410  AUC @ 1: 0.4726
Step 8200: loss = 0.3759 (0.011 sec)
Training Data Eval:
  Num examples: 3456  Num correct: 3108  Precision @ 1: 0.8993  AUC @ 1: 0.9673
Validation Data Eval:
  Num examples: 256  Num correct: 147  Precision @ 1: 0.5742  AUC @ 1: 0.5871
Test Data Eval:
  Num examples: 512  Num correct: 274  Precision @ 1: 0.5352  AUC @ 1: 0.4569
Step 8400: loss = 0.3363 (0.011 sec)
Training Data Eval:
  Num examples: 3456  Num correct: 3129  Precision @ 1: 0.9054  AUC @ 1: 0.9706
Validation Data Eval:
  Num examples: 256  Num correct: 147  Precision @ 1: 0.5742  AUC @ 1: 0.5949
Test Data Eval:
  Num examples: 512  Num correct: 269  Precision @ 1: 0.5254  AUC @ 1: 0.4757
Step 8600: loss = 0.3660 (0.013 sec)
Training Data Eval:
  Num examples: 3456  Num correct: 3149  Precision @ 1: 0.9112  AUC @ 1: 0.9749
Validation Data Eval:
  Num examples: 256  Num correct: 150  Precision @ 1: 0.5859  AUC @ 1: 0.5833
Test Data Eval:
  Num examples: 512  Num correct: 280  Precision @ 1: 0.5469  AUC @ 1: 0.4620
Step 8800: loss = 0.4818 (0.014 sec)
Training Data Eval:
  Num examples: 3456  Num correct: 3133  Precision @ 1: 0.9065  AUC @ 1: 0.9718
Validation Data Eval:
  Num examples: 256  Num correct: 144  Precision @ 1: 0.5625  AUC @ 1: 0.5941
Test Data Eval:
  Num examples: 512  Num correct: 272  Precision @ 1: 0.5312  AUC @ 1: 0.4831
Step 9000: loss = 0.3595 (0.012 sec)
Training Data Eval:
  Num examples: 3456  Num correct: 3139  Precision @ 1: 0.9083  AUC @ 1: 0.9728
Validation Data Eval:
  Num examples: 256  Num correct: 148  Precision @ 1: 0.5781  AUC @ 1: 0.5986
Test Data Eval:
  Num examples: 512  Num correct: 280  Precision @ 1: 0.5469  AUC @ 1: 0.4740
Step 9200: loss = 0.3740 (0.013 sec)
Training Data Eval:
  Num examples: 3456  Num correct: 3189  Precision @ 1: 0.9227  AUC @ 1: 0.9825
Validation Data Eval:
  Num examples: 256  Num correct: 151  Precision @ 1: 0.5898  AUC @ 1: 0.5887
Test Data Eval:
  Num examples: 512  Num correct: 273  Precision @ 1: 0.5332  AUC @ 1: 0.4597
Step 9400: loss = 0.3529 (0.013 sec)
Training Data Eval:
  Num examples: 3456  Num correct: 3148  Precision @ 1: 0.9109  AUC @ 1: 0.9758
Validation Data Eval:
  Num examples: 256  Num correct: 150  Precision @ 1: 0.5859  AUC @ 1: 0.6013
Test Data Eval:
  Num examples: 512  Num correct: 267  Precision @ 1: 0.5215  AUC @ 1: 0.4691
Step 9600: loss = 0.3842 (0.013 sec)
Training Data Eval:
  Num examples: 3456  Num correct: 3181  Precision @ 1: 0.9204  AUC @ 1: 0.9793
Validation Data Eval:
  Num examples: 256  Num correct: 147  Precision @ 1: 0.5742  AUC @ 1: 0.5867
Test Data Eval:
  Num examples: 512  Num correct: 276  Precision @ 1: 0.5391  AUC @ 1: 0.4826
Step 9800: loss = 0.2588 (0.013 sec)
Training Data Eval:
  Num examples: 3456  Num correct: 3215  Precision @ 1: 0.9303  AUC @ 1: 0.9834
Validation Data Eval:
  Num examples: 256  Num correct: 148  Precision @ 1: 0.5781  AUC @ 1: 0.5983
Test Data Eval:
  Num examples: 512  Num correct: 273  Precision @ 1: 0.5332  AUC @ 1: 0.4756
