Training data shape: 	(10000, 64, 64, 1)
Training label shape:	(10000,)
Testing data shape:  	(1910, 64, 64, 1)
Testing label shape: 	(1910,)
max input value is: 153.458
min input value is: -104.189
random permuted training data
==============================================================================
Model: 			inference_stcnn
Tensor Name: 	Placeholder:0
[64, 64, 64, 1]
==============================================================================
Tensor Name: conv0/conv0:0
[64, 1, 60, 16]
==============================================================================
Tensor Name: MaxPool:0
[64, 1, 30, 16]
==============================================================================
Tensor Name: local1/local1:0
[64, 128]
==============================================================================
Tensor Name: local2/local2:0
[64, 128]
==============================================================================
Tensor Name: softmax_linear/softmax_linear:0
[64, 2]
Step 0: loss = 0.8857 (0.020 sec)
Training Data Eval:
  Num examples: 8960  Num correct: 6284  Precision @ 1: 0.7013  AUC @ 1: 0.7794
Validation Data Eval:
  Num examples: 960  Num correct: 649  Precision @ 1: 0.6760  AUC @ 1: 0.7624
Test Data Eval:
  Num examples: 1856  Num correct: 1197  Precision @ 1: 0.6449  AUC @ 1: 0.7137
Step 100: loss = 0.8480 (0.010 sec)
Training Data Eval:
  Num examples: 8960  Num correct: 7102  Precision @ 1: 0.7926  AUC @ 1: 0.8494
Validation Data Eval:
  Num examples: 960  Num correct: 726  Precision @ 1: 0.7562  AUC @ 1: 0.8193
Test Data Eval:
  Num examples: 1856  Num correct: 1349  Precision @ 1: 0.7268  AUC @ 1: 0.7741
Step 200: loss = 0.6646 (0.011 sec)
Training Data Eval:
  Num examples: 8960  Num correct: 7258  Precision @ 1: 0.8100  AUC @ 1: 0.8729
Validation Data Eval:
  Num examples: 960  Num correct: 759  Precision @ 1: 0.7906  AUC @ 1: 0.8498
Test Data Eval:
  Num examples: 1856  Num correct: 1353  Precision @ 1: 0.7290  AUC @ 1: 0.7753
Step 300: loss = 0.5943 (0.010 sec)
Training Data Eval:
  Num examples: 8960  Num correct: 7515  Precision @ 1: 0.8387  AUC @ 1: 0.9012
Validation Data Eval:
  Num examples: 960  Num correct: 772  Precision @ 1: 0.8042  AUC @ 1: 0.8674
Test Data Eval:
  Num examples: 1856  Num correct: 1382  Precision @ 1: 0.7446  AUC @ 1: 0.7855
Step 400: loss = 0.5959 (0.011 sec)
Training Data Eval:
  Num examples: 8960  Num correct: 7464  Precision @ 1: 0.8330  AUC @ 1: 0.8996
Validation Data Eval:
  Num examples: 960  Num correct: 753  Precision @ 1: 0.7844  AUC @ 1: 0.8674
Test Data Eval:
  Num examples: 1856  Num correct: 1358  Precision @ 1: 0.7317  AUC @ 1: 0.7870
Step 500: loss = 0.5544 (0.011 sec)
Training Data Eval:
  Num examples: 8960  Num correct: 7591  Precision @ 1: 0.8472  AUC @ 1: 0.9093
Validation Data Eval:
  Num examples: 960  Num correct: 781  Precision @ 1: 0.8135  AUC @ 1: 0.8689
Test Data Eval:
  Num examples: 1856  Num correct: 1398  Precision @ 1: 0.7532  AUC @ 1: 0.7877
Step 600: loss = 0.5859 (0.011 sec)
Training Data Eval:
  Num examples: 8960  Num correct: 7615  Precision @ 1: 0.8499  AUC @ 1: 0.9190
Validation Data Eval:
  Num examples: 960  Num correct: 754  Precision @ 1: 0.7854  AUC @ 1: 0.8712
Test Data Eval:
  Num examples: 1856  Num correct: 1384  Precision @ 1: 0.7457  AUC @ 1: 0.7904
Step 700: loss = 0.5157 (0.097 sec)
Training Data Eval:
  Num examples: 8960  Num correct: 7528  Precision @ 1: 0.8402  AUC @ 1: 0.9096
Validation Data Eval:
  Num examples: 960  Num correct: 760  Precision @ 1: 0.7917  AUC @ 1: 0.8553
Test Data Eval:
  Num examples: 1856  Num correct: 1372  Precision @ 1: 0.7392  AUC @ 1: 0.7827
Step 800: loss = 0.4325 (0.011 sec)
Training Data Eval:
  Num examples: 8960  Num correct: 7654  Precision @ 1: 0.8542  AUC @ 1: 0.9225
Validation Data Eval:
  Num examples: 960  Num correct: 760  Precision @ 1: 0.7917  AUC @ 1: 0.8684
Test Data Eval:
  Num examples: 1856  Num correct: 1363  Precision @ 1: 0.7344  AUC @ 1: 0.7684
Step 900: loss = 0.4191 (0.010 sec)
Training Data Eval:
  Num examples: 8960  Num correct: 7751  Precision @ 1: 0.8651  AUC @ 1: 0.9283
Validation Data Eval:
  Num examples: 960  Num correct: 772  Precision @ 1: 0.8042  AUC @ 1: 0.8699
Test Data Eval:
  Num examples: 1856  Num correct: 1393  Precision @ 1: 0.7505  AUC @ 1: 0.7857
Step 1000: loss = 0.6005 (0.011 sec)
Training Data Eval:
  Num examples: 8960  Num correct: 7842  Precision @ 1: 0.8752  AUC @ 1: 0.9380
Validation Data Eval:
  Num examples: 960  Num correct: 773  Precision @ 1: 0.8052  AUC @ 1: 0.8747
Test Data Eval:
  Num examples: 1856  Num correct: 1374  Precision @ 1: 0.7403  AUC @ 1: 0.7843
Step 1100: loss = 0.5080 (0.010 sec)
Training Data Eval:
  Num examples: 8960  Num correct: 7822  Precision @ 1: 0.8730  AUC @ 1: 0.9421
Validation Data Eval:
  Num examples: 960  Num correct: 773  Precision @ 1: 0.8052  AUC @ 1: 0.8795
Test Data Eval:
  Num examples: 1856  Num correct: 1338  Precision @ 1: 0.7209  AUC @ 1: 0.7772
Step 1200: loss = 0.4830 (0.011 sec)
Training Data Eval:
  Num examples: 8960  Num correct: 7435  Precision @ 1: 0.8298  AUC @ 1: 0.9336
Validation Data Eval:
  Num examples: 960  Num correct: 740  Precision @ 1: 0.7708  AUC @ 1: 0.8790
Test Data Eval:
  Num examples: 1856  Num correct: 1245  Precision @ 1: 0.6708  AUC @ 1: 0.7795
Step 1300: loss = 0.4403 (0.011 sec)
Training Data Eval:
  Num examples: 8960  Num correct: 7845  Precision @ 1: 0.8756  AUC @ 1: 0.9507
Validation Data Eval:
  Num examples: 960  Num correct: 773  Precision @ 1: 0.8052  AUC @ 1: 0.8737
Test Data Eval:
  Num examples: 1856  Num correct: 1369  Precision @ 1: 0.7376  AUC @ 1: 0.7657
Step 1400: loss = 0.4006 (0.097 sec)
Training Data Eval:
  Num examples: 8960  Num correct: 7925  Precision @ 1: 0.8845  AUC @ 1: 0.9489
Validation Data Eval:
  Num examples: 960  Num correct: 763  Precision @ 1: 0.7948  AUC @ 1: 0.8695
Test Data Eval:
  Num examples: 1856  Num correct: 1361  Precision @ 1: 0.7333  AUC @ 1: 0.7777
Step 1500: loss = 0.3324 (0.012 sec)
Training Data Eval:
  Num examples: 8960  Num correct: 7847  Precision @ 1: 0.8758  AUC @ 1: 0.9524
Validation Data Eval:
  Num examples: 960  Num correct: 761  Precision @ 1: 0.7927  AUC @ 1: 0.8744
Test Data Eval:
  Num examples: 1856  Num correct: 1372  Precision @ 1: 0.7392  AUC @ 1: 0.7720
Step 1600: loss = 0.5478 (0.011 sec)
Training Data Eval:
  Num examples: 8960  Num correct: 7953  Precision @ 1: 0.8876  AUC @ 1: 0.9591
Validation Data Eval:
  Num examples: 960  Num correct: 775  Precision @ 1: 0.8073  AUC @ 1: 0.8832
Test Data Eval:
  Num examples: 1856  Num correct: 1367  Precision @ 1: 0.7365  AUC @ 1: 0.7694
Step 1700: loss = 0.3502 (0.012 sec)
Training Data Eval:
  Num examples: 8960  Num correct: 8082  Precision @ 1: 0.9020  AUC @ 1: 0.9606
Validation Data Eval:
  Num examples: 960  Num correct: 775  Precision @ 1: 0.8073  AUC @ 1: 0.8864
Test Data Eval:
  Num examples: 1856  Num correct: 1348  Precision @ 1: 0.7263  AUC @ 1: 0.7703
Step 1800: loss = 0.2988 (0.010 sec)
Training Data Eval:
  Num examples: 8960  Num correct: 7633  Precision @ 1: 0.8519  AUC @ 1: 0.9536
Validation Data Eval:
  Num examples: 960  Num correct: 756  Precision @ 1: 0.7875  AUC @ 1: 0.8728
Test Data Eval:
  Num examples: 1856  Num correct: 1335  Precision @ 1: 0.7193  AUC @ 1: 0.7720
Step 1900: loss = 0.3310 (0.011 sec)
Training Data Eval:
  Num examples: 8960  Num correct: 7942  Precision @ 1: 0.8864  AUC @ 1: 0.9614
Validation Data Eval:
  Num examples: 960  Num correct: 748  Precision @ 1: 0.7792  AUC @ 1: 0.8831
Test Data Eval:
  Num examples: 1856  Num correct: 1299  Precision @ 1: 0.6999  AUC @ 1: 0.7765
Step 2000: loss = 0.3044 (0.010 sec)
Training Data Eval:
  Num examples: 8960  Num correct: 8198  Precision @ 1: 0.9150  AUC @ 1: 0.9683
Validation Data Eval:
  Num examples: 960  Num correct: 789  Precision @ 1: 0.8219  AUC @ 1: 0.8758
Test Data Eval:
  Num examples: 1856  Num correct: 1342  Precision @ 1: 0.7231  AUC @ 1: 0.7736
Step 2100: loss = 0.3672 (0.100 sec)
Training Data Eval:
  Num examples: 8960  Num correct: 8066  Precision @ 1: 0.9002  AUC @ 1: 0.9633
Validation Data Eval:
  Num examples: 960  Num correct: 751  Precision @ 1: 0.7823  AUC @ 1: 0.8711
Test Data Eval:
  Num examples: 1856  Num correct: 1309  Precision @ 1: 0.7053  AUC @ 1: 0.7787
Step 2200: loss = 0.2981 (0.011 sec)
Training Data Eval:
  Num examples: 8960  Num correct: 8235  Precision @ 1: 0.9191  AUC @ 1: 0.9702
Validation Data Eval:
  Num examples: 960  Num correct: 783  Precision @ 1: 0.8156  AUC @ 1: 0.8874
Test Data Eval:
  Num examples: 1856  Num correct: 1347  Precision @ 1: 0.7258  AUC @ 1: 0.7802
Step 2300: loss = 0.2185 (0.011 sec)
Training Data Eval:
  Num examples: 8960  Num correct: 8266  Precision @ 1: 0.9225  AUC @ 1: 0.9745
Validation Data Eval:
  Num examples: 960  Num correct: 768  Precision @ 1: 0.8000  AUC @ 1: 0.8816
Test Data Eval:
  Num examples: 1856  Num correct: 1330  Precision @ 1: 0.7166  AUC @ 1: 0.7697
Step 2400: loss = 0.3262 (0.011 sec)
Training Data Eval:
  Num examples: 8960  Num correct: 8217  Precision @ 1: 0.9171  AUC @ 1: 0.9755
Validation Data Eval:
  Num examples: 960  Num correct: 776  Precision @ 1: 0.8083  AUC @ 1: 0.8744
Test Data Eval:
  Num examples: 1856  Num correct: 1375  Precision @ 1: 0.7408  AUC @ 1: 0.7830
Step 2500: loss = 0.4150 (0.011 sec)
Training Data Eval:
  Num examples: 8960  Num correct: 8274  Precision @ 1: 0.9234  AUC @ 1: 0.9762
Validation Data Eval:
  Num examples: 960  Num correct: 775  Precision @ 1: 0.8073  AUC @ 1: 0.8702
Test Data Eval:
  Num examples: 1856  Num correct: 1343  Precision @ 1: 0.7236  AUC @ 1: 0.7700
Step 2600: loss = 0.3351 (0.012 sec)
Training Data Eval:
  Num examples: 8960  Num correct: 8248  Precision @ 1: 0.9205  AUC @ 1: 0.9784
Validation Data Eval:
  Num examples: 960  Num correct: 754  Precision @ 1: 0.7854  AUC @ 1: 0.8820
Test Data Eval:
  Num examples: 1856  Num correct: 1265  Precision @ 1: 0.6816  AUC @ 1: 0.7583
Step 2700: loss = 0.2693 (0.011 sec)
Training Data Eval:
  Num examples: 8960  Num correct: 8282  Precision @ 1: 0.9243  AUC @ 1: 0.9806
Validation Data Eval:
  Num examples: 960  Num correct: 779  Precision @ 1: 0.8115  AUC @ 1: 0.8771
Test Data Eval:
  Num examples: 1856  Num correct: 1380  Precision @ 1: 0.7435  AUC @ 1: 0.7838
Step 2800: loss = 0.3359 (0.091 sec)
Training Data Eval:
  Num examples: 8960  Num correct: 7877  Precision @ 1: 0.8791  AUC @ 1: 0.9779
Validation Data Eval:
  Num examples: 960  Num correct: 740  Precision @ 1: 0.7708  AUC @ 1: 0.8793
Test Data Eval:
  Num examples: 1856  Num correct: 1177  Precision @ 1: 0.6342  AUC @ 1: 0.7602
Step 2900: loss = 0.4103 (0.012 sec)
Training Data Eval:
  Num examples: 8960  Num correct: 8163  Precision @ 1: 0.9110  AUC @ 1: 0.9776
Validation Data Eval:
  Num examples: 960  Num correct: 751  Precision @ 1: 0.7823  AUC @ 1: 0.8809
Test Data Eval:
  Num examples: 1856  Num correct: 1267  Precision @ 1: 0.6827  AUC @ 1: 0.7812
Step 3000: loss = 0.2600 (0.011 sec)
Training Data Eval:
  Num examples: 8960  Num correct: 8383  Precision @ 1: 0.9356  AUC @ 1: 0.9845
Validation Data Eval:
  Num examples: 960  Num correct: 775  Precision @ 1: 0.8073  AUC @ 1: 0.8762
Test Data Eval:
  Num examples: 1856  Num correct: 1375  Precision @ 1: 0.7408  AUC @ 1: 0.7676
Step 3100: loss = 0.2665 (0.011 sec)
Training Data Eval:
  Num examples: 8960  Num correct: 8384  Precision @ 1: 0.9357  AUC @ 1: 0.9835
Validation Data Eval:
  Num examples: 960  Num correct: 785  Precision @ 1: 0.8177  AUC @ 1: 0.8892
Test Data Eval:
  Num examples: 1856  Num correct: 1288  Precision @ 1: 0.6940  AUC @ 1: 0.7649
Step 3200: loss = 0.4466 (0.011 sec)
Training Data Eval:
  Num examples: 8960  Num correct: 8408  Precision @ 1: 0.9384  AUC @ 1: 0.9849
Validation Data Eval:
  Num examples: 960  Num correct: 780  Precision @ 1: 0.8125  AUC @ 1: 0.8817
Test Data Eval:
  Num examples: 1856  Num correct: 1313  Precision @ 1: 0.7074  AUC @ 1: 0.7699
Step 3300: loss = 0.2861 (0.011 sec)
Training Data Eval:
  Num examples: 8960  Num correct: 8422  Precision @ 1: 0.9400  AUC @ 1: 0.9877
Validation Data Eval:
  Num examples: 960  Num correct: 764  Precision @ 1: 0.7958  AUC @ 1: 0.8701
Test Data Eval:
  Num examples: 1856  Num correct: 1355  Precision @ 1: 0.7301  AUC @ 1: 0.7597
Step 3400: loss = 0.2691 (0.010 sec)
Training Data Eval:
  Num examples: 8960  Num correct: 8483  Precision @ 1: 0.9468  AUC @ 1: 0.9899
Validation Data Eval:
  Num examples: 960  Num correct: 758  Precision @ 1: 0.7896  AUC @ 1: 0.8763
Test Data Eval:
  Num examples: 1856  Num correct: 1288  Precision @ 1: 0.6940  AUC @ 1: 0.7755
Step 3500: loss = 0.3529 (0.099 sec)
Training Data Eval:
  Num examples: 8960  Num correct: 8475  Precision @ 1: 0.9459  AUC @ 1: 0.9904
Validation Data Eval:
  Num examples: 960  Num correct: 775  Precision @ 1: 0.8073  AUC @ 1: 0.8792
Test Data Eval:
  Num examples: 1856  Num correct: 1321  Precision @ 1: 0.7117  AUC @ 1: 0.7651
Step 3600: loss = 0.1938 (0.011 sec)
Training Data Eval:
  Num examples: 8960  Num correct: 8137  Precision @ 1: 0.9081  AUC @ 1: 0.9864
Validation Data Eval:
  Num examples: 960  Num correct: 763  Precision @ 1: 0.7948  AUC @ 1: 0.8662
Test Data Eval:
  Num examples: 1856  Num correct: 1355  Precision @ 1: 0.7301  AUC @ 1: 0.7588
Step 3700: loss = 0.4168 (0.011 sec)
Training Data Eval:
  Num examples: 8960  Num correct: 8461  Precision @ 1: 0.9443  AUC @ 1: 0.9898
Validation Data Eval:
  Num examples: 960  Num correct: 776  Precision @ 1: 0.8083  AUC @ 1: 0.8804
Test Data Eval:
  Num examples: 1856  Num correct: 1331  Precision @ 1: 0.7171  AUC @ 1: 0.7790
Step 3800: loss = 0.2128 (0.011 sec)
Training Data Eval:
  Num examples: 8960  Num correct: 8561  Precision @ 1: 0.9555  AUC @ 1: 0.9917
Validation Data Eval:
  Num examples: 960  Num correct: 769  Precision @ 1: 0.8010  AUC @ 1: 0.8795
Test Data Eval:
  Num examples: 1856  Num correct: 1327  Precision @ 1: 0.7150  AUC @ 1: 0.7791
Step 3900: loss = 0.2686 (0.011 sec)
Training Data Eval:
  Num examples: 8960  Num correct: 8173  Precision @ 1: 0.9122  AUC @ 1: 0.9896
Validation Data Eval:
  Num examples: 960  Num correct: 759  Precision @ 1: 0.7906  AUC @ 1: 0.8641
Test Data Eval:
  Num examples: 1856  Num correct: 1387  Precision @ 1: 0.7473  AUC @ 1: 0.7685
Step 4000: loss = 0.2184 (0.010 sec)
Training Data Eval:
  Num examples: 8960  Num correct: 8407  Precision @ 1: 0.9383  AUC @ 1: 0.9919
Validation Data Eval:
  Num examples: 960  Num correct: 766  Precision @ 1: 0.7979  AUC @ 1: 0.8709
Test Data Eval:
  Num examples: 1856  Num correct: 1365  Precision @ 1: 0.7355  AUC @ 1: 0.7649
Step 4100: loss = 0.3244 (0.010 sec)
Training Data Eval:
  Num examples: 8960  Num correct: 8588  Precision @ 1: 0.9585  AUC @ 1: 0.9942
Validation Data Eval:
  Num examples: 960  Num correct: 772  Precision @ 1: 0.8042  AUC @ 1: 0.8661
Test Data Eval:
  Num examples: 1856  Num correct: 1349  Precision @ 1: 0.7268  AUC @ 1: 0.7648
Step 4200: loss = 0.3387 (0.100 sec)
Training Data Eval:
  Num examples: 8960  Num correct: 8508  Precision @ 1: 0.9496  AUC @ 1: 0.9903
Validation Data Eval:
  Num examples: 960  Num correct: 753  Precision @ 1: 0.7844  AUC @ 1: 0.8691
Test Data Eval:
  Num examples: 1856  Num correct: 1276  Precision @ 1: 0.6875  AUC @ 1: 0.7718
Step 4300: loss = 0.2457 (0.011 sec)
Training Data Eval:
  Num examples: 8960  Num correct: 8529  Precision @ 1: 0.9519  AUC @ 1: 0.9919
Validation Data Eval:
  Num examples: 960  Num correct: 784  Precision @ 1: 0.8167  AUC @ 1: 0.8707
Test Data Eval:
  Num examples: 1856  Num correct: 1316  Precision @ 1: 0.7091  AUC @ 1: 0.7559
Step 4400: loss = 0.2623 (0.011 sec)
Training Data Eval:
  Num examples: 8960  Num correct: 8596  Precision @ 1: 0.9594  AUC @ 1: 0.9943
Validation Data Eval:
  Num examples: 960  Num correct: 766  Precision @ 1: 0.7979  AUC @ 1: 0.8744
Test Data Eval:
  Num examples: 1856  Num correct: 1303  Precision @ 1: 0.7020  AUC @ 1: 0.7588
Step 4500: loss = 0.2902 (0.011 sec)
Training Data Eval:
  Num examples: 8960  Num correct: 8539  Precision @ 1: 0.9530  AUC @ 1: 0.9912
Validation Data Eval:
  Num examples: 960  Num correct: 761  Precision @ 1: 0.7927  AUC @ 1: 0.8739
Test Data Eval:
  Num examples: 1856  Num correct: 1299  Precision @ 1: 0.6999  AUC @ 1: 0.7756
Step 4600: loss = 0.3768 (0.010 sec)
Training Data Eval:
  Num examples: 8960  Num correct: 8608  Precision @ 1: 0.9607  AUC @ 1: 0.9949
Validation Data Eval:
  Num examples: 960  Num correct: 776  Precision @ 1: 0.8083  AUC @ 1: 0.8736
Test Data Eval:
  Num examples: 1856  Num correct: 1352  Precision @ 1: 0.7284  AUC @ 1: 0.7732
Step 4700: loss = 0.3151 (0.010 sec)
Training Data Eval:
  Num examples: 8960  Num correct: 8556  Precision @ 1: 0.9549  AUC @ 1: 0.9938
Validation Data Eval:
  Num examples: 960  Num correct: 774  Precision @ 1: 0.8063  AUC @ 1: 0.8613
Test Data Eval:
  Num examples: 1856  Num correct: 1355  Precision @ 1: 0.7301  AUC @ 1: 0.7603
Step 4800: loss = 0.2447 (0.011 sec)
Training Data Eval:
  Num examples: 8960  Num correct: 8521  Precision @ 1: 0.9510  AUC @ 1: 0.9942
Validation Data Eval:
  Num examples: 960  Num correct: 763  Precision @ 1: 0.7948  AUC @ 1: 0.8653
Test Data Eval:
  Num examples: 1856  Num correct: 1325  Precision @ 1: 0.7139  AUC @ 1: 0.7382
Step 4900: loss = 0.1779 (0.093 sec)
Training Data Eval:
  Num examples: 8960  Num correct: 8206  Precision @ 1: 0.9158  AUC @ 1: 0.9931
Validation Data Eval:
  Num examples: 960  Num correct: 722  Precision @ 1: 0.7521  AUC @ 1: 0.8802
Test Data Eval:
  Num examples: 1856  Num correct: 1150  Precision @ 1: 0.6196  AUC @ 1: 0.7603
Step 5000: loss = 0.5113 (0.011 sec)
Training Data Eval:
  Num examples: 8960  Num correct: 8674  Precision @ 1: 0.9681  AUC @ 1: 0.9952
Validation Data Eval:
  Num examples: 960  Num correct: 773  Precision @ 1: 0.8052  AUC @ 1: 0.8792
Test Data Eval:
  Num examples: 1856  Num correct: 1312  Precision @ 1: 0.7069  AUC @ 1: 0.7633
Step 5100: loss = 0.2174 (0.011 sec)
Training Data Eval:
  Num examples: 8960  Num correct: 8609  Precision @ 1: 0.9608  AUC @ 1: 0.9955
Validation Data Eval:
  Num examples: 960  Num correct: 770  Precision @ 1: 0.8021  AUC @ 1: 0.8678
Test Data Eval:
  Num examples: 1856  Num correct: 1337  Precision @ 1: 0.7204  AUC @ 1: 0.7500
Step 5200: loss = 0.2249 (0.011 sec)
Training Data Eval:
  Num examples: 8960  Num correct: 8425  Precision @ 1: 0.9403  AUC @ 1: 0.9935
Validation Data Eval:
  Num examples: 960  Num correct: 776  Precision @ 1: 0.8083  AUC @ 1: 0.8730
Test Data Eval:
  Num examples: 1856  Num correct: 1368  Precision @ 1: 0.7371  AUC @ 1: 0.7536
Step 5300: loss = 0.3278 (0.010 sec)
Training Data Eval:
  Num examples: 8960  Num correct: 8580  Precision @ 1: 0.9576  AUC @ 1: 0.9931
Validation Data Eval:
  Num examples: 960  Num correct: 784  Precision @ 1: 0.8167  AUC @ 1: 0.8627
Test Data Eval:
  Num examples: 1856  Num correct: 1346  Precision @ 1: 0.7252  AUC @ 1: 0.7493
Step 5400: loss = 0.2422 (0.011 sec)
Training Data Eval:
  Num examples: 8960  Num correct: 8667  Precision @ 1: 0.9673  AUC @ 1: 0.9960
Validation Data Eval:
  Num examples: 960  Num correct: 769  Precision @ 1: 0.8010  AUC @ 1: 0.8743
Test Data Eval:
  Num examples: 1856  Num correct: 1333  Precision @ 1: 0.7182  AUC @ 1: 0.7537
Step 5500: loss = 0.2665 (0.010 sec)
Training Data Eval:
  Num examples: 8960  Num correct: 8741  Precision @ 1: 0.9756  AUC @ 1: 0.9968
Validation Data Eval:
  Num examples: 960  Num correct: 772  Precision @ 1: 0.8042  AUC @ 1: 0.8754
Test Data Eval:
  Num examples: 1856  Num correct: 1314  Precision @ 1: 0.7080  AUC @ 1: 0.7598
Step 5600: loss = 0.2452 (0.098 sec)
Training Data Eval:
  Num examples: 8960  Num correct: 8581  Precision @ 1: 0.9577  AUC @ 1: 0.9961
Validation Data Eval:
  Num examples: 960  Num correct: 773  Precision @ 1: 0.8052  AUC @ 1: 0.8730
Test Data Eval:
  Num examples: 1856  Num correct: 1369  Precision @ 1: 0.7376  AUC @ 1: 0.7634
Step 5700: loss = 0.3606 (0.011 sec)
Training Data Eval:
  Num examples: 8960  Num correct: 8650  Precision @ 1: 0.9654  AUC @ 1: 0.9956
Validation Data Eval:
  Num examples: 960  Num correct: 788  Precision @ 1: 0.8208  AUC @ 1: 0.8795
Test Data Eval:
  Num examples: 1856  Num correct: 1349  Precision @ 1: 0.7268  AUC @ 1: 0.7760
Step 5800: loss = 0.1998 (0.011 sec)
Training Data Eval:
  Num examples: 8960  Num correct: 8585  Precision @ 1: 0.9581  AUC @ 1: 0.9948
Validation Data Eval:
  Num examples: 960  Num correct: 770  Precision @ 1: 0.8021  AUC @ 1: 0.8666
Test Data Eval:
  Num examples: 1856  Num correct: 1343  Precision @ 1: 0.7236  AUC @ 1: 0.7550
Step 5900: loss = 0.2784 (0.011 sec)
Training Data Eval:
  Num examples: 8960  Num correct: 8510  Precision @ 1: 0.9498  AUC @ 1: 0.9972
Validation Data Eval:
  Num examples: 960  Num correct: 779  Precision @ 1: 0.8115  AUC @ 1: 0.8659
Test Data Eval:
  Num examples: 1856  Num correct: 1346  Precision @ 1: 0.7252  AUC @ 1: 0.7522
Step 6000: loss = 0.2546 (0.010 sec)
Training Data Eval:
  Num examples: 8960  Num correct: 8690  Precision @ 1: 0.9699  AUC @ 1: 0.9969
Validation Data Eval:
  Num examples: 960  Num correct: 775  Precision @ 1: 0.8073  AUC @ 1: 0.8767
Test Data Eval:
  Num examples: 1856  Num correct: 1338  Precision @ 1: 0.7209  AUC @ 1: 0.7594
Step 6100: loss = 0.1823 (0.011 sec)
Training Data Eval:
  Num examples: 8960  Num correct: 8674  Precision @ 1: 0.9681  AUC @ 1: 0.9963
Validation Data Eval:
  Num examples: 960  Num correct: 754  Precision @ 1: 0.7854  AUC @ 1: 0.8743
Test Data Eval:
  Num examples: 1856  Num correct: 1297  Precision @ 1: 0.6988  AUC @ 1: 0.7659
Step 6200: loss = 0.2388 (0.011 sec)
Training Data Eval:
  Num examples: 8960  Num correct: 8702  Precision @ 1: 0.9712  AUC @ 1: 0.9966
Validation Data Eval:
  Num examples: 960  Num correct: 763  Precision @ 1: 0.7948  AUC @ 1: 0.8759
Test Data Eval:
  Num examples: 1856  Num correct: 1286  Precision @ 1: 0.6929  AUC @ 1: 0.7741
Step 6300: loss = 0.3617 (0.092 sec)
Training Data Eval:
  Num examples: 8960  Num correct: 8743  Precision @ 1: 0.9758  AUC @ 1: 0.9975
Validation Data Eval:
  Num examples: 960  Num correct: 780  Precision @ 1: 0.8125  AUC @ 1: 0.8760
Test Data Eval:
  Num examples: 1856  Num correct: 1326  Precision @ 1: 0.7144  AUC @ 1: 0.7745
Step 6400: loss = 0.2273 (0.011 sec)
Training Data Eval:
  Num examples: 8960  Num correct: 8567  Precision @ 1: 0.9561  AUC @ 1: 0.9961
Validation Data Eval:
  Num examples: 960  Num correct: 755  Precision @ 1: 0.7865  AUC @ 1: 0.8768
Test Data Eval:
  Num examples: 1856  Num correct: 1213  Precision @ 1: 0.6536  AUC @ 1: 0.7697
Step 6500: loss = 0.2474 (0.011 sec)
Training Data Eval:
  Num examples: 8960  Num correct: 8711  Precision @ 1: 0.9722  AUC @ 1: 0.9965
Validation Data Eval:
  Num examples: 960  Num correct: 775  Precision @ 1: 0.8073  AUC @ 1: 0.8739
Test Data Eval:
  Num examples: 1856  Num correct: 1332  Precision @ 1: 0.7177  AUC @ 1: 0.7774
Step 6600: loss = 0.2863 (0.011 sec)
Training Data Eval:
  Num examples: 8960  Num correct: 8746  Precision @ 1: 0.9761  AUC @ 1: 0.9973
Validation Data Eval:
  Num examples: 960  Num correct: 769  Precision @ 1: 0.8010  AUC @ 1: 0.8763
Test Data Eval:
  Num examples: 1856  Num correct: 1273  Precision @ 1: 0.6859  AUC @ 1: 0.7558
Step 6700: loss = 0.3928 (0.010 sec)
Training Data Eval:
  Num examples: 8960  Num correct: 8748  Precision @ 1: 0.9763  AUC @ 1: 0.9980
Validation Data Eval:
  Num examples: 960  Num correct: 771  Precision @ 1: 0.8031  AUC @ 1: 0.8803
Test Data Eval:
  Num examples: 1856  Num correct: 1298  Precision @ 1: 0.6994  AUC @ 1: 0.7471
Step 6800: loss = 0.2153 (0.011 sec)
Training Data Eval:
  Num examples: 8960  Num correct: 8749  Precision @ 1: 0.9765  AUC @ 1: 0.9977
Validation Data Eval:
  Num examples: 960  Num correct: 774  Precision @ 1: 0.8063  AUC @ 1: 0.8844
Test Data Eval:
  Num examples: 1856  Num correct: 1262  Precision @ 1: 0.6800  AUC @ 1: 0.7704
Step 6900: loss = 0.2052 (0.011 sec)
Training Data Eval:
  Num examples: 8960  Num correct: 8712  Precision @ 1: 0.9723  AUC @ 1: 0.9979
Validation Data Eval:
  Num examples: 960  Num correct: 763  Precision @ 1: 0.7948  AUC @ 1: 0.8763
Test Data Eval:
  Num examples: 1856  Num correct: 1231  Precision @ 1: 0.6633  AUC @ 1: 0.7544
Step 7000: loss = 0.2074 (0.093 sec)
Training Data Eval:
  Num examples: 8960  Num correct: 8691  Precision @ 1: 0.9700  AUC @ 1: 0.9971
Validation Data Eval:
  Num examples: 960  Num correct: 784  Precision @ 1: 0.8167  AUC @ 1: 0.8769
Test Data Eval:
  Num examples: 1856  Num correct: 1325  Precision @ 1: 0.7139  AUC @ 1: 0.7622
Step 7100: loss = 0.1996 (0.011 sec)
Training Data Eval:
  Num examples: 8960  Num correct: 8760  Precision @ 1: 0.9777  AUC @ 1: 0.9974
Validation Data Eval:
  Num examples: 960  Num correct: 779  Precision @ 1: 0.8115  AUC @ 1: 0.8745
Test Data Eval:
  Num examples: 1856  Num correct: 1322  Precision @ 1: 0.7123  AUC @ 1: 0.7639
Step 7200: loss = 0.2300 (0.011 sec)
Training Data Eval:
  Num examples: 8960  Num correct: 8702  Precision @ 1: 0.9712  AUC @ 1: 0.9987
Validation Data Eval:
  Num examples: 960  Num correct: 780  Precision @ 1: 0.8125  AUC @ 1: 0.8766
Test Data Eval:
  Num examples: 1856  Num correct: 1358  Precision @ 1: 0.7317  AUC @ 1: 0.7566
Step 7300: loss = 0.3715 (0.011 sec)
Training Data Eval:
  Num examples: 8960  Num correct: 8767  Precision @ 1: 0.9785  AUC @ 1: 0.9978
Validation Data Eval:
  Num examples: 960  Num correct: 777  Precision @ 1: 0.8094  AUC @ 1: 0.8739
Test Data Eval:
  Num examples: 1856  Num correct: 1313  Precision @ 1: 0.7074  AUC @ 1: 0.7637
Step 7400: loss = 0.2568 (0.011 sec)
Training Data Eval:
  Num examples: 8960  Num correct: 8767  Precision @ 1: 0.9785  AUC @ 1: 0.9982
Validation Data Eval:
  Num examples: 960  Num correct: 771  Precision @ 1: 0.8031  AUC @ 1: 0.8757
Test Data Eval:
  Num examples: 1856  Num correct: 1333  Precision @ 1: 0.7182  AUC @ 1: 0.7513
Step 7500: loss = 0.2089 (0.010 sec)
Training Data Eval:
  Num examples: 8960  Num correct: 8725  Precision @ 1: 0.9738  AUC @ 1: 0.9976
Validation Data Eval:
  Num examples: 960  Num correct: 756  Precision @ 1: 0.7875  AUC @ 1: 0.8643
Test Data Eval:
  Num examples: 1856  Num correct: 1270  Precision @ 1: 0.6843  AUC @ 1: 0.7700
Step 7600: loss = 0.2473 (0.010 sec)
Training Data Eval:
  Num examples: 8960  Num correct: 8790  Precision @ 1: 0.9810  AUC @ 1: 0.9984
Validation Data Eval:
  Num examples: 960  Num correct: 778  Precision @ 1: 0.8104  AUC @ 1: 0.8786
Test Data Eval:
  Num examples: 1856  Num correct: 1338  Precision @ 1: 0.7209  AUC @ 1: 0.7568
Step 7700: loss = 0.1683 (0.094 sec)
Training Data Eval:
  Num examples: 8960  Num correct: 8772  Precision @ 1: 0.9790  AUC @ 1: 0.9974
Validation Data Eval:
  Num examples: 960  Num correct: 779  Precision @ 1: 0.8115  AUC @ 1: 0.8812
Test Data Eval:
  Num examples: 1856  Num correct: 1281  Precision @ 1: 0.6902  AUC @ 1: 0.7484
Step 7800: loss = 0.2556 (0.012 sec)
Training Data Eval:
  Num examples: 8960  Num correct: 8728  Precision @ 1: 0.9741  AUC @ 1: 0.9975
Validation Data Eval:
  Num examples: 960  Num correct: 773  Precision @ 1: 0.8052  AUC @ 1: 0.8824
Test Data Eval:
  Num examples: 1856  Num correct: 1316  Precision @ 1: 0.7091  AUC @ 1: 0.7557
Step 7900: loss = 0.2071 (0.011 sec)
Training Data Eval:
  Num examples: 8960  Num correct: 8827  Precision @ 1: 0.9852  AUC @ 1: 0.9988
Validation Data Eval:
  Num examples: 960  Num correct: 787  Precision @ 1: 0.8198  AUC @ 1: 0.8805
Test Data Eval:
  Num examples: 1856  Num correct: 1314  Precision @ 1: 0.7080  AUC @ 1: 0.7613
Step 8000: loss = 0.1996 (0.011 sec)
Training Data Eval:
  Num examples: 8960  Num correct: 8820  Precision @ 1: 0.9844  AUC @ 1: 0.9992
Validation Data Eval:
  Num examples: 960  Num correct: 777  Precision @ 1: 0.8094  AUC @ 1: 0.8743
Test Data Eval:
  Num examples: 1856  Num correct: 1338  Precision @ 1: 0.7209  AUC @ 1: 0.7497
Step 8100: loss = 0.2141 (0.011 sec)
Training Data Eval:
  Num examples: 8960  Num correct: 8756  Precision @ 1: 0.9772  AUC @ 1: 0.9990
Validation Data Eval:
  Num examples: 960  Num correct: 778  Precision @ 1: 0.8104  AUC @ 1: 0.8749
Test Data Eval:
  Num examples: 1856  Num correct: 1329  Precision @ 1: 0.7161  AUC @ 1: 0.7492
Step 8200: loss = 0.1899 (0.011 sec)
Training Data Eval:
  Num examples: 8960  Num correct: 8782  Precision @ 1: 0.9801  AUC @ 1: 0.9983
Validation Data Eval:
  Num examples: 960  Num correct: 775  Precision @ 1: 0.8073  AUC @ 1: 0.8747
Test Data Eval:
  Num examples: 1856  Num correct: 1300  Precision @ 1: 0.7004  AUC @ 1: 0.7484
Step 8300: loss = 0.1934 (0.011 sec)
Training Data Eval:
  Num examples: 8960  Num correct: 8769  Precision @ 1: 0.9787  AUC @ 1: 0.9986
Validation Data Eval:
  Num examples: 960  Num correct: 772  Precision @ 1: 0.8042  AUC @ 1: 0.8769
Test Data Eval:
  Num examples: 1856  Num correct: 1332  Precision @ 1: 0.7177  AUC @ 1: 0.7636
Step 8400: loss = 0.2078 (0.100 sec)
Training Data Eval:
  Num examples: 8960  Num correct: 8800  Precision @ 1: 0.9821  AUC @ 1: 0.9984
Validation Data Eval:
  Num examples: 960  Num correct: 762  Precision @ 1: 0.7937  AUC @ 1: 0.8698
Test Data Eval:
  Num examples: 1856  Num correct: 1316  Precision @ 1: 0.7091  AUC @ 1: 0.7644
Step 8500: loss = 0.2162 (0.011 sec)
Training Data Eval:
  Num examples: 8960  Num correct: 8811  Precision @ 1: 0.9834  AUC @ 1: 0.9987
Validation Data Eval:
  Num examples: 960  Num correct: 786  Precision @ 1: 0.8187  AUC @ 1: 0.8876
Test Data Eval:
  Num examples: 1856  Num correct: 1321  Precision @ 1: 0.7117  AUC @ 1: 0.7769
Step 8600: loss = 0.2610 (0.011 sec)
Training Data Eval:
  Num examples: 8960  Num correct: 8855  Precision @ 1: 0.9883  AUC @ 1: 0.9993
Validation Data Eval:
  Num examples: 960  Num correct: 773  Precision @ 1: 0.8052  AUC @ 1: 0.8814
Test Data Eval:
  Num examples: 1856  Num correct: 1283  Precision @ 1: 0.6913  AUC @ 1: 0.7697
Step 8700: loss = 0.2407 (0.011 sec)
Training Data Eval:
  Num examples: 8960  Num correct: 8676  Precision @ 1: 0.9683  AUC @ 1: 0.9973
Validation Data Eval:
  Num examples: 960  Num correct: 765  Precision @ 1: 0.7969  AUC @ 1: 0.8823
Test Data Eval:
  Num examples: 1856  Num correct: 1266  Precision @ 1: 0.6821  AUC @ 1: 0.7776
Step 8800: loss = 0.3232 (0.011 sec)
Training Data Eval:
  Num examples: 8960  Num correct: 8822  Precision @ 1: 0.9846  AUC @ 1: 0.9992
Validation Data Eval:
  Num examples: 960  Num correct: 770  Precision @ 1: 0.8021  AUC @ 1: 0.8746
Test Data Eval:
  Num examples: 1856  Num correct: 1330  Precision @ 1: 0.7166  AUC @ 1: 0.7571
Step 8900: loss = 0.2482 (0.011 sec)
Training Data Eval:
  Num examples: 8960  Num correct: 8729  Precision @ 1: 0.9742  AUC @ 1: 0.9985
Validation Data Eval:
  Num examples: 960  Num correct: 774  Precision @ 1: 0.8063  AUC @ 1: 0.8680
Test Data Eval:
  Num examples: 1856  Num correct: 1341  Precision @ 1: 0.7225  AUC @ 1: 0.7648
Step 9000: loss = 0.1956 (0.011 sec)
Training Data Eval:
  Num examples: 8960  Num correct: 8833  Precision @ 1: 0.9858  AUC @ 1: 0.9990
Validation Data Eval:
  Num examples: 960  Num correct: 770  Precision @ 1: 0.8021  AUC @ 1: 0.8681
Test Data Eval:
  Num examples: 1856  Num correct: 1275  Precision @ 1: 0.6870  AUC @ 1: 0.7570
Step 9100: loss = 0.2338 (0.096 sec)
Training Data Eval:
  Num examples: 8960  Num correct: 8808  Precision @ 1: 0.9830  AUC @ 1: 0.9990
Validation Data Eval:
  Num examples: 960  Num correct: 785  Precision @ 1: 0.8177  AUC @ 1: 0.8736
Test Data Eval:
  Num examples: 1856  Num correct: 1326  Precision @ 1: 0.7144  AUC @ 1: 0.7687
Step 9200: loss = 0.2133 (0.012 sec)
Training Data Eval:
  Num examples: 8960  Num correct: 8612  Precision @ 1: 0.9612  AUC @ 1: 0.9966
Validation Data Eval:
  Num examples: 960  Num correct: 760  Precision @ 1: 0.7917  AUC @ 1: 0.8797
Test Data Eval:
  Num examples: 1856  Num correct: 1260  Precision @ 1: 0.6789  AUC @ 1: 0.7610
Step 9300: loss = 0.1897 (0.011 sec)
Training Data Eval:
  Num examples: 8960  Num correct: 8677  Precision @ 1: 0.9684  AUC @ 1: 0.9982
Validation Data Eval:
  Num examples: 960  Num correct: 774  Precision @ 1: 0.8063  AUC @ 1: 0.8722
Test Data Eval:
  Num examples: 1856  Num correct: 1344  Precision @ 1: 0.7241  AUC @ 1: 0.7622
Step 9400: loss = 0.2828 (0.011 sec)
Training Data Eval:
  Num examples: 8960  Num correct: 8787  Precision @ 1: 0.9807  AUC @ 1: 0.9983
Validation Data Eval:
  Num examples: 960  Num correct: 782  Precision @ 1: 0.8146  AUC @ 1: 0.8762
Test Data Eval:
  Num examples: 1856  Num correct: 1297  Precision @ 1: 0.6988  AUC @ 1: 0.7678
Step 9500: loss = 0.1967 (0.011 sec)
Training Data Eval:
  Num examples: 8960  Num correct: 8793  Precision @ 1: 0.9814  AUC @ 1: 0.9970
Validation Data Eval:
  Num examples: 960  Num correct: 771  Precision @ 1: 0.8031  AUC @ 1: 0.8739
Test Data Eval:
  Num examples: 1856  Num correct: 1298  Precision @ 1: 0.6994  AUC @ 1: 0.7672
Step 9600: loss = 0.1536 (0.010 sec)
Training Data Eval:
  Num examples: 8960  Num correct: 8831  Precision @ 1: 0.9856  AUC @ 1: 0.9987
Validation Data Eval:
  Num examples: 960  Num correct: 770  Precision @ 1: 0.8021  AUC @ 1: 0.8734
Test Data Eval:
  Num examples: 1856  Num correct: 1308  Precision @ 1: 0.7047  AUC @ 1: 0.7692
Step 9700: loss = 0.1884 (0.010 sec)
Training Data Eval:
  Num examples: 8960  Num correct: 8797  Precision @ 1: 0.9818  AUC @ 1: 0.9987
Validation Data Eval:
  Num examples: 960  Num correct: 768  Precision @ 1: 0.8000  AUC @ 1: 0.8669
Test Data Eval:
  Num examples: 1856  Num correct: 1288  Precision @ 1: 0.6940  AUC @ 1: 0.7574
Step 9800: loss = 0.2368 (0.103 sec)
Training Data Eval:
  Num examples: 8960  Num correct: 8841  Precision @ 1: 0.9867  AUC @ 1: 0.9994
Validation Data Eval:
  Num examples: 960  Num correct: 781  Precision @ 1: 0.8135  AUC @ 1: 0.8722
Test Data Eval:
  Num examples: 1856  Num correct: 1334  Precision @ 1: 0.7188  AUC @ 1: 0.7566
Step 9900: loss = 0.1817 (0.011 sec)
Training Data Eval:
  Num examples: 8960  Num correct: 8741  Precision @ 1: 0.9756  AUC @ 1: 0.9992
Validation Data Eval:
  Num examples: 960  Num correct: 779  Precision @ 1: 0.8115  AUC @ 1: 0.8757
Test Data Eval:
  Num examples: 1856  Num correct: 1328  Precision @ 1: 0.7155  AUC @ 1: 0.7574
