Training data shape: 	(10000, 64, 64, 1)
Training label shape:	(10000,)
Testing data shape:  	(1910, 64, 64, 1)
Testing label shape: 	(1910,)
max input value is: 153.458
min input value is: -104.189
random permuted training data
==============================================================================
Model: 			inference_roicnn
Tensor Name: 	Placeholder:0
[64, 64, 64, 1]
==============================================================================
Tensor Name: concat_64:0
[64, 320, 64, 1]
==============================================================================
Tensor Name: concat_129:0
[64, 320, 320, 1]
==============================================================================
Tensor Name: conv0/conv0:0
[64, 64, 64, 64]
==============================================================================
Tensor Name: local1/local1:0
[64, 128]
==============================================================================
Tensor Name: local2/local2:0
[64, 128]
==============================================================================
Tensor Name: softmax_linear/softmax_linear:0
[64, 2]
Step 0: loss = 83.8434 (0.187 sec)
Training Data Eval:
  Num examples: 8960  Num correct: 6712  Precision @ 1: 0.7491  AUC @ 1: 0.8039
Validation Data Eval:
  Num examples: 960  Num correct: 722  Precision @ 1: 0.7521  AUC @ 1: 0.7878
Test Data Eval:
  Num examples: 1856  Num correct: 1264  Precision @ 1: 0.6810  AUC @ 1: 0.7184
Step 100: loss = 77.1993 (0.193 sec)
Training Data Eval:
  Num examples: 8960  Num correct: 7047  Precision @ 1: 0.7865  AUC @ 1: 0.8500
Validation Data Eval:
  Num examples: 960  Num correct: 746  Precision @ 1: 0.7771  AUC @ 1: 0.8382
Test Data Eval:
  Num examples: 1856  Num correct: 1295  Precision @ 1: 0.6977  AUC @ 1: 0.7332
Step 200: loss = 71.2858 (0.188 sec)
Training Data Eval:
  Num examples: 8960  Num correct: 7145  Precision @ 1: 0.7974  AUC @ 1: 0.8688
Validation Data Eval:
  Num examples: 960  Num correct: 754  Precision @ 1: 0.7854  AUC @ 1: 0.8493
Test Data Eval:
  Num examples: 1856  Num correct: 1329  Precision @ 1: 0.7161  AUC @ 1: 0.7682
Step 300: loss = 65.9745 (0.185 sec)
Training Data Eval:
  Num examples: 8960  Num correct: 6810  Precision @ 1: 0.7600  AUC @ 1: 0.8779
Validation Data Eval:
  Num examples: 960  Num correct: 712  Precision @ 1: 0.7417  AUC @ 1: 0.8514
Test Data Eval:
  Num examples: 1856  Num correct: 1274  Precision @ 1: 0.6864  AUC @ 1: 0.7351
Step 400: loss = 60.8665 (0.191 sec)
Training Data Eval:
  Num examples: 8960  Num correct: 7343  Precision @ 1: 0.8195  AUC @ 1: 0.8988
Validation Data Eval:
  Num examples: 960  Num correct: 756  Precision @ 1: 0.7875  AUC @ 1: 0.8447
Test Data Eval:
  Num examples: 1856  Num correct: 1343  Precision @ 1: 0.7236  AUC @ 1: 0.7703
Step 500: loss = 56.2054 (0.184 sec)
Training Data Eval:
  Num examples: 8960  Num correct: 7375  Precision @ 1: 0.8231  AUC @ 1: 0.9115
Validation Data Eval:
  Num examples: 960  Num correct: 761  Precision @ 1: 0.7927  AUC @ 1: 0.8666
Test Data Eval:
  Num examples: 1856  Num correct: 1327  Precision @ 1: 0.7150  AUC @ 1: 0.7597
Step 600: loss = 51.8626 (0.182 sec)
Training Data Eval:
  Num examples: 8960  Num correct: 7356  Precision @ 1: 0.8210  AUC @ 1: 0.9121
Validation Data Eval:
  Num examples: 960  Num correct: 756  Precision @ 1: 0.7875  AUC @ 1: 0.8575
Test Data Eval:
  Num examples: 1856  Num correct: 1329  Precision @ 1: 0.7161  AUC @ 1: 0.7544
Step 700: loss = 47.9618 (0.287 sec)
Training Data Eval:
  Num examples: 8960  Num correct: 7668  Precision @ 1: 0.8558  AUC @ 1: 0.9290
Validation Data Eval:
  Num examples: 960  Num correct: 765  Precision @ 1: 0.7969  AUC @ 1: 0.8634
Test Data Eval:
  Num examples: 1856  Num correct: 1337  Precision @ 1: 0.7204  AUC @ 1: 0.7563
Step 800: loss = 44.2897 (0.178 sec)
Training Data Eval:
  Num examples: 8960  Num correct: 7378  Precision @ 1: 0.8234  AUC @ 1: 0.9296
Validation Data Eval:
  Num examples: 960  Num correct: 764  Precision @ 1: 0.7958  AUC @ 1: 0.8713
Test Data Eval:
  Num examples: 1856  Num correct: 1318  Precision @ 1: 0.7101  AUC @ 1: 0.7644
Step 900: loss = 40.9963 (0.196 sec)
Training Data Eval:
  Num examples: 8960  Num correct: 7761  Precision @ 1: 0.8662  AUC @ 1: 0.9431
Validation Data Eval:
  Num examples: 960  Num correct: 767  Precision @ 1: 0.7990  AUC @ 1: 0.8693
Test Data Eval:
  Num examples: 1856  Num correct: 1337  Precision @ 1: 0.7204  AUC @ 1: 0.7639
Step 1000: loss = 37.7112 (0.182 sec)
Training Data Eval:
  Num examples: 8960  Num correct: 7842  Precision @ 1: 0.8752  AUC @ 1: 0.9487
Validation Data Eval:
  Num examples: 960  Num correct: 766  Precision @ 1: 0.7979  AUC @ 1: 0.8719
Test Data Eval:
  Num examples: 1856  Num correct: 1330  Precision @ 1: 0.7166  AUC @ 1: 0.7852
Step 1100: loss = 34.9073 (0.180 sec)
Training Data Eval:
  Num examples: 8960  Num correct: 7676  Precision @ 1: 0.8567  AUC @ 1: 0.9485
Validation Data Eval:
  Num examples: 960  Num correct: 760  Precision @ 1: 0.7917  AUC @ 1: 0.8713
Test Data Eval:
  Num examples: 1856  Num correct: 1345  Precision @ 1: 0.7247  AUC @ 1: 0.7715
Step 1200: loss = 32.2495 (0.184 sec)
Training Data Eval:
  Num examples: 8960  Num correct: 7985  Precision @ 1: 0.8912  AUC @ 1: 0.9627
Validation Data Eval:
  Num examples: 960  Num correct: 775  Precision @ 1: 0.8073  AUC @ 1: 0.8738
Test Data Eval:
  Num examples: 1856  Num correct: 1347  Precision @ 1: 0.7258  AUC @ 1: 0.7852
Step 1300: loss = 29.8131 (0.185 sec)
Training Data Eval:
  Num examples: 8960  Num correct: 7862  Precision @ 1: 0.8775  AUC @ 1: 0.9663
Validation Data Eval:
  Num examples: 960  Num correct: 759  Precision @ 1: 0.7906  AUC @ 1: 0.8633
Test Data Eval:
  Num examples: 1856  Num correct: 1356  Precision @ 1: 0.7306  AUC @ 1: 0.7879
Step 1400: loss = 27.4750 (0.265 sec)
Training Data Eval:
  Num examples: 8960  Num correct: 8043  Precision @ 1: 0.8977  AUC @ 1: 0.9669
Validation Data Eval:
  Num examples: 960  Num correct: 750  Precision @ 1: 0.7812  AUC @ 1: 0.8641
Test Data Eval:
  Num examples: 1856  Num correct: 1264  Precision @ 1: 0.6810  AUC @ 1: 0.7753
Step 1500: loss = 25.6258 (0.184 sec)
Training Data Eval:
  Num examples: 8960  Num correct: 8161  Precision @ 1: 0.9108  AUC @ 1: 0.9735
Validation Data Eval:
  Num examples: 960  Num correct: 763  Precision @ 1: 0.7948  AUC @ 1: 0.8754
Test Data Eval:
  Num examples: 1856  Num correct: 1312  Precision @ 1: 0.7069  AUC @ 1: 0.7747
Step 1600: loss = 23.3779 (0.171 sec)
Training Data Eval:
  Num examples: 8960  Num correct: 8288  Precision @ 1: 0.9250  AUC @ 1: 0.9813
Validation Data Eval:
  Num examples: 960  Num correct: 778  Precision @ 1: 0.8104  AUC @ 1: 0.8781
Test Data Eval:
  Num examples: 1856  Num correct: 1318  Precision @ 1: 0.7101  AUC @ 1: 0.7740
Step 1700: loss = 21.6792 (0.178 sec)
Training Data Eval:
  Num examples: 8960  Num correct: 8263  Precision @ 1: 0.9222  AUC @ 1: 0.9828
Validation Data Eval:
  Num examples: 960  Num correct: 774  Precision @ 1: 0.8063  AUC @ 1: 0.8763
Test Data Eval:
  Num examples: 1856  Num correct: 1345  Precision @ 1: 0.7247  AUC @ 1: 0.7787
Step 1800: loss = 20.1412 (0.181 sec)
Training Data Eval:
  Num examples: 8960  Num correct: 8182  Precision @ 1: 0.9132  AUC @ 1: 0.9846
Validation Data Eval:
  Num examples: 960  Num correct: 771  Precision @ 1: 0.8031  AUC @ 1: 0.8738
Test Data Eval:
  Num examples: 1856  Num correct: 1331  Precision @ 1: 0.7171  AUC @ 1: 0.7690
Step 1900: loss = 18.4380 (0.172 sec)
Training Data Eval:
  Num examples: 8960  Num correct: 8313  Precision @ 1: 0.9278  AUC @ 1: 0.9833
Validation Data Eval:
  Num examples: 960  Num correct: 773  Precision @ 1: 0.8052  AUC @ 1: 0.8818
Test Data Eval:
  Num examples: 1856  Num correct: 1292  Precision @ 1: 0.6961  AUC @ 1: 0.7707
Step 2000: loss = 17.0844 (0.175 sec)
Training Data Eval:
  Num examples: 8960  Num correct: 8382  Precision @ 1: 0.9355  AUC @ 1: 0.9900
Validation Data Eval:
  Num examples: 960  Num correct: 770  Precision @ 1: 0.8021  AUC @ 1: 0.8800
Test Data Eval:
  Num examples: 1856  Num correct: 1360  Precision @ 1: 0.7328  AUC @ 1: 0.7929
Step 2100: loss = 15.9477 (0.262 sec)
Training Data Eval:
  Num examples: 8960  Num correct: 8439  Precision @ 1: 0.9419  AUC @ 1: 0.9919
Validation Data Eval:
  Num examples: 960  Num correct: 774  Precision @ 1: 0.8063  AUC @ 1: 0.8788
Test Data Eval:
  Num examples: 1856  Num correct: 1361  Precision @ 1: 0.7333  AUC @ 1: 0.7813
Step 2200: loss = 14.6376 (0.191 sec)
Training Data Eval:
  Num examples: 8960  Num correct: 8270  Precision @ 1: 0.9230  AUC @ 1: 0.9863
Validation Data Eval:
  Num examples: 960  Num correct: 774  Precision @ 1: 0.8063  AUC @ 1: 0.8798
Test Data Eval:
  Num examples: 1856  Num correct: 1347  Precision @ 1: 0.7258  AUC @ 1: 0.7909
Step 2300: loss = 13.6142 (0.184 sec)
Training Data Eval:
  Num examples: 8960  Num correct: 8474  Precision @ 1: 0.9458  AUC @ 1: 0.9942
Validation Data Eval:
  Num examples: 960  Num correct: 768  Precision @ 1: 0.8000  AUC @ 1: 0.8839
Test Data Eval:
  Num examples: 1856  Num correct: 1337  Precision @ 1: 0.7204  AUC @ 1: 0.7820
Step 2400: loss = 12.5939 (0.187 sec)
Training Data Eval:
  Num examples: 8960  Num correct: 8476  Precision @ 1: 0.9460  AUC @ 1: 0.9943
Validation Data Eval:
  Num examples: 960  Num correct: 758  Precision @ 1: 0.7896  AUC @ 1: 0.8697
Test Data Eval:
  Num examples: 1856  Num correct: 1360  Precision @ 1: 0.7328  AUC @ 1: 0.7845
Step 2500: loss = 11.6621 (0.174 sec)
Training Data Eval:
  Num examples: 8960  Num correct: 8564  Precision @ 1: 0.9558  AUC @ 1: 0.9949
Validation Data Eval:
  Num examples: 960  Num correct: 770  Precision @ 1: 0.8021  AUC @ 1: 0.8727
Test Data Eval:
  Num examples: 1856  Num correct: 1336  Precision @ 1: 0.7198  AUC @ 1: 0.7799
Step 2600: loss = 10.7532 (0.189 sec)
Training Data Eval:
  Num examples: 8960  Num correct: 8582  Precision @ 1: 0.9578  AUC @ 1: 0.9952
Validation Data Eval:
  Num examples: 960  Num correct: 746  Precision @ 1: 0.7771  AUC @ 1: 0.8716
Test Data Eval:
  Num examples: 1856  Num correct: 1280  Precision @ 1: 0.6897  AUC @ 1: 0.7725
Step 2700: loss = 9.9078 (0.190 sec)
Training Data Eval:
  Num examples: 8960  Num correct: 8648  Precision @ 1: 0.9652  AUC @ 1: 0.9968
Validation Data Eval:
  Num examples: 960  Num correct: 769  Precision @ 1: 0.8010  AUC @ 1: 0.8875
Test Data Eval:
  Num examples: 1856  Num correct: 1327  Precision @ 1: 0.7150  AUC @ 1: 0.7878
Step 2800: loss = 9.2103 (0.266 sec)
Training Data Eval:
  Num examples: 8960  Num correct: 8633  Precision @ 1: 0.9635  AUC @ 1: 0.9966
Validation Data Eval:
  Num examples: 960  Num correct: 771  Precision @ 1: 0.8031  AUC @ 1: 0.8811
Test Data Eval:
  Num examples: 1856  Num correct: 1307  Precision @ 1: 0.7042  AUC @ 1: 0.7802
Step 2900: loss = 8.4287 (0.194 sec)
Training Data Eval:
  Num examples: 8960  Num correct: 8523  Precision @ 1: 0.9512  AUC @ 1: 0.9953
Validation Data Eval:
  Num examples: 960  Num correct: 770  Precision @ 1: 0.8021  AUC @ 1: 0.8828
Test Data Eval:
  Num examples: 1856  Num correct: 1352  Precision @ 1: 0.7284  AUC @ 1: 0.7848
Step 3000: loss = 7.7902 (0.189 sec)
Training Data Eval:
  Num examples: 8960  Num correct: 8603  Precision @ 1: 0.9602  AUC @ 1: 0.9973
Validation Data Eval:
  Num examples: 960  Num correct: 787  Precision @ 1: 0.8198  AUC @ 1: 0.8844
Test Data Eval:
  Num examples: 1856  Num correct: 1358  Precision @ 1: 0.7317  AUC @ 1: 0.7917
Step 3100: loss = 7.2672 (0.181 sec)
Training Data Eval:
  Num examples: 8960  Num correct: 8153  Precision @ 1: 0.9099  AUC @ 1: 0.9938
Validation Data Eval:
  Num examples: 960  Num correct: 733  Precision @ 1: 0.7635  AUC @ 1: 0.8613
Test Data Eval:
  Num examples: 1856  Num correct: 1303  Precision @ 1: 0.7020  AUC @ 1: 0.7600
Step 3200: loss = 6.8062 (0.177 sec)
Training Data Eval:
  Num examples: 8960  Num correct: 8634  Precision @ 1: 0.9636  AUC @ 1: 0.9969
Validation Data Eval:
  Num examples: 960  Num correct: 768  Precision @ 1: 0.8000  AUC @ 1: 0.8723
Test Data Eval:
  Num examples: 1856  Num correct: 1321  Precision @ 1: 0.7117  AUC @ 1: 0.7777
Step 3300: loss = 6.2536 (0.182 sec)
Training Data Eval:
  Num examples: 8960  Num correct: 8636  Precision @ 1: 0.9638  AUC @ 1: 0.9972
Validation Data Eval:
  Num examples: 960  Num correct: 773  Precision @ 1: 0.8052  AUC @ 1: 0.8759
Test Data Eval:
  Num examples: 1856  Num correct: 1334  Precision @ 1: 0.7188  AUC @ 1: 0.7714
Step 3400: loss = 5.8022 (0.183 sec)
Training Data Eval:
  Num examples: 8960  Num correct: 8724  Precision @ 1: 0.9737  AUC @ 1: 0.9977
Validation Data Eval:
  Num examples: 960  Num correct: 777  Precision @ 1: 0.8094  AUC @ 1: 0.8829
Test Data Eval:
  Num examples: 1856  Num correct: 1327  Precision @ 1: 0.7150  AUC @ 1: 0.7751
Step 3500: loss = 5.4082 (0.270 sec)
Training Data Eval:
  Num examples: 8960  Num correct: 8663  Precision @ 1: 0.9669  AUC @ 1: 0.9967
Validation Data Eval:
  Num examples: 960  Num correct: 755  Precision @ 1: 0.7865  AUC @ 1: 0.8746
Test Data Eval:
  Num examples: 1856  Num correct: 1279  Precision @ 1: 0.6891  AUC @ 1: 0.7794
Step 3600: loss = 4.9978 (0.189 sec)
Training Data Eval:
  Num examples: 8960  Num correct: 8627  Precision @ 1: 0.9628  AUC @ 1: 0.9969
Validation Data Eval:
  Num examples: 960  Num correct: 762  Precision @ 1: 0.7937  AUC @ 1: 0.8726
Test Data Eval:
  Num examples: 1856  Num correct: 1350  Precision @ 1: 0.7274  AUC @ 1: 0.7815
Step 3700: loss = 4.7633 (0.180 sec)
Training Data Eval:
  Num examples: 8960  Num correct: 8701  Precision @ 1: 0.9711  AUC @ 1: 0.9981
Validation Data Eval:
  Num examples: 960  Num correct: 766  Precision @ 1: 0.7979  AUC @ 1: 0.8789
Test Data Eval:
  Num examples: 1856  Num correct: 1364  Precision @ 1: 0.7349  AUC @ 1: 0.7848
Step 3800: loss = 4.3224 (0.185 sec)
Training Data Eval:
  Num examples: 8960  Num correct: 8730  Precision @ 1: 0.9743  AUC @ 1: 0.9981
Validation Data Eval:
  Num examples: 960  Num correct: 755  Precision @ 1: 0.7865  AUC @ 1: 0.8727
Test Data Eval:
  Num examples: 1856  Num correct: 1340  Precision @ 1: 0.7220  AUC @ 1: 0.7978
Step 3900: loss = 4.0433 (0.173 sec)
Training Data Eval:
  Num examples: 8960  Num correct: 8700  Precision @ 1: 0.9710  AUC @ 1: 0.9980
Validation Data Eval:
  Num examples: 960  Num correct: 776  Precision @ 1: 0.8083  AUC @ 1: 0.8842
Test Data Eval:
  Num examples: 1856  Num correct: 1344  Precision @ 1: 0.7241  AUC @ 1: 0.7910
Step 4000: loss = 3.6842 (0.170 sec)
Training Data Eval:
  Num examples: 8960  Num correct: 8594  Precision @ 1: 0.9592  AUC @ 1: 0.9970
Validation Data Eval:
  Num examples: 960  Num correct: 763  Precision @ 1: 0.7948  AUC @ 1: 0.8811
Test Data Eval:
  Num examples: 1856  Num correct: 1357  Precision @ 1: 0.7311  AUC @ 1: 0.7889
Step 4100: loss = 3.4352 (0.173 sec)
Training Data Eval:
  Num examples: 8960  Num correct: 8703  Precision @ 1: 0.9713  AUC @ 1: 0.9982
Validation Data Eval:
  Num examples: 960  Num correct: 757  Precision @ 1: 0.7885  AUC @ 1: 0.8766
Test Data Eval:
  Num examples: 1856  Num correct: 1313  Precision @ 1: 0.7074  AUC @ 1: 0.7721
Step 4200: loss = 3.3065 (0.270 sec)
Training Data Eval:
  Num examples: 8960  Num correct: 8695  Precision @ 1: 0.9704  AUC @ 1: 0.9983
Validation Data Eval:
  Num examples: 960  Num correct: 775  Precision @ 1: 0.8073  AUC @ 1: 0.8852
Test Data Eval:
  Num examples: 1856  Num correct: 1367  Precision @ 1: 0.7365  AUC @ 1: 0.7966
Step 4300: loss = 2.9943 (0.165 sec)
Training Data Eval:
  Num examples: 8960  Num correct: 8759  Precision @ 1: 0.9776  AUC @ 1: 0.9990
Validation Data Eval:
  Num examples: 960  Num correct: 782  Precision @ 1: 0.8146  AUC @ 1: 0.8893
Test Data Eval:
  Num examples: 1856  Num correct: 1354  Precision @ 1: 0.7295  AUC @ 1: 0.7917
Step 4400: loss = 2.7953 (0.177 sec)
Training Data Eval:
  Num examples: 8960  Num correct: 8780  Precision @ 1: 0.9799  AUC @ 1: 0.9986
Validation Data Eval:
  Num examples: 960  Num correct: 782  Precision @ 1: 0.8146  AUC @ 1: 0.8861
Test Data Eval:
  Num examples: 1856  Num correct: 1331  Precision @ 1: 0.7171  AUC @ 1: 0.7898
Step 4500: loss = 2.6854 (0.182 sec)
Training Data Eval:
  Num examples: 8960  Num correct: 8808  Precision @ 1: 0.9830  AUC @ 1: 0.9990
Validation Data Eval:
  Num examples: 960  Num correct: 791  Precision @ 1: 0.8240  AUC @ 1: 0.8910
Test Data Eval:
  Num examples: 1856  Num correct: 1337  Precision @ 1: 0.7204  AUC @ 1: 0.7813
Step 4600: loss = 2.4010 (0.184 sec)
Training Data Eval:
  Num examples: 8960  Num correct: 8766  Precision @ 1: 0.9783  AUC @ 1: 0.9985
Validation Data Eval:
  Num examples: 960  Num correct: 768  Precision @ 1: 0.8000  AUC @ 1: 0.8838
Test Data Eval:
  Num examples: 1856  Num correct: 1337  Precision @ 1: 0.7204  AUC @ 1: 0.7871
Step 4700: loss = 2.2586 (0.195 sec)
Training Data Eval:
  Num examples: 8960  Num correct: 8800  Precision @ 1: 0.9821  AUC @ 1: 0.9992
Validation Data Eval:
  Num examples: 960  Num correct: 773  Precision @ 1: 0.8052  AUC @ 1: 0.8876
Test Data Eval:
  Num examples: 1856  Num correct: 1352  Precision @ 1: 0.7284  AUC @ 1: 0.7907
Step 4800: loss = 2.0862 (0.189 sec)
Training Data Eval:
  Num examples: 8960  Num correct: 8821  Precision @ 1: 0.9845  AUC @ 1: 0.9992
Validation Data Eval:
  Num examples: 960  Num correct: 775  Precision @ 1: 0.8073  AUC @ 1: 0.8818
Test Data Eval:
  Num examples: 1856  Num correct: 1363  Precision @ 1: 0.7344  AUC @ 1: 0.7907
Step 4900: loss = 1.9267 (0.261 sec)
Training Data Eval:
  Num examples: 8960  Num correct: 8727  Precision @ 1: 0.9740  AUC @ 1: 0.9985
Validation Data Eval:
  Num examples: 960  Num correct: 767  Precision @ 1: 0.7990  AUC @ 1: 0.8830
Test Data Eval:
  Num examples: 1856  Num correct: 1354  Precision @ 1: 0.7295  AUC @ 1: 0.7828
Step 5000: loss = 1.7973 (0.180 sec)
Training Data Eval:
  Num examples: 8960  Num correct: 8774  Precision @ 1: 0.9792  AUC @ 1: 0.9977
Validation Data Eval:
  Num examples: 960  Num correct: 766  Precision @ 1: 0.7979  AUC @ 1: 0.8775
Test Data Eval:
  Num examples: 1856  Num correct: 1371  Precision @ 1: 0.7387  AUC @ 1: 0.7938
Step 5100: loss = 1.7670 (0.185 sec)
Training Data Eval:
  Num examples: 8960  Num correct: 8844  Precision @ 1: 0.9871  AUC @ 1: 0.9993
Validation Data Eval:
  Num examples: 960  Num correct: 773  Precision @ 1: 0.8052  AUC @ 1: 0.8807
Test Data Eval:
  Num examples: 1856  Num correct: 1351  Precision @ 1: 0.7279  AUC @ 1: 0.7899
Step 5200: loss = 1.6480 (0.187 sec)
Training Data Eval:
  Num examples: 8960  Num correct: 8768  Precision @ 1: 0.9786  AUC @ 1: 0.9983
Validation Data Eval:
  Num examples: 960  Num correct: 762  Precision @ 1: 0.7937  AUC @ 1: 0.8780
Test Data Eval:
  Num examples: 1856  Num correct: 1265  Precision @ 1: 0.6816  AUC @ 1: 0.7633
Step 5300: loss = 1.5259 (0.188 sec)
Training Data Eval:
  Num examples: 8960  Num correct: 8851  Precision @ 1: 0.9878  AUC @ 1: 0.9994
Validation Data Eval:
  Num examples: 960  Num correct: 770  Precision @ 1: 0.8021  AUC @ 1: 0.8804
Test Data Eval:
  Num examples: 1856  Num correct: 1343  Precision @ 1: 0.7236  AUC @ 1: 0.7788
Step 5400: loss = 1.3913 (0.184 sec)
Training Data Eval:
  Num examples: 8960  Num correct: 8809  Precision @ 1: 0.9831  AUC @ 1: 0.9993
Validation Data Eval:
  Num examples: 960  Num correct: 764  Precision @ 1: 0.7958  AUC @ 1: 0.8748
Test Data Eval:
  Num examples: 1856  Num correct: 1352  Precision @ 1: 0.7284  AUC @ 1: 0.7932
Step 5500: loss = 1.3165 (0.182 sec)
Training Data Eval:
  Num examples: 8960  Num correct: 8771  Precision @ 1: 0.9789  AUC @ 1: 0.9987
Validation Data Eval:
  Num examples: 960  Num correct: 770  Precision @ 1: 0.8021  AUC @ 1: 0.8773
Test Data Eval:
  Num examples: 1856  Num correct: 1348  Precision @ 1: 0.7263  AUC @ 1: 0.7911
Step 5600: loss = 1.2607 (0.264 sec)
Training Data Eval:
  Num examples: 8960  Num correct: 8828  Precision @ 1: 0.9853  AUC @ 1: 0.9994
Validation Data Eval:
  Num examples: 960  Num correct: 767  Precision @ 1: 0.7990  AUC @ 1: 0.8782
Test Data Eval:
  Num examples: 1856  Num correct: 1330  Precision @ 1: 0.7166  AUC @ 1: 0.7788
Step 5700: loss = 1.1749 (0.169 sec)
Training Data Eval:
  Num examples: 8960  Num correct: 8642  Precision @ 1: 0.9645  AUC @ 1: 0.9957
Validation Data Eval:
  Num examples: 960  Num correct: 754  Precision @ 1: 0.7854  AUC @ 1: 0.8654
Test Data Eval:
  Num examples: 1856  Num correct: 1329  Precision @ 1: 0.7161  AUC @ 1: 0.7802
Step 5800: loss = 1.1277 (0.195 sec)
Training Data Eval:
  Num examples: 8960  Num correct: 8820  Precision @ 1: 0.9844  AUC @ 1: 0.9993
Validation Data Eval:
  Num examples: 960  Num correct: 758  Precision @ 1: 0.7896  AUC @ 1: 0.8822
Test Data Eval:
  Num examples: 1856  Num correct: 1264  Precision @ 1: 0.6810  AUC @ 1: 0.7782
Step 5900: loss = 1.0930 (0.182 sec)
Training Data Eval:
  Num examples: 8960  Num correct: 8841  Precision @ 1: 0.9867  AUC @ 1: 0.9994
Validation Data Eval:
  Num examples: 960  Num correct: 768  Precision @ 1: 0.8000  AUC @ 1: 0.8729
Test Data Eval:
  Num examples: 1856  Num correct: 1363  Precision @ 1: 0.7344  AUC @ 1: 0.7901
Step 6000: loss = 1.0230 (0.180 sec)
Training Data Eval:
  Num examples: 8960  Num correct: 8829  Precision @ 1: 0.9854  AUC @ 1: 0.9994
Validation Data Eval:
  Num examples: 960  Num correct: 766  Precision @ 1: 0.7979  AUC @ 1: 0.8800
Test Data Eval:
  Num examples: 1856  Num correct: 1324  Precision @ 1: 0.7134  AUC @ 1: 0.7858
Step 6100: loss = 0.9886 (0.185 sec)
Training Data Eval:
  Num examples: 8960  Num correct: 8776  Precision @ 1: 0.9795  AUC @ 1: 0.9994
Validation Data Eval:
  Num examples: 960  Num correct: 768  Precision @ 1: 0.8000  AUC @ 1: 0.8731
Test Data Eval:
  Num examples: 1856  Num correct: 1336  Precision @ 1: 0.7198  AUC @ 1: 0.7797
Step 6200: loss = 0.8239 (0.183 sec)
Training Data Eval:
  Num examples: 8960  Num correct: 8838  Precision @ 1: 0.9864  AUC @ 1: 0.9993
Validation Data Eval:
  Num examples: 960  Num correct: 774  Precision @ 1: 0.8063  AUC @ 1: 0.8797
Test Data Eval:
  Num examples: 1856  Num correct: 1291  Precision @ 1: 0.6956  AUC @ 1: 0.7840
Step 6300: loss = 0.8581 (0.264 sec)
Training Data Eval:
  Num examples: 8960  Num correct: 8779  Precision @ 1: 0.9798  AUC @ 1: 0.9994
Validation Data Eval:
  Num examples: 960  Num correct: 767  Precision @ 1: 0.7990  AUC @ 1: 0.8770
Test Data Eval:
  Num examples: 1856  Num correct: 1330  Precision @ 1: 0.7166  AUC @ 1: 0.7697
Step 6400: loss = 0.8239 (0.190 sec)
Training Data Eval:
  Num examples: 8960  Num correct: 8838  Precision @ 1: 0.9864  AUC @ 1: 0.9995
Validation Data Eval:
  Num examples: 960  Num correct: 779  Precision @ 1: 0.8115  AUC @ 1: 0.8820
Test Data Eval:
  Num examples: 1856  Num correct: 1332  Precision @ 1: 0.7177  AUC @ 1: 0.7777
Step 6500: loss = 0.7419 (0.188 sec)
Training Data Eval:
  Num examples: 8960  Num correct: 8831  Precision @ 1: 0.9856  AUC @ 1: 0.9993
Validation Data Eval:
  Num examples: 960  Num correct: 779  Precision @ 1: 0.8115  AUC @ 1: 0.8780
Test Data Eval:
  Num examples: 1856  Num correct: 1355  Precision @ 1: 0.7301  AUC @ 1: 0.7906
Step 6600: loss = 0.7271 (0.185 sec)
Training Data Eval:
  Num examples: 8960  Num correct: 8869  Precision @ 1: 0.9898  AUC @ 1: 0.9997
Validation Data Eval:
  Num examples: 960  Num correct: 775  Precision @ 1: 0.8073  AUC @ 1: 0.8810
Test Data Eval:
  Num examples: 1856  Num correct: 1339  Precision @ 1: 0.7214  AUC @ 1: 0.7828
Step 6700: loss = 0.7721 (0.185 sec)
Training Data Eval:
  Num examples: 8960  Num correct: 8826  Precision @ 1: 0.9850  AUC @ 1: 0.9991
Validation Data Eval:
  Num examples: 960  Num correct: 767  Precision @ 1: 0.7990  AUC @ 1: 0.8694
Test Data Eval:
  Num examples: 1856  Num correct: 1282  Precision @ 1: 0.6907  AUC @ 1: 0.7662
Step 6800: loss = 0.6542 (0.193 sec)
Training Data Eval:
  Num examples: 8960  Num correct: 8860  Precision @ 1: 0.9888  AUC @ 1: 0.9996
Validation Data Eval:
  Num examples: 960  Num correct: 759  Precision @ 1: 0.7906  AUC @ 1: 0.8753
Test Data Eval:
  Num examples: 1856  Num correct: 1285  Precision @ 1: 0.6923  AUC @ 1: 0.7775
Step 6900: loss = 0.6187 (0.175 sec)
Training Data Eval:
  Num examples: 8960  Num correct: 8871  Precision @ 1: 0.9901  AUC @ 1: 0.9997
Validation Data Eval:
  Num examples: 960  Num correct: 767  Precision @ 1: 0.7990  AUC @ 1: 0.8806
Test Data Eval:
  Num examples: 1856  Num correct: 1346  Precision @ 1: 0.7252  AUC @ 1: 0.7858
Step 7000: loss = 0.6655 (0.268 sec)
Training Data Eval:
  Num examples: 8960  Num correct: 8806  Precision @ 1: 0.9828  AUC @ 1: 0.9996
Validation Data Eval:
  Num examples: 960  Num correct: 778  Precision @ 1: 0.8104  AUC @ 1: 0.8766
Test Data Eval:
  Num examples: 1856  Num correct: 1345  Precision @ 1: 0.7247  AUC @ 1: 0.7817
Step 7100: loss = 0.5687 (0.174 sec)
Training Data Eval:
  Num examples: 8960  Num correct: 8822  Precision @ 1: 0.9846  AUC @ 1: 0.9994
Validation Data Eval:
  Num examples: 960  Num correct: 763  Precision @ 1: 0.7948  AUC @ 1: 0.8783
Test Data Eval:
  Num examples: 1856  Num correct: 1353  Precision @ 1: 0.7290  AUC @ 1: 0.7934
Step 7200: loss = 0.6257 (0.178 sec)
Training Data Eval:
  Num examples: 8960  Num correct: 8850  Precision @ 1: 0.9877  AUC @ 1: 0.9997
Validation Data Eval:
  Num examples: 960  Num correct: 767  Precision @ 1: 0.7990  AUC @ 1: 0.8795
Test Data Eval:
  Num examples: 1856  Num correct: 1347  Precision @ 1: 0.7258  AUC @ 1: 0.7925
Step 7300: loss = 0.6453 (0.184 sec)
Training Data Eval:
  Num examples: 8960  Num correct: 8865  Precision @ 1: 0.9894  AUC @ 1: 0.9992
Validation Data Eval:
  Num examples: 960  Num correct: 772  Precision @ 1: 0.8042  AUC @ 1: 0.8706
Test Data Eval:
  Num examples: 1856  Num correct: 1308  Precision @ 1: 0.7047  AUC @ 1: 0.7726
Step 7400: loss = 0.5351 (0.176 sec)
Training Data Eval:
  Num examples: 8960  Num correct: 8840  Precision @ 1: 0.9866  AUC @ 1: 0.9993
Validation Data Eval:
  Num examples: 960  Num correct: 771  Precision @ 1: 0.8031  AUC @ 1: 0.8745
Test Data Eval:
  Num examples: 1856  Num correct: 1326  Precision @ 1: 0.7144  AUC @ 1: 0.7832
Step 7500: loss = 0.5123 (0.170 sec)
Training Data Eval:
  Num examples: 8960  Num correct: 8872  Precision @ 1: 0.9902  AUC @ 1: 0.9998
Validation Data Eval:
  Num examples: 960  Num correct: 771  Precision @ 1: 0.8031  AUC @ 1: 0.8774
Test Data Eval:
  Num examples: 1856  Num correct: 1332  Precision @ 1: 0.7177  AUC @ 1: 0.7842
Step 7600: loss = 0.5763 (0.179 sec)
Training Data Eval:
  Num examples: 8960  Num correct: 8838  Precision @ 1: 0.9864  AUC @ 1: 0.9996
Validation Data Eval:
  Num examples: 960  Num correct: 759  Precision @ 1: 0.7906  AUC @ 1: 0.8707
Test Data Eval:
  Num examples: 1856  Num correct: 1350  Precision @ 1: 0.7274  AUC @ 1: 0.7897
Step 7700: loss = 0.5569 (0.267 sec)
Training Data Eval:
  Num examples: 8960  Num correct: 8848  Precision @ 1: 0.9875  AUC @ 1: 0.9996
Validation Data Eval:
  Num examples: 960  Num correct: 764  Precision @ 1: 0.7958  AUC @ 1: 0.8721
Test Data Eval:
  Num examples: 1856  Num correct: 1351  Precision @ 1: 0.7279  AUC @ 1: 0.7853
Step 7800: loss = 0.4859 (0.190 sec)
Training Data Eval:
  Num examples: 8960  Num correct: 8874  Precision @ 1: 0.9904  AUC @ 1: 0.9998
Validation Data Eval:
  Num examples: 960  Num correct: 779  Precision @ 1: 0.8115  AUC @ 1: 0.8804
Test Data Eval:
  Num examples: 1856  Num correct: 1349  Precision @ 1: 0.7268  AUC @ 1: 0.7746
Step 7900: loss = 0.4173 (0.184 sec)
Training Data Eval:
  Num examples: 8960  Num correct: 8862  Precision @ 1: 0.9891  AUC @ 1: 0.9997
Validation Data Eval:
  Num examples: 960  Num correct: 777  Precision @ 1: 0.8094  AUC @ 1: 0.8781
Test Data Eval:
  Num examples: 1856  Num correct: 1325  Precision @ 1: 0.7139  AUC @ 1: 0.7792
Step 8000: loss = 0.4134 (0.182 sec)
Training Data Eval:
  Num examples: 8960  Num correct: 8882  Precision @ 1: 0.9913  AUC @ 1: 0.9998
Validation Data Eval:
  Num examples: 960  Num correct: 775  Precision @ 1: 0.8073  AUC @ 1: 0.8855
Test Data Eval:
  Num examples: 1856  Num correct: 1354  Precision @ 1: 0.7295  AUC @ 1: 0.7902
Step 8100: loss = 0.3728 (0.188 sec)
Training Data Eval:
  Num examples: 8960  Num correct: 8844  Precision @ 1: 0.9871  AUC @ 1: 0.9979
Validation Data Eval:
  Num examples: 960  Num correct: 762  Precision @ 1: 0.7937  AUC @ 1: 0.8671
Test Data Eval:
  Num examples: 1856  Num correct: 1304  Precision @ 1: 0.7026  AUC @ 1: 0.7658
Step 8200: loss = 0.3898 (0.175 sec)
Training Data Eval:
  Num examples: 8960  Num correct: 8832  Precision @ 1: 0.9857  AUC @ 1: 0.9997
Validation Data Eval:
  Num examples: 960  Num correct: 767  Precision @ 1: 0.7990  AUC @ 1: 0.8708
Test Data Eval:
  Num examples: 1856  Num correct: 1352  Precision @ 1: 0.7284  AUC @ 1: 0.7724
Step 8300: loss = 0.4188 (0.177 sec)
Training Data Eval:
  Num examples: 8960  Num correct: 8860  Precision @ 1: 0.9888  AUC @ 1: 0.9997
Validation Data Eval:
  Num examples: 960  Num correct: 769  Precision @ 1: 0.8010  AUC @ 1: 0.8752
Test Data Eval:
  Num examples: 1856  Num correct: 1343  Precision @ 1: 0.7236  AUC @ 1: 0.7849
Step 8400: loss = 0.3564 (0.266 sec)
Training Data Eval:
  Num examples: 8960  Num correct: 8861  Precision @ 1: 0.9890  AUC @ 1: 0.9994
Validation Data Eval:
  Num examples: 960  Num correct: 761  Precision @ 1: 0.7927  AUC @ 1: 0.8679
Test Data Eval:
  Num examples: 1856  Num correct: 1339  Precision @ 1: 0.7214  AUC @ 1: 0.7756
Step 8500: loss = 0.3710 (0.176 sec)
Training Data Eval:
  Num examples: 8960  Num correct: 8877  Precision @ 1: 0.9907  AUC @ 1: 0.9997
Validation Data Eval:
  Num examples: 960  Num correct: 773  Precision @ 1: 0.8052  AUC @ 1: 0.8687
Test Data Eval:
  Num examples: 1856  Num correct: 1333  Precision @ 1: 0.7182  AUC @ 1: 0.7897
Step 8600: loss = 0.3673 (0.171 sec)
Training Data Eval:
  Num examples: 8960  Num correct: 8874  Precision @ 1: 0.9904  AUC @ 1: 0.9983
Validation Data Eval:
  Num examples: 960  Num correct: 767  Precision @ 1: 0.7990  AUC @ 1: 0.8750
Test Data Eval:
  Num examples: 1856  Num correct: 1337  Precision @ 1: 0.7204  AUC @ 1: 0.7768
Step 8700: loss = 0.3688 (0.187 sec)
Training Data Eval:
  Num examples: 8960  Num correct: 8861  Precision @ 1: 0.9890  AUC @ 1: 0.9998
Validation Data Eval:
  Num examples: 960  Num correct: 782  Precision @ 1: 0.8146  AUC @ 1: 0.8780
Test Data Eval:
  Num examples: 1856  Num correct: 1346  Precision @ 1: 0.7252  AUC @ 1: 0.7825
Step 8800: loss = 0.3428 (0.182 sec)
Training Data Eval:
  Num examples: 8960  Num correct: 8909  Precision @ 1: 0.9943  AUC @ 1: 0.9999
Validation Data Eval:
  Num examples: 960  Num correct: 761  Precision @ 1: 0.7927  AUC @ 1: 0.8703
Test Data Eval:
  Num examples: 1856  Num correct: 1329  Precision @ 1: 0.7161  AUC @ 1: 0.7775
Step 8900: loss = 0.3611 (0.183 sec)
Training Data Eval:
  Num examples: 8960  Num correct: 8888  Precision @ 1: 0.9920  AUC @ 1: 0.9999
Validation Data Eval:
  Num examples: 960  Num correct: 775  Precision @ 1: 0.8073  AUC @ 1: 0.8760
Test Data Eval:
  Num examples: 1856  Num correct: 1318  Precision @ 1: 0.7101  AUC @ 1: 0.7817
Step 9000: loss = 0.3253 (0.182 sec)
Training Data Eval:
  Num examples: 8960  Num correct: 8879  Precision @ 1: 0.9910  AUC @ 1: 0.9978
Validation Data Eval:
  Num examples: 960  Num correct: 770  Precision @ 1: 0.8021  AUC @ 1: 0.8694
Test Data Eval:
  Num examples: 1856  Num correct: 1298  Precision @ 1: 0.6994  AUC @ 1: 0.7646
Step 9100: loss = 0.3177 (0.268 sec)
Training Data Eval:
  Num examples: 8960  Num correct: 8891  Precision @ 1: 0.9923  AUC @ 1: 0.9973
Validation Data Eval:
  Num examples: 960  Num correct: 773  Precision @ 1: 0.8052  AUC @ 1: 0.8794
Test Data Eval:
  Num examples: 1856  Num correct: 1321  Precision @ 1: 0.7117  AUC @ 1: 0.7778
Step 9200: loss = 0.3291 (0.190 sec)
Training Data Eval:
  Num examples: 8960  Num correct: 8900  Precision @ 1: 0.9933  AUC @ 1: 0.9998
Validation Data Eval:
  Num examples: 960  Num correct: 774  Precision @ 1: 0.8063  AUC @ 1: 0.8782
Test Data Eval:
  Num examples: 1856  Num correct: 1355  Precision @ 1: 0.7301  AUC @ 1: 0.7852
Step 9300: loss = 0.3221 (0.179 sec)
Training Data Eval:
  Num examples: 8960  Num correct: 8914  Precision @ 1: 0.9949  AUC @ 1: 0.9999
Validation Data Eval:
  Num examples: 960  Num correct: 774  Precision @ 1: 0.8063  AUC @ 1: 0.8806
Test Data Eval:
  Num examples: 1856  Num correct: 1362  Precision @ 1: 0.7338  AUC @ 1: 0.7968
Step 9400: loss = 0.3315 (0.188 sec)
Training Data Eval:
  Num examples: 8960  Num correct: 8885  Precision @ 1: 0.9916  AUC @ 1: 0.9993
Validation Data Eval:
  Num examples: 960  Num correct: 762  Precision @ 1: 0.7937  AUC @ 1: 0.8683
Test Data Eval:
  Num examples: 1856  Num correct: 1371  Precision @ 1: 0.7387  AUC @ 1: 0.7820
Step 9500: loss = 0.3624 (0.170 sec)
Training Data Eval:
  Num examples: 8960  Num correct: 8893  Precision @ 1: 0.9925  AUC @ 1: 0.9999
Validation Data Eval:
  Num examples: 960  Num correct: 783  Precision @ 1: 0.8156  AUC @ 1: 0.8846
Test Data Eval:
  Num examples: 1856  Num correct: 1346  Precision @ 1: 0.7252  AUC @ 1: 0.7852
Step 9600: loss = 0.3980 (0.185 sec)
Training Data Eval:
  Num examples: 8960  Num correct: 8893  Precision @ 1: 0.9925  AUC @ 1: 0.9999
Validation Data Eval:
  Num examples: 960  Num correct: 753  Precision @ 1: 0.7844  AUC @ 1: 0.8715
Test Data Eval:
  Num examples: 1856  Num correct: 1362  Precision @ 1: 0.7338  AUC @ 1: 0.7874
Step 9700: loss = 0.3186 (0.180 sec)
Training Data Eval:
  Num examples: 8960  Num correct: 8902  Precision @ 1: 0.9935  AUC @ 1: 0.9999
Validation Data Eval:
  Num examples: 960  Num correct: 772  Precision @ 1: 0.8042  AUC @ 1: 0.8715
Test Data Eval:
  Num examples: 1856  Num correct: 1332  Precision @ 1: 0.7177  AUC @ 1: 0.7753
Step 9800: loss = 0.3016 (0.293 sec)
Training Data Eval:
  Num examples: 8960  Num correct: 8900  Precision @ 1: 0.9933  AUC @ 1: 0.9999
Validation Data Eval:
  Num examples: 960  Num correct: 774  Precision @ 1: 0.8063  AUC @ 1: 0.8820
Test Data Eval:
  Num examples: 1856  Num correct: 1316  Precision @ 1: 0.7091  AUC @ 1: 0.7811
Step 9900: loss = 0.3001 (0.174 sec)
Training Data Eval:
  Num examples: 8960  Num correct: 8865  Precision @ 1: 0.9894  AUC @ 1: 0.9989
Validation Data Eval:
  Num examples: 960  Num correct: 754  Precision @ 1: 0.7854  AUC @ 1: 0.8686
Test Data Eval:
  Num examples: 1856  Num correct: 1280  Precision @ 1: 0.6897  AUC @ 1: 0.7570
