Training data shape: 	(10000, 64, 64, 1)
Training label shape:	(10000,)
Testing data shape:  	(1910, 64, 64, 1)
Testing label shape: 	(1910,)
max input value is: 153.458
min input value is: -104.189
random permuted training data
==============================================================================
Model: 			inference_roi_s_cnn
Tensor Name: 	Placeholder:0
[64, 64, 64, 1]
==============================================================================
Tensor Name: concat_64:0
[64, 320, 64, 1]
==============================================================================
Tensor Name: concat_129:0
[64, 320, 320, 1]
==============================================================================
Tensor Name: conv0/conv0:0
[64, 64, 64, 64]
==============================================================================
Tensor Name: local1/local1:0
[64, 128]
==============================================================================
Tensor Name: local2/local2:0
[64, 128]
==============================================================================
Tensor Name: softmax_linear/softmax_linear:0
[64, 2]
Step 0: loss = 83.7681 (0.201 sec)
Training Data Eval:
  Num examples: 8960  Num correct: 6733  Precision @ 1: 0.7515  AUC @ 1: 0.8074
Validation Data Eval:
  Num examples: 960  Num correct: 689  Precision @ 1: 0.7177  AUC @ 1: 0.7418
Test Data Eval:
  Num examples: 1856  Num correct: 1289  Precision @ 1: 0.6945  AUC @ 1: 0.7232
Step 100: loss = 77.3142 (0.195 sec)
Training Data Eval:
  Num examples: 8960  Num correct: 6956  Precision @ 1: 0.7763  AUC @ 1: 0.8356
Validation Data Eval:
  Num examples: 960  Num correct: 710  Precision @ 1: 0.7396  AUC @ 1: 0.7800
Test Data Eval:
  Num examples: 1856  Num correct: 1274  Precision @ 1: 0.6864  AUC @ 1: 0.7304
Step 200: loss = 71.3176 (0.188 sec)
Training Data Eval:
  Num examples: 8960  Num correct: 7086  Precision @ 1: 0.7908  AUC @ 1: 0.8575
Validation Data Eval:
  Num examples: 960  Num correct: 709  Precision @ 1: 0.7385  AUC @ 1: 0.7963
Test Data Eval:
  Num examples: 1856  Num correct: 1275  Precision @ 1: 0.6870  AUC @ 1: 0.7454
Step 300: loss = 65.7792 (0.190 sec)
Training Data Eval:
  Num examples: 8960  Num correct: 6903  Precision @ 1: 0.7704  AUC @ 1: 0.8760
Validation Data Eval:
  Num examples: 960  Num correct: 703  Precision @ 1: 0.7323  AUC @ 1: 0.8106
Test Data Eval:
  Num examples: 1856  Num correct: 1262  Precision @ 1: 0.6800  AUC @ 1: 0.7597
Step 400: loss = 60.8645 (0.196 sec)
Training Data Eval:
  Num examples: 8960  Num correct: 7063  Precision @ 1: 0.7883  AUC @ 1: 0.8883
Validation Data Eval:
  Num examples: 960  Num correct: 714  Precision @ 1: 0.7438  AUC @ 1: 0.8332
Test Data Eval:
  Num examples: 1856  Num correct: 1316  Precision @ 1: 0.7091  AUC @ 1: 0.7677
Step 500: loss = 56.1426 (0.191 sec)
Training Data Eval:
  Num examples: 8960  Num correct: 7408  Precision @ 1: 0.8268  AUC @ 1: 0.9035
Validation Data Eval:
  Num examples: 960  Num correct: 745  Precision @ 1: 0.7760  AUC @ 1: 0.8301
Test Data Eval:
  Num examples: 1856  Num correct: 1334  Precision @ 1: 0.7188  AUC @ 1: 0.7630
Step 600: loss = 51.7894 (0.185 sec)
Training Data Eval:
  Num examples: 8960  Num correct: 7307  Precision @ 1: 0.8155  AUC @ 1: 0.9121
Validation Data Eval:
  Num examples: 960  Num correct: 722  Precision @ 1: 0.7521  AUC @ 1: 0.8344
Test Data Eval:
  Num examples: 1856  Num correct: 1333  Precision @ 1: 0.7182  AUC @ 1: 0.7615
Step 700: loss = 47.8384 (0.266 sec)
Training Data Eval:
  Num examples: 8960  Num correct: 7624  Precision @ 1: 0.8509  AUC @ 1: 0.9248
Validation Data Eval:
  Num examples: 960  Num correct: 752  Precision @ 1: 0.7833  AUC @ 1: 0.8486
Test Data Eval:
  Num examples: 1856  Num correct: 1296  Precision @ 1: 0.6983  AUC @ 1: 0.7622
Step 800: loss = 44.2075 (0.182 sec)
Training Data Eval:
  Num examples: 8960  Num correct: 7580  Precision @ 1: 0.8460  AUC @ 1: 0.9291
Validation Data Eval:
  Num examples: 960  Num correct: 739  Precision @ 1: 0.7698  AUC @ 1: 0.8423
Test Data Eval:
  Num examples: 1856  Num correct: 1340  Precision @ 1: 0.7220  AUC @ 1: 0.7743
Step 900: loss = 40.7969 (0.188 sec)
Training Data Eval:
  Num examples: 8960  Num correct: 7709  Precision @ 1: 0.8604  AUC @ 1: 0.9360
Validation Data Eval:
  Num examples: 960  Num correct: 752  Precision @ 1: 0.7833  AUC @ 1: 0.8510
Test Data Eval:
  Num examples: 1856  Num correct: 1292  Precision @ 1: 0.6961  AUC @ 1: 0.7605
Step 1000: loss = 37.8713 (0.195 sec)
Training Data Eval:
  Num examples: 8960  Num correct: 7745  Precision @ 1: 0.8644  AUC @ 1: 0.9519
Validation Data Eval:
  Num examples: 960  Num correct: 744  Precision @ 1: 0.7750  AUC @ 1: 0.8453
Test Data Eval:
  Num examples: 1856  Num correct: 1337  Precision @ 1: 0.7204  AUC @ 1: 0.7727
Step 1100: loss = 34.8924 (0.191 sec)
Training Data Eval:
  Num examples: 8960  Num correct: 7868  Precision @ 1: 0.8781  AUC @ 1: 0.9572
Validation Data Eval:
  Num examples: 960  Num correct: 749  Precision @ 1: 0.7802  AUC @ 1: 0.8522
Test Data Eval:
  Num examples: 1856  Num correct: 1326  Precision @ 1: 0.7144  AUC @ 1: 0.7744
Step 1200: loss = 32.0926 (0.186 sec)
Training Data Eval:
  Num examples: 8960  Num correct: 7645  Precision @ 1: 0.8532  AUC @ 1: 0.9542
Validation Data Eval:
  Num examples: 960  Num correct: 750  Precision @ 1: 0.7812  AUC @ 1: 0.8495
Test Data Eval:
  Num examples: 1856  Num correct: 1327  Precision @ 1: 0.7150  AUC @ 1: 0.7563
Step 1300: loss = 29.8409 (0.164 sec)
Training Data Eval:
  Num examples: 8960  Num correct: 7900  Precision @ 1: 0.8817  AUC @ 1: 0.9620
Validation Data Eval:
  Num examples: 960  Num correct: 738  Precision @ 1: 0.7688  AUC @ 1: 0.8543
Test Data Eval:
  Num examples: 1856  Num correct: 1218  Precision @ 1: 0.6562  AUC @ 1: 0.7639
Step 1400: loss = 27.6164 (0.266 sec)
Training Data Eval:
  Num examples: 8960  Num correct: 8046  Precision @ 1: 0.8980  AUC @ 1: 0.9696
Validation Data Eval:
  Num examples: 960  Num correct: 751  Precision @ 1: 0.7823  AUC @ 1: 0.8535
Test Data Eval:
  Num examples: 1856  Num correct: 1318  Precision @ 1: 0.7101  AUC @ 1: 0.7656
Step 1500: loss = 25.3914 (0.186 sec)
Training Data Eval:
  Num examples: 8960  Num correct: 7606  Precision @ 1: 0.8489  AUC @ 1: 0.9642
Validation Data Eval:
  Num examples: 960  Num correct: 728  Precision @ 1: 0.7583  AUC @ 1: 0.8368
Test Data Eval:
  Num examples: 1856  Num correct: 1319  Precision @ 1: 0.7107  AUC @ 1: 0.7400
Step 1600: loss = 23.4617 (0.187 sec)
Training Data Eval:
  Num examples: 8960  Num correct: 8191  Precision @ 1: 0.9142  AUC @ 1: 0.9777
Validation Data Eval:
  Num examples: 960  Num correct: 746  Precision @ 1: 0.7771  AUC @ 1: 0.8497
Test Data Eval:
  Num examples: 1856  Num correct: 1315  Precision @ 1: 0.7085  AUC @ 1: 0.7748
Step 1700: loss = 21.7457 (0.189 sec)
Training Data Eval:
  Num examples: 8960  Num correct: 7922  Precision @ 1: 0.8842  AUC @ 1: 0.9737
Validation Data Eval:
  Num examples: 960  Num correct: 743  Precision @ 1: 0.7740  AUC @ 1: 0.8422
Test Data Eval:
  Num examples: 1856  Num correct: 1333  Precision @ 1: 0.7182  AUC @ 1: 0.7697
Step 1800: loss = 20.1208 (0.178 sec)
Training Data Eval:
  Num examples: 8960  Num correct: 8250  Precision @ 1: 0.9208  AUC @ 1: 0.9813
Validation Data Eval:
  Num examples: 960  Num correct: 743  Precision @ 1: 0.7740  AUC @ 1: 0.8472
Test Data Eval:
  Num examples: 1856  Num correct: 1313  Precision @ 1: 0.7074  AUC @ 1: 0.7625
Step 1900: loss = 18.5327 (0.187 sec)
Training Data Eval:
  Num examples: 8960  Num correct: 8155  Precision @ 1: 0.9102  AUC @ 1: 0.9849
Validation Data Eval:
  Num examples: 960  Num correct: 744  Precision @ 1: 0.7750  AUC @ 1: 0.8401
Test Data Eval:
  Num examples: 1856  Num correct: 1314  Precision @ 1: 0.7080  AUC @ 1: 0.7550
Step 2000: loss = 17.1691 (0.177 sec)
Training Data Eval:
  Num examples: 8960  Num correct: 8384  Precision @ 1: 0.9357  AUC @ 1: 0.9874
Validation Data Eval:
  Num examples: 960  Num correct: 745  Precision @ 1: 0.7760  AUC @ 1: 0.8468
Test Data Eval:
  Num examples: 1856  Num correct: 1264  Precision @ 1: 0.6810  AUC @ 1: 0.7524
Step 2100: loss = 15.8052 (0.284 sec)
Training Data Eval:
  Num examples: 8960  Num correct: 8335  Precision @ 1: 0.9302  AUC @ 1: 0.9852
Validation Data Eval:
  Num examples: 960  Num correct: 742  Precision @ 1: 0.7729  AUC @ 1: 0.8528
Test Data Eval:
  Num examples: 1856  Num correct: 1247  Precision @ 1: 0.6719  AUC @ 1: 0.7512
Step 2200: loss = 14.7195 (0.181 sec)
Training Data Eval:
  Num examples: 8960  Num correct: 8399  Precision @ 1: 0.9374  AUC @ 1: 0.9866
Validation Data Eval:
  Num examples: 960  Num correct: 739  Precision @ 1: 0.7698  AUC @ 1: 0.8460
Test Data Eval:
  Num examples: 1856  Num correct: 1246  Precision @ 1: 0.6713  AUC @ 1: 0.7515
Step 2300: loss = 13.5279 (0.193 sec)
Training Data Eval:
  Num examples: 8960  Num correct: 8465  Precision @ 1: 0.9448  AUC @ 1: 0.9917
Validation Data Eval:
  Num examples: 960  Num correct: 755  Precision @ 1: 0.7865  AUC @ 1: 0.8497
Test Data Eval:
  Num examples: 1856  Num correct: 1262  Precision @ 1: 0.6800  AUC @ 1: 0.7426
Step 2400: loss = 12.4824 (0.182 sec)
Training Data Eval:
  Num examples: 8960  Num correct: 8312  Precision @ 1: 0.9277  AUC @ 1: 0.9897
Validation Data Eval:
  Num examples: 960  Num correct: 748  Precision @ 1: 0.7792  AUC @ 1: 0.8515
Test Data Eval:
  Num examples: 1856  Num correct: 1307  Precision @ 1: 0.7042  AUC @ 1: 0.7572
Step 2500: loss = 11.5413 (0.194 sec)
Training Data Eval:
  Num examples: 8960  Num correct: 8338  Precision @ 1: 0.9306  AUC @ 1: 0.9868
Validation Data Eval:
  Num examples: 960  Num correct: 738  Precision @ 1: 0.7688  AUC @ 1: 0.8570
Test Data Eval:
  Num examples: 1856  Num correct: 1224  Precision @ 1: 0.6595  AUC @ 1: 0.7455
Step 2600: loss = 10.7275 (0.180 sec)
Training Data Eval:
  Num examples: 8960  Num correct: 8278  Precision @ 1: 0.9239  AUC @ 1: 0.9851
Validation Data Eval:
  Num examples: 960  Num correct: 731  Precision @ 1: 0.7615  AUC @ 1: 0.8584
Test Data Eval:
  Num examples: 1856  Num correct: 1205  Precision @ 1: 0.6492  AUC @ 1: 0.7480
Step 2700: loss = 9.8834 (0.176 sec)
Training Data Eval:
  Num examples: 8960  Num correct: 8475  Precision @ 1: 0.9459  AUC @ 1: 0.9924
Validation Data Eval:
  Num examples: 960  Num correct: 749  Precision @ 1: 0.7802  AUC @ 1: 0.8429
Test Data Eval:
  Num examples: 1856  Num correct: 1269  Precision @ 1: 0.6837  AUC @ 1: 0.7469
Step 2800: loss = 9.1719 (0.264 sec)
Training Data Eval:
  Num examples: 8960  Num correct: 8440  Precision @ 1: 0.9420  AUC @ 1: 0.9936
Validation Data Eval:
  Num examples: 960  Num correct: 743  Precision @ 1: 0.7740  AUC @ 1: 0.8436
Test Data Eval:
  Num examples: 1856  Num correct: 1280  Precision @ 1: 0.6897  AUC @ 1: 0.7255
Step 2900: loss = 8.6683 (0.186 sec)
Training Data Eval:
  Num examples: 8960  Num correct: 8367  Precision @ 1: 0.9338  AUC @ 1: 0.9909
Validation Data Eval:
  Num examples: 960  Num correct: 735  Precision @ 1: 0.7656  AUC @ 1: 0.8449
Test Data Eval:
  Num examples: 1856  Num correct: 1301  Precision @ 1: 0.7010  AUC @ 1: 0.7441
Step 3000: loss = 7.9156 (0.186 sec)
Training Data Eval:
  Num examples: 8960  Num correct: 8427  Precision @ 1: 0.9405  AUC @ 1: 0.9917
Validation Data Eval:
  Num examples: 960  Num correct: 735  Precision @ 1: 0.7656  AUC @ 1: 0.8433
Test Data Eval:
  Num examples: 1856  Num correct: 1274  Precision @ 1: 0.6864  AUC @ 1: 0.7522
Step 3100: loss = 7.4018 (0.186 sec)
Training Data Eval:
  Num examples: 8960  Num correct: 8438  Precision @ 1: 0.9417  AUC @ 1: 0.9909
Validation Data Eval:
  Num examples: 960  Num correct: 724  Precision @ 1: 0.7542  AUC @ 1: 0.8419
Test Data Eval:
  Num examples: 1856  Num correct: 1174  Precision @ 1: 0.6325  AUC @ 1: 0.7449
Step 3200: loss = 6.8081 (0.188 sec)
Training Data Eval:
  Num examples: 8960  Num correct: 8388  Precision @ 1: 0.9362  AUC @ 1: 0.9880
Validation Data Eval:
  Num examples: 960  Num correct: 743  Precision @ 1: 0.7740  AUC @ 1: 0.8441
Test Data Eval:
  Num examples: 1856  Num correct: 1277  Precision @ 1: 0.6880  AUC @ 1: 0.7531
Step 3300: loss = 6.2159 (0.187 sec)
Training Data Eval:
  Num examples: 8960  Num correct: 8560  Precision @ 1: 0.9554  AUC @ 1: 0.9940
Validation Data Eval:
  Num examples: 960  Num correct: 746  Precision @ 1: 0.7771  AUC @ 1: 0.8380
Test Data Eval:
  Num examples: 1856  Num correct: 1300  Precision @ 1: 0.7004  AUC @ 1: 0.7573
Step 3400: loss = 5.8499 (0.182 sec)
Training Data Eval:
  Num examples: 8960  Num correct: 8555  Precision @ 1: 0.9548  AUC @ 1: 0.9947
Validation Data Eval:
  Num examples: 960  Num correct: 737  Precision @ 1: 0.7677  AUC @ 1: 0.8372
Test Data Eval:
  Num examples: 1856  Num correct: 1271  Precision @ 1: 0.6848  AUC @ 1: 0.7617
Step 3500: loss = 5.3677 (0.277 sec)
Training Data Eval:
  Num examples: 8960  Num correct: 8553  Precision @ 1: 0.9546  AUC @ 1: 0.9945
Validation Data Eval:
  Num examples: 960  Num correct: 733  Precision @ 1: 0.7635  AUC @ 1: 0.8375
Test Data Eval:
  Num examples: 1856  Num correct: 1319  Precision @ 1: 0.7107  AUC @ 1: 0.7682
Step 3600: loss = 5.0072 (0.187 sec)
Training Data Eval:
  Num examples: 8960  Num correct: 8380  Precision @ 1: 0.9353  AUC @ 1: 0.9919
Validation Data Eval:
  Num examples: 960  Num correct: 728  Precision @ 1: 0.7583  AUC @ 1: 0.8188
Test Data Eval:
  Num examples: 1856  Num correct: 1298  Precision @ 1: 0.6994  AUC @ 1: 0.7520
Step 3700: loss = 4.7198 (0.184 sec)
Training Data Eval:
  Num examples: 8960  Num correct: 8522  Precision @ 1: 0.9511  AUC @ 1: 0.9937
Validation Data Eval:
  Num examples: 960  Num correct: 742  Precision @ 1: 0.7729  AUC @ 1: 0.8406
Test Data Eval:
  Num examples: 1856  Num correct: 1274  Precision @ 1: 0.6864  AUC @ 1: 0.7528
Step 3800: loss = 4.3001 (0.193 sec)
Training Data Eval:
  Num examples: 8960  Num correct: 8541  Precision @ 1: 0.9532  AUC @ 1: 0.9943
Validation Data Eval:
  Num examples: 960  Num correct: 754  Precision @ 1: 0.7854  AUC @ 1: 0.8507
Test Data Eval:
  Num examples: 1856  Num correct: 1312  Precision @ 1: 0.7069  AUC @ 1: 0.7632
Step 3900: loss = 4.1503 (0.193 sec)
Training Data Eval:
  Num examples: 8960  Num correct: 8565  Precision @ 1: 0.9559  AUC @ 1: 0.9947
Validation Data Eval:
  Num examples: 960  Num correct: 752  Precision @ 1: 0.7833  AUC @ 1: 0.8472
Test Data Eval:
  Num examples: 1856  Num correct: 1287  Precision @ 1: 0.6934  AUC @ 1: 0.7715
Step 4000: loss = 3.7426 (0.185 sec)
Training Data Eval:
  Num examples: 8960  Num correct: 8613  Precision @ 1: 0.9613  AUC @ 1: 0.9955
Validation Data Eval:
  Num examples: 960  Num correct: 731  Precision @ 1: 0.7615  AUC @ 1: 0.8413
Test Data Eval:
  Num examples: 1856  Num correct: 1301  Precision @ 1: 0.7010  AUC @ 1: 0.7668
Step 4100: loss = 3.5653 (0.191 sec)
Training Data Eval:
  Num examples: 8960  Num correct: 8632  Precision @ 1: 0.9634  AUC @ 1: 0.9965
Validation Data Eval:
  Num examples: 960  Num correct: 743  Precision @ 1: 0.7740  AUC @ 1: 0.8447
Test Data Eval:
  Num examples: 1856  Num correct: 1279  Precision @ 1: 0.6891  AUC @ 1: 0.7631
Step 4200: loss = 3.2304 (0.272 sec)
Training Data Eval:
  Num examples: 8960  Num correct: 8627  Precision @ 1: 0.9628  AUC @ 1: 0.9966
Validation Data Eval:
  Num examples: 960  Num correct: 749  Precision @ 1: 0.7802  AUC @ 1: 0.8440
Test Data Eval:
  Num examples: 1856  Num correct: 1315  Precision @ 1: 0.7085  AUC @ 1: 0.7627
Step 4300: loss = 2.9529 (0.193 sec)
Training Data Eval:
  Num examples: 8960  Num correct: 8652  Precision @ 1: 0.9656  AUC @ 1: 0.9970
Validation Data Eval:
  Num examples: 960  Num correct: 755  Precision @ 1: 0.7865  AUC @ 1: 0.8420
Test Data Eval:
  Num examples: 1856  Num correct: 1304  Precision @ 1: 0.7026  AUC @ 1: 0.7662
Step 4400: loss = 2.8284 (0.185 sec)
Training Data Eval:
  Num examples: 8960  Num correct: 8637  Precision @ 1: 0.9640  AUC @ 1: 0.9964
Validation Data Eval:
  Num examples: 960  Num correct: 755  Precision @ 1: 0.7865  AUC @ 1: 0.8445
Test Data Eval:
  Num examples: 1856  Num correct: 1314  Precision @ 1: 0.7080  AUC @ 1: 0.7659
Step 4500: loss = 2.6881 (0.187 sec)
Training Data Eval:
  Num examples: 8960  Num correct: 8629  Precision @ 1: 0.9631  AUC @ 1: 0.9958
Validation Data Eval:
  Num examples: 960  Num correct: 743  Precision @ 1: 0.7740  AUC @ 1: 0.8408
Test Data Eval:
  Num examples: 1856  Num correct: 1287  Precision @ 1: 0.6934  AUC @ 1: 0.7661
Step 4600: loss = 2.4614 (0.197 sec)
Training Data Eval:
  Num examples: 8960  Num correct: 8597  Precision @ 1: 0.9595  AUC @ 1: 0.9958
Validation Data Eval:
  Num examples: 960  Num correct: 734  Precision @ 1: 0.7646  AUC @ 1: 0.8348
Test Data Eval:
  Num examples: 1856  Num correct: 1287  Precision @ 1: 0.6934  AUC @ 1: 0.7560
Step 4700: loss = 2.3624 (0.176 sec)
Training Data Eval:
  Num examples: 8960  Num correct: 8664  Precision @ 1: 0.9670  AUC @ 1: 0.9967
Validation Data Eval:
  Num examples: 960  Num correct: 763  Precision @ 1: 0.7948  AUC @ 1: 0.8473
Test Data Eval:
  Num examples: 1856  Num correct: 1322  Precision @ 1: 0.7123  AUC @ 1: 0.7575
Step 4800: loss = 2.8273 (0.185 sec)
Training Data Eval:
  Num examples: 8960  Num correct: 8630  Precision @ 1: 0.9632  AUC @ 1: 0.9968
Validation Data Eval:
  Num examples: 960  Num correct: 746  Precision @ 1: 0.7771  AUC @ 1: 0.8473
Test Data Eval:
  Num examples: 1856  Num correct: 1304  Precision @ 1: 0.7026  AUC @ 1: 0.7601
Step 4900: loss = 2.0488 (0.272 sec)
Training Data Eval:
  Num examples: 8960  Num correct: 8596  Precision @ 1: 0.9594  AUC @ 1: 0.9949
Validation Data Eval:
  Num examples: 960  Num correct: 744  Precision @ 1: 0.7750  AUC @ 1: 0.8419
Test Data Eval:
  Num examples: 1856  Num correct: 1239  Precision @ 1: 0.6676  AUC @ 1: 0.7564
Step 5000: loss = 1.9337 (0.176 sec)
Training Data Eval:
  Num examples: 8960  Num correct: 8553  Precision @ 1: 0.9546  AUC @ 1: 0.9958
Validation Data Eval:
  Num examples: 960  Num correct: 739  Precision @ 1: 0.7698  AUC @ 1: 0.8363
Test Data Eval:
  Num examples: 1856  Num correct: 1328  Precision @ 1: 0.7155  AUC @ 1: 0.7591
Step 5100: loss = 1.8486 (0.172 sec)
Training Data Eval:
  Num examples: 8960  Num correct: 8680  Precision @ 1: 0.9688  AUC @ 1: 0.9964
Validation Data Eval:
  Num examples: 960  Num correct: 749  Precision @ 1: 0.7802  AUC @ 1: 0.8565
Test Data Eval:
  Num examples: 1856  Num correct: 1314  Precision @ 1: 0.7080  AUC @ 1: 0.7669
Step 5200: loss = 1.7312 (0.194 sec)
Training Data Eval:
  Num examples: 8960  Num correct: 8571  Precision @ 1: 0.9566  AUC @ 1: 0.9940
Validation Data Eval:
  Num examples: 960  Num correct: 744  Precision @ 1: 0.7750  AUC @ 1: 0.8499
Test Data Eval:
  Num examples: 1856  Num correct: 1321  Precision @ 1: 0.7117  AUC @ 1: 0.7535
Step 5300: loss = 1.7065 (0.185 sec)
Training Data Eval:
  Num examples: 8960  Num correct: 8670  Precision @ 1: 0.9676  AUC @ 1: 0.9968
Validation Data Eval:
  Num examples: 960  Num correct: 764  Precision @ 1: 0.7958  AUC @ 1: 0.8582
Test Data Eval:
  Num examples: 1856  Num correct: 1230  Precision @ 1: 0.6627  AUC @ 1: 0.7578
Step 5400: loss = 1.3923 (0.188 sec)
Training Data Eval:
  Num examples: 8960  Num correct: 8684  Precision @ 1: 0.9692  AUC @ 1: 0.9969
Validation Data Eval:
  Num examples: 960  Num correct: 740  Precision @ 1: 0.7708  AUC @ 1: 0.8459
Test Data Eval:
  Num examples: 1856  Num correct: 1251  Precision @ 1: 0.6740  AUC @ 1: 0.7464
Step 5500: loss = 1.3903 (0.183 sec)
Training Data Eval:
  Num examples: 8960  Num correct: 8580  Precision @ 1: 0.9576  AUC @ 1: 0.9966
Validation Data Eval:
  Num examples: 960  Num correct: 752  Precision @ 1: 0.7833  AUC @ 1: 0.8492
Test Data Eval:
  Num examples: 1856  Num correct: 1287  Precision @ 1: 0.6934  AUC @ 1: 0.7719
Step 5600: loss = 1.2565 (0.274 sec)
Training Data Eval:
  Num examples: 8960  Num correct: 8528  Precision @ 1: 0.9518  AUC @ 1: 0.9972
Validation Data Eval:
  Num examples: 960  Num correct: 745  Precision @ 1: 0.7760  AUC @ 1: 0.8459
Test Data Eval:
  Num examples: 1856  Num correct: 1309  Precision @ 1: 0.7053  AUC @ 1: 0.7604
Step 5700: loss = 1.2412 (0.178 sec)
Training Data Eval:
  Num examples: 8960  Num correct: 8622  Precision @ 1: 0.9623  AUC @ 1: 0.9969
Validation Data Eval:
  Num examples: 960  Num correct: 734  Precision @ 1: 0.7646  AUC @ 1: 0.8430
Test Data Eval:
  Num examples: 1856  Num correct: 1249  Precision @ 1: 0.6730  AUC @ 1: 0.7503
Step 5800: loss = 1.1594 (0.193 sec)
Training Data Eval:
  Num examples: 8960  Num correct: 8648  Precision @ 1: 0.9652  AUC @ 1: 0.9969
Validation Data Eval:
  Num examples: 960  Num correct: 758  Precision @ 1: 0.7896  AUC @ 1: 0.8548
Test Data Eval:
  Num examples: 1856  Num correct: 1298  Precision @ 1: 0.6994  AUC @ 1: 0.7647
Step 5900: loss = 1.1274 (0.190 sec)
Training Data Eval:
  Num examples: 8960  Num correct: 8703  Precision @ 1: 0.9713  AUC @ 1: 0.9970
Validation Data Eval:
  Num examples: 960  Num correct: 755  Precision @ 1: 0.7865  AUC @ 1: 0.8505
Test Data Eval:
  Num examples: 1856  Num correct: 1292  Precision @ 1: 0.6961  AUC @ 1: 0.7649
Step 6000: loss = 1.1179 (0.180 sec)
Training Data Eval:
  Num examples: 8960  Num correct: 8664  Precision @ 1: 0.9670  AUC @ 1: 0.9966
Validation Data Eval:
  Num examples: 960  Num correct: 751  Precision @ 1: 0.7823  AUC @ 1: 0.8531
Test Data Eval:
  Num examples: 1856  Num correct: 1275  Precision @ 1: 0.6870  AUC @ 1: 0.7667
Step 6100: loss = 0.9600 (0.175 sec)
Training Data Eval:
  Num examples: 8960  Num correct: 8691  Precision @ 1: 0.9700  AUC @ 1: 0.9972
Validation Data Eval:
  Num examples: 960  Num correct: 753  Precision @ 1: 0.7844  AUC @ 1: 0.8579
Test Data Eval:
  Num examples: 1856  Num correct: 1267  Precision @ 1: 0.6827  AUC @ 1: 0.7660
Step 6200: loss = 0.8879 (0.183 sec)
Training Data Eval:
  Num examples: 8960  Num correct: 8501  Precision @ 1: 0.9488  AUC @ 1: 0.9861
Validation Data Eval:
  Num examples: 960  Num correct: 724  Precision @ 1: 0.7542  AUC @ 1: 0.8244
Test Data Eval:
  Num examples: 1856  Num correct: 1282  Precision @ 1: 0.6907  AUC @ 1: 0.7423
Step 6300: loss = 0.9945 (0.269 sec)
Training Data Eval:
  Num examples: 8960  Num correct: 8555  Precision @ 1: 0.9548  AUC @ 1: 0.9928
Validation Data Eval:
  Num examples: 960  Num correct: 753  Precision @ 1: 0.7844  AUC @ 1: 0.8523
Test Data Eval:
  Num examples: 1856  Num correct: 1341  Precision @ 1: 0.7225  AUC @ 1: 0.7780
Step 6400: loss = 0.9694 (0.193 sec)
Training Data Eval:
  Num examples: 8960  Num correct: 8405  Precision @ 1: 0.9381  AUC @ 1: 0.9879
Validation Data Eval:
  Num examples: 960  Num correct: 744  Precision @ 1: 0.7750  AUC @ 1: 0.8551
Test Data Eval:
  Num examples: 1856  Num correct: 1262  Precision @ 1: 0.6800  AUC @ 1: 0.7606
Step 6500: loss = 0.9991 (0.182 sec)
Training Data Eval:
  Num examples: 8960  Num correct: 8550  Precision @ 1: 0.9542  AUC @ 1: 0.9938
Validation Data Eval:
  Num examples: 960  Num correct: 752  Precision @ 1: 0.7833  AUC @ 1: 0.8496
Test Data Eval:
  Num examples: 1856  Num correct: 1322  Precision @ 1: 0.7123  AUC @ 1: 0.7681
Step 6600: loss = 1.0286 (0.190 sec)
Training Data Eval:
  Num examples: 8960  Num correct: 8586  Precision @ 1: 0.9583  AUC @ 1: 0.9954
Validation Data Eval:
  Num examples: 960  Num correct: 747  Precision @ 1: 0.7781  AUC @ 1: 0.8572
Test Data Eval:
  Num examples: 1856  Num correct: 1250  Precision @ 1: 0.6735  AUC @ 1: 0.7417
Step 6700: loss = 0.8010 (0.184 sec)
Training Data Eval:
  Num examples: 8960  Num correct: 8592  Precision @ 1: 0.9589  AUC @ 1: 0.9896
Validation Data Eval:
  Num examples: 960  Num correct: 754  Precision @ 1: 0.7854  AUC @ 1: 0.8415
Test Data Eval:
  Num examples: 1856  Num correct: 1310  Precision @ 1: 0.7058  AUC @ 1: 0.7627
Step 6800: loss = 0.8297 (0.177 sec)
Training Data Eval:
  Num examples: 8960  Num correct: 8627  Precision @ 1: 0.9628  AUC @ 1: 0.9957
Validation Data Eval:
  Num examples: 960  Num correct: 740  Precision @ 1: 0.7708  AUC @ 1: 0.8495
Test Data Eval:
  Num examples: 1856  Num correct: 1295  Precision @ 1: 0.6977  AUC @ 1: 0.7643
Step 6900: loss = 0.8734 (0.182 sec)
Training Data Eval:
  Num examples: 8960  Num correct: 8538  Precision @ 1: 0.9529  AUC @ 1: 0.9961
Validation Data Eval:
  Num examples: 960  Num correct: 749  Precision @ 1: 0.7802  AUC @ 1: 0.8445
Test Data Eval:
  Num examples: 1856  Num correct: 1320  Precision @ 1: 0.7112  AUC @ 1: 0.7600
Step 7000: loss = 0.8354 (0.265 sec)
Training Data Eval:
  Num examples: 8960  Num correct: 8602  Precision @ 1: 0.9600  AUC @ 1: 0.9961
Validation Data Eval:
  Num examples: 960  Num correct: 738  Precision @ 1: 0.7688  AUC @ 1: 0.8427
Test Data Eval:
  Num examples: 1856  Num correct: 1282  Precision @ 1: 0.6907  AUC @ 1: 0.7541
Step 7100: loss = 0.8438 (0.176 sec)
Training Data Eval:
  Num examples: 8960  Num correct: 8534  Precision @ 1: 0.9525  AUC @ 1: 0.9959
Validation Data Eval:
  Num examples: 960  Num correct: 744  Precision @ 1: 0.7750  AUC @ 1: 0.8458
Test Data Eval:
  Num examples: 1856  Num correct: 1288  Precision @ 1: 0.6940  AUC @ 1: 0.7466
Step 7200: loss = 0.6415 (0.189 sec)
Training Data Eval:
  Num examples: 8960  Num correct: 8555  Precision @ 1: 0.9548  AUC @ 1: 0.9954
Validation Data Eval:
  Num examples: 960  Num correct: 737  Precision @ 1: 0.7677  AUC @ 1: 0.8403
Test Data Eval:
  Num examples: 1856  Num correct: 1274  Precision @ 1: 0.6864  AUC @ 1: 0.7261
Step 7300: loss = 0.7419 (0.185 sec)
Training Data Eval:
  Num examples: 8960  Num correct: 8519  Precision @ 1: 0.9508  AUC @ 1: 0.9954
Validation Data Eval:
  Num examples: 960  Num correct: 731  Precision @ 1: 0.7615  AUC @ 1: 0.8361
Test Data Eval:
  Num examples: 1856  Num correct: 1311  Precision @ 1: 0.7064  AUC @ 1: 0.7569
Step 7400: loss = 0.5971 (0.183 sec)
Training Data Eval:
  Num examples: 8960  Num correct: 8669  Precision @ 1: 0.9675  AUC @ 1: 0.9967
Validation Data Eval:
  Num examples: 960  Num correct: 744  Precision @ 1: 0.7750  AUC @ 1: 0.8392
Test Data Eval:
  Num examples: 1856  Num correct: 1313  Precision @ 1: 0.7074  AUC @ 1: 0.7679
Step 7500: loss = 0.6522 (0.188 sec)
Training Data Eval:
  Num examples: 8960  Num correct: 8685  Precision @ 1: 0.9693  AUC @ 1: 0.9975
Validation Data Eval:
  Num examples: 960  Num correct: 748  Precision @ 1: 0.7792  AUC @ 1: 0.8397
Test Data Eval:
  Num examples: 1856  Num correct: 1277  Precision @ 1: 0.6880  AUC @ 1: 0.7498
Step 7600: loss = 0.6346 (0.187 sec)
Training Data Eval:
  Num examples: 8960  Num correct: 8600  Precision @ 1: 0.9598  AUC @ 1: 0.9964
Validation Data Eval:
  Num examples: 960  Num correct: 741  Precision @ 1: 0.7719  AUC @ 1: 0.8362
Test Data Eval:
  Num examples: 1856  Num correct: 1267  Precision @ 1: 0.6827  AUC @ 1: 0.7374
Step 7700: loss = 0.5706 (0.269 sec)
Training Data Eval:
  Num examples: 8960  Num correct: 8666  Precision @ 1: 0.9672  AUC @ 1: 0.9961
Validation Data Eval:
  Num examples: 960  Num correct: 756  Precision @ 1: 0.7875  AUC @ 1: 0.8439
Test Data Eval:
  Num examples: 1856  Num correct: 1248  Precision @ 1: 0.6724  AUC @ 1: 0.7573
Step 7800: loss = 0.5659 (0.190 sec)
Training Data Eval:
  Num examples: 8960  Num correct: 8659  Precision @ 1: 0.9664  AUC @ 1: 0.9970
Validation Data Eval:
  Num examples: 960  Num correct: 750  Precision @ 1: 0.7812  AUC @ 1: 0.8436
Test Data Eval:
  Num examples: 1856  Num correct: 1265  Precision @ 1: 0.6816  AUC @ 1: 0.7589
Step 7900: loss = 0.4739 (0.198 sec)
Training Data Eval:
  Num examples: 8960  Num correct: 8642  Precision @ 1: 0.9645  AUC @ 1: 0.9956
Validation Data Eval:
  Num examples: 960  Num correct: 746  Precision @ 1: 0.7771  AUC @ 1: 0.8396
Test Data Eval:
  Num examples: 1856  Num correct: 1290  Precision @ 1: 0.6950  AUC @ 1: 0.7548
Step 8000: loss = 0.4793 (0.188 sec)
Training Data Eval:
  Num examples: 8960  Num correct: 8734  Precision @ 1: 0.9748  AUC @ 1: 0.9980
Validation Data Eval:
  Num examples: 960  Num correct: 758  Precision @ 1: 0.7896  AUC @ 1: 0.8528
Test Data Eval:
  Num examples: 1856  Num correct: 1269  Precision @ 1: 0.6837  AUC @ 1: 0.7401
Step 8100: loss = 0.5121 (0.192 sec)
Training Data Eval:
  Num examples: 8960  Num correct: 8460  Precision @ 1: 0.9442  AUC @ 1: 0.9959
Validation Data Eval:
  Num examples: 960  Num correct: 719  Precision @ 1: 0.7490  AUC @ 1: 0.8297
Test Data Eval:
  Num examples: 1856  Num correct: 1267  Precision @ 1: 0.6827  AUC @ 1: 0.7312
Step 8200: loss = 0.4397 (0.175 sec)
Training Data Eval:
  Num examples: 8960  Num correct: 8614  Precision @ 1: 0.9614  AUC @ 1: 0.9969
Validation Data Eval:
  Num examples: 960  Num correct: 746  Precision @ 1: 0.7771  AUC @ 1: 0.8439
Test Data Eval:
  Num examples: 1856  Num correct: 1273  Precision @ 1: 0.6859  AUC @ 1: 0.7519
Step 8300: loss = 0.4861 (0.175 sec)
Training Data Eval:
  Num examples: 8960  Num correct: 8632  Precision @ 1: 0.9634  AUC @ 1: 0.9975
Validation Data Eval:
  Num examples: 960  Num correct: 739  Precision @ 1: 0.7698  AUC @ 1: 0.8455
Test Data Eval:
  Num examples: 1856  Num correct: 1301  Precision @ 1: 0.7010  AUC @ 1: 0.7459
Step 8400: loss = 0.5897 (0.262 sec)
Training Data Eval:
  Num examples: 8960  Num correct: 8651  Precision @ 1: 0.9655  AUC @ 1: 0.9976
Validation Data Eval:
  Num examples: 960  Num correct: 752  Precision @ 1: 0.7833  AUC @ 1: 0.8554
Test Data Eval:
  Num examples: 1856  Num correct: 1271  Precision @ 1: 0.6848  AUC @ 1: 0.7436
Step 8500: loss = 0.4170 (0.184 sec)
Training Data Eval:
  Num examples: 8960  Num correct: 8625  Precision @ 1: 0.9626  AUC @ 1: 0.9964
Validation Data Eval:
  Num examples: 960  Num correct: 729  Precision @ 1: 0.7594  AUC @ 1: 0.8502
Test Data Eval:
  Num examples: 1856  Num correct: 1185  Precision @ 1: 0.6385  AUC @ 1: 0.7354
Step 8600: loss = 0.5458 (0.190 sec)
Training Data Eval:
  Num examples: 8960  Num correct: 8666  Precision @ 1: 0.9672  AUC @ 1: 0.9975
Validation Data Eval:
  Num examples: 960  Num correct: 744  Precision @ 1: 0.7750  AUC @ 1: 0.8470
Test Data Eval:
  Num examples: 1856  Num correct: 1273  Precision @ 1: 0.6859  AUC @ 1: 0.7566
Step 8700: loss = 0.5224 (0.187 sec)
Training Data Eval:
  Num examples: 8960  Num correct: 8760  Precision @ 1: 0.9777  AUC @ 1: 0.9983
Validation Data Eval:
  Num examples: 960  Num correct: 761  Precision @ 1: 0.7927  AUC @ 1: 0.8538
Test Data Eval:
  Num examples: 1856  Num correct: 1287  Precision @ 1: 0.6934  AUC @ 1: 0.7649
Step 8800: loss = 0.3898 (0.178 sec)
Training Data Eval:
  Num examples: 8960  Num correct: 8659  Precision @ 1: 0.9664  AUC @ 1: 0.9970
Validation Data Eval:
  Num examples: 960  Num correct: 752  Precision @ 1: 0.7833  AUC @ 1: 0.8498
Test Data Eval:
  Num examples: 1856  Num correct: 1298  Precision @ 1: 0.6994  AUC @ 1: 0.7573
Step 8900: loss = 0.4877 (0.191 sec)
Training Data Eval:
  Num examples: 8960  Num correct: 8689  Precision @ 1: 0.9698  AUC @ 1: 0.9982
Validation Data Eval:
  Num examples: 960  Num correct: 742  Precision @ 1: 0.7729  AUC @ 1: 0.8405
Test Data Eval:
  Num examples: 1856  Num correct: 1255  Precision @ 1: 0.6762  AUC @ 1: 0.7386
Step 9000: loss = 0.4010 (0.177 sec)
Training Data Eval:
  Num examples: 8960  Num correct: 8648  Precision @ 1: 0.9652  AUC @ 1: 0.9978
Validation Data Eval:
  Num examples: 960  Num correct: 742  Precision @ 1: 0.7729  AUC @ 1: 0.8399
Test Data Eval:
  Num examples: 1856  Num correct: 1283  Precision @ 1: 0.6913  AUC @ 1: 0.7409
Step 9100: loss = 0.3300 (0.258 sec)
Training Data Eval:
  Num examples: 8960  Num correct: 8716  Precision @ 1: 0.9728  AUC @ 1: 0.9980
Validation Data Eval:
  Num examples: 960  Num correct: 752  Precision @ 1: 0.7833  AUC @ 1: 0.8500
Test Data Eval:
  Num examples: 1856  Num correct: 1246  Precision @ 1: 0.6713  AUC @ 1: 0.7395
Step 9200: loss = 0.4051 (0.182 sec)
Training Data Eval:
  Num examples: 8960  Num correct: 8658  Precision @ 1: 0.9663  AUC @ 1: 0.9969
Validation Data Eval:
  Num examples: 960  Num correct: 746  Precision @ 1: 0.7771  AUC @ 1: 0.8365
Test Data Eval:
  Num examples: 1856  Num correct: 1247  Precision @ 1: 0.6719  AUC @ 1: 0.7466
Step 9300: loss = 0.3856 (0.180 sec)
Training Data Eval:
  Num examples: 8960  Num correct: 8625  Precision @ 1: 0.9626  AUC @ 1: 0.9966
Validation Data Eval:
  Num examples: 960  Num correct: 732  Precision @ 1: 0.7625  AUC @ 1: 0.8390
Test Data Eval:
  Num examples: 1856  Num correct: 1244  Precision @ 1: 0.6703  AUC @ 1: 0.7298
Step 9400: loss = 0.4342 (0.191 sec)
Training Data Eval:
  Num examples: 8960  Num correct: 8641  Precision @ 1: 0.9644  AUC @ 1: 0.9955
Validation Data Eval:
  Num examples: 960  Num correct: 735  Precision @ 1: 0.7656  AUC @ 1: 0.8344
Test Data Eval:
  Num examples: 1856  Num correct: 1241  Precision @ 1: 0.6686  AUC @ 1: 0.7341
Step 9500: loss = 0.4112 (0.184 sec)
Training Data Eval:
  Num examples: 8960  Num correct: 8633  Precision @ 1: 0.9635  AUC @ 1: 0.9966
Validation Data Eval:
  Num examples: 960  Num correct: 744  Precision @ 1: 0.7750  AUC @ 1: 0.8344
Test Data Eval:
  Num examples: 1856  Num correct: 1243  Precision @ 1: 0.6697  AUC @ 1: 0.7391
Step 9600: loss = 0.4648 (0.186 sec)
Training Data Eval:
  Num examples: 8960  Num correct: 8690  Precision @ 1: 0.9699  AUC @ 1: 0.9971
Validation Data Eval:
  Num examples: 960  Num correct: 752  Precision @ 1: 0.7833  AUC @ 1: 0.8372
Test Data Eval:
  Num examples: 1856  Num correct: 1295  Precision @ 1: 0.6977  AUC @ 1: 0.7508
Step 9700: loss = 0.3753 (0.191 sec)
Training Data Eval:
  Num examples: 8960  Num correct: 8578  Precision @ 1: 0.9574  AUC @ 1: 0.9972
Validation Data Eval:
  Num examples: 960  Num correct: 741  Precision @ 1: 0.7719  AUC @ 1: 0.8277
Test Data Eval:
  Num examples: 1856  Num correct: 1286  Precision @ 1: 0.6929  AUC @ 1: 0.7589
Step 9800: loss = 0.4247 (0.262 sec)
Training Data Eval:
  Num examples: 8960  Num correct: 8675  Precision @ 1: 0.9682  AUC @ 1: 0.9973
Validation Data Eval:
  Num examples: 960  Num correct: 742  Precision @ 1: 0.7729  AUC @ 1: 0.8332
Test Data Eval:
  Num examples: 1856  Num correct: 1286  Precision @ 1: 0.6929  AUC @ 1: 0.7515
Step 9900: loss = 0.3737 (0.195 sec)
Training Data Eval:
  Num examples: 8960  Num correct: 8717  Precision @ 1: 0.9729  AUC @ 1: 0.9975
Validation Data Eval:
  Num examples: 960  Num correct: 742  Precision @ 1: 0.7729  AUC @ 1: 0.8422
Test Data Eval:
  Num examples: 1856  Num correct: 1282  Precision @ 1: 0.6907  AUC @ 1: 0.7557
