Training data shape: 	(3822, 64, 30, 2)
Training label shape:	(3822,)
Testing data shape:  	(513, 64, 30, 2)
Testing label shape: 	(513,)
max input value is: 3457.31
min input value is: -4872.95
random permuted training data
==============================================================================
Model: 			inference_global_s_cnn
Tensor Name: 	Placeholder:0
[128, 64, 30, 2]
==============================================================================
Tensor Name: conv1/conv1:0
[128, 1, 30, 8]
==============================================================================
Tensor Name: MaxPool:0
[128, 1, 15, 8]
==============================================================================
Tensor Name: local1/local1:0
[128, 128]
==============================================================================
Tensor Name: local2/local2:0
[128, 128]
==============================================================================
Tensor Name: softmax_linear/softmax_linear:0
[128, 2]
Step 0: loss = 0.7749 (0.032 sec)
Training Data Eval:
  Num examples: 3456  Num correct: 1971  Precision @ 1: 0.5703  AUC @ 1: 0.4866
Validation Data Eval:
  Num examples: 256  Num correct: 151  Precision @ 1: 0.5898  AUC @ 1: 0.4340
Test Data Eval:
  Num examples: 512  Num correct: 287  Precision @ 1: 0.5605  AUC @ 1: 0.3650
Step 200: loss = 0.7615 (0.013 sec)
Training Data Eval:
  Num examples: 3456  Num correct: 1954  Precision @ 1: 0.5654  AUC @ 1: 0.5762
Validation Data Eval:
  Num examples: 256  Num correct: 150  Precision @ 1: 0.5859  AUC @ 1: 0.4456
Test Data Eval:
  Num examples: 512  Num correct: 287  Precision @ 1: 0.5605  AUC @ 1: 0.6167
Step 400: loss = 0.7547 (0.014 sec)
Training Data Eval:
  Num examples: 3456  Num correct: 2035  Precision @ 1: 0.5888  AUC @ 1: 0.6178
Validation Data Eval:
  Num examples: 256  Num correct: 143  Precision @ 1: 0.5586  AUC @ 1: 0.4621
Test Data Eval:
  Num examples: 512  Num correct: 288  Precision @ 1: 0.5625  AUC @ 1: 0.6828
Step 600: loss = 0.7559 (0.012 sec)
Training Data Eval:
  Num examples: 3456  Num correct: 2213  Precision @ 1: 0.6403  AUC @ 1: 0.6573
Validation Data Eval:
  Num examples: 256  Num correct: 143  Precision @ 1: 0.5586  AUC @ 1: 0.4686
Test Data Eval:
  Num examples: 512  Num correct: 279  Precision @ 1: 0.5449  AUC @ 1: 0.6693
Step 800: loss = 0.7523 (0.015 sec)
Training Data Eval:
  Num examples: 3456  Num correct: 2272  Precision @ 1: 0.6574  AUC @ 1: 0.6730
Validation Data Eval:
  Num examples: 256  Num correct: 139  Precision @ 1: 0.5430  AUC @ 1: 0.4734
Test Data Eval:
  Num examples: 512  Num correct: 276  Precision @ 1: 0.5391  AUC @ 1: 0.6843
Step 1000: loss = 0.7522 (0.014 sec)
Training Data Eval:
  Num examples: 3456  Num correct: 2268  Precision @ 1: 0.6562  AUC @ 1: 0.6986
Validation Data Eval:
  Num examples: 256  Num correct: 139  Precision @ 1: 0.5430  AUC @ 1: 0.4755
Test Data Eval:
  Num examples: 512  Num correct: 276  Precision @ 1: 0.5391  AUC @ 1: 0.6606
Step 1200: loss = 0.6814 (0.014 sec)
Training Data Eval:
  Num examples: 3456  Num correct: 2353  Precision @ 1: 0.6808  AUC @ 1: 0.7255
Validation Data Eval:
  Num examples: 256  Num correct: 136  Precision @ 1: 0.5312  AUC @ 1: 0.4790
Test Data Eval:
  Num examples: 512  Num correct: 293  Precision @ 1: 0.5723  AUC @ 1: 0.6561
Step 1400: loss = 0.7160 (0.015 sec)
Training Data Eval:
  Num examples: 3456  Num correct: 2382  Precision @ 1: 0.6892  AUC @ 1: 0.7566
Validation Data Eval:
  Num examples: 256  Num correct: 145  Precision @ 1: 0.5664  AUC @ 1: 0.4862
Test Data Eval:
  Num examples: 512  Num correct: 291  Precision @ 1: 0.5684  AUC @ 1: 0.6115
Step 1600: loss = 0.7056 (0.014 sec)
Training Data Eval:
  Num examples: 3456  Num correct: 2457  Precision @ 1: 0.7109  AUC @ 1: 0.7817
Validation Data Eval:
  Num examples: 256  Num correct: 144  Precision @ 1: 0.5625  AUC @ 1: 0.4971
Test Data Eval:
  Num examples: 512  Num correct: 299  Precision @ 1: 0.5840  AUC @ 1: 0.6195
Step 1800: loss = 0.6303 (0.014 sec)
Training Data Eval:
  Num examples: 3456  Num correct: 2525  Precision @ 1: 0.7306  AUC @ 1: 0.8008
Validation Data Eval:
  Num examples: 256  Num correct: 150  Precision @ 1: 0.5859  AUC @ 1: 0.5185
Test Data Eval:
  Num examples: 512  Num correct: 293  Precision @ 1: 0.5723  AUC @ 1: 0.5744
Step 2000: loss = 0.6449 (0.014 sec)
Training Data Eval:
  Num examples: 3456  Num correct: 2511  Precision @ 1: 0.7266  AUC @ 1: 0.8103
Validation Data Eval:
  Num examples: 256  Num correct: 140  Precision @ 1: 0.5469  AUC @ 1: 0.5108
Test Data Eval:
  Num examples: 512  Num correct: 310  Precision @ 1: 0.6055  AUC @ 1: 0.6090
Step 2200: loss = 0.6489 (0.013 sec)
Training Data Eval:
  Num examples: 3456  Num correct: 2521  Precision @ 1: 0.7295  AUC @ 1: 0.8215
Validation Data Eval:
  Num examples: 256  Num correct: 137  Precision @ 1: 0.5352  AUC @ 1: 0.4959
Test Data Eval:
  Num examples: 512  Num correct: 294  Precision @ 1: 0.5742  AUC @ 1: 0.5376
Step 2400: loss = 0.5910 (0.012 sec)
Training Data Eval:
  Num examples: 3456  Num correct: 2596  Precision @ 1: 0.7512  AUC @ 1: 0.8334
Validation Data Eval:
  Num examples: 256  Num correct: 138  Precision @ 1: 0.5391  AUC @ 1: 0.5080
Test Data Eval:
  Num examples: 512  Num correct: 302  Precision @ 1: 0.5898  AUC @ 1: 0.5499
Step 2600: loss = 0.5952 (0.014 sec)
Training Data Eval:
  Num examples: 3456  Num correct: 2601  Precision @ 1: 0.7526  AUC @ 1: 0.8473
Validation Data Eval:
  Num examples: 256  Num correct: 132  Precision @ 1: 0.5156  AUC @ 1: 0.4939
Test Data Eval:
  Num examples: 512  Num correct: 296  Precision @ 1: 0.5781  AUC @ 1: 0.5278
Step 2800: loss = 0.5863 (0.015 sec)
Training Data Eval:
  Num examples: 3456  Num correct: 2623  Precision @ 1: 0.7590  AUC @ 1: 0.8509
Validation Data Eval:
  Num examples: 256  Num correct: 131  Precision @ 1: 0.5117  AUC @ 1: 0.4875
Test Data Eval:
  Num examples: 512  Num correct: 292  Precision @ 1: 0.5703  AUC @ 1: 0.5074
Step 3000: loss = 0.5689 (0.014 sec)
Training Data Eval:
  Num examples: 3456  Num correct: 2657  Precision @ 1: 0.7688  AUC @ 1: 0.8577
Validation Data Eval:
  Num examples: 256  Num correct: 131  Precision @ 1: 0.5117  AUC @ 1: 0.4921
Test Data Eval:
  Num examples: 512  Num correct: 305  Precision @ 1: 0.5957  AUC @ 1: 0.5216
Step 3200: loss = 0.5434 (0.011 sec)
Training Data Eval:
  Num examples: 3456  Num correct: 2691  Precision @ 1: 0.7786  AUC @ 1: 0.8817
Validation Data Eval:
  Num examples: 256  Num correct: 139  Precision @ 1: 0.5430  AUC @ 1: 0.4930
Test Data Eval:
  Num examples: 512  Num correct: 298  Precision @ 1: 0.5820  AUC @ 1: 0.5003
Step 3400: loss = 0.4759 (0.015 sec)
Training Data Eval:
  Num examples: 3456  Num correct: 2735  Precision @ 1: 0.7914  AUC @ 1: 0.8825
Validation Data Eval:
  Num examples: 256  Num correct: 135  Precision @ 1: 0.5273  AUC @ 1: 0.4778
Test Data Eval:
  Num examples: 512  Num correct: 308  Precision @ 1: 0.6016  AUC @ 1: 0.5102
Step 3600: loss = 0.5024 (0.014 sec)
Training Data Eval:
  Num examples: 3456  Num correct: 2769  Precision @ 1: 0.8012  AUC @ 1: 0.8925
Validation Data Eval:
  Num examples: 256  Num correct: 133  Precision @ 1: 0.5195  AUC @ 1: 0.4841
Test Data Eval:
  Num examples: 512  Num correct: 313  Precision @ 1: 0.6113  AUC @ 1: 0.5134
Step 3800: loss = 0.4977 (0.014 sec)
Training Data Eval:
  Num examples: 3456  Num correct: 2797  Precision @ 1: 0.8093  AUC @ 1: 0.8996
Validation Data Eval:
  Num examples: 256  Num correct: 135  Precision @ 1: 0.5273  AUC @ 1: 0.4866
Test Data Eval:
  Num examples: 512  Num correct: 319  Precision @ 1: 0.6230  AUC @ 1: 0.5328
Step 4000: loss = 0.5017 (0.014 sec)
Training Data Eval:
  Num examples: 3456  Num correct: 2823  Precision @ 1: 0.8168  AUC @ 1: 0.9091
Validation Data Eval:
  Num examples: 256  Num correct: 133  Precision @ 1: 0.5195  AUC @ 1: 0.4827
Test Data Eval:
  Num examples: 512  Num correct: 313  Precision @ 1: 0.6113  AUC @ 1: 0.5085
Step 4200: loss = 0.4962 (0.013 sec)
Training Data Eval:
  Num examples: 3456  Num correct: 2852  Precision @ 1: 0.8252  AUC @ 1: 0.9175
Validation Data Eval:
  Num examples: 256  Num correct: 135  Precision @ 1: 0.5273  AUC @ 1: 0.4855
Test Data Eval:
  Num examples: 512  Num correct: 316  Precision @ 1: 0.6172  AUC @ 1: 0.5116
Step 4400: loss = 0.5302 (0.014 sec)
Training Data Eval:
  Num examples: 3456  Num correct: 2836  Precision @ 1: 0.8206  AUC @ 1: 0.9141
Validation Data Eval:
  Num examples: 256  Num correct: 129  Precision @ 1: 0.5039  AUC @ 1: 0.4871
Test Data Eval:
  Num examples: 512  Num correct: 321  Precision @ 1: 0.6270  AUC @ 1: 0.5301
Step 4600: loss = 0.4348 (0.013 sec)
Training Data Eval:
  Num examples: 3456  Num correct: 2900  Precision @ 1: 0.8391  AUC @ 1: 0.9256
Validation Data Eval:
  Num examples: 256  Num correct: 135  Precision @ 1: 0.5273  AUC @ 1: 0.4927
Test Data Eval:
  Num examples: 512  Num correct: 312  Precision @ 1: 0.6094  AUC @ 1: 0.5135
Step 4800: loss = 0.5011 (0.012 sec)
Training Data Eval:
  Num examples: 3456  Num correct: 2882  Precision @ 1: 0.8339  AUC @ 1: 0.9275
Validation Data Eval:
  Num examples: 256  Num correct: 133  Precision @ 1: 0.5195  AUC @ 1: 0.4954
Test Data Eval:
  Num examples: 512  Num correct: 303  Precision @ 1: 0.5918  AUC @ 1: 0.4952
Step 5000: loss = 0.4819 (0.012 sec)
Training Data Eval:
  Num examples: 3456  Num correct: 2898  Precision @ 1: 0.8385  AUC @ 1: 0.9288
Validation Data Eval:
  Num examples: 256  Num correct: 133  Precision @ 1: 0.5195  AUC @ 1: 0.4797
Test Data Eval:
  Num examples: 512  Num correct: 318  Precision @ 1: 0.6211  AUC @ 1: 0.5162
Step 5200: loss = 0.4117 (0.012 sec)
Training Data Eval:
  Num examples: 3456  Num correct: 2916  Precision @ 1: 0.8438  AUC @ 1: 0.9357
Validation Data Eval:
  Num examples: 256  Num correct: 136  Precision @ 1: 0.5312  AUC @ 1: 0.4875
Test Data Eval:
  Num examples: 512  Num correct: 313  Precision @ 1: 0.6113  AUC @ 1: 0.4939
Step 5400: loss = 0.4014 (0.045 sec)
Training Data Eval:
  Num examples: 3456  Num correct: 2938  Precision @ 1: 0.8501  AUC @ 1: 0.9386
Validation Data Eval:
  Num examples: 256  Num correct: 136  Precision @ 1: 0.5312  AUC @ 1: 0.4957
Test Data Eval:
  Num examples: 512  Num correct: 320  Precision @ 1: 0.6250  AUC @ 1: 0.5173
Step 5600: loss = 0.3785 (0.014 sec)
Training Data Eval:
  Num examples: 3456  Num correct: 2918  Precision @ 1: 0.8443  AUC @ 1: 0.9391
Validation Data Eval:
  Num examples: 256  Num correct: 135  Precision @ 1: 0.5273  AUC @ 1: 0.4974
Test Data Eval:
  Num examples: 512  Num correct: 315  Precision @ 1: 0.6152  AUC @ 1: 0.5102
Step 5800: loss = 0.4680 (0.014 sec)
Training Data Eval:
  Num examples: 3456  Num correct: 2956  Precision @ 1: 0.8553  AUC @ 1: 0.9401
Validation Data Eval:
  Num examples: 256  Num correct: 138  Precision @ 1: 0.5391  AUC @ 1: 0.4981
Test Data Eval:
  Num examples: 512  Num correct: 314  Precision @ 1: 0.6133  AUC @ 1: 0.5008
Step 6000: loss = 0.4186 (0.014 sec)
Training Data Eval:
  Num examples: 3456  Num correct: 2964  Precision @ 1: 0.8576  AUC @ 1: 0.9429
Validation Data Eval:
  Num examples: 256  Num correct: 132  Precision @ 1: 0.5156  AUC @ 1: 0.4944
Test Data Eval:
  Num examples: 512  Num correct: 308  Precision @ 1: 0.6016  AUC @ 1: 0.5143
Step 6200: loss = 0.3991 (0.013 sec)
Training Data Eval:
  Num examples: 3456  Num correct: 2960  Precision @ 1: 0.8565  AUC @ 1: 0.9456
Validation Data Eval:
  Num examples: 256  Num correct: 134  Precision @ 1: 0.5234  AUC @ 1: 0.4995
Test Data Eval:
  Num examples: 512  Num correct: 323  Precision @ 1: 0.6309  AUC @ 1: 0.5118
Step 6400: loss = 0.4286 (0.014 sec)
Training Data Eval:
  Num examples: 3456  Num correct: 2968  Precision @ 1: 0.8588  AUC @ 1: 0.9461
Validation Data Eval:
  Num examples: 256  Num correct: 132  Precision @ 1: 0.5156  AUC @ 1: 0.4940
Test Data Eval:
  Num examples: 512  Num correct: 314  Precision @ 1: 0.6133  AUC @ 1: 0.5034
Step 6600: loss = 0.4404 (0.014 sec)
Training Data Eval:
  Num examples: 3456  Num correct: 2994  Precision @ 1: 0.8663  AUC @ 1: 0.9513
Validation Data Eval:
  Num examples: 256  Num correct: 133  Precision @ 1: 0.5195  AUC @ 1: 0.5061
Test Data Eval:
  Num examples: 512  Num correct: 310  Precision @ 1: 0.6055  AUC @ 1: 0.5090
Step 6800: loss = 0.4334 (0.014 sec)
Training Data Eval:
  Num examples: 3456  Num correct: 3004  Precision @ 1: 0.8692  AUC @ 1: 0.9532
Validation Data Eval:
  Num examples: 256  Num correct: 133  Precision @ 1: 0.5195  AUC @ 1: 0.5050
Test Data Eval:
  Num examples: 512  Num correct: 313  Precision @ 1: 0.6113  AUC @ 1: 0.5024
Step 7000: loss = 0.3739 (0.013 sec)
Training Data Eval:
  Num examples: 3456  Num correct: 3033  Precision @ 1: 0.8776  AUC @ 1: 0.9569
Validation Data Eval:
  Num examples: 256  Num correct: 134  Precision @ 1: 0.5234  AUC @ 1: 0.5099
Test Data Eval:
  Num examples: 512  Num correct: 313  Precision @ 1: 0.6113  AUC @ 1: 0.5086
Step 7200: loss = 0.3271 (0.014 sec)
Training Data Eval:
  Num examples: 3456  Num correct: 3009  Precision @ 1: 0.8707  AUC @ 1: 0.9558
Validation Data Eval:
  Num examples: 256  Num correct: 134  Precision @ 1: 0.5234  AUC @ 1: 0.5098
Test Data Eval:
  Num examples: 512  Num correct: 312  Precision @ 1: 0.6094  AUC @ 1: 0.5116
Step 7400: loss = 0.3682 (0.013 sec)
Training Data Eval:
  Num examples: 3456  Num correct: 3044  Precision @ 1: 0.8808  AUC @ 1: 0.9581
Validation Data Eval:
  Num examples: 256  Num correct: 135  Precision @ 1: 0.5273  AUC @ 1: 0.5031
Test Data Eval:
  Num examples: 512  Num correct: 305  Precision @ 1: 0.5957  AUC @ 1: 0.4892
Step 7600: loss = 0.3736 (0.014 sec)
Training Data Eval:
  Num examples: 3456  Num correct: 3060  Precision @ 1: 0.8854  AUC @ 1: 0.9602
Validation Data Eval:
  Num examples: 256  Num correct: 134  Precision @ 1: 0.5234  AUC @ 1: 0.5033
Test Data Eval:
  Num examples: 512  Num correct: 309  Precision @ 1: 0.6035  AUC @ 1: 0.5208
Step 7800: loss = 0.3296 (0.015 sec)
Training Data Eval:
  Num examples: 3456  Num correct: 3054  Precision @ 1: 0.8837  AUC @ 1: 0.9605
Validation Data Eval:
  Num examples: 256  Num correct: 135  Precision @ 1: 0.5273  AUC @ 1: 0.5065
Test Data Eval:
  Num examples: 512  Num correct: 313  Precision @ 1: 0.6113  AUC @ 1: 0.5025
Step 8000: loss = 0.4124 (0.014 sec)
Training Data Eval:
  Num examples: 3456  Num correct: 3050  Precision @ 1: 0.8825  AUC @ 1: 0.9628
Validation Data Eval:
  Num examples: 256  Num correct: 136  Precision @ 1: 0.5312  AUC @ 1: 0.5027
Test Data Eval:
  Num examples: 512  Num correct: 304  Precision @ 1: 0.5938  AUC @ 1: 0.4992
Step 8200: loss = 0.3842 (0.013 sec)
Training Data Eval:
  Num examples: 3456  Num correct: 3092  Precision @ 1: 0.8947  AUC @ 1: 0.9675
Validation Data Eval:
  Num examples: 256  Num correct: 132  Precision @ 1: 0.5156  AUC @ 1: 0.5019
Test Data Eval:
  Num examples: 512  Num correct: 307  Precision @ 1: 0.5996  AUC @ 1: 0.4962
Step 8400: loss = 0.3871 (0.014 sec)
Training Data Eval:
  Num examples: 3456  Num correct: 3075  Precision @ 1: 0.8898  AUC @ 1: 0.9661
Validation Data Eval:
  Num examples: 256  Num correct: 133  Precision @ 1: 0.5195  AUC @ 1: 0.5006
Test Data Eval:
  Num examples: 512  Num correct: 311  Precision @ 1: 0.6074  AUC @ 1: 0.5087
Step 8600: loss = 0.3135 (0.014 sec)
Training Data Eval:
  Num examples: 3456  Num correct: 3088  Precision @ 1: 0.8935  AUC @ 1: 0.9677
Validation Data Eval:
  Num examples: 256  Num correct: 133  Precision @ 1: 0.5195  AUC @ 1: 0.5074
Test Data Eval:
  Num examples: 512  Num correct: 308  Precision @ 1: 0.6016  AUC @ 1: 0.5142
Step 8800: loss = 0.3397 (0.015 sec)
Training Data Eval:
  Num examples: 3456  Num correct: 3117  Precision @ 1: 0.9019  AUC @ 1: 0.9705
Validation Data Eval:
  Num examples: 256  Num correct: 136  Precision @ 1: 0.5312  AUC @ 1: 0.5032
Test Data Eval:
  Num examples: 512  Num correct: 297  Precision @ 1: 0.5801  AUC @ 1: 0.4911
Step 9000: loss = 0.3126 (0.012 sec)
Training Data Eval:
  Num examples: 3456  Num correct: 3120  Precision @ 1: 0.9028  AUC @ 1: 0.9718
Validation Data Eval:
  Num examples: 256  Num correct: 137  Precision @ 1: 0.5352  AUC @ 1: 0.5085
Test Data Eval:
  Num examples: 512  Num correct: 306  Precision @ 1: 0.5977  AUC @ 1: 0.5012
Step 9200: loss = 0.2983 (0.015 sec)
Training Data Eval:
  Num examples: 3456  Num correct: 3147  Precision @ 1: 0.9106  AUC @ 1: 0.9751
Validation Data Eval:
  Num examples: 256  Num correct: 135  Precision @ 1: 0.5273  AUC @ 1: 0.5070
Test Data Eval:
  Num examples: 512  Num correct: 308  Precision @ 1: 0.6016  AUC @ 1: 0.5096
Step 9400: loss = 0.2998 (0.012 sec)
Training Data Eval:
  Num examples: 3456  Num correct: 3142  Precision @ 1: 0.9091  AUC @ 1: 0.9747
Validation Data Eval:
  Num examples: 256  Num correct: 134  Precision @ 1: 0.5234  AUC @ 1: 0.5036
Test Data Eval:
  Num examples: 512  Num correct: 299  Precision @ 1: 0.5840  AUC @ 1: 0.5077
Step 9600: loss = 0.3082 (0.013 sec)
Training Data Eval:
  Num examples: 3456  Num correct: 3154  Precision @ 1: 0.9126  AUC @ 1: 0.9770
Validation Data Eval:
  Num examples: 256  Num correct: 136  Precision @ 1: 0.5312  AUC @ 1: 0.5020
Test Data Eval:
  Num examples: 512  Num correct: 305  Precision @ 1: 0.5957  AUC @ 1: 0.4966
Step 9800: loss = 0.3638 (0.013 sec)
Training Data Eval:
  Num examples: 3456  Num correct: 3156  Precision @ 1: 0.9132  AUC @ 1: 0.9772
Validation Data Eval:
  Num examples: 256  Num correct: 137  Precision @ 1: 0.5352  AUC @ 1: 0.5037
Test Data Eval:
  Num examples: 512  Num correct: 299  Precision @ 1: 0.5840  AUC @ 1: 0.4975
