Training data shape: 	(3822, 64, 30, 2)
Training label shape:	(3822,)
Testing data shape:  	(513, 64, 30, 2)
Testing label shape: 	(513,)
max input value is: 3457.31
min input value is: -4872.95
random permuted training data
==============================================================================
Model: 			inference_global_s_cnn
Tensor Name: 	Placeholder:0
[128, 64, 30, 2]
==============================================================================
Tensor Name: conv1/conv1:0
[128, 1, 30, 64]
==============================================================================
Tensor Name: MaxPool:0
[128, 1, 15, 64]
==============================================================================
Tensor Name: local1/local1:0
[128, 128]
==============================================================================
Tensor Name: local2/local2:0
[128, 128]
==============================================================================
Tensor Name: softmax_linear/softmax_linear:0
[128, 2]
Step 0: loss = 1.0455 (0.047 sec)
Training Data Eval:
  Num examples: 3456  Num correct: 2007  Precision @ 1: 0.5807  AUC @ 1: 0.6002
Validation Data Eval:
  Num examples: 256  Num correct: 134  Precision @ 1: 0.5234  AUC @ 1: 0.4584
Test Data Eval:
  Num examples: 512  Num correct: 287  Precision @ 1: 0.5605  AUC @ 1: 0.6913
Step 200: loss = 1.0317 (0.025 sec)
Training Data Eval:
  Num examples: 3456  Num correct: 2287  Precision @ 1: 0.6617  AUC @ 1: 0.6918
Validation Data Eval:
  Num examples: 256  Num correct: 123  Precision @ 1: 0.4805  AUC @ 1: 0.4132
Test Data Eval:
  Num examples: 512  Num correct: 278  Precision @ 1: 0.5430  AUC @ 1: 0.7073
Step 400: loss = 0.9701 (0.025 sec)
Training Data Eval:
  Num examples: 3456  Num correct: 2451  Precision @ 1: 0.7092  AUC @ 1: 0.7719
Validation Data Eval:
  Num examples: 256  Num correct: 112  Precision @ 1: 0.4375  AUC @ 1: 0.3780
Test Data Eval:
  Num examples: 512  Num correct: 289  Precision @ 1: 0.5645  AUC @ 1: 0.7052
Step 600: loss = 0.9203 (0.025 sec)
Training Data Eval:
  Num examples: 3456  Num correct: 2574  Precision @ 1: 0.7448  AUC @ 1: 0.8216
Validation Data Eval:
  Num examples: 256  Num correct: 113  Precision @ 1: 0.4414  AUC @ 1: 0.3592
Test Data Eval:
  Num examples: 512  Num correct: 303  Precision @ 1: 0.5918  AUC @ 1: 0.7064
Step 800: loss = 0.9225 (0.025 sec)
Training Data Eval:
  Num examples: 3456  Num correct: 2739  Precision @ 1: 0.7925  AUC @ 1: 0.8803
Validation Data Eval:
  Num examples: 256  Num correct: 113  Precision @ 1: 0.4414  AUC @ 1: 0.3538
Test Data Eval:
  Num examples: 512  Num correct: 304  Precision @ 1: 0.5938  AUC @ 1: 0.6678
Step 1000: loss = 0.8644 (0.026 sec)
Training Data Eval:
  Num examples: 3456  Num correct: 2813  Precision @ 1: 0.8139  AUC @ 1: 0.9020
Validation Data Eval:
  Num examples: 256  Num correct: 111  Precision @ 1: 0.4336  AUC @ 1: 0.3758
Test Data Eval:
  Num examples: 512  Num correct: 312  Precision @ 1: 0.6094  AUC @ 1: 0.6666
Step 1200: loss = 0.8051 (0.025 sec)
Training Data Eval:
  Num examples: 3456  Num correct: 2918  Precision @ 1: 0.8443  AUC @ 1: 0.9332
Validation Data Eval:
  Num examples: 256  Num correct: 117  Precision @ 1: 0.4570  AUC @ 1: 0.3794
Test Data Eval:
  Num examples: 512  Num correct: 311  Precision @ 1: 0.6074  AUC @ 1: 0.6392
Step 1400: loss = 0.7624 (0.025 sec)
Training Data Eval:
  Num examples: 3456  Num correct: 3000  Precision @ 1: 0.8681  AUC @ 1: 0.9532
Validation Data Eval:
  Num examples: 256  Num correct: 111  Precision @ 1: 0.4336  AUC @ 1: 0.3785
Test Data Eval:
  Num examples: 512  Num correct: 299  Precision @ 1: 0.5840  AUC @ 1: 0.6154
Step 1600: loss = 0.7552 (0.025 sec)
Training Data Eval:
  Num examples: 3456  Num correct: 3061  Precision @ 1: 0.8857  AUC @ 1: 0.9671
Validation Data Eval:
  Num examples: 256  Num correct: 111  Precision @ 1: 0.4336  AUC @ 1: 0.3826
Test Data Eval:
  Num examples: 512  Num correct: 308  Precision @ 1: 0.6016  AUC @ 1: 0.6026
Step 1800: loss = 0.6868 (0.025 sec)
Training Data Eval:
  Num examples: 3456  Num correct: 3122  Precision @ 1: 0.9034  AUC @ 1: 0.9772
Validation Data Eval:
  Num examples: 256  Num correct: 118  Precision @ 1: 0.4609  AUC @ 1: 0.3992
Test Data Eval:
  Num examples: 512  Num correct: 304  Precision @ 1: 0.5938  AUC @ 1: 0.5969
Step 2000: loss = 0.6087 (0.025 sec)
Training Data Eval:
  Num examples: 3456  Num correct: 3183  Precision @ 1: 0.9210  AUC @ 1: 0.9805
Validation Data Eval:
  Num examples: 256  Num correct: 112  Precision @ 1: 0.4375  AUC @ 1: 0.4092
Test Data Eval:
  Num examples: 512  Num correct: 290  Precision @ 1: 0.5664  AUC @ 1: 0.5565
Step 2200: loss = 0.5516 (0.024 sec)
Training Data Eval:
  Num examples: 3456  Num correct: 3283  Precision @ 1: 0.9499  AUC @ 1: 0.9898
Validation Data Eval:
  Num examples: 256  Num correct: 113  Precision @ 1: 0.4414  AUC @ 1: 0.4022
Test Data Eval:
  Num examples: 512  Num correct: 298  Precision @ 1: 0.5820  AUC @ 1: 0.5933
Step 2400: loss = 0.5780 (0.026 sec)
Training Data Eval:
  Num examples: 3456  Num correct: 3309  Precision @ 1: 0.9575  AUC @ 1: 0.9918
Validation Data Eval:
  Num examples: 256  Num correct: 114  Precision @ 1: 0.4453  AUC @ 1: 0.4043
Test Data Eval:
  Num examples: 512  Num correct: 296  Precision @ 1: 0.5781  AUC @ 1: 0.5574
Step 2600: loss = 0.5280 (0.024 sec)
Training Data Eval:
  Num examples: 3456  Num correct: 3300  Precision @ 1: 0.9549  AUC @ 1: 0.9915
Validation Data Eval:
  Num examples: 256  Num correct: 113  Precision @ 1: 0.4414  AUC @ 1: 0.3962
Test Data Eval:
  Num examples: 512  Num correct: 299  Precision @ 1: 0.5840  AUC @ 1: 0.6081
Step 2800: loss = 0.5779 (0.024 sec)
Training Data Eval:
  Num examples: 3456  Num correct: 3389  Precision @ 1: 0.9806  AUC @ 1: 0.9974
Validation Data Eval:
  Num examples: 256  Num correct: 118  Precision @ 1: 0.4609  AUC @ 1: 0.4081
Test Data Eval:
  Num examples: 512  Num correct: 292  Precision @ 1: 0.5703  AUC @ 1: 0.5750
Step 3000: loss = 0.5756 (0.025 sec)
Training Data Eval:
  Num examples: 3456  Num correct: 3383  Precision @ 1: 0.9789  AUC @ 1: 0.9981
Validation Data Eval:
  Num examples: 256  Num correct: 115  Precision @ 1: 0.4492  AUC @ 1: 0.3918
Test Data Eval:
  Num examples: 512  Num correct: 302  Precision @ 1: 0.5898  AUC @ 1: 0.6193
Step 3200: loss = 0.5885 (0.025 sec)
Training Data Eval:
  Num examples: 3456  Num correct: 3408  Precision @ 1: 0.9861  AUC @ 1: 0.9991
Validation Data Eval:
  Num examples: 256  Num correct: 118  Precision @ 1: 0.4609  AUC @ 1: 0.4035
Test Data Eval:
  Num examples: 512  Num correct: 303  Precision @ 1: 0.5918  AUC @ 1: 0.6044
Step 3400: loss = 0.5073 (0.025 sec)
Training Data Eval:
  Num examples: 3456  Num correct: 3420  Precision @ 1: 0.9896  AUC @ 1: 0.9995
Validation Data Eval:
  Num examples: 256  Num correct: 120  Precision @ 1: 0.4688  AUC @ 1: 0.4081
Test Data Eval:
  Num examples: 512  Num correct: 290  Precision @ 1: 0.5664  AUC @ 1: 0.5680
Step 3600: loss = 0.4731 (0.025 sec)
Training Data Eval:
  Num examples: 3456  Num correct: 3431  Precision @ 1: 0.9928  AUC @ 1: 0.9997
Validation Data Eval:
  Num examples: 256  Num correct: 129  Precision @ 1: 0.5039  AUC @ 1: 0.4305
Test Data Eval:
  Num examples: 512  Num correct: 290  Precision @ 1: 0.5664  AUC @ 1: 0.5881
Step 3800: loss = 0.4984 (0.024 sec)
Training Data Eval:
  Num examples: 3456  Num correct: 3438  Precision @ 1: 0.9948  AUC @ 1: 0.9994
Validation Data Eval:
  Num examples: 256  Num correct: 127  Precision @ 1: 0.4961  AUC @ 1: 0.4269
Test Data Eval:
  Num examples: 512  Num correct: 296  Precision @ 1: 0.5781  AUC @ 1: 0.5957
Step 4000: loss = 0.4220 (0.023 sec)
Training Data Eval:
  Num examples: 3456  Num correct: 3445  Precision @ 1: 0.9968  AUC @ 1: 0.9999
Validation Data Eval:
  Num examples: 256  Num correct: 126  Precision @ 1: 0.4922  AUC @ 1: 0.4325
Test Data Eval:
  Num examples: 512  Num correct: 290  Precision @ 1: 0.5664  AUC @ 1: 0.5605
Step 4200: loss = 0.3902 (0.026 sec)
Training Data Eval:
  Num examples: 3456  Num correct: 3441  Precision @ 1: 0.9957  AUC @ 1: 0.9999
Validation Data Eval:
  Num examples: 256  Num correct: 127  Precision @ 1: 0.4961  AUC @ 1: 0.4299
Test Data Eval:
  Num examples: 512  Num correct: 305  Precision @ 1: 0.5957  AUC @ 1: 0.5970
Step 4400: loss = 0.4177 (0.024 sec)
Training Data Eval:
  Num examples: 3456  Num correct: 3450  Precision @ 1: 0.9983  AUC @ 1: 1.0000
Validation Data Eval:
  Num examples: 256  Num correct: 120  Precision @ 1: 0.4688  AUC @ 1: 0.4272
Test Data Eval:
  Num examples: 512  Num correct: 307  Precision @ 1: 0.5996  AUC @ 1: 0.6160
Step 4600: loss = 0.4112 (0.024 sec)
Training Data Eval:
  Num examples: 3456  Num correct: 3453  Precision @ 1: 0.9991  AUC @ 1: 1.0000
Validation Data Eval:
  Num examples: 256  Num correct: 126  Precision @ 1: 0.4922  AUC @ 1: 0.4231
Test Data Eval:
  Num examples: 512  Num correct: 303  Precision @ 1: 0.5918  AUC @ 1: 0.6013
Step 4800: loss = 0.3861 (0.024 sec)
Training Data Eval:
  Num examples: 3456  Num correct: 3445  Precision @ 1: 0.9968  AUC @ 1: 0.9997
Validation Data Eval:
  Num examples: 256  Num correct: 116  Precision @ 1: 0.4531  AUC @ 1: 0.4036
Test Data Eval:
  Num examples: 512  Num correct: 300  Precision @ 1: 0.5859  AUC @ 1: 0.5928
Step 5000: loss = 0.3682 (0.024 sec)
Training Data Eval:
  Num examples: 3456  Num correct: 3451  Precision @ 1: 0.9986  AUC @ 1: 1.0000
Validation Data Eval:
  Num examples: 256  Num correct: 121  Precision @ 1: 0.4727  AUC @ 1: 0.4114
Test Data Eval:
  Num examples: 512  Num correct: 293  Precision @ 1: 0.5723  AUC @ 1: 0.5720
Step 5200: loss = 0.3412 (0.023 sec)
Training Data Eval:
  Num examples: 3456  Num correct: 3446  Precision @ 1: 0.9971  AUC @ 1: 0.9995
Validation Data Eval:
  Num examples: 256  Num correct: 121  Precision @ 1: 0.4727  AUC @ 1: 0.4217
Test Data Eval:
  Num examples: 512  Num correct: 298  Precision @ 1: 0.5820  AUC @ 1: 0.6071
Step 5400: loss = 0.3634 (0.051 sec)
Training Data Eval:
  Num examples: 3456  Num correct: 3454  Precision @ 1: 0.9994  AUC @ 1: 1.0000
Validation Data Eval:
  Num examples: 256  Num correct: 127  Precision @ 1: 0.4961  AUC @ 1: 0.4161
Test Data Eval:
  Num examples: 512  Num correct: 286  Precision @ 1: 0.5586  AUC @ 1: 0.5780
Step 5600: loss = 0.3555 (0.025 sec)
Training Data Eval:
  Num examples: 3456  Num correct: 3456  Precision @ 1: 1.0000  AUC @ 1: 1.0000
Validation Data Eval:
  Num examples: 256  Num correct: 127  Precision @ 1: 0.4961  AUC @ 1: 0.4195
Test Data Eval:
  Num examples: 512  Num correct: 300  Precision @ 1: 0.5859  AUC @ 1: 0.6095
Step 5800: loss = 0.3356 (0.025 sec)
Training Data Eval:
  Num examples: 3456  Num correct: 3451  Precision @ 1: 0.9986  AUC @ 1: 1.0000
Validation Data Eval:
  Num examples: 256  Num correct: 127  Precision @ 1: 0.4961  AUC @ 1: 0.4209
Test Data Eval:
  Num examples: 512  Num correct: 266  Precision @ 1: 0.5195  AUC @ 1: 0.5346
Step 6000: loss = 0.3510 (0.026 sec)
Training Data Eval:
  Num examples: 3456  Num correct: 3454  Precision @ 1: 0.9994  AUC @ 1: 1.0000
Validation Data Eval:
  Num examples: 256  Num correct: 118  Precision @ 1: 0.4609  AUC @ 1: 0.3992
Test Data Eval:
  Num examples: 512  Num correct: 295  Precision @ 1: 0.5762  AUC @ 1: 0.5898
Step 6200: loss = 0.3711 (0.024 sec)
Training Data Eval:
  Num examples: 3456  Num correct: 3456  Precision @ 1: 1.0000  AUC @ 1: 1.0000
Validation Data Eval:
  Num examples: 256  Num correct: 123  Precision @ 1: 0.4805  AUC @ 1: 0.4178
Test Data Eval:
  Num examples: 512  Num correct: 303  Precision @ 1: 0.5918  AUC @ 1: 0.5985
Step 6400: loss = 0.3142 (0.025 sec)
Training Data Eval:
  Num examples: 3456  Num correct: 3456  Precision @ 1: 1.0000  AUC @ 1: 1.0000
Validation Data Eval:
  Num examples: 256  Num correct: 127  Precision @ 1: 0.4961  AUC @ 1: 0.4141
Test Data Eval:
  Num examples: 512  Num correct: 299  Precision @ 1: 0.5840  AUC @ 1: 0.5928
Step 6600: loss = 0.3140 (0.025 sec)
Training Data Eval:
  Num examples: 3456  Num correct: 3454  Precision @ 1: 0.9994  AUC @ 1: 0.9998
Validation Data Eval:
  Num examples: 256  Num correct: 122  Precision @ 1: 0.4766  AUC @ 1: 0.4105
Test Data Eval:
  Num examples: 512  Num correct: 301  Precision @ 1: 0.5879  AUC @ 1: 0.5999
Step 6800: loss = 0.3245 (0.025 sec)
Training Data Eval:
  Num examples: 3456  Num correct: 3455  Precision @ 1: 0.9997  AUC @ 1: 1.0000
Validation Data Eval:
  Num examples: 256  Num correct: 126  Precision @ 1: 0.4922  AUC @ 1: 0.4196
Test Data Eval:
  Num examples: 512  Num correct: 294  Precision @ 1: 0.5742  AUC @ 1: 0.5863
Step 7000: loss = 0.2986 (0.026 sec)
Training Data Eval:
  Num examples: 3456  Num correct: 3455  Precision @ 1: 0.9997  AUC @ 1: 0.9999
Validation Data Eval:
  Num examples: 256  Num correct: 118  Precision @ 1: 0.4609  AUC @ 1: 0.4149
Test Data Eval:
  Num examples: 512  Num correct: 289  Precision @ 1: 0.5645  AUC @ 1: 0.5734
Step 7200: loss = 0.4085 (0.025 sec)
Training Data Eval:
  Num examples: 3456  Num correct: 3456  Precision @ 1: 1.0000  AUC @ 1: 1.0000
Validation Data Eval:
  Num examples: 256  Num correct: 125  Precision @ 1: 0.4883  AUC @ 1: 0.4199
Test Data Eval:
  Num examples: 512  Num correct: 294  Precision @ 1: 0.5742  AUC @ 1: 0.5822
Step 7400: loss = 0.3181 (0.024 sec)
Training Data Eval:
  Num examples: 3456  Num correct: 3451  Precision @ 1: 0.9986  AUC @ 1: 0.9999
Validation Data Eval:
  Num examples: 256  Num correct: 128  Precision @ 1: 0.5000  AUC @ 1: 0.4307
Test Data Eval:
  Num examples: 512  Num correct: 293  Precision @ 1: 0.5723  AUC @ 1: 0.5760
Step 7600: loss = 0.3537 (0.024 sec)
Training Data Eval:
  Num examples: 3456  Num correct: 3456  Precision @ 1: 1.0000  AUC @ 1: 1.0000
Validation Data Eval:
  Num examples: 256  Num correct: 131  Precision @ 1: 0.5117  AUC @ 1: 0.4381
Test Data Eval:
  Num examples: 512  Num correct: 293  Precision @ 1: 0.5723  AUC @ 1: 0.5970
Step 7800: loss = 0.3161 (0.026 sec)
Training Data Eval:
  Num examples: 3456  Num correct: 3455  Precision @ 1: 0.9997  AUC @ 1: 1.0000
Validation Data Eval:
  Num examples: 256  Num correct: 128  Precision @ 1: 0.5000  AUC @ 1: 0.4297
Test Data Eval:
  Num examples: 512  Num correct: 301  Precision @ 1: 0.5879  AUC @ 1: 0.6067
Step 8000: loss = 0.3893 (0.025 sec)
Training Data Eval:
  Num examples: 3456  Num correct: 3456  Precision @ 1: 1.0000  AUC @ 1: 1.0000
Validation Data Eval:
  Num examples: 256  Num correct: 123  Precision @ 1: 0.4805  AUC @ 1: 0.4298
Test Data Eval:
  Num examples: 512  Num correct: 289  Precision @ 1: 0.5645  AUC @ 1: 0.5884
Step 8200: loss = 0.2944 (0.024 sec)
Training Data Eval:
  Num examples: 3456  Num correct: 3456  Precision @ 1: 1.0000  AUC @ 1: 1.0000
Validation Data Eval:
  Num examples: 256  Num correct: 124  Precision @ 1: 0.4844  AUC @ 1: 0.4339
Test Data Eval:
  Num examples: 512  Num correct: 292  Precision @ 1: 0.5703  AUC @ 1: 0.5852
Step 8400: loss = 0.2718 (0.025 sec)
Training Data Eval:
  Num examples: 3456  Num correct: 3456  Precision @ 1: 1.0000  AUC @ 1: 1.0000
Validation Data Eval:
  Num examples: 256  Num correct: 122  Precision @ 1: 0.4766  AUC @ 1: 0.4267
Test Data Eval:
  Num examples: 512  Num correct: 296  Precision @ 1: 0.5781  AUC @ 1: 0.5879
Step 8600: loss = 0.2848 (0.026 sec)
Training Data Eval:
  Num examples: 3456  Num correct: 3455  Precision @ 1: 0.9997  AUC @ 1: 1.0000
Validation Data Eval:
  Num examples: 256  Num correct: 128  Precision @ 1: 0.5000  AUC @ 1: 0.4410
Test Data Eval:
  Num examples: 512  Num correct: 293  Precision @ 1: 0.5723  AUC @ 1: 0.5905
Step 8800: loss = 0.2853 (0.025 sec)
Training Data Eval:
  Num examples: 3456  Num correct: 3454  Precision @ 1: 0.9994  AUC @ 1: 1.0000
Validation Data Eval:
  Num examples: 256  Num correct: 128  Precision @ 1: 0.5000  AUC @ 1: 0.4506
Test Data Eval:
  Num examples: 512  Num correct: 283  Precision @ 1: 0.5527  AUC @ 1: 0.5676
Step 9000: loss = 0.2736 (0.025 sec)
Training Data Eval:
  Num examples: 3456  Num correct: 3456  Precision @ 1: 1.0000  AUC @ 1: 1.0000
Validation Data Eval:
  Num examples: 256  Num correct: 124  Precision @ 1: 0.4844  AUC @ 1: 0.4403
Test Data Eval:
  Num examples: 512  Num correct: 293  Precision @ 1: 0.5723  AUC @ 1: 0.5901
Step 9200: loss = 0.2772 (0.025 sec)
Training Data Eval:
  Num examples: 3456  Num correct: 3456  Precision @ 1: 1.0000  AUC @ 1: 1.0000
Validation Data Eval:
  Num examples: 256  Num correct: 122  Precision @ 1: 0.4766  AUC @ 1: 0.4322
Test Data Eval:
  Num examples: 512  Num correct: 295  Precision @ 1: 0.5762  AUC @ 1: 0.5856
Step 9400: loss = 0.2827 (0.023 sec)
Training Data Eval:
  Num examples: 3456  Num correct: 3456  Precision @ 1: 1.0000  AUC @ 1: 1.0000
Validation Data Eval:
  Num examples: 256  Num correct: 131  Precision @ 1: 0.5117  AUC @ 1: 0.4363
Test Data Eval:
  Num examples: 512  Num correct: 286  Precision @ 1: 0.5586  AUC @ 1: 0.5727
Step 9600: loss = 0.2660 (0.024 sec)
Training Data Eval:
  Num examples: 3456  Num correct: 3456  Precision @ 1: 1.0000  AUC @ 1: 1.0000
Validation Data Eval:
  Num examples: 256  Num correct: 130  Precision @ 1: 0.5078  AUC @ 1: 0.4468
Test Data Eval:
  Num examples: 512  Num correct: 283  Precision @ 1: 0.5527  AUC @ 1: 0.5488
Step 9800: loss = 0.2751 (0.024 sec)
Training Data Eval:
  Num examples: 3456  Num correct: 3456  Precision @ 1: 1.0000  AUC @ 1: 1.0000
Validation Data Eval:
  Num examples: 256  Num correct: 126  Precision @ 1: 0.4922  AUC @ 1: 0.4225
Test Data Eval:
  Num examples: 512  Num correct: 290  Precision @ 1: 0.5664  AUC @ 1: 0.5847
