Training data shape: 	(3822, 64, 30, 2)
Training label shape:	(3822,)
Testing data shape:  	(513, 64, 30, 2)
Testing label shape: 	(513,)
max input value is: 3457.31
min input value is: -4872.95
random permuted training data
==============================================================================
Model: 			inference_global_s_cnn
Tensor Name: 	Placeholder:0
[128, 64, 30, 2]
==============================================================================
Tensor Name: conv1/conv1:0
[128, 1, 30, 32]
==============================================================================
Tensor Name: MaxPool:0
[128, 1, 15, 32]
==============================================================================
Tensor Name: local1/local1:0
[128, 128]
==============================================================================
Tensor Name: local2/local2:0
[128, 128]
==============================================================================
Tensor Name: softmax_linear/softmax_linear:0
[128, 2]
Step 0: loss = 0.8873 (0.039 sec)
Training Data Eval:
  Num examples: 3456  Num correct: 2020  Precision @ 1: 0.5845  AUC @ 1: 0.5573
Validation Data Eval:
  Num examples: 256  Num correct: 144  Precision @ 1: 0.5625  AUC @ 1: 0.4709
Test Data Eval:
  Num examples: 512  Num correct: 288  Precision @ 1: 0.5625  AUC @ 1: 0.5393
Step 200: loss = 0.8764 (0.019 sec)
Training Data Eval:
  Num examples: 3456  Num correct: 2244  Precision @ 1: 0.6493  AUC @ 1: 0.6554
Validation Data Eval:
  Num examples: 256  Num correct: 148  Precision @ 1: 0.5781  AUC @ 1: 0.4640
Test Data Eval:
  Num examples: 512  Num correct: 282  Precision @ 1: 0.5508  AUC @ 1: 0.6226
Step 400: loss = 0.8421 (0.018 sec)
Training Data Eval:
  Num examples: 3456  Num correct: 2363  Precision @ 1: 0.6837  AUC @ 1: 0.7274
Validation Data Eval:
  Num examples: 256  Num correct: 131  Precision @ 1: 0.5117  AUC @ 1: 0.4365
Test Data Eval:
  Num examples: 512  Num correct: 281  Precision @ 1: 0.5488  AUC @ 1: 0.6580
Step 600: loss = 0.8200 (0.016 sec)
Training Data Eval:
  Num examples: 3456  Num correct: 2490  Precision @ 1: 0.7205  AUC @ 1: 0.7903
Validation Data Eval:
  Num examples: 256  Num correct: 129  Precision @ 1: 0.5039  AUC @ 1: 0.4151
Test Data Eval:
  Num examples: 512  Num correct: 297  Precision @ 1: 0.5801  AUC @ 1: 0.6501
Step 800: loss = 0.7546 (0.016 sec)
Training Data Eval:
  Num examples: 3456  Num correct: 2605  Precision @ 1: 0.7538  AUC @ 1: 0.8463
Validation Data Eval:
  Num examples: 256  Num correct: 133  Precision @ 1: 0.5195  AUC @ 1: 0.4115
Test Data Eval:
  Num examples: 512  Num correct: 295  Precision @ 1: 0.5762  AUC @ 1: 0.6267
Step 1000: loss = 0.7015 (0.019 sec)
Training Data Eval:
  Num examples: 3456  Num correct: 2711  Precision @ 1: 0.7844  AUC @ 1: 0.8838
Validation Data Eval:
  Num examples: 256  Num correct: 126  Precision @ 1: 0.4922  AUC @ 1: 0.4064
Test Data Eval:
  Num examples: 512  Num correct: 317  Precision @ 1: 0.6191  AUC @ 1: 0.5997
Step 1200: loss = 0.7479 (0.018 sec)
Training Data Eval:
  Num examples: 3456  Num correct: 2754  Precision @ 1: 0.7969  AUC @ 1: 0.8969
Validation Data Eval:
  Num examples: 256  Num correct: 124  Precision @ 1: 0.4844  AUC @ 1: 0.3967
Test Data Eval:
  Num examples: 512  Num correct: 313  Precision @ 1: 0.6113  AUC @ 1: 0.5929
Step 1400: loss = 0.6356 (0.018 sec)
Training Data Eval:
  Num examples: 3456  Num correct: 2848  Precision @ 1: 0.8241  AUC @ 1: 0.9191
Validation Data Eval:
  Num examples: 256  Num correct: 128  Precision @ 1: 0.5000  AUC @ 1: 0.3949
Test Data Eval:
  Num examples: 512  Num correct: 316  Precision @ 1: 0.6172  AUC @ 1: 0.5808
Step 1600: loss = 0.6438 (0.018 sec)
Training Data Eval:
  Num examples: 3456  Num correct: 2890  Precision @ 1: 0.8362  AUC @ 1: 0.9335
Validation Data Eval:
  Num examples: 256  Num correct: 127  Precision @ 1: 0.4961  AUC @ 1: 0.3999
Test Data Eval:
  Num examples: 512  Num correct: 308  Precision @ 1: 0.6016  AUC @ 1: 0.5489
Step 1800: loss = 0.6073 (0.021 sec)
Training Data Eval:
  Num examples: 3456  Num correct: 2924  Precision @ 1: 0.8461  AUC @ 1: 0.9439
Validation Data Eval:
  Num examples: 256  Num correct: 132  Precision @ 1: 0.5156  AUC @ 1: 0.4146
Test Data Eval:
  Num examples: 512  Num correct: 308  Precision @ 1: 0.6016  AUC @ 1: 0.5701
Step 2000: loss = 0.5501 (0.017 sec)
Training Data Eval:
  Num examples: 3456  Num correct: 2998  Precision @ 1: 0.8675  AUC @ 1: 0.9539
Validation Data Eval:
  Num examples: 256  Num correct: 137  Precision @ 1: 0.5352  AUC @ 1: 0.4116
Test Data Eval:
  Num examples: 512  Num correct: 307  Precision @ 1: 0.5996  AUC @ 1: 0.5730
Step 2200: loss = 0.5921 (0.018 sec)
Training Data Eval:
  Num examples: 3456  Num correct: 3034  Precision @ 1: 0.8779  AUC @ 1: 0.9619
Validation Data Eval:
  Num examples: 256  Num correct: 129  Precision @ 1: 0.5039  AUC @ 1: 0.3952
Test Data Eval:
  Num examples: 512  Num correct: 297  Precision @ 1: 0.5801  AUC @ 1: 0.5296
Step 2400: loss = 0.6060 (0.017 sec)
Training Data Eval:
  Num examples: 3456  Num correct: 3116  Precision @ 1: 0.9016  AUC @ 1: 0.9708
Validation Data Eval:
  Num examples: 256  Num correct: 120  Precision @ 1: 0.4688  AUC @ 1: 0.3846
Test Data Eval:
  Num examples: 512  Num correct: 312  Precision @ 1: 0.6094  AUC @ 1: 0.5569
Step 2600: loss = 0.4833 (0.017 sec)
Training Data Eval:
  Num examples: 3456  Num correct: 3099  Precision @ 1: 0.8967  AUC @ 1: 0.9727
Validation Data Eval:
  Num examples: 256  Num correct: 119  Precision @ 1: 0.4648  AUC @ 1: 0.3910
Test Data Eval:
  Num examples: 512  Num correct: 318  Precision @ 1: 0.6211  AUC @ 1: 0.5595
Step 2800: loss = 0.5005 (0.016 sec)
Training Data Eval:
  Num examples: 3456  Num correct: 3132  Precision @ 1: 0.9062  AUC @ 1: 0.9773
Validation Data Eval:
  Num examples: 256  Num correct: 117  Precision @ 1: 0.4570  AUC @ 1: 0.3842
Test Data Eval:
  Num examples: 512  Num correct: 311  Precision @ 1: 0.6074  AUC @ 1: 0.5989
Step 3000: loss = 0.4534 (0.017 sec)
Training Data Eval:
  Num examples: 3456  Num correct: 3167  Precision @ 1: 0.9164  AUC @ 1: 0.9791
Validation Data Eval:
  Num examples: 256  Num correct: 120  Precision @ 1: 0.4688  AUC @ 1: 0.3898
Test Data Eval:
  Num examples: 512  Num correct: 283  Precision @ 1: 0.5527  AUC @ 1: 0.5208
Step 3200: loss = 0.4195 (0.016 sec)
Training Data Eval:
  Num examples: 3456  Num correct: 3220  Precision @ 1: 0.9317  AUC @ 1: 0.9870
Validation Data Eval:
  Num examples: 256  Num correct: 112  Precision @ 1: 0.4375  AUC @ 1: 0.3816
Test Data Eval:
  Num examples: 512  Num correct: 302  Precision @ 1: 0.5898  AUC @ 1: 0.5507
Step 3400: loss = 0.4685 (0.020 sec)
Training Data Eval:
  Num examples: 3456  Num correct: 3267  Precision @ 1: 0.9453  AUC @ 1: 0.9904
Validation Data Eval:
  Num examples: 256  Num correct: 116  Precision @ 1: 0.4531  AUC @ 1: 0.3826
Test Data Eval:
  Num examples: 512  Num correct: 286  Precision @ 1: 0.5586  AUC @ 1: 0.5256
Step 3600: loss = 0.4185 (0.019 sec)
Training Data Eval:
  Num examples: 3456  Num correct: 3296  Precision @ 1: 0.9537  AUC @ 1: 0.9925
Validation Data Eval:
  Num examples: 256  Num correct: 115  Precision @ 1: 0.4492  AUC @ 1: 0.3814
Test Data Eval:
  Num examples: 512  Num correct: 295  Precision @ 1: 0.5762  AUC @ 1: 0.5515
Step 3800: loss = 0.4334 (0.019 sec)
Training Data Eval:
  Num examples: 3456  Num correct: 3306  Precision @ 1: 0.9566  AUC @ 1: 0.9935
Validation Data Eval:
  Num examples: 256  Num correct: 116  Precision @ 1: 0.4531  AUC @ 1: 0.3768
Test Data Eval:
  Num examples: 512  Num correct: 298  Precision @ 1: 0.5820  AUC @ 1: 0.5576
Step 4000: loss = 0.4001 (0.018 sec)
Training Data Eval:
  Num examples: 3456  Num correct: 3297  Precision @ 1: 0.9540  AUC @ 1: 0.9960
Validation Data Eval:
  Num examples: 256  Num correct: 115  Precision @ 1: 0.4492  AUC @ 1: 0.3702
Test Data Eval:
  Num examples: 512  Num correct: 304  Precision @ 1: 0.5938  AUC @ 1: 0.5675
Step 4200: loss = 0.3507 (0.019 sec)
Training Data Eval:
  Num examples: 3456  Num correct: 3360  Precision @ 1: 0.9722  AUC @ 1: 0.9966
Validation Data Eval:
  Num examples: 256  Num correct: 111  Precision @ 1: 0.4336  AUC @ 1: 0.3639
Test Data Eval:
  Num examples: 512  Num correct: 296  Precision @ 1: 0.5781  AUC @ 1: 0.5698
Step 4400: loss = 0.3200 (0.018 sec)
Training Data Eval:
  Num examples: 3456  Num correct: 3360  Precision @ 1: 0.9722  AUC @ 1: 0.9963
Validation Data Eval:
  Num examples: 256  Num correct: 106  Precision @ 1: 0.4141  AUC @ 1: 0.3531
Test Data Eval:
  Num examples: 512  Num correct: 306  Precision @ 1: 0.5977  AUC @ 1: 0.5978
Step 4600: loss = 0.3482 (0.018 sec)
Training Data Eval:
  Num examples: 3456  Num correct: 3385  Precision @ 1: 0.9795  AUC @ 1: 0.9981
Validation Data Eval:
  Num examples: 256  Num correct: 109  Precision @ 1: 0.4258  AUC @ 1: 0.3689
Test Data Eval:
  Num examples: 512  Num correct: 307  Precision @ 1: 0.5996  AUC @ 1: 0.5846
Step 4800: loss = 0.2860 (0.019 sec)
Training Data Eval:
  Num examples: 3456  Num correct: 3402  Precision @ 1: 0.9844  AUC @ 1: 0.9989
Validation Data Eval:
  Num examples: 256  Num correct: 107  Precision @ 1: 0.4180  AUC @ 1: 0.3572
Test Data Eval:
  Num examples: 512  Num correct: 298  Precision @ 1: 0.5820  AUC @ 1: 0.5758
Step 5000: loss = 0.3009 (0.019 sec)
Training Data Eval:
  Num examples: 3456  Num correct: 3422  Precision @ 1: 0.9902  AUC @ 1: 0.9994
Validation Data Eval:
  Num examples: 256  Num correct: 113  Precision @ 1: 0.4414  AUC @ 1: 0.3626
Test Data Eval:
  Num examples: 512  Num correct: 289  Precision @ 1: 0.5645  AUC @ 1: 0.5394
Step 5200: loss = 0.3180 (0.018 sec)
Training Data Eval:
  Num examples: 3456  Num correct: 3419  Precision @ 1: 0.9893  AUC @ 1: 0.9996
Validation Data Eval:
  Num examples: 256  Num correct: 109  Precision @ 1: 0.4258  AUC @ 1: 0.3566
Test Data Eval:
  Num examples: 512  Num correct: 300  Precision @ 1: 0.5859  AUC @ 1: 0.5655
Step 5400: loss = 0.3272 (0.051 sec)
Training Data Eval:
  Num examples: 3456  Num correct: 3422  Precision @ 1: 0.9902  AUC @ 1: 0.9997
Validation Data Eval:
  Num examples: 256  Num correct: 116  Precision @ 1: 0.4531  AUC @ 1: 0.3661
Test Data Eval:
  Num examples: 512  Num correct: 302  Precision @ 1: 0.5898  AUC @ 1: 0.5802
Step 5600: loss = 0.2810 (0.019 sec)
Training Data Eval:
  Num examples: 3456  Num correct: 3432  Precision @ 1: 0.9931  AUC @ 1: 0.9998
Validation Data Eval:
  Num examples: 256  Num correct: 113  Precision @ 1: 0.4414  AUC @ 1: 0.3673
Test Data Eval:
  Num examples: 512  Num correct: 293  Precision @ 1: 0.5723  AUC @ 1: 0.5544
Step 5800: loss = 0.2740 (0.016 sec)
Training Data Eval:
  Num examples: 3456  Num correct: 3427  Precision @ 1: 0.9916  AUC @ 1: 0.9996
Validation Data Eval:
  Num examples: 256  Num correct: 114  Precision @ 1: 0.4453  AUC @ 1: 0.3687
Test Data Eval:
  Num examples: 512  Num correct: 301  Precision @ 1: 0.5879  AUC @ 1: 0.5704
Step 6000: loss = 0.2247 (0.017 sec)
Training Data Eval:
  Num examples: 3456  Num correct: 3444  Precision @ 1: 0.9965  AUC @ 1: 1.0000
Validation Data Eval:
  Num examples: 256  Num correct: 110  Precision @ 1: 0.4297  AUC @ 1: 0.3604
Test Data Eval:
  Num examples: 512  Num correct: 300  Precision @ 1: 0.5859  AUC @ 1: 0.5830
Step 6200: loss = 0.2482 (0.019 sec)
Training Data Eval:
  Num examples: 3456  Num correct: 3430  Precision @ 1: 0.9925  AUC @ 1: 0.9999
Validation Data Eval:
  Num examples: 256  Num correct: 122  Precision @ 1: 0.4766  AUC @ 1: 0.3770
Test Data Eval:
  Num examples: 512  Num correct: 298  Precision @ 1: 0.5820  AUC @ 1: 0.5801
Step 6400: loss = 0.2178 (0.019 sec)
Training Data Eval:
  Num examples: 3456  Num correct: 3443  Precision @ 1: 0.9962  AUC @ 1: 0.9996
Validation Data Eval:
  Num examples: 256  Num correct: 114  Precision @ 1: 0.4453  AUC @ 1: 0.3662
Test Data Eval:
  Num examples: 512  Num correct: 291  Precision @ 1: 0.5684  AUC @ 1: 0.5446
Step 6600: loss = 0.2206 (0.018 sec)
Training Data Eval:
  Num examples: 3456  Num correct: 3448  Precision @ 1: 0.9977  AUC @ 1: 1.0000
Validation Data Eval:
  Num examples: 256  Num correct: 116  Precision @ 1: 0.4531  AUC @ 1: 0.3780
Test Data Eval:
  Num examples: 512  Num correct: 293  Precision @ 1: 0.5723  AUC @ 1: 0.5601
Step 6800: loss = 0.2727 (0.018 sec)
Training Data Eval:
  Num examples: 3456  Num correct: 3452  Precision @ 1: 0.9988  AUC @ 1: 1.0000
Validation Data Eval:
  Num examples: 256  Num correct: 115  Precision @ 1: 0.4492  AUC @ 1: 0.3751
Test Data Eval:
  Num examples: 512  Num correct: 297  Precision @ 1: 0.5801  AUC @ 1: 0.5546
Step 7000: loss = 0.2255 (0.018 sec)
Training Data Eval:
  Num examples: 3456  Num correct: 3454  Precision @ 1: 0.9994  AUC @ 1: 1.0000
Validation Data Eval:
  Num examples: 256  Num correct: 113  Precision @ 1: 0.4414  AUC @ 1: 0.3769
Test Data Eval:
  Num examples: 512  Num correct: 297  Precision @ 1: 0.5801  AUC @ 1: 0.5554
Step 7200: loss = 0.2033 (0.017 sec)
Training Data Eval:
  Num examples: 3456  Num correct: 3451  Precision @ 1: 0.9986  AUC @ 1: 1.0000
Validation Data Eval:
  Num examples: 256  Num correct: 109  Precision @ 1: 0.4258  AUC @ 1: 0.3599
Test Data Eval:
  Num examples: 512  Num correct: 312  Precision @ 1: 0.6094  AUC @ 1: 0.5813
Step 7400: loss = 0.2205 (0.019 sec)
Training Data Eval:
  Num examples: 3456  Num correct: 3456  Precision @ 1: 1.0000  AUC @ 1: 1.0000
Validation Data Eval:
  Num examples: 256  Num correct: 111  Precision @ 1: 0.4336  AUC @ 1: 0.3662
Test Data Eval:
  Num examples: 512  Num correct: 288  Precision @ 1: 0.5625  AUC @ 1: 0.5312
Step 7600: loss = 0.2040 (0.019 sec)
Training Data Eval:
  Num examples: 3456  Num correct: 3453  Precision @ 1: 0.9991  AUC @ 1: 1.0000
Validation Data Eval:
  Num examples: 256  Num correct: 118  Precision @ 1: 0.4609  AUC @ 1: 0.3833
Test Data Eval:
  Num examples: 512  Num correct: 303  Precision @ 1: 0.5918  AUC @ 1: 0.5788
Step 7800: loss = 0.2383 (0.016 sec)
Training Data Eval:
  Num examples: 3456  Num correct: 3456  Precision @ 1: 1.0000  AUC @ 1: 1.0000
Validation Data Eval:
  Num examples: 256  Num correct: 111  Precision @ 1: 0.4336  AUC @ 1: 0.3546
Test Data Eval:
  Num examples: 512  Num correct: 294  Precision @ 1: 0.5742  AUC @ 1: 0.5531
Step 8000: loss = 0.2171 (0.019 sec)
Training Data Eval:
  Num examples: 3456  Num correct: 3452  Precision @ 1: 0.9988  AUC @ 1: 0.9999
Validation Data Eval:
  Num examples: 256  Num correct: 112  Precision @ 1: 0.4375  AUC @ 1: 0.3640
Test Data Eval:
  Num examples: 512  Num correct: 286  Precision @ 1: 0.5586  AUC @ 1: 0.5557
Step 8200: loss = 0.2299 (0.020 sec)
Training Data Eval:
  Num examples: 3456  Num correct: 3454  Precision @ 1: 0.9994  AUC @ 1: 1.0000
Validation Data Eval:
  Num examples: 256  Num correct: 109  Precision @ 1: 0.4258  AUC @ 1: 0.3580
Test Data Eval:
  Num examples: 512  Num correct: 297  Precision @ 1: 0.5801  AUC @ 1: 0.5596
Step 8400: loss = 0.2505 (0.019 sec)
Training Data Eval:
  Num examples: 3456  Num correct: 3454  Precision @ 1: 0.9994  AUC @ 1: 1.0000
Validation Data Eval:
  Num examples: 256  Num correct: 115  Precision @ 1: 0.4492  AUC @ 1: 0.3725
Test Data Eval:
  Num examples: 512  Num correct: 295  Precision @ 1: 0.5762  AUC @ 1: 0.5597
Step 8600: loss = 0.1878 (0.019 sec)
Training Data Eval:
  Num examples: 3456  Num correct: 3456  Precision @ 1: 1.0000  AUC @ 1: 1.0000
Validation Data Eval:
  Num examples: 256  Num correct: 111  Precision @ 1: 0.4336  AUC @ 1: 0.3621
Test Data Eval:
  Num examples: 512  Num correct: 296  Precision @ 1: 0.5781  AUC @ 1: 0.5590
Step 8800: loss = 0.1870 (0.018 sec)
Training Data Eval:
  Num examples: 3456  Num correct: 3452  Precision @ 1: 0.9988  AUC @ 1: 1.0000
Validation Data Eval:
  Num examples: 256  Num correct: 119  Precision @ 1: 0.4648  AUC @ 1: 0.3813
Test Data Eval:
  Num examples: 512  Num correct: 280  Precision @ 1: 0.5469  AUC @ 1: 0.5458
Step 9000: loss = 0.1850 (0.018 sec)
Training Data Eval:
  Num examples: 3456  Num correct: 3456  Precision @ 1: 1.0000  AUC @ 1: 1.0000
Validation Data Eval:
  Num examples: 256  Num correct: 119  Precision @ 1: 0.4648  AUC @ 1: 0.3789
Test Data Eval:
  Num examples: 512  Num correct: 298  Precision @ 1: 0.5820  AUC @ 1: 0.5732
Step 9200: loss = 0.2053 (0.017 sec)
Training Data Eval:
  Num examples: 3456  Num correct: 3456  Precision @ 1: 1.0000  AUC @ 1: 1.0000
Validation Data Eval:
  Num examples: 256  Num correct: 114  Precision @ 1: 0.4453  AUC @ 1: 0.3684
Test Data Eval:
  Num examples: 512  Num correct: 302  Precision @ 1: 0.5898  AUC @ 1: 0.5849
Step 9400: loss = 0.1892 (0.018 sec)
Training Data Eval:
  Num examples: 3456  Num correct: 3456  Precision @ 1: 1.0000  AUC @ 1: 1.0000
Validation Data Eval:
  Num examples: 256  Num correct: 111  Precision @ 1: 0.4336  AUC @ 1: 0.3791
Test Data Eval:
  Num examples: 512  Num correct: 294  Precision @ 1: 0.5742  AUC @ 1: 0.5632
Step 9600: loss = 0.1841 (0.018 sec)
Training Data Eval:
  Num examples: 3456  Num correct: 3456  Precision @ 1: 1.0000  AUC @ 1: 1.0000
Validation Data Eval:
  Num examples: 256  Num correct: 113  Precision @ 1: 0.4414  AUC @ 1: 0.3689
Test Data Eval:
  Num examples: 512  Num correct: 292  Precision @ 1: 0.5703  AUC @ 1: 0.5590
Step 9800: loss = 0.1815 (0.018 sec)
Training Data Eval:
  Num examples: 3456  Num correct: 3456  Precision @ 1: 1.0000  AUC @ 1: 1.0000
Validation Data Eval:
  Num examples: 256  Num correct: 113  Precision @ 1: 0.4414  AUC @ 1: 0.3673
Test Data Eval:
  Num examples: 512  Num correct: 298  Precision @ 1: 0.5820  AUC @ 1: 0.5554
