Training data shape: 	(3815, 64, 30, 2)
Training label shape:	(3815,)
Testing data shape:  	(520, 64, 30, 2)
Testing label shape: 	(520,)
max input value is: 3457.31
min input value is: -4872.95
random permuted training data
==============================================================================
Model: 			inference_global_s_cnn
Tensor Name: 	Placeholder:0
[128, 64, 30, 2]
==============================================================================
Tensor Name: conv1/conv1:0
[128, 1, 30, 32]
==============================================================================
Tensor Name: MaxPool:0
[128, 1, 15, 32]
==============================================================================
Tensor Name: local1/local1:0
[128, 128]
==============================================================================
Tensor Name: local2/local2:0
[128, 128]
==============================================================================
Tensor Name: softmax_linear/softmax_linear:0
[128, 2]
Step 0: loss = 0.8866 (0.037 sec)
Training Data Eval:
  Num examples: 3456  Num correct: 1915  Precision @ 1: 0.5541  AUC @ 1: 0.5217
Validation Data Eval:
  Num examples: 256  Num correct: 154  Precision @ 1: 0.6016  AUC @ 1: 0.5106
Test Data Eval:
  Num examples: 512  Num correct: 288  Precision @ 1: 0.5625  AUC @ 1: 0.3541
Step 200: loss = 0.8803 (0.019 sec)
Training Data Eval:
  Num examples: 3456  Num correct: 2214  Precision @ 1: 0.6406  AUC @ 1: 0.6563
Validation Data Eval:
  Num examples: 256  Num correct: 148  Precision @ 1: 0.5781  AUC @ 1: 0.5243
Test Data Eval:
  Num examples: 512  Num correct: 283  Precision @ 1: 0.5527  AUC @ 1: 0.6472
Step 400: loss = 0.8543 (0.018 sec)
Training Data Eval:
  Num examples: 3456  Num correct: 2349  Precision @ 1: 0.6797  AUC @ 1: 0.7361
Validation Data Eval:
  Num examples: 256  Num correct: 130  Precision @ 1: 0.5078  AUC @ 1: 0.4595
Test Data Eval:
  Num examples: 512  Num correct: 304  Precision @ 1: 0.5938  AUC @ 1: 0.6947
Step 600: loss = 0.8532 (0.019 sec)
Training Data Eval:
  Num examples: 3456  Num correct: 2520  Precision @ 1: 0.7292  AUC @ 1: 0.7966
Validation Data Eval:
  Num examples: 256  Num correct: 127  Precision @ 1: 0.4961  AUC @ 1: 0.4101
Test Data Eval:
  Num examples: 512  Num correct: 305  Precision @ 1: 0.5957  AUC @ 1: 0.6236
Step 800: loss = 0.7153 (0.019 sec)
Training Data Eval:
  Num examples: 3456  Num correct: 2630  Precision @ 1: 0.7610  AUC @ 1: 0.8493
Validation Data Eval:
  Num examples: 256  Num correct: 125  Precision @ 1: 0.4883  AUC @ 1: 0.3865
Test Data Eval:
  Num examples: 512  Num correct: 328  Precision @ 1: 0.6406  AUC @ 1: 0.6389
Step 1000: loss = 0.6792 (0.019 sec)
Training Data Eval:
  Num examples: 3456  Num correct: 2740  Precision @ 1: 0.7928  AUC @ 1: 0.8807
Validation Data Eval:
  Num examples: 256  Num correct: 135  Precision @ 1: 0.5273  AUC @ 1: 0.4021
Test Data Eval:
  Num examples: 512  Num correct: 317  Precision @ 1: 0.6191  AUC @ 1: 0.5986
Step 1200: loss = 0.6890 (0.017 sec)
Training Data Eval:
  Num examples: 3456  Num correct: 2810  Precision @ 1: 0.8131  AUC @ 1: 0.9061
Validation Data Eval:
  Num examples: 256  Num correct: 133  Precision @ 1: 0.5195  AUC @ 1: 0.4193
Test Data Eval:
  Num examples: 512  Num correct: 318  Precision @ 1: 0.6211  AUC @ 1: 0.5994
Step 1400: loss = 0.6126 (0.018 sec)
Training Data Eval:
  Num examples: 3456  Num correct: 2896  Precision @ 1: 0.8380  AUC @ 1: 0.9299
Validation Data Eval:
  Num examples: 256  Num correct: 134  Precision @ 1: 0.5234  AUC @ 1: 0.4133
Test Data Eval:
  Num examples: 512  Num correct: 333  Precision @ 1: 0.6504  AUC @ 1: 0.5843
Step 1600: loss = 0.6938 (0.018 sec)
Training Data Eval:
  Num examples: 3456  Num correct: 2888  Precision @ 1: 0.8356  AUC @ 1: 0.9306
Validation Data Eval:
  Num examples: 256  Num correct: 136  Precision @ 1: 0.5312  AUC @ 1: 0.4198
Test Data Eval:
  Num examples: 512  Num correct: 318  Precision @ 1: 0.6211  AUC @ 1: 0.5587
Step 1800: loss = 0.5475 (0.018 sec)
Training Data Eval:
  Num examples: 3456  Num correct: 2974  Precision @ 1: 0.8605  AUC @ 1: 0.9493
Validation Data Eval:
  Num examples: 256  Num correct: 136  Precision @ 1: 0.5312  AUC @ 1: 0.4255
Test Data Eval:
  Num examples: 512  Num correct: 321  Precision @ 1: 0.6270  AUC @ 1: 0.5882
Step 2000: loss = 0.5446 (0.016 sec)
Training Data Eval:
  Num examples: 3456  Num correct: 3002  Precision @ 1: 0.8686  AUC @ 1: 0.9523
Validation Data Eval:
  Num examples: 256  Num correct: 130  Precision @ 1: 0.5078  AUC @ 1: 0.4212
Test Data Eval:
  Num examples: 512  Num correct: 304  Precision @ 1: 0.5938  AUC @ 1: 0.5622
Step 2200: loss = 0.5667 (0.019 sec)
Training Data Eval:
  Num examples: 3456  Num correct: 3052  Precision @ 1: 0.8831  AUC @ 1: 0.9636
Validation Data Eval:
  Num examples: 256  Num correct: 128  Precision @ 1: 0.5000  AUC @ 1: 0.4319
Test Data Eval:
  Num examples: 512  Num correct: 309  Precision @ 1: 0.6035  AUC @ 1: 0.5715
Step 2400: loss = 0.5280 (0.017 sec)
Training Data Eval:
  Num examples: 3456  Num correct: 3069  Precision @ 1: 0.8880  AUC @ 1: 0.9647
Validation Data Eval:
  Num examples: 256  Num correct: 133  Precision @ 1: 0.5195  AUC @ 1: 0.4307
Test Data Eval:
  Num examples: 512  Num correct: 307  Precision @ 1: 0.5996  AUC @ 1: 0.5586
Step 2600: loss = 0.4841 (0.018 sec)
Training Data Eval:
  Num examples: 3456  Num correct: 3096  Precision @ 1: 0.8958  AUC @ 1: 0.9715
Validation Data Eval:
  Num examples: 256  Num correct: 134  Precision @ 1: 0.5234  AUC @ 1: 0.4473
Test Data Eval:
  Num examples: 512  Num correct: 296  Precision @ 1: 0.5781  AUC @ 1: 0.5390
Step 2800: loss = 0.4761 (0.018 sec)
Training Data Eval:
  Num examples: 3456  Num correct: 3138  Precision @ 1: 0.9080  AUC @ 1: 0.9783
Validation Data Eval:
  Num examples: 256  Num correct: 135  Precision @ 1: 0.5273  AUC @ 1: 0.4420
Test Data Eval:
  Num examples: 512  Num correct: 299  Precision @ 1: 0.5840  AUC @ 1: 0.5112
Step 3000: loss = 0.4677 (0.018 sec)
Training Data Eval:
  Num examples: 3456  Num correct: 3207  Precision @ 1: 0.9280  AUC @ 1: 0.9824
Validation Data Eval:
  Num examples: 256  Num correct: 129  Precision @ 1: 0.5039  AUC @ 1: 0.4394
Test Data Eval:
  Num examples: 512  Num correct: 286  Precision @ 1: 0.5586  AUC @ 1: 0.5272
Step 3200: loss = 0.4060 (0.016 sec)
Training Data Eval:
  Num examples: 3456  Num correct: 3228  Precision @ 1: 0.9340  AUC @ 1: 0.9846
Validation Data Eval:
  Num examples: 256  Num correct: 135  Precision @ 1: 0.5273  AUC @ 1: 0.4430
Test Data Eval:
  Num examples: 512  Num correct: 283  Precision @ 1: 0.5527  AUC @ 1: 0.5148
Step 3400: loss = 0.3897 (0.019 sec)
Training Data Eval:
  Num examples: 3456  Num correct: 3234  Precision @ 1: 0.9358  AUC @ 1: 0.9867
Validation Data Eval:
  Num examples: 256  Num correct: 129  Precision @ 1: 0.5039  AUC @ 1: 0.4291
Test Data Eval:
  Num examples: 512  Num correct: 287  Precision @ 1: 0.5605  AUC @ 1: 0.5498
Step 3600: loss = 0.3689 (0.016 sec)
Training Data Eval:
  Num examples: 3456  Num correct: 3276  Precision @ 1: 0.9479  AUC @ 1: 0.9904
Validation Data Eval:
  Num examples: 256  Num correct: 132  Precision @ 1: 0.5156  AUC @ 1: 0.4305
Test Data Eval:
  Num examples: 512  Num correct: 286  Precision @ 1: 0.5586  AUC @ 1: 0.5437
Step 3800: loss = 0.4220 (0.019 sec)
Training Data Eval:
  Num examples: 3456  Num correct: 3250  Precision @ 1: 0.9404  AUC @ 1: 0.9881
Validation Data Eval:
  Num examples: 256  Num correct: 129  Precision @ 1: 0.5039  AUC @ 1: 0.4381
Test Data Eval:
  Num examples: 512  Num correct: 294  Precision @ 1: 0.5742  AUC @ 1: 0.5589
Step 4000: loss = 0.3666 (0.019 sec)
Training Data Eval:
  Num examples: 3456  Num correct: 3293  Precision @ 1: 0.9528  AUC @ 1: 0.9932
Validation Data Eval:
  Num examples: 256  Num correct: 125  Precision @ 1: 0.4883  AUC @ 1: 0.4182
Test Data Eval:
  Num examples: 512  Num correct: 287  Precision @ 1: 0.5605  AUC @ 1: 0.5421
Step 4200: loss = 0.3346 (0.018 sec)
Training Data Eval:
  Num examples: 3456  Num correct: 3338  Precision @ 1: 0.9659  AUC @ 1: 0.9971
Validation Data Eval:
  Num examples: 256  Num correct: 132  Precision @ 1: 0.5156  AUC @ 1: 0.4160
Test Data Eval:
  Num examples: 512  Num correct: 293  Precision @ 1: 0.5723  AUC @ 1: 0.5347
Step 4400: loss = 0.3900 (0.019 sec)
Training Data Eval:
  Num examples: 3456  Num correct: 3374  Precision @ 1: 0.9763  AUC @ 1: 0.9979
Validation Data Eval:
  Num examples: 256  Num correct: 129  Precision @ 1: 0.5039  AUC @ 1: 0.4224
Test Data Eval:
  Num examples: 512  Num correct: 291  Precision @ 1: 0.5684  AUC @ 1: 0.5292
Step 4600: loss = 0.3648 (0.019 sec)
Training Data Eval:
  Num examples: 3456  Num correct: 3372  Precision @ 1: 0.9757  AUC @ 1: 0.9987
Validation Data Eval:
  Num examples: 256  Num correct: 128  Precision @ 1: 0.5000  AUC @ 1: 0.4102
Test Data Eval:
  Num examples: 512  Num correct: 284  Precision @ 1: 0.5547  AUC @ 1: 0.5167
Step 4800: loss = 0.3026 (0.019 sec)
Training Data Eval:
  Num examples: 3456  Num correct: 3397  Precision @ 1: 0.9829  AUC @ 1: 0.9991
Validation Data Eval:
  Num examples: 256  Num correct: 125  Precision @ 1: 0.4883  AUC @ 1: 0.4236
Test Data Eval:
  Num examples: 512  Num correct: 273  Precision @ 1: 0.5332  AUC @ 1: 0.4942
Step 5000: loss = 0.2556 (0.017 sec)
Training Data Eval:
  Num examples: 3456  Num correct: 3403  Precision @ 1: 0.9847  AUC @ 1: 0.9993
Validation Data Eval:
  Num examples: 256  Num correct: 130  Precision @ 1: 0.5078  AUC @ 1: 0.4275
Test Data Eval:
  Num examples: 512  Num correct: 279  Precision @ 1: 0.5449  AUC @ 1: 0.5725
Step 5200: loss = 0.3209 (0.017 sec)
Training Data Eval:
  Num examples: 3456  Num correct: 3431  Precision @ 1: 0.9928  AUC @ 1: 0.9997
Validation Data Eval:
  Num examples: 256  Num correct: 129  Precision @ 1: 0.5039  AUC @ 1: 0.4201
Test Data Eval:
  Num examples: 512  Num correct: 282  Precision @ 1: 0.5508  AUC @ 1: 0.5456
Step 5400: loss = 0.2812 (0.050 sec)
Training Data Eval:
  Num examples: 3456  Num correct: 3423  Precision @ 1: 0.9905  AUC @ 1: 0.9997
Validation Data Eval:
  Num examples: 256  Num correct: 132  Precision @ 1: 0.5156  AUC @ 1: 0.4264
Test Data Eval:
  Num examples: 512  Num correct: 280  Precision @ 1: 0.5469  AUC @ 1: 0.5423
Step 5600: loss = 0.2694 (0.019 sec)
Training Data Eval:
  Num examples: 3456  Num correct: 3439  Precision @ 1: 0.9951  AUC @ 1: 0.9999
Validation Data Eval:
  Num examples: 256  Num correct: 128  Precision @ 1: 0.5000  AUC @ 1: 0.4135
Test Data Eval:
  Num examples: 512  Num correct: 281  Precision @ 1: 0.5488  AUC @ 1: 0.5394
Step 5800: loss = 0.2592 (0.018 sec)
Training Data Eval:
  Num examples: 3456  Num correct: 3436  Precision @ 1: 0.9942  AUC @ 1: 0.9999
Validation Data Eval:
  Num examples: 256  Num correct: 130  Precision @ 1: 0.5078  AUC @ 1: 0.4305
Test Data Eval:
  Num examples: 512  Num correct: 287  Precision @ 1: 0.5605  AUC @ 1: 0.5223
Step 6000: loss = 0.2497 (0.018 sec)
Training Data Eval:
  Num examples: 3456  Num correct: 3443  Precision @ 1: 0.9962  AUC @ 1: 0.9989
Validation Data Eval:
  Num examples: 256  Num correct: 133  Precision @ 1: 0.5195  AUC @ 1: 0.4240
Test Data Eval:
  Num examples: 512  Num correct: 280  Precision @ 1: 0.5469  AUC @ 1: 0.5272
Step 6200: loss = 0.2757 (0.017 sec)
Training Data Eval:
  Num examples: 3456  Num correct: 3443  Precision @ 1: 0.9962  AUC @ 1: 1.0000
Validation Data Eval:
  Num examples: 256  Num correct: 131  Precision @ 1: 0.5117  AUC @ 1: 0.4203
Test Data Eval:
  Num examples: 512  Num correct: 287  Precision @ 1: 0.5605  AUC @ 1: 0.5275
Step 6400: loss = 0.2731 (0.016 sec)
Training Data Eval:
  Num examples: 3456  Num correct: 3450  Precision @ 1: 0.9983  AUC @ 1: 1.0000
Validation Data Eval:
  Num examples: 256  Num correct: 127  Precision @ 1: 0.4961  AUC @ 1: 0.4166
Test Data Eval:
  Num examples: 512  Num correct: 283  Precision @ 1: 0.5527  AUC @ 1: 0.5388
Step 6600: loss = 0.2556 (0.019 sec)
Training Data Eval:
  Num examples: 3456  Num correct: 3450  Precision @ 1: 0.9983  AUC @ 1: 0.9997
Validation Data Eval:
  Num examples: 256  Num correct: 125  Precision @ 1: 0.4883  AUC @ 1: 0.4181
Test Data Eval:
  Num examples: 512  Num correct: 280  Precision @ 1: 0.5469  AUC @ 1: 0.5208
Step 6800: loss = 0.2798 (0.018 sec)
Training Data Eval:
  Num examples: 3456  Num correct: 3453  Precision @ 1: 0.9991  AUC @ 1: 1.0000
Validation Data Eval:
  Num examples: 256  Num correct: 125  Precision @ 1: 0.4883  AUC @ 1: 0.4155
Test Data Eval:
  Num examples: 512  Num correct: 293  Precision @ 1: 0.5723  AUC @ 1: 0.5507
Step 7000: loss = 0.2124 (0.020 sec)
Training Data Eval:
  Num examples: 3456  Num correct: 3455  Precision @ 1: 0.9997  AUC @ 1: 0.9995
Validation Data Eval:
  Num examples: 256  Num correct: 127  Precision @ 1: 0.4961  AUC @ 1: 0.4090
Test Data Eval:
  Num examples: 512  Num correct: 284  Precision @ 1: 0.5547  AUC @ 1: 0.5320
Step 7200: loss = 0.1942 (0.018 sec)
Training Data Eval:
  Num examples: 3456  Num correct: 3453  Precision @ 1: 0.9991  AUC @ 1: 1.0000
Validation Data Eval:
  Num examples: 256  Num correct: 127  Precision @ 1: 0.4961  AUC @ 1: 0.4139
Test Data Eval:
  Num examples: 512  Num correct: 274  Precision @ 1: 0.5352  AUC @ 1: 0.5340
Step 7400: loss = 0.2244 (0.017 sec)
Training Data Eval:
  Num examples: 3456  Num correct: 3455  Precision @ 1: 0.9997  AUC @ 1: 1.0000
Validation Data Eval:
  Num examples: 256  Num correct: 120  Precision @ 1: 0.4688  AUC @ 1: 0.4054
Test Data Eval:
  Num examples: 512  Num correct: 287  Precision @ 1: 0.5605  AUC @ 1: 0.5373
Step 7600: loss = 0.1895 (0.018 sec)
Training Data Eval:
  Num examples: 3456  Num correct: 3454  Precision @ 1: 0.9994  AUC @ 1: 1.0000
Validation Data Eval:
  Num examples: 256  Num correct: 127  Precision @ 1: 0.4961  AUC @ 1: 0.4106
Test Data Eval:
  Num examples: 512  Num correct: 288  Precision @ 1: 0.5625  AUC @ 1: 0.5338
Step 7800: loss = 0.2144 (0.019 sec)
Training Data Eval:
  Num examples: 3456  Num correct: 3456  Precision @ 1: 1.0000  AUC @ 1: 1.0000
Validation Data Eval:
  Num examples: 256  Num correct: 130  Precision @ 1: 0.5078  AUC @ 1: 0.4120
Test Data Eval:
  Num examples: 512  Num correct: 291  Precision @ 1: 0.5684  AUC @ 1: 0.5453
Step 8000: loss = 0.2108 (0.019 sec)
Training Data Eval:
  Num examples: 3456  Num correct: 3456  Precision @ 1: 1.0000  AUC @ 1: 1.0000
Validation Data Eval:
  Num examples: 256  Num correct: 128  Precision @ 1: 0.5000  AUC @ 1: 0.4153
Test Data Eval:
  Num examples: 512  Num correct: 287  Precision @ 1: 0.5605  AUC @ 1: 0.5349
Step 8200: loss = 0.2219 (0.018 sec)
Training Data Eval:
  Num examples: 3456  Num correct: 3456  Precision @ 1: 1.0000  AUC @ 1: 1.0000
Validation Data Eval:
  Num examples: 256  Num correct: 122  Precision @ 1: 0.4766  AUC @ 1: 0.4095
Test Data Eval:
  Num examples: 512  Num correct: 281  Precision @ 1: 0.5488  AUC @ 1: 0.5400
Step 8400: loss = 0.1899 (0.017 sec)
Training Data Eval:
  Num examples: 3456  Num correct: 3456  Precision @ 1: 1.0000  AUC @ 1: 1.0000
Validation Data Eval:
  Num examples: 256  Num correct: 127  Precision @ 1: 0.4961  AUC @ 1: 0.4227
Test Data Eval:
  Num examples: 512  Num correct: 286  Precision @ 1: 0.5586  AUC @ 1: 0.5474
Step 8600: loss = 0.1826 (0.019 sec)
Training Data Eval:
  Num examples: 3456  Num correct: 3456  Precision @ 1: 1.0000  AUC @ 1: 1.0000
Validation Data Eval:
  Num examples: 256  Num correct: 126  Precision @ 1: 0.4922  AUC @ 1: 0.4121
Test Data Eval:
  Num examples: 512  Num correct: 291  Precision @ 1: 0.5684  AUC @ 1: 0.5342
Step 8800: loss = 0.2107 (0.019 sec)
Training Data Eval:
  Num examples: 3456  Num correct: 3456  Precision @ 1: 1.0000  AUC @ 1: 1.0000
Validation Data Eval:
  Num examples: 256  Num correct: 130  Precision @ 1: 0.5078  AUC @ 1: 0.4123
Test Data Eval:
  Num examples: 512  Num correct: 286  Precision @ 1: 0.5586  AUC @ 1: 0.5308
Step 9000: loss = 0.1735 (0.019 sec)
Training Data Eval:
  Num examples: 3456  Num correct: 3456  Precision @ 1: 1.0000  AUC @ 1: 1.0000
Validation Data Eval:
  Num examples: 256  Num correct: 125  Precision @ 1: 0.4883  AUC @ 1: 0.4156
Test Data Eval:
  Num examples: 512  Num correct: 282  Precision @ 1: 0.5508  AUC @ 1: 0.5197
Step 9200: loss = 0.1828 (0.017 sec)
Training Data Eval:
  Num examples: 3456  Num correct: 3456  Precision @ 1: 1.0000  AUC @ 1: 1.0000
Validation Data Eval:
  Num examples: 256  Num correct: 126  Precision @ 1: 0.4922  AUC @ 1: 0.4148
Test Data Eval:
  Num examples: 512  Num correct: 283  Precision @ 1: 0.5527  AUC @ 1: 0.5336
Step 9400: loss = 0.1856 (0.019 sec)
Training Data Eval:
  Num examples: 3456  Num correct: 3456  Precision @ 1: 1.0000  AUC @ 1: 1.0000
Validation Data Eval:
  Num examples: 256  Num correct: 125  Precision @ 1: 0.4883  AUC @ 1: 0.4171
Test Data Eval:
  Num examples: 512  Num correct: 284  Precision @ 1: 0.5547  AUC @ 1: 0.5221
Step 9600: loss = 0.2399 (0.020 sec)
Training Data Eval:
  Num examples: 3456  Num correct: 3456  Precision @ 1: 1.0000  AUC @ 1: 1.0000
Validation Data Eval:
  Num examples: 256  Num correct: 126  Precision @ 1: 0.4922  AUC @ 1: 0.4213
Test Data Eval:
  Num examples: 512  Num correct: 271  Precision @ 1: 0.5293  AUC @ 1: 0.4965
Step 9800: loss = 0.1886 (0.019 sec)
Training Data Eval:
  Num examples: 3456  Num correct: 3456  Precision @ 1: 1.0000  AUC @ 1: 1.0000
Validation Data Eval:
  Num examples: 256  Num correct: 126  Precision @ 1: 0.4922  AUC @ 1: 0.4177
Test Data Eval:
  Num examples: 512  Num correct: 280  Precision @ 1: 0.5469  AUC @ 1: 0.5385
