Training data shape: 	(4141, 64, 30, 1)
Training label shape:	(4141,)
Testing data shape:  	(194, 64, 30, 1)
Testing label shape: 	(194,)
max input value is: 3457.30786133
min input value is: -4872.94775391
random permuted training data
==============================================================================
Model: 			inference_global_s_cnn
Tensor Name: 	Placeholder:0
[128, 64, 30, 1]
==============================================================================
Tensor Name: conv1/conv1:0
[128, 1, 30, 8]
==============================================================================
Tensor Name: MaxPool:0
[128, 1, 15, 8]
==============================================================================
Tensor Name: local1/local1:0
[128, 128]
==============================================================================
Tensor Name: local2/local2:0
[128, 128]
==============================================================================
Tensor Name: softmax_linear/softmax_linear:0
[128, 2]
Step 0: loss = 0.7779 (0.034 sec)
Training Data Eval:
  Num examples: 3840  Num correct: 2153  Precision @ 1: 0.5607  AUC @ 1: 0.7207
Validation Data Eval:
  Num examples: 256  Num correct: 135  Precision @ 1: 0.5273  AUC @ 1: 0.7608
Test Data Eval:
  Num examples: 128  Num correct: 43  Precision @ 1: 0.3359  AUC @ 1: 0.5836
Step 200: loss = 0.7286 (0.010 sec)
Training Data Eval:
  Num examples: 3840  Num correct: 2165  Precision @ 1: 0.5638  AUC @ 1: 0.7537
Validation Data Eval:
  Num examples: 256  Num correct: 136  Precision @ 1: 0.5312  AUC @ 1: 0.8049
Test Data Eval:
  Num examples: 128  Num correct: 67  Precision @ 1: 0.5234  AUC @ 1: 0.6200
Step 400: loss = 0.6715 (0.010 sec)
Training Data Eval:
  Num examples: 3840  Num correct: 2660  Precision @ 1: 0.6927  AUC @ 1: 0.7781
Validation Data Eval:
  Num examples: 256  Num correct: 185  Precision @ 1: 0.7227  AUC @ 1: 0.8245
Test Data Eval:
  Num examples: 128  Num correct: 78  Precision @ 1: 0.6094  AUC @ 1: 0.6039
Step 600: loss = 0.6641 (0.051 sec)
Training Data Eval:
  Num examples: 3840  Num correct: 2778  Precision @ 1: 0.7234  AUC @ 1: 0.7995
Validation Data Eval:
  Num examples: 256  Num correct: 192  Precision @ 1: 0.7500  AUC @ 1: 0.8363
Test Data Eval:
  Num examples: 128  Num correct: 81  Precision @ 1: 0.6328  AUC @ 1: 0.6777
Step 800: loss = 0.6398 (0.009 sec)
Training Data Eval:
  Num examples: 3840  Num correct: 2826  Precision @ 1: 0.7359  AUC @ 1: 0.8152
Validation Data Eval:
  Num examples: 256  Num correct: 194  Precision @ 1: 0.7578  AUC @ 1: 0.8495
Test Data Eval:
  Num examples: 128  Num correct: 79  Precision @ 1: 0.6172  AUC @ 1: 0.6581
Step 1000: loss = 0.6427 (0.010 sec)
Training Data Eval:
  Num examples: 3840  Num correct: 2860  Precision @ 1: 0.7448  AUC @ 1: 0.8210
Validation Data Eval:
  Num examples: 256  Num correct: 192  Precision @ 1: 0.7500  AUC @ 1: 0.8460
Test Data Eval:
  Num examples: 128  Num correct: 88  Precision @ 1: 0.6875  AUC @ 1: 0.7207
Step 1200: loss = 0.6682 (0.044 sec)
Training Data Eval:
  Num examples: 3840  Num correct: 2899  Precision @ 1: 0.7549  AUC @ 1: 0.8322
Validation Data Eval:
  Num examples: 256  Num correct: 197  Precision @ 1: 0.7695  AUC @ 1: 0.8511
Test Data Eval:
  Num examples: 128  Num correct: 87  Precision @ 1: 0.6797  AUC @ 1: 0.7320
Step 1400: loss = 0.5650 (0.010 sec)
Training Data Eval:
  Num examples: 3840  Num correct: 2928  Precision @ 1: 0.7625  AUC @ 1: 0.8467
Validation Data Eval:
  Num examples: 256  Num correct: 198  Precision @ 1: 0.7734  AUC @ 1: 0.8529
Test Data Eval:
  Num examples: 128  Num correct: 86  Precision @ 1: 0.6719  AUC @ 1: 0.6815
Step 1600: loss = 0.5894 (0.011 sec)
Training Data Eval:
  Num examples: 3840  Num correct: 2920  Precision @ 1: 0.7604  AUC @ 1: 0.8406
Validation Data Eval:
  Num examples: 256  Num correct: 193  Precision @ 1: 0.7539  AUC @ 1: 0.8345
Test Data Eval:
  Num examples: 128  Num correct: 84  Precision @ 1: 0.6562  AUC @ 1: 0.7396
Step 1800: loss = 0.5174 (0.048 sec)
Training Data Eval:
  Num examples: 3840  Num correct: 2848  Precision @ 1: 0.7417  AUC @ 1: 0.8254
Validation Data Eval:
  Num examples: 256  Num correct: 199  Precision @ 1: 0.7773  AUC @ 1: 0.8586
Test Data Eval:
  Num examples: 128  Num correct: 79  Precision @ 1: 0.6172  AUC @ 1: 0.7030
Step 2000: loss = 0.5841 (0.011 sec)
Training Data Eval:
  Num examples: 3840  Num correct: 2999  Precision @ 1: 0.7810  AUC @ 1: 0.8646
Validation Data Eval:
  Num examples: 256  Num correct: 201  Precision @ 1: 0.7852  AUC @ 1: 0.8629
Test Data Eval:
  Num examples: 128  Num correct: 82  Precision @ 1: 0.6406  AUC @ 1: 0.6784
Step 2200: loss = 0.5175 (0.010 sec)
Training Data Eval:
  Num examples: 3840  Num correct: 2992  Precision @ 1: 0.7792  AUC @ 1: 0.8599
Validation Data Eval:
  Num examples: 256  Num correct: 193  Precision @ 1: 0.7539  AUC @ 1: 0.8447
Test Data Eval:
  Num examples: 128  Num correct: 84  Precision @ 1: 0.6562  AUC @ 1: 0.7564
Step 2400: loss = 0.5280 (0.048 sec)
Training Data Eval:
  Num examples: 3840  Num correct: 3023  Precision @ 1: 0.7872  AUC @ 1: 0.8706
Validation Data Eval:
  Num examples: 256  Num correct: 205  Precision @ 1: 0.8008  AUC @ 1: 0.8662
Test Data Eval:
  Num examples: 128  Num correct: 88  Precision @ 1: 0.6875  AUC @ 1: 0.7593
Step 2600: loss = 0.5458 (0.011 sec)
Training Data Eval:
  Num examples: 3840  Num correct: 3062  Precision @ 1: 0.7974  AUC @ 1: 0.8783
Validation Data Eval:
  Num examples: 256  Num correct: 203  Precision @ 1: 0.7930  AUC @ 1: 0.8654
Test Data Eval:
  Num examples: 128  Num correct: 85  Precision @ 1: 0.6641  AUC @ 1: 0.7620
Step 2800: loss = 0.5481 (0.011 sec)
Training Data Eval:
  Num examples: 3840  Num correct: 3081  Precision @ 1: 0.8023  AUC @ 1: 0.8847
Validation Data Eval:
  Num examples: 256  Num correct: 204  Precision @ 1: 0.7969  AUC @ 1: 0.8724
Test Data Eval:
  Num examples: 128  Num correct: 89  Precision @ 1: 0.6953  AUC @ 1: 0.7275
Step 3000: loss = 0.5212 (0.045 sec)
Training Data Eval:
  Num examples: 3840  Num correct: 3089  Precision @ 1: 0.8044  AUC @ 1: 0.8880
Validation Data Eval:
  Num examples: 256  Num correct: 200  Precision @ 1: 0.7812  AUC @ 1: 0.8726
Test Data Eval:
  Num examples: 128  Num correct: 86  Precision @ 1: 0.6719  AUC @ 1: 0.7319
Step 3200: loss = 0.5051 (0.010 sec)
Training Data Eval:
  Num examples: 3840  Num correct: 3079  Precision @ 1: 0.8018  AUC @ 1: 0.8862
Validation Data Eval:
  Num examples: 256  Num correct: 201  Precision @ 1: 0.7852  AUC @ 1: 0.8766
Test Data Eval:
  Num examples: 128  Num correct: 83  Precision @ 1: 0.6484  AUC @ 1: 0.7446
Step 3400: loss = 0.4827 (0.010 sec)
Training Data Eval:
  Num examples: 3840  Num correct: 3138  Precision @ 1: 0.8172  AUC @ 1: 0.8990
Validation Data Eval:
  Num examples: 256  Num correct: 200  Precision @ 1: 0.7812  AUC @ 1: 0.8744
Test Data Eval:
  Num examples: 128  Num correct: 84  Precision @ 1: 0.6562  AUC @ 1: 0.7517
Step 3600: loss = 0.5388 (0.046 sec)
Training Data Eval:
  Num examples: 3840  Num correct: 3159  Precision @ 1: 0.8227  AUC @ 1: 0.9025
Validation Data Eval:
  Num examples: 256  Num correct: 201  Precision @ 1: 0.7852  AUC @ 1: 0.8730
Test Data Eval:
  Num examples: 128  Num correct: 87  Precision @ 1: 0.6797  AUC @ 1: 0.7670
Step 3800: loss = 0.4924 (0.010 sec)
Training Data Eval:
  Num examples: 3840  Num correct: 3161  Precision @ 1: 0.8232  AUC @ 1: 0.9019
Validation Data Eval:
  Num examples: 256  Num correct: 195  Precision @ 1: 0.7617  AUC @ 1: 0.8596
Test Data Eval:
  Num examples: 128  Num correct: 92  Precision @ 1: 0.7188  AUC @ 1: 0.8007
Step 4000: loss = 0.5918 (0.010 sec)
Training Data Eval:
  Num examples: 3840  Num correct: 3199  Precision @ 1: 0.8331  AUC @ 1: 0.9105
Validation Data Eval:
  Num examples: 256  Num correct: 200  Precision @ 1: 0.7812  AUC @ 1: 0.8739
Test Data Eval:
  Num examples: 128  Num correct: 80  Precision @ 1: 0.6250  AUC @ 1: 0.7316
Step 4200: loss = 0.4781 (0.048 sec)
Training Data Eval:
  Num examples: 3840  Num correct: 3166  Precision @ 1: 0.8245  AUC @ 1: 0.9095
Validation Data Eval:
  Num examples: 256  Num correct: 199  Precision @ 1: 0.7773  AUC @ 1: 0.8724
Test Data Eval:
  Num examples: 128  Num correct: 85  Precision @ 1: 0.6641  AUC @ 1: 0.7394
Step 4400: loss = 0.5327 (0.010 sec)
Training Data Eval:
  Num examples: 3840  Num correct: 3205  Precision @ 1: 0.8346  AUC @ 1: 0.9168
Validation Data Eval:
  Num examples: 256  Num correct: 198  Precision @ 1: 0.7734  AUC @ 1: 0.8732
Test Data Eval:
  Num examples: 128  Num correct: 90  Precision @ 1: 0.7031  AUC @ 1: 0.7761
Step 4600: loss = 0.4175 (0.010 sec)
Training Data Eval:
  Num examples: 3840  Num correct: 3242  Precision @ 1: 0.8443  AUC @ 1: 0.9222
Validation Data Eval:
  Num examples: 256  Num correct: 200  Precision @ 1: 0.7812  AUC @ 1: 0.8786
Test Data Eval:
  Num examples: 128  Num correct: 83  Precision @ 1: 0.6484  AUC @ 1: 0.7327
Step 4800: loss = 0.4773 (0.046 sec)
Training Data Eval:
  Num examples: 3840  Num correct: 3230  Precision @ 1: 0.8411  AUC @ 1: 0.9210
Validation Data Eval:
  Num examples: 256  Num correct: 198  Precision @ 1: 0.7734  AUC @ 1: 0.8762
Test Data Eval:
  Num examples: 128  Num correct: 85  Precision @ 1: 0.6641  AUC @ 1: 0.7596
Step 5000: loss = 0.4176 (0.010 sec)
Training Data Eval:
  Num examples: 3840  Num correct: 3292  Precision @ 1: 0.8573  AUC @ 1: 0.9284
Validation Data Eval:
  Num examples: 256  Num correct: 200  Precision @ 1: 0.7812  AUC @ 1: 0.8786
Test Data Eval:
  Num examples: 128  Num correct: 89  Precision @ 1: 0.6953  AUC @ 1: 0.7842
Step 5200: loss = 0.4805 (0.011 sec)
Training Data Eval:
  Num examples: 3840  Num correct: 3296  Precision @ 1: 0.8583  AUC @ 1: 0.9314
Validation Data Eval:
  Num examples: 256  Num correct: 196  Precision @ 1: 0.7656  AUC @ 1: 0.8684
Test Data Eval:
  Num examples: 128  Num correct: 81  Precision @ 1: 0.6328  AUC @ 1: 0.7238
Step 5400: loss = 0.4180 (0.046 sec)
Training Data Eval:
  Num examples: 3840  Num correct: 3325  Precision @ 1: 0.8659  AUC @ 1: 0.9359
Validation Data Eval:
  Num examples: 256  Num correct: 198  Precision @ 1: 0.7734  AUC @ 1: 0.8800
Test Data Eval:
  Num examples: 128  Num correct: 89  Precision @ 1: 0.6953  AUC @ 1: 0.7768
Step 5600: loss = 0.4779 (0.010 sec)
Training Data Eval:
  Num examples: 3840  Num correct: 3347  Precision @ 1: 0.8716  AUC @ 1: 0.9380
Validation Data Eval:
  Num examples: 256  Num correct: 198  Precision @ 1: 0.7734  AUC @ 1: 0.8754
Test Data Eval:
  Num examples: 128  Num correct: 94  Precision @ 1: 0.7344  AUC @ 1: 0.8172
Step 5800: loss = 0.4093 (0.010 sec)
Training Data Eval:
  Num examples: 3840  Num correct: 3321  Precision @ 1: 0.8648  AUC @ 1: 0.9382
Validation Data Eval:
  Num examples: 256  Num correct: 203  Precision @ 1: 0.7930  AUC @ 1: 0.8784
Test Data Eval:
  Num examples: 128  Num correct: 88  Precision @ 1: 0.6875  AUC @ 1: 0.7698
Step 6000: loss = 0.3881 (0.045 sec)
Training Data Eval:
  Num examples: 3840  Num correct: 3351  Precision @ 1: 0.8727  AUC @ 1: 0.9369
Validation Data Eval:
  Num examples: 256  Num correct: 202  Precision @ 1: 0.7891  AUC @ 1: 0.8785
Test Data Eval:
  Num examples: 128  Num correct: 87  Precision @ 1: 0.6797  AUC @ 1: 0.7646
Step 6200: loss = 0.4647 (0.014 sec)
Training Data Eval:
  Num examples: 3840  Num correct: 3336  Precision @ 1: 0.8688  AUC @ 1: 0.9413
Validation Data Eval:
  Num examples: 256  Num correct: 203  Precision @ 1: 0.7930  AUC @ 1: 0.8804
Test Data Eval:
  Num examples: 128  Num correct: 93  Precision @ 1: 0.7266  AUC @ 1: 0.7821
Step 6400: loss = 0.3616 (0.010 sec)
Training Data Eval:
  Num examples: 3840  Num correct: 3353  Precision @ 1: 0.8732  AUC @ 1: 0.9443
Validation Data Eval:
  Num examples: 256  Num correct: 200  Precision @ 1: 0.7812  AUC @ 1: 0.8803
Test Data Eval:
  Num examples: 128  Num correct: 81  Precision @ 1: 0.6328  AUC @ 1: 0.7440
Step 6600: loss = 0.4894 (0.050 sec)
Training Data Eval:
  Num examples: 3840  Num correct: 3389  Precision @ 1: 0.8826  AUC @ 1: 0.9484
Validation Data Eval:
  Num examples: 256  Num correct: 197  Precision @ 1: 0.7695  AUC @ 1: 0.8764
Test Data Eval:
  Num examples: 128  Num correct: 83  Precision @ 1: 0.6484  AUC @ 1: 0.7225
Step 6800: loss = 0.3540 (0.010 sec)
Training Data Eval:
  Num examples: 3840  Num correct: 3421  Precision @ 1: 0.8909  AUC @ 1: 0.9533
Validation Data Eval:
  Num examples: 256  Num correct: 200  Precision @ 1: 0.7812  AUC @ 1: 0.8756
Test Data Eval:
  Num examples: 128  Num correct: 86  Precision @ 1: 0.6719  AUC @ 1: 0.7575
Step 7000: loss = 0.4055 (0.010 sec)
Training Data Eval:
  Num examples: 3840  Num correct: 3428  Precision @ 1: 0.8927  AUC @ 1: 0.9563
Validation Data Eval:
  Num examples: 256  Num correct: 203  Precision @ 1: 0.7930  AUC @ 1: 0.8812
Test Data Eval:
  Num examples: 128  Num correct: 86  Precision @ 1: 0.6719  AUC @ 1: 0.7853
Step 7200: loss = 0.3462 (0.048 sec)
Training Data Eval:
  Num examples: 3840  Num correct: 3455  Precision @ 1: 0.8997  AUC @ 1: 0.9605
Validation Data Eval:
  Num examples: 256  Num correct: 197  Precision @ 1: 0.7695  AUC @ 1: 0.8797
Test Data Eval:
  Num examples: 128  Num correct: 90  Precision @ 1: 0.7031  AUC @ 1: 0.7768
Step 7400: loss = 0.3508 (0.010 sec)
Training Data Eval:
  Num examples: 3840  Num correct: 3468  Precision @ 1: 0.9031  AUC @ 1: 0.9626
Validation Data Eval:
  Num examples: 256  Num correct: 201  Precision @ 1: 0.7852  AUC @ 1: 0.8759
Test Data Eval:
  Num examples: 128  Num correct: 93  Precision @ 1: 0.7266  AUC @ 1: 0.8194
Step 7600: loss = 0.4066 (0.011 sec)
Training Data Eval:
  Num examples: 3840  Num correct: 3480  Precision @ 1: 0.9062  AUC @ 1: 0.9633
Validation Data Eval:
  Num examples: 256  Num correct: 201  Precision @ 1: 0.7852  AUC @ 1: 0.8811
Test Data Eval:
  Num examples: 128  Num correct: 89  Precision @ 1: 0.6953  AUC @ 1: 0.7970
Step 7800: loss = 0.2948 (0.046 sec)
Training Data Eval:
  Num examples: 3840  Num correct: 3444  Precision @ 1: 0.8969  AUC @ 1: 0.9607
Validation Data Eval:
  Num examples: 256  Num correct: 203  Precision @ 1: 0.7930  AUC @ 1: 0.8769
Test Data Eval:
  Num examples: 128  Num correct: 82  Precision @ 1: 0.6406  AUC @ 1: 0.7404
Step 8000: loss = 0.2962 (0.010 sec)
Training Data Eval:
  Num examples: 3840  Num correct: 3488  Precision @ 1: 0.9083  AUC @ 1: 0.9639
Validation Data Eval:
  Num examples: 256  Num correct: 201  Precision @ 1: 0.7852  AUC @ 1: 0.8814
Test Data Eval:
  Num examples: 128  Num correct: 85  Precision @ 1: 0.6641  AUC @ 1: 0.7806
Step 8200: loss = 0.3107 (0.010 sec)
Training Data Eval:
  Num examples: 3840  Num correct: 3453  Precision @ 1: 0.8992  AUC @ 1: 0.9637
Validation Data Eval:
  Num examples: 256  Num correct: 199  Precision @ 1: 0.7773  AUC @ 1: 0.8812
Test Data Eval:
  Num examples: 128  Num correct: 87  Precision @ 1: 0.6797  AUC @ 1: 0.8010
Step 8400: loss = 0.3688 (0.050 sec)
Training Data Eval:
  Num examples: 3840  Num correct: 3504  Precision @ 1: 0.9125  AUC @ 1: 0.9695
Validation Data Eval:
  Num examples: 256  Num correct: 202  Precision @ 1: 0.7891  AUC @ 1: 0.8798
Test Data Eval:
  Num examples: 128  Num correct: 85  Precision @ 1: 0.6641  AUC @ 1: 0.7470
Step 8600: loss = 0.4847 (0.010 sec)
Training Data Eval:
  Num examples: 3840  Num correct: 3517  Precision @ 1: 0.9159  AUC @ 1: 0.9697
Validation Data Eval:
  Num examples: 256  Num correct: 200  Precision @ 1: 0.7812  AUC @ 1: 0.8792
Test Data Eval:
  Num examples: 128  Num correct: 88  Precision @ 1: 0.6875  AUC @ 1: 0.8138
Step 8800: loss = 0.3120 (0.010 sec)
Training Data Eval:
  Num examples: 3840  Num correct: 3533  Precision @ 1: 0.9201  AUC @ 1: 0.9731
Validation Data Eval:
  Num examples: 256  Num correct: 201  Precision @ 1: 0.7852  AUC @ 1: 0.8812
Test Data Eval:
  Num examples: 128  Num correct: 85  Precision @ 1: 0.6641  AUC @ 1: 0.7492
Step 9000: loss = 0.2947 (0.046 sec)
Training Data Eval:
  Num examples: 3840  Num correct: 3537  Precision @ 1: 0.9211  AUC @ 1: 0.9752
Validation Data Eval:
  Num examples: 256  Num correct: 206  Precision @ 1: 0.8047  AUC @ 1: 0.8854
Test Data Eval:
  Num examples: 128  Num correct: 90  Precision @ 1: 0.7031  AUC @ 1: 0.7809
Step 9200: loss = 0.3261 (0.011 sec)
Training Data Eval:
  Num examples: 3840  Num correct: 3543  Precision @ 1: 0.9227  AUC @ 1: 0.9724
Validation Data Eval:
  Num examples: 256  Num correct: 203  Precision @ 1: 0.7930  AUC @ 1: 0.8847
Test Data Eval:
  Num examples: 128  Num correct: 84  Precision @ 1: 0.6562  AUC @ 1: 0.7527
Step 9400: loss = 0.2959 (0.009 sec)
Training Data Eval:
  Num examples: 3840  Num correct: 3560  Precision @ 1: 0.9271  AUC @ 1: 0.9758
Validation Data Eval:
  Num examples: 256  Num correct: 199  Precision @ 1: 0.7773  AUC @ 1: 0.8847
Test Data Eval:
  Num examples: 128  Num correct: 88  Precision @ 1: 0.6875  AUC @ 1: 0.7662
Step 9600: loss = 0.3183 (0.046 sec)
Training Data Eval:
  Num examples: 3840  Num correct: 3584  Precision @ 1: 0.9333  AUC @ 1: 0.9775
Validation Data Eval:
  Num examples: 256  Num correct: 205  Precision @ 1: 0.8008  AUC @ 1: 0.8848
Test Data Eval:
  Num examples: 128  Num correct: 91  Precision @ 1: 0.7109  AUC @ 1: 0.8011
Step 9800: loss = 0.2967 (0.011 sec)
Training Data Eval:
  Num examples: 3840  Num correct: 3570  Precision @ 1: 0.9297  AUC @ 1: 0.9759
Validation Data Eval:
  Num examples: 256  Num correct: 196  Precision @ 1: 0.7656  AUC @ 1: 0.8754
Test Data Eval:
  Num examples: 128  Num correct: 83  Precision @ 1: 0.6484  AUC @ 1: 0.7630
