Training data shape: 	(4141, 64, 30, 1)
Training label shape:	(4141,)
Testing data shape:  	(194, 64, 30, 1)
Testing label shape: 	(194,)
max input value is: 3457.30786133
min input value is: -4872.94775391
random permuted training data
==============================================================================
Model: 			inference_global_s_cnn
Tensor Name: 	Placeholder:0
[128, 64, 30, 1]
==============================================================================
Tensor Name: conv1/conv1:0
[128, 1, 30, 8]
==============================================================================
Tensor Name: MaxPool:0
[128, 1, 15, 8]
==============================================================================
Tensor Name: local1/local1:0
[128, 128]
==============================================================================
Tensor Name: local2/local2:0
[128, 128]
==============================================================================
Tensor Name: softmax_linear/softmax_linear:0
[128, 2]
Step 0: loss = 0.7711 (0.032 sec)
Training Data Eval:
  Num examples: 3840  Num correct: 2162  Precision @ 1: 0.5630  AUC @ 1: 0.7498
Validation Data Eval:
  Num examples: 256  Num correct: 148  Precision @ 1: 0.5781  AUC @ 1: 0.7545
Test Data Eval:
  Num examples: 128  Num correct: 43  Precision @ 1: 0.3359  AUC @ 1: 0.6202
Step 200: loss = 0.7529 (0.011 sec)
Training Data Eval:
  Num examples: 3840  Num correct: 2318  Precision @ 1: 0.6036  AUC @ 1: 0.7752
Validation Data Eval:
  Num examples: 256  Num correct: 168  Precision @ 1: 0.6562  AUC @ 1: 0.7901
Test Data Eval:
  Num examples: 128  Num correct: 73  Precision @ 1: 0.5703  AUC @ 1: 0.6548
Step 400: loss = 0.7120 (0.010 sec)
Training Data Eval:
  Num examples: 3840  Num correct: 2713  Precision @ 1: 0.7065  AUC @ 1: 0.8019
Validation Data Eval:
  Num examples: 256  Num correct: 188  Precision @ 1: 0.7344  AUC @ 1: 0.8212
Test Data Eval:
  Num examples: 128  Num correct: 72  Precision @ 1: 0.5625  AUC @ 1: 0.6586
Step 600: loss = 0.6268 (0.052 sec)
Training Data Eval:
  Num examples: 3840  Num correct: 2802  Precision @ 1: 0.7297  AUC @ 1: 0.8092
Validation Data Eval:
  Num examples: 256  Num correct: 195  Precision @ 1: 0.7617  AUC @ 1: 0.8253
Test Data Eval:
  Num examples: 128  Num correct: 82  Precision @ 1: 0.6406  AUC @ 1: 0.6675
Step 800: loss = 0.6161 (0.010 sec)
Training Data Eval:
  Num examples: 3840  Num correct: 2859  Precision @ 1: 0.7445  AUC @ 1: 0.8200
Validation Data Eval:
  Num examples: 256  Num correct: 197  Precision @ 1: 0.7695  AUC @ 1: 0.8394
Test Data Eval:
  Num examples: 128  Num correct: 88  Precision @ 1: 0.6875  AUC @ 1: 0.6875
Step 1000: loss = 0.5849 (0.009 sec)
Training Data Eval:
  Num examples: 3840  Num correct: 2910  Precision @ 1: 0.7578  AUC @ 1: 0.8360
Validation Data Eval:
  Num examples: 256  Num correct: 200  Precision @ 1: 0.7812  AUC @ 1: 0.8377
Test Data Eval:
  Num examples: 128  Num correct: 89  Precision @ 1: 0.6953  AUC @ 1: 0.7061
Step 1200: loss = 0.5782 (0.048 sec)
Training Data Eval:
  Num examples: 3840  Num correct: 2968  Precision @ 1: 0.7729  AUC @ 1: 0.8478
Validation Data Eval:
  Num examples: 256  Num correct: 195  Precision @ 1: 0.7617  AUC @ 1: 0.8407
Test Data Eval:
  Num examples: 128  Num correct: 86  Precision @ 1: 0.6719  AUC @ 1: 0.6863
Step 1400: loss = 0.5680 (0.010 sec)
Training Data Eval:
  Num examples: 3840  Num correct: 2951  Precision @ 1: 0.7685  AUC @ 1: 0.8525
Validation Data Eval:
  Num examples: 256  Num correct: 194  Precision @ 1: 0.7578  AUC @ 1: 0.8428
Test Data Eval:
  Num examples: 128  Num correct: 87  Precision @ 1: 0.6797  AUC @ 1: 0.7765
Step 1600: loss = 0.5617 (0.010 sec)
Training Data Eval:
  Num examples: 3840  Num correct: 2976  Precision @ 1: 0.7750  AUC @ 1: 0.8561
Validation Data Eval:
  Num examples: 256  Num correct: 199  Precision @ 1: 0.7773  AUC @ 1: 0.8341
Test Data Eval:
  Num examples: 128  Num correct: 85  Precision @ 1: 0.6641  AUC @ 1: 0.7133
Step 1800: loss = 0.5841 (0.046 sec)
Training Data Eval:
  Num examples: 3840  Num correct: 2979  Precision @ 1: 0.7758  AUC @ 1: 0.8615
Validation Data Eval:
  Num examples: 256  Num correct: 195  Precision @ 1: 0.7617  AUC @ 1: 0.8366
Test Data Eval:
  Num examples: 128  Num correct: 86  Precision @ 1: 0.6719  AUC @ 1: 0.7507
Step 2000: loss = 0.5140 (0.010 sec)
Training Data Eval:
  Num examples: 3840  Num correct: 3070  Precision @ 1: 0.7995  AUC @ 1: 0.8762
Validation Data Eval:
  Num examples: 256  Num correct: 196  Precision @ 1: 0.7656  AUC @ 1: 0.8409
Test Data Eval:
  Num examples: 128  Num correct: 85  Precision @ 1: 0.6641  AUC @ 1: 0.7262
Step 2200: loss = 0.6118 (0.010 sec)
Training Data Eval:
  Num examples: 3840  Num correct: 2980  Precision @ 1: 0.7760  AUC @ 1: 0.8560
Validation Data Eval:
  Num examples: 256  Num correct: 197  Precision @ 1: 0.7695  AUC @ 1: 0.8340
Test Data Eval:
  Num examples: 128  Num correct: 92  Precision @ 1: 0.7188  AUC @ 1: 0.7656
Step 2400: loss = 0.5469 (0.051 sec)
Training Data Eval:
  Num examples: 3840  Num correct: 3063  Precision @ 1: 0.7977  AUC @ 1: 0.8803
Validation Data Eval:
  Num examples: 256  Num correct: 193  Precision @ 1: 0.7539  AUC @ 1: 0.8377
Test Data Eval:
  Num examples: 128  Num correct: 85  Precision @ 1: 0.6641  AUC @ 1: 0.7303
Step 2600: loss = 0.5534 (0.011 sec)
Training Data Eval:
  Num examples: 3840  Num correct: 3075  Precision @ 1: 0.8008  AUC @ 1: 0.8813
Validation Data Eval:
  Num examples: 256  Num correct: 194  Precision @ 1: 0.7578  AUC @ 1: 0.8361
Test Data Eval:
  Num examples: 128  Num correct: 83  Precision @ 1: 0.6484  AUC @ 1: 0.7150
Step 2800: loss = 0.5362 (0.010 sec)
Training Data Eval:
  Num examples: 3840  Num correct: 3114  Precision @ 1: 0.8109  AUC @ 1: 0.8922
Validation Data Eval:
  Num examples: 256  Num correct: 198  Precision @ 1: 0.7734  AUC @ 1: 0.8378
Test Data Eval:
  Num examples: 128  Num correct: 84  Precision @ 1: 0.6562  AUC @ 1: 0.7603
Step 3000: loss = 0.4818 (0.046 sec)
Training Data Eval:
  Num examples: 3840  Num correct: 3126  Precision @ 1: 0.8141  AUC @ 1: 0.8927
Validation Data Eval:
  Num examples: 256  Num correct: 197  Precision @ 1: 0.7695  AUC @ 1: 0.8423
Test Data Eval:
  Num examples: 128  Num correct: 86  Precision @ 1: 0.6719  AUC @ 1: 0.7377
Step 3200: loss = 0.4796 (0.011 sec)
Training Data Eval:
  Num examples: 3840  Num correct: 3107  Precision @ 1: 0.8091  AUC @ 1: 0.8899
Validation Data Eval:
  Num examples: 256  Num correct: 193  Precision @ 1: 0.7539  AUC @ 1: 0.8384
Test Data Eval:
  Num examples: 128  Num correct: 86  Precision @ 1: 0.6719  AUC @ 1: 0.7374
Step 3400: loss = 0.4864 (0.010 sec)
Training Data Eval:
  Num examples: 3840  Num correct: 3152  Precision @ 1: 0.8208  AUC @ 1: 0.9057
Validation Data Eval:
  Num examples: 256  Num correct: 191  Precision @ 1: 0.7461  AUC @ 1: 0.8353
Test Data Eval:
  Num examples: 128  Num correct: 82  Precision @ 1: 0.6406  AUC @ 1: 0.7082
Step 3600: loss = 0.4550 (0.046 sec)
Training Data Eval:
  Num examples: 3840  Num correct: 3227  Precision @ 1: 0.8404  AUC @ 1: 0.9141
Validation Data Eval:
  Num examples: 256  Num correct: 193  Precision @ 1: 0.7539  AUC @ 1: 0.8442
Test Data Eval:
  Num examples: 128  Num correct: 86  Precision @ 1: 0.6719  AUC @ 1: 0.7616
Step 3800: loss = 0.4319 (0.010 sec)
Training Data Eval:
  Num examples: 3840  Num correct: 3219  Precision @ 1: 0.8383  AUC @ 1: 0.9114
Validation Data Eval:
  Num examples: 256  Num correct: 192  Precision @ 1: 0.7500  AUC @ 1: 0.8456
Test Data Eval:
  Num examples: 128  Num correct: 89  Precision @ 1: 0.6953  AUC @ 1: 0.7985
Step 4000: loss = 0.4881 (0.011 sec)
Training Data Eval:
  Num examples: 3840  Num correct: 3214  Precision @ 1: 0.8370  AUC @ 1: 0.9155
Validation Data Eval:
  Num examples: 256  Num correct: 198  Precision @ 1: 0.7734  AUC @ 1: 0.8480
Test Data Eval:
  Num examples: 128  Num correct: 89  Precision @ 1: 0.6953  AUC @ 1: 0.7797
Step 4200: loss = 0.5243 (0.047 sec)
Training Data Eval:
  Num examples: 3840  Num correct: 3237  Precision @ 1: 0.8430  AUC @ 1: 0.9173
Validation Data Eval:
  Num examples: 256  Num correct: 196  Precision @ 1: 0.7656  AUC @ 1: 0.8389
Test Data Eval:
  Num examples: 128  Num correct: 88  Precision @ 1: 0.6875  AUC @ 1: 0.7769
Step 4400: loss = 0.3877 (0.010 sec)
Training Data Eval:
  Num examples: 3840  Num correct: 3228  Precision @ 1: 0.8406  AUC @ 1: 0.9160
Validation Data Eval:
  Num examples: 256  Num correct: 199  Precision @ 1: 0.7773  AUC @ 1: 0.8444
Test Data Eval:
  Num examples: 128  Num correct: 91  Precision @ 1: 0.7109  AUC @ 1: 0.7898
Step 4600: loss = 0.3946 (0.011 sec)
Training Data Eval:
  Num examples: 3840  Num correct: 3272  Precision @ 1: 0.8521  AUC @ 1: 0.9288
Validation Data Eval:
  Num examples: 256  Num correct: 198  Precision @ 1: 0.7734  AUC @ 1: 0.8475
Test Data Eval:
  Num examples: 128  Num correct: 90  Precision @ 1: 0.7031  AUC @ 1: 0.7800
Step 4800: loss = 0.5230 (0.046 sec)
Training Data Eval:
  Num examples: 3840  Num correct: 3251  Precision @ 1: 0.8466  AUC @ 1: 0.9276
Validation Data Eval:
  Num examples: 256  Num correct: 195  Precision @ 1: 0.7617  AUC @ 1: 0.8400
Test Data Eval:
  Num examples: 128  Num correct: 90  Precision @ 1: 0.7031  AUC @ 1: 0.8086
Step 5000: loss = 0.3774 (0.010 sec)
Training Data Eval:
  Num examples: 3840  Num correct: 3264  Precision @ 1: 0.8500  AUC @ 1: 0.9323
Validation Data Eval:
  Num examples: 256  Num correct: 196  Precision @ 1: 0.7656  AUC @ 1: 0.8515
Test Data Eval:
  Num examples: 128  Num correct: 80  Precision @ 1: 0.6250  AUC @ 1: 0.6976
Step 5200: loss = 0.4105 (0.010 sec)
Training Data Eval:
  Num examples: 3840  Num correct: 3303  Precision @ 1: 0.8602  AUC @ 1: 0.9360
Validation Data Eval:
  Num examples: 256  Num correct: 194  Precision @ 1: 0.7578  AUC @ 1: 0.8487
Test Data Eval:
  Num examples: 128  Num correct: 83  Precision @ 1: 0.6484  AUC @ 1: 0.7398
Step 5400: loss = 0.4047 (0.050 sec)
Training Data Eval:
  Num examples: 3840  Num correct: 3334  Precision @ 1: 0.8682  AUC @ 1: 0.9365
Validation Data Eval:
  Num examples: 256  Num correct: 192  Precision @ 1: 0.7500  AUC @ 1: 0.8467
Test Data Eval:
  Num examples: 128  Num correct: 84  Precision @ 1: 0.6562  AUC @ 1: 0.7445
Step 5600: loss = 0.4017 (0.010 sec)
Training Data Eval:
  Num examples: 3840  Num correct: 3346  Precision @ 1: 0.8714  AUC @ 1: 0.9416
Validation Data Eval:
  Num examples: 256  Num correct: 195  Precision @ 1: 0.7617  AUC @ 1: 0.8469
Test Data Eval:
  Num examples: 128  Num correct: 83  Precision @ 1: 0.6484  AUC @ 1: 0.7426
Step 5800: loss = 0.3995 (0.010 sec)
Training Data Eval:
  Num examples: 3840  Num correct: 3371  Precision @ 1: 0.8779  AUC @ 1: 0.9453
Validation Data Eval:
  Num examples: 256  Num correct: 197  Precision @ 1: 0.7695  AUC @ 1: 0.8535
Test Data Eval:
  Num examples: 128  Num correct: 89  Precision @ 1: 0.6953  AUC @ 1: 0.7544
Step 6000: loss = 0.3624 (0.044 sec)
Training Data Eval:
  Num examples: 3840  Num correct: 3360  Precision @ 1: 0.8750  AUC @ 1: 0.9453
Validation Data Eval:
  Num examples: 256  Num correct: 195  Precision @ 1: 0.7617  AUC @ 1: 0.8565
Test Data Eval:
  Num examples: 128  Num correct: 80  Precision @ 1: 0.6250  AUC @ 1: 0.6994
Step 6200: loss = 0.3461 (0.010 sec)
Training Data Eval:
  Num examples: 3840  Num correct: 3350  Precision @ 1: 0.8724  AUC @ 1: 0.9453
Validation Data Eval:
  Num examples: 256  Num correct: 197  Precision @ 1: 0.7695  AUC @ 1: 0.8527
Test Data Eval:
  Num examples: 128  Num correct: 88  Precision @ 1: 0.6875  AUC @ 1: 0.7502
Step 6400: loss = 0.3998 (0.011 sec)
Training Data Eval:
  Num examples: 3840  Num correct: 3395  Precision @ 1: 0.8841  AUC @ 1: 0.9506
Validation Data Eval:
  Num examples: 256  Num correct: 196  Precision @ 1: 0.7656  AUC @ 1: 0.8558
Test Data Eval:
  Num examples: 128  Num correct: 90  Precision @ 1: 0.7031  AUC @ 1: 0.7657
Step 6600: loss = 0.4533 (0.049 sec)
Training Data Eval:
  Num examples: 3840  Num correct: 3389  Precision @ 1: 0.8826  AUC @ 1: 0.9471
Validation Data Eval:
  Num examples: 256  Num correct: 198  Precision @ 1: 0.7734  AUC @ 1: 0.8514
Test Data Eval:
  Num examples: 128  Num correct: 76  Precision @ 1: 0.5938  AUC @ 1: 0.6803
Step 6800: loss = 0.4210 (0.011 sec)
Training Data Eval:
  Num examples: 3840  Num correct: 3414  Precision @ 1: 0.8891  AUC @ 1: 0.9514
Validation Data Eval:
  Num examples: 256  Num correct: 196  Precision @ 1: 0.7656  AUC @ 1: 0.8605
Test Data Eval:
  Num examples: 128  Num correct: 82  Precision @ 1: 0.6406  AUC @ 1: 0.7447
Step 7000: loss = 0.3726 (0.010 sec)
Training Data Eval:
  Num examples: 3840  Num correct: 3433  Precision @ 1: 0.8940  AUC @ 1: 0.9574
Validation Data Eval:
  Num examples: 256  Num correct: 200  Precision @ 1: 0.7812  AUC @ 1: 0.8629
Test Data Eval:
  Num examples: 128  Num correct: 85  Precision @ 1: 0.6641  AUC @ 1: 0.7285
Step 7200: loss = 0.3345 (0.047 sec)
Training Data Eval:
  Num examples: 3840  Num correct: 3440  Precision @ 1: 0.8958  AUC @ 1: 0.9605
Validation Data Eval:
  Num examples: 256  Num correct: 201  Precision @ 1: 0.7852  AUC @ 1: 0.8626
Test Data Eval:
  Num examples: 128  Num correct: 82  Precision @ 1: 0.6406  AUC @ 1: 0.7397
Step 7400: loss = 0.3469 (0.010 sec)
Training Data Eval:
  Num examples: 3840  Num correct: 3475  Precision @ 1: 0.9049  AUC @ 1: 0.9659
Validation Data Eval:
  Num examples: 256  Num correct: 204  Precision @ 1: 0.7969  AUC @ 1: 0.8613
Test Data Eval:
  Num examples: 128  Num correct: 89  Precision @ 1: 0.6953  AUC @ 1: 0.7419
Step 7600: loss = 0.2797 (0.011 sec)
Training Data Eval:
  Num examples: 3840  Num correct: 3474  Precision @ 1: 0.9047  AUC @ 1: 0.9649
Validation Data Eval:
  Num examples: 256  Num correct: 202  Precision @ 1: 0.7891  AUC @ 1: 0.8590
Test Data Eval:
  Num examples: 128  Num correct: 89  Precision @ 1: 0.6953  AUC @ 1: 0.7568
Step 7800: loss = 0.3539 (0.048 sec)
Training Data Eval:
  Num examples: 3840  Num correct: 3516  Precision @ 1: 0.9156  AUC @ 1: 0.9690
Validation Data Eval:
  Num examples: 256  Num correct: 200  Precision @ 1: 0.7812  AUC @ 1: 0.8624
Test Data Eval:
  Num examples: 128  Num correct: 91  Precision @ 1: 0.7109  AUC @ 1: 0.7862
Step 8000: loss = 0.3466 (0.011 sec)
Training Data Eval:
  Num examples: 3840  Num correct: 3472  Precision @ 1: 0.9042  AUC @ 1: 0.9652
Validation Data Eval:
  Num examples: 256  Num correct: 199  Precision @ 1: 0.7773  AUC @ 1: 0.8598
Test Data Eval:
  Num examples: 128  Num correct: 85  Precision @ 1: 0.6641  AUC @ 1: 0.7421
Step 8200: loss = 0.3293 (0.011 sec)
Training Data Eval:
  Num examples: 3840  Num correct: 3483  Precision @ 1: 0.9070  AUC @ 1: 0.9675
Validation Data Eval:
  Num examples: 256  Num correct: 200  Precision @ 1: 0.7812  AUC @ 1: 0.8641
Test Data Eval:
  Num examples: 128  Num correct: 80  Precision @ 1: 0.6250  AUC @ 1: 0.7075
Step 8400: loss = 0.4149 (0.051 sec)
Training Data Eval:
  Num examples: 3840  Num correct: 3485  Precision @ 1: 0.9076  AUC @ 1: 0.9687
Validation Data Eval:
  Num examples: 256  Num correct: 204  Precision @ 1: 0.7969  AUC @ 1: 0.8613
Test Data Eval:
  Num examples: 128  Num correct: 77  Precision @ 1: 0.6016  AUC @ 1: 0.6920
Step 8600: loss = 0.3796 (0.010 sec)
Training Data Eval:
  Num examples: 3840  Num correct: 3483  Precision @ 1: 0.9070  AUC @ 1: 0.9689
Validation Data Eval:
  Num examples: 256  Num correct: 202  Precision @ 1: 0.7891  AUC @ 1: 0.8629
Test Data Eval:
  Num examples: 128  Num correct: 83  Precision @ 1: 0.6484  AUC @ 1: 0.7259
Step 8800: loss = 0.3598 (0.010 sec)
Training Data Eval:
  Num examples: 3840  Num correct: 3541  Precision @ 1: 0.9221  AUC @ 1: 0.9741
Validation Data Eval:
  Num examples: 256  Num correct: 202  Precision @ 1: 0.7891  AUC @ 1: 0.8674
Test Data Eval:
  Num examples: 128  Num correct: 89  Precision @ 1: 0.6953  AUC @ 1: 0.7195
Step 9000: loss = 0.2682 (0.049 sec)
Training Data Eval:
  Num examples: 3840  Num correct: 3550  Precision @ 1: 0.9245  AUC @ 1: 0.9745
Validation Data Eval:
  Num examples: 256  Num correct: 199  Precision @ 1: 0.7773  AUC @ 1: 0.8567
Test Data Eval:
  Num examples: 128  Num correct: 80  Precision @ 1: 0.6250  AUC @ 1: 0.7138
Step 9200: loss = 0.3232 (0.010 sec)
Training Data Eval:
  Num examples: 3840  Num correct: 3580  Precision @ 1: 0.9323  AUC @ 1: 0.9783
Validation Data Eval:
  Num examples: 256  Num correct: 203  Precision @ 1: 0.7930  AUC @ 1: 0.8623
Test Data Eval:
  Num examples: 128  Num correct: 85  Precision @ 1: 0.6641  AUC @ 1: 0.7465
Step 9400: loss = 0.3777 (0.011 sec)
Training Data Eval:
  Num examples: 3840  Num correct: 3565  Precision @ 1: 0.9284  AUC @ 1: 0.9771
Validation Data Eval:
  Num examples: 256  Num correct: 200  Precision @ 1: 0.7812  AUC @ 1: 0.8677
Test Data Eval:
  Num examples: 128  Num correct: 81  Precision @ 1: 0.6328  AUC @ 1: 0.7257
Step 9600: loss = 0.3191 (0.047 sec)
Training Data Eval:
  Num examples: 3840  Num correct: 3568  Precision @ 1: 0.9292  AUC @ 1: 0.9771
Validation Data Eval:
  Num examples: 256  Num correct: 204  Precision @ 1: 0.7969  AUC @ 1: 0.8694
Test Data Eval:
  Num examples: 128  Num correct: 82  Precision @ 1: 0.6406  AUC @ 1: 0.7298
Step 9800: loss = 0.3358 (0.010 sec)
Training Data Eval:
  Num examples: 3840  Num correct: 3589  Precision @ 1: 0.9346  AUC @ 1: 0.9821
Validation Data Eval:
  Num examples: 256  Num correct: 205  Precision @ 1: 0.8008  AUC @ 1: 0.8671
Test Data Eval:
  Num examples: 128  Num correct: 85  Precision @ 1: 0.6641  AUC @ 1: 0.7275
