Training data shape: 	(3869, 30, 64, 2)
Training label shape:	(3869,)
Testing data shape:  	(466, 30, 64, 2)
Testing label shape: 	(466,)
max input value is: 3457.31
min input value is: -4872.95
random permuted training data
==============================================================================
Model: 			inference_stcnn
Tensor Name: 	Placeholder:0
[128, 30, 64, 2]
==============================================================================
Tensor Name: conv0/conv0:0
[128, 1, 60, 16]
==============================================================================
Tensor Name: MaxPool:0
[128, 1, 30, 16]
==============================================================================
Tensor Name: conv1/conv1:0
[128, 1, 26, 4]
==============================================================================
Tensor Name: MaxPool_1:0
[128, 1, 13, 4]
==============================================================================
Tensor Name: local1/local1:0
[128, 128]
==============================================================================
Tensor Name: local2/local2:0
[128, 128]
==============================================================================
Tensor Name: softmax_linear/softmax_linear:0
[128, 2]
Step 0: loss = 0.7496 (0.040 sec)
Training Data Eval:
  Num examples: 3584  Num correct: 2029  Precision @ 1: 0.5661  AUC @ 1: 0.4659
Validation Data Eval:
  Num examples: 256  Num correct: 134  Precision @ 1: 0.5234  AUC @ 1: 0.4518
Test Data Eval:
  Num examples: 384  Num correct: 181  Precision @ 1: 0.4714  AUC @ 1: 0.1320
Step 200: loss = 0.7398 (0.026 sec)
Training Data Eval:
  Num examples: 3584  Num correct: 2052  Precision @ 1: 0.5725  AUC @ 1: 0.5026
Validation Data Eval:
  Num examples: 256  Num correct: 134  Precision @ 1: 0.5234  AUC @ 1: 0.4576
Test Data Eval:
  Num examples: 384  Num correct: 218  Precision @ 1: 0.5677  AUC @ 1: 0.3748
Step 400: loss = 0.7272 (0.027 sec)
Training Data Eval:
  Num examples: 3584  Num correct: 2034  Precision @ 1: 0.5675  AUC @ 1: 0.5235
Validation Data Eval:
  Num examples: 256  Num correct: 134  Precision @ 1: 0.5234  AUC @ 1: 0.4739
Test Data Eval:
  Num examples: 384  Num correct: 212  Precision @ 1: 0.5521  AUC @ 1: 0.4795
Step 600: loss = 0.7429 (0.027 sec)
Training Data Eval:
  Num examples: 3584  Num correct: 2082  Precision @ 1: 0.5809  AUC @ 1: 0.5518
Validation Data Eval:
  Num examples: 256  Num correct: 134  Precision @ 1: 0.5234  AUC @ 1: 0.4939
Test Data Eval:
  Num examples: 384  Num correct: 212  Precision @ 1: 0.5521  AUC @ 1: 0.5463
Step 800: loss = 0.7356 (0.028 sec)
Training Data Eval:
  Num examples: 3584  Num correct: 2037  Precision @ 1: 0.5684  AUC @ 1: 0.5664
Validation Data Eval:
  Num examples: 256  Num correct: 134  Precision @ 1: 0.5234  AUC @ 1: 0.5051
Test Data Eval:
  Num examples: 384  Num correct: 218  Precision @ 1: 0.5677  AUC @ 1: 0.6238
Step 1000: loss = 0.7418 (0.026 sec)
Training Data Eval:
  Num examples: 3584  Num correct: 2034  Precision @ 1: 0.5675  AUC @ 1: 0.5854
Validation Data Eval:
  Num examples: 256  Num correct: 134  Precision @ 1: 0.5234  AUC @ 1: 0.5221
Test Data Eval:
  Num examples: 384  Num correct: 220  Precision @ 1: 0.5729  AUC @ 1: 0.7061
Step 1200: loss = 0.7401 (0.027 sec)
Training Data Eval:
  Num examples: 3584  Num correct: 2038  Precision @ 1: 0.5686  AUC @ 1: 0.5942
Validation Data Eval:
  Num examples: 256  Num correct: 134  Precision @ 1: 0.5234  AUC @ 1: 0.5344
Test Data Eval:
  Num examples: 384  Num correct: 220  Precision @ 1: 0.5729  AUC @ 1: 0.7934
Step 1400: loss = 0.7383 (0.061 sec)
Training Data Eval:
  Num examples: 3584  Num correct: 2025  Precision @ 1: 0.5650  AUC @ 1: 0.6002
Validation Data Eval:
  Num examples: 256  Num correct: 134  Precision @ 1: 0.5234  AUC @ 1: 0.5369
Test Data Eval:
  Num examples: 384  Num correct: 208  Precision @ 1: 0.5417  AUC @ 1: 0.8076
Step 1600: loss = 0.7337 (0.026 sec)
Training Data Eval:
  Num examples: 3584  Num correct: 2101  Precision @ 1: 0.5862  AUC @ 1: 0.6029
Validation Data Eval:
  Num examples: 256  Num correct: 134  Precision @ 1: 0.5234  AUC @ 1: 0.5424
Test Data Eval:
  Num examples: 384  Num correct: 210  Precision @ 1: 0.5469  AUC @ 1: 0.8310
Step 1800: loss = 0.7483 (0.027 sec)
Training Data Eval:
  Num examples: 3584  Num correct: 2066  Precision @ 1: 0.5765  AUC @ 1: 0.6091
Validation Data Eval:
  Num examples: 256  Num correct: 134  Precision @ 1: 0.5234  AUC @ 1: 0.5411
Test Data Eval:
  Num examples: 384  Num correct: 213  Precision @ 1: 0.5547  AUC @ 1: 0.8188
Step 2000: loss = 0.7466 (0.024 sec)
Training Data Eval:
  Num examples: 3584  Num correct: 2064  Precision @ 1: 0.5759  AUC @ 1: 0.6107
Validation Data Eval:
  Num examples: 256  Num correct: 134  Precision @ 1: 0.5234  AUC @ 1: 0.5427
Test Data Eval:
  Num examples: 384  Num correct: 216  Precision @ 1: 0.5625  AUC @ 1: 0.8240
Step 2200: loss = 0.7458 (0.026 sec)
Training Data Eval:
  Num examples: 3584  Num correct: 2015  Precision @ 1: 0.5622  AUC @ 1: 0.6219
Validation Data Eval:
  Num examples: 256  Num correct: 134  Precision @ 1: 0.5234  AUC @ 1: 0.5443
Test Data Eval:
  Num examples: 384  Num correct: 209  Precision @ 1: 0.5443  AUC @ 1: 0.8228
Step 2400: loss = 0.7518 (0.027 sec)
Training Data Eval:
  Num examples: 3584  Num correct: 2074  Precision @ 1: 0.5787  AUC @ 1: 0.6275
Validation Data Eval:
  Num examples: 256  Num correct: 134  Precision @ 1: 0.5234  AUC @ 1: 0.5406
Test Data Eval:
  Num examples: 384  Num correct: 213  Precision @ 1: 0.5547  AUC @ 1: 0.8088
Step 2600: loss = 0.7376 (0.026 sec)
Training Data Eval:
  Num examples: 3584  Num correct: 2034  Precision @ 1: 0.5675  AUC @ 1: 0.6405
Validation Data Eval:
  Num examples: 256  Num correct: 134  Precision @ 1: 0.5234  AUC @ 1: 0.5376
Test Data Eval:
  Num examples: 384  Num correct: 218  Precision @ 1: 0.5677  AUC @ 1: 0.8036
Step 2800: loss = 0.7210 (0.060 sec)
Training Data Eval:
  Num examples: 3584  Num correct: 2004  Precision @ 1: 0.5592  AUC @ 1: 0.6605
Validation Data Eval:
  Num examples: 256  Num correct: 134  Precision @ 1: 0.5234  AUC @ 1: 0.5361
Test Data Eval:
  Num examples: 384  Num correct: 224  Precision @ 1: 0.5833  AUC @ 1: 0.7798
Step 3000: loss = 0.7261 (0.027 sec)
Training Data Eval:
  Num examples: 3584  Num correct: 2040  Precision @ 1: 0.5692  AUC @ 1: 0.6726
Validation Data Eval:
  Num examples: 256  Num correct: 134  Precision @ 1: 0.5234  AUC @ 1: 0.5363
Test Data Eval:
  Num examples: 384  Num correct: 227  Precision @ 1: 0.5911  AUC @ 1: 0.7723
Step 3200: loss = 0.7397 (0.026 sec)
Training Data Eval:
  Num examples: 3584  Num correct: 2049  Precision @ 1: 0.5717  AUC @ 1: 0.6797
Validation Data Eval:
  Num examples: 256  Num correct: 134  Precision @ 1: 0.5234  AUC @ 1: 0.5416
Test Data Eval:
  Num examples: 384  Num correct: 215  Precision @ 1: 0.5599  AUC @ 1: 0.7983
Step 3400: loss = 0.7156 (0.026 sec)
Training Data Eval:
  Num examples: 3584  Num correct: 2022  Precision @ 1: 0.5642  AUC @ 1: 0.7199
Validation Data Eval:
  Num examples: 256  Num correct: 134  Precision @ 1: 0.5234  AUC @ 1: 0.5247
Test Data Eval:
  Num examples: 384  Num correct: 216  Precision @ 1: 0.5625  AUC @ 1: 0.7567
Step 3600: loss = 0.7208 (0.025 sec)
Training Data Eval:
  Num examples: 3584  Num correct: 2425  Precision @ 1: 0.6766  AUC @ 1: 0.7530
Validation Data Eval:
  Num examples: 256  Num correct: 140  Precision @ 1: 0.5469  AUC @ 1: 0.5183
Test Data Eval:
  Num examples: 384  Num correct: 216  Precision @ 1: 0.5625  AUC @ 1: 0.7278
Step 3800: loss = 0.7037 (0.027 sec)
Training Data Eval:
  Num examples: 3584  Num correct: 2599  Precision @ 1: 0.7252  AUC @ 1: 0.7957
Validation Data Eval:
  Num examples: 256  Num correct: 148  Precision @ 1: 0.5781  AUC @ 1: 0.5268
Test Data Eval:
  Num examples: 384  Num correct: 223  Precision @ 1: 0.5807  AUC @ 1: 0.6292
Step 4000: loss = 0.6546 (0.027 sec)
Training Data Eval:
  Num examples: 3584  Num correct: 2772  Precision @ 1: 0.7734  AUC @ 1: 0.8617
Validation Data Eval:
  Num examples: 256  Num correct: 148  Precision @ 1: 0.5781  AUC @ 1: 0.5413
Test Data Eval:
  Num examples: 384  Num correct: 245  Precision @ 1: 0.6380  AUC @ 1: 0.5600
Step 4200: loss = 0.5674 (0.062 sec)
Training Data Eval:
  Num examples: 3584  Num correct: 2936  Precision @ 1: 0.8192  AUC @ 1: 0.9125
Validation Data Eval:
  Num examples: 256  Num correct: 153  Precision @ 1: 0.5977  AUC @ 1: 0.5782
Test Data Eval:
  Num examples: 384  Num correct: 234  Precision @ 1: 0.6094  AUC @ 1: 0.5201
Step 4400: loss = 0.4549 (0.024 sec)
Training Data Eval:
  Num examples: 3584  Num correct: 2999  Precision @ 1: 0.8368  AUC @ 1: 0.9333
Validation Data Eval:
  Num examples: 256  Num correct: 151  Precision @ 1: 0.5898  AUC @ 1: 0.5963
Test Data Eval:
  Num examples: 384  Num correct: 238  Precision @ 1: 0.6198  AUC @ 1: 0.5198
Step 4600: loss = 0.3638 (0.027 sec)
Training Data Eval:
  Num examples: 3584  Num correct: 3165  Precision @ 1: 0.8831  AUC @ 1: 0.9605
Validation Data Eval:
  Num examples: 256  Num correct: 152  Precision @ 1: 0.5938  AUC @ 1: 0.5883
Test Data Eval:
  Num examples: 384  Num correct: 227  Precision @ 1: 0.5911  AUC @ 1: 0.5007
Step 4800: loss = 0.3114 (0.025 sec)
Training Data Eval:
  Num examples: 3584  Num correct: 3228  Precision @ 1: 0.9007  AUC @ 1: 0.9694
Validation Data Eval:
  Num examples: 256  Num correct: 146  Precision @ 1: 0.5703  AUC @ 1: 0.5751
Test Data Eval:
  Num examples: 384  Num correct: 216  Precision @ 1: 0.5625  AUC @ 1: 0.5099
Step 5000: loss = 0.3241 (0.024 sec)
Training Data Eval:
  Num examples: 3584  Num correct: 3343  Precision @ 1: 0.9328  AUC @ 1: 0.9856
Validation Data Eval:
  Num examples: 256  Num correct: 141  Precision @ 1: 0.5508  AUC @ 1: 0.5817
Test Data Eval:
  Num examples: 384  Num correct: 215  Precision @ 1: 0.5599  AUC @ 1: 0.4968
Step 5200: loss = 0.2229 (0.026 sec)
Training Data Eval:
  Num examples: 3584  Num correct: 3425  Precision @ 1: 0.9556  AUC @ 1: 0.9907
Validation Data Eval:
  Num examples: 256  Num correct: 137  Precision @ 1: 0.5352  AUC @ 1: 0.5907
Test Data Eval:
  Num examples: 384  Num correct: 214  Precision @ 1: 0.5573  AUC @ 1: 0.4836
Step 5400: loss = 0.2200 (0.026 sec)
Training Data Eval:
  Num examples: 3584  Num correct: 3400  Precision @ 1: 0.9487  AUC @ 1: 0.9836
Validation Data Eval:
  Num examples: 256  Num correct: 140  Precision @ 1: 0.5469  AUC @ 1: 0.5793
Test Data Eval:
  Num examples: 384  Num correct: 216  Precision @ 1: 0.5625  AUC @ 1: 0.5468
Step 5600: loss = 0.4419 (0.060 sec)
Training Data Eval:
  Num examples: 3584  Num correct: 3491  Precision @ 1: 0.9741  AUC @ 1: 0.9955
Validation Data Eval:
  Num examples: 256  Num correct: 145  Precision @ 1: 0.5664  AUC @ 1: 0.6012
Test Data Eval:
  Num examples: 384  Num correct: 216  Precision @ 1: 0.5625  AUC @ 1: 0.5157
Step 5800: loss = 0.1561 (0.026 sec)
Training Data Eval:
  Num examples: 3584  Num correct: 3494  Precision @ 1: 0.9749  AUC @ 1: 0.9955
Validation Data Eval:
  Num examples: 256  Num correct: 145  Precision @ 1: 0.5664  AUC @ 1: 0.6017
Test Data Eval:
  Num examples: 384  Num correct: 208  Precision @ 1: 0.5417  AUC @ 1: 0.5081
Step 6000: loss = 0.2763 (0.026 sec)
Training Data Eval:
  Num examples: 3584  Num correct: 3529  Precision @ 1: 0.9847  AUC @ 1: 0.9987
Validation Data Eval:
  Num examples: 256  Num correct: 148  Precision @ 1: 0.5781  AUC @ 1: 0.6049
Test Data Eval:
  Num examples: 384  Num correct: 218  Precision @ 1: 0.5677  AUC @ 1: 0.4895
Step 6200: loss = 0.1563 (0.026 sec)
Training Data Eval:
  Num examples: 3584  Num correct: 3536  Precision @ 1: 0.9866  AUC @ 1: 0.9976
Validation Data Eval:
  Num examples: 256  Num correct: 137  Precision @ 1: 0.5352  AUC @ 1: 0.5822
Test Data Eval:
  Num examples: 384  Num correct: 208  Precision @ 1: 0.5417  AUC @ 1: 0.4988
Step 6400: loss = 0.1466 (0.027 sec)
Training Data Eval:
  Num examples: 3584  Num correct: 3567  Precision @ 1: 0.9953  AUC @ 1: 0.9992
Validation Data Eval:
  Num examples: 256  Num correct: 138  Precision @ 1: 0.5391  AUC @ 1: 0.5746
Test Data Eval:
  Num examples: 384  Num correct: 197  Precision @ 1: 0.5130  AUC @ 1: 0.4796
Step 6600: loss = 0.0834 (0.026 sec)
Training Data Eval:
  Num examples: 3584  Num correct: 3552  Precision @ 1: 0.9911  AUC @ 1: 0.9986
Validation Data Eval:
  Num examples: 256  Num correct: 141  Precision @ 1: 0.5508  AUC @ 1: 0.5566
Test Data Eval:
  Num examples: 384  Num correct: 188  Precision @ 1: 0.4896  AUC @ 1: 0.4653
Step 6800: loss = 0.1220 (0.027 sec)
Training Data Eval:
  Num examples: 3584  Num correct: 3571  Precision @ 1: 0.9964  AUC @ 1: 0.9982
Validation Data Eval:
  Num examples: 256  Num correct: 135  Precision @ 1: 0.5273  AUC @ 1: 0.5798
Test Data Eval:
  Num examples: 384  Num correct: 197  Precision @ 1: 0.5130  AUC @ 1: 0.4843
Step 7000: loss = 0.1046 (0.063 sec)
Training Data Eval:
  Num examples: 3584  Num correct: 3533  Precision @ 1: 0.9858  AUC @ 1: 0.9957
Validation Data Eval:
  Num examples: 256  Num correct: 136  Precision @ 1: 0.5312  AUC @ 1: 0.5693
Test Data Eval:
  Num examples: 384  Num correct: 207  Precision @ 1: 0.5391  AUC @ 1: 0.4930
Step 7200: loss = 0.1129 (0.027 sec)
Training Data Eval:
  Num examples: 3584  Num correct: 3582  Precision @ 1: 0.9994  AUC @ 1: 0.9999
Validation Data Eval:
  Num examples: 256  Num correct: 142  Precision @ 1: 0.5547  AUC @ 1: 0.5707
Test Data Eval:
  Num examples: 384  Num correct: 197  Precision @ 1: 0.5130  AUC @ 1: 0.4932
Step 7400: loss = 0.0806 (0.026 sec)
Training Data Eval:
  Num examples: 3584  Num correct: 3580  Precision @ 1: 0.9989  AUC @ 1: 0.9997
Validation Data Eval:
  Num examples: 256  Num correct: 140  Precision @ 1: 0.5469  AUC @ 1: 0.5787
Test Data Eval:
  Num examples: 384  Num correct: 192  Precision @ 1: 0.5000  AUC @ 1: 0.4847
Step 7600: loss = 0.0594 (0.027 sec)
Training Data Eval:
  Num examples: 3584  Num correct: 3568  Precision @ 1: 0.9955  AUC @ 1: 0.9988
Validation Data Eval:
  Num examples: 256  Num correct: 137  Precision @ 1: 0.5352  AUC @ 1: 0.5951
Test Data Eval:
  Num examples: 384  Num correct: 199  Precision @ 1: 0.5182  AUC @ 1: 0.5166
Step 7800: loss = 0.1734 (0.028 sec)
Training Data Eval:
  Num examples: 3584  Num correct: 3567  Precision @ 1: 0.9953  AUC @ 1: 0.9986
Validation Data Eval:
  Num examples: 256  Num correct: 142  Precision @ 1: 0.5547  AUC @ 1: 0.5922
Test Data Eval:
  Num examples: 384  Num correct: 193  Precision @ 1: 0.5026  AUC @ 1: 0.4381
Step 8000: loss = 0.2234 (0.026 sec)
Training Data Eval:
  Num examples: 3584  Num correct: 3584  Precision @ 1: 1.0000  AUC @ 1: 1.0000
Validation Data Eval:
  Num examples: 256  Num correct: 138  Precision @ 1: 0.5391  AUC @ 1: 0.5729
Test Data Eval:
  Num examples: 384  Num correct: 190  Precision @ 1: 0.4948  AUC @ 1: 0.4749
Step 8200: loss = 0.0606 (0.027 sec)
Training Data Eval:
  Num examples: 3584  Num correct: 3584  Precision @ 1: 1.0000  AUC @ 1: 1.0000
Validation Data Eval:
  Num examples: 256  Num correct: 138  Precision @ 1: 0.5391  AUC @ 1: 0.5796
Test Data Eval:
  Num examples: 384  Num correct: 197  Precision @ 1: 0.5130  AUC @ 1: 0.4612
Step 8400: loss = 0.0578 (0.062 sec)
Training Data Eval:
  Num examples: 3584  Num correct: 3583  Precision @ 1: 0.9997  AUC @ 1: 1.0000
Validation Data Eval:
  Num examples: 256  Num correct: 140  Precision @ 1: 0.5469  AUC @ 1: 0.5744
Test Data Eval:
  Num examples: 384  Num correct: 190  Precision @ 1: 0.4948  AUC @ 1: 0.4790
Step 8600: loss = 0.0514 (0.027 sec)
Training Data Eval:
  Num examples: 3584  Num correct: 3542  Precision @ 1: 0.9883  AUC @ 1: 0.9956
Validation Data Eval:
  Num examples: 256  Num correct: 143  Precision @ 1: 0.5586  AUC @ 1: 0.5765
Test Data Eval:
  Num examples: 384  Num correct: 200  Precision @ 1: 0.5208  AUC @ 1: 0.4611
Step 8800: loss = 0.1281 (0.027 sec)
Training Data Eval:
  Num examples: 3584  Num correct: 3583  Precision @ 1: 0.9997  AUC @ 1: 1.0000
Validation Data Eval:
  Num examples: 256  Num correct: 146  Precision @ 1: 0.5703  AUC @ 1: 0.6155
Test Data Eval:
  Num examples: 384  Num correct: 196  Precision @ 1: 0.5104  AUC @ 1: 0.4988
Step 9000: loss = 0.0611 (0.027 sec)
Training Data Eval:
  Num examples: 3584  Num correct: 3584  Precision @ 1: 1.0000  AUC @ 1: 1.0000
Validation Data Eval:
  Num examples: 256  Num correct: 147  Precision @ 1: 0.5742  AUC @ 1: 0.6141
Test Data Eval:
  Num examples: 384  Num correct: 195  Precision @ 1: 0.5078  AUC @ 1: 0.5029
Step 9200: loss = 0.0546 (0.027 sec)
Training Data Eval:
  Num examples: 3584  Num correct: 3584  Precision @ 1: 1.0000  AUC @ 1: 1.0000
Validation Data Eval:
  Num examples: 256  Num correct: 146  Precision @ 1: 0.5703  AUC @ 1: 0.6097
Test Data Eval:
  Num examples: 384  Num correct: 192  Precision @ 1: 0.5000  AUC @ 1: 0.4875
Step 9400: loss = 0.0487 (0.026 sec)
Training Data Eval:
  Num examples: 3584  Num correct: 3563  Precision @ 1: 0.9941  AUC @ 1: 0.9974
Validation Data Eval:
  Num examples: 256  Num correct: 145  Precision @ 1: 0.5664  AUC @ 1: 0.5935
Test Data Eval:
  Num examples: 384  Num correct: 196  Precision @ 1: 0.5104  AUC @ 1: 0.4803
Step 9600: loss = 0.0895 (0.026 sec)
Training Data Eval:
  Num examples: 3584  Num correct: 3581  Precision @ 1: 0.9992  AUC @ 1: 1.0000
Validation Data Eval:
  Num examples: 256  Num correct: 150  Precision @ 1: 0.5859  AUC @ 1: 0.5919
Test Data Eval:
  Num examples: 384  Num correct: 193  Precision @ 1: 0.5026  AUC @ 1: 0.4626
Step 9800: loss = 0.0534 (0.064 sec)
Training Data Eval:
  Num examples: 3584  Num correct: 3584  Precision @ 1: 1.0000  AUC @ 1: 1.0000
Validation Data Eval:
  Num examples: 256  Num correct: 137  Precision @ 1: 0.5352  AUC @ 1: 0.5814
Test Data Eval:
  Num examples: 384  Num correct: 195  Precision @ 1: 0.5078  AUC @ 1: 0.4783
