Training data shape: 	(3869, 30, 64, 2)
Training label shape:	(3869,)
Testing data shape:  	(466, 30, 64, 2)
Testing label shape: 	(466,)
max input value is: 3457.31
min input value is: -4872.95
random permuted training data
==============================================================================
Model: 			inference_stcnn
Tensor Name: 	Placeholder:0
[128, 30, 64, 2]
==============================================================================
Tensor Name: conv0/conv0:0
[128, 1, 60, 4]
==============================================================================
Tensor Name: MaxPool:0
[128, 1, 30, 4]
==============================================================================
Tensor Name: conv1/conv1:0
[128, 1, 26, 32]
==============================================================================
Tensor Name: MaxPool_1:0
[128, 1, 13, 32]
==============================================================================
Tensor Name: conv2/conv2:0
[128, 1, 9, 64]
==============================================================================
Tensor Name: MaxPool_2:0
[128, 1, 4, 64]
==============================================================================
Tensor Name: local1/local1:0
[128, 128]
==============================================================================
Tensor Name: local2/local2:0
[128, 128]
==============================================================================
Tensor Name: softmax_linear/softmax_linear:0
[128, 2]
Step 0: loss = 0.8164 (0.036 sec)
Training Data Eval:
  Num examples: 3584  Num correct: 2030  Precision @ 1: 0.5664  AUC @ 1: 0.5320
Validation Data Eval:
  Num examples: 256  Num correct: 145  Precision @ 1: 0.5664  AUC @ 1: 0.5667
Test Data Eval:
  Num examples: 384  Num correct: 181  Precision @ 1: 0.4714  AUC @ 1: 0.9203
Step 200: loss = 0.8130 (0.020 sec)
Training Data Eval:
  Num examples: 3584  Num correct: 2022  Precision @ 1: 0.5642  AUC @ 1: 0.5392
Validation Data Eval:
  Num examples: 256  Num correct: 145  Precision @ 1: 0.5664  AUC @ 1: 0.5656
Test Data Eval:
  Num examples: 384  Num correct: 219  Precision @ 1: 0.5703  AUC @ 1: 0.9398
Step 400: loss = 0.7975 (0.019 sec)
Training Data Eval:
  Num examples: 3584  Num correct: 2031  Precision @ 1: 0.5667  AUC @ 1: 0.5294
Validation Data Eval:
  Num examples: 256  Num correct: 145  Precision @ 1: 0.5664  AUC @ 1: 0.5650
Test Data Eval:
  Num examples: 384  Num correct: 218  Precision @ 1: 0.5677  AUC @ 1: 0.9437
Step 600: loss = 0.8017 (0.019 sec)
Training Data Eval:
  Num examples: 3584  Num correct: 2034  Precision @ 1: 0.5675  AUC @ 1: 0.5402
Validation Data Eval:
  Num examples: 256  Num correct: 145  Precision @ 1: 0.5664  AUC @ 1: 0.5646
Test Data Eval:
  Num examples: 384  Num correct: 219  Precision @ 1: 0.5703  AUC @ 1: 0.9542
Step 800: loss = 0.8145 (0.020 sec)
Training Data Eval:
  Num examples: 3584  Num correct: 2045  Precision @ 1: 0.5706  AUC @ 1: 0.5329
Validation Data Eval:
  Num examples: 256  Num correct: 145  Precision @ 1: 0.5664  AUC @ 1: 0.5654
Test Data Eval:
  Num examples: 384  Num correct: 213  Precision @ 1: 0.5547  AUC @ 1: 0.9410
Step 1000: loss = 0.8041 (0.020 sec)
Training Data Eval:
  Num examples: 3584  Num correct: 1997  Precision @ 1: 0.5572  AUC @ 1: 0.5401
Validation Data Eval:
  Num examples: 256  Num correct: 145  Precision @ 1: 0.5664  AUC @ 1: 0.5672
Test Data Eval:
  Num examples: 384  Num correct: 212  Precision @ 1: 0.5521  AUC @ 1: 0.9407
Step 1200: loss = 0.7986 (0.017 sec)
Training Data Eval:
  Num examples: 3584  Num correct: 2030  Precision @ 1: 0.5664  AUC @ 1: 0.5341
Validation Data Eval:
  Num examples: 256  Num correct: 145  Precision @ 1: 0.5664  AUC @ 1: 0.5693
Test Data Eval:
  Num examples: 384  Num correct: 215  Precision @ 1: 0.5599  AUC @ 1: 0.9499
Step 1400: loss = 0.8033 (0.052 sec)
Training Data Eval:
  Num examples: 3584  Num correct: 2026  Precision @ 1: 0.5653  AUC @ 1: 0.5291
Validation Data Eval:
  Num examples: 256  Num correct: 145  Precision @ 1: 0.5664  AUC @ 1: 0.5702
Test Data Eval:
  Num examples: 384  Num correct: 222  Precision @ 1: 0.5781  AUC @ 1: 0.9335
Step 1600: loss = 0.7960 (0.018 sec)
Training Data Eval:
  Num examples: 3584  Num correct: 2018  Precision @ 1: 0.5631  AUC @ 1: 0.5384
Validation Data Eval:
  Num examples: 256  Num correct: 145  Precision @ 1: 0.5664  AUC @ 1: 0.5704
Test Data Eval:
  Num examples: 384  Num correct: 222  Precision @ 1: 0.5781  AUC @ 1: 0.9263
Step 1800: loss = 0.8015 (0.020 sec)
Training Data Eval:
  Num examples: 3584  Num correct: 2015  Precision @ 1: 0.5622  AUC @ 1: 0.5314
Validation Data Eval:
  Num examples: 256  Num correct: 145  Precision @ 1: 0.5664  AUC @ 1: 0.5709
Test Data Eval:
  Num examples: 384  Num correct: 217  Precision @ 1: 0.5651  AUC @ 1: 0.9216
Step 2000: loss = 0.8093 (0.020 sec)
Training Data Eval:
  Num examples: 3584  Num correct: 2030  Precision @ 1: 0.5664  AUC @ 1: 0.5369
Validation Data Eval:
  Num examples: 256  Num correct: 145  Precision @ 1: 0.5664  AUC @ 1: 0.5694
Test Data Eval:
  Num examples: 384  Num correct: 216  Precision @ 1: 0.5625  AUC @ 1: 0.9180
Step 2200: loss = 0.7811 (0.020 sec)
Training Data Eval:
  Num examples: 3584  Num correct: 2018  Precision @ 1: 0.5631  AUC @ 1: 0.5368
Validation Data Eval:
  Num examples: 256  Num correct: 145  Precision @ 1: 0.5664  AUC @ 1: 0.5682
Test Data Eval:
  Num examples: 384  Num correct: 211  Precision @ 1: 0.5495  AUC @ 1: 0.9142
Step 2400: loss = 0.8013 (0.020 sec)
Training Data Eval:
  Num examples: 3584  Num correct: 2013  Precision @ 1: 0.5617  AUC @ 1: 0.5420
Validation Data Eval:
  Num examples: 256  Num correct: 145  Precision @ 1: 0.5664  AUC @ 1: 0.5676
Test Data Eval:
  Num examples: 384  Num correct: 219  Precision @ 1: 0.5703  AUC @ 1: 0.9029
Step 2600: loss = 0.7671 (0.020 sec)
Training Data Eval:
  Num examples: 3584  Num correct: 2025  Precision @ 1: 0.5650  AUC @ 1: 0.5348
Validation Data Eval:
  Num examples: 256  Num correct: 145  Precision @ 1: 0.5664  AUC @ 1: 0.5667
Test Data Eval:
  Num examples: 384  Num correct: 214  Precision @ 1: 0.5573  AUC @ 1: 0.9036
Step 2800: loss = 0.8078 (0.050 sec)
Training Data Eval:
  Num examples: 3584  Num correct: 2045  Precision @ 1: 0.5706  AUC @ 1: 0.5372
Validation Data Eval:
  Num examples: 256  Num correct: 145  Precision @ 1: 0.5664  AUC @ 1: 0.5673
Test Data Eval:
  Num examples: 384  Num correct: 222  Precision @ 1: 0.5781  AUC @ 1: 0.9087
Step 3000: loss = 0.7899 (0.020 sec)
Training Data Eval:
  Num examples: 3584  Num correct: 2058  Precision @ 1: 0.5742  AUC @ 1: 0.5427
Validation Data Eval:
  Num examples: 256  Num correct: 145  Precision @ 1: 0.5664  AUC @ 1: 0.5678
Test Data Eval:
  Num examples: 384  Num correct: 215  Precision @ 1: 0.5599  AUC @ 1: 0.9012
Step 3200: loss = 0.7809 (0.018 sec)
Training Data Eval:
  Num examples: 3584  Num correct: 2034  Precision @ 1: 0.5675  AUC @ 1: 0.5428
Validation Data Eval:
  Num examples: 256  Num correct: 145  Precision @ 1: 0.5664  AUC @ 1: 0.5671
Test Data Eval:
  Num examples: 384  Num correct: 218  Precision @ 1: 0.5677  AUC @ 1: 0.8933
Step 3400: loss = 0.7959 (0.018 sec)
Training Data Eval:
  Num examples: 3584  Num correct: 2036  Precision @ 1: 0.5681  AUC @ 1: 0.5505
Validation Data Eval:
  Num examples: 256  Num correct: 145  Precision @ 1: 0.5664  AUC @ 1: 0.5669
Test Data Eval:
  Num examples: 384  Num correct: 219  Precision @ 1: 0.5703  AUC @ 1: 0.8938
Step 3600: loss = 0.7884 (0.021 sec)
Training Data Eval:
  Num examples: 3584  Num correct: 2018  Precision @ 1: 0.5631  AUC @ 1: 0.5428
Validation Data Eval:
  Num examples: 256  Num correct: 145  Precision @ 1: 0.5664  AUC @ 1: 0.5673
Test Data Eval:
  Num examples: 384  Num correct: 212  Precision @ 1: 0.5521  AUC @ 1: 0.8727
Step 3800: loss = 0.8026 (0.020 sec)
Training Data Eval:
  Num examples: 3584  Num correct: 2037  Precision @ 1: 0.5684  AUC @ 1: 0.5443
Validation Data Eval:
  Num examples: 256  Num correct: 145  Precision @ 1: 0.5664  AUC @ 1: 0.5679
Test Data Eval:
  Num examples: 384  Num correct: 217  Precision @ 1: 0.5651  AUC @ 1: 0.8676
Step 4000: loss = 0.7809 (0.021 sec)
Training Data Eval:
  Num examples: 3584  Num correct: 2027  Precision @ 1: 0.5656  AUC @ 1: 0.5530
Validation Data Eval:
  Num examples: 256  Num correct: 145  Precision @ 1: 0.5664  AUC @ 1: 0.5682
Test Data Eval:
  Num examples: 384  Num correct: 213  Precision @ 1: 0.5547  AUC @ 1: 0.8781
Step 4200: loss = 0.7921 (0.056 sec)
Training Data Eval:
  Num examples: 3584  Num correct: 2043  Precision @ 1: 0.5700  AUC @ 1: 0.5666
Validation Data Eval:
  Num examples: 256  Num correct: 145  Precision @ 1: 0.5664  AUC @ 1: 0.5686
Test Data Eval:
  Num examples: 384  Num correct: 221  Precision @ 1: 0.5755  AUC @ 1: 0.8502
Step 4400: loss = 0.7893 (0.021 sec)
Training Data Eval:
  Num examples: 3584  Num correct: 2038  Precision @ 1: 0.5686  AUC @ 1: 0.5585
Validation Data Eval:
  Num examples: 256  Num correct: 145  Precision @ 1: 0.5664  AUC @ 1: 0.5684
Test Data Eval:
  Num examples: 384  Num correct: 221  Precision @ 1: 0.5755  AUC @ 1: 0.8281
Step 4600: loss = 0.7824 (0.020 sec)
Training Data Eval:
  Num examples: 3584  Num correct: 2042  Precision @ 1: 0.5698  AUC @ 1: 0.5693
Validation Data Eval:
  Num examples: 256  Num correct: 145  Precision @ 1: 0.5664  AUC @ 1: 0.5677
Test Data Eval:
  Num examples: 384  Num correct: 218  Precision @ 1: 0.5677  AUC @ 1: 0.8243
Step 4800: loss = 0.7779 (0.020 sec)
Training Data Eval:
  Num examples: 3584  Num correct: 2032  Precision @ 1: 0.5670  AUC @ 1: 0.5570
Validation Data Eval:
  Num examples: 256  Num correct: 145  Precision @ 1: 0.5664  AUC @ 1: 0.5660
Test Data Eval:
  Num examples: 384  Num correct: 215  Precision @ 1: 0.5599  AUC @ 1: 0.8282
Step 5000: loss = 0.7673 (0.022 sec)
Training Data Eval:
  Num examples: 3584  Num correct: 2025  Precision @ 1: 0.5650  AUC @ 1: 0.5600
Validation Data Eval:
  Num examples: 256  Num correct: 145  Precision @ 1: 0.5664  AUC @ 1: 0.5648
Test Data Eval:
  Num examples: 384  Num correct: 219  Precision @ 1: 0.5703  AUC @ 1: 0.8421
Step 5200: loss = 0.7889 (0.022 sec)
Training Data Eval:
  Num examples: 3584  Num correct: 2008  Precision @ 1: 0.5603  AUC @ 1: 0.5625
Validation Data Eval:
  Num examples: 256  Num correct: 145  Precision @ 1: 0.5664  AUC @ 1: 0.5641
Test Data Eval:
  Num examples: 384  Num correct: 215  Precision @ 1: 0.5599  AUC @ 1: 0.8197
Step 5400: loss = 0.7734 (0.020 sec)
Training Data Eval:
  Num examples: 3584  Num correct: 2029  Precision @ 1: 0.5661  AUC @ 1: 0.5614
Validation Data Eval:
  Num examples: 256  Num correct: 145  Precision @ 1: 0.5664  AUC @ 1: 0.5635
Test Data Eval:
  Num examples: 384  Num correct: 220  Precision @ 1: 0.5729  AUC @ 1: 0.8257
Step 5600: loss = 0.7905 (0.054 sec)
Training Data Eval:
  Num examples: 3584  Num correct: 2030  Precision @ 1: 0.5664  AUC @ 1: 0.5661
Validation Data Eval:
  Num examples: 256  Num correct: 145  Precision @ 1: 0.5664  AUC @ 1: 0.5625
Test Data Eval:
  Num examples: 384  Num correct: 212  Precision @ 1: 0.5521  AUC @ 1: 0.8307
Step 5800: loss = 0.7825 (0.020 sec)
Training Data Eval:
  Num examples: 3584  Num correct: 2025  Precision @ 1: 0.5650  AUC @ 1: 0.5661
Validation Data Eval:
  Num examples: 256  Num correct: 145  Precision @ 1: 0.5664  AUC @ 1: 0.5620
Test Data Eval:
  Num examples: 384  Num correct: 220  Precision @ 1: 0.5729  AUC @ 1: 0.8288
Step 6000: loss = 0.7575 (0.019 sec)
Training Data Eval:
  Num examples: 3584  Num correct: 2045  Precision @ 1: 0.5706  AUC @ 1: 0.5733
Validation Data Eval:
  Num examples: 256  Num correct: 145  Precision @ 1: 0.5664  AUC @ 1: 0.5614
Test Data Eval:
  Num examples: 384  Num correct: 220  Precision @ 1: 0.5729  AUC @ 1: 0.8121
Step 6200: loss = 0.7847 (0.020 sec)
Training Data Eval:
  Num examples: 3584  Num correct: 2027  Precision @ 1: 0.5656  AUC @ 1: 0.5701
Validation Data Eval:
  Num examples: 256  Num correct: 145  Precision @ 1: 0.5664  AUC @ 1: 0.5594
Test Data Eval:
  Num examples: 384  Num correct: 217  Precision @ 1: 0.5651  AUC @ 1: 0.8251
Step 6400: loss = 0.7604 (0.021 sec)
Training Data Eval:
  Num examples: 3584  Num correct: 2054  Precision @ 1: 0.5731  AUC @ 1: 0.5747
Validation Data Eval:
  Num examples: 256  Num correct: 145  Precision @ 1: 0.5664  AUC @ 1: 0.5581
Test Data Eval:
  Num examples: 384  Num correct: 212  Precision @ 1: 0.5521  AUC @ 1: 0.8252
Step 6600: loss = 0.7813 (0.021 sec)
Training Data Eval:
  Num examples: 3584  Num correct: 2008  Precision @ 1: 0.5603  AUC @ 1: 0.5736
Validation Data Eval:
  Num examples: 256  Num correct: 145  Precision @ 1: 0.5664  AUC @ 1: 0.5579
Test Data Eval:
  Num examples: 384  Num correct: 218  Precision @ 1: 0.5677  AUC @ 1: 0.8251
Step 6800: loss = 0.7607 (0.021 sec)
Training Data Eval:
  Num examples: 3584  Num correct: 2032  Precision @ 1: 0.5670  AUC @ 1: 0.5684
Validation Data Eval:
  Num examples: 256  Num correct: 145  Precision @ 1: 0.5664  AUC @ 1: 0.5571
Test Data Eval:
  Num examples: 384  Num correct: 210  Precision @ 1: 0.5469  AUC @ 1: 0.8389
Step 7000: loss = 0.7543 (0.052 sec)
Training Data Eval:
  Num examples: 3584  Num correct: 2050  Precision @ 1: 0.5720  AUC @ 1: 0.5570
Validation Data Eval:
  Num examples: 256  Num correct: 145  Precision @ 1: 0.5664  AUC @ 1: 0.5556
Test Data Eval:
  Num examples: 384  Num correct: 215  Precision @ 1: 0.5599  AUC @ 1: 0.8229
Step 7200: loss = 0.7573 (0.020 sec)
Training Data Eval:
  Num examples: 3584  Num correct: 2020  Precision @ 1: 0.5636  AUC @ 1: 0.5672
Validation Data Eval:
  Num examples: 256  Num correct: 145  Precision @ 1: 0.5664  AUC @ 1: 0.5551
Test Data Eval:
  Num examples: 384  Num correct: 216  Precision @ 1: 0.5625  AUC @ 1: 0.8121
Step 7400: loss = 0.7488 (0.020 sec)
Training Data Eval:
  Num examples: 3584  Num correct: 2026  Precision @ 1: 0.5653  AUC @ 1: 0.5553
Validation Data Eval:
  Num examples: 256  Num correct: 145  Precision @ 1: 0.5664  AUC @ 1: 0.5541
Test Data Eval:
  Num examples: 384  Num correct: 221  Precision @ 1: 0.5755  AUC @ 1: 0.8204
Step 7600: loss = 0.7884 (0.019 sec)
Training Data Eval:
  Num examples: 3584  Num correct: 2018  Precision @ 1: 0.5631  AUC @ 1: 0.5634
Validation Data Eval:
  Num examples: 256  Num correct: 145  Precision @ 1: 0.5664  AUC @ 1: 0.5537
Test Data Eval:
  Num examples: 384  Num correct: 220  Precision @ 1: 0.5729  AUC @ 1: 0.8262
Step 7800: loss = 0.7565 (0.018 sec)
Training Data Eval:
  Num examples: 3584  Num correct: 2050  Precision @ 1: 0.5720  AUC @ 1: 0.5629
Validation Data Eval:
  Num examples: 256  Num correct: 145  Precision @ 1: 0.5664  AUC @ 1: 0.5523
Test Data Eval:
  Num examples: 384  Num correct: 218  Precision @ 1: 0.5677  AUC @ 1: 0.8207
Step 8000: loss = 0.7620 (0.021 sec)
Training Data Eval:
  Num examples: 3584  Num correct: 2012  Precision @ 1: 0.5614  AUC @ 1: 0.5728
Validation Data Eval:
  Num examples: 256  Num correct: 145  Precision @ 1: 0.5664  AUC @ 1: 0.5517
Test Data Eval:
  Num examples: 384  Num correct: 217  Precision @ 1: 0.5651  AUC @ 1: 0.8166
Step 8200: loss = 0.7574 (0.021 sec)
Training Data Eval:
  Num examples: 3584  Num correct: 2030  Precision @ 1: 0.5664  AUC @ 1: 0.5744
Validation Data Eval:
  Num examples: 256  Num correct: 144  Precision @ 1: 0.5625  AUC @ 1: 0.5518
Test Data Eval:
  Num examples: 384  Num correct: 213  Precision @ 1: 0.5547  AUC @ 1: 0.8323
Step 8400: loss = 0.7853 (0.048 sec)
Training Data Eval:
  Num examples: 3584  Num correct: 2038  Precision @ 1: 0.5686  AUC @ 1: 0.5855
Validation Data Eval:
  Num examples: 256  Num correct: 144  Precision @ 1: 0.5625  AUC @ 1: 0.5513
Test Data Eval:
  Num examples: 384  Num correct: 217  Precision @ 1: 0.5651  AUC @ 1: 0.8299
Step 8600: loss = 0.7654 (0.018 sec)
Training Data Eval:
  Num examples: 3584  Num correct: 2036  Precision @ 1: 0.5681  AUC @ 1: 0.5789
Validation Data Eval:
  Num examples: 256  Num correct: 144  Precision @ 1: 0.5625  AUC @ 1: 0.5498
Test Data Eval:
  Num examples: 384  Num correct: 212  Precision @ 1: 0.5521  AUC @ 1: 0.8146
Step 8800: loss = 0.7971 (0.021 sec)
Training Data Eval:
  Num examples: 3584  Num correct: 2016  Precision @ 1: 0.5625  AUC @ 1: 0.5808
Validation Data Eval:
  Num examples: 256  Num correct: 143  Precision @ 1: 0.5586  AUC @ 1: 0.5495
Test Data Eval:
  Num examples: 384  Num correct: 215  Precision @ 1: 0.5599  AUC @ 1: 0.8364
Step 9000: loss = 0.7678 (0.019 sec)
Training Data Eval:
  Num examples: 3584  Num correct: 2026  Precision @ 1: 0.5653  AUC @ 1: 0.5759
Validation Data Eval:
  Num examples: 256  Num correct: 143  Precision @ 1: 0.5586  AUC @ 1: 0.5492
Test Data Eval:
  Num examples: 384  Num correct: 217  Precision @ 1: 0.5651  AUC @ 1: 0.8263
Step 9200: loss = 0.7905 (0.020 sec)
Training Data Eval:
  Num examples: 3584  Num correct: 2060  Precision @ 1: 0.5748  AUC @ 1: 0.5719
Validation Data Eval:
  Num examples: 256  Num correct: 143  Precision @ 1: 0.5586  AUC @ 1: 0.5491
Test Data Eval:
  Num examples: 384  Num correct: 212  Precision @ 1: 0.5521  AUC @ 1: 0.8333
Step 9400: loss = 0.7573 (0.021 sec)
Training Data Eval:
  Num examples: 3584  Num correct: 2074  Precision @ 1: 0.5787  AUC @ 1: 0.5782
Validation Data Eval:
  Num examples: 256  Num correct: 143  Precision @ 1: 0.5586  AUC @ 1: 0.5490
Test Data Eval:
  Num examples: 384  Num correct: 210  Precision @ 1: 0.5469  AUC @ 1: 0.8303
Step 9600: loss = 0.7594 (0.021 sec)
Training Data Eval:
  Num examples: 3584  Num correct: 2079  Precision @ 1: 0.5801  AUC @ 1: 0.5793
Validation Data Eval:
  Num examples: 256  Num correct: 144  Precision @ 1: 0.5625  AUC @ 1: 0.5487
Test Data Eval:
  Num examples: 384  Num correct: 214  Precision @ 1: 0.5573  AUC @ 1: 0.8148
Step 9800: loss = 0.7566 (0.054 sec)
Training Data Eval:
  Num examples: 3584  Num correct: 2058  Precision @ 1: 0.5742  AUC @ 1: 0.5811
Validation Data Eval:
  Num examples: 256  Num correct: 144  Precision @ 1: 0.5625  AUC @ 1: 0.5484
Test Data Eval:
  Num examples: 384  Num correct: 204  Precision @ 1: 0.5312  AUC @ 1: 0.8188
