Training data shape: 	(3881, 30, 64, 2)
Training label shape:	(3881,)
Testing data shape:  	(454, 30, 64, 2)
Testing label shape: 	(454,)
max input value is: 3457.31
min input value is: -4872.95
random permuted training data
==============================================================================
Model: 			inference_stcnn
Tensor Name: 	Placeholder:0
[128, 30, 64, 2]
==============================================================================
Tensor Name: conv0/conv0:0
[128, 1, 60, 8]
==============================================================================
Tensor Name: MaxPool:0
[128, 1, 30, 8]
==============================================================================
Tensor Name: conv1/conv1:0
[128, 1, 26, 8]
==============================================================================
Tensor Name: MaxPool_1:0
[128, 1, 13, 8]
==============================================================================
Tensor Name: conv2/conv2:0
[128, 1, 9, 16]
==============================================================================
Tensor Name: MaxPool_2:0
[128, 1, 4, 16]
==============================================================================
Tensor Name: local1/local1:0
[128, 128]
==============================================================================
Tensor Name: local2/local2:0
[128, 128]
==============================================================================
Tensor Name: softmax_linear/softmax_linear:0
[128, 2]
Step 0: loss = 0.7564 (0.038 sec)
Training Data Eval:
  Num examples: 3584  Num correct: 2022  Precision @ 1: 0.5642  AUC @ 1: 0.4651
Validation Data Eval:
  Num examples: 256  Num correct: 141  Precision @ 1: 0.5508  AUC @ 1: 0.4624
Test Data Eval:
  Num examples: 384  Num correct: 187  Precision @ 1: 0.4870  AUC @ 1: 0.3051
Step 200: loss = 0.7402 (0.022 sec)
Training Data Eval:
  Num examples: 3584  Num correct: 2028  Precision @ 1: 0.5658  AUC @ 1: 0.4654
Validation Data Eval:
  Num examples: 256  Num correct: 141  Precision @ 1: 0.5508  AUC @ 1: 0.4588
Test Data Eval:
  Num examples: 384  Num correct: 219  Precision @ 1: 0.5703  AUC @ 1: 0.3259
Step 400: loss = 0.7297 (0.022 sec)
Training Data Eval:
  Num examples: 3584  Num correct: 2028  Precision @ 1: 0.5658  AUC @ 1: 0.4672
Validation Data Eval:
  Num examples: 256  Num correct: 141  Precision @ 1: 0.5508  AUC @ 1: 0.4689
Test Data Eval:
  Num examples: 384  Num correct: 222  Precision @ 1: 0.5781  AUC @ 1: 0.3787
Step 600: loss = 0.7344 (0.021 sec)
Training Data Eval:
  Num examples: 3584  Num correct: 2019  Precision @ 1: 0.5633  AUC @ 1: 0.4707
Validation Data Eval:
  Num examples: 256  Num correct: 141  Precision @ 1: 0.5508  AUC @ 1: 0.4731
Test Data Eval:
  Num examples: 384  Num correct: 218  Precision @ 1: 0.5677  AUC @ 1: 0.3816
Step 800: loss = 0.7278 (0.022 sec)
Training Data Eval:
  Num examples: 3584  Num correct: 2009  Precision @ 1: 0.5605  AUC @ 1: 0.4835
Validation Data Eval:
  Num examples: 256  Num correct: 141  Precision @ 1: 0.5508  AUC @ 1: 0.4735
Test Data Eval:
  Num examples: 384  Num correct: 220  Precision @ 1: 0.5729  AUC @ 1: 0.4214
Step 1000: loss = 0.7376 (0.023 sec)
Training Data Eval:
  Num examples: 3584  Num correct: 2045  Precision @ 1: 0.5706  AUC @ 1: 0.4813
Validation Data Eval:
  Num examples: 256  Num correct: 141  Precision @ 1: 0.5508  AUC @ 1: 0.4746
Test Data Eval:
  Num examples: 384  Num correct: 212  Precision @ 1: 0.5521  AUC @ 1: 0.4609
Step 1200: loss = 0.7584 (0.022 sec)
Training Data Eval:
  Num examples: 3584  Num correct: 2032  Precision @ 1: 0.5670  AUC @ 1: 0.4822
Validation Data Eval:
  Num examples: 256  Num correct: 141  Precision @ 1: 0.5508  AUC @ 1: 0.4785
Test Data Eval:
  Num examples: 384  Num correct: 220  Precision @ 1: 0.5729  AUC @ 1: 0.5123
Step 1400: loss = 0.7640 (0.055 sec)
Training Data Eval:
  Num examples: 3584  Num correct: 2042  Precision @ 1: 0.5698  AUC @ 1: 0.4884
Validation Data Eval:
  Num examples: 256  Num correct: 141  Precision @ 1: 0.5508  AUC @ 1: 0.4883
Test Data Eval:
  Num examples: 384  Num correct: 219  Precision @ 1: 0.5703  AUC @ 1: 0.5496
Step 1600: loss = 0.7608 (0.024 sec)
Training Data Eval:
  Num examples: 3584  Num correct: 2041  Precision @ 1: 0.5695  AUC @ 1: 0.4944
Validation Data Eval:
  Num examples: 256  Num correct: 141  Precision @ 1: 0.5508  AUC @ 1: 0.4924
Test Data Eval:
  Num examples: 384  Num correct: 218  Precision @ 1: 0.5677  AUC @ 1: 0.5864
Step 1800: loss = 0.7321 (0.022 sec)
Training Data Eval:
  Num examples: 3584  Num correct: 2036  Precision @ 1: 0.5681  AUC @ 1: 0.4960
Validation Data Eval:
  Num examples: 256  Num correct: 141  Precision @ 1: 0.5508  AUC @ 1: 0.5010
Test Data Eval:
  Num examples: 384  Num correct: 214  Precision @ 1: 0.5573  AUC @ 1: 0.6504
Step 2000: loss = 0.7391 (0.022 sec)
Training Data Eval:
  Num examples: 3584  Num correct: 2047  Precision @ 1: 0.5711  AUC @ 1: 0.5004
Validation Data Eval:
  Num examples: 256  Num correct: 141  Precision @ 1: 0.5508  AUC @ 1: 0.5098
Test Data Eval:
  Num examples: 384  Num correct: 218  Precision @ 1: 0.5677  AUC @ 1: 0.6903
Step 2200: loss = 0.7547 (0.024 sec)
Training Data Eval:
  Num examples: 3584  Num correct: 2040  Precision @ 1: 0.5692  AUC @ 1: 0.5014
Validation Data Eval:
  Num examples: 256  Num correct: 141  Precision @ 1: 0.5508  AUC @ 1: 0.5149
Test Data Eval:
  Num examples: 384  Num correct: 215  Precision @ 1: 0.5599  AUC @ 1: 0.7197
Step 2400: loss = 0.7587 (0.020 sec)
Training Data Eval:
  Num examples: 3584  Num correct: 2026  Precision @ 1: 0.5653  AUC @ 1: 0.5000
Validation Data Eval:
  Num examples: 256  Num correct: 141  Precision @ 1: 0.5508  AUC @ 1: 0.5214
Test Data Eval:
  Num examples: 384  Num correct: 219  Precision @ 1: 0.5703  AUC @ 1: 0.7733
Step 2600: loss = 0.7359 (0.021 sec)
Training Data Eval:
  Num examples: 3584  Num correct: 2027  Precision @ 1: 0.5656  AUC @ 1: 0.5054
Validation Data Eval:
  Num examples: 256  Num correct: 141  Precision @ 1: 0.5508  AUC @ 1: 0.5252
Test Data Eval:
  Num examples: 384  Num correct: 211  Precision @ 1: 0.5495  AUC @ 1: 0.7953
Step 2800: loss = 0.7287 (0.055 sec)
Training Data Eval:
  Num examples: 3584  Num correct: 2024  Precision @ 1: 0.5647  AUC @ 1: 0.5082
Validation Data Eval:
  Num examples: 256  Num correct: 141  Precision @ 1: 0.5508  AUC @ 1: 0.5270
Test Data Eval:
  Num examples: 384  Num correct: 222  Precision @ 1: 0.5781  AUC @ 1: 0.8228
Step 3000: loss = 0.7368 (0.022 sec)
Training Data Eval:
  Num examples: 3584  Num correct: 2062  Precision @ 1: 0.5753  AUC @ 1: 0.5159
Validation Data Eval:
  Num examples: 256  Num correct: 141  Precision @ 1: 0.5508  AUC @ 1: 0.5279
Test Data Eval:
  Num examples: 384  Num correct: 223  Precision @ 1: 0.5807  AUC @ 1: 0.8588
Step 3200: loss = 0.7301 (0.024 sec)
Training Data Eval:
  Num examples: 3584  Num correct: 2013  Precision @ 1: 0.5617  AUC @ 1: 0.5090
Validation Data Eval:
  Num examples: 256  Num correct: 141  Precision @ 1: 0.5508  AUC @ 1: 0.5298
Test Data Eval:
  Num examples: 384  Num correct: 221  Precision @ 1: 0.5755  AUC @ 1: 0.8475
Step 3400: loss = 0.7443 (0.023 sec)
Training Data Eval:
  Num examples: 3584  Num correct: 2028  Precision @ 1: 0.5658  AUC @ 1: 0.5274
Validation Data Eval:
  Num examples: 256  Num correct: 141  Precision @ 1: 0.5508  AUC @ 1: 0.5327
Test Data Eval:
  Num examples: 384  Num correct: 214  Precision @ 1: 0.5573  AUC @ 1: 0.8834
Step 3600: loss = 0.7457 (0.020 sec)
Training Data Eval:
  Num examples: 3584  Num correct: 2007  Precision @ 1: 0.5600  AUC @ 1: 0.5236
Validation Data Eval:
  Num examples: 256  Num correct: 141  Precision @ 1: 0.5508  AUC @ 1: 0.5336
Test Data Eval:
  Num examples: 384  Num correct: 230  Precision @ 1: 0.5990  AUC @ 1: 0.8856
Step 3800: loss = 0.7222 (0.023 sec)
Training Data Eval:
  Num examples: 3584  Num correct: 2053  Precision @ 1: 0.5728  AUC @ 1: 0.5271
Validation Data Eval:
  Num examples: 256  Num correct: 141  Precision @ 1: 0.5508  AUC @ 1: 0.5317
Test Data Eval:
  Num examples: 384  Num correct: 225  Precision @ 1: 0.5859  AUC @ 1: 0.9201
Step 4000: loss = 0.7184 (0.021 sec)
Training Data Eval:
  Num examples: 3584  Num correct: 2022  Precision @ 1: 0.5642  AUC @ 1: 0.5277
Validation Data Eval:
  Num examples: 256  Num correct: 141  Precision @ 1: 0.5508  AUC @ 1: 0.5307
Test Data Eval:
  Num examples: 384  Num correct: 223  Precision @ 1: 0.5807  AUC @ 1: 0.8973
Step 4200: loss = 0.7322 (0.058 sec)
Training Data Eval:
  Num examples: 3584  Num correct: 2039  Precision @ 1: 0.5689  AUC @ 1: 0.5281
Validation Data Eval:
  Num examples: 256  Num correct: 141  Precision @ 1: 0.5508  AUC @ 1: 0.5307
Test Data Eval:
  Num examples: 384  Num correct: 221  Precision @ 1: 0.5755  AUC @ 1: 0.9044
Step 4400: loss = 0.7383 (0.023 sec)
Training Data Eval:
  Num examples: 3584  Num correct: 2059  Precision @ 1: 0.5745  AUC @ 1: 0.5250
Validation Data Eval:
  Num examples: 256  Num correct: 141  Precision @ 1: 0.5508  AUC @ 1: 0.5301
Test Data Eval:
  Num examples: 384  Num correct: 216  Precision @ 1: 0.5625  AUC @ 1: 0.9138
Step 4600: loss = 0.7291 (0.023 sec)
Training Data Eval:
  Num examples: 3584  Num correct: 2037  Precision @ 1: 0.5684  AUC @ 1: 0.5499
Validation Data Eval:
  Num examples: 256  Num correct: 141  Precision @ 1: 0.5508  AUC @ 1: 0.5272
Test Data Eval:
  Num examples: 384  Num correct: 225  Precision @ 1: 0.5859  AUC @ 1: 0.9348
Step 4800: loss = 0.7416 (0.023 sec)
Training Data Eval:
  Num examples: 3584  Num correct: 2038  Precision @ 1: 0.5686  AUC @ 1: 0.5313
Validation Data Eval:
  Num examples: 256  Num correct: 141  Precision @ 1: 0.5508  AUC @ 1: 0.5251
Test Data Eval:
  Num examples: 384  Num correct: 217  Precision @ 1: 0.5651  AUC @ 1: 0.9236
Step 5000: loss = 0.7328 (0.024 sec)
Training Data Eval:
  Num examples: 3584  Num correct: 2044  Precision @ 1: 0.5703  AUC @ 1: 0.5397
Validation Data Eval:
  Num examples: 256  Num correct: 141  Precision @ 1: 0.5508  AUC @ 1: 0.5241
Test Data Eval:
  Num examples: 384  Num correct: 215  Precision @ 1: 0.5599  AUC @ 1: 0.9262
Step 5200: loss = 0.7570 (0.024 sec)
Training Data Eval:
  Num examples: 3584  Num correct: 2027  Precision @ 1: 0.5656  AUC @ 1: 0.5378
Validation Data Eval:
  Num examples: 256  Num correct: 141  Precision @ 1: 0.5508  AUC @ 1: 0.5207
Test Data Eval:
  Num examples: 384  Num correct: 217  Precision @ 1: 0.5651  AUC @ 1: 0.9383
Step 5400: loss = 0.7470 (0.022 sec)
Training Data Eval:
  Num examples: 3584  Num correct: 2035  Precision @ 1: 0.5678  AUC @ 1: 0.5402
Validation Data Eval:
  Num examples: 256  Num correct: 141  Precision @ 1: 0.5508  AUC @ 1: 0.5181
Test Data Eval:
  Num examples: 384  Num correct: 215  Precision @ 1: 0.5599  AUC @ 1: 0.9358
Step 5600: loss = 0.7297 (0.054 sec)
Training Data Eval:
  Num examples: 3584  Num correct: 2009  Precision @ 1: 0.5605  AUC @ 1: 0.5454
Validation Data Eval:
  Num examples: 256  Num correct: 141  Precision @ 1: 0.5508  AUC @ 1: 0.5176
Test Data Eval:
  Num examples: 384  Num correct: 221  Precision @ 1: 0.5755  AUC @ 1: 0.9377
Step 5800: loss = 0.7162 (0.024 sec)
Training Data Eval:
  Num examples: 3584  Num correct: 2052  Precision @ 1: 0.5725  AUC @ 1: 0.5483
Validation Data Eval:
  Num examples: 256  Num correct: 141  Precision @ 1: 0.5508  AUC @ 1: 0.5172
Test Data Eval:
  Num examples: 384  Num correct: 216  Precision @ 1: 0.5625  AUC @ 1: 0.9325
Step 6000: loss = 0.7265 (0.022 sec)
Training Data Eval:
  Num examples: 3584  Num correct: 2018  Precision @ 1: 0.5631  AUC @ 1: 0.5336
Validation Data Eval:
  Num examples: 256  Num correct: 141  Precision @ 1: 0.5508  AUC @ 1: 0.5158
Test Data Eval:
  Num examples: 384  Num correct: 215  Precision @ 1: 0.5599  AUC @ 1: 0.9393
Step 6200: loss = 0.7393 (0.023 sec)
Training Data Eval:
  Num examples: 3584  Num correct: 2064  Precision @ 1: 0.5759  AUC @ 1: 0.5440
Validation Data Eval:
  Num examples: 256  Num correct: 141  Precision @ 1: 0.5508  AUC @ 1: 0.5147
Test Data Eval:
  Num examples: 384  Num correct: 217  Precision @ 1: 0.5651  AUC @ 1: 0.9431
Step 6400: loss = 0.7426 (0.023 sec)
Training Data Eval:
  Num examples: 3584  Num correct: 2038  Precision @ 1: 0.5686  AUC @ 1: 0.5406
Validation Data Eval:
  Num examples: 256  Num correct: 141  Precision @ 1: 0.5508  AUC @ 1: 0.5134
Test Data Eval:
  Num examples: 384  Num correct: 214  Precision @ 1: 0.5573  AUC @ 1: 0.9408
Step 6600: loss = 0.7338 (0.023 sec)
Training Data Eval:
  Num examples: 3584  Num correct: 2025  Precision @ 1: 0.5650  AUC @ 1: 0.5468
Validation Data Eval:
  Num examples: 256  Num correct: 141  Precision @ 1: 0.5508  AUC @ 1: 0.5124
Test Data Eval:
  Num examples: 384  Num correct: 217  Precision @ 1: 0.5651  AUC @ 1: 0.9328
Step 6800: loss = 0.7440 (0.021 sec)
Training Data Eval:
  Num examples: 3584  Num correct: 2029  Precision @ 1: 0.5661  AUC @ 1: 0.5452
Validation Data Eval:
  Num examples: 256  Num correct: 141  Precision @ 1: 0.5508  AUC @ 1: 0.5123
Test Data Eval:
  Num examples: 384  Num correct: 214  Precision @ 1: 0.5573  AUC @ 1: 0.9418
Step 7000: loss = 0.7334 (0.057 sec)
Training Data Eval:
  Num examples: 3584  Num correct: 2026  Precision @ 1: 0.5653  AUC @ 1: 0.5430
Validation Data Eval:
  Num examples: 256  Num correct: 141  Precision @ 1: 0.5508  AUC @ 1: 0.5117
Test Data Eval:
  Num examples: 384  Num correct: 215  Precision @ 1: 0.5599  AUC @ 1: 0.9416
Step 7200: loss = 0.7289 (0.023 sec)
Training Data Eval:
  Num examples: 3584  Num correct: 2054  Precision @ 1: 0.5731  AUC @ 1: 0.5381
Validation Data Eval:
  Num examples: 256  Num correct: 141  Precision @ 1: 0.5508  AUC @ 1: 0.5113
Test Data Eval:
  Num examples: 384  Num correct: 216  Precision @ 1: 0.5625  AUC @ 1: 0.9468
Step 7400: loss = 0.7328 (0.023 sec)
Training Data Eval:
  Num examples: 3584  Num correct: 2071  Precision @ 1: 0.5778  AUC @ 1: 0.5464
Validation Data Eval:
  Num examples: 256  Num correct: 141  Precision @ 1: 0.5508  AUC @ 1: 0.5106
Test Data Eval:
  Num examples: 384  Num correct: 224  Precision @ 1: 0.5833  AUC @ 1: 0.9363
Step 7600: loss = 0.7426 (0.022 sec)
Training Data Eval:
  Num examples: 3584  Num correct: 2025  Precision @ 1: 0.5650  AUC @ 1: 0.5460
Validation Data Eval:
  Num examples: 256  Num correct: 141  Precision @ 1: 0.5508  AUC @ 1: 0.5096
Test Data Eval:
  Num examples: 384  Num correct: 221  Precision @ 1: 0.5755  AUC @ 1: 0.9478
Step 7800: loss = 0.7450 (0.021 sec)
Training Data Eval:
  Num examples: 3584  Num correct: 2089  Precision @ 1: 0.5829  AUC @ 1: 0.5487
Validation Data Eval:
  Num examples: 256  Num correct: 141  Precision @ 1: 0.5508  AUC @ 1: 0.5087
Test Data Eval:
  Num examples: 384  Num correct: 221  Precision @ 1: 0.5755  AUC @ 1: 0.9440
Step 8000: loss = 0.7382 (0.021 sec)
Training Data Eval:
  Num examples: 3584  Num correct: 2027  Precision @ 1: 0.5656  AUC @ 1: 0.5375
Validation Data Eval:
  Num examples: 256  Num correct: 141  Precision @ 1: 0.5508  AUC @ 1: 0.5079
Test Data Eval:
  Num examples: 384  Num correct: 214  Precision @ 1: 0.5573  AUC @ 1: 0.9384
Step 8200: loss = 0.7194 (0.022 sec)
Training Data Eval:
  Num examples: 3584  Num correct: 2030  Precision @ 1: 0.5664  AUC @ 1: 0.5425
Validation Data Eval:
  Num examples: 256  Num correct: 141  Precision @ 1: 0.5508  AUC @ 1: 0.5072
Test Data Eval:
  Num examples: 384  Num correct: 221  Precision @ 1: 0.5755  AUC @ 1: 0.9419
Step 8400: loss = 0.7165 (0.051 sec)
Training Data Eval:
  Num examples: 3584  Num correct: 2029  Precision @ 1: 0.5661  AUC @ 1: 0.5452
Validation Data Eval:
  Num examples: 256  Num correct: 141  Precision @ 1: 0.5508  AUC @ 1: 0.5062
Test Data Eval:
  Num examples: 384  Num correct: 218  Precision @ 1: 0.5677  AUC @ 1: 0.9538
Step 8600: loss = 0.7312 (0.022 sec)
Training Data Eval:
  Num examples: 3584  Num correct: 2035  Precision @ 1: 0.5678  AUC @ 1: 0.5441
Validation Data Eval:
  Num examples: 256  Num correct: 141  Precision @ 1: 0.5508  AUC @ 1: 0.5061
Test Data Eval:
  Num examples: 384  Num correct: 216  Precision @ 1: 0.5625  AUC @ 1: 0.9358
Step 8800: loss = 0.7244 (0.023 sec)
Training Data Eval:
  Num examples: 3584  Num correct: 2016  Precision @ 1: 0.5625  AUC @ 1: 0.5520
Validation Data Eval:
  Num examples: 256  Num correct: 141  Precision @ 1: 0.5508  AUC @ 1: 0.5053
Test Data Eval:
  Num examples: 384  Num correct: 223  Precision @ 1: 0.5807  AUC @ 1: 0.9398
Step 9000: loss = 0.7326 (0.021 sec)
Training Data Eval:
  Num examples: 3584  Num correct: 2056  Precision @ 1: 0.5737  AUC @ 1: 0.5491
Validation Data Eval:
  Num examples: 256  Num correct: 141  Precision @ 1: 0.5508  AUC @ 1: 0.5056
Test Data Eval:
  Num examples: 384  Num correct: 220  Precision @ 1: 0.5729  AUC @ 1: 0.9348
Step 9200: loss = 0.7182 (0.021 sec)
Training Data Eval:
  Num examples: 3584  Num correct: 2057  Precision @ 1: 0.5739  AUC @ 1: 0.5535
Validation Data Eval:
  Num examples: 256  Num correct: 141  Precision @ 1: 0.5508  AUC @ 1: 0.5054
Test Data Eval:
  Num examples: 384  Num correct: 218  Precision @ 1: 0.5677  AUC @ 1: 0.9495
Step 9400: loss = 0.7401 (0.022 sec)
Training Data Eval:
  Num examples: 3584  Num correct: 2032  Precision @ 1: 0.5670  AUC @ 1: 0.5391
Validation Data Eval:
  Num examples: 256  Num correct: 141  Precision @ 1: 0.5508  AUC @ 1: 0.5052
Test Data Eval:
  Num examples: 384  Num correct: 221  Precision @ 1: 0.5755  AUC @ 1: 0.9364
Step 9600: loss = 0.7379 (0.022 sec)
Training Data Eval:
  Num examples: 3584  Num correct: 2028  Precision @ 1: 0.5658  AUC @ 1: 0.5460
Validation Data Eval:
  Num examples: 256  Num correct: 141  Precision @ 1: 0.5508  AUC @ 1: 0.5063
Test Data Eval:
  Num examples: 384  Num correct: 212  Precision @ 1: 0.5521  AUC @ 1: 0.9353
Step 9800: loss = 0.7023 (0.060 sec)
Training Data Eval:
  Num examples: 3584  Num correct: 2033  Precision @ 1: 0.5672  AUC @ 1: 0.5346
Validation Data Eval:
  Num examples: 256  Num correct: 141  Precision @ 1: 0.5508  AUC @ 1: 0.5061
Test Data Eval:
  Num examples: 384  Num correct: 219  Precision @ 1: 0.5703  AUC @ 1: 0.9416
