Training data shape: 	(10000, 64, 64, 1)
Training label shape:	(10000,)
Testing data shape:  	(1910, 64, 64, 1)
Testing label shape: 	(1910,)
max input value is: 153.458
min input value is: -104.189
random permuted training data
==============================================================================
Model: 			inference_local_s_cnn
Tensor Name: 	Placeholder:0
[64, 64, 64, 1]
==============================================================================
Tensor Name: conv0/conv0:0
[64, 60, 64, 2]
==============================================================================
Tensor Name: MaxPool:0
[64, 60, 32, 2]
==============================================================================
Tensor Name: local1/local1:0
[64, 128]
==============================================================================
Tensor Name: local2/local2:0
[64, 128]
==============================================================================
Tensor Name: softmax_linear/softmax_linear:0
[64, 2]
Step 0: loss = 1.9513 (0.027 sec)
Training Data Eval:
  Num examples: 8960  Num correct: 5080  Precision @ 1: 0.5670  AUC @ 1: 0.7349
Validation Data Eval:
  Num examples: 960  Num correct: 545  Precision @ 1: 0.5677  AUC @ 1: 0.7434
Test Data Eval:
  Num examples: 1856  Num correct: 1067  Precision @ 1: 0.5749  AUC @ 1: 0.6676
Step 100: loss = 1.8222 (0.017 sec)
Training Data Eval:
  Num examples: 8960  Num correct: 6404  Precision @ 1: 0.7147  AUC @ 1: 0.7968
Validation Data Eval:
  Num examples: 960  Num correct: 683  Precision @ 1: 0.7115  AUC @ 1: 0.8101
Test Data Eval:
  Num examples: 1856  Num correct: 1241  Precision @ 1: 0.6686  AUC @ 1: 0.7392
Step 200: loss = 1.6506 (0.018 sec)
Training Data Eval:
  Num examples: 8960  Num correct: 6637  Precision @ 1: 0.7407  AUC @ 1: 0.8226
Validation Data Eval:
  Num examples: 960  Num correct: 737  Precision @ 1: 0.7677  AUC @ 1: 0.8250
Test Data Eval:
  Num examples: 1856  Num correct: 1258  Precision @ 1: 0.6778  AUC @ 1: 0.7344
Step 300: loss = 1.6594 (0.017 sec)
Training Data Eval:
  Num examples: 8960  Num correct: 6855  Precision @ 1: 0.7651  AUC @ 1: 0.8444
Validation Data Eval:
  Num examples: 960  Num correct: 753  Precision @ 1: 0.7844  AUC @ 1: 0.8409
Test Data Eval:
  Num examples: 1856  Num correct: 1290  Precision @ 1: 0.6950  AUC @ 1: 0.7547
Step 400: loss = 1.3750 (0.017 sec)
Training Data Eval:
  Num examples: 8960  Num correct: 7112  Precision @ 1: 0.7937  AUC @ 1: 0.8665
Validation Data Eval:
  Num examples: 960  Num correct: 742  Precision @ 1: 0.7729  AUC @ 1: 0.8339
Test Data Eval:
  Num examples: 1856  Num correct: 1334  Precision @ 1: 0.7188  AUC @ 1: 0.7608
Step 500: loss = 1.2166 (0.017 sec)
Training Data Eval:
  Num examples: 8960  Num correct: 7040  Precision @ 1: 0.7857  AUC @ 1: 0.8653
Validation Data Eval:
  Num examples: 960  Num correct: 744  Precision @ 1: 0.7750  AUC @ 1: 0.8451
Test Data Eval:
  Num examples: 1856  Num correct: 1295  Precision @ 1: 0.6977  AUC @ 1: 0.7514
Step 600: loss = 1.2918 (0.017 sec)
Training Data Eval:
  Num examples: 8960  Num correct: 7228  Precision @ 1: 0.8067  AUC @ 1: 0.8834
Validation Data Eval:
  Num examples: 960  Num correct: 755  Precision @ 1: 0.7865  AUC @ 1: 0.8492
Test Data Eval:
  Num examples: 1856  Num correct: 1309  Precision @ 1: 0.7053  AUC @ 1: 0.7640
Step 700: loss = 1.1508 (0.101 sec)
Training Data Eval:
  Num examples: 8960  Num correct: 7347  Precision @ 1: 0.8200  AUC @ 1: 0.8903
Validation Data Eval:
  Num examples: 960  Num correct: 761  Precision @ 1: 0.7927  AUC @ 1: 0.8548
Test Data Eval:
  Num examples: 1856  Num correct: 1371  Precision @ 1: 0.7387  AUC @ 1: 0.7758
Step 800: loss = 1.1295 (0.017 sec)
Training Data Eval:
  Num examples: 8960  Num correct: 7443  Precision @ 1: 0.8307  AUC @ 1: 0.8994
Validation Data Eval:
  Num examples: 960  Num correct: 763  Precision @ 1: 0.7948  AUC @ 1: 0.8536
Test Data Eval:
  Num examples: 1856  Num correct: 1343  Precision @ 1: 0.7236  AUC @ 1: 0.7714
Step 900: loss = 0.9942 (0.017 sec)
Training Data Eval:
  Num examples: 8960  Num correct: 7528  Precision @ 1: 0.8402  AUC @ 1: 0.9094
Validation Data Eval:
  Num examples: 960  Num correct: 762  Precision @ 1: 0.7937  AUC @ 1: 0.8620
Test Data Eval:
  Num examples: 1856  Num correct: 1338  Precision @ 1: 0.7209  AUC @ 1: 0.7696
Step 1000: loss = 0.9760 (0.018 sec)
Training Data Eval:
  Num examples: 8960  Num correct: 7533  Precision @ 1: 0.8407  AUC @ 1: 0.9196
Validation Data Eval:
  Num examples: 960  Num correct: 746  Precision @ 1: 0.7771  AUC @ 1: 0.8618
Test Data Eval:
  Num examples: 1856  Num correct: 1289  Precision @ 1: 0.6945  AUC @ 1: 0.7640
Step 1100: loss = 0.9647 (0.017 sec)
Training Data Eval:
  Num examples: 8960  Num correct: 7666  Precision @ 1: 0.8556  AUC @ 1: 0.9258
Validation Data Eval:
  Num examples: 960  Num correct: 765  Precision @ 1: 0.7969  AUC @ 1: 0.8657
Test Data Eval:
  Num examples: 1856  Num correct: 1342  Precision @ 1: 0.7231  AUC @ 1: 0.7831
Step 1200: loss = 0.9191 (0.016 sec)
Training Data Eval:
  Num examples: 8960  Num correct: 7629  Precision @ 1: 0.8515  AUC @ 1: 0.9357
Validation Data Eval:
  Num examples: 960  Num correct: 779  Precision @ 1: 0.8115  AUC @ 1: 0.8683
Test Data Eval:
  Num examples: 1856  Num correct: 1342  Precision @ 1: 0.7231  AUC @ 1: 0.7740
Step 1300: loss = 0.8869 (0.018 sec)
Training Data Eval:
  Num examples: 8960  Num correct: 7630  Precision @ 1: 0.8516  AUC @ 1: 0.9449
Validation Data Eval:
  Num examples: 960  Num correct: 779  Precision @ 1: 0.8115  AUC @ 1: 0.8662
Test Data Eval:
  Num examples: 1856  Num correct: 1343  Precision @ 1: 0.7236  AUC @ 1: 0.7678
Step 1400: loss = 0.7037 (0.107 sec)
Training Data Eval:
  Num examples: 8960  Num correct: 7923  Precision @ 1: 0.8843  AUC @ 1: 0.9496
Validation Data Eval:
  Num examples: 960  Num correct: 776  Precision @ 1: 0.8083  AUC @ 1: 0.8702
Test Data Eval:
  Num examples: 1856  Num correct: 1320  Precision @ 1: 0.7112  AUC @ 1: 0.7681
Step 1500: loss = 0.7141 (0.018 sec)
Training Data Eval:
  Num examples: 8960  Num correct: 7919  Precision @ 1: 0.8838  AUC @ 1: 0.9575
Validation Data Eval:
  Num examples: 960  Num correct: 764  Precision @ 1: 0.7958  AUC @ 1: 0.8661
Test Data Eval:
  Num examples: 1856  Num correct: 1342  Precision @ 1: 0.7231  AUC @ 1: 0.7685
Step 1600: loss = 0.7193 (0.017 sec)
Training Data Eval:
  Num examples: 8960  Num correct: 7756  Precision @ 1: 0.8656  AUC @ 1: 0.9560
Validation Data Eval:
  Num examples: 960  Num correct: 766  Precision @ 1: 0.7979  AUC @ 1: 0.8667
Test Data Eval:
  Num examples: 1856  Num correct: 1329  Precision @ 1: 0.7161  AUC @ 1: 0.7621
Step 1700: loss = 0.6608 (0.017 sec)
Training Data Eval:
  Num examples: 8960  Num correct: 8103  Precision @ 1: 0.9044  AUC @ 1: 0.9657
Validation Data Eval:
  Num examples: 960  Num correct: 769  Precision @ 1: 0.8010  AUC @ 1: 0.8691
Test Data Eval:
  Num examples: 1856  Num correct: 1283  Precision @ 1: 0.6913  AUC @ 1: 0.7605
Step 1800: loss = 0.6055 (0.017 sec)
Training Data Eval:
  Num examples: 8960  Num correct: 7981  Precision @ 1: 0.8907  AUC @ 1: 0.9615
Validation Data Eval:
  Num examples: 960  Num correct: 756  Precision @ 1: 0.7875  AUC @ 1: 0.8722
Test Data Eval:
  Num examples: 1856  Num correct: 1266  Precision @ 1: 0.6821  AUC @ 1: 0.7771
Step 1900: loss = 0.6684 (0.016 sec)
Training Data Eval:
  Num examples: 8960  Num correct: 8196  Precision @ 1: 0.9147  AUC @ 1: 0.9738
Validation Data Eval:
  Num examples: 960  Num correct: 767  Precision @ 1: 0.7990  AUC @ 1: 0.8704
Test Data Eval:
  Num examples: 1856  Num correct: 1323  Precision @ 1: 0.7128  AUC @ 1: 0.7656
Step 2000: loss = 0.5789 (0.018 sec)
Training Data Eval:
  Num examples: 8960  Num correct: 8240  Precision @ 1: 0.9196  AUC @ 1: 0.9815
Validation Data Eval:
  Num examples: 960  Num correct: 767  Precision @ 1: 0.7990  AUC @ 1: 0.8747
Test Data Eval:
  Num examples: 1856  Num correct: 1329  Precision @ 1: 0.7161  AUC @ 1: 0.7627
Step 2100: loss = 0.6137 (0.105 sec)
Training Data Eval:
  Num examples: 8960  Num correct: 8297  Precision @ 1: 0.9260  AUC @ 1: 0.9806
Validation Data Eval:
  Num examples: 960  Num correct: 775  Precision @ 1: 0.8073  AUC @ 1: 0.8697
Test Data Eval:
  Num examples: 1856  Num correct: 1295  Precision @ 1: 0.6977  AUC @ 1: 0.7649
Step 2200: loss = 0.5804 (0.017 sec)
Training Data Eval:
  Num examples: 8960  Num correct: 8348  Precision @ 1: 0.9317  AUC @ 1: 0.9838
Validation Data Eval:
  Num examples: 960  Num correct: 763  Precision @ 1: 0.7948  AUC @ 1: 0.8676
Test Data Eval:
  Num examples: 1856  Num correct: 1269  Precision @ 1: 0.6837  AUC @ 1: 0.7482
Step 2300: loss = 0.5067 (0.017 sec)
Training Data Eval:
  Num examples: 8960  Num correct: 8412  Precision @ 1: 0.9388  AUC @ 1: 0.9872
Validation Data Eval:
  Num examples: 960  Num correct: 774  Precision @ 1: 0.8063  AUC @ 1: 0.8718
Test Data Eval:
  Num examples: 1856  Num correct: 1278  Precision @ 1: 0.6886  AUC @ 1: 0.7456
Step 2400: loss = 0.5296 (0.016 sec)
Training Data Eval:
  Num examples: 8960  Num correct: 8423  Precision @ 1: 0.9401  AUC @ 1: 0.9870
Validation Data Eval:
  Num examples: 960  Num correct: 762  Precision @ 1: 0.7937  AUC @ 1: 0.8753
Test Data Eval:
  Num examples: 1856  Num correct: 1269  Precision @ 1: 0.6837  AUC @ 1: 0.7512
Step 2500: loss = 0.4946 (0.017 sec)
Training Data Eval:
  Num examples: 8960  Num correct: 8343  Precision @ 1: 0.9311  AUC @ 1: 0.9878
Validation Data Eval:
  Num examples: 960  Num correct: 775  Precision @ 1: 0.8073  AUC @ 1: 0.8746
Test Data Eval:
  Num examples: 1856  Num correct: 1304  Precision @ 1: 0.7026  AUC @ 1: 0.7544
Step 2600: loss = 0.6867 (0.017 sec)
Training Data Eval:
  Num examples: 8960  Num correct: 8435  Precision @ 1: 0.9414  AUC @ 1: 0.9863
Validation Data Eval:
  Num examples: 960  Num correct: 763  Precision @ 1: 0.7948  AUC @ 1: 0.8733
Test Data Eval:
  Num examples: 1856  Num correct: 1230  Precision @ 1: 0.6627  AUC @ 1: 0.7514
Step 2700: loss = 0.4455 (0.016 sec)
Training Data Eval:
  Num examples: 8960  Num correct: 8598  Precision @ 1: 0.9596  AUC @ 1: 0.9934
Validation Data Eval:
  Num examples: 960  Num correct: 764  Precision @ 1: 0.7958  AUC @ 1: 0.8708
Test Data Eval:
  Num examples: 1856  Num correct: 1255  Precision @ 1: 0.6762  AUC @ 1: 0.7509
Step 2800: loss = 0.4747 (0.100 sec)
Training Data Eval:
  Num examples: 8960  Num correct: 8508  Precision @ 1: 0.9496  AUC @ 1: 0.9915
Validation Data Eval:
  Num examples: 960  Num correct: 766  Precision @ 1: 0.7979  AUC @ 1: 0.8699
Test Data Eval:
  Num examples: 1856  Num correct: 1276  Precision @ 1: 0.6875  AUC @ 1: 0.7599
Step 2900: loss = 0.3824 (0.017 sec)
Training Data Eval:
  Num examples: 8960  Num correct: 8545  Precision @ 1: 0.9537  AUC @ 1: 0.9915
Validation Data Eval:
  Num examples: 960  Num correct: 775  Precision @ 1: 0.8073  AUC @ 1: 0.8767
Test Data Eval:
  Num examples: 1856  Num correct: 1254  Precision @ 1: 0.6756  AUC @ 1: 0.7524
Step 3000: loss = 0.4746 (0.017 sec)
Training Data Eval:
  Num examples: 8960  Num correct: 8584  Precision @ 1: 0.9580  AUC @ 1: 0.9937
Validation Data Eval:
  Num examples: 960  Num correct: 756  Precision @ 1: 0.7875  AUC @ 1: 0.8705
Test Data Eval:
  Num examples: 1856  Num correct: 1282  Precision @ 1: 0.6907  AUC @ 1: 0.7605
Step 3100: loss = 0.5421 (0.017 sec)
Training Data Eval:
  Num examples: 8960  Num correct: 8397  Precision @ 1: 0.9372  AUC @ 1: 0.9893
Validation Data Eval:
  Num examples: 960  Num correct: 763  Precision @ 1: 0.7948  AUC @ 1: 0.8682
Test Data Eval:
  Num examples: 1856  Num correct: 1293  Precision @ 1: 0.6967  AUC @ 1: 0.7286
Step 3200: loss = 0.3981 (0.017 sec)
Training Data Eval:
  Num examples: 8960  Num correct: 8566  Precision @ 1: 0.9560  AUC @ 1: 0.9916
Validation Data Eval:
  Num examples: 960  Num correct: 760  Precision @ 1: 0.7917  AUC @ 1: 0.8749
Test Data Eval:
  Num examples: 1856  Num correct: 1244  Precision @ 1: 0.6703  AUC @ 1: 0.7523
Step 3300: loss = 0.3891 (0.017 sec)
Training Data Eval:
  Num examples: 8960  Num correct: 8510  Precision @ 1: 0.9498  AUC @ 1: 0.9932
Validation Data Eval:
  Num examples: 960  Num correct: 772  Precision @ 1: 0.8042  AUC @ 1: 0.8793
Test Data Eval:
  Num examples: 1856  Num correct: 1288  Precision @ 1: 0.6940  AUC @ 1: 0.7503
Step 3400: loss = 0.5209 (0.017 sec)
Training Data Eval:
  Num examples: 8960  Num correct: 8626  Precision @ 1: 0.9627  AUC @ 1: 0.9955
Validation Data Eval:
  Num examples: 960  Num correct: 776  Precision @ 1: 0.8083  AUC @ 1: 0.8813
Test Data Eval:
  Num examples: 1856  Num correct: 1250  Precision @ 1: 0.6735  AUC @ 1: 0.7498
Step 3500: loss = 0.4863 (0.101 sec)
Training Data Eval:
  Num examples: 8960  Num correct: 8447  Precision @ 1: 0.9427  AUC @ 1: 0.9918
Validation Data Eval:
  Num examples: 960  Num correct: 756  Precision @ 1: 0.7875  AUC @ 1: 0.8666
Test Data Eval:
  Num examples: 1856  Num correct: 1285  Precision @ 1: 0.6923  AUC @ 1: 0.7540
Step 3600: loss = 0.5814 (0.017 sec)
Training Data Eval:
  Num examples: 8960  Num correct: 8313  Precision @ 1: 0.9278  AUC @ 1: 0.9920
Validation Data Eval:
  Num examples: 960  Num correct: 772  Precision @ 1: 0.8042  AUC @ 1: 0.8811
Test Data Eval:
  Num examples: 1856  Num correct: 1314  Precision @ 1: 0.7080  AUC @ 1: 0.7613
Step 3700: loss = 0.3313 (0.017 sec)
Training Data Eval:
  Num examples: 8960  Num correct: 8552  Precision @ 1: 0.9545  AUC @ 1: 0.9946
Validation Data Eval:
  Num examples: 960  Num correct: 776  Precision @ 1: 0.8083  AUC @ 1: 0.8726
Test Data Eval:
  Num examples: 1856  Num correct: 1296  Precision @ 1: 0.6983  AUC @ 1: 0.7577
Step 3800: loss = 0.4313 (0.017 sec)
Training Data Eval:
  Num examples: 8960  Num correct: 8473  Precision @ 1: 0.9456  AUC @ 1: 0.9925
Validation Data Eval:
  Num examples: 960  Num correct: 734  Precision @ 1: 0.7646  AUC @ 1: 0.8702
Test Data Eval:
  Num examples: 1856  Num correct: 1209  Precision @ 1: 0.6514  AUC @ 1: 0.7576
Step 3900: loss = 0.3812 (0.016 sec)
Training Data Eval:
  Num examples: 8960  Num correct: 8609  Precision @ 1: 0.9608  AUC @ 1: 0.9957
Validation Data Eval:
  Num examples: 960  Num correct: 768  Precision @ 1: 0.8000  AUC @ 1: 0.8751
Test Data Eval:
  Num examples: 1856  Num correct: 1278  Precision @ 1: 0.6886  AUC @ 1: 0.7530
Step 4000: loss = 0.4784 (0.016 sec)
Training Data Eval:
  Num examples: 8960  Num correct: 8506  Precision @ 1: 0.9493  AUC @ 1: 0.9928
Validation Data Eval:
  Num examples: 960  Num correct: 737  Precision @ 1: 0.7677  AUC @ 1: 0.8627
Test Data Eval:
  Num examples: 1856  Num correct: 1221  Precision @ 1: 0.6579  AUC @ 1: 0.7398
Step 4100: loss = 0.3792 (0.016 sec)
Training Data Eval:
  Num examples: 8960  Num correct: 8572  Precision @ 1: 0.9567  AUC @ 1: 0.9965
Validation Data Eval:
  Num examples: 960  Num correct: 765  Precision @ 1: 0.7969  AUC @ 1: 0.8706
Test Data Eval:
  Num examples: 1856  Num correct: 1299  Precision @ 1: 0.6999  AUC @ 1: 0.7449
Step 4200: loss = 0.4305 (0.107 sec)
Training Data Eval:
  Num examples: 8960  Num correct: 8628  Precision @ 1: 0.9629  AUC @ 1: 0.9960
Validation Data Eval:
  Num examples: 960  Num correct: 755  Precision @ 1: 0.7865  AUC @ 1: 0.8563
Test Data Eval:
  Num examples: 1856  Num correct: 1286  Precision @ 1: 0.6929  AUC @ 1: 0.7563
Step 4300: loss = 0.3525 (0.017 sec)
Training Data Eval:
  Num examples: 8960  Num correct: 8582  Precision @ 1: 0.9578  AUC @ 1: 0.9939
Validation Data Eval:
  Num examples: 960  Num correct: 744  Precision @ 1: 0.7750  AUC @ 1: 0.8609
Test Data Eval:
  Num examples: 1856  Num correct: 1262  Precision @ 1: 0.6800  AUC @ 1: 0.7678
Step 4400: loss = 0.5124 (0.016 sec)
Training Data Eval:
  Num examples: 8960  Num correct: 8560  Precision @ 1: 0.9554  AUC @ 1: 0.9932
Validation Data Eval:
  Num examples: 960  Num correct: 756  Precision @ 1: 0.7875  AUC @ 1: 0.8571
Test Data Eval:
  Num examples: 1856  Num correct: 1285  Precision @ 1: 0.6923  AUC @ 1: 0.7373
Step 4500: loss = 0.4569 (0.017 sec)
Training Data Eval:
  Num examples: 8960  Num correct: 8659  Precision @ 1: 0.9664  AUC @ 1: 0.9963
Validation Data Eval:
  Num examples: 960  Num correct: 760  Precision @ 1: 0.7917  AUC @ 1: 0.8738
Test Data Eval:
  Num examples: 1856  Num correct: 1230  Precision @ 1: 0.6627  AUC @ 1: 0.7473
Step 4600: loss = 0.4659 (0.016 sec)
Training Data Eval:
  Num examples: 8960  Num correct: 8642  Precision @ 1: 0.9645  AUC @ 1: 0.9955
Validation Data Eval:
  Num examples: 960  Num correct: 741  Precision @ 1: 0.7719  AUC @ 1: 0.8615
Test Data Eval:
  Num examples: 1856  Num correct: 1221  Precision @ 1: 0.6579  AUC @ 1: 0.7497
Step 4700: loss = 0.3415 (0.017 sec)
Training Data Eval:
  Num examples: 8960  Num correct: 8402  Precision @ 1: 0.9377  AUC @ 1: 0.9949
Validation Data Eval:
  Num examples: 960  Num correct: 757  Precision @ 1: 0.7885  AUC @ 1: 0.8612
Test Data Eval:
  Num examples: 1856  Num correct: 1310  Precision @ 1: 0.7058  AUC @ 1: 0.7581
Step 4800: loss = 0.3701 (0.017 sec)
Training Data Eval:
  Num examples: 8960  Num correct: 8676  Precision @ 1: 0.9683  AUC @ 1: 0.9970
Validation Data Eval:
  Num examples: 960  Num correct: 757  Precision @ 1: 0.7885  AUC @ 1: 0.8592
Test Data Eval:
  Num examples: 1856  Num correct: 1262  Precision @ 1: 0.6800  AUC @ 1: 0.7591
Step 4900: loss = 0.3772 (0.103 sec)
Training Data Eval:
  Num examples: 8960  Num correct: 8549  Precision @ 1: 0.9541  AUC @ 1: 0.9946
Validation Data Eval:
  Num examples: 960  Num correct: 764  Precision @ 1: 0.7958  AUC @ 1: 0.8658
Test Data Eval:
  Num examples: 1856  Num correct: 1301  Precision @ 1: 0.7010  AUC @ 1: 0.7625
Step 5000: loss = 0.3700 (0.017 sec)
Training Data Eval:
  Num examples: 8960  Num correct: 8436  Precision @ 1: 0.9415  AUC @ 1: 0.9956
Validation Data Eval:
  Num examples: 960  Num correct: 759  Precision @ 1: 0.7906  AUC @ 1: 0.8590
Test Data Eval:
  Num examples: 1856  Num correct: 1331  Precision @ 1: 0.7171  AUC @ 1: 0.7603
Step 5100: loss = 0.4014 (0.016 sec)
Training Data Eval:
  Num examples: 8960  Num correct: 8627  Precision @ 1: 0.9628  AUC @ 1: 0.9958
Validation Data Eval:
  Num examples: 960  Num correct: 762  Precision @ 1: 0.7937  AUC @ 1: 0.8656
Test Data Eval:
  Num examples: 1856  Num correct: 1316  Precision @ 1: 0.7091  AUC @ 1: 0.7661
Step 5200: loss = 0.3496 (0.017 sec)
Training Data Eval:
  Num examples: 8960  Num correct: 8551  Precision @ 1: 0.9544  AUC @ 1: 0.9948
Validation Data Eval:
  Num examples: 960  Num correct: 745  Precision @ 1: 0.7760  AUC @ 1: 0.8537
Test Data Eval:
  Num examples: 1856  Num correct: 1194  Precision @ 1: 0.6433  AUC @ 1: 0.7226
Step 5300: loss = 0.3631 (0.017 sec)
Training Data Eval:
  Num examples: 8960  Num correct: 8607  Precision @ 1: 0.9606  AUC @ 1: 0.9955
Validation Data Eval:
  Num examples: 960  Num correct: 729  Precision @ 1: 0.7594  AUC @ 1: 0.8514
Test Data Eval:
  Num examples: 1856  Num correct: 1222  Precision @ 1: 0.6584  AUC @ 1: 0.7393
Step 5400: loss = 0.5011 (0.016 sec)
Training Data Eval:
  Num examples: 8960  Num correct: 8625  Precision @ 1: 0.9626  AUC @ 1: 0.9959
Validation Data Eval:
  Num examples: 960  Num correct: 751  Precision @ 1: 0.7823  AUC @ 1: 0.8649
Test Data Eval:
  Num examples: 1856  Num correct: 1268  Precision @ 1: 0.6832  AUC @ 1: 0.7550
Step 5500: loss = 0.3528 (0.016 sec)
Training Data Eval:
  Num examples: 8960  Num correct: 8615  Precision @ 1: 0.9615  AUC @ 1: 0.9939
Validation Data Eval:
  Num examples: 960  Num correct: 767  Precision @ 1: 0.7990  AUC @ 1: 0.8691
Test Data Eval:
  Num examples: 1856  Num correct: 1288  Precision @ 1: 0.6940  AUC @ 1: 0.7569
Step 5600: loss = 0.3133 (0.106 sec)
Training Data Eval:
  Num examples: 8960  Num correct: 8605  Precision @ 1: 0.9604  AUC @ 1: 0.9952
Validation Data Eval:
  Num examples: 960  Num correct: 763  Precision @ 1: 0.7948  AUC @ 1: 0.8641
Test Data Eval:
  Num examples: 1856  Num correct: 1282  Precision @ 1: 0.6907  AUC @ 1: 0.7498
Step 5700: loss = 0.5261 (0.017 sec)
Training Data Eval:
  Num examples: 8960  Num correct: 8609  Precision @ 1: 0.9608  AUC @ 1: 0.9960
Validation Data Eval:
  Num examples: 960  Num correct: 756  Precision @ 1: 0.7875  AUC @ 1: 0.8612
Test Data Eval:
  Num examples: 1856  Num correct: 1321  Precision @ 1: 0.7117  AUC @ 1: 0.7492
Step 5800: loss = 0.3440 (0.017 sec)
Training Data Eval:
  Num examples: 8960  Num correct: 8649  Precision @ 1: 0.9653  AUC @ 1: 0.9969
Validation Data Eval:
  Num examples: 960  Num correct: 750  Precision @ 1: 0.7812  AUC @ 1: 0.8635
Test Data Eval:
  Num examples: 1856  Num correct: 1277  Precision @ 1: 0.6880  AUC @ 1: 0.7560
Step 5900: loss = 0.3276 (0.017 sec)
Training Data Eval:
  Num examples: 8960  Num correct: 8581  Precision @ 1: 0.9577  AUC @ 1: 0.9965
Validation Data Eval:
  Num examples: 960  Num correct: 756  Precision @ 1: 0.7875  AUC @ 1: 0.8594
Test Data Eval:
  Num examples: 1856  Num correct: 1299  Precision @ 1: 0.6999  AUC @ 1: 0.7457
Step 6000: loss = 0.2970 (0.017 sec)
Training Data Eval:
  Num examples: 8960  Num correct: 8655  Precision @ 1: 0.9660  AUC @ 1: 0.9963
Validation Data Eval:
  Num examples: 960  Num correct: 754  Precision @ 1: 0.7854  AUC @ 1: 0.8641
Test Data Eval:
  Num examples: 1856  Num correct: 1282  Precision @ 1: 0.6907  AUC @ 1: 0.7496
Step 6100: loss = 0.3609 (0.017 sec)
Training Data Eval:
  Num examples: 8960  Num correct: 8600  Precision @ 1: 0.9598  AUC @ 1: 0.9958
Validation Data Eval:
  Num examples: 960  Num correct: 763  Precision @ 1: 0.7948  AUC @ 1: 0.8576
Test Data Eval:
  Num examples: 1856  Num correct: 1271  Precision @ 1: 0.6848  AUC @ 1: 0.7414
Step 6200: loss = 0.4812 (0.017 sec)
Training Data Eval:
  Num examples: 8960  Num correct: 8623  Precision @ 1: 0.9624  AUC @ 1: 0.9960
Validation Data Eval:
  Num examples: 960  Num correct: 764  Precision @ 1: 0.7958  AUC @ 1: 0.8624
Test Data Eval:
  Num examples: 1856  Num correct: 1312  Precision @ 1: 0.7069  AUC @ 1: 0.7452
Step 6300: loss = 0.3011 (0.101 sec)
Training Data Eval:
  Num examples: 8960  Num correct: 8685  Precision @ 1: 0.9693  AUC @ 1: 0.9968
Validation Data Eval:
  Num examples: 960  Num correct: 750  Precision @ 1: 0.7812  AUC @ 1: 0.8620
Test Data Eval:
  Num examples: 1856  Num correct: 1275  Precision @ 1: 0.6870  AUC @ 1: 0.7410
Step 6400: loss = 0.3063 (0.017 sec)
Training Data Eval:
  Num examples: 8960  Num correct: 8661  Precision @ 1: 0.9666  AUC @ 1: 0.9964
Validation Data Eval:
  Num examples: 960  Num correct: 753  Precision @ 1: 0.7844  AUC @ 1: 0.8658
Test Data Eval:
  Num examples: 1856  Num correct: 1228  Precision @ 1: 0.6616  AUC @ 1: 0.7517
Step 6500: loss = 0.3956 (0.017 sec)
Training Data Eval:
  Num examples: 8960  Num correct: 8724  Precision @ 1: 0.9737  AUC @ 1: 0.9974
Validation Data Eval:
  Num examples: 960  Num correct: 772  Precision @ 1: 0.8042  AUC @ 1: 0.8698
Test Data Eval:
  Num examples: 1856  Num correct: 1315  Precision @ 1: 0.7085  AUC @ 1: 0.7564
Step 6600: loss = 0.3038 (0.017 sec)
Training Data Eval:
  Num examples: 8960  Num correct: 8698  Precision @ 1: 0.9708  AUC @ 1: 0.9975
Validation Data Eval:
  Num examples: 960  Num correct: 745  Precision @ 1: 0.7760  AUC @ 1: 0.8576
Test Data Eval:
  Num examples: 1856  Num correct: 1227  Precision @ 1: 0.6611  AUC @ 1: 0.7325
Step 6700: loss = 0.3573 (0.017 sec)
Training Data Eval:
  Num examples: 8960  Num correct: 8566  Precision @ 1: 0.9560  AUC @ 1: 0.9966
Validation Data Eval:
  Num examples: 960  Num correct: 772  Precision @ 1: 0.8042  AUC @ 1: 0.8647
Test Data Eval:
  Num examples: 1856  Num correct: 1314  Precision @ 1: 0.7080  AUC @ 1: 0.7386
Step 6800: loss = 0.4114 (0.017 sec)
Training Data Eval:
  Num examples: 8960  Num correct: 8713  Precision @ 1: 0.9724  AUC @ 1: 0.9982
Validation Data Eval:
  Num examples: 960  Num correct: 754  Precision @ 1: 0.7854  AUC @ 1: 0.8618
Test Data Eval:
  Num examples: 1856  Num correct: 1272  Precision @ 1: 0.6853  AUC @ 1: 0.7470
Step 6900: loss = 0.3985 (0.017 sec)
Training Data Eval:
  Num examples: 8960  Num correct: 8760  Precision @ 1: 0.9777  AUC @ 1: 0.9983
Validation Data Eval:
  Num examples: 960  Num correct: 758  Precision @ 1: 0.7896  AUC @ 1: 0.8589
Test Data Eval:
  Num examples: 1856  Num correct: 1208  Precision @ 1: 0.6509  AUC @ 1: 0.7353
Step 7000: loss = 0.3315 (0.108 sec)
Training Data Eval:
  Num examples: 8960  Num correct: 8634  Precision @ 1: 0.9636  AUC @ 1: 0.9968
Validation Data Eval:
  Num examples: 960  Num correct: 775  Precision @ 1: 0.8073  AUC @ 1: 0.8610
Test Data Eval:
  Num examples: 1856  Num correct: 1302  Precision @ 1: 0.7015  AUC @ 1: 0.7500
Step 7100: loss = 0.4079 (0.016 sec)
Training Data Eval:
  Num examples: 8960  Num correct: 8726  Precision @ 1: 0.9739  AUC @ 1: 0.9976
Validation Data Eval:
  Num examples: 960  Num correct: 761  Precision @ 1: 0.7927  AUC @ 1: 0.8659
Test Data Eval:
  Num examples: 1856  Num correct: 1276  Precision @ 1: 0.6875  AUC @ 1: 0.7560
Step 7200: loss = 0.4078 (0.016 sec)
Training Data Eval:
  Num examples: 8960  Num correct: 8691  Precision @ 1: 0.9700  AUC @ 1: 0.9974
Validation Data Eval:
  Num examples: 960  Num correct: 761  Precision @ 1: 0.7927  AUC @ 1: 0.8631
Test Data Eval:
  Num examples: 1856  Num correct: 1297  Precision @ 1: 0.6988  AUC @ 1: 0.7508
Step 7300: loss = 0.3898 (0.015 sec)
Training Data Eval:
  Num examples: 8960  Num correct: 8698  Precision @ 1: 0.9708  AUC @ 1: 0.9973
Validation Data Eval:
  Num examples: 960  Num correct: 769  Precision @ 1: 0.8010  AUC @ 1: 0.8693
Test Data Eval:
  Num examples: 1856  Num correct: 1289  Precision @ 1: 0.6945  AUC @ 1: 0.7494
Step 7400: loss = 0.4139 (0.016 sec)
Training Data Eval:
  Num examples: 8960  Num correct: 8556  Precision @ 1: 0.9549  AUC @ 1: 0.9960
Validation Data Eval:
  Num examples: 960  Num correct: 724  Precision @ 1: 0.7542  AUC @ 1: 0.8512
Test Data Eval:
  Num examples: 1856  Num correct: 1191  Precision @ 1: 0.6417  AUC @ 1: 0.7461
Step 7500: loss = 0.3288 (0.017 sec)
Training Data Eval:
  Num examples: 8960  Num correct: 8709  Precision @ 1: 0.9720  AUC @ 1: 0.9977
Validation Data Eval:
  Num examples: 960  Num correct: 753  Precision @ 1: 0.7844  AUC @ 1: 0.8568
Test Data Eval:
  Num examples: 1856  Num correct: 1246  Precision @ 1: 0.6713  AUC @ 1: 0.7519
Step 7600: loss = 0.4076 (0.017 sec)
Training Data Eval:
  Num examples: 8960  Num correct: 8695  Precision @ 1: 0.9704  AUC @ 1: 0.9980
Validation Data Eval:
  Num examples: 960  Num correct: 771  Precision @ 1: 0.8031  AUC @ 1: 0.8686
Test Data Eval:
  Num examples: 1856  Num correct: 1285  Precision @ 1: 0.6923  AUC @ 1: 0.7501
Step 7700: loss = 0.3857 (0.095 sec)
Training Data Eval:
  Num examples: 8960  Num correct: 8451  Precision @ 1: 0.9432  AUC @ 1: 0.9964
Validation Data Eval:
  Num examples: 960  Num correct: 703  Precision @ 1: 0.7323  AUC @ 1: 0.8564
Test Data Eval:
  Num examples: 1856  Num correct: 1134  Precision @ 1: 0.6110  AUC @ 1: 0.7469
Step 7800: loss = 0.4525 (0.017 sec)
Training Data Eval:
  Num examples: 8960  Num correct: 8618  Precision @ 1: 0.9618  AUC @ 1: 0.9968
Validation Data Eval:
  Num examples: 960  Num correct: 755  Precision @ 1: 0.7865  AUC @ 1: 0.8596
Test Data Eval:
  Num examples: 1856  Num correct: 1267  Precision @ 1: 0.6827  AUC @ 1: 0.7410
Step 7900: loss = 0.3665 (0.016 sec)
Training Data Eval:
  Num examples: 8960  Num correct: 8667  Precision @ 1: 0.9673  AUC @ 1: 0.9970
Validation Data Eval:
  Num examples: 960  Num correct: 744  Precision @ 1: 0.7750  AUC @ 1: 0.8672
Test Data Eval:
  Num examples: 1856  Num correct: 1182  Precision @ 1: 0.6369  AUC @ 1: 0.7461
Step 8000: loss = 0.3444 (0.016 sec)
Training Data Eval:
  Num examples: 8960  Num correct: 8596  Precision @ 1: 0.9594  AUC @ 1: 0.9946
Validation Data Eval:
  Num examples: 960  Num correct: 769  Precision @ 1: 0.8010  AUC @ 1: 0.8651
Test Data Eval:
  Num examples: 1856  Num correct: 1302  Precision @ 1: 0.7015  AUC @ 1: 0.7535
Step 8100: loss = 0.4430 (0.017 sec)
Training Data Eval:
  Num examples: 8960  Num correct: 8595  Precision @ 1: 0.9593  AUC @ 1: 0.9961
Validation Data Eval:
  Num examples: 960  Num correct: 742  Precision @ 1: 0.7729  AUC @ 1: 0.8663
Test Data Eval:
  Num examples: 1856  Num correct: 1242  Precision @ 1: 0.6692  AUC @ 1: 0.7483
Step 8200: loss = 0.3633 (0.015 sec)
Training Data Eval:
  Num examples: 8960  Num correct: 8676  Precision @ 1: 0.9683  AUC @ 1: 0.9977
Validation Data Eval:
  Num examples: 960  Num correct: 764  Precision @ 1: 0.7958  AUC @ 1: 0.8713
Test Data Eval:
  Num examples: 1856  Num correct: 1298  Precision @ 1: 0.6994  AUC @ 1: 0.7458
Step 8300: loss = 0.2974 (0.016 sec)
Training Data Eval:
  Num examples: 8960  Num correct: 8671  Precision @ 1: 0.9677  AUC @ 1: 0.9968
Validation Data Eval:
  Num examples: 960  Num correct: 766  Precision @ 1: 0.7979  AUC @ 1: 0.8664
Test Data Eval:
  Num examples: 1856  Num correct: 1275  Precision @ 1: 0.6870  AUC @ 1: 0.7380
Step 8400: loss = 0.4119 (0.106 sec)
Training Data Eval:
  Num examples: 8960  Num correct: 8673  Precision @ 1: 0.9680  AUC @ 1: 0.9970
Validation Data Eval:
  Num examples: 960  Num correct: 755  Precision @ 1: 0.7865  AUC @ 1: 0.8679
Test Data Eval:
  Num examples: 1856  Num correct: 1268  Precision @ 1: 0.6832  AUC @ 1: 0.7539
Step 8500: loss = 0.3020 (0.017 sec)
Training Data Eval:
  Num examples: 8960  Num correct: 8719  Precision @ 1: 0.9731  AUC @ 1: 0.9982
Validation Data Eval:
  Num examples: 960  Num correct: 758  Precision @ 1: 0.7896  AUC @ 1: 0.8644
Test Data Eval:
  Num examples: 1856  Num correct: 1249  Precision @ 1: 0.6730  AUC @ 1: 0.7470
Step 8600: loss = 0.3506 (0.017 sec)
Training Data Eval:
  Num examples: 8960  Num correct: 8620  Precision @ 1: 0.9621  AUC @ 1: 0.9964
Validation Data Eval:
  Num examples: 960  Num correct: 756  Precision @ 1: 0.7875  AUC @ 1: 0.8562
Test Data Eval:
  Num examples: 1856  Num correct: 1290  Precision @ 1: 0.6950  AUC @ 1: 0.7419
Step 8700: loss = 0.3395 (0.014 sec)
Training Data Eval:
  Num examples: 8960  Num correct: 8727  Precision @ 1: 0.9740  AUC @ 1: 0.9974
Validation Data Eval:
  Num examples: 960  Num correct: 756  Precision @ 1: 0.7875  AUC @ 1: 0.8584
Test Data Eval:
  Num examples: 1856  Num correct: 1284  Precision @ 1: 0.6918  AUC @ 1: 0.7535
Step 8800: loss = 0.3435 (0.017 sec)
Training Data Eval:
  Num examples: 8960  Num correct: 7263  Precision @ 1: 0.8106  AUC @ 1: 0.9689
Validation Data Eval:
  Num examples: 960  Num correct: 731  Precision @ 1: 0.7615  AUC @ 1: 0.8435
Test Data Eval:
  Num examples: 1856  Num correct: 1264  Precision @ 1: 0.6810  AUC @ 1: 0.7379
Step 8900: loss = 0.7832 (0.017 sec)
Training Data Eval:
  Num examples: 8960  Num correct: 8585  Precision @ 1: 0.9581  AUC @ 1: 0.9919
Validation Data Eval:
  Num examples: 960  Num correct: 760  Precision @ 1: 0.7917  AUC @ 1: 0.8614
Test Data Eval:
  Num examples: 1856  Num correct: 1277  Precision @ 1: 0.6880  AUC @ 1: 0.7346
Step 9000: loss = 0.3628 (0.016 sec)
Training Data Eval:
  Num examples: 8960  Num correct: 8694  Precision @ 1: 0.9703  AUC @ 1: 0.9971
Validation Data Eval:
  Num examples: 960  Num correct: 766  Precision @ 1: 0.7979  AUC @ 1: 0.8619
Test Data Eval:
  Num examples: 1856  Num correct: 1299  Precision @ 1: 0.6999  AUC @ 1: 0.7549
Step 9100: loss = 0.3974 (0.103 sec)
Training Data Eval:
  Num examples: 8960  Num correct: 8731  Precision @ 1: 0.9744  AUC @ 1: 0.9977
Validation Data Eval:
  Num examples: 960  Num correct: 754  Precision @ 1: 0.7854  AUC @ 1: 0.8718
Test Data Eval:
  Num examples: 1856  Num correct: 1277  Precision @ 1: 0.6880  AUC @ 1: 0.7401
Step 9200: loss = 0.4522 (0.017 sec)
Training Data Eval:
  Num examples: 8960  Num correct: 8171  Precision @ 1: 0.9119  AUC @ 1: 0.9713
Validation Data Eval:
  Num examples: 960  Num correct: 714  Precision @ 1: 0.7438  AUC @ 1: 0.8322
Test Data Eval:
  Num examples: 1856  Num correct: 1150  Precision @ 1: 0.6196  AUC @ 1: 0.7160
Step 9300: loss = 0.6708 (0.016 sec)
Training Data Eval:
  Num examples: 8960  Num correct: 8601  Precision @ 1: 0.9599  AUC @ 1: 0.9950
Validation Data Eval:
  Num examples: 960  Num correct: 754  Precision @ 1: 0.7854  AUC @ 1: 0.8647
Test Data Eval:
  Num examples: 1856  Num correct: 1249  Precision @ 1: 0.6730  AUC @ 1: 0.7392
Step 9400: loss = 0.4545 (0.017 sec)
Training Data Eval:
  Num examples: 8960  Num correct: 8593  Precision @ 1: 0.9590  AUC @ 1: 0.9900
Validation Data Eval:
  Num examples: 960  Num correct: 761  Precision @ 1: 0.7927  AUC @ 1: 0.8634
Test Data Eval:
  Num examples: 1856  Num correct: 1287  Precision @ 1: 0.6934  AUC @ 1: 0.7398
Step 9500: loss = 0.4498 (0.016 sec)
Training Data Eval:
  Num examples: 8960  Num correct: 8555  Precision @ 1: 0.9548  AUC @ 1: 0.9934
Validation Data Eval:
  Num examples: 960  Num correct: 749  Precision @ 1: 0.7802  AUC @ 1: 0.8633
Test Data Eval:
  Num examples: 1856  Num correct: 1219  Precision @ 1: 0.6568  AUC @ 1: 0.7460
Step 9600: loss = 0.4534 (0.016 sec)
Training Data Eval:
  Num examples: 8960  Num correct: 8703  Precision @ 1: 0.9713  AUC @ 1: 0.9970
Validation Data Eval:
  Num examples: 960  Num correct: 755  Precision @ 1: 0.7865  AUC @ 1: 0.8671
Test Data Eval:
  Num examples: 1856  Num correct: 1265  Precision @ 1: 0.6816  AUC @ 1: 0.7519
Step 9700: loss = 0.3645 (0.016 sec)
Training Data Eval:
  Num examples: 8960  Num correct: 8710  Precision @ 1: 0.9721  AUC @ 1: 0.9978
Validation Data Eval:
  Num examples: 960  Num correct: 766  Precision @ 1: 0.7979  AUC @ 1: 0.8610
Test Data Eval:
  Num examples: 1856  Num correct: 1281  Precision @ 1: 0.6902  AUC @ 1: 0.7447
Step 9800: loss = 0.3906 (0.103 sec)
Training Data Eval:
  Num examples: 8960  Num correct: 8636  Precision @ 1: 0.9638  AUC @ 1: 0.9950
Validation Data Eval:
  Num examples: 960  Num correct: 755  Precision @ 1: 0.7865  AUC @ 1: 0.8549
Test Data Eval:
  Num examples: 1856  Num correct: 1209  Precision @ 1: 0.6514  AUC @ 1: 0.7288
Step 9900: loss = 0.5056 (0.016 sec)
Training Data Eval:
  Num examples: 8960  Num correct: 8676  Precision @ 1: 0.9683  AUC @ 1: 0.9954
Validation Data Eval:
  Num examples: 960  Num correct: 772  Precision @ 1: 0.8042  AUC @ 1: 0.8659
Test Data Eval:
  Num examples: 1856  Num correct: 1282  Precision @ 1: 0.6907  AUC @ 1: 0.7522
