Training data shape: 	(3825, 64, 30, 1)
Training label shape:	(3825,)
Testing data shape:  	(510, 64, 30, 1)
Testing label shape: 	(510,)
max input value is: 3457.30786133
min input value is: -4872.94775391
random permuted training data
==============================================================================
Model: 			inference_global_s_cnn
Tensor Name: 	Placeholder:0
[128, 64, 30, 1]
==============================================================================
Tensor Name: conv1/conv1:0
[128, 1, 30, 32]
==============================================================================
Tensor Name: MaxPool:0
[128, 1, 15, 32]
==============================================================================
Tensor Name: local1/local1:0
[128, 128]
==============================================================================
Tensor Name: local2/local2:0
[128, 128]
==============================================================================
Tensor Name: softmax_linear/softmax_linear:0
[128, 2]
Step 0: loss = 0.8877 (0.038 sec)
Training Data Eval:
  Num examples: 3456  Num correct: 1957  Precision @ 1: 0.5663  AUC @ 1: 0.7657
Validation Data Eval:
  Num examples: 256  Num correct: 157  Precision @ 1: 0.6133  AUC @ 1: 0.7260
Test Data Eval:
  Num examples: 384  Num correct: 162  Precision @ 1: 0.4219  AUC @ 1: 0.8154
Step 200: loss = 0.8596 (0.015 sec)
Training Data Eval:
  Num examples: 3456  Num correct: 2322  Precision @ 1: 0.6719  AUC @ 1: 0.7935
Validation Data Eval:
  Num examples: 256  Num correct: 178  Precision @ 1: 0.6953  AUC @ 1: 0.7544
Test Data Eval:
  Num examples: 384  Num correct: 251  Precision @ 1: 0.6536  AUC @ 1: 0.7516
Step 400: loss = 0.7662 (0.016 sec)
Training Data Eval:
  Num examples: 3456  Num correct: 2549  Precision @ 1: 0.7376  AUC @ 1: 0.8186
Validation Data Eval:
  Num examples: 256  Num correct: 179  Precision @ 1: 0.6992  AUC @ 1: 0.7679
Test Data Eval:
  Num examples: 384  Num correct: 267  Precision @ 1: 0.6953  AUC @ 1: 0.7485
Step 600: loss = 0.8565 (0.016 sec)
Training Data Eval:
  Num examples: 3456  Num correct: 2495  Precision @ 1: 0.7219  AUC @ 1: 0.8114
Validation Data Eval:
  Num examples: 256  Num correct: 181  Precision @ 1: 0.7070  AUC @ 1: 0.7721
Test Data Eval:
  Num examples: 384  Num correct: 279  Precision @ 1: 0.7266  AUC @ 1: 0.7741
Step 800: loss = 0.7689 (0.015 sec)
Training Data Eval:
  Num examples: 3456  Num correct: 2607  Precision @ 1: 0.7543  AUC @ 1: 0.8356
Validation Data Eval:
  Num examples: 256  Num correct: 191  Precision @ 1: 0.7461  AUC @ 1: 0.8023
Test Data Eval:
  Num examples: 384  Num correct: 263  Precision @ 1: 0.6849  AUC @ 1: 0.7416
Step 1000: loss = 0.7547 (0.015 sec)
Training Data Eval:
  Num examples: 3456  Num correct: 2648  Precision @ 1: 0.7662  AUC @ 1: 0.8465
Validation Data Eval:
  Num examples: 256  Num correct: 190  Precision @ 1: 0.7422  AUC @ 1: 0.8080
Test Data Eval:
  Num examples: 384  Num correct: 276  Precision @ 1: 0.7188  AUC @ 1: 0.7680
Step 1200: loss = 0.7122 (0.016 sec)
Training Data Eval:
  Num examples: 3456  Num correct: 2652  Precision @ 1: 0.7674  AUC @ 1: 0.8603
Validation Data Eval:
  Num examples: 256  Num correct: 187  Precision @ 1: 0.7305  AUC @ 1: 0.8145
Test Data Eval:
  Num examples: 384  Num correct: 279  Precision @ 1: 0.7266  AUC @ 1: 0.8083
Step 1400: loss = 0.6146 (0.015 sec)
Training Data Eval:
  Num examples: 3456  Num correct: 2729  Precision @ 1: 0.7896  AUC @ 1: 0.8762
Validation Data Eval:
  Num examples: 256  Num correct: 186  Precision @ 1: 0.7266  AUC @ 1: 0.8103
Test Data Eval:
  Num examples: 384  Num correct: 277  Precision @ 1: 0.7214  AUC @ 1: 0.7873
Step 1600: loss = 0.6421 (0.015 sec)
Training Data Eval:
  Num examples: 3456  Num correct: 2750  Precision @ 1: 0.7957  AUC @ 1: 0.8817
Validation Data Eval:
  Num examples: 256  Num correct: 189  Precision @ 1: 0.7383  AUC @ 1: 0.8112
Test Data Eval:
  Num examples: 384  Num correct: 287  Precision @ 1: 0.7474  AUC @ 1: 0.8093
Step 1800: loss = 0.5801 (0.015 sec)
Training Data Eval:
  Num examples: 3456  Num correct: 2775  Precision @ 1: 0.8030  AUC @ 1: 0.8862
Validation Data Eval:
  Num examples: 256  Num correct: 191  Precision @ 1: 0.7461  AUC @ 1: 0.8173
Test Data Eval:
  Num examples: 384  Num correct: 275  Precision @ 1: 0.7161  AUC @ 1: 0.7679
Step 2000: loss = 0.5752 (0.015 sec)
Training Data Eval:
  Num examples: 3456  Num correct: 2848  Precision @ 1: 0.8241  AUC @ 1: 0.9062
Validation Data Eval:
  Num examples: 256  Num correct: 188  Precision @ 1: 0.7344  AUC @ 1: 0.8285
Test Data Eval:
  Num examples: 384  Num correct: 272  Precision @ 1: 0.7083  AUC @ 1: 0.7698
Step 2200: loss = 0.5979 (0.015 sec)
Training Data Eval:
  Num examples: 3456  Num correct: 2855  Precision @ 1: 0.8261  AUC @ 1: 0.9052
Validation Data Eval:
  Num examples: 256  Num correct: 190  Precision @ 1: 0.7422  AUC @ 1: 0.8307
Test Data Eval:
  Num examples: 384  Num correct: 280  Precision @ 1: 0.7292  AUC @ 1: 0.7842
Step 2400: loss = 0.5315 (0.015 sec)
Training Data Eval:
  Num examples: 3456  Num correct: 2877  Precision @ 1: 0.8325  AUC @ 1: 0.9168
Validation Data Eval:
  Num examples: 256  Num correct: 193  Precision @ 1: 0.7539  AUC @ 1: 0.8344
Test Data Eval:
  Num examples: 384  Num correct: 267  Precision @ 1: 0.6953  AUC @ 1: 0.7772
Step 2600: loss = 0.6090 (0.015 sec)
Training Data Eval:
  Num examples: 3456  Num correct: 2879  Precision @ 1: 0.8330  AUC @ 1: 0.9123
Validation Data Eval:
  Num examples: 256  Num correct: 186  Precision @ 1: 0.7266  AUC @ 1: 0.8300
Test Data Eval:
  Num examples: 384  Num correct: 268  Precision @ 1: 0.6979  AUC @ 1: 0.7628
Step 2800: loss = 0.6002 (0.015 sec)
Training Data Eval:
  Num examples: 3456  Num correct: 2933  Precision @ 1: 0.8487  AUC @ 1: 0.9264
Validation Data Eval:
  Num examples: 256  Num correct: 190  Precision @ 1: 0.7422  AUC @ 1: 0.8292
Test Data Eval:
  Num examples: 384  Num correct: 278  Precision @ 1: 0.7240  AUC @ 1: 0.7920
Step 3000: loss = 0.5317 (0.015 sec)
Training Data Eval:
  Num examples: 3456  Num correct: 2879  Precision @ 1: 0.8330  AUC @ 1: 0.9082
Validation Data Eval:
  Num examples: 256  Num correct: 185  Precision @ 1: 0.7227  AUC @ 1: 0.8199
Test Data Eval:
  Num examples: 384  Num correct: 260  Precision @ 1: 0.6771  AUC @ 1: 0.7481
Step 3200: loss = 0.7163 (0.014 sec)
Training Data Eval:
  Num examples: 3456  Num correct: 3026  Precision @ 1: 0.8756  AUC @ 1: 0.9445
Validation Data Eval:
  Num examples: 256  Num correct: 192  Precision @ 1: 0.7500  AUC @ 1: 0.8421
Test Data Eval:
  Num examples: 384  Num correct: 264  Precision @ 1: 0.6875  AUC @ 1: 0.7760
Step 3400: loss = 0.5506 (0.015 sec)
Training Data Eval:
  Num examples: 3456  Num correct: 3040  Precision @ 1: 0.8796  AUC @ 1: 0.9478
Validation Data Eval:
  Num examples: 256  Num correct: 193  Precision @ 1: 0.7539  AUC @ 1: 0.8437
Test Data Eval:
  Num examples: 384  Num correct: 274  Precision @ 1: 0.7135  AUC @ 1: 0.7688
Step 3600: loss = 0.4805 (0.015 sec)
Training Data Eval:
  Num examples: 3456  Num correct: 3047  Precision @ 1: 0.8817  AUC @ 1: 0.9466
Validation Data Eval:
  Num examples: 256  Num correct: 188  Precision @ 1: 0.7344  AUC @ 1: 0.8332
Test Data Eval:
  Num examples: 384  Num correct: 273  Precision @ 1: 0.7109  AUC @ 1: 0.7583
Step 3800: loss = 0.4671 (0.014 sec)
Training Data Eval:
  Num examples: 3456  Num correct: 3000  Precision @ 1: 0.8681  AUC @ 1: 0.9434
Validation Data Eval:
  Num examples: 256  Num correct: 195  Precision @ 1: 0.7617  AUC @ 1: 0.8291
Test Data Eval:
  Num examples: 384  Num correct: 253  Precision @ 1: 0.6589  AUC @ 1: 0.7416
Step 4000: loss = 0.6356 (0.016 sec)
Training Data Eval:
  Num examples: 3456  Num correct: 3137  Precision @ 1: 0.9077  AUC @ 1: 0.9653
Validation Data Eval:
  Num examples: 256  Num correct: 190  Precision @ 1: 0.7422  AUC @ 1: 0.8397
Test Data Eval:
  Num examples: 384  Num correct: 279  Precision @ 1: 0.7266  AUC @ 1: 0.7937
Step 4200: loss = 0.4589 (0.015 sec)
Training Data Eval:
  Num examples: 3456  Num correct: 3179  Precision @ 1: 0.9198  AUC @ 1: 0.9725
Validation Data Eval:
  Num examples: 256  Num correct: 192  Precision @ 1: 0.7500  AUC @ 1: 0.8438
Test Data Eval:
  Num examples: 384  Num correct: 275  Precision @ 1: 0.7161  AUC @ 1: 0.7602
Step 4400: loss = 0.4356 (0.015 sec)
Training Data Eval:
  Num examples: 3456  Num correct: 3193  Precision @ 1: 0.9239  AUC @ 1: 0.9730
Validation Data Eval:
  Num examples: 256  Num correct: 196  Precision @ 1: 0.7656  AUC @ 1: 0.8465
Test Data Eval:
  Num examples: 384  Num correct: 275  Precision @ 1: 0.7161  AUC @ 1: 0.7686
Step 4600: loss = 0.4113 (0.015 sec)
Training Data Eval:
  Num examples: 3456  Num correct: 3229  Precision @ 1: 0.9343  AUC @ 1: 0.9816
Validation Data Eval:
  Num examples: 256  Num correct: 195  Precision @ 1: 0.7617  AUC @ 1: 0.8461
Test Data Eval:
  Num examples: 384  Num correct: 258  Precision @ 1: 0.6719  AUC @ 1: 0.7322
Step 4800: loss = 0.4372 (0.015 sec)
Training Data Eval:
  Num examples: 3456  Num correct: 3209  Precision @ 1: 0.9285  AUC @ 1: 0.9799
Validation Data Eval:
  Num examples: 256  Num correct: 195  Precision @ 1: 0.7617  AUC @ 1: 0.8511
Test Data Eval:
  Num examples: 384  Num correct: 274  Precision @ 1: 0.7135  AUC @ 1: 0.7534
Step 5000: loss = 0.3528 (0.015 sec)
Training Data Eval:
  Num examples: 3456  Num correct: 3158  Precision @ 1: 0.9138  AUC @ 1: 0.9698
Validation Data Eval:
  Num examples: 256  Num correct: 199  Precision @ 1: 0.7773  AUC @ 1: 0.8406
Test Data Eval:
  Num examples: 384  Num correct: 253  Precision @ 1: 0.6589  AUC @ 1: 0.7423
Step 5200: loss = 0.4414 (0.015 sec)
Training Data Eval:
  Num examples: 3456  Num correct: 3295  Precision @ 1: 0.9534  AUC @ 1: 0.9887
Validation Data Eval:
  Num examples: 256  Num correct: 200  Precision @ 1: 0.7812  AUC @ 1: 0.8648
Test Data Eval:
  Num examples: 384  Num correct: 266  Precision @ 1: 0.6927  AUC @ 1: 0.7626
Step 5400: loss = 0.4319 (0.051 sec)
Training Data Eval:
  Num examples: 3456  Num correct: 3303  Precision @ 1: 0.9557  AUC @ 1: 0.9916
Validation Data Eval:
  Num examples: 256  Num correct: 201  Precision @ 1: 0.7852  AUC @ 1: 0.8606
Test Data Eval:
  Num examples: 384  Num correct: 271  Precision @ 1: 0.7057  AUC @ 1: 0.7721
Step 5600: loss = 0.2977 (0.015 sec)
Training Data Eval:
  Num examples: 3456  Num correct: 3320  Precision @ 1: 0.9606  AUC @ 1: 0.9929
Validation Data Eval:
  Num examples: 256  Num correct: 201  Precision @ 1: 0.7852  AUC @ 1: 0.8620
Test Data Eval:
  Num examples: 384  Num correct: 265  Precision @ 1: 0.6901  AUC @ 1: 0.7467
Step 5800: loss = 0.2652 (0.015 sec)
Training Data Eval:
  Num examples: 3456  Num correct: 3342  Precision @ 1: 0.9670  AUC @ 1: 0.9941
Validation Data Eval:
  Num examples: 256  Num correct: 199  Precision @ 1: 0.7773  AUC @ 1: 0.8605
Test Data Eval:
  Num examples: 384  Num correct: 268  Precision @ 1: 0.6979  AUC @ 1: 0.7590
Step 6000: loss = 0.3429 (0.015 sec)
Training Data Eval:
  Num examples: 3456  Num correct: 3347  Precision @ 1: 0.9685  AUC @ 1: 0.9944
Validation Data Eval:
  Num examples: 256  Num correct: 198  Precision @ 1: 0.7734  AUC @ 1: 0.8552
Test Data Eval:
  Num examples: 384  Num correct: 269  Precision @ 1: 0.7005  AUC @ 1: 0.7496
Step 6200: loss = 0.2785 (0.016 sec)
Training Data Eval:
  Num examples: 3456  Num correct: 3370  Precision @ 1: 0.9751  AUC @ 1: 0.9963
Validation Data Eval:
  Num examples: 256  Num correct: 199  Precision @ 1: 0.7773  AUC @ 1: 0.8659
Test Data Eval:
  Num examples: 384  Num correct: 271  Precision @ 1: 0.7057  AUC @ 1: 0.7571
Step 6400: loss = 0.3344 (0.015 sec)
Training Data Eval:
  Num examples: 3456  Num correct: 3380  Precision @ 1: 0.9780  AUC @ 1: 0.9968
Validation Data Eval:
  Num examples: 256  Num correct: 198  Precision @ 1: 0.7734  AUC @ 1: 0.8615
Test Data Eval:
  Num examples: 384  Num correct: 276  Precision @ 1: 0.7188  AUC @ 1: 0.7643
Step 6600: loss = 0.3262 (0.015 sec)
Training Data Eval:
  Num examples: 3456  Num correct: 3374  Precision @ 1: 0.9763  AUC @ 1: 0.9976
Validation Data Eval:
  Num examples: 256  Num correct: 202  Precision @ 1: 0.7891  AUC @ 1: 0.8587
Test Data Eval:
  Num examples: 384  Num correct: 267  Precision @ 1: 0.6953  AUC @ 1: 0.7561
Step 6800: loss = 0.2986 (0.015 sec)
Training Data Eval:
  Num examples: 3456  Num correct: 3399  Precision @ 1: 0.9835  AUC @ 1: 0.9982
Validation Data Eval:
  Num examples: 256  Num correct: 200  Precision @ 1: 0.7812  AUC @ 1: 0.8638
Test Data Eval:
  Num examples: 384  Num correct: 276  Precision @ 1: 0.7188  AUC @ 1: 0.7656
Step 7000: loss = 0.2912 (0.015 sec)
Training Data Eval:
  Num examples: 3456  Num correct: 3408  Precision @ 1: 0.9861  AUC @ 1: 0.9978
Validation Data Eval:
  Num examples: 256  Num correct: 199  Precision @ 1: 0.7773  AUC @ 1: 0.8621
Test Data Eval:
  Num examples: 384  Num correct: 273  Precision @ 1: 0.7109  AUC @ 1: 0.7644
Step 7200: loss = 0.3015 (0.015 sec)
Training Data Eval:
  Num examples: 3456  Num correct: 3418  Precision @ 1: 0.9890  AUC @ 1: 0.9989
Validation Data Eval:
  Num examples: 256  Num correct: 201  Precision @ 1: 0.7852  AUC @ 1: 0.8603
Test Data Eval:
  Num examples: 384  Num correct: 269  Precision @ 1: 0.7005  AUC @ 1: 0.7467
Step 7400: loss = 0.2770 (0.015 sec)
Training Data Eval:
  Num examples: 3456  Num correct: 3269  Precision @ 1: 0.9459  AUC @ 1: 0.9851
Validation Data Eval:
  Num examples: 256  Num correct: 198  Precision @ 1: 0.7734  AUC @ 1: 0.8407
Test Data Eval:
  Num examples: 384  Num correct: 261  Precision @ 1: 0.6797  AUC @ 1: 0.7498
Step 7600: loss = 0.4027 (0.015 sec)
Training Data Eval:
  Num examples: 3456  Num correct: 3414  Precision @ 1: 0.9878  AUC @ 1: 0.9989
Validation Data Eval:
  Num examples: 256  Num correct: 198  Precision @ 1: 0.7734  AUC @ 1: 0.8659
Test Data Eval:
  Num examples: 384  Num correct: 272  Precision @ 1: 0.7083  AUC @ 1: 0.7483
Step 7800: loss = 0.2484 (0.016 sec)
Training Data Eval:
  Num examples: 3456  Num correct: 3425  Precision @ 1: 0.9910  AUC @ 1: 0.9995
Validation Data Eval:
  Num examples: 256  Num correct: 200  Precision @ 1: 0.7812  AUC @ 1: 0.8639
Test Data Eval:
  Num examples: 384  Num correct: 261  Precision @ 1: 0.6797  AUC @ 1: 0.7291
Step 8000: loss = 0.2248 (0.015 sec)
Training Data Eval:
  Num examples: 3456  Num correct: 3428  Precision @ 1: 0.9919  AUC @ 1: 0.9995
Validation Data Eval:
  Num examples: 256  Num correct: 199  Precision @ 1: 0.7773  AUC @ 1: 0.8650
Test Data Eval:
  Num examples: 384  Num correct: 267  Precision @ 1: 0.6953  AUC @ 1: 0.7359
Step 8200: loss = 0.2680 (0.015 sec)
Training Data Eval:
  Num examples: 3456  Num correct: 3412  Precision @ 1: 0.9873  AUC @ 1: 0.9988
Validation Data Eval:
  Num examples: 256  Num correct: 199  Precision @ 1: 0.7773  AUC @ 1: 0.8579
Test Data Eval:
  Num examples: 384  Num correct: 268  Precision @ 1: 0.6979  AUC @ 1: 0.7356
Step 8400: loss = 0.2731 (0.015 sec)
Training Data Eval:
  Num examples: 3456  Num correct: 3435  Precision @ 1: 0.9939  AUC @ 1: 0.9996
Validation Data Eval:
  Num examples: 256  Num correct: 204  Precision @ 1: 0.7969  AUC @ 1: 0.8607
Test Data Eval:
  Num examples: 384  Num correct: 276  Precision @ 1: 0.7188  AUC @ 1: 0.7667
Step 8600: loss = 0.2180 (0.015 sec)
Training Data Eval:
  Num examples: 3456  Num correct: 3441  Precision @ 1: 0.9957  AUC @ 1: 0.9997
Validation Data Eval:
  Num examples: 256  Num correct: 201  Precision @ 1: 0.7852  AUC @ 1: 0.8635
Test Data Eval:
  Num examples: 384  Num correct: 252  Precision @ 1: 0.6562  AUC @ 1: 0.7304
Step 8800: loss = 0.2177 (0.014 sec)
Training Data Eval:
  Num examples: 3456  Num correct: 3435  Precision @ 1: 0.9939  AUC @ 1: 0.9994
Validation Data Eval:
  Num examples: 256  Num correct: 201  Precision @ 1: 0.7852  AUC @ 1: 0.8555
Test Data Eval:
  Num examples: 384  Num correct: 273  Precision @ 1: 0.7109  AUC @ 1: 0.7538
Step 9000: loss = 0.2341 (0.016 sec)
Training Data Eval:
  Num examples: 3456  Num correct: 3446  Precision @ 1: 0.9971  AUC @ 1: 0.9999
Validation Data Eval:
  Num examples: 256  Num correct: 203  Precision @ 1: 0.7930  AUC @ 1: 0.8575
Test Data Eval:
  Num examples: 384  Num correct: 276  Precision @ 1: 0.7188  AUC @ 1: 0.7646
Step 9200: loss = 0.2266 (0.015 sec)
Training Data Eval:
  Num examples: 3456  Num correct: 3447  Precision @ 1: 0.9974  AUC @ 1: 0.9999
Validation Data Eval:
  Num examples: 256  Num correct: 204  Precision @ 1: 0.7969  AUC @ 1: 0.8655
Test Data Eval:
  Num examples: 384  Num correct: 257  Precision @ 1: 0.6693  AUC @ 1: 0.7207
Step 9400: loss = 0.2385 (0.015 sec)
Training Data Eval:
  Num examples: 3456  Num correct: 3436  Precision @ 1: 0.9942  AUC @ 1: 0.9996
Validation Data Eval:
  Num examples: 256  Num correct: 199  Precision @ 1: 0.7773  AUC @ 1: 0.8632
Test Data Eval:
  Num examples: 384  Num correct: 257  Precision @ 1: 0.6693  AUC @ 1: 0.7494
Step 9600: loss = 0.2045 (0.015 sec)
Training Data Eval:
  Num examples: 3456  Num correct: 3446  Precision @ 1: 0.9971  AUC @ 1: 0.9999
Validation Data Eval:
  Num examples: 256  Num correct: 204  Precision @ 1: 0.7969  AUC @ 1: 0.8639
Test Data Eval:
  Num examples: 384  Num correct: 254  Precision @ 1: 0.6615  AUC @ 1: 0.7347
Step 9800: loss = 0.2137 (0.015 sec)
Training Data Eval:
  Num examples: 3456  Num correct: 3443  Precision @ 1: 0.9962  AUC @ 1: 0.9999
Validation Data Eval:
  Num examples: 256  Num correct: 203  Precision @ 1: 0.7930  AUC @ 1: 0.8590
Test Data Eval:
  Num examples: 384  Num correct: 257  Precision @ 1: 0.6693  AUC @ 1: 0.7399
