Training data shape: 	(3825, 64, 30, 1)
Training label shape:	(3825,)
Testing data shape:  	(510, 64, 30, 1)
Testing label shape: 	(510,)
max input value is: 3457.30786133
min input value is: -4872.94775391
random permuted training data
==============================================================================
Model: 			inference_global_s_cnn
Tensor Name: 	Placeholder:0
[128, 64, 30, 1]
==============================================================================
Tensor Name: conv1/conv1:0
[128, 1, 30, 64]
==============================================================================
Tensor Name: MaxPool:0
[128, 1, 15, 64]
==============================================================================
Tensor Name: local1/local1:0
[128, 128]
==============================================================================
Tensor Name: local2/local2:0
[128, 128]
==============================================================================
Tensor Name: softmax_linear/softmax_linear:0
[128, 2]
Step 0: loss = 1.0534 (0.044 sec)
Training Data Eval:
  Num examples: 3456  Num correct: 2010  Precision @ 1: 0.5816  AUC @ 1: 0.7426
Validation Data Eval:
  Num examples: 256  Num correct: 139  Precision @ 1: 0.5430  AUC @ 1: 0.7421
Test Data Eval:
  Num examples: 384  Num correct: 167  Precision @ 1: 0.4349  AUC @ 1: 0.7707
Step 200: loss = 0.9497 (0.022 sec)
Training Data Eval:
  Num examples: 3456  Num correct: 2471  Precision @ 1: 0.7150  AUC @ 1: 0.8000
Validation Data Eval:
  Num examples: 256  Num correct: 184  Precision @ 1: 0.7188  AUC @ 1: 0.8018
Test Data Eval:
  Num examples: 384  Num correct: 262  Precision @ 1: 0.6823  AUC @ 1: 0.7478
Step 400: loss = 0.8812 (0.022 sec)
Training Data Eval:
  Num examples: 3456  Num correct: 2565  Precision @ 1: 0.7422  AUC @ 1: 0.8214
Validation Data Eval:
  Num examples: 256  Num correct: 182  Precision @ 1: 0.7109  AUC @ 1: 0.8039
Test Data Eval:
  Num examples: 384  Num correct: 266  Precision @ 1: 0.6927  AUC @ 1: 0.7789
Step 600: loss = 0.9368 (0.022 sec)
Training Data Eval:
  Num examples: 3456  Num correct: 2586  Precision @ 1: 0.7483  AUC @ 1: 0.8285
Validation Data Eval:
  Num examples: 256  Num correct: 189  Precision @ 1: 0.7383  AUC @ 1: 0.8257
Test Data Eval:
  Num examples: 384  Num correct: 268  Precision @ 1: 0.6979  AUC @ 1: 0.7491
Step 800: loss = 0.8613 (0.022 sec)
Training Data Eval:
  Num examples: 3456  Num correct: 2659  Precision @ 1: 0.7694  AUC @ 1: 0.8504
Validation Data Eval:
  Num examples: 256  Num correct: 190  Precision @ 1: 0.7422  AUC @ 1: 0.8335
Test Data Eval:
  Num examples: 384  Num correct: 275  Precision @ 1: 0.7161  AUC @ 1: 0.7598
Step 1000: loss = 0.8546 (0.022 sec)
Training Data Eval:
  Num examples: 3456  Num correct: 2751  Precision @ 1: 0.7960  AUC @ 1: 0.8724
Validation Data Eval:
  Num examples: 256  Num correct: 192  Precision @ 1: 0.7500  AUC @ 1: 0.8414
Test Data Eval:
  Num examples: 384  Num correct: 270  Precision @ 1: 0.7031  AUC @ 1: 0.7847
Step 1200: loss = 0.7916 (0.022 sec)
Training Data Eval:
  Num examples: 3456  Num correct: 2767  Precision @ 1: 0.8006  AUC @ 1: 0.8814
Validation Data Eval:
  Num examples: 256  Num correct: 188  Precision @ 1: 0.7344  AUC @ 1: 0.8446
Test Data Eval:
  Num examples: 384  Num correct: 276  Precision @ 1: 0.7188  AUC @ 1: 0.7821
Step 1400: loss = 0.7949 (0.023 sec)
Training Data Eval:
  Num examples: 3456  Num correct: 2793  Precision @ 1: 0.8082  AUC @ 1: 0.8936
Validation Data Eval:
  Num examples: 256  Num correct: 188  Precision @ 1: 0.7344  AUC @ 1: 0.8486
Test Data Eval:
  Num examples: 384  Num correct: 272  Precision @ 1: 0.7083  AUC @ 1: 0.7718
Step 1600: loss = 0.7383 (0.022 sec)
Training Data Eval:
  Num examples: 3456  Num correct: 2813  Precision @ 1: 0.8139  AUC @ 1: 0.8938
Validation Data Eval:
  Num examples: 256  Num correct: 190  Precision @ 1: 0.7422  AUC @ 1: 0.8492
Test Data Eval:
  Num examples: 384  Num correct: 280  Precision @ 1: 0.7292  AUC @ 1: 0.7616
Step 1800: loss = 0.7042 (0.022 sec)
Training Data Eval:
  Num examples: 3456  Num correct: 2866  Precision @ 1: 0.8293  AUC @ 1: 0.9115
Validation Data Eval:
  Num examples: 256  Num correct: 187  Precision @ 1: 0.7305  AUC @ 1: 0.8526
Test Data Eval:
  Num examples: 384  Num correct: 264  Precision @ 1: 0.6875  AUC @ 1: 0.7519
Step 2000: loss = 0.6584 (0.022 sec)
Training Data Eval:
  Num examples: 3456  Num correct: 2937  Precision @ 1: 0.8498  AUC @ 1: 0.9202
Validation Data Eval:
  Num examples: 256  Num correct: 193  Precision @ 1: 0.7539  AUC @ 1: 0.8482
Test Data Eval:
  Num examples: 384  Num correct: 264  Precision @ 1: 0.6875  AUC @ 1: 0.7551
Step 2200: loss = 0.7816 (0.023 sec)
Training Data Eval:
  Num examples: 3456  Num correct: 2918  Precision @ 1: 0.8443  AUC @ 1: 0.9123
Validation Data Eval:
  Num examples: 256  Num correct: 197  Precision @ 1: 0.7695  AUC @ 1: 0.8331
Test Data Eval:
  Num examples: 384  Num correct: 266  Precision @ 1: 0.6927  AUC @ 1: 0.7680
Step 2400: loss = 0.7876 (0.022 sec)
Training Data Eval:
  Num examples: 3456  Num correct: 3035  Precision @ 1: 0.8782  AUC @ 1: 0.9436
Validation Data Eval:
  Num examples: 256  Num correct: 199  Precision @ 1: 0.7773  AUC @ 1: 0.8698
Test Data Eval:
  Num examples: 384  Num correct: 271  Precision @ 1: 0.7057  AUC @ 1: 0.7728
Step 2600: loss = 0.6801 (0.022 sec)
Training Data Eval:
  Num examples: 3456  Num correct: 3010  Precision @ 1: 0.8709  AUC @ 1: 0.9454
Validation Data Eval:
  Num examples: 256  Num correct: 197  Precision @ 1: 0.7695  AUC @ 1: 0.8600
Test Data Eval:
  Num examples: 384  Num correct: 258  Precision @ 1: 0.6719  AUC @ 1: 0.7216
Step 2800: loss = 0.6540 (0.022 sec)
Training Data Eval:
  Num examples: 3456  Num correct: 3079  Precision @ 1: 0.8909  AUC @ 1: 0.9566
Validation Data Eval:
  Num examples: 256  Num correct: 201  Precision @ 1: 0.7852  AUC @ 1: 0.8722
Test Data Eval:
  Num examples: 384  Num correct: 264  Precision @ 1: 0.6875  AUC @ 1: 0.7418
Step 3000: loss = 0.7301 (0.021 sec)
Training Data Eval:
  Num examples: 3456  Num correct: 3103  Precision @ 1: 0.8979  AUC @ 1: 0.9575
Validation Data Eval:
  Num examples: 256  Num correct: 201  Precision @ 1: 0.7852  AUC @ 1: 0.8662
Test Data Eval:
  Num examples: 384  Num correct: 261  Precision @ 1: 0.6797  AUC @ 1: 0.7438
Step 3200: loss = 0.5790 (0.022 sec)
Training Data Eval:
  Num examples: 3456  Num correct: 3063  Precision @ 1: 0.8863  AUC @ 1: 0.9562
Validation Data Eval:
  Num examples: 256  Num correct: 198  Precision @ 1: 0.7734  AUC @ 1: 0.8704
Test Data Eval:
  Num examples: 384  Num correct: 260  Precision @ 1: 0.6771  AUC @ 1: 0.7183
Step 3400: loss = 0.6846 (0.022 sec)
Training Data Eval:
  Num examples: 3456  Num correct: 3189  Precision @ 1: 0.9227  AUC @ 1: 0.9718
Validation Data Eval:
  Num examples: 256  Num correct: 198  Precision @ 1: 0.7734  AUC @ 1: 0.8670
Test Data Eval:
  Num examples: 384  Num correct: 262  Precision @ 1: 0.6823  AUC @ 1: 0.7658
Step 3600: loss = 0.5966 (0.022 sec)
Training Data Eval:
  Num examples: 3456  Num correct: 3199  Precision @ 1: 0.9256  AUC @ 1: 0.9763
Validation Data Eval:
  Num examples: 256  Num correct: 202  Precision @ 1: 0.7891  AUC @ 1: 0.8665
Test Data Eval:
  Num examples: 384  Num correct: 267  Precision @ 1: 0.6953  AUC @ 1: 0.7621
Step 3800: loss = 0.5247 (0.022 sec)
Training Data Eval:
  Num examples: 3456  Num correct: 3218  Precision @ 1: 0.9311  AUC @ 1: 0.9800
Validation Data Eval:
  Num examples: 256  Num correct: 200  Precision @ 1: 0.7812  AUC @ 1: 0.8741
Test Data Eval:
  Num examples: 384  Num correct: 265  Precision @ 1: 0.6901  AUC @ 1: 0.7612
Step 4000: loss = 0.5395 (0.022 sec)
Training Data Eval:
  Num examples: 3456  Num correct: 3264  Precision @ 1: 0.9444  AUC @ 1: 0.9866
Validation Data Eval:
  Num examples: 256  Num correct: 203  Precision @ 1: 0.7930  AUC @ 1: 0.8711
Test Data Eval:
  Num examples: 384  Num correct: 259  Precision @ 1: 0.6745  AUC @ 1: 0.7525
Step 4200: loss = 0.4632 (0.022 sec)
Training Data Eval:
  Num examples: 3456  Num correct: 3285  Precision @ 1: 0.9505  AUC @ 1: 0.9881
Validation Data Eval:
  Num examples: 256  Num correct: 205  Precision @ 1: 0.8008  AUC @ 1: 0.8736
Test Data Eval:
  Num examples: 384  Num correct: 260  Precision @ 1: 0.6771  AUC @ 1: 0.7459
Step 4400: loss = 0.4621 (0.022 sec)
Training Data Eval:
  Num examples: 3456  Num correct: 3306  Precision @ 1: 0.9566  AUC @ 1: 0.9905
Validation Data Eval:
  Num examples: 256  Num correct: 202  Precision @ 1: 0.7891  AUC @ 1: 0.8722
Test Data Eval:
  Num examples: 384  Num correct: 260  Precision @ 1: 0.6771  AUC @ 1: 0.7257
Step 4600: loss = 0.4544 (0.022 sec)
Training Data Eval:
  Num examples: 3456  Num correct: 3324  Precision @ 1: 0.9618  AUC @ 1: 0.9916
Validation Data Eval:
  Num examples: 256  Num correct: 206  Precision @ 1: 0.8047  AUC @ 1: 0.8734
Test Data Eval:
  Num examples: 384  Num correct: 265  Precision @ 1: 0.6901  AUC @ 1: 0.7482
Step 4800: loss = 0.4115 (0.022 sec)
Training Data Eval:
  Num examples: 3456  Num correct: 3355  Precision @ 1: 0.9708  AUC @ 1: 0.9959
Validation Data Eval:
  Num examples: 256  Num correct: 205  Precision @ 1: 0.8008  AUC @ 1: 0.8807
Test Data Eval:
  Num examples: 384  Num correct: 257  Precision @ 1: 0.6693  AUC @ 1: 0.7576
Step 5000: loss = 0.4667 (0.022 sec)
Training Data Eval:
  Num examples: 3456  Num correct: 3310  Precision @ 1: 0.9578  AUC @ 1: 0.9929
Validation Data Eval:
  Num examples: 256  Num correct: 205  Precision @ 1: 0.8008  AUC @ 1: 0.8711
Test Data Eval:
  Num examples: 384  Num correct: 246  Precision @ 1: 0.6406  AUC @ 1: 0.7356
Step 5200: loss = 0.4229 (0.022 sec)
Training Data Eval:
  Num examples: 3456  Num correct: 3360  Precision @ 1: 0.9722  AUC @ 1: 0.9954
Validation Data Eval:
  Num examples: 256  Num correct: 205  Precision @ 1: 0.8008  AUC @ 1: 0.8750
Test Data Eval:
  Num examples: 384  Num correct: 258  Precision @ 1: 0.6719  AUC @ 1: 0.7379
Step 5400: loss = 0.5220 (0.059 sec)
Training Data Eval:
  Num examples: 3456  Num correct: 3376  Precision @ 1: 0.9769  AUC @ 1: 0.9959
Validation Data Eval:
  Num examples: 256  Num correct: 209  Precision @ 1: 0.8164  AUC @ 1: 0.8823
Test Data Eval:
  Num examples: 384  Num correct: 246  Precision @ 1: 0.6406  AUC @ 1: 0.7217
Step 5600: loss = 0.3853 (0.022 sec)
Training Data Eval:
  Num examples: 3456  Num correct: 3396  Precision @ 1: 0.9826  AUC @ 1: 0.9978
Validation Data Eval:
  Num examples: 256  Num correct: 208  Precision @ 1: 0.8125  AUC @ 1: 0.8800
Test Data Eval:
  Num examples: 384  Num correct: 264  Precision @ 1: 0.6875  AUC @ 1: 0.7529
Step 5800: loss = 0.3947 (0.022 sec)
Training Data Eval:
  Num examples: 3456  Num correct: 3398  Precision @ 1: 0.9832  AUC @ 1: 0.9977
Validation Data Eval:
  Num examples: 256  Num correct: 204  Precision @ 1: 0.7969  AUC @ 1: 0.8739
Test Data Eval:
  Num examples: 384  Num correct: 269  Precision @ 1: 0.7005  AUC @ 1: 0.7670
Step 6000: loss = 0.3721 (0.022 sec)
Training Data Eval:
  Num examples: 3456  Num correct: 3407  Precision @ 1: 0.9858  AUC @ 1: 0.9987
Validation Data Eval:
  Num examples: 256  Num correct: 213  Precision @ 1: 0.8320  AUC @ 1: 0.8943
Test Data Eval:
  Num examples: 384  Num correct: 259  Precision @ 1: 0.6745  AUC @ 1: 0.7456
Step 6200: loss = 0.4434 (0.022 sec)
Training Data Eval:
  Num examples: 3456  Num correct: 3378  Precision @ 1: 0.9774  AUC @ 1: 0.9974
Validation Data Eval:
  Num examples: 256  Num correct: 205  Precision @ 1: 0.8008  AUC @ 1: 0.8710
Test Data Eval:
  Num examples: 384  Num correct: 268  Precision @ 1: 0.6979  AUC @ 1: 0.7737
Step 6400: loss = 0.4286 (0.021 sec)
Training Data Eval:
  Num examples: 3456  Num correct: 3418  Precision @ 1: 0.9890  AUC @ 1: 0.9989
Validation Data Eval:
  Num examples: 256  Num correct: 208  Precision @ 1: 0.8125  AUC @ 1: 0.8834
Test Data Eval:
  Num examples: 384  Num correct: 255  Precision @ 1: 0.6641  AUC @ 1: 0.7578
Step 6600: loss = 0.3738 (0.023 sec)
Training Data Eval:
  Num examples: 3456  Num correct: 3423  Precision @ 1: 0.9905  AUC @ 1: 0.9994
Validation Data Eval:
  Num examples: 256  Num correct: 208  Precision @ 1: 0.8125  AUC @ 1: 0.8813
Test Data Eval:
  Num examples: 384  Num correct: 268  Precision @ 1: 0.6979  AUC @ 1: 0.7665
Step 6800: loss = 0.3805 (0.022 sec)
Training Data Eval:
  Num examples: 3456  Num correct: 3407  Precision @ 1: 0.9858  AUC @ 1: 0.9987
Validation Data Eval:
  Num examples: 256  Num correct: 209  Precision @ 1: 0.8164  AUC @ 1: 0.8865
Test Data Eval:
  Num examples: 384  Num correct: 270  Precision @ 1: 0.7031  AUC @ 1: 0.7596
Step 7000: loss = 0.3849 (0.022 sec)
Training Data Eval:
  Num examples: 3456  Num correct: 3440  Precision @ 1: 0.9954  AUC @ 1: 0.9998
Validation Data Eval:
  Num examples: 256  Num correct: 211  Precision @ 1: 0.8242  AUC @ 1: 0.8852
Test Data Eval:
  Num examples: 384  Num correct: 253  Precision @ 1: 0.6589  AUC @ 1: 0.7406
Step 7200: loss = 0.3529 (0.021 sec)
Training Data Eval:
  Num examples: 3456  Num correct: 3441  Precision @ 1: 0.9957  AUC @ 1: 0.9998
Validation Data Eval:
  Num examples: 256  Num correct: 209  Precision @ 1: 0.8164  AUC @ 1: 0.8853
Test Data Eval:
  Num examples: 384  Num correct: 270  Precision @ 1: 0.7031  AUC @ 1: 0.7750
Step 7400: loss = 0.3521 (0.022 sec)
Training Data Eval:
  Num examples: 3456  Num correct: 3438  Precision @ 1: 0.9948  AUC @ 1: 0.9999
Validation Data Eval:
  Num examples: 256  Num correct: 209  Precision @ 1: 0.8164  AUC @ 1: 0.8864
Test Data Eval:
  Num examples: 384  Num correct: 259  Precision @ 1: 0.6745  AUC @ 1: 0.7668
Step 7600: loss = 0.3474 (0.022 sec)
Training Data Eval:
  Num examples: 3456  Num correct: 3441  Precision @ 1: 0.9957  AUC @ 1: 0.9999
Validation Data Eval:
  Num examples: 256  Num correct: 211  Precision @ 1: 0.8242  AUC @ 1: 0.8902
Test Data Eval:
  Num examples: 384  Num correct: 265  Precision @ 1: 0.6901  AUC @ 1: 0.7614
Step 7800: loss = 0.3063 (0.022 sec)
Training Data Eval:
  Num examples: 3456  Num correct: 3427  Precision @ 1: 0.9916  AUC @ 1: 0.9995
Validation Data Eval:
  Num examples: 256  Num correct: 205  Precision @ 1: 0.8008  AUC @ 1: 0.8824
Test Data Eval:
  Num examples: 384  Num correct: 260  Precision @ 1: 0.6771  AUC @ 1: 0.7630
Step 8000: loss = 0.3788 (0.021 sec)
Training Data Eval:
  Num examples: 3456  Num correct: 3429  Precision @ 1: 0.9922  AUC @ 1: 0.9995
Validation Data Eval:
  Num examples: 256  Num correct: 209  Precision @ 1: 0.8164  AUC @ 1: 0.8852
Test Data Eval:
  Num examples: 384  Num correct: 272  Precision @ 1: 0.7083  AUC @ 1: 0.7903
Step 8200: loss = 0.3466 (0.022 sec)
Training Data Eval:
  Num examples: 3456  Num correct: 3446  Precision @ 1: 0.9971  AUC @ 1: 1.0000
Validation Data Eval:
  Num examples: 256  Num correct: 210  Precision @ 1: 0.8203  AUC @ 1: 0.8830
Test Data Eval:
  Num examples: 384  Num correct: 260  Precision @ 1: 0.6771  AUC @ 1: 0.7641
Step 8400: loss = 0.3108 (0.022 sec)
Training Data Eval:
  Num examples: 3456  Num correct: 3439  Precision @ 1: 0.9951  AUC @ 1: 1.0000
Validation Data Eval:
  Num examples: 256  Num correct: 209  Precision @ 1: 0.8164  AUC @ 1: 0.8882
Test Data Eval:
  Num examples: 384  Num correct: 255  Precision @ 1: 0.6641  AUC @ 1: 0.7680
Step 8600: loss = 0.3196 (0.022 sec)
Training Data Eval:
  Num examples: 3456  Num correct: 3422  Precision @ 1: 0.9902  AUC @ 1: 0.9994
Validation Data Eval:
  Num examples: 256  Num correct: 211  Precision @ 1: 0.8242  AUC @ 1: 0.8845
Test Data Eval:
  Num examples: 384  Num correct: 263  Precision @ 1: 0.6849  AUC @ 1: 0.7631
Step 8800: loss = 0.3790 (0.022 sec)
Training Data Eval:
  Num examples: 3456  Num correct: 3449  Precision @ 1: 0.9980  AUC @ 1: 1.0000
Validation Data Eval:
  Num examples: 256  Num correct: 208  Precision @ 1: 0.8125  AUC @ 1: 0.8917
Test Data Eval:
  Num examples: 384  Num correct: 265  Precision @ 1: 0.6901  AUC @ 1: 0.7757
Step 9000: loss = 0.2957 (0.022 sec)
Training Data Eval:
  Num examples: 3456  Num correct: 3441  Precision @ 1: 0.9957  AUC @ 1: 0.9999
Validation Data Eval:
  Num examples: 256  Num correct: 210  Precision @ 1: 0.8203  AUC @ 1: 0.8921
Test Data Eval:
  Num examples: 384  Num correct: 254  Precision @ 1: 0.6615  AUC @ 1: 0.7503
Step 9200: loss = 0.3171 (0.022 sec)
Training Data Eval:
  Num examples: 3456  Num correct: 3449  Precision @ 1: 0.9980  AUC @ 1: 1.0000
Validation Data Eval:
  Num examples: 256  Num correct: 212  Precision @ 1: 0.8281  AUC @ 1: 0.8884
Test Data Eval:
  Num examples: 384  Num correct: 268  Precision @ 1: 0.6979  AUC @ 1: 0.7665
Step 9400: loss = 0.3055 (0.024 sec)
Training Data Eval:
  Num examples: 3456  Num correct: 3449  Precision @ 1: 0.9980  AUC @ 1: 1.0000
Validation Data Eval:
  Num examples: 256  Num correct: 210  Precision @ 1: 0.8203  AUC @ 1: 0.8820
Test Data Eval:
  Num examples: 384  Num correct: 261  Precision @ 1: 0.6797  AUC @ 1: 0.7499
Step 9600: loss = 0.3044 (0.022 sec)
Training Data Eval:
  Num examples: 3456  Num correct: 3449  Precision @ 1: 0.9980  AUC @ 1: 1.0000
Validation Data Eval:
  Num examples: 256  Num correct: 212  Precision @ 1: 0.8281  AUC @ 1: 0.8902
Test Data Eval:
  Num examples: 384  Num correct: 254  Precision @ 1: 0.6615  AUC @ 1: 0.7485
Step 9800: loss = 0.3301 (0.022 sec)
Training Data Eval:
  Num examples: 3456  Num correct: 3421  Precision @ 1: 0.9899  AUC @ 1: 0.9990
Validation Data Eval:
  Num examples: 256  Num correct: 208  Precision @ 1: 0.8125  AUC @ 1: 0.8844
Test Data Eval:
  Num examples: 384  Num correct: 266  Precision @ 1: 0.6927  AUC @ 1: 0.7630
