Training data shape: 	(3881, 64, 30, 1)
Training label shape:	(3881,)
Testing data shape:  	(454, 64, 30, 1)
Testing label shape: 	(454,)
max input value is: 14.3839135638
min input value is: -10.9262291682
random permuted training data
==============================================================================
Model: 			inference_global_s_cnn
Tensor Name: 	Placeholder:0
[128, 64, 30, 1]
==============================================================================
Tensor Name: conv1/conv1:0
[128, 1, 30, 64]
==============================================================================
Tensor Name: MaxPool:0
[128, 1, 15, 64]
==============================================================================
Tensor Name: local1/local1:0
[128, 128]
==============================================================================
Tensor Name: local2/local2:0
[128, 128]
==============================================================================
Tensor Name: softmax_linear/softmax_linear:0
[128, 2]
Step 0: loss = 1.0403 (0.043 sec)
Training Data Eval:
  Num examples: 3584  Num correct: 2039  Precision @ 1: 0.5689  AUC @ 1: 0.6062
Validation Data Eval:
  Num examples: 256  Num correct: 136  Precision @ 1: 0.5312  AUC @ 1: 0.6102
Test Data Eval:
  Num examples: 384  Num correct: 187  Precision @ 1: 0.4870  AUC @ 1: 0.7261
Step 200: loss = 1.0161 (0.026 sec)
Training Data Eval:
  Num examples: 3584  Num correct: 2011  Precision @ 1: 0.5611  AUC @ 1: 0.6298
Validation Data Eval:
  Num examples: 256  Num correct: 136  Precision @ 1: 0.5312  AUC @ 1: 0.6178
Test Data Eval:
  Num examples: 384  Num correct: 218  Precision @ 1: 0.5677  AUC @ 1: 0.7070
Step 400: loss = 0.9952 (0.021 sec)
Training Data Eval:
  Num examples: 3584  Num correct: 2010  Precision @ 1: 0.5608  AUC @ 1: 0.6351
Validation Data Eval:
  Num examples: 256  Num correct: 136  Precision @ 1: 0.5312  AUC @ 1: 0.6248
Test Data Eval:
  Num examples: 384  Num correct: 215  Precision @ 1: 0.5599  AUC @ 1: 0.6939
Step 600: loss = 1.0215 (0.022 sec)
Training Data Eval:
  Num examples: 3584  Num correct: 2036  Precision @ 1: 0.5681  AUC @ 1: 0.6289
Validation Data Eval:
  Num examples: 256  Num correct: 136  Precision @ 1: 0.5312  AUC @ 1: 0.6245
Test Data Eval:
  Num examples: 384  Num correct: 223  Precision @ 1: 0.5807  AUC @ 1: 0.7236
Step 800: loss = 1.0285 (0.021 sec)
Training Data Eval:
  Num examples: 3584  Num correct: 2024  Precision @ 1: 0.5647  AUC @ 1: 0.6402
Validation Data Eval:
  Num examples: 256  Num correct: 136  Precision @ 1: 0.5312  AUC @ 1: 0.6226
Test Data Eval:
  Num examples: 384  Num correct: 213  Precision @ 1: 0.5547  AUC @ 1: 0.7058
Step 1000: loss = 1.0259 (0.021 sec)
Training Data Eval:
  Num examples: 3584  Num correct: 2063  Precision @ 1: 0.5756  AUC @ 1: 0.6337
Validation Data Eval:
  Num examples: 256  Num correct: 136  Precision @ 1: 0.5312  AUC @ 1: 0.6222
Test Data Eval:
  Num examples: 384  Num correct: 216  Precision @ 1: 0.5625  AUC @ 1: 0.7193
Step 1200: loss = 1.0037 (0.021 sec)
Training Data Eval:
  Num examples: 3584  Num correct: 2036  Precision @ 1: 0.5681  AUC @ 1: 0.6391
Validation Data Eval:
  Num examples: 256  Num correct: 136  Precision @ 1: 0.5312  AUC @ 1: 0.6222
Test Data Eval:
  Num examples: 384  Num correct: 212  Precision @ 1: 0.5521  AUC @ 1: 0.7199
Step 1400: loss = 0.9937 (0.059 sec)
Training Data Eval:
  Num examples: 3584  Num correct: 2042  Precision @ 1: 0.5698  AUC @ 1: 0.6408
Validation Data Eval:
  Num examples: 256  Num correct: 136  Precision @ 1: 0.5312  AUC @ 1: 0.6233
Test Data Eval:
  Num examples: 384  Num correct: 216  Precision @ 1: 0.5625  AUC @ 1: 0.7166
Step 1600: loss = 0.9952 (0.022 sec)
Training Data Eval:
  Num examples: 3584  Num correct: 2040  Precision @ 1: 0.5692  AUC @ 1: 0.6309
Validation Data Eval:
  Num examples: 256  Num correct: 136  Precision @ 1: 0.5312  AUC @ 1: 0.6249
Test Data Eval:
  Num examples: 384  Num correct: 220  Precision @ 1: 0.5729  AUC @ 1: 0.7171
Step 1800: loss = 0.9846 (0.022 sec)
Training Data Eval:
  Num examples: 3584  Num correct: 2048  Precision @ 1: 0.5714  AUC @ 1: 0.6559
Validation Data Eval:
  Num examples: 256  Num correct: 136  Precision @ 1: 0.5312  AUC @ 1: 0.6286
Test Data Eval:
  Num examples: 384  Num correct: 212  Precision @ 1: 0.5521  AUC @ 1: 0.7208
Step 2000: loss = 0.9838 (0.022 sec)
Training Data Eval:
  Num examples: 3584  Num correct: 2024  Precision @ 1: 0.5647  AUC @ 1: 0.6498
Validation Data Eval:
  Num examples: 256  Num correct: 136  Precision @ 1: 0.5312  AUC @ 1: 0.6329
Test Data Eval:
  Num examples: 384  Num correct: 214  Precision @ 1: 0.5573  AUC @ 1: 0.7363
Step 2200: loss = 0.9453 (0.022 sec)
Training Data Eval:
  Num examples: 3584  Num correct: 2050  Precision @ 1: 0.5720  AUC @ 1: 0.6609
Validation Data Eval:
  Num examples: 256  Num correct: 136  Precision @ 1: 0.5312  AUC @ 1: 0.6383
Test Data Eval:
  Num examples: 384  Num correct: 218  Precision @ 1: 0.5677  AUC @ 1: 0.7274
Step 2400: loss = 0.9833 (0.022 sec)
Training Data Eval:
  Num examples: 3584  Num correct: 2035  Precision @ 1: 0.5678  AUC @ 1: 0.6637
Validation Data Eval:
  Num examples: 256  Num correct: 136  Precision @ 1: 0.5312  AUC @ 1: 0.6465
Test Data Eval:
  Num examples: 384  Num correct: 214  Precision @ 1: 0.5573  AUC @ 1: 0.7663
Step 2600: loss = 0.9933 (0.021 sec)
Training Data Eval:
  Num examples: 3584  Num correct: 2111  Precision @ 1: 0.5890  AUC @ 1: 0.6707
Validation Data Eval:
  Num examples: 256  Num correct: 144  Precision @ 1: 0.5625  AUC @ 1: 0.6543
Test Data Eval:
  Num examples: 384  Num correct: 220  Precision @ 1: 0.5729  AUC @ 1: 0.7404
Step 2800: loss = 0.9451 (0.059 sec)
Training Data Eval:
  Num examples: 3584  Num correct: 2137  Precision @ 1: 0.5963  AUC @ 1: 0.6696
Validation Data Eval:
  Num examples: 256  Num correct: 149  Precision @ 1: 0.5820  AUC @ 1: 0.6621
Test Data Eval:
  Num examples: 384  Num correct: 228  Precision @ 1: 0.5938  AUC @ 1: 0.7473
Step 3000: loss = 0.9913 (0.022 sec)
Training Data Eval:
  Num examples: 3584  Num correct: 2150  Precision @ 1: 0.5999  AUC @ 1: 0.6929
Validation Data Eval:
  Num examples: 256  Num correct: 146  Precision @ 1: 0.5703  AUC @ 1: 0.6703
Test Data Eval:
  Num examples: 384  Num correct: 228  Precision @ 1: 0.5938  AUC @ 1: 0.7725
Step 3200: loss = 0.9532 (0.022 sec)
Training Data Eval:
  Num examples: 3584  Num correct: 2197  Precision @ 1: 0.6130  AUC @ 1: 0.7072
Validation Data Eval:
  Num examples: 256  Num correct: 152  Precision @ 1: 0.5938  AUC @ 1: 0.6820
Test Data Eval:
  Num examples: 384  Num correct: 239  Precision @ 1: 0.6224  AUC @ 1: 0.7867
Step 3400: loss = 0.9408 (0.022 sec)
Training Data Eval:
  Num examples: 3584  Num correct: 2224  Precision @ 1: 0.6205  AUC @ 1: 0.7016
Validation Data Eval:
  Num examples: 256  Num correct: 153  Precision @ 1: 0.5977  AUC @ 1: 0.6962
Test Data Eval:
  Num examples: 384  Num correct: 247  Precision @ 1: 0.6432  AUC @ 1: 0.7789
Step 3600: loss = 0.9411 (0.022 sec)
Training Data Eval:
  Num examples: 3584  Num correct: 2234  Precision @ 1: 0.6233  AUC @ 1: 0.7157
Validation Data Eval:
  Num examples: 256  Num correct: 157  Precision @ 1: 0.6133  AUC @ 1: 0.7083
Test Data Eval:
  Num examples: 384  Num correct: 254  Precision @ 1: 0.6615  AUC @ 1: 0.7913
Step 3800: loss = 0.9184 (0.021 sec)
Training Data Eval:
  Num examples: 3584  Num correct: 2261  Precision @ 1: 0.6309  AUC @ 1: 0.7197
Validation Data Eval:
  Num examples: 256  Num correct: 162  Precision @ 1: 0.6328  AUC @ 1: 0.7232
Test Data Eval:
  Num examples: 384  Num correct: 262  Precision @ 1: 0.6823  AUC @ 1: 0.7943
Step 4000: loss = 0.9231 (0.021 sec)
Training Data Eval:
  Num examples: 3584  Num correct: 2319  Precision @ 1: 0.6470  AUC @ 1: 0.7330
Validation Data Eval:
  Num examples: 256  Num correct: 167  Precision @ 1: 0.6523  AUC @ 1: 0.7357
Test Data Eval:
  Num examples: 384  Num correct: 273  Precision @ 1: 0.7109  AUC @ 1: 0.7997
Step 4200: loss = 0.9160 (0.055 sec)
Training Data Eval:
  Num examples: 3584  Num correct: 2373  Precision @ 1: 0.6621  AUC @ 1: 0.7463
Validation Data Eval:
  Num examples: 256  Num correct: 168  Precision @ 1: 0.6562  AUC @ 1: 0.7490
Test Data Eval:
  Num examples: 384  Num correct: 286  Precision @ 1: 0.7448  AUC @ 1: 0.7967
Step 4400: loss = 0.9359 (0.021 sec)
Training Data Eval:
  Num examples: 3584  Num correct: 2428  Precision @ 1: 0.6775  AUC @ 1: 0.7564
Validation Data Eval:
  Num examples: 256  Num correct: 171  Precision @ 1: 0.6680  AUC @ 1: 0.7556
Test Data Eval:
  Num examples: 384  Num correct: 284  Precision @ 1: 0.7396  AUC @ 1: 0.8036
Step 4600: loss = 0.8675 (0.021 sec)
Training Data Eval:
  Num examples: 3584  Num correct: 2437  Precision @ 1: 0.6800  AUC @ 1: 0.7654
Validation Data Eval:
  Num examples: 256  Num correct: 170  Precision @ 1: 0.6641  AUC @ 1: 0.7578
Test Data Eval:
  Num examples: 384  Num correct: 280  Precision @ 1: 0.7292  AUC @ 1: 0.8020
Step 4800: loss = 0.8320 (0.022 sec)
Training Data Eval:
  Num examples: 3584  Num correct: 2453  Precision @ 1: 0.6844  AUC @ 1: 0.7673
Validation Data Eval:
  Num examples: 256  Num correct: 171  Precision @ 1: 0.6680  AUC @ 1: 0.7603
Test Data Eval:
  Num examples: 384  Num correct: 270  Precision @ 1: 0.7031  AUC @ 1: 0.7910
Step 5000: loss = 0.8765 (0.022 sec)
Training Data Eval:
  Num examples: 3584  Num correct: 2464  Precision @ 1: 0.6875  AUC @ 1: 0.7707
Validation Data Eval:
  Num examples: 256  Num correct: 172  Precision @ 1: 0.6719  AUC @ 1: 0.7604
Test Data Eval:
  Num examples: 384  Num correct: 284  Precision @ 1: 0.7396  AUC @ 1: 0.8198
Step 5200: loss = 0.8576 (0.022 sec)
Training Data Eval:
  Num examples: 3584  Num correct: 2481  Precision @ 1: 0.6922  AUC @ 1: 0.7797
Validation Data Eval:
  Num examples: 256  Num correct: 172  Precision @ 1: 0.6719  AUC @ 1: 0.7602
Test Data Eval:
  Num examples: 384  Num correct: 274  Precision @ 1: 0.7135  AUC @ 1: 0.8026
Step 5400: loss = 0.9183 (0.023 sec)
Training Data Eval:
  Num examples: 3584  Num correct: 2483  Precision @ 1: 0.6928  AUC @ 1: 0.7810
Validation Data Eval:
  Num examples: 256  Num correct: 171  Precision @ 1: 0.6680  AUC @ 1: 0.7616
Test Data Eval:
  Num examples: 384  Num correct: 285  Precision @ 1: 0.7422  AUC @ 1: 0.8235
Step 5600: loss = 0.8953 (0.053 sec)
Training Data Eval:
  Num examples: 3584  Num correct: 2509  Precision @ 1: 0.7001  AUC @ 1: 0.7887
Validation Data Eval:
  Num examples: 256  Num correct: 171  Precision @ 1: 0.6680  AUC @ 1: 0.7635
Test Data Eval:
  Num examples: 384  Num correct: 281  Precision @ 1: 0.7318  AUC @ 1: 0.8219
Step 5800: loss = 0.8479 (0.021 sec)
Training Data Eval:
  Num examples: 3584  Num correct: 2524  Precision @ 1: 0.7042  AUC @ 1: 0.7894
Validation Data Eval:
  Num examples: 256  Num correct: 172  Precision @ 1: 0.6719  AUC @ 1: 0.7648
Test Data Eval:
  Num examples: 384  Num correct: 283  Precision @ 1: 0.7370  AUC @ 1: 0.8130
Step 6000: loss = 0.7796 (0.022 sec)
Training Data Eval:
  Num examples: 3584  Num correct: 2525  Precision @ 1: 0.7045  AUC @ 1: 0.7943
Validation Data Eval:
  Num examples: 256  Num correct: 174  Precision @ 1: 0.6797  AUC @ 1: 0.7681
Test Data Eval:
  Num examples: 384  Num correct: 292  Precision @ 1: 0.7604  AUC @ 1: 0.8357
Step 6200: loss = 0.7933 (0.022 sec)
Training Data Eval:
  Num examples: 3584  Num correct: 2533  Precision @ 1: 0.7068  AUC @ 1: 0.8011
Validation Data Eval:
  Num examples: 256  Num correct: 176  Precision @ 1: 0.6875  AUC @ 1: 0.7691
Test Data Eval:
  Num examples: 384  Num correct: 279  Precision @ 1: 0.7266  AUC @ 1: 0.8257
Step 6400: loss = 0.8202 (0.022 sec)
Training Data Eval:
  Num examples: 3584  Num correct: 2555  Precision @ 1: 0.7129  AUC @ 1: 0.8073
Validation Data Eval:
  Num examples: 256  Num correct: 176  Precision @ 1: 0.6875  AUC @ 1: 0.7715
Test Data Eval:
  Num examples: 384  Num correct: 283  Precision @ 1: 0.7370  AUC @ 1: 0.8275
Step 6600: loss = 0.7462 (0.022 sec)
Training Data Eval:
  Num examples: 3584  Num correct: 2596  Precision @ 1: 0.7243  AUC @ 1: 0.8171
Validation Data Eval:
  Num examples: 256  Num correct: 179  Precision @ 1: 0.6992  AUC @ 1: 0.7729
Test Data Eval:
  Num examples: 384  Num correct: 287  Precision @ 1: 0.7474  AUC @ 1: 0.8321
Step 6800: loss = 0.7743 (0.022 sec)
Training Data Eval:
  Num examples: 3584  Num correct: 2625  Precision @ 1: 0.7324  AUC @ 1: 0.8212
Validation Data Eval:
  Num examples: 256  Num correct: 182  Precision @ 1: 0.7109  AUC @ 1: 0.7760
Test Data Eval:
  Num examples: 384  Num correct: 288  Precision @ 1: 0.7500  AUC @ 1: 0.8409
Step 7000: loss = 0.8111 (0.060 sec)
Training Data Eval:
  Num examples: 3584  Num correct: 2646  Precision @ 1: 0.7383  AUC @ 1: 0.8273
Validation Data Eval:
  Num examples: 256  Num correct: 182  Precision @ 1: 0.7109  AUC @ 1: 0.7773
Test Data Eval:
  Num examples: 384  Num correct: 288  Precision @ 1: 0.7500  AUC @ 1: 0.8400
Step 7200: loss = 0.7889 (0.022 sec)
Training Data Eval:
  Num examples: 3584  Num correct: 2648  Precision @ 1: 0.7388  AUC @ 1: 0.8288
Validation Data Eval:
  Num examples: 256  Num correct: 184  Precision @ 1: 0.7188  AUC @ 1: 0.7811
Test Data Eval:
  Num examples: 384  Num correct: 285  Precision @ 1: 0.7422  AUC @ 1: 0.8279
Step 7400: loss = 0.7593 (0.022 sec)
Training Data Eval:
  Num examples: 3584  Num correct: 2634  Precision @ 1: 0.7349  AUC @ 1: 0.8249
Validation Data Eval:
  Num examples: 256  Num correct: 185  Precision @ 1: 0.7227  AUC @ 1: 0.7830
Test Data Eval:
  Num examples: 384  Num correct: 288  Precision @ 1: 0.7500  AUC @ 1: 0.8385
Step 7600: loss = 0.7677 (0.022 sec)
Training Data Eval:
  Num examples: 3584  Num correct: 2686  Precision @ 1: 0.7494  AUC @ 1: 0.8376
Validation Data Eval:
  Num examples: 256  Num correct: 184  Precision @ 1: 0.7188  AUC @ 1: 0.7835
Test Data Eval:
  Num examples: 384  Num correct: 297  Precision @ 1: 0.7734  AUC @ 1: 0.8532
Step 7800: loss = 0.7561 (0.021 sec)
Training Data Eval:
  Num examples: 3584  Num correct: 2687  Precision @ 1: 0.7497  AUC @ 1: 0.8389
Validation Data Eval:
  Num examples: 256  Num correct: 184  Precision @ 1: 0.7188  AUC @ 1: 0.7833
Test Data Eval:
  Num examples: 384  Num correct: 291  Precision @ 1: 0.7578  AUC @ 1: 0.8423
Step 8000: loss = 0.7577 (0.022 sec)
Training Data Eval:
  Num examples: 3584  Num correct: 2721  Precision @ 1: 0.7592  AUC @ 1: 0.8484
Validation Data Eval:
  Num examples: 256  Num correct: 188  Precision @ 1: 0.7344  AUC @ 1: 0.7836
Test Data Eval:
  Num examples: 384  Num correct: 282  Precision @ 1: 0.7344  AUC @ 1: 0.8245
Step 8200: loss = 0.7797 (0.021 sec)
Training Data Eval:
  Num examples: 3584  Num correct: 2728  Precision @ 1: 0.7612  AUC @ 1: 0.8482
Validation Data Eval:
  Num examples: 256  Num correct: 190  Precision @ 1: 0.7422  AUC @ 1: 0.7849
Test Data Eval:
  Num examples: 384  Num correct: 288  Precision @ 1: 0.7500  AUC @ 1: 0.8384
Step 8400: loss = 0.7334 (0.055 sec)
Training Data Eval:
  Num examples: 3584  Num correct: 2735  Precision @ 1: 0.7631  AUC @ 1: 0.8517
Validation Data Eval:
  Num examples: 256  Num correct: 191  Precision @ 1: 0.7461  AUC @ 1: 0.7891
Test Data Eval:
  Num examples: 384  Num correct: 285  Precision @ 1: 0.7422  AUC @ 1: 0.8251
Step 8600: loss = 0.6816 (0.022 sec)
Training Data Eval:
  Num examples: 3584  Num correct: 2775  Precision @ 1: 0.7743  AUC @ 1: 0.8555
Validation Data Eval:
  Num examples: 256  Num correct: 191  Precision @ 1: 0.7461  AUC @ 1: 0.7907
Test Data Eval:
  Num examples: 384  Num correct: 295  Precision @ 1: 0.7682  AUC @ 1: 0.8598
Step 8800: loss = 0.7384 (0.022 sec)
Training Data Eval:
  Num examples: 3584  Num correct: 2815  Precision @ 1: 0.7854  AUC @ 1: 0.8689
Validation Data Eval:
  Num examples: 256  Num correct: 191  Precision @ 1: 0.7461  AUC @ 1: 0.7916
Test Data Eval:
  Num examples: 384  Num correct: 285  Precision @ 1: 0.7422  AUC @ 1: 0.8338
Step 9000: loss = 0.6971 (0.022 sec)
Training Data Eval:
  Num examples: 3584  Num correct: 2789  Precision @ 1: 0.7782  AUC @ 1: 0.8624
Validation Data Eval:
  Num examples: 256  Num correct: 192  Precision @ 1: 0.7500  AUC @ 1: 0.7926
Test Data Eval:
  Num examples: 384  Num correct: 293  Precision @ 1: 0.7630  AUC @ 1: 0.8565
Step 9200: loss = 0.7793 (0.022 sec)
Training Data Eval:
  Num examples: 3584  Num correct: 2801  Precision @ 1: 0.7815  AUC @ 1: 0.8670
Validation Data Eval:
  Num examples: 256  Num correct: 190  Precision @ 1: 0.7422  AUC @ 1: 0.7926
Test Data Eval:
  Num examples: 384  Num correct: 292  Precision @ 1: 0.7604  AUC @ 1: 0.8448
Step 9400: loss = 0.6906 (0.022 sec)
Training Data Eval:
  Num examples: 3584  Num correct: 2832  Precision @ 1: 0.7902  AUC @ 1: 0.8708
Validation Data Eval:
  Num examples: 256  Num correct: 192  Precision @ 1: 0.7500  AUC @ 1: 0.7928
Test Data Eval:
  Num examples: 384  Num correct: 293  Precision @ 1: 0.7630  AUC @ 1: 0.8425
Step 9600: loss = 0.7427 (0.022 sec)
Training Data Eval:
  Num examples: 3584  Num correct: 2822  Precision @ 1: 0.7874  AUC @ 1: 0.8732
Validation Data Eval:
  Num examples: 256  Num correct: 190  Precision @ 1: 0.7422  AUC @ 1: 0.7959
Test Data Eval:
  Num examples: 384  Num correct: 289  Precision @ 1: 0.7526  AUC @ 1: 0.8329
Step 9800: loss = 0.7108 (0.058 sec)
Training Data Eval:
  Num examples: 3584  Num correct: 2794  Precision @ 1: 0.7796  AUC @ 1: 0.8700
Validation Data Eval:
  Num examples: 256  Num correct: 188  Precision @ 1: 0.7344  AUC @ 1: 0.7977
Test Data Eval:
  Num examples: 384  Num correct: 297  Precision @ 1: 0.7734  AUC @ 1: 0.8526
