Training data shape: 	(4141, 30, 64, 1)
Training label shape:	(4141,)
Testing data shape:  	(194, 30, 64, 1)
Testing label shape: 	(194,)
max input value is: 14.3839135638
min input value is: -10.9262291682
random permuted training data
==============================================================================
Model: 			inference_stcnn
Tensor Name: 	Placeholder:0
[128, 30, 64, 1]
==============================================================================
Tensor Name: conv0/conv0:0
[128, 1, 60, 32]
==============================================================================
Tensor Name: MaxPool:0
[128, 1, 30, 32]
==============================================================================
Tensor Name: conv1/conv1:0
[128, 1, 26, 16]
==============================================================================
Tensor Name: MaxPool_1:0
[128, 1, 13, 16]
==============================================================================
Tensor Name: local1/local1:0
[128, 128]
==============================================================================
Tensor Name: local2/local2:0
[128, 128]
==============================================================================
Tensor Name: softmax_linear/softmax_linear:0
[128, 2]
Step 0: loss = 0.7985 (0.049 sec)
Training Data Eval:
  Num examples: 3840  Num correct: 2165  Precision @ 1: 0.5638  AUC @ 1: 0.4521
Validation Data Eval:
  Num examples: 256  Num correct: 144  Precision @ 1: 0.5625  AUC @ 1: 0.4529
Test Data Eval:
  Num examples: 128  Num correct: 43  Precision @ 1: 0.3359  AUC @ 1: 0.4386
Step 200: loss = 0.7773 (0.034 sec)
Training Data Eval:
  Num examples: 3840  Num correct: 2133  Precision @ 1: 0.5555  AUC @ 1: 0.4863
Validation Data Eval:
  Num examples: 256  Num correct: 144  Precision @ 1: 0.5625  AUC @ 1: 0.4903
Test Data Eval:
  Num examples: 128  Num correct: 70  Precision @ 1: 0.5469  AUC @ 1: 0.4525
Step 400: loss = 0.7976 (0.034 sec)
Training Data Eval:
  Num examples: 3840  Num correct: 2170  Precision @ 1: 0.5651  AUC @ 1: 0.5178
Validation Data Eval:
  Num examples: 256  Num correct: 144  Precision @ 1: 0.5625  AUC @ 1: 0.5164
Test Data Eval:
  Num examples: 128  Num correct: 68  Precision @ 1: 0.5312  AUC @ 1: 0.5001
Step 600: loss = 0.7833 (0.071 sec)
Training Data Eval:
  Num examples: 3840  Num correct: 2180  Precision @ 1: 0.5677  AUC @ 1: 0.5464
Validation Data Eval:
  Num examples: 256  Num correct: 144  Precision @ 1: 0.5625  AUC @ 1: 0.5504
Test Data Eval:
  Num examples: 128  Num correct: 71  Precision @ 1: 0.5547  AUC @ 1: 0.5883
Step 800: loss = 0.7854 (0.035 sec)
Training Data Eval:
  Num examples: 3840  Num correct: 2203  Precision @ 1: 0.5737  AUC @ 1: 0.5746
Validation Data Eval:
  Num examples: 256  Num correct: 144  Precision @ 1: 0.5625  AUC @ 1: 0.5866
Test Data Eval:
  Num examples: 128  Num correct: 72  Precision @ 1: 0.5625  AUC @ 1: 0.4717
Step 1000: loss = 0.7942 (0.034 sec)
Training Data Eval:
  Num examples: 3840  Num correct: 2172  Precision @ 1: 0.5656  AUC @ 1: 0.5841
Validation Data Eval:
  Num examples: 256  Num correct: 144  Precision @ 1: 0.5625  AUC @ 1: 0.6087
Test Data Eval:
  Num examples: 128  Num correct: 77  Precision @ 1: 0.6016  AUC @ 1: 0.4841
Step 1200: loss = 0.7834 (0.070 sec)
Training Data Eval:
  Num examples: 3840  Num correct: 2164  Precision @ 1: 0.5635  AUC @ 1: 0.5903
Validation Data Eval:
  Num examples: 256  Num correct: 144  Precision @ 1: 0.5625  AUC @ 1: 0.6291
Test Data Eval:
  Num examples: 128  Num correct: 75  Precision @ 1: 0.5859  AUC @ 1: 0.5643
Step 1400: loss = 0.7863 (0.034 sec)
Training Data Eval:
  Num examples: 3840  Num correct: 2155  Precision @ 1: 0.5612  AUC @ 1: 0.6085
Validation Data Eval:
  Num examples: 256  Num correct: 144  Precision @ 1: 0.5625  AUC @ 1: 0.6369
Test Data Eval:
  Num examples: 128  Num correct: 70  Precision @ 1: 0.5469  AUC @ 1: 0.5571
Step 1600: loss = 0.7850 (0.035 sec)
Training Data Eval:
  Num examples: 3840  Num correct: 2175  Precision @ 1: 0.5664  AUC @ 1: 0.6213
Validation Data Eval:
  Num examples: 256  Num correct: 144  Precision @ 1: 0.5625  AUC @ 1: 0.6435
Test Data Eval:
  Num examples: 128  Num correct: 69  Precision @ 1: 0.5391  AUC @ 1: 0.6033
Step 1800: loss = 0.7655 (0.070 sec)
Training Data Eval:
  Num examples: 3840  Num correct: 2176  Precision @ 1: 0.5667  AUC @ 1: 0.6354
Validation Data Eval:
  Num examples: 256  Num correct: 144  Precision @ 1: 0.5625  AUC @ 1: 0.6460
Test Data Eval:
  Num examples: 128  Num correct: 71  Precision @ 1: 0.5547  AUC @ 1: 0.5651
Step 2000: loss = 0.7878 (0.035 sec)
Training Data Eval:
  Num examples: 3840  Num correct: 2194  Precision @ 1: 0.5714  AUC @ 1: 0.6276
Validation Data Eval:
  Num examples: 256  Num correct: 144  Precision @ 1: 0.5625  AUC @ 1: 0.6526
Test Data Eval:
  Num examples: 128  Num correct: 74  Precision @ 1: 0.5781  AUC @ 1: 0.5896
Step 2200: loss = 0.7660 (0.035 sec)
Training Data Eval:
  Num examples: 3840  Num correct: 2174  Precision @ 1: 0.5661  AUC @ 1: 0.6272
Validation Data Eval:
  Num examples: 256  Num correct: 144  Precision @ 1: 0.5625  AUC @ 1: 0.6571
Test Data Eval:
  Num examples: 128  Num correct: 76  Precision @ 1: 0.5938  AUC @ 1: 0.5266
Step 2400: loss = 0.7875 (0.071 sec)
Training Data Eval:
  Num examples: 3840  Num correct: 2170  Precision @ 1: 0.5651  AUC @ 1: 0.6241
Validation Data Eval:
  Num examples: 256  Num correct: 144  Precision @ 1: 0.5625  AUC @ 1: 0.6602
Test Data Eval:
  Num examples: 128  Num correct: 79  Precision @ 1: 0.6172  AUC @ 1: 0.5151
Step 2600: loss = 0.7709 (0.035 sec)
Training Data Eval:
  Num examples: 3840  Num correct: 2162  Precision @ 1: 0.5630  AUC @ 1: 0.6350
Validation Data Eval:
  Num examples: 256  Num correct: 144  Precision @ 1: 0.5625  AUC @ 1: 0.6632
Test Data Eval:
  Num examples: 128  Num correct: 73  Precision @ 1: 0.5703  AUC @ 1: 0.6117
Step 2800: loss = 0.7662 (0.035 sec)
Training Data Eval:
  Num examples: 3840  Num correct: 2172  Precision @ 1: 0.5656  AUC @ 1: 0.6321
Validation Data Eval:
  Num examples: 256  Num correct: 144  Precision @ 1: 0.5625  AUC @ 1: 0.6660
Test Data Eval:
  Num examples: 128  Num correct: 71  Precision @ 1: 0.5547  AUC @ 1: 0.6150
Step 3000: loss = 0.7777 (0.071 sec)
Training Data Eval:
  Num examples: 3840  Num correct: 2171  Precision @ 1: 0.5654  AUC @ 1: 0.6301
Validation Data Eval:
  Num examples: 256  Num correct: 144  Precision @ 1: 0.5625  AUC @ 1: 0.6680
Test Data Eval:
  Num examples: 128  Num correct: 73  Precision @ 1: 0.5703  AUC @ 1: 0.5993
Step 3200: loss = 0.7539 (0.035 sec)
Training Data Eval:
  Num examples: 3840  Num correct: 2167  Precision @ 1: 0.5643  AUC @ 1: 0.6353
Validation Data Eval:
  Num examples: 256  Num correct: 144  Precision @ 1: 0.5625  AUC @ 1: 0.6679
Test Data Eval:
  Num examples: 128  Num correct: 68  Precision @ 1: 0.5312  AUC @ 1: 0.5554
Step 3400: loss = 0.7719 (0.034 sec)
Training Data Eval:
  Num examples: 3840  Num correct: 2171  Precision @ 1: 0.5654  AUC @ 1: 0.6308
Validation Data Eval:
  Num examples: 256  Num correct: 144  Precision @ 1: 0.5625  AUC @ 1: 0.6685
Test Data Eval:
  Num examples: 128  Num correct: 75  Precision @ 1: 0.5859  AUC @ 1: 0.5401
Step 3600: loss = 0.7607 (0.070 sec)
Training Data Eval:
  Num examples: 3840  Num correct: 2169  Precision @ 1: 0.5648  AUC @ 1: 0.6226
Validation Data Eval:
  Num examples: 256  Num correct: 144  Precision @ 1: 0.5625  AUC @ 1: 0.6680
Test Data Eval:
  Num examples: 128  Num correct: 74  Precision @ 1: 0.5781  AUC @ 1: 0.5743
Step 3800: loss = 0.7679 (0.034 sec)
Training Data Eval:
  Num examples: 3840  Num correct: 2187  Precision @ 1: 0.5695  AUC @ 1: 0.6322
Validation Data Eval:
  Num examples: 256  Num correct: 144  Precision @ 1: 0.5625  AUC @ 1: 0.6670
Test Data Eval:
  Num examples: 128  Num correct: 80  Precision @ 1: 0.6250  AUC @ 1: 0.5719
Step 4000: loss = 0.7739 (0.034 sec)
Training Data Eval:
  Num examples: 3840  Num correct: 2178  Precision @ 1: 0.5672  AUC @ 1: 0.6306
Validation Data Eval:
  Num examples: 256  Num correct: 144  Precision @ 1: 0.5625  AUC @ 1: 0.6665
Test Data Eval:
  Num examples: 128  Num correct: 69  Precision @ 1: 0.5391  AUC @ 1: 0.6040
Step 4200: loss = 0.7609 (0.074 sec)
Training Data Eval:
  Num examples: 3840  Num correct: 2193  Precision @ 1: 0.5711  AUC @ 1: 0.6392
Validation Data Eval:
  Num examples: 256  Num correct: 144  Precision @ 1: 0.5625  AUC @ 1: 0.6644
Test Data Eval:
  Num examples: 128  Num correct: 75  Precision @ 1: 0.5859  AUC @ 1: 0.5834
Step 4400: loss = 0.7848 (0.034 sec)
Training Data Eval:
  Num examples: 3840  Num correct: 2161  Precision @ 1: 0.5628  AUC @ 1: 0.6385
Validation Data Eval:
  Num examples: 256  Num correct: 144  Precision @ 1: 0.5625  AUC @ 1: 0.6633
Test Data Eval:
  Num examples: 128  Num correct: 73  Precision @ 1: 0.5703  AUC @ 1: 0.5524
Step 4600: loss = 0.7778 (0.036 sec)
Training Data Eval:
  Num examples: 3840  Num correct: 2169  Precision @ 1: 0.5648  AUC @ 1: 0.6300
Validation Data Eval:
  Num examples: 256  Num correct: 144  Precision @ 1: 0.5625  AUC @ 1: 0.6630
Test Data Eval:
  Num examples: 128  Num correct: 72  Precision @ 1: 0.5625  AUC @ 1: 0.5270
Step 4800: loss = 0.7689 (0.073 sec)
Training Data Eval:
  Num examples: 3840  Num correct: 2177  Precision @ 1: 0.5669  AUC @ 1: 0.6183
Validation Data Eval:
  Num examples: 256  Num correct: 144  Precision @ 1: 0.5625  AUC @ 1: 0.6616
Test Data Eval:
  Num examples: 128  Num correct: 73  Precision @ 1: 0.5703  AUC @ 1: 0.5469
Step 5000: loss = 0.7520 (0.034 sec)
Training Data Eval:
  Num examples: 3840  Num correct: 2154  Precision @ 1: 0.5609  AUC @ 1: 0.6232
Validation Data Eval:
  Num examples: 256  Num correct: 144  Precision @ 1: 0.5625  AUC @ 1: 0.6603
Test Data Eval:
  Num examples: 128  Num correct: 74  Precision @ 1: 0.5781  AUC @ 1: 0.6224
Step 5200: loss = 0.7571 (0.035 sec)
Training Data Eval:
  Num examples: 3840  Num correct: 2178  Precision @ 1: 0.5672  AUC @ 1: 0.6265
Validation Data Eval:
  Num examples: 256  Num correct: 144  Precision @ 1: 0.5625  AUC @ 1: 0.6589
Test Data Eval:
  Num examples: 128  Num correct: 73  Precision @ 1: 0.5703  AUC @ 1: 0.6331
Step 5400: loss = 0.7675 (0.075 sec)
Training Data Eval:
  Num examples: 3840  Num correct: 2182  Precision @ 1: 0.5682  AUC @ 1: 0.6356
Validation Data Eval:
  Num examples: 256  Num correct: 144  Precision @ 1: 0.5625  AUC @ 1: 0.6566
Test Data Eval:
  Num examples: 128  Num correct: 68  Precision @ 1: 0.5312  AUC @ 1: 0.6118
Step 5600: loss = 0.7607 (0.034 sec)
Training Data Eval:
  Num examples: 3840  Num correct: 2187  Precision @ 1: 0.5695  AUC @ 1: 0.6211
Validation Data Eval:
  Num examples: 256  Num correct: 144  Precision @ 1: 0.5625  AUC @ 1: 0.6547
Test Data Eval:
  Num examples: 128  Num correct: 69  Precision @ 1: 0.5391  AUC @ 1: 0.5436
Step 5800: loss = 0.7801 (0.035 sec)
Training Data Eval:
  Num examples: 3840  Num correct: 2174  Precision @ 1: 0.5661  AUC @ 1: 0.6239
Validation Data Eval:
  Num examples: 256  Num correct: 144  Precision @ 1: 0.5625  AUC @ 1: 0.6543
Test Data Eval:
  Num examples: 128  Num correct: 70  Precision @ 1: 0.5469  AUC @ 1: 0.5736
Step 6000: loss = 0.7485 (0.074 sec)
Training Data Eval:
  Num examples: 3840  Num correct: 2180  Precision @ 1: 0.5677  AUC @ 1: 0.6239
Validation Data Eval:
  Num examples: 256  Num correct: 144  Precision @ 1: 0.5625  AUC @ 1: 0.6535
Test Data Eval:
  Num examples: 128  Num correct: 75  Precision @ 1: 0.5859  AUC @ 1: 0.6008
Step 6200: loss = 0.7666 (0.035 sec)
Training Data Eval:
  Num examples: 3840  Num correct: 2162  Precision @ 1: 0.5630  AUC @ 1: 0.6150
Validation Data Eval:
  Num examples: 256  Num correct: 144  Precision @ 1: 0.5625  AUC @ 1: 0.6523
Test Data Eval:
  Num examples: 128  Num correct: 76  Precision @ 1: 0.5938  AUC @ 1: 0.6215
Step 6400: loss = 0.7620 (0.034 sec)
Training Data Eval:
  Num examples: 3840  Num correct: 2177  Precision @ 1: 0.5669  AUC @ 1: 0.6212
Validation Data Eval:
  Num examples: 256  Num correct: 144  Precision @ 1: 0.5625  AUC @ 1: 0.6499
Test Data Eval:
  Num examples: 128  Num correct: 72  Precision @ 1: 0.5625  AUC @ 1: 0.5856
Step 6600: loss = 0.7797 (0.071 sec)
Training Data Eval:
  Num examples: 3840  Num correct: 2145  Precision @ 1: 0.5586  AUC @ 1: 0.6148
Validation Data Eval:
  Num examples: 256  Num correct: 144  Precision @ 1: 0.5625  AUC @ 1: 0.6488
Test Data Eval:
  Num examples: 128  Num correct: 72  Precision @ 1: 0.5625  AUC @ 1: 0.5608
Step 6800: loss = 0.7721 (0.034 sec)
Training Data Eval:
  Num examples: 3840  Num correct: 2150  Precision @ 1: 0.5599  AUC @ 1: 0.6171
Validation Data Eval:
  Num examples: 256  Num correct: 144  Precision @ 1: 0.5625  AUC @ 1: 0.6478
Test Data Eval:
  Num examples: 128  Num correct: 77  Precision @ 1: 0.6016  AUC @ 1: 0.5921
Step 7000: loss = 0.7501 (0.035 sec)
Training Data Eval:
  Num examples: 3840  Num correct: 2176  Precision @ 1: 0.5667  AUC @ 1: 0.6161
Validation Data Eval:
  Num examples: 256  Num correct: 144  Precision @ 1: 0.5625  AUC @ 1: 0.6456
Test Data Eval:
  Num examples: 128  Num correct: 71  Precision @ 1: 0.5547  AUC @ 1: 0.6714
Step 7200: loss = 0.7713 (0.069 sec)
Training Data Eval:
  Num examples: 3840  Num correct: 2176  Precision @ 1: 0.5667  AUC @ 1: 0.6079
Validation Data Eval:
  Num examples: 256  Num correct: 144  Precision @ 1: 0.5625  AUC @ 1: 0.6445
Test Data Eval:
  Num examples: 128  Num correct: 74  Precision @ 1: 0.5781  AUC @ 1: 0.6031
Step 7400: loss = 0.7592 (0.034 sec)
Training Data Eval:
  Num examples: 3840  Num correct: 2222  Precision @ 1: 0.5786  AUC @ 1: 0.6264
Validation Data Eval:
  Num examples: 256  Num correct: 144  Precision @ 1: 0.5625  AUC @ 1: 0.6435
Test Data Eval:
  Num examples: 128  Num correct: 71  Precision @ 1: 0.5547  AUC @ 1: 0.5829
Step 7600: loss = 0.7622 (0.035 sec)
Training Data Eval:
  Num examples: 3840  Num correct: 2169  Precision @ 1: 0.5648  AUC @ 1: 0.6164
Validation Data Eval:
  Num examples: 256  Num correct: 144  Precision @ 1: 0.5625  AUC @ 1: 0.6427
Test Data Eval:
  Num examples: 128  Num correct: 72  Precision @ 1: 0.5625  AUC @ 1: 0.5392
Step 7800: loss = 0.7614 (0.074 sec)
Training Data Eval:
  Num examples: 3840  Num correct: 2193  Precision @ 1: 0.5711  AUC @ 1: 0.6047
Validation Data Eval:
  Num examples: 256  Num correct: 144  Precision @ 1: 0.5625  AUC @ 1: 0.6425
Test Data Eval:
  Num examples: 128  Num correct: 73  Precision @ 1: 0.5703  AUC @ 1: 0.5803
Step 8000: loss = 0.7315 (0.034 sec)
Training Data Eval:
  Num examples: 3840  Num correct: 2205  Precision @ 1: 0.5742  AUC @ 1: 0.6216
Validation Data Eval:
  Num examples: 256  Num correct: 144  Precision @ 1: 0.5625  AUC @ 1: 0.6426
Test Data Eval:
  Num examples: 128  Num correct: 72  Precision @ 1: 0.5625  AUC @ 1: 0.6104
Step 8200: loss = 0.7623 (0.034 sec)
Training Data Eval:
  Num examples: 3840  Num correct: 2176  Precision @ 1: 0.5667  AUC @ 1: 0.6112
Validation Data Eval:
  Num examples: 256  Num correct: 144  Precision @ 1: 0.5625  AUC @ 1: 0.6422
Test Data Eval:
  Num examples: 128  Num correct: 74  Precision @ 1: 0.5781  AUC @ 1: 0.5678
Step 8400: loss = 0.7706 (0.067 sec)
Training Data Eval:
  Num examples: 3840  Num correct: 2180  Precision @ 1: 0.5677  AUC @ 1: 0.6209
Validation Data Eval:
  Num examples: 256  Num correct: 144  Precision @ 1: 0.5625  AUC @ 1: 0.6417
Test Data Eval:
  Num examples: 128  Num correct: 75  Precision @ 1: 0.5859  AUC @ 1: 0.5409
Step 8600: loss = 0.7750 (0.034 sec)
Training Data Eval:
  Num examples: 3840  Num correct: 2161  Precision @ 1: 0.5628  AUC @ 1: 0.6171
Validation Data Eval:
  Num examples: 256  Num correct: 144  Precision @ 1: 0.5625  AUC @ 1: 0.6417
Test Data Eval:
  Num examples: 128  Num correct: 69  Precision @ 1: 0.5391  AUC @ 1: 0.5289
Step 8800: loss = 0.7491 (0.034 sec)
Training Data Eval:
  Num examples: 3840  Num correct: 2176  Precision @ 1: 0.5667  AUC @ 1: 0.6127
Validation Data Eval:
  Num examples: 256  Num correct: 144  Precision @ 1: 0.5625  AUC @ 1: 0.6421
Test Data Eval:
  Num examples: 128  Num correct: 72  Precision @ 1: 0.5625  AUC @ 1: 0.6119
Step 9000: loss = 0.7512 (0.070 sec)
Training Data Eval:
  Num examples: 3840  Num correct: 2160  Precision @ 1: 0.5625  AUC @ 1: 0.6112
Validation Data Eval:
  Num examples: 256  Num correct: 144  Precision @ 1: 0.5625  AUC @ 1: 0.6422
Test Data Eval:
  Num examples: 128  Num correct: 72  Precision @ 1: 0.5625  AUC @ 1: 0.5756
Step 9200: loss = 0.7410 (0.035 sec)
Training Data Eval:
  Num examples: 3840  Num correct: 2134  Precision @ 1: 0.5557  AUC @ 1: 0.6146
Validation Data Eval:
  Num examples: 256  Num correct: 144  Precision @ 1: 0.5625  AUC @ 1: 0.6434
Test Data Eval:
  Num examples: 128  Num correct: 67  Precision @ 1: 0.5234  AUC @ 1: 0.6051
Step 9400: loss = 0.7538 (0.034 sec)
Training Data Eval:
  Num examples: 3840  Num correct: 2176  Precision @ 1: 0.5667  AUC @ 1: 0.6160
Validation Data Eval:
  Num examples: 256  Num correct: 144  Precision @ 1: 0.5625  AUC @ 1: 0.6452
Test Data Eval:
  Num examples: 128  Num correct: 69  Precision @ 1: 0.5391  AUC @ 1: 0.5564
Step 9600: loss = 0.7340 (0.076 sec)
Training Data Eval:
  Num examples: 3840  Num correct: 2198  Precision @ 1: 0.5724  AUC @ 1: 0.6192
Validation Data Eval:
  Num examples: 256  Num correct: 144  Precision @ 1: 0.5625  AUC @ 1: 0.6479
Test Data Eval:
  Num examples: 128  Num correct: 72  Precision @ 1: 0.5625  AUC @ 1: 0.5501
Step 9800: loss = 0.7502 (0.035 sec)
Training Data Eval:
  Num examples: 3840  Num correct: 2169  Precision @ 1: 0.5648  AUC @ 1: 0.6336
Validation Data Eval:
  Num examples: 256  Num correct: 144  Precision @ 1: 0.5625  AUC @ 1: 0.6515
Test Data Eval:
  Num examples: 128  Num correct: 71  Precision @ 1: 0.5547  AUC @ 1: 0.5933
