Training data shape: 	(3815, 64, 30, 2)
Training label shape:	(3815,)
Testing data shape:  	(520, 64, 30, 2)
Testing label shape: 	(520,)
max input value is: 72.5247
min input value is: -75.9911
random permuted training data
==============================================================================
Model: 			inference_global_s_cnn
Tensor Name: 	Placeholder:0
[128, 64, 30, 2]
==============================================================================
Tensor Name: conv1/conv1:0
[128, 1, 30, 8]
==============================================================================
Tensor Name: MaxPool:0
[128, 1, 15, 8]
==============================================================================
Tensor Name: local1/local1:0
[128, 128]
==============================================================================
Tensor Name: local2/local2:0
[128, 128]
==============================================================================
Tensor Name: softmax_linear/softmax_linear:0
[128, 2]
Step 0: loss = 0.7709 (0.025 sec)
Training Data Eval:
  Num examples: 3456  Num correct: 1984  Precision @ 1: 0.5741  AUC @ 1: 0.5562
Validation Data Eval:
  Num examples: 256  Num correct: 134  Precision @ 1: 0.5234  AUC @ 1: 0.5457
Test Data Eval:
  Num examples: 512  Num correct: 288  Precision @ 1: 0.5625  AUC @ 1: 0.8919
Step 200: loss = 0.7547 (0.013 sec)
Training Data Eval:
  Num examples: 3456  Num correct: 1946  Precision @ 1: 0.5631  AUC @ 1: 0.5517
Validation Data Eval:
  Num examples: 256  Num correct: 134  Precision @ 1: 0.5234  AUC @ 1: 0.5551
Test Data Eval:
  Num examples: 512  Num correct: 290  Precision @ 1: 0.5664  AUC @ 1: 0.8850
Step 400: loss = 0.7587 (0.014 sec)
Training Data Eval:
  Num examples: 3456  Num correct: 1937  Precision @ 1: 0.5605  AUC @ 1: 0.5449
Validation Data Eval:
  Num examples: 256  Num correct: 134  Precision @ 1: 0.5234  AUC @ 1: 0.5746
Test Data Eval:
  Num examples: 512  Num correct: 292  Precision @ 1: 0.5703  AUC @ 1: 0.9005
Step 600: loss = 0.7363 (0.013 sec)
Training Data Eval:
  Num examples: 3456  Num correct: 2019  Precision @ 1: 0.5842  AUC @ 1: 0.5656
Validation Data Eval:
  Num examples: 256  Num correct: 134  Precision @ 1: 0.5234  AUC @ 1: 0.5678
Test Data Eval:
  Num examples: 512  Num correct: 290  Precision @ 1: 0.5664  AUC @ 1: 0.9162
Step 800: loss = 0.7778 (0.012 sec)
Training Data Eval:
  Num examples: 3456  Num correct: 1968  Precision @ 1: 0.5694  AUC @ 1: 0.5663
Validation Data Eval:
  Num examples: 256  Num correct: 134  Precision @ 1: 0.5234  AUC @ 1: 0.5607
Test Data Eval:
  Num examples: 512  Num correct: 291  Precision @ 1: 0.5684  AUC @ 1: 0.9295
Step 1000: loss = 0.7546 (0.011 sec)
Training Data Eval:
  Num examples: 3456  Num correct: 1953  Precision @ 1: 0.5651  AUC @ 1: 0.5729
Validation Data Eval:
  Num examples: 256  Num correct: 134  Precision @ 1: 0.5234  AUC @ 1: 0.5703
Test Data Eval:
  Num examples: 512  Num correct: 289  Precision @ 1: 0.5645  AUC @ 1: 0.9231
Step 1200: loss = 0.7506 (0.014 sec)
Training Data Eval:
  Num examples: 3456  Num correct: 1969  Precision @ 1: 0.5697  AUC @ 1: 0.5786
Validation Data Eval:
  Num examples: 256  Num correct: 134  Precision @ 1: 0.5234  AUC @ 1: 0.5713
Test Data Eval:
  Num examples: 512  Num correct: 291  Precision @ 1: 0.5684  AUC @ 1: 0.9302
Step 1400: loss = 0.7620 (0.013 sec)
Training Data Eval:
  Num examples: 3456  Num correct: 1959  Precision @ 1: 0.5668  AUC @ 1: 0.5731
Validation Data Eval:
  Num examples: 256  Num correct: 134  Precision @ 1: 0.5234  AUC @ 1: 0.5645
Test Data Eval:
  Num examples: 512  Num correct: 293  Precision @ 1: 0.5723  AUC @ 1: 0.9351
Step 1600: loss = 0.7151 (0.014 sec)
Training Data Eval:
  Num examples: 3456  Num correct: 1949  Precision @ 1: 0.5639  AUC @ 1: 0.5899
Validation Data Eval:
  Num examples: 256  Num correct: 134  Precision @ 1: 0.5234  AUC @ 1: 0.5655
Test Data Eval:
  Num examples: 512  Num correct: 291  Precision @ 1: 0.5684  AUC @ 1: 0.9327
Step 1800: loss = 0.7984 (0.014 sec)
Training Data Eval:
  Num examples: 3456  Num correct: 1943  Precision @ 1: 0.5622  AUC @ 1: 0.5773
Validation Data Eval:
  Num examples: 256  Num correct: 134  Precision @ 1: 0.5234  AUC @ 1: 0.5605
Test Data Eval:
  Num examples: 512  Num correct: 293  Precision @ 1: 0.5723  AUC @ 1: 0.9364
Step 2000: loss = 0.7381 (0.013 sec)
Training Data Eval:
  Num examples: 3456  Num correct: 1957  Precision @ 1: 0.5663  AUC @ 1: 0.5791
Validation Data Eval:
  Num examples: 256  Num correct: 134  Precision @ 1: 0.5234  AUC @ 1: 0.5670
Test Data Eval:
  Num examples: 512  Num correct: 292  Precision @ 1: 0.5703  AUC @ 1: 0.9315
Step 2200: loss = 0.7545 (0.015 sec)
Training Data Eval:
  Num examples: 3456  Num correct: 1955  Precision @ 1: 0.5657  AUC @ 1: 0.5909
Validation Data Eval:
  Num examples: 256  Num correct: 134  Precision @ 1: 0.5234  AUC @ 1: 0.5681
Test Data Eval:
  Num examples: 512  Num correct: 290  Precision @ 1: 0.5664  AUC @ 1: 0.9289
Step 2400: loss = 0.7247 (0.014 sec)
Training Data Eval:
  Num examples: 3456  Num correct: 1956  Precision @ 1: 0.5660  AUC @ 1: 0.5817
Validation Data Eval:
  Num examples: 256  Num correct: 134  Precision @ 1: 0.5234  AUC @ 1: 0.5607
Test Data Eval:
  Num examples: 512  Num correct: 289  Precision @ 1: 0.5645  AUC @ 1: 0.9346
Step 2600: loss = 0.7693 (0.013 sec)
Training Data Eval:
  Num examples: 3456  Num correct: 1964  Precision @ 1: 0.5683  AUC @ 1: 0.5883
Validation Data Eval:
  Num examples: 256  Num correct: 134  Precision @ 1: 0.5234  AUC @ 1: 0.5604
Test Data Eval:
  Num examples: 512  Num correct: 291  Precision @ 1: 0.5684  AUC @ 1: 0.9301
Step 2800: loss = 0.7219 (0.012 sec)
Training Data Eval:
  Num examples: 3456  Num correct: 1984  Precision @ 1: 0.5741  AUC @ 1: 0.5912
Validation Data Eval:
  Num examples: 256  Num correct: 134  Precision @ 1: 0.5234  AUC @ 1: 0.5532
Test Data Eval:
  Num examples: 512  Num correct: 292  Precision @ 1: 0.5703  AUC @ 1: 0.9299
Step 3000: loss = 0.7235 (0.011 sec)
Training Data Eval:
  Num examples: 3456  Num correct: 1958  Precision @ 1: 0.5666  AUC @ 1: 0.6018
Validation Data Eval:
  Num examples: 256  Num correct: 134  Precision @ 1: 0.5234  AUC @ 1: 0.5494
Test Data Eval:
  Num examples: 512  Num correct: 291  Precision @ 1: 0.5684  AUC @ 1: 0.9299
Step 3200: loss = 0.7074 (0.013 sec)
Training Data Eval:
  Num examples: 3456  Num correct: 1972  Precision @ 1: 0.5706  AUC @ 1: 0.6041
Validation Data Eval:
  Num examples: 256  Num correct: 134  Precision @ 1: 0.5234  AUC @ 1: 0.5524
Test Data Eval:
  Num examples: 512  Num correct: 293  Precision @ 1: 0.5723  AUC @ 1: 0.9258
Step 3400: loss = 0.7336 (0.013 sec)
Training Data Eval:
  Num examples: 3456  Num correct: 1977  Precision @ 1: 0.5720  AUC @ 1: 0.6020
Validation Data Eval:
  Num examples: 256  Num correct: 135  Precision @ 1: 0.5273  AUC @ 1: 0.5522
Test Data Eval:
  Num examples: 512  Num correct: 293  Precision @ 1: 0.5723  AUC @ 1: 0.9190
Step 3600: loss = 0.7477 (0.012 sec)
Training Data Eval:
  Num examples: 3456  Num correct: 1973  Precision @ 1: 0.5709  AUC @ 1: 0.6162
Validation Data Eval:
  Num examples: 256  Num correct: 134  Precision @ 1: 0.5234  AUC @ 1: 0.5495
Test Data Eval:
  Num examples: 512  Num correct: 293  Precision @ 1: 0.5723  AUC @ 1: 0.9202
Step 3800: loss = 0.7575 (0.013 sec)
Training Data Eval:
  Num examples: 3456  Num correct: 2018  Precision @ 1: 0.5839  AUC @ 1: 0.6142
Validation Data Eval:
  Num examples: 256  Num correct: 134  Precision @ 1: 0.5234  AUC @ 1: 0.5372
Test Data Eval:
  Num examples: 512  Num correct: 290  Precision @ 1: 0.5664  AUC @ 1: 0.9172
Step 4000: loss = 0.7419 (0.013 sec)
Training Data Eval:
  Num examples: 3456  Num correct: 1967  Precision @ 1: 0.5692  AUC @ 1: 0.6313
Validation Data Eval:
  Num examples: 256  Num correct: 135  Precision @ 1: 0.5273  AUC @ 1: 0.5490
Test Data Eval:
  Num examples: 512  Num correct: 292  Precision @ 1: 0.5703  AUC @ 1: 0.9072
Step 4200: loss = 0.6651 (0.015 sec)
Training Data Eval:
  Num examples: 3456  Num correct: 2013  Precision @ 1: 0.5825  AUC @ 1: 0.6272
Validation Data Eval:
  Num examples: 256  Num correct: 134  Precision @ 1: 0.5234  AUC @ 1: 0.5430
Test Data Eval:
  Num examples: 512  Num correct: 293  Precision @ 1: 0.5723  AUC @ 1: 0.9097
Step 4400: loss = 0.7646 (0.013 sec)
Training Data Eval:
  Num examples: 3456  Num correct: 1992  Precision @ 1: 0.5764  AUC @ 1: 0.6443
Validation Data Eval:
  Num examples: 256  Num correct: 131  Precision @ 1: 0.5117  AUC @ 1: 0.5333
Test Data Eval:
  Num examples: 512  Num correct: 291  Precision @ 1: 0.5684  AUC @ 1: 0.9022
Step 4600: loss = 0.7081 (0.014 sec)
Training Data Eval:
  Num examples: 3456  Num correct: 1994  Precision @ 1: 0.5770  AUC @ 1: 0.6419
Validation Data Eval:
  Num examples: 256  Num correct: 131  Precision @ 1: 0.5117  AUC @ 1: 0.5251
Test Data Eval:
  Num examples: 512  Num correct: 287  Precision @ 1: 0.5605  AUC @ 1: 0.8932
Step 4800: loss = 0.7209 (0.015 sec)
Training Data Eval:
  Num examples: 3456  Num correct: 2019  Precision @ 1: 0.5842  AUC @ 1: 0.6506
Validation Data Eval:
  Num examples: 256  Num correct: 132  Precision @ 1: 0.5156  AUC @ 1: 0.5295
Test Data Eval:
  Num examples: 512  Num correct: 295  Precision @ 1: 0.5762  AUC @ 1: 0.8806
Step 5000: loss = 0.7082 (0.014 sec)
Training Data Eval:
  Num examples: 3456  Num correct: 2022  Precision @ 1: 0.5851  AUC @ 1: 0.6501
Validation Data Eval:
  Num examples: 256  Num correct: 129  Precision @ 1: 0.5039  AUC @ 1: 0.5098
Test Data Eval:
  Num examples: 512  Num correct: 297  Precision @ 1: 0.5801  AUC @ 1: 0.8660
Step 5200: loss = 0.6879 (0.014 sec)
Training Data Eval:
  Num examples: 3456  Num correct: 2095  Precision @ 1: 0.6062  AUC @ 1: 0.6740
Validation Data Eval:
  Num examples: 256  Num correct: 125  Precision @ 1: 0.4883  AUC @ 1: 0.5081
Test Data Eval:
  Num examples: 512  Num correct: 302  Precision @ 1: 0.5898  AUC @ 1: 0.8593
Step 5400: loss = 0.7245 (0.048 sec)
Training Data Eval:
  Num examples: 3456  Num correct: 2108  Precision @ 1: 0.6100  AUC @ 1: 0.6882
Validation Data Eval:
  Num examples: 256  Num correct: 128  Precision @ 1: 0.5000  AUC @ 1: 0.5063
Test Data Eval:
  Num examples: 512  Num correct: 302  Precision @ 1: 0.5898  AUC @ 1: 0.8322
Step 5600: loss = 0.7133 (0.013 sec)
Training Data Eval:
  Num examples: 3456  Num correct: 2177  Precision @ 1: 0.6299  AUC @ 1: 0.7045
Validation Data Eval:
  Num examples: 256  Num correct: 134  Precision @ 1: 0.5234  AUC @ 1: 0.5189
Test Data Eval:
  Num examples: 512  Num correct: 305  Precision @ 1: 0.5957  AUC @ 1: 0.8084
Step 5800: loss = 0.6987 (0.015 sec)
Training Data Eval:
  Num examples: 3456  Num correct: 2262  Precision @ 1: 0.6545  AUC @ 1: 0.7207
Validation Data Eval:
  Num examples: 256  Num correct: 125  Precision @ 1: 0.4883  AUC @ 1: 0.5102
Test Data Eval:
  Num examples: 512  Num correct: 304  Precision @ 1: 0.5938  AUC @ 1: 0.7610
Step 6000: loss = 0.6942 (0.014 sec)
Training Data Eval:
  Num examples: 3456  Num correct: 2248  Precision @ 1: 0.6505  AUC @ 1: 0.7342
Validation Data Eval:
  Num examples: 256  Num correct: 133  Precision @ 1: 0.5195  AUC @ 1: 0.5291
Test Data Eval:
  Num examples: 512  Num correct: 290  Precision @ 1: 0.5664  AUC @ 1: 0.7505
Step 6200: loss = 0.6593 (0.013 sec)
Training Data Eval:
  Num examples: 3456  Num correct: 2329  Precision @ 1: 0.6739  AUC @ 1: 0.7584
Validation Data Eval:
  Num examples: 256  Num correct: 132  Precision @ 1: 0.5156  AUC @ 1: 0.5368
Test Data Eval:
  Num examples: 512  Num correct: 296  Precision @ 1: 0.5781  AUC @ 1: 0.7367
Step 6400: loss = 0.6484 (0.012 sec)
Training Data Eval:
  Num examples: 3456  Num correct: 2382  Precision @ 1: 0.6892  AUC @ 1: 0.7787
Validation Data Eval:
  Num examples: 256  Num correct: 134  Precision @ 1: 0.5234  AUC @ 1: 0.5439
Test Data Eval:
  Num examples: 512  Num correct: 290  Precision @ 1: 0.5664  AUC @ 1: 0.7101
Step 6600: loss = 0.6332 (0.014 sec)
Training Data Eval:
  Num examples: 3456  Num correct: 2408  Precision @ 1: 0.6968  AUC @ 1: 0.7869
Validation Data Eval:
  Num examples: 256  Num correct: 138  Precision @ 1: 0.5391  AUC @ 1: 0.5450
Test Data Eval:
  Num examples: 512  Num correct: 285  Precision @ 1: 0.5566  AUC @ 1: 0.6898
Step 6800: loss = 0.6541 (0.012 sec)
Training Data Eval:
  Num examples: 3456  Num correct: 2423  Precision @ 1: 0.7011  AUC @ 1: 0.7937
Validation Data Eval:
  Num examples: 256  Num correct: 134  Precision @ 1: 0.5234  AUC @ 1: 0.5443
Test Data Eval:
  Num examples: 512  Num correct: 283  Precision @ 1: 0.5527  AUC @ 1: 0.6997
Step 7000: loss = 0.6258 (0.014 sec)
Training Data Eval:
  Num examples: 3456  Num correct: 2492  Precision @ 1: 0.7211  AUC @ 1: 0.8123
Validation Data Eval:
  Num examples: 256  Num correct: 140  Precision @ 1: 0.5469  AUC @ 1: 0.5536
Test Data Eval:
  Num examples: 512  Num correct: 274  Precision @ 1: 0.5352  AUC @ 1: 0.6522
Step 7200: loss = 0.5810 (0.014 sec)
Training Data Eval:
  Num examples: 3456  Num correct: 2533  Precision @ 1: 0.7329  AUC @ 1: 0.8242
Validation Data Eval:
  Num examples: 256  Num correct: 145  Precision @ 1: 0.5664  AUC @ 1: 0.5555
Test Data Eval:
  Num examples: 512  Num correct: 269  Precision @ 1: 0.5254  AUC @ 1: 0.6354
Step 7400: loss = 0.6119 (0.013 sec)
Training Data Eval:
  Num examples: 3456  Num correct: 2528  Precision @ 1: 0.7315  AUC @ 1: 0.8365
Validation Data Eval:
  Num examples: 256  Num correct: 141  Precision @ 1: 0.5508  AUC @ 1: 0.5659
Test Data Eval:
  Num examples: 512  Num correct: 272  Precision @ 1: 0.5312  AUC @ 1: 0.6204
Step 7600: loss = 0.6554 (0.016 sec)
Training Data Eval:
  Num examples: 3456  Num correct: 2571  Precision @ 1: 0.7439  AUC @ 1: 0.8397
Validation Data Eval:
  Num examples: 256  Num correct: 142  Precision @ 1: 0.5547  AUC @ 1: 0.5673
Test Data Eval:
  Num examples: 512  Num correct: 267  Precision @ 1: 0.5215  AUC @ 1: 0.6198
Step 7800: loss = 0.5876 (0.014 sec)
Training Data Eval:
  Num examples: 3456  Num correct: 2584  Precision @ 1: 0.7477  AUC @ 1: 0.8472
Validation Data Eval:
  Num examples: 256  Num correct: 144  Precision @ 1: 0.5625  AUC @ 1: 0.5692
Test Data Eval:
  Num examples: 512  Num correct: 269  Precision @ 1: 0.5254  AUC @ 1: 0.6235
Step 8000: loss = 0.5621 (0.015 sec)
Training Data Eval:
  Num examples: 3456  Num correct: 2610  Precision @ 1: 0.7552  AUC @ 1: 0.8509
Validation Data Eval:
  Num examples: 256  Num correct: 140  Precision @ 1: 0.5469  AUC @ 1: 0.5681
Test Data Eval:
  Num examples: 512  Num correct: 270  Precision @ 1: 0.5273  AUC @ 1: 0.6087
Step 8200: loss = 0.5427 (0.014 sec)
Training Data Eval:
  Num examples: 3456  Num correct: 2677  Precision @ 1: 0.7746  AUC @ 1: 0.8651
Validation Data Eval:
  Num examples: 256  Num correct: 141  Precision @ 1: 0.5508  AUC @ 1: 0.5664
Test Data Eval:
  Num examples: 512  Num correct: 266  Precision @ 1: 0.5195  AUC @ 1: 0.6008
Step 8400: loss = 0.5257 (0.014 sec)
Training Data Eval:
  Num examples: 3456  Num correct: 2644  Precision @ 1: 0.7650  AUC @ 1: 0.8637
Validation Data Eval:
  Num examples: 256  Num correct: 137  Precision @ 1: 0.5352  AUC @ 1: 0.5633
Test Data Eval:
  Num examples: 512  Num correct: 268  Precision @ 1: 0.5234  AUC @ 1: 0.6152
Step 8600: loss = 0.5070 (0.013 sec)
Training Data Eval:
  Num examples: 3456  Num correct: 2670  Precision @ 1: 0.7726  AUC @ 1: 0.8707
Validation Data Eval:
  Num examples: 256  Num correct: 143  Precision @ 1: 0.5586  AUC @ 1: 0.5648
Test Data Eval:
  Num examples: 512  Num correct: 262  Precision @ 1: 0.5117  AUC @ 1: 0.6130
Step 8800: loss = 0.5595 (0.012 sec)
Training Data Eval:
  Num examples: 3456  Num correct: 2696  Precision @ 1: 0.7801  AUC @ 1: 0.8772
Validation Data Eval:
  Num examples: 256  Num correct: 143  Precision @ 1: 0.5586  AUC @ 1: 0.5661
Test Data Eval:
  Num examples: 512  Num correct: 263  Precision @ 1: 0.5137  AUC @ 1: 0.6225
Step 9000: loss = 0.4851 (0.014 sec)
Training Data Eval:
  Num examples: 3456  Num correct: 2693  Precision @ 1: 0.7792  AUC @ 1: 0.8779
Validation Data Eval:
  Num examples: 256  Num correct: 144  Precision @ 1: 0.5625  AUC @ 1: 0.5684
Test Data Eval:
  Num examples: 512  Num correct: 258  Precision @ 1: 0.5039  AUC @ 1: 0.5966
Step 9200: loss = 0.5837 (0.013 sec)
Training Data Eval:
  Num examples: 3456  Num correct: 2731  Precision @ 1: 0.7902  AUC @ 1: 0.8831
Validation Data Eval:
  Num examples: 256  Num correct: 141  Precision @ 1: 0.5508  AUC @ 1: 0.5666
Test Data Eval:
  Num examples: 512  Num correct: 259  Precision @ 1: 0.5059  AUC @ 1: 0.6023
Step 9400: loss = 0.5138 (0.014 sec)
Training Data Eval:
  Num examples: 3456  Num correct: 2739  Precision @ 1: 0.7925  AUC @ 1: 0.8855
Validation Data Eval:
  Num examples: 256  Num correct: 145  Precision @ 1: 0.5664  AUC @ 1: 0.5630
Test Data Eval:
  Num examples: 512  Num correct: 264  Precision @ 1: 0.5156  AUC @ 1: 0.6057
Step 9600: loss = 0.4988 (0.013 sec)
Training Data Eval:
  Num examples: 3456  Num correct: 2759  Precision @ 1: 0.7983  AUC @ 1: 0.8894
Validation Data Eval:
  Num examples: 256  Num correct: 145  Precision @ 1: 0.5664  AUC @ 1: 0.5628
Test Data Eval:
  Num examples: 512  Num correct: 250  Precision @ 1: 0.4883  AUC @ 1: 0.5693
Step 9800: loss = 0.4502 (0.015 sec)
Training Data Eval:
  Num examples: 3456  Num correct: 2761  Precision @ 1: 0.7989  AUC @ 1: 0.8891
Validation Data Eval:
  Num examples: 256  Num correct: 146  Precision @ 1: 0.5703  AUC @ 1: 0.5651
Test Data Eval:
  Num examples: 512  Num correct: 256  Precision @ 1: 0.5000  AUC @ 1: 0.5918
