Training data shape: 	(3822, 64, 30, 1)
Training label shape:	(3822,)
Testing data shape:  	(513, 64, 30, 1)
Testing label shape: 	(513,)
max input value is: 14.3839135638
min input value is: -10.9262291682
random permuted training data
==============================================================================
Model: 			inference_global_s_cnn
Tensor Name: 	Placeholder:0
[128, 64, 30, 1]
==============================================================================
Tensor Name: conv1/conv1:0
[128, 1, 30, 32]
==============================================================================
Tensor Name: MaxPool:0
[128, 1, 15, 32]
==============================================================================
Tensor Name: local1/local1:0
[128, 128]
==============================================================================
Tensor Name: local2/local2:0
[128, 128]
==============================================================================
Tensor Name: softmax_linear/softmax_linear:0
[128, 2]
Step 0: loss = 0.8841 (0.031 sec)
Training Data Eval:
  Num examples: 3456  Num correct: 1946  Precision @ 1: 0.5631  AUC @ 1: 0.5607
Validation Data Eval:
  Num examples: 256  Num correct: 143  Precision @ 1: 0.5586  AUC @ 1: 0.5246
Test Data Eval:
  Num examples: 512  Num correct: 287  Precision @ 1: 0.5605  AUC @ 1: 0.5913
Step 200: loss = 0.8735 (0.016 sec)
Training Data Eval:
  Num examples: 3456  Num correct: 1986  Precision @ 1: 0.5747  AUC @ 1: 0.5963
Validation Data Eval:
  Num examples: 256  Num correct: 143  Precision @ 1: 0.5586  AUC @ 1: 0.5531
Test Data Eval:
  Num examples: 512  Num correct: 287  Precision @ 1: 0.5605  AUC @ 1: 0.6642
Step 400: loss = 0.8822 (0.015 sec)
Training Data Eval:
  Num examples: 3456  Num correct: 1972  Precision @ 1: 0.5706  AUC @ 1: 0.6116
Validation Data Eval:
  Num examples: 256  Num correct: 143  Precision @ 1: 0.5586  AUC @ 1: 0.5689
Test Data Eval:
  Num examples: 512  Num correct: 288  Precision @ 1: 0.5625  AUC @ 1: 0.6900
Step 600: loss = 0.8733 (0.016 sec)
Training Data Eval:
  Num examples: 3456  Num correct: 1963  Precision @ 1: 0.5680  AUC @ 1: 0.6139
Validation Data Eval:
  Num examples: 256  Num correct: 143  Precision @ 1: 0.5586  AUC @ 1: 0.5745
Test Data Eval:
  Num examples: 512  Num correct: 287  Precision @ 1: 0.5605  AUC @ 1: 0.6990
Step 800: loss = 0.8707 (0.015 sec)
Training Data Eval:
  Num examples: 3456  Num correct: 1966  Precision @ 1: 0.5689  AUC @ 1: 0.6240
Validation Data Eval:
  Num examples: 256  Num correct: 143  Precision @ 1: 0.5586  AUC @ 1: 0.5792
Test Data Eval:
  Num examples: 512  Num correct: 288  Precision @ 1: 0.5625  AUC @ 1: 0.6934
Step 1000: loss = 0.8722 (0.015 sec)
Training Data Eval:
  Num examples: 3456  Num correct: 1973  Precision @ 1: 0.5709  AUC @ 1: 0.6244
Validation Data Eval:
  Num examples: 256  Num correct: 143  Precision @ 1: 0.5586  AUC @ 1: 0.5819
Test Data Eval:
  Num examples: 512  Num correct: 287  Precision @ 1: 0.5605  AUC @ 1: 0.6905
Step 1200: loss = 0.8855 (0.016 sec)
Training Data Eval:
  Num examples: 3456  Num correct: 1958  Precision @ 1: 0.5666  AUC @ 1: 0.6282
Validation Data Eval:
  Num examples: 256  Num correct: 143  Precision @ 1: 0.5586  AUC @ 1: 0.5839
Test Data Eval:
  Num examples: 512  Num correct: 287  Precision @ 1: 0.5605  AUC @ 1: 0.6875
Step 1400: loss = 0.8786 (0.015 sec)
Training Data Eval:
  Num examples: 3456  Num correct: 1943  Precision @ 1: 0.5622  AUC @ 1: 0.6206
Validation Data Eval:
  Num examples: 256  Num correct: 143  Precision @ 1: 0.5586  AUC @ 1: 0.5855
Test Data Eval:
  Num examples: 512  Num correct: 288  Precision @ 1: 0.5625  AUC @ 1: 0.6823
Step 1600: loss = 0.8315 (0.016 sec)
Training Data Eval:
  Num examples: 3456  Num correct: 1979  Precision @ 1: 0.5726  AUC @ 1: 0.6306
Validation Data Eval:
  Num examples: 256  Num correct: 143  Precision @ 1: 0.5586  AUC @ 1: 0.5877
Test Data Eval:
  Num examples: 512  Num correct: 288  Precision @ 1: 0.5625  AUC @ 1: 0.6806
Step 1800: loss = 0.8251 (0.015 sec)
Training Data Eval:
  Num examples: 3456  Num correct: 1948  Precision @ 1: 0.5637  AUC @ 1: 0.6230
Validation Data Eval:
  Num examples: 256  Num correct: 143  Precision @ 1: 0.5586  AUC @ 1: 0.5890
Test Data Eval:
  Num examples: 512  Num correct: 287  Precision @ 1: 0.5605  AUC @ 1: 0.6796
Step 2000: loss = 0.8433 (0.015 sec)
Training Data Eval:
  Num examples: 3456  Num correct: 1929  Precision @ 1: 0.5582  AUC @ 1: 0.6221
Validation Data Eval:
  Num examples: 256  Num correct: 143  Precision @ 1: 0.5586  AUC @ 1: 0.5919
Test Data Eval:
  Num examples: 512  Num correct: 288  Precision @ 1: 0.5625  AUC @ 1: 0.6807
Step 2200: loss = 0.8456 (0.015 sec)
Training Data Eval:
  Num examples: 3456  Num correct: 1957  Precision @ 1: 0.5663  AUC @ 1: 0.6343
Validation Data Eval:
  Num examples: 256  Num correct: 143  Precision @ 1: 0.5586  AUC @ 1: 0.5951
Test Data Eval:
  Num examples: 512  Num correct: 287  Precision @ 1: 0.5605  AUC @ 1: 0.6816
Step 2400: loss = 0.8547 (0.016 sec)
Training Data Eval:
  Num examples: 3456  Num correct: 1953  Precision @ 1: 0.5651  AUC @ 1: 0.6453
Validation Data Eval:
  Num examples: 256  Num correct: 143  Precision @ 1: 0.5586  AUC @ 1: 0.5988
Test Data Eval:
  Num examples: 512  Num correct: 288  Precision @ 1: 0.5625  AUC @ 1: 0.6861
Step 2600: loss = 0.8383 (0.015 sec)
Training Data Eval:
  Num examples: 3456  Num correct: 1956  Precision @ 1: 0.5660  AUC @ 1: 0.6463
Validation Data Eval:
  Num examples: 256  Num correct: 143  Precision @ 1: 0.5586  AUC @ 1: 0.6028
Test Data Eval:
  Num examples: 512  Num correct: 287  Precision @ 1: 0.5605  AUC @ 1: 0.6913
Step 2800: loss = 0.8462 (0.015 sec)
Training Data Eval:
  Num examples: 3456  Num correct: 1964  Precision @ 1: 0.5683  AUC @ 1: 0.6459
Validation Data Eval:
  Num examples: 256  Num correct: 143  Precision @ 1: 0.5586  AUC @ 1: 0.6093
Test Data Eval:
  Num examples: 512  Num correct: 287  Precision @ 1: 0.5605  AUC @ 1: 0.6965
Step 3000: loss = 0.8521 (0.015 sec)
Training Data Eval:
  Num examples: 3456  Num correct: 1904  Precision @ 1: 0.5509  AUC @ 1: 0.6463
Validation Data Eval:
  Num examples: 256  Num correct: 143  Precision @ 1: 0.5586  AUC @ 1: 0.6150
Test Data Eval:
  Num examples: 512  Num correct: 288  Precision @ 1: 0.5625  AUC @ 1: 0.7033
Step 3200: loss = 0.8267 (0.015 sec)
Training Data Eval:
  Num examples: 3456  Num correct: 2013  Precision @ 1: 0.5825  AUC @ 1: 0.6644
Validation Data Eval:
  Num examples: 256  Num correct: 143  Precision @ 1: 0.5586  AUC @ 1: 0.6231
Test Data Eval:
  Num examples: 512  Num correct: 288  Precision @ 1: 0.5625  AUC @ 1: 0.7089
Step 3400: loss = 0.8074 (0.015 sec)
Training Data Eval:
  Num examples: 3456  Num correct: 2015  Precision @ 1: 0.5830  AUC @ 1: 0.6603
Validation Data Eval:
  Num examples: 256  Num correct: 147  Precision @ 1: 0.5742  AUC @ 1: 0.6304
Test Data Eval:
  Num examples: 512  Num correct: 291  Precision @ 1: 0.5684  AUC @ 1: 0.7149
Step 3600: loss = 0.8360 (0.015 sec)
Training Data Eval:
  Num examples: 3456  Num correct: 2102  Precision @ 1: 0.6082  AUC @ 1: 0.6893
Validation Data Eval:
  Num examples: 256  Num correct: 142  Precision @ 1: 0.5547  AUC @ 1: 0.6369
Test Data Eval:
  Num examples: 512  Num correct: 295  Precision @ 1: 0.5762  AUC @ 1: 0.7140
Step 3800: loss = 0.8491 (0.015 sec)
Training Data Eval:
  Num examples: 3456  Num correct: 2068  Precision @ 1: 0.5984  AUC @ 1: 0.6768
Validation Data Eval:
  Num examples: 256  Num correct: 139  Precision @ 1: 0.5430  AUC @ 1: 0.6424
Test Data Eval:
  Num examples: 512  Num correct: 296  Precision @ 1: 0.5781  AUC @ 1: 0.7144
Step 4000: loss = 0.8014 (0.015 sec)
Training Data Eval:
  Num examples: 3456  Num correct: 2121  Precision @ 1: 0.6137  AUC @ 1: 0.6862
Validation Data Eval:
  Num examples: 256  Num correct: 140  Precision @ 1: 0.5469  AUC @ 1: 0.6476
Test Data Eval:
  Num examples: 512  Num correct: 291  Precision @ 1: 0.5684  AUC @ 1: 0.7150
Step 4200: loss = 0.8009 (0.016 sec)
Training Data Eval:
  Num examples: 3456  Num correct: 2171  Precision @ 1: 0.6282  AUC @ 1: 0.6959
Validation Data Eval:
  Num examples: 256  Num correct: 151  Precision @ 1: 0.5898  AUC @ 1: 0.6552
Test Data Eval:
  Num examples: 512  Num correct: 297  Precision @ 1: 0.5801  AUC @ 1: 0.7093
Step 4400: loss = 0.7905 (0.015 sec)
Training Data Eval:
  Num examples: 3456  Num correct: 2197  Precision @ 1: 0.6357  AUC @ 1: 0.6988
Validation Data Eval:
  Num examples: 256  Num correct: 149  Precision @ 1: 0.5820  AUC @ 1: 0.6648
Test Data Eval:
  Num examples: 512  Num correct: 299  Precision @ 1: 0.5840  AUC @ 1: 0.7078
Step 4600: loss = 0.8035 (0.015 sec)
Training Data Eval:
  Num examples: 3456  Num correct: 2219  Precision @ 1: 0.6421  AUC @ 1: 0.7088
Validation Data Eval:
  Num examples: 256  Num correct: 153  Precision @ 1: 0.5977  AUC @ 1: 0.6676
Test Data Eval:
  Num examples: 512  Num correct: 298  Precision @ 1: 0.5820  AUC @ 1: 0.7060
Step 4800: loss = 0.7957 (0.015 sec)
Training Data Eval:
  Num examples: 3456  Num correct: 2215  Precision @ 1: 0.6409  AUC @ 1: 0.7108
Validation Data Eval:
  Num examples: 256  Num correct: 154  Precision @ 1: 0.6016  AUC @ 1: 0.6767
Test Data Eval:
  Num examples: 512  Num correct: 300  Precision @ 1: 0.5859  AUC @ 1: 0.7065
Step 5000: loss = 0.7949 (0.015 sec)
Training Data Eval:
  Num examples: 3456  Num correct: 2299  Precision @ 1: 0.6652  AUC @ 1: 0.7308
Validation Data Eval:
  Num examples: 256  Num correct: 158  Precision @ 1: 0.6172  AUC @ 1: 0.6853
Test Data Eval:
  Num examples: 512  Num correct: 303  Precision @ 1: 0.5918  AUC @ 1: 0.7095
Step 5200: loss = 0.7695 (0.015 sec)
Training Data Eval:
  Num examples: 3456  Num correct: 2288  Precision @ 1: 0.6620  AUC @ 1: 0.7282
Validation Data Eval:
  Num examples: 256  Num correct: 157  Precision @ 1: 0.6133  AUC @ 1: 0.6866
Test Data Eval:
  Num examples: 512  Num correct: 307  Precision @ 1: 0.5996  AUC @ 1: 0.7142
Step 5400: loss = 0.7558 (0.052 sec)
Training Data Eval:
  Num examples: 3456  Num correct: 2333  Precision @ 1: 0.6751  AUC @ 1: 0.7394
Validation Data Eval:
  Num examples: 256  Num correct: 155  Precision @ 1: 0.6055  AUC @ 1: 0.6922
Test Data Eval:
  Num examples: 512  Num correct: 309  Precision @ 1: 0.6035  AUC @ 1: 0.7223
Step 5600: loss = 0.7541 (0.015 sec)
Training Data Eval:
  Num examples: 3456  Num correct: 2310  Precision @ 1: 0.6684  AUC @ 1: 0.7384
Validation Data Eval:
  Num examples: 256  Num correct: 156  Precision @ 1: 0.6094  AUC @ 1: 0.6929
Test Data Eval:
  Num examples: 512  Num correct: 313  Precision @ 1: 0.6113  AUC @ 1: 0.7248
Step 5800: loss = 0.7113 (0.015 sec)
Training Data Eval:
  Num examples: 3456  Num correct: 2331  Precision @ 1: 0.6745  AUC @ 1: 0.7442
Validation Data Eval:
  Num examples: 256  Num correct: 157  Precision @ 1: 0.6133  AUC @ 1: 0.6932
Test Data Eval:
  Num examples: 512  Num correct: 314  Precision @ 1: 0.6133  AUC @ 1: 0.7296
Step 6000: loss = 0.7520 (0.015 sec)
Training Data Eval:
  Num examples: 3456  Num correct: 2343  Precision @ 1: 0.6780  AUC @ 1: 0.7471
Validation Data Eval:
  Num examples: 256  Num correct: 158  Precision @ 1: 0.6172  AUC @ 1: 0.6955
Test Data Eval:
  Num examples: 512  Num correct: 317  Precision @ 1: 0.6191  AUC @ 1: 0.7340
Step 6200: loss = 0.7756 (0.016 sec)
Training Data Eval:
  Num examples: 3456  Num correct: 2370  Precision @ 1: 0.6858  AUC @ 1: 0.7574
Validation Data Eval:
  Num examples: 256  Num correct: 157  Precision @ 1: 0.6133  AUC @ 1: 0.6990
Test Data Eval:
  Num examples: 512  Num correct: 317  Precision @ 1: 0.6191  AUC @ 1: 0.7402
Step 6400: loss = 0.7388 (0.015 sec)
Training Data Eval:
  Num examples: 3456  Num correct: 2343  Precision @ 1: 0.6780  AUC @ 1: 0.7459
Validation Data Eval:
  Num examples: 256  Num correct: 157  Precision @ 1: 0.6133  AUC @ 1: 0.7033
Test Data Eval:
  Num examples: 512  Num correct: 333  Precision @ 1: 0.6504  AUC @ 1: 0.7425
Step 6600: loss = 0.6997 (0.015 sec)
Training Data Eval:
  Num examples: 3456  Num correct: 2385  Precision @ 1: 0.6901  AUC @ 1: 0.7643
Validation Data Eval:
  Num examples: 256  Num correct: 158  Precision @ 1: 0.6172  AUC @ 1: 0.7049
Test Data Eval:
  Num examples: 512  Num correct: 334  Precision @ 1: 0.6523  AUC @ 1: 0.7489
Step 6800: loss = 0.7179 (0.015 sec)
Training Data Eval:
  Num examples: 3456  Num correct: 2383  Precision @ 1: 0.6895  AUC @ 1: 0.7640
Validation Data Eval:
  Num examples: 256  Num correct: 158  Precision @ 1: 0.6172  AUC @ 1: 0.7129
Test Data Eval:
  Num examples: 512  Num correct: 333  Precision @ 1: 0.6504  AUC @ 1: 0.7527
Step 7000: loss = 0.7141 (0.015 sec)
Training Data Eval:
  Num examples: 3456  Num correct: 2422  Precision @ 1: 0.7008  AUC @ 1: 0.7760
Validation Data Eval:
  Num examples: 256  Num correct: 158  Precision @ 1: 0.6172  AUC @ 1: 0.7116
Test Data Eval:
  Num examples: 512  Num correct: 332  Precision @ 1: 0.6484  AUC @ 1: 0.7567
Step 7200: loss = 0.6860 (0.015 sec)
Training Data Eval:
  Num examples: 3456  Num correct: 2411  Precision @ 1: 0.6976  AUC @ 1: 0.7740
Validation Data Eval:
  Num examples: 256  Num correct: 157  Precision @ 1: 0.6133  AUC @ 1: 0.7144
Test Data Eval:
  Num examples: 512  Num correct: 336  Precision @ 1: 0.6562  AUC @ 1: 0.7596
Step 7400: loss = 0.6484 (0.015 sec)
Training Data Eval:
  Num examples: 3456  Num correct: 2433  Precision @ 1: 0.7040  AUC @ 1: 0.7827
Validation Data Eval:
  Num examples: 256  Num correct: 159  Precision @ 1: 0.6211  AUC @ 1: 0.7183
Test Data Eval:
  Num examples: 512  Num correct: 335  Precision @ 1: 0.6543  AUC @ 1: 0.7637
Step 7600: loss = 0.6828 (0.015 sec)
Training Data Eval:
  Num examples: 3456  Num correct: 2448  Precision @ 1: 0.7083  AUC @ 1: 0.7916
Validation Data Eval:
  Num examples: 256  Num correct: 161  Precision @ 1: 0.6289  AUC @ 1: 0.7253
Test Data Eval:
  Num examples: 512  Num correct: 341  Precision @ 1: 0.6660  AUC @ 1: 0.7678
Step 7800: loss = 0.7068 (0.015 sec)
Training Data Eval:
  Num examples: 3456  Num correct: 2417  Precision @ 1: 0.6994  AUC @ 1: 0.7858
Validation Data Eval:
  Num examples: 256  Num correct: 160  Precision @ 1: 0.6250  AUC @ 1: 0.7254
Test Data Eval:
  Num examples: 512  Num correct: 341  Precision @ 1: 0.6660  AUC @ 1: 0.7688
Step 8000: loss = 0.6892 (0.016 sec)
Training Data Eval:
  Num examples: 3456  Num correct: 2451  Precision @ 1: 0.7092  AUC @ 1: 0.7977
Validation Data Eval:
  Num examples: 256  Num correct: 162  Precision @ 1: 0.6328  AUC @ 1: 0.7314
Test Data Eval:
  Num examples: 512  Num correct: 344  Precision @ 1: 0.6719  AUC @ 1: 0.7714
Step 8200: loss = 0.7089 (0.015 sec)
Training Data Eval:
  Num examples: 3456  Num correct: 2474  Precision @ 1: 0.7159  AUC @ 1: 0.7963
Validation Data Eval:
  Num examples: 256  Num correct: 160  Precision @ 1: 0.6250  AUC @ 1: 0.7343
Test Data Eval:
  Num examples: 512  Num correct: 343  Precision @ 1: 0.6699  AUC @ 1: 0.7745
Step 8400: loss = 0.7135 (0.014 sec)
Training Data Eval:
  Num examples: 3456  Num correct: 2469  Precision @ 1: 0.7144  AUC @ 1: 0.7975
Validation Data Eval:
  Num examples: 256  Num correct: 160  Precision @ 1: 0.6250  AUC @ 1: 0.7364
Test Data Eval:
  Num examples: 512  Num correct: 346  Precision @ 1: 0.6758  AUC @ 1: 0.7731
Step 8600: loss = 0.6696 (0.015 sec)
Training Data Eval:
  Num examples: 3456  Num correct: 2496  Precision @ 1: 0.7222  AUC @ 1: 0.8078
Validation Data Eval:
  Num examples: 256  Num correct: 162  Precision @ 1: 0.6328  AUC @ 1: 0.7400
Test Data Eval:
  Num examples: 512  Num correct: 350  Precision @ 1: 0.6836  AUC @ 1: 0.7759
Step 8800: loss = 0.6894 (0.015 sec)
Training Data Eval:
  Num examples: 3456  Num correct: 2507  Precision @ 1: 0.7254  AUC @ 1: 0.8151
Validation Data Eval:
  Num examples: 256  Num correct: 164  Precision @ 1: 0.6406  AUC @ 1: 0.7383
Test Data Eval:
  Num examples: 512  Num correct: 352  Precision @ 1: 0.6875  AUC @ 1: 0.7778
Step 9000: loss = 0.6974 (0.016 sec)
Training Data Eval:
  Num examples: 3456  Num correct: 2499  Precision @ 1: 0.7231  AUC @ 1: 0.8124
Validation Data Eval:
  Num examples: 256  Num correct: 163  Precision @ 1: 0.6367  AUC @ 1: 0.7427
Test Data Eval:
  Num examples: 512  Num correct: 359  Precision @ 1: 0.7012  AUC @ 1: 0.7796
Step 9200: loss = 0.6699 (0.015 sec)
Training Data Eval:
  Num examples: 3456  Num correct: 2533  Precision @ 1: 0.7329  AUC @ 1: 0.8214
Validation Data Eval:
  Num examples: 256  Num correct: 166  Precision @ 1: 0.6484  AUC @ 1: 0.7445
Test Data Eval:
  Num examples: 512  Num correct: 363  Precision @ 1: 0.7090  AUC @ 1: 0.7805
Step 9400: loss = 0.6065 (0.015 sec)
Training Data Eval:
  Num examples: 3456  Num correct: 2549  Precision @ 1: 0.7376  AUC @ 1: 0.8239
Validation Data Eval:
  Num examples: 256  Num correct: 166  Precision @ 1: 0.6484  AUC @ 1: 0.7447
Test Data Eval:
  Num examples: 512  Num correct: 365  Precision @ 1: 0.7129  AUC @ 1: 0.7828
Step 9600: loss = 0.6818 (0.014 sec)
Training Data Eval:
  Num examples: 3456  Num correct: 2566  Precision @ 1: 0.7425  AUC @ 1: 0.8288
Validation Data Eval:
  Num examples: 256  Num correct: 168  Precision @ 1: 0.6562  AUC @ 1: 0.7451
Test Data Eval:
  Num examples: 512  Num correct: 368  Precision @ 1: 0.7188  AUC @ 1: 0.7842
Step 9800: loss = 0.6576 (0.015 sec)
Training Data Eval:
  Num examples: 3456  Num correct: 2573  Precision @ 1: 0.7445  AUC @ 1: 0.8334
Validation Data Eval:
  Num examples: 256  Num correct: 170  Precision @ 1: 0.6641  AUC @ 1: 0.7468
Test Data Eval:
  Num examples: 512  Num correct: 365  Precision @ 1: 0.7129  AUC @ 1: 0.7857
