Training data shape: 	(3822, 64, 30, 1)
Training label shape:	(3822,)
Testing data shape:  	(513, 64, 30, 1)
Testing label shape: 	(513,)
max input value is: 14.3839135638
min input value is: -10.9262291682
random permuted training data
==============================================================================
Model: 			inference_global_s_cnn
Tensor Name: 	Placeholder:0
[128, 64, 30, 1]
==============================================================================
Tensor Name: conv1/conv1:0
[128, 1, 30, 8]
==============================================================================
Tensor Name: MaxPool:0
[128, 1, 15, 8]
==============================================================================
Tensor Name: local1/local1:0
[128, 128]
==============================================================================
Tensor Name: local2/local2:0
[128, 128]
==============================================================================
Tensor Name: softmax_linear/softmax_linear:0
[128, 2]
Step 0: loss = 0.7732 (0.026 sec)
Training Data Eval:
  Num examples: 3456  Num correct: 1963  Precision @ 1: 0.5680  AUC @ 1: 0.6214
Validation Data Eval:
  Num examples: 256  Num correct: 136  Precision @ 1: 0.5312  AUC @ 1: 0.5747
Test Data Eval:
  Num examples: 512  Num correct: 287  Precision @ 1: 0.5605  AUC @ 1: 0.6216
Step 200: loss = 0.7960 (0.010 sec)
Training Data Eval:
  Num examples: 3456  Num correct: 1991  Precision @ 1: 0.5761  AUC @ 1: 0.6310
Validation Data Eval:
  Num examples: 256  Num correct: 136  Precision @ 1: 0.5312  AUC @ 1: 0.6092
Test Data Eval:
  Num examples: 512  Num correct: 287  Precision @ 1: 0.5605  AUC @ 1: 0.6727
Step 400: loss = 0.7870 (0.010 sec)
Training Data Eval:
  Num examples: 3456  Num correct: 1975  Precision @ 1: 0.5715  AUC @ 1: 0.6210
Validation Data Eval:
  Num examples: 256  Num correct: 136  Precision @ 1: 0.5312  AUC @ 1: 0.6267
Test Data Eval:
  Num examples: 512  Num correct: 287  Precision @ 1: 0.5605  AUC @ 1: 0.6957
Step 600: loss = 0.7635 (0.010 sec)
Training Data Eval:
  Num examples: 3456  Num correct: 1974  Precision @ 1: 0.5712  AUC @ 1: 0.6331
Validation Data Eval:
  Num examples: 256  Num correct: 136  Precision @ 1: 0.5312  AUC @ 1: 0.6246
Test Data Eval:
  Num examples: 512  Num correct: 288  Precision @ 1: 0.5625  AUC @ 1: 0.6917
Step 800: loss = 0.7654 (0.011 sec)
Training Data Eval:
  Num examples: 3456  Num correct: 1964  Precision @ 1: 0.5683  AUC @ 1: 0.6169
Validation Data Eval:
  Num examples: 256  Num correct: 136  Precision @ 1: 0.5312  AUC @ 1: 0.6199
Test Data Eval:
  Num examples: 512  Num correct: 288  Precision @ 1: 0.5625  AUC @ 1: 0.6870
Step 1000: loss = 0.7788 (0.010 sec)
Training Data Eval:
  Num examples: 3456  Num correct: 1926  Precision @ 1: 0.5573  AUC @ 1: 0.6173
Validation Data Eval:
  Num examples: 256  Num correct: 136  Precision @ 1: 0.5312  AUC @ 1: 0.6148
Test Data Eval:
  Num examples: 512  Num correct: 287  Precision @ 1: 0.5605  AUC @ 1: 0.6800
Step 1200: loss = 0.7654 (0.010 sec)
Training Data Eval:
  Num examples: 3456  Num correct: 1956  Precision @ 1: 0.5660  AUC @ 1: 0.6156
Validation Data Eval:
  Num examples: 256  Num correct: 136  Precision @ 1: 0.5312  AUC @ 1: 0.6102
Test Data Eval:
  Num examples: 512  Num correct: 287  Precision @ 1: 0.5605  AUC @ 1: 0.6777
Step 1400: loss = 0.7816 (0.010 sec)
Training Data Eval:
  Num examples: 3456  Num correct: 1970  Precision @ 1: 0.5700  AUC @ 1: 0.6129
Validation Data Eval:
  Num examples: 256  Num correct: 136  Precision @ 1: 0.5312  AUC @ 1: 0.6072
Test Data Eval:
  Num examples: 512  Num correct: 287  Precision @ 1: 0.5605  AUC @ 1: 0.6699
Step 1600: loss = 0.7286 (0.010 sec)
Training Data Eval:
  Num examples: 3456  Num correct: 1997  Precision @ 1: 0.5778  AUC @ 1: 0.6172
Validation Data Eval:
  Num examples: 256  Num correct: 136  Precision @ 1: 0.5312  AUC @ 1: 0.6048
Test Data Eval:
  Num examples: 512  Num correct: 287  Precision @ 1: 0.5605  AUC @ 1: 0.6669
Step 1800: loss = 0.7553 (0.010 sec)
Training Data Eval:
  Num examples: 3456  Num correct: 1963  Precision @ 1: 0.5680  AUC @ 1: 0.6228
Validation Data Eval:
  Num examples: 256  Num correct: 136  Precision @ 1: 0.5312  AUC @ 1: 0.6045
Test Data Eval:
  Num examples: 512  Num correct: 288  Precision @ 1: 0.5625  AUC @ 1: 0.6678
Step 2000: loss = 0.7456 (0.010 sec)
Training Data Eval:
  Num examples: 3456  Num correct: 1953  Precision @ 1: 0.5651  AUC @ 1: 0.6217
Validation Data Eval:
  Num examples: 256  Num correct: 136  Precision @ 1: 0.5312  AUC @ 1: 0.6045
Test Data Eval:
  Num examples: 512  Num correct: 287  Precision @ 1: 0.5605  AUC @ 1: 0.6679
Step 2200: loss = 0.7471 (0.010 sec)
Training Data Eval:
  Num examples: 3456  Num correct: 1966  Precision @ 1: 0.5689  AUC @ 1: 0.6207
Validation Data Eval:
  Num examples: 256  Num correct: 136  Precision @ 1: 0.5312  AUC @ 1: 0.6051
Test Data Eval:
  Num examples: 512  Num correct: 288  Precision @ 1: 0.5625  AUC @ 1: 0.6648
Step 2400: loss = 0.7463 (0.010 sec)
Training Data Eval:
  Num examples: 3456  Num correct: 1938  Precision @ 1: 0.5608  AUC @ 1: 0.6114
Validation Data Eval:
  Num examples: 256  Num correct: 136  Precision @ 1: 0.5312  AUC @ 1: 0.6074
Test Data Eval:
  Num examples: 512  Num correct: 287  Precision @ 1: 0.5605  AUC @ 1: 0.6657
Step 2600: loss = 0.7503 (0.010 sec)
Training Data Eval:
  Num examples: 3456  Num correct: 1949  Precision @ 1: 0.5639  AUC @ 1: 0.6227
Validation Data Eval:
  Num examples: 256  Num correct: 136  Precision @ 1: 0.5312  AUC @ 1: 0.6109
Test Data Eval:
  Num examples: 512  Num correct: 287  Precision @ 1: 0.5605  AUC @ 1: 0.6658
Step 2800: loss = 0.7199 (0.010 sec)
Training Data Eval:
  Num examples: 3456  Num correct: 1930  Precision @ 1: 0.5584  AUC @ 1: 0.6279
Validation Data Eval:
  Num examples: 256  Num correct: 136  Precision @ 1: 0.5312  AUC @ 1: 0.6157
Test Data Eval:
  Num examples: 512  Num correct: 287  Precision @ 1: 0.5605  AUC @ 1: 0.6679
Step 3000: loss = 0.7406 (0.010 sec)
Training Data Eval:
  Num examples: 3456  Num correct: 1979  Precision @ 1: 0.5726  AUC @ 1: 0.6516
Validation Data Eval:
  Num examples: 256  Num correct: 136  Precision @ 1: 0.5312  AUC @ 1: 0.6220
Test Data Eval:
  Num examples: 512  Num correct: 287  Precision @ 1: 0.5605  AUC @ 1: 0.6734
Step 3200: loss = 0.7263 (0.010 sec)
Training Data Eval:
  Num examples: 3456  Num correct: 1979  Precision @ 1: 0.5726  AUC @ 1: 0.6403
Validation Data Eval:
  Num examples: 256  Num correct: 136  Precision @ 1: 0.5312  AUC @ 1: 0.6272
Test Data Eval:
  Num examples: 512  Num correct: 288  Precision @ 1: 0.5625  AUC @ 1: 0.6746
Step 3400: loss = 0.7556 (0.010 sec)
Training Data Eval:
  Num examples: 3456  Num correct: 1972  Precision @ 1: 0.5706  AUC @ 1: 0.6436
Validation Data Eval:
  Num examples: 256  Num correct: 136  Precision @ 1: 0.5312  AUC @ 1: 0.6344
Test Data Eval:
  Num examples: 512  Num correct: 287  Precision @ 1: 0.5605  AUC @ 1: 0.6796
Step 3600: loss = 0.7214 (0.010 sec)
Training Data Eval:
  Num examples: 3456  Num correct: 2025  Precision @ 1: 0.5859  AUC @ 1: 0.6455
Validation Data Eval:
  Num examples: 256  Num correct: 136  Precision @ 1: 0.5312  AUC @ 1: 0.6393
Test Data Eval:
  Num examples: 512  Num correct: 286  Precision @ 1: 0.5586  AUC @ 1: 0.6830
Step 3800: loss = 0.7263 (0.010 sec)
Training Data Eval:
  Num examples: 3456  Num correct: 2060  Precision @ 1: 0.5961  AUC @ 1: 0.6529
Validation Data Eval:
  Num examples: 256  Num correct: 138  Precision @ 1: 0.5391  AUC @ 1: 0.6428
Test Data Eval:
  Num examples: 512  Num correct: 292  Precision @ 1: 0.5703  AUC @ 1: 0.6891
Step 4000: loss = 0.6982 (0.010 sec)
Training Data Eval:
  Num examples: 3456  Num correct: 2043  Precision @ 1: 0.5911  AUC @ 1: 0.6632
Validation Data Eval:
  Num examples: 256  Num correct: 136  Precision @ 1: 0.5312  AUC @ 1: 0.6445
Test Data Eval:
  Num examples: 512  Num correct: 294  Precision @ 1: 0.5742  AUC @ 1: 0.6898
Step 4200: loss = 0.6960 (0.010 sec)
Training Data Eval:
  Num examples: 3456  Num correct: 2060  Precision @ 1: 0.5961  AUC @ 1: 0.6625
Validation Data Eval:
  Num examples: 256  Num correct: 134  Precision @ 1: 0.5234  AUC @ 1: 0.6482
Test Data Eval:
  Num examples: 512  Num correct: 296  Precision @ 1: 0.5781  AUC @ 1: 0.6871
Step 4400: loss = 0.6955 (0.010 sec)
Training Data Eval:
  Num examples: 3456  Num correct: 2068  Precision @ 1: 0.5984  AUC @ 1: 0.6681
Validation Data Eval:
  Num examples: 256  Num correct: 134  Precision @ 1: 0.5234  AUC @ 1: 0.6487
Test Data Eval:
  Num examples: 512  Num correct: 297  Precision @ 1: 0.5801  AUC @ 1: 0.6854
Step 4600: loss = 0.7199 (0.010 sec)
Training Data Eval:
  Num examples: 3456  Num correct: 2086  Precision @ 1: 0.6036  AUC @ 1: 0.6771
Validation Data Eval:
  Num examples: 256  Num correct: 140  Precision @ 1: 0.5469  AUC @ 1: 0.6506
Test Data Eval:
  Num examples: 512  Num correct: 297  Precision @ 1: 0.5801  AUC @ 1: 0.6807
Step 4800: loss = 0.7226 (0.010 sec)
Training Data Eval:
  Num examples: 3456  Num correct: 2135  Precision @ 1: 0.6178  AUC @ 1: 0.6778
Validation Data Eval:
  Num examples: 256  Num correct: 149  Precision @ 1: 0.5820  AUC @ 1: 0.6499
Test Data Eval:
  Num examples: 512  Num correct: 295  Precision @ 1: 0.5762  AUC @ 1: 0.6714
Step 5000: loss = 0.6734 (0.010 sec)
Training Data Eval:
  Num examples: 3456  Num correct: 2134  Precision @ 1: 0.6175  AUC @ 1: 0.6788
Validation Data Eval:
  Num examples: 256  Num correct: 150  Precision @ 1: 0.5859  AUC @ 1: 0.6494
Test Data Eval:
  Num examples: 512  Num correct: 297  Precision @ 1: 0.5801  AUC @ 1: 0.6673
Step 5200: loss = 0.7001 (0.010 sec)
Training Data Eval:
  Num examples: 3456  Num correct: 2141  Precision @ 1: 0.6195  AUC @ 1: 0.6865
Validation Data Eval:
  Num examples: 256  Num correct: 154  Precision @ 1: 0.6016  AUC @ 1: 0.6494
Test Data Eval:
  Num examples: 512  Num correct: 295  Precision @ 1: 0.5762  AUC @ 1: 0.6673
Step 5400: loss = 0.6634 (0.044 sec)
Training Data Eval:
  Num examples: 3456  Num correct: 2153  Precision @ 1: 0.6230  AUC @ 1: 0.7015
Validation Data Eval:
  Num examples: 256  Num correct: 150  Precision @ 1: 0.5859  AUC @ 1: 0.6503
Test Data Eval:
  Num examples: 512  Num correct: 295  Precision @ 1: 0.5762  AUC @ 1: 0.6632
Step 5600: loss = 0.7071 (0.011 sec)
Training Data Eval:
  Num examples: 3456  Num correct: 2179  Precision @ 1: 0.6305  AUC @ 1: 0.6971
Validation Data Eval:
  Num examples: 256  Num correct: 157  Precision @ 1: 0.6133  AUC @ 1: 0.6515
Test Data Eval:
  Num examples: 512  Num correct: 289  Precision @ 1: 0.5645  AUC @ 1: 0.6637
Step 5800: loss = 0.6983 (0.010 sec)
Training Data Eval:
  Num examples: 3456  Num correct: 2175  Precision @ 1: 0.6293  AUC @ 1: 0.6896
Validation Data Eval:
  Num examples: 256  Num correct: 158  Precision @ 1: 0.6172  AUC @ 1: 0.6555
Test Data Eval:
  Num examples: 512  Num correct: 289  Precision @ 1: 0.5645  AUC @ 1: 0.6682
Step 6000: loss = 0.6806 (0.010 sec)
Training Data Eval:
  Num examples: 3456  Num correct: 2196  Precision @ 1: 0.6354  AUC @ 1: 0.6990
Validation Data Eval:
  Num examples: 256  Num correct: 156  Precision @ 1: 0.6094  AUC @ 1: 0.6560
Test Data Eval:
  Num examples: 512  Num correct: 284  Precision @ 1: 0.5547  AUC @ 1: 0.6708
Step 6200: loss = 0.6708 (0.010 sec)
Training Data Eval:
  Num examples: 3456  Num correct: 2190  Precision @ 1: 0.6337  AUC @ 1: 0.7014
Validation Data Eval:
  Num examples: 256  Num correct: 159  Precision @ 1: 0.6211  AUC @ 1: 0.6610
Test Data Eval:
  Num examples: 512  Num correct: 290  Precision @ 1: 0.5664  AUC @ 1: 0.6723
Step 6400: loss = 0.6930 (0.010 sec)
Training Data Eval:
  Num examples: 3456  Num correct: 2271  Precision @ 1: 0.6571  AUC @ 1: 0.7232
Validation Data Eval:
  Num examples: 256  Num correct: 158  Precision @ 1: 0.6172  AUC @ 1: 0.6656
Test Data Eval:
  Num examples: 512  Num correct: 289  Precision @ 1: 0.5645  AUC @ 1: 0.6766
Step 6600: loss = 0.7037 (0.010 sec)
Training Data Eval:
  Num examples: 3456  Num correct: 2242  Precision @ 1: 0.6487  AUC @ 1: 0.7091
Validation Data Eval:
  Num examples: 256  Num correct: 155  Precision @ 1: 0.6055  AUC @ 1: 0.6681
Test Data Eval:
  Num examples: 512  Num correct: 293  Precision @ 1: 0.5723  AUC @ 1: 0.6807
Step 6800: loss = 0.6615 (0.011 sec)
Training Data Eval:
  Num examples: 3456  Num correct: 2247  Precision @ 1: 0.6502  AUC @ 1: 0.7167
Validation Data Eval:
  Num examples: 256  Num correct: 157  Precision @ 1: 0.6133  AUC @ 1: 0.6746
Test Data Eval:
  Num examples: 512  Num correct: 296  Precision @ 1: 0.5781  AUC @ 1: 0.6866
Step 7000: loss = 0.6608 (0.010 sec)
Training Data Eval:
  Num examples: 3456  Num correct: 2255  Precision @ 1: 0.6525  AUC @ 1: 0.7192
Validation Data Eval:
  Num examples: 256  Num correct: 156  Precision @ 1: 0.6094  AUC @ 1: 0.6795
Test Data Eval:
  Num examples: 512  Num correct: 301  Precision @ 1: 0.5879  AUC @ 1: 0.6938
Step 7200: loss = 0.6845 (0.010 sec)
Training Data Eval:
  Num examples: 3456  Num correct: 2277  Precision @ 1: 0.6589  AUC @ 1: 0.7191
Validation Data Eval:
  Num examples: 256  Num correct: 157  Precision @ 1: 0.6133  AUC @ 1: 0.6848
Test Data Eval:
  Num examples: 512  Num correct: 304  Precision @ 1: 0.5938  AUC @ 1: 0.7011
Step 7400: loss = 0.7252 (0.011 sec)
Training Data Eval:
  Num examples: 3456  Num correct: 2251  Precision @ 1: 0.6513  AUC @ 1: 0.7172
Validation Data Eval:
  Num examples: 256  Num correct: 159  Precision @ 1: 0.6211  AUC @ 1: 0.6903
Test Data Eval:
  Num examples: 512  Num correct: 307  Precision @ 1: 0.5996  AUC @ 1: 0.7081
Step 7600: loss = 0.6480 (0.011 sec)
Training Data Eval:
  Num examples: 3456  Num correct: 2296  Precision @ 1: 0.6644  AUC @ 1: 0.7341
Validation Data Eval:
  Num examples: 256  Num correct: 162  Precision @ 1: 0.6328  AUC @ 1: 0.6958
Test Data Eval:
  Num examples: 512  Num correct: 312  Precision @ 1: 0.6094  AUC @ 1: 0.7131
Step 7800: loss = 0.6907 (0.010 sec)
Training Data Eval:
  Num examples: 3456  Num correct: 2277  Precision @ 1: 0.6589  AUC @ 1: 0.7314
Validation Data Eval:
  Num examples: 256  Num correct: 162  Precision @ 1: 0.6328  AUC @ 1: 0.7011
Test Data Eval:
  Num examples: 512  Num correct: 315  Precision @ 1: 0.6152  AUC @ 1: 0.7199
Step 8000: loss = 0.6186 (0.010 sec)
Training Data Eval:
  Num examples: 3456  Num correct: 2303  Precision @ 1: 0.6664  AUC @ 1: 0.7314
Validation Data Eval:
  Num examples: 256  Num correct: 167  Precision @ 1: 0.6523  AUC @ 1: 0.7064
Test Data Eval:
  Num examples: 512  Num correct: 320  Precision @ 1: 0.6250  AUC @ 1: 0.7256
Step 8200: loss = 0.6408 (0.009 sec)
Training Data Eval:
  Num examples: 3456  Num correct: 2326  Precision @ 1: 0.6730  AUC @ 1: 0.7427
Validation Data Eval:
  Num examples: 256  Num correct: 166  Precision @ 1: 0.6484  AUC @ 1: 0.7103
Test Data Eval:
  Num examples: 512  Num correct: 326  Precision @ 1: 0.6367  AUC @ 1: 0.7294
Step 8400: loss = 0.6706 (0.010 sec)
Training Data Eval:
  Num examples: 3456  Num correct: 2327  Precision @ 1: 0.6733  AUC @ 1: 0.7370
Validation Data Eval:
  Num examples: 256  Num correct: 168  Precision @ 1: 0.6562  AUC @ 1: 0.7151
Test Data Eval:
  Num examples: 512  Num correct: 324  Precision @ 1: 0.6328  AUC @ 1: 0.7340
Step 8600: loss = 0.6552 (0.011 sec)
Training Data Eval:
  Num examples: 3456  Num correct: 2331  Precision @ 1: 0.6745  AUC @ 1: 0.7466
Validation Data Eval:
  Num examples: 256  Num correct: 171  Precision @ 1: 0.6680  AUC @ 1: 0.7189
Test Data Eval:
  Num examples: 512  Num correct: 329  Precision @ 1: 0.6426  AUC @ 1: 0.7380
Step 8800: loss = 0.6640 (0.010 sec)
Training Data Eval:
  Num examples: 3456  Num correct: 2357  Precision @ 1: 0.6820  AUC @ 1: 0.7550
Validation Data Eval:
  Num examples: 256  Num correct: 170  Precision @ 1: 0.6641  AUC @ 1: 0.7233
Test Data Eval:
  Num examples: 512  Num correct: 333  Precision @ 1: 0.6504  AUC @ 1: 0.7432
Step 9000: loss = 0.5910 (0.010 sec)
Training Data Eval:
  Num examples: 3456  Num correct: 2368  Precision @ 1: 0.6852  AUC @ 1: 0.7534
Validation Data Eval:
  Num examples: 256  Num correct: 171  Precision @ 1: 0.6680  AUC @ 1: 0.7274
Test Data Eval:
  Num examples: 512  Num correct: 334  Precision @ 1: 0.6523  AUC @ 1: 0.7492
Step 9200: loss = 0.6227 (0.010 sec)
Training Data Eval:
  Num examples: 3456  Num correct: 2374  Precision @ 1: 0.6869  AUC @ 1: 0.7559
Validation Data Eval:
  Num examples: 256  Num correct: 174  Precision @ 1: 0.6797  AUC @ 1: 0.7303
Test Data Eval:
  Num examples: 512  Num correct: 332  Precision @ 1: 0.6484  AUC @ 1: 0.7496
Step 9400: loss = 0.6327 (0.010 sec)
Training Data Eval:
  Num examples: 3456  Num correct: 2388  Precision @ 1: 0.6910  AUC @ 1: 0.7578
Validation Data Eval:
  Num examples: 256  Num correct: 173  Precision @ 1: 0.6758  AUC @ 1: 0.7354
Test Data Eval:
  Num examples: 512  Num correct: 336  Precision @ 1: 0.6562  AUC @ 1: 0.7547
Step 9600: loss = 0.6697 (0.010 sec)
Training Data Eval:
  Num examples: 3456  Num correct: 2386  Precision @ 1: 0.6904  AUC @ 1: 0.7599
Validation Data Eval:
  Num examples: 256  Num correct: 172  Precision @ 1: 0.6719  AUC @ 1: 0.7386
Test Data Eval:
  Num examples: 512  Num correct: 337  Precision @ 1: 0.6582  AUC @ 1: 0.7557
Step 9800: loss = 0.5823 (0.010 sec)
Training Data Eval:
  Num examples: 3456  Num correct: 2423  Precision @ 1: 0.7011  AUC @ 1: 0.7678
Validation Data Eval:
  Num examples: 256  Num correct: 175  Precision @ 1: 0.6836  AUC @ 1: 0.7427
Test Data Eval:
  Num examples: 512  Num correct: 337  Precision @ 1: 0.6582  AUC @ 1: 0.7605
