Training data shape: 	(10000, 64, 64, 1)
Training label shape:	(10000,)
Testing data shape:  	(1910, 64, 64, 1)
Testing label shape: 	(1910,)
max input value is: 153.458
min input value is: -104.189
random permuted training data
==============================================================================
Model: 			inference_local_s_cnn
Tensor Name: 	Placeholder:0
[64, 64, 64, 1]
==============================================================================
Tensor Name: conv0/conv0:0
[64, 60, 64, 2]
==============================================================================
Tensor Name: MaxPool:0
[64, 60, 32, 2]
==============================================================================
Tensor Name: local1/local1:0
[64, 128]
==============================================================================
Tensor Name: local2/local2:0
[64, 128]
==============================================================================
Tensor Name: softmax_linear/softmax_linear:0
[64, 2]
Step 0: loss = 1.9532 (0.028 sec)
Training Data Eval:
  Num examples: 8960  Num correct: 5001  Precision @ 1: 0.5581  AUC @ 1: 0.7339
Validation Data Eval:
  Num examples: 960  Num correct: 517  Precision @ 1: 0.5385  AUC @ 1: 0.7587
Test Data Eval:
  Num examples: 1856  Num correct: 1063  Precision @ 1: 0.5727  AUC @ 1: 0.6733
Step 100: loss = 1.8481 (0.016 sec)
Training Data Eval:
  Num examples: 8960  Num correct: 6745  Precision @ 1: 0.7528  AUC @ 1: 0.8002
Validation Data Eval:
  Num examples: 960  Num correct: 728  Precision @ 1: 0.7583  AUC @ 1: 0.8151
Test Data Eval:
  Num examples: 1856  Num correct: 1317  Precision @ 1: 0.7096  AUC @ 1: 0.7501
Step 200: loss = 1.5406 (0.016 sec)
Training Data Eval:
  Num examples: 8960  Num correct: 6891  Precision @ 1: 0.7691  AUC @ 1: 0.8258
Validation Data Eval:
  Num examples: 960  Num correct: 745  Precision @ 1: 0.7760  AUC @ 1: 0.8269
Test Data Eval:
  Num examples: 1856  Num correct: 1320  Precision @ 1: 0.7112  AUC @ 1: 0.7542
Step 300: loss = 1.4846 (0.016 sec)
Training Data Eval:
  Num examples: 8960  Num correct: 6955  Precision @ 1: 0.7762  AUC @ 1: 0.8457
Validation Data Eval:
  Num examples: 960  Num correct: 739  Precision @ 1: 0.7698  AUC @ 1: 0.8407
Test Data Eval:
  Num examples: 1856  Num correct: 1311  Precision @ 1: 0.7064  AUC @ 1: 0.7598
Step 400: loss = 1.4409 (0.017 sec)
Training Data Eval:
  Num examples: 8960  Num correct: 7030  Precision @ 1: 0.7846  AUC @ 1: 0.8556
Validation Data Eval:
  Num examples: 960  Num correct: 746  Precision @ 1: 0.7771  AUC @ 1: 0.8488
Test Data Eval:
  Num examples: 1856  Num correct: 1334  Precision @ 1: 0.7188  AUC @ 1: 0.7684
Step 500: loss = 1.3675 (0.016 sec)
Training Data Eval:
  Num examples: 8960  Num correct: 7038  Precision @ 1: 0.7855  AUC @ 1: 0.8628
Validation Data Eval:
  Num examples: 960  Num correct: 745  Precision @ 1: 0.7760  AUC @ 1: 0.8552
Test Data Eval:
  Num examples: 1856  Num correct: 1314  Precision @ 1: 0.7080  AUC @ 1: 0.7611
Step 600: loss = 1.2058 (0.016 sec)
Training Data Eval:
  Num examples: 8960  Num correct: 7165  Precision @ 1: 0.7997  AUC @ 1: 0.8829
Validation Data Eval:
  Num examples: 960  Num correct: 756  Precision @ 1: 0.7875  AUC @ 1: 0.8627
Test Data Eval:
  Num examples: 1856  Num correct: 1325  Precision @ 1: 0.7139  AUC @ 1: 0.7590
Step 700: loss = 1.1841 (0.105 sec)
Training Data Eval:
  Num examples: 8960  Num correct: 7279  Precision @ 1: 0.8124  AUC @ 1: 0.8915
Validation Data Eval:
  Num examples: 960  Num correct: 768  Precision @ 1: 0.8000  AUC @ 1: 0.8728
Test Data Eval:
  Num examples: 1856  Num correct: 1329  Precision @ 1: 0.7161  AUC @ 1: 0.7717
Step 800: loss = 1.1369 (0.016 sec)
Training Data Eval:
  Num examples: 8960  Num correct: 6972  Precision @ 1: 0.7781  AUC @ 1: 0.8939
Validation Data Eval:
  Num examples: 960  Num correct: 727  Precision @ 1: 0.7573  AUC @ 1: 0.8688
Test Data Eval:
  Num examples: 1856  Num correct: 1225  Precision @ 1: 0.6600  AUC @ 1: 0.7767
Step 900: loss = 1.1723 (0.017 sec)
Training Data Eval:
  Num examples: 8960  Num correct: 7445  Precision @ 1: 0.8309  AUC @ 1: 0.9074
Validation Data Eval:
  Num examples: 960  Num correct: 763  Precision @ 1: 0.7948  AUC @ 1: 0.8719
Test Data Eval:
  Num examples: 1856  Num correct: 1344  Precision @ 1: 0.7241  AUC @ 1: 0.7706
Step 1000: loss = 0.9461 (0.016 sec)
Training Data Eval:
  Num examples: 8960  Num correct: 7532  Precision @ 1: 0.8406  AUC @ 1: 0.9170
Validation Data Eval:
  Num examples: 960  Num correct: 767  Precision @ 1: 0.7990  AUC @ 1: 0.8798
Test Data Eval:
  Num examples: 1856  Num correct: 1353  Precision @ 1: 0.7290  AUC @ 1: 0.7761
Step 1100: loss = 0.9472 (0.017 sec)
Training Data Eval:
  Num examples: 8960  Num correct: 7493  Precision @ 1: 0.8363  AUC @ 1: 0.9143
Validation Data Eval:
  Num examples: 960  Num correct: 757  Precision @ 1: 0.7885  AUC @ 1: 0.8697
Test Data Eval:
  Num examples: 1856  Num correct: 1366  Precision @ 1: 0.7360  AUC @ 1: 0.7801
Step 1200: loss = 0.8398 (0.017 sec)
Training Data Eval:
  Num examples: 8960  Num correct: 7702  Precision @ 1: 0.8596  AUC @ 1: 0.9322
Validation Data Eval:
  Num examples: 960  Num correct: 767  Precision @ 1: 0.7990  AUC @ 1: 0.8758
Test Data Eval:
  Num examples: 1856  Num correct: 1339  Precision @ 1: 0.7214  AUC @ 1: 0.7766
Step 1300: loss = 0.7809 (0.016 sec)
Training Data Eval:
  Num examples: 8960  Num correct: 7647  Precision @ 1: 0.8535  AUC @ 1: 0.9432
Validation Data Eval:
  Num examples: 960  Num correct: 757  Precision @ 1: 0.7885  AUC @ 1: 0.8749
Test Data Eval:
  Num examples: 1856  Num correct: 1335  Precision @ 1: 0.7193  AUC @ 1: 0.7744
Step 1400: loss = 0.7981 (0.100 sec)
Training Data Eval:
  Num examples: 8960  Num correct: 7921  Precision @ 1: 0.8840  AUC @ 1: 0.9519
Validation Data Eval:
  Num examples: 960  Num correct: 776  Precision @ 1: 0.8083  AUC @ 1: 0.8786
Test Data Eval:
  Num examples: 1856  Num correct: 1315  Precision @ 1: 0.7085  AUC @ 1: 0.7648
Step 1500: loss = 0.7586 (0.016 sec)
Training Data Eval:
  Num examples: 8960  Num correct: 7791  Precision @ 1: 0.8695  AUC @ 1: 0.9538
Validation Data Eval:
  Num examples: 960  Num correct: 764  Precision @ 1: 0.7958  AUC @ 1: 0.8742
Test Data Eval:
  Num examples: 1856  Num correct: 1323  Precision @ 1: 0.7128  AUC @ 1: 0.7716
Step 1600: loss = 0.8314 (0.017 sec)
Training Data Eval:
  Num examples: 8960  Num correct: 8066  Precision @ 1: 0.9002  AUC @ 1: 0.9634
Validation Data Eval:
  Num examples: 960  Num correct: 767  Precision @ 1: 0.7990  AUC @ 1: 0.8775
Test Data Eval:
  Num examples: 1856  Num correct: 1293  Precision @ 1: 0.6967  AUC @ 1: 0.7623
Step 1700: loss = 0.7406 (0.017 sec)
Training Data Eval:
  Num examples: 8960  Num correct: 7768  Precision @ 1: 0.8670  AUC @ 1: 0.9691
Validation Data Eval:
  Num examples: 960  Num correct: 755  Precision @ 1: 0.7865  AUC @ 1: 0.8760
Test Data Eval:
  Num examples: 1856  Num correct: 1326  Precision @ 1: 0.7144  AUC @ 1: 0.7566
Step 1800: loss = 0.7261 (0.016 sec)
Training Data Eval:
  Num examples: 8960  Num correct: 8085  Precision @ 1: 0.9023  AUC @ 1: 0.9656
Validation Data Eval:
  Num examples: 960  Num correct: 751  Precision @ 1: 0.7823  AUC @ 1: 0.8689
Test Data Eval:
  Num examples: 1856  Num correct: 1280  Precision @ 1: 0.6897  AUC @ 1: 0.7615
Step 1900: loss = 0.6045 (0.017 sec)
Training Data Eval:
  Num examples: 8960  Num correct: 7767  Precision @ 1: 0.8669  AUC @ 1: 0.9724
Validation Data Eval:
  Num examples: 960  Num correct: 750  Precision @ 1: 0.7812  AUC @ 1: 0.8674
Test Data Eval:
  Num examples: 1856  Num correct: 1306  Precision @ 1: 0.7037  AUC @ 1: 0.7546
Step 2000: loss = 0.6956 (0.017 sec)
Training Data Eval:
  Num examples: 8960  Num correct: 8282  Precision @ 1: 0.9243  AUC @ 1: 0.9775
Validation Data Eval:
  Num examples: 960  Num correct: 745  Precision @ 1: 0.7760  AUC @ 1: 0.8658
Test Data Eval:
  Num examples: 1856  Num correct: 1281  Precision @ 1: 0.6902  AUC @ 1: 0.7643
Step 2100: loss = 0.6663 (0.100 sec)
Training Data Eval:
  Num examples: 8960  Num correct: 8227  Precision @ 1: 0.9182  AUC @ 1: 0.9804
Validation Data Eval:
  Num examples: 960  Num correct: 736  Precision @ 1: 0.7667  AUC @ 1: 0.8660
Test Data Eval:
  Num examples: 1856  Num correct: 1200  Precision @ 1: 0.6466  AUC @ 1: 0.7471
Step 2200: loss = 0.4781 (0.017 sec)
Training Data Eval:
  Num examples: 8960  Num correct: 8270  Precision @ 1: 0.9230  AUC @ 1: 0.9817
Validation Data Eval:
  Num examples: 960  Num correct: 734  Precision @ 1: 0.7646  AUC @ 1: 0.8714
Test Data Eval:
  Num examples: 1856  Num correct: 1225  Precision @ 1: 0.6600  AUC @ 1: 0.7621
Step 2300: loss = 0.5151 (0.016 sec)
Training Data Eval:
  Num examples: 8960  Num correct: 8166  Precision @ 1: 0.9114  AUC @ 1: 0.9819
Validation Data Eval:
  Num examples: 960  Num correct: 767  Precision @ 1: 0.7990  AUC @ 1: 0.8615
Test Data Eval:
  Num examples: 1856  Num correct: 1326  Precision @ 1: 0.7144  AUC @ 1: 0.7498
Step 2400: loss = 0.5382 (0.016 sec)
Training Data Eval:
  Num examples: 8960  Num correct: 8348  Precision @ 1: 0.9317  AUC @ 1: 0.9884
Validation Data Eval:
  Num examples: 960  Num correct: 760  Precision @ 1: 0.7917  AUC @ 1: 0.8803
Test Data Eval:
  Num examples: 1856  Num correct: 1293  Precision @ 1: 0.6967  AUC @ 1: 0.7431
Step 2500: loss = 0.4864 (0.016 sec)
Training Data Eval:
  Num examples: 8960  Num correct: 8325  Precision @ 1: 0.9291  AUC @ 1: 0.9895
Validation Data Eval:
  Num examples: 960  Num correct: 763  Precision @ 1: 0.7948  AUC @ 1: 0.8687
Test Data Eval:
  Num examples: 1856  Num correct: 1325  Precision @ 1: 0.7139  AUC @ 1: 0.7540
Step 2600: loss = 0.4741 (0.017 sec)
Training Data Eval:
  Num examples: 8960  Num correct: 8504  Precision @ 1: 0.9491  AUC @ 1: 0.9928
Validation Data Eval:
  Num examples: 960  Num correct: 768  Precision @ 1: 0.8000  AUC @ 1: 0.8756
Test Data Eval:
  Num examples: 1856  Num correct: 1285  Precision @ 1: 0.6923  AUC @ 1: 0.7485
Step 2700: loss = 0.4180 (0.016 sec)
Training Data Eval:
  Num examples: 8960  Num correct: 8560  Precision @ 1: 0.9554  AUC @ 1: 0.9933
Validation Data Eval:
  Num examples: 960  Num correct: 744  Precision @ 1: 0.7750  AUC @ 1: 0.8701
Test Data Eval:
  Num examples: 1856  Num correct: 1246  Precision @ 1: 0.6713  AUC @ 1: 0.7505
Step 2800: loss = 0.5553 (0.098 sec)
Training Data Eval:
  Num examples: 8960  Num correct: 8482  Precision @ 1: 0.9467  AUC @ 1: 0.9917
Validation Data Eval:
  Num examples: 960  Num correct: 775  Precision @ 1: 0.8073  AUC @ 1: 0.8682
Test Data Eval:
  Num examples: 1856  Num correct: 1303  Precision @ 1: 0.7020  AUC @ 1: 0.7595
Step 2900: loss = 0.3857 (0.017 sec)
Training Data Eval:
  Num examples: 8960  Num correct: 8514  Precision @ 1: 0.9502  AUC @ 1: 0.9930
Validation Data Eval:
  Num examples: 960  Num correct: 768  Precision @ 1: 0.8000  AUC @ 1: 0.8719
Test Data Eval:
  Num examples: 1856  Num correct: 1245  Precision @ 1: 0.6708  AUC @ 1: 0.7402
Step 3000: loss = 0.5377 (0.017 sec)
Training Data Eval:
  Num examples: 8960  Num correct: 8612  Precision @ 1: 0.9612  AUC @ 1: 0.9948
Validation Data Eval:
  Num examples: 960  Num correct: 764  Precision @ 1: 0.7958  AUC @ 1: 0.8807
Test Data Eval:
  Num examples: 1856  Num correct: 1259  Precision @ 1: 0.6783  AUC @ 1: 0.7563
Step 3100: loss = 0.4148 (0.017 sec)
Training Data Eval:
  Num examples: 8960  Num correct: 8540  Precision @ 1: 0.9531  AUC @ 1: 0.9944
Validation Data Eval:
  Num examples: 960  Num correct: 765  Precision @ 1: 0.7969  AUC @ 1: 0.8773
Test Data Eval:
  Num examples: 1856  Num correct: 1276  Precision @ 1: 0.6875  AUC @ 1: 0.7533
Step 3200: loss = 0.3857 (0.017 sec)
Training Data Eval:
  Num examples: 8960  Num correct: 8603  Precision @ 1: 0.9602  AUC @ 1: 0.9948
Validation Data Eval:
  Num examples: 960  Num correct: 768  Precision @ 1: 0.8000  AUC @ 1: 0.8820
Test Data Eval:
  Num examples: 1856  Num correct: 1310  Precision @ 1: 0.7058  AUC @ 1: 0.7619
Step 3300: loss = 0.4142 (0.017 sec)
Training Data Eval:
  Num examples: 8960  Num correct: 8500  Precision @ 1: 0.9487  AUC @ 1: 0.9948
Validation Data Eval:
  Num examples: 960  Num correct: 761  Precision @ 1: 0.7927  AUC @ 1: 0.8711
Test Data Eval:
  Num examples: 1856  Num correct: 1283  Precision @ 1: 0.6913  AUC @ 1: 0.7569
Step 3400: loss = 0.5206 (0.016 sec)
Training Data Eval:
  Num examples: 8960  Num correct: 8631  Precision @ 1: 0.9633  AUC @ 1: 0.9961
Validation Data Eval:
  Num examples: 960  Num correct: 773  Precision @ 1: 0.8052  AUC @ 1: 0.8777
Test Data Eval:
  Num examples: 1856  Num correct: 1294  Precision @ 1: 0.6972  AUC @ 1: 0.7620
Step 3500: loss = 0.4274 (0.105 sec)
Training Data Eval:
  Num examples: 8960  Num correct: 8508  Precision @ 1: 0.9496  AUC @ 1: 0.9949
Validation Data Eval:
  Num examples: 960  Num correct: 763  Precision @ 1: 0.7948  AUC @ 1: 0.8748
Test Data Eval:
  Num examples: 1856  Num correct: 1309  Precision @ 1: 0.7053  AUC @ 1: 0.7578
Step 3600: loss = 0.3798 (0.017 sec)
Training Data Eval:
  Num examples: 8960  Num correct: 8622  Precision @ 1: 0.9623  AUC @ 1: 0.9955
Validation Data Eval:
  Num examples: 960  Num correct: 766  Precision @ 1: 0.7979  AUC @ 1: 0.8798
Test Data Eval:
  Num examples: 1856  Num correct: 1265  Precision @ 1: 0.6816  AUC @ 1: 0.7606
Step 3700: loss = 0.4152 (0.016 sec)
Training Data Eval:
  Num examples: 8960  Num correct: 8656  Precision @ 1: 0.9661  AUC @ 1: 0.9957
Validation Data Eval:
  Num examples: 960  Num correct: 758  Precision @ 1: 0.7896  AUC @ 1: 0.8645
Test Data Eval:
  Num examples: 1856  Num correct: 1298  Precision @ 1: 0.6994  AUC @ 1: 0.7601
Step 3800: loss = 0.3462 (0.017 sec)
Training Data Eval:
  Num examples: 8960  Num correct: 8629  Precision @ 1: 0.9631  AUC @ 1: 0.9947
Validation Data Eval:
  Num examples: 960  Num correct: 766  Precision @ 1: 0.7979  AUC @ 1: 0.8773
Test Data Eval:
  Num examples: 1856  Num correct: 1283  Precision @ 1: 0.6913  AUC @ 1: 0.7421
Step 3900: loss = 0.3570 (0.016 sec)
Training Data Eval:
  Num examples: 8960  Num correct: 8609  Precision @ 1: 0.9608  AUC @ 1: 0.9971
Validation Data Eval:
  Num examples: 960  Num correct: 776  Precision @ 1: 0.8083  AUC @ 1: 0.8767
Test Data Eval:
  Num examples: 1856  Num correct: 1284  Precision @ 1: 0.6918  AUC @ 1: 0.7442
Step 4000: loss = 0.3979 (0.017 sec)
Training Data Eval:
  Num examples: 8960  Num correct: 8648  Precision @ 1: 0.9652  AUC @ 1: 0.9967
Validation Data Eval:
  Num examples: 960  Num correct: 769  Precision @ 1: 0.8010  AUC @ 1: 0.8744
Test Data Eval:
  Num examples: 1856  Num correct: 1277  Precision @ 1: 0.6880  AUC @ 1: 0.7485
Step 4100: loss = 0.3770 (0.016 sec)
Training Data Eval:
  Num examples: 8960  Num correct: 8651  Precision @ 1: 0.9655  AUC @ 1: 0.9966
Validation Data Eval:
  Num examples: 960  Num correct: 792  Precision @ 1: 0.8250  AUC @ 1: 0.8844
Test Data Eval:
  Num examples: 1856  Num correct: 1276  Precision @ 1: 0.6875  AUC @ 1: 0.7474
Step 4200: loss = 0.4052 (0.096 sec)
Training Data Eval:
  Num examples: 8960  Num correct: 8510  Precision @ 1: 0.9498  AUC @ 1: 0.9931
Validation Data Eval:
  Num examples: 960  Num correct: 752  Precision @ 1: 0.7833  AUC @ 1: 0.8734
Test Data Eval:
  Num examples: 1856  Num correct: 1227  Precision @ 1: 0.6611  AUC @ 1: 0.7552
Step 4300: loss = 0.3856 (0.017 sec)
Training Data Eval:
  Num examples: 8960  Num correct: 8638  Precision @ 1: 0.9641  AUC @ 1: 0.9960
Validation Data Eval:
  Num examples: 960  Num correct: 768  Precision @ 1: 0.8000  AUC @ 1: 0.8697
Test Data Eval:
  Num examples: 1856  Num correct: 1256  Precision @ 1: 0.6767  AUC @ 1: 0.7477
Step 4400: loss = 0.3613 (0.017 sec)
Training Data Eval:
  Num examples: 8960  Num correct: 8631  Precision @ 1: 0.9633  AUC @ 1: 0.9963
Validation Data Eval:
  Num examples: 960  Num correct: 756  Precision @ 1: 0.7875  AUC @ 1: 0.8643
Test Data Eval:
  Num examples: 1856  Num correct: 1322  Precision @ 1: 0.7123  AUC @ 1: 0.7587
Step 4500: loss = 0.3773 (0.016 sec)
Training Data Eval:
  Num examples: 8960  Num correct: 8672  Precision @ 1: 0.9679  AUC @ 1: 0.9970
Validation Data Eval:
  Num examples: 960  Num correct: 773  Precision @ 1: 0.8052  AUC @ 1: 0.8618
Test Data Eval:
  Num examples: 1856  Num correct: 1285  Precision @ 1: 0.6923  AUC @ 1: 0.7435
Step 4600: loss = 0.4167 (0.017 sec)
Training Data Eval:
  Num examples: 8960  Num correct: 8674  Precision @ 1: 0.9681  AUC @ 1: 0.9970
Validation Data Eval:
  Num examples: 960  Num correct: 751  Precision @ 1: 0.7823  AUC @ 1: 0.8677
Test Data Eval:
  Num examples: 1856  Num correct: 1249  Precision @ 1: 0.6730  AUC @ 1: 0.7477
Step 4700: loss = 0.3956 (0.015 sec)
Training Data Eval:
  Num examples: 8960  Num correct: 8663  Precision @ 1: 0.9669  AUC @ 1: 0.9968
Validation Data Eval:
  Num examples: 960  Num correct: 770  Precision @ 1: 0.8021  AUC @ 1: 0.8715
Test Data Eval:
  Num examples: 1856  Num correct: 1271  Precision @ 1: 0.6848  AUC @ 1: 0.7482
Step 4800: loss = 0.4033 (0.016 sec)
Training Data Eval:
  Num examples: 8960  Num correct: 8598  Precision @ 1: 0.9596  AUC @ 1: 0.9971
Validation Data Eval:
  Num examples: 960  Num correct: 766  Precision @ 1: 0.7979  AUC @ 1: 0.8646
Test Data Eval:
  Num examples: 1856  Num correct: 1302  Precision @ 1: 0.7015  AUC @ 1: 0.7489
Step 4900: loss = 0.5300 (0.099 sec)
Training Data Eval:
  Num examples: 8960  Num correct: 8721  Precision @ 1: 0.9733  AUC @ 1: 0.9975
Validation Data Eval:
  Num examples: 960  Num correct: 756  Precision @ 1: 0.7875  AUC @ 1: 0.8710
Test Data Eval:
  Num examples: 1856  Num correct: 1280  Precision @ 1: 0.6897  AUC @ 1: 0.7659
Step 5000: loss = 0.3961 (0.016 sec)
Training Data Eval:
  Num examples: 8960  Num correct: 8442  Precision @ 1: 0.9422  AUC @ 1: 0.9920
Validation Data Eval:
  Num examples: 960  Num correct: 730  Precision @ 1: 0.7604  AUC @ 1: 0.8671
Test Data Eval:
  Num examples: 1856  Num correct: 1199  Precision @ 1: 0.6460  AUC @ 1: 0.7545
Step 5100: loss = 0.4518 (0.017 sec)
Training Data Eval:
  Num examples: 8960  Num correct: 8697  Precision @ 1: 0.9706  AUC @ 1: 0.9969
Validation Data Eval:
  Num examples: 960  Num correct: 764  Precision @ 1: 0.7958  AUC @ 1: 0.8732
Test Data Eval:
  Num examples: 1856  Num correct: 1270  Precision @ 1: 0.6843  AUC @ 1: 0.7633
Step 5200: loss = 0.3545 (0.017 sec)
Training Data Eval:
  Num examples: 8960  Num correct: 8639  Precision @ 1: 0.9642  AUC @ 1: 0.9970
Validation Data Eval:
  Num examples: 960  Num correct: 758  Precision @ 1: 0.7896  AUC @ 1: 0.8642
Test Data Eval:
  Num examples: 1856  Num correct: 1317  Precision @ 1: 0.7096  AUC @ 1: 0.7586
Step 5300: loss = 0.4919 (0.016 sec)
Training Data Eval:
  Num examples: 8960  Num correct: 8719  Precision @ 1: 0.9731  AUC @ 1: 0.9976
Validation Data Eval:
  Num examples: 960  Num correct: 753  Precision @ 1: 0.7844  AUC @ 1: 0.8739
Test Data Eval:
  Num examples: 1856  Num correct: 1261  Precision @ 1: 0.6794  AUC @ 1: 0.7537
Step 5400: loss = 0.2962 (0.016 sec)
Training Data Eval:
  Num examples: 8960  Num correct: 8586  Precision @ 1: 0.9583  AUC @ 1: 0.9954
Validation Data Eval:
  Num examples: 960  Num correct: 767  Precision @ 1: 0.7990  AUC @ 1: 0.8750
Test Data Eval:
  Num examples: 1856  Num correct: 1316  Precision @ 1: 0.7091  AUC @ 1: 0.7561
Step 5500: loss = 0.3787 (0.016 sec)
Training Data Eval:
  Num examples: 8960  Num correct: 8708  Precision @ 1: 0.9719  AUC @ 1: 0.9978
Validation Data Eval:
  Num examples: 960  Num correct: 769  Precision @ 1: 0.8010  AUC @ 1: 0.8702
Test Data Eval:
  Num examples: 1856  Num correct: 1300  Precision @ 1: 0.7004  AUC @ 1: 0.7612
Step 5600: loss = 0.3134 (0.102 sec)
Training Data Eval:
  Num examples: 8960  Num correct: 8686  Precision @ 1: 0.9694  AUC @ 1: 0.9973
Validation Data Eval:
  Num examples: 960  Num correct: 768  Precision @ 1: 0.8000  AUC @ 1: 0.8742
Test Data Eval:
  Num examples: 1856  Num correct: 1296  Precision @ 1: 0.6983  AUC @ 1: 0.7556
Step 5700: loss = 0.2786 (0.017 sec)
Training Data Eval:
  Num examples: 8960  Num correct: 8627  Precision @ 1: 0.9628  AUC @ 1: 0.9958
Validation Data Eval:
  Num examples: 960  Num correct: 779  Precision @ 1: 0.8115  AUC @ 1: 0.8816
Test Data Eval:
  Num examples: 1856  Num correct: 1294  Precision @ 1: 0.6972  AUC @ 1: 0.7490
Step 5800: loss = 0.4235 (0.017 sec)
Training Data Eval:
  Num examples: 8960  Num correct: 8694  Precision @ 1: 0.9703  AUC @ 1: 0.9975
Validation Data Eval:
  Num examples: 960  Num correct: 778  Precision @ 1: 0.8104  AUC @ 1: 0.8807
Test Data Eval:
  Num examples: 1856  Num correct: 1278  Precision @ 1: 0.6886  AUC @ 1: 0.7576
Step 5900: loss = 0.3358 (0.017 sec)
Training Data Eval:
  Num examples: 8960  Num correct: 8644  Precision @ 1: 0.9647  AUC @ 1: 0.9961
Validation Data Eval:
  Num examples: 960  Num correct: 747  Precision @ 1: 0.7781  AUC @ 1: 0.8654
Test Data Eval:
  Num examples: 1856  Num correct: 1254  Precision @ 1: 0.6756  AUC @ 1: 0.7536
Step 6000: loss = 0.4219 (0.016 sec)
Training Data Eval:
  Num examples: 8960  Num correct: 8699  Precision @ 1: 0.9709  AUC @ 1: 0.9970
Validation Data Eval:
  Num examples: 960  Num correct: 774  Precision @ 1: 0.8063  AUC @ 1: 0.8770
Test Data Eval:
  Num examples: 1856  Num correct: 1309  Precision @ 1: 0.7053  AUC @ 1: 0.7627
Step 6100: loss = 0.3165 (0.016 sec)
Training Data Eval:
  Num examples: 8960  Num correct: 8699  Precision @ 1: 0.9709  AUC @ 1: 0.9970
Validation Data Eval:
  Num examples: 960  Num correct: 779  Precision @ 1: 0.8115  AUC @ 1: 0.8772
Test Data Eval:
  Num examples: 1856  Num correct: 1295  Precision @ 1: 0.6977  AUC @ 1: 0.7696
Step 6200: loss = 0.3373 (0.017 sec)
Training Data Eval:
  Num examples: 8960  Num correct: 8727  Precision @ 1: 0.9740  AUC @ 1: 0.9978
Validation Data Eval:
  Num examples: 960  Num correct: 782  Precision @ 1: 0.8146  AUC @ 1: 0.8743
Test Data Eval:
  Num examples: 1856  Num correct: 1273  Precision @ 1: 0.6859  AUC @ 1: 0.7500
Step 6300: loss = 0.3547 (0.099 sec)
Training Data Eval:
  Num examples: 8960  Num correct: 8676  Precision @ 1: 0.9683  AUC @ 1: 0.9955
Validation Data Eval:
  Num examples: 960  Num correct: 763  Precision @ 1: 0.7948  AUC @ 1: 0.8624
Test Data Eval:
  Num examples: 1856  Num correct: 1273  Precision @ 1: 0.6859  AUC @ 1: 0.7434
Step 6400: loss = 0.3700 (0.017 sec)
Training Data Eval:
  Num examples: 8960  Num correct: 8702  Precision @ 1: 0.9712  AUC @ 1: 0.9975
Validation Data Eval:
  Num examples: 960  Num correct: 767  Precision @ 1: 0.7990  AUC @ 1: 0.8723
Test Data Eval:
  Num examples: 1856  Num correct: 1235  Precision @ 1: 0.6654  AUC @ 1: 0.7485
Step 6500: loss = 0.3146 (0.017 sec)
Training Data Eval:
  Num examples: 8960  Num correct: 8659  Precision @ 1: 0.9664  AUC @ 1: 0.9966
Validation Data Eval:
  Num examples: 960  Num correct: 740  Precision @ 1: 0.7708  AUC @ 1: 0.8632
Test Data Eval:
  Num examples: 1856  Num correct: 1227  Precision @ 1: 0.6611  AUC @ 1: 0.7408
Step 6600: loss = 0.3865 (0.016 sec)
Training Data Eval:
  Num examples: 8960  Num correct: 8701  Precision @ 1: 0.9711  AUC @ 1: 0.9974
Validation Data Eval:
  Num examples: 960  Num correct: 766  Precision @ 1: 0.7979  AUC @ 1: 0.8722
Test Data Eval:
  Num examples: 1856  Num correct: 1325  Precision @ 1: 0.7139  AUC @ 1: 0.7657
Step 6700: loss = 0.3633 (0.017 sec)
Training Data Eval:
  Num examples: 8960  Num correct: 8650  Precision @ 1: 0.9654  AUC @ 1: 0.9972
Validation Data Eval:
  Num examples: 960  Num correct: 788  Precision @ 1: 0.8208  AUC @ 1: 0.8715
Test Data Eval:
  Num examples: 1856  Num correct: 1289  Precision @ 1: 0.6945  AUC @ 1: 0.7451
Step 6800: loss = 0.5284 (0.017 sec)
Training Data Eval:
  Num examples: 8960  Num correct: 8750  Precision @ 1: 0.9766  AUC @ 1: 0.9980
Validation Data Eval:
  Num examples: 960  Num correct: 778  Precision @ 1: 0.8104  AUC @ 1: 0.8751
Test Data Eval:
  Num examples: 1856  Num correct: 1233  Precision @ 1: 0.6643  AUC @ 1: 0.7394
Step 6900: loss = 0.3993 (0.017 sec)
Training Data Eval:
  Num examples: 8960  Num correct: 8631  Precision @ 1: 0.9633  AUC @ 1: 0.9976
Validation Data Eval:
  Num examples: 960  Num correct: 771  Precision @ 1: 0.8031  AUC @ 1: 0.8730
Test Data Eval:
  Num examples: 1856  Num correct: 1319  Precision @ 1: 0.7107  AUC @ 1: 0.7571
Step 7000: loss = 0.4094 (0.100 sec)
Training Data Eval:
  Num examples: 8960  Num correct: 8753  Precision @ 1: 0.9769  AUC @ 1: 0.9978
Validation Data Eval:
  Num examples: 960  Num correct: 766  Precision @ 1: 0.7979  AUC @ 1: 0.8744
Test Data Eval:
  Num examples: 1856  Num correct: 1288  Precision @ 1: 0.6940  AUC @ 1: 0.7619
Step 7100: loss = 0.3066 (0.017 sec)
Training Data Eval:
  Num examples: 8960  Num correct: 8684  Precision @ 1: 0.9692  AUC @ 1: 0.9980
Validation Data Eval:
  Num examples: 960  Num correct: 760  Precision @ 1: 0.7917  AUC @ 1: 0.8719
Test Data Eval:
  Num examples: 1856  Num correct: 1288  Precision @ 1: 0.6940  AUC @ 1: 0.7551
Step 7200: loss = 0.3914 (0.017 sec)
Training Data Eval:
  Num examples: 8960  Num correct: 8675  Precision @ 1: 0.9682  AUC @ 1: 0.9956
Validation Data Eval:
  Num examples: 960  Num correct: 755  Precision @ 1: 0.7865  AUC @ 1: 0.8612
Test Data Eval:
  Num examples: 1856  Num correct: 1259  Precision @ 1: 0.6783  AUC @ 1: 0.7482
Step 7300: loss = 0.3260 (0.017 sec)
Training Data Eval:
  Num examples: 8960  Num correct: 8731  Precision @ 1: 0.9744  AUC @ 1: 0.9982
Validation Data Eval:
  Num examples: 960  Num correct: 753  Precision @ 1: 0.7844  AUC @ 1: 0.8566
Test Data Eval:
  Num examples: 1856  Num correct: 1274  Precision @ 1: 0.6864  AUC @ 1: 0.7465
Step 7400: loss = 0.3609 (0.017 sec)
Training Data Eval:
  Num examples: 8960  Num correct: 8654  Precision @ 1: 0.9658  AUC @ 1: 0.9969
Validation Data Eval:
  Num examples: 960  Num correct: 762  Precision @ 1: 0.7937  AUC @ 1: 0.8717
Test Data Eval:
  Num examples: 1856  Num correct: 1248  Precision @ 1: 0.6724  AUC @ 1: 0.7453
Step 7500: loss = 0.3415 (0.016 sec)
Training Data Eval:
  Num examples: 8960  Num correct: 8690  Precision @ 1: 0.9699  AUC @ 1: 0.9973
Validation Data Eval:
  Num examples: 960  Num correct: 763  Precision @ 1: 0.7948  AUC @ 1: 0.8660
Test Data Eval:
  Num examples: 1856  Num correct: 1253  Precision @ 1: 0.6751  AUC @ 1: 0.7596
Step 7600: loss = 0.3827 (0.016 sec)
Training Data Eval:
  Num examples: 8960  Num correct: 8709  Precision @ 1: 0.9720  AUC @ 1: 0.9974
Validation Data Eval:
  Num examples: 960  Num correct: 764  Precision @ 1: 0.7958  AUC @ 1: 0.8637
Test Data Eval:
  Num examples: 1856  Num correct: 1287  Precision @ 1: 0.6934  AUC @ 1: 0.7594
Step 7700: loss = 0.4444 (0.101 sec)
Training Data Eval:
  Num examples: 8960  Num correct: 8722  Precision @ 1: 0.9734  AUC @ 1: 0.9973
Validation Data Eval:
  Num examples: 960  Num correct: 760  Precision @ 1: 0.7917  AUC @ 1: 0.8654
Test Data Eval:
  Num examples: 1856  Num correct: 1287  Precision @ 1: 0.6934  AUC @ 1: 0.7476
Step 7800: loss = 0.2905 (0.016 sec)
Training Data Eval:
  Num examples: 8960  Num correct: 8762  Precision @ 1: 0.9779  AUC @ 1: 0.9987
Validation Data Eval:
  Num examples: 960  Num correct: 771  Precision @ 1: 0.8031  AUC @ 1: 0.8673
Test Data Eval:
  Num examples: 1856  Num correct: 1278  Precision @ 1: 0.6886  AUC @ 1: 0.7472
Step 7900: loss = 0.3415 (0.017 sec)
Training Data Eval:
  Num examples: 8960  Num correct: 8709  Precision @ 1: 0.9720  AUC @ 1: 0.9975
Validation Data Eval:
  Num examples: 960  Num correct: 783  Precision @ 1: 0.8156  AUC @ 1: 0.8769
Test Data Eval:
  Num examples: 1856  Num correct: 1304  Precision @ 1: 0.7026  AUC @ 1: 0.7564
Step 8000: loss = 0.3443 (0.017 sec)
Training Data Eval:
  Num examples: 8960  Num correct: 8687  Precision @ 1: 0.9695  AUC @ 1: 0.9974
Validation Data Eval:
  Num examples: 960  Num correct: 760  Precision @ 1: 0.7917  AUC @ 1: 0.8617
Test Data Eval:
  Num examples: 1856  Num correct: 1266  Precision @ 1: 0.6821  AUC @ 1: 0.7343
Step 8100: loss = 0.2928 (0.016 sec)
Training Data Eval:
  Num examples: 8960  Num correct: 8622  Precision @ 1: 0.9623  AUC @ 1: 0.9978
Validation Data Eval:
  Num examples: 960  Num correct: 759  Precision @ 1: 0.7906  AUC @ 1: 0.8573
Test Data Eval:
  Num examples: 1856  Num correct: 1313  Precision @ 1: 0.7074  AUC @ 1: 0.7538
Step 8200: loss = 0.4265 (0.017 sec)
Training Data Eval:
  Num examples: 8960  Num correct: 8606  Precision @ 1: 0.9605  AUC @ 1: 0.9946
Validation Data Eval:
  Num examples: 960  Num correct: 762  Precision @ 1: 0.7937  AUC @ 1: 0.8669
Test Data Eval:
  Num examples: 1856  Num correct: 1268  Precision @ 1: 0.6832  AUC @ 1: 0.7382
Step 8300: loss = 0.4271 (0.016 sec)
Training Data Eval:
  Num examples: 8960  Num correct: 8738  Precision @ 1: 0.9752  AUC @ 1: 0.9984
Validation Data Eval:
  Num examples: 960  Num correct: 779  Precision @ 1: 0.8115  AUC @ 1: 0.8707
Test Data Eval:
  Num examples: 1856  Num correct: 1271  Precision @ 1: 0.6848  AUC @ 1: 0.7370
Step 8400: loss = 0.3272 (0.096 sec)
Training Data Eval:
  Num examples: 8960  Num correct: 8727  Precision @ 1: 0.9740  AUC @ 1: 0.9979
Validation Data Eval:
  Num examples: 960  Num correct: 755  Precision @ 1: 0.7865  AUC @ 1: 0.8569
Test Data Eval:
  Num examples: 1856  Num correct: 1277  Precision @ 1: 0.6880  AUC @ 1: 0.7457
Step 8500: loss = 0.3987 (0.016 sec)
Training Data Eval:
  Num examples: 8960  Num correct: 8717  Precision @ 1: 0.9729  AUC @ 1: 0.9979
Validation Data Eval:
  Num examples: 960  Num correct: 771  Precision @ 1: 0.8031  AUC @ 1: 0.8634
Test Data Eval:
  Num examples: 1856  Num correct: 1294  Precision @ 1: 0.6972  AUC @ 1: 0.7385
Step 8600: loss = 0.3703 (0.017 sec)
Training Data Eval:
  Num examples: 8960  Num correct: 8696  Precision @ 1: 0.9705  AUC @ 1: 0.9973
Validation Data Eval:
  Num examples: 960  Num correct: 767  Precision @ 1: 0.7990  AUC @ 1: 0.8704
Test Data Eval:
  Num examples: 1856  Num correct: 1272  Precision @ 1: 0.6853  AUC @ 1: 0.7496
Step 8700: loss = 0.4181 (0.016 sec)
Training Data Eval:
  Num examples: 8960  Num correct: 8755  Precision @ 1: 0.9771  AUC @ 1: 0.9982
Validation Data Eval:
  Num examples: 960  Num correct: 779  Precision @ 1: 0.8115  AUC @ 1: 0.8750
Test Data Eval:
  Num examples: 1856  Num correct: 1291  Precision @ 1: 0.6956  AUC @ 1: 0.7448
Step 8800: loss = 0.3564 (0.017 sec)
Training Data Eval:
  Num examples: 8960  Num correct: 8675  Precision @ 1: 0.9682  AUC @ 1: 0.9980
Validation Data Eval:
  Num examples: 960  Num correct: 765  Precision @ 1: 0.7969  AUC @ 1: 0.8636
Test Data Eval:
  Num examples: 1856  Num correct: 1292  Precision @ 1: 0.6961  AUC @ 1: 0.7446
Step 8900: loss = 0.3319 (0.016 sec)
Training Data Eval:
  Num examples: 8960  Num correct: 8724  Precision @ 1: 0.9737  AUC @ 1: 0.9983
Validation Data Eval:
  Num examples: 960  Num correct: 768  Precision @ 1: 0.8000  AUC @ 1: 0.8733
Test Data Eval:
  Num examples: 1856  Num correct: 1309  Precision @ 1: 0.7053  AUC @ 1: 0.7566
Step 9000: loss = 0.3429 (0.017 sec)
Training Data Eval:
  Num examples: 8960  Num correct: 8718  Precision @ 1: 0.9730  AUC @ 1: 0.9984
Validation Data Eval:
  Num examples: 960  Num correct: 762  Precision @ 1: 0.7937  AUC @ 1: 0.8671
Test Data Eval:
  Num examples: 1856  Num correct: 1287  Precision @ 1: 0.6934  AUC @ 1: 0.7436
Step 9100: loss = 0.4065 (0.099 sec)
Training Data Eval:
  Num examples: 8960  Num correct: 8737  Precision @ 1: 0.9751  AUC @ 1: 0.9982
Validation Data Eval:
  Num examples: 960  Num correct: 773  Precision @ 1: 0.8052  AUC @ 1: 0.8804
Test Data Eval:
  Num examples: 1856  Num correct: 1289  Precision @ 1: 0.6945  AUC @ 1: 0.7491
Step 9200: loss = 0.2747 (0.017 sec)
Training Data Eval:
  Num examples: 8960  Num correct: 8699  Precision @ 1: 0.9709  AUC @ 1: 0.9978
Validation Data Eval:
  Num examples: 960  Num correct: 780  Precision @ 1: 0.8125  AUC @ 1: 0.8695
Test Data Eval:
  Num examples: 1856  Num correct: 1342  Precision @ 1: 0.7231  AUC @ 1: 0.7647
Step 9300: loss = 0.3149 (0.016 sec)
Training Data Eval:
  Num examples: 8960  Num correct: 8666  Precision @ 1: 0.9672  AUC @ 1: 0.9972
Validation Data Eval:
  Num examples: 960  Num correct: 769  Precision @ 1: 0.8010  AUC @ 1: 0.8670
Test Data Eval:
  Num examples: 1856  Num correct: 1320  Precision @ 1: 0.7112  AUC @ 1: 0.7578
Step 9400: loss = 0.3193 (0.017 sec)
Training Data Eval:
  Num examples: 8960  Num correct: 8703  Precision @ 1: 0.9713  AUC @ 1: 0.9969
Validation Data Eval:
  Num examples: 960  Num correct: 759  Precision @ 1: 0.7906  AUC @ 1: 0.8699
Test Data Eval:
  Num examples: 1856  Num correct: 1266  Precision @ 1: 0.6821  AUC @ 1: 0.7551
Step 9500: loss = 0.3811 (0.016 sec)
Training Data Eval:
  Num examples: 8960  Num correct: 8622  Precision @ 1: 0.9623  AUC @ 1: 0.9963
Validation Data Eval:
  Num examples: 960  Num correct: 759  Precision @ 1: 0.7906  AUC @ 1: 0.8591
Test Data Eval:
  Num examples: 1856  Num correct: 1320  Precision @ 1: 0.7112  AUC @ 1: 0.7576
Step 9600: loss = 0.3349 (0.017 sec)
Training Data Eval:
  Num examples: 8960  Num correct: 8696  Precision @ 1: 0.9705  AUC @ 1: 0.9971
Validation Data Eval:
  Num examples: 960  Num correct: 761  Precision @ 1: 0.7927  AUC @ 1: 0.8594
Test Data Eval:
  Num examples: 1856  Num correct: 1234  Precision @ 1: 0.6649  AUC @ 1: 0.7458
Step 9700: loss = 0.3379 (0.016 sec)
Training Data Eval:
  Num examples: 8960  Num correct: 8763  Precision @ 1: 0.9780  AUC @ 1: 0.9986
Validation Data Eval:
  Num examples: 960  Num correct: 764  Precision @ 1: 0.7958  AUC @ 1: 0.8659
Test Data Eval:
  Num examples: 1856  Num correct: 1307  Precision @ 1: 0.7042  AUC @ 1: 0.7484
Step 9800: loss = 0.3100 (0.097 sec)
Training Data Eval:
  Num examples: 8960  Num correct: 8695  Precision @ 1: 0.9704  AUC @ 1: 0.9975
Validation Data Eval:
  Num examples: 960  Num correct: 770  Precision @ 1: 0.8021  AUC @ 1: 0.8612
Test Data Eval:
  Num examples: 1856  Num correct: 1307  Precision @ 1: 0.7042  AUC @ 1: 0.7496
Step 9900: loss = 0.3342 (0.017 sec)
Training Data Eval:
  Num examples: 8960  Num correct: 8698  Precision @ 1: 0.9708  AUC @ 1: 0.9978
Validation Data Eval:
  Num examples: 960  Num correct: 767  Precision @ 1: 0.7990  AUC @ 1: 0.8642
Test Data Eval:
  Num examples: 1856  Num correct: 1317  Precision @ 1: 0.7096  AUC @ 1: 0.7472
