Training data shape: 	(10000, 64, 64, 1)
Training label shape:	(10000,)
Testing data shape:  	(1910, 64, 64, 1)
Testing label shape: 	(1910,)
max input value is: 153.458
min input value is: -104.189
random permuted training data
==============================================================================
Model: 			inference_stcnn
Tensor Name: 	Placeholder:0
[64, 64, 64, 1]
==============================================================================
Tensor Name: conv0/conv0:0
[64, 1, 60, 2]
==============================================================================
Tensor Name: local1/local1:0
[64, 128]
==============================================================================
Tensor Name: local2/local2:0
[64, 128]
==============================================================================
Tensor Name: softmax_linear/softmax_linear:0
[64, 2]
Step 0: loss = 0.7723 (0.032 sec)
Training Data Eval:
  Num examples: 8960  Num correct: 5090  Precision @ 1: 0.5681  AUC @ 1: 0.7080
Validation Data Eval:
  Num examples: 960  Num correct: 539  Precision @ 1: 0.5615  AUC @ 1: 0.6913
Test Data Eval:
  Num examples: 1856  Num correct: 1065  Precision @ 1: 0.5738  AUC @ 1: 0.6103
Step 100: loss = 0.7578 (0.023 sec)
Training Data Eval:
  Num examples: 8960  Num correct: 6670  Precision @ 1: 0.7444  AUC @ 1: 0.7982
Validation Data Eval:
  Num examples: 960  Num correct: 709  Precision @ 1: 0.7385  AUC @ 1: 0.7981
Test Data Eval:
  Num examples: 1856  Num correct: 1268  Precision @ 1: 0.6832  AUC @ 1: 0.7077
Step 200: loss = 0.5078 (0.023 sec)
Training Data Eval:
  Num examples: 8960  Num correct: 6938  Precision @ 1: 0.7743  AUC @ 1: 0.8322
Validation Data Eval:
  Num examples: 960  Num correct: 740  Precision @ 1: 0.7708  AUC @ 1: 0.8293
Test Data Eval:
  Num examples: 1856  Num correct: 1287  Precision @ 1: 0.6934  AUC @ 1: 0.7325
Step 300: loss = 0.5169 (0.023 sec)
Training Data Eval:
  Num examples: 8960  Num correct: 7070  Precision @ 1: 0.7891  AUC @ 1: 0.8491
Validation Data Eval:
  Num examples: 960  Num correct: 754  Precision @ 1: 0.7854  AUC @ 1: 0.8393
Test Data Eval:
  Num examples: 1856  Num correct: 1343  Precision @ 1: 0.7236  AUC @ 1: 0.7725
Step 400: loss = 0.5812 (0.023 sec)
Training Data Eval:
  Num examples: 8960  Num correct: 7029  Precision @ 1: 0.7845  AUC @ 1: 0.8615
Validation Data Eval:
  Num examples: 960  Num correct: 764  Precision @ 1: 0.7958  AUC @ 1: 0.8635
Test Data Eval:
  Num examples: 1856  Num correct: 1323  Precision @ 1: 0.7128  AUC @ 1: 0.7715
Step 500: loss = 0.5924 (0.023 sec)
Training Data Eval:
  Num examples: 8960  Num correct: 7132  Precision @ 1: 0.7960  AUC @ 1: 0.8674
Validation Data Eval:
  Num examples: 960  Num correct: 785  Precision @ 1: 0.8177  AUC @ 1: 0.8644
Test Data Eval:
  Num examples: 1856  Num correct: 1346  Precision @ 1: 0.7252  AUC @ 1: 0.7658
Step 600: loss = 0.4677 (0.023 sec)
Training Data Eval:
  Num examples: 8960  Num correct: 7221  Precision @ 1: 0.8059  AUC @ 1: 0.8727
Validation Data Eval:
  Num examples: 960  Num correct: 764  Precision @ 1: 0.7958  AUC @ 1: 0.8650
Test Data Eval:
  Num examples: 1856  Num correct: 1339  Precision @ 1: 0.7214  AUC @ 1: 0.7576
Step 700: loss = 0.5340 (0.113 sec)
Training Data Eval:
  Num examples: 8960  Num correct: 7286  Precision @ 1: 0.8132  AUC @ 1: 0.8819
Validation Data Eval:
  Num examples: 960  Num correct: 783  Precision @ 1: 0.8156  AUC @ 1: 0.8732
Test Data Eval:
  Num examples: 1856  Num correct: 1365  Precision @ 1: 0.7355  AUC @ 1: 0.7844
Step 800: loss = 0.5096 (0.023 sec)
Training Data Eval:
  Num examples: 8960  Num correct: 7371  Precision @ 1: 0.8227  AUC @ 1: 0.8872
Validation Data Eval:
  Num examples: 960  Num correct: 781  Precision @ 1: 0.8135  AUC @ 1: 0.8746
Test Data Eval:
  Num examples: 1856  Num correct: 1372  Precision @ 1: 0.7392  AUC @ 1: 0.7792
Step 900: loss = 0.4390 (0.022 sec)
Training Data Eval:
  Num examples: 8960  Num correct: 7235  Precision @ 1: 0.8075  AUC @ 1: 0.8783
Validation Data Eval:
  Num examples: 960  Num correct: 774  Precision @ 1: 0.8063  AUC @ 1: 0.8658
Test Data Eval:
  Num examples: 1856  Num correct: 1373  Precision @ 1: 0.7398  AUC @ 1: 0.7811
Step 1000: loss = 0.5715 (0.023 sec)
Training Data Eval:
  Num examples: 8960  Num correct: 7341  Precision @ 1: 0.8193  AUC @ 1: 0.8872
Validation Data Eval:
  Num examples: 960  Num correct: 786  Precision @ 1: 0.8187  AUC @ 1: 0.8716
Test Data Eval:
  Num examples: 1856  Num correct: 1355  Precision @ 1: 0.7301  AUC @ 1: 0.7669
Step 1100: loss = 0.5277 (0.022 sec)
Training Data Eval:
  Num examples: 8960  Num correct: 7333  Precision @ 1: 0.8184  AUC @ 1: 0.8877
Validation Data Eval:
  Num examples: 960  Num correct: 776  Precision @ 1: 0.8083  AUC @ 1: 0.8691
Test Data Eval:
  Num examples: 1856  Num correct: 1354  Precision @ 1: 0.7295  AUC @ 1: 0.7710
Step 1200: loss = 0.4702 (0.023 sec)
Training Data Eval:
  Num examples: 8960  Num correct: 7369  Precision @ 1: 0.8224  AUC @ 1: 0.8929
Validation Data Eval:
  Num examples: 960  Num correct: 784  Precision @ 1: 0.8167  AUC @ 1: 0.8656
Test Data Eval:
  Num examples: 1856  Num correct: 1347  Precision @ 1: 0.7258  AUC @ 1: 0.7694
Step 1300: loss = 0.4853 (0.023 sec)
Training Data Eval:
  Num examples: 8960  Num correct: 7430  Precision @ 1: 0.8292  AUC @ 1: 0.9000
Validation Data Eval:
  Num examples: 960  Num correct: 787  Precision @ 1: 0.8198  AUC @ 1: 0.8767
Test Data Eval:
  Num examples: 1856  Num correct: 1365  Precision @ 1: 0.7355  AUC @ 1: 0.7712
Step 1400: loss = 0.6086 (0.108 sec)
Training Data Eval:
  Num examples: 8960  Num correct: 7417  Precision @ 1: 0.8278  AUC @ 1: 0.9005
Validation Data Eval:
  Num examples: 960  Num correct: 768  Precision @ 1: 0.8000  AUC @ 1: 0.8766
Test Data Eval:
  Num examples: 1856  Num correct: 1329  Precision @ 1: 0.7161  AUC @ 1: 0.7704
Step 1500: loss = 0.3493 (0.024 sec)
Training Data Eval:
  Num examples: 8960  Num correct: 7495  Precision @ 1: 0.8365  AUC @ 1: 0.9031
Validation Data Eval:
  Num examples: 960  Num correct: 779  Precision @ 1: 0.8115  AUC @ 1: 0.8730
Test Data Eval:
  Num examples: 1856  Num correct: 1340  Precision @ 1: 0.7220  AUC @ 1: 0.7625
Step 1600: loss = 0.4643 (0.023 sec)
Training Data Eval:
  Num examples: 8960  Num correct: 7443  Precision @ 1: 0.8307  AUC @ 1: 0.9024
Validation Data Eval:
  Num examples: 960  Num correct: 789  Precision @ 1: 0.8219  AUC @ 1: 0.8750
Test Data Eval:
  Num examples: 1856  Num correct: 1382  Precision @ 1: 0.7446  AUC @ 1: 0.7815
Step 1700: loss = 0.3100 (0.023 sec)
Training Data Eval:
  Num examples: 8960  Num correct: 7541  Precision @ 1: 0.8416  AUC @ 1: 0.9066
Validation Data Eval:
  Num examples: 960  Num correct: 787  Precision @ 1: 0.8198  AUC @ 1: 0.8788
Test Data Eval:
  Num examples: 1856  Num correct: 1370  Precision @ 1: 0.7381  AUC @ 1: 0.7755
Step 1800: loss = 0.4447 (0.023 sec)
Training Data Eval:
  Num examples: 8960  Num correct: 7431  Precision @ 1: 0.8294  AUC @ 1: 0.8998
Validation Data Eval:
  Num examples: 960  Num correct: 773  Precision @ 1: 0.8052  AUC @ 1: 0.8721
Test Data Eval:
  Num examples: 1856  Num correct: 1342  Precision @ 1: 0.7231  AUC @ 1: 0.7586
Step 1900: loss = 0.3152 (0.023 sec)
Training Data Eval:
  Num examples: 8960  Num correct: 7567  Precision @ 1: 0.8445  AUC @ 1: 0.9133
Validation Data Eval:
  Num examples: 960  Num correct: 783  Precision @ 1: 0.8156  AUC @ 1: 0.8780
Test Data Eval:
  Num examples: 1856  Num correct: 1352  Precision @ 1: 0.7284  AUC @ 1: 0.7677
Step 2000: loss = 0.3343 (0.023 sec)
Training Data Eval:
  Num examples: 8960  Num correct: 7493  Precision @ 1: 0.8363  AUC @ 1: 0.9132
Validation Data Eval:
  Num examples: 960  Num correct: 776  Precision @ 1: 0.8083  AUC @ 1: 0.8810
Test Data Eval:
  Num examples: 1856  Num correct: 1356  Precision @ 1: 0.7306  AUC @ 1: 0.7780
Step 2100: loss = 0.4169 (0.108 sec)
Training Data Eval:
  Num examples: 8960  Num correct: 7509  Precision @ 1: 0.8381  AUC @ 1: 0.9116
Validation Data Eval:
  Num examples: 960  Num correct: 780  Precision @ 1: 0.8125  AUC @ 1: 0.8760
Test Data Eval:
  Num examples: 1856  Num correct: 1364  Precision @ 1: 0.7349  AUC @ 1: 0.7718
Step 2200: loss = 0.4693 (0.024 sec)
Training Data Eval:
  Num examples: 8960  Num correct: 7585  Precision @ 1: 0.8465  AUC @ 1: 0.9123
Validation Data Eval:
  Num examples: 960  Num correct: 782  Precision @ 1: 0.8146  AUC @ 1: 0.8733
Test Data Eval:
  Num examples: 1856  Num correct: 1364  Precision @ 1: 0.7349  AUC @ 1: 0.7809
Step 2300: loss = 0.4775 (0.024 sec)
Training Data Eval:
  Num examples: 8960  Num correct: 7482  Precision @ 1: 0.8350  AUC @ 1: 0.9094
Validation Data Eval:
  Num examples: 960  Num correct: 773  Precision @ 1: 0.8052  AUC @ 1: 0.8686
Test Data Eval:
  Num examples: 1856  Num correct: 1360  Precision @ 1: 0.7328  AUC @ 1: 0.7701
Step 2400: loss = 0.6910 (0.024 sec)
Training Data Eval:
  Num examples: 8960  Num correct: 7661  Precision @ 1: 0.8550  AUC @ 1: 0.9182
Validation Data Eval:
  Num examples: 960  Num correct: 776  Precision @ 1: 0.8083  AUC @ 1: 0.8754
Test Data Eval:
  Num examples: 1856  Num correct: 1362  Precision @ 1: 0.7338  AUC @ 1: 0.7675
Step 2500: loss = 0.3003 (0.023 sec)
Training Data Eval:
  Num examples: 8960  Num correct: 7652  Precision @ 1: 0.8540  AUC @ 1: 0.9221
Validation Data Eval:
  Num examples: 960  Num correct: 795  Precision @ 1: 0.8281  AUC @ 1: 0.8810
Test Data Eval:
  Num examples: 1856  Num correct: 1370  Precision @ 1: 0.7381  AUC @ 1: 0.7741
Step 2600: loss = 0.5331 (0.023 sec)
Training Data Eval:
  Num examples: 8960  Num correct: 7642  Precision @ 1: 0.8529  AUC @ 1: 0.9197
Validation Data Eval:
  Num examples: 960  Num correct: 792  Precision @ 1: 0.8250  AUC @ 1: 0.8814
Test Data Eval:
  Num examples: 1856  Num correct: 1367  Precision @ 1: 0.7365  AUC @ 1: 0.7854
Step 2700: loss = 0.4522 (0.023 sec)
Training Data Eval:
  Num examples: 8960  Num correct: 7659  Precision @ 1: 0.8548  AUC @ 1: 0.9214
Validation Data Eval:
  Num examples: 960  Num correct: 783  Precision @ 1: 0.8156  AUC @ 1: 0.8794
Test Data Eval:
  Num examples: 1856  Num correct: 1353  Precision @ 1: 0.7290  AUC @ 1: 0.7696
Step 2800: loss = 0.5160 (0.111 sec)
Training Data Eval:
  Num examples: 8960  Num correct: 7635  Precision @ 1: 0.8521  AUC @ 1: 0.9261
Validation Data Eval:
  Num examples: 960  Num correct: 787  Precision @ 1: 0.8198  AUC @ 1: 0.8755
Test Data Eval:
  Num examples: 1856  Num correct: 1382  Precision @ 1: 0.7446  AUC @ 1: 0.7773
Step 2900: loss = 0.4512 (0.024 sec)
Training Data Eval:
  Num examples: 8960  Num correct: 7569  Precision @ 1: 0.8448  AUC @ 1: 0.9224
Validation Data Eval:
  Num examples: 960  Num correct: 774  Precision @ 1: 0.8063  AUC @ 1: 0.8871
Test Data Eval:
  Num examples: 1856  Num correct: 1354  Precision @ 1: 0.7295  AUC @ 1: 0.7838
Step 3000: loss = 0.3204 (0.023 sec)
Training Data Eval:
  Num examples: 8960  Num correct: 7739  Precision @ 1: 0.8637  AUC @ 1: 0.9260
Validation Data Eval:
  Num examples: 960  Num correct: 792  Precision @ 1: 0.8250  AUC @ 1: 0.8818
Test Data Eval:
  Num examples: 1856  Num correct: 1365  Precision @ 1: 0.7355  AUC @ 1: 0.7759
Step 3100: loss = 0.4136 (0.023 sec)
Training Data Eval:
  Num examples: 8960  Num correct: 7744  Precision @ 1: 0.8643  AUC @ 1: 0.9259
Validation Data Eval:
  Num examples: 960  Num correct: 780  Precision @ 1: 0.8125  AUC @ 1: 0.8751
Test Data Eval:
  Num examples: 1856  Num correct: 1381  Precision @ 1: 0.7441  AUC @ 1: 0.7784
Step 3200: loss = 0.3597 (0.023 sec)
Training Data Eval:
  Num examples: 8960  Num correct: 7690  Precision @ 1: 0.8583  AUC @ 1: 0.9246
Validation Data Eval:
  Num examples: 960  Num correct: 777  Precision @ 1: 0.8094  AUC @ 1: 0.8742
Test Data Eval:
  Num examples: 1856  Num correct: 1372  Precision @ 1: 0.7392  AUC @ 1: 0.7830
Step 3300: loss = 0.3443 (0.023 sec)
Training Data Eval:
  Num examples: 8960  Num correct: 7734  Precision @ 1: 0.8632  AUC @ 1: 0.9260
Validation Data Eval:
  Num examples: 960  Num correct: 780  Precision @ 1: 0.8125  AUC @ 1: 0.8679
Test Data Eval:
  Num examples: 1856  Num correct: 1341  Precision @ 1: 0.7225  AUC @ 1: 0.7629
Step 3400: loss = 0.3954 (0.023 sec)
Training Data Eval:
  Num examples: 8960  Num correct: 7815  Precision @ 1: 0.8722  AUC @ 1: 0.9367
Validation Data Eval:
  Num examples: 960  Num correct: 778  Precision @ 1: 0.8104  AUC @ 1: 0.8814
Test Data Eval:
  Num examples: 1856  Num correct: 1376  Precision @ 1: 0.7414  AUC @ 1: 0.7843
Step 3500: loss = 0.4492 (0.108 sec)
Training Data Eval:
  Num examples: 8960  Num correct: 7734  Precision @ 1: 0.8632  AUC @ 1: 0.9365
Validation Data Eval:
  Num examples: 960  Num correct: 777  Precision @ 1: 0.8094  AUC @ 1: 0.8745
Test Data Eval:
  Num examples: 1856  Num correct: 1378  Precision @ 1: 0.7425  AUC @ 1: 0.7798
Step 3600: loss = 0.5121 (0.023 sec)
Training Data Eval:
  Num examples: 8960  Num correct: 7820  Precision @ 1: 0.8728  AUC @ 1: 0.9375
Validation Data Eval:
  Num examples: 960  Num correct: 791  Precision @ 1: 0.8240  AUC @ 1: 0.8791
Test Data Eval:
  Num examples: 1856  Num correct: 1352  Precision @ 1: 0.7284  AUC @ 1: 0.7663
Step 3700: loss = 0.4067 (0.024 sec)
Training Data Eval:
  Num examples: 8960  Num correct: 7778  Precision @ 1: 0.8681  AUC @ 1: 0.9366
Validation Data Eval:
  Num examples: 960  Num correct: 776  Precision @ 1: 0.8083  AUC @ 1: 0.8757
Test Data Eval:
  Num examples: 1856  Num correct: 1347  Precision @ 1: 0.7258  AUC @ 1: 0.7599
Step 3800: loss = 0.2508 (0.023 sec)
Training Data Eval:
  Num examples: 8960  Num correct: 7713  Precision @ 1: 0.8608  AUC @ 1: 0.9386
Validation Data Eval:
  Num examples: 960  Num correct: 772  Precision @ 1: 0.8042  AUC @ 1: 0.8774
Test Data Eval:
  Num examples: 1856  Num correct: 1358  Precision @ 1: 0.7317  AUC @ 1: 0.7715
Step 3900: loss = 0.5028 (0.023 sec)
Training Data Eval:
  Num examples: 8960  Num correct: 7768  Precision @ 1: 0.8670  AUC @ 1: 0.9348
Validation Data Eval:
  Num examples: 960  Num correct: 775  Precision @ 1: 0.8073  AUC @ 1: 0.8755
Test Data Eval:
  Num examples: 1856  Num correct: 1354  Precision @ 1: 0.7295  AUC @ 1: 0.7664
Step 4000: loss = 0.3510 (0.023 sec)
Training Data Eval:
  Num examples: 8960  Num correct: 7812  Precision @ 1: 0.8719  AUC @ 1: 0.9386
Validation Data Eval:
  Num examples: 960  Num correct: 789  Precision @ 1: 0.8219  AUC @ 1: 0.8722
Test Data Eval:
  Num examples: 1856  Num correct: 1362  Precision @ 1: 0.7338  AUC @ 1: 0.7709
Step 4100: loss = 0.4699 (0.023 sec)
Training Data Eval:
  Num examples: 8960  Num correct: 7888  Precision @ 1: 0.8804  AUC @ 1: 0.9447
Validation Data Eval:
  Num examples: 960  Num correct: 768  Precision @ 1: 0.8000  AUC @ 1: 0.8755
Test Data Eval:
  Num examples: 1856  Num correct: 1352  Precision @ 1: 0.7284  AUC @ 1: 0.7731
Step 4200: loss = 0.3373 (0.115 sec)
Training Data Eval:
  Num examples: 8960  Num correct: 7686  Precision @ 1: 0.8578  AUC @ 1: 0.9365
Validation Data Eval:
  Num examples: 960  Num correct: 784  Precision @ 1: 0.8167  AUC @ 1: 0.8727
Test Data Eval:
  Num examples: 1856  Num correct: 1344  Precision @ 1: 0.7241  AUC @ 1: 0.7659
Step 4300: loss = 0.5348 (0.023 sec)
Training Data Eval:
  Num examples: 8960  Num correct: 7848  Precision @ 1: 0.8759  AUC @ 1: 0.9476
Validation Data Eval:
  Num examples: 960  Num correct: 786  Precision @ 1: 0.8187  AUC @ 1: 0.8710
Test Data Eval:
  Num examples: 1856  Num correct: 1383  Precision @ 1: 0.7452  AUC @ 1: 0.7847
Step 4400: loss = 0.4937 (0.023 sec)
Training Data Eval:
  Num examples: 8960  Num correct: 7898  Precision @ 1: 0.8815  AUC @ 1: 0.9468
Validation Data Eval:
  Num examples: 960  Num correct: 783  Precision @ 1: 0.8156  AUC @ 1: 0.8679
Test Data Eval:
  Num examples: 1856  Num correct: 1357  Precision @ 1: 0.7311  AUC @ 1: 0.7704
Step 4500: loss = 0.4311 (0.023 sec)
Training Data Eval:
  Num examples: 8960  Num correct: 7919  Precision @ 1: 0.8838  AUC @ 1: 0.9455
Validation Data Eval:
  Num examples: 960  Num correct: 781  Precision @ 1: 0.8135  AUC @ 1: 0.8697
Test Data Eval:
  Num examples: 1856  Num correct: 1357  Precision @ 1: 0.7311  AUC @ 1: 0.7738
Step 4600: loss = 0.3133 (0.023 sec)
Training Data Eval:
  Num examples: 8960  Num correct: 7962  Precision @ 1: 0.8886  AUC @ 1: 0.9506
Validation Data Eval:
  Num examples: 960  Num correct: 766  Precision @ 1: 0.7979  AUC @ 1: 0.8716
Test Data Eval:
  Num examples: 1856  Num correct: 1354  Precision @ 1: 0.7295  AUC @ 1: 0.7679
Step 4700: loss = 0.5494 (0.024 sec)
Training Data Eval:
  Num examples: 8960  Num correct: 7903  Precision @ 1: 0.8820  AUC @ 1: 0.9489
Validation Data Eval:
  Num examples: 960  Num correct: 780  Precision @ 1: 0.8125  AUC @ 1: 0.8766
Test Data Eval:
  Num examples: 1856  Num correct: 1350  Precision @ 1: 0.7274  AUC @ 1: 0.7755
Step 4800: loss = 0.4447 (0.023 sec)
Training Data Eval:
  Num examples: 8960  Num correct: 7909  Precision @ 1: 0.8827  AUC @ 1: 0.9492
Validation Data Eval:
  Num examples: 960  Num correct: 769  Precision @ 1: 0.8010  AUC @ 1: 0.8640
Test Data Eval:
  Num examples: 1856  Num correct: 1373  Precision @ 1: 0.7398  AUC @ 1: 0.7778
Step 4900: loss = 0.3533 (0.113 sec)
Training Data Eval:
  Num examples: 8960  Num correct: 7892  Precision @ 1: 0.8808  AUC @ 1: 0.9456
Validation Data Eval:
  Num examples: 960  Num correct: 778  Precision @ 1: 0.8104  AUC @ 1: 0.8714
Test Data Eval:
  Num examples: 1856  Num correct: 1339  Precision @ 1: 0.7214  AUC @ 1: 0.7650
Step 5000: loss = 0.4049 (0.023 sec)
Training Data Eval:
  Num examples: 8960  Num correct: 7876  Precision @ 1: 0.8790  AUC @ 1: 0.9440
Validation Data Eval:
  Num examples: 960  Num correct: 773  Precision @ 1: 0.8052  AUC @ 1: 0.8661
Test Data Eval:
  Num examples: 1856  Num correct: 1367  Precision @ 1: 0.7365  AUC @ 1: 0.7688
Step 5100: loss = 0.4294 (0.022 sec)
Training Data Eval:
  Num examples: 8960  Num correct: 7939  Precision @ 1: 0.8860  AUC @ 1: 0.9490
Validation Data Eval:
  Num examples: 960  Num correct: 771  Precision @ 1: 0.8031  AUC @ 1: 0.8652
Test Data Eval:
  Num examples: 1856  Num correct: 1359  Precision @ 1: 0.7322  AUC @ 1: 0.7774
Step 5200: loss = 0.3625 (0.023 sec)
Training Data Eval:
  Num examples: 8960  Num correct: 7917  Precision @ 1: 0.8836  AUC @ 1: 0.9490
Validation Data Eval:
  Num examples: 960  Num correct: 775  Precision @ 1: 0.8073  AUC @ 1: 0.8637
Test Data Eval:
  Num examples: 1856  Num correct: 1337  Precision @ 1: 0.7204  AUC @ 1: 0.7641
Step 5300: loss = 0.3815 (0.023 sec)
Training Data Eval:
  Num examples: 8960  Num correct: 7970  Precision @ 1: 0.8895  AUC @ 1: 0.9512
Validation Data Eval:
  Num examples: 960  Num correct: 781  Precision @ 1: 0.8135  AUC @ 1: 0.8656
Test Data Eval:
  Num examples: 1856  Num correct: 1345  Precision @ 1: 0.7247  AUC @ 1: 0.7702
Step 5400: loss = 0.3683 (0.023 sec)
Training Data Eval:
  Num examples: 8960  Num correct: 7909  Precision @ 1: 0.8827  AUC @ 1: 0.9558
Validation Data Eval:
  Num examples: 960  Num correct: 773  Precision @ 1: 0.8052  AUC @ 1: 0.8609
Test Data Eval:
  Num examples: 1856  Num correct: 1358  Precision @ 1: 0.7317  AUC @ 1: 0.7759
Step 5500: loss = 0.2617 (0.023 sec)
Training Data Eval:
  Num examples: 8960  Num correct: 7868  Precision @ 1: 0.8781  AUC @ 1: 0.9469
Validation Data Eval:
  Num examples: 960  Num correct: 764  Precision @ 1: 0.7958  AUC @ 1: 0.8457
Test Data Eval:
  Num examples: 1856  Num correct: 1355  Precision @ 1: 0.7301  AUC @ 1: 0.7670
Step 5600: loss = 0.3237 (0.112 sec)
Training Data Eval:
  Num examples: 8960  Num correct: 8006  Precision @ 1: 0.8935  AUC @ 1: 0.9571
Validation Data Eval:
  Num examples: 960  Num correct: 767  Precision @ 1: 0.7990  AUC @ 1: 0.8656
Test Data Eval:
  Num examples: 1856  Num correct: 1352  Precision @ 1: 0.7284  AUC @ 1: 0.7690
Step 5700: loss = 0.2881 (0.024 sec)
Training Data Eval:
  Num examples: 8960  Num correct: 8018  Precision @ 1: 0.8949  AUC @ 1: 0.9553
Validation Data Eval:
  Num examples: 960  Num correct: 768  Precision @ 1: 0.8000  AUC @ 1: 0.8669
Test Data Eval:
  Num examples: 1856  Num correct: 1339  Precision @ 1: 0.7214  AUC @ 1: 0.7679
Step 5800: loss = 0.2967 (0.023 sec)
Training Data Eval:
  Num examples: 8960  Num correct: 8092  Precision @ 1: 0.9031  AUC @ 1: 0.9629
Validation Data Eval:
  Num examples: 960  Num correct: 754  Precision @ 1: 0.7854  AUC @ 1: 0.8556
Test Data Eval:
  Num examples: 1856  Num correct: 1334  Precision @ 1: 0.7188  AUC @ 1: 0.7660
Step 5900: loss = 0.3741 (0.023 sec)
Training Data Eval:
  Num examples: 8960  Num correct: 8031  Precision @ 1: 0.8963  AUC @ 1: 0.9568
Validation Data Eval:
  Num examples: 960  Num correct: 755  Precision @ 1: 0.7865  AUC @ 1: 0.8664
Test Data Eval:
  Num examples: 1856  Num correct: 1360  Precision @ 1: 0.7328  AUC @ 1: 0.7679
Step 6000: loss = 0.3039 (0.024 sec)
Training Data Eval:
  Num examples: 8960  Num correct: 7947  Precision @ 1: 0.8869  AUC @ 1: 0.9618
Validation Data Eval:
  Num examples: 960  Num correct: 772  Precision @ 1: 0.8042  AUC @ 1: 0.8583
Test Data Eval:
  Num examples: 1856  Num correct: 1355  Precision @ 1: 0.7301  AUC @ 1: 0.7708
Step 6100: loss = 0.3986 (0.024 sec)
Training Data Eval:
  Num examples: 8960  Num correct: 8049  Precision @ 1: 0.8983  AUC @ 1: 0.9606
Validation Data Eval:
  Num examples: 960  Num correct: 773  Precision @ 1: 0.8052  AUC @ 1: 0.8646
Test Data Eval:
  Num examples: 1856  Num correct: 1366  Precision @ 1: 0.7360  AUC @ 1: 0.7665
Step 6200: loss = 0.3344 (0.023 sec)
Training Data Eval:
  Num examples: 8960  Num correct: 7929  Precision @ 1: 0.8849  AUC @ 1: 0.9600
Validation Data Eval:
  Num examples: 960  Num correct: 772  Precision @ 1: 0.8042  AUC @ 1: 0.8644
Test Data Eval:
  Num examples: 1856  Num correct: 1347  Precision @ 1: 0.7258  AUC @ 1: 0.7583
Step 6300: loss = 0.4977 (0.112 sec)
Training Data Eval:
  Num examples: 8960  Num correct: 7954  Precision @ 1: 0.8877  AUC @ 1: 0.9565
Validation Data Eval:
  Num examples: 960  Num correct: 779  Precision @ 1: 0.8115  AUC @ 1: 0.8580
Test Data Eval:
  Num examples: 1856  Num correct: 1343  Precision @ 1: 0.7236  AUC @ 1: 0.7712
Step 6400: loss = 0.2096 (0.023 sec)
Training Data Eval:
  Num examples: 8960  Num correct: 8117  Precision @ 1: 0.9059  AUC @ 1: 0.9612
Validation Data Eval:
  Num examples: 960  Num correct: 777  Precision @ 1: 0.8094  AUC @ 1: 0.8682
Test Data Eval:
  Num examples: 1856  Num correct: 1340  Precision @ 1: 0.7220  AUC @ 1: 0.7652
Step 6500: loss = 0.3465 (0.023 sec)
Training Data Eval:
  Num examples: 8960  Num correct: 7959  Precision @ 1: 0.8883  AUC @ 1: 0.9551
Validation Data Eval:
  Num examples: 960  Num correct: 763  Precision @ 1: 0.7948  AUC @ 1: 0.8678
Test Data Eval:
  Num examples: 1856  Num correct: 1332  Precision @ 1: 0.7177  AUC @ 1: 0.7731
Step 6600: loss = 0.3152 (0.023 sec)
Training Data Eval:
  Num examples: 8960  Num correct: 8116  Precision @ 1: 0.9058  AUC @ 1: 0.9657
Validation Data Eval:
  Num examples: 960  Num correct: 770  Precision @ 1: 0.8021  AUC @ 1: 0.8695
Test Data Eval:
  Num examples: 1856  Num correct: 1346  Precision @ 1: 0.7252  AUC @ 1: 0.7671
Step 6700: loss = 0.2942 (0.023 sec)
Training Data Eval:
  Num examples: 8960  Num correct: 8066  Precision @ 1: 0.9002  AUC @ 1: 0.9653
Validation Data Eval:
  Num examples: 960  Num correct: 778  Precision @ 1: 0.8104  AUC @ 1: 0.8614
Test Data Eval:
  Num examples: 1856  Num correct: 1357  Precision @ 1: 0.7311  AUC @ 1: 0.7755
Step 6800: loss = 0.3516 (0.023 sec)
Training Data Eval:
  Num examples: 8960  Num correct: 8077  Precision @ 1: 0.9015  AUC @ 1: 0.9628
Validation Data Eval:
  Num examples: 960  Num correct: 763  Precision @ 1: 0.7948  AUC @ 1: 0.8538
Test Data Eval:
  Num examples: 1856  Num correct: 1348  Precision @ 1: 0.7263  AUC @ 1: 0.7707
Step 6900: loss = 0.2638 (0.023 sec)
Training Data Eval:
  Num examples: 8960  Num correct: 8243  Precision @ 1: 0.9200  AUC @ 1: 0.9707
Validation Data Eval:
  Num examples: 960  Num correct: 770  Precision @ 1: 0.8021  AUC @ 1: 0.8594
Test Data Eval:
  Num examples: 1856  Num correct: 1335  Precision @ 1: 0.7193  AUC @ 1: 0.7666
Step 7000: loss = 0.3244 (0.101 sec)
Training Data Eval:
  Num examples: 8960  Num correct: 8072  Precision @ 1: 0.9009  AUC @ 1: 0.9637
Validation Data Eval:
  Num examples: 960  Num correct: 761  Precision @ 1: 0.7927  AUC @ 1: 0.8521
Test Data Eval:
  Num examples: 1856  Num correct: 1347  Precision @ 1: 0.7258  AUC @ 1: 0.7718
Step 7100: loss = 0.4052 (0.024 sec)
Training Data Eval:
  Num examples: 8960  Num correct: 7900  Precision @ 1: 0.8817  AUC @ 1: 0.9585
Validation Data Eval:
  Num examples: 960  Num correct: 759  Precision @ 1: 0.7906  AUC @ 1: 0.8497
Test Data Eval:
  Num examples: 1856  Num correct: 1321  Precision @ 1: 0.7117  AUC @ 1: 0.7571
Step 7200: loss = 0.4161 (0.023 sec)
Training Data Eval:
  Num examples: 8960  Num correct: 8158  Precision @ 1: 0.9105  AUC @ 1: 0.9697
Validation Data Eval:
  Num examples: 960  Num correct: 773  Precision @ 1: 0.8052  AUC @ 1: 0.8555
Test Data Eval:
  Num examples: 1856  Num correct: 1332  Precision @ 1: 0.7177  AUC @ 1: 0.7719
Step 7300: loss = 0.2884 (0.024 sec)
Training Data Eval:
  Num examples: 8960  Num correct: 8104  Precision @ 1: 0.9045  AUC @ 1: 0.9657
Validation Data Eval:
  Num examples: 960  Num correct: 769  Precision @ 1: 0.8010  AUC @ 1: 0.8587
Test Data Eval:
  Num examples: 1856  Num correct: 1344  Precision @ 1: 0.7241  AUC @ 1: 0.7737
Step 7400: loss = 0.2619 (0.023 sec)
Training Data Eval:
  Num examples: 8960  Num correct: 8138  Precision @ 1: 0.9083  AUC @ 1: 0.9691
Validation Data Eval:
  Num examples: 960  Num correct: 759  Precision @ 1: 0.7906  AUC @ 1: 0.8476
Test Data Eval:
  Num examples: 1856  Num correct: 1344  Precision @ 1: 0.7241  AUC @ 1: 0.7637
Step 7500: loss = 0.3653 (0.024 sec)
Training Data Eval:
  Num examples: 8960  Num correct: 8150  Precision @ 1: 0.9096  AUC @ 1: 0.9675
Validation Data Eval:
  Num examples: 960  Num correct: 761  Precision @ 1: 0.7927  AUC @ 1: 0.8555
Test Data Eval:
  Num examples: 1856  Num correct: 1339  Precision @ 1: 0.7214  AUC @ 1: 0.7705
Step 7600: loss = 0.3316 (0.024 sec)
Training Data Eval:
  Num examples: 8960  Num correct: 8108  Precision @ 1: 0.9049  AUC @ 1: 0.9740
Validation Data Eval:
  Num examples: 960  Num correct: 766  Precision @ 1: 0.7979  AUC @ 1: 0.8464
Test Data Eval:
  Num examples: 1856  Num correct: 1333  Precision @ 1: 0.7182  AUC @ 1: 0.7619
Step 7700: loss = 0.2758 (0.106 sec)
Training Data Eval:
  Num examples: 8960  Num correct: 8201  Precision @ 1: 0.9153  AUC @ 1: 0.9701
Validation Data Eval:
  Num examples: 960  Num correct: 762  Precision @ 1: 0.7937  AUC @ 1: 0.8592
Test Data Eval:
  Num examples: 1856  Num correct: 1331  Precision @ 1: 0.7171  AUC @ 1: 0.7642
Step 7800: loss = 0.3131 (0.024 sec)
Training Data Eval:
  Num examples: 8960  Num correct: 8220  Precision @ 1: 0.9174  AUC @ 1: 0.9700
Validation Data Eval:
  Num examples: 960  Num correct: 762  Precision @ 1: 0.7937  AUC @ 1: 0.8514
Test Data Eval:
  Num examples: 1856  Num correct: 1325  Precision @ 1: 0.7139  AUC @ 1: 0.7574
Step 7900: loss = 0.3846 (0.024 sec)
Training Data Eval:
  Num examples: 8960  Num correct: 7971  Precision @ 1: 0.8896  AUC @ 1: 0.9709
Validation Data Eval:
  Num examples: 960  Num correct: 755  Precision @ 1: 0.7865  AUC @ 1: 0.8422
Test Data Eval:
  Num examples: 1856  Num correct: 1340  Precision @ 1: 0.7220  AUC @ 1: 0.7518
Step 8000: loss = 0.3957 (0.023 sec)
Training Data Eval:
  Num examples: 8960  Num correct: 8166  Precision @ 1: 0.9114  AUC @ 1: 0.9678
Validation Data Eval:
  Num examples: 960  Num correct: 758  Precision @ 1: 0.7896  AUC @ 1: 0.8572
Test Data Eval:
  Num examples: 1856  Num correct: 1332  Precision @ 1: 0.7177  AUC @ 1: 0.7622
Step 8100: loss = 0.3593 (0.023 sec)
Training Data Eval:
  Num examples: 8960  Num correct: 8238  Precision @ 1: 0.9194  AUC @ 1: 0.9743
Validation Data Eval:
  Num examples: 960  Num correct: 756  Precision @ 1: 0.7875  AUC @ 1: 0.8536
Test Data Eval:
  Num examples: 1856  Num correct: 1318  Precision @ 1: 0.7101  AUC @ 1: 0.7709
Step 8200: loss = 0.3301 (0.024 sec)
Training Data Eval:
  Num examples: 8960  Num correct: 8140  Precision @ 1: 0.9085  AUC @ 1: 0.9707
Validation Data Eval:
  Num examples: 960  Num correct: 773  Precision @ 1: 0.8052  AUC @ 1: 0.8559
Test Data Eval:
  Num examples: 1856  Num correct: 1375  Precision @ 1: 0.7408  AUC @ 1: 0.7689
Step 8300: loss = 0.2992 (0.023 sec)
Training Data Eval:
  Num examples: 8960  Num correct: 8207  Precision @ 1: 0.9160  AUC @ 1: 0.9734
Validation Data Eval:
  Num examples: 960  Num correct: 770  Precision @ 1: 0.8021  AUC @ 1: 0.8499
Test Data Eval:
  Num examples: 1856  Num correct: 1365  Precision @ 1: 0.7355  AUC @ 1: 0.7630
Step 8400: loss = 0.4604 (0.103 sec)
Training Data Eval:
  Num examples: 8960  Num correct: 8209  Precision @ 1: 0.9162  AUC @ 1: 0.9714
Validation Data Eval:
  Num examples: 960  Num correct: 761  Precision @ 1: 0.7927  AUC @ 1: 0.8569
Test Data Eval:
  Num examples: 1856  Num correct: 1344  Precision @ 1: 0.7241  AUC @ 1: 0.7662
Step 8500: loss = 0.4035 (0.023 sec)
Training Data Eval:
  Num examples: 8960  Num correct: 8223  Precision @ 1: 0.9177  AUC @ 1: 0.9717
Validation Data Eval:
  Num examples: 960  Num correct: 761  Precision @ 1: 0.7927  AUC @ 1: 0.8609
Test Data Eval:
  Num examples: 1856  Num correct: 1337  Precision @ 1: 0.7204  AUC @ 1: 0.7689
Step 8600: loss = 0.2912 (0.024 sec)
Training Data Eval:
  Num examples: 8960  Num correct: 8279  Precision @ 1: 0.9240  AUC @ 1: 0.9740
Validation Data Eval:
  Num examples: 960  Num correct: 769  Precision @ 1: 0.8010  AUC @ 1: 0.8628
Test Data Eval:
  Num examples: 1856  Num correct: 1341  Precision @ 1: 0.7225  AUC @ 1: 0.7647
Step 8700: loss = 0.4130 (0.023 sec)
Training Data Eval:
  Num examples: 8960  Num correct: 8252  Precision @ 1: 0.9210  AUC @ 1: 0.9761
Validation Data Eval:
  Num examples: 960  Num correct: 775  Precision @ 1: 0.8073  AUC @ 1: 0.8611
Test Data Eval:
  Num examples: 1856  Num correct: 1330  Precision @ 1: 0.7166  AUC @ 1: 0.7638
Step 8800: loss = 0.3289 (0.024 sec)
Training Data Eval:
  Num examples: 8960  Num correct: 8101  Precision @ 1: 0.9041  AUC @ 1: 0.9682
Validation Data Eval:
  Num examples: 960  Num correct: 760  Precision @ 1: 0.7917  AUC @ 1: 0.8598
Test Data Eval:
  Num examples: 1856  Num correct: 1281  Precision @ 1: 0.6902  AUC @ 1: 0.7618
Step 8900: loss = 0.3789 (0.023 sec)
Training Data Eval:
  Num examples: 8960  Num correct: 8180  Precision @ 1: 0.9129  AUC @ 1: 0.9705
Validation Data Eval:
  Num examples: 960  Num correct: 772  Precision @ 1: 0.8042  AUC @ 1: 0.8535
Test Data Eval:
  Num examples: 1856  Num correct: 1338  Precision @ 1: 0.7209  AUC @ 1: 0.7656
Step 9000: loss = 0.3165 (0.024 sec)
Training Data Eval:
  Num examples: 8960  Num correct: 8378  Precision @ 1: 0.9350  AUC @ 1: 0.9811
Validation Data Eval:
  Num examples: 960  Num correct: 765  Precision @ 1: 0.7969  AUC @ 1: 0.8587
Test Data Eval:
  Num examples: 1856  Num correct: 1325  Precision @ 1: 0.7139  AUC @ 1: 0.7698
Step 9100: loss = 0.3959 (0.107 sec)
Training Data Eval:
  Num examples: 8960  Num correct: 8286  Precision @ 1: 0.9248  AUC @ 1: 0.9735
Validation Data Eval:
  Num examples: 960  Num correct: 759  Precision @ 1: 0.7906  AUC @ 1: 0.8575
Test Data Eval:
  Num examples: 1856  Num correct: 1334  Precision @ 1: 0.7188  AUC @ 1: 0.7721
Step 9200: loss = 0.4100 (0.023 sec)
Training Data Eval:
  Num examples: 8960  Num correct: 8138  Precision @ 1: 0.9083  AUC @ 1: 0.9698
Validation Data Eval:
  Num examples: 960  Num correct: 768  Precision @ 1: 0.8000  AUC @ 1: 0.8491
Test Data Eval:
  Num examples: 1856  Num correct: 1322  Precision @ 1: 0.7123  AUC @ 1: 0.7666
Step 9300: loss = 0.4499 (0.023 sec)
Training Data Eval:
  Num examples: 8960  Num correct: 8029  Precision @ 1: 0.8961  AUC @ 1: 0.9710
Validation Data Eval:
  Num examples: 960  Num correct: 765  Precision @ 1: 0.7969  AUC @ 1: 0.8553
Test Data Eval:
  Num examples: 1856  Num correct: 1346  Precision @ 1: 0.7252  AUC @ 1: 0.7697
Step 9400: loss = 0.4549 (0.023 sec)
Training Data Eval:
  Num examples: 8960  Num correct: 8241  Precision @ 1: 0.9198  AUC @ 1: 0.9789
Validation Data Eval:
  Num examples: 960  Num correct: 759  Precision @ 1: 0.7906  AUC @ 1: 0.8424
Test Data Eval:
  Num examples: 1856  Num correct: 1338  Precision @ 1: 0.7209  AUC @ 1: 0.7563
Step 9500: loss = 0.3669 (0.023 sec)
Training Data Eval:
  Num examples: 8960  Num correct: 8269  Precision @ 1: 0.9229  AUC @ 1: 0.9765
Validation Data Eval:
  Num examples: 960  Num correct: 769  Precision @ 1: 0.8010  AUC @ 1: 0.8548
Test Data Eval:
  Num examples: 1856  Num correct: 1355  Precision @ 1: 0.7301  AUC @ 1: 0.7736
Step 9600: loss = 0.2686 (0.023 sec)
Training Data Eval:
  Num examples: 8960  Num correct: 8203  Precision @ 1: 0.9155  AUC @ 1: 0.9753
Validation Data Eval:
  Num examples: 960  Num correct: 764  Precision @ 1: 0.7958  AUC @ 1: 0.8459
Test Data Eval:
  Num examples: 1856  Num correct: 1362  Precision @ 1: 0.7338  AUC @ 1: 0.7728
Step 9700: loss = 0.3280 (0.024 sec)
Training Data Eval:
  Num examples: 8960  Num correct: 8258  Precision @ 1: 0.9217  AUC @ 1: 0.9765
Validation Data Eval:
  Num examples: 960  Num correct: 762  Precision @ 1: 0.7937  AUC @ 1: 0.8516
Test Data Eval:
  Num examples: 1856  Num correct: 1340  Precision @ 1: 0.7220  AUC @ 1: 0.7657
Step 9800: loss = 0.3020 (0.110 sec)
Training Data Eval:
  Num examples: 8960  Num correct: 8226  Precision @ 1: 0.9181  AUC @ 1: 0.9753
Validation Data Eval:
  Num examples: 960  Num correct: 771  Precision @ 1: 0.8031  AUC @ 1: 0.8499
Test Data Eval:
  Num examples: 1856  Num correct: 1327  Precision @ 1: 0.7150  AUC @ 1: 0.7623
Step 9900: loss = 0.3104 (0.023 sec)
Training Data Eval:
  Num examples: 8960  Num correct: 8260  Precision @ 1: 0.9219  AUC @ 1: 0.9767
Validation Data Eval:
  Num examples: 960  Num correct: 760  Precision @ 1: 0.7917  AUC @ 1: 0.8462
Test Data Eval:
  Num examples: 1856  Num correct: 1326  Precision @ 1: 0.7144  AUC @ 1: 0.7645
