Training data shape: 	(10000, 64, 64, 1)
Training label shape:	(10000,)
Testing data shape:  	(1910, 64, 64, 1)
Testing label shape: 	(1910,)
max input value is: 153.458
min input value is: -104.189
random permuted training data
==============================================================================
Model: 			inference_global_t_cnn
Tensor Name: 	Placeholder:0
[64, 64, 64, 1]
==============================================================================
Tensor Name: conv1/conv1:0
[64, 64, 1, 64]
==============================================================================
Tensor Name: MaxPool:0
[64, 32, 1, 64]
==============================================================================
Tensor Name: local1/local1:0
[64, 128]
==============================================================================
Tensor Name: local2/local2:0
[64, 128]
==============================================================================
Tensor Name: softmax_linear/softmax_linear:0
[64, 2]
Step 0: loss = 1.3842 (0.027 sec)
Training Data Eval:
  Num examples: 8960  Num correct: 5039  Precision @ 1: 0.5624  AUC @ 1: 0.7723
Validation Data Eval:
  Num examples: 960  Num correct: 542  Precision @ 1: 0.5646  AUC @ 1: 0.7666
Test Data Eval:
  Num examples: 1856  Num correct: 1067  Precision @ 1: 0.5749  AUC @ 1: 0.7090
Step 100: loss = 1.2620 (0.012 sec)
Training Data Eval:
  Num examples: 8960  Num correct: 6690  Precision @ 1: 0.7467  AUC @ 1: 0.8274
Validation Data Eval:
  Num examples: 960  Num correct: 701  Precision @ 1: 0.7302  AUC @ 1: 0.8081
Test Data Eval:
  Num examples: 1856  Num correct: 1231  Precision @ 1: 0.6633  AUC @ 1: 0.7265
Step 200: loss = 1.0401 (0.013 sec)
Training Data Eval:
  Num examples: 8960  Num correct: 7053  Precision @ 1: 0.7872  AUC @ 1: 0.8511
Validation Data Eval:
  Num examples: 960  Num correct: 750  Precision @ 1: 0.7812  AUC @ 1: 0.8488
Test Data Eval:
  Num examples: 1856  Num correct: 1283  Precision @ 1: 0.6913  AUC @ 1: 0.7516
Step 300: loss = 1.1467 (0.012 sec)
Training Data Eval:
  Num examples: 8960  Num correct: 7192  Precision @ 1: 0.8027  AUC @ 1: 0.8783
Validation Data Eval:
  Num examples: 960  Num correct: 769  Precision @ 1: 0.8010  AUC @ 1: 0.8678
Test Data Eval:
  Num examples: 1856  Num correct: 1351  Precision @ 1: 0.7279  AUC @ 1: 0.7723
Step 400: loss = 0.9381 (0.012 sec)
Training Data Eval:
  Num examples: 8960  Num correct: 7272  Precision @ 1: 0.8116  AUC @ 1: 0.8856
Validation Data Eval:
  Num examples: 960  Num correct: 770  Precision @ 1: 0.8021  AUC @ 1: 0.8755
Test Data Eval:
  Num examples: 1856  Num correct: 1323  Precision @ 1: 0.7128  AUC @ 1: 0.7792
Step 500: loss = 0.8031 (0.012 sec)
Training Data Eval:
  Num examples: 8960  Num correct: 7360  Precision @ 1: 0.8214  AUC @ 1: 0.8994
Validation Data Eval:
  Num examples: 960  Num correct: 779  Precision @ 1: 0.8115  AUC @ 1: 0.8723
Test Data Eval:
  Num examples: 1856  Num correct: 1359  Precision @ 1: 0.7322  AUC @ 1: 0.7749
Step 600: loss = 0.8851 (0.012 sec)
Training Data Eval:
  Num examples: 8960  Num correct: 7482  Precision @ 1: 0.8350  AUC @ 1: 0.9108
Validation Data Eval:
  Num examples: 960  Num correct: 790  Precision @ 1: 0.8229  AUC @ 1: 0.8881
Test Data Eval:
  Num examples: 1856  Num correct: 1345  Precision @ 1: 0.7247  AUC @ 1: 0.7807
Step 700: loss = 0.7631 (0.093 sec)
Training Data Eval:
  Num examples: 8960  Num correct: 7448  Precision @ 1: 0.8313  AUC @ 1: 0.9080
Validation Data Eval:
  Num examples: 960  Num correct: 798  Precision @ 1: 0.8313  AUC @ 1: 0.8962
Test Data Eval:
  Num examples: 1856  Num correct: 1342  Precision @ 1: 0.7231  AUC @ 1: 0.7815
Step 800: loss = 0.7751 (0.012 sec)
Training Data Eval:
  Num examples: 8960  Num correct: 7418  Precision @ 1: 0.8279  AUC @ 1: 0.9124
Validation Data Eval:
  Num examples: 960  Num correct: 756  Precision @ 1: 0.7875  AUC @ 1: 0.8830
Test Data Eval:
  Num examples: 1856  Num correct: 1276  Precision @ 1: 0.6875  AUC @ 1: 0.7833
Step 900: loss = 0.6855 (0.012 sec)
Training Data Eval:
  Num examples: 8960  Num correct: 7596  Precision @ 1: 0.8478  AUC @ 1: 0.9228
Validation Data Eval:
  Num examples: 960  Num correct: 796  Precision @ 1: 0.8292  AUC @ 1: 0.8895
Test Data Eval:
  Num examples: 1856  Num correct: 1371  Precision @ 1: 0.7387  AUC @ 1: 0.7847
Step 1000: loss = 0.5859 (0.012 sec)
Training Data Eval:
  Num examples: 8960  Num correct: 7610  Precision @ 1: 0.8493  AUC @ 1: 0.9312
Validation Data Eval:
  Num examples: 960  Num correct: 795  Precision @ 1: 0.8281  AUC @ 1: 0.8923
Test Data Eval:
  Num examples: 1856  Num correct: 1345  Precision @ 1: 0.7247  AUC @ 1: 0.7799
Step 1100: loss = 0.7048 (0.012 sec)
Training Data Eval:
  Num examples: 8960  Num correct: 7746  Precision @ 1: 0.8645  AUC @ 1: 0.9347
Validation Data Eval:
  Num examples: 960  Num correct: 799  Precision @ 1: 0.8323  AUC @ 1: 0.8943
Test Data Eval:
  Num examples: 1856  Num correct: 1289  Precision @ 1: 0.6945  AUC @ 1: 0.7721
Step 1200: loss = 0.5749 (0.013 sec)
Training Data Eval:
  Num examples: 8960  Num correct: 7761  Precision @ 1: 0.8662  AUC @ 1: 0.9376
Validation Data Eval:
  Num examples: 960  Num correct: 792  Precision @ 1: 0.8250  AUC @ 1: 0.8899
Test Data Eval:
  Num examples: 1856  Num correct: 1358  Precision @ 1: 0.7317  AUC @ 1: 0.7812
Step 1300: loss = 0.6140 (0.011 sec)
Training Data Eval:
  Num examples: 8960  Num correct: 7700  Precision @ 1: 0.8594  AUC @ 1: 0.9483
Validation Data Eval:
  Num examples: 960  Num correct: 796  Precision @ 1: 0.8292  AUC @ 1: 0.8973
Test Data Eval:
  Num examples: 1856  Num correct: 1342  Precision @ 1: 0.7231  AUC @ 1: 0.7744
Step 1400: loss = 0.5512 (0.100 sec)
Training Data Eval:
  Num examples: 8960  Num correct: 7818  Precision @ 1: 0.8725  AUC @ 1: 0.9428
Validation Data Eval:
  Num examples: 960  Num correct: 795  Precision @ 1: 0.8281  AUC @ 1: 0.8943
Test Data Eval:
  Num examples: 1856  Num correct: 1338  Precision @ 1: 0.7209  AUC @ 1: 0.7676
Step 1500: loss = 0.4985 (0.012 sec)
Training Data Eval:
  Num examples: 8960  Num correct: 7667  Precision @ 1: 0.8557  AUC @ 1: 0.9469
Validation Data Eval:
  Num examples: 960  Num correct: 796  Precision @ 1: 0.8292  AUC @ 1: 0.8980
Test Data Eval:
  Num examples: 1856  Num correct: 1338  Precision @ 1: 0.7209  AUC @ 1: 0.7773
Step 1600: loss = 0.6407 (0.013 sec)
Training Data Eval:
  Num examples: 8960  Num correct: 7747  Precision @ 1: 0.8646  AUC @ 1: 0.9467
Validation Data Eval:
  Num examples: 960  Num correct: 795  Precision @ 1: 0.8281  AUC @ 1: 0.8864
Test Data Eval:
  Num examples: 1856  Num correct: 1346  Precision @ 1: 0.7252  AUC @ 1: 0.7629
Step 1700: loss = 0.5184 (0.012 sec)
Training Data Eval:
  Num examples: 8960  Num correct: 8065  Precision @ 1: 0.9001  AUC @ 1: 0.9612
Validation Data Eval:
  Num examples: 960  Num correct: 787  Precision @ 1: 0.8198  AUC @ 1: 0.8868
Test Data Eval:
  Num examples: 1856  Num correct: 1290  Precision @ 1: 0.6950  AUC @ 1: 0.7605
Step 1800: loss = 0.4196 (0.012 sec)
Training Data Eval:
  Num examples: 8960  Num correct: 8013  Precision @ 1: 0.8943  AUC @ 1: 0.9583
Validation Data Eval:
  Num examples: 960  Num correct: 771  Precision @ 1: 0.8031  AUC @ 1: 0.8887
Test Data Eval:
  Num examples: 1856  Num correct: 1262  Precision @ 1: 0.6800  AUC @ 1: 0.7861
Step 1900: loss = 0.4667 (0.012 sec)
Training Data Eval:
  Num examples: 8960  Num correct: 8088  Precision @ 1: 0.9027  AUC @ 1: 0.9608
Validation Data Eval:
  Num examples: 960  Num correct: 789  Precision @ 1: 0.8219  AUC @ 1: 0.8962
Test Data Eval:
  Num examples: 1856  Num correct: 1284  Precision @ 1: 0.6918  AUC @ 1: 0.7831
Step 2000: loss = 0.3992 (0.013 sec)
Training Data Eval:
  Num examples: 8960  Num correct: 8223  Precision @ 1: 0.9177  AUC @ 1: 0.9712
Validation Data Eval:
  Num examples: 960  Num correct: 800  Precision @ 1: 0.8333  AUC @ 1: 0.9026
Test Data Eval:
  Num examples: 1856  Num correct: 1302  Precision @ 1: 0.7015  AUC @ 1: 0.7721
Step 2100: loss = 0.4546 (0.108 sec)
Training Data Eval:
  Num examples: 8960  Num correct: 7964  Precision @ 1: 0.8888  AUC @ 1: 0.9710
Validation Data Eval:
  Num examples: 960  Num correct: 792  Precision @ 1: 0.8250  AUC @ 1: 0.8889
Test Data Eval:
  Num examples: 1856  Num correct: 1367  Precision @ 1: 0.7365  AUC @ 1: 0.7775
Step 2200: loss = 0.5153 (0.012 sec)
Training Data Eval:
  Num examples: 8960  Num correct: 8110  Precision @ 1: 0.9051  AUC @ 1: 0.9726
Validation Data Eval:
  Num examples: 960  Num correct: 806  Precision @ 1: 0.8396  AUC @ 1: 0.8964
Test Data Eval:
  Num examples: 1856  Num correct: 1347  Precision @ 1: 0.7258  AUC @ 1: 0.7799
Step 2300: loss = 0.5919 (0.014 sec)
Training Data Eval:
  Num examples: 8960  Num correct: 7968  Precision @ 1: 0.8893  AUC @ 1: 0.9719
Validation Data Eval:
  Num examples: 960  Num correct: 795  Precision @ 1: 0.8281  AUC @ 1: 0.8934
Test Data Eval:
  Num examples: 1856  Num correct: 1349  Precision @ 1: 0.7268  AUC @ 1: 0.7697
Step 2400: loss = 0.4540 (0.012 sec)
Training Data Eval:
  Num examples: 8960  Num correct: 8366  Precision @ 1: 0.9337  AUC @ 1: 0.9814
Validation Data Eval:
  Num examples: 960  Num correct: 790  Precision @ 1: 0.8229  AUC @ 1: 0.9050
Test Data Eval:
  Num examples: 1856  Num correct: 1258  Precision @ 1: 0.6778  AUC @ 1: 0.7741
Step 2500: loss = 0.3545 (0.012 sec)
Training Data Eval:
  Num examples: 8960  Num correct: 8213  Precision @ 1: 0.9166  AUC @ 1: 0.9770
Validation Data Eval:
  Num examples: 960  Num correct: 802  Precision @ 1: 0.8354  AUC @ 1: 0.8962
Test Data Eval:
  Num examples: 1856  Num correct: 1349  Precision @ 1: 0.7268  AUC @ 1: 0.7847
Step 2600: loss = 0.4009 (0.013 sec)
Training Data Eval:
  Num examples: 8960  Num correct: 8321  Precision @ 1: 0.9287  AUC @ 1: 0.9793
Validation Data Eval:
  Num examples: 960  Num correct: 790  Precision @ 1: 0.8229  AUC @ 1: 0.8949
Test Data Eval:
  Num examples: 1856  Num correct: 1324  Precision @ 1: 0.7134  AUC @ 1: 0.7895
Step 2700: loss = 0.3281 (0.012 sec)
Training Data Eval:
  Num examples: 8960  Num correct: 8075  Precision @ 1: 0.9012  AUC @ 1: 0.9830
Validation Data Eval:
  Num examples: 960  Num correct: 796  Precision @ 1: 0.8292  AUC @ 1: 0.8976
Test Data Eval:
  Num examples: 1856  Num correct: 1354  Precision @ 1: 0.7295  AUC @ 1: 0.7590
Step 2800: loss = 0.4420 (0.105 sec)
Training Data Eval:
  Num examples: 8960  Num correct: 8414  Precision @ 1: 0.9391  AUC @ 1: 0.9865
Validation Data Eval:
  Num examples: 960  Num correct: 804  Precision @ 1: 0.8375  AUC @ 1: 0.8938
Test Data Eval:
  Num examples: 1856  Num correct: 1318  Precision @ 1: 0.7101  AUC @ 1: 0.7558
Step 2900: loss = 0.3083 (0.013 sec)
Training Data Eval:
  Num examples: 8960  Num correct: 8440  Precision @ 1: 0.9420  AUC @ 1: 0.9854
Validation Data Eval:
  Num examples: 960  Num correct: 793  Precision @ 1: 0.8260  AUC @ 1: 0.8931
Test Data Eval:
  Num examples: 1856  Num correct: 1278  Precision @ 1: 0.6886  AUC @ 1: 0.7697
Step 3000: loss = 0.3607 (0.013 sec)
Training Data Eval:
  Num examples: 8960  Num correct: 8426  Precision @ 1: 0.9404  AUC @ 1: 0.9888
Validation Data Eval:
  Num examples: 960  Num correct: 772  Precision @ 1: 0.8042  AUC @ 1: 0.8930
Test Data Eval:
  Num examples: 1856  Num correct: 1246  Precision @ 1: 0.6713  AUC @ 1: 0.7698
Step 3100: loss = 0.3895 (0.012 sec)
Training Data Eval:
  Num examples: 8960  Num correct: 8434  Precision @ 1: 0.9413  AUC @ 1: 0.9895
Validation Data Eval:
  Num examples: 960  Num correct: 801  Precision @ 1: 0.8344  AUC @ 1: 0.8860
Test Data Eval:
  Num examples: 1856  Num correct: 1330  Precision @ 1: 0.7166  AUC @ 1: 0.7746
Step 3200: loss = 0.3564 (0.013 sec)
Training Data Eval:
  Num examples: 8960  Num correct: 8428  Precision @ 1: 0.9406  AUC @ 1: 0.9892
Validation Data Eval:
  Num examples: 960  Num correct: 762  Precision @ 1: 0.7937  AUC @ 1: 0.8909
Test Data Eval:
  Num examples: 1856  Num correct: 1275  Precision @ 1: 0.6870  AUC @ 1: 0.7834
Step 3300: loss = 0.2600 (0.013 sec)
Training Data Eval:
  Num examples: 8960  Num correct: 8139  Precision @ 1: 0.9084  AUC @ 1: 0.9904
Validation Data Eval:
  Num examples: 960  Num correct: 794  Precision @ 1: 0.8271  AUC @ 1: 0.8850
Test Data Eval:
  Num examples: 1856  Num correct: 1325  Precision @ 1: 0.7139  AUC @ 1: 0.7689
Step 3400: loss = 0.4182 (0.012 sec)
Training Data Eval:
  Num examples: 8960  Num correct: 8661  Precision @ 1: 0.9666  AUC @ 1: 0.9942
Validation Data Eval:
  Num examples: 960  Num correct: 789  Precision @ 1: 0.8219  AUC @ 1: 0.8868
Test Data Eval:
  Num examples: 1856  Num correct: 1287  Precision @ 1: 0.6934  AUC @ 1: 0.7660
Step 3500: loss = 0.2467 (0.097 sec)
Training Data Eval:
  Num examples: 8960  Num correct: 8550  Precision @ 1: 0.9542  AUC @ 1: 0.9919
Validation Data Eval:
  Num examples: 960  Num correct: 771  Precision @ 1: 0.8031  AUC @ 1: 0.8921
Test Data Eval:
  Num examples: 1856  Num correct: 1250  Precision @ 1: 0.6735  AUC @ 1: 0.7709
Step 3600: loss = 0.2297 (0.012 sec)
Training Data Eval:
  Num examples: 8960  Num correct: 8623  Precision @ 1: 0.9624  AUC @ 1: 0.9940
Validation Data Eval:
  Num examples: 960  Num correct: 773  Precision @ 1: 0.8052  AUC @ 1: 0.8911
Test Data Eval:
  Num examples: 1856  Num correct: 1266  Precision @ 1: 0.6821  AUC @ 1: 0.7804
Step 3700: loss = 0.2439 (0.012 sec)
Training Data Eval:
  Num examples: 8960  Num correct: 8559  Precision @ 1: 0.9552  AUC @ 1: 0.9936
Validation Data Eval:
  Num examples: 960  Num correct: 766  Precision @ 1: 0.7979  AUC @ 1: 0.8927
Test Data Eval:
  Num examples: 1856  Num correct: 1271  Precision @ 1: 0.6848  AUC @ 1: 0.7856
Step 3800: loss = 0.3527 (0.012 sec)
Training Data Eval:
  Num examples: 8960  Num correct: 8664  Precision @ 1: 0.9670  AUC @ 1: 0.9953
Validation Data Eval:
  Num examples: 960  Num correct: 788  Precision @ 1: 0.8208  AUC @ 1: 0.8985
Test Data Eval:
  Num examples: 1856  Num correct: 1280  Precision @ 1: 0.6897  AUC @ 1: 0.7843
Step 3900: loss = 0.3268 (0.012 sec)
Training Data Eval:
  Num examples: 8960  Num correct: 8624  Precision @ 1: 0.9625  AUC @ 1: 0.9944
Validation Data Eval:
  Num examples: 960  Num correct: 790  Precision @ 1: 0.8229  AUC @ 1: 0.8902
Test Data Eval:
  Num examples: 1856  Num correct: 1247  Precision @ 1: 0.6719  AUC @ 1: 0.7695
Step 4000: loss = 0.3035 (0.012 sec)
Training Data Eval:
  Num examples: 8960  Num correct: 8526  Precision @ 1: 0.9516  AUC @ 1: 0.9916
Validation Data Eval:
  Num examples: 960  Num correct: 779  Precision @ 1: 0.8115  AUC @ 1: 0.8917
Test Data Eval:
  Num examples: 1856  Num correct: 1308  Precision @ 1: 0.7047  AUC @ 1: 0.7758
Step 4100: loss = 0.2899 (0.012 sec)
Training Data Eval:
  Num examples: 8960  Num correct: 8669  Precision @ 1: 0.9675  AUC @ 1: 0.9964
Validation Data Eval:
  Num examples: 960  Num correct: 769  Precision @ 1: 0.8010  AUC @ 1: 0.8913
Test Data Eval:
  Num examples: 1856  Num correct: 1250  Precision @ 1: 0.6735  AUC @ 1: 0.7814
Step 4200: loss = 0.3596 (0.096 sec)
Training Data Eval:
  Num examples: 8960  Num correct: 8637  Precision @ 1: 0.9640  AUC @ 1: 0.9954
Validation Data Eval:
  Num examples: 960  Num correct: 773  Precision @ 1: 0.8052  AUC @ 1: 0.8904
Test Data Eval:
  Num examples: 1856  Num correct: 1231  Precision @ 1: 0.6633  AUC @ 1: 0.7510
Step 4300: loss = 0.3217 (0.012 sec)
Training Data Eval:
  Num examples: 8960  Num correct: 8642  Precision @ 1: 0.9645  AUC @ 1: 0.9945
Validation Data Eval:
  Num examples: 960  Num correct: 791  Precision @ 1: 0.8240  AUC @ 1: 0.8905
Test Data Eval:
  Num examples: 1856  Num correct: 1306  Precision @ 1: 0.7037  AUC @ 1: 0.7636
Step 4400: loss = 0.2638 (0.012 sec)
Training Data Eval:
  Num examples: 8960  Num correct: 8766  Precision @ 1: 0.9783  AUC @ 1: 0.9975
Validation Data Eval:
  Num examples: 960  Num correct: 798  Precision @ 1: 0.8313  AUC @ 1: 0.8946
Test Data Eval:
  Num examples: 1856  Num correct: 1298  Precision @ 1: 0.6994  AUC @ 1: 0.7648
Step 4500: loss = 0.3010 (0.012 sec)
Training Data Eval:
  Num examples: 8960  Num correct: 8754  Precision @ 1: 0.9770  AUC @ 1: 0.9976
Validation Data Eval:
  Num examples: 960  Num correct: 779  Precision @ 1: 0.8115  AUC @ 1: 0.8837
Test Data Eval:
  Num examples: 1856  Num correct: 1273  Precision @ 1: 0.6859  AUC @ 1: 0.7579
Step 4600: loss = 0.3039 (0.012 sec)
Training Data Eval:
  Num examples: 8960  Num correct: 8733  Precision @ 1: 0.9747  AUC @ 1: 0.9972
Validation Data Eval:
  Num examples: 960  Num correct: 801  Precision @ 1: 0.8344  AUC @ 1: 0.8925
Test Data Eval:
  Num examples: 1856  Num correct: 1303  Precision @ 1: 0.7020  AUC @ 1: 0.7736
Step 4700: loss = 0.1797 (0.012 sec)
Training Data Eval:
  Num examples: 8960  Num correct: 8774  Precision @ 1: 0.9792  AUC @ 1: 0.9977
Validation Data Eval:
  Num examples: 960  Num correct: 798  Precision @ 1: 0.8313  AUC @ 1: 0.8966
Test Data Eval:
  Num examples: 1856  Num correct: 1301  Precision @ 1: 0.7010  AUC @ 1: 0.7696
Step 4800: loss = 0.3073 (0.012 sec)
Training Data Eval:
  Num examples: 8960  Num correct: 8777  Precision @ 1: 0.9796  AUC @ 1: 0.9966
Validation Data Eval:
  Num examples: 960  Num correct: 780  Precision @ 1: 0.8125  AUC @ 1: 0.8903
Test Data Eval:
  Num examples: 1856  Num correct: 1296  Precision @ 1: 0.6983  AUC @ 1: 0.7722
Step 4900: loss = 0.4756 (0.102 sec)
Training Data Eval:
  Num examples: 8960  Num correct: 8725  Precision @ 1: 0.9738  AUC @ 1: 0.9982
Validation Data Eval:
  Num examples: 960  Num correct: 763  Precision @ 1: 0.7948  AUC @ 1: 0.8914
Test Data Eval:
  Num examples: 1856  Num correct: 1251  Precision @ 1: 0.6740  AUC @ 1: 0.7702
Step 5000: loss = 0.3485 (0.012 sec)
Training Data Eval:
  Num examples: 8960  Num correct: 8744  Precision @ 1: 0.9759  AUC @ 1: 0.9982
Validation Data Eval:
  Num examples: 960  Num correct: 766  Precision @ 1: 0.7979  AUC @ 1: 0.8870
Test Data Eval:
  Num examples: 1856  Num correct: 1225  Precision @ 1: 0.6600  AUC @ 1: 0.7678
Step 5100: loss = 0.3224 (0.012 sec)
Training Data Eval:
  Num examples: 8960  Num correct: 8761  Precision @ 1: 0.9778  AUC @ 1: 0.9977
Validation Data Eval:
  Num examples: 960  Num correct: 790  Precision @ 1: 0.8229  AUC @ 1: 0.8874
Test Data Eval:
  Num examples: 1856  Num correct: 1273  Precision @ 1: 0.6859  AUC @ 1: 0.7511
Step 5200: loss = 0.3041 (0.013 sec)
Training Data Eval:
  Num examples: 8960  Num correct: 8802  Precision @ 1: 0.9824  AUC @ 1: 0.9982
Validation Data Eval:
  Num examples: 960  Num correct: 797  Precision @ 1: 0.8302  AUC @ 1: 0.8887
Test Data Eval:
  Num examples: 1856  Num correct: 1272  Precision @ 1: 0.6853  AUC @ 1: 0.7671
Step 5300: loss = 0.2700 (0.013 sec)
Training Data Eval:
  Num examples: 8960  Num correct: 8808  Precision @ 1: 0.9830  AUC @ 1: 0.9986
Validation Data Eval:
  Num examples: 960  Num correct: 788  Precision @ 1: 0.8208  AUC @ 1: 0.8970
Test Data Eval:
  Num examples: 1856  Num correct: 1263  Precision @ 1: 0.6805  AUC @ 1: 0.7698
Step 5400: loss = 0.2200 (0.012 sec)
Training Data Eval:
  Num examples: 8960  Num correct: 8686  Precision @ 1: 0.9694  AUC @ 1: 0.9969
Validation Data Eval:
  Num examples: 960  Num correct: 790  Precision @ 1: 0.8229  AUC @ 1: 0.8747
Test Data Eval:
  Num examples: 1856  Num correct: 1316  Precision @ 1: 0.7091  AUC @ 1: 0.7643
Step 5500: loss = 0.2202 (0.012 sec)
Training Data Eval:
  Num examples: 8960  Num correct: 8783  Precision @ 1: 0.9802  AUC @ 1: 0.9986
Validation Data Eval:
  Num examples: 960  Num correct: 789  Precision @ 1: 0.8219  AUC @ 1: 0.8845
Test Data Eval:
  Num examples: 1856  Num correct: 1303  Precision @ 1: 0.7020  AUC @ 1: 0.7713
Step 5600: loss = 0.2603 (0.097 sec)
Training Data Eval:
  Num examples: 8960  Num correct: 8802  Precision @ 1: 0.9824  AUC @ 1: 0.9989
Validation Data Eval:
  Num examples: 960  Num correct: 793  Precision @ 1: 0.8260  AUC @ 1: 0.8831
Test Data Eval:
  Num examples: 1856  Num correct: 1308  Precision @ 1: 0.7047  AUC @ 1: 0.7724
Step 5700: loss = 0.2957 (0.012 sec)
Training Data Eval:
  Num examples: 8960  Num correct: 8873  Precision @ 1: 0.9903  AUC @ 1: 0.9994
Validation Data Eval:
  Num examples: 960  Num correct: 798  Precision @ 1: 0.8313  AUC @ 1: 0.8901
Test Data Eval:
  Num examples: 1856  Num correct: 1292  Precision @ 1: 0.6961  AUC @ 1: 0.7670
Step 5800: loss = 0.1885 (0.018 sec)
Training Data Eval:
  Num examples: 8960  Num correct: 8757  Precision @ 1: 0.9773  AUC @ 1: 0.9977
Validation Data Eval:
  Num examples: 960  Num correct: 786  Precision @ 1: 0.8187  AUC @ 1: 0.8906
Test Data Eval:
  Num examples: 1856  Num correct: 1261  Precision @ 1: 0.6794  AUC @ 1: 0.7792
Step 5900: loss = 0.2201 (0.017 sec)
Training Data Eval:
  Num examples: 8960  Num correct: 8493  Precision @ 1: 0.9479  AUC @ 1: 0.9960
Validation Data Eval:
  Num examples: 960  Num correct: 779  Precision @ 1: 0.8115  AUC @ 1: 0.8815
Test Data Eval:
  Num examples: 1856  Num correct: 1341  Precision @ 1: 0.7225  AUC @ 1: 0.7683
Step 6000: loss = 0.3092 (0.012 sec)
Training Data Eval:
  Num examples: 8960  Num correct: 8361  Precision @ 1: 0.9331  AUC @ 1: 0.9962
Validation Data Eval:
  Num examples: 960  Num correct: 777  Precision @ 1: 0.8094  AUC @ 1: 0.8839
Test Data Eval:
  Num examples: 1856  Num correct: 1316  Precision @ 1: 0.7091  AUC @ 1: 0.7516
Step 6100: loss = 0.3492 (0.012 sec)
Training Data Eval:
  Num examples: 8960  Num correct: 8720  Precision @ 1: 0.9732  AUC @ 1: 0.9980
Validation Data Eval:
  Num examples: 960  Num correct: 765  Precision @ 1: 0.7969  AUC @ 1: 0.8952
Test Data Eval:
  Num examples: 1856  Num correct: 1244  Precision @ 1: 0.6703  AUC @ 1: 0.7640
Step 6200: loss = 0.3487 (0.012 sec)
Training Data Eval:
  Num examples: 8960  Num correct: 8736  Precision @ 1: 0.9750  AUC @ 1: 0.9990
Validation Data Eval:
  Num examples: 960  Num correct: 757  Precision @ 1: 0.7885  AUC @ 1: 0.8941
Test Data Eval:
  Num examples: 1856  Num correct: 1219  Precision @ 1: 0.6568  AUC @ 1: 0.7697
Step 6300: loss = 0.3725 (0.100 sec)
Training Data Eval:
  Num examples: 8960  Num correct: 8835  Precision @ 1: 0.9860  AUC @ 1: 0.9994
Validation Data Eval:
  Num examples: 960  Num correct: 788  Precision @ 1: 0.8208  AUC @ 1: 0.8900
Test Data Eval:
  Num examples: 1856  Num correct: 1319  Precision @ 1: 0.7107  AUC @ 1: 0.7753
Step 6400: loss = 0.2138 (0.012 sec)
Training Data Eval:
  Num examples: 8960  Num correct: 8819  Precision @ 1: 0.9843  AUC @ 1: 0.9988
Validation Data Eval:
  Num examples: 960  Num correct: 804  Precision @ 1: 0.8375  AUC @ 1: 0.8930
Test Data Eval:
  Num examples: 1856  Num correct: 1282  Precision @ 1: 0.6907  AUC @ 1: 0.7588
Step 6500: loss = 0.2245 (0.012 sec)
Training Data Eval:
  Num examples: 8960  Num correct: 8791  Precision @ 1: 0.9811  AUC @ 1: 0.9984
Validation Data Eval:
  Num examples: 960  Num correct: 799  Precision @ 1: 0.8323  AUC @ 1: 0.8922
Test Data Eval:
  Num examples: 1856  Num correct: 1294  Precision @ 1: 0.6972  AUC @ 1: 0.7653
Step 6600: loss = 0.2369 (0.019 sec)
Training Data Eval:
  Num examples: 8960  Num correct: 8809  Precision @ 1: 0.9831  AUC @ 1: 0.9990
Validation Data Eval:
  Num examples: 960  Num correct: 796  Precision @ 1: 0.8292  AUC @ 1: 0.8871
Test Data Eval:
  Num examples: 1856  Num correct: 1314  Precision @ 1: 0.7080  AUC @ 1: 0.7660
Step 6700: loss = 0.1894 (0.012 sec)
Training Data Eval:
  Num examples: 8960  Num correct: 8821  Precision @ 1: 0.9845  AUC @ 1: 0.9991
Validation Data Eval:
  Num examples: 960  Num correct: 799  Precision @ 1: 0.8323  AUC @ 1: 0.8904
Test Data Eval:
  Num examples: 1856  Num correct: 1310  Precision @ 1: 0.7058  AUC @ 1: 0.7726
Step 6800: loss = 0.2335 (0.012 sec)
Training Data Eval:
  Num examples: 8960  Num correct: 8807  Precision @ 1: 0.9829  AUC @ 1: 0.9987
Validation Data Eval:
  Num examples: 960  Num correct: 779  Precision @ 1: 0.8115  AUC @ 1: 0.8809
Test Data Eval:
  Num examples: 1856  Num correct: 1235  Precision @ 1: 0.6654  AUC @ 1: 0.7433
Step 6900: loss = 0.2530 (0.014 sec)
Training Data Eval:
  Num examples: 8960  Num correct: 8825  Precision @ 1: 0.9849  AUC @ 1: 0.9992
Validation Data Eval:
  Num examples: 960  Num correct: 782  Precision @ 1: 0.8146  AUC @ 1: 0.8839
Test Data Eval:
  Num examples: 1856  Num correct: 1306  Precision @ 1: 0.7037  AUC @ 1: 0.7664
Step 7000: loss = 0.3019 (0.098 sec)
Training Data Eval:
  Num examples: 8960  Num correct: 8836  Precision @ 1: 0.9862  AUC @ 1: 0.9994
Validation Data Eval:
  Num examples: 960  Num correct: 771  Precision @ 1: 0.8031  AUC @ 1: 0.8741
Test Data Eval:
  Num examples: 1856  Num correct: 1318  Precision @ 1: 0.7101  AUC @ 1: 0.7734
Step 7100: loss = 0.3194 (0.012 sec)
Training Data Eval:
  Num examples: 8960  Num correct: 8845  Precision @ 1: 0.9872  AUC @ 1: 0.9995
Validation Data Eval:
  Num examples: 960  Num correct: 798  Precision @ 1: 0.8313  AUC @ 1: 0.8908
Test Data Eval:
  Num examples: 1856  Num correct: 1307  Precision @ 1: 0.7042  AUC @ 1: 0.7598
Step 7200: loss = 0.1967 (0.012 sec)
Training Data Eval:
  Num examples: 8960  Num correct: 8819  Precision @ 1: 0.9843  AUC @ 1: 0.9990
Validation Data Eval:
  Num examples: 960  Num correct: 785  Precision @ 1: 0.8177  AUC @ 1: 0.8761
Test Data Eval:
  Num examples: 1856  Num correct: 1308  Precision @ 1: 0.7047  AUC @ 1: 0.7583
Step 7300: loss = 0.2235 (0.012 sec)
Training Data Eval:
  Num examples: 8960  Num correct: 8742  Precision @ 1: 0.9757  AUC @ 1: 0.9991
Validation Data Eval:
  Num examples: 960  Num correct: 792  Precision @ 1: 0.8250  AUC @ 1: 0.8809
Test Data Eval:
  Num examples: 1856  Num correct: 1311  Precision @ 1: 0.7064  AUC @ 1: 0.7546
Step 7400: loss = 0.1999 (0.012 sec)
Training Data Eval:
  Num examples: 8960  Num correct: 8855  Precision @ 1: 0.9883  AUC @ 1: 0.9994
Validation Data Eval:
  Num examples: 960  Num correct: 781  Precision @ 1: 0.8135  AUC @ 1: 0.8857
Test Data Eval:
  Num examples: 1856  Num correct: 1281  Precision @ 1: 0.6902  AUC @ 1: 0.7674
Step 7500: loss = 0.2682 (0.012 sec)
Training Data Eval:
  Num examples: 8960  Num correct: 8789  Precision @ 1: 0.9809  AUC @ 1: 0.9988
Validation Data Eval:
  Num examples: 960  Num correct: 793  Precision @ 1: 0.8260  AUC @ 1: 0.8878
Test Data Eval:
  Num examples: 1856  Num correct: 1310  Precision @ 1: 0.7058  AUC @ 1: 0.7749
Step 7600: loss = 0.2344 (0.012 sec)
Training Data Eval:
  Num examples: 8960  Num correct: 8848  Precision @ 1: 0.9875  AUC @ 1: 0.9996
Validation Data Eval:
  Num examples: 960  Num correct: 769  Precision @ 1: 0.8010  AUC @ 1: 0.8821
Test Data Eval:
  Num examples: 1856  Num correct: 1264  Precision @ 1: 0.6810  AUC @ 1: 0.7642
Step 7700: loss = 0.2528 (0.101 sec)
Training Data Eval:
  Num examples: 8960  Num correct: 8734  Precision @ 1: 0.9748  AUC @ 1: 0.9989
Validation Data Eval:
  Num examples: 960  Num correct: 745  Precision @ 1: 0.7760  AUC @ 1: 0.8777
Test Data Eval:
  Num examples: 1856  Num correct: 1218  Precision @ 1: 0.6562  AUC @ 1: 0.7664
Step 7800: loss = 0.3895 (0.013 sec)
Training Data Eval:
  Num examples: 8960  Num correct: 8820  Precision @ 1: 0.9844  AUC @ 1: 0.9993
Validation Data Eval:
  Num examples: 960  Num correct: 788  Precision @ 1: 0.8208  AUC @ 1: 0.8864
Test Data Eval:
  Num examples: 1856  Num correct: 1307  Precision @ 1: 0.7042  AUC @ 1: 0.7581
Step 7900: loss = 0.2346 (0.013 sec)
Training Data Eval:
  Num examples: 8960  Num correct: 8771  Precision @ 1: 0.9789  AUC @ 1: 0.9992
Validation Data Eval:
  Num examples: 960  Num correct: 778  Precision @ 1: 0.8104  AUC @ 1: 0.8735
Test Data Eval:
  Num examples: 1856  Num correct: 1322  Precision @ 1: 0.7123  AUC @ 1: 0.7617
Step 8000: loss = 0.3329 (0.013 sec)
Training Data Eval:
  Num examples: 8960  Num correct: 8841  Precision @ 1: 0.9867  AUC @ 1: 0.9994
Validation Data Eval:
  Num examples: 960  Num correct: 789  Precision @ 1: 0.8219  AUC @ 1: 0.8805
Test Data Eval:
  Num examples: 1856  Num correct: 1301  Precision @ 1: 0.7010  AUC @ 1: 0.7612
Step 8100: loss = 0.2605 (0.012 sec)
Training Data Eval:
  Num examples: 8960  Num correct: 8800  Precision @ 1: 0.9821  AUC @ 1: 0.9984
Validation Data Eval:
  Num examples: 960  Num correct: 798  Precision @ 1: 0.8313  AUC @ 1: 0.8875
Test Data Eval:
  Num examples: 1856  Num correct: 1277  Precision @ 1: 0.6880  AUC @ 1: 0.7642
Step 8200: loss = 0.2227 (0.012 sec)
Training Data Eval:
  Num examples: 8960  Num correct: 8837  Precision @ 1: 0.9863  AUC @ 1: 0.9993
Validation Data Eval:
  Num examples: 960  Num correct: 787  Precision @ 1: 0.8198  AUC @ 1: 0.8843
Test Data Eval:
  Num examples: 1856  Num correct: 1270  Precision @ 1: 0.6843  AUC @ 1: 0.7560
Step 8300: loss = 0.2072 (0.012 sec)
Training Data Eval:
  Num examples: 8960  Num correct: 8877  Precision @ 1: 0.9907  AUC @ 1: 0.9994
Validation Data Eval:
  Num examples: 960  Num correct: 778  Precision @ 1: 0.8104  AUC @ 1: 0.8754
Test Data Eval:
  Num examples: 1856  Num correct: 1290  Precision @ 1: 0.6950  AUC @ 1: 0.7492
Step 8400: loss = 0.2092 (0.085 sec)
Training Data Eval:
  Num examples: 8960  Num correct: 8887  Precision @ 1: 0.9919  AUC @ 1: 0.9996
Validation Data Eval:
  Num examples: 960  Num correct: 780  Precision @ 1: 0.8125  AUC @ 1: 0.8817
Test Data Eval:
  Num examples: 1856  Num correct: 1316  Precision @ 1: 0.7091  AUC @ 1: 0.7847
Step 8500: loss = 0.2206 (0.011 sec)
Training Data Eval:
  Num examples: 8960  Num correct: 8751  Precision @ 1: 0.9767  AUC @ 1: 0.9979
Validation Data Eval:
  Num examples: 960  Num correct: 786  Precision @ 1: 0.8187  AUC @ 1: 0.8753
Test Data Eval:
  Num examples: 1856  Num correct: 1290  Precision @ 1: 0.6950  AUC @ 1: 0.7654
Step 8600: loss = 0.3855 (0.012 sec)
Training Data Eval:
  Num examples: 8960  Num correct: 8788  Precision @ 1: 0.9808  AUC @ 1: 0.9990
Validation Data Eval:
  Num examples: 960  Num correct: 759  Precision @ 1: 0.7906  AUC @ 1: 0.8830
Test Data Eval:
  Num examples: 1856  Num correct: 1224  Precision @ 1: 0.6595  AUC @ 1: 0.7646
Step 8700: loss = 0.2865 (0.014 sec)
Training Data Eval:
  Num examples: 8960  Num correct: 8833  Precision @ 1: 0.9858  AUC @ 1: 0.9992
Validation Data Eval:
  Num examples: 960  Num correct: 789  Precision @ 1: 0.8219  AUC @ 1: 0.8861
Test Data Eval:
  Num examples: 1856  Num correct: 1310  Precision @ 1: 0.7058  AUC @ 1: 0.7666
Step 8800: loss = 0.2129 (0.011 sec)
Training Data Eval:
  Num examples: 8960  Num correct: 8846  Precision @ 1: 0.9873  AUC @ 1: 0.9996
Validation Data Eval:
  Num examples: 960  Num correct: 797  Precision @ 1: 0.8302  AUC @ 1: 0.8838
Test Data Eval:
  Num examples: 1856  Num correct: 1308  Precision @ 1: 0.7047  AUC @ 1: 0.7712
Step 8900: loss = 0.2099 (0.012 sec)
Training Data Eval:
  Num examples: 8960  Num correct: 8831  Precision @ 1: 0.9856  AUC @ 1: 0.9996
Validation Data Eval:
  Num examples: 960  Num correct: 775  Precision @ 1: 0.8073  AUC @ 1: 0.8841
Test Data Eval:
  Num examples: 1856  Num correct: 1203  Precision @ 1: 0.6482  AUC @ 1: 0.7546
Step 9000: loss = 0.2041 (0.012 sec)
Training Data Eval:
  Num examples: 8960  Num correct: 8844  Precision @ 1: 0.9871  AUC @ 1: 0.9992
Validation Data Eval:
  Num examples: 960  Num correct: 779  Precision @ 1: 0.8115  AUC @ 1: 0.8826
Test Data Eval:
  Num examples: 1856  Num correct: 1257  Precision @ 1: 0.6773  AUC @ 1: 0.7642
Step 9100: loss = 0.2552 (0.088 sec)
Training Data Eval:
  Num examples: 8960  Num correct: 8859  Precision @ 1: 0.9887  AUC @ 1: 0.9995
Validation Data Eval:
  Num examples: 960  Num correct: 771  Precision @ 1: 0.8031  AUC @ 1: 0.8809
Test Data Eval:
  Num examples: 1856  Num correct: 1292  Precision @ 1: 0.6961  AUC @ 1: 0.7742
Step 9200: loss = 0.1890 (0.013 sec)
Training Data Eval:
  Num examples: 8960  Num correct: 8716  Precision @ 1: 0.9728  AUC @ 1: 0.9982
Validation Data Eval:
  Num examples: 960  Num correct: 792  Precision @ 1: 0.8250  AUC @ 1: 0.8749
Test Data Eval:
  Num examples: 1856  Num correct: 1326  Precision @ 1: 0.7144  AUC @ 1: 0.7601
Step 9300: loss = 0.2490 (0.011 sec)
Training Data Eval:
  Num examples: 8960  Num correct: 8890  Precision @ 1: 0.9922  AUC @ 1: 0.9996
Validation Data Eval:
  Num examples: 960  Num correct: 795  Precision @ 1: 0.8281  AUC @ 1: 0.8870
Test Data Eval:
  Num examples: 1856  Num correct: 1305  Precision @ 1: 0.7031  AUC @ 1: 0.7681
Step 9400: loss = 0.2472 (0.012 sec)
Training Data Eval:
  Num examples: 8960  Num correct: 8849  Precision @ 1: 0.9876  AUC @ 1: 0.9996
Validation Data Eval:
  Num examples: 960  Num correct: 763  Precision @ 1: 0.7948  AUC @ 1: 0.8861
Test Data Eval:
  Num examples: 1856  Num correct: 1260  Precision @ 1: 0.6789  AUC @ 1: 0.7707
Step 9500: loss = 0.2413 (0.012 sec)
Training Data Eval:
  Num examples: 8960  Num correct: 8876  Precision @ 1: 0.9906  AUC @ 1: 0.9996
Validation Data Eval:
  Num examples: 960  Num correct: 768  Precision @ 1: 0.8000  AUC @ 1: 0.8821
Test Data Eval:
  Num examples: 1856  Num correct: 1230  Precision @ 1: 0.6627  AUC @ 1: 0.7632
Step 9600: loss = 0.2737 (0.012 sec)
Training Data Eval:
  Num examples: 8960  Num correct: 8887  Precision @ 1: 0.9919  AUC @ 1: 0.9997
Validation Data Eval:
  Num examples: 960  Num correct: 788  Precision @ 1: 0.8208  AUC @ 1: 0.8815
Test Data Eval:
  Num examples: 1856  Num correct: 1301  Precision @ 1: 0.7010  AUC @ 1: 0.7651
Step 9700: loss = 0.2516 (0.012 sec)
Training Data Eval:
  Num examples: 8960  Num correct: 8882  Precision @ 1: 0.9913  AUC @ 1: 0.9996
Validation Data Eval:
  Num examples: 960  Num correct: 795  Precision @ 1: 0.8281  AUC @ 1: 0.8813
Test Data Eval:
  Num examples: 1856  Num correct: 1326  Precision @ 1: 0.7144  AUC @ 1: 0.7706
Step 9800: loss = 0.3004 (0.098 sec)
Training Data Eval:
  Num examples: 8960  Num correct: 8902  Precision @ 1: 0.9935  AUC @ 1: 0.9998
Validation Data Eval:
  Num examples: 960  Num correct: 768  Precision @ 1: 0.8000  AUC @ 1: 0.8792
Test Data Eval:
  Num examples: 1856  Num correct: 1250  Precision @ 1: 0.6735  AUC @ 1: 0.7600
Step 9900: loss = 0.2371 (0.012 sec)
Training Data Eval:
  Num examples: 8960  Num correct: 8798  Precision @ 1: 0.9819  AUC @ 1: 0.9994
Validation Data Eval:
  Num examples: 960  Num correct: 758  Precision @ 1: 0.7896  AUC @ 1: 0.8848
Test Data Eval:
  Num examples: 1856  Num correct: 1243  Precision @ 1: 0.6697  AUC @ 1: 0.7652
