Training data shape: 	(3881, 30, 64, 1)
Training label shape:	(3881,)
Testing data shape:  	(454, 30, 64, 1)
Testing label shape: 	(454,)
max input value is: 3457.30786133
min input value is: -4872.94775391
random permuted training data
==============================================================================
Model: 			inference_stcnn
Tensor Name: 	Placeholder:0
[128, 30, 64, 1]
==============================================================================
Tensor Name: conv0/conv0:0
[128, 1, 60, 4]
==============================================================================
Tensor Name: MaxPool:0
[128, 1, 30, 4]
==============================================================================
Tensor Name: conv1/conv1:0
[128, 1, 26, 32]
==============================================================================
Tensor Name: MaxPool_1:0
[128, 1, 13, 32]
==============================================================================
Tensor Name: conv2/conv2:0
[128, 1, 9, 64]
==============================================================================
Tensor Name: MaxPool_2:0
[128, 1, 4, 64]
==============================================================================
Tensor Name: local1/local1:0
[128, 128]
==============================================================================
Tensor Name: local2/local2:0
[128, 128]
==============================================================================
Tensor Name: softmax_linear/softmax_linear:0
[128, 2]
Step 0: loss = 0.8133 (0.033 sec)
Training Data Eval:
  Num examples: 3584  Num correct: 2032  Precision @ 1: 0.5670  AUC @ 1: 0.5925
Validation Data Eval:
  Num examples: 256  Num correct: 133  Precision @ 1: 0.5195  AUC @ 1: 0.6107
Test Data Eval:
  Num examples: 384  Num correct: 187  Precision @ 1: 0.4870  AUC @ 1: 0.6765
Step 200: loss = 0.8110 (0.017 sec)
Training Data Eval:
  Num examples: 3584  Num correct: 2034  Precision @ 1: 0.5675  AUC @ 1: 0.6102
Validation Data Eval:
  Num examples: 256  Num correct: 133  Precision @ 1: 0.5195  AUC @ 1: 0.6169
Test Data Eval:
  Num examples: 384  Num correct: 218  Precision @ 1: 0.5677  AUC @ 1: 0.6872
Step 400: loss = 0.7963 (0.017 sec)
Training Data Eval:
  Num examples: 3584  Num correct: 2024  Precision @ 1: 0.5647  AUC @ 1: 0.6149
Validation Data Eval:
  Num examples: 256  Num correct: 133  Precision @ 1: 0.5195  AUC @ 1: 0.6321
Test Data Eval:
  Num examples: 384  Num correct: 213  Precision @ 1: 0.5547  AUC @ 1: 0.6886
Step 600: loss = 0.7841 (0.016 sec)
Training Data Eval:
  Num examples: 3584  Num correct: 2038  Precision @ 1: 0.5686  AUC @ 1: 0.6118
Validation Data Eval:
  Num examples: 256  Num correct: 133  Precision @ 1: 0.5195  AUC @ 1: 0.6428
Test Data Eval:
  Num examples: 384  Num correct: 213  Precision @ 1: 0.5547  AUC @ 1: 0.6958
Step 800: loss = 0.8070 (0.016 sec)
Training Data Eval:
  Num examples: 3584  Num correct: 2006  Precision @ 1: 0.5597  AUC @ 1: 0.6036
Validation Data Eval:
  Num examples: 256  Num correct: 133  Precision @ 1: 0.5195  AUC @ 1: 0.6447
Test Data Eval:
  Num examples: 384  Num correct: 211  Precision @ 1: 0.5495  AUC @ 1: 0.6887
Step 1000: loss = 0.7902 (0.017 sec)
Training Data Eval:
  Num examples: 3584  Num correct: 2048  Precision @ 1: 0.5714  AUC @ 1: 0.5984
Validation Data Eval:
  Num examples: 256  Num correct: 133  Precision @ 1: 0.5195  AUC @ 1: 0.6430
Test Data Eval:
  Num examples: 384  Num correct: 216  Precision @ 1: 0.5625  AUC @ 1: 0.6854
Step 1200: loss = 0.7930 (0.016 sec)
Training Data Eval:
  Num examples: 3584  Num correct: 2039  Precision @ 1: 0.5689  AUC @ 1: 0.6003
Validation Data Eval:
  Num examples: 256  Num correct: 133  Precision @ 1: 0.5195  AUC @ 1: 0.6428
Test Data Eval:
  Num examples: 384  Num correct: 213  Precision @ 1: 0.5547  AUC @ 1: 0.6846
Step 1400: loss = 0.8031 (0.050 sec)
Training Data Eval:
  Num examples: 3584  Num correct: 2058  Precision @ 1: 0.5742  AUC @ 1: 0.6074
Validation Data Eval:
  Num examples: 256  Num correct: 133  Precision @ 1: 0.5195  AUC @ 1: 0.6463
Test Data Eval:
  Num examples: 384  Num correct: 223  Precision @ 1: 0.5807  AUC @ 1: 0.6800
Step 1600: loss = 0.7878 (0.017 sec)
Training Data Eval:
  Num examples: 3584  Num correct: 2070  Precision @ 1: 0.5776  AUC @ 1: 0.5980
Validation Data Eval:
  Num examples: 256  Num correct: 133  Precision @ 1: 0.5195  AUC @ 1: 0.6488
Test Data Eval:
  Num examples: 384  Num correct: 217  Precision @ 1: 0.5651  AUC @ 1: 0.6844
Step 1800: loss = 0.8029 (0.017 sec)
Training Data Eval:
  Num examples: 3584  Num correct: 2031  Precision @ 1: 0.5667  AUC @ 1: 0.6196
Validation Data Eval:
  Num examples: 256  Num correct: 133  Precision @ 1: 0.5195  AUC @ 1: 0.6539
Test Data Eval:
  Num examples: 384  Num correct: 226  Precision @ 1: 0.5885  AUC @ 1: 0.6982
Step 2000: loss = 0.7836 (0.017 sec)
Training Data Eval:
  Num examples: 3584  Num correct: 2053  Precision @ 1: 0.5728  AUC @ 1: 0.6421
Validation Data Eval:
  Num examples: 256  Num correct: 133  Precision @ 1: 0.5195  AUC @ 1: 0.6513
Test Data Eval:
  Num examples: 384  Num correct: 221  Precision @ 1: 0.5755  AUC @ 1: 0.7333
Step 2200: loss = 0.7426 (0.016 sec)
Training Data Eval:
  Num examples: 3584  Num correct: 2055  Precision @ 1: 0.5734  AUC @ 1: 0.6625
Validation Data Eval:
  Num examples: 256  Num correct: 133  Precision @ 1: 0.5195  AUC @ 1: 0.6812
Test Data Eval:
  Num examples: 384  Num correct: 219  Precision @ 1: 0.5703  AUC @ 1: 0.7321
Step 2400: loss = 0.7595 (0.017 sec)
Training Data Eval:
  Num examples: 3584  Num correct: 2090  Precision @ 1: 0.5831  AUC @ 1: 0.6995
Validation Data Eval:
  Num examples: 256  Num correct: 137  Precision @ 1: 0.5352  AUC @ 1: 0.7040
Test Data Eval:
  Num examples: 384  Num correct: 222  Precision @ 1: 0.5781  AUC @ 1: 0.7439
Step 2600: loss = 0.7208 (0.016 sec)
Training Data Eval:
  Num examples: 3584  Num correct: 2195  Precision @ 1: 0.6124  AUC @ 1: 0.7353
Validation Data Eval:
  Num examples: 256  Num correct: 148  Precision @ 1: 0.5781  AUC @ 1: 0.7430
Test Data Eval:
  Num examples: 384  Num correct: 243  Precision @ 1: 0.6328  AUC @ 1: 0.7753
Step 2800: loss = 0.7255 (0.049 sec)
Training Data Eval:
  Num examples: 3584  Num correct: 2263  Precision @ 1: 0.6314  AUC @ 1: 0.7512
Validation Data Eval:
  Num examples: 256  Num correct: 156  Precision @ 1: 0.6094  AUC @ 1: 0.7590
Test Data Eval:
  Num examples: 384  Num correct: 249  Precision @ 1: 0.6484  AUC @ 1: 0.7598
Step 3000: loss = 0.7305 (0.017 sec)
Training Data Eval:
  Num examples: 3584  Num correct: 2292  Precision @ 1: 0.6395  AUC @ 1: 0.7587
Validation Data Eval:
  Num examples: 256  Num correct: 156  Precision @ 1: 0.6094  AUC @ 1: 0.7629
Test Data Eval:
  Num examples: 384  Num correct: 260  Precision @ 1: 0.6771  AUC @ 1: 0.7925
Step 3200: loss = 0.6928 (0.016 sec)
Training Data Eval:
  Num examples: 3584  Num correct: 2368  Precision @ 1: 0.6607  AUC @ 1: 0.7742
Validation Data Eval:
  Num examples: 256  Num correct: 160  Precision @ 1: 0.6250  AUC @ 1: 0.7660
Test Data Eval:
  Num examples: 384  Num correct: 252  Precision @ 1: 0.6562  AUC @ 1: 0.7629
Step 3400: loss = 0.6680 (0.016 sec)
Training Data Eval:
  Num examples: 3584  Num correct: 2378  Precision @ 1: 0.6635  AUC @ 1: 0.7636
Validation Data Eval:
  Num examples: 256  Num correct: 160  Precision @ 1: 0.6250  AUC @ 1: 0.7694
Test Data Eval:
  Num examples: 384  Num correct: 262  Precision @ 1: 0.6823  AUC @ 1: 0.7738
Step 3600: loss = 0.7154 (0.018 sec)
Training Data Eval:
  Num examples: 3584  Num correct: 2484  Precision @ 1: 0.6931  AUC @ 1: 0.7765
Validation Data Eval:
  Num examples: 256  Num correct: 166  Precision @ 1: 0.6484  AUC @ 1: 0.7623
Test Data Eval:
  Num examples: 384  Num correct: 259  Precision @ 1: 0.6745  AUC @ 1: 0.7639
Step 3800: loss = 0.7256 (0.016 sec)
Training Data Eval:
  Num examples: 3584  Num correct: 2470  Precision @ 1: 0.6892  AUC @ 1: 0.7661
Validation Data Eval:
  Num examples: 256  Num correct: 173  Precision @ 1: 0.6758  AUC @ 1: 0.7722
Test Data Eval:
  Num examples: 384  Num correct: 262  Precision @ 1: 0.6823  AUC @ 1: 0.7705
Step 4000: loss = 0.6580 (0.017 sec)
Training Data Eval:
  Num examples: 3584  Num correct: 2495  Precision @ 1: 0.6961  AUC @ 1: 0.7755
Validation Data Eval:
  Num examples: 256  Num correct: 169  Precision @ 1: 0.6602  AUC @ 1: 0.7590
Test Data Eval:
  Num examples: 384  Num correct: 262  Precision @ 1: 0.6823  AUC @ 1: 0.7587
Step 4200: loss = 0.6417 (0.052 sec)
Training Data Eval:
  Num examples: 3584  Num correct: 2501  Precision @ 1: 0.6978  AUC @ 1: 0.7663
Validation Data Eval:
  Num examples: 256  Num correct: 172  Precision @ 1: 0.6719  AUC @ 1: 0.7523
Test Data Eval:
  Num examples: 384  Num correct: 271  Precision @ 1: 0.7057  AUC @ 1: 0.7664
Step 4400: loss = 0.7546 (0.016 sec)
Training Data Eval:
  Num examples: 3584  Num correct: 2536  Precision @ 1: 0.7076  AUC @ 1: 0.7866
Validation Data Eval:
  Num examples: 256  Num correct: 171  Precision @ 1: 0.6680  AUC @ 1: 0.7610
Test Data Eval:
  Num examples: 384  Num correct: 268  Precision @ 1: 0.6979  AUC @ 1: 0.7792
Step 4600: loss = 0.6502 (0.016 sec)
Training Data Eval:
  Num examples: 3584  Num correct: 2529  Precision @ 1: 0.7056  AUC @ 1: 0.7802
Validation Data Eval:
  Num examples: 256  Num correct: 173  Precision @ 1: 0.6758  AUC @ 1: 0.7610
Test Data Eval:
  Num examples: 384  Num correct: 266  Precision @ 1: 0.6927  AUC @ 1: 0.7737
Step 4800: loss = 0.6609 (0.017 sec)
Training Data Eval:
  Num examples: 3584  Num correct: 2539  Precision @ 1: 0.7084  AUC @ 1: 0.7807
Validation Data Eval:
  Num examples: 256  Num correct: 169  Precision @ 1: 0.6602  AUC @ 1: 0.7637
Test Data Eval:
  Num examples: 384  Num correct: 266  Precision @ 1: 0.6927  AUC @ 1: 0.7798
Step 5000: loss = 0.6114 (0.016 sec)
Training Data Eval:
  Num examples: 3584  Num correct: 2577  Precision @ 1: 0.7190  AUC @ 1: 0.7900
Validation Data Eval:
  Num examples: 256  Num correct: 182  Precision @ 1: 0.7109  AUC @ 1: 0.7658
Test Data Eval:
  Num examples: 384  Num correct: 273  Precision @ 1: 0.7109  AUC @ 1: 0.7821
Step 5200: loss = 0.6628 (0.015 sec)
Training Data Eval:
  Num examples: 3584  Num correct: 2528  Precision @ 1: 0.7054  AUC @ 1: 0.7811
Validation Data Eval:
  Num examples: 256  Num correct: 174  Precision @ 1: 0.6797  AUC @ 1: 0.7611
Test Data Eval:
  Num examples: 384  Num correct: 266  Precision @ 1: 0.6927  AUC @ 1: 0.7656
Step 5400: loss = 0.6195 (0.016 sec)
Training Data Eval:
  Num examples: 3584  Num correct: 2548  Precision @ 1: 0.7109  AUC @ 1: 0.7850
Validation Data Eval:
  Num examples: 256  Num correct: 177  Precision @ 1: 0.6914  AUC @ 1: 0.7607
Test Data Eval:
  Num examples: 384  Num correct: 273  Precision @ 1: 0.7109  AUC @ 1: 0.7798
Step 5600: loss = 0.6088 (0.053 sec)
Training Data Eval:
  Num examples: 3584  Num correct: 2524  Precision @ 1: 0.7042  AUC @ 1: 0.7799
Validation Data Eval:
  Num examples: 256  Num correct: 177  Precision @ 1: 0.6914  AUC @ 1: 0.7637
Test Data Eval:
  Num examples: 384  Num correct: 271  Precision @ 1: 0.7057  AUC @ 1: 0.7932
Step 5800: loss = 0.5855 (0.016 sec)
Training Data Eval:
  Num examples: 3584  Num correct: 2507  Precision @ 1: 0.6995  AUC @ 1: 0.7831
Validation Data Eval:
  Num examples: 256  Num correct: 174  Precision @ 1: 0.6797  AUC @ 1: 0.7578
Test Data Eval:
  Num examples: 384  Num correct: 268  Precision @ 1: 0.6979  AUC @ 1: 0.7685
Step 6000: loss = 0.6612 (0.016 sec)
Training Data Eval:
  Num examples: 3584  Num correct: 2504  Precision @ 1: 0.6987  AUC @ 1: 0.7767
Validation Data Eval:
  Num examples: 256  Num correct: 180  Precision @ 1: 0.7031  AUC @ 1: 0.7745
Test Data Eval:
  Num examples: 384  Num correct: 263  Precision @ 1: 0.6849  AUC @ 1: 0.7769
Step 6200: loss = 0.6660 (0.016 sec)
Training Data Eval:
  Num examples: 3584  Num correct: 2541  Precision @ 1: 0.7090  AUC @ 1: 0.7753
Validation Data Eval:
  Num examples: 256  Num correct: 175  Precision @ 1: 0.6836  AUC @ 1: 0.7621
Test Data Eval:
  Num examples: 384  Num correct: 273  Precision @ 1: 0.7109  AUC @ 1: 0.7883
Step 6400: loss = 0.6106 (0.017 sec)
Training Data Eval:
  Num examples: 3584  Num correct: 2561  Precision @ 1: 0.7146  AUC @ 1: 0.7815
Validation Data Eval:
  Num examples: 256  Num correct: 180  Precision @ 1: 0.7031  AUC @ 1: 0.7617
Test Data Eval:
  Num examples: 384  Num correct: 276  Precision @ 1: 0.7188  AUC @ 1: 0.7721
Step 6600: loss = 0.6802 (0.017 sec)
Training Data Eval:
  Num examples: 3584  Num correct: 2551  Precision @ 1: 0.7118  AUC @ 1: 0.7860
Validation Data Eval:
  Num examples: 256  Num correct: 180  Precision @ 1: 0.7031  AUC @ 1: 0.7686
Test Data Eval:
  Num examples: 384  Num correct: 265  Precision @ 1: 0.6901  AUC @ 1: 0.7658
Step 6800: loss = 0.6248 (0.016 sec)
Training Data Eval:
  Num examples: 3584  Num correct: 2549  Precision @ 1: 0.7112  AUC @ 1: 0.7855
Validation Data Eval:
  Num examples: 256  Num correct: 179  Precision @ 1: 0.6992  AUC @ 1: 0.7711
Test Data Eval:
  Num examples: 384  Num correct: 267  Precision @ 1: 0.6953  AUC @ 1: 0.7723
Step 7000: loss = 0.6411 (0.049 sec)
Training Data Eval:
  Num examples: 3584  Num correct: 2543  Precision @ 1: 0.7095  AUC @ 1: 0.7875
Validation Data Eval:
  Num examples: 256  Num correct: 174  Precision @ 1: 0.6797  AUC @ 1: 0.7573
Test Data Eval:
  Num examples: 384  Num correct: 276  Precision @ 1: 0.7188  AUC @ 1: 0.7916
Step 7200: loss = 0.7832 (0.017 sec)
Training Data Eval:
  Num examples: 3584  Num correct: 2574  Precision @ 1: 0.7182  AUC @ 1: 0.7931
Validation Data Eval:
  Num examples: 256  Num correct: 182  Precision @ 1: 0.7109  AUC @ 1: 0.7610
Test Data Eval:
  Num examples: 384  Num correct: 279  Precision @ 1: 0.7266  AUC @ 1: 0.7874
Step 7400: loss = 0.6132 (0.017 sec)
Training Data Eval:
  Num examples: 3584  Num correct: 2580  Precision @ 1: 0.7199  AUC @ 1: 0.7984
Validation Data Eval:
  Num examples: 256  Num correct: 177  Precision @ 1: 0.6914  AUC @ 1: 0.7591
Test Data Eval:
  Num examples: 384  Num correct: 275  Precision @ 1: 0.7161  AUC @ 1: 0.7812
Step 7600: loss = 0.6703 (0.017 sec)
Training Data Eval:
  Num examples: 3584  Num correct: 2588  Precision @ 1: 0.7221  AUC @ 1: 0.7986
Validation Data Eval:
  Num examples: 256  Num correct: 177  Precision @ 1: 0.6914  AUC @ 1: 0.7599
Test Data Eval:
  Num examples: 384  Num correct: 283  Precision @ 1: 0.7370  AUC @ 1: 0.7994
Step 7800: loss = 0.6218 (0.016 sec)
Training Data Eval:
  Num examples: 3584  Num correct: 2580  Precision @ 1: 0.7199  AUC @ 1: 0.7948
Validation Data Eval:
  Num examples: 256  Num correct: 179  Precision @ 1: 0.6992  AUC @ 1: 0.7665
Test Data Eval:
  Num examples: 384  Num correct: 273  Precision @ 1: 0.7109  AUC @ 1: 0.7881
Step 8000: loss = 0.6707 (0.017 sec)
Training Data Eval:
  Num examples: 3584  Num correct: 2591  Precision @ 1: 0.7229  AUC @ 1: 0.7950
Validation Data Eval:
  Num examples: 256  Num correct: 181  Precision @ 1: 0.7070  AUC @ 1: 0.7631
Test Data Eval:
  Num examples: 384  Num correct: 281  Precision @ 1: 0.7318  AUC @ 1: 0.7916
Step 8200: loss = 0.6722 (0.017 sec)
Training Data Eval:
  Num examples: 3584  Num correct: 2581  Precision @ 1: 0.7201  AUC @ 1: 0.7947
Validation Data Eval:
  Num examples: 256  Num correct: 179  Precision @ 1: 0.6992  AUC @ 1: 0.7615
Test Data Eval:
  Num examples: 384  Num correct: 283  Precision @ 1: 0.7370  AUC @ 1: 0.8037
Step 8400: loss = 0.6108 (0.050 sec)
Training Data Eval:
  Num examples: 3584  Num correct: 2551  Precision @ 1: 0.7118  AUC @ 1: 0.7924
Validation Data Eval:
  Num examples: 256  Num correct: 176  Precision @ 1: 0.6875  AUC @ 1: 0.7586
Test Data Eval:
  Num examples: 384  Num correct: 279  Precision @ 1: 0.7266  AUC @ 1: 0.7985
Step 8600: loss = 0.6252 (0.017 sec)
Training Data Eval:
  Num examples: 3584  Num correct: 2557  Precision @ 1: 0.7134  AUC @ 1: 0.7956
Validation Data Eval:
  Num examples: 256  Num correct: 175  Precision @ 1: 0.6836  AUC @ 1: 0.7595
Test Data Eval:
  Num examples: 384  Num correct: 275  Precision @ 1: 0.7161  AUC @ 1: 0.7991
Step 8800: loss = 0.6177 (0.016 sec)
Training Data Eval:
  Num examples: 3584  Num correct: 2560  Precision @ 1: 0.7143  AUC @ 1: 0.7944
Validation Data Eval:
  Num examples: 256  Num correct: 177  Precision @ 1: 0.6914  AUC @ 1: 0.7596
Test Data Eval:
  Num examples: 384  Num correct: 281  Precision @ 1: 0.7318  AUC @ 1: 0.8071
Step 9000: loss = 0.6168 (0.017 sec)
Training Data Eval:
  Num examples: 3584  Num correct: 2573  Precision @ 1: 0.7179  AUC @ 1: 0.7957
Validation Data Eval:
  Num examples: 256  Num correct: 178  Precision @ 1: 0.6953  AUC @ 1: 0.7662
Test Data Eval:
  Num examples: 384  Num correct: 279  Precision @ 1: 0.7266  AUC @ 1: 0.8057
Step 9200: loss = 0.6232 (0.016 sec)
Training Data Eval:
  Num examples: 3584  Num correct: 2597  Precision @ 1: 0.7246  AUC @ 1: 0.8021
Validation Data Eval:
  Num examples: 256  Num correct: 176  Precision @ 1: 0.6875  AUC @ 1: 0.7625
Test Data Eval:
  Num examples: 384  Num correct: 279  Precision @ 1: 0.7266  AUC @ 1: 0.7952
Step 9400: loss = 0.6073 (0.017 sec)
Training Data Eval:
  Num examples: 3584  Num correct: 2589  Precision @ 1: 0.7224  AUC @ 1: 0.7966
Validation Data Eval:
  Num examples: 256  Num correct: 185  Precision @ 1: 0.7227  AUC @ 1: 0.7705
Test Data Eval:
  Num examples: 384  Num correct: 272  Precision @ 1: 0.7083  AUC @ 1: 0.7960
Step 9600: loss = 0.5637 (0.016 sec)
Training Data Eval:
  Num examples: 3584  Num correct: 2609  Precision @ 1: 0.7280  AUC @ 1: 0.8007
Validation Data Eval:
  Num examples: 256  Num correct: 181  Precision @ 1: 0.7070  AUC @ 1: 0.7636
Test Data Eval:
  Num examples: 384  Num correct: 281  Precision @ 1: 0.7318  AUC @ 1: 0.8079
Step 9800: loss = 0.6469 (0.051 sec)
Training Data Eval:
  Num examples: 3584  Num correct: 2595  Precision @ 1: 0.7241  AUC @ 1: 0.8017
Validation Data Eval:
  Num examples: 256  Num correct: 179  Precision @ 1: 0.6992  AUC @ 1: 0.7630
Test Data Eval:
  Num examples: 384  Num correct: 275  Precision @ 1: 0.7161  AUC @ 1: 0.7939
