Training data shape: 	(4145, 30, 64, 2)
Training label shape:	(4145,)
Testing data shape:  	(190, 30, 64, 2)
Testing label shape: 	(190,)
max input value is: 72.5247
min input value is: -75.9911
random permuted training data
==============================================================================
Model: 			inference_stcnn
Tensor Name: 	Placeholder:0
[128, 30, 64, 2]
==============================================================================
Tensor Name: conv0/conv0:0
[128, 1, 60, 4]
==============================================================================
Tensor Name: MaxPool:0
[128, 1, 30, 4]
==============================================================================
Tensor Name: local1/local1:0
[128, 128]
==============================================================================
Tensor Name: local2/local2:0
[128, 128]
==============================================================================
Tensor Name: softmax_linear/softmax_linear:0
[128, 2]
Step 0: loss = 0.7731 (0.030 sec)
Training Data Eval:
  Num examples: 3840  Num correct: 2148  Precision @ 1: 0.5594  AUC @ 1: 0.5624
Validation Data Eval:
  Num examples: 256  Num correct: 147  Precision @ 1: 0.5742  AUC @ 1: 0.5664
Test Data Eval:
  Num examples: 128  Num correct: 45  Precision @ 1: 0.3516  AUC @ 1: 0.2996
Step 200: loss = 0.7636 (0.015 sec)
Training Data Eval:
  Num examples: 3840  Num correct: 2193  Precision @ 1: 0.5711  AUC @ 1: 0.5543
Validation Data Eval:
  Num examples: 256  Num correct: 147  Precision @ 1: 0.5742  AUC @ 1: 0.5689
Test Data Eval:
  Num examples: 128  Num correct: 75  Precision @ 1: 0.5859  AUC @ 1: 0.6956
Step 400: loss = 0.7654 (0.015 sec)
Training Data Eval:
  Num examples: 3840  Num correct: 2176  Precision @ 1: 0.5667  AUC @ 1: 0.5627
Validation Data Eval:
  Num examples: 256  Num correct: 147  Precision @ 1: 0.5742  AUC @ 1: 0.5712
Test Data Eval:
  Num examples: 128  Num correct: 71  Precision @ 1: 0.5547  AUC @ 1: 0.6565
Step 600: loss = 0.7538 (0.054 sec)
Training Data Eval:
  Num examples: 3840  Num correct: 2186  Precision @ 1: 0.5693  AUC @ 1: 0.5697
Validation Data Eval:
  Num examples: 256  Num correct: 147  Precision @ 1: 0.5742  AUC @ 1: 0.5737
Test Data Eval:
  Num examples: 128  Num correct: 72  Precision @ 1: 0.5625  AUC @ 1: 0.6510
Step 800: loss = 0.7384 (0.015 sec)
Training Data Eval:
  Num examples: 3840  Num correct: 2196  Precision @ 1: 0.5719  AUC @ 1: 0.5712
Validation Data Eval:
  Num examples: 256  Num correct: 147  Precision @ 1: 0.5742  AUC @ 1: 0.5788
Test Data Eval:
  Num examples: 128  Num correct: 69  Precision @ 1: 0.5391  AUC @ 1: 0.6971
Step 1000: loss = 0.7931 (0.015 sec)
Training Data Eval:
  Num examples: 3840  Num correct: 2163  Precision @ 1: 0.5633  AUC @ 1: 0.5745
Validation Data Eval:
  Num examples: 256  Num correct: 147  Precision @ 1: 0.5742  AUC @ 1: 0.5840
Test Data Eval:
  Num examples: 128  Num correct: 76  Precision @ 1: 0.5938  AUC @ 1: 0.6779
Step 1200: loss = 0.7395 (0.054 sec)
Training Data Eval:
  Num examples: 3840  Num correct: 2127  Precision @ 1: 0.5539  AUC @ 1: 0.5875
Validation Data Eval:
  Num examples: 256  Num correct: 147  Precision @ 1: 0.5742  AUC @ 1: 0.5914
Test Data Eval:
  Num examples: 128  Num correct: 74  Precision @ 1: 0.5781  AUC @ 1: 0.6186
Step 1400: loss = 0.7387 (0.015 sec)
Training Data Eval:
  Num examples: 3840  Num correct: 2278  Precision @ 1: 0.5932  AUC @ 1: 0.5879
Validation Data Eval:
  Num examples: 256  Num correct: 158  Precision @ 1: 0.6172  AUC @ 1: 0.6008
Test Data Eval:
  Num examples: 128  Num correct: 61  Precision @ 1: 0.4766  AUC @ 1: 0.6249
Step 1600: loss = 0.7279 (0.015 sec)
Training Data Eval:
  Num examples: 3840  Num correct: 2250  Precision @ 1: 0.5859  AUC @ 1: 0.5914
Validation Data Eval:
  Num examples: 256  Num correct: 155  Precision @ 1: 0.6055  AUC @ 1: 0.6097
Test Data Eval:
  Num examples: 128  Num correct: 61  Precision @ 1: 0.4766  AUC @ 1: 0.6692
Step 1800: loss = 0.7701 (0.052 sec)
Training Data Eval:
  Num examples: 3840  Num correct: 2231  Precision @ 1: 0.5810  AUC @ 1: 0.5945
Validation Data Eval:
  Num examples: 256  Num correct: 155  Precision @ 1: 0.6055  AUC @ 1: 0.6097
Test Data Eval:
  Num examples: 128  Num correct: 55  Precision @ 1: 0.4297  AUC @ 1: 0.5650
Step 2000: loss = 0.7458 (0.014 sec)
Training Data Eval:
  Num examples: 3840  Num correct: 2270  Precision @ 1: 0.5911  AUC @ 1: 0.6020
Validation Data Eval:
  Num examples: 256  Num correct: 156  Precision @ 1: 0.6094  AUC @ 1: 0.6086
Test Data Eval:
  Num examples: 128  Num correct: 58  Precision @ 1: 0.4531  AUC @ 1: 0.5921
Step 2200: loss = 0.7533 (0.013 sec)
Training Data Eval:
  Num examples: 3840  Num correct: 2264  Precision @ 1: 0.5896  AUC @ 1: 0.6125
Validation Data Eval:
  Num examples: 256  Num correct: 155  Precision @ 1: 0.6055  AUC @ 1: 0.6087
Test Data Eval:
  Num examples: 128  Num correct: 51  Precision @ 1: 0.3984  AUC @ 1: 0.6608
Step 2400: loss = 0.7605 (0.055 sec)
Training Data Eval:
  Num examples: 3840  Num correct: 2258  Precision @ 1: 0.5880  AUC @ 1: 0.6209
Validation Data Eval:
  Num examples: 256  Num correct: 155  Precision @ 1: 0.6055  AUC @ 1: 0.6111
Test Data Eval:
  Num examples: 128  Num correct: 57  Precision @ 1: 0.4453  AUC @ 1: 0.6124
Step 2600: loss = 0.7570 (0.015 sec)
Training Data Eval:
  Num examples: 3840  Num correct: 2232  Precision @ 1: 0.5813  AUC @ 1: 0.6204
Validation Data Eval:
  Num examples: 256  Num correct: 155  Precision @ 1: 0.6055  AUC @ 1: 0.6111
Test Data Eval:
  Num examples: 128  Num correct: 58  Precision @ 1: 0.4531  AUC @ 1: 0.6299
Step 2800: loss = 0.7213 (0.015 sec)
Training Data Eval:
  Num examples: 3840  Num correct: 2285  Precision @ 1: 0.5951  AUC @ 1: 0.6371
Validation Data Eval:
  Num examples: 256  Num correct: 155  Precision @ 1: 0.6055  AUC @ 1: 0.6059
Test Data Eval:
  Num examples: 128  Num correct: 57  Precision @ 1: 0.4453  AUC @ 1: 0.5996
Step 3000: loss = 0.7526 (0.054 sec)
Training Data Eval:
  Num examples: 3840  Num correct: 2301  Precision @ 1: 0.5992  AUC @ 1: 0.6501
Validation Data Eval:
  Num examples: 256  Num correct: 155  Precision @ 1: 0.6055  AUC @ 1: 0.6049
Test Data Eval:
  Num examples: 128  Num correct: 54  Precision @ 1: 0.4219  AUC @ 1: 0.6294
Step 3200: loss = 0.7070 (0.014 sec)
Training Data Eval:
  Num examples: 3840  Num correct: 2299  Precision @ 1: 0.5987  AUC @ 1: 0.6651
Validation Data Eval:
  Num examples: 256  Num correct: 157  Precision @ 1: 0.6133  AUC @ 1: 0.5984
Test Data Eval:
  Num examples: 128  Num correct: 58  Precision @ 1: 0.4531  AUC @ 1: 0.6585
Step 3400: loss = 0.7136 (0.014 sec)
Training Data Eval:
  Num examples: 3840  Num correct: 2368  Precision @ 1: 0.6167  AUC @ 1: 0.6937
Validation Data Eval:
  Num examples: 256  Num correct: 156  Precision @ 1: 0.6094  AUC @ 1: 0.6011
Test Data Eval:
  Num examples: 128  Num correct: 57  Precision @ 1: 0.4453  AUC @ 1: 0.6456
Step 3600: loss = 0.7147 (0.051 sec)
Training Data Eval:
  Num examples: 3840  Num correct: 2436  Precision @ 1: 0.6344  AUC @ 1: 0.7331
Validation Data Eval:
  Num examples: 256  Num correct: 155  Precision @ 1: 0.6055  AUC @ 1: 0.5939
Test Data Eval:
  Num examples: 128  Num correct: 52  Precision @ 1: 0.4062  AUC @ 1: 0.5218
Step 3800: loss = 0.6750 (0.015 sec)
Training Data Eval:
  Num examples: 3840  Num correct: 2599  Precision @ 1: 0.6768  AUC @ 1: 0.7789
Validation Data Eval:
  Num examples: 256  Num correct: 152  Precision @ 1: 0.5938  AUC @ 1: 0.5856
Test Data Eval:
  Num examples: 128  Num correct: 47  Precision @ 1: 0.3672  AUC @ 1: 0.5562
Step 4000: loss = 0.6839 (0.016 sec)
Training Data Eval:
  Num examples: 3840  Num correct: 2600  Precision @ 1: 0.6771  AUC @ 1: 0.7780
Validation Data Eval:
  Num examples: 256  Num correct: 155  Precision @ 1: 0.6055  AUC @ 1: 0.6085
Test Data Eval:
  Num examples: 128  Num correct: 47  Precision @ 1: 0.3672  AUC @ 1: 0.4772
Step 4200: loss = 0.6936 (0.049 sec)
Training Data Eval:
  Num examples: 3840  Num correct: 2702  Precision @ 1: 0.7036  AUC @ 1: 0.8074
Validation Data Eval:
  Num examples: 256  Num correct: 152  Precision @ 1: 0.5938  AUC @ 1: 0.5683
Test Data Eval:
  Num examples: 128  Num correct: 49  Precision @ 1: 0.3828  AUC @ 1: 0.4579
Step 4400: loss = 0.6271 (0.015 sec)
Training Data Eval:
  Num examples: 3840  Num correct: 2804  Precision @ 1: 0.7302  AUC @ 1: 0.8171
Validation Data Eval:
  Num examples: 256  Num correct: 155  Precision @ 1: 0.6055  AUC @ 1: 0.6001
Test Data Eval:
  Num examples: 128  Num correct: 57  Precision @ 1: 0.4453  AUC @ 1: 0.5226
Step 4600: loss = 0.6615 (0.015 sec)
Training Data Eval:
  Num examples: 3840  Num correct: 2888  Precision @ 1: 0.7521  AUC @ 1: 0.8493
Validation Data Eval:
  Num examples: 256  Num correct: 151  Precision @ 1: 0.5898  AUC @ 1: 0.5880
Test Data Eval:
  Num examples: 128  Num correct: 61  Precision @ 1: 0.4766  AUC @ 1: 0.5550
Step 4800: loss = 0.5869 (0.055 sec)
Training Data Eval:
  Num examples: 3840  Num correct: 2957  Precision @ 1: 0.7701  AUC @ 1: 0.8579
Validation Data Eval:
  Num examples: 256  Num correct: 154  Precision @ 1: 0.6016  AUC @ 1: 0.6043
Test Data Eval:
  Num examples: 128  Num correct: 56  Precision @ 1: 0.4375  AUC @ 1: 0.4814
Step 5000: loss = 0.5852 (0.013 sec)
Training Data Eval:
  Num examples: 3840  Num correct: 3032  Precision @ 1: 0.7896  AUC @ 1: 0.8788
Validation Data Eval:
  Num examples: 256  Num correct: 151  Precision @ 1: 0.5898  AUC @ 1: 0.5999
Test Data Eval:
  Num examples: 128  Num correct: 62  Precision @ 1: 0.4844  AUC @ 1: 0.5266
Step 5200: loss = 0.5822 (0.015 sec)
Training Data Eval:
  Num examples: 3840  Num correct: 3099  Precision @ 1: 0.8070  AUC @ 1: 0.8938
Validation Data Eval:
  Num examples: 256  Num correct: 152  Precision @ 1: 0.5938  AUC @ 1: 0.5963
Test Data Eval:
  Num examples: 128  Num correct: 68  Precision @ 1: 0.5312  AUC @ 1: 0.5687
Step 5400: loss = 0.5034 (0.048 sec)
Training Data Eval:
  Num examples: 3840  Num correct: 3138  Precision @ 1: 0.8172  AUC @ 1: 0.9034
Validation Data Eval:
  Num examples: 256  Num correct: 160  Precision @ 1: 0.6250  AUC @ 1: 0.5956
Test Data Eval:
  Num examples: 128  Num correct: 67  Precision @ 1: 0.5234  AUC @ 1: 0.5621
Step 5600: loss = 0.5792 (0.015 sec)
Training Data Eval:
  Num examples: 3840  Num correct: 3167  Precision @ 1: 0.8247  AUC @ 1: 0.9148
Validation Data Eval:
  Num examples: 256  Num correct: 155  Precision @ 1: 0.6055  AUC @ 1: 0.6033
Test Data Eval:
  Num examples: 128  Num correct: 68  Precision @ 1: 0.5312  AUC @ 1: 0.5352
Step 5800: loss = 0.4936 (0.014 sec)
Training Data Eval:
  Num examples: 3840  Num correct: 3193  Precision @ 1: 0.8315  AUC @ 1: 0.9153
Validation Data Eval:
  Num examples: 256  Num correct: 151  Precision @ 1: 0.5898  AUC @ 1: 0.5849
Test Data Eval:
  Num examples: 128  Num correct: 70  Precision @ 1: 0.5469  AUC @ 1: 0.5228
Step 6000: loss = 0.4807 (0.050 sec)
Training Data Eval:
  Num examples: 3840  Num correct: 3206  Precision @ 1: 0.8349  AUC @ 1: 0.9183
Validation Data Eval:
  Num examples: 256  Num correct: 160  Precision @ 1: 0.6250  AUC @ 1: 0.6262
Test Data Eval:
  Num examples: 128  Num correct: 66  Precision @ 1: 0.5156  AUC @ 1: 0.5557
Step 6200: loss = 0.5319 (0.014 sec)
Training Data Eval:
  Num examples: 3840  Num correct: 3275  Precision @ 1: 0.8529  AUC @ 1: 0.9361
Validation Data Eval:
  Num examples: 256  Num correct: 161  Precision @ 1: 0.6289  AUC @ 1: 0.6192
Test Data Eval:
  Num examples: 128  Num correct: 68  Precision @ 1: 0.5312  AUC @ 1: 0.5875
Step 6400: loss = 0.3499 (0.015 sec)
Training Data Eval:
  Num examples: 3840  Num correct: 3309  Precision @ 1: 0.8617  AUC @ 1: 0.9420
Validation Data Eval:
  Num examples: 256  Num correct: 159  Precision @ 1: 0.6211  AUC @ 1: 0.6342
Test Data Eval:
  Num examples: 128  Num correct: 61  Precision @ 1: 0.4766  AUC @ 1: 0.4724
Step 6600: loss = 0.4331 (0.053 sec)
Training Data Eval:
  Num examples: 3840  Num correct: 3343  Precision @ 1: 0.8706  AUC @ 1: 0.9477
Validation Data Eval:
  Num examples: 256  Num correct: 161  Precision @ 1: 0.6289  AUC @ 1: 0.6261
Test Data Eval:
  Num examples: 128  Num correct: 68  Precision @ 1: 0.5312  AUC @ 1: 0.5372
Step 6800: loss = 0.3708 (0.015 sec)
Training Data Eval:
  Num examples: 3840  Num correct: 3367  Precision @ 1: 0.8768  AUC @ 1: 0.9523
Validation Data Eval:
  Num examples: 256  Num correct: 160  Precision @ 1: 0.6250  AUC @ 1: 0.6256
Test Data Eval:
  Num examples: 128  Num correct: 68  Precision @ 1: 0.5312  AUC @ 1: 0.5485
Step 7000: loss = 0.4424 (0.015 sec)
Training Data Eval:
  Num examples: 3840  Num correct: 3391  Precision @ 1: 0.8831  AUC @ 1: 0.9571
Validation Data Eval:
  Num examples: 256  Num correct: 164  Precision @ 1: 0.6406  AUC @ 1: 0.6265
Test Data Eval:
  Num examples: 128  Num correct: 67  Precision @ 1: 0.5234  AUC @ 1: 0.4752
Step 7200: loss = 0.3864 (0.047 sec)
Training Data Eval:
  Num examples: 3840  Num correct: 3395  Precision @ 1: 0.8841  AUC @ 1: 0.9563
Validation Data Eval:
  Num examples: 256  Num correct: 158  Precision @ 1: 0.6172  AUC @ 1: 0.6285
Test Data Eval:
  Num examples: 128  Num correct: 71  Precision @ 1: 0.5547  AUC @ 1: 0.5355
Step 7400: loss = 0.3787 (0.015 sec)
Training Data Eval:
  Num examples: 3840  Num correct: 3453  Precision @ 1: 0.8992  AUC @ 1: 0.9645
Validation Data Eval:
  Num examples: 256  Num correct: 166  Precision @ 1: 0.6484  AUC @ 1: 0.6391
Test Data Eval:
  Num examples: 128  Num correct: 66  Precision @ 1: 0.5156  AUC @ 1: 0.5443
Step 7600: loss = 0.3928 (0.016 sec)
Training Data Eval:
  Num examples: 3840  Num correct: 3457  Precision @ 1: 0.9003  AUC @ 1: 0.9653
Validation Data Eval:
  Num examples: 256  Num correct: 159  Precision @ 1: 0.6211  AUC @ 1: 0.6278
Test Data Eval:
  Num examples: 128  Num correct: 67  Precision @ 1: 0.5234  AUC @ 1: 0.5159
Step 7800: loss = 0.2978 (0.050 sec)
Training Data Eval:
  Num examples: 3840  Num correct: 3474  Precision @ 1: 0.9047  AUC @ 1: 0.9680
Validation Data Eval:
  Num examples: 256  Num correct: 163  Precision @ 1: 0.6367  AUC @ 1: 0.6355
Test Data Eval:
  Num examples: 128  Num correct: 64  Precision @ 1: 0.5000  AUC @ 1: 0.5546
Step 8000: loss = 0.3750 (0.014 sec)
Training Data Eval:
  Num examples: 3840  Num correct: 3454  Precision @ 1: 0.8995  AUC @ 1: 0.9651
Validation Data Eval:
  Num examples: 256  Num correct: 163  Precision @ 1: 0.6367  AUC @ 1: 0.6431
Test Data Eval:
  Num examples: 128  Num correct: 65  Precision @ 1: 0.5078  AUC @ 1: 0.5303
Step 8200: loss = 0.3026 (0.016 sec)
Training Data Eval:
  Num examples: 3840  Num correct: 3486  Precision @ 1: 0.9078  AUC @ 1: 0.9701
Validation Data Eval:
  Num examples: 256  Num correct: 163  Precision @ 1: 0.6367  AUC @ 1: 0.6491
Test Data Eval:
  Num examples: 128  Num correct: 65  Precision @ 1: 0.5078  AUC @ 1: 0.5177
Step 8400: loss = 0.3210 (0.051 sec)
Training Data Eval:
  Num examples: 3840  Num correct: 3498  Precision @ 1: 0.9109  AUC @ 1: 0.9715
Validation Data Eval:
  Num examples: 256  Num correct: 164  Precision @ 1: 0.6406  AUC @ 1: 0.6408
Test Data Eval:
  Num examples: 128  Num correct: 66  Precision @ 1: 0.5156  AUC @ 1: 0.5443
Step 8600: loss = 0.2909 (0.014 sec)
Training Data Eval:
  Num examples: 3840  Num correct: 3514  Precision @ 1: 0.9151  AUC @ 1: 0.9748
Validation Data Eval:
  Num examples: 256  Num correct: 164  Precision @ 1: 0.6406  AUC @ 1: 0.6393
Test Data Eval:
  Num examples: 128  Num correct: 70  Precision @ 1: 0.5469  AUC @ 1: 0.5320
Step 8800: loss = 0.2592 (0.015 sec)
Training Data Eval:
  Num examples: 3840  Num correct: 3518  Precision @ 1: 0.9161  AUC @ 1: 0.9733
Validation Data Eval:
  Num examples: 256  Num correct: 169  Precision @ 1: 0.6602  AUC @ 1: 0.6580
Test Data Eval:
  Num examples: 128  Num correct: 66  Precision @ 1: 0.5156  AUC @ 1: 0.5502
Step 9000: loss = 0.3168 (0.055 sec)
Training Data Eval:
  Num examples: 3840  Num correct: 3541  Precision @ 1: 0.9221  AUC @ 1: 0.9759
Validation Data Eval:
  Num examples: 256  Num correct: 165  Precision @ 1: 0.6445  AUC @ 1: 0.6501
Test Data Eval:
  Num examples: 128  Num correct: 67  Precision @ 1: 0.5234  AUC @ 1: 0.5200
Step 9200: loss = 0.2908 (0.015 sec)
Training Data Eval:
  Num examples: 3840  Num correct: 3544  Precision @ 1: 0.9229  AUC @ 1: 0.9758
Validation Data Eval:
  Num examples: 256  Num correct: 161  Precision @ 1: 0.6289  AUC @ 1: 0.6475
Test Data Eval:
  Num examples: 128  Num correct: 63  Precision @ 1: 0.4922  AUC @ 1: 0.4908
Step 9400: loss = 0.3803 (0.016 sec)
Training Data Eval:
  Num examples: 3840  Num correct: 3555  Precision @ 1: 0.9258  AUC @ 1: 0.9778
Validation Data Eval:
  Num examples: 256  Num correct: 166  Precision @ 1: 0.6484  AUC @ 1: 0.6577
Test Data Eval:
  Num examples: 128  Num correct: 66  Precision @ 1: 0.5156  AUC @ 1: 0.5081
Step 9600: loss = 0.2946 (0.055 sec)
Training Data Eval:
  Num examples: 3840  Num correct: 3525  Precision @ 1: 0.9180  AUC @ 1: 0.9726
Validation Data Eval:
  Num examples: 256  Num correct: 165  Precision @ 1: 0.6445  AUC @ 1: 0.6432
Test Data Eval:
  Num examples: 128  Num correct: 62  Precision @ 1: 0.4844  AUC @ 1: 0.4919
Step 9800: loss = 0.2950 (0.014 sec)
Training Data Eval:
  Num examples: 3840  Num correct: 3549  Precision @ 1: 0.9242  AUC @ 1: 0.9782
Validation Data Eval:
  Num examples: 256  Num correct: 163  Precision @ 1: 0.6367  AUC @ 1: 0.6538
Test Data Eval:
  Num examples: 128  Num correct: 64  Precision @ 1: 0.5000  AUC @ 1: 0.5130
