Training data shape: 	(3816, 30, 64, 1)
Training label shape:	(3816,)
Testing data shape:  	(519, 30, 64, 1)
Testing label shape: 	(519,)
max input value is: 72.5247
min input value is: -68.1265
random permuted training data
==============================================================================
Model: 			inference_stcnn
Tensor Name: 	Placeholder:0
[128, 30, 64, 1]
==============================================================================
Tensor Name: conv0/conv0:0
[128, 1, 60, 4]
==============================================================================
Tensor Name: MaxPool:0
[128, 1, 30, 4]
==============================================================================
Tensor Name: conv1/conv1:0
[128, 1, 26, 8]
==============================================================================
Tensor Name: MaxPool_1:0
[128, 1, 13, 8]
==============================================================================
Tensor Name: local1/local1:0
[128, 128]
==============================================================================
Tensor Name: local2/local2:0
[128, 128]
==============================================================================
Tensor Name: softmax_linear/softmax_linear:0
[128, 2]
Step 0: loss = 0.7673 (0.030 sec)
Training Data Eval:
  Num examples: 3456  Num correct: 1913  Precision @ 1: 0.5535  AUC @ 1: 0.5533
Validation Data Eval:
  Num examples: 256  Num correct: 157  Precision @ 1: 0.6133  AUC @ 1: 0.5700
Test Data Eval:
  Num examples: 512  Num correct: 287  Precision @ 1: 0.5605  AUC @ 1: 0.5957
Step 200: loss = 0.7511 (0.014 sec)
Training Data Eval:
  Num examples: 3456  Num correct: 1963  Precision @ 1: 0.5680  AUC @ 1: 0.5815
Validation Data Eval:
  Num examples: 256  Num correct: 157  Precision @ 1: 0.6133  AUC @ 1: 0.5819
Test Data Eval:
  Num examples: 512  Num correct: 289  Precision @ 1: 0.5645  AUC @ 1: 0.6120
Step 400: loss = 0.7521 (0.014 sec)
Training Data Eval:
  Num examples: 3456  Num correct: 1924  Precision @ 1: 0.5567  AUC @ 1: 0.5801
Validation Data Eval:
  Num examples: 256  Num correct: 157  Precision @ 1: 0.6133  AUC @ 1: 0.5937
Test Data Eval:
  Num examples: 512  Num correct: 292  Precision @ 1: 0.5703  AUC @ 1: 0.6386
Step 600: loss = 0.7548 (0.015 sec)
Training Data Eval:
  Num examples: 3456  Num correct: 1970  Precision @ 1: 0.5700  AUC @ 1: 0.6050
Validation Data Eval:
  Num examples: 256  Num correct: 157  Precision @ 1: 0.6133  AUC @ 1: 0.5976
Test Data Eval:
  Num examples: 512  Num correct: 291  Precision @ 1: 0.5684  AUC @ 1: 0.6492
Step 800: loss = 0.7539 (0.014 sec)
Training Data Eval:
  Num examples: 3456  Num correct: 1953  Precision @ 1: 0.5651  AUC @ 1: 0.6183
Validation Data Eval:
  Num examples: 256  Num correct: 157  Precision @ 1: 0.6133  AUC @ 1: 0.5992
Test Data Eval:
  Num examples: 512  Num correct: 290  Precision @ 1: 0.5664  AUC @ 1: 0.6586
Step 1000: loss = 0.7535 (0.014 sec)
Training Data Eval:
  Num examples: 3456  Num correct: 1935  Precision @ 1: 0.5599  AUC @ 1: 0.6170
Validation Data Eval:
  Num examples: 256  Num correct: 157  Precision @ 1: 0.6133  AUC @ 1: 0.5971
Test Data Eval:
  Num examples: 512  Num correct: 288  Precision @ 1: 0.5625  AUC @ 1: 0.6686
Step 1200: loss = 0.7514 (0.015 sec)
Training Data Eval:
  Num examples: 3456  Num correct: 1918  Precision @ 1: 0.5550  AUC @ 1: 0.6212
Validation Data Eval:
  Num examples: 256  Num correct: 157  Precision @ 1: 0.6133  AUC @ 1: 0.5971
Test Data Eval:
  Num examples: 512  Num correct: 291  Precision @ 1: 0.5684  AUC @ 1: 0.6732
Step 1400: loss = 0.7360 (0.013 sec)
Training Data Eval:
  Num examples: 3456  Num correct: 1940  Precision @ 1: 0.5613  AUC @ 1: 0.6297
Validation Data Eval:
  Num examples: 256  Num correct: 157  Precision @ 1: 0.6133  AUC @ 1: 0.6029
Test Data Eval:
  Num examples: 512  Num correct: 288  Precision @ 1: 0.5625  AUC @ 1: 0.6643
Step 1600: loss = 0.7689 (0.014 sec)
Training Data Eval:
  Num examples: 3456  Num correct: 1951  Precision @ 1: 0.5645  AUC @ 1: 0.6403
Validation Data Eval:
  Num examples: 256  Num correct: 157  Precision @ 1: 0.6133  AUC @ 1: 0.6064
Test Data Eval:
  Num examples: 512  Num correct: 290  Precision @ 1: 0.5664  AUC @ 1: 0.6666
Step 1800: loss = 0.7429 (0.014 sec)
Training Data Eval:
  Num examples: 3456  Num correct: 1944  Precision @ 1: 0.5625  AUC @ 1: 0.6512
Validation Data Eval:
  Num examples: 256  Num correct: 157  Precision @ 1: 0.6133  AUC @ 1: 0.6122
Test Data Eval:
  Num examples: 512  Num correct: 291  Precision @ 1: 0.5684  AUC @ 1: 0.6578
Step 2000: loss = 0.7575 (0.014 sec)
Training Data Eval:
  Num examples: 3456  Num correct: 1933  Precision @ 1: 0.5593  AUC @ 1: 0.6550
Validation Data Eval:
  Num examples: 256  Num correct: 157  Precision @ 1: 0.6133  AUC @ 1: 0.6186
Test Data Eval:
  Num examples: 512  Num correct: 289  Precision @ 1: 0.5645  AUC @ 1: 0.6469
Step 2200: loss = 0.7397 (0.013 sec)
Training Data Eval:
  Num examples: 3456  Num correct: 1933  Precision @ 1: 0.5593  AUC @ 1: 0.6552
Validation Data Eval:
  Num examples: 256  Num correct: 157  Precision @ 1: 0.6133  AUC @ 1: 0.6259
Test Data Eval:
  Num examples: 512  Num correct: 290  Precision @ 1: 0.5664  AUC @ 1: 0.6443
Step 2400: loss = 0.7515 (0.013 sec)
Training Data Eval:
  Num examples: 3456  Num correct: 1934  Precision @ 1: 0.5596  AUC @ 1: 0.6767
Validation Data Eval:
  Num examples: 256  Num correct: 157  Precision @ 1: 0.6133  AUC @ 1: 0.6366
Test Data Eval:
  Num examples: 512  Num correct: 290  Precision @ 1: 0.5664  AUC @ 1: 0.6440
Step 2600: loss = 0.7445 (0.014 sec)
Training Data Eval:
  Num examples: 3456  Num correct: 1933  Precision @ 1: 0.5593  AUC @ 1: 0.6704
Validation Data Eval:
  Num examples: 256  Num correct: 157  Precision @ 1: 0.6133  AUC @ 1: 0.6491
Test Data Eval:
  Num examples: 512  Num correct: 291  Precision @ 1: 0.5684  AUC @ 1: 0.6418
Step 2800: loss = 0.7012 (0.014 sec)
Training Data Eval:
  Num examples: 3456  Num correct: 1965  Precision @ 1: 0.5686  AUC @ 1: 0.6834
Validation Data Eval:
  Num examples: 256  Num correct: 156  Precision @ 1: 0.6094  AUC @ 1: 0.6734
Test Data Eval:
  Num examples: 512  Num correct: 303  Precision @ 1: 0.5918  AUC @ 1: 0.6423
Step 3000: loss = 0.7078 (0.013 sec)
Training Data Eval:
  Num examples: 3456  Num correct: 2069  Precision @ 1: 0.5987  AUC @ 1: 0.7155
Validation Data Eval:
  Num examples: 256  Num correct: 157  Precision @ 1: 0.6133  AUC @ 1: 0.7046
Test Data Eval:
  Num examples: 512  Num correct: 316  Precision @ 1: 0.6172  AUC @ 1: 0.6387
Step 3200: loss = 0.7045 (0.014 sec)
Training Data Eval:
  Num examples: 3456  Num correct: 2133  Precision @ 1: 0.6172  AUC @ 1: 0.7310
Validation Data Eval:
  Num examples: 256  Num correct: 164  Precision @ 1: 0.6406  AUC @ 1: 0.7294
Test Data Eval:
  Num examples: 512  Num correct: 326  Precision @ 1: 0.6367  AUC @ 1: 0.6418
Step 3400: loss = 0.6529 (0.013 sec)
Training Data Eval:
  Num examples: 3456  Num correct: 2249  Precision @ 1: 0.6508  AUC @ 1: 0.7387
Validation Data Eval:
  Num examples: 256  Num correct: 171  Precision @ 1: 0.6680  AUC @ 1: 0.7360
Test Data Eval:
  Num examples: 512  Num correct: 323  Precision @ 1: 0.6309  AUC @ 1: 0.6438
Step 3600: loss = 0.6792 (0.013 sec)
Training Data Eval:
  Num examples: 3456  Num correct: 2303  Precision @ 1: 0.6664  AUC @ 1: 0.7422
Validation Data Eval:
  Num examples: 256  Num correct: 174  Precision @ 1: 0.6797  AUC @ 1: 0.7430
Test Data Eval:
  Num examples: 512  Num correct: 320  Precision @ 1: 0.6250  AUC @ 1: 0.6349
Step 3800: loss = 0.6278 (0.014 sec)
Training Data Eval:
  Num examples: 3456  Num correct: 2325  Precision @ 1: 0.6727  AUC @ 1: 0.7454
Validation Data Eval:
  Num examples: 256  Num correct: 176  Precision @ 1: 0.6875  AUC @ 1: 0.7452
Test Data Eval:
  Num examples: 512  Num correct: 319  Precision @ 1: 0.6230  AUC @ 1: 0.6312
Step 4000: loss = 0.6495 (0.014 sec)
Training Data Eval:
  Num examples: 3456  Num correct: 2354  Precision @ 1: 0.6811  AUC @ 1: 0.7541
Validation Data Eval:
  Num examples: 256  Num correct: 177  Precision @ 1: 0.6914  AUC @ 1: 0.7504
Test Data Eval:
  Num examples: 512  Num correct: 318  Precision @ 1: 0.6211  AUC @ 1: 0.6275
Step 4200: loss = 0.6778 (0.013 sec)
Training Data Eval:
  Num examples: 3456  Num correct: 2392  Precision @ 1: 0.6921  AUC @ 1: 0.7545
Validation Data Eval:
  Num examples: 256  Num correct: 177  Precision @ 1: 0.6914  AUC @ 1: 0.7555
Test Data Eval:
  Num examples: 512  Num correct: 308  Precision @ 1: 0.6016  AUC @ 1: 0.6293
Step 4400: loss = 0.6270 (0.014 sec)
Training Data Eval:
  Num examples: 3456  Num correct: 2380  Precision @ 1: 0.6887  AUC @ 1: 0.7578
Validation Data Eval:
  Num examples: 256  Num correct: 181  Precision @ 1: 0.7070  AUC @ 1: 0.7571
Test Data Eval:
  Num examples: 512  Num correct: 306  Precision @ 1: 0.5977  AUC @ 1: 0.6279
Step 4600: loss = 0.6981 (0.013 sec)
Training Data Eval:
  Num examples: 3456  Num correct: 2388  Precision @ 1: 0.6910  AUC @ 1: 0.7548
Validation Data Eval:
  Num examples: 256  Num correct: 178  Precision @ 1: 0.6953  AUC @ 1: 0.7589
Test Data Eval:
  Num examples: 512  Num correct: 302  Precision @ 1: 0.5898  AUC @ 1: 0.6289
Step 4800: loss = 0.6279 (0.013 sec)
Training Data Eval:
  Num examples: 3456  Num correct: 2396  Precision @ 1: 0.6933  AUC @ 1: 0.7585
Validation Data Eval:
  Num examples: 256  Num correct: 183  Precision @ 1: 0.7148  AUC @ 1: 0.7616
Test Data Eval:
  Num examples: 512  Num correct: 303  Precision @ 1: 0.5918  AUC @ 1: 0.6259
Step 5000: loss = 0.6716 (0.014 sec)
Training Data Eval:
  Num examples: 3456  Num correct: 2446  Precision @ 1: 0.7078  AUC @ 1: 0.7678
Validation Data Eval:
  Num examples: 256  Num correct: 184  Precision @ 1: 0.7188  AUC @ 1: 0.7623
Test Data Eval:
  Num examples: 512  Num correct: 304  Precision @ 1: 0.5938  AUC @ 1: 0.6189
Step 5200: loss = 0.5881 (0.013 sec)
Training Data Eval:
  Num examples: 3456  Num correct: 2433  Precision @ 1: 0.7040  AUC @ 1: 0.7665
Validation Data Eval:
  Num examples: 256  Num correct: 184  Precision @ 1: 0.7188  AUC @ 1: 0.7619
Test Data Eval:
  Num examples: 512  Num correct: 308  Precision @ 1: 0.6016  AUC @ 1: 0.6267
Step 5400: loss = 0.6911 (0.023 sec)
Training Data Eval:
  Num examples: 3456  Num correct: 2442  Precision @ 1: 0.7066  AUC @ 1: 0.7766
Validation Data Eval:
  Num examples: 256  Num correct: 185  Precision @ 1: 0.7227  AUC @ 1: 0.7650
Test Data Eval:
  Num examples: 512  Num correct: 302  Precision @ 1: 0.5898  AUC @ 1: 0.6221
Step 5600: loss = 0.6224 (0.013 sec)
Training Data Eval:
  Num examples: 3456  Num correct: 2446  Precision @ 1: 0.7078  AUC @ 1: 0.7739
Validation Data Eval:
  Num examples: 256  Num correct: 184  Precision @ 1: 0.7188  AUC @ 1: 0.7648
Test Data Eval:
  Num examples: 512  Num correct: 305  Precision @ 1: 0.5957  AUC @ 1: 0.6235
Step 5800: loss = 0.5435 (0.013 sec)
Training Data Eval:
  Num examples: 3456  Num correct: 2440  Precision @ 1: 0.7060  AUC @ 1: 0.7753
Validation Data Eval:
  Num examples: 256  Num correct: 185  Precision @ 1: 0.7227  AUC @ 1: 0.7648
Test Data Eval:
  Num examples: 512  Num correct: 298  Precision @ 1: 0.5820  AUC @ 1: 0.6150
Step 6000: loss = 0.6387 (0.014 sec)
Training Data Eval:
  Num examples: 3456  Num correct: 2446  Precision @ 1: 0.7078  AUC @ 1: 0.7756
Validation Data Eval:
  Num examples: 256  Num correct: 188  Precision @ 1: 0.7344  AUC @ 1: 0.7681
Test Data Eval:
  Num examples: 512  Num correct: 321  Precision @ 1: 0.6270  AUC @ 1: 0.6246
Step 6200: loss = 0.5726 (0.013 sec)
Training Data Eval:
  Num examples: 3456  Num correct: 2443  Precision @ 1: 0.7069  AUC @ 1: 0.7746
Validation Data Eval:
  Num examples: 256  Num correct: 185  Precision @ 1: 0.7227  AUC @ 1: 0.7687
Test Data Eval:
  Num examples: 512  Num correct: 322  Precision @ 1: 0.6289  AUC @ 1: 0.6234
Step 6400: loss = 0.5634 (0.015 sec)
Training Data Eval:
  Num examples: 3456  Num correct: 2467  Precision @ 1: 0.7138  AUC @ 1: 0.7790
Validation Data Eval:
  Num examples: 256  Num correct: 184  Precision @ 1: 0.7188  AUC @ 1: 0.7656
Test Data Eval:
  Num examples: 512  Num correct: 306  Precision @ 1: 0.5977  AUC @ 1: 0.6224
Step 6600: loss = 0.6171 (0.013 sec)
Training Data Eval:
  Num examples: 3456  Num correct: 2465  Precision @ 1: 0.7133  AUC @ 1: 0.7840
Validation Data Eval:
  Num examples: 256  Num correct: 182  Precision @ 1: 0.7109  AUC @ 1: 0.7655
Test Data Eval:
  Num examples: 512  Num correct: 292  Precision @ 1: 0.5703  AUC @ 1: 0.6156
Step 6800: loss = 0.6154 (0.013 sec)
Training Data Eval:
  Num examples: 3456  Num correct: 2457  Precision @ 1: 0.7109  AUC @ 1: 0.7782
Validation Data Eval:
  Num examples: 256  Num correct: 186  Precision @ 1: 0.7266  AUC @ 1: 0.7669
Test Data Eval:
  Num examples: 512  Num correct: 309  Precision @ 1: 0.6035  AUC @ 1: 0.6263
Step 7000: loss = 0.6009 (0.014 sec)
Training Data Eval:
  Num examples: 3456  Num correct: 2438  Precision @ 1: 0.7054  AUC @ 1: 0.7736
Validation Data Eval:
  Num examples: 256  Num correct: 182  Precision @ 1: 0.7109  AUC @ 1: 0.7701
Test Data Eval:
  Num examples: 512  Num correct: 312  Precision @ 1: 0.6094  AUC @ 1: 0.6278
Step 7200: loss = 0.5388 (0.015 sec)
Training Data Eval:
  Num examples: 3456  Num correct: 2464  Precision @ 1: 0.7130  AUC @ 1: 0.7842
Validation Data Eval:
  Num examples: 256  Num correct: 183  Precision @ 1: 0.7148  AUC @ 1: 0.7704
Test Data Eval:
  Num examples: 512  Num correct: 310  Precision @ 1: 0.6055  AUC @ 1: 0.6195
Step 7400: loss = 0.6004 (0.014 sec)
Training Data Eval:
  Num examples: 3456  Num correct: 2453  Precision @ 1: 0.7098  AUC @ 1: 0.7823
Validation Data Eval:
  Num examples: 256  Num correct: 183  Precision @ 1: 0.7148  AUC @ 1: 0.7715
Test Data Eval:
  Num examples: 512  Num correct: 310  Precision @ 1: 0.6055  AUC @ 1: 0.6215
Step 7600: loss = 0.6372 (0.014 sec)
Training Data Eval:
  Num examples: 3456  Num correct: 2483  Precision @ 1: 0.7185  AUC @ 1: 0.7865
Validation Data Eval:
  Num examples: 256  Num correct: 182  Precision @ 1: 0.7109  AUC @ 1: 0.7710
Test Data Eval:
  Num examples: 512  Num correct: 305  Precision @ 1: 0.5957  AUC @ 1: 0.6231
Step 7800: loss = 0.5746 (0.014 sec)
Training Data Eval:
  Num examples: 3456  Num correct: 2512  Precision @ 1: 0.7269  AUC @ 1: 0.7985
Validation Data Eval:
  Num examples: 256  Num correct: 183  Precision @ 1: 0.7148  AUC @ 1: 0.7741
Test Data Eval:
  Num examples: 512  Num correct: 308  Precision @ 1: 0.6016  AUC @ 1: 0.6241
Step 8000: loss = 0.5643 (0.013 sec)
Training Data Eval:
  Num examples: 3456  Num correct: 2492  Precision @ 1: 0.7211  AUC @ 1: 0.7928
Validation Data Eval:
  Num examples: 256  Num correct: 184  Precision @ 1: 0.7188  AUC @ 1: 0.7730
Test Data Eval:
  Num examples: 512  Num correct: 296  Precision @ 1: 0.5781  AUC @ 1: 0.6193
Step 8200: loss = 0.5798 (0.013 sec)
Training Data Eval:
  Num examples: 3456  Num correct: 2518  Precision @ 1: 0.7286  AUC @ 1: 0.8018
Validation Data Eval:
  Num examples: 256  Num correct: 184  Precision @ 1: 0.7188  AUC @ 1: 0.7784
Test Data Eval:
  Num examples: 512  Num correct: 309  Precision @ 1: 0.6035  AUC @ 1: 0.6254
Step 8400: loss = 0.6096 (0.013 sec)
Training Data Eval:
  Num examples: 3456  Num correct: 2471  Precision @ 1: 0.7150  AUC @ 1: 0.7930
Validation Data Eval:
  Num examples: 256  Num correct: 184  Precision @ 1: 0.7188  AUC @ 1: 0.7805
Test Data Eval:
  Num examples: 512  Num correct: 307  Precision @ 1: 0.5996  AUC @ 1: 0.6312
Step 8600: loss = 0.5730 (0.013 sec)
Training Data Eval:
  Num examples: 3456  Num correct: 2528  Precision @ 1: 0.7315  AUC @ 1: 0.7973
Validation Data Eval:
  Num examples: 256  Num correct: 183  Precision @ 1: 0.7148  AUC @ 1: 0.7790
Test Data Eval:
  Num examples: 512  Num correct: 302  Precision @ 1: 0.5898  AUC @ 1: 0.6372
Step 8800: loss = 0.6151 (0.013 sec)
Training Data Eval:
  Num examples: 3456  Num correct: 2547  Precision @ 1: 0.7370  AUC @ 1: 0.7973
Validation Data Eval:
  Num examples: 256  Num correct: 183  Precision @ 1: 0.7148  AUC @ 1: 0.7791
Test Data Eval:
  Num examples: 512  Num correct: 290  Precision @ 1: 0.5664  AUC @ 1: 0.6280
Step 9000: loss = 0.6244 (0.013 sec)
Training Data Eval:
  Num examples: 3456  Num correct: 2531  Precision @ 1: 0.7323  AUC @ 1: 0.8008
Validation Data Eval:
  Num examples: 256  Num correct: 183  Precision @ 1: 0.7148  AUC @ 1: 0.7793
Test Data Eval:
  Num examples: 512  Num correct: 285  Precision @ 1: 0.5566  AUC @ 1: 0.6260
Step 9200: loss = 0.5861 (0.014 sec)
Training Data Eval:
  Num examples: 3456  Num correct: 2525  Precision @ 1: 0.7306  AUC @ 1: 0.7949
Validation Data Eval:
  Num examples: 256  Num correct: 184  Precision @ 1: 0.7188  AUC @ 1: 0.7783
Test Data Eval:
  Num examples: 512  Num correct: 282  Precision @ 1: 0.5508  AUC @ 1: 0.6222
Step 9400: loss = 0.5472 (0.013 sec)
Training Data Eval:
  Num examples: 3456  Num correct: 2570  Precision @ 1: 0.7436  AUC @ 1: 0.8111
Validation Data Eval:
  Num examples: 256  Num correct: 184  Precision @ 1: 0.7188  AUC @ 1: 0.7802
Test Data Eval:
  Num examples: 512  Num correct: 301  Precision @ 1: 0.5879  AUC @ 1: 0.6344
Step 9600: loss = 0.6705 (0.014 sec)
Training Data Eval:
  Num examples: 3456  Num correct: 2544  Precision @ 1: 0.7361  AUC @ 1: 0.8053
Validation Data Eval:
  Num examples: 256  Num correct: 184  Precision @ 1: 0.7188  AUC @ 1: 0.7808
Test Data Eval:
  Num examples: 512  Num correct: 289  Precision @ 1: 0.5645  AUC @ 1: 0.6316
Step 9800: loss = 0.6157 (0.014 sec)
Training Data Eval:
  Num examples: 3456  Num correct: 2507  Precision @ 1: 0.7254  AUC @ 1: 0.8086
Validation Data Eval:
  Num examples: 256  Num correct: 181  Precision @ 1: 0.7070  AUC @ 1: 0.7818
Test Data Eval:
  Num examples: 512  Num correct: 302  Precision @ 1: 0.5898  AUC @ 1: 0.6329
