Training data shape: 	(3816, 30, 64, 1)
Training label shape:	(3816,)
Testing data shape:  	(519, 30, 64, 1)
Testing label shape: 	(519,)
max input value is: 72.5247
min input value is: -68.1265
random permuted training data
==============================================================================
Model: 			inference_stcnn
Tensor Name: 	Placeholder:0
[128, 30, 64, 1]
==============================================================================
Tensor Name: conv0/conv0:0
[128, 1, 60, 16]
==============================================================================
Tensor Name: MaxPool:0
[128, 1, 30, 16]
==============================================================================
Tensor Name: local1/local1:0
[128, 128]
==============================================================================
Tensor Name: local2/local2:0
[128, 128]
==============================================================================
Tensor Name: softmax_linear/softmax_linear:0
[128, 2]
Step 0: loss = 0.8863 (0.038 sec)
Training Data Eval:
  Num examples: 3456  Num correct: 1968  Precision @ 1: 0.5694  AUC @ 1: 0.6862
Validation Data Eval:
  Num examples: 256  Num correct: 155  Precision @ 1: 0.6055  AUC @ 1: 0.7357
Test Data Eval:
  Num examples: 512  Num correct: 287  Precision @ 1: 0.5605  AUC @ 1: 0.6561
Step 200: loss = 0.8373 (0.020 sec)
Training Data Eval:
  Num examples: 3456  Num correct: 2224  Precision @ 1: 0.6435  AUC @ 1: 0.7089
Validation Data Eval:
  Num examples: 256  Num correct: 174  Precision @ 1: 0.6797  AUC @ 1: 0.7539
Test Data Eval:
  Num examples: 512  Num correct: 314  Precision @ 1: 0.6133  AUC @ 1: 0.6382
Step 400: loss = 0.8230 (0.020 sec)
Training Data Eval:
  Num examples: 3456  Num correct: 2380  Precision @ 1: 0.6887  AUC @ 1: 0.7519
Validation Data Eval:
  Num examples: 256  Num correct: 175  Precision @ 1: 0.6836  AUC @ 1: 0.7645
Test Data Eval:
  Num examples: 512  Num correct: 312  Precision @ 1: 0.6094  AUC @ 1: 0.6187
Step 600: loss = 0.7571 (0.020 sec)
Training Data Eval:
  Num examples: 3456  Num correct: 2477  Precision @ 1: 0.7167  AUC @ 1: 0.7803
Validation Data Eval:
  Num examples: 256  Num correct: 180  Precision @ 1: 0.7031  AUC @ 1: 0.7702
Test Data Eval:
  Num examples: 512  Num correct: 308  Precision @ 1: 0.6016  AUC @ 1: 0.6225
Step 800: loss = 0.7680 (0.020 sec)
Training Data Eval:
  Num examples: 3456  Num correct: 2497  Precision @ 1: 0.7225  AUC @ 1: 0.7949
Validation Data Eval:
  Num examples: 256  Num correct: 177  Precision @ 1: 0.6914  AUC @ 1: 0.7744
Test Data Eval:
  Num examples: 512  Num correct: 317  Precision @ 1: 0.6191  AUC @ 1: 0.6308
Step 1000: loss = 0.6841 (0.019 sec)
Training Data Eval:
  Num examples: 3456  Num correct: 2575  Precision @ 1: 0.7451  AUC @ 1: 0.8145
Validation Data Eval:
  Num examples: 256  Num correct: 184  Precision @ 1: 0.7188  AUC @ 1: 0.7736
Test Data Eval:
  Num examples: 512  Num correct: 300  Precision @ 1: 0.5859  AUC @ 1: 0.6362
Step 1200: loss = 0.7319 (0.019 sec)
Training Data Eval:
  Num examples: 3456  Num correct: 2603  Precision @ 1: 0.7532  AUC @ 1: 0.8313
Validation Data Eval:
  Num examples: 256  Num correct: 183  Precision @ 1: 0.7148  AUC @ 1: 0.7797
Test Data Eval:
  Num examples: 512  Num correct: 310  Precision @ 1: 0.6055  AUC @ 1: 0.6521
Step 1400: loss = 0.7791 (0.020 sec)
Training Data Eval:
  Num examples: 3456  Num correct: 2610  Precision @ 1: 0.7552  AUC @ 1: 0.8379
Validation Data Eval:
  Num examples: 256  Num correct: 181  Precision @ 1: 0.7070  AUC @ 1: 0.7805
Test Data Eval:
  Num examples: 512  Num correct: 300  Precision @ 1: 0.5859  AUC @ 1: 0.6369
Step 1600: loss = 0.6859 (0.019 sec)
Training Data Eval:
  Num examples: 3456  Num correct: 2662  Precision @ 1: 0.7703  AUC @ 1: 0.8558
Validation Data Eval:
  Num examples: 256  Num correct: 184  Precision @ 1: 0.7188  AUC @ 1: 0.7830
Test Data Eval:
  Num examples: 512  Num correct: 310  Precision @ 1: 0.6055  AUC @ 1: 0.6496
Step 1800: loss = 0.6320 (0.020 sec)
Training Data Eval:
  Num examples: 3456  Num correct: 2722  Precision @ 1: 0.7876  AUC @ 1: 0.8718
Validation Data Eval:
  Num examples: 256  Num correct: 184  Precision @ 1: 0.7188  AUC @ 1: 0.7856
Test Data Eval:
  Num examples: 512  Num correct: 313  Precision @ 1: 0.6113  AUC @ 1: 0.6556
Step 2000: loss = 0.6456 (0.020 sec)
Training Data Eval:
  Num examples: 3456  Num correct: 2703  Precision @ 1: 0.7821  AUC @ 1: 0.8907
Validation Data Eval:
  Num examples: 256  Num correct: 180  Precision @ 1: 0.7031  AUC @ 1: 0.7809
Test Data Eval:
  Num examples: 512  Num correct: 309  Precision @ 1: 0.6035  AUC @ 1: 0.6494
Step 2200: loss = 0.6480 (0.019 sec)
Training Data Eval:
  Num examples: 3456  Num correct: 2802  Precision @ 1: 0.8108  AUC @ 1: 0.8931
Validation Data Eval:
  Num examples: 256  Num correct: 183  Precision @ 1: 0.7148  AUC @ 1: 0.7850
Test Data Eval:
  Num examples: 512  Num correct: 322  Precision @ 1: 0.6289  AUC @ 1: 0.6516
Step 2400: loss = 0.5781 (0.020 sec)
Training Data Eval:
  Num examples: 3456  Num correct: 2796  Precision @ 1: 0.8090  AUC @ 1: 0.8999
Validation Data Eval:
  Num examples: 256  Num correct: 183  Precision @ 1: 0.7148  AUC @ 1: 0.7974
Test Data Eval:
  Num examples: 512  Num correct: 323  Precision @ 1: 0.6309  AUC @ 1: 0.6705
Step 2600: loss = 0.5694 (0.020 sec)
Training Data Eval:
  Num examples: 3456  Num correct: 2901  Precision @ 1: 0.8394  AUC @ 1: 0.9190
Validation Data Eval:
  Num examples: 256  Num correct: 181  Precision @ 1: 0.7070  AUC @ 1: 0.7945
Test Data Eval:
  Num examples: 512  Num correct: 320  Precision @ 1: 0.6250  AUC @ 1: 0.6680
Step 2800: loss = 0.5877 (0.020 sec)
Training Data Eval:
  Num examples: 3456  Num correct: 2911  Precision @ 1: 0.8423  AUC @ 1: 0.9256
Validation Data Eval:
  Num examples: 256  Num correct: 181  Precision @ 1: 0.7070  AUC @ 1: 0.7946
Test Data Eval:
  Num examples: 512  Num correct: 309  Precision @ 1: 0.6035  AUC @ 1: 0.6557
Step 3000: loss = 0.5811 (0.020 sec)
Training Data Eval:
  Num examples: 3456  Num correct: 2981  Precision @ 1: 0.8626  AUC @ 1: 0.9397
Validation Data Eval:
  Num examples: 256  Num correct: 188  Precision @ 1: 0.7344  AUC @ 1: 0.7928
Test Data Eval:
  Num examples: 512  Num correct: 330  Precision @ 1: 0.6445  AUC @ 1: 0.6542
Step 3200: loss = 0.4505 (0.020 sec)
Training Data Eval:
  Num examples: 3456  Num correct: 3024  Precision @ 1: 0.8750  AUC @ 1: 0.9453
Validation Data Eval:
  Num examples: 256  Num correct: 190  Precision @ 1: 0.7422  AUC @ 1: 0.8004
Test Data Eval:
  Num examples: 512  Num correct: 331  Precision @ 1: 0.6465  AUC @ 1: 0.6585
Step 3400: loss = 0.5465 (0.020 sec)
Training Data Eval:
  Num examples: 3456  Num correct: 2943  Precision @ 1: 0.8516  AUC @ 1: 0.9561
Validation Data Eval:
  Num examples: 256  Num correct: 178  Precision @ 1: 0.6953  AUC @ 1: 0.7963
Test Data Eval:
  Num examples: 512  Num correct: 297  Precision @ 1: 0.5801  AUC @ 1: 0.6511
Step 3600: loss = 0.5942 (0.020 sec)
Training Data Eval:
  Num examples: 3456  Num correct: 3152  Precision @ 1: 0.9120  AUC @ 1: 0.9686
Validation Data Eval:
  Num examples: 256  Num correct: 193  Precision @ 1: 0.7539  AUC @ 1: 0.8006
Test Data Eval:
  Num examples: 512  Num correct: 321  Precision @ 1: 0.6270  AUC @ 1: 0.6478
Step 3800: loss = 0.5895 (0.019 sec)
Training Data Eval:
  Num examples: 3456  Num correct: 3181  Precision @ 1: 0.9204  AUC @ 1: 0.9752
Validation Data Eval:
  Num examples: 256  Num correct: 191  Precision @ 1: 0.7461  AUC @ 1: 0.8014
Test Data Eval:
  Num examples: 512  Num correct: 326  Precision @ 1: 0.6367  AUC @ 1: 0.6513
Step 4000: loss = 0.4656 (0.019 sec)
Training Data Eval:
  Num examples: 3456  Num correct: 3192  Precision @ 1: 0.9236  AUC @ 1: 0.9808
Validation Data Eval:
  Num examples: 256  Num correct: 185  Precision @ 1: 0.7227  AUC @ 1: 0.8062
Test Data Eval:
  Num examples: 512  Num correct: 303  Precision @ 1: 0.5918  AUC @ 1: 0.6462
Step 4200: loss = 0.3959 (0.020 sec)
Training Data Eval:
  Num examples: 3456  Num correct: 3299  Precision @ 1: 0.9546  AUC @ 1: 0.9878
Validation Data Eval:
  Num examples: 256  Num correct: 193  Precision @ 1: 0.7539  AUC @ 1: 0.8009
Test Data Eval:
  Num examples: 512  Num correct: 312  Precision @ 1: 0.6094  AUC @ 1: 0.6464
Step 4400: loss = 0.4203 (0.020 sec)
Training Data Eval:
  Num examples: 3456  Num correct: 3241  Precision @ 1: 0.9378  AUC @ 1: 0.9869
Validation Data Eval:
  Num examples: 256  Num correct: 192  Precision @ 1: 0.7500  AUC @ 1: 0.8021
Test Data Eval:
  Num examples: 512  Num correct: 322  Precision @ 1: 0.6289  AUC @ 1: 0.6490
Step 4600: loss = 0.5103 (0.019 sec)
Training Data Eval:
  Num examples: 3456  Num correct: 3328  Precision @ 1: 0.9630  AUC @ 1: 0.9920
Validation Data Eval:
  Num examples: 256  Num correct: 193  Precision @ 1: 0.7539  AUC @ 1: 0.8021
Test Data Eval:
  Num examples: 512  Num correct: 306  Precision @ 1: 0.5977  AUC @ 1: 0.6305
Step 4800: loss = 0.3877 (0.021 sec)
Training Data Eval:
  Num examples: 3456  Num correct: 3334  Precision @ 1: 0.9647  AUC @ 1: 0.9947
Validation Data Eval:
  Num examples: 256  Num correct: 197  Precision @ 1: 0.7695  AUC @ 1: 0.8071
Test Data Eval:
  Num examples: 512  Num correct: 304  Precision @ 1: 0.5938  AUC @ 1: 0.6424
Step 5000: loss = 0.4039 (0.020 sec)
Training Data Eval:
  Num examples: 3456  Num correct: 3299  Precision @ 1: 0.9546  AUC @ 1: 0.9966
Validation Data Eval:
  Num examples: 256  Num correct: 193  Precision @ 1: 0.7539  AUC @ 1: 0.8126
Test Data Eval:
  Num examples: 512  Num correct: 300  Precision @ 1: 0.5859  AUC @ 1: 0.6470
Step 5200: loss = 0.3756 (0.021 sec)
Training Data Eval:
  Num examples: 3456  Num correct: 3403  Precision @ 1: 0.9847  AUC @ 1: 0.9984
Validation Data Eval:
  Num examples: 256  Num correct: 198  Precision @ 1: 0.7734  AUC @ 1: 0.8091
Test Data Eval:
  Num examples: 512  Num correct: 310  Precision @ 1: 0.6055  AUC @ 1: 0.6461
Step 5400: loss = 0.3218 (0.032 sec)
Training Data Eval:
  Num examples: 3456  Num correct: 3403  Precision @ 1: 0.9847  AUC @ 1: 0.9984
Validation Data Eval:
  Num examples: 256  Num correct: 196  Precision @ 1: 0.7656  AUC @ 1: 0.8111
Test Data Eval:
  Num examples: 512  Num correct: 312  Precision @ 1: 0.6094  AUC @ 1: 0.6324
Step 5600: loss = 0.3226 (0.020 sec)
Training Data Eval:
  Num examples: 3456  Num correct: 3411  Precision @ 1: 0.9870  AUC @ 1: 0.9992
Validation Data Eval:
  Num examples: 256  Num correct: 199  Precision @ 1: 0.7773  AUC @ 1: 0.8089
Test Data Eval:
  Num examples: 512  Num correct: 312  Precision @ 1: 0.6094  AUC @ 1: 0.6400
Step 5800: loss = 0.2779 (0.020 sec)
Training Data Eval:
  Num examples: 3456  Num correct: 3431  Precision @ 1: 0.9928  AUC @ 1: 0.9997
Validation Data Eval:
  Num examples: 256  Num correct: 201  Precision @ 1: 0.7852  AUC @ 1: 0.8062
Test Data Eval:
  Num examples: 512  Num correct: 308  Precision @ 1: 0.6016  AUC @ 1: 0.6349
Step 6000: loss = 0.2602 (0.020 sec)
Training Data Eval:
  Num examples: 3456  Num correct: 3442  Precision @ 1: 0.9959  AUC @ 1: 0.9998
Validation Data Eval:
  Num examples: 256  Num correct: 197  Precision @ 1: 0.7695  AUC @ 1: 0.8054
Test Data Eval:
  Num examples: 512  Num correct: 312  Precision @ 1: 0.6094  AUC @ 1: 0.6398
Step 6200: loss = 0.2434 (0.019 sec)
Training Data Eval:
  Num examples: 3456  Num correct: 3444  Precision @ 1: 0.9965  AUC @ 1: 0.9999
Validation Data Eval:
  Num examples: 256  Num correct: 198  Precision @ 1: 0.7734  AUC @ 1: 0.8140
Test Data Eval:
  Num examples: 512  Num correct: 308  Precision @ 1: 0.6016  AUC @ 1: 0.6368
Step 6400: loss = 0.2641 (0.020 sec)
Training Data Eval:
  Num examples: 3456  Num correct: 3444  Precision @ 1: 0.9965  AUC @ 1: 1.0000
Validation Data Eval:
  Num examples: 256  Num correct: 200  Precision @ 1: 0.7812  AUC @ 1: 0.8133
Test Data Eval:
  Num examples: 512  Num correct: 310  Precision @ 1: 0.6055  AUC @ 1: 0.6401
Step 6600: loss = 0.3167 (0.019 sec)
Training Data Eval:
  Num examples: 3456  Num correct: 3451  Precision @ 1: 0.9986  AUC @ 1: 1.0000
Validation Data Eval:
  Num examples: 256  Num correct: 197  Precision @ 1: 0.7695  AUC @ 1: 0.8138
Test Data Eval:
  Num examples: 512  Num correct: 314  Precision @ 1: 0.6133  AUC @ 1: 0.6447
Step 6800: loss = 0.2553 (0.020 sec)
Training Data Eval:
  Num examples: 3456  Num correct: 3451  Precision @ 1: 0.9986  AUC @ 1: 1.0000
Validation Data Eval:
  Num examples: 256  Num correct: 202  Precision @ 1: 0.7891  AUC @ 1: 0.8107
Test Data Eval:
  Num examples: 512  Num correct: 301  Precision @ 1: 0.5879  AUC @ 1: 0.6345
Step 7000: loss = 0.2429 (0.020 sec)
Training Data Eval:
  Num examples: 3456  Num correct: 3452  Precision @ 1: 0.9988  AUC @ 1: 1.0000
Validation Data Eval:
  Num examples: 256  Num correct: 199  Precision @ 1: 0.7773  AUC @ 1: 0.8115
Test Data Eval:
  Num examples: 512  Num correct: 303  Precision @ 1: 0.5918  AUC @ 1: 0.6391
Step 7200: loss = 0.1989 (0.019 sec)
Training Data Eval:
  Num examples: 3456  Num correct: 3455  Precision @ 1: 0.9997  AUC @ 1: 1.0000
Validation Data Eval:
  Num examples: 256  Num correct: 198  Precision @ 1: 0.7734  AUC @ 1: 0.8093
Test Data Eval:
  Num examples: 512  Num correct: 304  Precision @ 1: 0.5938  AUC @ 1: 0.6335
Step 7400: loss = 0.2120 (0.020 sec)
Training Data Eval:
  Num examples: 3456  Num correct: 3456  Precision @ 1: 1.0000  AUC @ 1: 1.0000
Validation Data Eval:
  Num examples: 256  Num correct: 197  Precision @ 1: 0.7695  AUC @ 1: 0.8079
Test Data Eval:
  Num examples: 512  Num correct: 312  Precision @ 1: 0.6094  AUC @ 1: 0.6334
Step 7600: loss = 0.2341 (0.020 sec)
Training Data Eval:
  Num examples: 3456  Num correct: 3456  Precision @ 1: 1.0000  AUC @ 1: 1.0000
Validation Data Eval:
  Num examples: 256  Num correct: 194  Precision @ 1: 0.7578  AUC @ 1: 0.8118
Test Data Eval:
  Num examples: 512  Num correct: 306  Precision @ 1: 0.5977  AUC @ 1: 0.6351
Step 7800: loss = 0.2017 (0.019 sec)
Training Data Eval:
  Num examples: 3456  Num correct: 3456  Precision @ 1: 1.0000  AUC @ 1: 1.0000
Validation Data Eval:
  Num examples: 256  Num correct: 200  Precision @ 1: 0.7812  AUC @ 1: 0.8124
Test Data Eval:
  Num examples: 512  Num correct: 303  Precision @ 1: 0.5918  AUC @ 1: 0.6384
Step 8000: loss = 0.1640 (0.019 sec)
Training Data Eval:
  Num examples: 3456  Num correct: 3456  Precision @ 1: 1.0000  AUC @ 1: 1.0000
Validation Data Eval:
  Num examples: 256  Num correct: 194  Precision @ 1: 0.7578  AUC @ 1: 0.8146
Test Data Eval:
  Num examples: 512  Num correct: 312  Precision @ 1: 0.6094  AUC @ 1: 0.6438
Step 8200: loss = 0.2138 (0.020 sec)
Training Data Eval:
  Num examples: 3456  Num correct: 3456  Precision @ 1: 1.0000  AUC @ 1: 1.0000
Validation Data Eval:
  Num examples: 256  Num correct: 199  Precision @ 1: 0.7773  AUC @ 1: 0.8123
Test Data Eval:
  Num examples: 512  Num correct: 304  Precision @ 1: 0.5938  AUC @ 1: 0.6358
Step 8400: loss = 0.1880 (0.020 sec)
Training Data Eval:
  Num examples: 3456  Num correct: 3456  Precision @ 1: 1.0000  AUC @ 1: 1.0000
Validation Data Eval:
  Num examples: 256  Num correct: 196  Precision @ 1: 0.7656  AUC @ 1: 0.8151
Test Data Eval:
  Num examples: 512  Num correct: 303  Precision @ 1: 0.5918  AUC @ 1: 0.6278
Step 8600: loss = 0.1811 (0.020 sec)
Training Data Eval:
  Num examples: 3456  Num correct: 3456  Precision @ 1: 1.0000  AUC @ 1: 1.0000
Validation Data Eval:
  Num examples: 256  Num correct: 197  Precision @ 1: 0.7695  AUC @ 1: 0.8104
Test Data Eval:
  Num examples: 512  Num correct: 305  Precision @ 1: 0.5957  AUC @ 1: 0.6288
Step 8800: loss = 0.2158 (0.020 sec)
Training Data Eval:
  Num examples: 3456  Num correct: 3456  Precision @ 1: 1.0000  AUC @ 1: 1.0000
Validation Data Eval:
  Num examples: 256  Num correct: 194  Precision @ 1: 0.7578  AUC @ 1: 0.8083
Test Data Eval:
  Num examples: 512  Num correct: 313  Precision @ 1: 0.6113  AUC @ 1: 0.6297
Step 9000: loss = 0.2093 (0.019 sec)
Training Data Eval:
  Num examples: 3456  Num correct: 3456  Precision @ 1: 1.0000  AUC @ 1: 1.0000
Validation Data Eval:
  Num examples: 256  Num correct: 200  Precision @ 1: 0.7812  AUC @ 1: 0.8084
Test Data Eval:
  Num examples: 512  Num correct: 301  Precision @ 1: 0.5879  AUC @ 1: 0.6299
Step 9200: loss = 0.2056 (0.020 sec)
Training Data Eval:
  Num examples: 3456  Num correct: 3456  Precision @ 1: 1.0000  AUC @ 1: 1.0000
Validation Data Eval:
  Num examples: 256  Num correct: 197  Precision @ 1: 0.7695  AUC @ 1: 0.8091
Test Data Eval:
  Num examples: 512  Num correct: 310  Precision @ 1: 0.6055  AUC @ 1: 0.6306
Step 9400: loss = 0.1757 (0.020 sec)
Training Data Eval:
  Num examples: 3456  Num correct: 3456  Precision @ 1: 1.0000  AUC @ 1: 1.0000
Validation Data Eval:
  Num examples: 256  Num correct: 195  Precision @ 1: 0.7617  AUC @ 1: 0.8114
Test Data Eval:
  Num examples: 512  Num correct: 313  Precision @ 1: 0.6113  AUC @ 1: 0.6243
Step 9600: loss = 0.1973 (0.020 sec)
Training Data Eval:
  Num examples: 3456  Num correct: 3456  Precision @ 1: 1.0000  AUC @ 1: 1.0000
Validation Data Eval:
  Num examples: 256  Num correct: 199  Precision @ 1: 0.7773  AUC @ 1: 0.8165
Test Data Eval:
  Num examples: 512  Num correct: 309  Precision @ 1: 0.6035  AUC @ 1: 0.6381
Step 9800: loss = 0.1705 (0.020 sec)
Training Data Eval:
  Num examples: 3456  Num correct: 3456  Precision @ 1: 1.0000  AUC @ 1: 1.0000
Validation Data Eval:
  Num examples: 256  Num correct: 199  Precision @ 1: 0.7773  AUC @ 1: 0.8154
Test Data Eval:
  Num examples: 512  Num correct: 307  Precision @ 1: 0.5996  AUC @ 1: 0.6286
