Training data shape: 	(3869, 30, 64, 2)
Training label shape:	(3869,)
Testing data shape:  	(466, 30, 64, 2)
Testing label shape: 	(466,)
max input value is: 72.5247
min input value is: -75.9911
random permuted training data
==============================================================================
Model: 			inference_stcnn
Tensor Name: 	Placeholder:0
[128, 30, 64, 2]
==============================================================================
Tensor Name: conv0/conv0:0
[128, 1, 60, 16]
==============================================================================
Tensor Name: MaxPool:0
[128, 1, 30, 16]
==============================================================================
Tensor Name: conv1/conv1:0
[128, 1, 26, 4]
==============================================================================
Tensor Name: MaxPool_1:0
[128, 1, 13, 4]
==============================================================================
Tensor Name: local1/local1:0
[128, 128]
==============================================================================
Tensor Name: local2/local2:0
[128, 128]
==============================================================================
Tensor Name: softmax_linear/softmax_linear:0
[128, 2]
Step 0: loss = 0.7492 (0.042 sec)
Training Data Eval:
  Num examples: 3584  Num correct: 2020  Precision @ 1: 0.5636  AUC @ 1: 0.4719
Validation Data Eval:
  Num examples: 256  Num correct: 150  Precision @ 1: 0.5859  AUC @ 1: 0.4724
Test Data Eval:
  Num examples: 384  Num correct: 181  Precision @ 1: 0.4714  AUC @ 1: 0.7275
Step 200: loss = 0.7287 (0.029 sec)
Training Data Eval:
  Num examples: 3584  Num correct: 1997  Precision @ 1: 0.5572  AUC @ 1: 0.4848
Validation Data Eval:
  Num examples: 256  Num correct: 150  Precision @ 1: 0.5859  AUC @ 1: 0.4749
Test Data Eval:
  Num examples: 384  Num correct: 214  Precision @ 1: 0.5573  AUC @ 1: 0.7951
Step 400: loss = 0.7621 (0.027 sec)
Training Data Eval:
  Num examples: 3584  Num correct: 2044  Precision @ 1: 0.5703  AUC @ 1: 0.4930
Validation Data Eval:
  Num examples: 256  Num correct: 150  Precision @ 1: 0.5859  AUC @ 1: 0.4861
Test Data Eval:
  Num examples: 384  Num correct: 222  Precision @ 1: 0.5781  AUC @ 1: 0.8135
Step 600: loss = 0.7562 (0.026 sec)
Training Data Eval:
  Num examples: 3584  Num correct: 2057  Precision @ 1: 0.5739  AUC @ 1: 0.5039
Validation Data Eval:
  Num examples: 256  Num correct: 150  Precision @ 1: 0.5859  AUC @ 1: 0.4972
Test Data Eval:
  Num examples: 384  Num correct: 221  Precision @ 1: 0.5755  AUC @ 1: 0.8330
Step 800: loss = 0.7592 (0.025 sec)
Training Data Eval:
  Num examples: 3584  Num correct: 2030  Precision @ 1: 0.5664  AUC @ 1: 0.5144
Validation Data Eval:
  Num examples: 256  Num correct: 150  Precision @ 1: 0.5859  AUC @ 1: 0.5077
Test Data Eval:
  Num examples: 384  Num correct: 221  Precision @ 1: 0.5755  AUC @ 1: 0.8484
Step 1000: loss = 0.7368 (0.028 sec)
Training Data Eval:
  Num examples: 3584  Num correct: 2008  Precision @ 1: 0.5603  AUC @ 1: 0.5251
Validation Data Eval:
  Num examples: 256  Num correct: 150  Precision @ 1: 0.5859  AUC @ 1: 0.5083
Test Data Eval:
  Num examples: 384  Num correct: 212  Precision @ 1: 0.5521  AUC @ 1: 0.8162
Step 1200: loss = 0.7420 (0.027 sec)
Training Data Eval:
  Num examples: 3584  Num correct: 2020  Precision @ 1: 0.5636  AUC @ 1: 0.5371
Validation Data Eval:
  Num examples: 256  Num correct: 150  Precision @ 1: 0.5859  AUC @ 1: 0.5139
Test Data Eval:
  Num examples: 384  Num correct: 208  Precision @ 1: 0.5417  AUC @ 1: 0.8025
Step 1400: loss = 0.7237 (0.058 sec)
Training Data Eval:
  Num examples: 3584  Num correct: 1984  Precision @ 1: 0.5536  AUC @ 1: 0.5443
Validation Data Eval:
  Num examples: 256  Num correct: 150  Precision @ 1: 0.5859  AUC @ 1: 0.5195
Test Data Eval:
  Num examples: 384  Num correct: 215  Precision @ 1: 0.5599  AUC @ 1: 0.8146
Step 1600: loss = 0.7027 (0.025 sec)
Training Data Eval:
  Num examples: 3584  Num correct: 2038  Precision @ 1: 0.5686  AUC @ 1: 0.5373
Validation Data Eval:
  Num examples: 256  Num correct: 150  Precision @ 1: 0.5859  AUC @ 1: 0.5298
Test Data Eval:
  Num examples: 384  Num correct: 222  Precision @ 1: 0.5781  AUC @ 1: 0.7877
Step 1800: loss = 0.7190 (0.026 sec)
Training Data Eval:
  Num examples: 3584  Num correct: 2032  Precision @ 1: 0.5670  AUC @ 1: 0.5294
Validation Data Eval:
  Num examples: 256  Num correct: 150  Precision @ 1: 0.5859  AUC @ 1: 0.5318
Test Data Eval:
  Num examples: 384  Num correct: 221  Precision @ 1: 0.5755  AUC @ 1: 0.7851
Step 2000: loss = 0.7299 (0.028 sec)
Training Data Eval:
  Num examples: 3584  Num correct: 2003  Precision @ 1: 0.5589  AUC @ 1: 0.5422
Validation Data Eval:
  Num examples: 256  Num correct: 150  Precision @ 1: 0.5859  AUC @ 1: 0.5318
Test Data Eval:
  Num examples: 384  Num correct: 212  Precision @ 1: 0.5521  AUC @ 1: 0.7790
Step 2200: loss = 0.7528 (0.026 sec)
Training Data Eval:
  Num examples: 3584  Num correct: 2025  Precision @ 1: 0.5650  AUC @ 1: 0.5396
Validation Data Eval:
  Num examples: 256  Num correct: 150  Precision @ 1: 0.5859  AUC @ 1: 0.5304
Test Data Eval:
  Num examples: 384  Num correct: 216  Precision @ 1: 0.5625  AUC @ 1: 0.7886
Step 2400: loss = 0.7342 (0.026 sec)
Training Data Eval:
  Num examples: 3584  Num correct: 2019  Precision @ 1: 0.5633  AUC @ 1: 0.5521
Validation Data Eval:
  Num examples: 256  Num correct: 150  Precision @ 1: 0.5859  AUC @ 1: 0.5299
Test Data Eval:
  Num examples: 384  Num correct: 208  Precision @ 1: 0.5417  AUC @ 1: 0.7637
Step 2600: loss = 0.7315 (0.026 sec)
Training Data Eval:
  Num examples: 3584  Num correct: 2023  Precision @ 1: 0.5645  AUC @ 1: 0.5451
Validation Data Eval:
  Num examples: 256  Num correct: 150  Precision @ 1: 0.5859  AUC @ 1: 0.5291
Test Data Eval:
  Num examples: 384  Num correct: 217  Precision @ 1: 0.5651  AUC @ 1: 0.7585
Step 2800: loss = 0.7374 (0.063 sec)
Training Data Eval:
  Num examples: 3584  Num correct: 2016  Precision @ 1: 0.5625  AUC @ 1: 0.5472
Validation Data Eval:
  Num examples: 256  Num correct: 150  Precision @ 1: 0.5859  AUC @ 1: 0.5311
Test Data Eval:
  Num examples: 384  Num correct: 216  Precision @ 1: 0.5625  AUC @ 1: 0.7760
Step 3000: loss = 0.7356 (0.026 sec)
Training Data Eval:
  Num examples: 3584  Num correct: 2014  Precision @ 1: 0.5619  AUC @ 1: 0.5416
Validation Data Eval:
  Num examples: 256  Num correct: 150  Precision @ 1: 0.5859  AUC @ 1: 0.5321
Test Data Eval:
  Num examples: 384  Num correct: 221  Precision @ 1: 0.5755  AUC @ 1: 0.7702
Step 3200: loss = 0.7166 (0.025 sec)
Training Data Eval:
  Num examples: 3584  Num correct: 2010  Precision @ 1: 0.5608  AUC @ 1: 0.5577
Validation Data Eval:
  Num examples: 256  Num correct: 150  Precision @ 1: 0.5859  AUC @ 1: 0.5311
Test Data Eval:
  Num examples: 384  Num correct: 219  Precision @ 1: 0.5703  AUC @ 1: 0.7765
Step 3400: loss = 0.7234 (0.026 sec)
Training Data Eval:
  Num examples: 3584  Num correct: 2019  Precision @ 1: 0.5633  AUC @ 1: 0.5417
Validation Data Eval:
  Num examples: 256  Num correct: 150  Precision @ 1: 0.5859  AUC @ 1: 0.5325
Test Data Eval:
  Num examples: 384  Num correct: 218  Precision @ 1: 0.5677  AUC @ 1: 0.7546
Step 3600: loss = 0.7244 (0.024 sec)
Training Data Eval:
  Num examples: 3584  Num correct: 2035  Precision @ 1: 0.5678  AUC @ 1: 0.5622
Validation Data Eval:
  Num examples: 256  Num correct: 150  Precision @ 1: 0.5859  AUC @ 1: 0.5331
Test Data Eval:
  Num examples: 384  Num correct: 214  Precision @ 1: 0.5573  AUC @ 1: 0.7874
Step 3800: loss = 0.7196 (0.024 sec)
Training Data Eval:
  Num examples: 3584  Num correct: 2020  Precision @ 1: 0.5636  AUC @ 1: 0.5450
Validation Data Eval:
  Num examples: 256  Num correct: 150  Precision @ 1: 0.5859  AUC @ 1: 0.5313
Test Data Eval:
  Num examples: 384  Num correct: 219  Precision @ 1: 0.5703  AUC @ 1: 0.7687
Step 4000: loss = 0.7436 (0.025 sec)
Training Data Eval:
  Num examples: 3584  Num correct: 2021  Precision @ 1: 0.5639  AUC @ 1: 0.5504
Validation Data Eval:
  Num examples: 256  Num correct: 150  Precision @ 1: 0.5859  AUC @ 1: 0.5306
Test Data Eval:
  Num examples: 384  Num correct: 212  Precision @ 1: 0.5521  AUC @ 1: 0.7712
Step 4200: loss = 0.7229 (0.065 sec)
Training Data Eval:
  Num examples: 3584  Num correct: 2046  Precision @ 1: 0.5709  AUC @ 1: 0.5500
Validation Data Eval:
  Num examples: 256  Num correct: 150  Precision @ 1: 0.5859  AUC @ 1: 0.5288
Test Data Eval:
  Num examples: 384  Num correct: 214  Precision @ 1: 0.5573  AUC @ 1: 0.7742
Step 4400: loss = 0.7265 (0.027 sec)
Training Data Eval:
  Num examples: 3584  Num correct: 2021  Precision @ 1: 0.5639  AUC @ 1: 0.5606
Validation Data Eval:
  Num examples: 256  Num correct: 150  Precision @ 1: 0.5859  AUC @ 1: 0.5299
Test Data Eval:
  Num examples: 384  Num correct: 209  Precision @ 1: 0.5443  AUC @ 1: 0.7733
Step 4600: loss = 0.7235 (0.026 sec)
Training Data Eval:
  Num examples: 3584  Num correct: 1974  Precision @ 1: 0.5508  AUC @ 1: 0.5694
Validation Data Eval:
  Num examples: 256  Num correct: 150  Precision @ 1: 0.5859  AUC @ 1: 0.5285
Test Data Eval:
  Num examples: 384  Num correct: 217  Precision @ 1: 0.5651  AUC @ 1: 0.7789
Step 4800: loss = 0.7346 (0.026 sec)
Training Data Eval:
  Num examples: 3584  Num correct: 2061  Precision @ 1: 0.5751  AUC @ 1: 0.5480
Validation Data Eval:
  Num examples: 256  Num correct: 150  Precision @ 1: 0.5859  AUC @ 1: 0.5275
Test Data Eval:
  Num examples: 384  Num correct: 221  Precision @ 1: 0.5755  AUC @ 1: 0.7578
Step 5000: loss = 0.7467 (0.027 sec)
Training Data Eval:
  Num examples: 3584  Num correct: 2071  Precision @ 1: 0.5778  AUC @ 1: 0.5413
Validation Data Eval:
  Num examples: 256  Num correct: 150  Precision @ 1: 0.5859  AUC @ 1: 0.5289
Test Data Eval:
  Num examples: 384  Num correct: 219  Precision @ 1: 0.5703  AUC @ 1: 0.7582
Step 5200: loss = 0.7146 (0.025 sec)
Training Data Eval:
  Num examples: 3584  Num correct: 2075  Precision @ 1: 0.5790  AUC @ 1: 0.5583
Validation Data Eval:
  Num examples: 256  Num correct: 150  Precision @ 1: 0.5859  AUC @ 1: 0.5288
Test Data Eval:
  Num examples: 384  Num correct: 213  Precision @ 1: 0.5547  AUC @ 1: 0.7692
Step 5400: loss = 0.7416 (0.028 sec)
Training Data Eval:
  Num examples: 3584  Num correct: 2105  Precision @ 1: 0.5873  AUC @ 1: 0.5573
Validation Data Eval:
  Num examples: 256  Num correct: 153  Precision @ 1: 0.5977  AUC @ 1: 0.5279
Test Data Eval:
  Num examples: 384  Num correct: 208  Precision @ 1: 0.5417  AUC @ 1: 0.7822
Step 5600: loss = 0.7381 (0.061 sec)
Training Data Eval:
  Num examples: 3584  Num correct: 2112  Precision @ 1: 0.5893  AUC @ 1: 0.5521
Validation Data Eval:
  Num examples: 256  Num correct: 153  Precision @ 1: 0.5977  AUC @ 1: 0.5263
Test Data Eval:
  Num examples: 384  Num correct: 201  Precision @ 1: 0.5234  AUC @ 1: 0.7587
Step 5800: loss = 0.7324 (0.026 sec)
Training Data Eval:
  Num examples: 3584  Num correct: 2116  Precision @ 1: 0.5904  AUC @ 1: 0.5574
Validation Data Eval:
  Num examples: 256  Num correct: 154  Precision @ 1: 0.6016  AUC @ 1: 0.5242
Test Data Eval:
  Num examples: 384  Num correct: 202  Precision @ 1: 0.5260  AUC @ 1: 0.7655
Step 6000: loss = 0.7349 (0.026 sec)
Training Data Eval:
  Num examples: 3584  Num correct: 2134  Precision @ 1: 0.5954  AUC @ 1: 0.5581
Validation Data Eval:
  Num examples: 256  Num correct: 153  Precision @ 1: 0.5977  AUC @ 1: 0.5267
Test Data Eval:
  Num examples: 384  Num correct: 202  Precision @ 1: 0.5260  AUC @ 1: 0.7620
Step 6200: loss = 0.7080 (0.025 sec)
Training Data Eval:
  Num examples: 3584  Num correct: 2124  Precision @ 1: 0.5926  AUC @ 1: 0.5480
Validation Data Eval:
  Num examples: 256  Num correct: 154  Precision @ 1: 0.6016  AUC @ 1: 0.5271
Test Data Eval:
  Num examples: 384  Num correct: 197  Precision @ 1: 0.5130  AUC @ 1: 0.7506
Step 6400: loss = 0.7321 (0.025 sec)
Training Data Eval:
  Num examples: 3584  Num correct: 2079  Precision @ 1: 0.5801  AUC @ 1: 0.5644
Validation Data Eval:
  Num examples: 256  Num correct: 147  Precision @ 1: 0.5742  AUC @ 1: 0.5212
Test Data Eval:
  Num examples: 384  Num correct: 200  Precision @ 1: 0.5208  AUC @ 1: 0.7629
Step 6600: loss = 0.7148 (0.025 sec)
Training Data Eval:
  Num examples: 3584  Num correct: 2049  Precision @ 1: 0.5717  AUC @ 1: 0.5673
Validation Data Eval:
  Num examples: 256  Num correct: 146  Precision @ 1: 0.5703  AUC @ 1: 0.5201
Test Data Eval:
  Num examples: 384  Num correct: 187  Precision @ 1: 0.4870  AUC @ 1: 0.7423
Step 6800: loss = 0.7277 (0.026 sec)
Training Data Eval:
  Num examples: 3584  Num correct: 2024  Precision @ 1: 0.5647  AUC @ 1: 0.5600
Validation Data Eval:
  Num examples: 256  Num correct: 145  Precision @ 1: 0.5664  AUC @ 1: 0.5355
Test Data Eval:
  Num examples: 384  Num correct: 197  Precision @ 1: 0.5130  AUC @ 1: 0.7712
Step 7000: loss = 0.7168 (0.063 sec)
Training Data Eval:
  Num examples: 3584  Num correct: 2033  Precision @ 1: 0.5672  AUC @ 1: 0.5659
Validation Data Eval:
  Num examples: 256  Num correct: 145  Precision @ 1: 0.5664  AUC @ 1: 0.5365
Test Data Eval:
  Num examples: 384  Num correct: 184  Precision @ 1: 0.4792  AUC @ 1: 0.7441
Step 7200: loss = 0.7146 (0.025 sec)
Training Data Eval:
  Num examples: 3584  Num correct: 2005  Precision @ 1: 0.5594  AUC @ 1: 0.5616
Validation Data Eval:
  Num examples: 256  Num correct: 147  Precision @ 1: 0.5742  AUC @ 1: 0.5353
Test Data Eval:
  Num examples: 384  Num correct: 189  Precision @ 1: 0.4922  AUC @ 1: 0.7589
Step 7400: loss = 0.6998 (0.025 sec)
Training Data Eval:
  Num examples: 3584  Num correct: 2015  Precision @ 1: 0.5622  AUC @ 1: 0.5596
Validation Data Eval:
  Num examples: 256  Num correct: 147  Precision @ 1: 0.5742  AUC @ 1: 0.5356
Test Data Eval:
  Num examples: 384  Num correct: 189  Precision @ 1: 0.4922  AUC @ 1: 0.7434
Step 7600: loss = 0.7169 (0.028 sec)
Training Data Eval:
  Num examples: 3584  Num correct: 2056  Precision @ 1: 0.5737  AUC @ 1: 0.5647
Validation Data Eval:
  Num examples: 256  Num correct: 146  Precision @ 1: 0.5703  AUC @ 1: 0.5321
Test Data Eval:
  Num examples: 384  Num correct: 184  Precision @ 1: 0.4792  AUC @ 1: 0.7617
Step 7800: loss = 0.7032 (0.024 sec)
Training Data Eval:
  Num examples: 3584  Num correct: 2076  Precision @ 1: 0.5792  AUC @ 1: 0.5663
Validation Data Eval:
  Num examples: 256  Num correct: 147  Precision @ 1: 0.5742  AUC @ 1: 0.5301
Test Data Eval:
  Num examples: 384  Num correct: 193  Precision @ 1: 0.5026  AUC @ 1: 0.7703
Step 8000: loss = 0.7045 (0.027 sec)
Training Data Eval:
  Num examples: 3584  Num correct: 2080  Precision @ 1: 0.5804  AUC @ 1: 0.5734
Validation Data Eval:
  Num examples: 256  Num correct: 147  Precision @ 1: 0.5742  AUC @ 1: 0.5366
Test Data Eval:
  Num examples: 384  Num correct: 185  Precision @ 1: 0.4818  AUC @ 1: 0.7801
Step 8200: loss = 0.7269 (0.026 sec)
Training Data Eval:
  Num examples: 3584  Num correct: 2066  Precision @ 1: 0.5765  AUC @ 1: 0.5699
Validation Data Eval:
  Num examples: 256  Num correct: 148  Precision @ 1: 0.5781  AUC @ 1: 0.5397
Test Data Eval:
  Num examples: 384  Num correct: 188  Precision @ 1: 0.4896  AUC @ 1: 0.7546
Step 8400: loss = 0.7177 (0.063 sec)
Training Data Eval:
  Num examples: 3584  Num correct: 2083  Precision @ 1: 0.5812  AUC @ 1: 0.5681
Validation Data Eval:
  Num examples: 256  Num correct: 148  Precision @ 1: 0.5781  AUC @ 1: 0.5350
Test Data Eval:
  Num examples: 384  Num correct: 190  Precision @ 1: 0.4948  AUC @ 1: 0.7640
Step 8600: loss = 0.6822 (0.026 sec)
Training Data Eval:
  Num examples: 3584  Num correct: 2041  Precision @ 1: 0.5695  AUC @ 1: 0.5646
Validation Data Eval:
  Num examples: 256  Num correct: 149  Precision @ 1: 0.5820  AUC @ 1: 0.5319
Test Data Eval:
  Num examples: 384  Num correct: 186  Precision @ 1: 0.4844  AUC @ 1: 0.7684
Step 8800: loss = 0.7154 (0.026 sec)
Training Data Eval:
  Num examples: 3584  Num correct: 2101  Precision @ 1: 0.5862  AUC @ 1: 0.5765
Validation Data Eval:
  Num examples: 256  Num correct: 151  Precision @ 1: 0.5898  AUC @ 1: 0.5309
Test Data Eval:
  Num examples: 384  Num correct: 193  Precision @ 1: 0.5026  AUC @ 1: 0.7869
Step 9000: loss = 0.7311 (0.028 sec)
Training Data Eval:
  Num examples: 3584  Num correct: 2068  Precision @ 1: 0.5770  AUC @ 1: 0.5823
Validation Data Eval:
  Num examples: 256  Num correct: 151  Precision @ 1: 0.5898  AUC @ 1: 0.5301
Test Data Eval:
  Num examples: 384  Num correct: 188  Precision @ 1: 0.4896  AUC @ 1: 0.7766
Step 9200: loss = 0.6963 (0.025 sec)
Training Data Eval:
  Num examples: 3584  Num correct: 2100  Precision @ 1: 0.5859  AUC @ 1: 0.5832
Validation Data Eval:
  Num examples: 256  Num correct: 151  Precision @ 1: 0.5898  AUC @ 1: 0.5310
Test Data Eval:
  Num examples: 384  Num correct: 194  Precision @ 1: 0.5052  AUC @ 1: 0.7889
Step 9400: loss = 0.7057 (0.026 sec)
Training Data Eval:
  Num examples: 3584  Num correct: 2115  Precision @ 1: 0.5901  AUC @ 1: 0.5914
Validation Data Eval:
  Num examples: 256  Num correct: 152  Precision @ 1: 0.5938  AUC @ 1: 0.5302
Test Data Eval:
  Num examples: 384  Num correct: 199  Precision @ 1: 0.5182  AUC @ 1: 0.7943
Step 9600: loss = 0.6933 (0.025 sec)
Training Data Eval:
  Num examples: 3584  Num correct: 2125  Precision @ 1: 0.5929  AUC @ 1: 0.5931
Validation Data Eval:
  Num examples: 256  Num correct: 153  Precision @ 1: 0.5977  AUC @ 1: 0.5328
Test Data Eval:
  Num examples: 384  Num correct: 197  Precision @ 1: 0.5130  AUC @ 1: 0.8281
Step 9800: loss = 0.7005 (0.058 sec)
Training Data Eval:
  Num examples: 3584  Num correct: 2111  Precision @ 1: 0.5890  AUC @ 1: 0.6041
Validation Data Eval:
  Num examples: 256  Num correct: 152  Precision @ 1: 0.5938  AUC @ 1: 0.5309
Test Data Eval:
  Num examples: 384  Num correct: 194  Precision @ 1: 0.5052  AUC @ 1: 0.8199
