Training data shape: 	(4141, 30, 64, 2)
Training label shape:	(4141,)
Testing data shape:  	(194, 30, 64, 2)
Testing label shape: 	(194,)
max input value is: 72.5247
min input value is: -75.9911
random permuted training data
==============================================================================
Model: 			inference_stcnn
Tensor Name: 	Placeholder:0
[128, 30, 64, 2]
==============================================================================
Tensor Name: conv0/conv0:0
[128, 1, 60, 32]
==============================================================================
Tensor Name: MaxPool:0
[128, 1, 30, 32]
==============================================================================
Tensor Name: conv1/conv1:0
[128, 1, 26, 16]
==============================================================================
Tensor Name: MaxPool_1:0
[128, 1, 13, 16]
==============================================================================
Tensor Name: local1/local1:0
[128, 128]
==============================================================================
Tensor Name: local2/local2:0
[128, 128]
==============================================================================
Tensor Name: softmax_linear/softmax_linear:0
[128, 2]
Step 0: loss = 0.7986 (0.050 sec)
Training Data Eval:
  Num examples: 3840  Num correct: 2158  Precision @ 1: 0.5620  AUC @ 1: 0.4943
Validation Data Eval:
  Num examples: 256  Num correct: 153  Precision @ 1: 0.5977  AUC @ 1: 0.5036
Test Data Eval:
  Num examples: 128  Num correct: 43  Precision @ 1: 0.3359  AUC @ 1: 0.7759
Step 200: loss = 0.7879 (0.041 sec)
Training Data Eval:
  Num examples: 3840  Num correct: 2173  Precision @ 1: 0.5659  AUC @ 1: 0.5443
Validation Data Eval:
  Num examples: 256  Num correct: 153  Precision @ 1: 0.5977  AUC @ 1: 0.5395
Test Data Eval:
  Num examples: 128  Num correct: 76  Precision @ 1: 0.5938  AUC @ 1: 0.8477
Step 400: loss = 0.7810 (0.037 sec)
Training Data Eval:
  Num examples: 3840  Num correct: 2168  Precision @ 1: 0.5646  AUC @ 1: 0.5670
Validation Data Eval:
  Num examples: 256  Num correct: 153  Precision @ 1: 0.5977  AUC @ 1: 0.5591
Test Data Eval:
  Num examples: 128  Num correct: 72  Precision @ 1: 0.5625  AUC @ 1: 0.8103
Step 600: loss = 0.7892 (0.077 sec)
Training Data Eval:
  Num examples: 3840  Num correct: 2155  Precision @ 1: 0.5612  AUC @ 1: 0.5666
Validation Data Eval:
  Num examples: 256  Num correct: 153  Precision @ 1: 0.5977  AUC @ 1: 0.5568
Test Data Eval:
  Num examples: 128  Num correct: 73  Precision @ 1: 0.5703  AUC @ 1: 0.7878
Step 800: loss = 0.7905 (0.039 sec)
Training Data Eval:
  Num examples: 3840  Num correct: 2174  Precision @ 1: 0.5661  AUC @ 1: 0.5636
Validation Data Eval:
  Num examples: 256  Num correct: 153  Precision @ 1: 0.5977  AUC @ 1: 0.5601
Test Data Eval:
  Num examples: 128  Num correct: 71  Precision @ 1: 0.5547  AUC @ 1: 0.7766
Step 1000: loss = 0.7860 (0.036 sec)
Training Data Eval:
  Num examples: 3840  Num correct: 2166  Precision @ 1: 0.5641  AUC @ 1: 0.5621
Validation Data Eval:
  Num examples: 256  Num correct: 153  Precision @ 1: 0.5977  AUC @ 1: 0.5563
Test Data Eval:
  Num examples: 128  Num correct: 68  Precision @ 1: 0.5312  AUC @ 1: 0.7199
Step 1200: loss = 0.7782 (0.079 sec)
Training Data Eval:
  Num examples: 3840  Num correct: 2161  Precision @ 1: 0.5628  AUC @ 1: 0.5687
Validation Data Eval:
  Num examples: 256  Num correct: 153  Precision @ 1: 0.5977  AUC @ 1: 0.5604
Test Data Eval:
  Num examples: 128  Num correct: 69  Precision @ 1: 0.5391  AUC @ 1: 0.7517
Step 1400: loss = 0.7753 (0.036 sec)
Training Data Eval:
  Num examples: 3840  Num correct: 2149  Precision @ 1: 0.5596  AUC @ 1: 0.5681
Validation Data Eval:
  Num examples: 256  Num correct: 153  Precision @ 1: 0.5977  AUC @ 1: 0.5698
Test Data Eval:
  Num examples: 128  Num correct: 73  Precision @ 1: 0.5703  AUC @ 1: 0.7851
Step 1600: loss = 0.7677 (0.037 sec)
Training Data Eval:
  Num examples: 3840  Num correct: 2164  Precision @ 1: 0.5635  AUC @ 1: 0.5685
Validation Data Eval:
  Num examples: 256  Num correct: 153  Precision @ 1: 0.5977  AUC @ 1: 0.5665
Test Data Eval:
  Num examples: 128  Num correct: 72  Precision @ 1: 0.5625  AUC @ 1: 0.7798
Step 1800: loss = 0.7679 (0.077 sec)
Training Data Eval:
  Num examples: 3840  Num correct: 2170  Precision @ 1: 0.5651  AUC @ 1: 0.5710
Validation Data Eval:
  Num examples: 256  Num correct: 153  Precision @ 1: 0.5977  AUC @ 1: 0.5611
Test Data Eval:
  Num examples: 128  Num correct: 71  Precision @ 1: 0.5547  AUC @ 1: 0.7467
Step 2000: loss = 0.7810 (0.039 sec)
Training Data Eval:
  Num examples: 3840  Num correct: 2151  Precision @ 1: 0.5602  AUC @ 1: 0.5729
Validation Data Eval:
  Num examples: 256  Num correct: 153  Precision @ 1: 0.5977  AUC @ 1: 0.5585
Test Data Eval:
  Num examples: 128  Num correct: 78  Precision @ 1: 0.6094  AUC @ 1: 0.7956
Step 2200: loss = 0.7722 (0.037 sec)
Training Data Eval:
  Num examples: 3840  Num correct: 2219  Precision @ 1: 0.5779  AUC @ 1: 0.5719
Validation Data Eval:
  Num examples: 256  Num correct: 156  Precision @ 1: 0.6094  AUC @ 1: 0.5684
Test Data Eval:
  Num examples: 128  Num correct: 70  Precision @ 1: 0.5469  AUC @ 1: 0.8092
Step 2400: loss = 0.7656 (0.071 sec)
Training Data Eval:
  Num examples: 3840  Num correct: 2303  Precision @ 1: 0.5997  AUC @ 1: 0.5798
Validation Data Eval:
  Num examples: 256  Num correct: 154  Precision @ 1: 0.6016  AUC @ 1: 0.5627
Test Data Eval:
  Num examples: 128  Num correct: 65  Precision @ 1: 0.5078  AUC @ 1: 0.7902
Step 2600: loss = 0.7818 (0.037 sec)
Training Data Eval:
  Num examples: 3840  Num correct: 2261  Precision @ 1: 0.5888  AUC @ 1: 0.5827
Validation Data Eval:
  Num examples: 256  Num correct: 153  Precision @ 1: 0.5977  AUC @ 1: 0.5705
Test Data Eval:
  Num examples: 128  Num correct: 64  Precision @ 1: 0.5000  AUC @ 1: 0.8036
Step 2800: loss = 0.7780 (0.036 sec)
Training Data Eval:
  Num examples: 3840  Num correct: 2257  Precision @ 1: 0.5878  AUC @ 1: 0.5771
Validation Data Eval:
  Num examples: 256  Num correct: 150  Precision @ 1: 0.5859  AUC @ 1: 0.5799
Test Data Eval:
  Num examples: 128  Num correct: 65  Precision @ 1: 0.5078  AUC @ 1: 0.7786
Step 3000: loss = 0.7714 (0.075 sec)
Training Data Eval:
  Num examples: 3840  Num correct: 2262  Precision @ 1: 0.5891  AUC @ 1: 0.5807
Validation Data Eval:
  Num examples: 256  Num correct: 150  Precision @ 1: 0.5859  AUC @ 1: 0.5767
Test Data Eval:
  Num examples: 128  Num correct: 62  Precision @ 1: 0.4844  AUC @ 1: 0.8276
Step 3200: loss = 0.7897 (0.038 sec)
Training Data Eval:
  Num examples: 3840  Num correct: 2242  Precision @ 1: 0.5839  AUC @ 1: 0.5730
Validation Data Eval:
  Num examples: 256  Num correct: 151  Precision @ 1: 0.5898  AUC @ 1: 0.5749
Test Data Eval:
  Num examples: 128  Num correct: 62  Precision @ 1: 0.4844  AUC @ 1: 0.7798
Step 3400: loss = 0.7626 (0.037 sec)
Training Data Eval:
  Num examples: 3840  Num correct: 2260  Precision @ 1: 0.5885  AUC @ 1: 0.5800
Validation Data Eval:
  Num examples: 256  Num correct: 150  Precision @ 1: 0.5859  AUC @ 1: 0.5755
Test Data Eval:
  Num examples: 128  Num correct: 57  Precision @ 1: 0.4453  AUC @ 1: 0.7133
Step 3600: loss = 0.7737 (0.073 sec)
Training Data Eval:
  Num examples: 3840  Num correct: 2289  Precision @ 1: 0.5961  AUC @ 1: 0.5710
Validation Data Eval:
  Num examples: 256  Num correct: 150  Precision @ 1: 0.5859  AUC @ 1: 0.5750
Test Data Eval:
  Num examples: 128  Num correct: 62  Precision @ 1: 0.4844  AUC @ 1: 0.7527
Step 3800: loss = 0.7657 (0.038 sec)
Training Data Eval:
  Num examples: 3840  Num correct: 2233  Precision @ 1: 0.5815  AUC @ 1: 0.5827
Validation Data Eval:
  Num examples: 256  Num correct: 151  Precision @ 1: 0.5898  AUC @ 1: 0.5748
Test Data Eval:
  Num examples: 128  Num correct: 66  Precision @ 1: 0.5156  AUC @ 1: 0.7505
Step 4000: loss = 0.7570 (0.039 sec)
Training Data Eval:
  Num examples: 3840  Num correct: 2258  Precision @ 1: 0.5880  AUC @ 1: 0.5818
Validation Data Eval:
  Num examples: 256  Num correct: 151  Precision @ 1: 0.5898  AUC @ 1: 0.5749
Test Data Eval:
  Num examples: 128  Num correct: 65  Precision @ 1: 0.5078  AUC @ 1: 0.7806
Step 4200: loss = 0.7826 (0.077 sec)
Training Data Eval:
  Num examples: 3840  Num correct: 2261  Precision @ 1: 0.5888  AUC @ 1: 0.5759
Validation Data Eval:
  Num examples: 256  Num correct: 150  Precision @ 1: 0.5859  AUC @ 1: 0.5753
Test Data Eval:
  Num examples: 128  Num correct: 62  Precision @ 1: 0.4844  AUC @ 1: 0.8199
Step 4400: loss = 0.7833 (0.037 sec)
Training Data Eval:
  Num examples: 3840  Num correct: 2237  Precision @ 1: 0.5826  AUC @ 1: 0.5793
Validation Data Eval:
  Num examples: 256  Num correct: 149  Precision @ 1: 0.5820  AUC @ 1: 0.5820
Test Data Eval:
  Num examples: 128  Num correct: 65  Precision @ 1: 0.5078  AUC @ 1: 0.7819
Step 4600: loss = 0.7472 (0.038 sec)
Training Data Eval:
  Num examples: 3840  Num correct: 2253  Precision @ 1: 0.5867  AUC @ 1: 0.5856
Validation Data Eval:
  Num examples: 256  Num correct: 149  Precision @ 1: 0.5820  AUC @ 1: 0.5828
Test Data Eval:
  Num examples: 128  Num correct: 61  Precision @ 1: 0.4766  AUC @ 1: 0.7472
Step 4800: loss = 0.7502 (0.072 sec)
Training Data Eval:
  Num examples: 3840  Num correct: 2234  Precision @ 1: 0.5818  AUC @ 1: 0.5876
Validation Data Eval:
  Num examples: 256  Num correct: 149  Precision @ 1: 0.5820  AUC @ 1: 0.5794
Test Data Eval:
  Num examples: 128  Num correct: 64  Precision @ 1: 0.5000  AUC @ 1: 0.7875
Step 5000: loss = 0.7465 (0.038 sec)
Training Data Eval:
  Num examples: 3840  Num correct: 2238  Precision @ 1: 0.5828  AUC @ 1: 0.5862
Validation Data Eval:
  Num examples: 256  Num correct: 149  Precision @ 1: 0.5820  AUC @ 1: 0.5822
Test Data Eval:
  Num examples: 128  Num correct: 62  Precision @ 1: 0.4844  AUC @ 1: 0.7460
Step 5200: loss = 0.7294 (0.038 sec)
Training Data Eval:
  Num examples: 3840  Num correct: 2250  Precision @ 1: 0.5859  AUC @ 1: 0.5881
Validation Data Eval:
  Num examples: 256  Num correct: 149  Precision @ 1: 0.5820  AUC @ 1: 0.5799
Test Data Eval:
  Num examples: 128  Num correct: 68  Precision @ 1: 0.5312  AUC @ 1: 0.8051
Step 5400: loss = 0.7632 (0.076 sec)
Training Data Eval:
  Num examples: 3840  Num correct: 2243  Precision @ 1: 0.5841  AUC @ 1: 0.5807
Validation Data Eval:
  Num examples: 256  Num correct: 149  Precision @ 1: 0.5820  AUC @ 1: 0.5790
Test Data Eval:
  Num examples: 128  Num correct: 63  Precision @ 1: 0.4922  AUC @ 1: 0.8028
Step 5600: loss = 0.7831 (0.039 sec)
Training Data Eval:
  Num examples: 3840  Num correct: 2237  Precision @ 1: 0.5826  AUC @ 1: 0.5732
Validation Data Eval:
  Num examples: 256  Num correct: 148  Precision @ 1: 0.5781  AUC @ 1: 0.5795
Test Data Eval:
  Num examples: 128  Num correct: 67  Precision @ 1: 0.5234  AUC @ 1: 0.7824
Step 5800: loss = 0.7669 (0.037 sec)
Training Data Eval:
  Num examples: 3840  Num correct: 2256  Precision @ 1: 0.5875  AUC @ 1: 0.5923
Validation Data Eval:
  Num examples: 256  Num correct: 149  Precision @ 1: 0.5820  AUC @ 1: 0.5812
Test Data Eval:
  Num examples: 128  Num correct: 64  Precision @ 1: 0.5000  AUC @ 1: 0.8110
Step 6000: loss = 0.7607 (0.074 sec)
Training Data Eval:
  Num examples: 3840  Num correct: 2258  Precision @ 1: 0.5880  AUC @ 1: 0.5970
Validation Data Eval:
  Num examples: 256  Num correct: 149  Precision @ 1: 0.5820  AUC @ 1: 0.5800
Test Data Eval:
  Num examples: 128  Num correct: 66  Precision @ 1: 0.5156  AUC @ 1: 0.7905
Step 6200: loss = 0.7514 (0.036 sec)
Training Data Eval:
  Num examples: 3840  Num correct: 2273  Precision @ 1: 0.5919  AUC @ 1: 0.5942
Validation Data Eval:
  Num examples: 256  Num correct: 149  Precision @ 1: 0.5820  AUC @ 1: 0.5728
Test Data Eval:
  Num examples: 128  Num correct: 58  Precision @ 1: 0.4531  AUC @ 1: 0.7703
Step 6400: loss = 0.7493 (0.037 sec)
Training Data Eval:
  Num examples: 3840  Num correct: 2254  Precision @ 1: 0.5870  AUC @ 1: 0.5920
Validation Data Eval:
  Num examples: 256  Num correct: 149  Precision @ 1: 0.5820  AUC @ 1: 0.5724
Test Data Eval:
  Num examples: 128  Num correct: 64  Precision @ 1: 0.5000  AUC @ 1: 0.7519
Step 6600: loss = 0.7304 (0.073 sec)
Training Data Eval:
  Num examples: 3840  Num correct: 2275  Precision @ 1: 0.5924  AUC @ 1: 0.5981
Validation Data Eval:
  Num examples: 256  Num correct: 150  Precision @ 1: 0.5859  AUC @ 1: 0.5721
Test Data Eval:
  Num examples: 128  Num correct: 62  Precision @ 1: 0.4844  AUC @ 1: 0.7482
Step 6800: loss = 0.7542 (0.037 sec)
Training Data Eval:
  Num examples: 3840  Num correct: 2248  Precision @ 1: 0.5854  AUC @ 1: 0.5919
Validation Data Eval:
  Num examples: 256  Num correct: 149  Precision @ 1: 0.5820  AUC @ 1: 0.5725
Test Data Eval:
  Num examples: 128  Num correct: 59  Precision @ 1: 0.4609  AUC @ 1: 0.7860
Step 7000: loss = 0.7314 (0.037 sec)
Training Data Eval:
  Num examples: 3840  Num correct: 2253  Precision @ 1: 0.5867  AUC @ 1: 0.5961
Validation Data Eval:
  Num examples: 256  Num correct: 149  Precision @ 1: 0.5820  AUC @ 1: 0.5718
Test Data Eval:
  Num examples: 128  Num correct: 63  Precision @ 1: 0.4922  AUC @ 1: 0.7578
Step 7200: loss = 0.7872 (0.070 sec)
Training Data Eval:
  Num examples: 3840  Num correct: 2264  Precision @ 1: 0.5896  AUC @ 1: 0.6034
Validation Data Eval:
  Num examples: 256  Num correct: 151  Precision @ 1: 0.5898  AUC @ 1: 0.5726
Test Data Eval:
  Num examples: 128  Num correct: 61  Precision @ 1: 0.4766  AUC @ 1: 0.8028
Step 7400: loss = 0.7304 (0.036 sec)
Training Data Eval:
  Num examples: 3840  Num correct: 2247  Precision @ 1: 0.5852  AUC @ 1: 0.5856
Validation Data Eval:
  Num examples: 256  Num correct: 151  Precision @ 1: 0.5898  AUC @ 1: 0.5741
Test Data Eval:
  Num examples: 128  Num correct: 57  Precision @ 1: 0.4453  AUC @ 1: 0.7234
Step 7600: loss = 0.7353 (0.038 sec)
Training Data Eval:
  Num examples: 3840  Num correct: 2263  Precision @ 1: 0.5893  AUC @ 1: 0.6003
Validation Data Eval:
  Num examples: 256  Num correct: 151  Precision @ 1: 0.5898  AUC @ 1: 0.5752
Test Data Eval:
  Num examples: 128  Num correct: 59  Precision @ 1: 0.4609  AUC @ 1: 0.7405
Step 7800: loss = 0.7145 (0.072 sec)
Training Data Eval:
  Num examples: 3840  Num correct: 2259  Precision @ 1: 0.5883  AUC @ 1: 0.6084
Validation Data Eval:
  Num examples: 256  Num correct: 151  Precision @ 1: 0.5898  AUC @ 1: 0.5767
Test Data Eval:
  Num examples: 128  Num correct: 53  Precision @ 1: 0.4141  AUC @ 1: 0.7529
Step 8000: loss = 0.7306 (0.038 sec)
Training Data Eval:
  Num examples: 3840  Num correct: 2270  Precision @ 1: 0.5911  AUC @ 1: 0.6024
Validation Data Eval:
  Num examples: 256  Num correct: 150  Precision @ 1: 0.5859  AUC @ 1: 0.5786
Test Data Eval:
  Num examples: 128  Num correct: 61  Precision @ 1: 0.4766  AUC @ 1: 0.7536
Step 8200: loss = 0.7355 (0.038 sec)
Training Data Eval:
  Num examples: 3840  Num correct: 2269  Precision @ 1: 0.5909  AUC @ 1: 0.6028
Validation Data Eval:
  Num examples: 256  Num correct: 151  Precision @ 1: 0.5898  AUC @ 1: 0.5803
Test Data Eval:
  Num examples: 128  Num correct: 66  Precision @ 1: 0.5156  AUC @ 1: 0.7710
Step 8400: loss = 0.7375 (0.079 sec)
Training Data Eval:
  Num examples: 3840  Num correct: 2267  Precision @ 1: 0.5904  AUC @ 1: 0.6008
Validation Data Eval:
  Num examples: 256  Num correct: 150  Precision @ 1: 0.5859  AUC @ 1: 0.5776
Test Data Eval:
  Num examples: 128  Num correct: 58  Precision @ 1: 0.4531  AUC @ 1: 0.7818
Step 8600: loss = 0.7493 (0.037 sec)
Training Data Eval:
  Num examples: 3840  Num correct: 2259  Precision @ 1: 0.5883  AUC @ 1: 0.5981
Validation Data Eval:
  Num examples: 256  Num correct: 150  Precision @ 1: 0.5859  AUC @ 1: 0.5766
Test Data Eval:
  Num examples: 128  Num correct: 61  Precision @ 1: 0.4766  AUC @ 1: 0.7601
Step 8800: loss = 0.7576 (0.038 sec)
Training Data Eval:
  Num examples: 3840  Num correct: 2267  Precision @ 1: 0.5904  AUC @ 1: 0.6069
Validation Data Eval:
  Num examples: 256  Num correct: 150  Precision @ 1: 0.5859  AUC @ 1: 0.5767
Test Data Eval:
  Num examples: 128  Num correct: 60  Precision @ 1: 0.4688  AUC @ 1: 0.7702
Step 9000: loss = 0.7278 (0.070 sec)
Training Data Eval:
  Num examples: 3840  Num correct: 2253  Precision @ 1: 0.5867  AUC @ 1: 0.6081
Validation Data Eval:
  Num examples: 256  Num correct: 151  Precision @ 1: 0.5898  AUC @ 1: 0.5762
Test Data Eval:
  Num examples: 128  Num correct: 67  Precision @ 1: 0.5234  AUC @ 1: 0.7654
Step 9200: loss = 0.7326 (0.037 sec)
Training Data Eval:
  Num examples: 3840  Num correct: 2247  Precision @ 1: 0.5852  AUC @ 1: 0.6108
Validation Data Eval:
  Num examples: 256  Num correct: 152  Precision @ 1: 0.5938  AUC @ 1: 0.5766
Test Data Eval:
  Num examples: 128  Num correct: 57  Precision @ 1: 0.4453  AUC @ 1: 0.7608
Step 9400: loss = 0.7471 (0.036 sec)
Training Data Eval:
  Num examples: 3840  Num correct: 2276  Precision @ 1: 0.5927  AUC @ 1: 0.6115
Validation Data Eval:
  Num examples: 256  Num correct: 152  Precision @ 1: 0.5938  AUC @ 1: 0.5759
Test Data Eval:
  Num examples: 128  Num correct: 65  Precision @ 1: 0.5078  AUC @ 1: 0.7985
Step 9600: loss = 0.7837 (0.073 sec)
Training Data Eval:
  Num examples: 3840  Num correct: 2258  Precision @ 1: 0.5880  AUC @ 1: 0.6021
Validation Data Eval:
  Num examples: 256  Num correct: 152  Precision @ 1: 0.5938  AUC @ 1: 0.5780
Test Data Eval:
  Num examples: 128  Num correct: 64  Precision @ 1: 0.5000  AUC @ 1: 0.7803
Step 9800: loss = 0.7470 (0.037 sec)
Training Data Eval:
  Num examples: 3840  Num correct: 2277  Precision @ 1: 0.5930  AUC @ 1: 0.6106
Validation Data Eval:
  Num examples: 256  Num correct: 153  Precision @ 1: 0.5977  AUC @ 1: 0.5715
Test Data Eval:
  Num examples: 128  Num correct: 67  Precision @ 1: 0.5234  AUC @ 1: 0.7489
