Training data shape: 	(10000, 64, 64, 1)
Training label shape:	(10000,)
Testing data shape:  	(1910, 64, 64, 1)
Testing label shape: 	(1910,)
max input value is: 153.458
min input value is: -104.189
random permuted training data
==============================================================================
Model: 			inference_global_s_cnn
Tensor Name: 	Placeholder:0
[64, 64, 64, 1]
==============================================================================
Tensor Name: conv1/conv1:0
[64, 1, 64, 16]
==============================================================================
Tensor Name: MaxPool:0
[64, 1, 32, 16]
==============================================================================
Tensor Name: local1/local1:0
[64, 128]
==============================================================================
Tensor Name: local2/local2:0
[64, 128]
==============================================================================
Tensor Name: softmax_linear/softmax_linear:0
[64, 2]
Step 0: loss = 0.8953 (0.019 sec)
Training Data Eval:
  Num examples: 8960  Num correct: 4946  Precision @ 1: 0.5520  AUC @ 1: 0.7410
Validation Data Eval:
  Num examples: 960  Num correct: 569  Precision @ 1: 0.5927  AUC @ 1: 0.7277
Test Data Eval:
  Num examples: 1856  Num correct: 1063  Precision @ 1: 0.5727  AUC @ 1: 0.6736
Step 100: loss = 0.8820 (0.010 sec)
Training Data Eval:
  Num examples: 8960  Num correct: 6570  Precision @ 1: 0.7333  AUC @ 1: 0.7827
Validation Data Eval:
  Num examples: 960  Num correct: 689  Precision @ 1: 0.7177  AUC @ 1: 0.7762
Test Data Eval:
  Num examples: 1856  Num correct: 1272  Precision @ 1: 0.6853  AUC @ 1: 0.7168
Step 200: loss = 0.8277 (0.011 sec)
Training Data Eval:
  Num examples: 8960  Num correct: 6820  Precision @ 1: 0.7612  AUC @ 1: 0.8227
Validation Data Eval:
  Num examples: 960  Num correct: 734  Precision @ 1: 0.7646  AUC @ 1: 0.8151
Test Data Eval:
  Num examples: 1856  Num correct: 1285  Precision @ 1: 0.6923  AUC @ 1: 0.7340
Step 300: loss = 0.7419 (0.010 sec)
Training Data Eval:
  Num examples: 8960  Num correct: 7134  Precision @ 1: 0.7962  AUC @ 1: 0.8624
Validation Data Eval:
  Num examples: 960  Num correct: 756  Precision @ 1: 0.7875  AUC @ 1: 0.8381
Test Data Eval:
  Num examples: 1856  Num correct: 1339  Precision @ 1: 0.7214  AUC @ 1: 0.7562
Step 400: loss = 0.6310 (0.011 sec)
Training Data Eval:
  Num examples: 8960  Num correct: 7207  Precision @ 1: 0.8044  AUC @ 1: 0.8726
Validation Data Eval:
  Num examples: 960  Num correct: 755  Precision @ 1: 0.7865  AUC @ 1: 0.8492
Test Data Eval:
  Num examples: 1856  Num correct: 1324  Precision @ 1: 0.7134  AUC @ 1: 0.7583
Step 500: loss = 0.6032 (0.012 sec)
Training Data Eval:
  Num examples: 8960  Num correct: 7322  Precision @ 1: 0.8172  AUC @ 1: 0.8826
Validation Data Eval:
  Num examples: 960  Num correct: 767  Precision @ 1: 0.7990  AUC @ 1: 0.8478
Test Data Eval:
  Num examples: 1856  Num correct: 1372  Precision @ 1: 0.7392  AUC @ 1: 0.7807
Step 600: loss = 0.5111 (0.011 sec)
Training Data Eval:
  Num examples: 8960  Num correct: 7302  Precision @ 1: 0.8150  AUC @ 1: 0.8993
Validation Data Eval:
  Num examples: 960  Num correct: 770  Precision @ 1: 0.8021  AUC @ 1: 0.8607
Test Data Eval:
  Num examples: 1856  Num correct: 1337  Precision @ 1: 0.7204  AUC @ 1: 0.7836
Step 700: loss = 0.4627 (0.093 sec)
Training Data Eval:
  Num examples: 8960  Num correct: 7474  Precision @ 1: 0.8342  AUC @ 1: 0.9003
Validation Data Eval:
  Num examples: 960  Num correct: 782  Precision @ 1: 0.8146  AUC @ 1: 0.8608
Test Data Eval:
  Num examples: 1856  Num correct: 1404  Precision @ 1: 0.7565  AUC @ 1: 0.7930
Step 800: loss = 0.5715 (0.010 sec)
Training Data Eval:
  Num examples: 8960  Num correct: 7509  Precision @ 1: 0.8381  AUC @ 1: 0.9111
Validation Data Eval:
  Num examples: 960  Num correct: 780  Precision @ 1: 0.8125  AUC @ 1: 0.8612
Test Data Eval:
  Num examples: 1856  Num correct: 1378  Precision @ 1: 0.7425  AUC @ 1: 0.7888
Step 900: loss = 0.4731 (0.011 sec)
Training Data Eval:
  Num examples: 8960  Num correct: 7504  Precision @ 1: 0.8375  AUC @ 1: 0.9140
Validation Data Eval:
  Num examples: 960  Num correct: 774  Precision @ 1: 0.8063  AUC @ 1: 0.8635
Test Data Eval:
  Num examples: 1856  Num correct: 1398  Precision @ 1: 0.7532  AUC @ 1: 0.7972
Step 1000: loss = 0.4628 (0.011 sec)
Training Data Eval:
  Num examples: 8960  Num correct: 7606  Precision @ 1: 0.8489  AUC @ 1: 0.9246
Validation Data Eval:
  Num examples: 960  Num correct: 782  Precision @ 1: 0.8146  AUC @ 1: 0.8662
Test Data Eval:
  Num examples: 1856  Num correct: 1385  Precision @ 1: 0.7462  AUC @ 1: 0.8025
Step 1100: loss = 0.4010 (0.011 sec)
Training Data Eval:
  Num examples: 8960  Num correct: 7613  Precision @ 1: 0.8497  AUC @ 1: 0.9260
Validation Data Eval:
  Num examples: 960  Num correct: 795  Precision @ 1: 0.8281  AUC @ 1: 0.8717
Test Data Eval:
  Num examples: 1856  Num correct: 1409  Precision @ 1: 0.7592  AUC @ 1: 0.7969
Step 1200: loss = 0.4636 (0.011 sec)
Training Data Eval:
  Num examples: 8960  Num correct: 7678  Precision @ 1: 0.8569  AUC @ 1: 0.9288
Validation Data Eval:
  Num examples: 960  Num correct: 774  Precision @ 1: 0.8063  AUC @ 1: 0.8640
Test Data Eval:
  Num examples: 1856  Num correct: 1384  Precision @ 1: 0.7457  AUC @ 1: 0.7924
Step 1300: loss = 0.4927 (0.010 sec)
Training Data Eval:
  Num examples: 8960  Num correct: 7704  Precision @ 1: 0.8598  AUC @ 1: 0.9373
Validation Data Eval:
  Num examples: 960  Num correct: 745  Precision @ 1: 0.7760  AUC @ 1: 0.8617
Test Data Eval:
  Num examples: 1856  Num correct: 1338  Precision @ 1: 0.7209  AUC @ 1: 0.7966
Step 1400: loss = 0.3335 (0.090 sec)
Training Data Eval:
  Num examples: 8960  Num correct: 7787  Precision @ 1: 0.8691  AUC @ 1: 0.9396
Validation Data Eval:
  Num examples: 960  Num correct: 789  Precision @ 1: 0.8219  AUC @ 1: 0.8647
Test Data Eval:
  Num examples: 1856  Num correct: 1386  Precision @ 1: 0.7468  AUC @ 1: 0.8039
Step 1500: loss = 0.4455 (0.010 sec)
Training Data Eval:
  Num examples: 8960  Num correct: 7562  Precision @ 1: 0.8440  AUC @ 1: 0.9379
Validation Data Eval:
  Num examples: 960  Num correct: 742  Precision @ 1: 0.7729  AUC @ 1: 0.8618
Test Data Eval:
  Num examples: 1856  Num correct: 1318  Precision @ 1: 0.7101  AUC @ 1: 0.8004
Step 1600: loss = 0.4413 (0.010 sec)
Training Data Eval:
  Num examples: 8960  Num correct: 7925  Precision @ 1: 0.8845  AUC @ 1: 0.9474
Validation Data Eval:
  Num examples: 960  Num correct: 775  Precision @ 1: 0.8073  AUC @ 1: 0.8671
Test Data Eval:
  Num examples: 1856  Num correct: 1380  Precision @ 1: 0.7435  AUC @ 1: 0.8057
Step 1700: loss = 0.3821 (0.011 sec)
Training Data Eval:
  Num examples: 8960  Num correct: 7850  Precision @ 1: 0.8761  AUC @ 1: 0.9478
Validation Data Eval:
  Num examples: 960  Num correct: 787  Precision @ 1: 0.8198  AUC @ 1: 0.8726
Test Data Eval:
  Num examples: 1856  Num correct: 1405  Precision @ 1: 0.7570  AUC @ 1: 0.8080
Step 1800: loss = 0.3033 (0.011 sec)
Training Data Eval:
  Num examples: 8960  Num correct: 7996  Precision @ 1: 0.8924  AUC @ 1: 0.9567
Validation Data Eval:
  Num examples: 960  Num correct: 785  Precision @ 1: 0.8177  AUC @ 1: 0.8745
Test Data Eval:
  Num examples: 1856  Num correct: 1408  Precision @ 1: 0.7586  AUC @ 1: 0.8045
Step 1900: loss = 0.4703 (0.011 sec)
Training Data Eval:
  Num examples: 8960  Num correct: 7824  Precision @ 1: 0.8732  AUC @ 1: 0.9567
Validation Data Eval:
  Num examples: 960  Num correct: 784  Precision @ 1: 0.8167  AUC @ 1: 0.8681
Test Data Eval:
  Num examples: 1856  Num correct: 1388  Precision @ 1: 0.7478  AUC @ 1: 0.7999
Step 2000: loss = 0.3861 (0.011 sec)
Training Data Eval:
  Num examples: 8960  Num correct: 8128  Precision @ 1: 0.9071  AUC @ 1: 0.9646
Validation Data Eval:
  Num examples: 960  Num correct: 779  Precision @ 1: 0.8115  AUC @ 1: 0.8702
Test Data Eval:
  Num examples: 1856  Num correct: 1385  Precision @ 1: 0.7462  AUC @ 1: 0.7993
Step 2100: loss = 0.4769 (0.093 sec)
Training Data Eval:
  Num examples: 8960  Num correct: 8088  Precision @ 1: 0.9027  AUC @ 1: 0.9636
Validation Data Eval:
  Num examples: 960  Num correct: 775  Precision @ 1: 0.8073  AUC @ 1: 0.8737
Test Data Eval:
  Num examples: 1856  Num correct: 1368  Precision @ 1: 0.7371  AUC @ 1: 0.8044
Step 2200: loss = 0.3463 (0.011 sec)
Training Data Eval:
  Num examples: 8960  Num correct: 8005  Precision @ 1: 0.8934  AUC @ 1: 0.9594
Validation Data Eval:
  Num examples: 960  Num correct: 763  Precision @ 1: 0.7948  AUC @ 1: 0.8768
Test Data Eval:
  Num examples: 1856  Num correct: 1382  Precision @ 1: 0.7446  AUC @ 1: 0.8128
Step 2300: loss = 0.4038 (0.011 sec)
Training Data Eval:
  Num examples: 8960  Num correct: 8152  Precision @ 1: 0.9098  AUC @ 1: 0.9679
Validation Data Eval:
  Num examples: 960  Num correct: 761  Precision @ 1: 0.7927  AUC @ 1: 0.8677
Test Data Eval:
  Num examples: 1856  Num correct: 1359  Precision @ 1: 0.7322  AUC @ 1: 0.8068
Step 2400: loss = 0.4813 (0.012 sec)
Training Data Eval:
  Num examples: 8960  Num correct: 7999  Precision @ 1: 0.8927  AUC @ 1: 0.9669
Validation Data Eval:
  Num examples: 960  Num correct: 781  Precision @ 1: 0.8135  AUC @ 1: 0.8728
Test Data Eval:
  Num examples: 1856  Num correct: 1373  Precision @ 1: 0.7398  AUC @ 1: 0.7692
Step 2500: loss = 0.3893 (0.011 sec)
Training Data Eval:
  Num examples: 8960  Num correct: 7812  Precision @ 1: 0.8719  AUC @ 1: 0.9727
Validation Data Eval:
  Num examples: 960  Num correct: 778  Precision @ 1: 0.8104  AUC @ 1: 0.8693
Test Data Eval:
  Num examples: 1856  Num correct: 1364  Precision @ 1: 0.7349  AUC @ 1: 0.7804
Step 2600: loss = 0.3570 (0.011 sec)
Training Data Eval:
  Num examples: 8960  Num correct: 8279  Precision @ 1: 0.9240  AUC @ 1: 0.9741
Validation Data Eval:
  Num examples: 960  Num correct: 789  Precision @ 1: 0.8219  AUC @ 1: 0.8772
Test Data Eval:
  Num examples: 1856  Num correct: 1399  Precision @ 1: 0.7538  AUC @ 1: 0.8025
Step 2700: loss = 0.3151 (0.011 sec)
Training Data Eval:
  Num examples: 8960  Num correct: 8227  Precision @ 1: 0.9182  AUC @ 1: 0.9770
Validation Data Eval:
  Num examples: 960  Num correct: 797  Precision @ 1: 0.8302  AUC @ 1: 0.8729
Test Data Eval:
  Num examples: 1856  Num correct: 1406  Precision @ 1: 0.7575  AUC @ 1: 0.7948
Step 2800: loss = 0.3344 (0.096 sec)
Training Data Eval:
  Num examples: 8960  Num correct: 8234  Precision @ 1: 0.9190  AUC @ 1: 0.9748
Validation Data Eval:
  Num examples: 960  Num correct: 778  Precision @ 1: 0.8104  AUC @ 1: 0.8688
Test Data Eval:
  Num examples: 1856  Num correct: 1392  Precision @ 1: 0.7500  AUC @ 1: 0.7941
Step 2900: loss = 0.3225 (0.011 sec)
Training Data Eval:
  Num examples: 8960  Num correct: 8226  Precision @ 1: 0.9181  AUC @ 1: 0.9804
Validation Data Eval:
  Num examples: 960  Num correct: 778  Precision @ 1: 0.8104  AUC @ 1: 0.8728
Test Data Eval:
  Num examples: 1856  Num correct: 1384  Precision @ 1: 0.7457  AUC @ 1: 0.7848
Step 3000: loss = 0.2508 (0.010 sec)
Training Data Eval:
  Num examples: 8960  Num correct: 8363  Precision @ 1: 0.9334  AUC @ 1: 0.9795
Validation Data Eval:
  Num examples: 960  Num correct: 763  Precision @ 1: 0.7948  AUC @ 1: 0.8723
Test Data Eval:
  Num examples: 1856  Num correct: 1359  Precision @ 1: 0.7322  AUC @ 1: 0.7958
Step 3100: loss = 0.3934 (0.011 sec)
Training Data Eval:
  Num examples: 8960  Num correct: 8121  Precision @ 1: 0.9064  AUC @ 1: 0.9836
Validation Data Eval:
  Num examples: 960  Num correct: 781  Precision @ 1: 0.8135  AUC @ 1: 0.8610
Test Data Eval:
  Num examples: 1856  Num correct: 1371  Precision @ 1: 0.7387  AUC @ 1: 0.7723
Step 3200: loss = 0.3131 (0.010 sec)
Training Data Eval:
  Num examples: 8960  Num correct: 8418  Precision @ 1: 0.9395  AUC @ 1: 0.9853
Validation Data Eval:
  Num examples: 960  Num correct: 794  Precision @ 1: 0.8271  AUC @ 1: 0.8720
Test Data Eval:
  Num examples: 1856  Num correct: 1385  Precision @ 1: 0.7462  AUC @ 1: 0.7888
Step 3300: loss = 0.2968 (0.011 sec)
Training Data Eval:
  Num examples: 8960  Num correct: 8437  Precision @ 1: 0.9416  AUC @ 1: 0.9867
Validation Data Eval:
  Num examples: 960  Num correct: 776  Precision @ 1: 0.8083  AUC @ 1: 0.8700
Test Data Eval:
  Num examples: 1856  Num correct: 1379  Precision @ 1: 0.7430  AUC @ 1: 0.7783
Step 3400: loss = 0.3957 (0.011 sec)
Training Data Eval:
  Num examples: 8960  Num correct: 8444  Precision @ 1: 0.9424  AUC @ 1: 0.9849
Validation Data Eval:
  Num examples: 960  Num correct: 766  Precision @ 1: 0.7979  AUC @ 1: 0.8658
Test Data Eval:
  Num examples: 1856  Num correct: 1358  Precision @ 1: 0.7317  AUC @ 1: 0.7805
Step 3500: loss = 0.3650 (0.100 sec)
Training Data Eval:
  Num examples: 8960  Num correct: 8485  Precision @ 1: 0.9470  AUC @ 1: 0.9876
Validation Data Eval:
  Num examples: 960  Num correct: 773  Precision @ 1: 0.8052  AUC @ 1: 0.8695
Test Data Eval:
  Num examples: 1856  Num correct: 1371  Precision @ 1: 0.7387  AUC @ 1: 0.7778
Step 3600: loss = 0.3565 (0.011 sec)
Training Data Eval:
  Num examples: 8960  Num correct: 8450  Precision @ 1: 0.9431  AUC @ 1: 0.9889
Validation Data Eval:
  Num examples: 960  Num correct: 788  Precision @ 1: 0.8208  AUC @ 1: 0.8735
Test Data Eval:
  Num examples: 1856  Num correct: 1399  Precision @ 1: 0.7538  AUC @ 1: 0.7925
Step 3700: loss = 0.3807 (0.011 sec)
Training Data Eval:
  Num examples: 8960  Num correct: 8327  Precision @ 1: 0.9294  AUC @ 1: 0.9847
Validation Data Eval:
  Num examples: 960  Num correct: 788  Precision @ 1: 0.8208  AUC @ 1: 0.8760
Test Data Eval:
  Num examples: 1856  Num correct: 1370  Precision @ 1: 0.7381  AUC @ 1: 0.7791
Step 3800: loss = 0.3184 (0.011 sec)
Training Data Eval:
  Num examples: 8960  Num correct: 8583  Precision @ 1: 0.9579  AUC @ 1: 0.9914
Validation Data Eval:
  Num examples: 960  Num correct: 794  Precision @ 1: 0.8271  AUC @ 1: 0.8736
Test Data Eval:
  Num examples: 1856  Num correct: 1376  Precision @ 1: 0.7414  AUC @ 1: 0.7904
Step 3900: loss = 0.3382 (0.011 sec)
Training Data Eval:
  Num examples: 8960  Num correct: 8527  Precision @ 1: 0.9517  AUC @ 1: 0.9888
Validation Data Eval:
  Num examples: 960  Num correct: 774  Precision @ 1: 0.8063  AUC @ 1: 0.8636
Test Data Eval:
  Num examples: 1856  Num correct: 1367  Precision @ 1: 0.7365  AUC @ 1: 0.7977
Step 4000: loss = 0.2646 (0.011 sec)
Training Data Eval:
  Num examples: 8960  Num correct: 8462  Precision @ 1: 0.9444  AUC @ 1: 0.9881
Validation Data Eval:
  Num examples: 960  Num correct: 785  Precision @ 1: 0.8177  AUC @ 1: 0.8719
Test Data Eval:
  Num examples: 1856  Num correct: 1377  Precision @ 1: 0.7419  AUC @ 1: 0.7987
Step 4100: loss = 0.3285 (0.011 sec)
Training Data Eval:
  Num examples: 8960  Num correct: 8618  Precision @ 1: 0.9618  AUC @ 1: 0.9927
Validation Data Eval:
  Num examples: 960  Num correct: 779  Precision @ 1: 0.8115  AUC @ 1: 0.8639
Test Data Eval:
  Num examples: 1856  Num correct: 1347  Precision @ 1: 0.7258  AUC @ 1: 0.7858
Step 4200: loss = 0.3050 (0.096 sec)
Training Data Eval:
  Num examples: 8960  Num correct: 8545  Precision @ 1: 0.9537  AUC @ 1: 0.9913
Validation Data Eval:
  Num examples: 960  Num correct: 775  Precision @ 1: 0.8073  AUC @ 1: 0.8680
Test Data Eval:
  Num examples: 1856  Num correct: 1365  Precision @ 1: 0.7355  AUC @ 1: 0.7792
Step 4300: loss = 0.3974 (0.011 sec)
Training Data Eval:
  Num examples: 8960  Num correct: 8519  Precision @ 1: 0.9508  AUC @ 1: 0.9904
Validation Data Eval:
  Num examples: 960  Num correct: 769  Precision @ 1: 0.8010  AUC @ 1: 0.8658
Test Data Eval:
  Num examples: 1856  Num correct: 1339  Precision @ 1: 0.7214  AUC @ 1: 0.7800
Step 4400: loss = 0.2580 (0.011 sec)
Training Data Eval:
  Num examples: 8960  Num correct: 8589  Precision @ 1: 0.9586  AUC @ 1: 0.9931
Validation Data Eval:
  Num examples: 960  Num correct: 777  Precision @ 1: 0.8094  AUC @ 1: 0.8676
Test Data Eval:
  Num examples: 1856  Num correct: 1375  Precision @ 1: 0.7408  AUC @ 1: 0.7892
Step 4500: loss = 0.2865 (0.011 sec)
Training Data Eval:
  Num examples: 8960  Num correct: 8501  Precision @ 1: 0.9488  AUC @ 1: 0.9950
Validation Data Eval:
  Num examples: 960  Num correct: 783  Precision @ 1: 0.8156  AUC @ 1: 0.8536
Test Data Eval:
  Num examples: 1856  Num correct: 1365  Precision @ 1: 0.7355  AUC @ 1: 0.7645
Step 4600: loss = 0.3017 (0.011 sec)
Training Data Eval:
  Num examples: 8960  Num correct: 8671  Precision @ 1: 0.9677  AUC @ 1: 0.9942
Validation Data Eval:
  Num examples: 960  Num correct: 760  Precision @ 1: 0.7917  AUC @ 1: 0.8606
Test Data Eval:
  Num examples: 1856  Num correct: 1357  Precision @ 1: 0.7311  AUC @ 1: 0.7749
Step 4700: loss = 0.2120 (0.011 sec)
Training Data Eval:
  Num examples: 8960  Num correct: 8608  Precision @ 1: 0.9607  AUC @ 1: 0.9933
Validation Data Eval:
  Num examples: 960  Num correct: 765  Precision @ 1: 0.7969  AUC @ 1: 0.8631
Test Data Eval:
  Num examples: 1856  Num correct: 1353  Precision @ 1: 0.7290  AUC @ 1: 0.7878
Step 4800: loss = 0.3047 (0.011 sec)
Training Data Eval:
  Num examples: 8960  Num correct: 8663  Precision @ 1: 0.9669  AUC @ 1: 0.9950
Validation Data Eval:
  Num examples: 960  Num correct: 767  Precision @ 1: 0.7990  AUC @ 1: 0.8606
Test Data Eval:
  Num examples: 1856  Num correct: 1325  Precision @ 1: 0.7139  AUC @ 1: 0.7692
Step 4900: loss = 0.2739 (0.098 sec)
Training Data Eval:
  Num examples: 8960  Num correct: 8612  Precision @ 1: 0.9612  AUC @ 1: 0.9929
Validation Data Eval:
  Num examples: 960  Num correct: 780  Precision @ 1: 0.8125  AUC @ 1: 0.8643
Test Data Eval:
  Num examples: 1856  Num correct: 1365  Precision @ 1: 0.7355  AUC @ 1: 0.7769
Step 5000: loss = 0.3401 (0.011 sec)
Training Data Eval:
  Num examples: 8960  Num correct: 8663  Precision @ 1: 0.9669  AUC @ 1: 0.9962
Validation Data Eval:
  Num examples: 960  Num correct: 787  Precision @ 1: 0.8198  AUC @ 1: 0.8705
Test Data Eval:
  Num examples: 1856  Num correct: 1364  Precision @ 1: 0.7349  AUC @ 1: 0.7752
Step 5100: loss = 0.3133 (0.011 sec)
Training Data Eval:
  Num examples: 8960  Num correct: 8510  Precision @ 1: 0.9498  AUC @ 1: 0.9938
Validation Data Eval:
  Num examples: 960  Num correct: 780  Precision @ 1: 0.8125  AUC @ 1: 0.8753
Test Data Eval:
  Num examples: 1856  Num correct: 1379  Precision @ 1: 0.7430  AUC @ 1: 0.7820
Step 5200: loss = 0.3461 (0.011 sec)
Training Data Eval:
  Num examples: 8960  Num correct: 8691  Precision @ 1: 0.9700  AUC @ 1: 0.9958
Validation Data Eval:
  Num examples: 960  Num correct: 751  Precision @ 1: 0.7823  AUC @ 1: 0.8574
Test Data Eval:
  Num examples: 1856  Num correct: 1333  Precision @ 1: 0.7182  AUC @ 1: 0.7722
Step 5300: loss = 0.2936 (0.011 sec)
Training Data Eval:
  Num examples: 8960  Num correct: 8677  Precision @ 1: 0.9684  AUC @ 1: 0.9949
Validation Data Eval:
  Num examples: 960  Num correct: 778  Precision @ 1: 0.8104  AUC @ 1: 0.8665
Test Data Eval:
  Num examples: 1856  Num correct: 1335  Precision @ 1: 0.7193  AUC @ 1: 0.7567
Step 5400: loss = 0.3459 (0.011 sec)
Training Data Eval:
  Num examples: 8960  Num correct: 8693  Precision @ 1: 0.9702  AUC @ 1: 0.9962
Validation Data Eval:
  Num examples: 960  Num correct: 769  Precision @ 1: 0.8010  AUC @ 1: 0.8643
Test Data Eval:
  Num examples: 1856  Num correct: 1349  Precision @ 1: 0.7268  AUC @ 1: 0.7724
Step 5500: loss = 0.3979 (0.011 sec)
Training Data Eval:
  Num examples: 8960  Num correct: 8657  Precision @ 1: 0.9662  AUC @ 1: 0.9958
Validation Data Eval:
  Num examples: 960  Num correct: 784  Precision @ 1: 0.8167  AUC @ 1: 0.8710
Test Data Eval:
  Num examples: 1856  Num correct: 1351  Precision @ 1: 0.7279  AUC @ 1: 0.7824
Step 5600: loss = 0.3785 (0.085 sec)
Training Data Eval:
  Num examples: 8960  Num correct: 8721  Precision @ 1: 0.9733  AUC @ 1: 0.9971
Validation Data Eval:
  Num examples: 960  Num correct: 757  Precision @ 1: 0.7885  AUC @ 1: 0.8620
Test Data Eval:
  Num examples: 1856  Num correct: 1293  Precision @ 1: 0.6967  AUC @ 1: 0.7658
Step 5700: loss = 0.2780 (0.011 sec)
Training Data Eval:
  Num examples: 8960  Num correct: 8612  Precision @ 1: 0.9612  AUC @ 1: 0.9934
Validation Data Eval:
  Num examples: 960  Num correct: 768  Precision @ 1: 0.8000  AUC @ 1: 0.8681
Test Data Eval:
  Num examples: 1856  Num correct: 1343  Precision @ 1: 0.7236  AUC @ 1: 0.7684
Step 5800: loss = 0.3088 (0.011 sec)
Training Data Eval:
  Num examples: 8960  Num correct: 8709  Precision @ 1: 0.9720  AUC @ 1: 0.9968
Validation Data Eval:
  Num examples: 960  Num correct: 776  Precision @ 1: 0.8083  AUC @ 1: 0.8693
Test Data Eval:
  Num examples: 1856  Num correct: 1365  Precision @ 1: 0.7355  AUC @ 1: 0.7796
Step 5900: loss = 0.2628 (0.010 sec)
Training Data Eval:
  Num examples: 8960  Num correct: 8684  Precision @ 1: 0.9692  AUC @ 1: 0.9964
Validation Data Eval:
  Num examples: 960  Num correct: 769  Precision @ 1: 0.8010  AUC @ 1: 0.8586
Test Data Eval:
  Num examples: 1856  Num correct: 1352  Precision @ 1: 0.7284  AUC @ 1: 0.7620
Step 6000: loss = 0.2162 (0.011 sec)
Training Data Eval:
  Num examples: 8960  Num correct: 8773  Precision @ 1: 0.9791  AUC @ 1: 0.9975
Validation Data Eval:
  Num examples: 960  Num correct: 761  Precision @ 1: 0.7927  AUC @ 1: 0.8576
Test Data Eval:
  Num examples: 1856  Num correct: 1322  Precision @ 1: 0.7123  AUC @ 1: 0.7709
Step 6100: loss = 0.2956 (0.012 sec)
Training Data Eval:
  Num examples: 8960  Num correct: 8704  Precision @ 1: 0.9714  AUC @ 1: 0.9972
Validation Data Eval:
  Num examples: 960  Num correct: 770  Precision @ 1: 0.8021  AUC @ 1: 0.8562
Test Data Eval:
  Num examples: 1856  Num correct: 1345  Precision @ 1: 0.7247  AUC @ 1: 0.7606
Step 6200: loss = 0.3724 (0.011 sec)
Training Data Eval:
  Num examples: 8960  Num correct: 8824  Precision @ 1: 0.9848  AUC @ 1: 0.9982
Validation Data Eval:
  Num examples: 960  Num correct: 766  Precision @ 1: 0.7979  AUC @ 1: 0.8744
Test Data Eval:
  Num examples: 1856  Num correct: 1322  Precision @ 1: 0.7123  AUC @ 1: 0.7629
Step 6300: loss = 0.2073 (0.095 sec)
Training Data Eval:
  Num examples: 8960  Num correct: 8739  Precision @ 1: 0.9753  AUC @ 1: 0.9976
Validation Data Eval:
  Num examples: 960  Num correct: 773  Precision @ 1: 0.8052  AUC @ 1: 0.8708
Test Data Eval:
  Num examples: 1856  Num correct: 1328  Precision @ 1: 0.7155  AUC @ 1: 0.7775
Step 6400: loss = 0.2768 (0.011 sec)
Training Data Eval:
  Num examples: 8960  Num correct: 8773  Precision @ 1: 0.9791  AUC @ 1: 0.9973
Validation Data Eval:
  Num examples: 960  Num correct: 768  Precision @ 1: 0.8000  AUC @ 1: 0.8661
Test Data Eval:
  Num examples: 1856  Num correct: 1371  Precision @ 1: 0.7387  AUC @ 1: 0.7824
Step 6500: loss = 0.3318 (0.010 sec)
Training Data Eval:
  Num examples: 8960  Num correct: 8771  Precision @ 1: 0.9789  AUC @ 1: 0.9979
Validation Data Eval:
  Num examples: 960  Num correct: 767  Precision @ 1: 0.7990  AUC @ 1: 0.8620
Test Data Eval:
  Num examples: 1856  Num correct: 1351  Precision @ 1: 0.7279  AUC @ 1: 0.7761
Step 6600: loss = 0.2321 (0.011 sec)
Training Data Eval:
  Num examples: 8960  Num correct: 8796  Precision @ 1: 0.9817  AUC @ 1: 0.9985
Validation Data Eval:
  Num examples: 960  Num correct: 783  Precision @ 1: 0.8156  AUC @ 1: 0.8655
Test Data Eval:
  Num examples: 1856  Num correct: 1374  Precision @ 1: 0.7403  AUC @ 1: 0.7732
Step 6700: loss = 0.2563 (0.011 sec)
Training Data Eval:
  Num examples: 8960  Num correct: 8731  Precision @ 1: 0.9744  AUC @ 1: 0.9971
Validation Data Eval:
  Num examples: 960  Num correct: 779  Precision @ 1: 0.8115  AUC @ 1: 0.8605
Test Data Eval:
  Num examples: 1856  Num correct: 1345  Precision @ 1: 0.7247  AUC @ 1: 0.7655
Step 6800: loss = 0.3335 (0.011 sec)
Training Data Eval:
  Num examples: 8960  Num correct: 8792  Precision @ 1: 0.9812  AUC @ 1: 0.9981
Validation Data Eval:
  Num examples: 960  Num correct: 752  Precision @ 1: 0.7833  AUC @ 1: 0.8648
Test Data Eval:
  Num examples: 1856  Num correct: 1296  Precision @ 1: 0.6983  AUC @ 1: 0.7813
Step 6900: loss = 0.2693 (0.011 sec)
Training Data Eval:
  Num examples: 8960  Num correct: 8738  Precision @ 1: 0.9752  AUC @ 1: 0.9978
Validation Data Eval:
  Num examples: 960  Num correct: 754  Precision @ 1: 0.7854  AUC @ 1: 0.8533
Test Data Eval:
  Num examples: 1856  Num correct: 1315  Precision @ 1: 0.7085  AUC @ 1: 0.7600
Step 7000: loss = 0.2742 (0.096 sec)
Training Data Eval:
  Num examples: 8960  Num correct: 8797  Precision @ 1: 0.9818  AUC @ 1: 0.9982
Validation Data Eval:
  Num examples: 960  Num correct: 777  Precision @ 1: 0.8094  AUC @ 1: 0.8600
Test Data Eval:
  Num examples: 1856  Num correct: 1346  Precision @ 1: 0.7252  AUC @ 1: 0.7710
Step 7100: loss = 0.2784 (0.010 sec)
Training Data Eval:
  Num examples: 8960  Num correct: 8813  Precision @ 1: 0.9836  AUC @ 1: 0.9983
Validation Data Eval:
  Num examples: 960  Num correct: 766  Precision @ 1: 0.7979  AUC @ 1: 0.8567
Test Data Eval:
  Num examples: 1856  Num correct: 1333  Precision @ 1: 0.7182  AUC @ 1: 0.7733
Step 7200: loss = 0.2305 (0.009 sec)
Training Data Eval:
  Num examples: 8960  Num correct: 8779  Precision @ 1: 0.9798  AUC @ 1: 0.9979
Validation Data Eval:
  Num examples: 960  Num correct: 756  Precision @ 1: 0.7875  AUC @ 1: 0.8572
Test Data Eval:
  Num examples: 1856  Num correct: 1345  Precision @ 1: 0.7247  AUC @ 1: 0.7711
Step 7300: loss = 0.2699 (0.010 sec)
Training Data Eval:
  Num examples: 8960  Num correct: 8705  Precision @ 1: 0.9715  AUC @ 1: 0.9968
Validation Data Eval:
  Num examples: 960  Num correct: 763  Precision @ 1: 0.7948  AUC @ 1: 0.8606
Test Data Eval:
  Num examples: 1856  Num correct: 1335  Precision @ 1: 0.7193  AUC @ 1: 0.7702
Step 7400: loss = 0.3302 (0.010 sec)
Training Data Eval:
  Num examples: 8960  Num correct: 8799  Precision @ 1: 0.9820  AUC @ 1: 0.9986
Validation Data Eval:
  Num examples: 960  Num correct: 778  Precision @ 1: 0.8104  AUC @ 1: 0.8714
Test Data Eval:
  Num examples: 1856  Num correct: 1335  Precision @ 1: 0.7193  AUC @ 1: 0.7704
Step 7500: loss = 0.2764 (0.010 sec)
Training Data Eval:
  Num examples: 8960  Num correct: 8752  Precision @ 1: 0.9768  AUC @ 1: 0.9974
Validation Data Eval:
  Num examples: 960  Num correct: 770  Precision @ 1: 0.8021  AUC @ 1: 0.8655
Test Data Eval:
  Num examples: 1856  Num correct: 1337  Precision @ 1: 0.7204  AUC @ 1: 0.7637
Step 7600: loss = 0.2524 (0.011 sec)
Training Data Eval:
  Num examples: 8960  Num correct: 8777  Precision @ 1: 0.9796  AUC @ 1: 0.9984
Validation Data Eval:
  Num examples: 960  Num correct: 767  Precision @ 1: 0.7990  AUC @ 1: 0.8512
Test Data Eval:
  Num examples: 1856  Num correct: 1353  Precision @ 1: 0.7290  AUC @ 1: 0.7737
Step 7700: loss = 0.2388 (0.102 sec)
Training Data Eval:
  Num examples: 8960  Num correct: 8788  Precision @ 1: 0.9808  AUC @ 1: 0.9973
Validation Data Eval:
  Num examples: 960  Num correct: 763  Precision @ 1: 0.7948  AUC @ 1: 0.8677
Test Data Eval:
  Num examples: 1856  Num correct: 1321  Precision @ 1: 0.7117  AUC @ 1: 0.7742
Step 7800: loss = 0.3606 (0.011 sec)
Training Data Eval:
  Num examples: 8960  Num correct: 8549  Precision @ 1: 0.9541  AUC @ 1: 0.9977
Validation Data Eval:
  Num examples: 960  Num correct: 711  Precision @ 1: 0.7406  AUC @ 1: 0.8598
Test Data Eval:
  Num examples: 1856  Num correct: 1255  Precision @ 1: 0.6762  AUC @ 1: 0.7790
Step 7900: loss = 0.3940 (0.011 sec)
Training Data Eval:
  Num examples: 8960  Num correct: 8671  Precision @ 1: 0.9677  AUC @ 1: 0.9952
Validation Data Eval:
  Num examples: 960  Num correct: 746  Precision @ 1: 0.7771  AUC @ 1: 0.8579
Test Data Eval:
  Num examples: 1856  Num correct: 1281  Precision @ 1: 0.6902  AUC @ 1: 0.7713
Step 8000: loss = 0.2899 (0.011 sec)
Training Data Eval:
  Num examples: 8960  Num correct: 8810  Precision @ 1: 0.9833  AUC @ 1: 0.9984
Validation Data Eval:
  Num examples: 960  Num correct: 748  Precision @ 1: 0.7792  AUC @ 1: 0.8512
Test Data Eval:
  Num examples: 1856  Num correct: 1319  Precision @ 1: 0.7107  AUC @ 1: 0.7744
Step 8100: loss = 0.3367 (0.010 sec)
Training Data Eval:
  Num examples: 8960  Num correct: 8729  Precision @ 1: 0.9742  AUC @ 1: 0.9983
Validation Data Eval:
  Num examples: 960  Num correct: 763  Precision @ 1: 0.7948  AUC @ 1: 0.8589
Test Data Eval:
  Num examples: 1856  Num correct: 1361  Precision @ 1: 0.7333  AUC @ 1: 0.7630
Step 8200: loss = 0.2247 (0.011 sec)
Training Data Eval:
  Num examples: 8960  Num correct: 8781  Precision @ 1: 0.9800  AUC @ 1: 0.9978
Validation Data Eval:
  Num examples: 960  Num correct: 746  Precision @ 1: 0.7771  AUC @ 1: 0.8530
Test Data Eval:
  Num examples: 1856  Num correct: 1354  Precision @ 1: 0.7295  AUC @ 1: 0.7868
Step 8300: loss = 0.2590 (0.010 sec)
Training Data Eval:
  Num examples: 8960  Num correct: 8697  Precision @ 1: 0.9706  AUC @ 1: 0.9971
Validation Data Eval:
  Num examples: 960  Num correct: 741  Precision @ 1: 0.7719  AUC @ 1: 0.8565
Test Data Eval:
  Num examples: 1856  Num correct: 1290  Precision @ 1: 0.6950  AUC @ 1: 0.7593
Step 8400: loss = 0.2557 (0.097 sec)
Training Data Eval:
  Num examples: 8960  Num correct: 8764  Precision @ 1: 0.9781  AUC @ 1: 0.9985
Validation Data Eval:
  Num examples: 960  Num correct: 771  Precision @ 1: 0.8031  AUC @ 1: 0.8688
Test Data Eval:
  Num examples: 1856  Num correct: 1364  Precision @ 1: 0.7349  AUC @ 1: 0.7786
Step 8500: loss = 0.2544 (0.010 sec)
Training Data Eval:
  Num examples: 8960  Num correct: 8751  Precision @ 1: 0.9767  AUC @ 1: 0.9987
Validation Data Eval:
  Num examples: 960  Num correct: 767  Precision @ 1: 0.7990  AUC @ 1: 0.8531
Test Data Eval:
  Num examples: 1856  Num correct: 1358  Precision @ 1: 0.7317  AUC @ 1: 0.7640
Step 8600: loss = 0.2242 (0.012 sec)
Training Data Eval:
  Num examples: 8960  Num correct: 8793  Precision @ 1: 0.9814  AUC @ 1: 0.9988
Validation Data Eval:
  Num examples: 960  Num correct: 764  Precision @ 1: 0.7958  AUC @ 1: 0.8565
Test Data Eval:
  Num examples: 1856  Num correct: 1370  Precision @ 1: 0.7381  AUC @ 1: 0.7734
Step 8700: loss = 0.2617 (0.011 sec)
Training Data Eval:
  Num examples: 8960  Num correct: 8806  Precision @ 1: 0.9828  AUC @ 1: 0.9989
Validation Data Eval:
  Num examples: 960  Num correct: 764  Precision @ 1: 0.7958  AUC @ 1: 0.8606
Test Data Eval:
  Num examples: 1856  Num correct: 1346  Precision @ 1: 0.7252  AUC @ 1: 0.7704
Step 8800: loss = 0.2271 (0.011 sec)
Training Data Eval:
  Num examples: 8960  Num correct: 8797  Precision @ 1: 0.9818  AUC @ 1: 0.9984
Validation Data Eval:
  Num examples: 960  Num correct: 749  Precision @ 1: 0.7802  AUC @ 1: 0.8592
Test Data Eval:
  Num examples: 1856  Num correct: 1323  Precision @ 1: 0.7128  AUC @ 1: 0.7797
Step 8900: loss = 0.2081 (0.010 sec)
Training Data Eval:
  Num examples: 8960  Num correct: 8742  Precision @ 1: 0.9757  AUC @ 1: 0.9975
Validation Data Eval:
  Num examples: 960  Num correct: 773  Precision @ 1: 0.8052  AUC @ 1: 0.8649
Test Data Eval:
  Num examples: 1856  Num correct: 1380  Precision @ 1: 0.7435  AUC @ 1: 0.7801
Step 9000: loss = 0.2687 (0.010 sec)
Training Data Eval:
  Num examples: 8960  Num correct: 8740  Precision @ 1: 0.9754  AUC @ 1: 0.9989
Validation Data Eval:
  Num examples: 960  Num correct: 758  Precision @ 1: 0.7896  AUC @ 1: 0.8554
Test Data Eval:
  Num examples: 1856  Num correct: 1357  Precision @ 1: 0.7311  AUC @ 1: 0.7513
Step 9100: loss = 0.3111 (0.091 sec)
Training Data Eval:
  Num examples: 8960  Num correct: 8721  Precision @ 1: 0.9733  AUC @ 1: 0.9990
Validation Data Eval:
  Num examples: 960  Num correct: 773  Precision @ 1: 0.8052  AUC @ 1: 0.8569
Test Data Eval:
  Num examples: 1856  Num correct: 1359  Precision @ 1: 0.7322  AUC @ 1: 0.7704
Step 9200: loss = 0.2761 (0.011 sec)
Training Data Eval:
  Num examples: 8960  Num correct: 8815  Precision @ 1: 0.9838  AUC @ 1: 0.9986
Validation Data Eval:
  Num examples: 960  Num correct: 767  Precision @ 1: 0.7990  AUC @ 1: 0.8650
Test Data Eval:
  Num examples: 1856  Num correct: 1356  Precision @ 1: 0.7306  AUC @ 1: 0.7707
Step 9300: loss = 0.2344 (0.010 sec)
Training Data Eval:
  Num examples: 8960  Num correct: 8862  Precision @ 1: 0.9891  AUC @ 1: 0.9990
Validation Data Eval:
  Num examples: 960  Num correct: 776  Precision @ 1: 0.8083  AUC @ 1: 0.8673
Test Data Eval:
  Num examples: 1856  Num correct: 1338  Precision @ 1: 0.7209  AUC @ 1: 0.7639
Step 9400: loss = 0.2050 (0.011 sec)
Training Data Eval:
  Num examples: 8960  Num correct: 8822  Precision @ 1: 0.9846  AUC @ 1: 0.9989
Validation Data Eval:
  Num examples: 960  Num correct: 772  Precision @ 1: 0.8042  AUC @ 1: 0.8522
Test Data Eval:
  Num examples: 1856  Num correct: 1351  Precision @ 1: 0.7279  AUC @ 1: 0.7596
Step 9500: loss = 0.2425 (0.010 sec)
Training Data Eval:
  Num examples: 8960  Num correct: 8821  Precision @ 1: 0.9845  AUC @ 1: 0.9989
Validation Data Eval:
  Num examples: 960  Num correct: 751  Precision @ 1: 0.7823  AUC @ 1: 0.8674
Test Data Eval:
  Num examples: 1856  Num correct: 1332  Precision @ 1: 0.7177  AUC @ 1: 0.7728
Step 9600: loss = 0.2695 (0.011 sec)
Training Data Eval:
  Num examples: 8960  Num correct: 8723  Precision @ 1: 0.9735  AUC @ 1: 0.9984
Validation Data Eval:
  Num examples: 960  Num correct: 760  Precision @ 1: 0.7917  AUC @ 1: 0.8474
Test Data Eval:
  Num examples: 1856  Num correct: 1352  Precision @ 1: 0.7284  AUC @ 1: 0.7599
Step 9700: loss = 0.3333 (0.011 sec)
Training Data Eval:
  Num examples: 8960  Num correct: 8754  Precision @ 1: 0.9770  AUC @ 1: 0.9978
Validation Data Eval:
  Num examples: 960  Num correct: 769  Precision @ 1: 0.8010  AUC @ 1: 0.8570
Test Data Eval:
  Num examples: 1856  Num correct: 1331  Precision @ 1: 0.7171  AUC @ 1: 0.7622
Step 9800: loss = 0.2649 (0.096 sec)
Training Data Eval:
  Num examples: 8960  Num correct: 8728  Precision @ 1: 0.9741  AUC @ 1: 0.9966
Validation Data Eval:
  Num examples: 960  Num correct: 756  Precision @ 1: 0.7875  AUC @ 1: 0.8609
Test Data Eval:
  Num examples: 1856  Num correct: 1331  Precision @ 1: 0.7171  AUC @ 1: 0.7784
Step 9900: loss = 0.2877 (0.010 sec)
Training Data Eval:
  Num examples: 8960  Num correct: 8796  Precision @ 1: 0.9817  AUC @ 1: 0.9985
Validation Data Eval:
  Num examples: 960  Num correct: 777  Precision @ 1: 0.8094  AUC @ 1: 0.8649
Test Data Eval:
  Num examples: 1856  Num correct: 1325  Precision @ 1: 0.7139  AUC @ 1: 0.7632
