Training data shape: 	(10000, 64, 64, 1)
Training label shape:	(10000,)
Testing data shape:  	(1910, 64, 64, 1)
Testing label shape: 	(1910,)
max input value is: 153.458
min input value is: -104.189
random permuted training data
==============================================================================
Model: 			inference_local_s_cnn
Tensor Name: 	Placeholder:0
[64, 64, 64, 1]
==============================================================================
Tensor Name: conv0/conv0:0
[64, 60, 64, 2]
==============================================================================
Tensor Name: local1/local1:0
[64, 128]
==============================================================================
Tensor Name: local2/local2:0
[64, 128]
==============================================================================
Tensor Name: softmax_linear/softmax_linear:0
[64, 2]
Step 0: loss = 3.1687 (0.030 sec)
Training Data Eval:
  Num examples: 8960  Num correct: 5792  Precision @ 1: 0.6464  AUC @ 1: 0.7432
Validation Data Eval:
  Num examples: 960  Num correct: 603  Precision @ 1: 0.6281  AUC @ 1: 0.7435
Test Data Eval:
  Num examples: 1856  Num correct: 1150  Precision @ 1: 0.6196  AUC @ 1: 0.7190
Step 100: loss = 2.9631 (0.018 sec)
Training Data Eval:
  Num examples: 8960  Num correct: 6775  Precision @ 1: 0.7561  AUC @ 1: 0.8098
Validation Data Eval:
  Num examples: 960  Num correct: 711  Precision @ 1: 0.7406  AUC @ 1: 0.7968
Test Data Eval:
  Num examples: 1856  Num correct: 1304  Precision @ 1: 0.7026  AUC @ 1: 0.7428
Step 200: loss = 2.6143 (0.019 sec)
Training Data Eval:
  Num examples: 8960  Num correct: 6836  Precision @ 1: 0.7629  AUC @ 1: 0.8334
Validation Data Eval:
  Num examples: 960  Num correct: 716  Precision @ 1: 0.7458  AUC @ 1: 0.8226
Test Data Eval:
  Num examples: 1856  Num correct: 1275  Precision @ 1: 0.6870  AUC @ 1: 0.7490
Step 300: loss = 2.4618 (0.020 sec)
Training Data Eval:
  Num examples: 8960  Num correct: 7081  Precision @ 1: 0.7903  AUC @ 1: 0.8563
Validation Data Eval:
  Num examples: 960  Num correct: 727  Precision @ 1: 0.7573  AUC @ 1: 0.8394
Test Data Eval:
  Num examples: 1856  Num correct: 1330  Precision @ 1: 0.7166  AUC @ 1: 0.7577
Step 400: loss = 2.2606 (0.018 sec)
Training Data Eval:
  Num examples: 8960  Num correct: 7174  Precision @ 1: 0.8007  AUC @ 1: 0.8700
Validation Data Eval:
  Num examples: 960  Num correct: 728  Precision @ 1: 0.7583  AUC @ 1: 0.8356
Test Data Eval:
  Num examples: 1856  Num correct: 1333  Precision @ 1: 0.7182  AUC @ 1: 0.7572
Step 500: loss = 2.1339 (0.019 sec)
Training Data Eval:
  Num examples: 8960  Num correct: 7358  Precision @ 1: 0.8212  AUC @ 1: 0.8912
Validation Data Eval:
  Num examples: 960  Num correct: 748  Precision @ 1: 0.7792  AUC @ 1: 0.8455
Test Data Eval:
  Num examples: 1856  Num correct: 1339  Precision @ 1: 0.7214  AUC @ 1: 0.7562
Step 600: loss = 1.9745 (0.019 sec)
Training Data Eval:
  Num examples: 8960  Num correct: 7460  Precision @ 1: 0.8326  AUC @ 1: 0.9038
Validation Data Eval:
  Num examples: 960  Num correct: 752  Precision @ 1: 0.7833  AUC @ 1: 0.8648
Test Data Eval:
  Num examples: 1856  Num correct: 1355  Precision @ 1: 0.7301  AUC @ 1: 0.7809
Step 700: loss = 1.8717 (0.101 sec)
Training Data Eval:
  Num examples: 8960  Num correct: 7460  Precision @ 1: 0.8326  AUC @ 1: 0.9042
Validation Data Eval:
  Num examples: 960  Num correct: 746  Precision @ 1: 0.7771  AUC @ 1: 0.8568
Test Data Eval:
  Num examples: 1856  Num correct: 1356  Precision @ 1: 0.7306  AUC @ 1: 0.7838
Step 800: loss = 1.7915 (0.021 sec)
Training Data Eval:
  Num examples: 8960  Num correct: 7525  Precision @ 1: 0.8398  AUC @ 1: 0.9226
Validation Data Eval:
  Num examples: 960  Num correct: 750  Precision @ 1: 0.7812  AUC @ 1: 0.8629
Test Data Eval:
  Num examples: 1856  Num correct: 1367  Precision @ 1: 0.7365  AUC @ 1: 0.7869
Step 900: loss = 1.6085 (0.019 sec)
Training Data Eval:
  Num examples: 8960  Num correct: 7446  Precision @ 1: 0.8310  AUC @ 1: 0.9337
Validation Data Eval:
  Num examples: 960  Num correct: 752  Precision @ 1: 0.7833  AUC @ 1: 0.8708
Test Data Eval:
  Num examples: 1856  Num correct: 1329  Precision @ 1: 0.7161  AUC @ 1: 0.7707
Step 1000: loss = 1.6544 (0.019 sec)
Training Data Eval:
  Num examples: 8960  Num correct: 7659  Precision @ 1: 0.8548  AUC @ 1: 0.9445
Validation Data Eval:
  Num examples: 960  Num correct: 754  Precision @ 1: 0.7854  AUC @ 1: 0.8724
Test Data Eval:
  Num examples: 1856  Num correct: 1358  Precision @ 1: 0.7317  AUC @ 1: 0.7884
Step 1100: loss = 1.4838 (0.019 sec)
Training Data Eval:
  Num examples: 8960  Num correct: 7944  Precision @ 1: 0.8866  AUC @ 1: 0.9556
Validation Data Eval:
  Num examples: 960  Num correct: 770  Precision @ 1: 0.8021  AUC @ 1: 0.8745
Test Data Eval:
  Num examples: 1856  Num correct: 1368  Precision @ 1: 0.7371  AUC @ 1: 0.7846
Step 1200: loss = 1.3617 (0.019 sec)
Training Data Eval:
  Num examples: 8960  Num correct: 7931  Precision @ 1: 0.8852  AUC @ 1: 0.9555
Validation Data Eval:
  Num examples: 960  Num correct: 771  Precision @ 1: 0.8031  AUC @ 1: 0.8801
Test Data Eval:
  Num examples: 1856  Num correct: 1334  Precision @ 1: 0.7188  AUC @ 1: 0.7712
Step 1300: loss = 1.2547 (0.019 sec)
Training Data Eval:
  Num examples: 8960  Num correct: 8041  Precision @ 1: 0.8974  AUC @ 1: 0.9647
Validation Data Eval:
  Num examples: 960  Num correct: 766  Precision @ 1: 0.7979  AUC @ 1: 0.8738
Test Data Eval:
  Num examples: 1856  Num correct: 1280  Precision @ 1: 0.6897  AUC @ 1: 0.7650
Step 1400: loss = 1.1789 (0.093 sec)
Training Data Eval:
  Num examples: 8960  Num correct: 8126  Precision @ 1: 0.9069  AUC @ 1: 0.9739
Validation Data Eval:
  Num examples: 960  Num correct: 755  Precision @ 1: 0.7865  AUC @ 1: 0.8759
Test Data Eval:
  Num examples: 1856  Num correct: 1337  Precision @ 1: 0.7204  AUC @ 1: 0.7690
Step 1500: loss = 1.0526 (0.018 sec)
Training Data Eval:
  Num examples: 8960  Num correct: 8057  Precision @ 1: 0.8992  AUC @ 1: 0.9775
Validation Data Eval:
  Num examples: 960  Num correct: 749  Precision @ 1: 0.7802  AUC @ 1: 0.8788
Test Data Eval:
  Num examples: 1856  Num correct: 1336  Precision @ 1: 0.7198  AUC @ 1: 0.7662
Step 1600: loss = 1.1605 (0.020 sec)
Training Data Eval:
  Num examples: 8960  Num correct: 8421  Precision @ 1: 0.9398  AUC @ 1: 0.9855
Validation Data Eval:
  Num examples: 960  Num correct: 782  Precision @ 1: 0.8146  AUC @ 1: 0.8843
Test Data Eval:
  Num examples: 1856  Num correct: 1295  Precision @ 1: 0.6977  AUC @ 1: 0.7616
Step 1700: loss = 0.9118 (0.019 sec)
Training Data Eval:
  Num examples: 8960  Num correct: 8281  Precision @ 1: 0.9242  AUC @ 1: 0.9865
Validation Data Eval:
  Num examples: 960  Num correct: 745  Precision @ 1: 0.7760  AUC @ 1: 0.8751
Test Data Eval:
  Num examples: 1856  Num correct: 1327  Precision @ 1: 0.7150  AUC @ 1: 0.7593
Step 1800: loss = 0.8066 (0.019 sec)
Training Data Eval:
  Num examples: 8960  Num correct: 8275  Precision @ 1: 0.9235  AUC @ 1: 0.9825
Validation Data Eval:
  Num examples: 960  Num correct: 759  Precision @ 1: 0.7906  AUC @ 1: 0.8751
Test Data Eval:
  Num examples: 1856  Num correct: 1277  Precision @ 1: 0.6880  AUC @ 1: 0.7619
Step 1900: loss = 0.8638 (0.019 sec)
Training Data Eval:
  Num examples: 8960  Num correct: 8362  Precision @ 1: 0.9333  AUC @ 1: 0.9832
Validation Data Eval:
  Num examples: 960  Num correct: 774  Precision @ 1: 0.8063  AUC @ 1: 0.8852
Test Data Eval:
  Num examples: 1856  Num correct: 1286  Precision @ 1: 0.6929  AUC @ 1: 0.7647
Step 2000: loss = 0.8393 (0.019 sec)
Training Data Eval:
  Num examples: 8960  Num correct: 8474  Precision @ 1: 0.9458  AUC @ 1: 0.9915
Validation Data Eval:
  Num examples: 960  Num correct: 750  Precision @ 1: 0.7812  AUC @ 1: 0.8641
Test Data Eval:
  Num examples: 1856  Num correct: 1311  Precision @ 1: 0.7064  AUC @ 1: 0.7707
Step 2100: loss = 0.7392 (0.095 sec)
Training Data Eval:
  Num examples: 8960  Num correct: 8346  Precision @ 1: 0.9315  AUC @ 1: 0.9870
Validation Data Eval:
  Num examples: 960  Num correct: 762  Precision @ 1: 0.7937  AUC @ 1: 0.8738
Test Data Eval:
  Num examples: 1856  Num correct: 1343  Precision @ 1: 0.7236  AUC @ 1: 0.7644
Step 2200: loss = 0.6051 (0.019 sec)
Training Data Eval:
  Num examples: 8960  Num correct: 8462  Precision @ 1: 0.9444  AUC @ 1: 0.9906
Validation Data Eval:
  Num examples: 960  Num correct: 763  Precision @ 1: 0.7948  AUC @ 1: 0.8682
Test Data Eval:
  Num examples: 1856  Num correct: 1326  Precision @ 1: 0.7144  AUC @ 1: 0.7531
Step 2300: loss = 0.6363 (0.020 sec)
Training Data Eval:
  Num examples: 8960  Num correct: 8509  Precision @ 1: 0.9497  AUC @ 1: 0.9936
Validation Data Eval:
  Num examples: 960  Num correct: 776  Precision @ 1: 0.8083  AUC @ 1: 0.8751
Test Data Eval:
  Num examples: 1856  Num correct: 1342  Precision @ 1: 0.7231  AUC @ 1: 0.7575
Step 2400: loss = 0.6932 (0.018 sec)
Training Data Eval:
  Num examples: 8960  Num correct: 8583  Precision @ 1: 0.9579  AUC @ 1: 0.9939
Validation Data Eval:
  Num examples: 960  Num correct: 775  Precision @ 1: 0.8073  AUC @ 1: 0.8749
Test Data Eval:
  Num examples: 1856  Num correct: 1286  Precision @ 1: 0.6929  AUC @ 1: 0.7630
Step 2500: loss = 0.6321 (0.019 sec)
Training Data Eval:
  Num examples: 8960  Num correct: 8556  Precision @ 1: 0.9549  AUC @ 1: 0.9935
Validation Data Eval:
  Num examples: 960  Num correct: 750  Precision @ 1: 0.7812  AUC @ 1: 0.8738
Test Data Eval:
  Num examples: 1856  Num correct: 1244  Precision @ 1: 0.6703  AUC @ 1: 0.7636
Step 2600: loss = 0.6285 (0.019 sec)
Training Data Eval:
  Num examples: 8960  Num correct: 8531  Precision @ 1: 0.9521  AUC @ 1: 0.9938
Validation Data Eval:
  Num examples: 960  Num correct: 758  Precision @ 1: 0.7896  AUC @ 1: 0.8681
Test Data Eval:
  Num examples: 1856  Num correct: 1281  Precision @ 1: 0.6902  AUC @ 1: 0.7608
Step 2700: loss = 0.5721 (0.020 sec)
Training Data Eval:
  Num examples: 8960  Num correct: 8670  Precision @ 1: 0.9676  AUC @ 1: 0.9964
Validation Data Eval:
  Num examples: 960  Num correct: 764  Precision @ 1: 0.7958  AUC @ 1: 0.8744
Test Data Eval:
  Num examples: 1856  Num correct: 1333  Precision @ 1: 0.7182  AUC @ 1: 0.7790
Step 2800: loss = 0.6088 (0.091 sec)
Training Data Eval:
  Num examples: 8960  Num correct: 8631  Precision @ 1: 0.9633  AUC @ 1: 0.9957
Validation Data Eval:
  Num examples: 960  Num correct: 766  Precision @ 1: 0.7979  AUC @ 1: 0.8703
Test Data Eval:
  Num examples: 1856  Num correct: 1281  Precision @ 1: 0.6902  AUC @ 1: 0.7577
Step 2900: loss = 0.6323 (0.019 sec)
Training Data Eval:
  Num examples: 8960  Num correct: 8482  Precision @ 1: 0.9467  AUC @ 1: 0.9916
Validation Data Eval:
  Num examples: 960  Num correct: 750  Precision @ 1: 0.7812  AUC @ 1: 0.8745
Test Data Eval:
  Num examples: 1856  Num correct: 1282  Precision @ 1: 0.6907  AUC @ 1: 0.7590
Step 3000: loss = 0.6864 (0.018 sec)
Training Data Eval:
  Num examples: 8960  Num correct: 8627  Precision @ 1: 0.9628  AUC @ 1: 0.9955
Validation Data Eval:
  Num examples: 960  Num correct: 750  Precision @ 1: 0.7812  AUC @ 1: 0.8705
Test Data Eval:
  Num examples: 1856  Num correct: 1289  Precision @ 1: 0.6945  AUC @ 1: 0.7640
Step 3100: loss = 0.5664 (0.019 sec)
Training Data Eval:
  Num examples: 8960  Num correct: 8645  Precision @ 1: 0.9648  AUC @ 1: 0.9968
Validation Data Eval:
  Num examples: 960  Num correct: 771  Precision @ 1: 0.8031  AUC @ 1: 0.8775
Test Data Eval:
  Num examples: 1856  Num correct: 1308  Precision @ 1: 0.7047  AUC @ 1: 0.7616
Step 3200: loss = 0.4740 (0.019 sec)
Training Data Eval:
  Num examples: 8960  Num correct: 8471  Precision @ 1: 0.9454  AUC @ 1: 0.9959
Validation Data Eval:
  Num examples: 960  Num correct: 751  Precision @ 1: 0.7823  AUC @ 1: 0.8708
Test Data Eval:
  Num examples: 1856  Num correct: 1323  Precision @ 1: 0.7128  AUC @ 1: 0.7535
Step 3300: loss = 0.5530 (0.019 sec)
Training Data Eval:
  Num examples: 8960  Num correct: 8486  Precision @ 1: 0.9471  AUC @ 1: 0.9943
Validation Data Eval:
  Num examples: 960  Num correct: 755  Precision @ 1: 0.7865  AUC @ 1: 0.8685
Test Data Eval:
  Num examples: 1856  Num correct: 1330  Precision @ 1: 0.7166  AUC @ 1: 0.7600
Step 3400: loss = 0.5192 (0.019 sec)
Training Data Eval:
  Num examples: 8960  Num correct: 8678  Precision @ 1: 0.9685  AUC @ 1: 0.9971
Validation Data Eval:
  Num examples: 960  Num correct: 767  Precision @ 1: 0.7990  AUC @ 1: 0.8797
Test Data Eval:
  Num examples: 1856  Num correct: 1286  Precision @ 1: 0.6929  AUC @ 1: 0.7603
Step 3500: loss = 0.5245 (0.107 sec)
Training Data Eval:
  Num examples: 8960  Num correct: 8681  Precision @ 1: 0.9689  AUC @ 1: 0.9969
Validation Data Eval:
  Num examples: 960  Num correct: 760  Precision @ 1: 0.7917  AUC @ 1: 0.8716
Test Data Eval:
  Num examples: 1856  Num correct: 1291  Precision @ 1: 0.6956  AUC @ 1: 0.7682
Step 3600: loss = 0.4695 (0.019 sec)
Training Data Eval:
  Num examples: 8960  Num correct: 8554  Precision @ 1: 0.9547  AUC @ 1: 0.9945
Validation Data Eval:
  Num examples: 960  Num correct: 761  Precision @ 1: 0.7927  AUC @ 1: 0.8706
Test Data Eval:
  Num examples: 1856  Num correct: 1332  Precision @ 1: 0.7177  AUC @ 1: 0.7487
Step 3700: loss = 0.6174 (0.019 sec)
Training Data Eval:
  Num examples: 8960  Num correct: 8647  Precision @ 1: 0.9651  AUC @ 1: 0.9955
Validation Data Eval:
  Num examples: 960  Num correct: 756  Precision @ 1: 0.7875  AUC @ 1: 0.8687
Test Data Eval:
  Num examples: 1856  Num correct: 1295  Precision @ 1: 0.6977  AUC @ 1: 0.7523
Step 3800: loss = 0.4045 (0.019 sec)
Training Data Eval:
  Num examples: 8960  Num correct: 8656  Precision @ 1: 0.9661  AUC @ 1: 0.9957
Validation Data Eval:
  Num examples: 960  Num correct: 754  Precision @ 1: 0.7854  AUC @ 1: 0.8647
Test Data Eval:
  Num examples: 1856  Num correct: 1273  Precision @ 1: 0.6859  AUC @ 1: 0.7586
Step 3900: loss = 0.4732 (0.019 sec)
Training Data Eval:
  Num examples: 8960  Num correct: 8639  Precision @ 1: 0.9642  AUC @ 1: 0.9966
Validation Data Eval:
  Num examples: 960  Num correct: 757  Precision @ 1: 0.7885  AUC @ 1: 0.8679
Test Data Eval:
  Num examples: 1856  Num correct: 1321  Precision @ 1: 0.7117  AUC @ 1: 0.7605
Step 4000: loss = 0.4293 (0.017 sec)
Training Data Eval:
  Num examples: 8960  Num correct: 8605  Precision @ 1: 0.9604  AUC @ 1: 0.9971
Validation Data Eval:
  Num examples: 960  Num correct: 752  Precision @ 1: 0.7833  AUC @ 1: 0.8699
Test Data Eval:
  Num examples: 1856  Num correct: 1332  Precision @ 1: 0.7177  AUC @ 1: 0.7611
Step 4100: loss = 0.5306 (0.018 sec)
Training Data Eval:
  Num examples: 8960  Num correct: 8715  Precision @ 1: 0.9727  AUC @ 1: 0.9975
Validation Data Eval:
  Num examples: 960  Num correct: 766  Precision @ 1: 0.7979  AUC @ 1: 0.8749
Test Data Eval:
  Num examples: 1856  Num correct: 1302  Precision @ 1: 0.7015  AUC @ 1: 0.7576
Step 4200: loss = 0.4226 (0.100 sec)
Training Data Eval:
  Num examples: 8960  Num correct: 8651  Precision @ 1: 0.9655  AUC @ 1: 0.9968
Validation Data Eval:
  Num examples: 960  Num correct: 788  Precision @ 1: 0.8208  AUC @ 1: 0.8788
Test Data Eval:
  Num examples: 1856  Num correct: 1289  Precision @ 1: 0.6945  AUC @ 1: 0.7474
Step 4300: loss = 0.3871 (0.019 sec)
Training Data Eval:
  Num examples: 8960  Num correct: 8669  Precision @ 1: 0.9675  AUC @ 1: 0.9972
Validation Data Eval:
  Num examples: 960  Num correct: 769  Precision @ 1: 0.8010  AUC @ 1: 0.8796
Test Data Eval:
  Num examples: 1856  Num correct: 1309  Precision @ 1: 0.7053  AUC @ 1: 0.7493
Step 4400: loss = 0.3823 (0.020 sec)
Training Data Eval:
  Num examples: 8960  Num correct: 8668  Precision @ 1: 0.9674  AUC @ 1: 0.9972
Validation Data Eval:
  Num examples: 960  Num correct: 758  Precision @ 1: 0.7896  AUC @ 1: 0.8712
Test Data Eval:
  Num examples: 1856  Num correct: 1310  Precision @ 1: 0.7058  AUC @ 1: 0.7610
Step 4500: loss = 0.3854 (0.021 sec)
Training Data Eval:
  Num examples: 8960  Num correct: 8706  Precision @ 1: 0.9717  AUC @ 1: 0.9974
Validation Data Eval:
  Num examples: 960  Num correct: 757  Precision @ 1: 0.7885  AUC @ 1: 0.8725
Test Data Eval:
  Num examples: 1856  Num correct: 1304  Precision @ 1: 0.7026  AUC @ 1: 0.7543
Step 4600: loss = 0.3321 (0.017 sec)
Training Data Eval:
  Num examples: 8960  Num correct: 8659  Precision @ 1: 0.9664  AUC @ 1: 0.9960
Validation Data Eval:
  Num examples: 960  Num correct: 755  Precision @ 1: 0.7865  AUC @ 1: 0.8618
Test Data Eval:
  Num examples: 1856  Num correct: 1310  Precision @ 1: 0.7058  AUC @ 1: 0.7616
Step 4700: loss = 0.4821 (0.019 sec)
Training Data Eval:
  Num examples: 8960  Num correct: 8617  Precision @ 1: 0.9617  AUC @ 1: 0.9965
Validation Data Eval:
  Num examples: 960  Num correct: 757  Precision @ 1: 0.7885  AUC @ 1: 0.8731
Test Data Eval:
  Num examples: 1856  Num correct: 1330  Precision @ 1: 0.7166  AUC @ 1: 0.7610
Step 4800: loss = 0.3257 (0.019 sec)
Training Data Eval:
  Num examples: 8960  Num correct: 8630  Precision @ 1: 0.9632  AUC @ 1: 0.9961
Validation Data Eval:
  Num examples: 960  Num correct: 751  Precision @ 1: 0.7823  AUC @ 1: 0.8671
Test Data Eval:
  Num examples: 1856  Num correct: 1304  Precision @ 1: 0.7026  AUC @ 1: 0.7468
Step 4900: loss = 0.4886 (0.102 sec)
Training Data Eval:
  Num examples: 8960  Num correct: 8659  Precision @ 1: 0.9664  AUC @ 1: 0.9973
Validation Data Eval:
  Num examples: 960  Num correct: 763  Precision @ 1: 0.7948  AUC @ 1: 0.8746
Test Data Eval:
  Num examples: 1856  Num correct: 1255  Precision @ 1: 0.6762  AUC @ 1: 0.7596
Step 5000: loss = 0.3490 (0.018 sec)
Training Data Eval:
  Num examples: 8960  Num correct: 8636  Precision @ 1: 0.9638  AUC @ 1: 0.9957
Validation Data Eval:
  Num examples: 960  Num correct: 758  Precision @ 1: 0.7896  AUC @ 1: 0.8717
Test Data Eval:
  Num examples: 1856  Num correct: 1290  Precision @ 1: 0.6950  AUC @ 1: 0.7593
Step 5100: loss = 0.5921 (0.019 sec)
Training Data Eval:
  Num examples: 8960  Num correct: 8703  Precision @ 1: 0.9713  AUC @ 1: 0.9974
Validation Data Eval:
  Num examples: 960  Num correct: 773  Precision @ 1: 0.8052  AUC @ 1: 0.8878
Test Data Eval:
  Num examples: 1856  Num correct: 1301  Precision @ 1: 0.7010  AUC @ 1: 0.7450
Step 5200: loss = 0.4517 (0.018 sec)
Training Data Eval:
  Num examples: 8960  Num correct: 8663  Precision @ 1: 0.9669  AUC @ 1: 0.9927
Validation Data Eval:
  Num examples: 960  Num correct: 777  Precision @ 1: 0.8094  AUC @ 1: 0.8876
Test Data Eval:
  Num examples: 1856  Num correct: 1296  Precision @ 1: 0.6983  AUC @ 1: 0.7590
Step 5300: loss = 0.3234 (0.020 sec)
Training Data Eval:
  Num examples: 8960  Num correct: 8692  Precision @ 1: 0.9701  AUC @ 1: 0.9969
Validation Data Eval:
  Num examples: 960  Num correct: 758  Precision @ 1: 0.7896  AUC @ 1: 0.8703
Test Data Eval:
  Num examples: 1856  Num correct: 1305  Precision @ 1: 0.7031  AUC @ 1: 0.7612
Step 5400: loss = 0.4974 (0.019 sec)
Training Data Eval:
  Num examples: 8960  Num correct: 8663  Precision @ 1: 0.9669  AUC @ 1: 0.9967
Validation Data Eval:
  Num examples: 960  Num correct: 770  Precision @ 1: 0.8021  AUC @ 1: 0.8727
Test Data Eval:
  Num examples: 1856  Num correct: 1311  Precision @ 1: 0.7064  AUC @ 1: 0.7745
Step 5500: loss = 0.4604 (0.019 sec)
Training Data Eval:
  Num examples: 8960  Num correct: 8645  Precision @ 1: 0.9648  AUC @ 1: 0.9975
Validation Data Eval:
  Num examples: 960  Num correct: 769  Precision @ 1: 0.8010  AUC @ 1: 0.8790
Test Data Eval:
  Num examples: 1856  Num correct: 1289  Precision @ 1: 0.6945  AUC @ 1: 0.7500
Step 5600: loss = 0.3224 (0.105 sec)
Training Data Eval:
  Num examples: 8960  Num correct: 8693  Precision @ 1: 0.9702  AUC @ 1: 0.9975
Validation Data Eval:
  Num examples: 960  Num correct: 771  Precision @ 1: 0.8031  AUC @ 1: 0.8747
Test Data Eval:
  Num examples: 1856  Num correct: 1252  Precision @ 1: 0.6746  AUC @ 1: 0.7542
Step 5700: loss = 0.3744 (0.018 sec)
Training Data Eval:
  Num examples: 8960  Num correct: 8670  Precision @ 1: 0.9676  AUC @ 1: 0.9979
Validation Data Eval:
  Num examples: 960  Num correct: 769  Precision @ 1: 0.8010  AUC @ 1: 0.8785
Test Data Eval:
  Num examples: 1856  Num correct: 1286  Precision @ 1: 0.6929  AUC @ 1: 0.7543
Step 5800: loss = 0.3314 (0.019 sec)
Training Data Eval:
  Num examples: 8960  Num correct: 8747  Precision @ 1: 0.9762  AUC @ 1: 0.9981
Validation Data Eval:
  Num examples: 960  Num correct: 765  Precision @ 1: 0.7969  AUC @ 1: 0.8771
Test Data Eval:
  Num examples: 1856  Num correct: 1286  Precision @ 1: 0.6929  AUC @ 1: 0.7592
Step 5900: loss = 0.3298 (0.019 sec)
Training Data Eval:
  Num examples: 8960  Num correct: 8707  Precision @ 1: 0.9718  AUC @ 1: 0.9972
Validation Data Eval:
  Num examples: 960  Num correct: 776  Precision @ 1: 0.8083  AUC @ 1: 0.8825
Test Data Eval:
  Num examples: 1856  Num correct: 1249  Precision @ 1: 0.6730  AUC @ 1: 0.7488
Step 6000: loss = 0.3831 (0.017 sec)
Training Data Eval:
  Num examples: 8960  Num correct: 8633  Precision @ 1: 0.9635  AUC @ 1: 0.9945
Validation Data Eval:
  Num examples: 960  Num correct: 750  Precision @ 1: 0.7812  AUC @ 1: 0.8641
Test Data Eval:
  Num examples: 1856  Num correct: 1331  Precision @ 1: 0.7171  AUC @ 1: 0.7456
Step 6100: loss = 0.3867 (0.019 sec)
Training Data Eval:
  Num examples: 8960  Num correct: 8610  Precision @ 1: 0.9609  AUC @ 1: 0.9963
Validation Data Eval:
  Num examples: 960  Num correct: 780  Precision @ 1: 0.8125  AUC @ 1: 0.8839
Test Data Eval:
  Num examples: 1856  Num correct: 1286  Precision @ 1: 0.6929  AUC @ 1: 0.7691
Step 6200: loss = 0.3416 (0.019 sec)
Training Data Eval:
  Num examples: 8960  Num correct: 8739  Precision @ 1: 0.9753  AUC @ 1: 0.9982
Validation Data Eval:
  Num examples: 960  Num correct: 765  Precision @ 1: 0.7969  AUC @ 1: 0.8763
Test Data Eval:
  Num examples: 1856  Num correct: 1316  Precision @ 1: 0.7091  AUC @ 1: 0.7621
Step 6300: loss = 0.3663 (0.109 sec)
Training Data Eval:
  Num examples: 8960  Num correct: 8707  Precision @ 1: 0.9718  AUC @ 1: 0.9975
Validation Data Eval:
  Num examples: 960  Num correct: 759  Precision @ 1: 0.7906  AUC @ 1: 0.8751
Test Data Eval:
  Num examples: 1856  Num correct: 1289  Precision @ 1: 0.6945  AUC @ 1: 0.7536
Step 6400: loss = 0.4234 (0.019 sec)
Training Data Eval:
  Num examples: 8960  Num correct: 8686  Precision @ 1: 0.9694  AUC @ 1: 0.9976
Validation Data Eval:
  Num examples: 960  Num correct: 771  Precision @ 1: 0.8031  AUC @ 1: 0.8759
Test Data Eval:
  Num examples: 1856  Num correct: 1252  Precision @ 1: 0.6746  AUC @ 1: 0.7493
Step 6500: loss = 0.4342 (0.017 sec)
Training Data Eval:
  Num examples: 8960  Num correct: 8648  Precision @ 1: 0.9652  AUC @ 1: 0.9964
Validation Data Eval:
  Num examples: 960  Num correct: 759  Precision @ 1: 0.7906  AUC @ 1: 0.8731
Test Data Eval:
  Num examples: 1856  Num correct: 1298  Precision @ 1: 0.6994  AUC @ 1: 0.7599
Step 6600: loss = 0.3753 (0.019 sec)
Training Data Eval:
  Num examples: 8960  Num correct: 8729  Precision @ 1: 0.9742  AUC @ 1: 0.9979
Validation Data Eval:
  Num examples: 960  Num correct: 773  Precision @ 1: 0.8052  AUC @ 1: 0.8757
Test Data Eval:
  Num examples: 1856  Num correct: 1272  Precision @ 1: 0.6853  AUC @ 1: 0.7623
Step 6700: loss = 0.3333 (0.019 sec)
Training Data Eval:
  Num examples: 8960  Num correct: 8580  Precision @ 1: 0.9576  AUC @ 1: 0.9947
Validation Data Eval:
  Num examples: 960  Num correct: 750  Precision @ 1: 0.7812  AUC @ 1: 0.8602
Test Data Eval:
  Num examples: 1856  Num correct: 1284  Precision @ 1: 0.6918  AUC @ 1: 0.7547
Step 6800: loss = 0.4188 (0.019 sec)
Training Data Eval:
  Num examples: 8960  Num correct: 8673  Precision @ 1: 0.9680  AUC @ 1: 0.9963
Validation Data Eval:
  Num examples: 960  Num correct: 760  Precision @ 1: 0.7917  AUC @ 1: 0.8671
Test Data Eval:
  Num examples: 1856  Num correct: 1283  Precision @ 1: 0.6913  AUC @ 1: 0.7671
Step 6900: loss = 0.5167 (0.020 sec)
Training Data Eval:
  Num examples: 8960  Num correct: 8674  Precision @ 1: 0.9681  AUC @ 1: 0.9970
Validation Data Eval:
  Num examples: 960  Num correct: 772  Precision @ 1: 0.8042  AUC @ 1: 0.8722
Test Data Eval:
  Num examples: 1856  Num correct: 1305  Precision @ 1: 0.7031  AUC @ 1: 0.7709
Step 7000: loss = 0.4326 (0.100 sec)
Training Data Eval:
  Num examples: 8960  Num correct: 8715  Precision @ 1: 0.9727  AUC @ 1: 0.9979
Validation Data Eval:
  Num examples: 960  Num correct: 769  Precision @ 1: 0.8010  AUC @ 1: 0.8741
Test Data Eval:
  Num examples: 1856  Num correct: 1320  Precision @ 1: 0.7112  AUC @ 1: 0.7660
Step 7100: loss = 0.3219 (0.019 sec)
Training Data Eval:
  Num examples: 8960  Num correct: 8653  Precision @ 1: 0.9657  AUC @ 1: 0.9969
Validation Data Eval:
  Num examples: 960  Num correct: 766  Precision @ 1: 0.7979  AUC @ 1: 0.8679
Test Data Eval:
  Num examples: 1856  Num correct: 1311  Precision @ 1: 0.7064  AUC @ 1: 0.7656
Step 7200: loss = 0.3311 (0.019 sec)
Training Data Eval:
  Num examples: 8960  Num correct: 8727  Precision @ 1: 0.9740  AUC @ 1: 0.9980
Validation Data Eval:
  Num examples: 960  Num correct: 766  Precision @ 1: 0.7979  AUC @ 1: 0.8705
Test Data Eval:
  Num examples: 1856  Num correct: 1260  Precision @ 1: 0.6789  AUC @ 1: 0.7532
Step 7300: loss = 0.3192 (0.018 sec)
Training Data Eval:
  Num examples: 8960  Num correct: 8696  Precision @ 1: 0.9705  AUC @ 1: 0.9979
Validation Data Eval:
  Num examples: 960  Num correct: 762  Precision @ 1: 0.7937  AUC @ 1: 0.8713
Test Data Eval:
  Num examples: 1856  Num correct: 1336  Precision @ 1: 0.7198  AUC @ 1: 0.7667
Step 7400: loss = 0.3265 (0.018 sec)
Training Data Eval:
  Num examples: 8960  Num correct: 8727  Precision @ 1: 0.9740  AUC @ 1: 0.9982
Validation Data Eval:
  Num examples: 960  Num correct: 772  Precision @ 1: 0.8042  AUC @ 1: 0.8728
Test Data Eval:
  Num examples: 1856  Num correct: 1283  Precision @ 1: 0.6913  AUC @ 1: 0.7566
Step 7500: loss = 0.3341 (0.020 sec)
Training Data Eval:
  Num examples: 8960  Num correct: 8742  Precision @ 1: 0.9757  AUC @ 1: 0.9980
Validation Data Eval:
  Num examples: 960  Num correct: 767  Precision @ 1: 0.7990  AUC @ 1: 0.8819
Test Data Eval:
  Num examples: 1856  Num correct: 1280  Precision @ 1: 0.6897  AUC @ 1: 0.7601
Step 7600: loss = 0.4701 (0.019 sec)
Training Data Eval:
  Num examples: 8960  Num correct: 8741  Precision @ 1: 0.9756  AUC @ 1: 0.9983
Validation Data Eval:
  Num examples: 960  Num correct: 763  Precision @ 1: 0.7948  AUC @ 1: 0.8734
Test Data Eval:
  Num examples: 1856  Num correct: 1276  Precision @ 1: 0.6875  AUC @ 1: 0.7517
Step 7700: loss = 0.3748 (0.103 sec)
Training Data Eval:
  Num examples: 8960  Num correct: 8685  Precision @ 1: 0.9693  AUC @ 1: 0.9976
Validation Data Eval:
  Num examples: 960  Num correct: 757  Precision @ 1: 0.7885  AUC @ 1: 0.8689
Test Data Eval:
  Num examples: 1856  Num correct: 1297  Precision @ 1: 0.6988  AUC @ 1: 0.7627
Step 7800: loss = 0.3073 (0.019 sec)
Training Data Eval:
  Num examples: 8960  Num correct: 8718  Precision @ 1: 0.9730  AUC @ 1: 0.9981
Validation Data Eval:
  Num examples: 960  Num correct: 759  Precision @ 1: 0.7906  AUC @ 1: 0.8701
Test Data Eval:
  Num examples: 1856  Num correct: 1272  Precision @ 1: 0.6853  AUC @ 1: 0.7603
Step 7900: loss = 0.3350 (0.020 sec)
Training Data Eval:
  Num examples: 8960  Num correct: 8649  Precision @ 1: 0.9653  AUC @ 1: 0.9965
Validation Data Eval:
  Num examples: 960  Num correct: 769  Precision @ 1: 0.8010  AUC @ 1: 0.8790
Test Data Eval:
  Num examples: 1856  Num correct: 1292  Precision @ 1: 0.6961  AUC @ 1: 0.7607
Step 8000: loss = 0.3068 (0.017 sec)
Training Data Eval:
  Num examples: 8960  Num correct: 8689  Precision @ 1: 0.9698  AUC @ 1: 0.9974
Validation Data Eval:
  Num examples: 960  Num correct: 765  Precision @ 1: 0.7969  AUC @ 1: 0.8738
Test Data Eval:
  Num examples: 1856  Num correct: 1295  Precision @ 1: 0.6977  AUC @ 1: 0.7608
Step 8100: loss = 0.3704 (0.020 sec)
Training Data Eval:
  Num examples: 8960  Num correct: 8649  Precision @ 1: 0.9653  AUC @ 1: 0.9965
Validation Data Eval:
  Num examples: 960  Num correct: 760  Precision @ 1: 0.7917  AUC @ 1: 0.8621
Test Data Eval:
  Num examples: 1856  Num correct: 1291  Precision @ 1: 0.6956  AUC @ 1: 0.7534
Step 8200: loss = 0.3995 (0.020 sec)
Training Data Eval:
  Num examples: 8960  Num correct: 8655  Precision @ 1: 0.9660  AUC @ 1: 0.9979
Validation Data Eval:
  Num examples: 960  Num correct: 765  Precision @ 1: 0.7969  AUC @ 1: 0.8672
Test Data Eval:
  Num examples: 1856  Num correct: 1315  Precision @ 1: 0.7085  AUC @ 1: 0.7600
Step 8300: loss = 0.3172 (0.018 sec)
Training Data Eval:
  Num examples: 8960  Num correct: 8687  Precision @ 1: 0.9695  AUC @ 1: 0.9976
Validation Data Eval:
  Num examples: 960  Num correct: 767  Precision @ 1: 0.7990  AUC @ 1: 0.8660
Test Data Eval:
  Num examples: 1856  Num correct: 1314  Precision @ 1: 0.7080  AUC @ 1: 0.7643
Step 8400: loss = 0.3388 (0.101 sec)
Training Data Eval:
  Num examples: 8960  Num correct: 8680  Precision @ 1: 0.9688  AUC @ 1: 0.9931
Validation Data Eval:
  Num examples: 960  Num correct: 753  Precision @ 1: 0.7844  AUC @ 1: 0.8617
Test Data Eval:
  Num examples: 1856  Num correct: 1256  Precision @ 1: 0.6767  AUC @ 1: 0.7496
Step 8500: loss = 0.3284 (0.019 sec)
Training Data Eval:
  Num examples: 8960  Num correct: 8700  Precision @ 1: 0.9710  AUC @ 1: 0.9961
Validation Data Eval:
  Num examples: 960  Num correct: 749  Precision @ 1: 0.7802  AUC @ 1: 0.8693
Test Data Eval:
  Num examples: 1856  Num correct: 1309  Precision @ 1: 0.7053  AUC @ 1: 0.7638
Step 8600: loss = 0.4122 (0.018 sec)
Training Data Eval:
  Num examples: 8960  Num correct: 8666  Precision @ 1: 0.9672  AUC @ 1: 0.9967
Validation Data Eval:
  Num examples: 960  Num correct: 750  Precision @ 1: 0.7812  AUC @ 1: 0.8645
Test Data Eval:
  Num examples: 1856  Num correct: 1306  Precision @ 1: 0.7037  AUC @ 1: 0.7614
Step 8700: loss = 0.3995 (0.020 sec)
Training Data Eval:
  Num examples: 8960  Num correct: 8659  Precision @ 1: 0.9664  AUC @ 1: 0.9975
Validation Data Eval:
  Num examples: 960  Num correct: 753  Precision @ 1: 0.7844  AUC @ 1: 0.8625
Test Data Eval:
  Num examples: 1856  Num correct: 1285  Precision @ 1: 0.6923  AUC @ 1: 0.7474
Step 8800: loss = 0.3194 (0.019 sec)
Training Data Eval:
  Num examples: 8960  Num correct: 8726  Precision @ 1: 0.9739  AUC @ 1: 0.9981
Validation Data Eval:
  Num examples: 960  Num correct: 763  Precision @ 1: 0.7948  AUC @ 1: 0.8668
Test Data Eval:
  Num examples: 1856  Num correct: 1316  Precision @ 1: 0.7091  AUC @ 1: 0.7676
Step 8900: loss = 0.3065 (0.017 sec)
Training Data Eval:
  Num examples: 8960  Num correct: 8709  Precision @ 1: 0.9720  AUC @ 1: 0.9967
Validation Data Eval:
  Num examples: 960  Num correct: 784  Precision @ 1: 0.8167  AUC @ 1: 0.8742
Test Data Eval:
  Num examples: 1856  Num correct: 1242  Precision @ 1: 0.6692  AUC @ 1: 0.7522
Step 9000: loss = 0.3469 (0.019 sec)
Training Data Eval:
  Num examples: 8960  Num correct: 8734  Precision @ 1: 0.9748  AUC @ 1: 0.9981
Validation Data Eval:
  Num examples: 960  Num correct: 766  Precision @ 1: 0.7979  AUC @ 1: 0.8695
Test Data Eval:
  Num examples: 1856  Num correct: 1296  Precision @ 1: 0.6983  AUC @ 1: 0.7607
Step 9100: loss = 0.4564 (0.106 sec)
Training Data Eval:
  Num examples: 8960  Num correct: 8616  Precision @ 1: 0.9616  AUC @ 1: 0.9977
Validation Data Eval:
  Num examples: 960  Num correct: 744  Precision @ 1: 0.7750  AUC @ 1: 0.8647
Test Data Eval:
  Num examples: 1856  Num correct: 1302  Precision @ 1: 0.7015  AUC @ 1: 0.7501
Step 9200: loss = 0.2916 (0.016 sec)
Training Data Eval:
  Num examples: 8960  Num correct: 8717  Precision @ 1: 0.9729  AUC @ 1: 0.9984
Validation Data Eval:
  Num examples: 960  Num correct: 771  Precision @ 1: 0.8031  AUC @ 1: 0.8670
Test Data Eval:
  Num examples: 1856  Num correct: 1288  Precision @ 1: 0.6940  AUC @ 1: 0.7432
Step 9300: loss = 0.3349 (0.019 sec)
Training Data Eval:
  Num examples: 8960  Num correct: 8738  Precision @ 1: 0.9752  AUC @ 1: 0.9978
Validation Data Eval:
  Num examples: 960  Num correct: 759  Precision @ 1: 0.7906  AUC @ 1: 0.8703
Test Data Eval:
  Num examples: 1856  Num correct: 1262  Precision @ 1: 0.6800  AUC @ 1: 0.7480
Step 9400: loss = 0.4117 (0.019 sec)
Training Data Eval:
  Num examples: 8960  Num correct: 8767  Precision @ 1: 0.9785  AUC @ 1: 0.9984
Validation Data Eval:
  Num examples: 960  Num correct: 759  Precision @ 1: 0.7906  AUC @ 1: 0.8739
Test Data Eval:
  Num examples: 1856  Num correct: 1236  Precision @ 1: 0.6659  AUC @ 1: 0.7564
Step 9500: loss = 0.3109 (0.020 sec)
Training Data Eval:
  Num examples: 8960  Num correct: 8686  Precision @ 1: 0.9694  AUC @ 1: 0.9984
Validation Data Eval:
  Num examples: 960  Num correct: 756  Precision @ 1: 0.7875  AUC @ 1: 0.8746
Test Data Eval:
  Num examples: 1856  Num correct: 1323  Precision @ 1: 0.7128  AUC @ 1: 0.7623
Step 9600: loss = 0.3779 (0.019 sec)
Training Data Eval:
  Num examples: 8960  Num correct: 8732  Precision @ 1: 0.9746  AUC @ 1: 0.9976
Validation Data Eval:
  Num examples: 960  Num correct: 764  Precision @ 1: 0.7958  AUC @ 1: 0.8675
Test Data Eval:
  Num examples: 1856  Num correct: 1245  Precision @ 1: 0.6708  AUC @ 1: 0.7460
Step 9700: loss = 0.6543 (0.019 sec)
Training Data Eval:
  Num examples: 8960  Num correct: 8738  Precision @ 1: 0.9752  AUC @ 1: 0.9978
Validation Data Eval:
  Num examples: 960  Num correct: 752  Precision @ 1: 0.7833  AUC @ 1: 0.8723
Test Data Eval:
  Num examples: 1856  Num correct: 1277  Precision @ 1: 0.6880  AUC @ 1: 0.7518
Step 9800: loss = 0.2738 (0.097 sec)
Training Data Eval:
  Num examples: 8960  Num correct: 8709  Precision @ 1: 0.9720  AUC @ 1: 0.9979
Validation Data Eval:
  Num examples: 960  Num correct: 762  Precision @ 1: 0.7937  AUC @ 1: 0.8675
Test Data Eval:
  Num examples: 1856  Num correct: 1283  Precision @ 1: 0.6913  AUC @ 1: 0.7612
Step 9900: loss = 0.3922 (0.018 sec)
Training Data Eval:
  Num examples: 8960  Num correct: 8719  Precision @ 1: 0.9731  AUC @ 1: 0.9980
Validation Data Eval:
  Num examples: 960  Num correct: 754  Precision @ 1: 0.7854  AUC @ 1: 0.8648
Test Data Eval:
  Num examples: 1856  Num correct: 1303  Precision @ 1: 0.7020  AUC @ 1: 0.7604
