Training data shape: 	(3815, 64, 30, 1)
Training label shape:	(3815,)
Testing data shape:  	(520, 64, 30, 1)
Testing label shape: 	(520,)
max input value is: 3457.30786133
min input value is: -4872.94775391
random permuted training data
==============================================================================
Model: 			inference_global_s_cnn
Tensor Name: 	Placeholder:0
[128, 64, 30, 1]
==============================================================================
Tensor Name: conv1/conv1:0
[128, 1, 30, 64]
==============================================================================
Tensor Name: MaxPool:0
[128, 1, 15, 64]
==============================================================================
Tensor Name: local1/local1:0
[128, 128]
==============================================================================
Tensor Name: local2/local2:0
[128, 128]
==============================================================================
Tensor Name: softmax_linear/softmax_linear:0
[128, 2]
Step 0: loss = 1.0551 (0.046 sec)
Training Data Eval:
  Num examples: 3456  Num correct: 1945  Precision @ 1: 0.5628  AUC @ 1: 0.7497
Validation Data Eval:
  Num examples: 256  Num correct: 142  Precision @ 1: 0.5547  AUC @ 1: 0.8117
Test Data Eval:
  Num examples: 512  Num correct: 289  Precision @ 1: 0.5645  AUC @ 1: 0.7626
Step 200: loss = 0.9739 (0.022 sec)
Training Data Eval:
  Num examples: 3456  Num correct: 2403  Precision @ 1: 0.6953  AUC @ 1: 0.7858
Validation Data Eval:
  Num examples: 256  Num correct: 188  Precision @ 1: 0.7344  AUC @ 1: 0.8110
Test Data Eval:
  Num examples: 512  Num correct: 366  Precision @ 1: 0.7148  AUC @ 1: 0.7891
Step 400: loss = 0.9948 (0.021 sec)
Training Data Eval:
  Num examples: 3456  Num correct: 2545  Precision @ 1: 0.7364  AUC @ 1: 0.8123
Validation Data Eval:
  Num examples: 256  Num correct: 191  Precision @ 1: 0.7461  AUC @ 1: 0.8197
Test Data Eval:
  Num examples: 512  Num correct: 380  Precision @ 1: 0.7422  AUC @ 1: 0.7989
Step 600: loss = 0.9089 (0.022 sec)
Training Data Eval:
  Num examples: 3456  Num correct: 2603  Precision @ 1: 0.7532  AUC @ 1: 0.8264
Validation Data Eval:
  Num examples: 256  Num correct: 200  Precision @ 1: 0.7812  AUC @ 1: 0.8511
Test Data Eval:
  Num examples: 512  Num correct: 381  Precision @ 1: 0.7441  AUC @ 1: 0.8198
Step 800: loss = 0.8257 (0.024 sec)
Training Data Eval:
  Num examples: 3456  Num correct: 2651  Precision @ 1: 0.7671  AUC @ 1: 0.8434
Validation Data Eval:
  Num examples: 256  Num correct: 197  Precision @ 1: 0.7695  AUC @ 1: 0.8419
Test Data Eval:
  Num examples: 512  Num correct: 390  Precision @ 1: 0.7617  AUC @ 1: 0.8250
Step 1000: loss = 0.8076 (0.022 sec)
Training Data Eval:
  Num examples: 3456  Num correct: 2697  Precision @ 1: 0.7804  AUC @ 1: 0.8586
Validation Data Eval:
  Num examples: 256  Num correct: 200  Precision @ 1: 0.7812  AUC @ 1: 0.8668
Test Data Eval:
  Num examples: 512  Num correct: 397  Precision @ 1: 0.7754  AUC @ 1: 0.8383
Step 1200: loss = 0.8800 (0.023 sec)
Training Data Eval:
  Num examples: 3456  Num correct: 2703  Precision @ 1: 0.7821  AUC @ 1: 0.8669
Validation Data Eval:
  Num examples: 256  Num correct: 203  Precision @ 1: 0.7930  AUC @ 1: 0.8585
Test Data Eval:
  Num examples: 512  Num correct: 392  Precision @ 1: 0.7656  AUC @ 1: 0.8294
Step 1400: loss = 0.8500 (0.022 sec)
Training Data Eval:
  Num examples: 3456  Num correct: 2761  Precision @ 1: 0.7989  AUC @ 1: 0.8809
Validation Data Eval:
  Num examples: 256  Num correct: 201  Precision @ 1: 0.7852  AUC @ 1: 0.8685
Test Data Eval:
  Num examples: 512  Num correct: 387  Precision @ 1: 0.7559  AUC @ 1: 0.8398
Step 1600: loss = 0.8106 (0.023 sec)
Training Data Eval:
  Num examples: 3456  Num correct: 2784  Precision @ 1: 0.8056  AUC @ 1: 0.8899
Validation Data Eval:
  Num examples: 256  Num correct: 203  Precision @ 1: 0.7930  AUC @ 1: 0.8689
Test Data Eval:
  Num examples: 512  Num correct: 398  Precision @ 1: 0.7773  AUC @ 1: 0.8535
Step 1800: loss = 0.7754 (0.022 sec)
Training Data Eval:
  Num examples: 3456  Num correct: 2853  Precision @ 1: 0.8255  AUC @ 1: 0.9027
Validation Data Eval:
  Num examples: 256  Num correct: 203  Precision @ 1: 0.7930  AUC @ 1: 0.8693
Test Data Eval:
  Num examples: 512  Num correct: 392  Precision @ 1: 0.7656  AUC @ 1: 0.8482
Step 2000: loss = 0.7435 (0.022 sec)
Training Data Eval:
  Num examples: 3456  Num correct: 2879  Precision @ 1: 0.8330  AUC @ 1: 0.9060
Validation Data Eval:
  Num examples: 256  Num correct: 203  Precision @ 1: 0.7930  AUC @ 1: 0.8815
Test Data Eval:
  Num examples: 512  Num correct: 407  Precision @ 1: 0.7949  AUC @ 1: 0.8491
Step 2200: loss = 0.7700 (0.022 sec)
Training Data Eval:
  Num examples: 3456  Num correct: 2894  Precision @ 1: 0.8374  AUC @ 1: 0.9171
Validation Data Eval:
  Num examples: 256  Num correct: 203  Precision @ 1: 0.7930  AUC @ 1: 0.8723
Test Data Eval:
  Num examples: 512  Num correct: 395  Precision @ 1: 0.7715  AUC @ 1: 0.8373
Step 2400: loss = 0.6556 (0.022 sec)
Training Data Eval:
  Num examples: 3456  Num correct: 2990  Precision @ 1: 0.8652  AUC @ 1: 0.9361
Validation Data Eval:
  Num examples: 256  Num correct: 206  Precision @ 1: 0.8047  AUC @ 1: 0.8818
Test Data Eval:
  Num examples: 512  Num correct: 404  Precision @ 1: 0.7891  AUC @ 1: 0.8519
Step 2600: loss = 0.7120 (0.023 sec)
Training Data Eval:
  Num examples: 3456  Num correct: 2957  Precision @ 1: 0.8556  AUC @ 1: 0.9320
Validation Data Eval:
  Num examples: 256  Num correct: 205  Precision @ 1: 0.8008  AUC @ 1: 0.8723
Test Data Eval:
  Num examples: 512  Num correct: 394  Precision @ 1: 0.7695  AUC @ 1: 0.8384
Step 2800: loss = 0.6786 (0.022 sec)
Training Data Eval:
  Num examples: 3456  Num correct: 2972  Precision @ 1: 0.8600  AUC @ 1: 0.9373
Validation Data Eval:
  Num examples: 256  Num correct: 202  Precision @ 1: 0.7891  AUC @ 1: 0.8742
Test Data Eval:
  Num examples: 512  Num correct: 397  Precision @ 1: 0.7754  AUC @ 1: 0.8496
Step 3000: loss = 0.6591 (0.023 sec)
Training Data Eval:
  Num examples: 3456  Num correct: 3080  Precision @ 1: 0.8912  AUC @ 1: 0.9541
Validation Data Eval:
  Num examples: 256  Num correct: 206  Precision @ 1: 0.8047  AUC @ 1: 0.8809
Test Data Eval:
  Num examples: 512  Num correct: 382  Precision @ 1: 0.7461  AUC @ 1: 0.8451
Step 3200: loss = 0.5658 (0.023 sec)
Training Data Eval:
  Num examples: 3456  Num correct: 3099  Precision @ 1: 0.8967  AUC @ 1: 0.9617
Validation Data Eval:
  Num examples: 256  Num correct: 205  Precision @ 1: 0.8008  AUC @ 1: 0.8835
Test Data Eval:
  Num examples: 512  Num correct: 392  Precision @ 1: 0.7656  AUC @ 1: 0.8377
Step 3400: loss = 0.5777 (0.022 sec)
Training Data Eval:
  Num examples: 3456  Num correct: 3116  Precision @ 1: 0.9016  AUC @ 1: 0.9677
Validation Data Eval:
  Num examples: 256  Num correct: 205  Precision @ 1: 0.8008  AUC @ 1: 0.8884
Test Data Eval:
  Num examples: 512  Num correct: 394  Precision @ 1: 0.7695  AUC @ 1: 0.8461
Step 3600: loss = 0.5548 (0.022 sec)
Training Data Eval:
  Num examples: 3456  Num correct: 3155  Precision @ 1: 0.9129  AUC @ 1: 0.9716
Validation Data Eval:
  Num examples: 256  Num correct: 202  Precision @ 1: 0.7891  AUC @ 1: 0.8916
Test Data Eval:
  Num examples: 512  Num correct: 394  Precision @ 1: 0.7695  AUC @ 1: 0.8478
Step 3800: loss = 0.5619 (0.021 sec)
Training Data Eval:
  Num examples: 3456  Num correct: 3145  Precision @ 1: 0.9100  AUC @ 1: 0.9687
Validation Data Eval:
  Num examples: 256  Num correct: 209  Precision @ 1: 0.8164  AUC @ 1: 0.8945
Test Data Eval:
  Num examples: 512  Num correct: 386  Precision @ 1: 0.7539  AUC @ 1: 0.8426
Step 4000: loss = 0.5993 (0.022 sec)
Training Data Eval:
  Num examples: 3456  Num correct: 3241  Precision @ 1: 0.9378  AUC @ 1: 0.9837
Validation Data Eval:
  Num examples: 256  Num correct: 206  Precision @ 1: 0.8047  AUC @ 1: 0.8894
Test Data Eval:
  Num examples: 512  Num correct: 389  Precision @ 1: 0.7598  AUC @ 1: 0.8365
Step 4200: loss = 0.5060 (0.022 sec)
Training Data Eval:
  Num examples: 3456  Num correct: 3292  Precision @ 1: 0.9525  AUC @ 1: 0.9888
Validation Data Eval:
  Num examples: 256  Num correct: 209  Precision @ 1: 0.8164  AUC @ 1: 0.8942
Test Data Eval:
  Num examples: 512  Num correct: 382  Precision @ 1: 0.7461  AUC @ 1: 0.8391
Step 4400: loss = 0.5272 (0.022 sec)
Training Data Eval:
  Num examples: 3456  Num correct: 3268  Precision @ 1: 0.9456  AUC @ 1: 0.9884
Validation Data Eval:
  Num examples: 256  Num correct: 205  Precision @ 1: 0.8008  AUC @ 1: 0.8988
Test Data Eval:
  Num examples: 512  Num correct: 386  Precision @ 1: 0.7539  AUC @ 1: 0.8379
Step 4600: loss = 0.5760 (0.022 sec)
Training Data Eval:
  Num examples: 3456  Num correct: 3318  Precision @ 1: 0.9601  AUC @ 1: 0.9920
Validation Data Eval:
  Num examples: 256  Num correct: 211  Precision @ 1: 0.8242  AUC @ 1: 0.8930
Test Data Eval:
  Num examples: 512  Num correct: 388  Precision @ 1: 0.7578  AUC @ 1: 0.8348
Step 4800: loss = 0.4471 (0.023 sec)
Training Data Eval:
  Num examples: 3456  Num correct: 3272  Precision @ 1: 0.9468  AUC @ 1: 0.9889
Validation Data Eval:
  Num examples: 256  Num correct: 212  Precision @ 1: 0.8281  AUC @ 1: 0.9004
Test Data Eval:
  Num examples: 512  Num correct: 381  Precision @ 1: 0.7441  AUC @ 1: 0.8276
Step 5000: loss = 0.4944 (0.022 sec)
Training Data Eval:
  Num examples: 3456  Num correct: 3301  Precision @ 1: 0.9552  AUC @ 1: 0.9895
Validation Data Eval:
  Num examples: 256  Num correct: 214  Precision @ 1: 0.8359  AUC @ 1: 0.9020
Test Data Eval:
  Num examples: 512  Num correct: 369  Precision @ 1: 0.7207  AUC @ 1: 0.8250
Step 5200: loss = 0.4651 (0.022 sec)
Training Data Eval:
  Num examples: 3456  Num correct: 3361  Precision @ 1: 0.9725  AUC @ 1: 0.9957
Validation Data Eval:
  Num examples: 256  Num correct: 207  Precision @ 1: 0.8086  AUC @ 1: 0.8883
Test Data Eval:
  Num examples: 512  Num correct: 389  Precision @ 1: 0.7598  AUC @ 1: 0.8413
Step 5400: loss = 0.5132 (0.056 sec)
Training Data Eval:
  Num examples: 3456  Num correct: 3320  Precision @ 1: 0.9606  AUC @ 1: 0.9935
Validation Data Eval:
  Num examples: 256  Num correct: 211  Precision @ 1: 0.8242  AUC @ 1: 0.8960
Test Data Eval:
  Num examples: 512  Num correct: 375  Precision @ 1: 0.7324  AUC @ 1: 0.8333
Step 5600: loss = 0.3909 (0.022 sec)
Training Data Eval:
  Num examples: 3456  Num correct: 3373  Precision @ 1: 0.9760  AUC @ 1: 0.9971
Validation Data Eval:
  Num examples: 256  Num correct: 211  Precision @ 1: 0.8242  AUC @ 1: 0.8917
Test Data Eval:
  Num examples: 512  Num correct: 377  Precision @ 1: 0.7363  AUC @ 1: 0.8289
Step 5800: loss = 0.4133 (0.023 sec)
Training Data Eval:
  Num examples: 3456  Num correct: 3402  Precision @ 1: 0.9844  AUC @ 1: 0.9988
Validation Data Eval:
  Num examples: 256  Num correct: 210  Precision @ 1: 0.8203  AUC @ 1: 0.8965
Test Data Eval:
  Num examples: 512  Num correct: 385  Precision @ 1: 0.7520  AUC @ 1: 0.8193
Step 6000: loss = 0.3443 (0.022 sec)
Training Data Eval:
  Num examples: 3456  Num correct: 3366  Precision @ 1: 0.9740  AUC @ 1: 0.9975
Validation Data Eval:
  Num examples: 256  Num correct: 208  Precision @ 1: 0.8125  AUC @ 1: 0.8983
Test Data Eval:
  Num examples: 512  Num correct: 386  Precision @ 1: 0.7539  AUC @ 1: 0.8300
Step 6200: loss = 0.4160 (0.022 sec)
Training Data Eval:
  Num examples: 3456  Num correct: 3144  Precision @ 1: 0.9097  AUC @ 1: 0.9640
Validation Data Eval:
  Num examples: 256  Num correct: 205  Precision @ 1: 0.8008  AUC @ 1: 0.8889
Test Data Eval:
  Num examples: 512  Num correct: 389  Precision @ 1: 0.7598  AUC @ 1: 0.8398
Step 6400: loss = 0.5919 (0.022 sec)
Training Data Eval:
  Num examples: 3456  Num correct: 3397  Precision @ 1: 0.9829  AUC @ 1: 0.9986
Validation Data Eval:
  Num examples: 256  Num correct: 215  Precision @ 1: 0.8398  AUC @ 1: 0.9011
Test Data Eval:
  Num examples: 512  Num correct: 384  Precision @ 1: 0.7500  AUC @ 1: 0.8358
Step 6600: loss = 0.4315 (0.022 sec)
Training Data Eval:
  Num examples: 3456  Num correct: 3327  Precision @ 1: 0.9627  AUC @ 1: 0.9860
Validation Data Eval:
  Num examples: 256  Num correct: 207  Precision @ 1: 0.8086  AUC @ 1: 0.8908
Test Data Eval:
  Num examples: 512  Num correct: 381  Precision @ 1: 0.7441  AUC @ 1: 0.8124
Step 6800: loss = 0.5359 (0.022 sec)
Training Data Eval:
  Num examples: 3456  Num correct: 3414  Precision @ 1: 0.9878  AUC @ 1: 0.9994
Validation Data Eval:
  Num examples: 256  Num correct: 212  Precision @ 1: 0.8281  AUC @ 1: 0.9030
Test Data Eval:
  Num examples: 512  Num correct: 379  Precision @ 1: 0.7402  AUC @ 1: 0.8247
Step 7000: loss = 0.3469 (0.022 sec)
Training Data Eval:
  Num examples: 3456  Num correct: 3419  Precision @ 1: 0.9893  AUC @ 1: 0.9997
Validation Data Eval:
  Num examples: 256  Num correct: 214  Precision @ 1: 0.8359  AUC @ 1: 0.9010
Test Data Eval:
  Num examples: 512  Num correct: 383  Precision @ 1: 0.7480  AUC @ 1: 0.8392
Step 7200: loss = 0.4016 (0.022 sec)
Training Data Eval:
  Num examples: 3456  Num correct: 3422  Precision @ 1: 0.9902  AUC @ 1: 0.9993
Validation Data Eval:
  Num examples: 256  Num correct: 217  Precision @ 1: 0.8477  AUC @ 1: 0.9061
Test Data Eval:
  Num examples: 512  Num correct: 371  Precision @ 1: 0.7246  AUC @ 1: 0.8211
Step 7400: loss = 0.3244 (0.022 sec)
Training Data Eval:
  Num examples: 3456  Num correct: 3418  Precision @ 1: 0.9890  AUC @ 1: 0.9992
Validation Data Eval:
  Num examples: 256  Num correct: 210  Precision @ 1: 0.8203  AUC @ 1: 0.8974
Test Data Eval:
  Num examples: 512  Num correct: 388  Precision @ 1: 0.7578  AUC @ 1: 0.8262
Step 7600: loss = 0.3581 (0.022 sec)
Training Data Eval:
  Num examples: 3456  Num correct: 3425  Precision @ 1: 0.9910  AUC @ 1: 0.9994
Validation Data Eval:
  Num examples: 256  Num correct: 211  Precision @ 1: 0.8242  AUC @ 1: 0.8952
Test Data Eval:
  Num examples: 512  Num correct: 380  Precision @ 1: 0.7422  AUC @ 1: 0.8198
Step 7800: loss = 0.3321 (0.022 sec)
Training Data Eval:
  Num examples: 3456  Num correct: 3429  Precision @ 1: 0.9922  AUC @ 1: 0.9998
Validation Data Eval:
  Num examples: 256  Num correct: 209  Precision @ 1: 0.8164  AUC @ 1: 0.9030
Test Data Eval:
  Num examples: 512  Num correct: 379  Precision @ 1: 0.7402  AUC @ 1: 0.8188
Step 8000: loss = 0.3308 (0.022 sec)
Training Data Eval:
  Num examples: 3456  Num correct: 3427  Precision @ 1: 0.9916  AUC @ 1: 0.9998
Validation Data Eval:
  Num examples: 256  Num correct: 209  Precision @ 1: 0.8164  AUC @ 1: 0.9047
Test Data Eval:
  Num examples: 512  Num correct: 387  Precision @ 1: 0.7559  AUC @ 1: 0.8220
Step 8200: loss = 0.3744 (0.022 sec)
Training Data Eval:
  Num examples: 3456  Num correct: 3427  Precision @ 1: 0.9916  AUC @ 1: 0.9997
Validation Data Eval:
  Num examples: 256  Num correct: 212  Precision @ 1: 0.8281  AUC @ 1: 0.8910
Test Data Eval:
  Num examples: 512  Num correct: 377  Precision @ 1: 0.7363  AUC @ 1: 0.8117
Step 8400: loss = 0.3123 (0.022 sec)
Training Data Eval:
  Num examples: 3456  Num correct: 3435  Precision @ 1: 0.9939  AUC @ 1: 0.9998
Validation Data Eval:
  Num examples: 256  Num correct: 208  Precision @ 1: 0.8125  AUC @ 1: 0.8979
Test Data Eval:
  Num examples: 512  Num correct: 382  Precision @ 1: 0.7461  AUC @ 1: 0.8174
Step 8600: loss = 0.3323 (0.021 sec)
Training Data Eval:
  Num examples: 3456  Num correct: 3235  Precision @ 1: 0.9361  AUC @ 1: 0.9841
Validation Data Eval:
  Num examples: 256  Num correct: 207  Precision @ 1: 0.8086  AUC @ 1: 0.8882
Test Data Eval:
  Num examples: 512  Num correct: 377  Precision @ 1: 0.7363  AUC @ 1: 0.8260
Step 8800: loss = 0.5459 (0.022 sec)
Training Data Eval:
  Num examples: 3456  Num correct: 3410  Precision @ 1: 0.9867  AUC @ 1: 0.9993
Validation Data Eval:
  Num examples: 256  Num correct: 213  Precision @ 1: 0.8320  AUC @ 1: 0.9041
Test Data Eval:
  Num examples: 512  Num correct: 387  Precision @ 1: 0.7559  AUC @ 1: 0.8330
Step 9000: loss = 0.3586 (0.022 sec)
Training Data Eval:
  Num examples: 3456  Num correct: 3436  Precision @ 1: 0.9942  AUC @ 1: 0.9998
Validation Data Eval:
  Num examples: 256  Num correct: 212  Precision @ 1: 0.8281  AUC @ 1: 0.9021
Test Data Eval:
  Num examples: 512  Num correct: 380  Precision @ 1: 0.7422  AUC @ 1: 0.8330
Step 9200: loss = 0.3452 (0.022 sec)
Training Data Eval:
  Num examples: 3456  Num correct: 3442  Precision @ 1: 0.9959  AUC @ 1: 0.9999
Validation Data Eval:
  Num examples: 256  Num correct: 210  Precision @ 1: 0.8203  AUC @ 1: 0.9005
Test Data Eval:
  Num examples: 512  Num correct: 380  Precision @ 1: 0.7422  AUC @ 1: 0.8198
Step 9400: loss = 0.3124 (0.022 sec)
Training Data Eval:
  Num examples: 3456  Num correct: 3447  Precision @ 1: 0.9974  AUC @ 1: 0.9999
Validation Data Eval:
  Num examples: 256  Num correct: 207  Precision @ 1: 0.8086  AUC @ 1: 0.8958
Test Data Eval:
  Num examples: 512  Num correct: 386  Precision @ 1: 0.7539  AUC @ 1: 0.8224
Step 9600: loss = 0.3066 (0.022 sec)
Training Data Eval:
  Num examples: 3456  Num correct: 3446  Precision @ 1: 0.9971  AUC @ 1: 0.9999
Validation Data Eval:
  Num examples: 256  Num correct: 210  Precision @ 1: 0.8203  AUC @ 1: 0.8994
Test Data Eval:
  Num examples: 512  Num correct: 380  Precision @ 1: 0.7422  AUC @ 1: 0.8256
Step 9800: loss = 0.2975 (0.022 sec)
Training Data Eval:
  Num examples: 3456  Num correct: 3451  Precision @ 1: 0.9986  AUC @ 1: 1.0000
Validation Data Eval:
  Num examples: 256  Num correct: 208  Precision @ 1: 0.8125  AUC @ 1: 0.9024
Test Data Eval:
  Num examples: 512  Num correct: 388  Precision @ 1: 0.7578  AUC @ 1: 0.8286
