Training data shape: 	(3815, 64, 30, 1)
Training label shape:	(3815,)
Testing data shape:  	(520, 64, 30, 1)
Testing label shape: 	(520,)
max input value is: 3457.30786133
min input value is: -4872.94775391
random permuted training data
==============================================================================
Model: 			inference_global_s_cnn
Tensor Name: 	Placeholder:0
[128, 64, 30, 1]
==============================================================================
Tensor Name: conv1/conv1:0
[128, 1, 30, 64]
==============================================================================
Tensor Name: MaxPool:0
[128, 1, 15, 64]
==============================================================================
Tensor Name: local1/local1:0
[128, 128]
==============================================================================
Tensor Name: local2/local2:0
[128, 128]
==============================================================================
Tensor Name: softmax_linear/softmax_linear:0
[128, 2]
Step 0: loss = 1.0471 (0.045 sec)
Training Data Eval:
  Num examples: 3456  Num correct: 2008  Precision @ 1: 0.5810  AUC @ 1: 0.7388
Validation Data Eval:
  Num examples: 256  Num correct: 155  Precision @ 1: 0.6055  AUC @ 1: 0.7838
Test Data Eval:
  Num examples: 512  Num correct: 295  Precision @ 1: 0.5762  AUC @ 1: 0.7540
Step 200: loss = 0.9776 (0.021 sec)
Training Data Eval:
  Num examples: 3456  Num correct: 2362  Precision @ 1: 0.6834  AUC @ 1: 0.7819
Validation Data Eval:
  Num examples: 256  Num correct: 175  Precision @ 1: 0.6836  AUC @ 1: 0.7935
Test Data Eval:
  Num examples: 512  Num correct: 347  Precision @ 1: 0.6777  AUC @ 1: 0.7875
Step 400: loss = 0.9774 (0.021 sec)
Training Data Eval:
  Num examples: 3456  Num correct: 2538  Precision @ 1: 0.7344  AUC @ 1: 0.8087
Validation Data Eval:
  Num examples: 256  Num correct: 187  Precision @ 1: 0.7305  AUC @ 1: 0.8166
Test Data Eval:
  Num examples: 512  Num correct: 385  Precision @ 1: 0.7520  AUC @ 1: 0.8191
Step 600: loss = 0.8818 (0.022 sec)
Training Data Eval:
  Num examples: 3456  Num correct: 2593  Precision @ 1: 0.7503  AUC @ 1: 0.8272
Validation Data Eval:
  Num examples: 256  Num correct: 194  Precision @ 1: 0.7578  AUC @ 1: 0.8363
Test Data Eval:
  Num examples: 512  Num correct: 382  Precision @ 1: 0.7461  AUC @ 1: 0.8078
Step 800: loss = 0.8285 (0.021 sec)
Training Data Eval:
  Num examples: 3456  Num correct: 2630  Precision @ 1: 0.7610  AUC @ 1: 0.8474
Validation Data Eval:
  Num examples: 256  Num correct: 195  Precision @ 1: 0.7617  AUC @ 1: 0.8375
Test Data Eval:
  Num examples: 512  Num correct: 394  Precision @ 1: 0.7695  AUC @ 1: 0.8233
Step 1000: loss = 0.7979 (0.022 sec)
Training Data Eval:
  Num examples: 3456  Num correct: 2669  Precision @ 1: 0.7723  AUC @ 1: 0.8559
Validation Data Eval:
  Num examples: 256  Num correct: 194  Precision @ 1: 0.7578  AUC @ 1: 0.8323
Test Data Eval:
  Num examples: 512  Num correct: 386  Precision @ 1: 0.7539  AUC @ 1: 0.8313
Step 1200: loss = 0.7828 (0.022 sec)
Training Data Eval:
  Num examples: 3456  Num correct: 2728  Precision @ 1: 0.7894  AUC @ 1: 0.8723
Validation Data Eval:
  Num examples: 256  Num correct: 192  Precision @ 1: 0.7500  AUC @ 1: 0.8250
Test Data Eval:
  Num examples: 512  Num correct: 389  Precision @ 1: 0.7598  AUC @ 1: 0.8405
Step 1400: loss = 0.8475 (0.022 sec)
Training Data Eval:
  Num examples: 3456  Num correct: 2797  Precision @ 1: 0.8093  AUC @ 1: 0.8945
Validation Data Eval:
  Num examples: 256  Num correct: 193  Precision @ 1: 0.7539  AUC @ 1: 0.8472
Test Data Eval:
  Num examples: 512  Num correct: 386  Precision @ 1: 0.7539  AUC @ 1: 0.8232
Step 1600: loss = 0.7767 (0.022 sec)
Training Data Eval:
  Num examples: 3456  Num correct: 2843  Precision @ 1: 0.8226  AUC @ 1: 0.9079
Validation Data Eval:
  Num examples: 256  Num correct: 196  Precision @ 1: 0.7656  AUC @ 1: 0.8569
Test Data Eval:
  Num examples: 512  Num correct: 389  Precision @ 1: 0.7598  AUC @ 1: 0.8324
Step 1800: loss = 0.7787 (0.022 sec)
Training Data Eval:
  Num examples: 3456  Num correct: 2886  Precision @ 1: 0.8351  AUC @ 1: 0.9104
Validation Data Eval:
  Num examples: 256  Num correct: 199  Precision @ 1: 0.7773  AUC @ 1: 0.8529
Test Data Eval:
  Num examples: 512  Num correct: 398  Precision @ 1: 0.7773  AUC @ 1: 0.8444
Step 2000: loss = 0.7470 (0.022 sec)
Training Data Eval:
  Num examples: 3456  Num correct: 2897  Precision @ 1: 0.8383  AUC @ 1: 0.9194
Validation Data Eval:
  Num examples: 256  Num correct: 198  Precision @ 1: 0.7734  AUC @ 1: 0.8677
Test Data Eval:
  Num examples: 512  Num correct: 386  Precision @ 1: 0.7539  AUC @ 1: 0.8289
Step 2200: loss = 0.7103 (0.022 sec)
Training Data Eval:
  Num examples: 3456  Num correct: 2961  Precision @ 1: 0.8568  AUC @ 1: 0.9288
Validation Data Eval:
  Num examples: 256  Num correct: 201  Precision @ 1: 0.7852  AUC @ 1: 0.8664
Test Data Eval:
  Num examples: 512  Num correct: 383  Precision @ 1: 0.7480  AUC @ 1: 0.8370
Step 2400: loss = 0.6615 (0.022 sec)
Training Data Eval:
  Num examples: 3456  Num correct: 2978  Precision @ 1: 0.8617  AUC @ 1: 0.9393
Validation Data Eval:
  Num examples: 256  Num correct: 191  Precision @ 1: 0.7461  AUC @ 1: 0.8493
Test Data Eval:
  Num examples: 512  Num correct: 380  Precision @ 1: 0.7422  AUC @ 1: 0.8299
Step 2600: loss = 0.6978 (0.022 sec)
Training Data Eval:
  Num examples: 3456  Num correct: 2988  Precision @ 1: 0.8646  AUC @ 1: 0.9409
Validation Data Eval:
  Num examples: 256  Num correct: 195  Precision @ 1: 0.7617  AUC @ 1: 0.8544
Test Data Eval:
  Num examples: 512  Num correct: 375  Precision @ 1: 0.7324  AUC @ 1: 0.8148
Step 2800: loss = 0.6261 (0.022 sec)
Training Data Eval:
  Num examples: 3456  Num correct: 3046  Precision @ 1: 0.8814  AUC @ 1: 0.9553
Validation Data Eval:
  Num examples: 256  Num correct: 189  Precision @ 1: 0.7383  AUC @ 1: 0.8512
Test Data Eval:
  Num examples: 512  Num correct: 394  Precision @ 1: 0.7695  AUC @ 1: 0.8453
Step 3000: loss = 0.7049 (0.022 sec)
Training Data Eval:
  Num examples: 3456  Num correct: 3118  Precision @ 1: 0.9022  AUC @ 1: 0.9661
Validation Data Eval:
  Num examples: 256  Num correct: 197  Precision @ 1: 0.7695  AUC @ 1: 0.8519
Test Data Eval:
  Num examples: 512  Num correct: 389  Precision @ 1: 0.7598  AUC @ 1: 0.8353
Step 3200: loss = 0.6042 (0.022 sec)
Training Data Eval:
  Num examples: 3456  Num correct: 3163  Precision @ 1: 0.9152  AUC @ 1: 0.9735
Validation Data Eval:
  Num examples: 256  Num correct: 201  Precision @ 1: 0.7852  AUC @ 1: 0.8557
Test Data Eval:
  Num examples: 512  Num correct: 388  Precision @ 1: 0.7578  AUC @ 1: 0.8327
Step 3400: loss = 0.5439 (0.022 sec)
Training Data Eval:
  Num examples: 3456  Num correct: 3081  Precision @ 1: 0.8915  AUC @ 1: 0.9648
Validation Data Eval:
  Num examples: 256  Num correct: 192  Precision @ 1: 0.7500  AUC @ 1: 0.8401
Test Data Eval:
  Num examples: 512  Num correct: 381  Precision @ 1: 0.7441  AUC @ 1: 0.8146
Step 3600: loss = 0.5710 (0.022 sec)
Training Data Eval:
  Num examples: 3456  Num correct: 3211  Precision @ 1: 0.9291  AUC @ 1: 0.9820
Validation Data Eval:
  Num examples: 256  Num correct: 194  Precision @ 1: 0.7578  AUC @ 1: 0.8461
Test Data Eval:
  Num examples: 512  Num correct: 370  Precision @ 1: 0.7227  AUC @ 1: 0.8196
Step 3800: loss = 0.5595 (0.023 sec)
Training Data Eval:
  Num examples: 3456  Num correct: 3250  Precision @ 1: 0.9404  AUC @ 1: 0.9870
Validation Data Eval:
  Num examples: 256  Num correct: 194  Precision @ 1: 0.7578  AUC @ 1: 0.8496
Test Data Eval:
  Num examples: 512  Num correct: 386  Precision @ 1: 0.7539  AUC @ 1: 0.8291
Step 4000: loss = 0.5797 (0.022 sec)
Training Data Eval:
  Num examples: 3456  Num correct: 3274  Precision @ 1: 0.9473  AUC @ 1: 0.9901
Validation Data Eval:
  Num examples: 256  Num correct: 197  Precision @ 1: 0.7695  AUC @ 1: 0.8557
Test Data Eval:
  Num examples: 512  Num correct: 376  Precision @ 1: 0.7344  AUC @ 1: 0.8195
Step 4200: loss = 0.5196 (0.022 sec)
Training Data Eval:
  Num examples: 3456  Num correct: 3253  Precision @ 1: 0.9413  AUC @ 1: 0.9839
Validation Data Eval:
  Num examples: 256  Num correct: 193  Precision @ 1: 0.7539  AUC @ 1: 0.8531
Test Data Eval:
  Num examples: 512  Num correct: 387  Precision @ 1: 0.7559  AUC @ 1: 0.8336
Step 4400: loss = 0.5972 (0.021 sec)
Training Data Eval:
  Num examples: 3456  Num correct: 3283  Precision @ 1: 0.9499  AUC @ 1: 0.9871
Validation Data Eval:
  Num examples: 256  Num correct: 192  Precision @ 1: 0.7500  AUC @ 1: 0.8500
Test Data Eval:
  Num examples: 512  Num correct: 383  Precision @ 1: 0.7480  AUC @ 1: 0.8251
Step 4600: loss = 0.4728 (0.022 sec)
Training Data Eval:
  Num examples: 3456  Num correct: 3341  Precision @ 1: 0.9667  AUC @ 1: 0.9949
Validation Data Eval:
  Num examples: 256  Num correct: 193  Precision @ 1: 0.7539  AUC @ 1: 0.8518
Test Data Eval:
  Num examples: 512  Num correct: 376  Precision @ 1: 0.7344  AUC @ 1: 0.8108
Step 4800: loss = 0.4767 (0.023 sec)
Training Data Eval:
  Num examples: 3456  Num correct: 3347  Precision @ 1: 0.9685  AUC @ 1: 0.9960
Validation Data Eval:
  Num examples: 256  Num correct: 192  Precision @ 1: 0.7500  AUC @ 1: 0.8534
Test Data Eval:
  Num examples: 512  Num correct: 383  Precision @ 1: 0.7480  AUC @ 1: 0.8241
Step 5000: loss = 0.4906 (0.022 sec)
Training Data Eval:
  Num examples: 3456  Num correct: 3378  Precision @ 1: 0.9774  AUC @ 1: 0.9974
Validation Data Eval:
  Num examples: 256  Num correct: 197  Precision @ 1: 0.7695  AUC @ 1: 0.8559
Test Data Eval:
  Num examples: 512  Num correct: 382  Precision @ 1: 0.7461  AUC @ 1: 0.8155
Step 5200: loss = 0.4088 (0.022 sec)
Training Data Eval:
  Num examples: 3456  Num correct: 3331  Precision @ 1: 0.9638  AUC @ 1: 0.9914
Validation Data Eval:
  Num examples: 256  Num correct: 199  Precision @ 1: 0.7773  AUC @ 1: 0.8461
Test Data Eval:
  Num examples: 512  Num correct: 390  Precision @ 1: 0.7617  AUC @ 1: 0.8167
Step 5400: loss = 0.4402 (0.057 sec)
Training Data Eval:
  Num examples: 3456  Num correct: 3381  Precision @ 1: 0.9783  AUC @ 1: 0.9969
Validation Data Eval:
  Num examples: 256  Num correct: 201  Precision @ 1: 0.7852  AUC @ 1: 0.8534
Test Data Eval:
  Num examples: 512  Num correct: 392  Precision @ 1: 0.7656  AUC @ 1: 0.8281
Step 5600: loss = 0.4961 (0.022 sec)
Training Data Eval:
  Num examples: 3456  Num correct: 3260  Precision @ 1: 0.9433  AUC @ 1: 0.9877
Validation Data Eval:
  Num examples: 256  Num correct: 201  Precision @ 1: 0.7852  AUC @ 1: 0.8444
Test Data Eval:
  Num examples: 512  Num correct: 379  Precision @ 1: 0.7402  AUC @ 1: 0.8213
Step 5800: loss = 0.5983 (0.022 sec)
Training Data Eval:
  Num examples: 3456  Num correct: 3394  Precision @ 1: 0.9821  AUC @ 1: 0.9987
Validation Data Eval:
  Num examples: 256  Num correct: 199  Precision @ 1: 0.7773  AUC @ 1: 0.8530
Test Data Eval:
  Num examples: 512  Num correct: 383  Precision @ 1: 0.7480  AUC @ 1: 0.8222
Step 6000: loss = 0.3987 (0.022 sec)
Training Data Eval:
  Num examples: 3456  Num correct: 3422  Precision @ 1: 0.9902  AUC @ 1: 0.9991
Validation Data Eval:
  Num examples: 256  Num correct: 196  Precision @ 1: 0.7656  AUC @ 1: 0.8559
Test Data Eval:
  Num examples: 512  Num correct: 376  Precision @ 1: 0.7344  AUC @ 1: 0.8105
Step 6200: loss = 0.3669 (0.023 sec)
Training Data Eval:
  Num examples: 3456  Num correct: 3423  Precision @ 1: 0.9905  AUC @ 1: 0.9994
Validation Data Eval:
  Num examples: 256  Num correct: 197  Precision @ 1: 0.7695  AUC @ 1: 0.8537
Test Data Eval:
  Num examples: 512  Num correct: 375  Precision @ 1: 0.7324  AUC @ 1: 0.8076
Step 6400: loss = 0.4081 (0.022 sec)
Training Data Eval:
  Num examples: 3456  Num correct: 3425  Precision @ 1: 0.9910  AUC @ 1: 0.9995
Validation Data Eval:
  Num examples: 256  Num correct: 197  Precision @ 1: 0.7695  AUC @ 1: 0.8507
Test Data Eval:
  Num examples: 512  Num correct: 374  Precision @ 1: 0.7305  AUC @ 1: 0.8122
Step 6600: loss = 0.3788 (0.022 sec)
Training Data Eval:
  Num examples: 3456  Num correct: 3425  Precision @ 1: 0.9910  AUC @ 1: 0.9996
Validation Data Eval:
  Num examples: 256  Num correct: 204  Precision @ 1: 0.7969  AUC @ 1: 0.8631
Test Data Eval:
  Num examples: 512  Num correct: 374  Precision @ 1: 0.7305  AUC @ 1: 0.8129
Step 6800: loss = 0.3767 (0.022 sec)
Training Data Eval:
  Num examples: 3456  Num correct: 3433  Precision @ 1: 0.9933  AUC @ 1: 0.9997
Validation Data Eval:
  Num examples: 256  Num correct: 197  Precision @ 1: 0.7695  AUC @ 1: 0.8598
Test Data Eval:
  Num examples: 512  Num correct: 381  Precision @ 1: 0.7441  AUC @ 1: 0.8205
Step 7000: loss = 0.3490 (0.023 sec)
Training Data Eval:
  Num examples: 3456  Num correct: 3422  Precision @ 1: 0.9902  AUC @ 1: 0.9998
Validation Data Eval:
  Num examples: 256  Num correct: 200  Precision @ 1: 0.7812  AUC @ 1: 0.8609
Test Data Eval:
  Num examples: 512  Num correct: 378  Precision @ 1: 0.7383  AUC @ 1: 0.8078
Step 7200: loss = 0.3532 (0.022 sec)
Training Data Eval:
  Num examples: 3456  Num correct: 3426  Precision @ 1: 0.9913  AUC @ 1: 0.9997
Validation Data Eval:
  Num examples: 256  Num correct: 195  Precision @ 1: 0.7617  AUC @ 1: 0.8444
Test Data Eval:
  Num examples: 512  Num correct: 368  Precision @ 1: 0.7188  AUC @ 1: 0.8088
Step 7400: loss = 0.3470 (0.021 sec)
Training Data Eval:
  Num examples: 3456  Num correct: 3435  Precision @ 1: 0.9939  AUC @ 1: 0.9999
Validation Data Eval:
  Num examples: 256  Num correct: 199  Precision @ 1: 0.7773  AUC @ 1: 0.8595
Test Data Eval:
  Num examples: 512  Num correct: 382  Precision @ 1: 0.7461  AUC @ 1: 0.8188
Step 7600: loss = 0.3302 (0.022 sec)
Training Data Eval:
  Num examples: 3456  Num correct: 3438  Precision @ 1: 0.9948  AUC @ 1: 0.9999
Validation Data Eval:
  Num examples: 256  Num correct: 200  Precision @ 1: 0.7812  AUC @ 1: 0.8605
Test Data Eval:
  Num examples: 512  Num correct: 384  Precision @ 1: 0.7500  AUC @ 1: 0.8182
Step 7800: loss = 0.3698 (0.022 sec)
Training Data Eval:
  Num examples: 3456  Num correct: 3444  Precision @ 1: 0.9965  AUC @ 1: 1.0000
Validation Data Eval:
  Num examples: 256  Num correct: 202  Precision @ 1: 0.7891  AUC @ 1: 0.8558
Test Data Eval:
  Num examples: 512  Num correct: 384  Precision @ 1: 0.7500  AUC @ 1: 0.8164
Step 8000: loss = 0.3285 (0.022 sec)
Training Data Eval:
  Num examples: 3456  Num correct: 3411  Precision @ 1: 0.9870  AUC @ 1: 0.9997
Validation Data Eval:
  Num examples: 256  Num correct: 198  Precision @ 1: 0.7734  AUC @ 1: 0.8600
Test Data Eval:
  Num examples: 512  Num correct: 383  Precision @ 1: 0.7480  AUC @ 1: 0.8089
Step 8200: loss = 0.4050 (0.022 sec)
Training Data Eval:
  Num examples: 3456  Num correct: 3451  Precision @ 1: 0.9986  AUC @ 1: 1.0000
Validation Data Eval:
  Num examples: 256  Num correct: 201  Precision @ 1: 0.7852  AUC @ 1: 0.8616
Test Data Eval:
  Num examples: 512  Num correct: 381  Precision @ 1: 0.7441  AUC @ 1: 0.8135
Step 8400: loss = 0.3462 (0.022 sec)
Training Data Eval:
  Num examples: 3456  Num correct: 3447  Precision @ 1: 0.9974  AUC @ 1: 1.0000
Validation Data Eval:
  Num examples: 256  Num correct: 198  Precision @ 1: 0.7734  AUC @ 1: 0.8654
Test Data Eval:
  Num examples: 512  Num correct: 382  Precision @ 1: 0.7461  AUC @ 1: 0.8115
Step 8600: loss = 0.2971 (0.022 sec)
Training Data Eval:
  Num examples: 3456  Num correct: 3440  Precision @ 1: 0.9954  AUC @ 1: 0.9999
Validation Data Eval:
  Num examples: 256  Num correct: 200  Precision @ 1: 0.7812  AUC @ 1: 0.8603
Test Data Eval:
  Num examples: 512  Num correct: 381  Precision @ 1: 0.7441  AUC @ 1: 0.8155
Step 8800: loss = 0.3193 (0.021 sec)
Training Data Eval:
  Num examples: 3456  Num correct: 3444  Precision @ 1: 0.9965  AUC @ 1: 0.9999
Validation Data Eval:
  Num examples: 256  Num correct: 201  Precision @ 1: 0.7852  AUC @ 1: 0.8601
Test Data Eval:
  Num examples: 512  Num correct: 371  Precision @ 1: 0.7246  AUC @ 1: 0.8155
Step 9000: loss = 0.3014 (0.022 sec)
Training Data Eval:
  Num examples: 3456  Num correct: 3426  Precision @ 1: 0.9913  AUC @ 1: 0.9989
Validation Data Eval:
  Num examples: 256  Num correct: 200  Precision @ 1: 0.7812  AUC @ 1: 0.8623
Test Data Eval:
  Num examples: 512  Num correct: 376  Precision @ 1: 0.7344  AUC @ 1: 0.8101
Step 9200: loss = 0.3331 (0.021 sec)
Training Data Eval:
  Num examples: 3456  Num correct: 3438  Precision @ 1: 0.9948  AUC @ 1: 0.9999
Validation Data Eval:
  Num examples: 256  Num correct: 197  Precision @ 1: 0.7695  AUC @ 1: 0.8512
Test Data Eval:
  Num examples: 512  Num correct: 376  Precision @ 1: 0.7344  AUC @ 1: 0.8087
Step 9400: loss = 0.3097 (0.024 sec)
Training Data Eval:
  Num examples: 3456  Num correct: 3443  Precision @ 1: 0.9962  AUC @ 1: 1.0000
Validation Data Eval:
  Num examples: 256  Num correct: 201  Precision @ 1: 0.7852  AUC @ 1: 0.8594
Test Data Eval:
  Num examples: 512  Num correct: 376  Precision @ 1: 0.7344  AUC @ 1: 0.8099
Step 9600: loss = 0.3413 (0.022 sec)
Training Data Eval:
  Num examples: 3456  Num correct: 3452  Precision @ 1: 0.9988  AUC @ 1: 1.0000
Validation Data Eval:
  Num examples: 256  Num correct: 197  Precision @ 1: 0.7695  AUC @ 1: 0.8621
Test Data Eval:
  Num examples: 512  Num correct: 372  Precision @ 1: 0.7266  AUC @ 1: 0.8094
Step 9800: loss = 0.3010 (0.021 sec)
Training Data Eval:
  Num examples: 3456  Num correct: 3439  Precision @ 1: 0.9951  AUC @ 1: 0.9999
Validation Data Eval:
  Num examples: 256  Num correct: 203  Precision @ 1: 0.7930  AUC @ 1: 0.8602
Test Data Eval:
  Num examples: 512  Num correct: 374  Precision @ 1: 0.7305  AUC @ 1: 0.8039
