Training data shape: 	(3815, 64, 30, 1)
Training label shape:	(3815,)
Testing data shape:  	(520, 64, 30, 1)
Testing label shape: 	(520,)
max input value is: 3457.30786133
min input value is: -4872.94775391
random permuted training data
==============================================================================
Model: 			inference_global_s_cnn
Tensor Name: 	Placeholder:0
[128, 64, 30, 1]
==============================================================================
Tensor Name: conv1/conv1:0
[128, 1, 30, 32]
==============================================================================
Tensor Name: MaxPool:0
[128, 1, 15, 32]
==============================================================================
Tensor Name: local1/local1:0
[128, 128]
==============================================================================
Tensor Name: local2/local2:0
[128, 128]
==============================================================================
Tensor Name: softmax_linear/softmax_linear:0
[128, 2]
Step 0: loss = 0.8967 (0.029 sec)
Training Data Eval:
  Num examples: 3456  Num correct: 1941  Precision @ 1: 0.5616  AUC @ 1: 0.7626
Validation Data Eval:
  Num examples: 256  Num correct: 154  Precision @ 1: 0.6016  AUC @ 1: 0.7415
Test Data Eval:
  Num examples: 512  Num correct: 290  Precision @ 1: 0.5664  AUC @ 1: 0.7875
Step 200: loss = 0.7785 (0.015 sec)
Training Data Eval:
  Num examples: 3456  Num correct: 2335  Precision @ 1: 0.6756  AUC @ 1: 0.7874
Validation Data Eval:
  Num examples: 256  Num correct: 182  Precision @ 1: 0.7109  AUC @ 1: 0.7612
Test Data Eval:
  Num examples: 512  Num correct: 365  Precision @ 1: 0.7129  AUC @ 1: 0.7955
Step 400: loss = 0.8115 (0.016 sec)
Training Data Eval:
  Num examples: 3456  Num correct: 2482  Precision @ 1: 0.7182  AUC @ 1: 0.8094
Validation Data Eval:
  Num examples: 256  Num correct: 186  Precision @ 1: 0.7266  AUC @ 1: 0.7848
Test Data Eval:
  Num examples: 512  Num correct: 380  Precision @ 1: 0.7422  AUC @ 1: 0.8085
Step 600: loss = 0.7635 (0.015 sec)
Training Data Eval:
  Num examples: 3456  Num correct: 2560  Precision @ 1: 0.7407  AUC @ 1: 0.8266
Validation Data Eval:
  Num examples: 256  Num correct: 194  Precision @ 1: 0.7578  AUC @ 1: 0.8044
Test Data Eval:
  Num examples: 512  Num correct: 386  Precision @ 1: 0.7539  AUC @ 1: 0.8221
Step 800: loss = 0.7331 (0.015 sec)
Training Data Eval:
  Num examples: 3456  Num correct: 2617  Precision @ 1: 0.7572  AUC @ 1: 0.8370
Validation Data Eval:
  Num examples: 256  Num correct: 195  Precision @ 1: 0.7617  AUC @ 1: 0.8179
Test Data Eval:
  Num examples: 512  Num correct: 389  Precision @ 1: 0.7598  AUC @ 1: 0.8004
Step 1000: loss = 0.7161 (0.015 sec)
Training Data Eval:
  Num examples: 3456  Num correct: 2643  Precision @ 1: 0.7648  AUC @ 1: 0.8468
Validation Data Eval:
  Num examples: 256  Num correct: 197  Precision @ 1: 0.7695  AUC @ 1: 0.8139
Test Data Eval:
  Num examples: 512  Num correct: 383  Precision @ 1: 0.7480  AUC @ 1: 0.8267
Step 1200: loss = 0.7134 (0.014 sec)
Training Data Eval:
  Num examples: 3456  Num correct: 2719  Precision @ 1: 0.7867  AUC @ 1: 0.8591
Validation Data Eval:
  Num examples: 256  Num correct: 198  Precision @ 1: 0.7734  AUC @ 1: 0.8323
Test Data Eval:
  Num examples: 512  Num correct: 393  Precision @ 1: 0.7676  AUC @ 1: 0.8232
Step 1400: loss = 0.6602 (0.016 sec)
Training Data Eval:
  Num examples: 3456  Num correct: 2716  Precision @ 1: 0.7859  AUC @ 1: 0.8663
Validation Data Eval:
  Num examples: 256  Num correct: 198  Precision @ 1: 0.7734  AUC @ 1: 0.8461
Test Data Eval:
  Num examples: 512  Num correct: 387  Precision @ 1: 0.7559  AUC @ 1: 0.8238
Step 1600: loss = 0.7238 (0.015 sec)
Training Data Eval:
  Num examples: 3456  Num correct: 2735  Precision @ 1: 0.7914  AUC @ 1: 0.8689
Validation Data Eval:
  Num examples: 256  Num correct: 195  Precision @ 1: 0.7617  AUC @ 1: 0.8309
Test Data Eval:
  Num examples: 512  Num correct: 402  Precision @ 1: 0.7852  AUC @ 1: 0.8339
Step 1800: loss = 0.6272 (0.015 sec)
Training Data Eval:
  Num examples: 3456  Num correct: 2776  Precision @ 1: 0.8032  AUC @ 1: 0.8869
Validation Data Eval:
  Num examples: 256  Num correct: 198  Precision @ 1: 0.7734  AUC @ 1: 0.8480
Test Data Eval:
  Num examples: 512  Num correct: 384  Precision @ 1: 0.7500  AUC @ 1: 0.8309
Step 2000: loss = 0.6600 (0.016 sec)
Training Data Eval:
  Num examples: 3456  Num correct: 2823  Precision @ 1: 0.8168  AUC @ 1: 0.8906
Validation Data Eval:
  Num examples: 256  Num correct: 205  Precision @ 1: 0.8008  AUC @ 1: 0.8644
Test Data Eval:
  Num examples: 512  Num correct: 384  Precision @ 1: 0.7500  AUC @ 1: 0.8308
Step 2200: loss = 0.5311 (0.015 sec)
Training Data Eval:
  Num examples: 3456  Num correct: 2865  Precision @ 1: 0.8290  AUC @ 1: 0.9051
Validation Data Eval:
  Num examples: 256  Num correct: 201  Precision @ 1: 0.7852  AUC @ 1: 0.8511
Test Data Eval:
  Num examples: 512  Num correct: 395  Precision @ 1: 0.7715  AUC @ 1: 0.8399
Step 2400: loss = 0.5256 (0.015 sec)
Training Data Eval:
  Num examples: 3456  Num correct: 2898  Precision @ 1: 0.8385  AUC @ 1: 0.9128
Validation Data Eval:
  Num examples: 256  Num correct: 202  Precision @ 1: 0.7891  AUC @ 1: 0.8541
Test Data Eval:
  Num examples: 512  Num correct: 389  Precision @ 1: 0.7598  AUC @ 1: 0.8429
Step 2600: loss = 0.5118 (0.015 sec)
Training Data Eval:
  Num examples: 3456  Num correct: 2920  Precision @ 1: 0.8449  AUC @ 1: 0.9220
Validation Data Eval:
  Num examples: 256  Num correct: 201  Precision @ 1: 0.7852  AUC @ 1: 0.8567
Test Data Eval:
  Num examples: 512  Num correct: 384  Precision @ 1: 0.7500  AUC @ 1: 0.8248
Step 2800: loss = 0.5389 (0.016 sec)
Training Data Eval:
  Num examples: 3456  Num correct: 2960  Precision @ 1: 0.8565  AUC @ 1: 0.9280
Validation Data Eval:
  Num examples: 256  Num correct: 200  Precision @ 1: 0.7812  AUC @ 1: 0.8697
Test Data Eval:
  Num examples: 512  Num correct: 389  Precision @ 1: 0.7598  AUC @ 1: 0.8338
Step 3000: loss = 0.5918 (0.015 sec)
Training Data Eval:
  Num examples: 3456  Num correct: 3014  Precision @ 1: 0.8721  AUC @ 1: 0.9427
Validation Data Eval:
  Num examples: 256  Num correct: 203  Precision @ 1: 0.7930  AUC @ 1: 0.8592
Test Data Eval:
  Num examples: 512  Num correct: 390  Precision @ 1: 0.7617  AUC @ 1: 0.8425
Step 3200: loss = 0.5157 (0.015 sec)
Training Data Eval:
  Num examples: 3456  Num correct: 3020  Precision @ 1: 0.8738  AUC @ 1: 0.9439
Validation Data Eval:
  Num examples: 256  Num correct: 201  Precision @ 1: 0.7852  AUC @ 1: 0.8613
Test Data Eval:
  Num examples: 512  Num correct: 384  Precision @ 1: 0.7500  AUC @ 1: 0.8451
Step 3400: loss = 0.5160 (0.015 sec)
Training Data Eval:
  Num examples: 3456  Num correct: 3023  Precision @ 1: 0.8747  AUC @ 1: 0.9482
Validation Data Eval:
  Num examples: 256  Num correct: 204  Precision @ 1: 0.7969  AUC @ 1: 0.8701
Test Data Eval:
  Num examples: 512  Num correct: 388  Precision @ 1: 0.7578  AUC @ 1: 0.8370
Step 3600: loss = 0.4703 (0.015 sec)
Training Data Eval:
  Num examples: 3456  Num correct: 3024  Precision @ 1: 0.8750  AUC @ 1: 0.9516
Validation Data Eval:
  Num examples: 256  Num correct: 204  Precision @ 1: 0.7969  AUC @ 1: 0.8675
Test Data Eval:
  Num examples: 512  Num correct: 387  Precision @ 1: 0.7559  AUC @ 1: 0.8368
Step 3800: loss = 0.4117 (0.015 sec)
Training Data Eval:
  Num examples: 3456  Num correct: 3120  Precision @ 1: 0.9028  AUC @ 1: 0.9652
Validation Data Eval:
  Num examples: 256  Num correct: 203  Precision @ 1: 0.7930  AUC @ 1: 0.8626
Test Data Eval:
  Num examples: 512  Num correct: 395  Precision @ 1: 0.7715  AUC @ 1: 0.8397
Step 4000: loss = 0.4872 (0.016 sec)
Training Data Eval:
  Num examples: 3456  Num correct: 3152  Precision @ 1: 0.9120  AUC @ 1: 0.9689
Validation Data Eval:
  Num examples: 256  Num correct: 209  Precision @ 1: 0.8164  AUC @ 1: 0.8768
Test Data Eval:
  Num examples: 512  Num correct: 399  Precision @ 1: 0.7793  AUC @ 1: 0.8456
Step 4200: loss = 0.4395 (0.016 sec)
Training Data Eval:
  Num examples: 3456  Num correct: 3144  Precision @ 1: 0.9097  AUC @ 1: 0.9671
Validation Data Eval:
  Num examples: 256  Num correct: 205  Precision @ 1: 0.8008  AUC @ 1: 0.8537
Test Data Eval:
  Num examples: 512  Num correct: 400  Precision @ 1: 0.7812  AUC @ 1: 0.8461
Step 4400: loss = 0.4671 (0.015 sec)
Training Data Eval:
  Num examples: 3456  Num correct: 3226  Precision @ 1: 0.9334  AUC @ 1: 0.9805
Validation Data Eval:
  Num examples: 256  Num correct: 206  Precision @ 1: 0.8047  AUC @ 1: 0.8803
Test Data Eval:
  Num examples: 512  Num correct: 387  Precision @ 1: 0.7559  AUC @ 1: 0.8326
Step 4600: loss = 0.3861 (0.015 sec)
Training Data Eval:
  Num examples: 3456  Num correct: 3210  Precision @ 1: 0.9288  AUC @ 1: 0.9793
Validation Data Eval:
  Num examples: 256  Num correct: 207  Precision @ 1: 0.8086  AUC @ 1: 0.8820
Test Data Eval:
  Num examples: 512  Num correct: 401  Precision @ 1: 0.7832  AUC @ 1: 0.8373
Step 4800: loss = 0.4730 (0.014 sec)
Training Data Eval:
  Num examples: 3456  Num correct: 3235  Precision @ 1: 0.9361  AUC @ 1: 0.9822
Validation Data Eval:
  Num examples: 256  Num correct: 212  Precision @ 1: 0.8281  AUC @ 1: 0.8805
Test Data Eval:
  Num examples: 512  Num correct: 392  Precision @ 1: 0.7656  AUC @ 1: 0.8340
Step 5000: loss = 0.3888 (0.014 sec)
Training Data Eval:
  Num examples: 3456  Num correct: 3283  Precision @ 1: 0.9499  AUC @ 1: 0.9879
Validation Data Eval:
  Num examples: 256  Num correct: 204  Precision @ 1: 0.7969  AUC @ 1: 0.8803
Test Data Eval:
  Num examples: 512  Num correct: 392  Precision @ 1: 0.7656  AUC @ 1: 0.8385
Step 5200: loss = 0.3402 (0.015 sec)
Training Data Eval:
  Num examples: 3456  Num correct: 3305  Precision @ 1: 0.9563  AUC @ 1: 0.9902
Validation Data Eval:
  Num examples: 256  Num correct: 207  Precision @ 1: 0.8086  AUC @ 1: 0.8817
Test Data Eval:
  Num examples: 512  Num correct: 395  Precision @ 1: 0.7715  AUC @ 1: 0.8405
Step 5400: loss = 0.3348 (0.051 sec)
Training Data Eval:
  Num examples: 3456  Num correct: 3294  Precision @ 1: 0.9531  AUC @ 1: 0.9921
Validation Data Eval:
  Num examples: 256  Num correct: 200  Precision @ 1: 0.7812  AUC @ 1: 0.8782
Test Data Eval:
  Num examples: 512  Num correct: 381  Precision @ 1: 0.7441  AUC @ 1: 0.8289
Step 5600: loss = 0.4048 (0.016 sec)
Training Data Eval:
  Num examples: 3456  Num correct: 3331  Precision @ 1: 0.9638  AUC @ 1: 0.9928
Validation Data Eval:
  Num examples: 256  Num correct: 205  Precision @ 1: 0.8008  AUC @ 1: 0.8791
Test Data Eval:
  Num examples: 512  Num correct: 386  Precision @ 1: 0.7539  AUC @ 1: 0.8408
Step 5800: loss = 0.3580 (0.015 sec)
Training Data Eval:
  Num examples: 3456  Num correct: 3331  Precision @ 1: 0.9638  AUC @ 1: 0.9934
Validation Data Eval:
  Num examples: 256  Num correct: 203  Precision @ 1: 0.7930  AUC @ 1: 0.8789
Test Data Eval:
  Num examples: 512  Num correct: 390  Precision @ 1: 0.7617  AUC @ 1: 0.8440
Step 6000: loss = 0.3423 (0.014 sec)
Training Data Eval:
  Num examples: 3456  Num correct: 3321  Precision @ 1: 0.9609  AUC @ 1: 0.9932
Validation Data Eval:
  Num examples: 256  Num correct: 203  Precision @ 1: 0.7930  AUC @ 1: 0.8760
Test Data Eval:
  Num examples: 512  Num correct: 389  Precision @ 1: 0.7598  AUC @ 1: 0.8330
Step 6200: loss = 0.3657 (0.015 sec)
Training Data Eval:
  Num examples: 3456  Num correct: 3357  Precision @ 1: 0.9714  AUC @ 1: 0.9963
Validation Data Eval:
  Num examples: 256  Num correct: 207  Precision @ 1: 0.8086  AUC @ 1: 0.8796
Test Data Eval:
  Num examples: 512  Num correct: 396  Precision @ 1: 0.7734  AUC @ 1: 0.8485
Step 6400: loss = 0.3110 (0.016 sec)
Training Data Eval:
  Num examples: 3456  Num correct: 3381  Precision @ 1: 0.9783  AUC @ 1: 0.9971
Validation Data Eval:
  Num examples: 256  Num correct: 206  Precision @ 1: 0.8047  AUC @ 1: 0.8788
Test Data Eval:
  Num examples: 512  Num correct: 393  Precision @ 1: 0.7676  AUC @ 1: 0.8378
Step 6600: loss = 0.2969 (0.016 sec)
Training Data Eval:
  Num examples: 3456  Num correct: 3364  Precision @ 1: 0.9734  AUC @ 1: 0.9974
Validation Data Eval:
  Num examples: 256  Num correct: 205  Precision @ 1: 0.8008  AUC @ 1: 0.8725
Test Data Eval:
  Num examples: 512  Num correct: 386  Precision @ 1: 0.7539  AUC @ 1: 0.8257
Step 6800: loss = 0.3049 (0.015 sec)
Training Data Eval:
  Num examples: 3456  Num correct: 3400  Precision @ 1: 0.9838  AUC @ 1: 0.9987
Validation Data Eval:
  Num examples: 256  Num correct: 205  Precision @ 1: 0.8008  AUC @ 1: 0.8778
Test Data Eval:
  Num examples: 512  Num correct: 392  Precision @ 1: 0.7656  AUC @ 1: 0.8349
Step 7000: loss = 0.2419 (0.015 sec)
Training Data Eval:
  Num examples: 3456  Num correct: 3398  Precision @ 1: 0.9832  AUC @ 1: 0.9991
Validation Data Eval:
  Num examples: 256  Num correct: 203  Precision @ 1: 0.7930  AUC @ 1: 0.8735
Test Data Eval:
  Num examples: 512  Num correct: 375  Precision @ 1: 0.7324  AUC @ 1: 0.8273
Step 7200: loss = 0.2995 (0.014 sec)
Training Data Eval:
  Num examples: 3456  Num correct: 3412  Precision @ 1: 0.9873  AUC @ 1: 0.9992
Validation Data Eval:
  Num examples: 256  Num correct: 207  Precision @ 1: 0.8086  AUC @ 1: 0.8850
Test Data Eval:
  Num examples: 512  Num correct: 392  Precision @ 1: 0.7656  AUC @ 1: 0.8346
Step 7400: loss = 0.2713 (0.015 sec)
Training Data Eval:
  Num examples: 3456  Num correct: 3399  Precision @ 1: 0.9835  AUC @ 1: 0.9977
Validation Data Eval:
  Num examples: 256  Num correct: 208  Precision @ 1: 0.8125  AUC @ 1: 0.8712
Test Data Eval:
  Num examples: 512  Num correct: 375  Precision @ 1: 0.7324  AUC @ 1: 0.8193
Step 7600: loss = 0.3698 (0.015 sec)
Training Data Eval:
  Num examples: 3456  Num correct: 3410  Precision @ 1: 0.9867  AUC @ 1: 0.9995
Validation Data Eval:
  Num examples: 256  Num correct: 206  Precision @ 1: 0.8047  AUC @ 1: 0.8888
Test Data Eval:
  Num examples: 512  Num correct: 384  Precision @ 1: 0.7500  AUC @ 1: 0.8249
Step 7800: loss = 0.2860 (0.014 sec)
Training Data Eval:
  Num examples: 3456  Num correct: 3421  Precision @ 1: 0.9899  AUC @ 1: 0.9996
Validation Data Eval:
  Num examples: 256  Num correct: 205  Precision @ 1: 0.8008  AUC @ 1: 0.8796
Test Data Eval:
  Num examples: 512  Num correct: 385  Precision @ 1: 0.7520  AUC @ 1: 0.8312
Step 8000: loss = 0.3029 (0.014 sec)
Training Data Eval:
  Num examples: 3456  Num correct: 3433  Precision @ 1: 0.9933  AUC @ 1: 0.9996
Validation Data Eval:
  Num examples: 256  Num correct: 202  Precision @ 1: 0.7891  AUC @ 1: 0.8773
Test Data Eval:
  Num examples: 512  Num correct: 389  Precision @ 1: 0.7598  AUC @ 1: 0.8277
Step 8200: loss = 0.2307 (0.015 sec)
Training Data Eval:
  Num examples: 3456  Num correct: 3431  Precision @ 1: 0.9928  AUC @ 1: 0.9997
Validation Data Eval:
  Num examples: 256  Num correct: 201  Precision @ 1: 0.7852  AUC @ 1: 0.8753
Test Data Eval:
  Num examples: 512  Num correct: 382  Precision @ 1: 0.7461  AUC @ 1: 0.8322
Step 8400: loss = 0.2117 (0.014 sec)
Training Data Eval:
  Num examples: 3456  Num correct: 3434  Precision @ 1: 0.9936  AUC @ 1: 0.9997
Validation Data Eval:
  Num examples: 256  Num correct: 203  Precision @ 1: 0.7930  AUC @ 1: 0.8700
Test Data Eval:
  Num examples: 512  Num correct: 396  Precision @ 1: 0.7734  AUC @ 1: 0.8300
Step 8600: loss = 0.2570 (0.015 sec)
Training Data Eval:
  Num examples: 3456  Num correct: 3428  Precision @ 1: 0.9919  AUC @ 1: 0.9996
Validation Data Eval:
  Num examples: 256  Num correct: 207  Precision @ 1: 0.8086  AUC @ 1: 0.8840
Test Data Eval:
  Num examples: 512  Num correct: 380  Precision @ 1: 0.7422  AUC @ 1: 0.8126
Step 8800: loss = 0.2234 (0.015 sec)
Training Data Eval:
  Num examples: 3456  Num correct: 3433  Precision @ 1: 0.9933  AUC @ 1: 0.9999
Validation Data Eval:
  Num examples: 256  Num correct: 203  Precision @ 1: 0.7930  AUC @ 1: 0.8871
Test Data Eval:
  Num examples: 512  Num correct: 389  Precision @ 1: 0.7598  AUC @ 1: 0.8180
Step 9000: loss = 0.2046 (0.015 sec)
Training Data Eval:
  Num examples: 3456  Num correct: 2517  Precision @ 1: 0.7283  AUC @ 1: 0.8199
Validation Data Eval:
  Num examples: 256  Num correct: 191  Precision @ 1: 0.7461  AUC @ 1: 0.8162
Test Data Eval:
  Num examples: 512  Num correct: 346  Precision @ 1: 0.6758  AUC @ 1: 0.7815
Step 9200: loss = 2.2231 (0.014 sec)
Training Data Eval:
  Num examples: 3456  Num correct: 3436  Precision @ 1: 0.9942  AUC @ 1: 0.9999
Validation Data Eval:
  Num examples: 256  Num correct: 206  Precision @ 1: 0.8047  AUC @ 1: 0.8851
Test Data Eval:
  Num examples: 512  Num correct: 383  Precision @ 1: 0.7480  AUC @ 1: 0.8219
Step 9400: loss = 0.2708 (0.016 sec)
Training Data Eval:
  Num examples: 3456  Num correct: 3429  Precision @ 1: 0.9922  AUC @ 1: 0.9998
Validation Data Eval:
  Num examples: 256  Num correct: 209  Precision @ 1: 0.8164  AUC @ 1: 0.8928
Test Data Eval:
  Num examples: 512  Num correct: 389  Precision @ 1: 0.7598  AUC @ 1: 0.8265
Step 9600: loss = 0.1799 (0.015 sec)
Training Data Eval:
  Num examples: 3456  Num correct: 3447  Precision @ 1: 0.9974  AUC @ 1: 1.0000
Validation Data Eval:
  Num examples: 256  Num correct: 202  Precision @ 1: 0.7891  AUC @ 1: 0.8843
Test Data Eval:
  Num examples: 512  Num correct: 384  Precision @ 1: 0.7500  AUC @ 1: 0.8270
Step 9800: loss = 0.2260 (0.014 sec)
Training Data Eval:
  Num examples: 3456  Num correct: 3443  Precision @ 1: 0.9962  AUC @ 1: 0.9999
Validation Data Eval:
  Num examples: 256  Num correct: 205  Precision @ 1: 0.8008  AUC @ 1: 0.8855
Test Data Eval:
  Num examples: 512  Num correct: 395  Precision @ 1: 0.7715  AUC @ 1: 0.8380
