Training data shape: 	(10000, 64, 64, 1)
Training label shape:	(10000,)
Testing data shape:  	(1910, 64, 64, 1)
Testing label shape: 	(1910,)
max input value is: 153.458
min input value is: -104.189
random permuted training data
==============================================================================
Model: 			inference_tscnn
Tensor Name: 	Placeholder:0
[64, 64, 64, 1]
==============================================================================
Tensor Name: conv0/conv0:0
[64, 60, 1, 64]
==============================================================================
Tensor Name: local1/local1:0
[64, 128]
==============================================================================
Tensor Name: local2/local2:0
[64, 128]
==============================================================================
Tensor Name: softmax_linear/softmax_linear:0
[64, 2]
Step 0: loss = 1.9512 (0.024 sec)
Training Data Eval:
  Num examples: 8960  Num correct: 6626  Precision @ 1: 0.7395  AUC @ 1: 0.7901
Validation Data Eval:
  Num examples: 960  Num correct: 720  Precision @ 1: 0.7500  AUC @ 1: 0.7891
Test Data Eval:
  Num examples: 1856  Num correct: 1237  Precision @ 1: 0.6665  AUC @ 1: 0.7022
Step 100: loss = 1.7274 (0.013 sec)
Training Data Eval:
  Num examples: 8960  Num correct: 7040  Precision @ 1: 0.7857  AUC @ 1: 0.8446
Validation Data Eval:
  Num examples: 960  Num correct: 754  Precision @ 1: 0.7854  AUC @ 1: 0.8413
Test Data Eval:
  Num examples: 1856  Num correct: 1324  Precision @ 1: 0.7134  AUC @ 1: 0.7613
Step 200: loss = 1.6362 (0.014 sec)
Training Data Eval:
  Num examples: 8960  Num correct: 7332  Precision @ 1: 0.8183  AUC @ 1: 0.8803
Validation Data Eval:
  Num examples: 960  Num correct: 756  Precision @ 1: 0.7875  AUC @ 1: 0.8603
Test Data Eval:
  Num examples: 1856  Num correct: 1336  Precision @ 1: 0.7198  AUC @ 1: 0.7600
Step 300: loss = 1.4311 (0.014 sec)
Training Data Eval:
  Num examples: 8960  Num correct: 7288  Precision @ 1: 0.8134  AUC @ 1: 0.8900
Validation Data Eval:
  Num examples: 960  Num correct: 760  Precision @ 1: 0.7917  AUC @ 1: 0.8675
Test Data Eval:
  Num examples: 1856  Num correct: 1356  Precision @ 1: 0.7306  AUC @ 1: 0.7766
Step 400: loss = 1.2452 (0.013 sec)
Training Data Eval:
  Num examples: 8960  Num correct: 7561  Precision @ 1: 0.8439  AUC @ 1: 0.9136
Validation Data Eval:
  Num examples: 960  Num correct: 785  Precision @ 1: 0.8177  AUC @ 1: 0.8856
Test Data Eval:
  Num examples: 1856  Num correct: 1364  Precision @ 1: 0.7349  AUC @ 1: 0.7738
Step 500: loss = 1.1248 (0.013 sec)
Training Data Eval:
  Num examples: 8960  Num correct: 7604  Precision @ 1: 0.8487  AUC @ 1: 0.9203
Validation Data Eval:
  Num examples: 960  Num correct: 786  Precision @ 1: 0.8187  AUC @ 1: 0.8830
Test Data Eval:
  Num examples: 1856  Num correct: 1354  Precision @ 1: 0.7295  AUC @ 1: 0.7742
Step 600: loss = 1.3784 (0.014 sec)
Training Data Eval:
  Num examples: 8960  Num correct: 7683  Precision @ 1: 0.8575  AUC @ 1: 0.9327
Validation Data Eval:
  Num examples: 960  Num correct: 774  Precision @ 1: 0.8063  AUC @ 1: 0.8754
Test Data Eval:
  Num examples: 1856  Num correct: 1357  Precision @ 1: 0.7311  AUC @ 1: 0.7845
Step 700: loss = 0.9482 (0.097 sec)
Training Data Eval:
  Num examples: 8960  Num correct: 7568  Precision @ 1: 0.8446  AUC @ 1: 0.9339
Validation Data Eval:
  Num examples: 960  Num correct: 780  Precision @ 1: 0.8125  AUC @ 1: 0.8797
Test Data Eval:
  Num examples: 1856  Num correct: 1344  Precision @ 1: 0.7241  AUC @ 1: 0.7776
Step 800: loss = 1.2023 (0.014 sec)
Training Data Eval:
  Num examples: 8960  Num correct: 7637  Precision @ 1: 0.8523  AUC @ 1: 0.9376
Validation Data Eval:
  Num examples: 960  Num correct: 784  Precision @ 1: 0.8167  AUC @ 1: 0.8798
Test Data Eval:
  Num examples: 1856  Num correct: 1358  Precision @ 1: 0.7317  AUC @ 1: 0.7763
Step 900: loss = 0.9258 (0.013 sec)
Training Data Eval:
  Num examples: 8960  Num correct: 7201  Precision @ 1: 0.8037  AUC @ 1: 0.9424
Validation Data Eval:
  Num examples: 960  Num correct: 707  Precision @ 1: 0.7365  AUC @ 1: 0.8829
Test Data Eval:
  Num examples: 1856  Num correct: 1230  Precision @ 1: 0.6627  AUC @ 1: 0.7817
Step 1000: loss = 1.1953 (0.014 sec)
Training Data Eval:
  Num examples: 8960  Num correct: 7971  Precision @ 1: 0.8896  AUC @ 1: 0.9547
Validation Data Eval:
  Num examples: 960  Num correct: 767  Precision @ 1: 0.7990  AUC @ 1: 0.8872
Test Data Eval:
  Num examples: 1856  Num correct: 1334  Precision @ 1: 0.7188  AUC @ 1: 0.7697
Step 1100: loss = 0.8572 (0.014 sec)
Training Data Eval:
  Num examples: 8960  Num correct: 8029  Precision @ 1: 0.8961  AUC @ 1: 0.9554
Validation Data Eval:
  Num examples: 960  Num correct: 786  Precision @ 1: 0.8187  AUC @ 1: 0.8869
Test Data Eval:
  Num examples: 1856  Num correct: 1384  Precision @ 1: 0.7457  AUC @ 1: 0.7893
Step 1200: loss = 0.7364 (0.013 sec)
Training Data Eval:
  Num examples: 8960  Num correct: 8059  Precision @ 1: 0.8994  AUC @ 1: 0.9596
Validation Data Eval:
  Num examples: 960  Num correct: 785  Precision @ 1: 0.8177  AUC @ 1: 0.8789
Test Data Eval:
  Num examples: 1856  Num correct: 1380  Precision @ 1: 0.7435  AUC @ 1: 0.7819
Step 1300: loss = 0.6476 (0.013 sec)
Training Data Eval:
  Num examples: 8960  Num correct: 8246  Precision @ 1: 0.9203  AUC @ 1: 0.9738
Validation Data Eval:
  Num examples: 960  Num correct: 780  Precision @ 1: 0.8125  AUC @ 1: 0.8929
Test Data Eval:
  Num examples: 1856  Num correct: 1344  Precision @ 1: 0.7241  AUC @ 1: 0.7871
Step 1400: loss = 0.7466 (0.101 sec)
Training Data Eval:
  Num examples: 8960  Num correct: 7895  Precision @ 1: 0.8811  AUC @ 1: 0.9702
Validation Data Eval:
  Num examples: 960  Num correct: 770  Precision @ 1: 0.8021  AUC @ 1: 0.8729
Test Data Eval:
  Num examples: 1856  Num correct: 1335  Precision @ 1: 0.7193  AUC @ 1: 0.7505
Step 1500: loss = 0.6693 (0.014 sec)
Training Data Eval:
  Num examples: 8960  Num correct: 7976  Precision @ 1: 0.8902  AUC @ 1: 0.9684
Validation Data Eval:
  Num examples: 960  Num correct: 743  Precision @ 1: 0.7740  AUC @ 1: 0.8802
Test Data Eval:
  Num examples: 1856  Num correct: 1303  Precision @ 1: 0.7020  AUC @ 1: 0.7713
Step 1600: loss = 0.7399 (0.014 sec)
Training Data Eval:
  Num examples: 8960  Num correct: 8184  Precision @ 1: 0.9134  AUC @ 1: 0.9797
Validation Data Eval:
  Num examples: 960  Num correct: 794  Precision @ 1: 0.8271  AUC @ 1: 0.8785
Test Data Eval:
  Num examples: 1856  Num correct: 1356  Precision @ 1: 0.7306  AUC @ 1: 0.7659
Step 1700: loss = 0.6845 (0.013 sec)
Training Data Eval:
  Num examples: 8960  Num correct: 8347  Precision @ 1: 0.9316  AUC @ 1: 0.9849
Validation Data Eval:
  Num examples: 960  Num correct: 779  Precision @ 1: 0.8115  AUC @ 1: 0.8751
Test Data Eval:
  Num examples: 1856  Num correct: 1352  Precision @ 1: 0.7284  AUC @ 1: 0.7735
Step 1800: loss = 0.5142 (0.013 sec)
Training Data Eval:
  Num examples: 8960  Num correct: 8402  Precision @ 1: 0.9377  AUC @ 1: 0.9847
Validation Data Eval:
  Num examples: 960  Num correct: 782  Precision @ 1: 0.8146  AUC @ 1: 0.8788
Test Data Eval:
  Num examples: 1856  Num correct: 1354  Precision @ 1: 0.7295  AUC @ 1: 0.7798
Step 1900: loss = 0.5286 (0.013 sec)
Training Data Eval:
  Num examples: 8960  Num correct: 8107  Precision @ 1: 0.9048  AUC @ 1: 0.9861
Validation Data Eval:
  Num examples: 960  Num correct: 785  Precision @ 1: 0.8177  AUC @ 1: 0.8770
Test Data Eval:
  Num examples: 1856  Num correct: 1342  Precision @ 1: 0.7231  AUC @ 1: 0.7600
Step 2000: loss = 0.6004 (0.014 sec)
Training Data Eval:
  Num examples: 8960  Num correct: 8484  Precision @ 1: 0.9469  AUC @ 1: 0.9903
Validation Data Eval:
  Num examples: 960  Num correct: 787  Precision @ 1: 0.8198  AUC @ 1: 0.8760
Test Data Eval:
  Num examples: 1856  Num correct: 1357  Precision @ 1: 0.7311  AUC @ 1: 0.7745
Step 2100: loss = 0.4549 (0.089 sec)
Training Data Eval:
  Num examples: 8960  Num correct: 8173  Precision @ 1: 0.9122  AUC @ 1: 0.9863
Validation Data Eval:
  Num examples: 960  Num correct: 746  Precision @ 1: 0.7771  AUC @ 1: 0.8851
Test Data Eval:
  Num examples: 1856  Num correct: 1266  Precision @ 1: 0.6821  AUC @ 1: 0.7833
Step 2200: loss = 0.5912 (0.013 sec)
Training Data Eval:
  Num examples: 8960  Num correct: 8233  Precision @ 1: 0.9189  AUC @ 1: 0.9844
Validation Data Eval:
  Num examples: 960  Num correct: 729  Precision @ 1: 0.7594  AUC @ 1: 0.8698
Test Data Eval:
  Num examples: 1856  Num correct: 1280  Precision @ 1: 0.6897  AUC @ 1: 0.7764
Step 2300: loss = 0.4627 (0.013 sec)
Training Data Eval:
  Num examples: 8960  Num correct: 8480  Precision @ 1: 0.9464  AUC @ 1: 0.9895
Validation Data Eval:
  Num examples: 960  Num correct: 782  Precision @ 1: 0.8146  AUC @ 1: 0.8865
Test Data Eval:
  Num examples: 1856  Num correct: 1338  Precision @ 1: 0.7209  AUC @ 1: 0.7819
Step 2400: loss = 0.5076 (0.014 sec)
Training Data Eval:
  Num examples: 8960  Num correct: 8482  Precision @ 1: 0.9467  AUC @ 1: 0.9919
Validation Data Eval:
  Num examples: 960  Num correct: 739  Precision @ 1: 0.7698  AUC @ 1: 0.8692
Test Data Eval:
  Num examples: 1856  Num correct: 1248  Precision @ 1: 0.6724  AUC @ 1: 0.7523
Step 2500: loss = 0.4524 (0.014 sec)
Training Data Eval:
  Num examples: 8960  Num correct: 8397  Precision @ 1: 0.9372  AUC @ 1: 0.9931
Validation Data Eval:
  Num examples: 960  Num correct: 793  Precision @ 1: 0.8260  AUC @ 1: 0.8727
Test Data Eval:
  Num examples: 1856  Num correct: 1399  Precision @ 1: 0.7538  AUC @ 1: 0.7883
Step 2600: loss = 0.4456 (0.013 sec)
Training Data Eval:
  Num examples: 8960  Num correct: 8652  Precision @ 1: 0.9656  AUC @ 1: 0.9957
Validation Data Eval:
  Num examples: 960  Num correct: 775  Precision @ 1: 0.8073  AUC @ 1: 0.8683
Test Data Eval:
  Num examples: 1856  Num correct: 1329  Precision @ 1: 0.7161  AUC @ 1: 0.7756
Step 2700: loss = 0.3819 (0.013 sec)
Training Data Eval:
  Num examples: 8960  Num correct: 8474  Precision @ 1: 0.9458  AUC @ 1: 0.9938
Validation Data Eval:
  Num examples: 960  Num correct: 788  Precision @ 1: 0.8208  AUC @ 1: 0.8785
Test Data Eval:
  Num examples: 1856  Num correct: 1364  Precision @ 1: 0.7349  AUC @ 1: 0.7799
Step 2800: loss = 0.3438 (0.101 sec)
Training Data Eval:
  Num examples: 8960  Num correct: 8414  Precision @ 1: 0.9391  AUC @ 1: 0.9937
Validation Data Eval:
  Num examples: 960  Num correct: 733  Precision @ 1: 0.7635  AUC @ 1: 0.8789
Test Data Eval:
  Num examples: 1856  Num correct: 1293  Precision @ 1: 0.6967  AUC @ 1: 0.7877
Step 2900: loss = 0.4104 (0.013 sec)
Training Data Eval:
  Num examples: 8960  Num correct: 8651  Precision @ 1: 0.9655  AUC @ 1: 0.9955
Validation Data Eval:
  Num examples: 960  Num correct: 779  Precision @ 1: 0.8115  AUC @ 1: 0.8800
Test Data Eval:
  Num examples: 1856  Num correct: 1362  Precision @ 1: 0.7338  AUC @ 1: 0.7836
Step 3000: loss = 0.4202 (0.014 sec)
Training Data Eval:
  Num examples: 8960  Num correct: 8657  Precision @ 1: 0.9662  AUC @ 1: 0.9974
Validation Data Eval:
  Num examples: 960  Num correct: 783  Precision @ 1: 0.8156  AUC @ 1: 0.8743
Test Data Eval:
  Num examples: 1856  Num correct: 1355  Precision @ 1: 0.7301  AUC @ 1: 0.7666
Step 3100: loss = 0.4035 (0.014 sec)
Training Data Eval:
  Num examples: 8960  Num correct: 8713  Precision @ 1: 0.9724  AUC @ 1: 0.9973
Validation Data Eval:
  Num examples: 960  Num correct: 768  Precision @ 1: 0.8000  AUC @ 1: 0.8781
Test Data Eval:
  Num examples: 1856  Num correct: 1342  Precision @ 1: 0.7231  AUC @ 1: 0.7748
Step 3200: loss = 0.2887 (0.013 sec)
Training Data Eval:
  Num examples: 8960  Num correct: 8505  Precision @ 1: 0.9492  AUC @ 1: 0.9967
Validation Data Eval:
  Num examples: 960  Num correct: 786  Precision @ 1: 0.8187  AUC @ 1: 0.8721
Test Data Eval:
  Num examples: 1856  Num correct: 1339  Precision @ 1: 0.7214  AUC @ 1: 0.7614
Step 3300: loss = 0.5925 (0.014 sec)
Training Data Eval:
  Num examples: 8960  Num correct: 8726  Precision @ 1: 0.9739  AUC @ 1: 0.9978
Validation Data Eval:
  Num examples: 960  Num correct: 781  Precision @ 1: 0.8135  AUC @ 1: 0.8757
Test Data Eval:
  Num examples: 1856  Num correct: 1371  Precision @ 1: 0.7387  AUC @ 1: 0.7751
Step 3400: loss = 0.3160 (0.014 sec)
Training Data Eval:
  Num examples: 8960  Num correct: 8325  Precision @ 1: 0.9291  AUC @ 1: 0.9956
Validation Data Eval:
  Num examples: 960  Num correct: 784  Precision @ 1: 0.8167  AUC @ 1: 0.8759
Test Data Eval:
  Num examples: 1856  Num correct: 1365  Precision @ 1: 0.7355  AUC @ 1: 0.7678
Step 3500: loss = 0.4969 (0.098 sec)
Training Data Eval:
  Num examples: 8960  Num correct: 8710  Precision @ 1: 0.9721  AUC @ 1: 0.9963
Validation Data Eval:
  Num examples: 960  Num correct: 756  Precision @ 1: 0.7875  AUC @ 1: 0.8741
Test Data Eval:
  Num examples: 1856  Num correct: 1320  Precision @ 1: 0.7112  AUC @ 1: 0.7723
Step 3600: loss = 0.3054 (0.014 sec)
Training Data Eval:
  Num examples: 8960  Num correct: 8744  Precision @ 1: 0.9759  AUC @ 1: 0.9985
Validation Data Eval:
  Num examples: 960  Num correct: 766  Precision @ 1: 0.7979  AUC @ 1: 0.8808
Test Data Eval:
  Num examples: 1856  Num correct: 1330  Precision @ 1: 0.7166  AUC @ 1: 0.7730
Step 3700: loss = 0.2824 (0.014 sec)
Training Data Eval:
  Num examples: 8960  Num correct: 8694  Precision @ 1: 0.9703  AUC @ 1: 0.9979
Validation Data Eval:
  Num examples: 960  Num correct: 788  Precision @ 1: 0.8208  AUC @ 1: 0.8655
Test Data Eval:
  Num examples: 1856  Num correct: 1362  Precision @ 1: 0.7338  AUC @ 1: 0.7807
Step 3800: loss = 0.2747 (0.013 sec)
Training Data Eval:
  Num examples: 8960  Num correct: 8707  Precision @ 1: 0.9718  AUC @ 1: 0.9969
Validation Data Eval:
  Num examples: 960  Num correct: 773  Precision @ 1: 0.8052  AUC @ 1: 0.8691
Test Data Eval:
  Num examples: 1856  Num correct: 1350  Precision @ 1: 0.7274  AUC @ 1: 0.7738
Step 3900: loss = 0.2715 (0.013 sec)
Training Data Eval:
  Num examples: 8960  Num correct: 8689  Precision @ 1: 0.9698  AUC @ 1: 0.9971
Validation Data Eval:
  Num examples: 960  Num correct: 758  Precision @ 1: 0.7896  AUC @ 1: 0.8706
Test Data Eval:
  Num examples: 1856  Num correct: 1330  Precision @ 1: 0.7166  AUC @ 1: 0.7750
Step 4000: loss = 0.2333 (0.014 sec)
Training Data Eval:
  Num examples: 8960  Num correct: 8677  Precision @ 1: 0.9684  AUC @ 1: 0.9968
Validation Data Eval:
  Num examples: 960  Num correct: 744  Precision @ 1: 0.7750  AUC @ 1: 0.8708
Test Data Eval:
  Num examples: 1856  Num correct: 1291  Precision @ 1: 0.6956  AUC @ 1: 0.7709
Step 4100: loss = 0.2715 (0.013 sec)
Training Data Eval:
  Num examples: 8960  Num correct: 8696  Precision @ 1: 0.9705  AUC @ 1: 0.9979
Validation Data Eval:
  Num examples: 960  Num correct: 769  Precision @ 1: 0.8010  AUC @ 1: 0.8603
Test Data Eval:
  Num examples: 1856  Num correct: 1349  Precision @ 1: 0.7268  AUC @ 1: 0.7821
Step 4200: loss = 0.2641 (0.088 sec)
Training Data Eval:
  Num examples: 8960  Num correct: 8805  Precision @ 1: 0.9827  AUC @ 1: 0.9990
Validation Data Eval:
  Num examples: 960  Num correct: 771  Precision @ 1: 0.8031  AUC @ 1: 0.8700
Test Data Eval:
  Num examples: 1856  Num correct: 1339  Precision @ 1: 0.7214  AUC @ 1: 0.7739
Step 4300: loss = 0.2298 (0.014 sec)
Training Data Eval:
  Num examples: 8960  Num correct: 8751  Precision @ 1: 0.9767  AUC @ 1: 0.9985
Validation Data Eval:
  Num examples: 960  Num correct: 780  Precision @ 1: 0.8125  AUC @ 1: 0.8780
Test Data Eval:
  Num examples: 1856  Num correct: 1373  Precision @ 1: 0.7398  AUC @ 1: 0.7806
Step 4400: loss = 0.2465 (0.014 sec)
Training Data Eval:
  Num examples: 8960  Num correct: 8788  Precision @ 1: 0.9808  AUC @ 1: 0.9988
Validation Data Eval:
  Num examples: 960  Num correct: 758  Precision @ 1: 0.7896  AUC @ 1: 0.8688
Test Data Eval:
  Num examples: 1856  Num correct: 1311  Precision @ 1: 0.7064  AUC @ 1: 0.7619
Step 4500: loss = 0.3113 (0.014 sec)
Training Data Eval:
  Num examples: 8960  Num correct: 8796  Precision @ 1: 0.9817  AUC @ 1: 0.9988
Validation Data Eval:
  Num examples: 960  Num correct: 769  Precision @ 1: 0.8010  AUC @ 1: 0.8749
Test Data Eval:
  Num examples: 1856  Num correct: 1358  Precision @ 1: 0.7317  AUC @ 1: 0.7780
Step 4600: loss = 0.2255 (0.014 sec)
Training Data Eval:
  Num examples: 8960  Num correct: 8837  Precision @ 1: 0.9863  AUC @ 1: 0.9993
Validation Data Eval:
  Num examples: 960  Num correct: 764  Precision @ 1: 0.7958  AUC @ 1: 0.8703
Test Data Eval:
  Num examples: 1856  Num correct: 1350  Precision @ 1: 0.7274  AUC @ 1: 0.7817
Step 4700: loss = 0.1969 (0.014 sec)
Training Data Eval:
  Num examples: 8960  Num correct: 8736  Precision @ 1: 0.9750  AUC @ 1: 0.9984
Validation Data Eval:
  Num examples: 960  Num correct: 782  Precision @ 1: 0.8146  AUC @ 1: 0.8692
Test Data Eval:
  Num examples: 1856  Num correct: 1386  Precision @ 1: 0.7468  AUC @ 1: 0.7813
Step 4800: loss = 0.2120 (0.014 sec)
Training Data Eval:
  Num examples: 8960  Num correct: 8841  Precision @ 1: 0.9867  AUC @ 1: 0.9993
Validation Data Eval:
  Num examples: 960  Num correct: 757  Precision @ 1: 0.7885  AUC @ 1: 0.8660
Test Data Eval:
  Num examples: 1856  Num correct: 1332  Precision @ 1: 0.7177  AUC @ 1: 0.7677
Step 4900: loss = 0.3473 (0.100 sec)
Training Data Eval:
  Num examples: 8960  Num correct: 8838  Precision @ 1: 0.9864  AUC @ 1: 0.9994
Validation Data Eval:
  Num examples: 960  Num correct: 769  Precision @ 1: 0.8010  AUC @ 1: 0.8727
Test Data Eval:
  Num examples: 1856  Num correct: 1339  Precision @ 1: 0.7214  AUC @ 1: 0.7825
Step 5000: loss = 0.2229 (0.014 sec)
Training Data Eval:
  Num examples: 8960  Num correct: 8822  Precision @ 1: 0.9846  AUC @ 1: 0.9992
Validation Data Eval:
  Num examples: 960  Num correct: 762  Precision @ 1: 0.7937  AUC @ 1: 0.8656
Test Data Eval:
  Num examples: 1856  Num correct: 1366  Precision @ 1: 0.7360  AUC @ 1: 0.7736
Step 5100: loss = 0.1936 (0.015 sec)
Training Data Eval:
  Num examples: 8960  Num correct: 8809  Precision @ 1: 0.9831  AUC @ 1: 0.9990
Validation Data Eval:
  Num examples: 960  Num correct: 771  Precision @ 1: 0.8031  AUC @ 1: 0.8686
Test Data Eval:
  Num examples: 1856  Num correct: 1345  Precision @ 1: 0.7247  AUC @ 1: 0.7701
Step 5200: loss = 0.2741 (0.013 sec)
Training Data Eval:
  Num examples: 8960  Num correct: 8796  Precision @ 1: 0.9817  AUC @ 1: 0.9990
Validation Data Eval:
  Num examples: 960  Num correct: 775  Precision @ 1: 0.8073  AUC @ 1: 0.8635
Test Data Eval:
  Num examples: 1856  Num correct: 1358  Precision @ 1: 0.7317  AUC @ 1: 0.7789
Step 5300: loss = 0.2143 (0.014 sec)
Training Data Eval:
  Num examples: 8960  Num correct: 8853  Precision @ 1: 0.9881  AUC @ 1: 0.9995
Validation Data Eval:
  Num examples: 960  Num correct: 759  Precision @ 1: 0.7906  AUC @ 1: 0.8685
Test Data Eval:
  Num examples: 1856  Num correct: 1357  Precision @ 1: 0.7311  AUC @ 1: 0.7863
Step 5400: loss = 0.2020 (0.014 sec)
Training Data Eval:
  Num examples: 8960  Num correct: 8803  Precision @ 1: 0.9825  AUC @ 1: 0.9989
Validation Data Eval:
  Num examples: 960  Num correct: 776  Precision @ 1: 0.8083  AUC @ 1: 0.8698
Test Data Eval:
  Num examples: 1856  Num correct: 1347  Precision @ 1: 0.7258  AUC @ 1: 0.7682
Step 5500: loss = 0.2252 (0.014 sec)
Training Data Eval:
  Num examples: 8960  Num correct: 8826  Precision @ 1: 0.9850  AUC @ 1: 0.9993
Validation Data Eval:
  Num examples: 960  Num correct: 765  Precision @ 1: 0.7969  AUC @ 1: 0.8609
Test Data Eval:
  Num examples: 1856  Num correct: 1343  Precision @ 1: 0.7236  AUC @ 1: 0.7690
Step 5600: loss = 0.1869 (0.102 sec)
Training Data Eval:
  Num examples: 8960  Num correct: 8873  Precision @ 1: 0.9903  AUC @ 1: 0.9998
Validation Data Eval:
  Num examples: 960  Num correct: 774  Precision @ 1: 0.8063  AUC @ 1: 0.8669
Test Data Eval:
  Num examples: 1856  Num correct: 1356  Precision @ 1: 0.7306  AUC @ 1: 0.7774
Step 5700: loss = 0.1682 (0.013 sec)
Training Data Eval:
  Num examples: 8960  Num correct: 8839  Precision @ 1: 0.9865  AUC @ 1: 0.9993
Validation Data Eval:
  Num examples: 960  Num correct: 749  Precision @ 1: 0.7802  AUC @ 1: 0.8674
Test Data Eval:
  Num examples: 1856  Num correct: 1294  Precision @ 1: 0.6972  AUC @ 1: 0.7703
Step 5800: loss = 0.2398 (0.014 sec)
Training Data Eval:
  Num examples: 8960  Num correct: 8833  Precision @ 1: 0.9858  AUC @ 1: 0.9995
Validation Data Eval:
  Num examples: 960  Num correct: 758  Precision @ 1: 0.7896  AUC @ 1: 0.8617
Test Data Eval:
  Num examples: 1856  Num correct: 1328  Precision @ 1: 0.7155  AUC @ 1: 0.7716
Step 5900: loss = 0.2417 (0.013 sec)
Training Data Eval:
  Num examples: 8960  Num correct: 8849  Precision @ 1: 0.9876  AUC @ 1: 0.9995
Validation Data Eval:
  Num examples: 960  Num correct: 771  Precision @ 1: 0.8031  AUC @ 1: 0.8567
Test Data Eval:
  Num examples: 1856  Num correct: 1347  Precision @ 1: 0.7258  AUC @ 1: 0.7658
Step 6000: loss = 0.2421 (0.014 sec)
Training Data Eval:
  Num examples: 8960  Num correct: 8845  Precision @ 1: 0.9872  AUC @ 1: 0.9995
Validation Data Eval:
  Num examples: 960  Num correct: 763  Precision @ 1: 0.7948  AUC @ 1: 0.8574
Test Data Eval:
  Num examples: 1856  Num correct: 1329  Precision @ 1: 0.7161  AUC @ 1: 0.7708
Step 6100: loss = 0.2173 (0.013 sec)
Training Data Eval:
  Num examples: 8960  Num correct: 8827  Precision @ 1: 0.9852  AUC @ 1: 0.9993
Validation Data Eval:
  Num examples: 960  Num correct: 761  Precision @ 1: 0.7927  AUC @ 1: 0.8533
Test Data Eval:
  Num examples: 1856  Num correct: 1337  Precision @ 1: 0.7204  AUC @ 1: 0.7581
Step 6200: loss = 0.2019 (0.013 sec)
Training Data Eval:
  Num examples: 8960  Num correct: 8833  Precision @ 1: 0.9858  AUC @ 1: 0.9995
Validation Data Eval:
  Num examples: 960  Num correct: 778  Precision @ 1: 0.8104  AUC @ 1: 0.8592
Test Data Eval:
  Num examples: 1856  Num correct: 1349  Precision @ 1: 0.7268  AUC @ 1: 0.7579
Step 6300: loss = 0.1784 (0.102 sec)
Training Data Eval:
  Num examples: 8960  Num correct: 8853  Precision @ 1: 0.9881  AUC @ 1: 0.9995
Validation Data Eval:
  Num examples: 960  Num correct: 758  Precision @ 1: 0.7896  AUC @ 1: 0.8555
Test Data Eval:
  Num examples: 1856  Num correct: 1317  Precision @ 1: 0.7096  AUC @ 1: 0.7658
Step 6400: loss = 0.1775 (0.014 sec)
Training Data Eval:
  Num examples: 8960  Num correct: 8849  Precision @ 1: 0.9876  AUC @ 1: 0.9993
Validation Data Eval:
  Num examples: 960  Num correct: 773  Precision @ 1: 0.8052  AUC @ 1: 0.8651
Test Data Eval:
  Num examples: 1856  Num correct: 1343  Precision @ 1: 0.7236  AUC @ 1: 0.7660
Step 6500: loss = 0.2051 (0.014 sec)
Training Data Eval:
  Num examples: 8960  Num correct: 8833  Precision @ 1: 0.9858  AUC @ 1: 0.9991
Validation Data Eval:
  Num examples: 960  Num correct: 773  Precision @ 1: 0.8052  AUC @ 1: 0.8591
Test Data Eval:
  Num examples: 1856  Num correct: 1361  Precision @ 1: 0.7333  AUC @ 1: 0.7745
Step 6600: loss = 0.1807 (0.013 sec)
Training Data Eval:
  Num examples: 8960  Num correct: 8802  Precision @ 1: 0.9824  AUC @ 1: 0.9992
Validation Data Eval:
  Num examples: 960  Num correct: 773  Precision @ 1: 0.8052  AUC @ 1: 0.8613
Test Data Eval:
  Num examples: 1856  Num correct: 1364  Precision @ 1: 0.7349  AUC @ 1: 0.7731
Step 6700: loss = 0.1859 (0.013 sec)
Training Data Eval:
  Num examples: 8960  Num correct: 8846  Precision @ 1: 0.9873  AUC @ 1: 0.9995
Validation Data Eval:
  Num examples: 960  Num correct: 763  Precision @ 1: 0.7948  AUC @ 1: 0.8662
Test Data Eval:
  Num examples: 1856  Num correct: 1343  Precision @ 1: 0.7236  AUC @ 1: 0.7759
Step 6800: loss = 0.1579 (0.013 sec)
Training Data Eval:
  Num examples: 8960  Num correct: 8865  Precision @ 1: 0.9894  AUC @ 1: 0.9997
Validation Data Eval:
  Num examples: 960  Num correct: 747  Precision @ 1: 0.7781  AUC @ 1: 0.8616
Test Data Eval:
  Num examples: 1856  Num correct: 1319  Precision @ 1: 0.7107  AUC @ 1: 0.7756
Step 6900: loss = 0.1819 (0.014 sec)
Training Data Eval:
  Num examples: 8960  Num correct: 8849  Precision @ 1: 0.9876  AUC @ 1: 0.9993
Validation Data Eval:
  Num examples: 960  Num correct: 763  Precision @ 1: 0.7948  AUC @ 1: 0.8621
Test Data Eval:
  Num examples: 1856  Num correct: 1320  Precision @ 1: 0.7112  AUC @ 1: 0.7710
Step 7000: loss = 0.1635 (0.100 sec)
Training Data Eval:
  Num examples: 8960  Num correct: 8875  Precision @ 1: 0.9905  AUC @ 1: 0.9996
Validation Data Eval:
  Num examples: 960  Num correct: 768  Precision @ 1: 0.8000  AUC @ 1: 0.8676
Test Data Eval:
  Num examples: 1856  Num correct: 1333  Precision @ 1: 0.7182  AUC @ 1: 0.7622
Step 7100: loss = 0.1629 (0.014 sec)
Training Data Eval:
  Num examples: 8960  Num correct: 8852  Precision @ 1: 0.9879  AUC @ 1: 0.9996
Validation Data Eval:
  Num examples: 960  Num correct: 763  Precision @ 1: 0.7948  AUC @ 1: 0.8731
Test Data Eval:
  Num examples: 1856  Num correct: 1318  Precision @ 1: 0.7101  AUC @ 1: 0.7717
Step 7200: loss = 0.2098 (0.014 sec)
Training Data Eval:
  Num examples: 8960  Num correct: 8882  Precision @ 1: 0.9913  AUC @ 1: 0.9997
Validation Data Eval:
  Num examples: 960  Num correct: 782  Precision @ 1: 0.8146  AUC @ 1: 0.8687
Test Data Eval:
  Num examples: 1856  Num correct: 1346  Precision @ 1: 0.7252  AUC @ 1: 0.7732
Step 7300: loss = 0.1389 (0.015 sec)
Training Data Eval:
  Num examples: 8960  Num correct: 8849  Precision @ 1: 0.9876  AUC @ 1: 0.9996
Validation Data Eval:
  Num examples: 960  Num correct: 766  Precision @ 1: 0.7979  AUC @ 1: 0.8635
Test Data Eval:
  Num examples: 1856  Num correct: 1344  Precision @ 1: 0.7241  AUC @ 1: 0.7731
Step 7400: loss = 0.2728 (0.013 sec)
Training Data Eval:
  Num examples: 8960  Num correct: 8790  Precision @ 1: 0.9810  AUC @ 1: 0.9990
Validation Data Eval:
  Num examples: 960  Num correct: 735  Precision @ 1: 0.7656  AUC @ 1: 0.8628
Test Data Eval:
  Num examples: 1856  Num correct: 1300  Precision @ 1: 0.7004  AUC @ 1: 0.7694
Step 7500: loss = 0.2948 (0.013 sec)
Training Data Eval:
  Num examples: 8960  Num correct: 8816  Precision @ 1: 0.9839  AUC @ 1: 0.9992
Validation Data Eval:
  Num examples: 960  Num correct: 765  Precision @ 1: 0.7969  AUC @ 1: 0.8626
Test Data Eval:
  Num examples: 1856  Num correct: 1316  Precision @ 1: 0.7091  AUC @ 1: 0.7696
Step 7600: loss = 0.2030 (0.013 sec)
Training Data Eval:
  Num examples: 8960  Num correct: 8882  Precision @ 1: 0.9913  AUC @ 1: 0.9997
Validation Data Eval:
  Num examples: 960  Num correct: 778  Precision @ 1: 0.8104  AUC @ 1: 0.8599
Test Data Eval:
  Num examples: 1856  Num correct: 1347  Precision @ 1: 0.7258  AUC @ 1: 0.7668
Step 7700: loss = 0.2005 (0.100 sec)
Training Data Eval:
  Num examples: 8960  Num correct: 8855  Precision @ 1: 0.9883  AUC @ 1: 0.9995
Validation Data Eval:
  Num examples: 960  Num correct: 764  Precision @ 1: 0.7958  AUC @ 1: 0.8645
Test Data Eval:
  Num examples: 1856  Num correct: 1330  Precision @ 1: 0.7166  AUC @ 1: 0.7660
Step 7800: loss = 0.1854 (0.013 sec)
Training Data Eval:
  Num examples: 8960  Num correct: 8811  Precision @ 1: 0.9834  AUC @ 1: 0.9990
Validation Data Eval:
  Num examples: 960  Num correct: 764  Precision @ 1: 0.7958  AUC @ 1: 0.8694
Test Data Eval:
  Num examples: 1856  Num correct: 1340  Precision @ 1: 0.7220  AUC @ 1: 0.7894
Step 7900: loss = 0.3056 (0.014 sec)
Training Data Eval:
  Num examples: 8960  Num correct: 8876  Precision @ 1: 0.9906  AUC @ 1: 0.9997
Validation Data Eval:
  Num examples: 960  Num correct: 776  Precision @ 1: 0.8083  AUC @ 1: 0.8625
Test Data Eval:
  Num examples: 1856  Num correct: 1350  Precision @ 1: 0.7274  AUC @ 1: 0.7753
Step 8000: loss = 0.1472 (0.014 sec)
Training Data Eval:
  Num examples: 8960  Num correct: 8868  Precision @ 1: 0.9897  AUC @ 1: 0.9995
Validation Data Eval:
  Num examples: 960  Num correct: 755  Precision @ 1: 0.7865  AUC @ 1: 0.8655
Test Data Eval:
  Num examples: 1856  Num correct: 1324  Precision @ 1: 0.7134  AUC @ 1: 0.7711
Step 8100: loss = 0.2336 (0.013 sec)
Training Data Eval:
  Num examples: 8960  Num correct: 8787  Precision @ 1: 0.9807  AUC @ 1: 0.9995
Validation Data Eval:
  Num examples: 960  Num correct: 780  Precision @ 1: 0.8125  AUC @ 1: 0.8560
Test Data Eval:
  Num examples: 1856  Num correct: 1355  Precision @ 1: 0.7301  AUC @ 1: 0.7714
Step 8200: loss = 0.1481 (0.013 sec)
Training Data Eval:
  Num examples: 8960  Num correct: 8902  Precision @ 1: 0.9935  AUC @ 1: 0.9999
Validation Data Eval:
  Num examples: 960  Num correct: 765  Precision @ 1: 0.7969  AUC @ 1: 0.8566
Test Data Eval:
  Num examples: 1856  Num correct: 1349  Precision @ 1: 0.7268  AUC @ 1: 0.7772
Step 8300: loss = 0.1604 (0.013 sec)
Training Data Eval:
  Num examples: 8960  Num correct: 8893  Precision @ 1: 0.9925  AUC @ 1: 0.9999
Validation Data Eval:
  Num examples: 960  Num correct: 760  Precision @ 1: 0.7917  AUC @ 1: 0.8552
Test Data Eval:
  Num examples: 1856  Num correct: 1338  Precision @ 1: 0.7209  AUC @ 1: 0.7571
Step 8400: loss = 0.1650 (0.103 sec)
Training Data Eval:
  Num examples: 8960  Num correct: 8756  Precision @ 1: 0.9772  AUC @ 1: 0.9968
Validation Data Eval:
  Num examples: 960  Num correct: 774  Precision @ 1: 0.8063  AUC @ 1: 0.8569
Test Data Eval:
  Num examples: 1856  Num correct: 1326  Precision @ 1: 0.7144  AUC @ 1: 0.7611
Step 8500: loss = 0.2414 (0.014 sec)
Training Data Eval:
  Num examples: 8960  Num correct: 8881  Precision @ 1: 0.9912  AUC @ 1: 0.9998
Validation Data Eval:
  Num examples: 960  Num correct: 756  Precision @ 1: 0.7875  AUC @ 1: 0.8609
Test Data Eval:
  Num examples: 1856  Num correct: 1338  Precision @ 1: 0.7209  AUC @ 1: 0.7721
Step 8600: loss = 0.1515 (0.015 sec)
Training Data Eval:
  Num examples: 8960  Num correct: 8867  Precision @ 1: 0.9896  AUC @ 1: 0.9996
Validation Data Eval:
  Num examples: 960  Num correct: 772  Precision @ 1: 0.8042  AUC @ 1: 0.8586
Test Data Eval:
  Num examples: 1856  Num correct: 1328  Precision @ 1: 0.7155  AUC @ 1: 0.7578
Step 8700: loss = 0.1848 (0.013 sec)
Training Data Eval:
  Num examples: 8960  Num correct: 8885  Precision @ 1: 0.9916  AUC @ 1: 0.9998
Validation Data Eval:
  Num examples: 960  Num correct: 770  Precision @ 1: 0.8021  AUC @ 1: 0.8606
Test Data Eval:
  Num examples: 1856  Num correct: 1327  Precision @ 1: 0.7150  AUC @ 1: 0.7726
Step 8800: loss = 0.1816 (0.014 sec)
Training Data Eval:
  Num examples: 8960  Num correct: 8850  Precision @ 1: 0.9877  AUC @ 1: 0.9997
Validation Data Eval:
  Num examples: 960  Num correct: 772  Precision @ 1: 0.8042  AUC @ 1: 0.8647
Test Data Eval:
  Num examples: 1856  Num correct: 1337  Precision @ 1: 0.7204  AUC @ 1: 0.7659
Step 8900: loss = 0.1309 (0.013 sec)
Training Data Eval:
  Num examples: 8960  Num correct: 8907  Precision @ 1: 0.9941  AUC @ 1: 0.9998
Validation Data Eval:
  Num examples: 960  Num correct: 765  Precision @ 1: 0.7969  AUC @ 1: 0.8767
Test Data Eval:
  Num examples: 1856  Num correct: 1324  Precision @ 1: 0.7134  AUC @ 1: 0.7758
Step 9000: loss = 0.1309 (0.012 sec)
Training Data Eval:
  Num examples: 8960  Num correct: 8858  Precision @ 1: 0.9886  AUC @ 1: 0.9997
Validation Data Eval:
  Num examples: 960  Num correct: 743  Precision @ 1: 0.7740  AUC @ 1: 0.8578
Test Data Eval:
  Num examples: 1856  Num correct: 1310  Precision @ 1: 0.7058  AUC @ 1: 0.7791
Step 9100: loss = 0.1853 (0.101 sec)
Training Data Eval:
  Num examples: 8960  Num correct: 8895  Precision @ 1: 0.9927  AUC @ 1: 0.9999
Validation Data Eval:
  Num examples: 960  Num correct: 764  Precision @ 1: 0.7958  AUC @ 1: 0.8671
Test Data Eval:
  Num examples: 1856  Num correct: 1335  Precision @ 1: 0.7193  AUC @ 1: 0.7743
Step 9200: loss = 0.1562 (0.014 sec)
Training Data Eval:
  Num examples: 8960  Num correct: 8843  Precision @ 1: 0.9869  AUC @ 1: 0.9997
Validation Data Eval:
  Num examples: 960  Num correct: 780  Precision @ 1: 0.8125  AUC @ 1: 0.8699
Test Data Eval:
  Num examples: 1856  Num correct: 1336  Precision @ 1: 0.7198  AUC @ 1: 0.7717
Step 9300: loss = 0.2403 (0.014 sec)
Training Data Eval:
  Num examples: 8960  Num correct: 8787  Precision @ 1: 0.9807  AUC @ 1: 0.9991
Validation Data Eval:
  Num examples: 960  Num correct: 777  Precision @ 1: 0.8094  AUC @ 1: 0.8637
Test Data Eval:
  Num examples: 1856  Num correct: 1364  Precision @ 1: 0.7349  AUC @ 1: 0.7738
Step 9400: loss = 0.1705 (0.014 sec)
Training Data Eval:
  Num examples: 8960  Num correct: 8907  Precision @ 1: 0.9941  AUC @ 1: 0.9999
Validation Data Eval:
  Num examples: 960  Num correct: 764  Precision @ 1: 0.7958  AUC @ 1: 0.8611
Test Data Eval:
  Num examples: 1856  Num correct: 1324  Precision @ 1: 0.7134  AUC @ 1: 0.7730
Step 9500: loss = 0.1478 (0.014 sec)
Training Data Eval:
  Num examples: 8960  Num correct: 8849  Precision @ 1: 0.9876  AUC @ 1: 0.9994
Validation Data Eval:
  Num examples: 960  Num correct: 768  Precision @ 1: 0.8000  AUC @ 1: 0.8665
Test Data Eval:
  Num examples: 1856  Num correct: 1344  Precision @ 1: 0.7241  AUC @ 1: 0.7724
Step 9600: loss = 0.1731 (0.013 sec)
Training Data Eval:
  Num examples: 8960  Num correct: 8892  Precision @ 1: 0.9924  AUC @ 1: 0.9994
Validation Data Eval:
  Num examples: 960  Num correct: 768  Precision @ 1: 0.8000  AUC @ 1: 0.8582
Test Data Eval:
  Num examples: 1856  Num correct: 1334  Precision @ 1: 0.7188  AUC @ 1: 0.7687
Step 9700: loss = 0.1461 (0.014 sec)
Training Data Eval:
  Num examples: 8960  Num correct: 8891  Precision @ 1: 0.9923  AUC @ 1: 0.9998
Validation Data Eval:
  Num examples: 960  Num correct: 757  Precision @ 1: 0.7885  AUC @ 1: 0.8580
Test Data Eval:
  Num examples: 1856  Num correct: 1332  Precision @ 1: 0.7177  AUC @ 1: 0.7745
Step 9800: loss = 0.1629 (0.097 sec)
Training Data Eval:
  Num examples: 8960  Num correct: 8862  Precision @ 1: 0.9891  AUC @ 1: 0.9996
Validation Data Eval:
  Num examples: 960  Num correct: 767  Precision @ 1: 0.7990  AUC @ 1: 0.8632
Test Data Eval:
  Num examples: 1856  Num correct: 1344  Precision @ 1: 0.7241  AUC @ 1: 0.7700
Step 9900: loss = 0.1638 (0.014 sec)
Training Data Eval:
  Num examples: 8960  Num correct: 8914  Precision @ 1: 0.9949  AUC @ 1: 0.9999
Validation Data Eval:
  Num examples: 960  Num correct: 755  Precision @ 1: 0.7865  AUC @ 1: 0.8626
Test Data Eval:
  Num examples: 1856  Num correct: 1312  Precision @ 1: 0.7069  AUC @ 1: 0.7545
