Training data shape: 	(10000, 64, 64, 1)
Training label shape:	(10000,)
Testing data shape:  	(1910, 64, 64, 1)
Testing label shape: 	(1910,)
max input value is: 153.458
min input value is: -104.189
random permuted training data
==============================================================================
Model: 			inference_tscnn
Tensor Name: 	Placeholder:0
[64, 64, 64, 1]
==============================================================================
Tensor Name: conv0/conv0:0
[64, 60, 1, 256]
==============================================================================
Tensor Name: local1/local1:0
[64, 128]
==============================================================================
Tensor Name: local2/local2:0
[64, 128]
==============================================================================
Tensor Name: softmax_linear/softmax_linear:0
[64, 2]
Step 0: loss = 5.5996 (0.032 sec)
Training Data Eval:
  Num examples: 8960  Num correct: 6906  Precision @ 1: 0.7708  AUC @ 1: 0.8187
Validation Data Eval:
  Num examples: 960  Num correct: 738  Precision @ 1: 0.7688  AUC @ 1: 0.7982
Test Data Eval:
  Num examples: 1856  Num correct: 1279  Precision @ 1: 0.6891  AUC @ 1: 0.7370
Step 100: loss = 5.0563 (0.023 sec)
Training Data Eval:
  Num examples: 8960  Num correct: 7073  Precision @ 1: 0.7894  AUC @ 1: 0.8654
Validation Data Eval:
  Num examples: 960  Num correct: 746  Precision @ 1: 0.7771  AUC @ 1: 0.8534
Test Data Eval:
  Num examples: 1856  Num correct: 1318  Precision @ 1: 0.7101  AUC @ 1: 0.7351
Step 200: loss = 4.7432 (0.024 sec)
Training Data Eval:
  Num examples: 8960  Num correct: 7370  Precision @ 1: 0.8225  AUC @ 1: 0.8926
Validation Data Eval:
  Num examples: 960  Num correct: 761  Precision @ 1: 0.7927  AUC @ 1: 0.8647
Test Data Eval:
  Num examples: 1856  Num correct: 1339  Precision @ 1: 0.7214  AUC @ 1: 0.7405
Step 300: loss = 4.3505 (0.024 sec)
Training Data Eval:
  Num examples: 8960  Num correct: 7452  Precision @ 1: 0.8317  AUC @ 1: 0.9114
Validation Data Eval:
  Num examples: 960  Num correct: 768  Precision @ 1: 0.8000  AUC @ 1: 0.8885
Test Data Eval:
  Num examples: 1856  Num correct: 1336  Precision @ 1: 0.7198  AUC @ 1: 0.7798
Step 400: loss = 3.8799 (0.023 sec)
Training Data Eval:
  Num examples: 8960  Num correct: 7491  Precision @ 1: 0.8360  AUC @ 1: 0.9166
Validation Data Eval:
  Num examples: 960  Num correct: 773  Precision @ 1: 0.8052  AUC @ 1: 0.8880
Test Data Eval:
  Num examples: 1856  Num correct: 1363  Precision @ 1: 0.7344  AUC @ 1: 0.7808
Step 500: loss = 3.6548 (0.024 sec)
Training Data Eval:
  Num examples: 8960  Num correct: 7634  Precision @ 1: 0.8520  AUC @ 1: 0.9292
Validation Data Eval:
  Num examples: 960  Num correct: 771  Precision @ 1: 0.8031  AUC @ 1: 0.8834
Test Data Eval:
  Num examples: 1856  Num correct: 1366  Precision @ 1: 0.7360  AUC @ 1: 0.7854
Step 600: loss = 3.5132 (0.024 sec)
Training Data Eval:
  Num examples: 8960  Num correct: 7776  Precision @ 1: 0.8679  AUC @ 1: 0.9431
Validation Data Eval:
  Num examples: 960  Num correct: 785  Precision @ 1: 0.8177  AUC @ 1: 0.8910
Test Data Eval:
  Num examples: 1856  Num correct: 1344  Precision @ 1: 0.7241  AUC @ 1: 0.7756
Step 700: loss = 3.1776 (0.114 sec)
Training Data Eval:
  Num examples: 8960  Num correct: 7795  Precision @ 1: 0.8700  AUC @ 1: 0.9495
Validation Data Eval:
  Num examples: 960  Num correct: 784  Precision @ 1: 0.8167  AUC @ 1: 0.8899
Test Data Eval:
  Num examples: 1856  Num correct: 1329  Precision @ 1: 0.7161  AUC @ 1: 0.7600
Step 800: loss = 2.9098 (0.023 sec)
Training Data Eval:
  Num examples: 8960  Num correct: 7852  Precision @ 1: 0.8763  AUC @ 1: 0.9479
Validation Data Eval:
  Num examples: 960  Num correct: 785  Precision @ 1: 0.8177  AUC @ 1: 0.8879
Test Data Eval:
  Num examples: 1856  Num correct: 1365  Precision @ 1: 0.7355  AUC @ 1: 0.7683
Step 900: loss = 2.7299 (0.024 sec)
Training Data Eval:
  Num examples: 8960  Num correct: 7909  Precision @ 1: 0.8827  AUC @ 1: 0.9585
Validation Data Eval:
  Num examples: 960  Num correct: 777  Precision @ 1: 0.8094  AUC @ 1: 0.8905
Test Data Eval:
  Num examples: 1856  Num correct: 1337  Precision @ 1: 0.7204  AUC @ 1: 0.7679
Step 1000: loss = 2.4969 (0.025 sec)
Training Data Eval:
  Num examples: 8960  Num correct: 7918  Precision @ 1: 0.8837  AUC @ 1: 0.9653
Validation Data Eval:
  Num examples: 960  Num correct: 764  Precision @ 1: 0.7958  AUC @ 1: 0.8885
Test Data Eval:
  Num examples: 1856  Num correct: 1305  Precision @ 1: 0.7031  AUC @ 1: 0.7726
Step 1100: loss = 2.5380 (0.023 sec)
Training Data Eval:
  Num examples: 8960  Num correct: 8143  Precision @ 1: 0.9088  AUC @ 1: 0.9702
Validation Data Eval:
  Num examples: 960  Num correct: 777  Precision @ 1: 0.8094  AUC @ 1: 0.8885
Test Data Eval:
  Num examples: 1856  Num correct: 1334  Precision @ 1: 0.7188  AUC @ 1: 0.7686
Step 1200: loss = 2.1748 (0.024 sec)
Training Data Eval:
  Num examples: 8960  Num correct: 8055  Precision @ 1: 0.8990  AUC @ 1: 0.9661
Validation Data Eval:
  Num examples: 960  Num correct: 781  Precision @ 1: 0.8135  AUC @ 1: 0.8962
Test Data Eval:
  Num examples: 1856  Num correct: 1329  Precision @ 1: 0.7161  AUC @ 1: 0.7663
Step 1300: loss = 2.1048 (0.024 sec)
Training Data Eval:
  Num examples: 8960  Num correct: 8196  Precision @ 1: 0.9147  AUC @ 1: 0.9770
Validation Data Eval:
  Num examples: 960  Num correct: 789  Precision @ 1: 0.8219  AUC @ 1: 0.8930
Test Data Eval:
  Num examples: 1856  Num correct: 1311  Precision @ 1: 0.7064  AUC @ 1: 0.7685
Step 1400: loss = 1.9731 (0.112 sec)
Training Data Eval:
  Num examples: 8960  Num correct: 8210  Precision @ 1: 0.9163  AUC @ 1: 0.9778
Validation Data Eval:
  Num examples: 960  Num correct: 773  Precision @ 1: 0.8052  AUC @ 1: 0.8949
Test Data Eval:
  Num examples: 1856  Num correct: 1321  Precision @ 1: 0.7117  AUC @ 1: 0.7801
Step 1500: loss = 1.7820 (0.024 sec)
Training Data Eval:
  Num examples: 8960  Num correct: 8384  Precision @ 1: 0.9357  AUC @ 1: 0.9847
Validation Data Eval:
  Num examples: 960  Num correct: 801  Precision @ 1: 0.8344  AUC @ 1: 0.8986
Test Data Eval:
  Num examples: 1856  Num correct: 1349  Precision @ 1: 0.7268  AUC @ 1: 0.7618
Step 1600: loss = 1.7423 (0.022 sec)
Training Data Eval:
  Num examples: 8960  Num correct: 8053  Precision @ 1: 0.8988  AUC @ 1: 0.9767
Validation Data Eval:
  Num examples: 960  Num correct: 775  Precision @ 1: 0.8073  AUC @ 1: 0.8845
Test Data Eval:
  Num examples: 1856  Num correct: 1337  Precision @ 1: 0.7204  AUC @ 1: 0.7478
Step 1700: loss = 1.5781 (0.025 sec)
Training Data Eval:
  Num examples: 8960  Num correct: 8396  Precision @ 1: 0.9371  AUC @ 1: 0.9866
Validation Data Eval:
  Num examples: 960  Num correct: 781  Precision @ 1: 0.8135  AUC @ 1: 0.8928
Test Data Eval:
  Num examples: 1856  Num correct: 1323  Precision @ 1: 0.7128  AUC @ 1: 0.7539
Step 1800: loss = 1.5013 (0.023 sec)
Training Data Eval:
  Num examples: 8960  Num correct: 8447  Precision @ 1: 0.9427  AUC @ 1: 0.9896
Validation Data Eval:
  Num examples: 960  Num correct: 788  Precision @ 1: 0.8208  AUC @ 1: 0.8947
Test Data Eval:
  Num examples: 1856  Num correct: 1351  Precision @ 1: 0.7279  AUC @ 1: 0.7770
Step 1900: loss = 1.3544 (0.024 sec)
Training Data Eval:
  Num examples: 8960  Num correct: 8207  Precision @ 1: 0.9160  AUC @ 1: 0.9867
Validation Data Eval:
  Num examples: 960  Num correct: 778  Precision @ 1: 0.8104  AUC @ 1: 0.8845
Test Data Eval:
  Num examples: 1856  Num correct: 1364  Precision @ 1: 0.7349  AUC @ 1: 0.7696
Step 2000: loss = 1.2465 (0.025 sec)
Training Data Eval:
  Num examples: 8960  Num correct: 8491  Precision @ 1: 0.9477  AUC @ 1: 0.9931
Validation Data Eval:
  Num examples: 960  Num correct: 793  Precision @ 1: 0.8260  AUC @ 1: 0.8832
Test Data Eval:
  Num examples: 1856  Num correct: 1358  Precision @ 1: 0.7317  AUC @ 1: 0.7642
Step 2100: loss = 1.2048 (0.106 sec)
Training Data Eval:
  Num examples: 8960  Num correct: 8261  Precision @ 1: 0.9220  AUC @ 1: 0.9880
Validation Data Eval:
  Num examples: 960  Num correct: 783  Precision @ 1: 0.8156  AUC @ 1: 0.8875
Test Data Eval:
  Num examples: 1856  Num correct: 1339  Precision @ 1: 0.7214  AUC @ 1: 0.7571
Step 2200: loss = 1.1171 (0.025 sec)
Training Data Eval:
  Num examples: 8960  Num correct: 8481  Precision @ 1: 0.9465  AUC @ 1: 0.9921
Validation Data Eval:
  Num examples: 960  Num correct: 756  Precision @ 1: 0.7875  AUC @ 1: 0.8815
Test Data Eval:
  Num examples: 1856  Num correct: 1293  Precision @ 1: 0.6967  AUC @ 1: 0.7640
Step 2300: loss = 1.0410 (0.025 sec)
Training Data Eval:
  Num examples: 8960  Num correct: 8546  Precision @ 1: 0.9538  AUC @ 1: 0.9921
Validation Data Eval:
  Num examples: 960  Num correct: 783  Precision @ 1: 0.8156  AUC @ 1: 0.8897
Test Data Eval:
  Num examples: 1856  Num correct: 1349  Precision @ 1: 0.7268  AUC @ 1: 0.7856
Step 2400: loss = 0.9658 (0.024 sec)
Training Data Eval:
  Num examples: 8960  Num correct: 8493  Precision @ 1: 0.9479  AUC @ 1: 0.9941
Validation Data Eval:
  Num examples: 960  Num correct: 756  Precision @ 1: 0.7875  AUC @ 1: 0.8857
Test Data Eval:
  Num examples: 1856  Num correct: 1269  Precision @ 1: 0.6837  AUC @ 1: 0.7577
Step 2500: loss = 0.9614 (0.021 sec)
Training Data Eval:
  Num examples: 8960  Num correct: 8577  Precision @ 1: 0.9573  AUC @ 1: 0.9955
Validation Data Eval:
  Num examples: 960  Num correct: 793  Precision @ 1: 0.8260  AUC @ 1: 0.8944
Test Data Eval:
  Num examples: 1856  Num correct: 1368  Precision @ 1: 0.7371  AUC @ 1: 0.7812
Step 2600: loss = 1.0027 (0.024 sec)
Training Data Eval:
  Num examples: 8960  Num correct: 8584  Precision @ 1: 0.9580  AUC @ 1: 0.9950
Validation Data Eval:
  Num examples: 960  Num correct: 789  Precision @ 1: 0.8219  AUC @ 1: 0.8882
Test Data Eval:
  Num examples: 1856  Num correct: 1350  Precision @ 1: 0.7274  AUC @ 1: 0.7725
Step 2700: loss = 0.9323 (0.024 sec)
Training Data Eval:
  Num examples: 8960  Num correct: 8540  Precision @ 1: 0.9531  AUC @ 1: 0.9956
Validation Data Eval:
  Num examples: 960  Num correct: 762  Precision @ 1: 0.7937  AUC @ 1: 0.8847
Test Data Eval:
  Num examples: 1856  Num correct: 1270  Precision @ 1: 0.6843  AUC @ 1: 0.7647
Step 2800: loss = 0.9891 (0.111 sec)
Training Data Eval:
  Num examples: 8960  Num correct: 8695  Precision @ 1: 0.9704  AUC @ 1: 0.9967
Validation Data Eval:
  Num examples: 960  Num correct: 777  Precision @ 1: 0.8094  AUC @ 1: 0.8828
Test Data Eval:
  Num examples: 1856  Num correct: 1346  Precision @ 1: 0.7252  AUC @ 1: 0.7784
Step 2900: loss = 0.7949 (0.021 sec)
Training Data Eval:
  Num examples: 8960  Num correct: 8266  Precision @ 1: 0.9225  AUC @ 1: 0.9896
Validation Data Eval:
  Num examples: 960  Num correct: 740  Precision @ 1: 0.7708  AUC @ 1: 0.8757
Test Data Eval:
  Num examples: 1856  Num correct: 1239  Precision @ 1: 0.6676  AUC @ 1: 0.7603
Step 3000: loss = 0.7502 (0.021 sec)
Training Data Eval:
  Num examples: 8960  Num correct: 8610  Precision @ 1: 0.9609  AUC @ 1: 0.9956
Validation Data Eval:
  Num examples: 960  Num correct: 787  Precision @ 1: 0.8198  AUC @ 1: 0.8825
Test Data Eval:
  Num examples: 1856  Num correct: 1363  Precision @ 1: 0.7344  AUC @ 1: 0.7546
Step 3100: loss = 0.6367 (0.024 sec)
Training Data Eval:
  Num examples: 8960  Num correct: 8723  Precision @ 1: 0.9735  AUC @ 1: 0.9982
Validation Data Eval:
  Num examples: 960  Num correct: 789  Precision @ 1: 0.8219  AUC @ 1: 0.8882
Test Data Eval:
  Num examples: 1856  Num correct: 1358  Precision @ 1: 0.7317  AUC @ 1: 0.7900
Step 3200: loss = 0.6587 (0.024 sec)
Training Data Eval:
  Num examples: 8960  Num correct: 8699  Precision @ 1: 0.9709  AUC @ 1: 0.9976
Validation Data Eval:
  Num examples: 960  Num correct: 783  Precision @ 1: 0.8156  AUC @ 1: 0.8840
Test Data Eval:
  Num examples: 1856  Num correct: 1353  Precision @ 1: 0.7290  AUC @ 1: 0.7719
Step 3300: loss = 0.6399 (0.024 sec)
Training Data Eval:
  Num examples: 8960  Num correct: 8648  Precision @ 1: 0.9652  AUC @ 1: 0.9967
Validation Data Eval:
  Num examples: 960  Num correct: 786  Precision @ 1: 0.8187  AUC @ 1: 0.8889
Test Data Eval:
  Num examples: 1856  Num correct: 1325  Precision @ 1: 0.7139  AUC @ 1: 0.7849
Step 3400: loss = 0.5526 (0.024 sec)
Training Data Eval:
  Num examples: 8960  Num correct: 8721  Precision @ 1: 0.9733  AUC @ 1: 0.9978
Validation Data Eval:
  Num examples: 960  Num correct: 798  Precision @ 1: 0.8313  AUC @ 1: 0.8921
Test Data Eval:
  Num examples: 1856  Num correct: 1364  Precision @ 1: 0.7349  AUC @ 1: 0.7785
Step 3500: loss = 0.5404 (0.105 sec)
Training Data Eval:
  Num examples: 8960  Num correct: 8778  Precision @ 1: 0.9797  AUC @ 1: 0.9989
Validation Data Eval:
  Num examples: 960  Num correct: 788  Precision @ 1: 0.8208  AUC @ 1: 0.8872
Test Data Eval:
  Num examples: 1856  Num correct: 1330  Precision @ 1: 0.7166  AUC @ 1: 0.7825
Step 3600: loss = 0.4934 (0.024 sec)
Training Data Eval:
  Num examples: 8960  Num correct: 8193  Precision @ 1: 0.9144  AUC @ 1: 0.9923
Validation Data Eval:
  Num examples: 960  Num correct: 733  Precision @ 1: 0.7635  AUC @ 1: 0.8871
Test Data Eval:
  Num examples: 1856  Num correct: 1180  Precision @ 1: 0.6358  AUC @ 1: 0.7661
Step 3700: loss = 0.5978 (0.025 sec)
Training Data Eval:
  Num examples: 8960  Num correct: 8766  Precision @ 1: 0.9783  AUC @ 1: 0.9984
Validation Data Eval:
  Num examples: 960  Num correct: 797  Precision @ 1: 0.8302  AUC @ 1: 0.8863
Test Data Eval:
  Num examples: 1856  Num correct: 1395  Precision @ 1: 0.7516  AUC @ 1: 0.7912
Step 3800: loss = 0.4531 (0.023 sec)
Training Data Eval:
  Num examples: 8960  Num correct: 8764  Precision @ 1: 0.9781  AUC @ 1: 0.9986
Validation Data Eval:
  Num examples: 960  Num correct: 794  Precision @ 1: 0.8271  AUC @ 1: 0.8870
Test Data Eval:
  Num examples: 1856  Num correct: 1387  Precision @ 1: 0.7473  AUC @ 1: 0.7840
Step 3900: loss = 0.4311 (0.025 sec)
Training Data Eval:
  Num examples: 8960  Num correct: 8753  Precision @ 1: 0.9769  AUC @ 1: 0.9978
Validation Data Eval:
  Num examples: 960  Num correct: 774  Precision @ 1: 0.8063  AUC @ 1: 0.8859
Test Data Eval:
  Num examples: 1856  Num correct: 1324  Precision @ 1: 0.7134  AUC @ 1: 0.7816
Step 4000: loss = 0.4341 (0.025 sec)
Training Data Eval:
  Num examples: 8960  Num correct: 8762  Precision @ 1: 0.9779  AUC @ 1: 0.9980
Validation Data Eval:
  Num examples: 960  Num correct: 790  Precision @ 1: 0.8229  AUC @ 1: 0.8849
Test Data Eval:
  Num examples: 1856  Num correct: 1364  Precision @ 1: 0.7349  AUC @ 1: 0.7902
Step 4100: loss = 0.4603 (0.023 sec)
Training Data Eval:
  Num examples: 8960  Num correct: 8834  Precision @ 1: 0.9859  AUC @ 1: 0.9994
Validation Data Eval:
  Num examples: 960  Num correct: 789  Precision @ 1: 0.8219  AUC @ 1: 0.8921
Test Data Eval:
  Num examples: 1856  Num correct: 1334  Precision @ 1: 0.7188  AUC @ 1: 0.7784
Step 4200: loss = 0.3736 (0.108 sec)
Training Data Eval:
  Num examples: 8960  Num correct: 8782  Precision @ 1: 0.9801  AUC @ 1: 0.9987
Validation Data Eval:
  Num examples: 960  Num correct: 788  Precision @ 1: 0.8208  AUC @ 1: 0.8896
Test Data Eval:
  Num examples: 1856  Num correct: 1362  Precision @ 1: 0.7338  AUC @ 1: 0.7912
Step 4300: loss = 0.3951 (0.024 sec)
Training Data Eval:
  Num examples: 8960  Num correct: 8844  Precision @ 1: 0.9871  AUC @ 1: 0.9992
Validation Data Eval:
  Num examples: 960  Num correct: 783  Precision @ 1: 0.8156  AUC @ 1: 0.8863
Test Data Eval:
  Num examples: 1856  Num correct: 1358  Precision @ 1: 0.7317  AUC @ 1: 0.7900
Step 4400: loss = 0.3345 (0.025 sec)
Training Data Eval:
  Num examples: 8960  Num correct: 8791  Precision @ 1: 0.9811  AUC @ 1: 0.9988
Validation Data Eval:
  Num examples: 960  Num correct: 778  Precision @ 1: 0.8104  AUC @ 1: 0.8825
Test Data Eval:
  Num examples: 1856  Num correct: 1347  Precision @ 1: 0.7258  AUC @ 1: 0.7712
Step 4500: loss = 0.3829 (0.023 sec)
Training Data Eval:
  Num examples: 8960  Num correct: 8793  Precision @ 1: 0.9814  AUC @ 1: 0.9986
Validation Data Eval:
  Num examples: 960  Num correct: 788  Precision @ 1: 0.8208  AUC @ 1: 0.8908
Test Data Eval:
  Num examples: 1856  Num correct: 1373  Precision @ 1: 0.7398  AUC @ 1: 0.7998
Step 4600: loss = 0.3360 (0.024 sec)
Training Data Eval:
  Num examples: 8960  Num correct: 8779  Precision @ 1: 0.9798  AUC @ 1: 0.9989
Validation Data Eval:
  Num examples: 960  Num correct: 780  Precision @ 1: 0.8125  AUC @ 1: 0.8855
Test Data Eval:
  Num examples: 1856  Num correct: 1374  Precision @ 1: 0.7403  AUC @ 1: 0.7819
Step 4700: loss = 0.3545 (0.024 sec)
Training Data Eval:
  Num examples: 8960  Num correct: 8799  Precision @ 1: 0.9820  AUC @ 1: 0.9986
Validation Data Eval:
  Num examples: 960  Num correct: 778  Precision @ 1: 0.8104  AUC @ 1: 0.8901
Test Data Eval:
  Num examples: 1856  Num correct: 1333  Precision @ 1: 0.7182  AUC @ 1: 0.7807
Step 4800: loss = 0.3358 (0.024 sec)
Training Data Eval:
  Num examples: 8960  Num correct: 8835  Precision @ 1: 0.9860  AUC @ 1: 0.9994
Validation Data Eval:
  Num examples: 960  Num correct: 788  Precision @ 1: 0.8208  AUC @ 1: 0.8815
Test Data Eval:
  Num examples: 1856  Num correct: 1371  Precision @ 1: 0.7387  AUC @ 1: 0.7760
Step 4900: loss = 0.3394 (0.106 sec)
Training Data Eval:
  Num examples: 8960  Num correct: 8842  Precision @ 1: 0.9868  AUC @ 1: 0.9994
Validation Data Eval:
  Num examples: 960  Num correct: 793  Precision @ 1: 0.8260  AUC @ 1: 0.8878
Test Data Eval:
  Num examples: 1856  Num correct: 1343  Precision @ 1: 0.7236  AUC @ 1: 0.7683
Step 5000: loss = 0.3238 (0.024 sec)
Training Data Eval:
  Num examples: 8960  Num correct: 8066  Precision @ 1: 0.9002  AUC @ 1: 0.9965
Validation Data Eval:
  Num examples: 960  Num correct: 742  Precision @ 1: 0.7729  AUC @ 1: 0.8829
Test Data Eval:
  Num examples: 1856  Num correct: 1320  Precision @ 1: 0.7112  AUC @ 1: 0.7548
Step 5100: loss = 0.7004 (0.023 sec)
Training Data Eval:
  Num examples: 8960  Num correct: 8810  Precision @ 1: 0.9833  AUC @ 1: 0.9991
Validation Data Eval:
  Num examples: 960  Num correct: 787  Precision @ 1: 0.8198  AUC @ 1: 0.8862
Test Data Eval:
  Num examples: 1856  Num correct: 1367  Precision @ 1: 0.7365  AUC @ 1: 0.7699
Step 5200: loss = 0.3409 (0.017 sec)
Training Data Eval:
  Num examples: 8960  Num correct: 8751  Precision @ 1: 0.9767  AUC @ 1: 0.9988
Validation Data Eval:
  Num examples: 960  Num correct: 764  Precision @ 1: 0.7958  AUC @ 1: 0.8822
Test Data Eval:
  Num examples: 1856  Num correct: 1320  Precision @ 1: 0.7112  AUC @ 1: 0.7971
Step 5300: loss = 0.3454 (0.024 sec)
Training Data Eval:
  Num examples: 8960  Num correct: 8818  Precision @ 1: 0.9842  AUC @ 1: 0.9991
Validation Data Eval:
  Num examples: 960  Num correct: 793  Precision @ 1: 0.8260  AUC @ 1: 0.8960
Test Data Eval:
  Num examples: 1856  Num correct: 1339  Precision @ 1: 0.7214  AUC @ 1: 0.7791
Step 5400: loss = 0.2357 (0.024 sec)
Training Data Eval:
  Num examples: 8960  Num correct: 8822  Precision @ 1: 0.9846  AUC @ 1: 0.9994
Validation Data Eval:
  Num examples: 960  Num correct: 795  Precision @ 1: 0.8281  AUC @ 1: 0.8922
Test Data Eval:
  Num examples: 1856  Num correct: 1376  Precision @ 1: 0.7414  AUC @ 1: 0.7738
Step 5500: loss = 0.2480 (0.024 sec)
Training Data Eval:
  Num examples: 8960  Num correct: 8760  Precision @ 1: 0.9777  AUC @ 1: 0.9987
Validation Data Eval:
  Num examples: 960  Num correct: 784  Precision @ 1: 0.8167  AUC @ 1: 0.8919
Test Data Eval:
  Num examples: 1856  Num correct: 1361  Precision @ 1: 0.7333  AUC @ 1: 0.7766
Step 5600: loss = 0.3009 (0.109 sec)
Training Data Eval:
  Num examples: 8960  Num correct: 8820  Precision @ 1: 0.9844  AUC @ 1: 0.9993
Validation Data Eval:
  Num examples: 960  Num correct: 789  Precision @ 1: 0.8219  AUC @ 1: 0.8832
Test Data Eval:
  Num examples: 1856  Num correct: 1374  Precision @ 1: 0.7403  AUC @ 1: 0.7794
Step 5700: loss = 0.2893 (0.025 sec)
Training Data Eval:
  Num examples: 8960  Num correct: 8797  Precision @ 1: 0.9818  AUC @ 1: 0.9989
Validation Data Eval:
  Num examples: 960  Num correct: 766  Precision @ 1: 0.7979  AUC @ 1: 0.8872
Test Data Eval:
  Num examples: 1856  Num correct: 1305  Precision @ 1: 0.7031  AUC @ 1: 0.7796
Step 5800: loss = 0.2780 (0.022 sec)
Training Data Eval:
  Num examples: 8960  Num correct: 8839  Precision @ 1: 0.9865  AUC @ 1: 0.9996
Validation Data Eval:
  Num examples: 960  Num correct: 792  Precision @ 1: 0.8250  AUC @ 1: 0.8873
Test Data Eval:
  Num examples: 1856  Num correct: 1374  Precision @ 1: 0.7403  AUC @ 1: 0.7854
Step 5900: loss = 0.2800 (0.025 sec)
Training Data Eval:
  Num examples: 8960  Num correct: 8686  Precision @ 1: 0.9694  AUC @ 1: 0.9989
Validation Data Eval:
  Num examples: 960  Num correct: 753  Precision @ 1: 0.7844  AUC @ 1: 0.8818
Test Data Eval:
  Num examples: 1856  Num correct: 1239  Precision @ 1: 0.6676  AUC @ 1: 0.7822
Step 6000: loss = 0.2914 (0.017 sec)
Training Data Eval:
  Num examples: 8960  Num correct: 8799  Precision @ 1: 0.9820  AUC @ 1: 0.9989
Validation Data Eval:
  Num examples: 960  Num correct: 768  Precision @ 1: 0.8000  AUC @ 1: 0.8844
Test Data Eval:
  Num examples: 1856  Num correct: 1295  Precision @ 1: 0.6977  AUC @ 1: 0.7795
Step 6100: loss = 0.2915 (0.023 sec)
Training Data Eval:
  Num examples: 8960  Num correct: 8882  Precision @ 1: 0.9913  AUC @ 1: 0.9996
Validation Data Eval:
  Num examples: 960  Num correct: 797  Precision @ 1: 0.8302  AUC @ 1: 0.8911
Test Data Eval:
  Num examples: 1856  Num correct: 1340  Precision @ 1: 0.7220  AUC @ 1: 0.7875
Step 6200: loss = 0.1903 (0.024 sec)
Training Data Eval:
  Num examples: 8960  Num correct: 8585  Precision @ 1: 0.9581  AUC @ 1: 0.9986
Validation Data Eval:
  Num examples: 960  Num correct: 758  Precision @ 1: 0.7896  AUC @ 1: 0.8842
Test Data Eval:
  Num examples: 1856  Num correct: 1357  Precision @ 1: 0.7311  AUC @ 1: 0.7658
Step 6300: loss = 0.2379 (0.110 sec)
Training Data Eval:
  Num examples: 8960  Num correct: 8596  Precision @ 1: 0.9594  AUC @ 1: 0.9979
Validation Data Eval:
  Num examples: 960  Num correct: 781  Precision @ 1: 0.8135  AUC @ 1: 0.8917
Test Data Eval:
  Num examples: 1856  Num correct: 1408  Precision @ 1: 0.7586  AUC @ 1: 0.7991
Step 6400: loss = 0.3565 (0.024 sec)
Training Data Eval:
  Num examples: 8960  Num correct: 8798  Precision @ 1: 0.9819  AUC @ 1: 0.9992
Validation Data Eval:
  Num examples: 960  Num correct: 801  Precision @ 1: 0.8344  AUC @ 1: 0.8915
Test Data Eval:
  Num examples: 1856  Num correct: 1377  Precision @ 1: 0.7419  AUC @ 1: 0.7683
Step 6500: loss = 0.2929 (0.025 sec)
Training Data Eval:
  Num examples: 8960  Num correct: 8835  Precision @ 1: 0.9860  AUC @ 1: 0.9995
Validation Data Eval:
  Num examples: 960  Num correct: 781  Precision @ 1: 0.8135  AUC @ 1: 0.8884
Test Data Eval:
  Num examples: 1856  Num correct: 1346  Precision @ 1: 0.7252  AUC @ 1: 0.7744
Step 6600: loss = 0.2405 (0.024 sec)
Training Data Eval:
  Num examples: 8960  Num correct: 8815  Precision @ 1: 0.9838  AUC @ 1: 0.9994
Validation Data Eval:
  Num examples: 960  Num correct: 782  Precision @ 1: 0.8146  AUC @ 1: 0.8854
Test Data Eval:
  Num examples: 1856  Num correct: 1398  Precision @ 1: 0.7532  AUC @ 1: 0.7872
Step 6700: loss = 0.1960 (0.025 sec)
Training Data Eval:
  Num examples: 8960  Num correct: 8872  Precision @ 1: 0.9902  AUC @ 1: 0.9997
Validation Data Eval:
  Num examples: 960  Num correct: 791  Precision @ 1: 0.8240  AUC @ 1: 0.8880
Test Data Eval:
  Num examples: 1856  Num correct: 1318  Precision @ 1: 0.7101  AUC @ 1: 0.7724
Step 6800: loss = 0.1720 (0.024 sec)
Training Data Eval:
  Num examples: 8960  Num correct: 8793  Precision @ 1: 0.9814  AUC @ 1: 0.9994
Validation Data Eval:
  Num examples: 960  Num correct: 783  Precision @ 1: 0.8156  AUC @ 1: 0.8868
Test Data Eval:
  Num examples: 1856  Num correct: 1387  Precision @ 1: 0.7473  AUC @ 1: 0.7822
Step 6900: loss = 0.2312 (0.024 sec)
Training Data Eval:
  Num examples: 8960  Num correct: 8895  Precision @ 1: 0.9927  AUC @ 1: 0.9998
Validation Data Eval:
  Num examples: 960  Num correct: 786  Precision @ 1: 0.8187  AUC @ 1: 0.8895
Test Data Eval:
  Num examples: 1856  Num correct: 1361  Precision @ 1: 0.7333  AUC @ 1: 0.7780
Step 7000: loss = 0.1726 (0.106 sec)
Training Data Eval:
  Num examples: 8960  Num correct: 8884  Precision @ 1: 0.9915  AUC @ 1: 0.9998
Validation Data Eval:
  Num examples: 960  Num correct: 782  Precision @ 1: 0.8146  AUC @ 1: 0.8812
Test Data Eval:
  Num examples: 1856  Num correct: 1359  Precision @ 1: 0.7322  AUC @ 1: 0.7787
Step 7100: loss = 0.1525 (0.024 sec)
Training Data Eval:
  Num examples: 8960  Num correct: 8757  Precision @ 1: 0.9773  AUC @ 1: 0.9993
Validation Data Eval:
  Num examples: 960  Num correct: 755  Precision @ 1: 0.7865  AUC @ 1: 0.8773
Test Data Eval:
  Num examples: 1856  Num correct: 1266  Precision @ 1: 0.6821  AUC @ 1: 0.7928
Step 7200: loss = 0.3881 (0.024 sec)
Training Data Eval:
  Num examples: 8960  Num correct: 8835  Precision @ 1: 0.9860  AUC @ 1: 0.9961
Validation Data Eval:
  Num examples: 960  Num correct: 782  Precision @ 1: 0.8146  AUC @ 1: 0.8805
Test Data Eval:
  Num examples: 1856  Num correct: 1332  Precision @ 1: 0.7177  AUC @ 1: 0.7752
Step 7300: loss = 0.2637 (0.025 sec)
Training Data Eval:
  Num examples: 8960  Num correct: 8883  Precision @ 1: 0.9914  AUC @ 1: 0.9997
Validation Data Eval:
  Num examples: 960  Num correct: 783  Precision @ 1: 0.8156  AUC @ 1: 0.8882
Test Data Eval:
  Num examples: 1856  Num correct: 1316  Precision @ 1: 0.7091  AUC @ 1: 0.7819
Step 7400: loss = 0.1865 (0.025 sec)
Training Data Eval:
  Num examples: 8960  Num correct: 8830  Precision @ 1: 0.9855  AUC @ 1: 0.9991
Validation Data Eval:
  Num examples: 960  Num correct: 761  Precision @ 1: 0.7927  AUC @ 1: 0.8866
Test Data Eval:
  Num examples: 1856  Num correct: 1301  Precision @ 1: 0.7010  AUC @ 1: 0.7835
Step 7500: loss = 0.2390 (0.023 sec)
Training Data Eval:
  Num examples: 8960  Num correct: 8838  Precision @ 1: 0.9864  AUC @ 1: 0.9991
Validation Data Eval:
  Num examples: 960  Num correct: 769  Precision @ 1: 0.8010  AUC @ 1: 0.8822
Test Data Eval:
  Num examples: 1856  Num correct: 1336  Precision @ 1: 0.7198  AUC @ 1: 0.7761
Step 7600: loss = 0.1981 (0.024 sec)
Training Data Eval:
  Num examples: 8960  Num correct: 8886  Precision @ 1: 0.9917  AUC @ 1: 0.9999
Validation Data Eval:
  Num examples: 960  Num correct: 780  Precision @ 1: 0.8125  AUC @ 1: 0.8848
Test Data Eval:
  Num examples: 1856  Num correct: 1341  Precision @ 1: 0.7225  AUC @ 1: 0.7723
Step 7700: loss = 0.2293 (0.108 sec)
Training Data Eval:
  Num examples: 8960  Num correct: 8885  Precision @ 1: 0.9916  AUC @ 1: 0.9998
Validation Data Eval:
  Num examples: 960  Num correct: 789  Precision @ 1: 0.8219  AUC @ 1: 0.8877
Test Data Eval:
  Num examples: 1856  Num correct: 1374  Precision @ 1: 0.7403  AUC @ 1: 0.7811
Step 7800: loss = 0.1630 (0.025 sec)
Training Data Eval:
  Num examples: 8960  Num correct: 8907  Precision @ 1: 0.9941  AUC @ 1: 0.9999
Validation Data Eval:
  Num examples: 960  Num correct: 798  Precision @ 1: 0.8313  AUC @ 1: 0.8890
Test Data Eval:
  Num examples: 1856  Num correct: 1361  Precision @ 1: 0.7333  AUC @ 1: 0.7684
Step 7900: loss = 0.1764 (0.024 sec)
Training Data Eval:
  Num examples: 8960  Num correct: 8910  Precision @ 1: 0.9944  AUC @ 1: 0.9999
Validation Data Eval:
  Num examples: 960  Num correct: 777  Precision @ 1: 0.8094  AUC @ 1: 0.8878
Test Data Eval:
  Num examples: 1856  Num correct: 1356  Precision @ 1: 0.7306  AUC @ 1: 0.7786
Step 8000: loss = 0.2045 (0.024 sec)
Training Data Eval:
  Num examples: 8960  Num correct: 8904  Precision @ 1: 0.9938  AUC @ 1: 0.9999
Validation Data Eval:
  Num examples: 960  Num correct: 790  Precision @ 1: 0.8229  AUC @ 1: 0.8885
Test Data Eval:
  Num examples: 1856  Num correct: 1381  Precision @ 1: 0.7441  AUC @ 1: 0.7842
Step 8100: loss = 0.1469 (0.025 sec)
Training Data Eval:
  Num examples: 8960  Num correct: 8863  Precision @ 1: 0.9892  AUC @ 1: 0.9997
Validation Data Eval:
  Num examples: 960  Num correct: 782  Precision @ 1: 0.8146  AUC @ 1: 0.8746
Test Data Eval:
  Num examples: 1856  Num correct: 1366  Precision @ 1: 0.7360  AUC @ 1: 0.7757
Step 8200: loss = 0.1589 (0.024 sec)
Training Data Eval:
  Num examples: 8960  Num correct: 8922  Precision @ 1: 0.9958  AUC @ 1: 0.9999
Validation Data Eval:
  Num examples: 960  Num correct: 778  Precision @ 1: 0.8104  AUC @ 1: 0.8873
Test Data Eval:
  Num examples: 1856  Num correct: 1334  Precision @ 1: 0.7188  AUC @ 1: 0.7729
Step 8300: loss = 0.1436 (0.024 sec)
Training Data Eval:
  Num examples: 8960  Num correct: 8822  Precision @ 1: 0.9846  AUC @ 1: 0.9990
Validation Data Eval:
  Num examples: 960  Num correct: 766  Precision @ 1: 0.7979  AUC @ 1: 0.8784
Test Data Eval:
  Num examples: 1856  Num correct: 1352  Precision @ 1: 0.7284  AUC @ 1: 0.7875
Step 8400: loss = 0.1676 (0.108 sec)
Training Data Eval:
  Num examples: 8960  Num correct: 8878  Precision @ 1: 0.9908  AUC @ 1: 0.9998
Validation Data Eval:
  Num examples: 960  Num correct: 776  Precision @ 1: 0.8083  AUC @ 1: 0.8859
Test Data Eval:
  Num examples: 1856  Num correct: 1367  Precision @ 1: 0.7365  AUC @ 1: 0.7888
Step 8500: loss = 0.1399 (0.025 sec)
Training Data Eval:
  Num examples: 8960  Num correct: 8859  Precision @ 1: 0.9887  AUC @ 1: 0.9995
Validation Data Eval:
  Num examples: 960  Num correct: 778  Precision @ 1: 0.8104  AUC @ 1: 0.8847
Test Data Eval:
  Num examples: 1856  Num correct: 1330  Precision @ 1: 0.7166  AUC @ 1: 0.7695
Step 8600: loss = 0.1894 (0.021 sec)
Training Data Eval:
  Num examples: 8960  Num correct: 8886  Precision @ 1: 0.9917  AUC @ 1: 0.9997
Validation Data Eval:
  Num examples: 960  Num correct: 782  Precision @ 1: 0.8146  AUC @ 1: 0.8817
Test Data Eval:
  Num examples: 1856  Num correct: 1351  Precision @ 1: 0.7279  AUC @ 1: 0.7840
Step 8700: loss = 0.1386 (0.023 sec)
Training Data Eval:
  Num examples: 8960  Num correct: 8873  Precision @ 1: 0.9903  AUC @ 1: 0.9995
Validation Data Eval:
  Num examples: 960  Num correct: 783  Precision @ 1: 0.8156  AUC @ 1: 0.8773
Test Data Eval:
  Num examples: 1856  Num correct: 1348  Precision @ 1: 0.7263  AUC @ 1: 0.7622
Step 8800: loss = 0.1760 (0.024 sec)
Training Data Eval:
  Num examples: 8960  Num correct: 8888  Precision @ 1: 0.9920  AUC @ 1: 0.9998
Validation Data Eval:
  Num examples: 960  Num correct: 780  Precision @ 1: 0.8125  AUC @ 1: 0.8908
Test Data Eval:
  Num examples: 1856  Num correct: 1276  Precision @ 1: 0.6875  AUC @ 1: 0.7767
Step 8900: loss = 0.1529 (0.023 sec)
Training Data Eval:
  Num examples: 8960  Num correct: 8848  Precision @ 1: 0.9875  AUC @ 1: 0.9998
Validation Data Eval:
  Num examples: 960  Num correct: 760  Precision @ 1: 0.7917  AUC @ 1: 0.8809
Test Data Eval:
  Num examples: 1856  Num correct: 1271  Precision @ 1: 0.6848  AUC @ 1: 0.7814
Step 9000: loss = 0.2661 (0.024 sec)
Training Data Eval:
  Num examples: 8960  Num correct: 8876  Precision @ 1: 0.9906  AUC @ 1: 0.9997
Validation Data Eval:
  Num examples: 960  Num correct: 782  Precision @ 1: 0.8146  AUC @ 1: 0.8771
Test Data Eval:
  Num examples: 1856  Num correct: 1324  Precision @ 1: 0.7134  AUC @ 1: 0.7638
Step 9100: loss = 0.1254 (0.106 sec)
Training Data Eval:
  Num examples: 8960  Num correct: 8893  Precision @ 1: 0.9925  AUC @ 1: 0.9998
Validation Data Eval:
  Num examples: 960  Num correct: 768  Precision @ 1: 0.8000  AUC @ 1: 0.8772
Test Data Eval:
  Num examples: 1856  Num correct: 1390  Precision @ 1: 0.7489  AUC @ 1: 0.7828
Step 9200: loss = 0.1287 (0.023 sec)
Training Data Eval:
  Num examples: 8960  Num correct: 8875  Precision @ 1: 0.9905  AUC @ 1: 0.9999
Validation Data Eval:
  Num examples: 960  Num correct: 779  Precision @ 1: 0.8115  AUC @ 1: 0.8851
Test Data Eval:
  Num examples: 1856  Num correct: 1386  Precision @ 1: 0.7468  AUC @ 1: 0.7914
Step 9300: loss = 0.1281 (0.024 sec)
Training Data Eval:
  Num examples: 8960  Num correct: 8908  Precision @ 1: 0.9942  AUC @ 1: 0.9998
Validation Data Eval:
  Num examples: 960  Num correct: 773  Precision @ 1: 0.8052  AUC @ 1: 0.8830
Test Data Eval:
  Num examples: 1856  Num correct: 1326  Precision @ 1: 0.7144  AUC @ 1: 0.7774
Step 9400: loss = 0.1581 (0.023 sec)
Training Data Eval:
  Num examples: 8960  Num correct: 8762  Precision @ 1: 0.9779  AUC @ 1: 0.9994
Validation Data Eval:
  Num examples: 960  Num correct: 783  Precision @ 1: 0.8156  AUC @ 1: 0.8847
Test Data Eval:
  Num examples: 1856  Num correct: 1276  Precision @ 1: 0.6875  AUC @ 1: 0.7848
Step 9500: loss = 0.1633 (0.024 sec)
Training Data Eval:
  Num examples: 8960  Num correct: 8869  Precision @ 1: 0.9898  AUC @ 1: 0.9997
Validation Data Eval:
  Num examples: 960  Num correct: 774  Precision @ 1: 0.8063  AUC @ 1: 0.8810
Test Data Eval:
  Num examples: 1856  Num correct: 1354  Precision @ 1: 0.7295  AUC @ 1: 0.7865
Step 9600: loss = 0.1454 (0.024 sec)
Training Data Eval:
  Num examples: 8960  Num correct: 8864  Precision @ 1: 0.9893  AUC @ 1: 0.9997
Validation Data Eval:
  Num examples: 960  Num correct: 764  Precision @ 1: 0.7958  AUC @ 1: 0.8793
Test Data Eval:
  Num examples: 1856  Num correct: 1371  Precision @ 1: 0.7387  AUC @ 1: 0.7813
Step 9700: loss = 0.2421 (0.024 sec)
Training Data Eval:
  Num examples: 8960  Num correct: 8907  Precision @ 1: 0.9941  AUC @ 1: 0.9999
Validation Data Eval:
  Num examples: 960  Num correct: 785  Precision @ 1: 0.8177  AUC @ 1: 0.8791
Test Data Eval:
  Num examples: 1856  Num correct: 1397  Precision @ 1: 0.7527  AUC @ 1: 0.7904
Step 9800: loss = 0.1249 (0.106 sec)
Training Data Eval:
  Num examples: 8960  Num correct: 8912  Precision @ 1: 0.9946  AUC @ 1: 0.9999
Validation Data Eval:
  Num examples: 960  Num correct: 766  Precision @ 1: 0.7979  AUC @ 1: 0.8749
Test Data Eval:
  Num examples: 1856  Num correct: 1327  Precision @ 1: 0.7150  AUC @ 1: 0.7876
Step 9900: loss = 0.1133 (0.023 sec)
Training Data Eval:
  Num examples: 8960  Num correct: 8862  Precision @ 1: 0.9891  AUC @ 1: 0.9997
Validation Data Eval:
  Num examples: 960  Num correct: 778  Precision @ 1: 0.8104  AUC @ 1: 0.8817
Test Data Eval:
  Num examples: 1856  Num correct: 1366  Precision @ 1: 0.7360  AUC @ 1: 0.7787
