Training data shape: 	(3816, 64, 30, 1)
Training label shape:	(3816,)
Testing data shape:  	(519, 64, 30, 1)
Testing label shape: 	(519,)
max input value is: 14.3839135638
min input value is: -10.9262291682
random permuted training data
==============================================================================
Model: 			inference_global_s_cnn
Tensor Name: 	Placeholder:0
[128, 64, 30, 1]
==============================================================================
Tensor Name: conv1/conv1:0
[128, 1, 30, 8]
==============================================================================
Tensor Name: MaxPool:0
[128, 1, 15, 8]
==============================================================================
Tensor Name: local1/local1:0
[128, 128]
==============================================================================
Tensor Name: local2/local2:0
[128, 128]
==============================================================================
Tensor Name: softmax_linear/softmax_linear:0
[128, 2]
Step 0: loss = 0.7713 (0.025 sec)
Training Data Eval:
  Num examples: 3456  Num correct: 1973  Precision @ 1: 0.5709  AUC @ 1: 0.4692
Validation Data Eval:
  Num examples: 256  Num correct: 153  Precision @ 1: 0.5977  AUC @ 1: 0.4916
Test Data Eval:
  Num examples: 512  Num correct: 287  Precision @ 1: 0.5605  AUC @ 1: 0.4835
Step 200: loss = 0.7733 (0.010 sec)
Training Data Eval:
  Num examples: 3456  Num correct: 1946  Precision @ 1: 0.5631  AUC @ 1: 0.5003
Validation Data Eval:
  Num examples: 256  Num correct: 153  Precision @ 1: 0.5977  AUC @ 1: 0.5114
Test Data Eval:
  Num examples: 512  Num correct: 290  Precision @ 1: 0.5664  AUC @ 1: 0.5073
Step 400: loss = 0.7654 (0.009 sec)
Training Data Eval:
  Num examples: 3456  Num correct: 1966  Precision @ 1: 0.5689  AUC @ 1: 0.5660
Validation Data Eval:
  Num examples: 256  Num correct: 153  Precision @ 1: 0.5977  AUC @ 1: 0.5742
Test Data Eval:
  Num examples: 512  Num correct: 292  Precision @ 1: 0.5703  AUC @ 1: 0.5555
Step 600: loss = 0.7684 (0.010 sec)
Training Data Eval:
  Num examples: 3456  Num correct: 1946  Precision @ 1: 0.5631  AUC @ 1: 0.6242
Validation Data Eval:
  Num examples: 256  Num correct: 153  Precision @ 1: 0.5977  AUC @ 1: 0.6363
Test Data Eval:
  Num examples: 512  Num correct: 290  Precision @ 1: 0.5664  AUC @ 1: 0.6082
Step 800: loss = 0.7468 (0.009 sec)
Training Data Eval:
  Num examples: 3456  Num correct: 1940  Precision @ 1: 0.5613  AUC @ 1: 0.6573
Validation Data Eval:
  Num examples: 256  Num correct: 153  Precision @ 1: 0.5977  AUC @ 1: 0.6560
Test Data Eval:
  Num examples: 512  Num correct: 290  Precision @ 1: 0.5664  AUC @ 1: 0.6295
Step 1000: loss = 0.7496 (0.010 sec)
Training Data Eval:
  Num examples: 3456  Num correct: 1913  Precision @ 1: 0.5535  AUC @ 1: 0.6605
Validation Data Eval:
  Num examples: 256  Num correct: 153  Precision @ 1: 0.5977  AUC @ 1: 0.6504
Test Data Eval:
  Num examples: 512  Num correct: 289  Precision @ 1: 0.5645  AUC @ 1: 0.6426
Step 1200: loss = 0.7625 (0.011 sec)
Training Data Eval:
  Num examples: 3456  Num correct: 1951  Precision @ 1: 0.5645  AUC @ 1: 0.6445
Validation Data Eval:
  Num examples: 256  Num correct: 153  Precision @ 1: 0.5977  AUC @ 1: 0.6390
Test Data Eval:
  Num examples: 512  Num correct: 289  Precision @ 1: 0.5645  AUC @ 1: 0.6384
Step 1400: loss = 0.7694 (0.010 sec)
Training Data Eval:
  Num examples: 3456  Num correct: 1970  Precision @ 1: 0.5700  AUC @ 1: 0.6389
Validation Data Eval:
  Num examples: 256  Num correct: 153  Precision @ 1: 0.5977  AUC @ 1: 0.6306
Test Data Eval:
  Num examples: 512  Num correct: 290  Precision @ 1: 0.5664  AUC @ 1: 0.6366
Step 1600: loss = 0.7485 (0.010 sec)
Training Data Eval:
  Num examples: 3456  Num correct: 1943  Precision @ 1: 0.5622  AUC @ 1: 0.6258
Validation Data Eval:
  Num examples: 256  Num correct: 153  Precision @ 1: 0.5977  AUC @ 1: 0.6270
Test Data Eval:
  Num examples: 512  Num correct: 293  Precision @ 1: 0.5723  AUC @ 1: 0.6359
Step 1800: loss = 0.7473 (0.011 sec)
Training Data Eval:
  Num examples: 3456  Num correct: 1932  Precision @ 1: 0.5590  AUC @ 1: 0.6298
Validation Data Eval:
  Num examples: 256  Num correct: 153  Precision @ 1: 0.5977  AUC @ 1: 0.6260
Test Data Eval:
  Num examples: 512  Num correct: 290  Precision @ 1: 0.5664  AUC @ 1: 0.6339
Step 2000: loss = 0.7519 (0.012 sec)
Training Data Eval:
  Num examples: 3456  Num correct: 1936  Precision @ 1: 0.5602  AUC @ 1: 0.6333
Validation Data Eval:
  Num examples: 256  Num correct: 153  Precision @ 1: 0.5977  AUC @ 1: 0.6256
Test Data Eval:
  Num examples: 512  Num correct: 291  Precision @ 1: 0.5684  AUC @ 1: 0.6258
Step 2200: loss = 0.7540 (0.010 sec)
Training Data Eval:
  Num examples: 3456  Num correct: 1944  Precision @ 1: 0.5625  AUC @ 1: 0.6356
Validation Data Eval:
  Num examples: 256  Num correct: 153  Precision @ 1: 0.5977  AUC @ 1: 0.6270
Test Data Eval:
  Num examples: 512  Num correct: 289  Precision @ 1: 0.5645  AUC @ 1: 0.6274
Step 2400: loss = 0.7189 (0.010 sec)
Training Data Eval:
  Num examples: 3456  Num correct: 1934  Precision @ 1: 0.5596  AUC @ 1: 0.6125
Validation Data Eval:
  Num examples: 256  Num correct: 153  Precision @ 1: 0.5977  AUC @ 1: 0.6275
Test Data Eval:
  Num examples: 512  Num correct: 289  Precision @ 1: 0.5645  AUC @ 1: 0.6223
Step 2600: loss = 0.7580 (0.010 sec)
Training Data Eval:
  Num examples: 3456  Num correct: 1933  Precision @ 1: 0.5593  AUC @ 1: 0.6329
Validation Data Eval:
  Num examples: 256  Num correct: 153  Precision @ 1: 0.5977  AUC @ 1: 0.6287
Test Data Eval:
  Num examples: 512  Num correct: 291  Precision @ 1: 0.5684  AUC @ 1: 0.6209
Step 2800: loss = 0.7384 (0.010 sec)
Training Data Eval:
  Num examples: 3456  Num correct: 1935  Precision @ 1: 0.5599  AUC @ 1: 0.6250
Validation Data Eval:
  Num examples: 256  Num correct: 153  Precision @ 1: 0.5977  AUC @ 1: 0.6313
Test Data Eval:
  Num examples: 512  Num correct: 290  Precision @ 1: 0.5664  AUC @ 1: 0.6239
Step 3000: loss = 0.7503 (0.010 sec)
Training Data Eval:
  Num examples: 3456  Num correct: 1940  Precision @ 1: 0.5613  AUC @ 1: 0.6270
Validation Data Eval:
  Num examples: 256  Num correct: 153  Precision @ 1: 0.5977  AUC @ 1: 0.6330
Test Data Eval:
  Num examples: 512  Num correct: 290  Precision @ 1: 0.5664  AUC @ 1: 0.6308
Step 3200: loss = 0.7433 (0.010 sec)
Training Data Eval:
  Num examples: 3456  Num correct: 1960  Precision @ 1: 0.5671  AUC @ 1: 0.6403
Validation Data Eval:
  Num examples: 256  Num correct: 153  Precision @ 1: 0.5977  AUC @ 1: 0.6349
Test Data Eval:
  Num examples: 512  Num correct: 287  Precision @ 1: 0.5605  AUC @ 1: 0.6301
Step 3400: loss = 0.7577 (0.011 sec)
Training Data Eval:
  Num examples: 3456  Num correct: 1953  Precision @ 1: 0.5651  AUC @ 1: 0.6446
Validation Data Eval:
  Num examples: 256  Num correct: 153  Precision @ 1: 0.5977  AUC @ 1: 0.6396
Test Data Eval:
  Num examples: 512  Num correct: 291  Precision @ 1: 0.5684  AUC @ 1: 0.6281
Step 3600: loss = 0.7280 (0.010 sec)
Training Data Eval:
  Num examples: 3456  Num correct: 1958  Precision @ 1: 0.5666  AUC @ 1: 0.6440
Validation Data Eval:
  Num examples: 256  Num correct: 153  Precision @ 1: 0.5977  AUC @ 1: 0.6406
Test Data Eval:
  Num examples: 512  Num correct: 290  Precision @ 1: 0.5664  AUC @ 1: 0.6365
Step 3800: loss = 0.7566 (0.010 sec)
Training Data Eval:
  Num examples: 3456  Num correct: 1986  Precision @ 1: 0.5747  AUC @ 1: 0.6452
Validation Data Eval:
  Num examples: 256  Num correct: 157  Precision @ 1: 0.6133  AUC @ 1: 0.6452
Test Data Eval:
  Num examples: 512  Num correct: 289  Precision @ 1: 0.5645  AUC @ 1: 0.6490
Step 4000: loss = 0.7018 (0.010 sec)
Training Data Eval:
  Num examples: 3456  Num correct: 2021  Precision @ 1: 0.5848  AUC @ 1: 0.6632
Validation Data Eval:
  Num examples: 256  Num correct: 156  Precision @ 1: 0.6094  AUC @ 1: 0.6481
Test Data Eval:
  Num examples: 512  Num correct: 289  Precision @ 1: 0.5645  AUC @ 1: 0.6497
Step 4200: loss = 0.7698 (0.010 sec)
Training Data Eval:
  Num examples: 3456  Num correct: 2036  Precision @ 1: 0.5891  AUC @ 1: 0.6674
Validation Data Eval:
  Num examples: 256  Num correct: 162  Precision @ 1: 0.6328  AUC @ 1: 0.6495
Test Data Eval:
  Num examples: 512  Num correct: 293  Precision @ 1: 0.5723  AUC @ 1: 0.6530
Step 4400: loss = 0.7419 (0.010 sec)
Training Data Eval:
  Num examples: 3456  Num correct: 2043  Precision @ 1: 0.5911  AUC @ 1: 0.6704
Validation Data Eval:
  Num examples: 256  Num correct: 160  Precision @ 1: 0.6250  AUC @ 1: 0.6514
Test Data Eval:
  Num examples: 512  Num correct: 295  Precision @ 1: 0.5762  AUC @ 1: 0.6509
Step 4600: loss = 0.6746 (0.010 sec)
Training Data Eval:
  Num examples: 3456  Num correct: 2100  Precision @ 1: 0.6076  AUC @ 1: 0.6707
Validation Data Eval:
  Num examples: 256  Num correct: 160  Precision @ 1: 0.6250  AUC @ 1: 0.6552
Test Data Eval:
  Num examples: 512  Num correct: 302  Precision @ 1: 0.5898  AUC @ 1: 0.6508
Step 4800: loss = 0.7044 (0.010 sec)
Training Data Eval:
  Num examples: 3456  Num correct: 2143  Precision @ 1: 0.6201  AUC @ 1: 0.6895
Validation Data Eval:
  Num examples: 256  Num correct: 164  Precision @ 1: 0.6406  AUC @ 1: 0.6601
Test Data Eval:
  Num examples: 512  Num correct: 304  Precision @ 1: 0.5938  AUC @ 1: 0.6510
Step 5000: loss = 0.6823 (0.009 sec)
Training Data Eval:
  Num examples: 3456  Num correct: 2126  Precision @ 1: 0.6152  AUC @ 1: 0.6729
Validation Data Eval:
  Num examples: 256  Num correct: 166  Precision @ 1: 0.6484  AUC @ 1: 0.6624
Test Data Eval:
  Num examples: 512  Num correct: 304  Precision @ 1: 0.5938  AUC @ 1: 0.6472
Step 5200: loss = 0.6970 (0.010 sec)
Training Data Eval:
  Num examples: 3456  Num correct: 2176  Precision @ 1: 0.6296  AUC @ 1: 0.6907
Validation Data Eval:
  Num examples: 256  Num correct: 168  Precision @ 1: 0.6562  AUC @ 1: 0.6643
Test Data Eval:
  Num examples: 512  Num correct: 298  Precision @ 1: 0.5820  AUC @ 1: 0.6434
Step 5400: loss = 0.6920 (0.041 sec)
Training Data Eval:
  Num examples: 3456  Num correct: 2200  Precision @ 1: 0.6366  AUC @ 1: 0.6950
Validation Data Eval:
  Num examples: 256  Num correct: 165  Precision @ 1: 0.6445  AUC @ 1: 0.6676
Test Data Eval:
  Num examples: 512  Num correct: 296  Precision @ 1: 0.5781  AUC @ 1: 0.6426
Step 5600: loss = 0.6894 (0.010 sec)
Training Data Eval:
  Num examples: 3456  Num correct: 2183  Precision @ 1: 0.6317  AUC @ 1: 0.7022
Validation Data Eval:
  Num examples: 256  Num correct: 164  Precision @ 1: 0.6406  AUC @ 1: 0.6695
Test Data Eval:
  Num examples: 512  Num correct: 294  Precision @ 1: 0.5742  AUC @ 1: 0.6438
Step 5800: loss = 0.6681 (0.010 sec)
Training Data Eval:
  Num examples: 3456  Num correct: 2196  Precision @ 1: 0.6354  AUC @ 1: 0.7027
Validation Data Eval:
  Num examples: 256  Num correct: 165  Precision @ 1: 0.6445  AUC @ 1: 0.6723
Test Data Eval:
  Num examples: 512  Num correct: 293  Precision @ 1: 0.5723  AUC @ 1: 0.6464
Step 6000: loss = 0.6612 (0.010 sec)
Training Data Eval:
  Num examples: 3456  Num correct: 2252  Precision @ 1: 0.6516  AUC @ 1: 0.7191
Validation Data Eval:
  Num examples: 256  Num correct: 166  Precision @ 1: 0.6484  AUC @ 1: 0.6778
Test Data Eval:
  Num examples: 512  Num correct: 297  Precision @ 1: 0.5801  AUC @ 1: 0.6402
Step 6200: loss = 0.6493 (0.010 sec)
Training Data Eval:
  Num examples: 3456  Num correct: 2264  Precision @ 1: 0.6551  AUC @ 1: 0.7187
Validation Data Eval:
  Num examples: 256  Num correct: 164  Precision @ 1: 0.6406  AUC @ 1: 0.6823
Test Data Eval:
  Num examples: 512  Num correct: 294  Precision @ 1: 0.5742  AUC @ 1: 0.6354
Step 6400: loss = 0.6700 (0.010 sec)
Training Data Eval:
  Num examples: 3456  Num correct: 2266  Precision @ 1: 0.6557  AUC @ 1: 0.7163
Validation Data Eval:
  Num examples: 256  Num correct: 164  Precision @ 1: 0.6406  AUC @ 1: 0.6859
Test Data Eval:
  Num examples: 512  Num correct: 293  Precision @ 1: 0.5723  AUC @ 1: 0.6399
Step 6600: loss = 0.6709 (0.010 sec)
Training Data Eval:
  Num examples: 3456  Num correct: 2294  Precision @ 1: 0.6638  AUC @ 1: 0.7297
Validation Data Eval:
  Num examples: 256  Num correct: 165  Precision @ 1: 0.6445  AUC @ 1: 0.6893
Test Data Eval:
  Num examples: 512  Num correct: 293  Precision @ 1: 0.5723  AUC @ 1: 0.6348
Step 6800: loss = 0.6805 (0.010 sec)
Training Data Eval:
  Num examples: 3456  Num correct: 2305  Precision @ 1: 0.6670  AUC @ 1: 0.7371
Validation Data Eval:
  Num examples: 256  Num correct: 165  Precision @ 1: 0.6445  AUC @ 1: 0.6940
Test Data Eval:
  Num examples: 512  Num correct: 289  Precision @ 1: 0.5645  AUC @ 1: 0.6429
Step 7000: loss = 0.7064 (0.010 sec)
Training Data Eval:
  Num examples: 3456  Num correct: 2353  Precision @ 1: 0.6808  AUC @ 1: 0.7480
Validation Data Eval:
  Num examples: 256  Num correct: 167  Precision @ 1: 0.6523  AUC @ 1: 0.6985
Test Data Eval:
  Num examples: 512  Num correct: 293  Precision @ 1: 0.5723  AUC @ 1: 0.6394
Step 7200: loss = 0.6664 (0.011 sec)
Training Data Eval:
  Num examples: 3456  Num correct: 2345  Precision @ 1: 0.6785  AUC @ 1: 0.7506
Validation Data Eval:
  Num examples: 256  Num correct: 165  Precision @ 1: 0.6445  AUC @ 1: 0.7028
Test Data Eval:
  Num examples: 512  Num correct: 295  Precision @ 1: 0.5762  AUC @ 1: 0.6472
Step 7400: loss = 0.6392 (0.011 sec)
Training Data Eval:
  Num examples: 3456  Num correct: 2376  Precision @ 1: 0.6875  AUC @ 1: 0.7617
Validation Data Eval:
  Num examples: 256  Num correct: 164  Precision @ 1: 0.6406  AUC @ 1: 0.7102
Test Data Eval:
  Num examples: 512  Num correct: 293  Precision @ 1: 0.5723  AUC @ 1: 0.6565
Step 7600: loss = 0.7044 (0.010 sec)
Training Data Eval:
  Num examples: 3456  Num correct: 2358  Precision @ 1: 0.6823  AUC @ 1: 0.7553
Validation Data Eval:
  Num examples: 256  Num correct: 167  Precision @ 1: 0.6523  AUC @ 1: 0.7184
Test Data Eval:
  Num examples: 512  Num correct: 296  Precision @ 1: 0.5781  AUC @ 1: 0.6589
Step 7800: loss = 0.6440 (0.009 sec)
Training Data Eval:
  Num examples: 3456  Num correct: 2407  Precision @ 1: 0.6965  AUC @ 1: 0.7659
Validation Data Eval:
  Num examples: 256  Num correct: 164  Precision @ 1: 0.6406  AUC @ 1: 0.7231
Test Data Eval:
  Num examples: 512  Num correct: 304  Precision @ 1: 0.5938  AUC @ 1: 0.6643
Step 8000: loss = 0.6265 (0.010 sec)
Training Data Eval:
  Num examples: 3456  Num correct: 2446  Precision @ 1: 0.7078  AUC @ 1: 0.7838
Validation Data Eval:
  Num examples: 256  Num correct: 165  Precision @ 1: 0.6445  AUC @ 1: 0.7282
Test Data Eval:
  Num examples: 512  Num correct: 304  Precision @ 1: 0.5938  AUC @ 1: 0.6687
Step 8200: loss = 0.6079 (0.009 sec)
Training Data Eval:
  Num examples: 3456  Num correct: 2409  Precision @ 1: 0.6970  AUC @ 1: 0.7793
Validation Data Eval:
  Num examples: 256  Num correct: 164  Precision @ 1: 0.6406  AUC @ 1: 0.7327
Test Data Eval:
  Num examples: 512  Num correct: 306  Precision @ 1: 0.5977  AUC @ 1: 0.6716
Step 8400: loss = 0.6203 (0.010 sec)
Training Data Eval:
  Num examples: 3456  Num correct: 2423  Precision @ 1: 0.7011  AUC @ 1: 0.7866
Validation Data Eval:
  Num examples: 256  Num correct: 165  Precision @ 1: 0.6445  AUC @ 1: 0.7362
Test Data Eval:
  Num examples: 512  Num correct: 303  Precision @ 1: 0.5918  AUC @ 1: 0.6841
Step 8600: loss = 0.6165 (0.010 sec)
Training Data Eval:
  Num examples: 3456  Num correct: 2427  Precision @ 1: 0.7023  AUC @ 1: 0.7837
Validation Data Eval:
  Num examples: 256  Num correct: 166  Precision @ 1: 0.6484  AUC @ 1: 0.7403
Test Data Eval:
  Num examples: 512  Num correct: 300  Precision @ 1: 0.5859  AUC @ 1: 0.6864
Step 8800: loss = 0.6145 (0.011 sec)
Training Data Eval:
  Num examples: 3456  Num correct: 2477  Precision @ 1: 0.7167  AUC @ 1: 0.7939
Validation Data Eval:
  Num examples: 256  Num correct: 165  Precision @ 1: 0.6445  AUC @ 1: 0.7459
Test Data Eval:
  Num examples: 512  Num correct: 303  Precision @ 1: 0.5918  AUC @ 1: 0.6868
Step 9000: loss = 0.5798 (0.009 sec)
Training Data Eval:
  Num examples: 3456  Num correct: 2455  Precision @ 1: 0.7104  AUC @ 1: 0.7885
Validation Data Eval:
  Num examples: 256  Num correct: 166  Precision @ 1: 0.6484  AUC @ 1: 0.7483
Test Data Eval:
  Num examples: 512  Num correct: 306  Precision @ 1: 0.5977  AUC @ 1: 0.6943
Step 9200: loss = 0.5806 (0.010 sec)
Training Data Eval:
  Num examples: 3456  Num correct: 2475  Precision @ 1: 0.7161  AUC @ 1: 0.8005
Validation Data Eval:
  Num examples: 256  Num correct: 167  Precision @ 1: 0.6523  AUC @ 1: 0.7504
Test Data Eval:
  Num examples: 512  Num correct: 309  Precision @ 1: 0.6035  AUC @ 1: 0.6922
Step 9400: loss = 0.5580 (0.010 sec)
Training Data Eval:
  Num examples: 3456  Num correct: 2473  Precision @ 1: 0.7156  AUC @ 1: 0.8008
Validation Data Eval:
  Num examples: 256  Num correct: 166  Precision @ 1: 0.6484  AUC @ 1: 0.7548
Test Data Eval:
  Num examples: 512  Num correct: 310  Precision @ 1: 0.6055  AUC @ 1: 0.6975
Step 9600: loss = 0.6242 (0.009 sec)
Training Data Eval:
  Num examples: 3456  Num correct: 2538  Precision @ 1: 0.7344  AUC @ 1: 0.8133
Validation Data Eval:
  Num examples: 256  Num correct: 171  Precision @ 1: 0.6680  AUC @ 1: 0.7571
Test Data Eval:
  Num examples: 512  Num correct: 312  Precision @ 1: 0.6094  AUC @ 1: 0.6915
Step 9800: loss = 0.6199 (0.010 sec)
Training Data Eval:
  Num examples: 3456  Num correct: 2533  Precision @ 1: 0.7329  AUC @ 1: 0.8103
Validation Data Eval:
  Num examples: 256  Num correct: 170  Precision @ 1: 0.6641  AUC @ 1: 0.7611
Test Data Eval:
  Num examples: 512  Num correct: 318  Precision @ 1: 0.6211  AUC @ 1: 0.6987
