Training data shape: 	(4145, 64, 30, 2)
Training label shape:	(4145,)
Testing data shape:  	(190, 64, 30, 2)
Testing label shape: 	(190,)
max input value is: 3457.31
min input value is: -4872.95
random permuted training data
==============================================================================
Model: 			inference_global_s_cnn
Tensor Name: 	Placeholder:0
[128, 64, 30, 2]
==============================================================================
Tensor Name: conv1/conv1:0
[128, 1, 30, 8]
==============================================================================
Tensor Name: MaxPool:0
[128, 1, 15, 8]
==============================================================================
Tensor Name: local1/local1:0
[128, 128]
==============================================================================
Tensor Name: local2/local2:0
[128, 128]
==============================================================================
Tensor Name: softmax_linear/softmax_linear:0
[128, 2]
Step 0: loss = 0.7719 (0.036 sec)
Training Data Eval:
  Num examples: 3840  Num correct: 2141  Precision @ 1: 0.5576  AUC @ 1: 0.5420
Validation Data Eval:
  Num examples: 256  Num correct: 151  Precision @ 1: 0.5898  AUC @ 1: 0.4927
Test Data Eval:
  Num examples: 128  Num correct: 45  Precision @ 1: 0.3516  AUC @ 1: 0.1679
Step 200: loss = 0.7542 (0.013 sec)
Training Data Eval:
  Num examples: 3840  Num correct: 2185  Precision @ 1: 0.5690  AUC @ 1: 0.6158
Validation Data Eval:
  Num examples: 256  Num correct: 150  Precision @ 1: 0.5859  AUC @ 1: 0.5463
Test Data Eval:
  Num examples: 128  Num correct: 65  Precision @ 1: 0.5078  AUC @ 1: 0.5792
Step 400: loss = 0.7455 (0.014 sec)
Training Data Eval:
  Num examples: 3840  Num correct: 2354  Precision @ 1: 0.6130  AUC @ 1: 0.6728
Validation Data Eval:
  Num examples: 256  Num correct: 154  Precision @ 1: 0.6016  AUC @ 1: 0.5919
Test Data Eval:
  Num examples: 128  Num correct: 66  Precision @ 1: 0.5156  AUC @ 1: 0.5672
Step 600: loss = 0.7795 (0.050 sec)
Training Data Eval:
  Num examples: 3840  Num correct: 2552  Precision @ 1: 0.6646  AUC @ 1: 0.7170
Validation Data Eval:
  Num examples: 256  Num correct: 156  Precision @ 1: 0.6094  AUC @ 1: 0.6259
Test Data Eval:
  Num examples: 128  Num correct: 71  Precision @ 1: 0.5547  AUC @ 1: 0.6478
Step 800: loss = 0.7272 (0.014 sec)
Training Data Eval:
  Num examples: 3840  Num correct: 2640  Precision @ 1: 0.6875  AUC @ 1: 0.7569
Validation Data Eval:
  Num examples: 256  Num correct: 165  Precision @ 1: 0.6445  AUC @ 1: 0.6597
Test Data Eval:
  Num examples: 128  Num correct: 73  Precision @ 1: 0.5703  AUC @ 1: 0.5893
Step 1000: loss = 0.6822 (0.014 sec)
Training Data Eval:
  Num examples: 3840  Num correct: 2766  Precision @ 1: 0.7203  AUC @ 1: 0.7959
Validation Data Eval:
  Num examples: 256  Num correct: 168  Precision @ 1: 0.6562  AUC @ 1: 0.6908
Test Data Eval:
  Num examples: 128  Num correct: 77  Precision @ 1: 0.6016  AUC @ 1: 0.5770
Step 1200: loss = 0.6341 (0.046 sec)
Training Data Eval:
  Num examples: 3840  Num correct: 2792  Precision @ 1: 0.7271  AUC @ 1: 0.8037
Validation Data Eval:
  Num examples: 256  Num correct: 168  Precision @ 1: 0.6562  AUC @ 1: 0.6919
Test Data Eval:
  Num examples: 128  Num correct: 71  Precision @ 1: 0.5547  AUC @ 1: 0.5475
Step 1400: loss = 0.6148 (0.015 sec)
Training Data Eval:
  Num examples: 3840  Num correct: 2852  Precision @ 1: 0.7427  AUC @ 1: 0.8243
Validation Data Eval:
  Num examples: 256  Num correct: 170  Precision @ 1: 0.6641  AUC @ 1: 0.6933
Test Data Eval:
  Num examples: 128  Num correct: 78  Precision @ 1: 0.6094  AUC @ 1: 0.6086
Step 1600: loss = 0.5596 (0.013 sec)
Training Data Eval:
  Num examples: 3840  Num correct: 2923  Precision @ 1: 0.7612  AUC @ 1: 0.8424
Validation Data Eval:
  Num examples: 256  Num correct: 170  Precision @ 1: 0.6641  AUC @ 1: 0.6920
Test Data Eval:
  Num examples: 128  Num correct: 77  Precision @ 1: 0.6016  AUC @ 1: 0.5848
Step 1800: loss = 0.5974 (0.049 sec)
Training Data Eval:
  Num examples: 3840  Num correct: 2930  Precision @ 1: 0.7630  AUC @ 1: 0.8489
Validation Data Eval:
  Num examples: 256  Num correct: 170  Precision @ 1: 0.6641  AUC @ 1: 0.6942
Test Data Eval:
  Num examples: 128  Num correct: 73  Precision @ 1: 0.5703  AUC @ 1: 0.5502
Step 2000: loss = 0.5416 (0.014 sec)
Training Data Eval:
  Num examples: 3840  Num correct: 2973  Precision @ 1: 0.7742  AUC @ 1: 0.8631
Validation Data Eval:
  Num examples: 256  Num correct: 165  Precision @ 1: 0.6445  AUC @ 1: 0.6798
Test Data Eval:
  Num examples: 128  Num correct: 70  Precision @ 1: 0.5469  AUC @ 1: 0.5352
Step 2200: loss = 0.5723 (0.014 sec)
Training Data Eval:
  Num examples: 3840  Num correct: 3023  Precision @ 1: 0.7872  AUC @ 1: 0.8730
Validation Data Eval:
  Num examples: 256  Num correct: 162  Precision @ 1: 0.6328  AUC @ 1: 0.6734
Test Data Eval:
  Num examples: 128  Num correct: 76  Precision @ 1: 0.5938  AUC @ 1: 0.5448
Step 2400: loss = 0.5368 (0.045 sec)
Training Data Eval:
  Num examples: 3840  Num correct: 3015  Precision @ 1: 0.7852  AUC @ 1: 0.8764
Validation Data Eval:
  Num examples: 256  Num correct: 164  Precision @ 1: 0.6406  AUC @ 1: 0.6804
Test Data Eval:
  Num examples: 128  Num correct: 75  Precision @ 1: 0.5859  AUC @ 1: 0.5502
Step 2600: loss = 0.4903 (0.013 sec)
Training Data Eval:
  Num examples: 3840  Num correct: 3053  Precision @ 1: 0.7951  AUC @ 1: 0.8883
Validation Data Eval:
  Num examples: 256  Num correct: 161  Precision @ 1: 0.6289  AUC @ 1: 0.6652
Test Data Eval:
  Num examples: 128  Num correct: 77  Precision @ 1: 0.6016  AUC @ 1: 0.5070
Step 2800: loss = 0.5504 (0.013 sec)
Training Data Eval:
  Num examples: 3840  Num correct: 3089  Precision @ 1: 0.8044  AUC @ 1: 0.8941
Validation Data Eval:
  Num examples: 256  Num correct: 160  Precision @ 1: 0.6250  AUC @ 1: 0.6634
Test Data Eval:
  Num examples: 128  Num correct: 68  Precision @ 1: 0.5312  AUC @ 1: 0.5190
Step 3000: loss = 0.5763 (0.048 sec)
Training Data Eval:
  Num examples: 3840  Num correct: 3084  Precision @ 1: 0.8031  AUC @ 1: 0.8949
Validation Data Eval:
  Num examples: 256  Num correct: 162  Precision @ 1: 0.6328  AUC @ 1: 0.6647
Test Data Eval:
  Num examples: 128  Num correct: 67  Precision @ 1: 0.5234  AUC @ 1: 0.4608
Step 3200: loss = 0.4417 (0.012 sec)
Training Data Eval:
  Num examples: 3840  Num correct: 3095  Precision @ 1: 0.8060  AUC @ 1: 0.8993
Validation Data Eval:
  Num examples: 256  Num correct: 163  Precision @ 1: 0.6367  AUC @ 1: 0.6606
Test Data Eval:
  Num examples: 128  Num correct: 73  Precision @ 1: 0.5703  AUC @ 1: 0.5026
Step 3400: loss = 0.4925 (0.014 sec)
Training Data Eval:
  Num examples: 3840  Num correct: 3140  Precision @ 1: 0.8177  AUC @ 1: 0.9075
Validation Data Eval:
  Num examples: 256  Num correct: 157  Precision @ 1: 0.6133  AUC @ 1: 0.6667
Test Data Eval:
  Num examples: 128  Num correct: 72  Precision @ 1: 0.5625  AUC @ 1: 0.5263
Step 3600: loss = 0.5100 (0.045 sec)
Training Data Eval:
  Num examples: 3840  Num correct: 3142  Precision @ 1: 0.8182  AUC @ 1: 0.9093
Validation Data Eval:
  Num examples: 256  Num correct: 161  Precision @ 1: 0.6289  AUC @ 1: 0.6509
Test Data Eval:
  Num examples: 128  Num correct: 74  Precision @ 1: 0.5781  AUC @ 1: 0.5268
Step 3800: loss = 0.4495 (0.013 sec)
Training Data Eval:
  Num examples: 3840  Num correct: 3118  Precision @ 1: 0.8120  AUC @ 1: 0.9083
Validation Data Eval:
  Num examples: 256  Num correct: 162  Precision @ 1: 0.6328  AUC @ 1: 0.6506
Test Data Eval:
  Num examples: 128  Num correct: 77  Precision @ 1: 0.6016  AUC @ 1: 0.5554
Step 4000: loss = 0.3914 (0.015 sec)
Training Data Eval:
  Num examples: 3840  Num correct: 3178  Precision @ 1: 0.8276  AUC @ 1: 0.9198
Validation Data Eval:
  Num examples: 256  Num correct: 158  Precision @ 1: 0.6172  AUC @ 1: 0.6506
Test Data Eval:
  Num examples: 128  Num correct: 65  Precision @ 1: 0.5078  AUC @ 1: 0.4722
Step 4200: loss = 0.4762 (0.051 sec)
Training Data Eval:
  Num examples: 3840  Num correct: 3172  Precision @ 1: 0.8260  AUC @ 1: 0.9185
Validation Data Eval:
  Num examples: 256  Num correct: 162  Precision @ 1: 0.6328  AUC @ 1: 0.6564
Test Data Eval:
  Num examples: 128  Num correct: 76  Precision @ 1: 0.5938  AUC @ 1: 0.5286
Step 4400: loss = 0.4515 (0.013 sec)
Training Data Eval:
  Num examples: 3840  Num correct: 3178  Precision @ 1: 0.8276  AUC @ 1: 0.9212
Validation Data Eval:
  Num examples: 256  Num correct: 157  Precision @ 1: 0.6133  AUC @ 1: 0.6578
Test Data Eval:
  Num examples: 128  Num correct: 68  Precision @ 1: 0.5312  AUC @ 1: 0.4725
Step 4600: loss = 0.4234 (0.013 sec)
Training Data Eval:
  Num examples: 3840  Num correct: 3198  Precision @ 1: 0.8328  AUC @ 1: 0.9287
Validation Data Eval:
  Num examples: 256  Num correct: 157  Precision @ 1: 0.6133  AUC @ 1: 0.6447
Test Data Eval:
  Num examples: 128  Num correct: 73  Precision @ 1: 0.5703  AUC @ 1: 0.5139
Step 4800: loss = 0.4147 (0.050 sec)
Training Data Eval:
  Num examples: 3840  Num correct: 3197  Precision @ 1: 0.8326  AUC @ 1: 0.9255
Validation Data Eval:
  Num examples: 256  Num correct: 155  Precision @ 1: 0.6055  AUC @ 1: 0.6459
Test Data Eval:
  Num examples: 128  Num correct: 71  Precision @ 1: 0.5547  AUC @ 1: 0.4810
Step 5000: loss = 0.3989 (0.013 sec)
Training Data Eval:
  Num examples: 3840  Num correct: 3216  Precision @ 1: 0.8375  AUC @ 1: 0.9345
Validation Data Eval:
  Num examples: 256  Num correct: 155  Precision @ 1: 0.6055  AUC @ 1: 0.6410
Test Data Eval:
  Num examples: 128  Num correct: 67  Precision @ 1: 0.5234  AUC @ 1: 0.4976
Step 5200: loss = 0.3740 (0.014 sec)
Training Data Eval:
  Num examples: 3840  Num correct: 3221  Precision @ 1: 0.8388  AUC @ 1: 0.9353
Validation Data Eval:
  Num examples: 256  Num correct: 160  Precision @ 1: 0.6250  AUC @ 1: 0.6421
Test Data Eval:
  Num examples: 128  Num correct: 74  Precision @ 1: 0.5781  AUC @ 1: 0.4977
Step 5400: loss = 0.3870 (0.049 sec)
Training Data Eval:
  Num examples: 3840  Num correct: 3258  Precision @ 1: 0.8484  AUC @ 1: 0.9429
Validation Data Eval:
  Num examples: 256  Num correct: 157  Precision @ 1: 0.6133  AUC @ 1: 0.6404
Test Data Eval:
  Num examples: 128  Num correct: 78  Precision @ 1: 0.6094  AUC @ 1: 0.4941
Step 5600: loss = 0.4588 (0.014 sec)
Training Data Eval:
  Num examples: 3840  Num correct: 3227  Precision @ 1: 0.8404  AUC @ 1: 0.9396
Validation Data Eval:
  Num examples: 256  Num correct: 160  Precision @ 1: 0.6250  AUC @ 1: 0.6449
Test Data Eval:
  Num examples: 128  Num correct: 70  Precision @ 1: 0.5469  AUC @ 1: 0.4620
Step 5800: loss = 0.4276 (0.012 sec)
Training Data Eval:
  Num examples: 3840  Num correct: 3250  Precision @ 1: 0.8464  AUC @ 1: 0.9428
Validation Data Eval:
  Num examples: 256  Num correct: 159  Precision @ 1: 0.6211  AUC @ 1: 0.6415
Test Data Eval:
  Num examples: 128  Num correct: 70  Precision @ 1: 0.5469  AUC @ 1: 0.4737
Step 6000: loss = 0.4075 (0.047 sec)
Training Data Eval:
  Num examples: 3840  Num correct: 3266  Precision @ 1: 0.8505  AUC @ 1: 0.9458
Validation Data Eval:
  Num examples: 256  Num correct: 160  Precision @ 1: 0.6250  AUC @ 1: 0.6525
Test Data Eval:
  Num examples: 128  Num correct: 71  Precision @ 1: 0.5547  AUC @ 1: 0.4355
Step 6200: loss = 0.3640 (0.015 sec)
Training Data Eval:
  Num examples: 3840  Num correct: 3281  Precision @ 1: 0.8544  AUC @ 1: 0.9473
Validation Data Eval:
  Num examples: 256  Num correct: 161  Precision @ 1: 0.6289  AUC @ 1: 0.6519
Test Data Eval:
  Num examples: 128  Num correct: 78  Precision @ 1: 0.6094  AUC @ 1: 0.5331
Step 6400: loss = 0.3636 (0.013 sec)
Training Data Eval:
  Num examples: 3840  Num correct: 3287  Precision @ 1: 0.8560  AUC @ 1: 0.9489
Validation Data Eval:
  Num examples: 256  Num correct: 160  Precision @ 1: 0.6250  AUC @ 1: 0.6523
Test Data Eval:
  Num examples: 128  Num correct: 73  Precision @ 1: 0.5703  AUC @ 1: 0.4754
Step 6600: loss = 0.4063 (0.052 sec)
Training Data Eval:
  Num examples: 3840  Num correct: 3273  Precision @ 1: 0.8523  AUC @ 1: 0.9490
Validation Data Eval:
  Num examples: 256  Num correct: 163  Precision @ 1: 0.6367  AUC @ 1: 0.6550
Test Data Eval:
  Num examples: 128  Num correct: 76  Precision @ 1: 0.5938  AUC @ 1: 0.5441
Step 6800: loss = 0.3263 (0.011 sec)
Training Data Eval:
  Num examples: 3840  Num correct: 3317  Precision @ 1: 0.8638  AUC @ 1: 0.9550
Validation Data Eval:
  Num examples: 256  Num correct: 155  Precision @ 1: 0.6055  AUC @ 1: 0.6430
Test Data Eval:
  Num examples: 128  Num correct: 71  Precision @ 1: 0.5547  AUC @ 1: 0.4960
Step 7000: loss = 0.3203 (0.012 sec)
Training Data Eval:
  Num examples: 3840  Num correct: 3319  Precision @ 1: 0.8643  AUC @ 1: 0.9559
Validation Data Eval:
  Num examples: 256  Num correct: 158  Precision @ 1: 0.6172  AUC @ 1: 0.6541
Test Data Eval:
  Num examples: 128  Num correct: 74  Precision @ 1: 0.5781  AUC @ 1: 0.4554
Step 7200: loss = 0.3534 (0.053 sec)
Training Data Eval:
  Num examples: 3840  Num correct: 3317  Precision @ 1: 0.8638  AUC @ 1: 0.9573
Validation Data Eval:
  Num examples: 256  Num correct: 161  Precision @ 1: 0.6289  AUC @ 1: 0.6548
Test Data Eval:
  Num examples: 128  Num correct: 77  Precision @ 1: 0.6016  AUC @ 1: 0.4742
Step 7400: loss = 0.3328 (0.016 sec)
Training Data Eval:
  Num examples: 3840  Num correct: 3356  Precision @ 1: 0.8740  AUC @ 1: 0.9593
Validation Data Eval:
  Num examples: 256  Num correct: 159  Precision @ 1: 0.6211  AUC @ 1: 0.6503
Test Data Eval:
  Num examples: 128  Num correct: 75  Precision @ 1: 0.5859  AUC @ 1: 0.5025
Step 7600: loss = 0.3350 (0.014 sec)
Training Data Eval:
  Num examples: 3840  Num correct: 3368  Precision @ 1: 0.8771  AUC @ 1: 0.9621
Validation Data Eval:
  Num examples: 256  Num correct: 161  Precision @ 1: 0.6289  AUC @ 1: 0.6494
Test Data Eval:
  Num examples: 128  Num correct: 78  Precision @ 1: 0.6094  AUC @ 1: 0.5402
Step 7800: loss = 0.3385 (0.048 sec)
Training Data Eval:
  Num examples: 3840  Num correct: 3386  Precision @ 1: 0.8818  AUC @ 1: 0.9629
Validation Data Eval:
  Num examples: 256  Num correct: 159  Precision @ 1: 0.6211  AUC @ 1: 0.6524
Test Data Eval:
  Num examples: 128  Num correct: 73  Precision @ 1: 0.5703  AUC @ 1: 0.4195
Step 8000: loss = 0.3083 (0.014 sec)
Training Data Eval:
  Num examples: 3840  Num correct: 3402  Precision @ 1: 0.8859  AUC @ 1: 0.9656
Validation Data Eval:
  Num examples: 256  Num correct: 160  Precision @ 1: 0.6250  AUC @ 1: 0.6551
Test Data Eval:
  Num examples: 128  Num correct: 77  Precision @ 1: 0.6016  AUC @ 1: 0.5170
Step 8200: loss = 0.2986 (0.015 sec)
Training Data Eval:
  Num examples: 3840  Num correct: 3406  Precision @ 1: 0.8870  AUC @ 1: 0.9674
Validation Data Eval:
  Num examples: 256  Num correct: 161  Precision @ 1: 0.6289  AUC @ 1: 0.6515
Test Data Eval:
  Num examples: 128  Num correct: 69  Precision @ 1: 0.5391  AUC @ 1: 0.4192
Step 8400: loss = 0.3469 (0.047 sec)
Training Data Eval:
  Num examples: 3840  Num correct: 3420  Precision @ 1: 0.8906  AUC @ 1: 0.9677
Validation Data Eval:
  Num examples: 256  Num correct: 162  Precision @ 1: 0.6328  AUC @ 1: 0.6553
Test Data Eval:
  Num examples: 128  Num correct: 70  Precision @ 1: 0.5469  AUC @ 1: 0.4781
Step 8600: loss = 0.3705 (0.014 sec)
Training Data Eval:
  Num examples: 3840  Num correct: 3419  Precision @ 1: 0.8904  AUC @ 1: 0.9698
Validation Data Eval:
  Num examples: 256  Num correct: 159  Precision @ 1: 0.6211  AUC @ 1: 0.6493
Test Data Eval:
  Num examples: 128  Num correct: 70  Precision @ 1: 0.5469  AUC @ 1: 0.4506
Step 8800: loss = 0.3097 (0.013 sec)
Training Data Eval:
  Num examples: 3840  Num correct: 3439  Precision @ 1: 0.8956  AUC @ 1: 0.9708
Validation Data Eval:
  Num examples: 256  Num correct: 160  Precision @ 1: 0.6250  AUC @ 1: 0.6579
Test Data Eval:
  Num examples: 128  Num correct: 72  Precision @ 1: 0.5625  AUC @ 1: 0.5141
Step 9000: loss = 0.3137 (0.052 sec)
Training Data Eval:
  Num examples: 3840  Num correct: 3444  Precision @ 1: 0.8969  AUC @ 1: 0.9725
Validation Data Eval:
  Num examples: 256  Num correct: 162  Precision @ 1: 0.6328  AUC @ 1: 0.6517
Test Data Eval:
  Num examples: 128  Num correct: 69  Precision @ 1: 0.5391  AUC @ 1: 0.4392
Step 9200: loss = 0.3230 (0.013 sec)
Training Data Eval:
  Num examples: 3840  Num correct: 3445  Precision @ 1: 0.8971  AUC @ 1: 0.9724
Validation Data Eval:
  Num examples: 256  Num correct: 158  Precision @ 1: 0.6172  AUC @ 1: 0.6523
Test Data Eval:
  Num examples: 128  Num correct: 74  Precision @ 1: 0.5781  AUC @ 1: 0.4826
Step 9400: loss = 0.3425 (0.012 sec)
Training Data Eval:
  Num examples: 3840  Num correct: 3506  Precision @ 1: 0.9130  AUC @ 1: 0.9756
Validation Data Eval:
  Num examples: 256  Num correct: 162  Precision @ 1: 0.6328  AUC @ 1: 0.6645
Test Data Eval:
  Num examples: 128  Num correct: 71  Precision @ 1: 0.5547  AUC @ 1: 0.4933
Step 9600: loss = 0.3230 (0.056 sec)
Training Data Eval:
  Num examples: 3840  Num correct: 3523  Precision @ 1: 0.9174  AUC @ 1: 0.9778
Validation Data Eval:
  Num examples: 256  Num correct: 159  Precision @ 1: 0.6211  AUC @ 1: 0.6622
Test Data Eval:
  Num examples: 128  Num correct: 74  Precision @ 1: 0.5781  AUC @ 1: 0.4782
Step 9800: loss = 0.3140 (0.013 sec)
Training Data Eval:
  Num examples: 3840  Num correct: 3471  Precision @ 1: 0.9039  AUC @ 1: 0.9770
Validation Data Eval:
  Num examples: 256  Num correct: 162  Precision @ 1: 0.6328  AUC @ 1: 0.6565
Test Data Eval:
  Num examples: 128  Num correct: 78  Precision @ 1: 0.6094  AUC @ 1: 0.4876
