Training data shape: 	(4145, 64, 30, 1)
Training label shape:	(4145,)
Testing data shape:  	(190, 64, 30, 1)
Testing label shape: 	(190,)
max input value is: 14.3839135638
min input value is: -10.9262291682
random permuted training data
==============================================================================
Model: 			inference_global_s_cnn
Tensor Name: 	Placeholder:0
[128, 64, 30, 1]
==============================================================================
Tensor Name: conv1/conv1:0
[128, 1, 30, 8]
==============================================================================
Tensor Name: MaxPool:0
[128, 1, 15, 8]
==============================================================================
Tensor Name: local1/local1:0
[128, 128]
==============================================================================
Tensor Name: local2/local2:0
[128, 128]
==============================================================================
Tensor Name: softmax_linear/softmax_linear:0
[128, 2]
Step 0: loss = 0.7711 (0.032 sec)
Training Data Eval:
  Num examples: 3840  Num correct: 2224  Precision @ 1: 0.5792  AUC @ 1: 0.5606
Validation Data Eval:
  Num examples: 256  Num correct: 140  Precision @ 1: 0.5469  AUC @ 1: 0.5552
Test Data Eval:
  Num examples: 128  Num correct: 45  Precision @ 1: 0.3516  AUC @ 1: 0.5307
Step 200: loss = 0.7791 (0.010 sec)
Training Data Eval:
  Num examples: 3840  Num correct: 2142  Precision @ 1: 0.5578  AUC @ 1: 0.5921
Validation Data Eval:
  Num examples: 256  Num correct: 140  Precision @ 1: 0.5469  AUC @ 1: 0.5689
Test Data Eval:
  Num examples: 128  Num correct: 74  Precision @ 1: 0.5781  AUC @ 1: 0.6404
Step 400: loss = 0.7554 (0.009 sec)
Training Data Eval:
  Num examples: 3840  Num correct: 2177  Precision @ 1: 0.5669  AUC @ 1: 0.6008
Validation Data Eval:
  Num examples: 256  Num correct: 140  Precision @ 1: 0.5469  AUC @ 1: 0.5778
Test Data Eval:
  Num examples: 128  Num correct: 72  Precision @ 1: 0.5625  AUC @ 1: 0.6148
Step 600: loss = 0.7545 (0.045 sec)
Training Data Eval:
  Num examples: 3840  Num correct: 2152  Precision @ 1: 0.5604  AUC @ 1: 0.6106
Validation Data Eval:
  Num examples: 256  Num correct: 140  Precision @ 1: 0.5469  AUC @ 1: 0.5805
Test Data Eval:
  Num examples: 128  Num correct: 81  Precision @ 1: 0.6328  AUC @ 1: 0.6034
Step 800: loss = 0.7474 (0.011 sec)
Training Data Eval:
  Num examples: 3840  Num correct: 2177  Precision @ 1: 0.5669  AUC @ 1: 0.6151
Validation Data Eval:
  Num examples: 256  Num correct: 140  Precision @ 1: 0.5469  AUC @ 1: 0.5796
Test Data Eval:
  Num examples: 128  Num correct: 78  Precision @ 1: 0.6094  AUC @ 1: 0.6149
Step 1000: loss = 0.7364 (0.010 sec)
Training Data Eval:
  Num examples: 3840  Num correct: 2180  Precision @ 1: 0.5677  AUC @ 1: 0.6118
Validation Data Eval:
  Num examples: 256  Num correct: 140  Precision @ 1: 0.5469  AUC @ 1: 0.5764
Test Data Eval:
  Num examples: 128  Num correct: 74  Precision @ 1: 0.5781  AUC @ 1: 0.6732
Step 1200: loss = 0.7656 (0.048 sec)
Training Data Eval:
  Num examples: 3840  Num correct: 2191  Precision @ 1: 0.5706  AUC @ 1: 0.6199
Validation Data Eval:
  Num examples: 256  Num correct: 140  Precision @ 1: 0.5469  AUC @ 1: 0.5753
Test Data Eval:
  Num examples: 128  Num correct: 72  Precision @ 1: 0.5625  AUC @ 1: 0.6545
Step 1400: loss = 0.7678 (0.011 sec)
Training Data Eval:
  Num examples: 3840  Num correct: 2142  Precision @ 1: 0.5578  AUC @ 1: 0.6201
Validation Data Eval:
  Num examples: 256  Num correct: 140  Precision @ 1: 0.5469  AUC @ 1: 0.5752
Test Data Eval:
  Num examples: 128  Num correct: 73  Precision @ 1: 0.5703  AUC @ 1: 0.6366
Step 1600: loss = 0.7474 (0.011 sec)
Training Data Eval:
  Num examples: 3840  Num correct: 2176  Precision @ 1: 0.5667  AUC @ 1: 0.6152
Validation Data Eval:
  Num examples: 256  Num correct: 140  Precision @ 1: 0.5469  AUC @ 1: 0.5762
Test Data Eval:
  Num examples: 128  Num correct: 70  Precision @ 1: 0.5469  AUC @ 1: 0.6081
Step 1800: loss = 0.7611 (0.047 sec)
Training Data Eval:
  Num examples: 3840  Num correct: 2200  Precision @ 1: 0.5729  AUC @ 1: 0.6011
Validation Data Eval:
  Num examples: 256  Num correct: 140  Precision @ 1: 0.5469  AUC @ 1: 0.5755
Test Data Eval:
  Num examples: 128  Num correct: 79  Precision @ 1: 0.6172  AUC @ 1: 0.6306
Step 2000: loss = 0.7484 (0.010 sec)
Training Data Eval:
  Num examples: 3840  Num correct: 2193  Precision @ 1: 0.5711  AUC @ 1: 0.6199
Validation Data Eval:
  Num examples: 256  Num correct: 140  Precision @ 1: 0.5469  AUC @ 1: 0.5754
Test Data Eval:
  Num examples: 128  Num correct: 74  Precision @ 1: 0.5781  AUC @ 1: 0.6999
Step 2200: loss = 0.7259 (0.010 sec)
Training Data Eval:
  Num examples: 3840  Num correct: 2175  Precision @ 1: 0.5664  AUC @ 1: 0.6200
Validation Data Eval:
  Num examples: 256  Num correct: 140  Precision @ 1: 0.5469  AUC @ 1: 0.5755
Test Data Eval:
  Num examples: 128  Num correct: 76  Precision @ 1: 0.5938  AUC @ 1: 0.6579
Step 2400: loss = 0.7446 (0.050 sec)
Training Data Eval:
  Num examples: 3840  Num correct: 2161  Precision @ 1: 0.5628  AUC @ 1: 0.6304
Validation Data Eval:
  Num examples: 256  Num correct: 140  Precision @ 1: 0.5469  AUC @ 1: 0.5758
Test Data Eval:
  Num examples: 128  Num correct: 68  Precision @ 1: 0.5312  AUC @ 1: 0.6784
Step 2600: loss = 0.7249 (0.010 sec)
Training Data Eval:
  Num examples: 3840  Num correct: 2189  Precision @ 1: 0.5701  AUC @ 1: 0.6429
Validation Data Eval:
  Num examples: 256  Num correct: 140  Precision @ 1: 0.5469  AUC @ 1: 0.5747
Test Data Eval:
  Num examples: 128  Num correct: 67  Precision @ 1: 0.5234  AUC @ 1: 0.6787
Step 2800: loss = 0.7249 (0.011 sec)
Training Data Eval:
  Num examples: 3840  Num correct: 2179  Precision @ 1: 0.5674  AUC @ 1: 0.6338
Validation Data Eval:
  Num examples: 256  Num correct: 140  Precision @ 1: 0.5469  AUC @ 1: 0.5754
Test Data Eval:
  Num examples: 128  Num correct: 78  Precision @ 1: 0.6094  AUC @ 1: 0.6672
Step 3000: loss = 0.7199 (0.049 sec)
Training Data Eval:
  Num examples: 3840  Num correct: 2246  Precision @ 1: 0.5849  AUC @ 1: 0.6476
Validation Data Eval:
  Num examples: 256  Num correct: 142  Precision @ 1: 0.5547  AUC @ 1: 0.5768
Test Data Eval:
  Num examples: 128  Num correct: 72  Precision @ 1: 0.5625  AUC @ 1: 0.7180
Step 3200: loss = 0.6951 (0.010 sec)
Training Data Eval:
  Num examples: 3840  Num correct: 2213  Precision @ 1: 0.5763  AUC @ 1: 0.6489
Validation Data Eval:
  Num examples: 256  Num correct: 144  Precision @ 1: 0.5625  AUC @ 1: 0.5802
Test Data Eval:
  Num examples: 128  Num correct: 74  Precision @ 1: 0.5781  AUC @ 1: 0.6764
Step 3400: loss = 0.7057 (0.011 sec)
Training Data Eval:
  Num examples: 3840  Num correct: 2242  Precision @ 1: 0.5839  AUC @ 1: 0.6524
Validation Data Eval:
  Num examples: 256  Num correct: 143  Precision @ 1: 0.5586  AUC @ 1: 0.5839
Test Data Eval:
  Num examples: 128  Num correct: 72  Precision @ 1: 0.5625  AUC @ 1: 0.7354
Step 3600: loss = 0.7390 (0.049 sec)
Training Data Eval:
  Num examples: 3840  Num correct: 2260  Precision @ 1: 0.5885  AUC @ 1: 0.6489
Validation Data Eval:
  Num examples: 256  Num correct: 142  Precision @ 1: 0.5547  AUC @ 1: 0.5885
Test Data Eval:
  Num examples: 128  Num correct: 70  Precision @ 1: 0.5469  AUC @ 1: 0.7320
Step 3800: loss = 0.7348 (0.011 sec)
Training Data Eval:
  Num examples: 3840  Num correct: 2313  Precision @ 1: 0.6023  AUC @ 1: 0.6593
Validation Data Eval:
  Num examples: 256  Num correct: 142  Precision @ 1: 0.5547  AUC @ 1: 0.5921
Test Data Eval:
  Num examples: 128  Num correct: 74  Precision @ 1: 0.5781  AUC @ 1: 0.7110
Step 4000: loss = 0.6957 (0.010 sec)
Training Data Eval:
  Num examples: 3840  Num correct: 2304  Precision @ 1: 0.6000  AUC @ 1: 0.6718
Validation Data Eval:
  Num examples: 256  Num correct: 143  Precision @ 1: 0.5586  AUC @ 1: 0.5977
Test Data Eval:
  Num examples: 128  Num correct: 70  Precision @ 1: 0.5469  AUC @ 1: 0.6892
Step 4200: loss = 0.7389 (0.051 sec)
Training Data Eval:
  Num examples: 3840  Num correct: 2317  Precision @ 1: 0.6034  AUC @ 1: 0.6668
Validation Data Eval:
  Num examples: 256  Num correct: 145  Precision @ 1: 0.5664  AUC @ 1: 0.6011
Test Data Eval:
  Num examples: 128  Num correct: 76  Precision @ 1: 0.5938  AUC @ 1: 0.7197
Step 4400: loss = 0.6808 (0.011 sec)
Training Data Eval:
  Num examples: 3840  Num correct: 2340  Precision @ 1: 0.6094  AUC @ 1: 0.6672
Validation Data Eval:
  Num examples: 256  Num correct: 146  Precision @ 1: 0.5703  AUC @ 1: 0.6052
Test Data Eval:
  Num examples: 128  Num correct: 70  Precision @ 1: 0.5469  AUC @ 1: 0.6910
Step 4600: loss = 0.7101 (0.010 sec)
Training Data Eval:
  Num examples: 3840  Num correct: 2396  Precision @ 1: 0.6240  AUC @ 1: 0.6834
Validation Data Eval:
  Num examples: 256  Num correct: 144  Precision @ 1: 0.5625  AUC @ 1: 0.6082
Test Data Eval:
  Num examples: 128  Num correct: 68  Precision @ 1: 0.5312  AUC @ 1: 0.6532
Step 4800: loss = 0.7027 (0.044 sec)
Training Data Eval:
  Num examples: 3840  Num correct: 2397  Precision @ 1: 0.6242  AUC @ 1: 0.6898
Validation Data Eval:
  Num examples: 256  Num correct: 146  Precision @ 1: 0.5703  AUC @ 1: 0.6111
Test Data Eval:
  Num examples: 128  Num correct: 72  Precision @ 1: 0.5625  AUC @ 1: 0.6886
Step 5000: loss = 0.6655 (0.011 sec)
Training Data Eval:
  Num examples: 3840  Num correct: 2382  Precision @ 1: 0.6203  AUC @ 1: 0.6835
Validation Data Eval:
  Num examples: 256  Num correct: 146  Precision @ 1: 0.5703  AUC @ 1: 0.6145
Test Data Eval:
  Num examples: 128  Num correct: 75  Precision @ 1: 0.5859  AUC @ 1: 0.6576
Step 5200: loss = 0.6815 (0.010 sec)
Training Data Eval:
  Num examples: 3840  Num correct: 2425  Precision @ 1: 0.6315  AUC @ 1: 0.6962
Validation Data Eval:
  Num examples: 256  Num correct: 150  Precision @ 1: 0.5859  AUC @ 1: 0.6185
Test Data Eval:
  Num examples: 128  Num correct: 74  Precision @ 1: 0.5781  AUC @ 1: 0.7156
Step 5400: loss = 0.7012 (0.047 sec)
Training Data Eval:
  Num examples: 3840  Num correct: 2483  Precision @ 1: 0.6466  AUC @ 1: 0.7115
Validation Data Eval:
  Num examples: 256  Num correct: 152  Precision @ 1: 0.5938  AUC @ 1: 0.6244
Test Data Eval:
  Num examples: 128  Num correct: 76  Precision @ 1: 0.5938  AUC @ 1: 0.7008
Step 5600: loss = 0.6980 (0.010 sec)
Training Data Eval:
  Num examples: 3840  Num correct: 2461  Precision @ 1: 0.6409  AUC @ 1: 0.7039
Validation Data Eval:
  Num examples: 256  Num correct: 153  Precision @ 1: 0.5977  AUC @ 1: 0.6333
Test Data Eval:
  Num examples: 128  Num correct: 73  Precision @ 1: 0.5703  AUC @ 1: 0.6721
Step 5800: loss = 0.6794 (0.010 sec)
Training Data Eval:
  Num examples: 3840  Num correct: 2489  Precision @ 1: 0.6482  AUC @ 1: 0.7151
Validation Data Eval:
  Num examples: 256  Num correct: 158  Precision @ 1: 0.6172  AUC @ 1: 0.6429
Test Data Eval:
  Num examples: 128  Num correct: 72  Precision @ 1: 0.5625  AUC @ 1: 0.7080
Step 6000: loss = 0.6977 (0.046 sec)
Training Data Eval:
  Num examples: 3840  Num correct: 2498  Precision @ 1: 0.6505  AUC @ 1: 0.7207
Validation Data Eval:
  Num examples: 256  Num correct: 153  Precision @ 1: 0.5977  AUC @ 1: 0.6506
Test Data Eval:
  Num examples: 128  Num correct: 74  Precision @ 1: 0.5781  AUC @ 1: 0.7190
Step 6200: loss = 0.6647 (0.011 sec)
Training Data Eval:
  Num examples: 3840  Num correct: 2556  Precision @ 1: 0.6656  AUC @ 1: 0.7401
Validation Data Eval:
  Num examples: 256  Num correct: 158  Precision @ 1: 0.6172  AUC @ 1: 0.6586
Test Data Eval:
  Num examples: 128  Num correct: 76  Precision @ 1: 0.5938  AUC @ 1: 0.7154
Step 6400: loss = 0.6910 (0.011 sec)
Training Data Eval:
  Num examples: 3840  Num correct: 2546  Precision @ 1: 0.6630  AUC @ 1: 0.7308
Validation Data Eval:
  Num examples: 256  Num correct: 160  Precision @ 1: 0.6250  AUC @ 1: 0.6643
Test Data Eval:
  Num examples: 128  Num correct: 80  Precision @ 1: 0.6250  AUC @ 1: 0.7135
Step 6600: loss = 0.6874 (0.048 sec)
Training Data Eval:
  Num examples: 3840  Num correct: 2538  Precision @ 1: 0.6609  AUC @ 1: 0.7321
Validation Data Eval:
  Num examples: 256  Num correct: 161  Precision @ 1: 0.6289  AUC @ 1: 0.6730
Test Data Eval:
  Num examples: 128  Num correct: 78  Precision @ 1: 0.6094  AUC @ 1: 0.7460
Step 6800: loss = 0.6823 (0.010 sec)
Training Data Eval:
  Num examples: 3840  Num correct: 2547  Precision @ 1: 0.6633  AUC @ 1: 0.7345
Validation Data Eval:
  Num examples: 256  Num correct: 162  Precision @ 1: 0.6328  AUC @ 1: 0.6798
Test Data Eval:
  Num examples: 128  Num correct: 77  Precision @ 1: 0.6016  AUC @ 1: 0.7208
Step 7000: loss = 0.6130 (0.010 sec)
Training Data Eval:
  Num examples: 3840  Num correct: 2594  Precision @ 1: 0.6755  AUC @ 1: 0.7444
Validation Data Eval:
  Num examples: 256  Num correct: 161  Precision @ 1: 0.6289  AUC @ 1: 0.6863
Test Data Eval:
  Num examples: 128  Num correct: 83  Precision @ 1: 0.6484  AUC @ 1: 0.8016
Step 7200: loss = 0.6382 (0.046 sec)
Training Data Eval:
  Num examples: 3840  Num correct: 2604  Precision @ 1: 0.6781  AUC @ 1: 0.7507
Validation Data Eval:
  Num examples: 256  Num correct: 162  Precision @ 1: 0.6328  AUC @ 1: 0.6914
Test Data Eval:
  Num examples: 128  Num correct: 86  Precision @ 1: 0.6719  AUC @ 1: 0.7734
Step 7400: loss = 0.6480 (0.010 sec)
Training Data Eval:
  Num examples: 3840  Num correct: 2558  Precision @ 1: 0.6661  AUC @ 1: 0.7407
Validation Data Eval:
  Num examples: 256  Num correct: 163  Precision @ 1: 0.6367  AUC @ 1: 0.6964
Test Data Eval:
  Num examples: 128  Num correct: 79  Precision @ 1: 0.6172  AUC @ 1: 0.7548
Step 7600: loss = 0.6500 (0.009 sec)
Training Data Eval:
  Num examples: 3840  Num correct: 2621  Precision @ 1: 0.6826  AUC @ 1: 0.7544
Validation Data Eval:
  Num examples: 256  Num correct: 164  Precision @ 1: 0.6406  AUC @ 1: 0.7011
Test Data Eval:
  Num examples: 128  Num correct: 81  Precision @ 1: 0.6328  AUC @ 1: 0.7862
Step 7800: loss = 0.6493 (0.047 sec)
Training Data Eval:
  Num examples: 3840  Num correct: 2615  Precision @ 1: 0.6810  AUC @ 1: 0.7532
Validation Data Eval:
  Num examples: 256  Num correct: 165  Precision @ 1: 0.6445  AUC @ 1: 0.7064
Test Data Eval:
  Num examples: 128  Num correct: 89  Precision @ 1: 0.6953  AUC @ 1: 0.8185
Step 8000: loss = 0.6044 (0.011 sec)
Training Data Eval:
  Num examples: 3840  Num correct: 2629  Precision @ 1: 0.6846  AUC @ 1: 0.7607
Validation Data Eval:
  Num examples: 256  Num correct: 165  Precision @ 1: 0.6445  AUC @ 1: 0.7098
Test Data Eval:
  Num examples: 128  Num correct: 85  Precision @ 1: 0.6641  AUC @ 1: 0.7679
Step 8200: loss = 0.6524 (0.010 sec)
Training Data Eval:
  Num examples: 3840  Num correct: 2655  Precision @ 1: 0.6914  AUC @ 1: 0.7672
Validation Data Eval:
  Num examples: 256  Num correct: 165  Precision @ 1: 0.6445  AUC @ 1: 0.7136
Test Data Eval:
  Num examples: 128  Num correct: 92  Precision @ 1: 0.7188  AUC @ 1: 0.8143
Step 8400: loss = 0.6408 (0.044 sec)
Training Data Eval:
  Num examples: 3840  Num correct: 2638  Precision @ 1: 0.6870  AUC @ 1: 0.7651
Validation Data Eval:
  Num examples: 256  Num correct: 162  Precision @ 1: 0.6328  AUC @ 1: 0.7193
Test Data Eval:
  Num examples: 128  Num correct: 89  Precision @ 1: 0.6953  AUC @ 1: 0.7854
Step 8600: loss = 0.6202 (0.011 sec)
Training Data Eval:
  Num examples: 3840  Num correct: 2665  Precision @ 1: 0.6940  AUC @ 1: 0.7693
Validation Data Eval:
  Num examples: 256  Num correct: 164  Precision @ 1: 0.6406  AUC @ 1: 0.7220
Test Data Eval:
  Num examples: 128  Num correct: 87  Precision @ 1: 0.6797  AUC @ 1: 0.8118
Step 8800: loss = 0.5986 (0.010 sec)
Training Data Eval:
  Num examples: 3840  Num correct: 2673  Precision @ 1: 0.6961  AUC @ 1: 0.7754
Validation Data Eval:
  Num examples: 256  Num correct: 164  Precision @ 1: 0.6406  AUC @ 1: 0.7265
Test Data Eval:
  Num examples: 128  Num correct: 92  Precision @ 1: 0.7188  AUC @ 1: 0.8205
Step 9000: loss = 0.5838 (0.044 sec)
Training Data Eval:
  Num examples: 3840  Num correct: 2666  Precision @ 1: 0.6943  AUC @ 1: 0.7780
Validation Data Eval:
  Num examples: 256  Num correct: 166  Precision @ 1: 0.6484  AUC @ 1: 0.7310
Test Data Eval:
  Num examples: 128  Num correct: 90  Precision @ 1: 0.7031  AUC @ 1: 0.8418
Step 9200: loss = 0.5922 (0.011 sec)
Training Data Eval:
  Num examples: 3840  Num correct: 2672  Precision @ 1: 0.6958  AUC @ 1: 0.7754
Validation Data Eval:
  Num examples: 256  Num correct: 166  Precision @ 1: 0.6484  AUC @ 1: 0.7343
Test Data Eval:
  Num examples: 128  Num correct: 88  Precision @ 1: 0.6875  AUC @ 1: 0.7610
Step 9400: loss = 0.6345 (0.010 sec)
Training Data Eval:
  Num examples: 3840  Num correct: 2691  Precision @ 1: 0.7008  AUC @ 1: 0.7831
Validation Data Eval:
  Num examples: 256  Num correct: 167  Precision @ 1: 0.6523  AUC @ 1: 0.7362
Test Data Eval:
  Num examples: 128  Num correct: 91  Precision @ 1: 0.7109  AUC @ 1: 0.8368
Step 9600: loss = 0.6313 (0.048 sec)
Training Data Eval:
  Num examples: 3840  Num correct: 2678  Precision @ 1: 0.6974  AUC @ 1: 0.7817
Validation Data Eval:
  Num examples: 256  Num correct: 168  Precision @ 1: 0.6562  AUC @ 1: 0.7390
Test Data Eval:
  Num examples: 128  Num correct: 83  Precision @ 1: 0.6484  AUC @ 1: 0.7656
Step 9800: loss = 0.6003 (0.009 sec)
Training Data Eval:
  Num examples: 3840  Num correct: 2673  Precision @ 1: 0.6961  AUC @ 1: 0.7804
Validation Data Eval:
  Num examples: 256  Num correct: 167  Precision @ 1: 0.6523  AUC @ 1: 0.7417
Test Data Eval:
  Num examples: 128  Num correct: 90  Precision @ 1: 0.7031  AUC @ 1: 0.8065
