Training data shape: 	(10000, 64, 64, 1)
Training label shape:	(10000,)
Testing data shape:  	(1910, 64, 64, 1)
Testing label shape: 	(1910,)
max input value is: 153.458
min input value is: -104.189
random permuted training data
==============================================================================
Model: 			inference_roicnn
Tensor Name: 	Placeholder:0
[64, 64, 64, 1]
==============================================================================
Tensor Name: concat_64:0
[64, 320, 64, 1]
==============================================================================
Tensor Name: concat_129:0
[64, 320, 320, 1]
==============================================================================
Tensor Name: conv0/conv0:0
[64, 64, 64, 16]
==============================================================================
Tensor Name: concat_162:0
[64, 64, 64, 16]
==============================================================================
Tensor Name: MaxPool:0
[64, 32, 32, 16]
==============================================================================
Tensor Name: local1/local1:0
[64, 128]
==============================================================================
Tensor Name: local2/local2:0
[64, 128]
==============================================================================
Tensor Name: softmax_linear/softmax_linear:0
[64, 2]
Step 0: loss = 5.9198 (0.400 sec)
Training Data Eval:
  Num examples: 8960  Num correct: 5007  Precision @ 1: 0.5588  AUC @ 1: 0.5677
Validation Data Eval:
  Num examples: 960  Num correct: 525  Precision @ 1: 0.5469  AUC @ 1: 0.5932
Test Data Eval:
  Num examples: 1856  Num correct: 1064  Precision @ 1: 0.5733  AUC @ 1: 0.5588
Step 100: loss = 5.9266 (0.359 sec)
Training Data Eval:
  Num examples: 8960  Num correct: 4980  Precision @ 1: 0.5558  AUC @ 1: 0.5636
Validation Data Eval:
  Num examples: 960  Num correct: 529  Precision @ 1: 0.5510  AUC @ 1: 0.5972
Test Data Eval:
  Num examples: 1856  Num correct: 1070  Precision @ 1: 0.5765  AUC @ 1: 0.5572
Step 200: loss = 5.9155 (0.352 sec)
Training Data Eval:
  Num examples: 8960  Num correct: 5016  Precision @ 1: 0.5598  AUC @ 1: 0.5566
Validation Data Eval:
  Num examples: 960  Num correct: 528  Precision @ 1: 0.5500  AUC @ 1: 0.5931
Test Data Eval:
  Num examples: 1856  Num correct: 1075  Precision @ 1: 0.5792  AUC @ 1: 0.5547
Step 300: loss = 5.9315 (0.371 sec)
Training Data Eval:
  Num examples: 8960  Num correct: 5007  Precision @ 1: 0.5588  AUC @ 1: 0.5655
Validation Data Eval:
  Num examples: 960  Num correct: 522  Precision @ 1: 0.5437  AUC @ 1: 0.5848
Test Data Eval:
  Num examples: 1856  Num correct: 1072  Precision @ 1: 0.5776  AUC @ 1: 0.5554
Step 400: loss = 5.9253 (0.358 sec)
Training Data Eval:
  Num examples: 8960  Num correct: 4944  Precision @ 1: 0.5518  AUC @ 1: 0.5704
Validation Data Eval:
  Num examples: 960  Num correct: 528  Precision @ 1: 0.5500  AUC @ 1: 0.5938
Test Data Eval:
  Num examples: 1856  Num correct: 1071  Precision @ 1: 0.5770  AUC @ 1: 0.5588
Step 500: loss = 5.9193 (0.376 sec)
Training Data Eval:
  Num examples: 8960  Num correct: 5026  Precision @ 1: 0.5609  AUC @ 1: 0.5648
Validation Data Eval:
  Num examples: 960  Num correct: 523  Precision @ 1: 0.5448  AUC @ 1: 0.5994
Test Data Eval:
  Num examples: 1856  Num correct: 1079  Precision @ 1: 0.5814  AUC @ 1: 0.5554
Step 600: loss = 5.9398 (0.366 sec)
Training Data Eval:
  Num examples: 8960  Num correct: 5013  Precision @ 1: 0.5595  AUC @ 1: 0.5640
Validation Data Eval:
  Num examples: 960  Num correct: 530  Precision @ 1: 0.5521  AUC @ 1: 0.5942
Test Data Eval:
  Num examples: 1856  Num correct: 1074  Precision @ 1: 0.5787  AUC @ 1: 0.5565
Step 700: loss = 5.9279 (0.485 sec)
Training Data Eval:
  Num examples: 8960  Num correct: 5045  Precision @ 1: 0.5631  AUC @ 1: 0.5634
Validation Data Eval:
  Num examples: 960  Num correct: 531  Precision @ 1: 0.5531  AUC @ 1: 0.5926
Test Data Eval:
  Num examples: 1856  Num correct: 1074  Precision @ 1: 0.5787  AUC @ 1: 0.5555
Step 800: loss = 5.9343 (0.370 sec)
Training Data Eval:
  Num examples: 8960  Num correct: 4974  Precision @ 1: 0.5551  AUC @ 1: 0.5594
Validation Data Eval:
  Num examples: 960  Num correct: 526  Precision @ 1: 0.5479  AUC @ 1: 0.5922
Test Data Eval:
  Num examples: 1856  Num correct: 1075  Precision @ 1: 0.5792  AUC @ 1: 0.5584
Step 900: loss = 5.9170 (0.366 sec)
Training Data Eval:
  Num examples: 8960  Num correct: 4987  Precision @ 1: 0.5566  AUC @ 1: 0.5582
Validation Data Eval:
  Num examples: 960  Num correct: 530  Precision @ 1: 0.5521  AUC @ 1: 0.5894
Test Data Eval:
  Num examples: 1856  Num correct: 1070  Precision @ 1: 0.5765  AUC @ 1: 0.5548
Step 1000: loss = 5.9217 (0.355 sec)
Training Data Eval:
  Num examples: 8960  Num correct: 5002  Precision @ 1: 0.5583  AUC @ 1: 0.5577
Validation Data Eval:
  Num examples: 960  Num correct: 531  Precision @ 1: 0.5531  AUC @ 1: 0.5967
Test Data Eval:
  Num examples: 1856  Num correct: 1070  Precision @ 1: 0.5765  AUC @ 1: 0.5542
Step 1100: loss = 5.9153 (0.370 sec)
Training Data Eval:
  Num examples: 8960  Num correct: 5026  Precision @ 1: 0.5609  AUC @ 1: 0.5507
Validation Data Eval:
  Num examples: 960  Num correct: 530  Precision @ 1: 0.5521  AUC @ 1: 0.5957
Test Data Eval:
  Num examples: 1856  Num correct: 1077  Precision @ 1: 0.5803  AUC @ 1: 0.5527
Step 1200: loss = 5.9249 (0.363 sec)
Training Data Eval:
  Num examples: 8960  Num correct: 5006  Precision @ 1: 0.5587  AUC @ 1: 0.5687
Validation Data Eval:
  Num examples: 960  Num correct: 528  Precision @ 1: 0.5500  AUC @ 1: 0.5927
Test Data Eval:
  Num examples: 1856  Num correct: 1072  Precision @ 1: 0.5776  AUC @ 1: 0.5574
Step 1300: loss = 5.9170 (0.376 sec)
Training Data Eval:
  Num examples: 8960  Num correct: 5007  Precision @ 1: 0.5588  AUC @ 1: 0.5652
Validation Data Eval:
  Num examples: 960  Num correct: 532  Precision @ 1: 0.5542  AUC @ 1: 0.5968
Test Data Eval:
  Num examples: 1856  Num correct: 1071  Precision @ 1: 0.5770  AUC @ 1: 0.5565
Step 1400: loss = 5.9250 (0.445 sec)
Training Data Eval:
  Num examples: 8960  Num correct: 5002  Precision @ 1: 0.5583  AUC @ 1: 0.5657
Validation Data Eval:
  Num examples: 960  Num correct: 525  Precision @ 1: 0.5469  AUC @ 1: 0.5948
Test Data Eval:
  Num examples: 1856  Num correct: 1081  Precision @ 1: 0.5824  AUC @ 1: 0.5579
Step 1500: loss = 5.9299 (0.362 sec)
Training Data Eval:
  Num examples: 8960  Num correct: 4977  Precision @ 1: 0.5555  AUC @ 1: 0.5701
Validation Data Eval:
  Num examples: 960  Num correct: 527  Precision @ 1: 0.5490  AUC @ 1: 0.5930
Test Data Eval:
  Num examples: 1856  Num correct: 1072  Precision @ 1: 0.5776  AUC @ 1: 0.5560
Step 1600: loss = 5.9225 (0.354 sec)
Training Data Eval:
  Num examples: 8960  Num correct: 4998  Precision @ 1: 0.5578  AUC @ 1: 0.5609
Validation Data Eval:
  Num examples: 960  Num correct: 530  Precision @ 1: 0.5521  AUC @ 1: 0.5909
Test Data Eval:
  Num examples: 1856  Num correct: 1068  Precision @ 1: 0.5754  AUC @ 1: 0.5571
Step 1700: loss = 5.9267 (0.349 sec)
Training Data Eval:
  Num examples: 8960  Num correct: 5056  Precision @ 1: 0.5643  AUC @ 1: 0.5679
Validation Data Eval:
  Num examples: 960  Num correct: 530  Precision @ 1: 0.5521  AUC @ 1: 0.5934
Test Data Eval:
  Num examples: 1856  Num correct: 1072  Precision @ 1: 0.5776  AUC @ 1: 0.5572
Step 1800: loss = 5.9246 (0.357 sec)
Training Data Eval:
  Num examples: 8960  Num correct: 4989  Precision @ 1: 0.5568  AUC @ 1: 0.5654
Validation Data Eval:
  Num examples: 960  Num correct: 534  Precision @ 1: 0.5563  AUC @ 1: 0.5942
Test Data Eval:
  Num examples: 1856  Num correct: 1074  Precision @ 1: 0.5787  AUC @ 1: 0.5553
Step 1900: loss = 5.9194 (0.364 sec)
Training Data Eval:
  Num examples: 8960  Num correct: 4951  Precision @ 1: 0.5526  AUC @ 1: 0.5685
Validation Data Eval:
  Num examples: 960  Num correct: 530  Precision @ 1: 0.5521  AUC @ 1: 0.5969
Test Data Eval:
  Num examples: 1856  Num correct: 1070  Precision @ 1: 0.5765  AUC @ 1: 0.5573
Step 2000: loss = 5.9230 (0.362 sec)
Training Data Eval:
  Num examples: 8960  Num correct: 5010  Precision @ 1: 0.5592  AUC @ 1: 0.5644
Validation Data Eval:
  Num examples: 960  Num correct: 526  Precision @ 1: 0.5479  AUC @ 1: 0.6025
Test Data Eval:
  Num examples: 1856  Num correct: 1074  Precision @ 1: 0.5787  AUC @ 1: 0.5559
Step 2100: loss = 5.9197 (0.455 sec)
Training Data Eval:
  Num examples: 8960  Num correct: 5013  Precision @ 1: 0.5595  AUC @ 1: 0.5653
Validation Data Eval:
  Num examples: 960  Num correct: 527  Precision @ 1: 0.5490  AUC @ 1: 0.5886
Test Data Eval:
  Num examples: 1856  Num correct: 1073  Precision @ 1: 0.5781  AUC @ 1: 0.5532
Step 2200: loss = 5.9213 (0.382 sec)
Training Data Eval:
  Num examples: 8960  Num correct: 4975  Precision @ 1: 0.5552  AUC @ 1: 0.5737
Validation Data Eval:
  Num examples: 960  Num correct: 526  Precision @ 1: 0.5479  AUC @ 1: 0.5943
Test Data Eval:
  Num examples: 1856  Num correct: 1072  Precision @ 1: 0.5776  AUC @ 1: 0.5589
Step 2300: loss = 5.9222 (0.344 sec)
Training Data Eval:
  Num examples: 8960  Num correct: 5022  Precision @ 1: 0.5605  AUC @ 1: 0.5653
Validation Data Eval:
  Num examples: 960  Num correct: 530  Precision @ 1: 0.5521  AUC @ 1: 0.5950
Test Data Eval:
  Num examples: 1856  Num correct: 1074  Precision @ 1: 0.5787  AUC @ 1: 0.5546
Step 2400: loss = 5.9198 (0.377 sec)
Training Data Eval:
  Num examples: 8960  Num correct: 4986  Precision @ 1: 0.5565  AUC @ 1: 0.5675
Validation Data Eval:
  Num examples: 960  Num correct: 531  Precision @ 1: 0.5531  AUC @ 1: 0.5937
Test Data Eval:
  Num examples: 1856  Num correct: 1079  Precision @ 1: 0.5814  AUC @ 1: 0.5569
Step 2500: loss = 5.9195 (0.367 sec)
Training Data Eval:
  Num examples: 8960  Num correct: 5026  Precision @ 1: 0.5609  AUC @ 1: 0.5546
Validation Data Eval:
  Num examples: 960  Num correct: 532  Precision @ 1: 0.5542  AUC @ 1: 0.5906
Test Data Eval:
  Num examples: 1856  Num correct: 1065  Precision @ 1: 0.5738  AUC @ 1: 0.5554
Step 2600: loss = 5.9263 (0.359 sec)
Training Data Eval:
  Num examples: 8960  Num correct: 4990  Precision @ 1: 0.5569  AUC @ 1: 0.5625
Validation Data Eval:
  Num examples: 960  Num correct: 528  Precision @ 1: 0.5500  AUC @ 1: 0.5909
Test Data Eval:
  Num examples: 1856  Num correct: 1080  Precision @ 1: 0.5819  AUC @ 1: 0.5538
Step 2700: loss = 5.9240 (0.366 sec)
Training Data Eval:
  Num examples: 8960  Num correct: 5007  Precision @ 1: 0.5588  AUC @ 1: 0.5643
Validation Data Eval:
  Num examples: 960  Num correct: 526  Precision @ 1: 0.5479  AUC @ 1: 0.5937
Test Data Eval:
  Num examples: 1856  Num correct: 1066  Precision @ 1: 0.5744  AUC @ 1: 0.5574
Step 2800: loss = 5.9314 (0.433 sec)
Training Data Eval:
  Num examples: 8960  Num correct: 5025  Precision @ 1: 0.5608  AUC @ 1: 0.5596
Validation Data Eval:
  Num examples: 960  Num correct: 527  Precision @ 1: 0.5490  AUC @ 1: 0.5901
Test Data Eval:
  Num examples: 1856  Num correct: 1074  Precision @ 1: 0.5787  AUC @ 1: 0.5539
Step 2900: loss = 5.9141 (0.361 sec)
Training Data Eval:
  Num examples: 8960  Num correct: 4954  Precision @ 1: 0.5529  AUC @ 1: 0.5604
Validation Data Eval:
  Num examples: 960  Num correct: 530  Precision @ 1: 0.5521  AUC @ 1: 0.5928
Test Data Eval:
  Num examples: 1856  Num correct: 1070  Precision @ 1: 0.5765  AUC @ 1: 0.5553
Step 3000: loss = 5.9238 (0.368 sec)
Training Data Eval:
  Num examples: 8960  Num correct: 4994  Precision @ 1: 0.5574  AUC @ 1: 0.5615
Validation Data Eval:
  Num examples: 960  Num correct: 531  Precision @ 1: 0.5531  AUC @ 1: 0.5940
Test Data Eval:
  Num examples: 1856  Num correct: 1075  Precision @ 1: 0.5792  AUC @ 1: 0.5552
Step 3100: loss = 5.9164 (0.357 sec)
Training Data Eval:
  Num examples: 8960  Num correct: 4999  Precision @ 1: 0.5579  AUC @ 1: 0.5658
Validation Data Eval:
  Num examples: 960  Num correct: 530  Precision @ 1: 0.5521  AUC @ 1: 0.5851
Test Data Eval:
  Num examples: 1856  Num correct: 1067  Precision @ 1: 0.5749  AUC @ 1: 0.5554
Step 3200: loss = 5.9216 (0.374 sec)
Training Data Eval:
  Num examples: 8960  Num correct: 4960  Precision @ 1: 0.5536  AUC @ 1: 0.5636
Validation Data Eval:
  Num examples: 960  Num correct: 528  Precision @ 1: 0.5500  AUC @ 1: 0.5976
Test Data Eval:
  Num examples: 1856  Num correct: 1075  Precision @ 1: 0.5792  AUC @ 1: 0.5541
Step 3300: loss = 5.9264 (0.354 sec)
Training Data Eval:
  Num examples: 8960  Num correct: 5008  Precision @ 1: 0.5589  AUC @ 1: 0.5586
Validation Data Eval:
  Num examples: 960  Num correct: 529  Precision @ 1: 0.5510  AUC @ 1: 0.5968
Test Data Eval:
  Num examples: 1856  Num correct: 1067  Precision @ 1: 0.5749  AUC @ 1: 0.5557
Step 3400: loss = 5.9198 (0.357 sec)
Training Data Eval:
  Num examples: 8960  Num correct: 5007  Precision @ 1: 0.5588  AUC @ 1: 0.5652
Validation Data Eval:
  Num examples: 960  Num correct: 527  Precision @ 1: 0.5490  AUC @ 1: 0.5952
Test Data Eval:
  Num examples: 1856  Num correct: 1071  Precision @ 1: 0.5770  AUC @ 1: 0.5578
Step 3500: loss = 5.9210 (0.434 sec)
Training Data Eval:
  Num examples: 8960  Num correct: 5004  Precision @ 1: 0.5585  AUC @ 1: 0.5633
Validation Data Eval:
  Num examples: 960  Num correct: 530  Precision @ 1: 0.5521  AUC @ 1: 0.5931
Test Data Eval:
  Num examples: 1856  Num correct: 1077  Precision @ 1: 0.5803  AUC @ 1: 0.5559
Step 3600: loss = 5.9317 (0.363 sec)
Training Data Eval:
  Num examples: 8960  Num correct: 4913  Precision @ 1: 0.5483  AUC @ 1: 0.5663
Validation Data Eval:
  Num examples: 960  Num correct: 525  Precision @ 1: 0.5469  AUC @ 1: 0.5896
Test Data Eval:
  Num examples: 1856  Num correct: 1080  Precision @ 1: 0.5819  AUC @ 1: 0.5527
Step 3700: loss = 5.9298 (0.359 sec)
Training Data Eval:
  Num examples: 8960  Num correct: 5005  Precision @ 1: 0.5586  AUC @ 1: 0.5679
Validation Data Eval:
  Num examples: 960  Num correct: 528  Precision @ 1: 0.5500  AUC @ 1: 0.5958
Test Data Eval:
  Num examples: 1856  Num correct: 1079  Precision @ 1: 0.5814  AUC @ 1: 0.5561
Step 3800: loss = 5.9184 (0.373 sec)
Training Data Eval:
  Num examples: 8960  Num correct: 5023  Precision @ 1: 0.5606  AUC @ 1: 0.5613
Validation Data Eval:
  Num examples: 960  Num correct: 527  Precision @ 1: 0.5490  AUC @ 1: 0.5967
Test Data Eval:
  Num examples: 1856  Num correct: 1071  Precision @ 1: 0.5770  AUC @ 1: 0.5534
Step 3900: loss = 5.9224 (0.358 sec)
Training Data Eval:
  Num examples: 8960  Num correct: 5010  Precision @ 1: 0.5592  AUC @ 1: 0.5660
Validation Data Eval:
  Num examples: 960  Num correct: 530  Precision @ 1: 0.5521  AUC @ 1: 0.5996
Test Data Eval:
  Num examples: 1856  Num correct: 1073  Precision @ 1: 0.5781  AUC @ 1: 0.5548
Step 4000: loss = 5.9237 (0.361 sec)
Training Data Eval:
  Num examples: 8960  Num correct: 4994  Precision @ 1: 0.5574  AUC @ 1: 0.5675
Validation Data Eval:
  Num examples: 960  Num correct: 531  Precision @ 1: 0.5531  AUC @ 1: 0.5971
Test Data Eval:
  Num examples: 1856  Num correct: 1068  Precision @ 1: 0.5754  AUC @ 1: 0.5531
Step 4100: loss = 5.9127 (0.362 sec)
Training Data Eval:
  Num examples: 8960  Num correct: 5013  Precision @ 1: 0.5595  AUC @ 1: 0.5652
Validation Data Eval:
  Num examples: 960  Num correct: 529  Precision @ 1: 0.5510  AUC @ 1: 0.5961
Test Data Eval:
  Num examples: 1856  Num correct: 1078  Precision @ 1: 0.5808  AUC @ 1: 0.5602
Step 4200: loss = 5.9140 (0.475 sec)
Training Data Eval:
  Num examples: 8960  Num correct: 5003  Precision @ 1: 0.5584  AUC @ 1: 0.5663
Validation Data Eval:
  Num examples: 960  Num correct: 528  Precision @ 1: 0.5500  AUC @ 1: 0.5884
Test Data Eval:
  Num examples: 1856  Num correct: 1075  Precision @ 1: 0.5792  AUC @ 1: 0.5545
Step 4300: loss = 5.9244 (0.405 sec)
Training Data Eval:
  Num examples: 8960  Num correct: 5014  Precision @ 1: 0.5596  AUC @ 1: 0.5644
Validation Data Eval:
  Num examples: 960  Num correct: 530  Precision @ 1: 0.5521  AUC @ 1: 0.5954
Test Data Eval:
  Num examples: 1856  Num correct: 1068  Precision @ 1: 0.5754  AUC @ 1: 0.5522
Step 4400: loss = 5.9155 (0.420 sec)
Training Data Eval:
  Num examples: 8960  Num correct: 4985  Precision @ 1: 0.5564  AUC @ 1: 0.5614
Validation Data Eval:
  Num examples: 960  Num correct: 527  Precision @ 1: 0.5490  AUC @ 1: 0.5963
Test Data Eval:
  Num examples: 1856  Num correct: 1078  Precision @ 1: 0.5808  AUC @ 1: 0.5519
Step 4500: loss = 5.9283 (0.360 sec)
Training Data Eval:
  Num examples: 8960  Num correct: 4997  Precision @ 1: 0.5577  AUC @ 1: 0.5640
Validation Data Eval:
  Num examples: 960  Num correct: 527  Precision @ 1: 0.5490  AUC @ 1: 0.5968
Test Data Eval:
  Num examples: 1856  Num correct: 1074  Precision @ 1: 0.5787  AUC @ 1: 0.5506
Step 4600: loss = 5.9240 (0.358 sec)
Training Data Eval:
  Num examples: 8960  Num correct: 5087  Precision @ 1: 0.5677  AUC @ 1: 0.5600
Validation Data Eval:
  Num examples: 960  Num correct: 530  Precision @ 1: 0.5521  AUC @ 1: 0.5869
Test Data Eval:
  Num examples: 1856  Num correct: 1071  Precision @ 1: 0.5770  AUC @ 1: 0.5570
Step 4700: loss = 5.9249 (0.363 sec)
Training Data Eval:
  Num examples: 8960  Num correct: 5033  Precision @ 1: 0.5617  AUC @ 1: 0.5653
Validation Data Eval:
  Num examples: 960  Num correct: 529  Precision @ 1: 0.5510  AUC @ 1: 0.5869
Test Data Eval:
  Num examples: 1856  Num correct: 1074  Precision @ 1: 0.5787  AUC @ 1: 0.5551
Step 4800: loss = 5.9312 (0.367 sec)
Training Data Eval:
  Num examples: 8960  Num correct: 5013  Precision @ 1: 0.5595  AUC @ 1: 0.5654
Validation Data Eval:
  Num examples: 960  Num correct: 521  Precision @ 1: 0.5427  AUC @ 1: 0.5969
Test Data Eval:
  Num examples: 1856  Num correct: 1070  Precision @ 1: 0.5765  AUC @ 1: 0.5564
Step 4900: loss = 5.9223 (0.416 sec)
Training Data Eval:
  Num examples: 8960  Num correct: 5019  Precision @ 1: 0.5602  AUC @ 1: 0.5649
Validation Data Eval:
  Num examples: 960  Num correct: 531  Precision @ 1: 0.5531  AUC @ 1: 0.5863
Test Data Eval:
  Num examples: 1856  Num correct: 1071  Precision @ 1: 0.5770  AUC @ 1: 0.5515
Step 5000: loss = 5.9237 (0.360 sec)
Training Data Eval:
  Num examples: 8960  Num correct: 5033  Precision @ 1: 0.5617  AUC @ 1: 0.5624
Validation Data Eval:
  Num examples: 960  Num correct: 526  Precision @ 1: 0.5479  AUC @ 1: 0.5921
Test Data Eval:
  Num examples: 1856  Num correct: 1073  Precision @ 1: 0.5781  AUC @ 1: 0.5586
Step 5100: loss = 5.9131 (0.360 sec)
Training Data Eval:
  Num examples: 8960  Num correct: 5019  Precision @ 1: 0.5602  AUC @ 1: 0.5683
Validation Data Eval:
  Num examples: 960  Num correct: 528  Precision @ 1: 0.5500  AUC @ 1: 0.5940
Test Data Eval:
  Num examples: 1856  Num correct: 1069  Precision @ 1: 0.5760  AUC @ 1: 0.5539
Step 5200: loss = 5.9211 (0.384 sec)
Training Data Eval:
  Num examples: 8960  Num correct: 4998  Precision @ 1: 0.5578  AUC @ 1: 0.5643
Validation Data Eval:
  Num examples: 960  Num correct: 529  Precision @ 1: 0.5510  AUC @ 1: 0.5968
Test Data Eval:
  Num examples: 1856  Num correct: 1074  Precision @ 1: 0.5787  AUC @ 1: 0.5529
Step 5300: loss = 5.9203 (0.344 sec)
Training Data Eval:
  Num examples: 8960  Num correct: 5027  Precision @ 1: 0.5610  AUC @ 1: 0.5667
Validation Data Eval:
  Num examples: 960  Num correct: 532  Precision @ 1: 0.5542  AUC @ 1: 0.5878
Test Data Eval:
  Num examples: 1856  Num correct: 1071  Precision @ 1: 0.5770  AUC @ 1: 0.5550
Step 5400: loss = 5.9294 (0.364 sec)
Training Data Eval:
  Num examples: 8960  Num correct: 4949  Precision @ 1: 0.5523  AUC @ 1: 0.5645
Validation Data Eval:
  Num examples: 960  Num correct: 528  Precision @ 1: 0.5500  AUC @ 1: 0.5932
Test Data Eval:
  Num examples: 1856  Num correct: 1072  Precision @ 1: 0.5776  AUC @ 1: 0.5567
Step 5500: loss = 5.9253 (0.355 sec)
Training Data Eval:
  Num examples: 8960  Num correct: 5011  Precision @ 1: 0.5593  AUC @ 1: 0.5651
Validation Data Eval:
  Num examples: 960  Num correct: 525  Precision @ 1: 0.5469  AUC @ 1: 0.5944
Test Data Eval:
  Num examples: 1856  Num correct: 1074  Precision @ 1: 0.5787  AUC @ 1: 0.5562
Step 5600: loss = 5.9093 (0.427 sec)
Training Data Eval:
  Num examples: 8960  Num correct: 4994  Precision @ 1: 0.5574  AUC @ 1: 0.5624
Validation Data Eval:
  Num examples: 960  Num correct: 524  Precision @ 1: 0.5458  AUC @ 1: 0.6021
Test Data Eval:
  Num examples: 1856  Num correct: 1080  Precision @ 1: 0.5819  AUC @ 1: 0.5541
Step 5700: loss = 5.9187 (0.357 sec)
Training Data Eval:
  Num examples: 8960  Num correct: 4990  Precision @ 1: 0.5569  AUC @ 1: 0.5655
Validation Data Eval:
  Num examples: 960  Num correct: 530  Precision @ 1: 0.5521  AUC @ 1: 0.5930
Test Data Eval:
  Num examples: 1856  Num correct: 1076  Precision @ 1: 0.5797  AUC @ 1: 0.5581
Step 5800: loss = 5.9366 (0.375 sec)
Training Data Eval:
  Num examples: 8960  Num correct: 4991  Precision @ 1: 0.5570  AUC @ 1: 0.5604
Validation Data Eval:
  Num examples: 960  Num correct: 522  Precision @ 1: 0.5437  AUC @ 1: 0.5926
Test Data Eval:
  Num examples: 1856  Num correct: 1069  Precision @ 1: 0.5760  AUC @ 1: 0.5557
Step 5900: loss = 5.9207 (0.349 sec)
Training Data Eval:
  Num examples: 8960  Num correct: 5017  Precision @ 1: 0.5599  AUC @ 1: 0.5678
Validation Data Eval:
  Num examples: 960  Num correct: 527  Precision @ 1: 0.5490  AUC @ 1: 0.5900
Test Data Eval:
  Num examples: 1856  Num correct: 1070  Precision @ 1: 0.5765  AUC @ 1: 0.5529
Step 6000: loss = 5.9290 (0.373 sec)
Training Data Eval:
  Num examples: 8960  Num correct: 5042  Precision @ 1: 0.5627  AUC @ 1: 0.5613
Validation Data Eval:
  Num examples: 960  Num correct: 528  Precision @ 1: 0.5500  AUC @ 1: 0.5946
Test Data Eval:
  Num examples: 1856  Num correct: 1077  Precision @ 1: 0.5803  AUC @ 1: 0.5524
Step 6100: loss = 5.9197 (0.386 sec)
Training Data Eval:
  Num examples: 8960  Num correct: 4933  Precision @ 1: 0.5506  AUC @ 1: 0.5685
Validation Data Eval:
  Num examples: 960  Num correct: 526  Precision @ 1: 0.5479  AUC @ 1: 0.5935
Test Data Eval:
  Num examples: 1856  Num correct: 1073  Precision @ 1: 0.5781  AUC @ 1: 0.5535
Step 6200: loss = 5.9269 (0.372 sec)
Training Data Eval:
  Num examples: 8960  Num correct: 5014  Precision @ 1: 0.5596  AUC @ 1: 0.5648
Validation Data Eval:
  Num examples: 960  Num correct: 525  Precision @ 1: 0.5469  AUC @ 1: 0.5960
Test Data Eval:
  Num examples: 1856  Num correct: 1078  Precision @ 1: 0.5808  AUC @ 1: 0.5507
Step 6300: loss = 5.9170 (0.444 sec)
Training Data Eval:
  Num examples: 8960  Num correct: 5019  Precision @ 1: 0.5602  AUC @ 1: 0.5602
Validation Data Eval:
  Num examples: 960  Num correct: 526  Precision @ 1: 0.5479  AUC @ 1: 0.5903
Test Data Eval:
  Num examples: 1856  Num correct: 1075  Precision @ 1: 0.5792  AUC @ 1: 0.5562
Step 6400: loss = 5.9177 (0.382 sec)
Training Data Eval:
  Num examples: 8960  Num correct: 5040  Precision @ 1: 0.5625  AUC @ 1: 0.5733
Validation Data Eval:
  Num examples: 960  Num correct: 526  Precision @ 1: 0.5479  AUC @ 1: 0.5948
Test Data Eval:
  Num examples: 1856  Num correct: 1073  Precision @ 1: 0.5781  AUC @ 1: 0.5564
Step 6500: loss = 5.9220 (0.383 sec)
Training Data Eval:
  Num examples: 8960  Num correct: 5028  Precision @ 1: 0.5612  AUC @ 1: 0.5677
Validation Data Eval:
  Num examples: 960  Num correct: 529  Precision @ 1: 0.5510  AUC @ 1: 0.5953
Test Data Eval:
  Num examples: 1856  Num correct: 1072  Precision @ 1: 0.5776  AUC @ 1: 0.5523
Step 6600: loss = 5.9226 (0.362 sec)
Training Data Eval:
  Num examples: 8960  Num correct: 5016  Precision @ 1: 0.5598  AUC @ 1: 0.5572
Validation Data Eval:
  Num examples: 960  Num correct: 529  Precision @ 1: 0.5510  AUC @ 1: 0.5871
Test Data Eval:
  Num examples: 1856  Num correct: 1075  Precision @ 1: 0.5792  AUC @ 1: 0.5520
Step 6700: loss = 5.9316 (0.362 sec)
Training Data Eval:
  Num examples: 8960  Num correct: 4963  Precision @ 1: 0.5539  AUC @ 1: 0.5709
Validation Data Eval:
  Num examples: 960  Num correct: 530  Precision @ 1: 0.5521  AUC @ 1: 0.5916
Test Data Eval:
  Num examples: 1856  Num correct: 1073  Precision @ 1: 0.5781  AUC @ 1: 0.5573
Step 6800: loss = 5.9210 (0.363 sec)
Training Data Eval:
  Num examples: 8960  Num correct: 4979  Precision @ 1: 0.5557  AUC @ 1: 0.5628
Validation Data Eval:
  Num examples: 960  Num correct: 531  Precision @ 1: 0.5531  AUC @ 1: 0.5912
Test Data Eval:
  Num examples: 1856  Num correct: 1079  Precision @ 1: 0.5814  AUC @ 1: 0.5534
Step 6900: loss = 5.9257 (0.371 sec)
Training Data Eval:
  Num examples: 8960  Num correct: 5010  Precision @ 1: 0.5592  AUC @ 1: 0.5652
Validation Data Eval:
  Num examples: 960  Num correct: 527  Precision @ 1: 0.5490  AUC @ 1: 0.5908
Test Data Eval:
  Num examples: 1856  Num correct: 1071  Precision @ 1: 0.5770  AUC @ 1: 0.5592
Step 7000: loss = 5.9227 (0.437 sec)
Training Data Eval:
  Num examples: 8960  Num correct: 4964  Precision @ 1: 0.5540  AUC @ 1: 0.5656
Validation Data Eval:
  Num examples: 960  Num correct: 528  Precision @ 1: 0.5500  AUC @ 1: 0.5964
Test Data Eval:
  Num examples: 1856  Num correct: 1074  Precision @ 1: 0.5787  AUC @ 1: 0.5539
Step 7100: loss = 5.9240 (0.368 sec)
Training Data Eval:
  Num examples: 8960  Num correct: 5008  Precision @ 1: 0.5589  AUC @ 1: 0.5667
Validation Data Eval:
  Num examples: 960  Num correct: 530  Precision @ 1: 0.5521  AUC @ 1: 0.5969
Test Data Eval:
  Num examples: 1856  Num correct: 1071  Precision @ 1: 0.5770  AUC @ 1: 0.5542
Step 7200: loss = 5.9198 (0.380 sec)
Training Data Eval:
  Num examples: 8960  Num correct: 5016  Precision @ 1: 0.5598  AUC @ 1: 0.5652
Validation Data Eval:
  Num examples: 960  Num correct: 531  Precision @ 1: 0.5531  AUC @ 1: 0.5905
Test Data Eval:
  Num examples: 1856  Num correct: 1066  Precision @ 1: 0.5744  AUC @ 1: 0.5537
Step 7300: loss = 5.9310 (0.369 sec)
Training Data Eval:
  Num examples: 8960  Num correct: 4991  Precision @ 1: 0.5570  AUC @ 1: 0.5666
Validation Data Eval:
  Num examples: 960  Num correct: 524  Precision @ 1: 0.5458  AUC @ 1: 0.5926
Test Data Eval:
  Num examples: 1856  Num correct: 1080  Precision @ 1: 0.5819  AUC @ 1: 0.5558
Step 7400: loss = 5.9216 (0.358 sec)
Training Data Eval:
  Num examples: 8960  Num correct: 5038  Precision @ 1: 0.5623  AUC @ 1: 0.5684
Validation Data Eval:
  Num examples: 960  Num correct: 529  Precision @ 1: 0.5510  AUC @ 1: 0.5927
Test Data Eval:
  Num examples: 1856  Num correct: 1074  Precision @ 1: 0.5787  AUC @ 1: 0.5537
Step 7500: loss = 5.9203 (0.367 sec)
Training Data Eval:
  Num examples: 8960  Num correct: 5043  Precision @ 1: 0.5628  AUC @ 1: 0.5658
Validation Data Eval:
  Num examples: 960  Num correct: 535  Precision @ 1: 0.5573  AUC @ 1: 0.5910
Test Data Eval:
  Num examples: 1856  Num correct: 1075  Precision @ 1: 0.5792  AUC @ 1: 0.5538
Step 7600: loss = 5.9292 (0.365 sec)
Training Data Eval:
  Num examples: 8960  Num correct: 5015  Precision @ 1: 0.5597  AUC @ 1: 0.5654
Validation Data Eval:
  Num examples: 960  Num correct: 529  Precision @ 1: 0.5510  AUC @ 1: 0.5946
Test Data Eval:
  Num examples: 1856  Num correct: 1075  Precision @ 1: 0.5792  AUC @ 1: 0.5543
Step 7700: loss = 5.9136 (0.444 sec)
Training Data Eval:
  Num examples: 8960  Num correct: 5036  Precision @ 1: 0.5621  AUC @ 1: 0.5690
Validation Data Eval:
  Num examples: 960  Num correct: 526  Precision @ 1: 0.5479  AUC @ 1: 0.5913
Test Data Eval:
  Num examples: 1856  Num correct: 1075  Precision @ 1: 0.5792  AUC @ 1: 0.5538
Step 7800: loss = 5.9330 (0.362 sec)
Training Data Eval:
  Num examples: 8960  Num correct: 4987  Precision @ 1: 0.5566  AUC @ 1: 0.5663
Validation Data Eval:
  Num examples: 960  Num correct: 527  Precision @ 1: 0.5490  AUC @ 1: 0.5912
Test Data Eval:
  Num examples: 1856  Num correct: 1075  Precision @ 1: 0.5792  AUC @ 1: 0.5557
Step 7900: loss = 5.9244 (0.396 sec)
Training Data Eval:
  Num examples: 8960  Num correct: 4957  Precision @ 1: 0.5532  AUC @ 1: 0.5681
Validation Data Eval:
  Num examples: 960  Num correct: 530  Precision @ 1: 0.5521  AUC @ 1: 0.6014
Test Data Eval:
  Num examples: 1856  Num correct: 1076  Precision @ 1: 0.5797  AUC @ 1: 0.5518
Step 8000: loss = 5.9268 (0.378 sec)
Training Data Eval:
  Num examples: 8960  Num correct: 5022  Precision @ 1: 0.5605  AUC @ 1: 0.5623
Validation Data Eval:
  Num examples: 960  Num correct: 525  Precision @ 1: 0.5469  AUC @ 1: 0.5932
Test Data Eval:
  Num examples: 1856  Num correct: 1068  Precision @ 1: 0.5754  AUC @ 1: 0.5526
Step 8100: loss = 5.9294 (0.367 sec)
Training Data Eval:
  Num examples: 8960  Num correct: 5061  Precision @ 1: 0.5648  AUC @ 1: 0.5651
Validation Data Eval:
  Num examples: 960  Num correct: 529  Precision @ 1: 0.5510  AUC @ 1: 0.5945
Test Data Eval:
  Num examples: 1856  Num correct: 1069  Precision @ 1: 0.5760  AUC @ 1: 0.5583
Step 8200: loss = 5.9240 (0.379 sec)
Training Data Eval:
  Num examples: 8960  Num correct: 4984  Precision @ 1: 0.5563  AUC @ 1: 0.5593
Validation Data Eval:
  Num examples: 960  Num correct: 528  Precision @ 1: 0.5500  AUC @ 1: 0.5905
Test Data Eval:
  Num examples: 1856  Num correct: 1073  Precision @ 1: 0.5781  AUC @ 1: 0.5523
Step 8300: loss = 5.9227 (0.360 sec)
Training Data Eval:
  Num examples: 8960  Num correct: 5008  Precision @ 1: 0.5589  AUC @ 1: 0.5651
Validation Data Eval:
  Num examples: 960  Num correct: 523  Precision @ 1: 0.5448  AUC @ 1: 0.5925
Test Data Eval:
  Num examples: 1856  Num correct: 1073  Precision @ 1: 0.5781  AUC @ 1: 0.5516
Step 8400: loss = 5.9187 (0.443 sec)
Training Data Eval:
  Num examples: 8960  Num correct: 4980  Precision @ 1: 0.5558  AUC @ 1: 0.5580
Validation Data Eval:
  Num examples: 960  Num correct: 526  Precision @ 1: 0.5479  AUC @ 1: 0.5868
Test Data Eval:
  Num examples: 1856  Num correct: 1079  Precision @ 1: 0.5814  AUC @ 1: 0.5562
Step 8500: loss = 5.9221 (0.359 sec)
Training Data Eval:
  Num examples: 8960  Num correct: 5061  Precision @ 1: 0.5648  AUC @ 1: 0.5614
Validation Data Eval:
  Num examples: 960  Num correct: 530  Precision @ 1: 0.5521  AUC @ 1: 0.5902
Test Data Eval:
  Num examples: 1856  Num correct: 1078  Precision @ 1: 0.5808  AUC @ 1: 0.5555
Step 8600: loss = 5.9279 (0.356 sec)
Training Data Eval:
  Num examples: 8960  Num correct: 5005  Precision @ 1: 0.5586  AUC @ 1: 0.5643
Validation Data Eval:
  Num examples: 960  Num correct: 527  Precision @ 1: 0.5490  AUC @ 1: 0.5929
Test Data Eval:
  Num examples: 1856  Num correct: 1070  Precision @ 1: 0.5765  AUC @ 1: 0.5580
Step 8700: loss = 5.9243 (0.377 sec)
Training Data Eval:
  Num examples: 8960  Num correct: 4996  Precision @ 1: 0.5576  AUC @ 1: 0.5632
Validation Data Eval:
  Num examples: 960  Num correct: 531  Precision @ 1: 0.5531  AUC @ 1: 0.5946
Test Data Eval:
  Num examples: 1856  Num correct: 1074  Precision @ 1: 0.5787  AUC @ 1: 0.5574
Step 8800: loss = 5.9127 (0.400 sec)
Training Data Eval:
  Num examples: 8960  Num correct: 5076  Precision @ 1: 0.5665  AUC @ 1: 0.5696
Validation Data Eval:
  Num examples: 960  Num correct: 528  Precision @ 1: 0.5500  AUC @ 1: 0.5968
Test Data Eval:
  Num examples: 1856  Num correct: 1074  Precision @ 1: 0.5787  AUC @ 1: 0.5555
Step 8900: loss = 5.9185 (0.413 sec)
Training Data Eval:
  Num examples: 8960  Num correct: 4976  Precision @ 1: 0.5554  AUC @ 1: 0.5655
Validation Data Eval:
  Num examples: 960  Num correct: 529  Precision @ 1: 0.5510  AUC @ 1: 0.5894
Test Data Eval:
  Num examples: 1856  Num correct: 1077  Precision @ 1: 0.5803  AUC @ 1: 0.5553
Step 9000: loss = 5.9162 (0.389 sec)
Training Data Eval:
  Num examples: 8960  Num correct: 5009  Precision @ 1: 0.5590  AUC @ 1: 0.5647
Validation Data Eval:
  Num examples: 960  Num correct: 526  Precision @ 1: 0.5479  AUC @ 1: 0.5916
Test Data Eval:
  Num examples: 1856  Num correct: 1071  Precision @ 1: 0.5770  AUC @ 1: 0.5528
Step 9100: loss = 5.9278 (0.445 sec)
Training Data Eval:
  Num examples: 8960  Num correct: 5004  Precision @ 1: 0.5585  AUC @ 1: 0.5643
Validation Data Eval:
  Num examples: 960  Num correct: 534  Precision @ 1: 0.5563  AUC @ 1: 0.5946
Test Data Eval:
  Num examples: 1856  Num correct: 1073  Precision @ 1: 0.5781  AUC @ 1: 0.5556
Step 9200: loss = 5.9166 (0.351 sec)
Training Data Eval:
  Num examples: 8960  Num correct: 5016  Precision @ 1: 0.5598  AUC @ 1: 0.5697
Validation Data Eval:
  Num examples: 960  Num correct: 526  Precision @ 1: 0.5479  AUC @ 1: 0.5911
Test Data Eval:
  Num examples: 1856  Num correct: 1074  Precision @ 1: 0.5787  AUC @ 1: 0.5547
Step 9300: loss = 5.9371 (0.344 sec)
Training Data Eval:
  Num examples: 8960  Num correct: 5076  Precision @ 1: 0.5665  AUC @ 1: 0.5607
Validation Data Eval:
  Num examples: 960  Num correct: 528  Precision @ 1: 0.5500  AUC @ 1: 0.5957
Test Data Eval:
  Num examples: 1856  Num correct: 1066  Precision @ 1: 0.5744  AUC @ 1: 0.5533
Step 9400: loss = 5.9302 (0.360 sec)
Training Data Eval:
  Num examples: 8960  Num correct: 5004  Precision @ 1: 0.5585  AUC @ 1: 0.5633
Validation Data Eval:
  Num examples: 960  Num correct: 530  Precision @ 1: 0.5521  AUC @ 1: 0.5855
Test Data Eval:
  Num examples: 1856  Num correct: 1079  Precision @ 1: 0.5814  AUC @ 1: 0.5537
Step 9500: loss = 5.9267 (0.373 sec)
Training Data Eval:
  Num examples: 8960  Num correct: 5053  Precision @ 1: 0.5640  AUC @ 1: 0.5635
Validation Data Eval:
  Num examples: 960  Num correct: 531  Precision @ 1: 0.5531  AUC @ 1: 0.5872
Test Data Eval:
  Num examples: 1856  Num correct: 1076  Precision @ 1: 0.5797  AUC @ 1: 0.5539
Step 9600: loss = 5.9231 (0.361 sec)
Training Data Eval:
  Num examples: 8960  Num correct: 4998  Precision @ 1: 0.5578  AUC @ 1: 0.5708
Validation Data Eval:
  Num examples: 960  Num correct: 526  Precision @ 1: 0.5479  AUC @ 1: 0.5871
Test Data Eval:
  Num examples: 1856  Num correct: 1072  Precision @ 1: 0.5776  AUC @ 1: 0.5545
Step 9700: loss = 5.9209 (0.362 sec)
Training Data Eval:
  Num examples: 8960  Num correct: 5013  Precision @ 1: 0.5595  AUC @ 1: 0.5646
Validation Data Eval:
  Num examples: 960  Num correct: 530  Precision @ 1: 0.5521  AUC @ 1: 0.5900
Test Data Eval:
  Num examples: 1856  Num correct: 1075  Precision @ 1: 0.5792  AUC @ 1: 0.5572
Step 9800: loss = 5.9242 (0.430 sec)
Training Data Eval:
  Num examples: 8960  Num correct: 5025  Precision @ 1: 0.5608  AUC @ 1: 0.5670
Validation Data Eval:
  Num examples: 960  Num correct: 532  Precision @ 1: 0.5542  AUC @ 1: 0.5925
Test Data Eval:
  Num examples: 1856  Num correct: 1072  Precision @ 1: 0.5776  AUC @ 1: 0.5517
Step 9900: loss = 5.9292 (0.389 sec)
Training Data Eval:
  Num examples: 8960  Num correct: 4988  Precision @ 1: 0.5567  AUC @ 1: 0.5658
Validation Data Eval:
  Num examples: 960  Num correct: 528  Precision @ 1: 0.5500  AUC @ 1: 0.5852
Test Data Eval:
  Num examples: 1856  Num correct: 1075  Precision @ 1: 0.5792  AUC @ 1: 0.5556
