Training data shape: 	(10000, 64, 64, 1)
Training label shape:	(10000,)
Testing data shape:  	(1910, 64, 64, 1)
Testing label shape: 	(1910,)
max input value is: 153.458
min input value is: -104.189
random permuted training data
==============================================================================
Model: 			inference_roicnn
Tensor Name: 	Placeholder:0
[64, 64, 64, 1]
==============================================================================
Tensor Name: concat_64:0
[64, 320, 64, 1]
==============================================================================
Tensor Name: concat_129:0
[64, 320, 320, 1]
==============================================================================
Tensor Name: conv0/Reshape:0
[64, 64, 64, 4]
==============================================================================
Tensor Name: concat_194:0
[64, 320, 64, 4]
==============================================================================
Tensor Name: concat_259:0
[64, 320, 320, 4]
==============================================================================
Tensor Name: conv1/Reshape:0
[64, 64, 64, 256]
==============================================================================
Tensor Name: local1/local1:0
[64, 128]
==============================================================================
Tensor Name: local2/local2:0
[64, 128]
==============================================================================
Tensor Name: softmax_linear/softmax_linear:0
[64, 2]
Step 0: loss = 332.9229 (2.967 sec)
Training Data Eval:
  Num examples: 8960  Num correct: 0  Precision @ 1: 0.0000  AUC @ 1: 0.5028
Validation Data Eval:
  Num examples: 960  Num correct: 0  Precision @ 1: 0.0000  AUC @ 1: 0.4785
Test Data Eval:
  Num examples: 1856  Num correct: 0  Precision @ 1: 0.0000  AUC @ 1: 0.3458
Step 100: loss = nan (2.868 sec)
Training Data Eval:
  Num examples: 8960  Num correct: 0  Precision @ 1: 0.0000  AUC @ 1: 0.4914
Validation Data Eval:
  Num examples: 960  Num correct: 0  Precision @ 1: 0.0000  AUC @ 1: 0.5214
Test Data Eval:
  Num examples: 1856  Num correct: 0  Precision @ 1: 0.0000  AUC @ 1: 0.5088
Step 200: loss = nan (2.905 sec)
Training Data Eval:
  Num examples: 8960  Num correct: 0  Precision @ 1: 0.0000  AUC @ 1: 0.4911
Validation Data Eval:
  Num examples: 960  Num correct: 0  Precision @ 1: 0.0000  AUC @ 1: 0.4944
Test Data Eval:
  Num examples: 1856  Num correct: 0  Precision @ 1: 0.0000  AUC @ 1: 0.5006
Step 300: loss = nan (2.822 sec)
Training Data Eval:
  Num examples: 8960  Num correct: 0  Precision @ 1: 0.0000  AUC @ 1: 0.5052
Validation Data Eval:
  Num examples: 960  Num correct: 0  Precision @ 1: 0.0000  AUC @ 1: 0.5452
Test Data Eval:
  Num examples: 1856  Num correct: 0  Precision @ 1: 0.0000  AUC @ 1: 0.4855
Step 400: loss = nan (2.887 sec)
Training Data Eval:
  Num examples: 8960  Num correct: 0  Precision @ 1: 0.0000  AUC @ 1: 0.5031
Validation Data Eval:
  Num examples: 960  Num correct: 0  Precision @ 1: 0.0000  AUC @ 1: 0.5087
Test Data Eval:
  Num examples: 1856  Num correct: 0  Precision @ 1: 0.0000  AUC @ 1: 0.5082
Step 500: loss = nan (2.874 sec)
Training Data Eval:
  Num examples: 8960  Num correct: 0  Precision @ 1: 0.0000  AUC @ 1: 0.4970
Validation Data Eval:
  Num examples: 960  Num correct: 0  Precision @ 1: 0.0000  AUC @ 1: 0.5398
Test Data Eval:
  Num examples: 1856  Num correct: 0  Precision @ 1: 0.0000  AUC @ 1: 0.5090
Step 600: loss = nan (2.825 sec)
Training Data Eval:
  Num examples: 8960  Num correct: 0  Precision @ 1: 0.0000  AUC @ 1: 0.5055
Validation Data Eval:
  Num examples: 960  Num correct: 0  Precision @ 1: 0.0000  AUC @ 1: 0.5229
Test Data Eval:
  Num examples: 1856  Num correct: 0  Precision @ 1: 0.0000  AUC @ 1: 0.4930
Step 700: loss = nan (2.906 sec)
Training Data Eval:
  Num examples: 8960  Num correct: 0  Precision @ 1: 0.0000  AUC @ 1: 0.4946
Validation Data Eval:
  Num examples: 960  Num correct: 0  Precision @ 1: 0.0000  AUC @ 1: 0.4661
Test Data Eval:
  Num examples: 1856  Num correct: 0  Precision @ 1: 0.0000  AUC @ 1: 0.5200
Step 800: loss = nan (2.888 sec)
Training Data Eval:
  Num examples: 8960  Num correct: 0  Precision @ 1: 0.0000  AUC @ 1: 0.4989
Validation Data Eval:
  Num examples: 960  Num correct: 0  Precision @ 1: 0.0000  AUC @ 1: 0.5181
Test Data Eval:
  Num examples: 1856  Num correct: 0  Precision @ 1: 0.0000  AUC @ 1: 0.5110
Step 900: loss = nan (2.797 sec)
Training Data Eval:
  Num examples: 8960  Num correct: 0  Precision @ 1: 0.0000  AUC @ 1: 0.5010
Validation Data Eval:
  Num examples: 960  Num correct: 0  Precision @ 1: 0.0000  AUC @ 1: 0.4943
Test Data Eval:
  Num examples: 1856  Num correct: 0  Precision @ 1: 0.0000  AUC @ 1: 0.4971
Step 1000: loss = nan (2.878 sec)
Training Data Eval:
  Num examples: 8960  Num correct: 0  Precision @ 1: 0.0000  AUC @ 1: 0.4961
Validation Data Eval:
  Num examples: 960  Num correct: 0  Precision @ 1: 0.0000  AUC @ 1: 0.5367
Test Data Eval:
  Num examples: 1856  Num correct: 0  Precision @ 1: 0.0000  AUC @ 1: 0.5084
Step 1100: loss = nan (2.871 sec)
Training Data Eval:
  Num examples: 8960  Num correct: 0  Precision @ 1: 0.0000  AUC @ 1: 0.4968
Validation Data Eval:
  Num examples: 960  Num correct: 0  Precision @ 1: 0.0000  AUC @ 1: 0.4883
Test Data Eval:
  Num examples: 1856  Num correct: 0  Precision @ 1: 0.0000  AUC @ 1: 0.4870
Step 1200: loss = nan (2.903 sec)
Training Data Eval:
  Num examples: 8960  Num correct: 0  Precision @ 1: 0.0000  AUC @ 1: 0.4955
Validation Data Eval:
  Num examples: 960  Num correct: 0  Precision @ 1: 0.0000  AUC @ 1: 0.5151
Test Data Eval:
  Num examples: 1856  Num correct: 0  Precision @ 1: 0.0000  AUC @ 1: 0.5045
Step 1300: loss = nan (2.903 sec)
Training Data Eval:
  Num examples: 8960  Num correct: 0  Precision @ 1: 0.0000  AUC @ 1: 0.5003
Validation Data Eval:
  Num examples: 960  Num correct: 0  Precision @ 1: 0.0000  AUC @ 1: 0.5048
Test Data Eval:
  Num examples: 1856  Num correct: 0  Precision @ 1: 0.0000  AUC @ 1: 0.4966
Step 1400: loss = nan (2.751 sec)
Training Data Eval:
  Num examples: 8960  Num correct: 0  Precision @ 1: 0.0000  AUC @ 1: 0.4966
Validation Data Eval:
  Num examples: 960  Num correct: 0  Precision @ 1: 0.0000  AUC @ 1: 0.4958
Test Data Eval:
  Num examples: 1856  Num correct: 0  Precision @ 1: 0.0000  AUC @ 1: 0.4700
Step 1500: loss = nan (2.788 sec)
Training Data Eval:
  Num examples: 8960  Num correct: 0  Precision @ 1: 0.0000  AUC @ 1: 0.5099
Validation Data Eval:
  Num examples: 960  Num correct: 0  Precision @ 1: 0.0000  AUC @ 1: 0.5062
Test Data Eval:
  Num examples: 1856  Num correct: 0  Precision @ 1: 0.0000  AUC @ 1: 0.5007
Step 1600: loss = nan (2.846 sec)
Training Data Eval:
  Num examples: 8960  Num correct: 0  Precision @ 1: 0.0000  AUC @ 1: 0.5051
Validation Data Eval:
  Num examples: 960  Num correct: 0  Precision @ 1: 0.0000  AUC @ 1: 0.5165
Test Data Eval:
  Num examples: 1856  Num correct: 0  Precision @ 1: 0.0000  AUC @ 1: 0.5073
Step 1700: loss = nan (2.815 sec)
Training Data Eval:
  Num examples: 8960  Num correct: 0  Precision @ 1: 0.0000  AUC @ 1: 0.4948
Validation Data Eval:
  Num examples: 960  Num correct: 0  Precision @ 1: 0.0000  AUC @ 1: 0.5013
Test Data Eval:
  Num examples: 1856  Num correct: 0  Precision @ 1: 0.0000  AUC @ 1: 0.5197
Step 1800: loss = nan (2.909 sec)
Training Data Eval:
  Num examples: 8960  Num correct: 0  Precision @ 1: 0.0000  AUC @ 1: 0.4963
Validation Data Eval:
  Num examples: 960  Num correct: 0  Precision @ 1: 0.0000  AUC @ 1: 0.4731
Test Data Eval:
  Num examples: 1856  Num correct: 0  Precision @ 1: 0.0000  AUC @ 1: 0.5134
Step 1900: loss = nan (2.913 sec)
Training Data Eval:
  Num examples: 8960  Num correct: 0  Precision @ 1: 0.0000  AUC @ 1: 0.5052
Validation Data Eval:
  Num examples: 960  Num correct: 0  Precision @ 1: 0.0000  AUC @ 1: 0.5339
Test Data Eval:
  Num examples: 1856  Num correct: 0  Precision @ 1: 0.0000  AUC @ 1: 0.5265
Step 2000: loss = nan (2.690 sec)
Training Data Eval:
  Num examples: 8960  Num correct: 0  Precision @ 1: 0.0000  AUC @ 1: 0.5018
Validation Data Eval:
  Num examples: 960  Num correct: 0  Precision @ 1: 0.0000  AUC @ 1: 0.4960
Test Data Eval:
  Num examples: 1856  Num correct: 0  Precision @ 1: 0.0000  AUC @ 1: 0.4988
Step 2100: loss = nan (2.833 sec)
Training Data Eval:
  Num examples: 8960  Num correct: 0  Precision @ 1: 0.0000  AUC @ 1: 0.5027
Validation Data Eval:
  Num examples: 960  Num correct: 0  Precision @ 1: 0.0000  AUC @ 1: 0.4905
Test Data Eval:
  Num examples: 1856  Num correct: 0  Precision @ 1: 0.0000  AUC @ 1: 0.4798
Step 2200: loss = nan (2.877 sec)
Training Data Eval:
  Num examples: 8960  Num correct: 0  Precision @ 1: 0.0000  AUC @ 1: 0.5046
Validation Data Eval:
  Num examples: 960  Num correct: 0  Precision @ 1: 0.0000  AUC @ 1: 0.4960
Test Data Eval:
  Num examples: 1856  Num correct: 0  Precision @ 1: 0.0000  AUC @ 1: 0.5023
Step 2300: loss = nan (2.820 sec)
Training Data Eval:
  Num examples: 8960  Num correct: 0  Precision @ 1: 0.0000  AUC @ 1: 0.4953
Validation Data Eval:
  Num examples: 960  Num correct: 0  Precision @ 1: 0.0000  AUC @ 1: 0.4965
Test Data Eval:
  Num examples: 1856  Num correct: 0  Precision @ 1: 0.0000  AUC @ 1: 0.5200
Step 2400: loss = nan (2.745 sec)
Training Data Eval:
  Num examples: 8960  Num correct: 0  Precision @ 1: 0.0000  AUC @ 1: 0.4851
Validation Data Eval:
  Num examples: 960  Num correct: 0  Precision @ 1: 0.0000  AUC @ 1: 0.5385
Test Data Eval:
  Num examples: 1856  Num correct: 0  Precision @ 1: 0.0000  AUC @ 1: 0.5049
Step 2500: loss = nan (2.916 sec)
Training Data Eval:
  Num examples: 8960  Num correct: 0  Precision @ 1: 0.0000  AUC @ 1: 0.4959
Validation Data Eval:
  Num examples: 960  Num correct: 0  Precision @ 1: 0.0000  AUC @ 1: 0.4927
Test Data Eval:
  Num examples: 1856  Num correct: 0  Precision @ 1: 0.0000  AUC @ 1: 0.5119
Step 2600: loss = nan (2.820 sec)
Training Data Eval:
  Num examples: 8960  Num correct: 0  Precision @ 1: 0.0000  AUC @ 1: 0.4948
Validation Data Eval:
  Num examples: 960  Num correct: 0  Precision @ 1: 0.0000  AUC @ 1: 0.4549
Test Data Eval:
  Num examples: 1856  Num correct: 0  Precision @ 1: 0.0000  AUC @ 1: 0.4934
Step 2700: loss = nan (2.772 sec)
Training Data Eval:
  Num examples: 8960  Num correct: 0  Precision @ 1: 0.0000  AUC @ 1: 0.5035
Validation Data Eval:
  Num examples: 960  Num correct: 0  Precision @ 1: 0.0000  AUC @ 1: 0.4738
Test Data Eval:
  Num examples: 1856  Num correct: 0  Precision @ 1: 0.0000  AUC @ 1: 0.5004
Step 2800: loss = nan (2.906 sec)
Training Data Eval:
  Num examples: 8960  Num correct: 0  Precision @ 1: 0.0000  AUC @ 1: 0.5017
Validation Data Eval:
  Num examples: 960  Num correct: 0  Precision @ 1: 0.0000  AUC @ 1: 0.4751
Test Data Eval:
  Num examples: 1856  Num correct: 0  Precision @ 1: 0.0000  AUC @ 1: 0.5210
Step 2900: loss = nan (2.848 sec)
Training Data Eval:
  Num examples: 8960  Num correct: 0  Precision @ 1: 0.0000  AUC @ 1: 0.5033
Validation Data Eval:
  Num examples: 960  Num correct: 0  Precision @ 1: 0.0000  AUC @ 1: 0.5054
Test Data Eval:
  Num examples: 1856  Num correct: 0  Precision @ 1: 0.0000  AUC @ 1: 0.5020
Step 3000: loss = nan (2.959 sec)
Training Data Eval:
  Num examples: 8960  Num correct: 0  Precision @ 1: 0.0000  AUC @ 1: 0.5046
Validation Data Eval:
  Num examples: 960  Num correct: 0  Precision @ 1: 0.0000  AUC @ 1: 0.5081
Test Data Eval:
  Num examples: 1856  Num correct: 0  Precision @ 1: 0.0000  AUC @ 1: 0.4936
Step 3100: loss = nan (2.859 sec)
Training Data Eval:
  Num examples: 8960  Num correct: 0  Precision @ 1: 0.0000  AUC @ 1: 0.4963
Validation Data Eval:
  Num examples: 960  Num correct: 0  Precision @ 1: 0.0000  AUC @ 1: 0.4636
Test Data Eval:
  Num examples: 1856  Num correct: 0  Precision @ 1: 0.0000  AUC @ 1: 0.5075
Step 3200: loss = nan (2.897 sec)
Training Data Eval:
  Num examples: 8960  Num correct: 0  Precision @ 1: 0.0000  AUC @ 1: 0.5020
Validation Data Eval:
  Num examples: 960  Num correct: 0  Precision @ 1: 0.0000  AUC @ 1: 0.5114
Test Data Eval:
  Num examples: 1856  Num correct: 0  Precision @ 1: 0.0000  AUC @ 1: 0.4944
Step 3300: loss = nan (2.849 sec)
Training Data Eval:
  Num examples: 8960  Num correct: 0  Precision @ 1: 0.0000  AUC @ 1: 0.4996
Validation Data Eval:
  Num examples: 960  Num correct: 0  Precision @ 1: 0.0000  AUC @ 1: 0.5468
Test Data Eval:
  Num examples: 1856  Num correct: 0  Precision @ 1: 0.0000  AUC @ 1: 0.5072
Step 3400: loss = nan (2.843 sec)
Training Data Eval:
  Num examples: 8960  Num correct: 0  Precision @ 1: 0.0000  AUC @ 1: 0.4970
Validation Data Eval:
  Num examples: 960  Num correct: 0  Precision @ 1: 0.0000  AUC @ 1: 0.4851
Test Data Eval:
  Num examples: 1856  Num correct: 0  Precision @ 1: 0.0000  AUC @ 1: 0.4983
Step 3500: loss = nan (2.883 sec)
Training Data Eval:
  Num examples: 8960  Num correct: 0  Precision @ 1: 0.0000  AUC @ 1: 0.5019
Validation Data Eval:
  Num examples: 960  Num correct: 0  Precision @ 1: 0.0000  AUC @ 1: 0.4844
Test Data Eval:
  Num examples: 1856  Num correct: 0  Precision @ 1: 0.0000  AUC @ 1: 0.5061
Step 3600: loss = nan (2.879 sec)
Training Data Eval:
  Num examples: 8960  Num correct: 0  Precision @ 1: 0.0000  AUC @ 1: 0.5058
Validation Data Eval:
  Num examples: 960  Num correct: 0  Precision @ 1: 0.0000  AUC @ 1: 0.4959
Test Data Eval:
  Num examples: 1856  Num correct: 0  Precision @ 1: 0.0000  AUC @ 1: 0.4731
Step 3700: loss = nan (2.835 sec)
Training Data Eval:
  Num examples: 8960  Num correct: 0  Precision @ 1: 0.0000  AUC @ 1: 0.4954
Validation Data Eval:
  Num examples: 960  Num correct: 0  Precision @ 1: 0.0000  AUC @ 1: 0.5341
Test Data Eval:
  Num examples: 1856  Num correct: 0  Precision @ 1: 0.0000  AUC @ 1: 0.5079
Step 3800: loss = nan (2.790 sec)
Training Data Eval:
  Num examples: 8960  Num correct: 0  Precision @ 1: 0.0000  AUC @ 1: 0.5005
Validation Data Eval:
  Num examples: 960  Num correct: 0  Precision @ 1: 0.0000  AUC @ 1: 0.5333
Test Data Eval:
  Num examples: 1856  Num correct: 0  Precision @ 1: 0.0000  AUC @ 1: 0.4967
Step 3900: loss = nan (2.826 sec)
Training Data Eval:
  Num examples: 8960  Num correct: 0  Precision @ 1: 0.0000  AUC @ 1: 0.5086
Validation Data Eval:
  Num examples: 960  Num correct: 0  Precision @ 1: 0.0000  AUC @ 1: 0.4913
Test Data Eval:
  Num examples: 1856  Num correct: 0  Precision @ 1: 0.0000  AUC @ 1: 0.4923
Step 4000: loss = nan (2.769 sec)
Training Data Eval:
  Num examples: 8960  Num correct: 0  Precision @ 1: 0.0000  AUC @ 1: 0.4954
Validation Data Eval:
  Num examples: 960  Num correct: 0  Precision @ 1: 0.0000  AUC @ 1: 0.5415
Test Data Eval:
  Num examples: 1856  Num correct: 0  Precision @ 1: 0.0000  AUC @ 1: 0.4981
Step 4100: loss = nan (2.903 sec)
Training Data Eval:
  Num examples: 8960  Num correct: 0  Precision @ 1: 0.0000  AUC @ 1: 0.5021
Validation Data Eval:
  Num examples: 960  Num correct: 0  Precision @ 1: 0.0000  AUC @ 1: 0.5273
Test Data Eval:
  Num examples: 1856  Num correct: 0  Precision @ 1: 0.0000  AUC @ 1: 0.5060
Step 4200: loss = nan (2.881 sec)
Training Data Eval:
  Num examples: 8960  Num correct: 0  Precision @ 1: 0.0000  AUC @ 1: 0.4981
Validation Data Eval:
  Num examples: 960  Num correct: 0  Precision @ 1: 0.0000  AUC @ 1: 0.4882
Test Data Eval:
  Num examples: 1856  Num correct: 0  Precision @ 1: 0.0000  AUC @ 1: 0.5085
Step 4300: loss = nan (2.877 sec)
Training Data Eval:
  Num examples: 8960  Num correct: 0  Precision @ 1: 0.0000  AUC @ 1: 0.5035
Validation Data Eval:
  Num examples: 960  Num correct: 0  Precision @ 1: 0.0000  AUC @ 1: 0.5121
Test Data Eval:
  Num examples: 1856  Num correct: 0  Precision @ 1: 0.0000  AUC @ 1: 0.4813
Step 4400: loss = nan (2.839 sec)
Training Data Eval:
  Num examples: 8960  Num correct: 0  Precision @ 1: 0.0000  AUC @ 1: 0.5096
Validation Data Eval:
  Num examples: 960  Num correct: 0  Precision @ 1: 0.0000  AUC @ 1: 0.4939
Test Data Eval:
  Num examples: 1856  Num correct: 0  Precision @ 1: 0.0000  AUC @ 1: 0.5107
Step 4500: loss = nan (2.823 sec)
Training Data Eval:
  Num examples: 8960  Num correct: 0  Precision @ 1: 0.0000  AUC @ 1: 0.5059
Validation Data Eval:
  Num examples: 960  Num correct: 0  Precision @ 1: 0.0000  AUC @ 1: 0.5169
Test Data Eval:
  Num examples: 1856  Num correct: 0  Precision @ 1: 0.0000  AUC @ 1: 0.4979
Step 4600: loss = nan (2.785 sec)
Training Data Eval:
  Num examples: 8960  Num correct: 0  Precision @ 1: 0.0000  AUC @ 1: 0.4918
Validation Data Eval:
  Num examples: 960  Num correct: 0  Precision @ 1: 0.0000  AUC @ 1: 0.4773
Test Data Eval:
  Num examples: 1856  Num correct: 0  Precision @ 1: 0.0000  AUC @ 1: 0.4870
Step 4700: loss = nan (2.767 sec)
Training Data Eval:
  Num examples: 8960  Num correct: 0  Precision @ 1: 0.0000  AUC @ 1: 0.5050
Validation Data Eval:
  Num examples: 960  Num correct: 0  Precision @ 1: 0.0000  AUC @ 1: 0.5024
Test Data Eval:
  Num examples: 1856  Num correct: 0  Precision @ 1: 0.0000  AUC @ 1: 0.4790
Step 4800: loss = nan (2.862 sec)
Training Data Eval:
  Num examples: 8960  Num correct: 0  Precision @ 1: 0.0000  AUC @ 1: 0.4924
Validation Data Eval:
  Num examples: 960  Num correct: 0  Precision @ 1: 0.0000  AUC @ 1: 0.4987
Test Data Eval:
  Num examples: 1856  Num correct: 0  Precision @ 1: 0.0000  AUC @ 1: 0.4921
Step 4900: loss = nan (2.779 sec)
Training Data Eval:
  Num examples: 8960  Num correct: 0  Precision @ 1: 0.0000  AUC @ 1: 0.4966
Validation Data Eval:
  Num examples: 960  Num correct: 0  Precision @ 1: 0.0000  AUC @ 1: 0.4991
Test Data Eval:
  Num examples: 1856  Num correct: 0  Precision @ 1: 0.0000  AUC @ 1: 0.4945
Step 5000: loss = nan (2.834 sec)
Training Data Eval:
  Num examples: 8960  Num correct: 0  Precision @ 1: 0.0000  AUC @ 1: 0.5027
Validation Data Eval:
  Num examples: 960  Num correct: 0  Precision @ 1: 0.0000  AUC @ 1: 0.5347
Test Data Eval:
  Num examples: 1856  Num correct: 0  Precision @ 1: 0.0000  AUC @ 1: 0.4971
Step 5100: loss = nan (2.855 sec)
Training Data Eval:
  Num examples: 8960  Num correct: 0  Precision @ 1: 0.0000  AUC @ 1: 0.4988
Validation Data Eval:
  Num examples: 960  Num correct: 0  Precision @ 1: 0.0000  AUC @ 1: 0.5106
Test Data Eval:
  Num examples: 1856  Num correct: 0  Precision @ 1: 0.0000  AUC @ 1: 0.4866
Step 5200: loss = nan (2.810 sec)
Training Data Eval:
  Num examples: 8960  Num correct: 0  Precision @ 1: 0.0000  AUC @ 1: 0.5069
Validation Data Eval:
  Num examples: 960  Num correct: 0  Precision @ 1: 0.0000  AUC @ 1: 0.5108
Test Data Eval:
  Num examples: 1856  Num correct: 0  Precision @ 1: 0.0000  AUC @ 1: 0.4758
Step 5300: loss = nan (2.801 sec)
Training Data Eval:
  Num examples: 8960  Num correct: 0  Precision @ 1: 0.0000  AUC @ 1: 0.4990
Validation Data Eval:
  Num examples: 960  Num correct: 0  Precision @ 1: 0.0000  AUC @ 1: 0.4380
Test Data Eval:
  Num examples: 1856  Num correct: 0  Precision @ 1: 0.0000  AUC @ 1: 0.5146
Step 5400: loss = nan (2.831 sec)
Training Data Eval:
  Num examples: 8960  Num correct: 0  Precision @ 1: 0.0000  AUC @ 1: 0.4967
Validation Data Eval:
  Num examples: 960  Num correct: 0  Precision @ 1: 0.0000  AUC @ 1: 0.4798
Test Data Eval:
  Num examples: 1856  Num correct: 0  Precision @ 1: 0.0000  AUC @ 1: 0.5214
Step 5500: loss = nan (2.872 sec)
Training Data Eval:
  Num examples: 8960  Num correct: 0  Precision @ 1: 0.0000  AUC @ 1: 0.5010
Validation Data Eval:
  Num examples: 960  Num correct: 0  Precision @ 1: 0.0000  AUC @ 1: 0.4926
Test Data Eval:
  Num examples: 1856  Num correct: 0  Precision @ 1: 0.0000  AUC @ 1: 0.5055
Step 5600: loss = nan (2.928 sec)
Training Data Eval:
  Num examples: 8960  Num correct: 0  Precision @ 1: 0.0000  AUC @ 1: 0.4930
Validation Data Eval:
  Num examples: 960  Num correct: 0  Precision @ 1: 0.0000  AUC @ 1: 0.5085
Test Data Eval:
  Num examples: 1856  Num correct: 0  Precision @ 1: 0.0000  AUC @ 1: 0.4923
Step 5700: loss = nan (2.917 sec)
Training Data Eval:
  Num examples: 8960  Num correct: 0  Precision @ 1: 0.0000  AUC @ 1: 0.4971
Validation Data Eval:
  Num examples: 960  Num correct: 0  Precision @ 1: 0.0000  AUC @ 1: 0.5002
Test Data Eval:
  Num examples: 1856  Num correct: 0  Precision @ 1: 0.0000  AUC @ 1: 0.5052
Step 5800: loss = nan (2.874 sec)
Training Data Eval:
  Num examples: 8960  Num correct: 0  Precision @ 1: 0.0000  AUC @ 1: 0.4962
Validation Data Eval:
  Num examples: 960  Num correct: 0  Precision @ 1: 0.0000  AUC @ 1: 0.5166
Test Data Eval:
  Num examples: 1856  Num correct: 0  Precision @ 1: 0.0000  AUC @ 1: 0.4912
Step 5900: loss = nan (2.773 sec)
Training Data Eval:
  Num examples: 8960  Num correct: 0  Precision @ 1: 0.0000  AUC @ 1: 0.5036
Validation Data Eval:
  Num examples: 960  Num correct: 0  Precision @ 1: 0.0000  AUC @ 1: 0.5004
Test Data Eval:
  Num examples: 1856  Num correct: 0  Precision @ 1: 0.0000  AUC @ 1: 0.4858
Step 6000: loss = nan (2.761 sec)
Training Data Eval:
  Num examples: 8960  Num correct: 0  Precision @ 1: 0.0000  AUC @ 1: 0.5077
Validation Data Eval:
  Num examples: 960  Num correct: 0  Precision @ 1: 0.0000  AUC @ 1: 0.5377
Test Data Eval:
  Num examples: 1856  Num correct: 0  Precision @ 1: 0.0000  AUC @ 1: 0.5177
Step 6100: loss = nan (2.870 sec)
Training Data Eval:
  Num examples: 8960  Num correct: 0  Precision @ 1: 0.0000  AUC @ 1: 0.4985
Validation Data Eval:
  Num examples: 960  Num correct: 0  Precision @ 1: 0.0000  AUC @ 1: 0.4918
Test Data Eval:
  Num examples: 1856  Num correct: 0  Precision @ 1: 0.0000  AUC @ 1: 0.5223
Step 6200: loss = nan (2.851 sec)
Training Data Eval:
  Num examples: 8960  Num correct: 0  Precision @ 1: 0.0000  AUC @ 1: 0.5111
Validation Data Eval:
  Num examples: 960  Num correct: 0  Precision @ 1: 0.0000  AUC @ 1: 0.5104
Test Data Eval:
  Num examples: 1856  Num correct: 0  Precision @ 1: 0.0000  AUC @ 1: 0.5022
Step 6300: loss = nan (2.891 sec)
Training Data Eval:
  Num examples: 8960  Num correct: 0  Precision @ 1: 0.0000  AUC @ 1: 0.5029
Validation Data Eval:
  Num examples: 960  Num correct: 0  Precision @ 1: 0.0000  AUC @ 1: 0.4803
Test Data Eval:
  Num examples: 1856  Num correct: 0  Precision @ 1: 0.0000  AUC @ 1: 0.5128
Step 6400: loss = nan (2.836 sec)
Training Data Eval:
  Num examples: 8960  Num correct: 0  Precision @ 1: 0.0000  AUC @ 1: 0.5002
Validation Data Eval:
  Num examples: 960  Num correct: 0  Precision @ 1: 0.0000  AUC @ 1: 0.5105
Test Data Eval:
  Num examples: 1856  Num correct: 0  Precision @ 1: 0.0000  AUC @ 1: 0.5042
Step 6500: loss = nan (2.782 sec)
Training Data Eval:
  Num examples: 8960  Num correct: 0  Precision @ 1: 0.0000  AUC @ 1: 0.5023
Validation Data Eval:
  Num examples: 960  Num correct: 0  Precision @ 1: 0.0000  AUC @ 1: 0.5170
Test Data Eval:
  Num examples: 1856  Num correct: 0  Precision @ 1: 0.0000  AUC @ 1: 0.5075
Step 6600: loss = nan (2.757 sec)
Training Data Eval:
  Num examples: 8960  Num correct: 0  Precision @ 1: 0.0000  AUC @ 1: 0.5032
Validation Data Eval:
  Num examples: 960  Num correct: 0  Precision @ 1: 0.0000  AUC @ 1: 0.5074
Test Data Eval:
  Num examples: 1856  Num correct: 0  Precision @ 1: 0.0000  AUC @ 1: 0.5195
Step 6700: loss = nan (2.982 sec)
Training Data Eval:
  Num examples: 8960  Num correct: 0  Precision @ 1: 0.0000  AUC @ 1: 0.4996
Validation Data Eval:
  Num examples: 960  Num correct: 0  Precision @ 1: 0.0000  AUC @ 1: 0.4908
Test Data Eval:
  Num examples: 1856  Num correct: 0  Precision @ 1: 0.0000  AUC @ 1: 0.4837
Step 6800: loss = nan (2.771 sec)
Training Data Eval:
  Num examples: 8960  Num correct: 0  Precision @ 1: 0.0000  AUC @ 1: 0.4996
Validation Data Eval:
  Num examples: 960  Num correct: 0  Precision @ 1: 0.0000  AUC @ 1: 0.5172
Test Data Eval:
  Num examples: 1856  Num correct: 0  Precision @ 1: 0.0000  AUC @ 1: 0.5040
Step 6900: loss = nan (2.748 sec)
Training Data Eval:
  Num examples: 8960  Num correct: 0  Precision @ 1: 0.0000  AUC @ 1: 0.4909
Validation Data Eval:
  Num examples: 960  Num correct: 0  Precision @ 1: 0.0000  AUC @ 1: 0.4799
Test Data Eval:
  Num examples: 1856  Num correct: 0  Precision @ 1: 0.0000  AUC @ 1: 0.4848
Step 7000: loss = nan (2.974 sec)
Training Data Eval:
  Num examples: 8960  Num correct: 0  Precision @ 1: 0.0000  AUC @ 1: 0.5145
Validation Data Eval:
  Num examples: 960  Num correct: 0  Precision @ 1: 0.0000  AUC @ 1: 0.5184
Test Data Eval:
  Num examples: 1856  Num correct: 0  Precision @ 1: 0.0000  AUC @ 1: 0.4935
Step 7100: loss = nan (2.738 sec)
Training Data Eval:
  Num examples: 8960  Num correct: 0  Precision @ 1: 0.0000  AUC @ 1: 0.4948
Validation Data Eval:
  Num examples: 960  Num correct: 0  Precision @ 1: 0.0000  AUC @ 1: 0.5138
Test Data Eval:
  Num examples: 1856  Num correct: 0  Precision @ 1: 0.0000  AUC @ 1: 0.5039
Step 7200: loss = nan (2.819 sec)
Training Data Eval:
  Num examples: 8960  Num correct: 0  Precision @ 1: 0.0000  AUC @ 1: 0.4965
Validation Data Eval:
  Num examples: 960  Num correct: 0  Precision @ 1: 0.0000  AUC @ 1: 0.4833
Test Data Eval:
  Num examples: 1856  Num correct: 0  Precision @ 1: 0.0000  AUC @ 1: 0.4931
Step 7300: loss = nan (2.859 sec)
Training Data Eval:
  Num examples: 8960  Num correct: 0  Precision @ 1: 0.0000  AUC @ 1: 0.4993
Validation Data Eval:
  Num examples: 960  Num correct: 0  Precision @ 1: 0.0000  AUC @ 1: 0.5082
Test Data Eval:
  Num examples: 1856  Num correct: 0  Precision @ 1: 0.0000  AUC @ 1: 0.4723
Step 7400: loss = nan (2.927 sec)
Training Data Eval:
  Num examples: 8960  Num correct: 0  Precision @ 1: 0.0000  AUC @ 1: 0.4998
Validation Data Eval:
  Num examples: 960  Num correct: 0  Precision @ 1: 0.0000  AUC @ 1: 0.4556
Test Data Eval:
  Num examples: 1856  Num correct: 0  Precision @ 1: 0.0000  AUC @ 1: 0.5071
Step 7500: loss = nan (3.035 sec)
Training Data Eval:
  Num examples: 8960  Num correct: 0  Precision @ 1: 0.0000  AUC @ 1: 0.5035
Validation Data Eval:
  Num examples: 960  Num correct: 0  Precision @ 1: 0.0000  AUC @ 1: 0.4580
Test Data Eval:
  Num examples: 1856  Num correct: 0  Precision @ 1: 0.0000  AUC @ 1: 0.4785
Step 7600: loss = nan (2.832 sec)
Training Data Eval:
  Num examples: 8960  Num correct: 0  Precision @ 1: 0.0000  AUC @ 1: 0.4934
Validation Data Eval:
  Num examples: 960  Num correct: 0  Precision @ 1: 0.0000  AUC @ 1: 0.5007
Test Data Eval:
  Num examples: 1856  Num correct: 0  Precision @ 1: 0.0000  AUC @ 1: 0.4822
Step 7700: loss = nan (2.931 sec)
Training Data Eval:
  Num examples: 8960  Num correct: 0  Precision @ 1: 0.0000  AUC @ 1: 0.4967
Validation Data Eval:
  Num examples: 960  Num correct: 0  Precision @ 1: 0.0000  AUC @ 1: 0.4834
Test Data Eval:
  Num examples: 1856  Num correct: 0  Precision @ 1: 0.0000  AUC @ 1: 0.4766
Step 7800: loss = nan (2.879 sec)
Training Data Eval:
  Num examples: 8960  Num correct: 0  Precision @ 1: 0.0000  AUC @ 1: 0.5016
Validation Data Eval:
  Num examples: 960  Num correct: 0  Precision @ 1: 0.0000  AUC @ 1: 0.5179
Test Data Eval:
  Num examples: 1856  Num correct: 0  Precision @ 1: 0.0000  AUC @ 1: 0.5276
Step 7900: loss = nan (2.874 sec)
Training Data Eval:
  Num examples: 8960  Num correct: 0  Precision @ 1: 0.0000  AUC @ 1: 0.4962
Validation Data Eval:
  Num examples: 960  Num correct: 0  Precision @ 1: 0.0000  AUC @ 1: 0.5146
Test Data Eval:
  Num examples: 1856  Num correct: 0  Precision @ 1: 0.0000  AUC @ 1: 0.4857
Step 8000: loss = nan (2.888 sec)
Training Data Eval:
  Num examples: 8960  Num correct: 0  Precision @ 1: 0.0000  AUC @ 1: 0.5037
Validation Data Eval:
  Num examples: 960  Num correct: 0  Precision @ 1: 0.0000  AUC @ 1: 0.4847
Test Data Eval:
  Num examples: 1856  Num correct: 0  Precision @ 1: 0.0000  AUC @ 1: 0.4991
Step 8100: loss = nan (2.991 sec)
Training Data Eval:
  Num examples: 8960  Num correct: 0  Precision @ 1: 0.0000  AUC @ 1: 0.4969
Validation Data Eval:
  Num examples: 960  Num correct: 0  Precision @ 1: 0.0000  AUC @ 1: 0.4958
Test Data Eval:
  Num examples: 1856  Num correct: 0  Precision @ 1: 0.0000  AUC @ 1: 0.5206
Step 8200: loss = nan (2.933 sec)
Training Data Eval:
  Num examples: 8960  Num correct: 0  Precision @ 1: 0.0000  AUC @ 1: 0.5018
Validation Data Eval:
  Num examples: 960  Num correct: 0  Precision @ 1: 0.0000  AUC @ 1: 0.5194
Test Data Eval:
  Num examples: 1856  Num correct: 0  Precision @ 1: 0.0000  AUC @ 1: 0.5042
Step 8300: loss = nan (2.954 sec)
Training Data Eval:
  Num examples: 8960  Num correct: 0  Precision @ 1: 0.0000  AUC @ 1: 0.4962
Validation Data Eval:
  Num examples: 960  Num correct: 0  Precision @ 1: 0.0000  AUC @ 1: 0.5103
Test Data Eval:
  Num examples: 1856  Num correct: 0  Precision @ 1: 0.0000  AUC @ 1: 0.4808
Step 8400: loss = nan (3.004 sec)
Training Data Eval:
  Num examples: 8960  Num correct: 0  Precision @ 1: 0.0000  AUC @ 1: 0.5048
Validation Data Eval:
  Num examples: 960  Num correct: 0  Precision @ 1: 0.0000  AUC @ 1: 0.4949
Test Data Eval:
  Num examples: 1856  Num correct: 0  Precision @ 1: 0.0000  AUC @ 1: 0.4859
Step 8500: loss = nan (2.885 sec)
Training Data Eval:
  Num examples: 8960  Num correct: 0  Precision @ 1: 0.0000  AUC @ 1: 0.5067
Validation Data Eval:
  Num examples: 960  Num correct: 0  Precision @ 1: 0.0000  AUC @ 1: 0.4636
Test Data Eval:
  Num examples: 1856  Num correct: 0  Precision @ 1: 0.0000  AUC @ 1: 0.4810
Step 8600: loss = nan (2.851 sec)
Training Data Eval:
  Num examples: 8960  Num correct: 0  Precision @ 1: 0.0000  AUC @ 1: 0.4993
Validation Data Eval:
  Num examples: 960  Num correct: 0  Precision @ 1: 0.0000  AUC @ 1: 0.4927
Test Data Eval:
  Num examples: 1856  Num correct: 0  Precision @ 1: 0.0000  AUC @ 1: 0.5082
Step 8700: loss = nan (2.846 sec)
Training Data Eval:
  Num examples: 8960  Num correct: 0  Precision @ 1: 0.0000  AUC @ 1: 0.5031
Validation Data Eval:
  Num examples: 960  Num correct: 0  Precision @ 1: 0.0000  AUC @ 1: 0.4788
Test Data Eval:
  Num examples: 1856  Num correct: 0  Precision @ 1: 0.0000  AUC @ 1: 0.4969
Step 8800: loss = nan (2.977 sec)
Training Data Eval:
  Num examples: 8960  Num correct: 0  Precision @ 1: 0.0000  AUC @ 1: 0.4983
Validation Data Eval:
  Num examples: 960  Num correct: 0  Precision @ 1: 0.0000  AUC @ 1: 0.4876
Test Data Eval:
  Num examples: 1856  Num correct: 0  Precision @ 1: 0.0000  AUC @ 1: 0.4715
Step 8900: loss = nan (3.026 sec)
Training Data Eval:
  Num examples: 8960  Num correct: 0  Precision @ 1: 0.0000  AUC @ 1: 0.4972
Validation Data Eval:
  Num examples: 960  Num correct: 0  Precision @ 1: 0.0000  AUC @ 1: 0.5224
Test Data Eval:
  Num examples: 1856  Num correct: 0  Precision @ 1: 0.0000  AUC @ 1: 0.5046
Step 9000: loss = nan (3.064 sec)
Training Data Eval:
  Num examples: 8960  Num correct: 0  Precision @ 1: 0.0000  AUC @ 1: 0.5040
Validation Data Eval:
  Num examples: 960  Num correct: 0  Precision @ 1: 0.0000  AUC @ 1: 0.4925
Test Data Eval:
  Num examples: 1856  Num correct: 0  Precision @ 1: 0.0000  AUC @ 1: 0.5224
Step 9100: loss = nan (2.995 sec)
Training Data Eval:
  Num examples: 8960  Num correct: 0  Precision @ 1: 0.0000  AUC @ 1: 0.5086
Validation Data Eval:
  Num examples: 960  Num correct: 0  Precision @ 1: 0.0000  AUC @ 1: 0.4625
Test Data Eval:
  Num examples: 1856  Num correct: 0  Precision @ 1: 0.0000  AUC @ 1: 0.5016
Step 9200: loss = nan (2.835 sec)
Training Data Eval:
  Num examples: 8960  Num correct: 0  Precision @ 1: 0.0000  AUC @ 1: 0.4915
Validation Data Eval:
  Num examples: 960  Num correct: 0  Precision @ 1: 0.0000  AUC @ 1: 0.5132
Test Data Eval:
  Num examples: 1856  Num correct: 0  Precision @ 1: 0.0000  AUC @ 1: 0.5031
Step 9300: loss = nan (2.991 sec)
Training Data Eval:
  Num examples: 8960  Num correct: 0  Precision @ 1: 0.0000  AUC @ 1: 0.5075
Validation Data Eval:
  Num examples: 960  Num correct: 0  Precision @ 1: 0.0000  AUC @ 1: 0.4952
Test Data Eval:
  Num examples: 1856  Num correct: 0  Precision @ 1: 0.0000  AUC @ 1: 0.4846
Step 9400: loss = nan (2.933 sec)
Training Data Eval:
  Num examples: 8960  Num correct: 0  Precision @ 1: 0.0000  AUC @ 1: 0.5047
Validation Data Eval:
  Num examples: 960  Num correct: 0  Precision @ 1: 0.0000  AUC @ 1: 0.4756
Test Data Eval:
  Num examples: 1856  Num correct: 0  Precision @ 1: 0.0000  AUC @ 1: 0.5248
Step 9500: loss = nan (2.859 sec)
Training Data Eval:
  Num examples: 8960  Num correct: 0  Precision @ 1: 0.0000  AUC @ 1: 0.5026
Validation Data Eval:
  Num examples: 960  Num correct: 0  Precision @ 1: 0.0000  AUC @ 1: 0.4543
Test Data Eval:
  Num examples: 1856  Num correct: 0  Precision @ 1: 0.0000  AUC @ 1: 0.4930
Step 9600: loss = nan (2.863 sec)
Training Data Eval:
  Num examples: 8960  Num correct: 0  Precision @ 1: 0.0000  AUC @ 1: 0.5046
Validation Data Eval:
  Num examples: 960  Num correct: 0  Precision @ 1: 0.0000  AUC @ 1: 0.4754
Test Data Eval:
  Num examples: 1856  Num correct: 0  Precision @ 1: 0.0000  AUC @ 1: 0.5124
Step 9700: loss = nan (2.925 sec)
Training Data Eval:
  Num examples: 8960  Num correct: 0  Precision @ 1: 0.0000  AUC @ 1: 0.4934
Validation Data Eval:
  Num examples: 960  Num correct: 0  Precision @ 1: 0.0000  AUC @ 1: 0.5063
Test Data Eval:
  Num examples: 1856  Num correct: 0  Precision @ 1: 0.0000  AUC @ 1: 0.5010
Step 9800: loss = nan (2.968 sec)
Training Data Eval:
  Num examples: 8960  Num correct: 0  Precision @ 1: 0.0000  AUC @ 1: 0.4942
Validation Data Eval:
  Num examples: 960  Num correct: 0  Precision @ 1: 0.0000  AUC @ 1: 0.5059
Test Data Eval:
  Num examples: 1856  Num correct: 0  Precision @ 1: 0.0000  AUC @ 1: 0.5029
Step 9900: loss = nan (2.858 sec)
Training Data Eval:
  Num examples: 8960  Num correct: 0  Precision @ 1: 0.0000  AUC @ 1: 0.4916
Validation Data Eval:
  Num examples: 960  Num correct: 0  Precision @ 1: 0.0000  AUC @ 1: 0.4951
Test Data Eval:
  Num examples: 1856  Num correct: 0  Precision @ 1: 0.0000  AUC @ 1: 0.4828
