Training data shape: 	(10000, 64, 64, 1)
Training label shape:	(10000,)
Testing data shape:  	(1910, 64, 64, 1)
Testing label shape: 	(1910,)
max input value is: 153.458
min input value is: -104.189
random permuted training data
==============================================================================
Model: 			inference_roicnn
Tensor Name: 	Placeholder:0
[64, 64, 64, 1]
==============================================================================
Tensor Name: concat_64:0
[64, 320, 64, 1]
==============================================================================
Tensor Name: concat_129:0
[64, 320, 320, 1]
==============================================================================
Tensor Name: conv0/conv0:0
[64, 64, 64, 8]
==============================================================================
Tensor Name: concat_162:0
[64, 64, 64, 8]
==============================================================================
Tensor Name: MaxPool:0
[64, 32, 32, 8]
==============================================================================
Tensor Name: local1/local1:0
[64, 128]
==============================================================================
Tensor Name: local2/local2:0
[64, 128]
==============================================================================
Tensor Name: softmax_linear/softmax_linear:0
[64, 2]
Step 0: loss = 3.3312 (0.359 sec)
Training Data Eval:
  Num examples: 8960  Num correct: 3957  Precision @ 1: 0.4416  AUC @ 1: 0.4689
Validation Data Eval:
  Num examples: 960  Num correct: 424  Precision @ 1: 0.4417  AUC @ 1: 0.4733
Test Data Eval:
  Num examples: 1856  Num correct: 794  Precision @ 1: 0.4278  AUC @ 1: 0.4863
Step 100: loss = 3.3313 (0.266 sec)
Training Data Eval:
  Num examples: 8960  Num correct: 3986  Precision @ 1: 0.4449  AUC @ 1: 0.4644
Validation Data Eval:
  Num examples: 960  Num correct: 427  Precision @ 1: 0.4448  AUC @ 1: 0.4719
Test Data Eval:
  Num examples: 1856  Num correct: 788  Precision @ 1: 0.4246  AUC @ 1: 0.4839
Step 200: loss = 3.3294 (0.258 sec)
Training Data Eval:
  Num examples: 8960  Num correct: 3997  Precision @ 1: 0.4461  AUC @ 1: 0.4668
Validation Data Eval:
  Num examples: 960  Num correct: 421  Precision @ 1: 0.4385  AUC @ 1: 0.4696
Test Data Eval:
  Num examples: 1856  Num correct: 781  Precision @ 1: 0.4208  AUC @ 1: 0.4898
Step 300: loss = 3.3332 (0.292 sec)
Training Data Eval:
  Num examples: 8960  Num correct: 3953  Precision @ 1: 0.4412  AUC @ 1: 0.4629
Validation Data Eval:
  Num examples: 960  Num correct: 428  Precision @ 1: 0.4458  AUC @ 1: 0.4697
Test Data Eval:
  Num examples: 1856  Num correct: 789  Precision @ 1: 0.4251  AUC @ 1: 0.4891
Step 400: loss = 3.3330 (0.302 sec)
Training Data Eval:
  Num examples: 8960  Num correct: 3990  Precision @ 1: 0.4453  AUC @ 1: 0.4654
Validation Data Eval:
  Num examples: 960  Num correct: 426  Precision @ 1: 0.4437  AUC @ 1: 0.4650
Test Data Eval:
  Num examples: 1856  Num correct: 782  Precision @ 1: 0.4213  AUC @ 1: 0.4876
Step 500: loss = 3.3290 (0.309 sec)
Training Data Eval:
  Num examples: 8960  Num correct: 3970  Precision @ 1: 0.4431  AUC @ 1: 0.4683
Validation Data Eval:
  Num examples: 960  Num correct: 424  Precision @ 1: 0.4417  AUC @ 1: 0.4695
Test Data Eval:
  Num examples: 1856  Num correct: 785  Precision @ 1: 0.4230  AUC @ 1: 0.4877
Step 600: loss = 3.3343 (0.288 sec)
Training Data Eval:
  Num examples: 8960  Num correct: 3977  Precision @ 1: 0.4439  AUC @ 1: 0.4659
Validation Data Eval:
  Num examples: 960  Num correct: 426  Precision @ 1: 0.4437  AUC @ 1: 0.4706
Test Data Eval:
  Num examples: 1856  Num correct: 785  Precision @ 1: 0.4230  AUC @ 1: 0.4881
Step 700: loss = 3.3336 (0.356 sec)
Training Data Eval:
  Num examples: 8960  Num correct: 3961  Precision @ 1: 0.4421  AUC @ 1: 0.4724
Validation Data Eval:
  Num examples: 960  Num correct: 424  Precision @ 1: 0.4417  AUC @ 1: 0.4744
Test Data Eval:
  Num examples: 1856  Num correct: 782  Precision @ 1: 0.4213  AUC @ 1: 0.4841
Step 800: loss = 3.3329 (0.314 sec)
Training Data Eval:
  Num examples: 8960  Num correct: 4005  Precision @ 1: 0.4470  AUC @ 1: 0.4695
Validation Data Eval:
  Num examples: 960  Num correct: 421  Precision @ 1: 0.4385  AUC @ 1: 0.4702
Test Data Eval:
  Num examples: 1856  Num correct: 784  Precision @ 1: 0.4224  AUC @ 1: 0.4888
Step 900: loss = 3.3336 (0.316 sec)
Training Data Eval:
  Num examples: 8960  Num correct: 3972  Precision @ 1: 0.4433  AUC @ 1: 0.4666
Validation Data Eval:
  Num examples: 960  Num correct: 425  Precision @ 1: 0.4427  AUC @ 1: 0.4662
Test Data Eval:
  Num examples: 1856  Num correct: 780  Precision @ 1: 0.4203  AUC @ 1: 0.4884
Step 1000: loss = 3.3358 (0.300 sec)
Training Data Eval:
  Num examples: 8960  Num correct: 3960  Precision @ 1: 0.4420  AUC @ 1: 0.4657
Validation Data Eval:
  Num examples: 960  Num correct: 427  Precision @ 1: 0.4448  AUC @ 1: 0.4665
Test Data Eval:
  Num examples: 1856  Num correct: 784  Precision @ 1: 0.4224  AUC @ 1: 0.4850
Step 1100: loss = 3.3349 (0.292 sec)
Training Data Eval:
  Num examples: 8960  Num correct: 3971  Precision @ 1: 0.4432  AUC @ 1: 0.4660
Validation Data Eval:
  Num examples: 960  Num correct: 426  Precision @ 1: 0.4437  AUC @ 1: 0.4590
Test Data Eval:
  Num examples: 1856  Num correct: 786  Precision @ 1: 0.4235  AUC @ 1: 0.4891
Step 1200: loss = 3.3340 (0.324 sec)
Training Data Eval:
  Num examples: 8960  Num correct: 3988  Precision @ 1: 0.4451  AUC @ 1: 0.4684
Validation Data Eval:
  Num examples: 960  Num correct: 426  Precision @ 1: 0.4437  AUC @ 1: 0.4679
Test Data Eval:
  Num examples: 1856  Num correct: 782  Precision @ 1: 0.4213  AUC @ 1: 0.4876
Step 1300: loss = 3.3393 (0.307 sec)
Training Data Eval:
  Num examples: 8960  Num correct: 3972  Precision @ 1: 0.4433  AUC @ 1: 0.4663
Validation Data Eval:
  Num examples: 960  Num correct: 427  Precision @ 1: 0.4448  AUC @ 1: 0.4742
Test Data Eval:
  Num examples: 1856  Num correct: 791  Precision @ 1: 0.4262  AUC @ 1: 0.4866
Step 1400: loss = 3.3341 (0.379 sec)
Training Data Eval:
  Num examples: 8960  Num correct: 3984  Precision @ 1: 0.4446  AUC @ 1: 0.4666
Validation Data Eval:
  Num examples: 960  Num correct: 422  Precision @ 1: 0.4396  AUC @ 1: 0.4670
Test Data Eval:
  Num examples: 1856  Num correct: 783  Precision @ 1: 0.4219  AUC @ 1: 0.4873
Step 1500: loss = 3.3353 (0.303 sec)
Training Data Eval:
  Num examples: 8960  Num correct: 3957  Precision @ 1: 0.4416  AUC @ 1: 0.4694
Validation Data Eval:
  Num examples: 960  Num correct: 428  Precision @ 1: 0.4458  AUC @ 1: 0.4687
Test Data Eval:
  Num examples: 1856  Num correct: 787  Precision @ 1: 0.4240  AUC @ 1: 0.4875
Step 1600: loss = 3.3335 (0.292 sec)
Training Data Eval:
  Num examples: 8960  Num correct: 4027  Precision @ 1: 0.4494  AUC @ 1: 0.4715
Validation Data Eval:
  Num examples: 960  Num correct: 426  Precision @ 1: 0.4437  AUC @ 1: 0.4674
Test Data Eval:
  Num examples: 1856  Num correct: 787  Precision @ 1: 0.4240  AUC @ 1: 0.4897
Step 1700: loss = 3.3337 (0.292 sec)
Training Data Eval:
  Num examples: 8960  Num correct: 3982  Precision @ 1: 0.4444  AUC @ 1: 0.4619
Validation Data Eval:
  Num examples: 960  Num correct: 426  Precision @ 1: 0.4437  AUC @ 1: 0.4710
Test Data Eval:
  Num examples: 1856  Num correct: 789  Precision @ 1: 0.4251  AUC @ 1: 0.4862
Step 1800: loss = 3.3359 (0.300 sec)
Training Data Eval:
  Num examples: 8960  Num correct: 4021  Precision @ 1: 0.4488  AUC @ 1: 0.4668
Validation Data Eval:
  Num examples: 960  Num correct: 428  Precision @ 1: 0.4458  AUC @ 1: 0.4812
Test Data Eval:
  Num examples: 1856  Num correct: 781  Precision @ 1: 0.4208  AUC @ 1: 0.4888
Step 1900: loss = 3.3347 (0.294 sec)
Training Data Eval:
  Num examples: 8960  Num correct: 3980  Precision @ 1: 0.4442  AUC @ 1: 0.4668
Validation Data Eval:
  Num examples: 960  Num correct: 429  Precision @ 1: 0.4469  AUC @ 1: 0.4755
Test Data Eval:
  Num examples: 1856  Num correct: 790  Precision @ 1: 0.4256  AUC @ 1: 0.4879
Step 2000: loss = 3.3335 (0.304 sec)
Training Data Eval:
  Num examples: 8960  Num correct: 3972  Precision @ 1: 0.4433  AUC @ 1: 0.4670
Validation Data Eval:
  Num examples: 960  Num correct: 425  Precision @ 1: 0.4427  AUC @ 1: 0.4622
Test Data Eval:
  Num examples: 1856  Num correct: 786  Precision @ 1: 0.4235  AUC @ 1: 0.4859
Step 2100: loss = 3.3335 (0.352 sec)
Training Data Eval:
  Num examples: 8960  Num correct: 3998  Precision @ 1: 0.4462  AUC @ 1: 0.4670
Validation Data Eval:
  Num examples: 960  Num correct: 423  Precision @ 1: 0.4406  AUC @ 1: 0.4645
Test Data Eval:
  Num examples: 1856  Num correct: 780  Precision @ 1: 0.4203  AUC @ 1: 0.4844
Step 2200: loss = 3.3320 (0.291 sec)
Training Data Eval:
  Num examples: 8960  Num correct: 3943  Precision @ 1: 0.4401  AUC @ 1: 0.4602
Validation Data Eval:
  Num examples: 960  Num correct: 426  Precision @ 1: 0.4437  AUC @ 1: 0.4647
Test Data Eval:
  Num examples: 1856  Num correct: 784  Precision @ 1: 0.4224  AUC @ 1: 0.4880
Step 2300: loss = 3.3319 (0.291 sec)
Training Data Eval:
  Num examples: 8960  Num correct: 3942  Precision @ 1: 0.4400  AUC @ 1: 0.4694
Validation Data Eval:
  Num examples: 960  Num correct: 425  Precision @ 1: 0.4427  AUC @ 1: 0.4682
Test Data Eval:
  Num examples: 1856  Num correct: 780  Precision @ 1: 0.4203  AUC @ 1: 0.4906
Step 2400: loss = 3.3354 (0.301 sec)
Training Data Eval:
  Num examples: 8960  Num correct: 3973  Precision @ 1: 0.4434  AUC @ 1: 0.4623
Validation Data Eval:
  Num examples: 960  Num correct: 425  Precision @ 1: 0.4427  AUC @ 1: 0.4704
Test Data Eval:
  Num examples: 1856  Num correct: 791  Precision @ 1: 0.4262  AUC @ 1: 0.4835
Step 2500: loss = 3.3346 (0.297 sec)
Training Data Eval:
  Num examples: 8960  Num correct: 3991  Precision @ 1: 0.4454  AUC @ 1: 0.4702
Validation Data Eval:
  Num examples: 960  Num correct: 422  Precision @ 1: 0.4396  AUC @ 1: 0.4666
Test Data Eval:
  Num examples: 1856  Num correct: 782  Precision @ 1: 0.4213  AUC @ 1: 0.4901
Step 2600: loss = 3.3340 (0.322 sec)
Training Data Eval:
  Num examples: 8960  Num correct: 4000  Precision @ 1: 0.4464  AUC @ 1: 0.4688
Validation Data Eval:
  Num examples: 960  Num correct: 426  Precision @ 1: 0.4437  AUC @ 1: 0.4762
Test Data Eval:
  Num examples: 1856  Num correct: 783  Precision @ 1: 0.4219  AUC @ 1: 0.4864
Step 2700: loss = 3.3312 (0.290 sec)
Training Data Eval:
  Num examples: 8960  Num correct: 3981  Precision @ 1: 0.4443  AUC @ 1: 0.4662
Validation Data Eval:
  Num examples: 960  Num correct: 430  Precision @ 1: 0.4479  AUC @ 1: 0.4667
Test Data Eval:
  Num examples: 1856  Num correct: 783  Precision @ 1: 0.4219  AUC @ 1: 0.4827
Step 2800: loss = 3.3331 (0.369 sec)
Training Data Eval:
  Num examples: 8960  Num correct: 3965  Precision @ 1: 0.4425  AUC @ 1: 0.4643
Validation Data Eval:
  Num examples: 960  Num correct: 422  Precision @ 1: 0.4396  AUC @ 1: 0.4597
Test Data Eval:
  Num examples: 1856  Num correct: 784  Precision @ 1: 0.4224  AUC @ 1: 0.4898
Step 2900: loss = 3.3357 (0.303 sec)
Training Data Eval:
  Num examples: 8960  Num correct: 3999  Precision @ 1: 0.4463  AUC @ 1: 0.4743
Validation Data Eval:
  Num examples: 960  Num correct: 425  Precision @ 1: 0.4427  AUC @ 1: 0.4665
Test Data Eval:
  Num examples: 1856  Num correct: 787  Precision @ 1: 0.4240  AUC @ 1: 0.4891
Step 3000: loss = 3.3319 (0.273 sec)
Training Data Eval:
  Num examples: 8960  Num correct: 3970  Precision @ 1: 0.4431  AUC @ 1: 0.4730
Validation Data Eval:
  Num examples: 960  Num correct: 429  Precision @ 1: 0.4469  AUC @ 1: 0.4728
Test Data Eval:
  Num examples: 1856  Num correct: 783  Precision @ 1: 0.4219  AUC @ 1: 0.4865
Step 3100: loss = 3.3316 (0.280 sec)
Training Data Eval:
  Num examples: 8960  Num correct: 3943  Precision @ 1: 0.4401  AUC @ 1: 0.4729
Validation Data Eval:
  Num examples: 960  Num correct: 426  Precision @ 1: 0.4437  AUC @ 1: 0.4650
Test Data Eval:
  Num examples: 1856  Num correct: 786  Precision @ 1: 0.4235  AUC @ 1: 0.4871
Step 3200: loss = 3.3347 (0.289 sec)
Training Data Eval:
  Num examples: 8960  Num correct: 3958  Precision @ 1: 0.4417  AUC @ 1: 0.4670
Validation Data Eval:
  Num examples: 960  Num correct: 424  Precision @ 1: 0.4417  AUC @ 1: 0.4674
Test Data Eval:
  Num examples: 1856  Num correct: 784  Precision @ 1: 0.4224  AUC @ 1: 0.4879
Step 3300: loss = 3.3303 (0.295 sec)
Training Data Eval:
  Num examples: 8960  Num correct: 3957  Precision @ 1: 0.4416  AUC @ 1: 0.4721
Validation Data Eval:
  Num examples: 960  Num correct: 426  Precision @ 1: 0.4437  AUC @ 1: 0.4665
Test Data Eval:
  Num examples: 1856  Num correct: 790  Precision @ 1: 0.4256  AUC @ 1: 0.4880
Step 3400: loss = 3.3343 (0.281 sec)
Training Data Eval:
  Num examples: 8960  Num correct: 3973  Precision @ 1: 0.4434  AUC @ 1: 0.4663
Validation Data Eval:
  Num examples: 960  Num correct: 421  Precision @ 1: 0.4385  AUC @ 1: 0.4699
Test Data Eval:
  Num examples: 1856  Num correct: 784  Precision @ 1: 0.4224  AUC @ 1: 0.4883
Step 3500: loss = 3.3328 (0.358 sec)
Training Data Eval:
  Num examples: 8960  Num correct: 3951  Precision @ 1: 0.4410  AUC @ 1: 0.4717
Validation Data Eval:
  Num examples: 960  Num correct: 421  Precision @ 1: 0.4385  AUC @ 1: 0.4749
Test Data Eval:
  Num examples: 1856  Num correct: 788  Precision @ 1: 0.4246  AUC @ 1: 0.4874
Step 3600: loss = 3.3287 (0.294 sec)
Training Data Eval:
  Num examples: 8960  Num correct: 4018  Precision @ 1: 0.4484  AUC @ 1: 0.4606
Validation Data Eval:
  Num examples: 960  Num correct: 427  Precision @ 1: 0.4448  AUC @ 1: 0.4739
Test Data Eval:
  Num examples: 1856  Num correct: 778  Precision @ 1: 0.4192  AUC @ 1: 0.4832
Step 3700: loss = 3.3332 (0.290 sec)
Training Data Eval:
  Num examples: 8960  Num correct: 3977  Precision @ 1: 0.4439  AUC @ 1: 0.4669
Validation Data Eval:
  Num examples: 960  Num correct: 420  Precision @ 1: 0.4375  AUC @ 1: 0.4697
Test Data Eval:
  Num examples: 1856  Num correct: 782  Precision @ 1: 0.4213  AUC @ 1: 0.4890
Step 3800: loss = 3.3312 (0.286 sec)
Training Data Eval:
  Num examples: 8960  Num correct: 3947  Precision @ 1: 0.4405  AUC @ 1: 0.4632
Validation Data Eval:
  Num examples: 960  Num correct: 424  Precision @ 1: 0.4417  AUC @ 1: 0.4712
Test Data Eval:
  Num examples: 1856  Num correct: 787  Precision @ 1: 0.4240  AUC @ 1: 0.4871
Step 3900: loss = 3.3315 (0.316 sec)
Training Data Eval:
  Num examples: 8960  Num correct: 4019  Precision @ 1: 0.4485  AUC @ 1: 0.4714
Validation Data Eval:
  Num examples: 960  Num correct: 418  Precision @ 1: 0.4354  AUC @ 1: 0.4737
Test Data Eval:
  Num examples: 1856  Num correct: 789  Precision @ 1: 0.4251  AUC @ 1: 0.4861
Step 4000: loss = 3.3342 (0.296 sec)
Training Data Eval:
  Num examples: 8960  Num correct: 3946  Precision @ 1: 0.4404  AUC @ 1: 0.4640
Validation Data Eval:
  Num examples: 960  Num correct: 420  Precision @ 1: 0.4375  AUC @ 1: 0.4709
Test Data Eval:
  Num examples: 1856  Num correct: 775  Precision @ 1: 0.4176  AUC @ 1: 0.4871
Step 4100: loss = 3.3336 (0.285 sec)
Training Data Eval:
  Num examples: 8960  Num correct: 3970  Precision @ 1: 0.4431  AUC @ 1: 0.4667
Validation Data Eval:
  Num examples: 960  Num correct: 427  Precision @ 1: 0.4448  AUC @ 1: 0.4707
Test Data Eval:
  Num examples: 1856  Num correct: 779  Precision @ 1: 0.4197  AUC @ 1: 0.4853
Step 4200: loss = 3.3310 (0.380 sec)
Training Data Eval:
  Num examples: 8960  Num correct: 3968  Precision @ 1: 0.4429  AUC @ 1: 0.4706
Validation Data Eval:
  Num examples: 960  Num correct: 428  Precision @ 1: 0.4458  AUC @ 1: 0.4670
Test Data Eval:
  Num examples: 1856  Num correct: 791  Precision @ 1: 0.4262  AUC @ 1: 0.4867
Step 4300: loss = 3.3292 (0.299 sec)
Training Data Eval:
  Num examples: 8960  Num correct: 3928  Precision @ 1: 0.4384  AUC @ 1: 0.4699
Validation Data Eval:
  Num examples: 960  Num correct: 425  Precision @ 1: 0.4427  AUC @ 1: 0.4694
Test Data Eval:
  Num examples: 1856  Num correct: 793  Precision @ 1: 0.4273  AUC @ 1: 0.4857
Step 4400: loss = 3.3322 (0.339 sec)
Training Data Eval:
  Num examples: 8960  Num correct: 4002  Precision @ 1: 0.4467  AUC @ 1: 0.4623
Validation Data Eval:
  Num examples: 960  Num correct: 430  Precision @ 1: 0.4479  AUC @ 1: 0.4655
Test Data Eval:
  Num examples: 1856  Num correct: 782  Precision @ 1: 0.4213  AUC @ 1: 0.4827
Step 4500: loss = 3.3356 (0.300 sec)
Training Data Eval:
  Num examples: 8960  Num correct: 3973  Precision @ 1: 0.4434  AUC @ 1: 0.4660
Validation Data Eval:
  Num examples: 960  Num correct: 431  Precision @ 1: 0.4490  AUC @ 1: 0.4704
Test Data Eval:
  Num examples: 1856  Num correct: 784  Precision @ 1: 0.4224  AUC @ 1: 0.4895
Step 4600: loss = 3.3285 (0.330 sec)
Training Data Eval:
  Num examples: 8960  Num correct: 3996  Precision @ 1: 0.4460  AUC @ 1: 0.4696
Validation Data Eval:
  Num examples: 960  Num correct: 418  Precision @ 1: 0.4354  AUC @ 1: 0.4677
Test Data Eval:
  Num examples: 1856  Num correct: 784  Precision @ 1: 0.4224  AUC @ 1: 0.4863
Step 4700: loss = 3.3371 (0.320 sec)
Training Data Eval:
  Num examples: 8960  Num correct: 3980  Precision @ 1: 0.4442  AUC @ 1: 0.4712
Validation Data Eval:
  Num examples: 960  Num correct: 425  Precision @ 1: 0.4427  AUC @ 1: 0.4692
Test Data Eval:
  Num examples: 1856  Num correct: 789  Precision @ 1: 0.4251  AUC @ 1: 0.4859
Step 4800: loss = 3.3369 (0.285 sec)
Training Data Eval:
  Num examples: 8960  Num correct: 3971  Precision @ 1: 0.4432  AUC @ 1: 0.4663
Validation Data Eval:
  Num examples: 960  Num correct: 430  Precision @ 1: 0.4479  AUC @ 1: 0.4716
Test Data Eval:
  Num examples: 1856  Num correct: 787  Precision @ 1: 0.4240  AUC @ 1: 0.4907
Step 4900: loss = 3.3321 (0.363 sec)
Training Data Eval:
  Num examples: 8960  Num correct: 3984  Precision @ 1: 0.4446  AUC @ 1: 0.4648
Validation Data Eval:
  Num examples: 960  Num correct: 418  Precision @ 1: 0.4354  AUC @ 1: 0.4704
Test Data Eval:
  Num examples: 1856  Num correct: 791  Precision @ 1: 0.4262  AUC @ 1: 0.4903
Step 5000: loss = 3.3314 (0.313 sec)
Training Data Eval:
  Num examples: 8960  Num correct: 3964  Precision @ 1: 0.4424  AUC @ 1: 0.4601
Validation Data Eval:
  Num examples: 960  Num correct: 426  Precision @ 1: 0.4437  AUC @ 1: 0.4662
Test Data Eval:
  Num examples: 1856  Num correct: 791  Precision @ 1: 0.4262  AUC @ 1: 0.4826
Step 5100: loss = 3.3313 (0.304 sec)
Training Data Eval:
  Num examples: 8960  Num correct: 3961  Precision @ 1: 0.4421  AUC @ 1: 0.4682
Validation Data Eval:
  Num examples: 960  Num correct: 427  Precision @ 1: 0.4448  AUC @ 1: 0.4680
Test Data Eval:
  Num examples: 1856  Num correct: 779  Precision @ 1: 0.4197  AUC @ 1: 0.4888
Step 5200: loss = 3.3331 (0.286 sec)
Training Data Eval:
  Num examples: 8960  Num correct: 3985  Precision @ 1: 0.4448  AUC @ 1: 0.4634
Validation Data Eval:
  Num examples: 960  Num correct: 423  Precision @ 1: 0.4406  AUC @ 1: 0.4675
Test Data Eval:
  Num examples: 1856  Num correct: 784  Precision @ 1: 0.4224  AUC @ 1: 0.4898
Step 5300: loss = 3.3372 (0.304 sec)
Training Data Eval:
  Num examples: 8960  Num correct: 3963  Precision @ 1: 0.4423  AUC @ 1: 0.4641
Validation Data Eval:
  Num examples: 960  Num correct: 429  Precision @ 1: 0.4469  AUC @ 1: 0.4663
Test Data Eval:
  Num examples: 1856  Num correct: 784  Precision @ 1: 0.4224  AUC @ 1: 0.4846
Step 5400: loss = 3.3317 (0.309 sec)
Training Data Eval:
  Num examples: 8960  Num correct: 3956  Precision @ 1: 0.4415  AUC @ 1: 0.4690
Validation Data Eval:
  Num examples: 960  Num correct: 424  Precision @ 1: 0.4417  AUC @ 1: 0.4679
Test Data Eval:
  Num examples: 1856  Num correct: 788  Precision @ 1: 0.4246  AUC @ 1: 0.4839
Step 5500: loss = 3.3367 (0.288 sec)
Training Data Eval:
  Num examples: 8960  Num correct: 3975  Precision @ 1: 0.4436  AUC @ 1: 0.4659
Validation Data Eval:
  Num examples: 960  Num correct: 425  Precision @ 1: 0.4427  AUC @ 1: 0.4688
Test Data Eval:
  Num examples: 1856  Num correct: 786  Precision @ 1: 0.4235  AUC @ 1: 0.4857
Step 5600: loss = 3.3328 (0.386 sec)
Training Data Eval:
  Num examples: 8960  Num correct: 3971  Precision @ 1: 0.4432  AUC @ 1: 0.4664
Validation Data Eval:
  Num examples: 960  Num correct: 431  Precision @ 1: 0.4490  AUC @ 1: 0.4696
Test Data Eval:
  Num examples: 1856  Num correct: 787  Precision @ 1: 0.4240  AUC @ 1: 0.4905
Step 5700: loss = 3.3306 (0.343 sec)
Training Data Eval:
  Num examples: 8960  Num correct: 3946  Precision @ 1: 0.4404  AUC @ 1: 0.4749
Validation Data Eval:
  Num examples: 960  Num correct: 426  Precision @ 1: 0.4437  AUC @ 1: 0.4721
Test Data Eval:
  Num examples: 1856  Num correct: 788  Precision @ 1: 0.4246  AUC @ 1: 0.4850
Step 5800: loss = 3.3328 (0.299 sec)
Training Data Eval:
  Num examples: 8960  Num correct: 3949  Precision @ 1: 0.4407  AUC @ 1: 0.4630
Validation Data Eval:
  Num examples: 960  Num correct: 425  Precision @ 1: 0.4427  AUC @ 1: 0.4734
Test Data Eval:
  Num examples: 1856  Num correct: 786  Precision @ 1: 0.4235  AUC @ 1: 0.4866
Step 5900: loss = 3.3288 (0.284 sec)
Training Data Eval:
  Num examples: 8960  Num correct: 3981  Precision @ 1: 0.4443  AUC @ 1: 0.4656
Validation Data Eval:
  Num examples: 960  Num correct: 424  Precision @ 1: 0.4417  AUC @ 1: 0.4761
Test Data Eval:
  Num examples: 1856  Num correct: 788  Precision @ 1: 0.4246  AUC @ 1: 0.4865
Step 6000: loss = 3.3336 (0.307 sec)
Training Data Eval:
  Num examples: 8960  Num correct: 4014  Precision @ 1: 0.4480  AUC @ 1: 0.4581
Validation Data Eval:
  Num examples: 960  Num correct: 424  Precision @ 1: 0.4417  AUC @ 1: 0.4727
Test Data Eval:
  Num examples: 1856  Num correct: 786  Precision @ 1: 0.4235  AUC @ 1: 0.4871
Step 6100: loss = 3.3271 (0.302 sec)
Training Data Eval:
  Num examples: 8960  Num correct: 3977  Precision @ 1: 0.4439  AUC @ 1: 0.4726
Validation Data Eval:
  Num examples: 960  Num correct: 424  Precision @ 1: 0.4417  AUC @ 1: 0.4728
Test Data Eval:
  Num examples: 1856  Num correct: 784  Precision @ 1: 0.4224  AUC @ 1: 0.4868
Step 6200: loss = 3.3316 (0.297 sec)
Training Data Eval:
  Num examples: 8960  Num correct: 3969  Precision @ 1: 0.4430  AUC @ 1: 0.4664
Validation Data Eval:
  Num examples: 960  Num correct: 421  Precision @ 1: 0.4385  AUC @ 1: 0.4683
Test Data Eval:
  Num examples: 1856  Num correct: 777  Precision @ 1: 0.4186  AUC @ 1: 0.4890
Step 6300: loss = 3.3320 (0.369 sec)
Training Data Eval:
  Num examples: 8960  Num correct: 3951  Precision @ 1: 0.4410  AUC @ 1: 0.4547
Validation Data Eval:
  Num examples: 960  Num correct: 428  Precision @ 1: 0.4458  AUC @ 1: 0.4753
Test Data Eval:
  Num examples: 1856  Num correct: 785  Precision @ 1: 0.4230  AUC @ 1: 0.4868
Step 6400: loss = 3.3315 (0.294 sec)
Training Data Eval:
  Num examples: 8960  Num correct: 3973  Precision @ 1: 0.4434  AUC @ 1: 0.4659
Validation Data Eval:
  Num examples: 960  Num correct: 430  Precision @ 1: 0.4479  AUC @ 1: 0.4756
Test Data Eval:
  Num examples: 1856  Num correct: 795  Precision @ 1: 0.4283  AUC @ 1: 0.4838
Step 6500: loss = 3.3339 (0.305 sec)
Training Data Eval:
  Num examples: 8960  Num correct: 3978  Precision @ 1: 0.4440  AUC @ 1: 0.4665
Validation Data Eval:
  Num examples: 960  Num correct: 420  Precision @ 1: 0.4375  AUC @ 1: 0.4656
Test Data Eval:
  Num examples: 1856  Num correct: 794  Precision @ 1: 0.4278  AUC @ 1: 0.4870
Step 6600: loss = 3.3362 (0.294 sec)
Training Data Eval:
  Num examples: 8960  Num correct: 4004  Precision @ 1: 0.4469  AUC @ 1: 0.4675
Validation Data Eval:
  Num examples: 960  Num correct: 422  Precision @ 1: 0.4396  AUC @ 1: 0.4640
Test Data Eval:
  Num examples: 1856  Num correct: 783  Precision @ 1: 0.4219  AUC @ 1: 0.4885
Step 6700: loss = 3.3342 (0.316 sec)
Training Data Eval:
  Num examples: 8960  Num correct: 3981  Precision @ 1: 0.4443  AUC @ 1: 0.4691
Validation Data Eval:
  Num examples: 960  Num correct: 426  Precision @ 1: 0.4437  AUC @ 1: 0.4700
Test Data Eval:
  Num examples: 1856  Num correct: 784  Precision @ 1: 0.4224  AUC @ 1: 0.4895
Step 6800: loss = 3.3332 (0.298 sec)
Training Data Eval:
  Num examples: 8960  Num correct: 4017  Precision @ 1: 0.4483  AUC @ 1: 0.4605
Validation Data Eval:
  Num examples: 960  Num correct: 425  Precision @ 1: 0.4427  AUC @ 1: 0.4665
Test Data Eval:
  Num examples: 1856  Num correct: 784  Precision @ 1: 0.4224  AUC @ 1: 0.4819
Step 6900: loss = 3.3319 (0.295 sec)
Training Data Eval:
  Num examples: 8960  Num correct: 3973  Precision @ 1: 0.4434  AUC @ 1: 0.4661
Validation Data Eval:
  Num examples: 960  Num correct: 427  Precision @ 1: 0.4448  AUC @ 1: 0.4681
Test Data Eval:
  Num examples: 1856  Num correct: 790  Precision @ 1: 0.4256  AUC @ 1: 0.4887
Step 7000: loss = 3.3344 (0.365 sec)
Training Data Eval:
  Num examples: 8960  Num correct: 3989  Precision @ 1: 0.4452  AUC @ 1: 0.4618
Validation Data Eval:
  Num examples: 960  Num correct: 427  Precision @ 1: 0.4448  AUC @ 1: 0.4752
Test Data Eval:
  Num examples: 1856  Num correct: 787  Precision @ 1: 0.4240  AUC @ 1: 0.4892
Step 7100: loss = 3.3325 (0.302 sec)
Training Data Eval:
  Num examples: 8960  Num correct: 3980  Precision @ 1: 0.4442  AUC @ 1: 0.4618
Validation Data Eval:
  Num examples: 960  Num correct: 427  Precision @ 1: 0.4448  AUC @ 1: 0.4688
Test Data Eval:
  Num examples: 1856  Num correct: 786  Precision @ 1: 0.4235  AUC @ 1: 0.4887
Step 7200: loss = 3.3347 (0.282 sec)
Training Data Eval:
  Num examples: 8960  Num correct: 3958  Precision @ 1: 0.4417  AUC @ 1: 0.4661
Validation Data Eval:
  Num examples: 960  Num correct: 422  Precision @ 1: 0.4396  AUC @ 1: 0.4684
Test Data Eval:
  Num examples: 1856  Num correct: 783  Precision @ 1: 0.4219  AUC @ 1: 0.4854
Step 7300: loss = 3.3342 (0.320 sec)
Training Data Eval:
  Num examples: 8960  Num correct: 3995  Precision @ 1: 0.4459  AUC @ 1: 0.4662
Validation Data Eval:
  Num examples: 960  Num correct: 429  Precision @ 1: 0.4469  AUC @ 1: 0.4683
Test Data Eval:
  Num examples: 1856  Num correct: 784  Precision @ 1: 0.4224  AUC @ 1: 0.4855
Step 7400: loss = 3.3339 (0.301 sec)
Training Data Eval:
  Num examples: 8960  Num correct: 3930  Precision @ 1: 0.4386  AUC @ 1: 0.4658
Validation Data Eval:
  Num examples: 960  Num correct: 425  Precision @ 1: 0.4427  AUC @ 1: 0.4720
Test Data Eval:
  Num examples: 1856  Num correct: 780  Precision @ 1: 0.4203  AUC @ 1: 0.4853
Step 7500: loss = 3.3326 (0.265 sec)
Training Data Eval:
  Num examples: 8960  Num correct: 3952  Precision @ 1: 0.4411  AUC @ 1: 0.4690
Validation Data Eval:
  Num examples: 960  Num correct: 425  Precision @ 1: 0.4427  AUC @ 1: 0.4657
Test Data Eval:
  Num examples: 1856  Num correct: 783  Precision @ 1: 0.4219  AUC @ 1: 0.4879
Step 7600: loss = 3.3335 (0.286 sec)
Training Data Eval:
  Num examples: 8960  Num correct: 3974  Precision @ 1: 0.4435  AUC @ 1: 0.4662
Validation Data Eval:
  Num examples: 960  Num correct: 431  Precision @ 1: 0.4490  AUC @ 1: 0.4738
Test Data Eval:
  Num examples: 1856  Num correct: 793  Precision @ 1: 0.4273  AUC @ 1: 0.4889
Step 7700: loss = 3.3321 (0.360 sec)
Training Data Eval:
  Num examples: 8960  Num correct: 3964  Precision @ 1: 0.4424  AUC @ 1: 0.4718
Validation Data Eval:
  Num examples: 960  Num correct: 430  Precision @ 1: 0.4479  AUC @ 1: 0.4739
Test Data Eval:
  Num examples: 1856  Num correct: 783  Precision @ 1: 0.4219  AUC @ 1: 0.4847
Step 7800: loss = 3.3337 (0.293 sec)
Training Data Eval:
  Num examples: 8960  Num correct: 4022  Precision @ 1: 0.4489  AUC @ 1: 0.4621
Validation Data Eval:
  Num examples: 960  Num correct: 421  Precision @ 1: 0.4385  AUC @ 1: 0.4649
Test Data Eval:
  Num examples: 1856  Num correct: 788  Precision @ 1: 0.4246  AUC @ 1: 0.4891
Step 7900: loss = 3.3326 (0.304 sec)
Training Data Eval:
  Num examples: 8960  Num correct: 3975  Precision @ 1: 0.4436  AUC @ 1: 0.4608
Validation Data Eval:
  Num examples: 960  Num correct: 425  Precision @ 1: 0.4427  AUC @ 1: 0.4716
Test Data Eval:
  Num examples: 1856  Num correct: 788  Precision @ 1: 0.4246  AUC @ 1: 0.4846
Step 8000: loss = 3.3300 (0.277 sec)
Training Data Eval:
  Num examples: 8960  Num correct: 3975  Precision @ 1: 0.4436  AUC @ 1: 0.4621
Validation Data Eval:
  Num examples: 960  Num correct: 421  Precision @ 1: 0.4385  AUC @ 1: 0.4740
Test Data Eval:
  Num examples: 1856  Num correct: 786  Precision @ 1: 0.4235  AUC @ 1: 0.4920
Step 8100: loss = 3.3313 (0.302 sec)
Training Data Eval:
  Num examples: 8960  Num correct: 3973  Precision @ 1: 0.4434  AUC @ 1: 0.4652
Validation Data Eval:
  Num examples: 960  Num correct: 427  Precision @ 1: 0.4448  AUC @ 1: 0.4699
Test Data Eval:
  Num examples: 1856  Num correct: 784  Precision @ 1: 0.4224  AUC @ 1: 0.4860
Step 8200: loss = 3.3328 (0.287 sec)
Training Data Eval:
  Num examples: 8960  Num correct: 3944  Precision @ 1: 0.4402  AUC @ 1: 0.4645
Validation Data Eval:
  Num examples: 960  Num correct: 425  Precision @ 1: 0.4427  AUC @ 1: 0.4682
Test Data Eval:
  Num examples: 1856  Num correct: 794  Precision @ 1: 0.4278  AUC @ 1: 0.4856
Step 8300: loss = 3.3364 (0.296 sec)
Training Data Eval:
  Num examples: 8960  Num correct: 3975  Precision @ 1: 0.4436  AUC @ 1: 0.4665
Validation Data Eval:
  Num examples: 960  Num correct: 429  Precision @ 1: 0.4469  AUC @ 1: 0.4752
Test Data Eval:
  Num examples: 1856  Num correct: 784  Precision @ 1: 0.4224  AUC @ 1: 0.4833
Step 8400: loss = 3.3350 (0.361 sec)
Training Data Eval:
  Num examples: 8960  Num correct: 3977  Precision @ 1: 0.4439  AUC @ 1: 0.4690
Validation Data Eval:
  Num examples: 960  Num correct: 428  Precision @ 1: 0.4458  AUC @ 1: 0.4711
Test Data Eval:
  Num examples: 1856  Num correct: 784  Precision @ 1: 0.4224  AUC @ 1: 0.4876
Step 8500: loss = 3.3302 (0.334 sec)
Training Data Eval:
  Num examples: 8960  Num correct: 4003  Precision @ 1: 0.4468  AUC @ 1: 0.4702
Validation Data Eval:
  Num examples: 960  Num correct: 423  Precision @ 1: 0.4406  AUC @ 1: 0.4693
Test Data Eval:
  Num examples: 1856  Num correct: 787  Precision @ 1: 0.4240  AUC @ 1: 0.4858
Step 8600: loss = 3.3377 (0.288 sec)
Training Data Eval:
  Num examples: 8960  Num correct: 3931  Precision @ 1: 0.4387  AUC @ 1: 0.4658
Validation Data Eval:
  Num examples: 960  Num correct: 425  Precision @ 1: 0.4427  AUC @ 1: 0.4668
Test Data Eval:
  Num examples: 1856  Num correct: 787  Precision @ 1: 0.4240  AUC @ 1: 0.4882
Step 8700: loss = 3.3325 (0.287 sec)
Training Data Eval:
  Num examples: 8960  Num correct: 3991  Precision @ 1: 0.4454  AUC @ 1: 0.4641
Validation Data Eval:
  Num examples: 960  Num correct: 428  Precision @ 1: 0.4458  AUC @ 1: 0.4737
Test Data Eval:
  Num examples: 1856  Num correct: 783  Precision @ 1: 0.4219  AUC @ 1: 0.4893
Step 8800: loss = 3.3308 (0.290 sec)
Training Data Eval:
  Num examples: 8960  Num correct: 4011  Precision @ 1: 0.4477  AUC @ 1: 0.4651
Validation Data Eval:
  Num examples: 960  Num correct: 429  Precision @ 1: 0.4469  AUC @ 1: 0.4702
Test Data Eval:
  Num examples: 1856  Num correct: 787  Precision @ 1: 0.4240  AUC @ 1: 0.4905
Step 8900: loss = 3.3290 (0.304 sec)
Training Data Eval:
  Num examples: 8960  Num correct: 3979  Precision @ 1: 0.4441  AUC @ 1: 0.4719
Validation Data Eval:
  Num examples: 960  Num correct: 425  Precision @ 1: 0.4427  AUC @ 1: 0.4719
Test Data Eval:
  Num examples: 1856  Num correct: 784  Precision @ 1: 0.4224  AUC @ 1: 0.4902
Step 9000: loss = 3.3319 (0.287 sec)
Training Data Eval:
  Num examples: 8960  Num correct: 3973  Precision @ 1: 0.4434  AUC @ 1: 0.4662
Validation Data Eval:
  Num examples: 960  Num correct: 425  Precision @ 1: 0.4427  AUC @ 1: 0.4713
Test Data Eval:
  Num examples: 1856  Num correct: 788  Precision @ 1: 0.4246  AUC @ 1: 0.4894
Step 9100: loss = 3.3358 (0.353 sec)
Training Data Eval:
  Num examples: 8960  Num correct: 3898  Precision @ 1: 0.4350  AUC @ 1: 0.4604
Validation Data Eval:
  Num examples: 960  Num correct: 423  Precision @ 1: 0.4406  AUC @ 1: 0.4696
Test Data Eval:
  Num examples: 1856  Num correct: 784  Precision @ 1: 0.4224  AUC @ 1: 0.4915
Step 9200: loss = 3.3326 (0.292 sec)
Training Data Eval:
  Num examples: 8960  Num correct: 3997  Precision @ 1: 0.4461  AUC @ 1: 0.4648
Validation Data Eval:
  Num examples: 960  Num correct: 422  Precision @ 1: 0.4396  AUC @ 1: 0.4682
Test Data Eval:
  Num examples: 1856  Num correct: 785  Precision @ 1: 0.4230  AUC @ 1: 0.4887
Step 9300: loss = 3.3337 (0.304 sec)
Training Data Eval:
  Num examples: 8960  Num correct: 3965  Precision @ 1: 0.4425  AUC @ 1: 0.4623
Validation Data Eval:
  Num examples: 960  Num correct: 424  Precision @ 1: 0.4417  AUC @ 1: 0.4697
Test Data Eval:
  Num examples: 1856  Num correct: 786  Precision @ 1: 0.4235  AUC @ 1: 0.4906
Step 9400: loss = 3.3326 (0.311 sec)
Training Data Eval:
  Num examples: 8960  Num correct: 3980  Precision @ 1: 0.4442  AUC @ 1: 0.4618
Validation Data Eval:
  Num examples: 960  Num correct: 424  Precision @ 1: 0.4417  AUC @ 1: 0.4656
Test Data Eval:
  Num examples: 1856  Num correct: 783  Precision @ 1: 0.4219  AUC @ 1: 0.4912
Step 9500: loss = 3.3299 (0.274 sec)
Training Data Eval:
  Num examples: 8960  Num correct: 3958  Precision @ 1: 0.4417  AUC @ 1: 0.4688
Validation Data Eval:
  Num examples: 960  Num correct: 427  Precision @ 1: 0.4448  AUC @ 1: 0.4754
Test Data Eval:
  Num examples: 1856  Num correct: 792  Precision @ 1: 0.4267  AUC @ 1: 0.4883
Step 9600: loss = 3.3330 (0.305 sec)
Training Data Eval:
  Num examples: 8960  Num correct: 3973  Precision @ 1: 0.4434  AUC @ 1: 0.4631
Validation Data Eval:
  Num examples: 960  Num correct: 425  Precision @ 1: 0.4427  AUC @ 1: 0.4735
Test Data Eval:
  Num examples: 1856  Num correct: 788  Precision @ 1: 0.4246  AUC @ 1: 0.4863
Step 9700: loss = 3.3351 (0.284 sec)
Training Data Eval:
  Num examples: 8960  Num correct: 3974  Precision @ 1: 0.4435  AUC @ 1: 0.4659
Validation Data Eval:
  Num examples: 960  Num correct: 426  Precision @ 1: 0.4437  AUC @ 1: 0.4662
Test Data Eval:
  Num examples: 1856  Num correct: 785  Precision @ 1: 0.4230  AUC @ 1: 0.4875
Step 9800: loss = 3.3319 (0.359 sec)
Training Data Eval:
  Num examples: 8960  Num correct: 3969  Precision @ 1: 0.4430  AUC @ 1: 0.4596
Validation Data Eval:
  Num examples: 960  Num correct: 426  Precision @ 1: 0.4437  AUC @ 1: 0.4755
Test Data Eval:
  Num examples: 1856  Num correct: 788  Precision @ 1: 0.4246  AUC @ 1: 0.4845
Step 9900: loss = 3.3331 (0.296 sec)
Training Data Eval:
  Num examples: 8960  Num correct: 3958  Precision @ 1: 0.4417  AUC @ 1: 0.4719
Validation Data Eval:
  Num examples: 960  Num correct: 424  Precision @ 1: 0.4417  AUC @ 1: 0.4724
Test Data Eval:
  Num examples: 1856  Num correct: 790  Precision @ 1: 0.4256  AUC @ 1: 0.4904
