Training data shape: 	(3881, 30, 64, 2)
Training label shape:	(3881,)
Testing data shape:  	(454, 30, 64, 2)
Testing label shape: 	(454,)
max input value is: 1086.24
min input value is: -967.622
random permuted training data
==============================================================================
Model: 			inference_stcnn
Tensor Name: 	Placeholder:0
[128, 30, 64, 2]
==============================================================================
Tensor Name: conv0/conv0:0
[128, 1, 60, 4]
==============================================================================
Tensor Name: MaxPool:0
[128, 1, 30, 4]
==============================================================================
Tensor Name: conv1/conv1:0
[128, 1, 26, 8]
==============================================================================
Tensor Name: MaxPool_1:0
[128, 1, 13, 8]
==============================================================================
Tensor Name: local1/local1:0
[128, 128]
==============================================================================
Tensor Name: local2/local2:0
[128, 128]
==============================================================================
Tensor Name: softmax_linear/softmax_linear:0
[128, 2]
Step 0: loss = 0.7661 (0.030 sec)
Training Data Eval:
  Num examples: 3584  Num correct: 2020  Precision @ 1: 0.5636  AUC @ 1: 0.4923
Validation Data Eval:
  Num examples: 256  Num correct: 157  Precision @ 1: 0.6133  AUC @ 1: 0.4953
Test Data Eval:
  Num examples: 384  Num correct: 187  Precision @ 1: 0.4870  AUC @ 1: 0.0854
Step 200: loss = 0.7488 (0.018 sec)
Training Data Eval:
  Num examples: 3584  Num correct: 2014  Precision @ 1: 0.5619  AUC @ 1: 0.5169
Validation Data Eval:
  Num examples: 256  Num correct: 157  Precision @ 1: 0.6133  AUC @ 1: 0.5236
Test Data Eval:
  Num examples: 384  Num correct: 216  Precision @ 1: 0.5625  AUC @ 1: 0.0954
Step 400: loss = 0.7376 (0.019 sec)
Training Data Eval:
  Num examples: 3584  Num correct: 2011  Precision @ 1: 0.5611  AUC @ 1: 0.5399
Validation Data Eval:
  Num examples: 256  Num correct: 157  Precision @ 1: 0.6133  AUC @ 1: 0.5557
Test Data Eval:
  Num examples: 384  Num correct: 212  Precision @ 1: 0.5521  AUC @ 1: 0.1733
Step 600: loss = 0.7486 (0.020 sec)
Training Data Eval:
  Num examples: 3584  Num correct: 2000  Precision @ 1: 0.5580  AUC @ 1: 0.5399
Validation Data Eval:
  Num examples: 256  Num correct: 157  Precision @ 1: 0.6133  AUC @ 1: 0.5653
Test Data Eval:
  Num examples: 384  Num correct: 223  Precision @ 1: 0.5807  AUC @ 1: 0.3364
Step 800: loss = 0.7421 (0.018 sec)
Training Data Eval:
  Num examples: 3584  Num correct: 2051  Precision @ 1: 0.5723  AUC @ 1: 0.5512
Validation Data Eval:
  Num examples: 256  Num correct: 157  Precision @ 1: 0.6133  AUC @ 1: 0.5723
Test Data Eval:
  Num examples: 384  Num correct: 219  Precision @ 1: 0.5703  AUC @ 1: 0.6517
Step 1000: loss = 0.7688 (0.018 sec)
Training Data Eval:
  Num examples: 3584  Num correct: 2030  Precision @ 1: 0.5664  AUC @ 1: 0.5524
Validation Data Eval:
  Num examples: 256  Num correct: 157  Precision @ 1: 0.6133  AUC @ 1: 0.5753
Test Data Eval:
  Num examples: 384  Num correct: 215  Precision @ 1: 0.5599  AUC @ 1: 0.7879
Step 1200: loss = 0.7407 (0.016 sec)
Training Data Eval:
  Num examples: 3584  Num correct: 2011  Precision @ 1: 0.5611  AUC @ 1: 0.5613
Validation Data Eval:
  Num examples: 256  Num correct: 157  Precision @ 1: 0.6133  AUC @ 1: 0.5806
Test Data Eval:
  Num examples: 384  Num correct: 218  Precision @ 1: 0.5677  AUC @ 1: 0.8516
Step 1400: loss = 0.7493 (0.048 sec)
Training Data Eval:
  Num examples: 3584  Num correct: 2011  Precision @ 1: 0.5611  AUC @ 1: 0.5638
Validation Data Eval:
  Num examples: 256  Num correct: 157  Precision @ 1: 0.6133  AUC @ 1: 0.5839
Test Data Eval:
  Num examples: 384  Num correct: 216  Precision @ 1: 0.5625  AUC @ 1: 0.8689
Step 1600: loss = 0.7682 (0.017 sec)
Training Data Eval:
  Num examples: 3584  Num correct: 1979  Precision @ 1: 0.5522  AUC @ 1: 0.5693
Validation Data Eval:
  Num examples: 256  Num correct: 157  Precision @ 1: 0.6133  AUC @ 1: 0.5882
Test Data Eval:
  Num examples: 384  Num correct: 221  Precision @ 1: 0.5755  AUC @ 1: 0.9050
Step 1800: loss = 0.7804 (0.019 sec)
Training Data Eval:
  Num examples: 3584  Num correct: 2001  Precision @ 1: 0.5583  AUC @ 1: 0.5640
Validation Data Eval:
  Num examples: 256  Num correct: 157  Precision @ 1: 0.6133  AUC @ 1: 0.5892
Test Data Eval:
  Num examples: 384  Num correct: 208  Precision @ 1: 0.5417  AUC @ 1: 0.9333
Step 2000: loss = 0.7681 (0.018 sec)
Training Data Eval:
  Num examples: 3584  Num correct: 1995  Precision @ 1: 0.5566  AUC @ 1: 0.5788
Validation Data Eval:
  Num examples: 256  Num correct: 157  Precision @ 1: 0.6133  AUC @ 1: 0.5916
Test Data Eval:
  Num examples: 384  Num correct: 219  Precision @ 1: 0.5703  AUC @ 1: 0.9210
Step 2200: loss = 0.7728 (0.018 sec)
Training Data Eval:
  Num examples: 3584  Num correct: 2008  Precision @ 1: 0.5603  AUC @ 1: 0.5866
Validation Data Eval:
  Num examples: 256  Num correct: 157  Precision @ 1: 0.6133  AUC @ 1: 0.5929
Test Data Eval:
  Num examples: 384  Num correct: 212  Precision @ 1: 0.5521  AUC @ 1: 0.9404
Step 2400: loss = 0.7312 (0.019 sec)
Training Data Eval:
  Num examples: 3584  Num correct: 2030  Precision @ 1: 0.5664  AUC @ 1: 0.5739
Validation Data Eval:
  Num examples: 256  Num correct: 157  Precision @ 1: 0.6133  AUC @ 1: 0.5935
Test Data Eval:
  Num examples: 384  Num correct: 220  Precision @ 1: 0.5729  AUC @ 1: 0.9316
Step 2600: loss = 0.7641 (0.019 sec)
Training Data Eval:
  Num examples: 3584  Num correct: 2018  Precision @ 1: 0.5631  AUC @ 1: 0.5810
Validation Data Eval:
  Num examples: 256  Num correct: 157  Precision @ 1: 0.6133  AUC @ 1: 0.5935
Test Data Eval:
  Num examples: 384  Num correct: 216  Precision @ 1: 0.5625  AUC @ 1: 0.9333
Step 2800: loss = 0.7613 (0.055 sec)
Training Data Eval:
  Num examples: 3584  Num correct: 2017  Precision @ 1: 0.5628  AUC @ 1: 0.5798
Validation Data Eval:
  Num examples: 256  Num correct: 157  Precision @ 1: 0.6133  AUC @ 1: 0.5924
Test Data Eval:
  Num examples: 384  Num correct: 215  Precision @ 1: 0.5599  AUC @ 1: 0.9375
Step 3000: loss = 0.7351 (0.016 sec)
Training Data Eval:
  Num examples: 3584  Num correct: 2002  Precision @ 1: 0.5586  AUC @ 1: 0.5879
Validation Data Eval:
  Num examples: 256  Num correct: 157  Precision @ 1: 0.6133  AUC @ 1: 0.5912
Test Data Eval:
  Num examples: 384  Num correct: 219  Precision @ 1: 0.5703  AUC @ 1: 0.9342
Step 3200: loss = 0.7416 (0.017 sec)
Training Data Eval:
  Num examples: 3584  Num correct: 2047  Precision @ 1: 0.5711  AUC @ 1: 0.5801
Validation Data Eval:
  Num examples: 256  Num correct: 157  Precision @ 1: 0.6133  AUC @ 1: 0.5909
Test Data Eval:
  Num examples: 384  Num correct: 220  Precision @ 1: 0.5729  AUC @ 1: 0.9303
Step 3400: loss = 0.7671 (0.018 sec)
Training Data Eval:
  Num examples: 3584  Num correct: 1978  Precision @ 1: 0.5519  AUC @ 1: 0.5809
Validation Data Eval:
  Num examples: 256  Num correct: 157  Precision @ 1: 0.6133  AUC @ 1: 0.5894
Test Data Eval:
  Num examples: 384  Num correct: 219  Precision @ 1: 0.5703  AUC @ 1: 0.9305
Step 3600: loss = 0.7304 (0.019 sec)
Training Data Eval:
  Num examples: 3584  Num correct: 2004  Precision @ 1: 0.5592  AUC @ 1: 0.5795
Validation Data Eval:
  Num examples: 256  Num correct: 157  Precision @ 1: 0.6133  AUC @ 1: 0.5873
Test Data Eval:
  Num examples: 384  Num correct: 218  Precision @ 1: 0.5677  AUC @ 1: 0.9223
Step 3800: loss = 0.7477 (0.018 sec)
Training Data Eval:
  Num examples: 3584  Num correct: 2004  Precision @ 1: 0.5592  AUC @ 1: 0.5778
Validation Data Eval:
  Num examples: 256  Num correct: 157  Precision @ 1: 0.6133  AUC @ 1: 0.5846
Test Data Eval:
  Num examples: 384  Num correct: 218  Precision @ 1: 0.5677  AUC @ 1: 0.9122
Step 4000: loss = 0.7398 (0.015 sec)
Training Data Eval:
  Num examples: 3584  Num correct: 2017  Precision @ 1: 0.5628  AUC @ 1: 0.5788
Validation Data Eval:
  Num examples: 256  Num correct: 157  Precision @ 1: 0.6133  AUC @ 1: 0.5831
Test Data Eval:
  Num examples: 384  Num correct: 244  Precision @ 1: 0.6354  AUC @ 1: 0.9365
Step 4200: loss = 0.7495 (0.049 sec)
Training Data Eval:
  Num examples: 3584  Num correct: 2018  Precision @ 1: 0.5631  AUC @ 1: 0.5770
Validation Data Eval:
  Num examples: 256  Num correct: 158  Precision @ 1: 0.6172  AUC @ 1: 0.5802
Test Data Eval:
  Num examples: 384  Num correct: 293  Precision @ 1: 0.7630  AUC @ 1: 0.9124
Step 4400: loss = 0.7480 (0.017 sec)
Training Data Eval:
  Num examples: 3584  Num correct: 2107  Precision @ 1: 0.5879  AUC @ 1: 0.5841
Validation Data Eval:
  Num examples: 256  Num correct: 164  Precision @ 1: 0.6406  AUC @ 1: 0.5774
Test Data Eval:
  Num examples: 384  Num correct: 331  Precision @ 1: 0.8620  AUC @ 1: 0.9181
Step 4600: loss = 0.7467 (0.018 sec)
Training Data Eval:
  Num examples: 3584  Num correct: 2134  Precision @ 1: 0.5954  AUC @ 1: 0.5782
Validation Data Eval:
  Num examples: 256  Num correct: 166  Precision @ 1: 0.6484  AUC @ 1: 0.5741
Test Data Eval:
  Num examples: 384  Num correct: 336  Precision @ 1: 0.8750  AUC @ 1: 0.8977
Step 4800: loss = 0.7462 (0.017 sec)
Training Data Eval:
  Num examples: 3584  Num correct: 2134  Precision @ 1: 0.5954  AUC @ 1: 0.5724
Validation Data Eval:
  Num examples: 256  Num correct: 167  Precision @ 1: 0.6523  AUC @ 1: 0.5675
Test Data Eval:
  Num examples: 384  Num correct: 335  Precision @ 1: 0.8724  AUC @ 1: 0.8970
Step 5000: loss = 0.7483 (0.018 sec)
Training Data Eval:
  Num examples: 3584  Num correct: 2134  Precision @ 1: 0.5954  AUC @ 1: 0.5695
Validation Data Eval:
  Num examples: 256  Num correct: 165  Precision @ 1: 0.6445  AUC @ 1: 0.5599
Test Data Eval:
  Num examples: 384  Num correct: 324  Precision @ 1: 0.8438  AUC @ 1: 0.8758
Step 5200: loss = 0.7417 (0.017 sec)
Training Data Eval:
  Num examples: 3584  Num correct: 2085  Precision @ 1: 0.5818  AUC @ 1: 0.5686
Validation Data Eval:
  Num examples: 256  Num correct: 166  Precision @ 1: 0.6484  AUC @ 1: 0.5503
Test Data Eval:
  Num examples: 384  Num correct: 315  Precision @ 1: 0.8203  AUC @ 1: 0.8594
Step 5400: loss = 0.7493 (0.017 sec)
Training Data Eval:
  Num examples: 3584  Num correct: 2053  Precision @ 1: 0.5728  AUC @ 1: 0.5747
Validation Data Eval:
  Num examples: 256  Num correct: 165  Precision @ 1: 0.6445  AUC @ 1: 0.5426
Test Data Eval:
  Num examples: 384  Num correct: 306  Precision @ 1: 0.7969  AUC @ 1: 0.8544
Step 5600: loss = 0.7331 (0.054 sec)
Training Data Eval:
  Num examples: 3584  Num correct: 2066  Precision @ 1: 0.5765  AUC @ 1: 0.5740
Validation Data Eval:
  Num examples: 256  Num correct: 163  Precision @ 1: 0.6367  AUC @ 1: 0.5404
Test Data Eval:
  Num examples: 384  Num correct: 299  Precision @ 1: 0.7786  AUC @ 1: 0.8257
Step 5800: loss = 0.7292 (0.017 sec)
Training Data Eval:
  Num examples: 3584  Num correct: 2049  Precision @ 1: 0.5717  AUC @ 1: 0.5836
Validation Data Eval:
  Num examples: 256  Num correct: 159  Precision @ 1: 0.6211  AUC @ 1: 0.5394
Test Data Eval:
  Num examples: 384  Num correct: 302  Precision @ 1: 0.7865  AUC @ 1: 0.8312
Step 6000: loss = 0.7472 (0.018 sec)
Training Data Eval:
  Num examples: 3584  Num correct: 2093  Precision @ 1: 0.5840  AUC @ 1: 0.5925
Validation Data Eval:
  Num examples: 256  Num correct: 157  Precision @ 1: 0.6133  AUC @ 1: 0.5393
Test Data Eval:
  Num examples: 384  Num correct: 294  Precision @ 1: 0.7656  AUC @ 1: 0.8046
Step 6200: loss = 0.7219 (0.017 sec)
Training Data Eval:
  Num examples: 3584  Num correct: 2140  Precision @ 1: 0.5971  AUC @ 1: 0.6046
Validation Data Eval:
  Num examples: 256  Num correct: 156  Precision @ 1: 0.6094  AUC @ 1: 0.5348
Test Data Eval:
  Num examples: 384  Num correct: 304  Precision @ 1: 0.7917  AUC @ 1: 0.8288
Step 6400: loss = 0.7228 (0.018 sec)
Training Data Eval:
  Num examples: 3584  Num correct: 2162  Precision @ 1: 0.6032  AUC @ 1: 0.6175
Validation Data Eval:
  Num examples: 256  Num correct: 155  Precision @ 1: 0.6055  AUC @ 1: 0.5376
Test Data Eval:
  Num examples: 384  Num correct: 294  Precision @ 1: 0.7656  AUC @ 1: 0.8077
Step 6600: loss = 0.7136 (0.017 sec)
Training Data Eval:
  Num examples: 3584  Num correct: 2211  Precision @ 1: 0.6169  AUC @ 1: 0.6298
Validation Data Eval:
  Num examples: 256  Num correct: 149  Precision @ 1: 0.5820  AUC @ 1: 0.5425
Test Data Eval:
  Num examples: 384  Num correct: 284  Precision @ 1: 0.7396  AUC @ 1: 0.8008
Step 6800: loss = 0.7276 (0.016 sec)
Training Data Eval:
  Num examples: 3584  Num correct: 2245  Precision @ 1: 0.6264  AUC @ 1: 0.6409
Validation Data Eval:
  Num examples: 256  Num correct: 150  Precision @ 1: 0.5859  AUC @ 1: 0.5462
Test Data Eval:
  Num examples: 384  Num correct: 283  Precision @ 1: 0.7370  AUC @ 1: 0.7839
Step 7000: loss = 0.7226 (0.057 sec)
Training Data Eval:
  Num examples: 3584  Num correct: 2275  Precision @ 1: 0.6348  AUC @ 1: 0.6583
Validation Data Eval:
  Num examples: 256  Num correct: 146  Precision @ 1: 0.5703  AUC @ 1: 0.5496
Test Data Eval:
  Num examples: 384  Num correct: 286  Precision @ 1: 0.7448  AUC @ 1: 0.7766
Step 7200: loss = 0.6861 (0.018 sec)
Training Data Eval:
  Num examples: 3584  Num correct: 2351  Precision @ 1: 0.6560  AUC @ 1: 0.6807
Validation Data Eval:
  Num examples: 256  Num correct: 146  Precision @ 1: 0.5703  AUC @ 1: 0.5514
Test Data Eval:
  Num examples: 384  Num correct: 282  Precision @ 1: 0.7344  AUC @ 1: 0.7629
Step 7400: loss = 0.6948 (0.017 sec)
Training Data Eval:
  Num examples: 3584  Num correct: 2405  Precision @ 1: 0.6710  AUC @ 1: 0.7219
Validation Data Eval:
  Num examples: 256  Num correct: 148  Precision @ 1: 0.5781  AUC @ 1: 0.5488
Test Data Eval:
  Num examples: 384  Num correct: 269  Precision @ 1: 0.7005  AUC @ 1: 0.6796
Step 7600: loss = 0.6695 (0.017 sec)
Training Data Eval:
  Num examples: 3584  Num correct: 2452  Precision @ 1: 0.6842  AUC @ 1: 0.7364
Validation Data Eval:
  Num examples: 256  Num correct: 146  Precision @ 1: 0.5703  AUC @ 1: 0.5521
Test Data Eval:
  Num examples: 384  Num correct: 273  Precision @ 1: 0.7109  AUC @ 1: 0.7000
Step 7800: loss = 0.7008 (0.015 sec)
Training Data Eval:
  Num examples: 3584  Num correct: 2568  Precision @ 1: 0.7165  AUC @ 1: 0.7821
Validation Data Eval:
  Num examples: 256  Num correct: 151  Precision @ 1: 0.5898  AUC @ 1: 0.5551
Test Data Eval:
  Num examples: 384  Num correct: 259  Precision @ 1: 0.6745  AUC @ 1: 0.6268
Step 8000: loss = 0.6630 (0.016 sec)
Training Data Eval:
  Num examples: 3584  Num correct: 2602  Precision @ 1: 0.7260  AUC @ 1: 0.8029
Validation Data Eval:
  Num examples: 256  Num correct: 141  Precision @ 1: 0.5508  AUC @ 1: 0.5476
Test Data Eval:
  Num examples: 384  Num correct: 253  Precision @ 1: 0.6589  AUC @ 1: 0.6036
Step 8200: loss = 0.6155 (0.017 sec)
Training Data Eval:
  Num examples: 3584  Num correct: 2671  Precision @ 1: 0.7453  AUC @ 1: 0.8218
Validation Data Eval:
  Num examples: 256  Num correct: 143  Precision @ 1: 0.5586  AUC @ 1: 0.5509
Test Data Eval:
  Num examples: 384  Num correct: 240  Precision @ 1: 0.6250  AUC @ 1: 0.5861
Step 8400: loss = 0.5338 (0.053 sec)
Training Data Eval:
  Num examples: 3584  Num correct: 2737  Precision @ 1: 0.7637  AUC @ 1: 0.8463
Validation Data Eval:
  Num examples: 256  Num correct: 143  Precision @ 1: 0.5586  AUC @ 1: 0.5486
Test Data Eval:
  Num examples: 384  Num correct: 245  Precision @ 1: 0.6380  AUC @ 1: 0.5667
Step 8600: loss = 0.5496 (0.017 sec)
Training Data Eval:
  Num examples: 3584  Num correct: 2740  Precision @ 1: 0.7645  AUC @ 1: 0.8593
Validation Data Eval:
  Num examples: 256  Num correct: 148  Precision @ 1: 0.5781  AUC @ 1: 0.5386
Test Data Eval:
  Num examples: 384  Num correct: 262  Precision @ 1: 0.6823  AUC @ 1: 0.5623
Step 8800: loss = 0.5183 (0.015 sec)
Training Data Eval:
  Num examples: 3584  Num correct: 2814  Precision @ 1: 0.7852  AUC @ 1: 0.8732
Validation Data Eval:
  Num examples: 256  Num correct: 145  Precision @ 1: 0.5664  AUC @ 1: 0.5413
Test Data Eval:
  Num examples: 384  Num correct: 265  Precision @ 1: 0.6901  AUC @ 1: 0.5550
Step 9000: loss = 0.5265 (0.018 sec)
Training Data Eval:
  Num examples: 3584  Num correct: 2841  Precision @ 1: 0.7927  AUC @ 1: 0.8818
Validation Data Eval:
  Num examples: 256  Num correct: 151  Precision @ 1: 0.5898  AUC @ 1: 0.5655
Test Data Eval:
  Num examples: 384  Num correct: 234  Precision @ 1: 0.6094  AUC @ 1: 0.5533
Step 9200: loss = 0.4753 (0.017 sec)
Training Data Eval:
  Num examples: 3584  Num correct: 2859  Precision @ 1: 0.7977  AUC @ 1: 0.8850
Validation Data Eval:
  Num examples: 256  Num correct: 147  Precision @ 1: 0.5742  AUC @ 1: 0.5734
Test Data Eval:
  Num examples: 384  Num correct: 234  Precision @ 1: 0.6094  AUC @ 1: 0.5914
Step 9400: loss = 0.5033 (0.018 sec)
Training Data Eval:
  Num examples: 3584  Num correct: 2916  Precision @ 1: 0.8136  AUC @ 1: 0.9048
Validation Data Eval:
  Num examples: 256  Num correct: 156  Precision @ 1: 0.6094  AUC @ 1: 0.5729
Test Data Eval:
  Num examples: 384  Num correct: 229  Precision @ 1: 0.5964  AUC @ 1: 0.5465
Step 9600: loss = 0.3765 (0.017 sec)
Training Data Eval:
  Num examples: 3584  Num correct: 2966  Precision @ 1: 0.8276  AUC @ 1: 0.9181
Validation Data Eval:
  Num examples: 256  Num correct: 149  Precision @ 1: 0.5820  AUC @ 1: 0.5538
Test Data Eval:
  Num examples: 384  Num correct: 245  Precision @ 1: 0.6380  AUC @ 1: 0.5514
Step 9800: loss = 0.4577 (0.051 sec)
Training Data Eval:
  Num examples: 3584  Num correct: 2967  Precision @ 1: 0.8278  AUC @ 1: 0.9184
Validation Data Eval:
  Num examples: 256  Num correct: 149  Precision @ 1: 0.5820  AUC @ 1: 0.5563
Test Data Eval:
  Num examples: 384  Num correct: 236  Precision @ 1: 0.6146  AUC @ 1: 0.5155
