Training data shape: 	(3881, 30, 64, 2)
Training label shape:	(3881,)
Testing data shape:  	(454, 30, 64, 2)
Testing label shape: 	(454,)
max input value is: 1086.24
min input value is: -967.622
random permuted training data
==============================================================================
Model: 			inference_stcnn
Tensor Name: 	Placeholder:0
[128, 30, 64, 2]
==============================================================================
Tensor Name: conv0/conv0:0
[128, 1, 60, 16]
==============================================================================
Tensor Name: MaxPool:0
[128, 1, 30, 16]
==============================================================================
Tensor Name: local1/local1:0
[128, 128]
==============================================================================
Tensor Name: local2/local2:0
[128, 128]
==============================================================================
Tensor Name: softmax_linear/softmax_linear:0
[128, 2]
Step 0: loss = 0.8847 (0.038 sec)
Training Data Eval:
  Num examples: 3584  Num correct: 2065  Precision @ 1: 0.5762  AUC @ 1: 0.5648
Validation Data Eval:
  Num examples: 256  Num correct: 150  Precision @ 1: 0.5859  AUC @ 1: 0.4433
Test Data Eval:
  Num examples: 384  Num correct: 138  Precision @ 1: 0.3594  AUC @ 1: 0.1182
Step 200: loss = 0.8769 (0.022 sec)
Training Data Eval:
  Num examples: 3584  Num correct: 2255  Precision @ 1: 0.6292  AUC @ 1: 0.6628
Validation Data Eval:
  Num examples: 256  Num correct: 142  Precision @ 1: 0.5547  AUC @ 1: 0.4749
Test Data Eval:
  Num examples: 384  Num correct: 176  Precision @ 1: 0.4583  AUC @ 1: 0.2582
Step 400: loss = 0.8345 (0.024 sec)
Training Data Eval:
  Num examples: 3584  Num correct: 2444  Precision @ 1: 0.6819  AUC @ 1: 0.7689
Validation Data Eval:
  Num examples: 256  Num correct: 137  Precision @ 1: 0.5352  AUC @ 1: 0.4418
Test Data Eval:
  Num examples: 384  Num correct: 189  Precision @ 1: 0.4922  AUC @ 1: 0.3152
Step 600: loss = 0.7970 (0.022 sec)
Training Data Eval:
  Num examples: 3584  Num correct: 2700  Precision @ 1: 0.7533  AUC @ 1: 0.8560
Validation Data Eval:
  Num examples: 256  Num correct: 132  Precision @ 1: 0.5156  AUC @ 1: 0.4489
Test Data Eval:
  Num examples: 384  Num correct: 194  Precision @ 1: 0.5052  AUC @ 1: 0.3802
Step 800: loss = 0.7429 (0.024 sec)
Training Data Eval:
  Num examples: 3584  Num correct: 2878  Precision @ 1: 0.8030  AUC @ 1: 0.9107
Validation Data Eval:
  Num examples: 256  Num correct: 146  Precision @ 1: 0.5703  AUC @ 1: 0.4937
Test Data Eval:
  Num examples: 384  Num correct: 211  Precision @ 1: 0.5495  AUC @ 1: 0.4356
Step 1000: loss = 0.6323 (0.024 sec)
Training Data Eval:
  Num examples: 3584  Num correct: 3039  Precision @ 1: 0.8479  AUC @ 1: 0.9368
Validation Data Eval:
  Num examples: 256  Num correct: 150  Precision @ 1: 0.5859  AUC @ 1: 0.5154
Test Data Eval:
  Num examples: 384  Num correct: 204  Precision @ 1: 0.5312  AUC @ 1: 0.4280
Step 1200: loss = 0.5518 (0.024 sec)
Training Data Eval:
  Num examples: 3584  Num correct: 3087  Precision @ 1: 0.8613  AUC @ 1: 0.9527
Validation Data Eval:
  Num examples: 256  Num correct: 151  Precision @ 1: 0.5898  AUC @ 1: 0.5425
Test Data Eval:
  Num examples: 384  Num correct: 203  Precision @ 1: 0.5286  AUC @ 1: 0.3679
Step 1400: loss = 0.5775 (0.056 sec)
Training Data Eval:
  Num examples: 3584  Num correct: 3157  Precision @ 1: 0.8809  AUC @ 1: 0.9657
Validation Data Eval:
  Num examples: 256  Num correct: 148  Precision @ 1: 0.5781  AUC @ 1: 0.5200
Test Data Eval:
  Num examples: 384  Num correct: 206  Precision @ 1: 0.5365  AUC @ 1: 0.4063
Step 1600: loss = 0.5717 (0.023 sec)
Training Data Eval:
  Num examples: 3584  Num correct: 3253  Precision @ 1: 0.9076  AUC @ 1: 0.9741
Validation Data Eval:
  Num examples: 256  Num correct: 143  Precision @ 1: 0.5586  AUC @ 1: 0.5148
Test Data Eval:
  Num examples: 384  Num correct: 193  Precision @ 1: 0.5026  AUC @ 1: 0.3829
Step 1800: loss = 0.5006 (0.025 sec)
Training Data Eval:
  Num examples: 3584  Num correct: 3319  Precision @ 1: 0.9261  AUC @ 1: 0.9859
Validation Data Eval:
  Num examples: 256  Num correct: 144  Precision @ 1: 0.5625  AUC @ 1: 0.5333
Test Data Eval:
  Num examples: 384  Num correct: 208  Precision @ 1: 0.5417  AUC @ 1: 0.4066
Step 2000: loss = 0.4940 (0.024 sec)
Training Data Eval:
  Num examples: 3584  Num correct: 3401  Precision @ 1: 0.9489  AUC @ 1: 0.9900
Validation Data Eval:
  Num examples: 256  Num correct: 139  Precision @ 1: 0.5430  AUC @ 1: 0.5311
Test Data Eval:
  Num examples: 384  Num correct: 188  Precision @ 1: 0.4896  AUC @ 1: 0.4012
Step 2200: loss = 0.3963 (0.025 sec)
Training Data Eval:
  Num examples: 3584  Num correct: 3455  Precision @ 1: 0.9640  AUC @ 1: 0.9949
Validation Data Eval:
  Num examples: 256  Num correct: 139  Precision @ 1: 0.5430  AUC @ 1: 0.5206
Test Data Eval:
  Num examples: 384  Num correct: 204  Precision @ 1: 0.5312  AUC @ 1: 0.3867
Step 2400: loss = 0.3836 (0.022 sec)
Training Data Eval:
  Num examples: 3584  Num correct: 3456  Precision @ 1: 0.9643  AUC @ 1: 0.9969
Validation Data Eval:
  Num examples: 256  Num correct: 146  Precision @ 1: 0.5703  AUC @ 1: 0.5238
Test Data Eval:
  Num examples: 384  Num correct: 202  Precision @ 1: 0.5260  AUC @ 1: 0.3921
Step 2600: loss = 0.3536 (0.024 sec)
Training Data Eval:
  Num examples: 3584  Num correct: 3522  Precision @ 1: 0.9827  AUC @ 1: 0.9990
Validation Data Eval:
  Num examples: 256  Num correct: 146  Precision @ 1: 0.5703  AUC @ 1: 0.5504
Test Data Eval:
  Num examples: 384  Num correct: 198  Precision @ 1: 0.5156  AUC @ 1: 0.3964
Step 2800: loss = 0.2982 (0.059 sec)
Training Data Eval:
  Num examples: 3584  Num correct: 3538  Precision @ 1: 0.9872  AUC @ 1: 0.9992
Validation Data Eval:
  Num examples: 256  Num correct: 135  Precision @ 1: 0.5273  AUC @ 1: 0.5365
Test Data Eval:
  Num examples: 384  Num correct: 182  Precision @ 1: 0.4740  AUC @ 1: 0.4164
Step 3000: loss = 0.3299 (0.023 sec)
Training Data Eval:
  Num examples: 3584  Num correct: 3559  Precision @ 1: 0.9930  AUC @ 1: 0.9997
Validation Data Eval:
  Num examples: 256  Num correct: 139  Precision @ 1: 0.5430  AUC @ 1: 0.5267
Test Data Eval:
  Num examples: 384  Num correct: 203  Precision @ 1: 0.5286  AUC @ 1: 0.3907
Step 3200: loss = 0.2743 (0.025 sec)
Training Data Eval:
  Num examples: 3584  Num correct: 3569  Precision @ 1: 0.9958  AUC @ 1: 0.9999
Validation Data Eval:
  Num examples: 256  Num correct: 140  Precision @ 1: 0.5469  AUC @ 1: 0.5358
Test Data Eval:
  Num examples: 384  Num correct: 198  Precision @ 1: 0.5156  AUC @ 1: 0.4540
Step 3400: loss = 0.3903 (0.022 sec)
Training Data Eval:
  Num examples: 3584  Num correct: 3572  Precision @ 1: 0.9967  AUC @ 1: 1.0000
Validation Data Eval:
  Num examples: 256  Num correct: 141  Precision @ 1: 0.5508  AUC @ 1: 0.5440
Test Data Eval:
  Num examples: 384  Num correct: 200  Precision @ 1: 0.5208  AUC @ 1: 0.3992
Step 3600: loss = 0.2331 (0.024 sec)
Training Data Eval:
  Num examples: 3584  Num correct: 3572  Precision @ 1: 0.9967  AUC @ 1: 1.0000
Validation Data Eval:
  Num examples: 256  Num correct: 143  Precision @ 1: 0.5586  AUC @ 1: 0.5681
Test Data Eval:
  Num examples: 384  Num correct: 193  Precision @ 1: 0.5026  AUC @ 1: 0.4365
Step 3800: loss = 0.2995 (0.023 sec)
Training Data Eval:
  Num examples: 3584  Num correct: 3579  Precision @ 1: 0.9986  AUC @ 1: 1.0000
Validation Data Eval:
  Num examples: 256  Num correct: 141  Precision @ 1: 0.5508  AUC @ 1: 0.5362
Test Data Eval:
  Num examples: 384  Num correct: 192  Precision @ 1: 0.5000  AUC @ 1: 0.4006
Step 4000: loss = 0.2316 (0.024 sec)
Training Data Eval:
  Num examples: 3584  Num correct: 3583  Precision @ 1: 0.9997  AUC @ 1: 1.0000
Validation Data Eval:
  Num examples: 256  Num correct: 135  Precision @ 1: 0.5273  AUC @ 1: 0.5234
Test Data Eval:
  Num examples: 384  Num correct: 197  Precision @ 1: 0.5130  AUC @ 1: 0.3953
Step 4200: loss = 0.2297 (0.050 sec)
Training Data Eval:
  Num examples: 3584  Num correct: 3582  Precision @ 1: 0.9994  AUC @ 1: 1.0000
Validation Data Eval:
  Num examples: 256  Num correct: 145  Precision @ 1: 0.5664  AUC @ 1: 0.5409
Test Data Eval:
  Num examples: 384  Num correct: 193  Precision @ 1: 0.5026  AUC @ 1: 0.3777
Step 4400: loss = 0.3179 (0.023 sec)
Training Data Eval:
  Num examples: 3584  Num correct: 3584  Precision @ 1: 1.0000  AUC @ 1: 1.0000
Validation Data Eval:
  Num examples: 256  Num correct: 148  Precision @ 1: 0.5781  AUC @ 1: 0.5482
Test Data Eval:
  Num examples: 384  Num correct: 204  Precision @ 1: 0.5312  AUC @ 1: 0.4211
Step 4600: loss = 0.2128 (0.024 sec)
Training Data Eval:
  Num examples: 3584  Num correct: 3582  Precision @ 1: 0.9994  AUC @ 1: 1.0000
Validation Data Eval:
  Num examples: 256  Num correct: 141  Precision @ 1: 0.5508  AUC @ 1: 0.5384
Test Data Eval:
  Num examples: 384  Num correct: 193  Precision @ 1: 0.5026  AUC @ 1: 0.4043
Step 4800: loss = 0.2080 (0.024 sec)
Training Data Eval:
  Num examples: 3584  Num correct: 3584  Precision @ 1: 1.0000  AUC @ 1: 1.0000
Validation Data Eval:
  Num examples: 256  Num correct: 145  Precision @ 1: 0.5664  AUC @ 1: 0.5589
Test Data Eval:
  Num examples: 384  Num correct: 200  Precision @ 1: 0.5208  AUC @ 1: 0.4266
Step 5000: loss = 0.1998 (0.024 sec)
Training Data Eval:
  Num examples: 3584  Num correct: 3584  Precision @ 1: 1.0000  AUC @ 1: 1.0000
Validation Data Eval:
  Num examples: 256  Num correct: 138  Precision @ 1: 0.5391  AUC @ 1: 0.5343
Test Data Eval:
  Num examples: 384  Num correct: 196  Precision @ 1: 0.5104  AUC @ 1: 0.4233
Step 5200: loss = 0.2001 (0.025 sec)
Training Data Eval:
  Num examples: 3584  Num correct: 3583  Precision @ 1: 0.9997  AUC @ 1: 1.0000
Validation Data Eval:
  Num examples: 256  Num correct: 140  Precision @ 1: 0.5469  AUC @ 1: 0.5621
Test Data Eval:
  Num examples: 384  Num correct: 184  Precision @ 1: 0.4792  AUC @ 1: 0.4062
Step 5400: loss = 0.1968 (0.025 sec)
Training Data Eval:
  Num examples: 3584  Num correct: 3584  Precision @ 1: 1.0000  AUC @ 1: 1.0000
Validation Data Eval:
  Num examples: 256  Num correct: 150  Precision @ 1: 0.5859  AUC @ 1: 0.5667
Test Data Eval:
  Num examples: 384  Num correct: 182  Precision @ 1: 0.4740  AUC @ 1: 0.3691
Step 5600: loss = 0.1819 (0.059 sec)
Training Data Eval:
  Num examples: 3584  Num correct: 3583  Precision @ 1: 0.9997  AUC @ 1: 1.0000
Validation Data Eval:
  Num examples: 256  Num correct: 142  Precision @ 1: 0.5547  AUC @ 1: 0.5607
Test Data Eval:
  Num examples: 384  Num correct: 193  Precision @ 1: 0.5026  AUC @ 1: 0.4232
Step 5800: loss = 0.1795 (0.022 sec)
Training Data Eval:
  Num examples: 3584  Num correct: 3584  Precision @ 1: 1.0000  AUC @ 1: 1.0000
Validation Data Eval:
  Num examples: 256  Num correct: 145  Precision @ 1: 0.5664  AUC @ 1: 0.5438
Test Data Eval:
  Num examples: 384  Num correct: 200  Precision @ 1: 0.5208  AUC @ 1: 0.3798
Step 6000: loss = 0.1824 (0.022 sec)
Training Data Eval:
  Num examples: 3584  Num correct: 3584  Precision @ 1: 1.0000  AUC @ 1: 1.0000
Validation Data Eval:
  Num examples: 256  Num correct: 152  Precision @ 1: 0.5938  AUC @ 1: 0.5552
Test Data Eval:
  Num examples: 384  Num correct: 189  Precision @ 1: 0.4922  AUC @ 1: 0.3663
Step 6200: loss = 0.1778 (0.024 sec)
Training Data Eval:
  Num examples: 3584  Num correct: 3583  Precision @ 1: 0.9997  AUC @ 1: 1.0000
Validation Data Eval:
  Num examples: 256  Num correct: 141  Precision @ 1: 0.5508  AUC @ 1: 0.5506
Test Data Eval:
  Num examples: 384  Num correct: 191  Precision @ 1: 0.4974  AUC @ 1: 0.3745
Step 6400: loss = 0.1780 (0.025 sec)
Training Data Eval:
  Num examples: 3584  Num correct: 3584  Precision @ 1: 1.0000  AUC @ 1: 1.0000
Validation Data Eval:
  Num examples: 256  Num correct: 148  Precision @ 1: 0.5781  AUC @ 1: 0.5519
Test Data Eval:
  Num examples: 384  Num correct: 186  Precision @ 1: 0.4844  AUC @ 1: 0.3613
Step 6600: loss = 0.1804 (0.024 sec)
Training Data Eval:
  Num examples: 3584  Num correct: 3584  Precision @ 1: 1.0000  AUC @ 1: 1.0000
Validation Data Eval:
  Num examples: 256  Num correct: 145  Precision @ 1: 0.5664  AUC @ 1: 0.5582
Test Data Eval:
  Num examples: 384  Num correct: 178  Precision @ 1: 0.4635  AUC @ 1: 0.3855
Step 6800: loss = 0.1745 (0.023 sec)
Training Data Eval:
  Num examples: 3584  Num correct: 3584  Precision @ 1: 1.0000  AUC @ 1: 1.0000
Validation Data Eval:
  Num examples: 256  Num correct: 146  Precision @ 1: 0.5703  AUC @ 1: 0.5545
Test Data Eval:
  Num examples: 384  Num correct: 192  Precision @ 1: 0.5000  AUC @ 1: 0.3608
Step 7000: loss = 0.1846 (0.057 sec)
Training Data Eval:
  Num examples: 3584  Num correct: 3584  Precision @ 1: 1.0000  AUC @ 1: 1.0000
Validation Data Eval:
  Num examples: 256  Num correct: 147  Precision @ 1: 0.5742  AUC @ 1: 0.5587
Test Data Eval:
  Num examples: 384  Num correct: 194  Precision @ 1: 0.5052  AUC @ 1: 0.3595
Step 7200: loss = 0.1750 (0.024 sec)
Training Data Eval:
  Num examples: 3584  Num correct: 3584  Precision @ 1: 1.0000  AUC @ 1: 1.0000
Validation Data Eval:
  Num examples: 256  Num correct: 142  Precision @ 1: 0.5547  AUC @ 1: 0.5582
Test Data Eval:
  Num examples: 384  Num correct: 199  Precision @ 1: 0.5182  AUC @ 1: 0.3814
Step 7400: loss = 0.1624 (0.024 sec)
Training Data Eval:
  Num examples: 3584  Num correct: 3584  Precision @ 1: 1.0000  AUC @ 1: 1.0000
Validation Data Eval:
  Num examples: 256  Num correct: 143  Precision @ 1: 0.5586  AUC @ 1: 0.5654
Test Data Eval:
  Num examples: 384  Num correct: 183  Precision @ 1: 0.4766  AUC @ 1: 0.3823
Step 7600: loss = 0.1663 (0.023 sec)
Training Data Eval:
  Num examples: 3584  Num correct: 3584  Precision @ 1: 1.0000  AUC @ 1: 1.0000
Validation Data Eval:
  Num examples: 256  Num correct: 144  Precision @ 1: 0.5625  AUC @ 1: 0.5631
Test Data Eval:
  Num examples: 384  Num correct: 197  Precision @ 1: 0.5130  AUC @ 1: 0.4198
Step 7800: loss = 0.1635 (0.025 sec)
Training Data Eval:
  Num examples: 3584  Num correct: 3584  Precision @ 1: 1.0000  AUC @ 1: 1.0000
Validation Data Eval:
  Num examples: 256  Num correct: 151  Precision @ 1: 0.5898  AUC @ 1: 0.5740
Test Data Eval:
  Num examples: 384  Num correct: 202  Precision @ 1: 0.5260  AUC @ 1: 0.4023
Step 8000: loss = 0.1564 (0.025 sec)
Training Data Eval:
  Num examples: 3584  Num correct: 3584  Precision @ 1: 1.0000  AUC @ 1: 1.0000
Validation Data Eval:
  Num examples: 256  Num correct: 148  Precision @ 1: 0.5781  AUC @ 1: 0.5677
Test Data Eval:
  Num examples: 384  Num correct: 188  Precision @ 1: 0.4896  AUC @ 1: 0.3788
Step 8200: loss = 0.1636 (0.024 sec)
Training Data Eval:
  Num examples: 3584  Num correct: 3584  Precision @ 1: 1.0000  AUC @ 1: 1.0000
Validation Data Eval:
  Num examples: 256  Num correct: 152  Precision @ 1: 0.5938  AUC @ 1: 0.5583
Test Data Eval:
  Num examples: 384  Num correct: 192  Precision @ 1: 0.5000  AUC @ 1: 0.3781
Step 8400: loss = 0.1779 (0.051 sec)
Training Data Eval:
  Num examples: 3584  Num correct: 3584  Precision @ 1: 1.0000  AUC @ 1: 1.0000
Validation Data Eval:
  Num examples: 256  Num correct: 151  Precision @ 1: 0.5898  AUC @ 1: 0.5709
Test Data Eval:
  Num examples: 384  Num correct: 194  Precision @ 1: 0.5052  AUC @ 1: 0.4223
Step 8600: loss = 0.1670 (0.022 sec)
Training Data Eval:
  Num examples: 3584  Num correct: 3584  Precision @ 1: 1.0000  AUC @ 1: 1.0000
Validation Data Eval:
  Num examples: 256  Num correct: 146  Precision @ 1: 0.5703  AUC @ 1: 0.5679
Test Data Eval:
  Num examples: 384  Num correct: 192  Precision @ 1: 0.5000  AUC @ 1: 0.4243
Step 8800: loss = 0.1540 (0.022 sec)
Training Data Eval:
  Num examples: 3584  Num correct: 3584  Precision @ 1: 1.0000  AUC @ 1: 1.0000
Validation Data Eval:
  Num examples: 256  Num correct: 146  Precision @ 1: 0.5703  AUC @ 1: 0.5533
Test Data Eval:
  Num examples: 384  Num correct: 199  Precision @ 1: 0.5182  AUC @ 1: 0.4250
Step 9000: loss = 0.1614 (0.024 sec)
Training Data Eval:
  Num examples: 3584  Num correct: 3584  Precision @ 1: 1.0000  AUC @ 1: 1.0000
Validation Data Eval:
  Num examples: 256  Num correct: 151  Precision @ 1: 0.5898  AUC @ 1: 0.5582
Test Data Eval:
  Num examples: 384  Num correct: 196  Precision @ 1: 0.5104  AUC @ 1: 0.3904
Step 9200: loss = 0.1494 (0.023 sec)
Training Data Eval:
  Num examples: 3584  Num correct: 3584  Precision @ 1: 1.0000  AUC @ 1: 1.0000
Validation Data Eval:
  Num examples: 256  Num correct: 146  Precision @ 1: 0.5703  AUC @ 1: 0.5553
Test Data Eval:
  Num examples: 384  Num correct: 199  Precision @ 1: 0.5182  AUC @ 1: 0.4283
Step 9400: loss = 0.1550 (0.024 sec)
Training Data Eval:
  Num examples: 3584  Num correct: 3584  Precision @ 1: 1.0000  AUC @ 1: 1.0000
Validation Data Eval:
  Num examples: 256  Num correct: 142  Precision @ 1: 0.5547  AUC @ 1: 0.5472
Test Data Eval:
  Num examples: 384  Num correct: 185  Precision @ 1: 0.4818  AUC @ 1: 0.3907
Step 9600: loss = 0.1514 (0.025 sec)
Training Data Eval:
  Num examples: 3584  Num correct: 3584  Precision @ 1: 1.0000  AUC @ 1: 1.0000
Validation Data Eval:
  Num examples: 256  Num correct: 143  Precision @ 1: 0.5586  AUC @ 1: 0.5426
Test Data Eval:
  Num examples: 384  Num correct: 196  Precision @ 1: 0.5104  AUC @ 1: 0.4042
Step 9800: loss = 0.1455 (0.055 sec)
Training Data Eval:
  Num examples: 3584  Num correct: 3584  Precision @ 1: 1.0000  AUC @ 1: 1.0000
Validation Data Eval:
  Num examples: 256  Num correct: 143  Precision @ 1: 0.5586  AUC @ 1: 0.5465
Test Data Eval:
  Num examples: 384  Num correct: 193  Precision @ 1: 0.5026  AUC @ 1: 0.4216
