Training data shape: 	(3881, 64, 30, 1)
Training label shape:	(3881,)
Testing data shape:  	(454, 64, 30, 1)
Testing label shape: 	(454,)
max input value is: 72.5247
min input value is: -75.9911
random permuted training data
==============================================================================
Model: 			inference_global_s_cnn
Tensor Name: 	Placeholder:0
[128, 64, 30, 1]
==============================================================================
Tensor Name: conv1/conv1:0
[128, 1, 30, 32]
==============================================================================
Tensor Name: MaxPool:0
[128, 1, 15, 32]
==============================================================================
Tensor Name: local1/local1:0
[128, 128]
==============================================================================
Tensor Name: local2/local2:0
[128, 128]
==============================================================================
Tensor Name: softmax_linear/softmax_linear:0
[128, 2]
Step 0: loss = 0.8879 (0.038 sec)
Training Data Eval:
  Num examples: 3584  Num correct: 2001  Precision @ 1: 0.5583  AUC @ 1: 0.6711
Validation Data Eval:
  Num examples: 256  Num correct: 153  Precision @ 1: 0.5977  AUC @ 1: 0.6660
Test Data Eval:
  Num examples: 384  Num correct: 187  Precision @ 1: 0.4870  AUC @ 1: 0.7676
Step 200: loss = 0.8727 (0.017 sec)
Training Data Eval:
  Num examples: 3584  Num correct: 2159  Precision @ 1: 0.6024  AUC @ 1: 0.6735
Validation Data Eval:
  Num examples: 256  Num correct: 158  Precision @ 1: 0.6172  AUC @ 1: 0.6658
Test Data Eval:
  Num examples: 384  Num correct: 236  Precision @ 1: 0.6146  AUC @ 1: 0.7179
Step 400: loss = 0.8065 (0.014 sec)
Training Data Eval:
  Num examples: 3584  Num correct: 2304  Precision @ 1: 0.6429  AUC @ 1: 0.7079
Validation Data Eval:
  Num examples: 256  Num correct: 163  Precision @ 1: 0.6367  AUC @ 1: 0.6808
Test Data Eval:
  Num examples: 384  Num correct: 249  Precision @ 1: 0.6484  AUC @ 1: 0.7278
Step 600: loss = 0.8396 (0.014 sec)
Training Data Eval:
  Num examples: 3584  Num correct: 2392  Precision @ 1: 0.6674  AUC @ 1: 0.7301
Validation Data Eval:
  Num examples: 256  Num correct: 166  Precision @ 1: 0.6484  AUC @ 1: 0.6992
Test Data Eval:
  Num examples: 384  Num correct: 250  Precision @ 1: 0.6510  AUC @ 1: 0.7164
Step 800: loss = 0.7882 (0.014 sec)
Training Data Eval:
  Num examples: 3584  Num correct: 2421  Precision @ 1: 0.6755  AUC @ 1: 0.7510
Validation Data Eval:
  Num examples: 256  Num correct: 167  Precision @ 1: 0.6523  AUC @ 1: 0.7109
Test Data Eval:
  Num examples: 384  Num correct: 249  Precision @ 1: 0.6484  AUC @ 1: 0.7345
Step 1000: loss = 0.7906 (0.014 sec)
Training Data Eval:
  Num examples: 3584  Num correct: 2484  Precision @ 1: 0.6931  AUC @ 1: 0.7636
Validation Data Eval:
  Num examples: 256  Num correct: 170  Precision @ 1: 0.6641  AUC @ 1: 0.7180
Test Data Eval:
  Num examples: 384  Num correct: 265  Precision @ 1: 0.6901  AUC @ 1: 0.7537
Step 1200: loss = 0.7807 (0.014 sec)
Training Data Eval:
  Num examples: 3584  Num correct: 2538  Precision @ 1: 0.7081  AUC @ 1: 0.7827
Validation Data Eval:
  Num examples: 256  Num correct: 169  Precision @ 1: 0.6602  AUC @ 1: 0.7223
Test Data Eval:
  Num examples: 384  Num correct: 258  Precision @ 1: 0.6719  AUC @ 1: 0.7423
Step 1400: loss = 0.7531 (0.026 sec)
Training Data Eval:
  Num examples: 3584  Num correct: 2595  Precision @ 1: 0.7241  AUC @ 1: 0.7993
Validation Data Eval:
  Num examples: 256  Num correct: 168  Precision @ 1: 0.6562  AUC @ 1: 0.7261
Test Data Eval:
  Num examples: 384  Num correct: 258  Precision @ 1: 0.6719  AUC @ 1: 0.7382
Step 1600: loss = 0.7344 (0.014 sec)
Training Data Eval:
  Num examples: 3584  Num correct: 2607  Precision @ 1: 0.7274  AUC @ 1: 0.8076
Validation Data Eval:
  Num examples: 256  Num correct: 171  Precision @ 1: 0.6680  AUC @ 1: 0.7316
Test Data Eval:
  Num examples: 384  Num correct: 259  Precision @ 1: 0.6745  AUC @ 1: 0.7409
Step 1800: loss = 0.7283 (0.016 sec)
Training Data Eval:
  Num examples: 3584  Num correct: 2662  Precision @ 1: 0.7427  AUC @ 1: 0.8254
Validation Data Eval:
  Num examples: 256  Num correct: 170  Precision @ 1: 0.6641  AUC @ 1: 0.7363
Test Data Eval:
  Num examples: 384  Num correct: 260  Precision @ 1: 0.6771  AUC @ 1: 0.7479
Step 2000: loss = 0.7709 (0.014 sec)
Training Data Eval:
  Num examples: 3584  Num correct: 2682  Precision @ 1: 0.7483  AUC @ 1: 0.8400
Validation Data Eval:
  Num examples: 256  Num correct: 168  Precision @ 1: 0.6562  AUC @ 1: 0.7415
Test Data Eval:
  Num examples: 384  Num correct: 254  Precision @ 1: 0.6615  AUC @ 1: 0.7370
Step 2200: loss = 0.6988 (0.014 sec)
Training Data Eval:
  Num examples: 3584  Num correct: 2785  Precision @ 1: 0.7771  AUC @ 1: 0.8597
Validation Data Eval:
  Num examples: 256  Num correct: 167  Precision @ 1: 0.6523  AUC @ 1: 0.7364
Test Data Eval:
  Num examples: 384  Num correct: 269  Precision @ 1: 0.7005  AUC @ 1: 0.7468
Step 2400: loss = 0.6182 (0.014 sec)
Training Data Eval:
  Num examples: 3584  Num correct: 2813  Precision @ 1: 0.7849  AUC @ 1: 0.8705
Validation Data Eval:
  Num examples: 256  Num correct: 169  Precision @ 1: 0.6602  AUC @ 1: 0.7428
Test Data Eval:
  Num examples: 384  Num correct: 265  Precision @ 1: 0.6901  AUC @ 1: 0.7458
Step 2600: loss = 0.6328 (0.014 sec)
Training Data Eval:
  Num examples: 3584  Num correct: 2869  Precision @ 1: 0.8005  AUC @ 1: 0.8847
Validation Data Eval:
  Num examples: 256  Num correct: 174  Precision @ 1: 0.6797  AUC @ 1: 0.7516
Test Data Eval:
  Num examples: 384  Num correct: 260  Precision @ 1: 0.6771  AUC @ 1: 0.7471
Step 2800: loss = 0.6543 (0.025 sec)
Training Data Eval:
  Num examples: 3584  Num correct: 2862  Precision @ 1: 0.7985  AUC @ 1: 0.8872
Validation Data Eval:
  Num examples: 256  Num correct: 174  Precision @ 1: 0.6797  AUC @ 1: 0.7550
Test Data Eval:
  Num examples: 384  Num correct: 262  Precision @ 1: 0.6823  AUC @ 1: 0.7464
Step 3000: loss = 0.6562 (0.014 sec)
Training Data Eval:
  Num examples: 3584  Num correct: 2948  Precision @ 1: 0.8225  AUC @ 1: 0.9052
Validation Data Eval:
  Num examples: 256  Num correct: 175  Precision @ 1: 0.6836  AUC @ 1: 0.7566
Test Data Eval:
  Num examples: 384  Num correct: 264  Precision @ 1: 0.6875  AUC @ 1: 0.7540
Step 3200: loss = 0.5955 (0.014 sec)
Training Data Eval:
  Num examples: 3584  Num correct: 2994  Precision @ 1: 0.8354  AUC @ 1: 0.9162
Validation Data Eval:
  Num examples: 256  Num correct: 178  Precision @ 1: 0.6953  AUC @ 1: 0.7572
Test Data Eval:
  Num examples: 384  Num correct: 257  Precision @ 1: 0.6693  AUC @ 1: 0.7505
Step 3400: loss = 0.5381 (0.014 sec)
Training Data Eval:
  Num examples: 3584  Num correct: 3082  Precision @ 1: 0.8599  AUC @ 1: 0.9390
Validation Data Eval:
  Num examples: 256  Num correct: 173  Precision @ 1: 0.6758  AUC @ 1: 0.7592
Test Data Eval:
  Num examples: 384  Num correct: 263  Precision @ 1: 0.6849  AUC @ 1: 0.7525
Step 3600: loss = 0.5744 (0.014 sec)
Training Data Eval:
  Num examples: 3584  Num correct: 3091  Precision @ 1: 0.8624  AUC @ 1: 0.9379
Validation Data Eval:
  Num examples: 256  Num correct: 180  Precision @ 1: 0.7031  AUC @ 1: 0.7638
Test Data Eval:
  Num examples: 384  Num correct: 253  Precision @ 1: 0.6589  AUC @ 1: 0.7549
Step 3800: loss = 0.5161 (0.014 sec)
Training Data Eval:
  Num examples: 3584  Num correct: 3148  Precision @ 1: 0.8783  AUC @ 1: 0.9510
Validation Data Eval:
  Num examples: 256  Num correct: 176  Precision @ 1: 0.6875  AUC @ 1: 0.7594
Test Data Eval:
  Num examples: 384  Num correct: 266  Precision @ 1: 0.6927  AUC @ 1: 0.7509
Step 4000: loss = 0.4588 (0.014 sec)
Training Data Eval:
  Num examples: 3584  Num correct: 3165  Precision @ 1: 0.8831  AUC @ 1: 0.9582
Validation Data Eval:
  Num examples: 256  Num correct: 180  Precision @ 1: 0.7031  AUC @ 1: 0.7705
Test Data Eval:
  Num examples: 384  Num correct: 250  Precision @ 1: 0.6510  AUC @ 1: 0.7241
Step 4200: loss = 0.4984 (0.022 sec)
Training Data Eval:
  Num examples: 3584  Num correct: 3220  Precision @ 1: 0.8984  AUC @ 1: 0.9638
Validation Data Eval:
  Num examples: 256  Num correct: 183  Precision @ 1: 0.7148  AUC @ 1: 0.7706
Test Data Eval:
  Num examples: 384  Num correct: 256  Precision @ 1: 0.6667  AUC @ 1: 0.7473
Step 4400: loss = 0.4987 (0.014 sec)
Training Data Eval:
  Num examples: 3584  Num correct: 3293  Precision @ 1: 0.9188  AUC @ 1: 0.9748
Validation Data Eval:
  Num examples: 256  Num correct: 180  Precision @ 1: 0.7031  AUC @ 1: 0.7727
Test Data Eval:
  Num examples: 384  Num correct: 244  Precision @ 1: 0.6354  AUC @ 1: 0.7253
Step 4600: loss = 0.4502 (0.015 sec)
Training Data Eval:
  Num examples: 3584  Num correct: 3327  Precision @ 1: 0.9283  AUC @ 1: 0.9787
Validation Data Eval:
  Num examples: 256  Num correct: 182  Precision @ 1: 0.7109  AUC @ 1: 0.7763
Test Data Eval:
  Num examples: 384  Num correct: 253  Precision @ 1: 0.6589  AUC @ 1: 0.7381
Step 4800: loss = 0.4117 (0.015 sec)
Training Data Eval:
  Num examples: 3584  Num correct: 3343  Precision @ 1: 0.9328  AUC @ 1: 0.9833
Validation Data Eval:
  Num examples: 256  Num correct: 186  Precision @ 1: 0.7266  AUC @ 1: 0.7774
Test Data Eval:
  Num examples: 384  Num correct: 264  Precision @ 1: 0.6875  AUC @ 1: 0.7473
Step 5000: loss = 0.4183 (0.014 sec)
Training Data Eval:
  Num examples: 3584  Num correct: 3392  Precision @ 1: 0.9464  AUC @ 1: 0.9870
Validation Data Eval:
  Num examples: 256  Num correct: 183  Precision @ 1: 0.7148  AUC @ 1: 0.7778
Test Data Eval:
  Num examples: 384  Num correct: 256  Precision @ 1: 0.6667  AUC @ 1: 0.7427
Step 5200: loss = 0.4311 (0.014 sec)
Training Data Eval:
  Num examples: 3584  Num correct: 3426  Precision @ 1: 0.9559  AUC @ 1: 0.9909
Validation Data Eval:
  Num examples: 256  Num correct: 181  Precision @ 1: 0.7070  AUC @ 1: 0.7824
Test Data Eval:
  Num examples: 384  Num correct: 255  Precision @ 1: 0.6641  AUC @ 1: 0.7417
Step 5400: loss = 0.3827 (0.014 sec)
Training Data Eval:
  Num examples: 3584  Num correct: 3444  Precision @ 1: 0.9609  AUC @ 1: 0.9948
Validation Data Eval:
  Num examples: 256  Num correct: 185  Precision @ 1: 0.7227  AUC @ 1: 0.7787
Test Data Eval:
  Num examples: 384  Num correct: 243  Precision @ 1: 0.6328  AUC @ 1: 0.7103
Step 5600: loss = 0.3683 (0.024 sec)
Training Data Eval:
  Num examples: 3584  Num correct: 3446  Precision @ 1: 0.9615  AUC @ 1: 0.9945
Validation Data Eval:
  Num examples: 256  Num correct: 181  Precision @ 1: 0.7070  AUC @ 1: 0.7849
Test Data Eval:
  Num examples: 384  Num correct: 258  Precision @ 1: 0.6719  AUC @ 1: 0.7491
Step 5800: loss = 0.3537 (0.014 sec)
Training Data Eval:
  Num examples: 3584  Num correct: 3495  Precision @ 1: 0.9752  AUC @ 1: 0.9970
Validation Data Eval:
  Num examples: 256  Num correct: 183  Precision @ 1: 0.7148  AUC @ 1: 0.7798
Test Data Eval:
  Num examples: 384  Num correct: 247  Precision @ 1: 0.6432  AUC @ 1: 0.7217
Step 6000: loss = 0.3161 (0.014 sec)
Training Data Eval:
  Num examples: 3584  Num correct: 3518  Precision @ 1: 0.9816  AUC @ 1: 0.9978
Validation Data Eval:
  Num examples: 256  Num correct: 185  Precision @ 1: 0.7227  AUC @ 1: 0.7885
Test Data Eval:
  Num examples: 384  Num correct: 257  Precision @ 1: 0.6693  AUC @ 1: 0.7338
Step 6200: loss = 0.3367 (0.014 sec)
Training Data Eval:
  Num examples: 3584  Num correct: 3522  Precision @ 1: 0.9827  AUC @ 1: 0.9984
Validation Data Eval:
  Num examples: 256  Num correct: 183  Precision @ 1: 0.7148  AUC @ 1: 0.7794
Test Data Eval:
  Num examples: 384  Num correct: 257  Precision @ 1: 0.6693  AUC @ 1: 0.7538
Step 6400: loss = 0.3021 (0.014 sec)
Training Data Eval:
  Num examples: 3584  Num correct: 3549  Precision @ 1: 0.9902  AUC @ 1: 0.9994
Validation Data Eval:
  Num examples: 256  Num correct: 185  Precision @ 1: 0.7227  AUC @ 1: 0.7929
Test Data Eval:
  Num examples: 384  Num correct: 250  Precision @ 1: 0.6510  AUC @ 1: 0.7394
Step 6600: loss = 0.3289 (0.014 sec)
Training Data Eval:
  Num examples: 3584  Num correct: 3528  Precision @ 1: 0.9844  AUC @ 1: 0.9995
Validation Data Eval:
  Num examples: 256  Num correct: 185  Precision @ 1: 0.7227  AUC @ 1: 0.7865
Test Data Eval:
  Num examples: 384  Num correct: 242  Precision @ 1: 0.6302  AUC @ 1: 0.7091
Step 6800: loss = 0.3135 (0.016 sec)
Training Data Eval:
  Num examples: 3584  Num correct: 3545  Precision @ 1: 0.9891  AUC @ 1: 0.9997
Validation Data Eval:
  Num examples: 256  Num correct: 189  Precision @ 1: 0.7383  AUC @ 1: 0.7911
Test Data Eval:
  Num examples: 384  Num correct: 240  Precision @ 1: 0.6250  AUC @ 1: 0.7061
Step 7000: loss = 0.2957 (0.026 sec)
Training Data Eval:
  Num examples: 3584  Num correct: 3555  Precision @ 1: 0.9919  AUC @ 1: 0.9999
Validation Data Eval:
  Num examples: 256  Num correct: 188  Precision @ 1: 0.7344  AUC @ 1: 0.7868
Test Data Eval:
  Num examples: 384  Num correct: 235  Precision @ 1: 0.6120  AUC @ 1: 0.6845
Step 7200: loss = 0.2932 (0.015 sec)
Training Data Eval:
  Num examples: 3584  Num correct: 3551  Precision @ 1: 0.9908  AUC @ 1: 0.9998
Validation Data Eval:
  Num examples: 256  Num correct: 190  Precision @ 1: 0.7422  AUC @ 1: 0.7898
Test Data Eval:
  Num examples: 384  Num correct: 248  Precision @ 1: 0.6458  AUC @ 1: 0.7096
Step 7400: loss = 0.2817 (0.014 sec)
Training Data Eval:
  Num examples: 3584  Num correct: 3578  Precision @ 1: 0.9983  AUC @ 1: 0.9999
Validation Data Eval:
  Num examples: 256  Num correct: 190  Precision @ 1: 0.7422  AUC @ 1: 0.7981
Test Data Eval:
  Num examples: 384  Num correct: 250  Precision @ 1: 0.6510  AUC @ 1: 0.7116
Step 7600: loss = 0.2294 (0.015 sec)
Training Data Eval:
  Num examples: 3584  Num correct: 3562  Precision @ 1: 0.9939  AUC @ 1: 1.0000
Validation Data Eval:
  Num examples: 256  Num correct: 190  Precision @ 1: 0.7422  AUC @ 1: 0.7919
Test Data Eval:
  Num examples: 384  Num correct: 246  Precision @ 1: 0.6406  AUC @ 1: 0.7110
Step 7800: loss = 0.2753 (0.015 sec)
Training Data Eval:
  Num examples: 3584  Num correct: 3581  Precision @ 1: 0.9992  AUC @ 1: 1.0000
Validation Data Eval:
  Num examples: 256  Num correct: 189  Precision @ 1: 0.7383  AUC @ 1: 0.7940
Test Data Eval:
  Num examples: 384  Num correct: 256  Precision @ 1: 0.6667  AUC @ 1: 0.7188
Step 8000: loss = 0.2210 (0.014 sec)
Training Data Eval:
  Num examples: 3584  Num correct: 3582  Precision @ 1: 0.9994  AUC @ 1: 1.0000
Validation Data Eval:
  Num examples: 256  Num correct: 189  Precision @ 1: 0.7383  AUC @ 1: 0.7969
Test Data Eval:
  Num examples: 384  Num correct: 251  Precision @ 1: 0.6536  AUC @ 1: 0.7175
Step 8200: loss = 0.2540 (0.014 sec)
Training Data Eval:
  Num examples: 3584  Num correct: 3583  Precision @ 1: 0.9997  AUC @ 1: 1.0000
Validation Data Eval:
  Num examples: 256  Num correct: 190  Precision @ 1: 0.7422  AUC @ 1: 0.7915
Test Data Eval:
  Num examples: 384  Num correct: 242  Precision @ 1: 0.6302  AUC @ 1: 0.6996
Step 8400: loss = 0.2080 (0.024 sec)
Training Data Eval:
  Num examples: 3584  Num correct: 3583  Precision @ 1: 0.9997  AUC @ 1: 1.0000
Validation Data Eval:
  Num examples: 256  Num correct: 188  Precision @ 1: 0.7344  AUC @ 1: 0.8045
Test Data Eval:
  Num examples: 384  Num correct: 245  Precision @ 1: 0.6380  AUC @ 1: 0.6962
Step 8600: loss = 0.2430 (0.014 sec)
Training Data Eval:
  Num examples: 3584  Num correct: 3583  Precision @ 1: 0.9997  AUC @ 1: 1.0000
Validation Data Eval:
  Num examples: 256  Num correct: 191  Precision @ 1: 0.7461  AUC @ 1: 0.8026
Test Data Eval:
  Num examples: 384  Num correct: 247  Precision @ 1: 0.6432  AUC @ 1: 0.7097
Step 8800: loss = 0.1836 (0.014 sec)
Training Data Eval:
  Num examples: 3584  Num correct: 3580  Precision @ 1: 0.9989  AUC @ 1: 1.0000
Validation Data Eval:
  Num examples: 256  Num correct: 188  Precision @ 1: 0.7344  AUC @ 1: 0.7986
Test Data Eval:
  Num examples: 384  Num correct: 251  Precision @ 1: 0.6536  AUC @ 1: 0.7191
Step 9000: loss = 0.1893 (0.017 sec)
Training Data Eval:
  Num examples: 3584  Num correct: 3584  Precision @ 1: 1.0000  AUC @ 1: 1.0000
Validation Data Eval:
  Num examples: 256  Num correct: 194  Precision @ 1: 0.7578  AUC @ 1: 0.8006
Test Data Eval:
  Num examples: 384  Num correct: 238  Precision @ 1: 0.6198  AUC @ 1: 0.7098
Step 9200: loss = 0.2061 (0.014 sec)
Training Data Eval:
  Num examples: 3584  Num correct: 3583  Precision @ 1: 0.9997  AUC @ 1: 1.0000
Validation Data Eval:
  Num examples: 256  Num correct: 189  Precision @ 1: 0.7383  AUC @ 1: 0.8028
Test Data Eval:
  Num examples: 384  Num correct: 240  Precision @ 1: 0.6250  AUC @ 1: 0.7039
Step 9400: loss = 0.1997 (0.015 sec)
Training Data Eval:
  Num examples: 3584  Num correct: 3584  Precision @ 1: 1.0000  AUC @ 1: 1.0000
Validation Data Eval:
  Num examples: 256  Num correct: 188  Precision @ 1: 0.7344  AUC @ 1: 0.8045
Test Data Eval:
  Num examples: 384  Num correct: 248  Precision @ 1: 0.6458  AUC @ 1: 0.7090
Step 9600: loss = 0.1790 (0.015 sec)
Training Data Eval:
  Num examples: 3584  Num correct: 3584  Precision @ 1: 1.0000  AUC @ 1: 1.0000
Validation Data Eval:
  Num examples: 256  Num correct: 190  Precision @ 1: 0.7422  AUC @ 1: 0.8029
Test Data Eval:
  Num examples: 384  Num correct: 255  Precision @ 1: 0.6641  AUC @ 1: 0.7320
Step 9800: loss = 0.1803 (0.026 sec)
Training Data Eval:
  Num examples: 3584  Num correct: 3584  Precision @ 1: 1.0000  AUC @ 1: 1.0000
Validation Data Eval:
  Num examples: 256  Num correct: 190  Precision @ 1: 0.7422  AUC @ 1: 0.8018
Test Data Eval:
  Num examples: 384  Num correct: 250  Precision @ 1: 0.6510  AUC @ 1: 0.7121
