Training data shape: 	(3881, 64, 30, 1)
Training label shape:	(3881,)
Testing data shape:  	(454, 64, 30, 1)
Testing label shape: 	(454,)
max input value is: 72.5247
min input value is: -75.9911
random permuted training data
==============================================================================
Model: 			inference_global_s_cnn
Tensor Name: 	Placeholder:0
[128, 64, 30, 1]
==============================================================================
Tensor Name: conv1/conv1:0
[128, 1, 30, 16]
==============================================================================
Tensor Name: MaxPool:0
[128, 1, 15, 16]
==============================================================================
Tensor Name: local1/local1:0
[128, 128]
==============================================================================
Tensor Name: local2/local2:0
[128, 128]
==============================================================================
Tensor Name: softmax_linear/softmax_linear:0
[128, 2]
Step 0: loss = 0.8099 (0.028 sec)
Training Data Eval:
  Num examples: 3584  Num correct: 2009  Precision @ 1: 0.5605  AUC @ 1: 0.6605
Validation Data Eval:
  Num examples: 256  Num correct: 142  Precision @ 1: 0.5547  AUC @ 1: 0.6714
Test Data Eval:
  Num examples: 384  Num correct: 187  Precision @ 1: 0.4870  AUC @ 1: 0.7606
Step 200: loss = 0.7742 (0.011 sec)
Training Data Eval:
  Num examples: 3584  Num correct: 2080  Precision @ 1: 0.5804  AUC @ 1: 0.6775
Validation Data Eval:
  Num examples: 256  Num correct: 149  Precision @ 1: 0.5820  AUC @ 1: 0.6810
Test Data Eval:
  Num examples: 384  Num correct: 217  Precision @ 1: 0.5651  AUC @ 1: 0.7199
Step 400: loss = 0.7509 (0.011 sec)
Training Data Eval:
  Num examples: 3584  Num correct: 2211  Precision @ 1: 0.6169  AUC @ 1: 0.6952
Validation Data Eval:
  Num examples: 256  Num correct: 159  Precision @ 1: 0.6211  AUC @ 1: 0.6977
Test Data Eval:
  Num examples: 384  Num correct: 236  Precision @ 1: 0.6146  AUC @ 1: 0.7312
Step 600: loss = 0.7131 (0.011 sec)
Training Data Eval:
  Num examples: 3584  Num correct: 2347  Precision @ 1: 0.6549  AUC @ 1: 0.7156
Validation Data Eval:
  Num examples: 256  Num correct: 169  Precision @ 1: 0.6602  AUC @ 1: 0.7184
Test Data Eval:
  Num examples: 384  Num correct: 259  Precision @ 1: 0.6745  AUC @ 1: 0.7514
Step 800: loss = 0.7406 (0.011 sec)
Training Data Eval:
  Num examples: 3584  Num correct: 2415  Precision @ 1: 0.6738  AUC @ 1: 0.7363
Validation Data Eval:
  Num examples: 256  Num correct: 180  Precision @ 1: 0.7031  AUC @ 1: 0.7362
Test Data Eval:
  Num examples: 384  Num correct: 253  Precision @ 1: 0.6589  AUC @ 1: 0.7308
Step 1000: loss = 0.6802 (0.011 sec)
Training Data Eval:
  Num examples: 3584  Num correct: 2459  Precision @ 1: 0.6861  AUC @ 1: 0.7534
Validation Data Eval:
  Num examples: 256  Num correct: 181  Precision @ 1: 0.7070  AUC @ 1: 0.7547
Test Data Eval:
  Num examples: 384  Num correct: 273  Precision @ 1: 0.7109  AUC @ 1: 0.7605
Step 1200: loss = 0.7175 (0.011 sec)
Training Data Eval:
  Num examples: 3584  Num correct: 2460  Precision @ 1: 0.6864  AUC @ 1: 0.7588
Validation Data Eval:
  Num examples: 256  Num correct: 179  Precision @ 1: 0.6992  AUC @ 1: 0.7626
Test Data Eval:
  Num examples: 384  Num correct: 267  Precision @ 1: 0.6953  AUC @ 1: 0.7554
Step 1400: loss = 0.6685 (0.028 sec)
Training Data Eval:
  Num examples: 3584  Num correct: 2483  Precision @ 1: 0.6928  AUC @ 1: 0.7690
Validation Data Eval:
  Num examples: 256  Num correct: 184  Precision @ 1: 0.7188  AUC @ 1: 0.7736
Test Data Eval:
  Num examples: 384  Num correct: 267  Precision @ 1: 0.6953  AUC @ 1: 0.7467
Step 1600: loss = 0.7045 (0.011 sec)
Training Data Eval:
  Num examples: 3584  Num correct: 2488  Precision @ 1: 0.6942  AUC @ 1: 0.7747
Validation Data Eval:
  Num examples: 256  Num correct: 185  Precision @ 1: 0.7227  AUC @ 1: 0.7783
Test Data Eval:
  Num examples: 384  Num correct: 264  Precision @ 1: 0.6875  AUC @ 1: 0.7422
Step 1800: loss = 0.6703 (0.011 sec)
Training Data Eval:
  Num examples: 3584  Num correct: 2499  Precision @ 1: 0.6973  AUC @ 1: 0.7843
Validation Data Eval:
  Num examples: 256  Num correct: 183  Precision @ 1: 0.7148  AUC @ 1: 0.7850
Test Data Eval:
  Num examples: 384  Num correct: 266  Precision @ 1: 0.6927  AUC @ 1: 0.7574
Step 2000: loss = 0.6012 (0.011 sec)
Training Data Eval:
  Num examples: 3584  Num correct: 2566  Precision @ 1: 0.7160  AUC @ 1: 0.7938
Validation Data Eval:
  Num examples: 256  Num correct: 191  Precision @ 1: 0.7461  AUC @ 1: 0.7910
Test Data Eval:
  Num examples: 384  Num correct: 276  Precision @ 1: 0.7188  AUC @ 1: 0.7575
Step 2200: loss = 0.6480 (0.011 sec)
Training Data Eval:
  Num examples: 3584  Num correct: 2590  Precision @ 1: 0.7227  AUC @ 1: 0.8058
Validation Data Eval:
  Num examples: 256  Num correct: 191  Precision @ 1: 0.7461  AUC @ 1: 0.7945
Test Data Eval:
  Num examples: 384  Num correct: 279  Precision @ 1: 0.7266  AUC @ 1: 0.7581
Step 2400: loss = 0.7324 (0.012 sec)
Training Data Eval:
  Num examples: 3584  Num correct: 2574  Precision @ 1: 0.7182  AUC @ 1: 0.8015
Validation Data Eval:
  Num examples: 256  Num correct: 189  Precision @ 1: 0.7383  AUC @ 1: 0.7980
Test Data Eval:
  Num examples: 384  Num correct: 269  Precision @ 1: 0.7005  AUC @ 1: 0.7541
Step 2600: loss = 0.5978 (0.011 sec)
Training Data Eval:
  Num examples: 3584  Num correct: 2650  Precision @ 1: 0.7394  AUC @ 1: 0.8230
Validation Data Eval:
  Num examples: 256  Num correct: 193  Precision @ 1: 0.7539  AUC @ 1: 0.7982
Test Data Eval:
  Num examples: 384  Num correct: 275  Precision @ 1: 0.7161  AUC @ 1: 0.7478
Step 2800: loss = 0.6643 (0.020 sec)
Training Data Eval:
  Num examples: 3584  Num correct: 2666  Precision @ 1: 0.7439  AUC @ 1: 0.8313
Validation Data Eval:
  Num examples: 256  Num correct: 194  Precision @ 1: 0.7578  AUC @ 1: 0.8017
Test Data Eval:
  Num examples: 384  Num correct: 269  Precision @ 1: 0.7005  AUC @ 1: 0.7443
Step 3000: loss = 0.7146 (0.011 sec)
Training Data Eval:
  Num examples: 3584  Num correct: 2723  Precision @ 1: 0.7598  AUC @ 1: 0.8427
Validation Data Eval:
  Num examples: 256  Num correct: 195  Precision @ 1: 0.7617  AUC @ 1: 0.8049
Test Data Eval:
  Num examples: 384  Num correct: 275  Precision @ 1: 0.7161  AUC @ 1: 0.7683
Step 3200: loss = 0.5822 (0.011 sec)
Training Data Eval:
  Num examples: 3584  Num correct: 2728  Precision @ 1: 0.7612  AUC @ 1: 0.8444
Validation Data Eval:
  Num examples: 256  Num correct: 195  Precision @ 1: 0.7617  AUC @ 1: 0.8096
Test Data Eval:
  Num examples: 384  Num correct: 271  Precision @ 1: 0.7057  AUC @ 1: 0.7506
Step 3400: loss = 0.6797 (0.011 sec)
Training Data Eval:
  Num examples: 3584  Num correct: 2781  Precision @ 1: 0.7759  AUC @ 1: 0.8619
Validation Data Eval:
  Num examples: 256  Num correct: 197  Precision @ 1: 0.7695  AUC @ 1: 0.8107
Test Data Eval:
  Num examples: 384  Num correct: 268  Precision @ 1: 0.6979  AUC @ 1: 0.7391
Step 3600: loss = 0.5762 (0.011 sec)
Training Data Eval:
  Num examples: 3584  Num correct: 2783  Precision @ 1: 0.7765  AUC @ 1: 0.8639
Validation Data Eval:
  Num examples: 256  Num correct: 194  Precision @ 1: 0.7578  AUC @ 1: 0.8103
Test Data Eval:
  Num examples: 384  Num correct: 260  Precision @ 1: 0.6771  AUC @ 1: 0.7355
Step 3800: loss = 0.5891 (0.011 sec)
Training Data Eval:
  Num examples: 3584  Num correct: 2846  Precision @ 1: 0.7941  AUC @ 1: 0.8806
Validation Data Eval:
  Num examples: 256  Num correct: 193  Precision @ 1: 0.7539  AUC @ 1: 0.8129
Test Data Eval:
  Num examples: 384  Num correct: 263  Precision @ 1: 0.6849  AUC @ 1: 0.7337
Step 4000: loss = 0.5210 (0.012 sec)
Training Data Eval:
  Num examples: 3584  Num correct: 2893  Precision @ 1: 0.8072  AUC @ 1: 0.8880
Validation Data Eval:
  Num examples: 256  Num correct: 197  Precision @ 1: 0.7695  AUC @ 1: 0.8170
Test Data Eval:
  Num examples: 384  Num correct: 270  Precision @ 1: 0.7031  AUC @ 1: 0.7489
Step 4200: loss = 0.6021 (0.028 sec)
Training Data Eval:
  Num examples: 3584  Num correct: 2948  Precision @ 1: 0.8225  AUC @ 1: 0.9009
Validation Data Eval:
  Num examples: 256  Num correct: 195  Precision @ 1: 0.7617  AUC @ 1: 0.8154
Test Data Eval:
  Num examples: 384  Num correct: 257  Precision @ 1: 0.6693  AUC @ 1: 0.7290
Step 4400: loss = 0.5456 (0.011 sec)
Training Data Eval:
  Num examples: 3584  Num correct: 2989  Precision @ 1: 0.8340  AUC @ 1: 0.9089
Validation Data Eval:
  Num examples: 256  Num correct: 196  Precision @ 1: 0.7656  AUC @ 1: 0.8160
Test Data Eval:
  Num examples: 384  Num correct: 254  Precision @ 1: 0.6615  AUC @ 1: 0.7268
Step 4600: loss = 0.5427 (0.012 sec)
Training Data Eval:
  Num examples: 3584  Num correct: 2992  Precision @ 1: 0.8348  AUC @ 1: 0.9100
Validation Data Eval:
  Num examples: 256  Num correct: 194  Precision @ 1: 0.7578  AUC @ 1: 0.8213
Test Data Eval:
  Num examples: 384  Num correct: 258  Precision @ 1: 0.6719  AUC @ 1: 0.7308
Step 4800: loss = 0.5483 (0.011 sec)
Training Data Eval:
  Num examples: 3584  Num correct: 3045  Precision @ 1: 0.8496  AUC @ 1: 0.9242
Validation Data Eval:
  Num examples: 256  Num correct: 192  Precision @ 1: 0.7500  AUC @ 1: 0.8247
Test Data Eval:
  Num examples: 384  Num correct: 251  Precision @ 1: 0.6536  AUC @ 1: 0.7168
Step 5000: loss = 0.4882 (0.011 sec)
Training Data Eval:
  Num examples: 3584  Num correct: 3081  Precision @ 1: 0.8597  AUC @ 1: 0.9311
Validation Data Eval:
  Num examples: 256  Num correct: 194  Precision @ 1: 0.7578  AUC @ 1: 0.8204
Test Data Eval:
  Num examples: 384  Num correct: 249  Precision @ 1: 0.6484  AUC @ 1: 0.7114
Step 5200: loss = 0.5018 (0.011 sec)
Training Data Eval:
  Num examples: 3584  Num correct: 3064  Precision @ 1: 0.8549  AUC @ 1: 0.9297
Validation Data Eval:
  Num examples: 256  Num correct: 201  Precision @ 1: 0.7852  AUC @ 1: 0.8286
Test Data Eval:
  Num examples: 384  Num correct: 256  Precision @ 1: 0.6667  AUC @ 1: 0.7293
Step 5400: loss = 0.4467 (0.011 sec)
Training Data Eval:
  Num examples: 3584  Num correct: 3135  Precision @ 1: 0.8747  AUC @ 1: 0.9443
Validation Data Eval:
  Num examples: 256  Num correct: 197  Precision @ 1: 0.7695  AUC @ 1: 0.8272
Test Data Eval:
  Num examples: 384  Num correct: 242  Precision @ 1: 0.6302  AUC @ 1: 0.7012
Step 5600: loss = 0.4274 (0.023 sec)
Training Data Eval:
  Num examples: 3584  Num correct: 3132  Precision @ 1: 0.8739  AUC @ 1: 0.9492
Validation Data Eval:
  Num examples: 256  Num correct: 198  Precision @ 1: 0.7734  AUC @ 1: 0.8361
Test Data Eval:
  Num examples: 384  Num correct: 247  Precision @ 1: 0.6432  AUC @ 1: 0.7218
Step 5800: loss = 0.4807 (0.011 sec)
Training Data Eval:
  Num examples: 3584  Num correct: 3152  Precision @ 1: 0.8795  AUC @ 1: 0.9507
Validation Data Eval:
  Num examples: 256  Num correct: 196  Precision @ 1: 0.7656  AUC @ 1: 0.8285
Test Data Eval:
  Num examples: 384  Num correct: 251  Precision @ 1: 0.6536  AUC @ 1: 0.7276
Step 6000: loss = 0.4190 (0.011 sec)
Training Data Eval:
  Num examples: 3584  Num correct: 3230  Precision @ 1: 0.9012  AUC @ 1: 0.9593
Validation Data Eval:
  Num examples: 256  Num correct: 197  Precision @ 1: 0.7695  AUC @ 1: 0.8298
Test Data Eval:
  Num examples: 384  Num correct: 246  Precision @ 1: 0.6406  AUC @ 1: 0.7204
Step 6200: loss = 0.5248 (0.011 sec)
Training Data Eval:
  Num examples: 3584  Num correct: 3192  Precision @ 1: 0.8906  AUC @ 1: 0.9602
Validation Data Eval:
  Num examples: 256  Num correct: 197  Precision @ 1: 0.7695  AUC @ 1: 0.8296
Test Data Eval:
  Num examples: 384  Num correct: 250  Precision @ 1: 0.6510  AUC @ 1: 0.7041
Step 6400: loss = 0.4862 (0.011 sec)
Training Data Eval:
  Num examples: 3584  Num correct: 3235  Precision @ 1: 0.9026  AUC @ 1: 0.9646
Validation Data Eval:
  Num examples: 256  Num correct: 200  Precision @ 1: 0.7812  AUC @ 1: 0.8266
Test Data Eval:
  Num examples: 384  Num correct: 255  Precision @ 1: 0.6641  AUC @ 1: 0.7023
Step 6600: loss = 0.4476 (0.011 sec)
Training Data Eval:
  Num examples: 3584  Num correct: 3285  Precision @ 1: 0.9166  AUC @ 1: 0.9698
Validation Data Eval:
  Num examples: 256  Num correct: 192  Precision @ 1: 0.7500  AUC @ 1: 0.8301
Test Data Eval:
  Num examples: 384  Num correct: 243  Precision @ 1: 0.6328  AUC @ 1: 0.6965
Step 6800: loss = 0.3603 (0.011 sec)
Training Data Eval:
  Num examples: 3584  Num correct: 3303  Precision @ 1: 0.9216  AUC @ 1: 0.9756
Validation Data Eval:
  Num examples: 256  Num correct: 193  Precision @ 1: 0.7539  AUC @ 1: 0.8330
Test Data Eval:
  Num examples: 384  Num correct: 246  Precision @ 1: 0.6406  AUC @ 1: 0.6991
Step 7000: loss = 0.3914 (0.021 sec)
Training Data Eval:
  Num examples: 3584  Num correct: 3348  Precision @ 1: 0.9342  AUC @ 1: 0.9774
Validation Data Eval:
  Num examples: 256  Num correct: 191  Precision @ 1: 0.7461  AUC @ 1: 0.8352
Test Data Eval:
  Num examples: 384  Num correct: 255  Precision @ 1: 0.6641  AUC @ 1: 0.7053
Step 7200: loss = 0.3770 (0.011 sec)
Training Data Eval:
  Num examples: 3584  Num correct: 3359  Precision @ 1: 0.9372  AUC @ 1: 0.9808
Validation Data Eval:
  Num examples: 256  Num correct: 192  Precision @ 1: 0.7500  AUC @ 1: 0.8323
Test Data Eval:
  Num examples: 384  Num correct: 245  Precision @ 1: 0.6380  AUC @ 1: 0.6813
Step 7400: loss = 0.4141 (0.011 sec)
Training Data Eval:
  Num examples: 3584  Num correct: 3387  Precision @ 1: 0.9450  AUC @ 1: 0.9822
Validation Data Eval:
  Num examples: 256  Num correct: 193  Precision @ 1: 0.7539  AUC @ 1: 0.8357
Test Data Eval:
  Num examples: 384  Num correct: 255  Precision @ 1: 0.6641  AUC @ 1: 0.7194
Step 7600: loss = 0.3479 (0.011 sec)
Training Data Eval:
  Num examples: 3584  Num correct: 3420  Precision @ 1: 0.9542  AUC @ 1: 0.9869
Validation Data Eval:
  Num examples: 256  Num correct: 193  Precision @ 1: 0.7539  AUC @ 1: 0.8325
Test Data Eval:
  Num examples: 384  Num correct: 249  Precision @ 1: 0.6484  AUC @ 1: 0.7074
Step 7800: loss = 0.3264 (0.011 sec)
Training Data Eval:
  Num examples: 3584  Num correct: 3420  Precision @ 1: 0.9542  AUC @ 1: 0.9883
Validation Data Eval:
  Num examples: 256  Num correct: 191  Precision @ 1: 0.7461  AUC @ 1: 0.8344
Test Data Eval:
  Num examples: 384  Num correct: 246  Precision @ 1: 0.6406  AUC @ 1: 0.6976
Step 8000: loss = 0.3364 (0.011 sec)
Training Data Eval:
  Num examples: 3584  Num correct: 3444  Precision @ 1: 0.9609  AUC @ 1: 0.9916
Validation Data Eval:
  Num examples: 256  Num correct: 192  Precision @ 1: 0.7500  AUC @ 1: 0.8346
Test Data Eval:
  Num examples: 384  Num correct: 242  Precision @ 1: 0.6302  AUC @ 1: 0.6949
Step 8200: loss = 0.2780 (0.011 sec)
Training Data Eval:
  Num examples: 3584  Num correct: 3367  Precision @ 1: 0.9395  AUC @ 1: 0.9922
Validation Data Eval:
  Num examples: 256  Num correct: 198  Precision @ 1: 0.7734  AUC @ 1: 0.8253
Test Data Eval:
  Num examples: 384  Num correct: 235  Precision @ 1: 0.6120  AUC @ 1: 0.6724
Step 8400: loss = 0.3478 (0.022 sec)
Training Data Eval:
  Num examples: 3584  Num correct: 3479  Precision @ 1: 0.9707  AUC @ 1: 0.9930
Validation Data Eval:
  Num examples: 256  Num correct: 190  Precision @ 1: 0.7422  AUC @ 1: 0.8357
Test Data Eval:
  Num examples: 384  Num correct: 246  Precision @ 1: 0.6406  AUC @ 1: 0.6849
Step 8600: loss = 0.3289 (0.011 sec)
Training Data Eval:
  Num examples: 3584  Num correct: 3474  Precision @ 1: 0.9693  AUC @ 1: 0.9958
Validation Data Eval:
  Num examples: 256  Num correct: 194  Precision @ 1: 0.7578  AUC @ 1: 0.8339
Test Data Eval:
  Num examples: 384  Num correct: 249  Precision @ 1: 0.6484  AUC @ 1: 0.7075
Step 8800: loss = 0.3182 (0.011 sec)
Training Data Eval:
  Num examples: 3584  Num correct: 3518  Precision @ 1: 0.9816  AUC @ 1: 0.9961
Validation Data Eval:
  Num examples: 256  Num correct: 191  Precision @ 1: 0.7461  AUC @ 1: 0.8367
Test Data Eval:
  Num examples: 384  Num correct: 246  Precision @ 1: 0.6406  AUC @ 1: 0.6846
Step 9000: loss = 0.2317 (0.011 sec)
Training Data Eval:
  Num examples: 3584  Num correct: 3506  Precision @ 1: 0.9782  AUC @ 1: 0.9956
Validation Data Eval:
  Num examples: 256  Num correct: 192  Precision @ 1: 0.7500  AUC @ 1: 0.8340
Test Data Eval:
  Num examples: 384  Num correct: 246  Precision @ 1: 0.6406  AUC @ 1: 0.6813
Step 9200: loss = 0.2280 (0.011 sec)
Training Data Eval:
  Num examples: 3584  Num correct: 3504  Precision @ 1: 0.9777  AUC @ 1: 0.9968
Validation Data Eval:
  Num examples: 256  Num correct: 189  Precision @ 1: 0.7383  AUC @ 1: 0.8339
Test Data Eval:
  Num examples: 384  Num correct: 254  Precision @ 1: 0.6615  AUC @ 1: 0.7020
Step 9400: loss = 0.2652 (0.011 sec)
Training Data Eval:
  Num examples: 3584  Num correct: 3492  Precision @ 1: 0.9743  AUC @ 1: 0.9966
Validation Data Eval:
  Num examples: 256  Num correct: 202  Precision @ 1: 0.7891  AUC @ 1: 0.8393
Test Data Eval:
  Num examples: 384  Num correct: 248  Precision @ 1: 0.6458  AUC @ 1: 0.6860
Step 9600: loss = 0.3007 (0.012 sec)
Training Data Eval:
  Num examples: 3584  Num correct: 3517  Precision @ 1: 0.9813  AUC @ 1: 0.9970
Validation Data Eval:
  Num examples: 256  Num correct: 187  Precision @ 1: 0.7305  AUC @ 1: 0.8387
Test Data Eval:
  Num examples: 384  Num correct: 250  Precision @ 1: 0.6510  AUC @ 1: 0.6964
Step 9800: loss = 0.2836 (0.021 sec)
Training Data Eval:
  Num examples: 3584  Num correct: 3548  Precision @ 1: 0.9900  AUC @ 1: 0.9983
Validation Data Eval:
  Num examples: 256  Num correct: 194  Precision @ 1: 0.7578  AUC @ 1: 0.8385
Test Data Eval:
  Num examples: 384  Num correct: 254  Precision @ 1: 0.6615  AUC @ 1: 0.6964
