Training data shape: 	(3825, 64, 30, 2)
Training label shape:	(3825,)
Testing data shape:  	(510, 64, 30, 2)
Testing label shape: 	(510,)
max input value is: 72.5247
min input value is: -75.9911
random permuted training data
==============================================================================
Model: 			inference_global_s_cnn
Tensor Name: 	Placeholder:0
[128, 64, 30, 2]
==============================================================================
Tensor Name: conv1/conv1:0
[128, 1, 30, 64]
==============================================================================
Tensor Name: MaxPool:0
[128, 1, 15, 64]
==============================================================================
Tensor Name: local1/local1:0
[128, 128]
==============================================================================
Tensor Name: local2/local2:0
[128, 128]
==============================================================================
Tensor Name: softmax_linear/softmax_linear:0
[128, 2]
Step 0: loss = 1.0366 (0.047 sec)
Training Data Eval:
  Num examples: 3456  Num correct: 1943  Precision @ 1: 0.5622  AUC @ 1: 0.5439
Validation Data Eval:
  Num examples: 256  Num correct: 153  Precision @ 1: 0.5977  AUC @ 1: 0.4635
Test Data Eval:
  Num examples: 384  Num correct: 162  Precision @ 1: 0.4219  AUC @ 1: 0.8975
Step 200: loss = 1.0144 (0.026 sec)
Training Data Eval:
  Num examples: 3456  Num correct: 1943  Precision @ 1: 0.5622  AUC @ 1: 0.5703
Validation Data Eval:
  Num examples: 256  Num correct: 153  Precision @ 1: 0.5977  AUC @ 1: 0.4724
Test Data Eval:
  Num examples: 384  Num correct: 211  Precision @ 1: 0.5495  AUC @ 1: 0.9178
Step 400: loss = 1.0192 (0.025 sec)
Training Data Eval:
  Num examples: 3456  Num correct: 1963  Precision @ 1: 0.5680  AUC @ 1: 0.5904
Validation Data Eval:
  Num examples: 256  Num correct: 153  Precision @ 1: 0.5977  AUC @ 1: 0.4783
Test Data Eval:
  Num examples: 384  Num correct: 214  Precision @ 1: 0.5573  AUC @ 1: 0.9077
Step 600: loss = 1.0190 (0.024 sec)
Training Data Eval:
  Num examples: 3456  Num correct: 1930  Precision @ 1: 0.5584  AUC @ 1: 0.5876
Validation Data Eval:
  Num examples: 256  Num correct: 153  Precision @ 1: 0.5977  AUC @ 1: 0.4766
Test Data Eval:
  Num examples: 384  Num correct: 219  Precision @ 1: 0.5703  AUC @ 1: 0.8904
Step 800: loss = 0.9742 (0.025 sec)
Training Data Eval:
  Num examples: 3456  Num correct: 1941  Precision @ 1: 0.5616  AUC @ 1: 0.6003
Validation Data Eval:
  Num examples: 256  Num correct: 153  Precision @ 1: 0.5977  AUC @ 1: 0.4781
Test Data Eval:
  Num examples: 384  Num correct: 211  Precision @ 1: 0.5495  AUC @ 1: 0.9069
Step 1000: loss = 1.0102 (0.026 sec)
Training Data Eval:
  Num examples: 3456  Num correct: 1968  Precision @ 1: 0.5694  AUC @ 1: 0.6213
Validation Data Eval:
  Num examples: 256  Num correct: 153  Precision @ 1: 0.5977  AUC @ 1: 0.4707
Test Data Eval:
  Num examples: 384  Num correct: 219  Precision @ 1: 0.5703  AUC @ 1: 0.9034
Step 1200: loss = 1.0086 (0.025 sec)
Training Data Eval:
  Num examples: 3456  Num correct: 2029  Precision @ 1: 0.5871  AUC @ 1: 0.6251
Validation Data Eval:
  Num examples: 256  Num correct: 154  Precision @ 1: 0.6016  AUC @ 1: 0.4851
Test Data Eval:
  Num examples: 384  Num correct: 212  Precision @ 1: 0.5521  AUC @ 1: 0.8565
Step 1400: loss = 0.9697 (0.025 sec)
Training Data Eval:
  Num examples: 3456  Num correct: 2050  Precision @ 1: 0.5932  AUC @ 1: 0.6615
Validation Data Eval:
  Num examples: 256  Num correct: 151  Precision @ 1: 0.5898  AUC @ 1: 0.4822
Test Data Eval:
  Num examples: 384  Num correct: 215  Precision @ 1: 0.5599  AUC @ 1: 0.8911
Step 1600: loss = 0.9933 (0.026 sec)
Training Data Eval:
  Num examples: 3456  Num correct: 2097  Precision @ 1: 0.6068  AUC @ 1: 0.6929
Validation Data Eval:
  Num examples: 256  Num correct: 156  Precision @ 1: 0.6094  AUC @ 1: 0.4941
Test Data Eval:
  Num examples: 384  Num correct: 212  Precision @ 1: 0.5521  AUC @ 1: 0.8528
Step 1800: loss = 0.9417 (0.025 sec)
Training Data Eval:
  Num examples: 3456  Num correct: 2126  Precision @ 1: 0.6152  AUC @ 1: 0.7452
Validation Data Eval:
  Num examples: 256  Num correct: 155  Precision @ 1: 0.6055  AUC @ 1: 0.4549
Test Data Eval:
  Num examples: 384  Num correct: 202  Precision @ 1: 0.5260  AUC @ 1: 0.8895
Step 2000: loss = 0.9381 (0.023 sec)
Training Data Eval:
  Num examples: 3456  Num correct: 2301  Precision @ 1: 0.6658  AUC @ 1: 0.7847
Validation Data Eval:
  Num examples: 256  Num correct: 155  Precision @ 1: 0.6055  AUC @ 1: 0.4931
Test Data Eval:
  Num examples: 384  Num correct: 207  Precision @ 1: 0.5391  AUC @ 1: 0.8328
Step 2200: loss = 0.9197 (0.023 sec)
Training Data Eval:
  Num examples: 3456  Num correct: 2468  Precision @ 1: 0.7141  AUC @ 1: 0.8412
Validation Data Eval:
  Num examples: 256  Num correct: 151  Precision @ 1: 0.5898  AUC @ 1: 0.4760
Test Data Eval:
  Num examples: 384  Num correct: 197  Precision @ 1: 0.5130  AUC @ 1: 0.8132
Step 2400: loss = 0.9041 (0.024 sec)
Training Data Eval:
  Num examples: 3456  Num correct: 2555  Precision @ 1: 0.7393  AUC @ 1: 0.8673
Validation Data Eval:
  Num examples: 256  Num correct: 152  Precision @ 1: 0.5938  AUC @ 1: 0.4977
Test Data Eval:
  Num examples: 384  Num correct: 203  Precision @ 1: 0.5286  AUC @ 1: 0.7738
Step 2600: loss = 0.7987 (0.024 sec)
Training Data Eval:
  Num examples: 3456  Num correct: 2646  Precision @ 1: 0.7656  AUC @ 1: 0.8941
Validation Data Eval:
  Num examples: 256  Num correct: 142  Precision @ 1: 0.5547  AUC @ 1: 0.4972
Test Data Eval:
  Num examples: 384  Num correct: 188  Precision @ 1: 0.4896  AUC @ 1: 0.7847
Step 2800: loss = 0.8136 (0.024 sec)
Training Data Eval:
  Num examples: 3456  Num correct: 2791  Precision @ 1: 0.8076  AUC @ 1: 0.9231
Validation Data Eval:
  Num examples: 256  Num correct: 138  Precision @ 1: 0.5391  AUC @ 1: 0.4976
Test Data Eval:
  Num examples: 384  Num correct: 197  Precision @ 1: 0.5130  AUC @ 1: 0.7287
Step 3000: loss = 0.7603 (0.025 sec)
Training Data Eval:
  Num examples: 3456  Num correct: 2864  Precision @ 1: 0.8287  AUC @ 1: 0.9361
Validation Data Eval:
  Num examples: 256  Num correct: 141  Precision @ 1: 0.5508  AUC @ 1: 0.4875
Test Data Eval:
  Num examples: 384  Num correct: 196  Precision @ 1: 0.5104  AUC @ 1: 0.7616
Step 3200: loss = 0.7631 (0.024 sec)
Training Data Eval:
  Num examples: 3456  Num correct: 2953  Precision @ 1: 0.8545  AUC @ 1: 0.9462
Validation Data Eval:
  Num examples: 256  Num correct: 136  Precision @ 1: 0.5312  AUC @ 1: 0.4536
Test Data Eval:
  Num examples: 384  Num correct: 178  Precision @ 1: 0.4635  AUC @ 1: 0.6685
Step 3400: loss = 0.6975 (0.025 sec)
Training Data Eval:
  Num examples: 3456  Num correct: 3007  Precision @ 1: 0.8701  AUC @ 1: 0.9559
Validation Data Eval:
  Num examples: 256  Num correct: 136  Precision @ 1: 0.5312  AUC @ 1: 0.4799
Test Data Eval:
  Num examples: 384  Num correct: 198  Precision @ 1: 0.5156  AUC @ 1: 0.7643
Step 3600: loss = 0.6881 (0.025 sec)
Training Data Eval:
  Num examples: 3456  Num correct: 3045  Precision @ 1: 0.8811  AUC @ 1: 0.9619
Validation Data Eval:
  Num examples: 256  Num correct: 129  Precision @ 1: 0.5039  AUC @ 1: 0.4550
Test Data Eval:
  Num examples: 384  Num correct: 204  Precision @ 1: 0.5312  AUC @ 1: 0.7331
Step 3800: loss = 0.6704 (0.024 sec)
Training Data Eval:
  Num examples: 3456  Num correct: 3086  Precision @ 1: 0.8929  AUC @ 1: 0.9680
Validation Data Eval:
  Num examples: 256  Num correct: 131  Precision @ 1: 0.5117  AUC @ 1: 0.4679
Test Data Eval:
  Num examples: 384  Num correct: 196  Precision @ 1: 0.5104  AUC @ 1: 0.6912
Step 4000: loss = 0.6517 (0.025 sec)
Training Data Eval:
  Num examples: 3456  Num correct: 3184  Precision @ 1: 0.9213  AUC @ 1: 0.9775
Validation Data Eval:
  Num examples: 256  Num correct: 126  Precision @ 1: 0.4922  AUC @ 1: 0.4697
Test Data Eval:
  Num examples: 384  Num correct: 195  Precision @ 1: 0.5078  AUC @ 1: 0.6965
Step 4200: loss = 0.6194 (0.025 sec)
Training Data Eval:
  Num examples: 3456  Num correct: 3197  Precision @ 1: 0.9251  AUC @ 1: 0.9814
Validation Data Eval:
  Num examples: 256  Num correct: 124  Precision @ 1: 0.4844  AUC @ 1: 0.4520
Test Data Eval:
  Num examples: 384  Num correct: 205  Precision @ 1: 0.5339  AUC @ 1: 0.6977
Step 4400: loss = 0.5541 (0.025 sec)
Training Data Eval:
  Num examples: 3456  Num correct: 3229  Precision @ 1: 0.9343  AUC @ 1: 0.9852
Validation Data Eval:
  Num examples: 256  Num correct: 124  Precision @ 1: 0.4844  AUC @ 1: 0.4516
Test Data Eval:
  Num examples: 384  Num correct: 197  Precision @ 1: 0.5130  AUC @ 1: 0.6766
Step 4600: loss = 0.5749 (0.025 sec)
Training Data Eval:
  Num examples: 3456  Num correct: 3275  Precision @ 1: 0.9476  AUC @ 1: 0.9904
Validation Data Eval:
  Num examples: 256  Num correct: 126  Precision @ 1: 0.4922  AUC @ 1: 0.4507
Test Data Eval:
  Num examples: 384  Num correct: 197  Precision @ 1: 0.5130  AUC @ 1: 0.6661
Step 4800: loss = 0.5211 (0.026 sec)
Training Data Eval:
  Num examples: 3456  Num correct: 3330  Precision @ 1: 0.9635  AUC @ 1: 0.9938
Validation Data Eval:
  Num examples: 256  Num correct: 122  Precision @ 1: 0.4766  AUC @ 1: 0.4538
Test Data Eval:
  Num examples: 384  Num correct: 185  Precision @ 1: 0.4818  AUC @ 1: 0.6343
Step 5000: loss = 0.5340 (0.024 sec)
Training Data Eval:
  Num examples: 3456  Num correct: 3333  Precision @ 1: 0.9644  AUC @ 1: 0.9953
Validation Data Eval:
  Num examples: 256  Num correct: 118  Precision @ 1: 0.4609  AUC @ 1: 0.4458
Test Data Eval:
  Num examples: 384  Num correct: 183  Precision @ 1: 0.4766  AUC @ 1: 0.6455
Step 5200: loss = 0.5009 (0.025 sec)
Training Data Eval:
  Num examples: 3456  Num correct: 3368  Precision @ 1: 0.9745  AUC @ 1: 0.9976
Validation Data Eval:
  Num examples: 256  Num correct: 116  Precision @ 1: 0.4531  AUC @ 1: 0.4496
Test Data Eval:
  Num examples: 384  Num correct: 176  Precision @ 1: 0.4583  AUC @ 1: 0.6259
Step 5400: loss = 0.4697 (0.062 sec)
Training Data Eval:
  Num examples: 3456  Num correct: 3389  Precision @ 1: 0.9806  AUC @ 1: 0.9984
Validation Data Eval:
  Num examples: 256  Num correct: 121  Precision @ 1: 0.4727  AUC @ 1: 0.4604
Test Data Eval:
  Num examples: 384  Num correct: 173  Precision @ 1: 0.4505  AUC @ 1: 0.6180
Step 5600: loss = 0.4500 (0.025 sec)
Training Data Eval:
  Num examples: 3456  Num correct: 3422  Precision @ 1: 0.9902  AUC @ 1: 0.9995
Validation Data Eval:
  Num examples: 256  Num correct: 124  Precision @ 1: 0.4844  AUC @ 1: 0.4599
Test Data Eval:
  Num examples: 384  Num correct: 188  Precision @ 1: 0.4896  AUC @ 1: 0.6635
Step 5800: loss = 0.4428 (0.025 sec)
Training Data Eval:
  Num examples: 3456  Num correct: 3431  Precision @ 1: 0.9928  AUC @ 1: 0.9997
Validation Data Eval:
  Num examples: 256  Num correct: 110  Precision @ 1: 0.4297  AUC @ 1: 0.4464
Test Data Eval:
  Num examples: 384  Num correct: 177  Precision @ 1: 0.4609  AUC @ 1: 0.6015
Step 6000: loss = 0.4036 (0.025 sec)
Training Data Eval:
  Num examples: 3456  Num correct: 3435  Precision @ 1: 0.9939  AUC @ 1: 0.9999
Validation Data Eval:
  Num examples: 256  Num correct: 113  Precision @ 1: 0.4414  AUC @ 1: 0.4510
Test Data Eval:
  Num examples: 384  Num correct: 173  Precision @ 1: 0.4505  AUC @ 1: 0.6088
Step 6200: loss = 0.3708 (0.024 sec)
Training Data Eval:
  Num examples: 3456  Num correct: 3443  Precision @ 1: 0.9962  AUC @ 1: 0.9999
Validation Data Eval:
  Num examples: 256  Num correct: 118  Precision @ 1: 0.4609  AUC @ 1: 0.4612
Test Data Eval:
  Num examples: 384  Num correct: 184  Precision @ 1: 0.4792  AUC @ 1: 0.6067
Step 6400: loss = 0.4474 (0.024 sec)
Training Data Eval:
  Num examples: 3456  Num correct: 3446  Precision @ 1: 0.9971  AUC @ 1: 1.0000
Validation Data Eval:
  Num examples: 256  Num correct: 125  Precision @ 1: 0.4883  AUC @ 1: 0.4766
Test Data Eval:
  Num examples: 384  Num correct: 186  Precision @ 1: 0.4844  AUC @ 1: 0.6554
Step 6600: loss = 0.4366 (0.024 sec)
Training Data Eval:
  Num examples: 3456  Num correct: 3451  Precision @ 1: 0.9986  AUC @ 1: 1.0000
Validation Data Eval:
  Num examples: 256  Num correct: 120  Precision @ 1: 0.4688  AUC @ 1: 0.4737
Test Data Eval:
  Num examples: 384  Num correct: 186  Precision @ 1: 0.4844  AUC @ 1: 0.5940
Step 6800: loss = 0.4304 (0.024 sec)
Training Data Eval:
  Num examples: 3456  Num correct: 3455  Precision @ 1: 0.9997  AUC @ 1: 1.0000
Validation Data Eval:
  Num examples: 256  Num correct: 120  Precision @ 1: 0.4688  AUC @ 1: 0.4748
Test Data Eval:
  Num examples: 384  Num correct: 182  Precision @ 1: 0.4740  AUC @ 1: 0.5957
Step 7000: loss = 0.3580 (0.023 sec)
Training Data Eval:
  Num examples: 3456  Num correct: 3453  Precision @ 1: 0.9991  AUC @ 1: 1.0000
Validation Data Eval:
  Num examples: 256  Num correct: 128  Precision @ 1: 0.5000  AUC @ 1: 0.4836
Test Data Eval:
  Num examples: 384  Num correct: 182  Precision @ 1: 0.4740  AUC @ 1: 0.5942
Step 7200: loss = 0.4234 (0.026 sec)
Training Data Eval:
  Num examples: 3456  Num correct: 3455  Precision @ 1: 0.9997  AUC @ 1: 1.0000
Validation Data Eval:
  Num examples: 256  Num correct: 121  Precision @ 1: 0.4727  AUC @ 1: 0.4687
Test Data Eval:
  Num examples: 384  Num correct: 184  Precision @ 1: 0.4792  AUC @ 1: 0.6422
Step 7400: loss = 0.3924 (0.024 sec)
Training Data Eval:
  Num examples: 3456  Num correct: 3454  Precision @ 1: 0.9994  AUC @ 1: 1.0000
Validation Data Eval:
  Num examples: 256  Num correct: 122  Precision @ 1: 0.4766  AUC @ 1: 0.4909
Test Data Eval:
  Num examples: 384  Num correct: 180  Precision @ 1: 0.4688  AUC @ 1: 0.5870
Step 7600: loss = 0.3464 (0.025 sec)
Training Data Eval:
  Num examples: 3456  Num correct: 3456  Precision @ 1: 1.0000  AUC @ 1: 1.0000
Validation Data Eval:
  Num examples: 256  Num correct: 127  Precision @ 1: 0.4961  AUC @ 1: 0.4902
Test Data Eval:
  Num examples: 384  Num correct: 187  Precision @ 1: 0.4870  AUC @ 1: 0.6385
Step 7800: loss = 0.3196 (0.024 sec)
Training Data Eval:
  Num examples: 3456  Num correct: 3456  Precision @ 1: 1.0000  AUC @ 1: 1.0000
Validation Data Eval:
  Num examples: 256  Num correct: 122  Precision @ 1: 0.4766  AUC @ 1: 0.4718
Test Data Eval:
  Num examples: 384  Num correct: 175  Precision @ 1: 0.4557  AUC @ 1: 0.6130
Step 8000: loss = 0.3435 (0.023 sec)
Training Data Eval:
  Num examples: 3456  Num correct: 3456  Precision @ 1: 1.0000  AUC @ 1: 1.0000
Validation Data Eval:
  Num examples: 256  Num correct: 128  Precision @ 1: 0.5000  AUC @ 1: 0.4915
Test Data Eval:
  Num examples: 384  Num correct: 179  Precision @ 1: 0.4661  AUC @ 1: 0.6463
Step 8200: loss = 0.3277 (0.023 sec)
Training Data Eval:
  Num examples: 3456  Num correct: 3456  Precision @ 1: 1.0000  AUC @ 1: 1.0000
Validation Data Eval:
  Num examples: 256  Num correct: 121  Precision @ 1: 0.4727  AUC @ 1: 0.4804
Test Data Eval:
  Num examples: 384  Num correct: 179  Precision @ 1: 0.4661  AUC @ 1: 0.5804
Step 8400: loss = 0.3436 (0.023 sec)
Training Data Eval:
  Num examples: 3456  Num correct: 3456  Precision @ 1: 1.0000  AUC @ 1: 1.0000
Validation Data Eval:
  Num examples: 256  Num correct: 126  Precision @ 1: 0.4922  AUC @ 1: 0.4921
Test Data Eval:
  Num examples: 384  Num correct: 175  Precision @ 1: 0.4557  AUC @ 1: 0.5994
Step 8600: loss = 0.3157 (0.024 sec)
Training Data Eval:
  Num examples: 3456  Num correct: 3456  Precision @ 1: 1.0000  AUC @ 1: 1.0000
Validation Data Eval:
  Num examples: 256  Num correct: 126  Precision @ 1: 0.4922  AUC @ 1: 0.4916
Test Data Eval:
  Num examples: 384  Num correct: 185  Precision @ 1: 0.4818  AUC @ 1: 0.6219
Step 8800: loss = 0.3184 (0.025 sec)
Training Data Eval:
  Num examples: 3456  Num correct: 3456  Precision @ 1: 1.0000  AUC @ 1: 1.0000
Validation Data Eval:
  Num examples: 256  Num correct: 123  Precision @ 1: 0.4805  AUC @ 1: 0.4718
Test Data Eval:
  Num examples: 384  Num correct: 169  Precision @ 1: 0.4401  AUC @ 1: 0.5844
Step 9000: loss = 0.3073 (0.025 sec)
Training Data Eval:
  Num examples: 3456  Num correct: 3456  Precision @ 1: 1.0000  AUC @ 1: 1.0000
Validation Data Eval:
  Num examples: 256  Num correct: 127  Precision @ 1: 0.4961  AUC @ 1: 0.4813
Test Data Eval:
  Num examples: 384  Num correct: 186  Precision @ 1: 0.4844  AUC @ 1: 0.6201
Step 9200: loss = 0.2861 (0.026 sec)
Training Data Eval:
  Num examples: 3456  Num correct: 3456  Precision @ 1: 1.0000  AUC @ 1: 1.0000
Validation Data Eval:
  Num examples: 256  Num correct: 129  Precision @ 1: 0.5039  AUC @ 1: 0.4859
Test Data Eval:
  Num examples: 384  Num correct: 204  Precision @ 1: 0.5312  AUC @ 1: 0.6562
Step 9400: loss = 0.2807 (0.026 sec)
Training Data Eval:
  Num examples: 3456  Num correct: 3456  Precision @ 1: 1.0000  AUC @ 1: 1.0000
Validation Data Eval:
  Num examples: 256  Num correct: 116  Precision @ 1: 0.4531  AUC @ 1: 0.4751
Test Data Eval:
  Num examples: 384  Num correct: 177  Precision @ 1: 0.4609  AUC @ 1: 0.5628
Step 9600: loss = 0.2841 (0.026 sec)
Training Data Eval:
  Num examples: 3456  Num correct: 3429  Precision @ 1: 0.9922  AUC @ 1: 0.9999
Validation Data Eval:
  Num examples: 256  Num correct: 129  Precision @ 1: 0.5039  AUC @ 1: 0.5007
Test Data Eval:
  Num examples: 384  Num correct: 191  Precision @ 1: 0.4974  AUC @ 1: 0.6871
Step 9800: loss = 0.3517 (0.023 sec)
Training Data Eval:
  Num examples: 3456  Num correct: 3456  Precision @ 1: 1.0000  AUC @ 1: 1.0000
Validation Data Eval:
  Num examples: 256  Num correct: 123  Precision @ 1: 0.4805  AUC @ 1: 0.4929
Test Data Eval:
  Num examples: 384  Num correct: 181  Precision @ 1: 0.4714  AUC @ 1: 0.6029
