Training data shape: 	(3825, 64, 30, 2)
Training label shape:	(3825,)
Testing data shape:  	(510, 64, 30, 2)
Testing label shape: 	(510,)
max input value is: 72.5247
min input value is: -75.9911
random permuted training data
==============================================================================
Model: 			inference_global_s_cnn
Tensor Name: 	Placeholder:0
[128, 64, 30, 2]
==============================================================================
Tensor Name: conv1/conv1:0
[128, 1, 30, 4]
==============================================================================
Tensor Name: MaxPool:0
[128, 1, 15, 4]
==============================================================================
Tensor Name: local1/local1:0
[128, 128]
==============================================================================
Tensor Name: local2/local2:0
[128, 128]
==============================================================================
Tensor Name: softmax_linear/softmax_linear:0
[128, 2]
Step 0: loss = 0.7540 (0.033 sec)
Training Data Eval:
  Num examples: 3456  Num correct: 1954  Precision @ 1: 0.5654  AUC @ 1: 0.5433
Validation Data Eval:
  Num examples: 256  Num correct: 140  Precision @ 1: 0.5469  AUC @ 1: 0.5163
Test Data Eval:
  Num examples: 384  Num correct: 162  Precision @ 1: 0.4219  AUC @ 1: 0.6994
Step 200: loss = 0.7394 (0.012 sec)
Training Data Eval:
  Num examples: 3456  Num correct: 1961  Precision @ 1: 0.5674  AUC @ 1: 0.5350
Validation Data Eval:
  Num examples: 256  Num correct: 140  Precision @ 1: 0.5469  AUC @ 1: 0.5195
Test Data Eval:
  Num examples: 384  Num correct: 215  Precision @ 1: 0.5599  AUC @ 1: 0.7875
Step 400: loss = 0.7654 (0.011 sec)
Training Data Eval:
  Num examples: 3456  Num correct: 1976  Precision @ 1: 0.5718  AUC @ 1: 0.5298
Validation Data Eval:
  Num examples: 256  Num correct: 140  Precision @ 1: 0.5469  AUC @ 1: 0.5105
Test Data Eval:
  Num examples: 384  Num correct: 220  Precision @ 1: 0.5729  AUC @ 1: 0.7835
Step 600: loss = 0.7290 (0.010 sec)
Training Data Eval:
  Num examples: 3456  Num correct: 1963  Precision @ 1: 0.5680  AUC @ 1: 0.5323
Validation Data Eval:
  Num examples: 256  Num correct: 140  Precision @ 1: 0.5469  AUC @ 1: 0.5072
Test Data Eval:
  Num examples: 384  Num correct: 221  Precision @ 1: 0.5755  AUC @ 1: 0.7608
Step 800: loss = 0.7505 (0.013 sec)
Training Data Eval:
  Num examples: 3456  Num correct: 1948  Precision @ 1: 0.5637  AUC @ 1: 0.5432
Validation Data Eval:
  Num examples: 256  Num correct: 140  Precision @ 1: 0.5469  AUC @ 1: 0.5082
Test Data Eval:
  Num examples: 384  Num correct: 221  Precision @ 1: 0.5755  AUC @ 1: 0.7450
Step 1000: loss = 0.7251 (0.014 sec)
Training Data Eval:
  Num examples: 3456  Num correct: 1959  Precision @ 1: 0.5668  AUC @ 1: 0.5518
Validation Data Eval:
  Num examples: 256  Num correct: 140  Precision @ 1: 0.5469  AUC @ 1: 0.5106
Test Data Eval:
  Num examples: 384  Num correct: 228  Precision @ 1: 0.5938  AUC @ 1: 0.7232
Step 1200: loss = 0.7380 (0.012 sec)
Training Data Eval:
  Num examples: 3456  Num correct: 1975  Precision @ 1: 0.5715  AUC @ 1: 0.5432
Validation Data Eval:
  Num examples: 256  Num correct: 140  Precision @ 1: 0.5469  AUC @ 1: 0.5153
Test Data Eval:
  Num examples: 384  Num correct: 215  Precision @ 1: 0.5599  AUC @ 1: 0.7550
Step 1400: loss = 0.7335 (0.013 sec)
Training Data Eval:
  Num examples: 3456  Num correct: 1973  Precision @ 1: 0.5709  AUC @ 1: 0.5410
Validation Data Eval:
  Num examples: 256  Num correct: 140  Precision @ 1: 0.5469  AUC @ 1: 0.5193
Test Data Eval:
  Num examples: 384  Num correct: 221  Precision @ 1: 0.5755  AUC @ 1: 0.7575
Step 1600: loss = 0.7428 (0.013 sec)
Training Data Eval:
  Num examples: 3456  Num correct: 1966  Precision @ 1: 0.5689  AUC @ 1: 0.5375
Validation Data Eval:
  Num examples: 256  Num correct: 140  Precision @ 1: 0.5469  AUC @ 1: 0.5259
Test Data Eval:
  Num examples: 384  Num correct: 221  Precision @ 1: 0.5755  AUC @ 1: 0.7582
Step 1800: loss = 0.7498 (0.013 sec)
Training Data Eval:
  Num examples: 3456  Num correct: 1985  Precision @ 1: 0.5744  AUC @ 1: 0.5556
Validation Data Eval:
  Num examples: 256  Num correct: 140  Precision @ 1: 0.5469  AUC @ 1: 0.5296
Test Data Eval:
  Num examples: 384  Num correct: 219  Precision @ 1: 0.5703  AUC @ 1: 0.7881
Step 2000: loss = 0.7676 (0.012 sec)
Training Data Eval:
  Num examples: 3456  Num correct: 1949  Precision @ 1: 0.5639  AUC @ 1: 0.5605
Validation Data Eval:
  Num examples: 256  Num correct: 140  Precision @ 1: 0.5469  AUC @ 1: 0.5334
Test Data Eval:
  Num examples: 384  Num correct: 214  Precision @ 1: 0.5573  AUC @ 1: 0.7933
Step 2200: loss = 0.7518 (0.013 sec)
Training Data Eval:
  Num examples: 3456  Num correct: 1957  Precision @ 1: 0.5663  AUC @ 1: 0.5663
Validation Data Eval:
  Num examples: 256  Num correct: 140  Precision @ 1: 0.5469  AUC @ 1: 0.5461
Test Data Eval:
  Num examples: 384  Num correct: 219  Precision @ 1: 0.5703  AUC @ 1: 0.8252
Step 2400: loss = 0.7495 (0.015 sec)
Training Data Eval:
  Num examples: 3456  Num correct: 1978  Precision @ 1: 0.5723  AUC @ 1: 0.5671
Validation Data Eval:
  Num examples: 256  Num correct: 140  Precision @ 1: 0.5469  AUC @ 1: 0.5458
Test Data Eval:
  Num examples: 384  Num correct: 213  Precision @ 1: 0.5547  AUC @ 1: 0.8300
Step 2600: loss = 0.7126 (0.013 sec)
Training Data Eval:
  Num examples: 3456  Num correct: 1977  Precision @ 1: 0.5720  AUC @ 1: 0.5670
Validation Data Eval:
  Num examples: 256  Num correct: 140  Precision @ 1: 0.5469  AUC @ 1: 0.5417
Test Data Eval:
  Num examples: 384  Num correct: 209  Precision @ 1: 0.5443  AUC @ 1: 0.8280
Step 2800: loss = 0.7196 (0.012 sec)
Training Data Eval:
  Num examples: 3456  Num correct: 1931  Precision @ 1: 0.5587  AUC @ 1: 0.5582
Validation Data Eval:
  Num examples: 256  Num correct: 140  Precision @ 1: 0.5469  AUC @ 1: 0.5439
Test Data Eval:
  Num examples: 384  Num correct: 223  Precision @ 1: 0.5807  AUC @ 1: 0.8347
Step 3000: loss = 0.7368 (0.013 sec)
Training Data Eval:
  Num examples: 3456  Num correct: 1936  Precision @ 1: 0.5602  AUC @ 1: 0.5595
Validation Data Eval:
  Num examples: 256  Num correct: 140  Precision @ 1: 0.5469  AUC @ 1: 0.5460
Test Data Eval:
  Num examples: 384  Num correct: 218  Precision @ 1: 0.5677  AUC @ 1: 0.8434
Step 3200: loss = 0.7421 (0.014 sec)
Training Data Eval:
  Num examples: 3456  Num correct: 1953  Precision @ 1: 0.5651  AUC @ 1: 0.5582
Validation Data Eval:
  Num examples: 256  Num correct: 140  Precision @ 1: 0.5469  AUC @ 1: 0.5424
Test Data Eval:
  Num examples: 384  Num correct: 211  Precision @ 1: 0.5495  AUC @ 1: 0.8251
Step 3400: loss = 0.7431 (0.011 sec)
Training Data Eval:
  Num examples: 3456  Num correct: 1911  Precision @ 1: 0.5530  AUC @ 1: 0.5653
Validation Data Eval:
  Num examples: 256  Num correct: 140  Precision @ 1: 0.5469  AUC @ 1: 0.5416
Test Data Eval:
  Num examples: 384  Num correct: 216  Precision @ 1: 0.5625  AUC @ 1: 0.8588
Step 3600: loss = 0.7059 (0.013 sec)
Training Data Eval:
  Num examples: 3456  Num correct: 1990  Precision @ 1: 0.5758  AUC @ 1: 0.5573
Validation Data Eval:
  Num examples: 256  Num correct: 140  Precision @ 1: 0.5469  AUC @ 1: 0.5452
Test Data Eval:
  Num examples: 384  Num correct: 212  Precision @ 1: 0.5521  AUC @ 1: 0.8422
Step 3800: loss = 0.7317 (0.011 sec)
Training Data Eval:
  Num examples: 3456  Num correct: 1968  Precision @ 1: 0.5694  AUC @ 1: 0.5656
Validation Data Eval:
  Num examples: 256  Num correct: 140  Precision @ 1: 0.5469  AUC @ 1: 0.5361
Test Data Eval:
  Num examples: 384  Num correct: 214  Precision @ 1: 0.5573  AUC @ 1: 0.8586
Step 4000: loss = 0.7139 (0.012 sec)
Training Data Eval:
  Num examples: 3456  Num correct: 1971  Precision @ 1: 0.5703  AUC @ 1: 0.5752
Validation Data Eval:
  Num examples: 256  Num correct: 140  Precision @ 1: 0.5469  AUC @ 1: 0.5347
Test Data Eval:
  Num examples: 384  Num correct: 211  Precision @ 1: 0.5495  AUC @ 1: 0.8711
Step 4200: loss = 0.7139 (0.014 sec)
Training Data Eval:
  Num examples: 3456  Num correct: 1951  Precision @ 1: 0.5645  AUC @ 1: 0.5731
Validation Data Eval:
  Num examples: 256  Num correct: 140  Precision @ 1: 0.5469  AUC @ 1: 0.5309
Test Data Eval:
  Num examples: 384  Num correct: 216  Precision @ 1: 0.5625  AUC @ 1: 0.8642
Step 4400: loss = 0.7275 (0.014 sec)
Training Data Eval:
  Num examples: 3456  Num correct: 1950  Precision @ 1: 0.5642  AUC @ 1: 0.5774
Validation Data Eval:
  Num examples: 256  Num correct: 140  Precision @ 1: 0.5469  AUC @ 1: 0.5273
Test Data Eval:
  Num examples: 384  Num correct: 215  Precision @ 1: 0.5599  AUC @ 1: 0.8979
Step 4600: loss = 0.7520 (0.012 sec)
Training Data Eval:
  Num examples: 3456  Num correct: 2001  Precision @ 1: 0.5790  AUC @ 1: 0.5782
Validation Data Eval:
  Num examples: 256  Num correct: 140  Precision @ 1: 0.5469  AUC @ 1: 0.5299
Test Data Eval:
  Num examples: 384  Num correct: 215  Precision @ 1: 0.5599  AUC @ 1: 0.8830
Step 4800: loss = 0.7294 (0.013 sec)
Training Data Eval:
  Num examples: 3456  Num correct: 1970  Precision @ 1: 0.5700  AUC @ 1: 0.5738
Validation Data Eval:
  Num examples: 256  Num correct: 140  Precision @ 1: 0.5469  AUC @ 1: 0.5304
Test Data Eval:
  Num examples: 384  Num correct: 224  Precision @ 1: 0.5833  AUC @ 1: 0.8602
Step 5000: loss = 0.7027 (0.013 sec)
Training Data Eval:
  Num examples: 3456  Num correct: 1918  Precision @ 1: 0.5550  AUC @ 1: 0.5852
Validation Data Eval:
  Num examples: 256  Num correct: 140  Precision @ 1: 0.5469  AUC @ 1: 0.5324
Test Data Eval:
  Num examples: 384  Num correct: 214  Precision @ 1: 0.5573  AUC @ 1: 0.8875
Step 5200: loss = 0.6849 (0.012 sec)
Training Data Eval:
  Num examples: 3456  Num correct: 1960  Precision @ 1: 0.5671  AUC @ 1: 0.5795
Validation Data Eval:
  Num examples: 256  Num correct: 140  Precision @ 1: 0.5469  AUC @ 1: 0.5323
Test Data Eval:
  Num examples: 384  Num correct: 217  Precision @ 1: 0.5651  AUC @ 1: 0.8747
Step 5400: loss = 0.7431 (0.046 sec)
Training Data Eval:
  Num examples: 3456  Num correct: 1945  Precision @ 1: 0.5628  AUC @ 1: 0.5899
Validation Data Eval:
  Num examples: 256  Num correct: 140  Precision @ 1: 0.5469  AUC @ 1: 0.5313
Test Data Eval:
  Num examples: 384  Num correct: 216  Precision @ 1: 0.5625  AUC @ 1: 0.8879
Step 5600: loss = 0.7102 (0.011 sec)
Training Data Eval:
  Num examples: 3456  Num correct: 1978  Precision @ 1: 0.5723  AUC @ 1: 0.5953
Validation Data Eval:
  Num examples: 256  Num correct: 140  Precision @ 1: 0.5469  AUC @ 1: 0.5312
Test Data Eval:
  Num examples: 384  Num correct: 215  Precision @ 1: 0.5599  AUC @ 1: 0.8944
Step 5800: loss = 0.7379 (0.011 sec)
Training Data Eval:
  Num examples: 3456  Num correct: 1945  Precision @ 1: 0.5628  AUC @ 1: 0.5867
Validation Data Eval:
  Num examples: 256  Num correct: 140  Precision @ 1: 0.5469  AUC @ 1: 0.5277
Test Data Eval:
  Num examples: 384  Num correct: 217  Precision @ 1: 0.5651  AUC @ 1: 0.8738
Step 6000: loss = 0.6837 (0.011 sec)
Training Data Eval:
  Num examples: 3456  Num correct: 1972  Precision @ 1: 0.5706  AUC @ 1: 0.5833
Validation Data Eval:
  Num examples: 256  Num correct: 140  Precision @ 1: 0.5469  AUC @ 1: 0.5308
Test Data Eval:
  Num examples: 384  Num correct: 215  Precision @ 1: 0.5599  AUC @ 1: 0.8752
Step 6200: loss = 0.7139 (0.011 sec)
Training Data Eval:
  Num examples: 3456  Num correct: 1962  Precision @ 1: 0.5677  AUC @ 1: 0.5987
Validation Data Eval:
  Num examples: 256  Num correct: 139  Precision @ 1: 0.5430  AUC @ 1: 0.5212
Test Data Eval:
  Num examples: 384  Num correct: 216  Precision @ 1: 0.5625  AUC @ 1: 0.8989
Step 6400: loss = 0.7278 (0.013 sec)
Training Data Eval:
  Num examples: 3456  Num correct: 1967  Precision @ 1: 0.5692  AUC @ 1: 0.6002
Validation Data Eval:
  Num examples: 256  Num correct: 139  Precision @ 1: 0.5430  AUC @ 1: 0.5282
Test Data Eval:
  Num examples: 384  Num correct: 209  Precision @ 1: 0.5443  AUC @ 1: 0.8814
Step 6600: loss = 0.6900 (0.013 sec)
Training Data Eval:
  Num examples: 3456  Num correct: 1968  Precision @ 1: 0.5694  AUC @ 1: 0.6030
Validation Data Eval:
  Num examples: 256  Num correct: 140  Precision @ 1: 0.5469  AUC @ 1: 0.5192
Test Data Eval:
  Num examples: 384  Num correct: 214  Precision @ 1: 0.5573  AUC @ 1: 0.8666
Step 6800: loss = 0.6789 (0.013 sec)
Training Data Eval:
  Num examples: 3456  Num correct: 2010  Precision @ 1: 0.5816  AUC @ 1: 0.6028
Validation Data Eval:
  Num examples: 256  Num correct: 142  Precision @ 1: 0.5547  AUC @ 1: 0.5220
Test Data Eval:
  Num examples: 384  Num correct: 219  Precision @ 1: 0.5703  AUC @ 1: 0.8595
Step 7000: loss = 0.7135 (0.011 sec)
Training Data Eval:
  Num examples: 3456  Num correct: 2003  Precision @ 1: 0.5796  AUC @ 1: 0.6261
Validation Data Eval:
  Num examples: 256  Num correct: 140  Precision @ 1: 0.5469  AUC @ 1: 0.5225
Test Data Eval:
  Num examples: 384  Num correct: 207  Precision @ 1: 0.5391  AUC @ 1: 0.8409
Step 7200: loss = 0.6950 (0.011 sec)
Training Data Eval:
  Num examples: 3456  Num correct: 1990  Precision @ 1: 0.5758  AUC @ 1: 0.6295
Validation Data Eval:
  Num examples: 256  Num correct: 141  Precision @ 1: 0.5508  AUC @ 1: 0.5207
Test Data Eval:
  Num examples: 384  Num correct: 206  Precision @ 1: 0.5365  AUC @ 1: 0.8437
Step 7400: loss = 0.7066 (0.010 sec)
Training Data Eval:
  Num examples: 3456  Num correct: 2020  Precision @ 1: 0.5845  AUC @ 1: 0.6379
Validation Data Eval:
  Num examples: 256  Num correct: 141  Precision @ 1: 0.5508  AUC @ 1: 0.5159
Test Data Eval:
  Num examples: 384  Num correct: 206  Precision @ 1: 0.5365  AUC @ 1: 0.7958
Step 7600: loss = 0.7085 (0.013 sec)
Training Data Eval:
  Num examples: 3456  Num correct: 2052  Precision @ 1: 0.5938  AUC @ 1: 0.6469
Validation Data Eval:
  Num examples: 256  Num correct: 139  Precision @ 1: 0.5430  AUC @ 1: 0.5042
Test Data Eval:
  Num examples: 384  Num correct: 207  Precision @ 1: 0.5391  AUC @ 1: 0.7736
Step 7800: loss = 0.7176 (0.011 sec)
Training Data Eval:
  Num examples: 3456  Num correct: 2062  Precision @ 1: 0.5966  AUC @ 1: 0.6519
Validation Data Eval:
  Num examples: 256  Num correct: 142  Precision @ 1: 0.5547  AUC @ 1: 0.5078
Test Data Eval:
  Num examples: 384  Num correct: 205  Precision @ 1: 0.5339  AUC @ 1: 0.7480
Step 8000: loss = 0.6957 (0.013 sec)
Training Data Eval:
  Num examples: 3456  Num correct: 2138  Precision @ 1: 0.6186  AUC @ 1: 0.6849
Validation Data Eval:
  Num examples: 256  Num correct: 142  Precision @ 1: 0.5547  AUC @ 1: 0.4907
Test Data Eval:
  Num examples: 384  Num correct: 194  Precision @ 1: 0.5052  AUC @ 1: 0.6894
Step 8200: loss = 0.7249 (0.013 sec)
Training Data Eval:
  Num examples: 3456  Num correct: 2120  Precision @ 1: 0.6134  AUC @ 1: 0.6653
Validation Data Eval:
  Num examples: 256  Num correct: 140  Precision @ 1: 0.5469  AUC @ 1: 0.4818
Test Data Eval:
  Num examples: 384  Num correct: 193  Precision @ 1: 0.5026  AUC @ 1: 0.6691
Step 8400: loss = 0.6738 (0.013 sec)
Training Data Eval:
  Num examples: 3456  Num correct: 2125  Precision @ 1: 0.6149  AUC @ 1: 0.6744
Validation Data Eval:
  Num examples: 256  Num correct: 134  Precision @ 1: 0.5234  AUC @ 1: 0.4604
Test Data Eval:
  Num examples: 384  Num correct: 186  Precision @ 1: 0.4844  AUC @ 1: 0.6594
Step 8600: loss = 0.6819 (0.013 sec)
Training Data Eval:
  Num examples: 3456  Num correct: 2127  Precision @ 1: 0.6155  AUC @ 1: 0.6845
Validation Data Eval:
  Num examples: 256  Num correct: 137  Precision @ 1: 0.5352  AUC @ 1: 0.4700
Test Data Eval:
  Num examples: 384  Num correct: 188  Precision @ 1: 0.4896  AUC @ 1: 0.6588
Step 8800: loss = 0.6943 (0.013 sec)
Training Data Eval:
  Num examples: 3456  Num correct: 2153  Precision @ 1: 0.6230  AUC @ 1: 0.6904
Validation Data Eval:
  Num examples: 256  Num correct: 135  Precision @ 1: 0.5273  AUC @ 1: 0.4586
Test Data Eval:
  Num examples: 384  Num correct: 184  Precision @ 1: 0.4792  AUC @ 1: 0.6111
Step 9000: loss = 0.6883 (0.013 sec)
Training Data Eval:
  Num examples: 3456  Num correct: 2154  Precision @ 1: 0.6233  AUC @ 1: 0.6890
Validation Data Eval:
  Num examples: 256  Num correct: 129  Precision @ 1: 0.5039  AUC @ 1: 0.4763
Test Data Eval:
  Num examples: 384  Num correct: 202  Precision @ 1: 0.5260  AUC @ 1: 0.6539
Step 9200: loss = 0.6581 (0.014 sec)
Training Data Eval:
  Num examples: 3456  Num correct: 2185  Precision @ 1: 0.6322  AUC @ 1: 0.6976
Validation Data Eval:
  Num examples: 256  Num correct: 122  Precision @ 1: 0.4766  AUC @ 1: 0.4453
Test Data Eval:
  Num examples: 384  Num correct: 199  Precision @ 1: 0.5182  AUC @ 1: 0.6358
Step 9400: loss = 0.7028 (0.012 sec)
Training Data Eval:
  Num examples: 3456  Num correct: 2188  Precision @ 1: 0.6331  AUC @ 1: 0.7036
Validation Data Eval:
  Num examples: 256  Num correct: 118  Precision @ 1: 0.4609  AUC @ 1: 0.4486
Test Data Eval:
  Num examples: 384  Num correct: 203  Precision @ 1: 0.5286  AUC @ 1: 0.6117
Step 9600: loss = 0.6396 (0.012 sec)
Training Data Eval:
  Num examples: 3456  Num correct: 2219  Precision @ 1: 0.6421  AUC @ 1: 0.7106
Validation Data Eval:
  Num examples: 256  Num correct: 119  Precision @ 1: 0.4648  AUC @ 1: 0.4531
Test Data Eval:
  Num examples: 384  Num correct: 202  Precision @ 1: 0.5260  AUC @ 1: 0.6197
Step 9800: loss = 0.6549 (0.012 sec)
Training Data Eval:
  Num examples: 3456  Num correct: 2242  Precision @ 1: 0.6487  AUC @ 1: 0.7138
Validation Data Eval:
  Num examples: 256  Num correct: 118  Precision @ 1: 0.4609  AUC @ 1: 0.4548
Test Data Eval:
  Num examples: 384  Num correct: 208  Precision @ 1: 0.5417  AUC @ 1: 0.5780
