Training data shape: 	(3825, 64, 30, 2)
Training label shape:	(3825,)
Testing data shape:  	(510, 64, 30, 2)
Testing label shape: 	(510,)
max input value is: 72.5247
min input value is: -75.9911
random permuted training data
==============================================================================
Model: 			inference_global_s_cnn
Tensor Name: 	Placeholder:0
[128, 64, 30, 2]
==============================================================================
Tensor Name: conv1/conv1:0
[128, 1, 30, 8]
==============================================================================
Tensor Name: MaxPool:0
[128, 1, 15, 8]
==============================================================================
Tensor Name: local1/local1:0
[128, 128]
==============================================================================
Tensor Name: local2/local2:0
[128, 128]
==============================================================================
Tensor Name: softmax_linear/softmax_linear:0
[128, 2]
Step 0: loss = 0.7709 (0.034 sec)
Training Data Eval:
  Num examples: 3456  Num correct: 1922  Precision @ 1: 0.5561  AUC @ 1: 0.5266
Validation Data Eval:
  Num examples: 256  Num correct: 152  Precision @ 1: 0.5938  AUC @ 1: 0.5347
Test Data Eval:
  Num examples: 384  Num correct: 162  Precision @ 1: 0.4219  AUC @ 1: 0.8313
Step 200: loss = 0.7463 (0.012 sec)
Training Data Eval:
  Num examples: 3456  Num correct: 1942  Precision @ 1: 0.5619  AUC @ 1: 0.5396
Validation Data Eval:
  Num examples: 256  Num correct: 152  Precision @ 1: 0.5938  AUC @ 1: 0.5413
Test Data Eval:
  Num examples: 384  Num correct: 210  Precision @ 1: 0.5469  AUC @ 1: 0.8400
Step 400: loss = 0.7612 (0.014 sec)
Training Data Eval:
  Num examples: 3456  Num correct: 1959  Precision @ 1: 0.5668  AUC @ 1: 0.5176
Validation Data Eval:
  Num examples: 256  Num correct: 152  Precision @ 1: 0.5938  AUC @ 1: 0.5449
Test Data Eval:
  Num examples: 384  Num correct: 212  Precision @ 1: 0.5521  AUC @ 1: 0.8410
Step 600: loss = 0.7442 (0.011 sec)
Training Data Eval:
  Num examples: 3456  Num correct: 1978  Precision @ 1: 0.5723  AUC @ 1: 0.5527
Validation Data Eval:
  Num examples: 256  Num correct: 152  Precision @ 1: 0.5938  AUC @ 1: 0.5497
Test Data Eval:
  Num examples: 384  Num correct: 217  Precision @ 1: 0.5651  AUC @ 1: 0.8074
Step 800: loss = 0.7484 (0.014 sec)
Training Data Eval:
  Num examples: 3456  Num correct: 1950  Precision @ 1: 0.5642  AUC @ 1: 0.5499
Validation Data Eval:
  Num examples: 256  Num correct: 152  Precision @ 1: 0.5938  AUC @ 1: 0.5518
Test Data Eval:
  Num examples: 384  Num correct: 221  Precision @ 1: 0.5755  AUC @ 1: 0.8359
Step 1000: loss = 0.7679 (0.013 sec)
Training Data Eval:
  Num examples: 3456  Num correct: 1921  Precision @ 1: 0.5558  AUC @ 1: 0.5557
Validation Data Eval:
  Num examples: 256  Num correct: 152  Precision @ 1: 0.5938  AUC @ 1: 0.5519
Test Data Eval:
  Num examples: 384  Num correct: 207  Precision @ 1: 0.5391  AUC @ 1: 0.8495
Step 1200: loss = 0.7333 (0.012 sec)
Training Data Eval:
  Num examples: 3456  Num correct: 1930  Precision @ 1: 0.5584  AUC @ 1: 0.5465
Validation Data Eval:
  Num examples: 256  Num correct: 152  Precision @ 1: 0.5938  AUC @ 1: 0.5494
Test Data Eval:
  Num examples: 384  Num correct: 212  Precision @ 1: 0.5521  AUC @ 1: 0.8465
Step 1400: loss = 0.7488 (0.013 sec)
Training Data Eval:
  Num examples: 3456  Num correct: 1953  Precision @ 1: 0.5651  AUC @ 1: 0.5529
Validation Data Eval:
  Num examples: 256  Num correct: 152  Precision @ 1: 0.5938  AUC @ 1: 0.5495
Test Data Eval:
  Num examples: 384  Num correct: 215  Precision @ 1: 0.5599  AUC @ 1: 0.8274
Step 1600: loss = 0.7397 (0.013 sec)
Training Data Eval:
  Num examples: 3456  Num correct: 1920  Precision @ 1: 0.5556  AUC @ 1: 0.5592
Validation Data Eval:
  Num examples: 256  Num correct: 152  Precision @ 1: 0.5938  AUC @ 1: 0.5467
Test Data Eval:
  Num examples: 384  Num correct: 215  Precision @ 1: 0.5599  AUC @ 1: 0.8277
Step 1800: loss = 0.7335 (0.015 sec)
Training Data Eval:
  Num examples: 3456  Num correct: 1957  Precision @ 1: 0.5663  AUC @ 1: 0.5652
Validation Data Eval:
  Num examples: 256  Num correct: 152  Precision @ 1: 0.5938  AUC @ 1: 0.5478
Test Data Eval:
  Num examples: 384  Num correct: 216  Precision @ 1: 0.5625  AUC @ 1: 0.8384
Step 2000: loss = 0.7245 (0.014 sec)
Training Data Eval:
  Num examples: 3456  Num correct: 1943  Precision @ 1: 0.5622  AUC @ 1: 0.5561
Validation Data Eval:
  Num examples: 256  Num correct: 152  Precision @ 1: 0.5938  AUC @ 1: 0.5465
Test Data Eval:
  Num examples: 384  Num correct: 220  Precision @ 1: 0.5729  AUC @ 1: 0.8566
Step 2200: loss = 0.7355 (0.013 sec)
Training Data Eval:
  Num examples: 3456  Num correct: 1964  Precision @ 1: 0.5683  AUC @ 1: 0.5692
Validation Data Eval:
  Num examples: 256  Num correct: 152  Precision @ 1: 0.5938  AUC @ 1: 0.5410
Test Data Eval:
  Num examples: 384  Num correct: 215  Precision @ 1: 0.5599  AUC @ 1: 0.8714
Step 2400: loss = 0.7589 (0.013 sec)
Training Data Eval:
  Num examples: 3456  Num correct: 1960  Precision @ 1: 0.5671  AUC @ 1: 0.5665
Validation Data Eval:
  Num examples: 256  Num correct: 152  Precision @ 1: 0.5938  AUC @ 1: 0.5445
Test Data Eval:
  Num examples: 384  Num correct: 215  Precision @ 1: 0.5599  AUC @ 1: 0.8314
Step 2600: loss = 0.7422 (0.012 sec)
Training Data Eval:
  Num examples: 3456  Num correct: 1925  Precision @ 1: 0.5570  AUC @ 1: 0.5716
Validation Data Eval:
  Num examples: 256  Num correct: 152  Precision @ 1: 0.5938  AUC @ 1: 0.5410
Test Data Eval:
  Num examples: 384  Num correct: 217  Precision @ 1: 0.5651  AUC @ 1: 0.8647
Step 2800: loss = 0.7310 (0.013 sec)
Training Data Eval:
  Num examples: 3456  Num correct: 1959  Precision @ 1: 0.5668  AUC @ 1: 0.5800
Validation Data Eval:
  Num examples: 256  Num correct: 152  Precision @ 1: 0.5938  AUC @ 1: 0.5371
Test Data Eval:
  Num examples: 384  Num correct: 211  Precision @ 1: 0.5495  AUC @ 1: 0.8568
Step 3000: loss = 0.7848 (0.012 sec)
Training Data Eval:
  Num examples: 3456  Num correct: 1970  Precision @ 1: 0.5700  AUC @ 1: 0.5841
Validation Data Eval:
  Num examples: 256  Num correct: 152  Precision @ 1: 0.5938  AUC @ 1: 0.5409
Test Data Eval:
  Num examples: 384  Num correct: 219  Precision @ 1: 0.5703  AUC @ 1: 0.8598
Step 3200: loss = 0.7211 (0.013 sec)
Training Data Eval:
  Num examples: 3456  Num correct: 1970  Precision @ 1: 0.5700  AUC @ 1: 0.5913
Validation Data Eval:
  Num examples: 256  Num correct: 153  Precision @ 1: 0.5977  AUC @ 1: 0.5453
Test Data Eval:
  Num examples: 384  Num correct: 222  Precision @ 1: 0.5781  AUC @ 1: 0.8706
Step 3400: loss = 0.7388 (0.012 sec)
Training Data Eval:
  Num examples: 3456  Num correct: 1961  Precision @ 1: 0.5674  AUC @ 1: 0.5933
Validation Data Eval:
  Num examples: 256  Num correct: 153  Precision @ 1: 0.5977  AUC @ 1: 0.5417
Test Data Eval:
  Num examples: 384  Num correct: 220  Precision @ 1: 0.5729  AUC @ 1: 0.8744
Step 3600: loss = 0.7245 (0.013 sec)
Training Data Eval:
  Num examples: 3456  Num correct: 2001  Precision @ 1: 0.5790  AUC @ 1: 0.5928
Validation Data Eval:
  Num examples: 256  Num correct: 154  Precision @ 1: 0.6016  AUC @ 1: 0.5581
Test Data Eval:
  Num examples: 384  Num correct: 216  Precision @ 1: 0.5625  AUC @ 1: 0.8548
Step 3800: loss = 0.7558 (0.014 sec)
Training Data Eval:
  Num examples: 3456  Num correct: 1984  Precision @ 1: 0.5741  AUC @ 1: 0.6036
Validation Data Eval:
  Num examples: 256  Num correct: 154  Precision @ 1: 0.6016  AUC @ 1: 0.5638
Test Data Eval:
  Num examples: 384  Num correct: 211  Precision @ 1: 0.5495  AUC @ 1: 0.8670
Step 4000: loss = 0.7581 (0.011 sec)
Training Data Eval:
  Num examples: 3456  Num correct: 2002  Precision @ 1: 0.5793  AUC @ 1: 0.6139
Validation Data Eval:
  Num examples: 256  Num correct: 155  Precision @ 1: 0.6055  AUC @ 1: 0.5554
Test Data Eval:
  Num examples: 384  Num correct: 211  Precision @ 1: 0.5495  AUC @ 1: 0.8987
Step 4200: loss = 0.7348 (0.013 sec)
Training Data Eval:
  Num examples: 3456  Num correct: 2030  Precision @ 1: 0.5874  AUC @ 1: 0.6165
Validation Data Eval:
  Num examples: 256  Num correct: 158  Precision @ 1: 0.6172  AUC @ 1: 0.5775
Test Data Eval:
  Num examples: 384  Num correct: 209  Precision @ 1: 0.5443  AUC @ 1: 0.8915
Step 4400: loss = 0.6957 (0.013 sec)
Training Data Eval:
  Num examples: 3456  Num correct: 2039  Precision @ 1: 0.5900  AUC @ 1: 0.6230
Validation Data Eval:
  Num examples: 256  Num correct: 159  Precision @ 1: 0.6211  AUC @ 1: 0.5891
Test Data Eval:
  Num examples: 384  Num correct: 203  Precision @ 1: 0.5286  AUC @ 1: 0.8725
Step 4600: loss = 0.6998 (0.014 sec)
Training Data Eval:
  Num examples: 3456  Num correct: 2040  Precision @ 1: 0.5903  AUC @ 1: 0.6275
Validation Data Eval:
  Num examples: 256  Num correct: 162  Precision @ 1: 0.6328  AUC @ 1: 0.5967
Test Data Eval:
  Num examples: 384  Num correct: 214  Precision @ 1: 0.5573  AUC @ 1: 0.8636
Step 4800: loss = 0.7258 (0.013 sec)
Training Data Eval:
  Num examples: 3456  Num correct: 2112  Precision @ 1: 0.6111  AUC @ 1: 0.6501
Validation Data Eval:
  Num examples: 256  Num correct: 160  Precision @ 1: 0.6250  AUC @ 1: 0.6018
Test Data Eval:
  Num examples: 384  Num correct: 209  Precision @ 1: 0.5443  AUC @ 1: 0.8821
Step 5000: loss = 0.7151 (0.013 sec)
Training Data Eval:
  Num examples: 3456  Num correct: 2093  Precision @ 1: 0.6056  AUC @ 1: 0.6481
Validation Data Eval:
  Num examples: 256  Num correct: 159  Precision @ 1: 0.6211  AUC @ 1: 0.6072
Test Data Eval:
  Num examples: 384  Num correct: 208  Precision @ 1: 0.5417  AUC @ 1: 0.8457
Step 5200: loss = 0.7076 (0.012 sec)
Training Data Eval:
  Num examples: 3456  Num correct: 2121  Precision @ 1: 0.6137  AUC @ 1: 0.6695
Validation Data Eval:
  Num examples: 256  Num correct: 161  Precision @ 1: 0.6289  AUC @ 1: 0.6088
Test Data Eval:
  Num examples: 384  Num correct: 205  Precision @ 1: 0.5339  AUC @ 1: 0.8430
Step 5400: loss = 0.7039 (0.056 sec)
Training Data Eval:
  Num examples: 3456  Num correct: 2176  Precision @ 1: 0.6296  AUC @ 1: 0.6673
Validation Data Eval:
  Num examples: 256  Num correct: 155  Precision @ 1: 0.6055  AUC @ 1: 0.6099
Test Data Eval:
  Num examples: 384  Num correct: 210  Precision @ 1: 0.5469  AUC @ 1: 0.8048
Step 5600: loss = 0.7466 (0.012 sec)
Training Data Eval:
  Num examples: 3456  Num correct: 2206  Precision @ 1: 0.6383  AUC @ 1: 0.7031
Validation Data Eval:
  Num examples: 256  Num correct: 160  Precision @ 1: 0.6250  AUC @ 1: 0.6105
Test Data Eval:
  Num examples: 384  Num correct: 206  Precision @ 1: 0.5365  AUC @ 1: 0.7637
Step 5800: loss = 0.7101 (0.012 sec)
Training Data Eval:
  Num examples: 3456  Num correct: 2200  Precision @ 1: 0.6366  AUC @ 1: 0.7074
Validation Data Eval:
  Num examples: 256  Num correct: 160  Precision @ 1: 0.6250  AUC @ 1: 0.6254
Test Data Eval:
  Num examples: 384  Num correct: 216  Precision @ 1: 0.5625  AUC @ 1: 0.7788
Step 6000: loss = 0.6689 (0.013 sec)
Training Data Eval:
  Num examples: 3456  Num correct: 2214  Precision @ 1: 0.6406  AUC @ 1: 0.7247
Validation Data Eval:
  Num examples: 256  Num correct: 158  Precision @ 1: 0.6172  AUC @ 1: 0.6180
Test Data Eval:
  Num examples: 384  Num correct: 228  Precision @ 1: 0.5938  AUC @ 1: 0.7457
Step 6200: loss = 0.5793 (0.014 sec)
Training Data Eval:
  Num examples: 3456  Num correct: 2280  Precision @ 1: 0.6597  AUC @ 1: 0.7513
Validation Data Eval:
  Num examples: 256  Num correct: 158  Precision @ 1: 0.6172  AUC @ 1: 0.6090
Test Data Eval:
  Num examples: 384  Num correct: 218  Precision @ 1: 0.5677  AUC @ 1: 0.6834
Step 6400: loss = 0.6402 (0.014 sec)
Training Data Eval:
  Num examples: 3456  Num correct: 2264  Precision @ 1: 0.6551  AUC @ 1: 0.7486
Validation Data Eval:
  Num examples: 256  Num correct: 158  Precision @ 1: 0.6172  AUC @ 1: 0.6088
Test Data Eval:
  Num examples: 384  Num correct: 246  Precision @ 1: 0.6406  AUC @ 1: 0.7624
Step 6600: loss = 0.6533 (0.013 sec)
Training Data Eval:
  Num examples: 3456  Num correct: 2289  Precision @ 1: 0.6623  AUC @ 1: 0.7523
Validation Data Eval:
  Num examples: 256  Num correct: 154  Precision @ 1: 0.6016  AUC @ 1: 0.5959
Test Data Eval:
  Num examples: 384  Num correct: 246  Precision @ 1: 0.6406  AUC @ 1: 0.7094
Step 6800: loss = 0.6081 (0.014 sec)
Training Data Eval:
  Num examples: 3456  Num correct: 2327  Precision @ 1: 0.6733  AUC @ 1: 0.7715
Validation Data Eval:
  Num examples: 256  Num correct: 156  Precision @ 1: 0.6094  AUC @ 1: 0.5993
Test Data Eval:
  Num examples: 384  Num correct: 243  Precision @ 1: 0.6328  AUC @ 1: 0.6994
Step 7000: loss = 0.6490 (0.011 sec)
Training Data Eval:
  Num examples: 3456  Num correct: 2390  Precision @ 1: 0.6916  AUC @ 1: 0.7843
Validation Data Eval:
  Num examples: 256  Num correct: 147  Precision @ 1: 0.5742  AUC @ 1: 0.5852
Test Data Eval:
  Num examples: 384  Num correct: 222  Precision @ 1: 0.5781  AUC @ 1: 0.6158
Step 7200: loss = 0.6295 (0.012 sec)
Training Data Eval:
  Num examples: 3456  Num correct: 2290  Precision @ 1: 0.6626  AUC @ 1: 0.7506
Validation Data Eval:
  Num examples: 256  Num correct: 150  Precision @ 1: 0.5859  AUC @ 1: 0.5922
Test Data Eval:
  Num examples: 384  Num correct: 243  Precision @ 1: 0.6328  AUC @ 1: 0.7449
Step 7400: loss = 0.6298 (0.013 sec)
Training Data Eval:
  Num examples: 3456  Num correct: 2457  Precision @ 1: 0.7109  AUC @ 1: 0.8018
Validation Data Eval:
  Num examples: 256  Num correct: 145  Precision @ 1: 0.5664  AUC @ 1: 0.5760
Test Data Eval:
  Num examples: 384  Num correct: 225  Precision @ 1: 0.5859  AUC @ 1: 0.6198
Step 7600: loss = 0.6361 (0.013 sec)
Training Data Eval:
  Num examples: 3456  Num correct: 2441  Precision @ 1: 0.7063  AUC @ 1: 0.8039
Validation Data Eval:
  Num examples: 256  Num correct: 145  Precision @ 1: 0.5664  AUC @ 1: 0.5863
Test Data Eval:
  Num examples: 384  Num correct: 251  Precision @ 1: 0.6536  AUC @ 1: 0.7147
Step 7800: loss = 0.5521 (0.014 sec)
Training Data Eval:
  Num examples: 3456  Num correct: 2473  Precision @ 1: 0.7156  AUC @ 1: 0.8176
Validation Data Eval:
  Num examples: 256  Num correct: 146  Precision @ 1: 0.5703  AUC @ 1: 0.5800
Test Data Eval:
  Num examples: 384  Num correct: 240  Precision @ 1: 0.6250  AUC @ 1: 0.6861
Step 8000: loss = 0.5624 (0.013 sec)
Training Data Eval:
  Num examples: 3456  Num correct: 2516  Precision @ 1: 0.7280  AUC @ 1: 0.8285
Validation Data Eval:
  Num examples: 256  Num correct: 144  Precision @ 1: 0.5625  AUC @ 1: 0.5732
Test Data Eval:
  Num examples: 384  Num correct: 235  Precision @ 1: 0.6120  AUC @ 1: 0.6739
Step 8200: loss = 0.6104 (0.011 sec)
Training Data Eval:
  Num examples: 3456  Num correct: 2480  Precision @ 1: 0.7176  AUC @ 1: 0.8246
Validation Data Eval:
  Num examples: 256  Num correct: 147  Precision @ 1: 0.5742  AUC @ 1: 0.5657
Test Data Eval:
  Num examples: 384  Num correct: 233  Precision @ 1: 0.6068  AUC @ 1: 0.6165
Step 8400: loss = 0.6053 (0.014 sec)
Training Data Eval:
  Num examples: 3456  Num correct: 2564  Precision @ 1: 0.7419  AUC @ 1: 0.8480
Validation Data Eval:
  Num examples: 256  Num correct: 144  Precision @ 1: 0.5625  AUC @ 1: 0.5636
Test Data Eval:
  Num examples: 384  Num correct: 239  Precision @ 1: 0.6224  AUC @ 1: 0.6798
Step 8600: loss = 0.6109 (0.013 sec)
Training Data Eval:
  Num examples: 3456  Num correct: 2579  Precision @ 1: 0.7462  AUC @ 1: 0.8476
Validation Data Eval:
  Num examples: 256  Num correct: 139  Precision @ 1: 0.5430  AUC @ 1: 0.5691
Test Data Eval:
  Num examples: 384  Num correct: 233  Precision @ 1: 0.6068  AUC @ 1: 0.6394
Step 8800: loss = 0.5251 (0.013 sec)
Training Data Eval:
  Num examples: 3456  Num correct: 2542  Precision @ 1: 0.7355  AUC @ 1: 0.8392
Validation Data Eval:
  Num examples: 256  Num correct: 141  Precision @ 1: 0.5508  AUC @ 1: 0.5699
Test Data Eval:
  Num examples: 384  Num correct: 244  Precision @ 1: 0.6354  AUC @ 1: 0.6888
Step 9000: loss = 0.5831 (0.015 sec)
Training Data Eval:
  Num examples: 3456  Num correct: 2574  Precision @ 1: 0.7448  AUC @ 1: 0.8542
Validation Data Eval:
  Num examples: 256  Num correct: 141  Precision @ 1: 0.5508  AUC @ 1: 0.5642
Test Data Eval:
  Num examples: 384  Num correct: 233  Precision @ 1: 0.6068  AUC @ 1: 0.6081
Step 9200: loss = 0.5028 (0.013 sec)
Training Data Eval:
  Num examples: 3456  Num correct: 2599  Precision @ 1: 0.7520  AUC @ 1: 0.8596
Validation Data Eval:
  Num examples: 256  Num correct: 140  Precision @ 1: 0.5469  AUC @ 1: 0.5801
Test Data Eval:
  Num examples: 384  Num correct: 235  Precision @ 1: 0.6120  AUC @ 1: 0.6452
Step 9400: loss = 0.5543 (0.013 sec)
Training Data Eval:
  Num examples: 3456  Num correct: 2618  Precision @ 1: 0.7575  AUC @ 1: 0.8651
Validation Data Eval:
  Num examples: 256  Num correct: 145  Precision @ 1: 0.5664  AUC @ 1: 0.5752
Test Data Eval:
  Num examples: 384  Num correct: 239  Precision @ 1: 0.6224  AUC @ 1: 0.6511
Step 9600: loss = 0.5441 (0.013 sec)
Training Data Eval:
  Num examples: 3456  Num correct: 2642  Precision @ 1: 0.7645  AUC @ 1: 0.8692
Validation Data Eval:
  Num examples: 256  Num correct: 144  Precision @ 1: 0.5625  AUC @ 1: 0.5765
Test Data Eval:
  Num examples: 384  Num correct: 232  Precision @ 1: 0.6042  AUC @ 1: 0.6167
Step 9800: loss = 0.5176 (0.014 sec)
Training Data Eval:
  Num examples: 3456  Num correct: 2609  Precision @ 1: 0.7549  AUC @ 1: 0.8620
Validation Data Eval:
  Num examples: 256  Num correct: 146  Precision @ 1: 0.5703  AUC @ 1: 0.5785
Test Data Eval:
  Num examples: 384  Num correct: 234  Precision @ 1: 0.6094  AUC @ 1: 0.6527
