Training data shape: 	(3825, 64, 30, 2)
Training label shape:	(3825,)
Testing data shape:  	(510, 64, 30, 2)
Testing label shape: 	(510,)
max input value is: 72.5247
min input value is: -75.9911
random permuted training data
==============================================================================
Model: 			inference_global_s_cnn
Tensor Name: 	Placeholder:0
[128, 64, 30, 2]
==============================================================================
Tensor Name: conv1/conv1:0
[128, 1, 30, 32]
==============================================================================
Tensor Name: MaxPool:0
[128, 1, 15, 32]
==============================================================================
Tensor Name: local1/local1:0
[128, 128]
==============================================================================
Tensor Name: local2/local2:0
[128, 128]
==============================================================================
Tensor Name: softmax_linear/softmax_linear:0
[128, 2]
Step 0: loss = 0.8863 (0.039 sec)
Training Data Eval:
  Num examples: 3456  Num correct: 1943  Precision @ 1: 0.5622  AUC @ 1: 0.5478
Validation Data Eval:
  Num examples: 256  Num correct: 134  Precision @ 1: 0.5234  AUC @ 1: 0.5285
Test Data Eval:
  Num examples: 384  Num correct: 162  Precision @ 1: 0.4219  AUC @ 1: 0.8329
Step 200: loss = 0.8714 (0.018 sec)
Training Data Eval:
  Num examples: 3456  Num correct: 1950  Precision @ 1: 0.5642  AUC @ 1: 0.5624
Validation Data Eval:
  Num examples: 256  Num correct: 134  Precision @ 1: 0.5234  AUC @ 1: 0.5314
Test Data Eval:
  Num examples: 384  Num correct: 216  Precision @ 1: 0.5625  AUC @ 1: 0.8928
Step 400: loss = 0.8706 (0.020 sec)
Training Data Eval:
  Num examples: 3456  Num correct: 1950  Precision @ 1: 0.5642  AUC @ 1: 0.5783
Validation Data Eval:
  Num examples: 256  Num correct: 134  Precision @ 1: 0.5234  AUC @ 1: 0.5314
Test Data Eval:
  Num examples: 384  Num correct: 218  Precision @ 1: 0.5677  AUC @ 1: 0.8939
Step 600: loss = 0.8662 (0.017 sec)
Training Data Eval:
  Num examples: 3456  Num correct: 1941  Precision @ 1: 0.5616  AUC @ 1: 0.5802
Validation Data Eval:
  Num examples: 256  Num correct: 134  Precision @ 1: 0.5234  AUC @ 1: 0.5268
Test Data Eval:
  Num examples: 384  Num correct: 217  Precision @ 1: 0.5651  AUC @ 1: 0.9037
Step 800: loss = 0.8381 (0.017 sec)
Training Data Eval:
  Num examples: 3456  Num correct: 1981  Precision @ 1: 0.5732  AUC @ 1: 0.5859
Validation Data Eval:
  Num examples: 256  Num correct: 134  Precision @ 1: 0.5234  AUC @ 1: 0.5310
Test Data Eval:
  Num examples: 384  Num correct: 215  Precision @ 1: 0.5599  AUC @ 1: 0.8940
Step 1000: loss = 0.8718 (0.018 sec)
Training Data Eval:
  Num examples: 3456  Num correct: 1984  Precision @ 1: 0.5741  AUC @ 1: 0.5963
Validation Data Eval:
  Num examples: 256  Num correct: 134  Precision @ 1: 0.5234  AUC @ 1: 0.5332
Test Data Eval:
  Num examples: 384  Num correct: 222  Precision @ 1: 0.5781  AUC @ 1: 0.9006
Step 1200: loss = 0.8463 (0.018 sec)
Training Data Eval:
  Num examples: 3456  Num correct: 2022  Precision @ 1: 0.5851  AUC @ 1: 0.5952
Validation Data Eval:
  Num examples: 256  Num correct: 138  Precision @ 1: 0.5391  AUC @ 1: 0.5305
Test Data Eval:
  Num examples: 384  Num correct: 218  Precision @ 1: 0.5677  AUC @ 1: 0.8891
Step 1400: loss = 0.8363 (0.017 sec)
Training Data Eval:
  Num examples: 3456  Num correct: 2021  Precision @ 1: 0.5848  AUC @ 1: 0.6040
Validation Data Eval:
  Num examples: 256  Num correct: 140  Precision @ 1: 0.5469  AUC @ 1: 0.5322
Test Data Eval:
  Num examples: 384  Num correct: 216  Precision @ 1: 0.5625  AUC @ 1: 0.9068
Step 1600: loss = 0.8484 (0.016 sec)
Training Data Eval:
  Num examples: 3456  Num correct: 2041  Precision @ 1: 0.5906  AUC @ 1: 0.6182
Validation Data Eval:
  Num examples: 256  Num correct: 145  Precision @ 1: 0.5664  AUC @ 1: 0.5284
Test Data Eval:
  Num examples: 384  Num correct: 202  Precision @ 1: 0.5260  AUC @ 1: 0.8901
Step 1800: loss = 0.8528 (0.019 sec)
Training Data Eval:
  Num examples: 3456  Num correct: 2056  Precision @ 1: 0.5949  AUC @ 1: 0.6406
Validation Data Eval:
  Num examples: 256  Num correct: 148  Precision @ 1: 0.5781  AUC @ 1: 0.5308
Test Data Eval:
  Num examples: 384  Num correct: 207  Precision @ 1: 0.5391  AUC @ 1: 0.8582
Step 2000: loss = 0.8491 (0.017 sec)
Training Data Eval:
  Num examples: 3456  Num correct: 2072  Precision @ 1: 0.5995  AUC @ 1: 0.6470
Validation Data Eval:
  Num examples: 256  Num correct: 144  Precision @ 1: 0.5625  AUC @ 1: 0.5258
Test Data Eval:
  Num examples: 384  Num correct: 203  Precision @ 1: 0.5286  AUC @ 1: 0.8477
Step 2200: loss = 0.8219 (0.018 sec)
Training Data Eval:
  Num examples: 3456  Num correct: 2107  Precision @ 1: 0.6097  AUC @ 1: 0.6875
Validation Data Eval:
  Num examples: 256  Num correct: 143  Precision @ 1: 0.5586  AUC @ 1: 0.5347
Test Data Eval:
  Num examples: 384  Num correct: 211  Precision @ 1: 0.5495  AUC @ 1: 0.8762
Step 2400: loss = 0.7942 (0.017 sec)
Training Data Eval:
  Num examples: 3456  Num correct: 2164  Precision @ 1: 0.6262  AUC @ 1: 0.7242
Validation Data Eval:
  Num examples: 256  Num correct: 141  Precision @ 1: 0.5508  AUC @ 1: 0.5374
Test Data Eval:
  Num examples: 384  Num correct: 211  Precision @ 1: 0.5495  AUC @ 1: 0.8762
Step 2600: loss = 0.8352 (0.020 sec)
Training Data Eval:
  Num examples: 3456  Num correct: 2185  Precision @ 1: 0.6322  AUC @ 1: 0.7445
Validation Data Eval:
  Num examples: 256  Num correct: 140  Precision @ 1: 0.5469  AUC @ 1: 0.5336
Test Data Eval:
  Num examples: 384  Num correct: 200  Precision @ 1: 0.5208  AUC @ 1: 0.8375
Step 2800: loss = 0.7774 (0.018 sec)
Training Data Eval:
  Num examples: 3456  Num correct: 2239  Precision @ 1: 0.6479  AUC @ 1: 0.7656
Validation Data Eval:
  Num examples: 256  Num correct: 141  Precision @ 1: 0.5508  AUC @ 1: 0.5368
Test Data Eval:
  Num examples: 384  Num correct: 198  Precision @ 1: 0.5156  AUC @ 1: 0.8191
Step 3000: loss = 0.7711 (0.019 sec)
Training Data Eval:
  Num examples: 3456  Num correct: 2441  Precision @ 1: 0.7063  AUC @ 1: 0.8199
Validation Data Eval:
  Num examples: 256  Num correct: 141  Precision @ 1: 0.5508  AUC @ 1: 0.5483
Test Data Eval:
  Num examples: 384  Num correct: 193  Precision @ 1: 0.5026  AUC @ 1: 0.7281
Step 3200: loss = 0.7629 (0.018 sec)
Training Data Eval:
  Num examples: 3456  Num correct: 2542  Precision @ 1: 0.7355  AUC @ 1: 0.8525
Validation Data Eval:
  Num examples: 256  Num correct: 137  Precision @ 1: 0.5352  AUC @ 1: 0.5302
Test Data Eval:
  Num examples: 384  Num correct: 176  Precision @ 1: 0.4583  AUC @ 1: 0.6480
Step 3400: loss = 0.6709 (0.022 sec)
Training Data Eval:
  Num examples: 3456  Num correct: 2589  Precision @ 1: 0.7491  AUC @ 1: 0.8560
Validation Data Eval:
  Num examples: 256  Num correct: 136  Precision @ 1: 0.5312  AUC @ 1: 0.5412
Test Data Eval:
  Num examples: 384  Num correct: 201  Precision @ 1: 0.5234  AUC @ 1: 0.7534
Step 3600: loss = 0.6536 (0.018 sec)
Training Data Eval:
  Num examples: 3456  Num correct: 2573  Precision @ 1: 0.7445  AUC @ 1: 0.8607
Validation Data Eval:
  Num examples: 256  Num correct: 131  Precision @ 1: 0.5117  AUC @ 1: 0.5340
Test Data Eval:
  Num examples: 384  Num correct: 183  Precision @ 1: 0.4766  AUC @ 1: 0.7307
Step 3800: loss = 0.6621 (0.018 sec)
Training Data Eval:
  Num examples: 3456  Num correct: 2752  Precision @ 1: 0.7963  AUC @ 1: 0.9063
Validation Data Eval:
  Num examples: 256  Num correct: 124  Precision @ 1: 0.4844  AUC @ 1: 0.5124
Test Data Eval:
  Num examples: 384  Num correct: 182  Precision @ 1: 0.4740  AUC @ 1: 0.6816
Step 4000: loss = 0.6103 (0.019 sec)
Training Data Eval:
  Num examples: 3456  Num correct: 2811  Precision @ 1: 0.8134  AUC @ 1: 0.9152
Validation Data Eval:
  Num examples: 256  Num correct: 129  Precision @ 1: 0.5039  AUC @ 1: 0.5247
Test Data Eval:
  Num examples: 384  Num correct: 199  Precision @ 1: 0.5182  AUC @ 1: 0.7266
Step 4200: loss = 0.5428 (0.018 sec)
Training Data Eval:
  Num examples: 3456  Num correct: 2879  Precision @ 1: 0.8330  AUC @ 1: 0.9302
Validation Data Eval:
  Num examples: 256  Num correct: 125  Precision @ 1: 0.4883  AUC @ 1: 0.5090
Test Data Eval:
  Num examples: 384  Num correct: 203  Precision @ 1: 0.5286  AUC @ 1: 0.7054
Step 4400: loss = 0.5657 (0.019 sec)
Training Data Eval:
  Num examples: 3456  Num correct: 2909  Precision @ 1: 0.8417  AUC @ 1: 0.9333
Validation Data Eval:
  Num examples: 256  Num correct: 126  Precision @ 1: 0.4922  AUC @ 1: 0.5006
Test Data Eval:
  Num examples: 384  Num correct: 195  Precision @ 1: 0.5078  AUC @ 1: 0.7102
Step 4600: loss = 0.5959 (0.017 sec)
Training Data Eval:
  Num examples: 3456  Num correct: 2937  Precision @ 1: 0.8498  AUC @ 1: 0.9423
Validation Data Eval:
  Num examples: 256  Num correct: 125  Precision @ 1: 0.4883  AUC @ 1: 0.4979
Test Data Eval:
  Num examples: 384  Num correct: 191  Precision @ 1: 0.4974  AUC @ 1: 0.7113
Step 4800: loss = 0.5357 (0.018 sec)
Training Data Eval:
  Num examples: 3456  Num correct: 2992  Precision @ 1: 0.8657  AUC @ 1: 0.9515
Validation Data Eval:
  Num examples: 256  Num correct: 123  Precision @ 1: 0.4805  AUC @ 1: 0.5050
Test Data Eval:
  Num examples: 384  Num correct: 199  Precision @ 1: 0.5182  AUC @ 1: 0.6939
Step 5000: loss = 0.5346 (0.019 sec)
Training Data Eval:
  Num examples: 3456  Num correct: 3012  Precision @ 1: 0.8715  AUC @ 1: 0.9546
Validation Data Eval:
  Num examples: 256  Num correct: 120  Precision @ 1: 0.4688  AUC @ 1: 0.4864
Test Data Eval:
  Num examples: 384  Num correct: 200  Precision @ 1: 0.5208  AUC @ 1: 0.6892
Step 5200: loss = 0.5212 (0.018 sec)
Training Data Eval:
  Num examples: 3456  Num correct: 3053  Precision @ 1: 0.8834  AUC @ 1: 0.9619
Validation Data Eval:
  Num examples: 256  Num correct: 121  Precision @ 1: 0.4727  AUC @ 1: 0.4872
Test Data Eval:
  Num examples: 384  Num correct: 203  Precision @ 1: 0.5286  AUC @ 1: 0.7109
Step 5400: loss = 0.4838 (0.047 sec)
Training Data Eval:
  Num examples: 3456  Num correct: 3098  Precision @ 1: 0.8964  AUC @ 1: 0.9677
Validation Data Eval:
  Num examples: 256  Num correct: 123  Precision @ 1: 0.4805  AUC @ 1: 0.5028
Test Data Eval:
  Num examples: 384  Num correct: 197  Precision @ 1: 0.5130  AUC @ 1: 0.6664
Step 5600: loss = 0.4336 (0.019 sec)
Training Data Eval:
  Num examples: 3456  Num correct: 3133  Precision @ 1: 0.9065  AUC @ 1: 0.9718
Validation Data Eval:
  Num examples: 256  Num correct: 123  Precision @ 1: 0.4805  AUC @ 1: 0.4952
Test Data Eval:
  Num examples: 384  Num correct: 203  Precision @ 1: 0.5286  AUC @ 1: 0.6623
Step 5800: loss = 0.4620 (0.018 sec)
Training Data Eval:
  Num examples: 3456  Num correct: 3140  Precision @ 1: 0.9086  AUC @ 1: 0.9741
Validation Data Eval:
  Num examples: 256  Num correct: 118  Precision @ 1: 0.4609  AUC @ 1: 0.4910
Test Data Eval:
  Num examples: 384  Num correct: 205  Precision @ 1: 0.5339  AUC @ 1: 0.6767
Step 6000: loss = 0.4351 (0.018 sec)
Training Data Eval:
  Num examples: 3456  Num correct: 3152  Precision @ 1: 0.9120  AUC @ 1: 0.9761
Validation Data Eval:
  Num examples: 256  Num correct: 115  Precision @ 1: 0.4492  AUC @ 1: 0.4777
Test Data Eval:
  Num examples: 384  Num correct: 195  Precision @ 1: 0.5078  AUC @ 1: 0.6327
Step 6200: loss = 0.4388 (0.019 sec)
Training Data Eval:
  Num examples: 3456  Num correct: 3195  Precision @ 1: 0.9245  AUC @ 1: 0.9827
Validation Data Eval:
  Num examples: 256  Num correct: 116  Precision @ 1: 0.4531  AUC @ 1: 0.4716
Test Data Eval:
  Num examples: 384  Num correct: 205  Precision @ 1: 0.5339  AUC @ 1: 0.6666
Step 6400: loss = 0.4364 (0.018 sec)
Training Data Eval:
  Num examples: 3456  Num correct: 3217  Precision @ 1: 0.9308  AUC @ 1: 0.9860
Validation Data Eval:
  Num examples: 256  Num correct: 114  Precision @ 1: 0.4453  AUC @ 1: 0.4760
Test Data Eval:
  Num examples: 384  Num correct: 186  Precision @ 1: 0.4844  AUC @ 1: 0.6342
Step 6600: loss = 0.4055 (0.017 sec)
Training Data Eval:
  Num examples: 3456  Num correct: 3264  Precision @ 1: 0.9444  AUC @ 1: 0.9891
Validation Data Eval:
  Num examples: 256  Num correct: 117  Precision @ 1: 0.4570  AUC @ 1: 0.4824
Test Data Eval:
  Num examples: 384  Num correct: 194  Precision @ 1: 0.5052  AUC @ 1: 0.6261
Step 6800: loss = 0.4401 (0.017 sec)
Training Data Eval:
  Num examples: 3456  Num correct: 3276  Precision @ 1: 0.9479  AUC @ 1: 0.9906
Validation Data Eval:
  Num examples: 256  Num correct: 127  Precision @ 1: 0.4961  AUC @ 1: 0.5146
Test Data Eval:
  Num examples: 384  Num correct: 195  Precision @ 1: 0.5078  AUC @ 1: 0.6592
Step 7000: loss = 0.3563 (0.018 sec)
Training Data Eval:
  Num examples: 3456  Num correct: 3291  Precision @ 1: 0.9523  AUC @ 1: 0.9923
Validation Data Eval:
  Num examples: 256  Num correct: 125  Precision @ 1: 0.4883  AUC @ 1: 0.5127
Test Data Eval:
  Num examples: 384  Num correct: 204  Precision @ 1: 0.5312  AUC @ 1: 0.6727
Step 7200: loss = 0.3634 (0.018 sec)
Training Data Eval:
  Num examples: 3456  Num correct: 3326  Precision @ 1: 0.9624  AUC @ 1: 0.9943
Validation Data Eval:
  Num examples: 256  Num correct: 118  Precision @ 1: 0.4609  AUC @ 1: 0.4823
Test Data Eval:
  Num examples: 384  Num correct: 193  Precision @ 1: 0.5026  AUC @ 1: 0.6172
Step 7400: loss = 0.3902 (0.017 sec)
Training Data Eval:
  Num examples: 3456  Num correct: 3337  Precision @ 1: 0.9656  AUC @ 1: 0.9953
Validation Data Eval:
  Num examples: 256  Num correct: 122  Precision @ 1: 0.4766  AUC @ 1: 0.4935
Test Data Eval:
  Num examples: 384  Num correct: 204  Precision @ 1: 0.5312  AUC @ 1: 0.6411
Step 7600: loss = 0.3025 (0.019 sec)
Training Data Eval:
  Num examples: 3456  Num correct: 3350  Precision @ 1: 0.9693  AUC @ 1: 0.9961
Validation Data Eval:
  Num examples: 256  Num correct: 123  Precision @ 1: 0.4805  AUC @ 1: 0.5017
Test Data Eval:
  Num examples: 384  Num correct: 194  Precision @ 1: 0.5052  AUC @ 1: 0.5939
Step 7800: loss = 0.3259 (0.019 sec)
Training Data Eval:
  Num examples: 3456  Num correct: 3369  Precision @ 1: 0.9748  AUC @ 1: 0.9963
Validation Data Eval:
  Num examples: 256  Num correct: 112  Precision @ 1: 0.4375  AUC @ 1: 0.4720
Test Data Eval:
  Num examples: 384  Num correct: 194  Precision @ 1: 0.5052  AUC @ 1: 0.6033
Step 8000: loss = 0.3364 (0.019 sec)
Training Data Eval:
  Num examples: 3456  Num correct: 3399  Precision @ 1: 0.9835  AUC @ 1: 0.9982
Validation Data Eval:
  Num examples: 256  Num correct: 120  Precision @ 1: 0.4688  AUC @ 1: 0.5045
Test Data Eval:
  Num examples: 384  Num correct: 195  Precision @ 1: 0.5078  AUC @ 1: 0.6404
Step 8200: loss = 0.2768 (0.020 sec)
Training Data Eval:
  Num examples: 3456  Num correct: 3402  Precision @ 1: 0.9844  AUC @ 1: 0.9983
Validation Data Eval:
  Num examples: 256  Num correct: 114  Precision @ 1: 0.4453  AUC @ 1: 0.4792
Test Data Eval:
  Num examples: 384  Num correct: 197  Precision @ 1: 0.5130  AUC @ 1: 0.6045
Step 8400: loss = 0.3257 (0.017 sec)
Training Data Eval:
  Num examples: 3456  Num correct: 3410  Precision @ 1: 0.9867  AUC @ 1: 0.9990
Validation Data Eval:
  Num examples: 256  Num correct: 128  Precision @ 1: 0.5000  AUC @ 1: 0.5135
Test Data Eval:
  Num examples: 384  Num correct: 215  Precision @ 1: 0.5599  AUC @ 1: 0.6917
Step 8600: loss = 0.2710 (0.019 sec)
Training Data Eval:
  Num examples: 3456  Num correct: 3419  Precision @ 1: 0.9893  AUC @ 1: 0.9991
Validation Data Eval:
  Num examples: 256  Num correct: 126  Precision @ 1: 0.4922  AUC @ 1: 0.5158
Test Data Eval:
  Num examples: 384  Num correct: 208  Precision @ 1: 0.5417  AUC @ 1: 0.6591
Step 8800: loss = 0.2641 (0.019 sec)
Training Data Eval:
  Num examples: 3456  Num correct: 3433  Precision @ 1: 0.9933  AUC @ 1: 0.9990
Validation Data Eval:
  Num examples: 256  Num correct: 122  Precision @ 1: 0.4766  AUC @ 1: 0.5026
Test Data Eval:
  Num examples: 384  Num correct: 200  Precision @ 1: 0.5208  AUC @ 1: 0.6282
Step 9000: loss = 0.2676 (0.018 sec)
Training Data Eval:
  Num examples: 3456  Num correct: 3439  Precision @ 1: 0.9951  AUC @ 1: 0.9996
Validation Data Eval:
  Num examples: 256  Num correct: 127  Precision @ 1: 0.4961  AUC @ 1: 0.5127
Test Data Eval:
  Num examples: 384  Num correct: 207  Precision @ 1: 0.5391  AUC @ 1: 0.6507
Step 9200: loss = 0.2530 (0.019 sec)
Training Data Eval:
  Num examples: 3456  Num correct: 3442  Precision @ 1: 0.9959  AUC @ 1: 0.9996
Validation Data Eval:
  Num examples: 256  Num correct: 127  Precision @ 1: 0.4961  AUC @ 1: 0.5136
Test Data Eval:
  Num examples: 384  Num correct: 209  Precision @ 1: 0.5443  AUC @ 1: 0.6451
Step 9400: loss = 0.2410 (0.017 sec)
Training Data Eval:
  Num examples: 3456  Num correct: 3443  Precision @ 1: 0.9962  AUC @ 1: 0.9998
Validation Data Eval:
  Num examples: 256  Num correct: 122  Precision @ 1: 0.4766  AUC @ 1: 0.4994
Test Data Eval:
  Num examples: 384  Num correct: 195  Precision @ 1: 0.5078  AUC @ 1: 0.6188
Step 9600: loss = 0.2464 (0.019 sec)
Training Data Eval:
  Num examples: 3456  Num correct: 3447  Precision @ 1: 0.9974  AUC @ 1: 0.9998
Validation Data Eval:
  Num examples: 256  Num correct: 125  Precision @ 1: 0.4883  AUC @ 1: 0.5094
Test Data Eval:
  Num examples: 384  Num correct: 211  Precision @ 1: 0.5495  AUC @ 1: 0.6568
Step 9800: loss = 0.2248 (0.018 sec)
Training Data Eval:
  Num examples: 3456  Num correct: 3454  Precision @ 1: 0.9994  AUC @ 1: 0.9999
Validation Data Eval:
  Num examples: 256  Num correct: 123  Precision @ 1: 0.4805  AUC @ 1: 0.4989
Test Data Eval:
  Num examples: 384  Num correct: 202  Precision @ 1: 0.5260  AUC @ 1: 0.6396
