Training data shape: 	(3820, 30, 64, 1)
Training label shape:	(3820,)
Testing data shape:  	(515, 30, 64, 1)
Testing label shape: 	(515,)
max input value is: 72.5247
min input value is: -75.9911
random permuted training data
==============================================================================
Model: 			inference_stcnn
Tensor Name: 	Placeholder:0
[128, 30, 64, 1]
==============================================================================
Tensor Name: conv0/conv0:0
[128, 1, 60, 4]
==============================================================================
Tensor Name: MaxPool:0
[128, 1, 30, 4]
==============================================================================
Tensor Name: conv1/conv1:0
[128, 1, 26, 8]
==============================================================================
Tensor Name: MaxPool_1:0
[128, 1, 13, 8]
==============================================================================
Tensor Name: local1/local1:0
[128, 128]
==============================================================================
Tensor Name: local2/local2:0
[128, 128]
==============================================================================
Tensor Name: softmax_linear/softmax_linear:0
[128, 2]
Step 0: loss = 0.7671 (0.033 sec)
Training Data Eval:
  Num examples: 3456  Num correct: 1941  Precision @ 1: 0.5616  AUC @ 1: 0.4678
Validation Data Eval:
  Num examples: 256  Num correct: 154  Precision @ 1: 0.6016  AUC @ 1: 0.4218
Test Data Eval:
  Num examples: 512  Num correct: 289  Precision @ 1: 0.5645  AUC @ 1: 0.4758
Step 200: loss = 0.7605 (0.014 sec)
Training Data Eval:
  Num examples: 3456  Num correct: 1922  Precision @ 1: 0.5561  AUC @ 1: 0.4950
Validation Data Eval:
  Num examples: 256  Num correct: 154  Precision @ 1: 0.6016  AUC @ 1: 0.4331
Test Data Eval:
  Num examples: 512  Num correct: 290  Precision @ 1: 0.5664  AUC @ 1: 0.4897
Step 400: loss = 0.7330 (0.013 sec)
Training Data Eval:
  Num examples: 3456  Num correct: 1953  Precision @ 1: 0.5651  AUC @ 1: 0.5167
Validation Data Eval:
  Num examples: 256  Num correct: 154  Precision @ 1: 0.6016  AUC @ 1: 0.4472
Test Data Eval:
  Num examples: 512  Num correct: 290  Precision @ 1: 0.5664  AUC @ 1: 0.4975
Step 600: loss = 0.7415 (0.013 sec)
Training Data Eval:
  Num examples: 3456  Num correct: 1933  Precision @ 1: 0.5593  AUC @ 1: 0.5438
Validation Data Eval:
  Num examples: 256  Num correct: 154  Precision @ 1: 0.6016  AUC @ 1: 0.4644
Test Data Eval:
  Num examples: 512  Num correct: 290  Precision @ 1: 0.5664  AUC @ 1: 0.5092
Step 800: loss = 0.7559 (0.013 sec)
Training Data Eval:
  Num examples: 3456  Num correct: 1955  Precision @ 1: 0.5657  AUC @ 1: 0.5730
Validation Data Eval:
  Num examples: 256  Num correct: 154  Precision @ 1: 0.6016  AUC @ 1: 0.4842
Test Data Eval:
  Num examples: 512  Num correct: 290  Precision @ 1: 0.5664  AUC @ 1: 0.5194
Step 1000: loss = 0.7464 (0.014 sec)
Training Data Eval:
  Num examples: 3456  Num correct: 1932  Precision @ 1: 0.5590  AUC @ 1: 0.5908
Validation Data Eval:
  Num examples: 256  Num correct: 154  Precision @ 1: 0.6016  AUC @ 1: 0.5173
Test Data Eval:
  Num examples: 512  Num correct: 291  Precision @ 1: 0.5684  AUC @ 1: 0.5369
Step 1200: loss = 0.7372 (0.014 sec)
Training Data Eval:
  Num examples: 3456  Num correct: 1940  Precision @ 1: 0.5613  AUC @ 1: 0.6288
Validation Data Eval:
  Num examples: 256  Num correct: 154  Precision @ 1: 0.6016  AUC @ 1: 0.5511
Test Data Eval:
  Num examples: 512  Num correct: 290  Precision @ 1: 0.5664  AUC @ 1: 0.5545
Step 1400: loss = 0.7642 (0.013 sec)
Training Data Eval:
  Num examples: 3456  Num correct: 1912  Precision @ 1: 0.5532  AUC @ 1: 0.6472
Validation Data Eval:
  Num examples: 256  Num correct: 154  Precision @ 1: 0.6016  AUC @ 1: 0.5815
Test Data Eval:
  Num examples: 512  Num correct: 290  Precision @ 1: 0.5664  AUC @ 1: 0.5846
Step 1600: loss = 0.7456 (0.013 sec)
Training Data Eval:
  Num examples: 3456  Num correct: 1932  Precision @ 1: 0.5590  AUC @ 1: 0.6651
Validation Data Eval:
  Num examples: 256  Num correct: 154  Precision @ 1: 0.6016  AUC @ 1: 0.6005
Test Data Eval:
  Num examples: 512  Num correct: 291  Precision @ 1: 0.5684  AUC @ 1: 0.6045
Step 1800: loss = 0.7530 (0.013 sec)
Training Data Eval:
  Num examples: 3456  Num correct: 1932  Precision @ 1: 0.5590  AUC @ 1: 0.6735
Validation Data Eval:
  Num examples: 256  Num correct: 154  Precision @ 1: 0.6016  AUC @ 1: 0.6104
Test Data Eval:
  Num examples: 512  Num correct: 291  Precision @ 1: 0.5684  AUC @ 1: 0.6216
Step 2000: loss = 0.7583 (0.014 sec)
Training Data Eval:
  Num examples: 3456  Num correct: 1934  Precision @ 1: 0.5596  AUC @ 1: 0.6781
Validation Data Eval:
  Num examples: 256  Num correct: 154  Precision @ 1: 0.6016  AUC @ 1: 0.6161
Test Data Eval:
  Num examples: 512  Num correct: 290  Precision @ 1: 0.5664  AUC @ 1: 0.6332
Step 2200: loss = 0.7339 (0.015 sec)
Training Data Eval:
  Num examples: 3456  Num correct: 1949  Precision @ 1: 0.5639  AUC @ 1: 0.6732
Validation Data Eval:
  Num examples: 256  Num correct: 154  Precision @ 1: 0.6016  AUC @ 1: 0.6213
Test Data Eval:
  Num examples: 512  Num correct: 290  Precision @ 1: 0.5664  AUC @ 1: 0.6470
Step 2400: loss = 0.7351 (0.013 sec)
Training Data Eval:
  Num examples: 3456  Num correct: 1940  Precision @ 1: 0.5613  AUC @ 1: 0.6686
Validation Data Eval:
  Num examples: 256  Num correct: 154  Precision @ 1: 0.6016  AUC @ 1: 0.6227
Test Data Eval:
  Num examples: 512  Num correct: 290  Precision @ 1: 0.5664  AUC @ 1: 0.6657
Step 2600: loss = 0.7475 (0.014 sec)
Training Data Eval:
  Num examples: 3456  Num correct: 1949  Precision @ 1: 0.5639  AUC @ 1: 0.6814
Validation Data Eval:
  Num examples: 256  Num correct: 154  Precision @ 1: 0.6016  AUC @ 1: 0.6255
Test Data Eval:
  Num examples: 512  Num correct: 291  Precision @ 1: 0.5684  AUC @ 1: 0.6724
Step 2800: loss = 0.7675 (0.014 sec)
Training Data Eval:
  Num examples: 3456  Num correct: 1957  Precision @ 1: 0.5663  AUC @ 1: 0.6754
Validation Data Eval:
  Num examples: 256  Num correct: 154  Precision @ 1: 0.6016  AUC @ 1: 0.6313
Test Data Eval:
  Num examples: 512  Num correct: 290  Precision @ 1: 0.5664  AUC @ 1: 0.6769
Step 3000: loss = 0.7794 (0.014 sec)
Training Data Eval:
  Num examples: 3456  Num correct: 1952  Precision @ 1: 0.5648  AUC @ 1: 0.6816
Validation Data Eval:
  Num examples: 256  Num correct: 154  Precision @ 1: 0.6016  AUC @ 1: 0.6333
Test Data Eval:
  Num examples: 512  Num correct: 291  Precision @ 1: 0.5684  AUC @ 1: 0.6831
Step 3200: loss = 0.7556 (0.014 sec)
Training Data Eval:
  Num examples: 3456  Num correct: 1965  Precision @ 1: 0.5686  AUC @ 1: 0.6725
Validation Data Eval:
  Num examples: 256  Num correct: 154  Precision @ 1: 0.6016  AUC @ 1: 0.6345
Test Data Eval:
  Num examples: 512  Num correct: 290  Precision @ 1: 0.5664  AUC @ 1: 0.6873
Step 3400: loss = 0.7424 (0.013 sec)
Training Data Eval:
  Num examples: 3456  Num correct: 1892  Precision @ 1: 0.5475  AUC @ 1: 0.6739
Validation Data Eval:
  Num examples: 256  Num correct: 154  Precision @ 1: 0.6016  AUC @ 1: 0.6366
Test Data Eval:
  Num examples: 512  Num correct: 291  Precision @ 1: 0.5684  AUC @ 1: 0.6933
Step 3600: loss = 0.7264 (0.014 sec)
Training Data Eval:
  Num examples: 3456  Num correct: 1963  Precision @ 1: 0.5680  AUC @ 1: 0.6846
Validation Data Eval:
  Num examples: 256  Num correct: 154  Precision @ 1: 0.6016  AUC @ 1: 0.6430
Test Data Eval:
  Num examples: 512  Num correct: 291  Precision @ 1: 0.5684  AUC @ 1: 0.7027
Step 3800: loss = 0.7364 (0.012 sec)
Training Data Eval:
  Num examples: 3456  Num correct: 2021  Precision @ 1: 0.5848  AUC @ 1: 0.6783
Validation Data Eval:
  Num examples: 256  Num correct: 149  Precision @ 1: 0.5820  AUC @ 1: 0.6487
Test Data Eval:
  Num examples: 512  Num correct: 291  Precision @ 1: 0.5684  AUC @ 1: 0.7194
Step 4000: loss = 0.6971 (0.013 sec)
Training Data Eval:
  Num examples: 3456  Num correct: 2104  Precision @ 1: 0.6088  AUC @ 1: 0.6984
Validation Data Eval:
  Num examples: 256  Num correct: 150  Precision @ 1: 0.5859  AUC @ 1: 0.6562
Test Data Eval:
  Num examples: 512  Num correct: 290  Precision @ 1: 0.5664  AUC @ 1: 0.7305
Step 4200: loss = 0.6756 (0.013 sec)
Training Data Eval:
  Num examples: 3456  Num correct: 2164  Precision @ 1: 0.6262  AUC @ 1: 0.7053
Validation Data Eval:
  Num examples: 256  Num correct: 157  Precision @ 1: 0.6133  AUC @ 1: 0.6697
Test Data Eval:
  Num examples: 512  Num correct: 300  Precision @ 1: 0.5859  AUC @ 1: 0.7399
Step 4400: loss = 0.6898 (0.013 sec)
Training Data Eval:
  Num examples: 3456  Num correct: 2219  Precision @ 1: 0.6421  AUC @ 1: 0.7185
Validation Data Eval:
  Num examples: 256  Num correct: 157  Precision @ 1: 0.6133  AUC @ 1: 0.6765
Test Data Eval:
  Num examples: 512  Num correct: 311  Precision @ 1: 0.6074  AUC @ 1: 0.7493
Step 4600: loss = 0.7199 (0.014 sec)
Training Data Eval:
  Num examples: 3456  Num correct: 2241  Precision @ 1: 0.6484  AUC @ 1: 0.7143
Validation Data Eval:
  Num examples: 256  Num correct: 155  Precision @ 1: 0.6055  AUC @ 1: 0.6770
Test Data Eval:
  Num examples: 512  Num correct: 327  Precision @ 1: 0.6387  AUC @ 1: 0.7583
Step 4800: loss = 0.6751 (0.013 sec)
Training Data Eval:
  Num examples: 3456  Num correct: 2297  Precision @ 1: 0.6646  AUC @ 1: 0.7292
Validation Data Eval:
  Num examples: 256  Num correct: 158  Precision @ 1: 0.6172  AUC @ 1: 0.6786
Test Data Eval:
  Num examples: 512  Num correct: 334  Precision @ 1: 0.6523  AUC @ 1: 0.7592
Step 5000: loss = 0.6790 (0.013 sec)
Training Data Eval:
  Num examples: 3456  Num correct: 2264  Precision @ 1: 0.6551  AUC @ 1: 0.7136
Validation Data Eval:
  Num examples: 256  Num correct: 158  Precision @ 1: 0.6172  AUC @ 1: 0.6767
Test Data Eval:
  Num examples: 512  Num correct: 343  Precision @ 1: 0.6699  AUC @ 1: 0.7622
Step 5200: loss = 0.6674 (0.014 sec)
Training Data Eval:
  Num examples: 3456  Num correct: 2314  Precision @ 1: 0.6696  AUC @ 1: 0.7307
Validation Data Eval:
  Num examples: 256  Num correct: 155  Precision @ 1: 0.6055  AUC @ 1: 0.6777
Test Data Eval:
  Num examples: 512  Num correct: 350  Precision @ 1: 0.6836  AUC @ 1: 0.7660
Step 5400: loss = 0.6936 (0.024 sec)
Training Data Eval:
  Num examples: 3456  Num correct: 2332  Precision @ 1: 0.6748  AUC @ 1: 0.7363
Validation Data Eval:
  Num examples: 256  Num correct: 153  Precision @ 1: 0.5977  AUC @ 1: 0.6783
Test Data Eval:
  Num examples: 512  Num correct: 342  Precision @ 1: 0.6680  AUC @ 1: 0.7676
Step 5600: loss = 0.6532 (0.014 sec)
Training Data Eval:
  Num examples: 3456  Num correct: 2318  Precision @ 1: 0.6707  AUC @ 1: 0.7311
Validation Data Eval:
  Num examples: 256  Num correct: 157  Precision @ 1: 0.6133  AUC @ 1: 0.6790
Test Data Eval:
  Num examples: 512  Num correct: 352  Precision @ 1: 0.6875  AUC @ 1: 0.7647
Step 5800: loss = 0.6039 (0.014 sec)
Training Data Eval:
  Num examples: 3456  Num correct: 2330  Precision @ 1: 0.6742  AUC @ 1: 0.7384
Validation Data Eval:
  Num examples: 256  Num correct: 160  Precision @ 1: 0.6250  AUC @ 1: 0.6804
Test Data Eval:
  Num examples: 512  Num correct: 350  Precision @ 1: 0.6836  AUC @ 1: 0.7642
Step 6000: loss = 0.6523 (0.013 sec)
Training Data Eval:
  Num examples: 3456  Num correct: 2344  Precision @ 1: 0.6782  AUC @ 1: 0.7408
Validation Data Eval:
  Num examples: 256  Num correct: 162  Precision @ 1: 0.6328  AUC @ 1: 0.6829
Test Data Eval:
  Num examples: 512  Num correct: 349  Precision @ 1: 0.6816  AUC @ 1: 0.7626
Step 6200: loss = 0.6387 (0.014 sec)
Training Data Eval:
  Num examples: 3456  Num correct: 2337  Precision @ 1: 0.6762  AUC @ 1: 0.7354
Validation Data Eval:
  Num examples: 256  Num correct: 160  Precision @ 1: 0.6250  AUC @ 1: 0.6844
Test Data Eval:
  Num examples: 512  Num correct: 356  Precision @ 1: 0.6953  AUC @ 1: 0.7645
Step 6400: loss = 0.6616 (0.013 sec)
Training Data Eval:
  Num examples: 3456  Num correct: 2353  Precision @ 1: 0.6808  AUC @ 1: 0.7442
Validation Data Eval:
  Num examples: 256  Num correct: 158  Precision @ 1: 0.6172  AUC @ 1: 0.6857
Test Data Eval:
  Num examples: 512  Num correct: 356  Precision @ 1: 0.6953  AUC @ 1: 0.7669
Step 6600: loss = 0.5851 (0.014 sec)
Training Data Eval:
  Num examples: 3456  Num correct: 2359  Precision @ 1: 0.6826  AUC @ 1: 0.7481
Validation Data Eval:
  Num examples: 256  Num correct: 159  Precision @ 1: 0.6211  AUC @ 1: 0.6891
Test Data Eval:
  Num examples: 512  Num correct: 356  Precision @ 1: 0.6953  AUC @ 1: 0.7720
Step 6800: loss = 0.6932 (0.014 sec)
Training Data Eval:
  Num examples: 3456  Num correct: 2374  Precision @ 1: 0.6869  AUC @ 1: 0.7428
Validation Data Eval:
  Num examples: 256  Num correct: 161  Precision @ 1: 0.6289  AUC @ 1: 0.6884
Test Data Eval:
  Num examples: 512  Num correct: 357  Precision @ 1: 0.6973  AUC @ 1: 0.7730
Step 7000: loss = 0.6373 (0.013 sec)
Training Data Eval:
  Num examples: 3456  Num correct: 2362  Precision @ 1: 0.6834  AUC @ 1: 0.7413
Validation Data Eval:
  Num examples: 256  Num correct: 158  Precision @ 1: 0.6172  AUC @ 1: 0.6937
Test Data Eval:
  Num examples: 512  Num correct: 353  Precision @ 1: 0.6895  AUC @ 1: 0.7757
Step 7200: loss = 0.6040 (0.014 sec)
Training Data Eval:
  Num examples: 3456  Num correct: 2363  Precision @ 1: 0.6837  AUC @ 1: 0.7447
Validation Data Eval:
  Num examples: 256  Num correct: 162  Precision @ 1: 0.6328  AUC @ 1: 0.6951
Test Data Eval:
  Num examples: 512  Num correct: 356  Precision @ 1: 0.6953  AUC @ 1: 0.7744
Step 7400: loss = 0.6166 (0.013 sec)
Training Data Eval:
  Num examples: 3456  Num correct: 2372  Precision @ 1: 0.6863  AUC @ 1: 0.7503
Validation Data Eval:
  Num examples: 256  Num correct: 163  Precision @ 1: 0.6367  AUC @ 1: 0.6956
Test Data Eval:
  Num examples: 512  Num correct: 351  Precision @ 1: 0.6855  AUC @ 1: 0.7750
Step 7600: loss = 0.6646 (0.014 sec)
Training Data Eval:
  Num examples: 3456  Num correct: 2422  Precision @ 1: 0.7008  AUC @ 1: 0.7639
Validation Data Eval:
  Num examples: 256  Num correct: 162  Precision @ 1: 0.6328  AUC @ 1: 0.6972
Test Data Eval:
  Num examples: 512  Num correct: 357  Precision @ 1: 0.6973  AUC @ 1: 0.7779
Step 7800: loss = 0.6747 (0.012 sec)
Training Data Eval:
  Num examples: 3456  Num correct: 2367  Precision @ 1: 0.6849  AUC @ 1: 0.7480
Validation Data Eval:
  Num examples: 256  Num correct: 163  Precision @ 1: 0.6367  AUC @ 1: 0.6989
Test Data Eval:
  Num examples: 512  Num correct: 363  Precision @ 1: 0.7090  AUC @ 1: 0.7828
Step 8000: loss = 0.6238 (0.013 sec)
Training Data Eval:
  Num examples: 3456  Num correct: 2422  Precision @ 1: 0.7008  AUC @ 1: 0.7617
Validation Data Eval:
  Num examples: 256  Num correct: 166  Precision @ 1: 0.6484  AUC @ 1: 0.7042
Test Data Eval:
  Num examples: 512  Num correct: 363  Precision @ 1: 0.7090  AUC @ 1: 0.7833
Step 8200: loss = 0.6374 (0.013 sec)
Training Data Eval:
  Num examples: 3456  Num correct: 2401  Precision @ 1: 0.6947  AUC @ 1: 0.7598
Validation Data Eval:
  Num examples: 256  Num correct: 164  Precision @ 1: 0.6406  AUC @ 1: 0.7054
Test Data Eval:
  Num examples: 512  Num correct: 366  Precision @ 1: 0.7148  AUC @ 1: 0.7867
Step 8400: loss = 0.5388 (0.013 sec)
Training Data Eval:
  Num examples: 3456  Num correct: 2399  Precision @ 1: 0.6942  AUC @ 1: 0.7631
Validation Data Eval:
  Num examples: 256  Num correct: 163  Precision @ 1: 0.6367  AUC @ 1: 0.7059
Test Data Eval:
  Num examples: 512  Num correct: 367  Precision @ 1: 0.7168  AUC @ 1: 0.7887
Step 8600: loss = 0.5977 (0.014 sec)
Training Data Eval:
  Num examples: 3456  Num correct: 2410  Precision @ 1: 0.6973  AUC @ 1: 0.7629
Validation Data Eval:
  Num examples: 256  Num correct: 162  Precision @ 1: 0.6328  AUC @ 1: 0.7035
Test Data Eval:
  Num examples: 512  Num correct: 369  Precision @ 1: 0.7207  AUC @ 1: 0.7878
Step 8800: loss = 0.6474 (0.013 sec)
Training Data Eval:
  Num examples: 3456  Num correct: 2413  Precision @ 1: 0.6982  AUC @ 1: 0.7712
Validation Data Eval:
  Num examples: 256  Num correct: 164  Precision @ 1: 0.6406  AUC @ 1: 0.7093
Test Data Eval:
  Num examples: 512  Num correct: 367  Precision @ 1: 0.7168  AUC @ 1: 0.7887
Step 9000: loss = 0.6084 (0.014 sec)
Training Data Eval:
  Num examples: 3456  Num correct: 2393  Precision @ 1: 0.6924  AUC @ 1: 0.7620
Validation Data Eval:
  Num examples: 256  Num correct: 161  Precision @ 1: 0.6289  AUC @ 1: 0.7049
Test Data Eval:
  Num examples: 512  Num correct: 364  Precision @ 1: 0.7109  AUC @ 1: 0.7900
Step 9200: loss = 0.5594 (0.013 sec)
Training Data Eval:
  Num examples: 3456  Num correct: 2414  Precision @ 1: 0.6985  AUC @ 1: 0.7688
Validation Data Eval:
  Num examples: 256  Num correct: 162  Precision @ 1: 0.6328  AUC @ 1: 0.7088
Test Data Eval:
  Num examples: 512  Num correct: 362  Precision @ 1: 0.7070  AUC @ 1: 0.7890
Step 9400: loss = 0.5951 (0.013 sec)
Training Data Eval:
  Num examples: 3456  Num correct: 2430  Precision @ 1: 0.7031  AUC @ 1: 0.7788
Validation Data Eval:
  Num examples: 256  Num correct: 162  Precision @ 1: 0.6328  AUC @ 1: 0.7122
Test Data Eval:
  Num examples: 512  Num correct: 366  Precision @ 1: 0.7148  AUC @ 1: 0.7913
Step 9600: loss = 0.6484 (0.014 sec)
Training Data Eval:
  Num examples: 3456  Num correct: 2436  Precision @ 1: 0.7049  AUC @ 1: 0.7758
Validation Data Eval:
  Num examples: 256  Num correct: 160  Precision @ 1: 0.6250  AUC @ 1: 0.7103
Test Data Eval:
  Num examples: 512  Num correct: 371  Precision @ 1: 0.7246  AUC @ 1: 0.7911
Step 9800: loss = 0.6297 (0.015 sec)
Training Data Eval:
  Num examples: 3456  Num correct: 2440  Precision @ 1: 0.7060  AUC @ 1: 0.7799
Validation Data Eval:
  Num examples: 256  Num correct: 160  Precision @ 1: 0.6250  AUC @ 1: 0.7107
Test Data Eval:
  Num examples: 512  Num correct: 363  Precision @ 1: 0.7090  AUC @ 1: 0.7870
