Training data shape: 	(3881, 64, 30, 2)
Training label shape:	(3881,)
Testing data shape:  	(454, 64, 30, 2)
Testing label shape: 	(454,)
max input value is: 1086.24
min input value is: -967.622
random permuted training data
==============================================================================
Model: 			inference_global_s_cnn
Tensor Name: 	Placeholder:0
[128, 64, 30, 2]
==============================================================================
Tensor Name: conv1/conv1:0
[128, 1, 30, 64]
==============================================================================
Tensor Name: MaxPool:0
[128, 1, 15, 64]
==============================================================================
Tensor Name: local1/local1:0
[128, 128]
==============================================================================
Tensor Name: local2/local2:0
[128, 128]
==============================================================================
Tensor Name: softmax_linear/softmax_linear:0
[128, 2]
Step 0: loss = 1.0362 (0.045 sec)
Training Data Eval:
  Num examples: 3584  Num correct: 2046  Precision @ 1: 0.5709  AUC @ 1: 0.6166
Validation Data Eval:
  Num examples: 256  Num correct: 135  Precision @ 1: 0.5273  AUC @ 1: 0.4590
Test Data Eval:
  Num examples: 384  Num correct: 133  Precision @ 1: 0.3464  AUC @ 1: 0.2602
Step 200: loss = 1.0410 (0.025 sec)
Training Data Eval:
  Num examples: 3584  Num correct: 2113  Precision @ 1: 0.5896  AUC @ 1: 0.6927
Validation Data Eval:
  Num examples: 256  Num correct: 124  Precision @ 1: 0.4844  AUC @ 1: 0.4359
Test Data Eval:
  Num examples: 384  Num correct: 175  Precision @ 1: 0.4557  AUC @ 1: 0.2832
Step 400: loss = 0.9939 (0.025 sec)
Training Data Eval:
  Num examples: 3584  Num correct: 2563  Precision @ 1: 0.7151  AUC @ 1: 0.7960
Validation Data Eval:
  Num examples: 256  Num correct: 117  Precision @ 1: 0.4570  AUC @ 1: 0.4151
Test Data Eval:
  Num examples: 384  Num correct: 208  Precision @ 1: 0.5417  AUC @ 1: 0.4538
Step 600: loss = 0.9335 (0.022 sec)
Training Data Eval:
  Num examples: 3584  Num correct: 2726  Precision @ 1: 0.7606  AUC @ 1: 0.8679
Validation Data Eval:
  Num examples: 256  Num correct: 118  Precision @ 1: 0.4609  AUC @ 1: 0.3874
Test Data Eval:
  Num examples: 384  Num correct: 212  Precision @ 1: 0.5521  AUC @ 1: 0.4300
Step 800: loss = 0.9044 (0.024 sec)
Training Data Eval:
  Num examples: 3584  Num correct: 2916  Precision @ 1: 0.8136  AUC @ 1: 0.9179
Validation Data Eval:
  Num examples: 256  Num correct: 117  Precision @ 1: 0.4570  AUC @ 1: 0.3690
Test Data Eval:
  Num examples: 384  Num correct: 227  Precision @ 1: 0.5911  AUC @ 1: 0.4271
Step 1000: loss = 0.8529 (0.024 sec)
Training Data Eval:
  Num examples: 3584  Num correct: 2995  Precision @ 1: 0.8357  AUC @ 1: 0.9415
Validation Data Eval:
  Num examples: 256  Num correct: 115  Precision @ 1: 0.4492  AUC @ 1: 0.3677
Test Data Eval:
  Num examples: 384  Num correct: 218  Precision @ 1: 0.5677  AUC @ 1: 0.4035
Step 1200: loss = 0.7122 (0.026 sec)
Training Data Eval:
  Num examples: 3584  Num correct: 3167  Precision @ 1: 0.8836  AUC @ 1: 0.9632
Validation Data Eval:
  Num examples: 256  Num correct: 117  Precision @ 1: 0.4570  AUC @ 1: 0.3592
Test Data Eval:
  Num examples: 384  Num correct: 215  Precision @ 1: 0.5599  AUC @ 1: 0.4553
Step 1400: loss = 0.7151 (0.054 sec)
Training Data Eval:
  Num examples: 3584  Num correct: 3196  Precision @ 1: 0.8917  AUC @ 1: 0.9741
Validation Data Eval:
  Num examples: 256  Num correct: 120  Precision @ 1: 0.4688  AUC @ 1: 0.3726
Test Data Eval:
  Num examples: 384  Num correct: 232  Precision @ 1: 0.6042  AUC @ 1: 0.4787
Step 1600: loss = 0.6617 (0.026 sec)
Training Data Eval:
  Num examples: 3584  Num correct: 3300  Precision @ 1: 0.9208  AUC @ 1: 0.9847
Validation Data Eval:
  Num examples: 256  Num correct: 112  Precision @ 1: 0.4375  AUC @ 1: 0.3695
Test Data Eval:
  Num examples: 384  Num correct: 216  Precision @ 1: 0.5625  AUC @ 1: 0.4344
Step 1800: loss = 0.6498 (0.024 sec)
Training Data Eval:
  Num examples: 3584  Num correct: 3323  Precision @ 1: 0.9272  AUC @ 1: 0.9897
Validation Data Eval:
  Num examples: 256  Num correct: 119  Precision @ 1: 0.4648  AUC @ 1: 0.3686
Test Data Eval:
  Num examples: 384  Num correct: 208  Precision @ 1: 0.5417  AUC @ 1: 0.3619
Step 2000: loss = 0.6348 (0.023 sec)
Training Data Eval:
  Num examples: 3584  Num correct: 3437  Precision @ 1: 0.9590  AUC @ 1: 0.9951
Validation Data Eval:
  Num examples: 256  Num correct: 119  Precision @ 1: 0.4648  AUC @ 1: 0.3746
Test Data Eval:
  Num examples: 384  Num correct: 218  Precision @ 1: 0.5677  AUC @ 1: 0.4515
Step 2200: loss = 0.5459 (0.025 sec)
Training Data Eval:
  Num examples: 3584  Num correct: 3484  Precision @ 1: 0.9721  AUC @ 1: 0.9970
Validation Data Eval:
  Num examples: 256  Num correct: 110  Precision @ 1: 0.4297  AUC @ 1: 0.3630
Test Data Eval:
  Num examples: 384  Num correct: 208  Precision @ 1: 0.5417  AUC @ 1: 0.4617
Step 2400: loss = 0.5214 (0.025 sec)
Training Data Eval:
  Num examples: 3584  Num correct: 3521  Precision @ 1: 0.9824  AUC @ 1: 0.9984
Validation Data Eval:
  Num examples: 256  Num correct: 112  Precision @ 1: 0.4375  AUC @ 1: 0.3776
Test Data Eval:
  Num examples: 384  Num correct: 199  Precision @ 1: 0.5182  AUC @ 1: 0.4124
Step 2600: loss = 0.4945 (0.025 sec)
Training Data Eval:
  Num examples: 3584  Num correct: 3548  Precision @ 1: 0.9900  AUC @ 1: 0.9991
Validation Data Eval:
  Num examples: 256  Num correct: 118  Precision @ 1: 0.4609  AUC @ 1: 0.3750
Test Data Eval:
  Num examples: 384  Num correct: 186  Precision @ 1: 0.4844  AUC @ 1: 0.4447
Step 2800: loss = 0.4644 (0.058 sec)
Training Data Eval:
  Num examples: 3584  Num correct: 3547  Precision @ 1: 0.9897  AUC @ 1: 0.9996
Validation Data Eval:
  Num examples: 256  Num correct: 119  Precision @ 1: 0.4648  AUC @ 1: 0.3944
Test Data Eval:
  Num examples: 384  Num correct: 215  Precision @ 1: 0.5599  AUC @ 1: 0.4193
Step 3000: loss = 0.4943 (0.025 sec)
Training Data Eval:
  Num examples: 3584  Num correct: 3569  Precision @ 1: 0.9958  AUC @ 1: 0.9999
Validation Data Eval:
  Num examples: 256  Num correct: 120  Precision @ 1: 0.4688  AUC @ 1: 0.3960
Test Data Eval:
  Num examples: 384  Num correct: 187  Precision @ 1: 0.4870  AUC @ 1: 0.4473
Step 3200: loss = 0.4672 (0.025 sec)
Training Data Eval:
  Num examples: 3584  Num correct: 3575  Precision @ 1: 0.9975  AUC @ 1: 1.0000
Validation Data Eval:
  Num examples: 256  Num correct: 119  Precision @ 1: 0.4648  AUC @ 1: 0.4033
Test Data Eval:
  Num examples: 384  Num correct: 194  Precision @ 1: 0.5052  AUC @ 1: 0.3979
Step 3400: loss = 0.4596 (0.024 sec)
Training Data Eval:
  Num examples: 3584  Num correct: 3574  Precision @ 1: 0.9972  AUC @ 1: 1.0000
Validation Data Eval:
  Num examples: 256  Num correct: 128  Precision @ 1: 0.5000  AUC @ 1: 0.4153
Test Data Eval:
  Num examples: 384  Num correct: 208  Precision @ 1: 0.5417  AUC @ 1: 0.4500
Step 3600: loss = 0.3890 (0.024 sec)
Training Data Eval:
  Num examples: 3584  Num correct: 3578  Precision @ 1: 0.9983  AUC @ 1: 1.0000
Validation Data Eval:
  Num examples: 256  Num correct: 118  Precision @ 1: 0.4609  AUC @ 1: 0.4115
Test Data Eval:
  Num examples: 384  Num correct: 184  Precision @ 1: 0.4792  AUC @ 1: 0.4298
Step 3800: loss = 0.4409 (0.025 sec)
Training Data Eval:
  Num examples: 3584  Num correct: 3584  Precision @ 1: 1.0000  AUC @ 1: 1.0000
Validation Data Eval:
  Num examples: 256  Num correct: 121  Precision @ 1: 0.4727  AUC @ 1: 0.4071
Test Data Eval:
  Num examples: 384  Num correct: 189  Precision @ 1: 0.4922  AUC @ 1: 0.4330
Step 4000: loss = 0.3964 (0.025 sec)
Training Data Eval:
  Num examples: 3584  Num correct: 3584  Precision @ 1: 1.0000  AUC @ 1: 1.0000
Validation Data Eval:
  Num examples: 256  Num correct: 117  Precision @ 1: 0.4570  AUC @ 1: 0.4026
Test Data Eval:
  Num examples: 384  Num correct: 197  Precision @ 1: 0.5130  AUC @ 1: 0.4504
Step 4200: loss = 0.3684 (0.058 sec)
Training Data Eval:
  Num examples: 3584  Num correct: 3584  Precision @ 1: 1.0000  AUC @ 1: 1.0000
Validation Data Eval:
  Num examples: 256  Num correct: 119  Precision @ 1: 0.4648  AUC @ 1: 0.3816
Test Data Eval:
  Num examples: 384  Num correct: 195  Precision @ 1: 0.5078  AUC @ 1: 0.3970
Step 4400: loss = 0.3402 (0.023 sec)
Training Data Eval:
  Num examples: 3584  Num correct: 3584  Precision @ 1: 1.0000  AUC @ 1: 1.0000
Validation Data Eval:
  Num examples: 256  Num correct: 120  Precision @ 1: 0.4688  AUC @ 1: 0.4007
Test Data Eval:
  Num examples: 384  Num correct: 200  Precision @ 1: 0.5208  AUC @ 1: 0.4748
Step 4600: loss = 0.3758 (0.025 sec)
Training Data Eval:
  Num examples: 3584  Num correct: 3584  Precision @ 1: 1.0000  AUC @ 1: 1.0000
Validation Data Eval:
  Num examples: 256  Num correct: 123  Precision @ 1: 0.4805  AUC @ 1: 0.4045
Test Data Eval:
  Num examples: 384  Num correct: 191  Precision @ 1: 0.4974  AUC @ 1: 0.4214
Step 4800: loss = 0.4280 (0.025 sec)
Training Data Eval:
  Num examples: 3584  Num correct: 3584  Precision @ 1: 1.0000  AUC @ 1: 1.0000
Validation Data Eval:
  Num examples: 256  Num correct: 120  Precision @ 1: 0.4688  AUC @ 1: 0.3961
Test Data Eval:
  Num examples: 384  Num correct: 187  Precision @ 1: 0.4870  AUC @ 1: 0.4242
Step 5000: loss = 0.3326 (0.025 sec)
Training Data Eval:
  Num examples: 3584  Num correct: 3584  Precision @ 1: 1.0000  AUC @ 1: 1.0000
Validation Data Eval:
  Num examples: 256  Num correct: 121  Precision @ 1: 0.4727  AUC @ 1: 0.4015
Test Data Eval:
  Num examples: 384  Num correct: 193  Precision @ 1: 0.5026  AUC @ 1: 0.4172
Step 5200: loss = 0.3289 (0.025 sec)
Training Data Eval:
  Num examples: 3584  Num correct: 3584  Precision @ 1: 1.0000  AUC @ 1: 1.0000
Validation Data Eval:
  Num examples: 256  Num correct: 115  Precision @ 1: 0.4492  AUC @ 1: 0.3995
Test Data Eval:
  Num examples: 384  Num correct: 187  Precision @ 1: 0.4870  AUC @ 1: 0.4094
Step 5400: loss = 0.3625 (0.024 sec)
Training Data Eval:
  Num examples: 3584  Num correct: 3584  Precision @ 1: 1.0000  AUC @ 1: 1.0000
Validation Data Eval:
  Num examples: 256  Num correct: 118  Precision @ 1: 0.4609  AUC @ 1: 0.4209
Test Data Eval:
  Num examples: 384  Num correct: 193  Precision @ 1: 0.5026  AUC @ 1: 0.4714
Step 5600: loss = 0.3580 (0.061 sec)
Training Data Eval:
  Num examples: 3584  Num correct: 3584  Precision @ 1: 1.0000  AUC @ 1: 1.0000
Validation Data Eval:
  Num examples: 256  Num correct: 125  Precision @ 1: 0.4883  AUC @ 1: 0.4273
Test Data Eval:
  Num examples: 384  Num correct: 179  Precision @ 1: 0.4661  AUC @ 1: 0.4165
Step 5800: loss = 0.3106 (0.024 sec)
Training Data Eval:
  Num examples: 3584  Num correct: 3584  Precision @ 1: 1.0000  AUC @ 1: 1.0000
Validation Data Eval:
  Num examples: 256  Num correct: 120  Precision @ 1: 0.4688  AUC @ 1: 0.4193
Test Data Eval:
  Num examples: 384  Num correct: 196  Precision @ 1: 0.5104  AUC @ 1: 0.4447
Step 6000: loss = 0.3253 (0.024 sec)
Training Data Eval:
  Num examples: 3584  Num correct: 3584  Precision @ 1: 1.0000  AUC @ 1: 1.0000
Validation Data Eval:
  Num examples: 256  Num correct: 125  Precision @ 1: 0.4883  AUC @ 1: 0.4169
Test Data Eval:
  Num examples: 384  Num correct: 198  Precision @ 1: 0.5156  AUC @ 1: 0.4380
Step 6200: loss = 0.3028 (0.025 sec)
Training Data Eval:
  Num examples: 3584  Num correct: 3584  Precision @ 1: 1.0000  AUC @ 1: 1.0000
Validation Data Eval:
  Num examples: 256  Num correct: 129  Precision @ 1: 0.5039  AUC @ 1: 0.4260
Test Data Eval:
  Num examples: 384  Num correct: 202  Precision @ 1: 0.5260  AUC @ 1: 0.4310
Step 6400: loss = 0.3063 (0.026 sec)
Training Data Eval:
  Num examples: 3584  Num correct: 3584  Precision @ 1: 1.0000  AUC @ 1: 1.0000
Validation Data Eval:
  Num examples: 256  Num correct: 125  Precision @ 1: 0.4883  AUC @ 1: 0.4206
Test Data Eval:
  Num examples: 384  Num correct: 202  Precision @ 1: 0.5260  AUC @ 1: 0.4417
Step 6600: loss = 0.2973 (0.023 sec)
Training Data Eval:
  Num examples: 3584  Num correct: 3584  Precision @ 1: 1.0000  AUC @ 1: 1.0000
Validation Data Eval:
  Num examples: 256  Num correct: 125  Precision @ 1: 0.4883  AUC @ 1: 0.4206
Test Data Eval:
  Num examples: 384  Num correct: 199  Precision @ 1: 0.5182  AUC @ 1: 0.4705
Step 6800: loss = 0.3064 (0.023 sec)
Training Data Eval:
  Num examples: 3584  Num correct: 3584  Precision @ 1: 1.0000  AUC @ 1: 1.0000
Validation Data Eval:
  Num examples: 256  Num correct: 125  Precision @ 1: 0.4883  AUC @ 1: 0.4318
Test Data Eval:
  Num examples: 384  Num correct: 195  Precision @ 1: 0.5078  AUC @ 1: 0.4395
Step 7000: loss = 0.3272 (0.058 sec)
Training Data Eval:
  Num examples: 3584  Num correct: 3584  Precision @ 1: 1.0000  AUC @ 1: 1.0000
Validation Data Eval:
  Num examples: 256  Num correct: 131  Precision @ 1: 0.5117  AUC @ 1: 0.4299
Test Data Eval:
  Num examples: 384  Num correct: 207  Precision @ 1: 0.5391  AUC @ 1: 0.4320
Step 7200: loss = 0.2872 (0.024 sec)
Training Data Eval:
  Num examples: 3584  Num correct: 3584  Precision @ 1: 1.0000  AUC @ 1: 1.0000
Validation Data Eval:
  Num examples: 256  Num correct: 129  Precision @ 1: 0.5039  AUC @ 1: 0.4218
Test Data Eval:
  Num examples: 384  Num correct: 195  Precision @ 1: 0.5078  AUC @ 1: 0.3976
Step 7400: loss = 0.2801 (0.024 sec)
Training Data Eval:
  Num examples: 3584  Num correct: 3584  Precision @ 1: 1.0000  AUC @ 1: 1.0000
Validation Data Eval:
  Num examples: 256  Num correct: 123  Precision @ 1: 0.4805  AUC @ 1: 0.4089
Test Data Eval:
  Num examples: 384  Num correct: 198  Precision @ 1: 0.5156  AUC @ 1: 0.4290
Step 7600: loss = 0.2836 (0.025 sec)
Training Data Eval:
  Num examples: 3584  Num correct: 3584  Precision @ 1: 1.0000  AUC @ 1: 1.0000
Validation Data Eval:
  Num examples: 256  Num correct: 125  Precision @ 1: 0.4883  AUC @ 1: 0.4132
Test Data Eval:
  Num examples: 384  Num correct: 200  Precision @ 1: 0.5208  AUC @ 1: 0.4090
Step 7800: loss = 0.2765 (0.026 sec)
Training Data Eval:
  Num examples: 3584  Num correct: 3584  Precision @ 1: 1.0000  AUC @ 1: 1.0000
Validation Data Eval:
  Num examples: 256  Num correct: 125  Precision @ 1: 0.4883  AUC @ 1: 0.4139
Test Data Eval:
  Num examples: 384  Num correct: 184  Precision @ 1: 0.4792  AUC @ 1: 0.4126
Step 8000: loss = 0.2727 (0.025 sec)
Training Data Eval:
  Num examples: 3584  Num correct: 3584  Precision @ 1: 1.0000  AUC @ 1: 1.0000
Validation Data Eval:
  Num examples: 256  Num correct: 124  Precision @ 1: 0.4844  AUC @ 1: 0.4067
Test Data Eval:
  Num examples: 384  Num correct: 197  Precision @ 1: 0.5130  AUC @ 1: 0.4311
Step 8200: loss = 0.2755 (0.024 sec)
Training Data Eval:
  Num examples: 3584  Num correct: 3584  Precision @ 1: 1.0000  AUC @ 1: 1.0000
Validation Data Eval:
  Num examples: 256  Num correct: 127  Precision @ 1: 0.4961  AUC @ 1: 0.4044
Test Data Eval:
  Num examples: 384  Num correct: 208  Precision @ 1: 0.5417  AUC @ 1: 0.3992
Step 8400: loss = 0.2776 (0.061 sec)
Training Data Eval:
  Num examples: 3584  Num correct: 3584  Precision @ 1: 1.0000  AUC @ 1: 1.0000
Validation Data Eval:
  Num examples: 256  Num correct: 121  Precision @ 1: 0.4727  AUC @ 1: 0.4119
Test Data Eval:
  Num examples: 384  Num correct: 202  Precision @ 1: 0.5260  AUC @ 1: 0.4234
Step 8600: loss = 0.2760 (0.025 sec)
Training Data Eval:
  Num examples: 3584  Num correct: 3584  Precision @ 1: 1.0000  AUC @ 1: 1.0000
Validation Data Eval:
  Num examples: 256  Num correct: 122  Precision @ 1: 0.4766  AUC @ 1: 0.4131
Test Data Eval:
  Num examples: 384  Num correct: 188  Precision @ 1: 0.4896  AUC @ 1: 0.4115
Step 8800: loss = 0.4245 (0.026 sec)
Training Data Eval:
  Num examples: 3584  Num correct: 3584  Precision @ 1: 1.0000  AUC @ 1: 1.0000
Validation Data Eval:
  Num examples: 256  Num correct: 124  Precision @ 1: 0.4844  AUC @ 1: 0.4171
Test Data Eval:
  Num examples: 384  Num correct: 180  Precision @ 1: 0.4688  AUC @ 1: 0.4260
Step 9000: loss = 0.2976 (0.025 sec)
Training Data Eval:
  Num examples: 3584  Num correct: 3584  Precision @ 1: 1.0000  AUC @ 1: 1.0000
Validation Data Eval:
  Num examples: 256  Num correct: 123  Precision @ 1: 0.4805  AUC @ 1: 0.4179
Test Data Eval:
  Num examples: 384  Num correct: 192  Precision @ 1: 0.5000  AUC @ 1: 0.3886
Step 9200: loss = 0.2600 (0.025 sec)
Training Data Eval:
  Num examples: 3584  Num correct: 3584  Precision @ 1: 1.0000  AUC @ 1: 1.0000
Validation Data Eval:
  Num examples: 256  Num correct: 127  Precision @ 1: 0.4961  AUC @ 1: 0.4174
Test Data Eval:
  Num examples: 384  Num correct: 197  Precision @ 1: 0.5130  AUC @ 1: 0.3850
Step 9400: loss = 0.2672 (0.024 sec)
Training Data Eval:
  Num examples: 3584  Num correct: 3584  Precision @ 1: 1.0000  AUC @ 1: 1.0000
Validation Data Eval:
  Num examples: 256  Num correct: 130  Precision @ 1: 0.5078  AUC @ 1: 0.4179
Test Data Eval:
  Num examples: 384  Num correct: 196  Precision @ 1: 0.5104  AUC @ 1: 0.3839
Step 9600: loss = 0.2642 (0.024 sec)
Training Data Eval:
  Num examples: 3584  Num correct: 3584  Precision @ 1: 1.0000  AUC @ 1: 1.0000
Validation Data Eval:
  Num examples: 256  Num correct: 124  Precision @ 1: 0.4844  AUC @ 1: 0.4219
Test Data Eval:
  Num examples: 384  Num correct: 199  Precision @ 1: 0.5182  AUC @ 1: 0.3892
Step 9800: loss = 0.2588 (0.057 sec)
Training Data Eval:
  Num examples: 3584  Num correct: 3584  Precision @ 1: 1.0000  AUC @ 1: 1.0000
Validation Data Eval:
  Num examples: 256  Num correct: 123  Precision @ 1: 0.4805  AUC @ 1: 0.4208
Test Data Eval:
  Num examples: 384  Num correct: 190  Precision @ 1: 0.4948  AUC @ 1: 0.3929
