Training data shape: 	(4145, 30, 64, 1)
Training label shape:	(4145,)
Testing data shape:  	(190, 30, 64, 1)
Testing label shape: 	(190,)
max input value is: 3457.30786133
min input value is: -4872.94775391
random permuted training data
==============================================================================
Model: 			inference_stcnn
Tensor Name: 	Placeholder:0
[128, 30, 64, 1]
==============================================================================
Tensor Name: conv0/conv0:0
[128, 1, 60, 32]
==============================================================================
Tensor Name: MaxPool:0
[128, 1, 30, 32]
==============================================================================
Tensor Name: conv1/conv1:0
[128, 1, 26, 64]
==============================================================================
Tensor Name: MaxPool_1:0
[128, 1, 13, 64]
==============================================================================
Tensor Name: conv2/conv2:0
[128, 1, 9, 8]
==============================================================================
Tensor Name: MaxPool_2:0
[128, 1, 4, 8]
==============================================================================
Tensor Name: local1/local1:0
[128, 128]
==============================================================================
Tensor Name: local2/local2:0
[128, 128]
==============================================================================
Tensor Name: softmax_linear/softmax_linear:0
[128, 2]
Step 0: loss = 0.7428 (0.052 sec)
Training Data Eval:
  Num examples: 3840  Num correct: 2166  Precision @ 1: 0.5641  AUC @ 1: 0.6084
Validation Data Eval:
  Num examples: 256  Num correct: 148  Precision @ 1: 0.5781  AUC @ 1: 0.5885
Test Data Eval:
  Num examples: 128  Num correct: 45  Precision @ 1: 0.3516  AUC @ 1: 0.6597
Step 200: loss = 0.7276 (0.036 sec)
Training Data Eval:
  Num examples: 3840  Num correct: 2146  Precision @ 1: 0.5589  AUC @ 1: 0.6316
Validation Data Eval:
  Num examples: 256  Num correct: 148  Precision @ 1: 0.5781  AUC @ 1: 0.6171
Test Data Eval:
  Num examples: 128  Num correct: 76  Precision @ 1: 0.5938  AUC @ 1: 0.5896
Step 400: loss = 0.7502 (0.035 sec)
Training Data Eval:
  Num examples: 3840  Num correct: 2166  Precision @ 1: 0.5641  AUC @ 1: 0.6505
Validation Data Eval:
  Num examples: 256  Num correct: 148  Precision @ 1: 0.5781  AUC @ 1: 0.6380
Test Data Eval:
  Num examples: 128  Num correct: 72  Precision @ 1: 0.5625  AUC @ 1: 0.5662
Step 600: loss = 0.7500 (0.073 sec)
Training Data Eval:
  Num examples: 3840  Num correct: 2165  Precision @ 1: 0.5638  AUC @ 1: 0.6590
Validation Data Eval:
  Num examples: 256  Num correct: 148  Precision @ 1: 0.5781  AUC @ 1: 0.6555
Test Data Eval:
  Num examples: 128  Num correct: 75  Precision @ 1: 0.5859  AUC @ 1: 0.6221
Step 800: loss = 0.7372 (0.037 sec)
Training Data Eval:
  Num examples: 3840  Num correct: 2212  Precision @ 1: 0.5760  AUC @ 1: 0.6771
Validation Data Eval:
  Num examples: 256  Num correct: 148  Precision @ 1: 0.5781  AUC @ 1: 0.6645
Test Data Eval:
  Num examples: 128  Num correct: 68  Precision @ 1: 0.5312  AUC @ 1: 0.5806
Step 1000: loss = 0.7313 (0.038 sec)
Training Data Eval:
  Num examples: 3840  Num correct: 2171  Precision @ 1: 0.5654  AUC @ 1: 0.6779
Validation Data Eval:
  Num examples: 256  Num correct: 148  Precision @ 1: 0.5781  AUC @ 1: 0.6691
Test Data Eval:
  Num examples: 128  Num correct: 66  Precision @ 1: 0.5156  AUC @ 1: 0.5740
Step 1200: loss = 0.7302 (0.075 sec)
Training Data Eval:
  Num examples: 3840  Num correct: 2208  Precision @ 1: 0.5750  AUC @ 1: 0.6750
Validation Data Eval:
  Num examples: 256  Num correct: 148  Precision @ 1: 0.5781  AUC @ 1: 0.6617
Test Data Eval:
  Num examples: 128  Num correct: 70  Precision @ 1: 0.5469  AUC @ 1: 0.6401
Step 1400: loss = 0.7294 (0.037 sec)
Training Data Eval:
  Num examples: 3840  Num correct: 2168  Precision @ 1: 0.5646  AUC @ 1: 0.6889
Validation Data Eval:
  Num examples: 256  Num correct: 148  Precision @ 1: 0.5781  AUC @ 1: 0.6572
Test Data Eval:
  Num examples: 128  Num correct: 72  Precision @ 1: 0.5625  AUC @ 1: 0.6101
Step 1600: loss = 0.7178 (0.037 sec)
Training Data Eval:
  Num examples: 3840  Num correct: 2170  Precision @ 1: 0.5651  AUC @ 1: 0.6853
Validation Data Eval:
  Num examples: 256  Num correct: 148  Precision @ 1: 0.5781  AUC @ 1: 0.6634
Test Data Eval:
  Num examples: 128  Num correct: 70  Precision @ 1: 0.5469  AUC @ 1: 0.6076
Step 1800: loss = 0.6908 (0.067 sec)
Training Data Eval:
  Num examples: 3840  Num correct: 2148  Precision @ 1: 0.5594  AUC @ 1: 0.7061
Validation Data Eval:
  Num examples: 256  Num correct: 148  Precision @ 1: 0.5781  AUC @ 1: 0.6834
Test Data Eval:
  Num examples: 128  Num correct: 77  Precision @ 1: 0.6016  AUC @ 1: 0.6634
Step 2000: loss = 0.6968 (0.036 sec)
Training Data Eval:
  Num examples: 3840  Num correct: 2175  Precision @ 1: 0.5664  AUC @ 1: 0.7208
Validation Data Eval:
  Num examples: 256  Num correct: 148  Precision @ 1: 0.5781  AUC @ 1: 0.7096
Test Data Eval:
  Num examples: 128  Num correct: 71  Precision @ 1: 0.5547  AUC @ 1: 0.6153
Step 2200: loss = 0.6999 (0.035 sec)
Training Data Eval:
  Num examples: 3840  Num correct: 2247  Precision @ 1: 0.5852  AUC @ 1: 0.7332
Validation Data Eval:
  Num examples: 256  Num correct: 154  Precision @ 1: 0.6016  AUC @ 1: 0.7403
Test Data Eval:
  Num examples: 128  Num correct: 76  Precision @ 1: 0.5938  AUC @ 1: 0.6961
Step 2400: loss = 0.6631 (0.070 sec)
Training Data Eval:
  Num examples: 3840  Num correct: 2477  Precision @ 1: 0.6451  AUC @ 1: 0.7563
Validation Data Eval:
  Num examples: 256  Num correct: 166  Precision @ 1: 0.6484  AUC @ 1: 0.7621
Test Data Eval:
  Num examples: 128  Num correct: 77  Precision @ 1: 0.6016  AUC @ 1: 0.7407
Step 2600: loss = 0.6654 (0.037 sec)
Training Data Eval:
  Num examples: 3840  Num correct: 2540  Precision @ 1: 0.6615  AUC @ 1: 0.7654
Validation Data Eval:
  Num examples: 256  Num correct: 170  Precision @ 1: 0.6641  AUC @ 1: 0.7695
Test Data Eval:
  Num examples: 128  Num correct: 76  Precision @ 1: 0.5938  AUC @ 1: 0.7634
Step 2800: loss = 0.6170 (0.036 sec)
Training Data Eval:
  Num examples: 3840  Num correct: 2645  Precision @ 1: 0.6888  AUC @ 1: 0.7704
Validation Data Eval:
  Num examples: 256  Num correct: 170  Precision @ 1: 0.6641  AUC @ 1: 0.7665
Test Data Eval:
  Num examples: 128  Num correct: 83  Precision @ 1: 0.6484  AUC @ 1: 0.7618
Step 3000: loss = 0.5767 (0.071 sec)
Training Data Eval:
  Num examples: 3840  Num correct: 2668  Precision @ 1: 0.6948  AUC @ 1: 0.7824
Validation Data Eval:
  Num examples: 256  Num correct: 171  Precision @ 1: 0.6680  AUC @ 1: 0.7680
Test Data Eval:
  Num examples: 128  Num correct: 83  Precision @ 1: 0.6484  AUC @ 1: 0.7785
Step 3200: loss = 0.6555 (0.038 sec)
Training Data Eval:
  Num examples: 3840  Num correct: 2692  Precision @ 1: 0.7010  AUC @ 1: 0.7782
Validation Data Eval:
  Num examples: 256  Num correct: 176  Precision @ 1: 0.6875  AUC @ 1: 0.7633
Test Data Eval:
  Num examples: 128  Num correct: 81  Precision @ 1: 0.6328  AUC @ 1: 0.7781
Step 3400: loss = 0.6311 (0.039 sec)
Training Data Eval:
  Num examples: 3840  Num correct: 2732  Precision @ 1: 0.7115  AUC @ 1: 0.7856
Validation Data Eval:
  Num examples: 256  Num correct: 176  Precision @ 1: 0.6875  AUC @ 1: 0.7640
Test Data Eval:
  Num examples: 128  Num correct: 83  Precision @ 1: 0.6484  AUC @ 1: 0.7636
Step 3600: loss = 0.6305 (0.067 sec)
Training Data Eval:
  Num examples: 3840  Num correct: 2740  Precision @ 1: 0.7135  AUC @ 1: 0.7924
Validation Data Eval:
  Num examples: 256  Num correct: 175  Precision @ 1: 0.6836  AUC @ 1: 0.7655
Test Data Eval:
  Num examples: 128  Num correct: 82  Precision @ 1: 0.6406  AUC @ 1: 0.7713
Step 3800: loss = 0.5644 (0.037 sec)
Training Data Eval:
  Num examples: 3840  Num correct: 2749  Precision @ 1: 0.7159  AUC @ 1: 0.7924
Validation Data Eval:
  Num examples: 256  Num correct: 177  Precision @ 1: 0.6914  AUC @ 1: 0.7676
Test Data Eval:
  Num examples: 128  Num correct: 85  Precision @ 1: 0.6641  AUC @ 1: 0.7625
Step 4000: loss = 0.5292 (0.038 sec)
Training Data Eval:
  Num examples: 3840  Num correct: 2802  Precision @ 1: 0.7297  AUC @ 1: 0.7955
Validation Data Eval:
  Num examples: 256  Num correct: 179  Precision @ 1: 0.6992  AUC @ 1: 0.7661
Test Data Eval:
  Num examples: 128  Num correct: 84  Precision @ 1: 0.6562  AUC @ 1: 0.7293
Step 4200: loss = 0.5934 (0.079 sec)
Training Data Eval:
  Num examples: 3840  Num correct: 2765  Precision @ 1: 0.7201  AUC @ 1: 0.7909
Validation Data Eval:
  Num examples: 256  Num correct: 177  Precision @ 1: 0.6914  AUC @ 1: 0.7676
Test Data Eval:
  Num examples: 128  Num correct: 88  Precision @ 1: 0.6875  AUC @ 1: 0.7832
Step 4400: loss = 0.5842 (0.039 sec)
Training Data Eval:
  Num examples: 3840  Num correct: 2799  Precision @ 1: 0.7289  AUC @ 1: 0.8008
Validation Data Eval:
  Num examples: 256  Num correct: 182  Precision @ 1: 0.7109  AUC @ 1: 0.7653
Test Data Eval:
  Num examples: 128  Num correct: 86  Precision @ 1: 0.6719  AUC @ 1: 0.7651
Step 4600: loss = 0.5805 (0.038 sec)
Training Data Eval:
  Num examples: 3840  Num correct: 2812  Precision @ 1: 0.7323  AUC @ 1: 0.8035
Validation Data Eval:
  Num examples: 256  Num correct: 177  Precision @ 1: 0.6914  AUC @ 1: 0.7676
Test Data Eval:
  Num examples: 128  Num correct: 83  Precision @ 1: 0.6484  AUC @ 1: 0.7173
Step 4800: loss = 0.5595 (0.076 sec)
Training Data Eval:
  Num examples: 3840  Num correct: 2812  Precision @ 1: 0.7323  AUC @ 1: 0.8073
Validation Data Eval:
  Num examples: 256  Num correct: 179  Precision @ 1: 0.6992  AUC @ 1: 0.7673
Test Data Eval:
  Num examples: 128  Num correct: 84  Precision @ 1: 0.6562  AUC @ 1: 0.7432
Step 5000: loss = 0.5386 (0.038 sec)
Training Data Eval:
  Num examples: 3840  Num correct: 2849  Precision @ 1: 0.7419  AUC @ 1: 0.8134
Validation Data Eval:
  Num examples: 256  Num correct: 177  Precision @ 1: 0.6914  AUC @ 1: 0.7668
Test Data Eval:
  Num examples: 128  Num correct: 88  Precision @ 1: 0.6875  AUC @ 1: 0.7460
Step 5200: loss = 0.5356 (0.036 sec)
Training Data Eval:
  Num examples: 3840  Num correct: 2833  Precision @ 1: 0.7378  AUC @ 1: 0.8122
Validation Data Eval:
  Num examples: 256  Num correct: 174  Precision @ 1: 0.6797  AUC @ 1: 0.7670
Test Data Eval:
  Num examples: 128  Num correct: 85  Precision @ 1: 0.6641  AUC @ 1: 0.7092
Step 5400: loss = 0.4909 (0.077 sec)
Training Data Eval:
  Num examples: 3840  Num correct: 2861  Precision @ 1: 0.7451  AUC @ 1: 0.8159
Validation Data Eval:
  Num examples: 256  Num correct: 177  Precision @ 1: 0.6914  AUC @ 1: 0.7699
Test Data Eval:
  Num examples: 128  Num correct: 91  Precision @ 1: 0.7109  AUC @ 1: 0.7557
Step 5600: loss = 0.5944 (0.037 sec)
Training Data Eval:
  Num examples: 3840  Num correct: 2872  Precision @ 1: 0.7479  AUC @ 1: 0.8158
Validation Data Eval:
  Num examples: 256  Num correct: 178  Precision @ 1: 0.6953  AUC @ 1: 0.7713
Test Data Eval:
  Num examples: 128  Num correct: 93  Precision @ 1: 0.7266  AUC @ 1: 0.7938
Step 5800: loss = 0.4802 (0.039 sec)
Training Data Eval:
  Num examples: 3840  Num correct: 2774  Precision @ 1: 0.7224  AUC @ 1: 0.8057
Validation Data Eval:
  Num examples: 256  Num correct: 178  Precision @ 1: 0.6953  AUC @ 1: 0.7746
Test Data Eval:
  Num examples: 128  Num correct: 92  Precision @ 1: 0.7188  AUC @ 1: 0.7670
Step 6000: loss = 0.5808 (0.081 sec)
Training Data Eval:
  Num examples: 3840  Num correct: 2643  Precision @ 1: 0.6883  AUC @ 1: 0.7551
Validation Data Eval:
  Num examples: 256  Num correct: 170  Precision @ 1: 0.6641  AUC @ 1: 0.7157
Test Data Eval:
  Num examples: 128  Num correct: 85  Precision @ 1: 0.6641  AUC @ 1: 0.7608
Step 6200: loss = 0.7180 (0.038 sec)
Training Data Eval:
  Num examples: 3840  Num correct: 2928  Precision @ 1: 0.7625  AUC @ 1: 0.8266
Validation Data Eval:
  Num examples: 256  Num correct: 180  Precision @ 1: 0.7031  AUC @ 1: 0.7693
Test Data Eval:
  Num examples: 128  Num correct: 84  Precision @ 1: 0.6562  AUC @ 1: 0.7252
Step 6400: loss = 0.5319 (0.036 sec)
Training Data Eval:
  Num examples: 3840  Num correct: 2921  Precision @ 1: 0.7607  AUC @ 1: 0.8351
Validation Data Eval:
  Num examples: 256  Num correct: 176  Precision @ 1: 0.6875  AUC @ 1: 0.7731
Test Data Eval:
  Num examples: 128  Num correct: 91  Precision @ 1: 0.7109  AUC @ 1: 0.7697
Step 6600: loss = 0.5416 (0.076 sec)
Training Data Eval:
  Num examples: 3840  Num correct: 2935  Precision @ 1: 0.7643  AUC @ 1: 0.8365
Validation Data Eval:
  Num examples: 256  Num correct: 183  Precision @ 1: 0.7148  AUC @ 1: 0.7746
Test Data Eval:
  Num examples: 128  Num correct: 87  Precision @ 1: 0.6797  AUC @ 1: 0.7471
Step 6800: loss = 0.5285 (0.037 sec)
Training Data Eval:
  Num examples: 3840  Num correct: 2930  Precision @ 1: 0.7630  AUC @ 1: 0.8377
Validation Data Eval:
  Num examples: 256  Num correct: 178  Precision @ 1: 0.6953  AUC @ 1: 0.7745
Test Data Eval:
  Num examples: 128  Num correct: 87  Precision @ 1: 0.6797  AUC @ 1: 0.7565
Step 7000: loss = 0.5113 (0.040 sec)
Training Data Eval:
  Num examples: 3840  Num correct: 2958  Precision @ 1: 0.7703  AUC @ 1: 0.8448
Validation Data Eval:
  Num examples: 256  Num correct: 182  Precision @ 1: 0.7109  AUC @ 1: 0.7777
Test Data Eval:
  Num examples: 128  Num correct: 93  Precision @ 1: 0.7266  AUC @ 1: 0.7882
Step 7200: loss = 0.5047 (0.074 sec)
Training Data Eval:
  Num examples: 3840  Num correct: 2957  Precision @ 1: 0.7701  AUC @ 1: 0.8403
Validation Data Eval:
  Num examples: 256  Num correct: 179  Precision @ 1: 0.6992  AUC @ 1: 0.7703
Test Data Eval:
  Num examples: 128  Num correct: 86  Precision @ 1: 0.6719  AUC @ 1: 0.7409
Step 7400: loss = 0.4960 (0.036 sec)
Training Data Eval:
  Num examples: 3840  Num correct: 2844  Precision @ 1: 0.7406  AUC @ 1: 0.8289
Validation Data Eval:
  Num examples: 256  Num correct: 179  Precision @ 1: 0.6992  AUC @ 1: 0.7697
Test Data Eval:
  Num examples: 128  Num correct: 75  Precision @ 1: 0.5859  AUC @ 1: 0.7030
Step 7600: loss = 0.5691 (0.036 sec)
Training Data Eval:
  Num examples: 3840  Num correct: 2973  Precision @ 1: 0.7742  AUC @ 1: 0.8482
Validation Data Eval:
  Num examples: 256  Num correct: 178  Precision @ 1: 0.6953  AUC @ 1: 0.7753
Test Data Eval:
  Num examples: 128  Num correct: 80  Precision @ 1: 0.6250  AUC @ 1: 0.7022
Step 7800: loss = 0.6224 (0.076 sec)
Training Data Eval:
  Num examples: 3840  Num correct: 3013  Precision @ 1: 0.7846  AUC @ 1: 0.8557
Validation Data Eval:
  Num examples: 256  Num correct: 184  Precision @ 1: 0.7188  AUC @ 1: 0.7737
Test Data Eval:
  Num examples: 128  Num correct: 82  Precision @ 1: 0.6406  AUC @ 1: 0.7447
Step 8000: loss = 0.5215 (0.037 sec)
Training Data Eval:
  Num examples: 3840  Num correct: 2857  Precision @ 1: 0.7440  AUC @ 1: 0.8260
Validation Data Eval:
  Num examples: 256  Num correct: 177  Precision @ 1: 0.6914  AUC @ 1: 0.7629
Test Data Eval:
  Num examples: 128  Num correct: 89  Precision @ 1: 0.6953  AUC @ 1: 0.7831
Step 8200: loss = 0.4858 (0.036 sec)
Training Data Eval:
  Num examples: 3840  Num correct: 3059  Precision @ 1: 0.7966  AUC @ 1: 0.8649
Validation Data Eval:
  Num examples: 256  Num correct: 184  Precision @ 1: 0.7188  AUC @ 1: 0.7767
Test Data Eval:
  Num examples: 128  Num correct: 90  Precision @ 1: 0.7031  AUC @ 1: 0.7873
Step 8400: loss = 0.5038 (0.074 sec)
Training Data Eval:
  Num examples: 3840  Num correct: 3067  Precision @ 1: 0.7987  AUC @ 1: 0.8643
Validation Data Eval:
  Num examples: 256  Num correct: 187  Precision @ 1: 0.7305  AUC @ 1: 0.7762
Test Data Eval:
  Num examples: 128  Num correct: 85  Precision @ 1: 0.6641  AUC @ 1: 0.7387
Step 8600: loss = 0.4488 (0.037 sec)
Training Data Eval:
  Num examples: 3840  Num correct: 3081  Precision @ 1: 0.8023  AUC @ 1: 0.8744
Validation Data Eval:
  Num examples: 256  Num correct: 186  Precision @ 1: 0.7266  AUC @ 1: 0.7752
Test Data Eval:
  Num examples: 128  Num correct: 89  Precision @ 1: 0.6953  AUC @ 1: 0.7608
Step 8800: loss = 0.5001 (0.037 sec)
Training Data Eval:
  Num examples: 3840  Num correct: 3102  Precision @ 1: 0.8078  AUC @ 1: 0.8749
Validation Data Eval:
  Num examples: 256  Num correct: 186  Precision @ 1: 0.7266  AUC @ 1: 0.7788
Test Data Eval:
  Num examples: 128  Num correct: 90  Precision @ 1: 0.7031  AUC @ 1: 0.7829
Step 9000: loss = 0.5002 (0.075 sec)
Training Data Eval:
  Num examples: 3840  Num correct: 3108  Precision @ 1: 0.8094  AUC @ 1: 0.8784
Validation Data Eval:
  Num examples: 256  Num correct: 184  Precision @ 1: 0.7188  AUC @ 1: 0.7852
Test Data Eval:
  Num examples: 128  Num correct: 85  Precision @ 1: 0.6641  AUC @ 1: 0.7430
Step 9200: loss = 0.4303 (0.037 sec)
Training Data Eval:
  Num examples: 3840  Num correct: 3093  Precision @ 1: 0.8055  AUC @ 1: 0.8778
Validation Data Eval:
  Num examples: 256  Num correct: 185  Precision @ 1: 0.7227  AUC @ 1: 0.7788
Test Data Eval:
  Num examples: 128  Num correct: 87  Precision @ 1: 0.6797  AUC @ 1: 0.7646
Step 9400: loss = 0.4525 (0.036 sec)
Training Data Eval:
  Num examples: 3840  Num correct: 3103  Precision @ 1: 0.8081  AUC @ 1: 0.8840
Validation Data Eval:
  Num examples: 256  Num correct: 186  Precision @ 1: 0.7266  AUC @ 1: 0.7788
Test Data Eval:
  Num examples: 128  Num correct: 81  Precision @ 1: 0.6328  AUC @ 1: 0.7340
Step 9600: loss = 0.4611 (0.073 sec)
Training Data Eval:
  Num examples: 3840  Num correct: 3098  Precision @ 1: 0.8068  AUC @ 1: 0.8752
Validation Data Eval:
  Num examples: 256  Num correct: 188  Precision @ 1: 0.7344  AUC @ 1: 0.7816
Test Data Eval:
  Num examples: 128  Num correct: 85  Precision @ 1: 0.6641  AUC @ 1: 0.7143
Step 9800: loss = 0.4426 (0.036 sec)
Training Data Eval:
  Num examples: 3840  Num correct: 3104  Precision @ 1: 0.8083  AUC @ 1: 0.8854
Validation Data Eval:
  Num examples: 256  Num correct: 180  Precision @ 1: 0.7031  AUC @ 1: 0.7800
Test Data Eval:
  Num examples: 128  Num correct: 81  Precision @ 1: 0.6328  AUC @ 1: 0.7046
