Training data shape: 	(4145, 30, 64, 1)
Training label shape:	(4145,)
Testing data shape:  	(190, 30, 64, 1)
Testing label shape: 	(190,)
max input value is: 3457.30786133
min input value is: -4872.94775391
random permuted training data
==============================================================================
Model: 			inference_stcnn
Tensor Name: 	Placeholder:0
[128, 30, 64, 1]
==============================================================================
Tensor Name: conv0/conv0:0
[128, 1, 60, 16]
==============================================================================
Tensor Name: MaxPool:0
[128, 1, 30, 16]
==============================================================================
Tensor Name: local1/local1:0
[128, 128]
==============================================================================
Tensor Name: local2/local2:0
[128, 128]
==============================================================================
Tensor Name: softmax_linear/softmax_linear:0
[128, 2]
Step 0: loss = 0.8746 (0.034 sec)
Training Data Eval:
  Num examples: 3840  Num correct: 2161  Precision @ 1: 0.5628  AUC @ 1: 0.7606
Validation Data Eval:
  Num examples: 256  Num correct: 153  Precision @ 1: 0.5977  AUC @ 1: 0.8003
Test Data Eval:
  Num examples: 128  Num correct: 47  Precision @ 1: 0.3672  AUC @ 1: 0.8581
Step 200: loss = 0.7898 (0.020 sec)
Training Data Eval:
  Num examples: 3840  Num correct: 2650  Precision @ 1: 0.6901  AUC @ 1: 0.7920
Validation Data Eval:
  Num examples: 256  Num correct: 188  Precision @ 1: 0.7344  AUC @ 1: 0.8187
Test Data Eval:
  Num examples: 128  Num correct: 82  Precision @ 1: 0.6406  AUC @ 1: 0.8081
Step 400: loss = 0.7307 (0.022 sec)
Training Data Eval:
  Num examples: 3840  Num correct: 2693  Precision @ 1: 0.7013  AUC @ 1: 0.7960
Validation Data Eval:
  Num examples: 256  Num correct: 188  Precision @ 1: 0.7344  AUC @ 1: 0.8301
Test Data Eval:
  Num examples: 128  Num correct: 78  Precision @ 1: 0.6094  AUC @ 1: 0.7788
Step 600: loss = 0.7738 (0.058 sec)
Training Data Eval:
  Num examples: 3840  Num correct: 2802  Precision @ 1: 0.7297  AUC @ 1: 0.8025
Validation Data Eval:
  Num examples: 256  Num correct: 188  Precision @ 1: 0.7344  AUC @ 1: 0.8274
Test Data Eval:
  Num examples: 128  Num correct: 101  Precision @ 1: 0.7891  AUC @ 1: 0.8514
Step 800: loss = 0.7092 (0.019 sec)
Training Data Eval:
  Num examples: 3840  Num correct: 2854  Precision @ 1: 0.7432  AUC @ 1: 0.8227
Validation Data Eval:
  Num examples: 256  Num correct: 199  Precision @ 1: 0.7773  AUC @ 1: 0.8520
Test Data Eval:
  Num examples: 128  Num correct: 97  Precision @ 1: 0.7578  AUC @ 1: 0.8478
Step 1000: loss = 0.6487 (0.021 sec)
Training Data Eval:
  Num examples: 3840  Num correct: 2852  Precision @ 1: 0.7427  AUC @ 1: 0.8268
Validation Data Eval:
  Num examples: 256  Num correct: 192  Precision @ 1: 0.7500  AUC @ 1: 0.8458
Test Data Eval:
  Num examples: 128  Num correct: 100  Precision @ 1: 0.7812  AUC @ 1: 0.8467
Step 1200: loss = 0.7494 (0.059 sec)
Training Data Eval:
  Num examples: 3840  Num correct: 2921  Precision @ 1: 0.7607  AUC @ 1: 0.8461
Validation Data Eval:
  Num examples: 256  Num correct: 193  Precision @ 1: 0.7539  AUC @ 1: 0.8617
Test Data Eval:
  Num examples: 128  Num correct: 106  Precision @ 1: 0.8281  AUC @ 1: 0.8936
Step 1400: loss = 0.6700 (0.021 sec)
Training Data Eval:
  Num examples: 3840  Num correct: 2909  Precision @ 1: 0.7576  AUC @ 1: 0.8402
Validation Data Eval:
  Num examples: 256  Num correct: 196  Precision @ 1: 0.7656  AUC @ 1: 0.8392
Test Data Eval:
  Num examples: 128  Num correct: 98  Precision @ 1: 0.7656  AUC @ 1: 0.8300
Step 1600: loss = 0.7128 (0.021 sec)
Training Data Eval:
  Num examples: 3840  Num correct: 2967  Precision @ 1: 0.7727  AUC @ 1: 0.8684
Validation Data Eval:
  Num examples: 256  Num correct: 196  Precision @ 1: 0.7656  AUC @ 1: 0.8657
Test Data Eval:
  Num examples: 128  Num correct: 105  Precision @ 1: 0.8203  AUC @ 1: 0.8859
Step 1800: loss = 0.6368 (0.057 sec)
Training Data Eval:
  Num examples: 3840  Num correct: 3014  Precision @ 1: 0.7849  AUC @ 1: 0.8740
Validation Data Eval:
  Num examples: 256  Num correct: 200  Precision @ 1: 0.7812  AUC @ 1: 0.8739
Test Data Eval:
  Num examples: 128  Num correct: 98  Precision @ 1: 0.7656  AUC @ 1: 0.8661
Step 2000: loss = 0.6229 (0.020 sec)
Training Data Eval:
  Num examples: 3840  Num correct: 3087  Precision @ 1: 0.8039  AUC @ 1: 0.8881
Validation Data Eval:
  Num examples: 256  Num correct: 203  Precision @ 1: 0.7930  AUC @ 1: 0.8756
Test Data Eval:
  Num examples: 128  Num correct: 97  Precision @ 1: 0.7578  AUC @ 1: 0.8563
Step 2200: loss = 0.6302 (0.021 sec)
Training Data Eval:
  Num examples: 3840  Num correct: 3074  Precision @ 1: 0.8005  AUC @ 1: 0.8983
Validation Data Eval:
  Num examples: 256  Num correct: 202  Precision @ 1: 0.7891  AUC @ 1: 0.8691
Test Data Eval:
  Num examples: 128  Num correct: 94  Precision @ 1: 0.7344  AUC @ 1: 0.8475
Step 2400: loss = 0.6418 (0.061 sec)
Training Data Eval:
  Num examples: 3840  Num correct: 3097  Precision @ 1: 0.8065  AUC @ 1: 0.9025
Validation Data Eval:
  Num examples: 256  Num correct: 205  Precision @ 1: 0.8008  AUC @ 1: 0.8730
Test Data Eval:
  Num examples: 128  Num correct: 102  Precision @ 1: 0.7969  AUC @ 1: 0.8639
Step 2600: loss = 0.6185 (0.020 sec)
Training Data Eval:
  Num examples: 3840  Num correct: 3187  Precision @ 1: 0.8299  AUC @ 1: 0.9106
Validation Data Eval:
  Num examples: 256  Num correct: 209  Precision @ 1: 0.8164  AUC @ 1: 0.8869
Test Data Eval:
  Num examples: 128  Num correct: 98  Precision @ 1: 0.7656  AUC @ 1: 0.8742
Step 2800: loss = 0.6554 (0.020 sec)
Training Data Eval:
  Num examples: 3840  Num correct: 3217  Precision @ 1: 0.8378  AUC @ 1: 0.9250
Validation Data Eval:
  Num examples: 256  Num correct: 203  Precision @ 1: 0.7930  AUC @ 1: 0.8893
Test Data Eval:
  Num examples: 128  Num correct: 101  Precision @ 1: 0.7891  AUC @ 1: 0.8700
Step 3000: loss = 0.6012 (0.060 sec)
Training Data Eval:
  Num examples: 3840  Num correct: 3228  Precision @ 1: 0.8406  AUC @ 1: 0.9333
Validation Data Eval:
  Num examples: 256  Num correct: 207  Precision @ 1: 0.8086  AUC @ 1: 0.8802
Test Data Eval:
  Num examples: 128  Num correct: 98  Precision @ 1: 0.7656  AUC @ 1: 0.8714
Step 3200: loss = 0.6303 (0.020 sec)
Training Data Eval:
  Num examples: 3840  Num correct: 3325  Precision @ 1: 0.8659  AUC @ 1: 0.9438
Validation Data Eval:
  Num examples: 256  Num correct: 208  Precision @ 1: 0.8125  AUC @ 1: 0.8953
Test Data Eval:
  Num examples: 128  Num correct: 99  Precision @ 1: 0.7734  AUC @ 1: 0.8585
Step 3400: loss = 0.5576 (0.020 sec)
Training Data Eval:
  Num examples: 3840  Num correct: 3286  Precision @ 1: 0.8557  AUC @ 1: 0.9432
Validation Data Eval:
  Num examples: 256  Num correct: 210  Precision @ 1: 0.8203  AUC @ 1: 0.8947
Test Data Eval:
  Num examples: 128  Num correct: 96  Precision @ 1: 0.7500  AUC @ 1: 0.8372
Step 3600: loss = 0.4833 (0.057 sec)
Training Data Eval:
  Num examples: 3840  Num correct: 3386  Precision @ 1: 0.8818  AUC @ 1: 0.9512
Validation Data Eval:
  Num examples: 256  Num correct: 211  Precision @ 1: 0.8242  AUC @ 1: 0.8983
Test Data Eval:
  Num examples: 128  Num correct: 106  Precision @ 1: 0.8281  AUC @ 1: 0.9111
Step 3800: loss = 0.4905 (0.020 sec)
Training Data Eval:
  Num examples: 3840  Num correct: 3147  Precision @ 1: 0.8195  AUC @ 1: 0.9047
Validation Data Eval:
  Num examples: 256  Num correct: 197  Precision @ 1: 0.7695  AUC @ 1: 0.8552
Test Data Eval:
  Num examples: 128  Num correct: 99  Precision @ 1: 0.7734  AUC @ 1: 0.8652
Step 4000: loss = 0.6626 (0.021 sec)
Training Data Eval:
  Num examples: 3840  Num correct: 3483  Precision @ 1: 0.9070  AUC @ 1: 0.9690
Validation Data Eval:
  Num examples: 256  Num correct: 212  Precision @ 1: 0.8281  AUC @ 1: 0.8991
Test Data Eval:
  Num examples: 128  Num correct: 100  Precision @ 1: 0.7812  AUC @ 1: 0.8946
Step 4200: loss = 0.4742 (0.053 sec)
Training Data Eval:
  Num examples: 3840  Num correct: 3485  Precision @ 1: 0.9076  AUC @ 1: 0.9741
Validation Data Eval:
  Num examples: 256  Num correct: 212  Precision @ 1: 0.8281  AUC @ 1: 0.8995
Test Data Eval:
  Num examples: 128  Num correct: 102  Precision @ 1: 0.7969  AUC @ 1: 0.8846
Step 4400: loss = 0.4582 (0.021 sec)
Training Data Eval:
  Num examples: 3840  Num correct: 3530  Precision @ 1: 0.9193  AUC @ 1: 0.9743
Validation Data Eval:
  Num examples: 256  Num correct: 208  Precision @ 1: 0.8125  AUC @ 1: 0.9012
Test Data Eval:
  Num examples: 128  Num correct: 97  Precision @ 1: 0.7578  AUC @ 1: 0.8652
Step 4600: loss = 0.4347 (0.020 sec)
Training Data Eval:
  Num examples: 3840  Num correct: 3548  Precision @ 1: 0.9240  AUC @ 1: 0.9766
Validation Data Eval:
  Num examples: 256  Num correct: 210  Precision @ 1: 0.8203  AUC @ 1: 0.9029
Test Data Eval:
  Num examples: 128  Num correct: 100  Precision @ 1: 0.7812  AUC @ 1: 0.8917
Step 4800: loss = 0.5271 (0.056 sec)
Training Data Eval:
  Num examples: 3840  Num correct: 3577  Precision @ 1: 0.9315  AUC @ 1: 0.9836
Validation Data Eval:
  Num examples: 256  Num correct: 213  Precision @ 1: 0.8320  AUC @ 1: 0.9083
Test Data Eval:
  Num examples: 128  Num correct: 96  Precision @ 1: 0.7500  AUC @ 1: 0.8503
Step 5000: loss = 0.4549 (0.020 sec)
Training Data Eval:
  Num examples: 3840  Num correct: 3611  Precision @ 1: 0.9404  AUC @ 1: 0.9863
Validation Data Eval:
  Num examples: 256  Num correct: 212  Precision @ 1: 0.8281  AUC @ 1: 0.9041
Test Data Eval:
  Num examples: 128  Num correct: 99  Precision @ 1: 0.7734  AUC @ 1: 0.8809
Step 5200: loss = 0.4216 (0.020 sec)
Training Data Eval:
  Num examples: 3840  Num correct: 3662  Precision @ 1: 0.9536  AUC @ 1: 0.9925
Validation Data Eval:
  Num examples: 256  Num correct: 215  Precision @ 1: 0.8398  AUC @ 1: 0.9098
Test Data Eval:
  Num examples: 128  Num correct: 100  Precision @ 1: 0.7812  AUC @ 1: 0.8887
Step 5400: loss = 0.3464 (0.057 sec)
Training Data Eval:
  Num examples: 3840  Num correct: 3693  Precision @ 1: 0.9617  AUC @ 1: 0.9929
Validation Data Eval:
  Num examples: 256  Num correct: 208  Precision @ 1: 0.8125  AUC @ 1: 0.9055
Test Data Eval:
  Num examples: 128  Num correct: 99  Precision @ 1: 0.7734  AUC @ 1: 0.8811
Step 5600: loss = 0.3786 (0.021 sec)
Training Data Eval:
  Num examples: 3840  Num correct: 3693  Precision @ 1: 0.9617  AUC @ 1: 0.9923
Validation Data Eval:
  Num examples: 256  Num correct: 213  Precision @ 1: 0.8320  AUC @ 1: 0.8981
Test Data Eval:
  Num examples: 128  Num correct: 95  Precision @ 1: 0.7422  AUC @ 1: 0.8605
Step 5800: loss = 0.2995 (0.020 sec)
Training Data Eval:
  Num examples: 3840  Num correct: 3653  Precision @ 1: 0.9513  AUC @ 1: 0.9933
Validation Data Eval:
  Num examples: 256  Num correct: 212  Precision @ 1: 0.8281  AUC @ 1: 0.8956
Test Data Eval:
  Num examples: 128  Num correct: 99  Precision @ 1: 0.7734  AUC @ 1: 0.8598
Step 6000: loss = 0.3572 (0.056 sec)
Training Data Eval:
  Num examples: 3840  Num correct: 3710  Precision @ 1: 0.9661  AUC @ 1: 0.9933
Validation Data Eval:
  Num examples: 256  Num correct: 223  Precision @ 1: 0.8711  AUC @ 1: 0.9085
Test Data Eval:
  Num examples: 128  Num correct: 96  Precision @ 1: 0.7500  AUC @ 1: 0.8286
Step 6200: loss = 0.3742 (0.020 sec)
Training Data Eval:
  Num examples: 3840  Num correct: 3744  Precision @ 1: 0.9750  AUC @ 1: 0.9971
Validation Data Eval:
  Num examples: 256  Num correct: 216  Precision @ 1: 0.8438  AUC @ 1: 0.9111
Test Data Eval:
  Num examples: 128  Num correct: 99  Precision @ 1: 0.7734  AUC @ 1: 0.8757
Step 6400: loss = 0.3240 (0.021 sec)
Training Data Eval:
  Num examples: 3840  Num correct: 3757  Precision @ 1: 0.9784  AUC @ 1: 0.9974
Validation Data Eval:
  Num examples: 256  Num correct: 215  Precision @ 1: 0.8398  AUC @ 1: 0.9094
Test Data Eval:
  Num examples: 128  Num correct: 96  Precision @ 1: 0.7500  AUC @ 1: 0.8576
Step 6600: loss = 0.3121 (0.063 sec)
Training Data Eval:
  Num examples: 3840  Num correct: 3709  Precision @ 1: 0.9659  AUC @ 1: 0.9944
Validation Data Eval:
  Num examples: 256  Num correct: 218  Precision @ 1: 0.8516  AUC @ 1: 0.9152
Test Data Eval:
  Num examples: 128  Num correct: 96  Precision @ 1: 0.7500  AUC @ 1: 0.8244
Step 6800: loss = 0.3130 (0.020 sec)
Training Data Eval:
  Num examples: 3840  Num correct: 3754  Precision @ 1: 0.9776  AUC @ 1: 0.9968
Validation Data Eval:
  Num examples: 256  Num correct: 216  Precision @ 1: 0.8438  AUC @ 1: 0.9147
Test Data Eval:
  Num examples: 128  Num correct: 96  Precision @ 1: 0.7500  AUC @ 1: 0.8199
Step 7000: loss = 0.3285 (0.020 sec)
Training Data Eval:
  Num examples: 3840  Num correct: 3778  Precision @ 1: 0.9839  AUC @ 1: 0.9989
Validation Data Eval:
  Num examples: 256  Num correct: 214  Precision @ 1: 0.8359  AUC @ 1: 0.9127
Test Data Eval:
  Num examples: 128  Num correct: 96  Precision @ 1: 0.7500  AUC @ 1: 0.8673
Step 7200: loss = 0.2680 (0.062 sec)
Training Data Eval:
  Num examples: 3840  Num correct: 3792  Precision @ 1: 0.9875  AUC @ 1: 0.9993
Validation Data Eval:
  Num examples: 256  Num correct: 215  Precision @ 1: 0.8398  AUC @ 1: 0.9085
Test Data Eval:
  Num examples: 128  Num correct: 96  Precision @ 1: 0.7500  AUC @ 1: 0.8755
Step 7400: loss = 0.2711 (0.020 sec)
Training Data Eval:
  Num examples: 3840  Num correct: 3798  Precision @ 1: 0.9891  AUC @ 1: 0.9988
Validation Data Eval:
  Num examples: 256  Num correct: 208  Precision @ 1: 0.8125  AUC @ 1: 0.9079
Test Data Eval:
  Num examples: 128  Num correct: 97  Precision @ 1: 0.7578  AUC @ 1: 0.8565
Step 7600: loss = 0.2745 (0.021 sec)
Training Data Eval:
  Num examples: 3840  Num correct: 3805  Precision @ 1: 0.9909  AUC @ 1: 0.9997
Validation Data Eval:
  Num examples: 256  Num correct: 213  Precision @ 1: 0.8320  AUC @ 1: 0.9085
Test Data Eval:
  Num examples: 128  Num correct: 99  Precision @ 1: 0.7734  AUC @ 1: 0.8691
Step 7800: loss = 0.2605 (0.057 sec)
Training Data Eval:
  Num examples: 3840  Num correct: 3680  Precision @ 1: 0.9583  AUC @ 1: 0.9902
Validation Data Eval:
  Num examples: 256  Num correct: 211  Precision @ 1: 0.8242  AUC @ 1: 0.8921
Test Data Eval:
  Num examples: 128  Num correct: 101  Precision @ 1: 0.7891  AUC @ 1: 0.8897
Step 8000: loss = 0.3145 (0.020 sec)
Training Data Eval:
  Num examples: 3840  Num correct: 3808  Precision @ 1: 0.9917  AUC @ 1: 0.9998
Validation Data Eval:
  Num examples: 256  Num correct: 209  Precision @ 1: 0.8164  AUC @ 1: 0.9015
Test Data Eval:
  Num examples: 128  Num correct: 100  Precision @ 1: 0.7812  AUC @ 1: 0.8658
Step 8200: loss = 0.2711 (0.019 sec)
Training Data Eval:
  Num examples: 3840  Num correct: 3822  Precision @ 1: 0.9953  AUC @ 1: 0.9999
Validation Data Eval:
  Num examples: 256  Num correct: 215  Precision @ 1: 0.8398  AUC @ 1: 0.9090
Test Data Eval:
  Num examples: 128  Num correct: 97  Precision @ 1: 0.7578  AUC @ 1: 0.8686
Step 8400: loss = 0.2778 (0.061 sec)
Training Data Eval:
  Num examples: 3840  Num correct: 3816  Precision @ 1: 0.9938  AUC @ 1: 0.9999
Validation Data Eval:
  Num examples: 256  Num correct: 209  Precision @ 1: 0.8164  AUC @ 1: 0.9084
Test Data Eval:
  Num examples: 128  Num correct: 98  Precision @ 1: 0.7656  AUC @ 1: 0.8618
Step 8600: loss = 0.2291 (0.020 sec)
Training Data Eval:
  Num examples: 3840  Num correct: 3830  Precision @ 1: 0.9974  AUC @ 1: 1.0000
Validation Data Eval:
  Num examples: 256  Num correct: 207  Precision @ 1: 0.8086  AUC @ 1: 0.9089
Test Data Eval:
  Num examples: 128  Num correct: 96  Precision @ 1: 0.7500  AUC @ 1: 0.8431
Step 8800: loss = 0.2226 (0.020 sec)
Training Data Eval:
  Num examples: 3840  Num correct: 3826  Precision @ 1: 0.9964  AUC @ 1: 0.9997
Validation Data Eval:
  Num examples: 256  Num correct: 215  Precision @ 1: 0.8398  AUC @ 1: 0.9068
Test Data Eval:
  Num examples: 128  Num correct: 94  Precision @ 1: 0.7344  AUC @ 1: 0.8416
Step 9000: loss = 0.2027 (0.061 sec)
Training Data Eval:
  Num examples: 3840  Num correct: 3827  Precision @ 1: 0.9966  AUC @ 1: 1.0000
Validation Data Eval:
  Num examples: 256  Num correct: 213  Precision @ 1: 0.8320  AUC @ 1: 0.9042
Test Data Eval:
  Num examples: 128  Num correct: 98  Precision @ 1: 0.7656  AUC @ 1: 0.8746
Step 9200: loss = 0.2455 (0.021 sec)
Training Data Eval:
  Num examples: 3840  Num correct: 3834  Precision @ 1: 0.9984  AUC @ 1: 1.0000
Validation Data Eval:
  Num examples: 256  Num correct: 212  Precision @ 1: 0.8281  AUC @ 1: 0.9112
Test Data Eval:
  Num examples: 128  Num correct: 94  Precision @ 1: 0.7344  AUC @ 1: 0.8313
Step 9400: loss = 0.2284 (0.020 sec)
Training Data Eval:
  Num examples: 3840  Num correct: 3825  Precision @ 1: 0.9961  AUC @ 1: 1.0000
Validation Data Eval:
  Num examples: 256  Num correct: 213  Precision @ 1: 0.8320  AUC @ 1: 0.9052
Test Data Eval:
  Num examples: 128  Num correct: 94  Precision @ 1: 0.7344  AUC @ 1: 0.8554
Step 9600: loss = 0.2638 (0.055 sec)
Training Data Eval:
  Num examples: 3840  Num correct: 3831  Precision @ 1: 0.9977  AUC @ 1: 0.9999
Validation Data Eval:
  Num examples: 256  Num correct: 211  Precision @ 1: 0.8242  AUC @ 1: 0.9022
Test Data Eval:
  Num examples: 128  Num correct: 100  Precision @ 1: 0.7812  AUC @ 1: 0.8793
Step 9800: loss = 0.2101 (0.021 sec)
Training Data Eval:
  Num examples: 3840  Num correct: 3830  Precision @ 1: 0.9974  AUC @ 1: 0.9999
Validation Data Eval:
  Num examples: 256  Num correct: 213  Precision @ 1: 0.8320  AUC @ 1: 0.9082
Test Data Eval:
  Num examples: 128  Num correct: 101  Precision @ 1: 0.7891  AUC @ 1: 0.8868
