Training data shape: 	(4141, 30, 64, 2)
Training label shape:	(4141,)
Testing data shape:  	(194, 30, 64, 2)
Testing label shape: 	(194,)
max input value is: 3457.31
min input value is: -4872.95
random permuted training data
==============================================================================
Model: 			inference_stcnn
Tensor Name: 	Placeholder:0
[128, 30, 64, 2]
==============================================================================
Tensor Name: conv0/conv0:0
[128, 1, 60, 16]
==============================================================================
Tensor Name: MaxPool:0
[128, 1, 30, 16]
==============================================================================
Tensor Name: conv1/conv1:0
[128, 1, 26, 4]
==============================================================================
Tensor Name: MaxPool_1:0
[128, 1, 13, 4]
==============================================================================
Tensor Name: local1/local1:0
[128, 128]
==============================================================================
Tensor Name: local2/local2:0
[128, 128]
==============================================================================
Tensor Name: softmax_linear/softmax_linear:0
[128, 2]
Step 0: loss = 0.7507 (0.039 sec)
Training Data Eval:
  Num examples: 3840  Num correct: 2158  Precision @ 1: 0.5620  AUC @ 1: 0.5157
Validation Data Eval:
  Num examples: 256  Num correct: 141  Precision @ 1: 0.5508  AUC @ 1: 0.5385
Test Data Eval:
  Num examples: 128  Num correct: 43  Precision @ 1: 0.3359  AUC @ 1: 0.4566
Step 200: loss = 0.7435 (0.027 sec)
Training Data Eval:
  Num examples: 3840  Num correct: 2181  Precision @ 1: 0.5680  AUC @ 1: 0.5318
Validation Data Eval:
  Num examples: 256  Num correct: 141  Precision @ 1: 0.5508  AUC @ 1: 0.5448
Test Data Eval:
  Num examples: 128  Num correct: 77  Precision @ 1: 0.6016  AUC @ 1: 0.5106
Step 400: loss = 0.7372 (0.024 sec)
Training Data Eval:
  Num examples: 3840  Num correct: 2176  Precision @ 1: 0.5667  AUC @ 1: 0.5486
Validation Data Eval:
  Num examples: 256  Num correct: 141  Precision @ 1: 0.5508  AUC @ 1: 0.5315
Test Data Eval:
  Num examples: 128  Num correct: 73  Precision @ 1: 0.5703  AUC @ 1: 0.5709
Step 600: loss = 0.7245 (0.066 sec)
Training Data Eval:
  Num examples: 3840  Num correct: 2185  Precision @ 1: 0.5690  AUC @ 1: 0.5663
Validation Data Eval:
  Num examples: 256  Num correct: 141  Precision @ 1: 0.5508  AUC @ 1: 0.5265
Test Data Eval:
  Num examples: 128  Num correct: 78  Precision @ 1: 0.6094  AUC @ 1: 0.6115
Step 800: loss = 0.7409 (0.025 sec)
Training Data Eval:
  Num examples: 3840  Num correct: 2171  Precision @ 1: 0.5654  AUC @ 1: 0.5861
Validation Data Eval:
  Num examples: 256  Num correct: 141  Precision @ 1: 0.5508  AUC @ 1: 0.5412
Test Data Eval:
  Num examples: 128  Num correct: 68  Precision @ 1: 0.5312  AUC @ 1: 0.5422
Step 1000: loss = 0.7287 (0.025 sec)
Training Data Eval:
  Num examples: 3840  Num correct: 2177  Precision @ 1: 0.5669  AUC @ 1: 0.6108
Validation Data Eval:
  Num examples: 256  Num correct: 141  Precision @ 1: 0.5508  AUC @ 1: 0.5475
Test Data Eval:
  Num examples: 128  Num correct: 74  Precision @ 1: 0.5781  AUC @ 1: 0.5816
Step 1200: loss = 0.7433 (0.063 sec)
Training Data Eval:
  Num examples: 3840  Num correct: 2177  Precision @ 1: 0.5669  AUC @ 1: 0.6493
Validation Data Eval:
  Num examples: 256  Num correct: 141  Precision @ 1: 0.5508  AUC @ 1: 0.5605
Test Data Eval:
  Num examples: 128  Num correct: 73  Precision @ 1: 0.5703  AUC @ 1: 0.6249
Step 1400: loss = 0.7383 (0.025 sec)
Training Data Eval:
  Num examples: 3840  Num correct: 2183  Precision @ 1: 0.5685  AUC @ 1: 0.6547
Validation Data Eval:
  Num examples: 256  Num correct: 141  Precision @ 1: 0.5508  AUC @ 1: 0.5799
Test Data Eval:
  Num examples: 128  Num correct: 72  Precision @ 1: 0.5625  AUC @ 1: 0.5652
Step 1600: loss = 0.7293 (0.025 sec)
Training Data Eval:
  Num examples: 3840  Num correct: 2171  Precision @ 1: 0.5654  AUC @ 1: 0.6746
Validation Data Eval:
  Num examples: 256  Num correct: 141  Precision @ 1: 0.5508  AUC @ 1: 0.5952
Test Data Eval:
  Num examples: 128  Num correct: 73  Precision @ 1: 0.5703  AUC @ 1: 0.6187
Step 1800: loss = 0.7475 (0.058 sec)
Training Data Eval:
  Num examples: 3840  Num correct: 2193  Precision @ 1: 0.5711  AUC @ 1: 0.6915
Validation Data Eval:
  Num examples: 256  Num correct: 141  Precision @ 1: 0.5508  AUC @ 1: 0.6107
Test Data Eval:
  Num examples: 128  Num correct: 65  Precision @ 1: 0.5078  AUC @ 1: 0.6601
Step 2000: loss = 0.7328 (0.026 sec)
Training Data Eval:
  Num examples: 3840  Num correct: 2183  Precision @ 1: 0.5685  AUC @ 1: 0.7012
Validation Data Eval:
  Num examples: 256  Num correct: 141  Precision @ 1: 0.5508  AUC @ 1: 0.6209
Test Data Eval:
  Num examples: 128  Num correct: 68  Precision @ 1: 0.5312  AUC @ 1: 0.6826
Step 2200: loss = 0.7512 (0.024 sec)
Training Data Eval:
  Num examples: 3840  Num correct: 2167  Precision @ 1: 0.5643  AUC @ 1: 0.7301
Validation Data Eval:
  Num examples: 256  Num correct: 141  Precision @ 1: 0.5508  AUC @ 1: 0.6306
Test Data Eval:
  Num examples: 128  Num correct: 70  Precision @ 1: 0.5469  AUC @ 1: 0.6160
Step 2400: loss = 0.7206 (0.058 sec)
Training Data Eval:
  Num examples: 3840  Num correct: 2170  Precision @ 1: 0.5651  AUC @ 1: 0.7424
Validation Data Eval:
  Num examples: 256  Num correct: 141  Precision @ 1: 0.5508  AUC @ 1: 0.6376
Test Data Eval:
  Num examples: 128  Num correct: 72  Precision @ 1: 0.5625  AUC @ 1: 0.6580
Step 2600: loss = 0.7170 (0.026 sec)
Training Data Eval:
  Num examples: 3840  Num correct: 2177  Precision @ 1: 0.5669  AUC @ 1: 0.7499
Validation Data Eval:
  Num examples: 256  Num correct: 141  Precision @ 1: 0.5508  AUC @ 1: 0.6530
Test Data Eval:
  Num examples: 128  Num correct: 67  Precision @ 1: 0.5234  AUC @ 1: 0.6494
Step 2800: loss = 0.7142 (0.026 sec)
Training Data Eval:
  Num examples: 3840  Num correct: 2173  Precision @ 1: 0.5659  AUC @ 1: 0.7709
Validation Data Eval:
  Num examples: 256  Num correct: 141  Precision @ 1: 0.5508  AUC @ 1: 0.6670
Test Data Eval:
  Num examples: 128  Num correct: 76  Precision @ 1: 0.5938  AUC @ 1: 0.5888
Step 3000: loss = 0.6997 (0.066 sec)
Training Data Eval:
  Num examples: 3840  Num correct: 2343  Precision @ 1: 0.6102  AUC @ 1: 0.7773
Validation Data Eval:
  Num examples: 256  Num correct: 150  Precision @ 1: 0.5859  AUC @ 1: 0.6849
Test Data Eval:
  Num examples: 128  Num correct: 71  Precision @ 1: 0.5547  AUC @ 1: 0.5579
Step 3200: loss = 0.7205 (0.024 sec)
Training Data Eval:
  Num examples: 3840  Num correct: 2702  Precision @ 1: 0.7036  AUC @ 1: 0.8043
Validation Data Eval:
  Num examples: 256  Num correct: 159  Precision @ 1: 0.6211  AUC @ 1: 0.7114
Test Data Eval:
  Num examples: 128  Num correct: 80  Precision @ 1: 0.6250  AUC @ 1: 0.4934
Step 3400: loss = 0.6271 (0.025 sec)
Training Data Eval:
  Num examples: 3840  Num correct: 2884  Precision @ 1: 0.7510  AUC @ 1: 0.8426
Validation Data Eval:
  Num examples: 256  Num correct: 176  Precision @ 1: 0.6875  AUC @ 1: 0.7350
Test Data Eval:
  Num examples: 128  Num correct: 76  Precision @ 1: 0.5938  AUC @ 1: 0.5805
Step 3600: loss = 0.5744 (0.064 sec)
Training Data Eval:
  Num examples: 3840  Num correct: 3007  Precision @ 1: 0.7831  AUC @ 1: 0.8813
Validation Data Eval:
  Num examples: 256  Num correct: 177  Precision @ 1: 0.6914  AUC @ 1: 0.7409
Test Data Eval:
  Num examples: 128  Num correct: 75  Precision @ 1: 0.5859  AUC @ 1: 0.5367
Step 3800: loss = 0.5259 (0.025 sec)
Training Data Eval:
  Num examples: 3840  Num correct: 3118  Precision @ 1: 0.8120  AUC @ 1: 0.9059
Validation Data Eval:
  Num examples: 256  Num correct: 170  Precision @ 1: 0.6641  AUC @ 1: 0.7330
Test Data Eval:
  Num examples: 128  Num correct: 73  Precision @ 1: 0.5703  AUC @ 1: 0.5381
Step 4000: loss = 0.4640 (0.026 sec)
Training Data Eval:
  Num examples: 3840  Num correct: 3255  Precision @ 1: 0.8477  AUC @ 1: 0.9333
Validation Data Eval:
  Num examples: 256  Num correct: 167  Precision @ 1: 0.6523  AUC @ 1: 0.7356
Test Data Eval:
  Num examples: 128  Num correct: 71  Precision @ 1: 0.5547  AUC @ 1: 0.4579
Step 4200: loss = 0.3286 (0.062 sec)
Training Data Eval:
  Num examples: 3840  Num correct: 3339  Precision @ 1: 0.8695  AUC @ 1: 0.9475
Validation Data Eval:
  Num examples: 256  Num correct: 170  Precision @ 1: 0.6641  AUC @ 1: 0.7282
Test Data Eval:
  Num examples: 128  Num correct: 72  Precision @ 1: 0.5625  AUC @ 1: 0.4437
Step 4400: loss = 0.2932 (0.026 sec)
Training Data Eval:
  Num examples: 3840  Num correct: 3470  Precision @ 1: 0.9036  AUC @ 1: 0.9662
Validation Data Eval:
  Num examples: 256  Num correct: 165  Precision @ 1: 0.6445  AUC @ 1: 0.7216
Test Data Eval:
  Num examples: 128  Num correct: 73  Precision @ 1: 0.5703  AUC @ 1: 0.4451
Step 4600: loss = 0.2916 (0.024 sec)
Training Data Eval:
  Num examples: 3840  Num correct: 3529  Precision @ 1: 0.9190  AUC @ 1: 0.9745
Validation Data Eval:
  Num examples: 256  Num correct: 158  Precision @ 1: 0.6172  AUC @ 1: 0.7085
Test Data Eval:
  Num examples: 128  Num correct: 75  Precision @ 1: 0.5859  AUC @ 1: 0.4582
Step 4800: loss = 0.2713 (0.059 sec)
Training Data Eval:
  Num examples: 3840  Num correct: 3569  Precision @ 1: 0.9294  AUC @ 1: 0.9796
Validation Data Eval:
  Num examples: 256  Num correct: 159  Precision @ 1: 0.6211  AUC @ 1: 0.6965
Test Data Eval:
  Num examples: 128  Num correct: 60  Precision @ 1: 0.4688  AUC @ 1: 0.3638
Step 5000: loss = 0.2681 (0.026 sec)
Training Data Eval:
  Num examples: 3840  Num correct: 3656  Precision @ 1: 0.9521  AUC @ 1: 0.9888
Validation Data Eval:
  Num examples: 256  Num correct: 158  Precision @ 1: 0.6172  AUC @ 1: 0.6847
Test Data Eval:
  Num examples: 128  Num correct: 62  Precision @ 1: 0.4844  AUC @ 1: 0.3661
Step 5200: loss = 0.2420 (0.026 sec)
Training Data Eval:
  Num examples: 3840  Num correct: 3679  Precision @ 1: 0.9581  AUC @ 1: 0.9894
Validation Data Eval:
  Num examples: 256  Num correct: 163  Precision @ 1: 0.6367  AUC @ 1: 0.7116
Test Data Eval:
  Num examples: 128  Num correct: 46  Precision @ 1: 0.3594  AUC @ 1: 0.3397
Step 5400: loss = 0.1782 (0.061 sec)
Training Data Eval:
  Num examples: 3840  Num correct: 3751  Precision @ 1: 0.9768  AUC @ 1: 0.9949
Validation Data Eval:
  Num examples: 256  Num correct: 158  Precision @ 1: 0.6172  AUC @ 1: 0.6949
Test Data Eval:
  Num examples: 128  Num correct: 65  Precision @ 1: 0.5078  AUC @ 1: 0.4062
Step 5600: loss = 0.1588 (0.026 sec)
Training Data Eval:
  Num examples: 3840  Num correct: 3747  Precision @ 1: 0.9758  AUC @ 1: 0.9938
Validation Data Eval:
  Num examples: 256  Num correct: 164  Precision @ 1: 0.6406  AUC @ 1: 0.7033
Test Data Eval:
  Num examples: 128  Num correct: 64  Precision @ 1: 0.5000  AUC @ 1: 0.3647
Step 5800: loss = 0.1528 (0.026 sec)
Training Data Eval:
  Num examples: 3840  Num correct: 3832  Precision @ 1: 0.9979  AUC @ 1: 0.9994
Validation Data Eval:
  Num examples: 256  Num correct: 160  Precision @ 1: 0.6250  AUC @ 1: 0.6950
Test Data Eval:
  Num examples: 128  Num correct: 62  Precision @ 1: 0.4844  AUC @ 1: 0.4183
Step 6000: loss = 0.1001 (0.068 sec)
Training Data Eval:
  Num examples: 3840  Num correct: 3811  Precision @ 1: 0.9924  AUC @ 1: 0.9985
Validation Data Eval:
  Num examples: 256  Num correct: 163  Precision @ 1: 0.6367  AUC @ 1: 0.7208
Test Data Eval:
  Num examples: 128  Num correct: 56  Precision @ 1: 0.4375  AUC @ 1: 0.4171
Step 6200: loss = 0.1756 (0.027 sec)
Training Data Eval:
  Num examples: 3840  Num correct: 3823  Precision @ 1: 0.9956  AUC @ 1: 0.9991
Validation Data Eval:
  Num examples: 256  Num correct: 165  Precision @ 1: 0.6445  AUC @ 1: 0.7119
Test Data Eval:
  Num examples: 128  Num correct: 66  Precision @ 1: 0.5156  AUC @ 1: 0.4307
Step 6400: loss = 0.1049 (0.027 sec)
Training Data Eval:
  Num examples: 3840  Num correct: 3834  Precision @ 1: 0.9984  AUC @ 1: 1.0000
Validation Data Eval:
  Num examples: 256  Num correct: 164  Precision @ 1: 0.6406  AUC @ 1: 0.6943
Test Data Eval:
  Num examples: 128  Num correct: 56  Precision @ 1: 0.4375  AUC @ 1: 0.3621
Step 6600: loss = 0.0780 (0.059 sec)
Training Data Eval:
  Num examples: 3840  Num correct: 3797  Precision @ 1: 0.9888  AUC @ 1: 0.9979
Validation Data Eval:
  Num examples: 256  Num correct: 165  Precision @ 1: 0.6445  AUC @ 1: 0.6951
Test Data Eval:
  Num examples: 128  Num correct: 59  Precision @ 1: 0.4609  AUC @ 1: 0.4588
Step 6800: loss = 0.1104 (0.025 sec)
Training Data Eval:
  Num examples: 3840  Num correct: 3840  Precision @ 1: 1.0000  AUC @ 1: 1.0000
Validation Data Eval:
  Num examples: 256  Num correct: 169  Precision @ 1: 0.6602  AUC @ 1: 0.7079
Test Data Eval:
  Num examples: 128  Num correct: 59  Precision @ 1: 0.4609  AUC @ 1: 0.4122
Step 7000: loss = 0.0757 (0.030 sec)
Training Data Eval:
  Num examples: 3840  Num correct: 3833  Precision @ 1: 0.9982  AUC @ 1: 0.9990
Validation Data Eval:
  Num examples: 256  Num correct: 160  Precision @ 1: 0.6250  AUC @ 1: 0.6957
Test Data Eval:
  Num examples: 128  Num correct: 65  Precision @ 1: 0.5078  AUC @ 1: 0.4349
Step 7200: loss = 0.1236 (0.063 sec)
Training Data Eval:
  Num examples: 3840  Num correct: 3816  Precision @ 1: 0.9938  AUC @ 1: 0.9978
Validation Data Eval:
  Num examples: 256  Num correct: 162  Precision @ 1: 0.6328  AUC @ 1: 0.7000
Test Data Eval:
  Num examples: 128  Num correct: 60  Precision @ 1: 0.4688  AUC @ 1: 0.4102
Step 7400: loss = 0.0811 (0.025 sec)
Training Data Eval:
  Num examples: 3840  Num correct: 3820  Precision @ 1: 0.9948  AUC @ 1: 0.9987
Validation Data Eval:
  Num examples: 256  Num correct: 161  Precision @ 1: 0.6289  AUC @ 1: 0.6949
Test Data Eval:
  Num examples: 128  Num correct: 56  Precision @ 1: 0.4375  AUC @ 1: 0.3887
Step 7600: loss = 0.2158 (0.026 sec)
Training Data Eval:
  Num examples: 3840  Num correct: 3840  Precision @ 1: 1.0000  AUC @ 1: 1.0000
Validation Data Eval:
  Num examples: 256  Num correct: 165  Precision @ 1: 0.6445  AUC @ 1: 0.7174
Test Data Eval:
  Num examples: 128  Num correct: 59  Precision @ 1: 0.4609  AUC @ 1: 0.4087
Step 7800: loss = 0.0574 (0.064 sec)
Training Data Eval:
  Num examples: 3840  Num correct: 3835  Precision @ 1: 0.9987  AUC @ 1: 1.0000
Validation Data Eval:
  Num examples: 256  Num correct: 168  Precision @ 1: 0.6562  AUC @ 1: 0.6984
Test Data Eval:
  Num examples: 128  Num correct: 63  Precision @ 1: 0.4922  AUC @ 1: 0.4544
Step 8000: loss = 0.0719 (0.026 sec)
Training Data Eval:
  Num examples: 3840  Num correct: 3801  Precision @ 1: 0.9898  AUC @ 1: 0.9949
Validation Data Eval:
  Num examples: 256  Num correct: 168  Precision @ 1: 0.6562  AUC @ 1: 0.7082
Test Data Eval:
  Num examples: 128  Num correct: 63  Precision @ 1: 0.4922  AUC @ 1: 0.3853
Step 8200: loss = 0.6461 (0.025 sec)
Training Data Eval:
  Num examples: 3840  Num correct: 3840  Precision @ 1: 1.0000  AUC @ 1: 1.0000
Validation Data Eval:
  Num examples: 256  Num correct: 161  Precision @ 1: 0.6289  AUC @ 1: 0.6983
Test Data Eval:
  Num examples: 128  Num correct: 64  Precision @ 1: 0.5000  AUC @ 1: 0.3646
Step 8400: loss = 0.0592 (0.060 sec)
Training Data Eval:
  Num examples: 3840  Num correct: 3806  Precision @ 1: 0.9911  AUC @ 1: 0.9991
Validation Data Eval:
  Num examples: 256  Num correct: 167  Precision @ 1: 0.6523  AUC @ 1: 0.6974
Test Data Eval:
  Num examples: 128  Num correct: 65  Precision @ 1: 0.5078  AUC @ 1: 0.3576
Step 8600: loss = 0.0700 (0.026 sec)
Training Data Eval:
  Num examples: 3840  Num correct: 3822  Precision @ 1: 0.9953  AUC @ 1: 0.9996
Validation Data Eval:
  Num examples: 256  Num correct: 166  Precision @ 1: 0.6484  AUC @ 1: 0.6997
Test Data Eval:
  Num examples: 128  Num correct: 50  Precision @ 1: 0.3906  AUC @ 1: 0.3595
Step 8800: loss = 0.0698 (0.025 sec)
Training Data Eval:
  Num examples: 3840  Num correct: 3840  Precision @ 1: 1.0000  AUC @ 1: 1.0000
Validation Data Eval:
  Num examples: 256  Num correct: 163  Precision @ 1: 0.6367  AUC @ 1: 0.6969
Test Data Eval:
  Num examples: 128  Num correct: 58  Precision @ 1: 0.4531  AUC @ 1: 0.3646
Step 9000: loss = 0.0545 (0.061 sec)
Training Data Eval:
  Num examples: 3840  Num correct: 3840  Precision @ 1: 1.0000  AUC @ 1: 1.0000
Validation Data Eval:
  Num examples: 256  Num correct: 163  Precision @ 1: 0.6367  AUC @ 1: 0.6942
Test Data Eval:
  Num examples: 128  Num correct: 62  Precision @ 1: 0.4844  AUC @ 1: 0.4198
Step 9200: loss = 0.0535 (0.025 sec)
Training Data Eval:
  Num examples: 3840  Num correct: 3838  Precision @ 1: 0.9995  AUC @ 1: 0.9999
Validation Data Eval:
  Num examples: 256  Num correct: 161  Precision @ 1: 0.6289  AUC @ 1: 0.6919
Test Data Eval:
  Num examples: 128  Num correct: 65  Precision @ 1: 0.5078  AUC @ 1: 0.4151
Step 9400: loss = 0.0519 (0.026 sec)
Training Data Eval:
  Num examples: 3840  Num correct: 3840  Precision @ 1: 1.0000  AUC @ 1: 1.0000
Validation Data Eval:
  Num examples: 256  Num correct: 160  Precision @ 1: 0.6250  AUC @ 1: 0.6944
Test Data Eval:
  Num examples: 128  Num correct: 57  Precision @ 1: 0.4453  AUC @ 1: 0.3795
Step 9600: loss = 0.0508 (0.059 sec)
Training Data Eval:
  Num examples: 3840  Num correct: 3840  Precision @ 1: 1.0000  AUC @ 1: 1.0000
Validation Data Eval:
  Num examples: 256  Num correct: 167  Precision @ 1: 0.6523  AUC @ 1: 0.6956
Test Data Eval:
  Num examples: 128  Num correct: 61  Precision @ 1: 0.4766  AUC @ 1: 0.3788
Step 9800: loss = 0.0484 (0.028 sec)
Training Data Eval:
  Num examples: 3840  Num correct: 3840  Precision @ 1: 1.0000  AUC @ 1: 1.0000
Validation Data Eval:
  Num examples: 256  Num correct: 169  Precision @ 1: 0.6602  AUC @ 1: 0.7046
Test Data Eval:
  Num examples: 128  Num correct: 66  Precision @ 1: 0.5156  AUC @ 1: 0.4624
