Training data shape: 	(4141, 30, 64, 2)
Training label shape:	(4141,)
Testing data shape:  	(194, 30, 64, 2)
Testing label shape: 	(194,)
max input value is: 3457.31
min input value is: -4872.95
random permuted training data
==============================================================================
Model: 			inference_stcnn
Tensor Name: 	Placeholder:0
[128, 30, 64, 2]
==============================================================================
Tensor Name: conv0/conv0:0
[128, 1, 60, 4]
==============================================================================
Tensor Name: MaxPool:0
[128, 1, 30, 4]
==============================================================================
Tensor Name: conv1/conv1:0
[128, 1, 26, 8]
==============================================================================
Tensor Name: MaxPool_1:0
[128, 1, 13, 8]
==============================================================================
Tensor Name: conv2/conv2:0
[128, 1, 9, 64]
==============================================================================
Tensor Name: MaxPool_2:0
[128, 1, 4, 64]
==============================================================================
Tensor Name: local1/local1:0
[128, 128]
==============================================================================
Tensor Name: local2/local2:0
[128, 128]
==============================================================================
Tensor Name: softmax_linear/softmax_linear:0
[128, 2]
Step 0: loss = 0.8160 (0.035 sec)
Training Data Eval:
  Num examples: 3840  Num correct: 2196  Precision @ 1: 0.5719  AUC @ 1: 0.5195
Validation Data Eval:
  Num examples: 256  Num correct: 147  Precision @ 1: 0.5742  AUC @ 1: 0.4970
Test Data Eval:
  Num examples: 128  Num correct: 43  Precision @ 1: 0.3359  AUC @ 1: 0.7978
Step 200: loss = 0.8087 (0.019 sec)
Training Data Eval:
  Num examples: 3840  Num correct: 2181  Precision @ 1: 0.5680  AUC @ 1: 0.5245
Validation Data Eval:
  Num examples: 256  Num correct: 147  Precision @ 1: 0.5742  AUC @ 1: 0.4961
Test Data Eval:
  Num examples: 128  Num correct: 65  Precision @ 1: 0.5078  AUC @ 1: 0.8684
Step 400: loss = 0.8093 (0.021 sec)
Training Data Eval:
  Num examples: 3840  Num correct: 2174  Precision @ 1: 0.5661  AUC @ 1: 0.5221
Validation Data Eval:
  Num examples: 256  Num correct: 147  Precision @ 1: 0.5742  AUC @ 1: 0.5012
Test Data Eval:
  Num examples: 128  Num correct: 68  Precision @ 1: 0.5312  AUC @ 1: 0.8873
Step 600: loss = 0.7760 (0.058 sec)
Training Data Eval:
  Num examples: 3840  Num correct: 2182  Precision @ 1: 0.5682  AUC @ 1: 0.5268
Validation Data Eval:
  Num examples: 256  Num correct: 147  Precision @ 1: 0.5742  AUC @ 1: 0.5036
Test Data Eval:
  Num examples: 128  Num correct: 73  Precision @ 1: 0.5703  AUC @ 1: 0.8351
Step 800: loss = 0.8218 (0.022 sec)
Training Data Eval:
  Num examples: 3840  Num correct: 2177  Precision @ 1: 0.5669  AUC @ 1: 0.5255
Validation Data Eval:
  Num examples: 256  Num correct: 147  Precision @ 1: 0.5742  AUC @ 1: 0.5051
Test Data Eval:
  Num examples: 128  Num correct: 75  Precision @ 1: 0.5859  AUC @ 1: 0.8314
Step 1000: loss = 0.7984 (0.021 sec)
Training Data Eval:
  Num examples: 3840  Num correct: 2168  Precision @ 1: 0.5646  AUC @ 1: 0.5272
Validation Data Eval:
  Num examples: 256  Num correct: 147  Precision @ 1: 0.5742  AUC @ 1: 0.5057
Test Data Eval:
  Num examples: 128  Num correct: 67  Precision @ 1: 0.5234  AUC @ 1: 0.8901
Step 1200: loss = 0.7932 (0.054 sec)
Training Data Eval:
  Num examples: 3840  Num correct: 2163  Precision @ 1: 0.5633  AUC @ 1: 0.5284
Validation Data Eval:
  Num examples: 256  Num correct: 147  Precision @ 1: 0.5742  AUC @ 1: 0.5077
Test Data Eval:
  Num examples: 128  Num correct: 74  Precision @ 1: 0.5781  AUC @ 1: 0.8910
Step 1400: loss = 0.7838 (0.019 sec)
Training Data Eval:
  Num examples: 3840  Num correct: 2167  Precision @ 1: 0.5643  AUC @ 1: 0.5501
Validation Data Eval:
  Num examples: 256  Num correct: 147  Precision @ 1: 0.5742  AUC @ 1: 0.5101
Test Data Eval:
  Num examples: 128  Num correct: 71  Precision @ 1: 0.5547  AUC @ 1: 0.9017
Step 1600: loss = 0.8026 (0.020 sec)
Training Data Eval:
  Num examples: 3840  Num correct: 2171  Precision @ 1: 0.5654  AUC @ 1: 0.5335
Validation Data Eval:
  Num examples: 256  Num correct: 147  Precision @ 1: 0.5742  AUC @ 1: 0.5101
Test Data Eval:
  Num examples: 128  Num correct: 76  Precision @ 1: 0.5938  AUC @ 1: 0.8793
Step 1800: loss = 0.8038 (0.061 sec)
Training Data Eval:
  Num examples: 3840  Num correct: 2161  Precision @ 1: 0.5628  AUC @ 1: 0.5368
Validation Data Eval:
  Num examples: 256  Num correct: 147  Precision @ 1: 0.5742  AUC @ 1: 0.5119
Test Data Eval:
  Num examples: 128  Num correct: 72  Precision @ 1: 0.5625  AUC @ 1: 0.8934
Step 2000: loss = 0.7872 (0.019 sec)
Training Data Eval:
  Num examples: 3840  Num correct: 2164  Precision @ 1: 0.5635  AUC @ 1: 0.5415
Validation Data Eval:
  Num examples: 256  Num correct: 147  Precision @ 1: 0.5742  AUC @ 1: 0.5118
Test Data Eval:
  Num examples: 128  Num correct: 77  Precision @ 1: 0.6016  AUC @ 1: 0.8742
Step 2200: loss = 0.7820 (0.022 sec)
Training Data Eval:
  Num examples: 3840  Num correct: 2162  Precision @ 1: 0.5630  AUC @ 1: 0.5359
Validation Data Eval:
  Num examples: 256  Num correct: 147  Precision @ 1: 0.5742  AUC @ 1: 0.5130
Test Data Eval:
  Num examples: 128  Num correct: 74  Precision @ 1: 0.5781  AUC @ 1: 0.8676
Step 2400: loss = 0.7969 (0.063 sec)
Training Data Eval:
  Num examples: 3840  Num correct: 2134  Precision @ 1: 0.5557  AUC @ 1: 0.5290
Validation Data Eval:
  Num examples: 256  Num correct: 147  Precision @ 1: 0.5742  AUC @ 1: 0.5125
Test Data Eval:
  Num examples: 128  Num correct: 71  Precision @ 1: 0.5547  AUC @ 1: 0.8846
Step 2600: loss = 0.7741 (0.020 sec)
Training Data Eval:
  Num examples: 3840  Num correct: 2128  Precision @ 1: 0.5542  AUC @ 1: 0.5459
Validation Data Eval:
  Num examples: 256  Num correct: 147  Precision @ 1: 0.5742  AUC @ 1: 0.5139
Test Data Eval:
  Num examples: 128  Num correct: 74  Precision @ 1: 0.5781  AUC @ 1: 0.8581
Step 2800: loss = 0.8188 (0.019 sec)
Training Data Eval:
  Num examples: 3840  Num correct: 2163  Precision @ 1: 0.5633  AUC @ 1: 0.5356
Validation Data Eval:
  Num examples: 256  Num correct: 147  Precision @ 1: 0.5742  AUC @ 1: 0.5144
Test Data Eval:
  Num examples: 128  Num correct: 70  Precision @ 1: 0.5469  AUC @ 1: 0.8702
Step 3000: loss = 0.7839 (0.056 sec)
Training Data Eval:
  Num examples: 3840  Num correct: 2155  Precision @ 1: 0.5612  AUC @ 1: 0.5354
Validation Data Eval:
  Num examples: 256  Num correct: 147  Precision @ 1: 0.5742  AUC @ 1: 0.5140
Test Data Eval:
  Num examples: 128  Num correct: 73  Precision @ 1: 0.5703  AUC @ 1: 0.8964
Step 3200: loss = 0.7745 (0.020 sec)
Training Data Eval:
  Num examples: 3840  Num correct: 2168  Precision @ 1: 0.5646  AUC @ 1: 0.5355
Validation Data Eval:
  Num examples: 256  Num correct: 147  Precision @ 1: 0.5742  AUC @ 1: 0.5136
Test Data Eval:
  Num examples: 128  Num correct: 80  Precision @ 1: 0.6250  AUC @ 1: 0.8599
Step 3400: loss = 0.7803 (0.019 sec)
Training Data Eval:
  Num examples: 3840  Num correct: 2174  Precision @ 1: 0.5661  AUC @ 1: 0.5353
Validation Data Eval:
  Num examples: 256  Num correct: 147  Precision @ 1: 0.5742  AUC @ 1: 0.5132
Test Data Eval:
  Num examples: 128  Num correct: 68  Precision @ 1: 0.5312  AUC @ 1: 0.8672
Step 3600: loss = 0.7943 (0.055 sec)
Training Data Eval:
  Num examples: 3840  Num correct: 2115  Precision @ 1: 0.5508  AUC @ 1: 0.5336
Validation Data Eval:
  Num examples: 256  Num correct: 147  Precision @ 1: 0.5742  AUC @ 1: 0.5125
Test Data Eval:
  Num examples: 128  Num correct: 67  Precision @ 1: 0.5234  AUC @ 1: 0.8830
Step 3800: loss = 0.7788 (0.020 sec)
Training Data Eval:
  Num examples: 3840  Num correct: 2174  Precision @ 1: 0.5661  AUC @ 1: 0.5424
Validation Data Eval:
  Num examples: 256  Num correct: 147  Precision @ 1: 0.5742  AUC @ 1: 0.5111
Test Data Eval:
  Num examples: 128  Num correct: 68  Precision @ 1: 0.5312  AUC @ 1: 0.8699
Step 4000: loss = 0.7612 (0.021 sec)
Training Data Eval:
  Num examples: 3840  Num correct: 2172  Precision @ 1: 0.5656  AUC @ 1: 0.5373
Validation Data Eval:
  Num examples: 256  Num correct: 147  Precision @ 1: 0.5742  AUC @ 1: 0.5095
Test Data Eval:
  Num examples: 128  Num correct: 69  Precision @ 1: 0.5391  AUC @ 1: 0.8793
Step 4200: loss = 0.8072 (0.057 sec)
Training Data Eval:
  Num examples: 3840  Num correct: 2140  Precision @ 1: 0.5573  AUC @ 1: 0.5365
Validation Data Eval:
  Num examples: 256  Num correct: 147  Precision @ 1: 0.5742  AUC @ 1: 0.5105
Test Data Eval:
  Num examples: 128  Num correct: 76  Precision @ 1: 0.5938  AUC @ 1: 0.8980
Step 4400: loss = 0.7741 (0.020 sec)
Training Data Eval:
  Num examples: 3840  Num correct: 2167  Precision @ 1: 0.5643  AUC @ 1: 0.5369
Validation Data Eval:
  Num examples: 256  Num correct: 147  Precision @ 1: 0.5742  AUC @ 1: 0.5100
Test Data Eval:
  Num examples: 128  Num correct: 75  Precision @ 1: 0.5859  AUC @ 1: 0.8792
Step 4600: loss = 0.7631 (0.019 sec)
Training Data Eval:
  Num examples: 3840  Num correct: 2169  Precision @ 1: 0.5648  AUC @ 1: 0.5364
Validation Data Eval:
  Num examples: 256  Num correct: 147  Precision @ 1: 0.5742  AUC @ 1: 0.5106
Test Data Eval:
  Num examples: 128  Num correct: 66  Precision @ 1: 0.5156  AUC @ 1: 0.8543
Step 4800: loss = 0.7849 (0.058 sec)
Training Data Eval:
  Num examples: 3840  Num correct: 2148  Precision @ 1: 0.5594  AUC @ 1: 0.5414
Validation Data Eval:
  Num examples: 256  Num correct: 147  Precision @ 1: 0.5742  AUC @ 1: 0.5092
Test Data Eval:
  Num examples: 128  Num correct: 74  Precision @ 1: 0.5781  AUC @ 1: 0.8744
Step 5000: loss = 0.7778 (0.021 sec)
Training Data Eval:
  Num examples: 3840  Num correct: 2165  Precision @ 1: 0.5638  AUC @ 1: 0.5457
Validation Data Eval:
  Num examples: 256  Num correct: 147  Precision @ 1: 0.5742  AUC @ 1: 0.5095
Test Data Eval:
  Num examples: 128  Num correct: 65  Precision @ 1: 0.5078  AUC @ 1: 0.8379
Step 5200: loss = 0.7734 (0.022 sec)
Training Data Eval:
  Num examples: 3840  Num correct: 2169  Precision @ 1: 0.5648  AUC @ 1: 0.5396
Validation Data Eval:
  Num examples: 256  Num correct: 147  Precision @ 1: 0.5742  AUC @ 1: 0.5087
Test Data Eval:
  Num examples: 128  Num correct: 74  Precision @ 1: 0.5781  AUC @ 1: 0.8924
Step 5400: loss = 0.7865 (0.054 sec)
Training Data Eval:
  Num examples: 3840  Num correct: 2141  Precision @ 1: 0.5576  AUC @ 1: 0.5345
Validation Data Eval:
  Num examples: 256  Num correct: 147  Precision @ 1: 0.5742  AUC @ 1: 0.5084
Test Data Eval:
  Num examples: 128  Num correct: 73  Precision @ 1: 0.5703  AUC @ 1: 0.8663
Step 5600: loss = 0.7778 (0.021 sec)
Training Data Eval:
  Num examples: 3840  Num correct: 2158  Precision @ 1: 0.5620  AUC @ 1: 0.5333
Validation Data Eval:
  Num examples: 256  Num correct: 147  Precision @ 1: 0.5742  AUC @ 1: 0.5084
Test Data Eval:
  Num examples: 128  Num correct: 68  Precision @ 1: 0.5312  AUC @ 1: 0.8498
Step 5800: loss = 0.7750 (0.020 sec)
Training Data Eval:
  Num examples: 3840  Num correct: 2171  Precision @ 1: 0.5654  AUC @ 1: 0.5407
Validation Data Eval:
  Num examples: 256  Num correct: 147  Precision @ 1: 0.5742  AUC @ 1: 0.5077
Test Data Eval:
  Num examples: 128  Num correct: 71  Precision @ 1: 0.5547  AUC @ 1: 0.8681
Step 6000: loss = 0.7885 (0.054 sec)
Training Data Eval:
  Num examples: 3840  Num correct: 2165  Precision @ 1: 0.5638  AUC @ 1: 0.5331
Validation Data Eval:
  Num examples: 256  Num correct: 147  Precision @ 1: 0.5742  AUC @ 1: 0.5077
Test Data Eval:
  Num examples: 128  Num correct: 72  Precision @ 1: 0.5625  AUC @ 1: 0.8542
Step 6200: loss = 0.7815 (0.020 sec)
Training Data Eval:
  Num examples: 3840  Num correct: 2168  Precision @ 1: 0.5646  AUC @ 1: 0.5396
Validation Data Eval:
  Num examples: 256  Num correct: 147  Precision @ 1: 0.5742  AUC @ 1: 0.5069
Test Data Eval:
  Num examples: 128  Num correct: 72  Precision @ 1: 0.5625  AUC @ 1: 0.8596
Step 6400: loss = 0.7868 (0.021 sec)
Training Data Eval:
  Num examples: 3840  Num correct: 2171  Precision @ 1: 0.5654  AUC @ 1: 0.5395
Validation Data Eval:
  Num examples: 256  Num correct: 147  Precision @ 1: 0.5742  AUC @ 1: 0.5074
Test Data Eval:
  Num examples: 128  Num correct: 69  Precision @ 1: 0.5391  AUC @ 1: 0.8713
Step 6600: loss = 0.7659 (0.056 sec)
Training Data Eval:
  Num examples: 3840  Num correct: 2188  Precision @ 1: 0.5698  AUC @ 1: 0.5474
Validation Data Eval:
  Num examples: 256  Num correct: 147  Precision @ 1: 0.5742  AUC @ 1: 0.5072
Test Data Eval:
  Num examples: 128  Num correct: 65  Precision @ 1: 0.5078  AUC @ 1: 0.8466
Step 6800: loss = 0.7818 (0.022 sec)
Training Data Eval:
  Num examples: 3840  Num correct: 2147  Precision @ 1: 0.5591  AUC @ 1: 0.5468
Validation Data Eval:
  Num examples: 256  Num correct: 147  Precision @ 1: 0.5742  AUC @ 1: 0.5082
Test Data Eval:
  Num examples: 128  Num correct: 68  Precision @ 1: 0.5312  AUC @ 1: 0.8652
Step 7000: loss = 0.7751 (0.020 sec)
Training Data Eval:
  Num examples: 3840  Num correct: 2167  Precision @ 1: 0.5643  AUC @ 1: 0.5411
Validation Data Eval:
  Num examples: 256  Num correct: 147  Precision @ 1: 0.5742  AUC @ 1: 0.5086
Test Data Eval:
  Num examples: 128  Num correct: 68  Precision @ 1: 0.5312  AUC @ 1: 0.8859
Step 7200: loss = 0.7804 (0.059 sec)
Training Data Eval:
  Num examples: 3840  Num correct: 2149  Precision @ 1: 0.5596  AUC @ 1: 0.5381
Validation Data Eval:
  Num examples: 256  Num correct: 147  Precision @ 1: 0.5742  AUC @ 1: 0.5091
Test Data Eval:
  Num examples: 128  Num correct: 68  Precision @ 1: 0.5312  AUC @ 1: 0.8765
Step 7400: loss = 0.7824 (0.020 sec)
Training Data Eval:
  Num examples: 3840  Num correct: 2147  Precision @ 1: 0.5591  AUC @ 1: 0.5342
Validation Data Eval:
  Num examples: 256  Num correct: 147  Precision @ 1: 0.5742  AUC @ 1: 0.5096
Test Data Eval:
  Num examples: 128  Num correct: 73  Precision @ 1: 0.5703  AUC @ 1: 0.8737
Step 7600: loss = 0.8058 (0.021 sec)
Training Data Eval:
  Num examples: 3840  Num correct: 2165  Precision @ 1: 0.5638  AUC @ 1: 0.5405
Validation Data Eval:
  Num examples: 256  Num correct: 147  Precision @ 1: 0.5742  AUC @ 1: 0.5102
Test Data Eval:
  Num examples: 128  Num correct: 73  Precision @ 1: 0.5703  AUC @ 1: 0.8555
Step 7800: loss = 0.7660 (0.054 sec)
Training Data Eval:
  Num examples: 3840  Num correct: 2170  Precision @ 1: 0.5651  AUC @ 1: 0.5389
Validation Data Eval:
  Num examples: 256  Num correct: 147  Precision @ 1: 0.5742  AUC @ 1: 0.5108
Test Data Eval:
  Num examples: 128  Num correct: 68  Precision @ 1: 0.5312  AUC @ 1: 0.8760
Step 8000: loss = 0.7596 (0.020 sec)
Training Data Eval:
  Num examples: 3840  Num correct: 2205  Precision @ 1: 0.5742  AUC @ 1: 0.5367
Validation Data Eval:
  Num examples: 256  Num correct: 147  Precision @ 1: 0.5742  AUC @ 1: 0.5114
Test Data Eval:
  Num examples: 128  Num correct: 73  Precision @ 1: 0.5703  AUC @ 1: 0.8386
Step 8200: loss = 0.7609 (0.021 sec)
Training Data Eval:
  Num examples: 3840  Num correct: 2166  Precision @ 1: 0.5641  AUC @ 1: 0.5410
Validation Data Eval:
  Num examples: 256  Num correct: 147  Precision @ 1: 0.5742  AUC @ 1: 0.5121
Test Data Eval:
  Num examples: 128  Num correct: 71  Precision @ 1: 0.5547  AUC @ 1: 0.8147
Step 8400: loss = 0.7711 (0.059 sec)
Training Data Eval:
  Num examples: 3840  Num correct: 2169  Precision @ 1: 0.5648  AUC @ 1: 0.5366
Validation Data Eval:
  Num examples: 256  Num correct: 147  Precision @ 1: 0.5742  AUC @ 1: 0.5126
Test Data Eval:
  Num examples: 128  Num correct: 73  Precision @ 1: 0.5703  AUC @ 1: 0.8232
Step 8600: loss = 0.7906 (0.021 sec)
Training Data Eval:
  Num examples: 3840  Num correct: 2150  Precision @ 1: 0.5599  AUC @ 1: 0.5273
Validation Data Eval:
  Num examples: 256  Num correct: 147  Precision @ 1: 0.5742  AUC @ 1: 0.5125
Test Data Eval:
  Num examples: 128  Num correct: 74  Precision @ 1: 0.5781  AUC @ 1: 0.8346
Step 8800: loss = 0.7671 (0.021 sec)
Training Data Eval:
  Num examples: 3840  Num correct: 2173  Precision @ 1: 0.5659  AUC @ 1: 0.5416
Validation Data Eval:
  Num examples: 256  Num correct: 147  Precision @ 1: 0.5742  AUC @ 1: 0.5130
Test Data Eval:
  Num examples: 128  Num correct: 74  Precision @ 1: 0.5781  AUC @ 1: 0.8674
Step 9000: loss = 0.7997 (0.061 sec)
Training Data Eval:
  Num examples: 3840  Num correct: 2175  Precision @ 1: 0.5664  AUC @ 1: 0.5393
Validation Data Eval:
  Num examples: 256  Num correct: 147  Precision @ 1: 0.5742  AUC @ 1: 0.5127
Test Data Eval:
  Num examples: 128  Num correct: 71  Precision @ 1: 0.5547  AUC @ 1: 0.8367
Step 9200: loss = 0.7751 (0.020 sec)
Training Data Eval:
  Num examples: 3840  Num correct: 2178  Precision @ 1: 0.5672  AUC @ 1: 0.5409
Validation Data Eval:
  Num examples: 256  Num correct: 147  Precision @ 1: 0.5742  AUC @ 1: 0.5134
Test Data Eval:
  Num examples: 128  Num correct: 78  Precision @ 1: 0.6094  AUC @ 1: 0.8310
Step 9400: loss = 0.7891 (0.022 sec)
Training Data Eval:
  Num examples: 3840  Num correct: 2172  Precision @ 1: 0.5656  AUC @ 1: 0.5427
Validation Data Eval:
  Num examples: 256  Num correct: 147  Precision @ 1: 0.5742  AUC @ 1: 0.5139
Test Data Eval:
  Num examples: 128  Num correct: 65  Precision @ 1: 0.5078  AUC @ 1: 0.8567
Step 9600: loss = 0.7776 (0.056 sec)
Training Data Eval:
  Num examples: 3840  Num correct: 2174  Precision @ 1: 0.5661  AUC @ 1: 0.5264
Validation Data Eval:
  Num examples: 256  Num correct: 147  Precision @ 1: 0.5742  AUC @ 1: 0.5140
Test Data Eval:
  Num examples: 128  Num correct: 76  Precision @ 1: 0.5938  AUC @ 1: 0.8601
Step 9800: loss = 0.7774 (0.022 sec)
Training Data Eval:
  Num examples: 3840  Num correct: 2189  Precision @ 1: 0.5701  AUC @ 1: 0.5411
Validation Data Eval:
  Num examples: 256  Num correct: 147  Precision @ 1: 0.5742  AUC @ 1: 0.5139
Test Data Eval:
  Num examples: 128  Num correct: 69  Precision @ 1: 0.5391  AUC @ 1: 0.8497
