Training data shape: 	(4145, 30, 64, 2)
Training label shape:	(4145,)
Testing data shape:  	(190, 30, 64, 2)
Testing label shape: 	(190,)
max input value is: 3457.31
min input value is: -4872.95
random permuted training data
==============================================================================
Model: 			inference_stcnn
Tensor Name: 	Placeholder:0
[128, 30, 64, 2]
==============================================================================
Tensor Name: conv0/conv0:0
[128, 1, 60, 16]
==============================================================================
Tensor Name: MaxPool:0
[128, 1, 30, 16]
==============================================================================
Tensor Name: conv1/conv1:0
[128, 1, 26, 4]
==============================================================================
Tensor Name: MaxPool_1:0
[128, 1, 13, 4]
==============================================================================
Tensor Name: local1/local1:0
[128, 128]
==============================================================================
Tensor Name: local2/local2:0
[128, 128]
==============================================================================
Tensor Name: softmax_linear/softmax_linear:0
[128, 2]
Step 0: loss = 0.7498 (0.039 sec)
Training Data Eval:
  Num examples: 3840  Num correct: 2194  Precision @ 1: 0.5714  AUC @ 1: 0.5108
Validation Data Eval:
  Num examples: 256  Num correct: 148  Precision @ 1: 0.5781  AUC @ 1: 0.5097
Test Data Eval:
  Num examples: 128  Num correct: 45  Precision @ 1: 0.3516  AUC @ 1: 0.1100
Step 200: loss = 0.7380 (0.027 sec)
Training Data Eval:
  Num examples: 3840  Num correct: 2233  Precision @ 1: 0.5815  AUC @ 1: 0.5370
Validation Data Eval:
  Num examples: 256  Num correct: 148  Precision @ 1: 0.5781  AUC @ 1: 0.5190
Test Data Eval:
  Num examples: 128  Num correct: 72  Precision @ 1: 0.5625  AUC @ 1: 0.0980
Step 400: loss = 0.7222 (0.026 sec)
Training Data Eval:
  Num examples: 3840  Num correct: 2167  Precision @ 1: 0.5643  AUC @ 1: 0.5293
Validation Data Eval:
  Num examples: 256  Num correct: 148  Precision @ 1: 0.5781  AUC @ 1: 0.5171
Test Data Eval:
  Num examples: 128  Num correct: 80  Precision @ 1: 0.6250  AUC @ 1: 0.1984
Step 600: loss = 0.7257 (0.063 sec)
Training Data Eval:
  Num examples: 3840  Num correct: 2149  Precision @ 1: 0.5596  AUC @ 1: 0.5390
Validation Data Eval:
  Num examples: 256  Num correct: 148  Precision @ 1: 0.5781  AUC @ 1: 0.5163
Test Data Eval:
  Num examples: 128  Num correct: 71  Precision @ 1: 0.5547  AUC @ 1: 0.2908
Step 800: loss = 0.7303 (0.026 sec)
Training Data Eval:
  Num examples: 3840  Num correct: 2159  Precision @ 1: 0.5622  AUC @ 1: 0.5466
Validation Data Eval:
  Num examples: 256  Num correct: 148  Precision @ 1: 0.5781  AUC @ 1: 0.5124
Test Data Eval:
  Num examples: 128  Num correct: 74  Precision @ 1: 0.5781  AUC @ 1: 0.3646
Step 1000: loss = 0.7289 (0.027 sec)
Training Data Eval:
  Num examples: 3840  Num correct: 2171  Precision @ 1: 0.5654  AUC @ 1: 0.5593
Validation Data Eval:
  Num examples: 256  Num correct: 148  Precision @ 1: 0.5781  AUC @ 1: 0.5111
Test Data Eval:
  Num examples: 128  Num correct: 70  Precision @ 1: 0.5469  AUC @ 1: 0.4478
Step 1200: loss = 0.7386 (0.067 sec)
Training Data Eval:
  Num examples: 3840  Num correct: 2149  Precision @ 1: 0.5596  AUC @ 1: 0.5751
Validation Data Eval:
  Num examples: 256  Num correct: 148  Precision @ 1: 0.5781  AUC @ 1: 0.5044
Test Data Eval:
  Num examples: 128  Num correct: 71  Precision @ 1: 0.5547  AUC @ 1: 0.5599
Step 1400: loss = 0.7441 (0.026 sec)
Training Data Eval:
  Num examples: 3840  Num correct: 2162  Precision @ 1: 0.5630  AUC @ 1: 0.5733
Validation Data Eval:
  Num examples: 256  Num correct: 148  Precision @ 1: 0.5781  AUC @ 1: 0.4958
Test Data Eval:
  Num examples: 128  Num correct: 73  Precision @ 1: 0.5703  AUC @ 1: 0.5103
Step 1600: loss = 0.7543 (0.025 sec)
Training Data Eval:
  Num examples: 3840  Num correct: 2162  Precision @ 1: 0.5630  AUC @ 1: 0.5932
Validation Data Eval:
  Num examples: 256  Num correct: 148  Precision @ 1: 0.5781  AUC @ 1: 0.4972
Test Data Eval:
  Num examples: 128  Num correct: 76  Precision @ 1: 0.5938  AUC @ 1: 0.6301
Step 1800: loss = 0.7304 (0.062 sec)
Training Data Eval:
  Num examples: 3840  Num correct: 2180  Precision @ 1: 0.5677  AUC @ 1: 0.6000
Validation Data Eval:
  Num examples: 256  Num correct: 148  Precision @ 1: 0.5781  AUC @ 1: 0.5048
Test Data Eval:
  Num examples: 128  Num correct: 75  Precision @ 1: 0.5859  AUC @ 1: 0.6508
Step 2000: loss = 0.7360 (0.026 sec)
Training Data Eval:
  Num examples: 3840  Num correct: 2163  Precision @ 1: 0.5633  AUC @ 1: 0.6053
Validation Data Eval:
  Num examples: 256  Num correct: 148  Precision @ 1: 0.5781  AUC @ 1: 0.5121
Test Data Eval:
  Num examples: 128  Num correct: 74  Precision @ 1: 0.5781  AUC @ 1: 0.6416
Step 2200: loss = 0.7185 (0.028 sec)
Training Data Eval:
  Num examples: 3840  Num correct: 2173  Precision @ 1: 0.5659  AUC @ 1: 0.6081
Validation Data Eval:
  Num examples: 256  Num correct: 148  Precision @ 1: 0.5781  AUC @ 1: 0.5184
Test Data Eval:
  Num examples: 128  Num correct: 72  Precision @ 1: 0.5625  AUC @ 1: 0.5893
Step 2400: loss = 0.7363 (0.062 sec)
Training Data Eval:
  Num examples: 3840  Num correct: 2170  Precision @ 1: 0.5651  AUC @ 1: 0.6132
Validation Data Eval:
  Num examples: 256  Num correct: 148  Precision @ 1: 0.5781  AUC @ 1: 0.5196
Test Data Eval:
  Num examples: 128  Num correct: 75  Precision @ 1: 0.5859  AUC @ 1: 0.6594
Step 2600: loss = 0.7160 (0.026 sec)
Training Data Eval:
  Num examples: 3840  Num correct: 2291  Precision @ 1: 0.5966  AUC @ 1: 0.6203
Validation Data Eval:
  Num examples: 256  Num correct: 154  Precision @ 1: 0.6016  AUC @ 1: 0.5212
Test Data Eval:
  Num examples: 128  Num correct: 67  Precision @ 1: 0.5234  AUC @ 1: 0.6589
Step 2800: loss = 0.6993 (0.025 sec)
Training Data Eval:
  Num examples: 3840  Num correct: 2269  Precision @ 1: 0.5909  AUC @ 1: 0.6263
Validation Data Eval:
  Num examples: 256  Num correct: 150  Precision @ 1: 0.5859  AUC @ 1: 0.5253
Test Data Eval:
  Num examples: 128  Num correct: 66  Precision @ 1: 0.5156  AUC @ 1: 0.6727
Step 3000: loss = 0.7291 (0.061 sec)
Training Data Eval:
  Num examples: 3840  Num correct: 2315  Precision @ 1: 0.6029  AUC @ 1: 0.6380
Validation Data Eval:
  Num examples: 256  Num correct: 145  Precision @ 1: 0.5664  AUC @ 1: 0.5275
Test Data Eval:
  Num examples: 128  Num correct: 68  Precision @ 1: 0.5312  AUC @ 1: 0.6351
Step 3200: loss = 0.7240 (0.026 sec)
Training Data Eval:
  Num examples: 3840  Num correct: 2317  Precision @ 1: 0.6034  AUC @ 1: 0.6491
Validation Data Eval:
  Num examples: 256  Num correct: 152  Precision @ 1: 0.5938  AUC @ 1: 0.5330
Test Data Eval:
  Num examples: 128  Num correct: 71  Precision @ 1: 0.5547  AUC @ 1: 0.6295
Step 3400: loss = 0.6965 (0.025 sec)
Training Data Eval:
  Num examples: 3840  Num correct: 2534  Precision @ 1: 0.6599  AUC @ 1: 0.6713
Validation Data Eval:
  Num examples: 256  Num correct: 142  Precision @ 1: 0.5547  AUC @ 1: 0.5397
Test Data Eval:
  Num examples: 128  Num correct: 77  Precision @ 1: 0.6016  AUC @ 1: 0.6498
Step 3600: loss = 0.7224 (0.061 sec)
Training Data Eval:
  Num examples: 3840  Num correct: 2620  Precision @ 1: 0.6823  AUC @ 1: 0.6967
Validation Data Eval:
  Num examples: 256  Num correct: 144  Precision @ 1: 0.5625  AUC @ 1: 0.5452
Test Data Eval:
  Num examples: 128  Num correct: 85  Precision @ 1: 0.6641  AUC @ 1: 0.7091
Step 3800: loss = 0.6935 (0.025 sec)
Training Data Eval:
  Num examples: 3840  Num correct: 2708  Precision @ 1: 0.7052  AUC @ 1: 0.7444
Validation Data Eval:
  Num examples: 256  Num correct: 148  Precision @ 1: 0.5781  AUC @ 1: 0.5425
Test Data Eval:
  Num examples: 128  Num correct: 68  Precision @ 1: 0.5312  AUC @ 1: 0.5868
Step 4000: loss = 0.6544 (0.026 sec)
Training Data Eval:
  Num examples: 3840  Num correct: 2833  Precision @ 1: 0.7378  AUC @ 1: 0.8044
Validation Data Eval:
  Num examples: 256  Num correct: 157  Precision @ 1: 0.6133  AUC @ 1: 0.5581
Test Data Eval:
  Num examples: 128  Num correct: 72  Precision @ 1: 0.5625  AUC @ 1: 0.5701
Step 4200: loss = 0.6409 (0.062 sec)
Training Data Eval:
  Num examples: 3840  Num correct: 2963  Precision @ 1: 0.7716  AUC @ 1: 0.8522
Validation Data Eval:
  Num examples: 256  Num correct: 153  Precision @ 1: 0.5977  AUC @ 1: 0.5945
Test Data Eval:
  Num examples: 128  Num correct: 73  Precision @ 1: 0.5703  AUC @ 1: 0.4990
Step 4400: loss = 0.5697 (0.025 sec)
Training Data Eval:
  Num examples: 3840  Num correct: 2977  Precision @ 1: 0.7753  AUC @ 1: 0.8764
Validation Data Eval:
  Num examples: 256  Num correct: 161  Precision @ 1: 0.6289  AUC @ 1: 0.6021
Test Data Eval:
  Num examples: 128  Num correct: 61  Precision @ 1: 0.4766  AUC @ 1: 0.4033
Step 4600: loss = 0.5666 (0.025 sec)
Training Data Eval:
  Num examples: 3840  Num correct: 3154  Precision @ 1: 0.8214  AUC @ 1: 0.9159
Validation Data Eval:
  Num examples: 256  Num correct: 153  Precision @ 1: 0.5977  AUC @ 1: 0.6231
Test Data Eval:
  Num examples: 128  Num correct: 65  Precision @ 1: 0.5078  AUC @ 1: 0.5186
Step 4800: loss = 0.4432 (0.059 sec)
Training Data Eval:
  Num examples: 3840  Num correct: 3043  Precision @ 1: 0.7924  AUC @ 1: 0.9153
Validation Data Eval:
  Num examples: 256  Num correct: 162  Precision @ 1: 0.6328  AUC @ 1: 0.6191
Test Data Eval:
  Num examples: 128  Num correct: 67  Precision @ 1: 0.5234  AUC @ 1: 0.3557
Step 5000: loss = 0.5220 (0.026 sec)
Training Data Eval:
  Num examples: 3840  Num correct: 3150  Precision @ 1: 0.8203  AUC @ 1: 0.9176
Validation Data Eval:
  Num examples: 256  Num correct: 149  Precision @ 1: 0.5820  AUC @ 1: 0.6150
Test Data Eval:
  Num examples: 128  Num correct: 68  Precision @ 1: 0.5312  AUC @ 1: 0.4366
Step 5200: loss = 0.4310 (0.025 sec)
Training Data Eval:
  Num examples: 3840  Num correct: 3220  Precision @ 1: 0.8385  AUC @ 1: 0.9378
Validation Data Eval:
  Num examples: 256  Num correct: 167  Precision @ 1: 0.6523  AUC @ 1: 0.6866
Test Data Eval:
  Num examples: 128  Num correct: 63  Precision @ 1: 0.4922  AUC @ 1: 0.4347
Step 5400: loss = 0.4155 (0.063 sec)
Training Data Eval:
  Num examples: 3840  Num correct: 3398  Precision @ 1: 0.8849  AUC @ 1: 0.9668
Validation Data Eval:
  Num examples: 256  Num correct: 164  Precision @ 1: 0.6406  AUC @ 1: 0.6714
Test Data Eval:
  Num examples: 128  Num correct: 66  Precision @ 1: 0.5156  AUC @ 1: 0.4127
Step 5600: loss = 0.2639 (0.026 sec)
Training Data Eval:
  Num examples: 3840  Num correct: 3548  Precision @ 1: 0.9240  AUC @ 1: 0.9779
Validation Data Eval:
  Num examples: 256  Num correct: 166  Precision @ 1: 0.6484  AUC @ 1: 0.6791
Test Data Eval:
  Num examples: 128  Num correct: 74  Precision @ 1: 0.5781  AUC @ 1: 0.4809
Step 5800: loss = 0.3542 (0.025 sec)
Training Data Eval:
  Num examples: 3840  Num correct: 3556  Precision @ 1: 0.9260  AUC @ 1: 0.9824
Validation Data Eval:
  Num examples: 256  Num correct: 166  Precision @ 1: 0.6484  AUC @ 1: 0.6809
Test Data Eval:
  Num examples: 128  Num correct: 66  Precision @ 1: 0.5156  AUC @ 1: 0.4576
Step 6000: loss = 0.2722 (0.062 sec)
Training Data Eval:
  Num examples: 3840  Num correct: 3670  Precision @ 1: 0.9557  AUC @ 1: 0.9906
Validation Data Eval:
  Num examples: 256  Num correct: 161  Precision @ 1: 0.6289  AUC @ 1: 0.6468
Test Data Eval:
  Num examples: 128  Num correct: 66  Precision @ 1: 0.5156  AUC @ 1: 0.4247
Step 6200: loss = 0.2002 (0.025 sec)
Training Data Eval:
  Num examples: 3840  Num correct: 3632  Precision @ 1: 0.9458  AUC @ 1: 0.9875
Validation Data Eval:
  Num examples: 256  Num correct: 162  Precision @ 1: 0.6328  AUC @ 1: 0.6410
Test Data Eval:
  Num examples: 128  Num correct: 67  Precision @ 1: 0.5234  AUC @ 1: 0.4213
Step 6400: loss = 0.2603 (0.026 sec)
Training Data Eval:
  Num examples: 3840  Num correct: 3710  Precision @ 1: 0.9661  AUC @ 1: 0.9935
Validation Data Eval:
  Num examples: 256  Num correct: 164  Precision @ 1: 0.6406  AUC @ 1: 0.6642
Test Data Eval:
  Num examples: 128  Num correct: 76  Precision @ 1: 0.5938  AUC @ 1: 0.5074
Step 6600: loss = 0.1883 (0.068 sec)
Training Data Eval:
  Num examples: 3840  Num correct: 3746  Precision @ 1: 0.9755  AUC @ 1: 0.9928
Validation Data Eval:
  Num examples: 256  Num correct: 165  Precision @ 1: 0.6445  AUC @ 1: 0.6458
Test Data Eval:
  Num examples: 128  Num correct: 65  Precision @ 1: 0.5078  AUC @ 1: 0.4630
Step 6800: loss = 0.1545 (0.025 sec)
Training Data Eval:
  Num examples: 3840  Num correct: 3688  Precision @ 1: 0.9604  AUC @ 1: 0.9899
Validation Data Eval:
  Num examples: 256  Num correct: 146  Precision @ 1: 0.5703  AUC @ 1: 0.6151
Test Data Eval:
  Num examples: 128  Num correct: 64  Precision @ 1: 0.5000  AUC @ 1: 0.5536
Step 7000: loss = 0.1827 (0.025 sec)
Training Data Eval:
  Num examples: 3840  Num correct: 3795  Precision @ 1: 0.9883  AUC @ 1: 0.9969
Validation Data Eval:
  Num examples: 256  Num correct: 160  Precision @ 1: 0.6250  AUC @ 1: 0.6351
Test Data Eval:
  Num examples: 128  Num correct: 62  Precision @ 1: 0.4844  AUC @ 1: 0.4652
Step 7200: loss = 0.1284 (0.061 sec)
Training Data Eval:
  Num examples: 3840  Num correct: 3824  Precision @ 1: 0.9958  AUC @ 1: 0.9988
Validation Data Eval:
  Num examples: 256  Num correct: 157  Precision @ 1: 0.6133  AUC @ 1: 0.6439
Test Data Eval:
  Num examples: 128  Num correct: 64  Precision @ 1: 0.5000  AUC @ 1: 0.4502
Step 7400: loss = 0.1067 (0.026 sec)
Training Data Eval:
  Num examples: 3840  Num correct: 3801  Precision @ 1: 0.9898  AUC @ 1: 0.9954
Validation Data Eval:
  Num examples: 256  Num correct: 155  Precision @ 1: 0.6055  AUC @ 1: 0.6426
Test Data Eval:
  Num examples: 128  Num correct: 60  Precision @ 1: 0.4688  AUC @ 1: 0.4416
Step 7600: loss = 0.1441 (0.024 sec)
Training Data Eval:
  Num examples: 3840  Num correct: 3819  Precision @ 1: 0.9945  AUC @ 1: 0.9985
Validation Data Eval:
  Num examples: 256  Num correct: 159  Precision @ 1: 0.6211  AUC @ 1: 0.6488
Test Data Eval:
  Num examples: 128  Num correct: 61  Precision @ 1: 0.4766  AUC @ 1: 0.4110
Step 7800: loss = 0.0773 (0.061 sec)
Training Data Eval:
  Num examples: 3840  Num correct: 3815  Precision @ 1: 0.9935  AUC @ 1: 0.9975
Validation Data Eval:
  Num examples: 256  Num correct: 157  Precision @ 1: 0.6133  AUC @ 1: 0.6474
Test Data Eval:
  Num examples: 128  Num correct: 62  Precision @ 1: 0.4844  AUC @ 1: 0.4850
Step 8000: loss = 0.2789 (0.027 sec)
Training Data Eval:
  Num examples: 3840  Num correct: 3826  Precision @ 1: 0.9964  AUC @ 1: 0.9984
Validation Data Eval:
  Num examples: 256  Num correct: 161  Precision @ 1: 0.6289  AUC @ 1: 0.6632
Test Data Eval:
  Num examples: 128  Num correct: 63  Precision @ 1: 0.4922  AUC @ 1: 0.4352
Step 8200: loss = 0.0887 (0.026 sec)
Training Data Eval:
  Num examples: 3840  Num correct: 3790  Precision @ 1: 0.9870  AUC @ 1: 0.9968
Validation Data Eval:
  Num examples: 256  Num correct: 159  Precision @ 1: 0.6211  AUC @ 1: 0.6593
Test Data Eval:
  Num examples: 128  Num correct: 65  Precision @ 1: 0.5078  AUC @ 1: 0.4577
Step 8400: loss = 0.1232 (0.066 sec)
Training Data Eval:
  Num examples: 3840  Num correct: 3821  Precision @ 1: 0.9951  AUC @ 1: 0.9985
Validation Data Eval:
  Num examples: 256  Num correct: 159  Precision @ 1: 0.6211  AUC @ 1: 0.6626
Test Data Eval:
  Num examples: 128  Num correct: 67  Precision @ 1: 0.5234  AUC @ 1: 0.4094
Step 8600: loss = 0.0972 (0.025 sec)
Training Data Eval:
  Num examples: 3840  Num correct: 3804  Precision @ 1: 0.9906  AUC @ 1: 0.9983
Validation Data Eval:
  Num examples: 256  Num correct: 153  Precision @ 1: 0.5977  AUC @ 1: 0.6398
Test Data Eval:
  Num examples: 128  Num correct: 71  Precision @ 1: 0.5547  AUC @ 1: 0.4633
Step 8800: loss = 0.0752 (0.027 sec)
Training Data Eval:
  Num examples: 3840  Num correct: 3635  Precision @ 1: 0.9466  AUC @ 1: 0.9956
Validation Data Eval:
  Num examples: 256  Num correct: 163  Precision @ 1: 0.6367  AUC @ 1: 0.6643
Test Data Eval:
  Num examples: 128  Num correct: 63  Precision @ 1: 0.4922  AUC @ 1: 0.3543
Step 9000: loss = 0.1734 (0.059 sec)
Training Data Eval:
  Num examples: 3840  Num correct: 3837  Precision @ 1: 0.9992  AUC @ 1: 1.0000
Validation Data Eval:
  Num examples: 256  Num correct: 157  Precision @ 1: 0.6133  AUC @ 1: 0.6281
Test Data Eval:
  Num examples: 128  Num correct: 68  Precision @ 1: 0.5312  AUC @ 1: 0.4191
Step 9200: loss = 0.0608 (0.026 sec)
Training Data Eval:
  Num examples: 3840  Num correct: 3835  Precision @ 1: 0.9987  AUC @ 1: 0.9993
Validation Data Eval:
  Num examples: 256  Num correct: 155  Precision @ 1: 0.6055  AUC @ 1: 0.6513
Test Data Eval:
  Num examples: 128  Num correct: 66  Precision @ 1: 0.5156  AUC @ 1: 0.4757
Step 9400: loss = 0.5851 (0.024 sec)
Training Data Eval:
  Num examples: 3840  Num correct: 3835  Precision @ 1: 0.9987  AUC @ 1: 0.9998
Validation Data Eval:
  Num examples: 256  Num correct: 154  Precision @ 1: 0.6016  AUC @ 1: 0.6446
Test Data Eval:
  Num examples: 128  Num correct: 69  Precision @ 1: 0.5391  AUC @ 1: 0.5066
Step 9600: loss = 0.0567 (0.059 sec)
Training Data Eval:
  Num examples: 3840  Num correct: 3840  Precision @ 1: 1.0000  AUC @ 1: 1.0000
Validation Data Eval:
  Num examples: 256  Num correct: 156  Precision @ 1: 0.6094  AUC @ 1: 0.6486
Test Data Eval:
  Num examples: 128  Num correct: 64  Precision @ 1: 0.5000  AUC @ 1: 0.4579
Step 9800: loss = 0.0575 (0.026 sec)
Training Data Eval:
  Num examples: 3840  Num correct: 3833  Precision @ 1: 0.9982  AUC @ 1: 0.9995
Validation Data Eval:
  Num examples: 256  Num correct: 153  Precision @ 1: 0.5977  AUC @ 1: 0.6387
Test Data Eval:
  Num examples: 128  Num correct: 64  Precision @ 1: 0.5000  AUC @ 1: 0.3776
