Training data shape: 	(4145, 30, 64, 2)
Training label shape:	(4145,)
Testing data shape:  	(190, 30, 64, 2)
Testing label shape: 	(190,)
max input value is: 3457.31
min input value is: -4872.95
random permuted training data
==============================================================================
Model: 			inference_stcnn
Tensor Name: 	Placeholder:0
[128, 30, 64, 2]
==============================================================================
Tensor Name: conv0/conv0:0
[128, 1, 60, 32]
==============================================================================
Tensor Name: MaxPool:0
[128, 1, 30, 32]
==============================================================================
Tensor Name: conv1/conv1:0
[128, 1, 26, 16]
==============================================================================
Tensor Name: MaxPool_1:0
[128, 1, 13, 16]
==============================================================================
Tensor Name: local1/local1:0
[128, 128]
==============================================================================
Tensor Name: local2/local2:0
[128, 128]
==============================================================================
Tensor Name: softmax_linear/softmax_linear:0
[128, 2]
Step 0: loss = 0.7985 (0.049 sec)
Training Data Eval:
  Num examples: 3840  Num correct: 2201  Precision @ 1: 0.5732  AUC @ 1: 0.5244
Validation Data Eval:
  Num examples: 256  Num correct: 141  Precision @ 1: 0.5508  AUC @ 1: 0.4814
Test Data Eval:
  Num examples: 128  Num correct: 45  Precision @ 1: 0.3516  AUC @ 1: 0.1462
Step 200: loss = 0.7942 (0.037 sec)
Training Data Eval:
  Num examples: 3840  Num correct: 2151  Precision @ 1: 0.5602  AUC @ 1: 0.5261
Validation Data Eval:
  Num examples: 256  Num correct: 141  Precision @ 1: 0.5508  AUC @ 1: 0.4791
Test Data Eval:
  Num examples: 128  Num correct: 77  Precision @ 1: 0.6016  AUC @ 1: 0.2493
Step 400: loss = 0.7868 (0.039 sec)
Training Data Eval:
  Num examples: 3840  Num correct: 2172  Precision @ 1: 0.5656  AUC @ 1: 0.5512
Validation Data Eval:
  Num examples: 256  Num correct: 141  Precision @ 1: 0.5508  AUC @ 1: 0.4683
Test Data Eval:
  Num examples: 128  Num correct: 63  Precision @ 1: 0.4922  AUC @ 1: 0.4024
Step 600: loss = 0.7878 (0.073 sec)
Training Data Eval:
  Num examples: 3840  Num correct: 2189  Precision @ 1: 0.5701  AUC @ 1: 0.5818
Validation Data Eval:
  Num examples: 256  Num correct: 141  Precision @ 1: 0.5508  AUC @ 1: 0.4683
Test Data Eval:
  Num examples: 128  Num correct: 71  Precision @ 1: 0.5547  AUC @ 1: 0.4574
Step 800: loss = 0.7785 (0.037 sec)
Training Data Eval:
  Num examples: 3840  Num correct: 2185  Precision @ 1: 0.5690  AUC @ 1: 0.6058
Validation Data Eval:
  Num examples: 256  Num correct: 141  Precision @ 1: 0.5508  AUC @ 1: 0.4751
Test Data Eval:
  Num examples: 128  Num correct: 74  Precision @ 1: 0.5781  AUC @ 1: 0.5270
Step 1000: loss = 0.7854 (0.037 sec)
Training Data Eval:
  Num examples: 3840  Num correct: 2176  Precision @ 1: 0.5667  AUC @ 1: 0.6244
Validation Data Eval:
  Num examples: 256  Num correct: 141  Precision @ 1: 0.5508  AUC @ 1: 0.4806
Test Data Eval:
  Num examples: 128  Num correct: 72  Precision @ 1: 0.5625  AUC @ 1: 0.5618
Step 1200: loss = 0.7975 (0.075 sec)
Training Data Eval:
  Num examples: 3840  Num correct: 2185  Precision @ 1: 0.5690  AUC @ 1: 0.6345
Validation Data Eval:
  Num examples: 256  Num correct: 141  Precision @ 1: 0.5508  AUC @ 1: 0.4941
Test Data Eval:
  Num examples: 128  Num correct: 73  Precision @ 1: 0.5703  AUC @ 1: 0.6526
Step 1400: loss = 0.7716 (0.038 sec)
Training Data Eval:
  Num examples: 3840  Num correct: 2272  Precision @ 1: 0.5917  AUC @ 1: 0.6462
Validation Data Eval:
  Num examples: 256  Num correct: 145  Precision @ 1: 0.5664  AUC @ 1: 0.4989
Test Data Eval:
  Num examples: 128  Num correct: 61  Precision @ 1: 0.4766  AUC @ 1: 0.6078
Step 1600: loss = 0.7720 (0.037 sec)
Training Data Eval:
  Num examples: 3840  Num correct: 2267  Precision @ 1: 0.5904  AUC @ 1: 0.6579
Validation Data Eval:
  Num examples: 256  Num correct: 140  Precision @ 1: 0.5469  AUC @ 1: 0.4987
Test Data Eval:
  Num examples: 128  Num correct: 55  Precision @ 1: 0.4297  AUC @ 1: 0.5663
Step 1800: loss = 0.7836 (0.071 sec)
Training Data Eval:
  Num examples: 3840  Num correct: 2491  Precision @ 1: 0.6487  AUC @ 1: 0.6669
Validation Data Eval:
  Num examples: 256  Num correct: 129  Precision @ 1: 0.5039  AUC @ 1: 0.5093
Test Data Eval:
  Num examples: 128  Num correct: 76  Precision @ 1: 0.5938  AUC @ 1: 0.6019
Step 2000: loss = 0.7332 (0.037 sec)
Training Data Eval:
  Num examples: 3840  Num correct: 2660  Precision @ 1: 0.6927  AUC @ 1: 0.7008
Validation Data Eval:
  Num examples: 256  Num correct: 135  Precision @ 1: 0.5273  AUC @ 1: 0.5185
Test Data Eval:
  Num examples: 128  Num correct: 77  Precision @ 1: 0.6016  AUC @ 1: 0.6401
Step 2200: loss = 0.7059 (0.037 sec)
Training Data Eval:
  Num examples: 3840  Num correct: 2599  Precision @ 1: 0.6768  AUC @ 1: 0.7686
Validation Data Eval:
  Num examples: 256  Num correct: 133  Precision @ 1: 0.5195  AUC @ 1: 0.5451
Test Data Eval:
  Num examples: 128  Num correct: 64  Precision @ 1: 0.5000  AUC @ 1: 0.5594
Step 2400: loss = 0.6908 (0.072 sec)
Training Data Eval:
  Num examples: 3840  Num correct: 2844  Precision @ 1: 0.7406  AUC @ 1: 0.8310
Validation Data Eval:
  Num examples: 256  Num correct: 144  Precision @ 1: 0.5625  AUC @ 1: 0.5948
Test Data Eval:
  Num examples: 128  Num correct: 64  Precision @ 1: 0.5000  AUC @ 1: 0.4934
Step 2600: loss = 0.7047 (0.037 sec)
Training Data Eval:
  Num examples: 3840  Num correct: 3014  Precision @ 1: 0.7849  AUC @ 1: 0.8803
Validation Data Eval:
  Num examples: 256  Num correct: 158  Precision @ 1: 0.6172  AUC @ 1: 0.6702
Test Data Eval:
  Num examples: 128  Num correct: 58  Precision @ 1: 0.4531  AUC @ 1: 0.3401
Step 2800: loss = 0.5869 (0.037 sec)
Training Data Eval:
  Num examples: 3840  Num correct: 3175  Precision @ 1: 0.8268  AUC @ 1: 0.9211
Validation Data Eval:
  Num examples: 256  Num correct: 162  Precision @ 1: 0.6328  AUC @ 1: 0.7018
Test Data Eval:
  Num examples: 128  Num correct: 66  Precision @ 1: 0.5156  AUC @ 1: 0.4816
Step 3000: loss = 0.5489 (0.071 sec)
Training Data Eval:
  Num examples: 3840  Num correct: 3321  Precision @ 1: 0.8648  AUC @ 1: 0.9470
Validation Data Eval:
  Num examples: 256  Num correct: 165  Precision @ 1: 0.6445  AUC @ 1: 0.7251
Test Data Eval:
  Num examples: 128  Num correct: 65  Precision @ 1: 0.5078  AUC @ 1: 0.3222
Step 3200: loss = 0.4880 (0.036 sec)
Training Data Eval:
  Num examples: 3840  Num correct: 3407  Precision @ 1: 0.8872  AUC @ 1: 0.9605
Validation Data Eval:
  Num examples: 256  Num correct: 168  Precision @ 1: 0.6562  AUC @ 1: 0.7200
Test Data Eval:
  Num examples: 128  Num correct: 68  Precision @ 1: 0.5312  AUC @ 1: 0.4934
Step 3400: loss = 0.3229 (0.039 sec)
Training Data Eval:
  Num examples: 3840  Num correct: 3663  Precision @ 1: 0.9539  AUC @ 1: 0.9907
Validation Data Eval:
  Num examples: 256  Num correct: 176  Precision @ 1: 0.6875  AUC @ 1: 0.7457
Test Data Eval:
  Num examples: 128  Num correct: 61  Precision @ 1: 0.4766  AUC @ 1: 0.4077
Step 3600: loss = 0.3045 (0.069 sec)
Training Data Eval:
  Num examples: 3840  Num correct: 3664  Precision @ 1: 0.9542  AUC @ 1: 0.9897
Validation Data Eval:
  Num examples: 256  Num correct: 173  Precision @ 1: 0.6758  AUC @ 1: 0.7418
Test Data Eval:
  Num examples: 128  Num correct: 63  Precision @ 1: 0.4922  AUC @ 1: 0.4833
Step 3800: loss = 0.2573 (0.036 sec)
Training Data Eval:
  Num examples: 3840  Num correct: 3712  Precision @ 1: 0.9667  AUC @ 1: 0.9962
Validation Data Eval:
  Num examples: 256  Num correct: 178  Precision @ 1: 0.6953  AUC @ 1: 0.7672
Test Data Eval:
  Num examples: 128  Num correct: 64  Precision @ 1: 0.5000  AUC @ 1: 0.3866
Step 4000: loss = 0.2325 (0.037 sec)
Training Data Eval:
  Num examples: 3840  Num correct: 3780  Precision @ 1: 0.9844  AUC @ 1: 0.9977
Validation Data Eval:
  Num examples: 256  Num correct: 171  Precision @ 1: 0.6680  AUC @ 1: 0.7496
Test Data Eval:
  Num examples: 128  Num correct: 61  Precision @ 1: 0.4766  AUC @ 1: 0.4689
Step 4200: loss = 0.2500 (0.071 sec)
Training Data Eval:
  Num examples: 3840  Num correct: 3806  Precision @ 1: 0.9911  AUC @ 1: 0.9972
Validation Data Eval:
  Num examples: 256  Num correct: 177  Precision @ 1: 0.6914  AUC @ 1: 0.7515
Test Data Eval:
  Num examples: 128  Num correct: 60  Precision @ 1: 0.4688  AUC @ 1: 0.4066
Step 4400: loss = 0.1855 (0.037 sec)
Training Data Eval:
  Num examples: 3840  Num correct: 3803  Precision @ 1: 0.9904  AUC @ 1: 0.9971
Validation Data Eval:
  Num examples: 256  Num correct: 163  Precision @ 1: 0.6367  AUC @ 1: 0.7304
Test Data Eval:
  Num examples: 128  Num correct: 66  Precision @ 1: 0.5156  AUC @ 1: 0.5380
Step 4600: loss = 0.2240 (0.038 sec)
Training Data Eval:
  Num examples: 3840  Num correct: 3824  Precision @ 1: 0.9958  AUC @ 1: 0.9981
Validation Data Eval:
  Num examples: 256  Num correct: 173  Precision @ 1: 0.6758  AUC @ 1: 0.7465
Test Data Eval:
  Num examples: 128  Num correct: 67  Precision @ 1: 0.5234  AUC @ 1: 0.4947
Step 4800: loss = 0.1892 (0.071 sec)
Training Data Eval:
  Num examples: 3840  Num correct: 3834  Precision @ 1: 0.9984  AUC @ 1: 0.9997
Validation Data Eval:
  Num examples: 256  Num correct: 174  Precision @ 1: 0.6797  AUC @ 1: 0.7459
Test Data Eval:
  Num examples: 128  Num correct: 66  Precision @ 1: 0.5156  AUC @ 1: 0.4522
Step 5000: loss = 0.1273 (0.038 sec)
Training Data Eval:
  Num examples: 3840  Num correct: 3836  Precision @ 1: 0.9990  AUC @ 1: 1.0000
Validation Data Eval:
  Num examples: 256  Num correct: 172  Precision @ 1: 0.6719  AUC @ 1: 0.7451
Test Data Eval:
  Num examples: 128  Num correct: 60  Precision @ 1: 0.4688  AUC @ 1: 0.4635
Step 5200: loss = 0.1681 (0.036 sec)
Training Data Eval:
  Num examples: 3840  Num correct: 3840  Precision @ 1: 1.0000  AUC @ 1: 1.0000
Validation Data Eval:
  Num examples: 256  Num correct: 171  Precision @ 1: 0.6680  AUC @ 1: 0.7550
Test Data Eval:
  Num examples: 128  Num correct: 64  Precision @ 1: 0.5000  AUC @ 1: 0.4851
Step 5400: loss = 0.1072 (0.076 sec)
Training Data Eval:
  Num examples: 3840  Num correct: 3818  Precision @ 1: 0.9943  AUC @ 1: 0.9961
Validation Data Eval:
  Num examples: 256  Num correct: 176  Precision @ 1: 0.6875  AUC @ 1: 0.7626
Test Data Eval:
  Num examples: 128  Num correct: 65  Precision @ 1: 0.5078  AUC @ 1: 0.4745
Step 5600: loss = 0.1616 (0.038 sec)
Training Data Eval:
  Num examples: 3840  Num correct: 3836  Precision @ 1: 0.9990  AUC @ 1: 0.9999
Validation Data Eval:
  Num examples: 256  Num correct: 179  Precision @ 1: 0.6992  AUC @ 1: 0.7610
Test Data Eval:
  Num examples: 128  Num correct: 72  Precision @ 1: 0.5625  AUC @ 1: 0.5396
Step 5800: loss = 0.1089 (0.038 sec)
Training Data Eval:
  Num examples: 3840  Num correct: 3837  Precision @ 1: 0.9992  AUC @ 1: 0.9994
Validation Data Eval:
  Num examples: 256  Num correct: 178  Precision @ 1: 0.6953  AUC @ 1: 0.7660
Test Data Eval:
  Num examples: 128  Num correct: 63  Precision @ 1: 0.4922  AUC @ 1: 0.4523
Step 6000: loss = 0.1044 (0.071 sec)
Training Data Eval:
  Num examples: 3840  Num correct: 3840  Precision @ 1: 1.0000  AUC @ 1: 1.0000
Validation Data Eval:
  Num examples: 256  Num correct: 171  Precision @ 1: 0.6680  AUC @ 1: 0.7545
Test Data Eval:
  Num examples: 128  Num correct: 63  Precision @ 1: 0.4922  AUC @ 1: 0.4517
Step 6200: loss = 0.0947 (0.037 sec)
Training Data Eval:
  Num examples: 3840  Num correct: 3839  Precision @ 1: 0.9997  AUC @ 1: 0.9999
Validation Data Eval:
  Num examples: 256  Num correct: 173  Precision @ 1: 0.6758  AUC @ 1: 0.7560
Test Data Eval:
  Num examples: 128  Num correct: 66  Precision @ 1: 0.5156  AUC @ 1: 0.5055
Step 6400: loss = 0.1023 (0.037 sec)
Training Data Eval:
  Num examples: 3840  Num correct: 3824  Precision @ 1: 0.9958  AUC @ 1: 0.9991
Validation Data Eval:
  Num examples: 256  Num correct: 178  Precision @ 1: 0.6953  AUC @ 1: 0.7455
Test Data Eval:
  Num examples: 128  Num correct: 71  Precision @ 1: 0.5547  AUC @ 1: 0.5420
Step 6600: loss = 0.1044 (0.071 sec)
Training Data Eval:
  Num examples: 3840  Num correct: 3840  Precision @ 1: 1.0000  AUC @ 1: 1.0000
Validation Data Eval:
  Num examples: 256  Num correct: 170  Precision @ 1: 0.6641  AUC @ 1: 0.7531
Test Data Eval:
  Num examples: 128  Num correct: 71  Precision @ 1: 0.5547  AUC @ 1: 0.5451
Step 6800: loss = 0.0943 (0.038 sec)
Training Data Eval:
  Num examples: 3840  Num correct: 3833  Precision @ 1: 0.9982  AUC @ 1: 1.0000
Validation Data Eval:
  Num examples: 256  Num correct: 170  Precision @ 1: 0.6641  AUC @ 1: 0.7564
Test Data Eval:
  Num examples: 128  Num correct: 66  Precision @ 1: 0.5156  AUC @ 1: 0.5017
Step 7000: loss = 0.1014 (0.037 sec)
Training Data Eval:
  Num examples: 3840  Num correct: 3836  Precision @ 1: 0.9990  AUC @ 1: 0.9995
Validation Data Eval:
  Num examples: 256  Num correct: 164  Precision @ 1: 0.6406  AUC @ 1: 0.7374
Test Data Eval:
  Num examples: 128  Num correct: 66  Precision @ 1: 0.5156  AUC @ 1: 0.5099
Step 7200: loss = 0.0932 (0.071 sec)
Training Data Eval:
  Num examples: 3840  Num correct: 3833  Precision @ 1: 0.9982  AUC @ 1: 1.0000
Validation Data Eval:
  Num examples: 256  Num correct: 169  Precision @ 1: 0.6602  AUC @ 1: 0.7526
Test Data Eval:
  Num examples: 128  Num correct: 67  Precision @ 1: 0.5234  AUC @ 1: 0.5896
Step 7400: loss = 0.0939 (0.036 sec)
Training Data Eval:
  Num examples: 3840  Num correct: 3840  Precision @ 1: 1.0000  AUC @ 1: 1.0000
Validation Data Eval:
  Num examples: 256  Num correct: 168  Precision @ 1: 0.6562  AUC @ 1: 0.7225
Test Data Eval:
  Num examples: 128  Num correct: 68  Precision @ 1: 0.5312  AUC @ 1: 0.4873
Step 7600: loss = 0.0961 (0.036 sec)
Training Data Eval:
  Num examples: 3840  Num correct: 3840  Precision @ 1: 1.0000  AUC @ 1: 1.0000
Validation Data Eval:
  Num examples: 256  Num correct: 171  Precision @ 1: 0.6680  AUC @ 1: 0.7391
Test Data Eval:
  Num examples: 128  Num correct: 67  Precision @ 1: 0.5234  AUC @ 1: 0.4812
Step 7800: loss = 0.0910 (0.076 sec)
Training Data Eval:
  Num examples: 3840  Num correct: 3838  Precision @ 1: 0.9995  AUC @ 1: 0.9999
Validation Data Eval:
  Num examples: 256  Num correct: 172  Precision @ 1: 0.6719  AUC @ 1: 0.7380
Test Data Eval:
  Num examples: 128  Num correct: 71  Precision @ 1: 0.5547  AUC @ 1: 0.5083
Step 8000: loss = 0.0892 (0.037 sec)
Training Data Eval:
  Num examples: 3840  Num correct: 3840  Precision @ 1: 1.0000  AUC @ 1: 1.0000
Validation Data Eval:
  Num examples: 256  Num correct: 173  Precision @ 1: 0.6758  AUC @ 1: 0.7489
Test Data Eval:
  Num examples: 128  Num correct: 73  Precision @ 1: 0.5703  AUC @ 1: 0.5332
Step 8200: loss = 0.0888 (0.036 sec)
Training Data Eval:
  Num examples: 3840  Num correct: 3839  Precision @ 1: 0.9997  AUC @ 1: 0.9998
Validation Data Eval:
  Num examples: 256  Num correct: 176  Precision @ 1: 0.6875  AUC @ 1: 0.7414
Test Data Eval:
  Num examples: 128  Num correct: 69  Precision @ 1: 0.5391  AUC @ 1: 0.4739
Step 8400: loss = 0.0885 (0.072 sec)
Training Data Eval:
  Num examples: 3840  Num correct: 3840  Precision @ 1: 1.0000  AUC @ 1: 1.0000
Validation Data Eval:
  Num examples: 256  Num correct: 171  Precision @ 1: 0.6680  AUC @ 1: 0.7423
Test Data Eval:
  Num examples: 128  Num correct: 67  Precision @ 1: 0.5234  AUC @ 1: 0.4470
Step 8600: loss = 0.0850 (0.036 sec)
Training Data Eval:
  Num examples: 3840  Num correct: 3840  Precision @ 1: 1.0000  AUC @ 1: 1.0000
Validation Data Eval:
  Num examples: 256  Num correct: 169  Precision @ 1: 0.6602  AUC @ 1: 0.7389
Test Data Eval:
  Num examples: 128  Num correct: 72  Precision @ 1: 0.5625  AUC @ 1: 0.4857
Step 8800: loss = 0.0861 (0.035 sec)
Training Data Eval:
  Num examples: 3840  Num correct: 3840  Precision @ 1: 1.0000  AUC @ 1: 1.0000
Validation Data Eval:
  Num examples: 256  Num correct: 171  Precision @ 1: 0.6680  AUC @ 1: 0.7403
Test Data Eval:
  Num examples: 128  Num correct: 67  Precision @ 1: 0.5234  AUC @ 1: 0.5085
Step 9000: loss = 0.0832 (0.078 sec)
Training Data Eval:
  Num examples: 3840  Num correct: 3840  Precision @ 1: 1.0000  AUC @ 1: 1.0000
Validation Data Eval:
  Num examples: 256  Num correct: 170  Precision @ 1: 0.6641  AUC @ 1: 0.7463
Test Data Eval:
  Num examples: 128  Num correct: 69  Precision @ 1: 0.5391  AUC @ 1: 0.4756
Step 9200: loss = 0.0841 (0.039 sec)
Training Data Eval:
  Num examples: 3840  Num correct: 3837  Precision @ 1: 0.9992  AUC @ 1: 0.9991
Validation Data Eval:
  Num examples: 256  Num correct: 170  Precision @ 1: 0.6641  AUC @ 1: 0.7479
Test Data Eval:
  Num examples: 128  Num correct: 66  Precision @ 1: 0.5156  AUC @ 1: 0.5295
Step 9400: loss = 0.1002 (0.036 sec)
Training Data Eval:
  Num examples: 3840  Num correct: 3839  Precision @ 1: 0.9997  AUC @ 1: 1.0000
Validation Data Eval:
  Num examples: 256  Num correct: 172  Precision @ 1: 0.6719  AUC @ 1: 0.7677
Test Data Eval:
  Num examples: 128  Num correct: 75  Precision @ 1: 0.5859  AUC @ 1: 0.5384
Step 9600: loss = 0.0828 (0.073 sec)
Training Data Eval:
  Num examples: 3840  Num correct: 3840  Precision @ 1: 1.0000  AUC @ 1: 1.0000
Validation Data Eval:
  Num examples: 256  Num correct: 174  Precision @ 1: 0.6797  AUC @ 1: 0.7514
Test Data Eval:
  Num examples: 128  Num correct: 69  Precision @ 1: 0.5391  AUC @ 1: 0.4836
Step 9800: loss = 0.0857 (0.036 sec)
Training Data Eval:
  Num examples: 3840  Num correct: 3840  Precision @ 1: 1.0000  AUC @ 1: 1.0000
Validation Data Eval:
  Num examples: 256  Num correct: 170  Precision @ 1: 0.6641  AUC @ 1: 0.7632
Test Data Eval:
  Num examples: 128  Num correct: 67  Precision @ 1: 0.5234  AUC @ 1: 0.4223
