Training data shape: 	(4145, 30, 64, 2)
Training label shape:	(4145,)
Testing data shape:  	(190, 30, 64, 2)
Testing label shape: 	(190,)
max input value is: 3457.31
min input value is: -4872.95
random permuted training data
==============================================================================
Model: 			inference_stcnn
Tensor Name: 	Placeholder:0
[128, 30, 64, 2]
==============================================================================
Tensor Name: conv0/conv0:0
[128, 1, 60, 32]
==============================================================================
Tensor Name: MaxPool:0
[128, 1, 30, 32]
==============================================================================
Tensor Name: conv1/conv1:0
[128, 1, 26, 64]
==============================================================================
Tensor Name: MaxPool_1:0
[128, 1, 13, 64]
==============================================================================
Tensor Name: conv2/conv2:0
[128, 1, 9, 8]
==============================================================================
Tensor Name: MaxPool_2:0
[128, 1, 4, 8]
==============================================================================
Tensor Name: local1/local1:0
[128, 128]
==============================================================================
Tensor Name: local2/local2:0
[128, 128]
==============================================================================
Tensor Name: softmax_linear/softmax_linear:0
[128, 2]
Step 0: loss = 0.7448 (0.054 sec)
Training Data Eval:
  Num examples: 3840  Num correct: 2184  Precision @ 1: 0.5687  AUC @ 1: 0.5018
Validation Data Eval:
  Num examples: 256  Num correct: 136  Precision @ 1: 0.5312  AUC @ 1: 0.5007
Test Data Eval:
  Num examples: 128  Num correct: 45  Precision @ 1: 0.3516  AUC @ 1: 0.1775
Step 200: loss = 0.7376 (0.040 sec)
Training Data Eval:
  Num examples: 3840  Num correct: 2152  Precision @ 1: 0.5604  AUC @ 1: 0.4931
Validation Data Eval:
  Num examples: 256  Num correct: 136  Precision @ 1: 0.5312  AUC @ 1: 0.5095
Test Data Eval:
  Num examples: 128  Num correct: 68  Precision @ 1: 0.5312  AUC @ 1: 0.1282
Step 400: loss = 0.7357 (0.041 sec)
Training Data Eval:
  Num examples: 3840  Num correct: 2181  Precision @ 1: 0.5680  AUC @ 1: 0.5032
Validation Data Eval:
  Num examples: 256  Num correct: 136  Precision @ 1: 0.5312  AUC @ 1: 0.5121
Test Data Eval:
  Num examples: 128  Num correct: 73  Precision @ 1: 0.5703  AUC @ 1: 0.1450
Step 600: loss = 0.7205 (0.078 sec)
Training Data Eval:
  Num examples: 3840  Num correct: 2143  Precision @ 1: 0.5581  AUC @ 1: 0.4951
Validation Data Eval:
  Num examples: 256  Num correct: 136  Precision @ 1: 0.5312  AUC @ 1: 0.5134
Test Data Eval:
  Num examples: 128  Num correct: 71  Precision @ 1: 0.5547  AUC @ 1: 0.1133
Step 800: loss = 0.7241 (0.039 sec)
Training Data Eval:
  Num examples: 3840  Num correct: 2198  Precision @ 1: 0.5724  AUC @ 1: 0.5180
Validation Data Eval:
  Num examples: 256  Num correct: 136  Precision @ 1: 0.5312  AUC @ 1: 0.5143
Test Data Eval:
  Num examples: 128  Num correct: 77  Precision @ 1: 0.6016  AUC @ 1: 0.1520
Step 1000: loss = 0.7516 (0.040 sec)
Training Data Eval:
  Num examples: 3840  Num correct: 2181  Precision @ 1: 0.5680  AUC @ 1: 0.5134
Validation Data Eval:
  Num examples: 256  Num correct: 136  Precision @ 1: 0.5312  AUC @ 1: 0.5150
Test Data Eval:
  Num examples: 128  Num correct: 69  Precision @ 1: 0.5391  AUC @ 1: 0.2007
Step 1200: loss = 0.7273 (0.079 sec)
Training Data Eval:
  Num examples: 3840  Num correct: 2199  Precision @ 1: 0.5727  AUC @ 1: 0.5117
Validation Data Eval:
  Num examples: 256  Num correct: 136  Precision @ 1: 0.5312  AUC @ 1: 0.5159
Test Data Eval:
  Num examples: 128  Num correct: 74  Precision @ 1: 0.5781  AUC @ 1: 0.1652
Step 1400: loss = 0.7437 (0.041 sec)
Training Data Eval:
  Num examples: 3840  Num correct: 2150  Precision @ 1: 0.5599  AUC @ 1: 0.5232
Validation Data Eval:
  Num examples: 256  Num correct: 136  Precision @ 1: 0.5312  AUC @ 1: 0.5173
Test Data Eval:
  Num examples: 128  Num correct: 72  Precision @ 1: 0.5625  AUC @ 1: 0.1679
Step 1600: loss = 0.7550 (0.040 sec)
Training Data Eval:
  Num examples: 3840  Num correct: 2181  Precision @ 1: 0.5680  AUC @ 1: 0.5235
Validation Data Eval:
  Num examples: 256  Num correct: 136  Precision @ 1: 0.5312  AUC @ 1: 0.5194
Test Data Eval:
  Num examples: 128  Num correct: 70  Precision @ 1: 0.5469  AUC @ 1: 0.1478
Step 1800: loss = 0.7258 (0.075 sec)
Training Data Eval:
  Num examples: 3840  Num correct: 2192  Precision @ 1: 0.5708  AUC @ 1: 0.5197
Validation Data Eval:
  Num examples: 256  Num correct: 136  Precision @ 1: 0.5312  AUC @ 1: 0.5252
Test Data Eval:
  Num examples: 128  Num correct: 72  Precision @ 1: 0.5625  AUC @ 1: 0.1721
Step 2000: loss = 0.7220 (0.040 sec)
Training Data Eval:
  Num examples: 3840  Num correct: 2204  Precision @ 1: 0.5740  AUC @ 1: 0.5234
Validation Data Eval:
  Num examples: 256  Num correct: 136  Precision @ 1: 0.5312  AUC @ 1: 0.5290
Test Data Eval:
  Num examples: 128  Num correct: 75  Precision @ 1: 0.5859  AUC @ 1: 0.1945
Step 2200: loss = 0.7351 (0.040 sec)
Training Data Eval:
  Num examples: 3840  Num correct: 2182  Precision @ 1: 0.5682  AUC @ 1: 0.5328
Validation Data Eval:
  Num examples: 256  Num correct: 136  Precision @ 1: 0.5312  AUC @ 1: 0.5286
Test Data Eval:
  Num examples: 128  Num correct: 74  Precision @ 1: 0.5781  AUC @ 1: 0.1842
Step 2400: loss = 0.7246 (0.074 sec)
Training Data Eval:
  Num examples: 3840  Num correct: 2192  Precision @ 1: 0.5708  AUC @ 1: 0.5339
Validation Data Eval:
  Num examples: 256  Num correct: 136  Precision @ 1: 0.5312  AUC @ 1: 0.5343
Test Data Eval:
  Num examples: 128  Num correct: 69  Precision @ 1: 0.5391  AUC @ 1: 0.1656
Step 2600: loss = 0.7202 (0.038 sec)
Training Data Eval:
  Num examples: 3840  Num correct: 2166  Precision @ 1: 0.5641  AUC @ 1: 0.5301
Validation Data Eval:
  Num examples: 256  Num correct: 136  Precision @ 1: 0.5312  AUC @ 1: 0.5369
Test Data Eval:
  Num examples: 128  Num correct: 78  Precision @ 1: 0.6094  AUC @ 1: 0.1904
Step 2800: loss = 0.7409 (0.037 sec)
Training Data Eval:
  Num examples: 3840  Num correct: 2180  Precision @ 1: 0.5677  AUC @ 1: 0.5383
Validation Data Eval:
  Num examples: 256  Num correct: 136  Precision @ 1: 0.5312  AUC @ 1: 0.5338
Test Data Eval:
  Num examples: 128  Num correct: 72  Precision @ 1: 0.5625  AUC @ 1: 0.2021
Step 3000: loss = 0.7236 (0.075 sec)
Training Data Eval:
  Num examples: 3840  Num correct: 2164  Precision @ 1: 0.5635  AUC @ 1: 0.5353
Validation Data Eval:
  Num examples: 256  Num correct: 136  Precision @ 1: 0.5312  AUC @ 1: 0.5381
Test Data Eval:
  Num examples: 128  Num correct: 73  Precision @ 1: 0.5703  AUC @ 1: 0.2352
Step 3200: loss = 0.7184 (0.040 sec)
Training Data Eval:
  Num examples: 3840  Num correct: 2203  Precision @ 1: 0.5737  AUC @ 1: 0.5359
Validation Data Eval:
  Num examples: 256  Num correct: 136  Precision @ 1: 0.5312  AUC @ 1: 0.5389
Test Data Eval:
  Num examples: 128  Num correct: 78  Precision @ 1: 0.6094  AUC @ 1: 0.1869
Step 3400: loss = 0.7271 (0.039 sec)
Training Data Eval:
  Num examples: 3840  Num correct: 2176  Precision @ 1: 0.5667  AUC @ 1: 0.5422
Validation Data Eval:
  Num examples: 256  Num correct: 136  Precision @ 1: 0.5312  AUC @ 1: 0.5365
Test Data Eval:
  Num examples: 128  Num correct: 71  Precision @ 1: 0.5547  AUC @ 1: 0.2216
Step 3600: loss = 0.7187 (0.076 sec)
Training Data Eval:
  Num examples: 3840  Num correct: 2211  Precision @ 1: 0.5758  AUC @ 1: 0.5405
Validation Data Eval:
  Num examples: 256  Num correct: 136  Precision @ 1: 0.5312  AUC @ 1: 0.5366
Test Data Eval:
  Num examples: 128  Num correct: 73  Precision @ 1: 0.5703  AUC @ 1: 0.2118
Step 3800: loss = 0.7267 (0.040 sec)
Training Data Eval:
  Num examples: 3840  Num correct: 2176  Precision @ 1: 0.5667  AUC @ 1: 0.5490
Validation Data Eval:
  Num examples: 256  Num correct: 136  Precision @ 1: 0.5312  AUC @ 1: 0.5384
Test Data Eval:
  Num examples: 128  Num correct: 70  Precision @ 1: 0.5469  AUC @ 1: 0.2138
Step 4000: loss = 0.7304 (0.040 sec)
Training Data Eval:
  Num examples: 3840  Num correct: 2180  Precision @ 1: 0.5677  AUC @ 1: 0.5491
Validation Data Eval:
  Num examples: 256  Num correct: 136  Precision @ 1: 0.5312  AUC @ 1: 0.5371
Test Data Eval:
  Num examples: 128  Num correct: 80  Precision @ 1: 0.6250  AUC @ 1: 0.2115
Step 4200: loss = 0.7366 (0.075 sec)
Training Data Eval:
  Num examples: 3840  Num correct: 2184  Precision @ 1: 0.5687  AUC @ 1: 0.5576
Validation Data Eval:
  Num examples: 256  Num correct: 136  Precision @ 1: 0.5312  AUC @ 1: 0.5381
Test Data Eval:
  Num examples: 128  Num correct: 75  Precision @ 1: 0.5859  AUC @ 1: 0.2103
Step 4400: loss = 0.7300 (0.039 sec)
Training Data Eval:
  Num examples: 3840  Num correct: 2202  Precision @ 1: 0.5734  AUC @ 1: 0.5576
Validation Data Eval:
  Num examples: 256  Num correct: 136  Precision @ 1: 0.5312  AUC @ 1: 0.5386
Test Data Eval:
  Num examples: 128  Num correct: 72  Precision @ 1: 0.5625  AUC @ 1: 0.2371
Step 4600: loss = 0.7399 (0.040 sec)
Training Data Eval:
  Num examples: 3840  Num correct: 2181  Precision @ 1: 0.5680  AUC @ 1: 0.5541
Validation Data Eval:
  Num examples: 256  Num correct: 136  Precision @ 1: 0.5312  AUC @ 1: 0.5388
Test Data Eval:
  Num examples: 128  Num correct: 73  Precision @ 1: 0.5703  AUC @ 1: 0.2333
Step 4800: loss = 0.7583 (0.075 sec)
Training Data Eval:
  Num examples: 3840  Num correct: 2199  Precision @ 1: 0.5727  AUC @ 1: 0.5571
Validation Data Eval:
  Num examples: 256  Num correct: 136  Precision @ 1: 0.5312  AUC @ 1: 0.5387
Test Data Eval:
  Num examples: 128  Num correct: 70  Precision @ 1: 0.5469  AUC @ 1: 0.2438
Step 5000: loss = 0.7141 (0.039 sec)
Training Data Eval:
  Num examples: 3840  Num correct: 2134  Precision @ 1: 0.5557  AUC @ 1: 0.5671
Validation Data Eval:
  Num examples: 256  Num correct: 136  Precision @ 1: 0.5312  AUC @ 1: 0.5392
Test Data Eval:
  Num examples: 128  Num correct: 61  Precision @ 1: 0.4766  AUC @ 1: 0.2733
Step 5200: loss = 0.7171 (0.041 sec)
Training Data Eval:
  Num examples: 3840  Num correct: 2185  Precision @ 1: 0.5690  AUC @ 1: 0.5598
Validation Data Eval:
  Num examples: 256  Num correct: 136  Precision @ 1: 0.5312  AUC @ 1: 0.5404
Test Data Eval:
  Num examples: 128  Num correct: 72  Precision @ 1: 0.5625  AUC @ 1: 0.3204
Step 5400: loss = 0.7198 (0.079 sec)
Training Data Eval:
  Num examples: 3840  Num correct: 2180  Precision @ 1: 0.5677  AUC @ 1: 0.5660
Validation Data Eval:
  Num examples: 256  Num correct: 136  Precision @ 1: 0.5312  AUC @ 1: 0.5404
Test Data Eval:
  Num examples: 128  Num correct: 74  Precision @ 1: 0.5781  AUC @ 1: 0.3077
Step 5600: loss = 0.7123 (0.040 sec)
Training Data Eval:
  Num examples: 3840  Num correct: 2172  Precision @ 1: 0.5656  AUC @ 1: 0.5595
Validation Data Eval:
  Num examples: 256  Num correct: 136  Precision @ 1: 0.5312  AUC @ 1: 0.5399
Test Data Eval:
  Num examples: 128  Num correct: 76  Precision @ 1: 0.5938  AUC @ 1: 0.2675
Step 5800: loss = 0.7124 (0.040 sec)
Training Data Eval:
  Num examples: 3840  Num correct: 2181  Precision @ 1: 0.5680  AUC @ 1: 0.5640
Validation Data Eval:
  Num examples: 256  Num correct: 136  Precision @ 1: 0.5312  AUC @ 1: 0.5381
Test Data Eval:
  Num examples: 128  Num correct: 66  Precision @ 1: 0.5156  AUC @ 1: 0.2446
Step 6000: loss = 0.6991 (0.072 sec)
Training Data Eval:
  Num examples: 3840  Num correct: 2184  Precision @ 1: 0.5687  AUC @ 1: 0.5696
Validation Data Eval:
  Num examples: 256  Num correct: 136  Precision @ 1: 0.5312  AUC @ 1: 0.5373
Test Data Eval:
  Num examples: 128  Num correct: 74  Precision @ 1: 0.5781  AUC @ 1: 0.2746
Step 6200: loss = 0.7185 (0.040 sec)
Training Data Eval:
  Num examples: 3840  Num correct: 2210  Precision @ 1: 0.5755  AUC @ 1: 0.5686
Validation Data Eval:
  Num examples: 256  Num correct: 136  Precision @ 1: 0.5312  AUC @ 1: 0.5369
Test Data Eval:
  Num examples: 128  Num correct: 74  Precision @ 1: 0.5781  AUC @ 1: 0.3635
Step 6400: loss = 0.7095 (0.041 sec)
Training Data Eval:
  Num examples: 3840  Num correct: 2177  Precision @ 1: 0.5669  AUC @ 1: 0.5675
Validation Data Eval:
  Num examples: 256  Num correct: 136  Precision @ 1: 0.5312  AUC @ 1: 0.5356
Test Data Eval:
  Num examples: 128  Num correct: 69  Precision @ 1: 0.5391  AUC @ 1: 0.3321
Step 6600: loss = 0.7094 (0.073 sec)
Training Data Eval:
  Num examples: 3840  Num correct: 2172  Precision @ 1: 0.5656  AUC @ 1: 0.5614
Validation Data Eval:
  Num examples: 256  Num correct: 136  Precision @ 1: 0.5312  AUC @ 1: 0.5321
Test Data Eval:
  Num examples: 128  Num correct: 74  Precision @ 1: 0.5781  AUC @ 1: 0.3076
Step 6800: loss = 0.7130 (0.037 sec)
Training Data Eval:
  Num examples: 3840  Num correct: 2171  Precision @ 1: 0.5654  AUC @ 1: 0.5713
Validation Data Eval:
  Num examples: 256  Num correct: 136  Precision @ 1: 0.5312  AUC @ 1: 0.5329
Test Data Eval:
  Num examples: 128  Num correct: 76  Precision @ 1: 0.5938  AUC @ 1: 0.3387
Step 7000: loss = 0.7432 (0.040 sec)
Training Data Eval:
  Num examples: 3840  Num correct: 2182  Precision @ 1: 0.5682  AUC @ 1: 0.5683
Validation Data Eval:
  Num examples: 256  Num correct: 136  Precision @ 1: 0.5312  AUC @ 1: 0.5329
Test Data Eval:
  Num examples: 128  Num correct: 75  Precision @ 1: 0.5859  AUC @ 1: 0.3264
Step 7200: loss = 0.7402 (0.076 sec)
Training Data Eval:
  Num examples: 3840  Num correct: 2163  Precision @ 1: 0.5633  AUC @ 1: 0.5658
Validation Data Eval:
  Num examples: 256  Num correct: 136  Precision @ 1: 0.5312  AUC @ 1: 0.5334
Test Data Eval:
  Num examples: 128  Num correct: 71  Precision @ 1: 0.5547  AUC @ 1: 0.3228
Step 7400: loss = 0.7276 (0.040 sec)
Training Data Eval:
  Num examples: 3840  Num correct: 2209  Precision @ 1: 0.5753  AUC @ 1: 0.5696
Validation Data Eval:
  Num examples: 256  Num correct: 136  Precision @ 1: 0.5312  AUC @ 1: 0.5330
Test Data Eval:
  Num examples: 128  Num correct: 74  Precision @ 1: 0.5781  AUC @ 1: 0.3811
Step 7600: loss = 0.7250 (0.038 sec)
Training Data Eval:
  Num examples: 3840  Num correct: 2184  Precision @ 1: 0.5687  AUC @ 1: 0.5716
Validation Data Eval:
  Num examples: 256  Num correct: 136  Precision @ 1: 0.5312  AUC @ 1: 0.5343
Test Data Eval:
  Num examples: 128  Num correct: 77  Precision @ 1: 0.6016  AUC @ 1: 0.3708
Step 7800: loss = 0.7144 (0.075 sec)
Training Data Eval:
  Num examples: 3840  Num correct: 2177  Precision @ 1: 0.5669  AUC @ 1: 0.5876
Validation Data Eval:
  Num examples: 256  Num correct: 136  Precision @ 1: 0.5312  AUC @ 1: 0.5367
Test Data Eval:
  Num examples: 128  Num correct: 75  Precision @ 1: 0.5859  AUC @ 1: 0.3977
Step 8000: loss = 0.7394 (0.040 sec)
Training Data Eval:
  Num examples: 3840  Num correct: 2153  Precision @ 1: 0.5607  AUC @ 1: 0.5713
Validation Data Eval:
  Num examples: 256  Num correct: 136  Precision @ 1: 0.5312  AUC @ 1: 0.5400
Test Data Eval:
  Num examples: 128  Num correct: 79  Precision @ 1: 0.6172  AUC @ 1: 0.4039
Step 8200: loss = 0.7265 (0.039 sec)
Training Data Eval:
  Num examples: 3840  Num correct: 2176  Precision @ 1: 0.5667  AUC @ 1: 0.5747
Validation Data Eval:
  Num examples: 256  Num correct: 136  Precision @ 1: 0.5312  AUC @ 1: 0.5384
Test Data Eval:
  Num examples: 128  Num correct: 65  Precision @ 1: 0.5078  AUC @ 1: 0.4100
Step 8400: loss = 0.7288 (0.071 sec)
Training Data Eval:
  Num examples: 3840  Num correct: 2182  Precision @ 1: 0.5682  AUC @ 1: 0.5775
Validation Data Eval:
  Num examples: 256  Num correct: 136  Precision @ 1: 0.5312  AUC @ 1: 0.5387
Test Data Eval:
  Num examples: 128  Num correct: 68  Precision @ 1: 0.5312  AUC @ 1: 0.3882
Step 8600: loss = 0.7174 (0.040 sec)
Training Data Eval:
  Num examples: 3840  Num correct: 2158  Precision @ 1: 0.5620  AUC @ 1: 0.5827
Validation Data Eval:
  Num examples: 256  Num correct: 136  Precision @ 1: 0.5312  AUC @ 1: 0.5415
Test Data Eval:
  Num examples: 128  Num correct: 66  Precision @ 1: 0.5156  AUC @ 1: 0.4697
Step 8800: loss = 0.7018 (0.040 sec)
Training Data Eval:
  Num examples: 3840  Num correct: 2183  Precision @ 1: 0.5685  AUC @ 1: 0.5794
Validation Data Eval:
  Num examples: 256  Num correct: 136  Precision @ 1: 0.5312  AUC @ 1: 0.5411
Test Data Eval:
  Num examples: 128  Num correct: 74  Precision @ 1: 0.5781  AUC @ 1: 0.4174
Step 9000: loss = 0.7171 (0.077 sec)
Training Data Eval:
  Num examples: 3840  Num correct: 2163  Precision @ 1: 0.5633  AUC @ 1: 0.5807
Validation Data Eval:
  Num examples: 256  Num correct: 136  Precision @ 1: 0.5312  AUC @ 1: 0.5399
Test Data Eval:
  Num examples: 128  Num correct: 67  Precision @ 1: 0.5234  AUC @ 1: 0.4064
Step 9200: loss = 0.7121 (0.039 sec)
Training Data Eval:
  Num examples: 3840  Num correct: 2182  Precision @ 1: 0.5682  AUC @ 1: 0.5791
Validation Data Eval:
  Num examples: 256  Num correct: 136  Precision @ 1: 0.5312  AUC @ 1: 0.5403
Test Data Eval:
  Num examples: 128  Num correct: 71  Precision @ 1: 0.5547  AUC @ 1: 0.4272
Step 9400: loss = 0.7273 (0.039 sec)
Training Data Eval:
  Num examples: 3840  Num correct: 2185  Precision @ 1: 0.5690  AUC @ 1: 0.5853
Validation Data Eval:
  Num examples: 256  Num correct: 136  Precision @ 1: 0.5312  AUC @ 1: 0.5394
Test Data Eval:
  Num examples: 128  Num correct: 68  Precision @ 1: 0.5312  AUC @ 1: 0.4782
Step 9600: loss = 0.7336 (0.074 sec)
Training Data Eval:
  Num examples: 3840  Num correct: 2158  Precision @ 1: 0.5620  AUC @ 1: 0.5794
Validation Data Eval:
  Num examples: 256  Num correct: 136  Precision @ 1: 0.5312  AUC @ 1: 0.5413
Test Data Eval:
  Num examples: 128  Num correct: 74  Precision @ 1: 0.5781  AUC @ 1: 0.4516
Step 9800: loss = 0.7289 (0.039 sec)
Training Data Eval:
  Num examples: 3840  Num correct: 2171  Precision @ 1: 0.5654  AUC @ 1: 0.5869
Validation Data Eval:
  Num examples: 256  Num correct: 136  Precision @ 1: 0.5312  AUC @ 1: 0.5440
Test Data Eval:
  Num examples: 128  Num correct: 71  Precision @ 1: 0.5547  AUC @ 1: 0.4346
