Training data shape: 	(3822, 64, 30, 2)
Training label shape:	(3822,)
Testing data shape:  	(513, 64, 30, 2)
Testing label shape: 	(513,)
max input value is: 72.5247
min input value is: -75.9911
random permuted training data
==============================================================================
Model: 			inference_global_s_cnn
Tensor Name: 	Placeholder:0
[128, 64, 30, 2]
==============================================================================
Tensor Name: conv1/conv1:0
[128, 1, 30, 8]
==============================================================================
Tensor Name: MaxPool:0
[128, 1, 15, 8]
==============================================================================
Tensor Name: local1/local1:0
[128, 128]
==============================================================================
Tensor Name: local2/local2:0
[128, 128]
==============================================================================
Tensor Name: softmax_linear/softmax_linear:0
[128, 2]
Step 0: loss = 0.7732 (0.034 sec)
Training Data Eval:
  Num examples: 3456  Num correct: 1971  Precision @ 1: 0.5703  AUC @ 1: 0.5200
Validation Data Eval:
  Num examples: 256  Num correct: 139  Precision @ 1: 0.5430  AUC @ 1: 0.5870
Test Data Eval:
  Num examples: 512  Num correct: 287  Precision @ 1: 0.5605  AUC @ 1: 0.8580
Step 200: loss = 0.7472 (0.012 sec)
Training Data Eval:
  Num examples: 3456  Num correct: 1949  Precision @ 1: 0.5639  AUC @ 1: 0.5485
Validation Data Eval:
  Num examples: 256  Num correct: 139  Precision @ 1: 0.5430  AUC @ 1: 0.5960
Test Data Eval:
  Num examples: 512  Num correct: 287  Precision @ 1: 0.5605  AUC @ 1: 0.8291
Step 400: loss = 0.7675 (0.015 sec)
Training Data Eval:
  Num examples: 3456  Num correct: 2004  Precision @ 1: 0.5799  AUC @ 1: 0.5496
Validation Data Eval:
  Num examples: 256  Num correct: 139  Precision @ 1: 0.5430  AUC @ 1: 0.5961
Test Data Eval:
  Num examples: 512  Num correct: 287  Precision @ 1: 0.5605  AUC @ 1: 0.8202
Step 600: loss = 0.7407 (0.013 sec)
Training Data Eval:
  Num examples: 3456  Num correct: 1950  Precision @ 1: 0.5642  AUC @ 1: 0.5506
Validation Data Eval:
  Num examples: 256  Num correct: 139  Precision @ 1: 0.5430  AUC @ 1: 0.5998
Test Data Eval:
  Num examples: 512  Num correct: 288  Precision @ 1: 0.5625  AUC @ 1: 0.8493
Step 800: loss = 0.7678 (0.014 sec)
Training Data Eval:
  Num examples: 3456  Num correct: 1955  Precision @ 1: 0.5657  AUC @ 1: 0.5546
Validation Data Eval:
  Num examples: 256  Num correct: 139  Precision @ 1: 0.5430  AUC @ 1: 0.5996
Test Data Eval:
  Num examples: 512  Num correct: 287  Precision @ 1: 0.5605  AUC @ 1: 0.8579
Step 1000: loss = 0.7547 (0.014 sec)
Training Data Eval:
  Num examples: 3456  Num correct: 1964  Precision @ 1: 0.5683  AUC @ 1: 0.5628
Validation Data Eval:
  Num examples: 256  Num correct: 139  Precision @ 1: 0.5430  AUC @ 1: 0.6046
Test Data Eval:
  Num examples: 512  Num correct: 288  Precision @ 1: 0.5625  AUC @ 1: 0.8865
Step 1200: loss = 0.7540 (0.012 sec)
Training Data Eval:
  Num examples: 3456  Num correct: 1969  Precision @ 1: 0.5697  AUC @ 1: 0.5652
Validation Data Eval:
  Num examples: 256  Num correct: 139  Precision @ 1: 0.5430  AUC @ 1: 0.6028
Test Data Eval:
  Num examples: 512  Num correct: 287  Precision @ 1: 0.5605  AUC @ 1: 0.8966
Step 1400: loss = 0.7767 (0.013 sec)
Training Data Eval:
  Num examples: 3456  Num correct: 1959  Precision @ 1: 0.5668  AUC @ 1: 0.5652
Validation Data Eval:
  Num examples: 256  Num correct: 139  Precision @ 1: 0.5430  AUC @ 1: 0.6020
Test Data Eval:
  Num examples: 512  Num correct: 287  Precision @ 1: 0.5605  AUC @ 1: 0.9019
Step 1600: loss = 0.7541 (0.012 sec)
Training Data Eval:
  Num examples: 3456  Num correct: 1935  Precision @ 1: 0.5599  AUC @ 1: 0.5737
Validation Data Eval:
  Num examples: 256  Num correct: 139  Precision @ 1: 0.5430  AUC @ 1: 0.5930
Test Data Eval:
  Num examples: 512  Num correct: 288  Precision @ 1: 0.5625  AUC @ 1: 0.9271
Step 1800: loss = 0.7443 (0.014 sec)
Training Data Eval:
  Num examples: 3456  Num correct: 1951  Precision @ 1: 0.5645  AUC @ 1: 0.5726
Validation Data Eval:
  Num examples: 256  Num correct: 139  Precision @ 1: 0.5430  AUC @ 1: 0.5948
Test Data Eval:
  Num examples: 512  Num correct: 287  Precision @ 1: 0.5605  AUC @ 1: 0.9340
Step 2000: loss = 0.7429 (0.016 sec)
Training Data Eval:
  Num examples: 3456  Num correct: 1992  Precision @ 1: 0.5764  AUC @ 1: 0.5760
Validation Data Eval:
  Num examples: 256  Num correct: 139  Precision @ 1: 0.5430  AUC @ 1: 0.5851
Test Data Eval:
  Num examples: 512  Num correct: 287  Precision @ 1: 0.5605  AUC @ 1: 0.9351
Step 2200: loss = 0.7366 (0.012 sec)
Training Data Eval:
  Num examples: 3456  Num correct: 1990  Precision @ 1: 0.5758  AUC @ 1: 0.5835
Validation Data Eval:
  Num examples: 256  Num correct: 139  Precision @ 1: 0.5430  AUC @ 1: 0.5910
Test Data Eval:
  Num examples: 512  Num correct: 287  Precision @ 1: 0.5605  AUC @ 1: 0.9355
Step 2400: loss = 0.7807 (0.013 sec)
Training Data Eval:
  Num examples: 3456  Num correct: 1957  Precision @ 1: 0.5663  AUC @ 1: 0.5835
Validation Data Eval:
  Num examples: 256  Num correct: 139  Precision @ 1: 0.5430  AUC @ 1: 0.5848
Test Data Eval:
  Num examples: 512  Num correct: 287  Precision @ 1: 0.5605  AUC @ 1: 0.9389
Step 2600: loss = 0.7364 (0.014 sec)
Training Data Eval:
  Num examples: 3456  Num correct: 1985  Precision @ 1: 0.5744  AUC @ 1: 0.5876
Validation Data Eval:
  Num examples: 256  Num correct: 139  Precision @ 1: 0.5430  AUC @ 1: 0.6000
Test Data Eval:
  Num examples: 512  Num correct: 287  Precision @ 1: 0.5605  AUC @ 1: 0.9357
Step 2800: loss = 0.7440 (0.014 sec)
Training Data Eval:
  Num examples: 3456  Num correct: 1958  Precision @ 1: 0.5666  AUC @ 1: 0.5881
Validation Data Eval:
  Num examples: 256  Num correct: 139  Precision @ 1: 0.5430  AUC @ 1: 0.6001
Test Data Eval:
  Num examples: 512  Num correct: 288  Precision @ 1: 0.5625  AUC @ 1: 0.9417
Step 3000: loss = 0.7623 (0.011 sec)
Training Data Eval:
  Num examples: 3456  Num correct: 1935  Precision @ 1: 0.5599  AUC @ 1: 0.5989
Validation Data Eval:
  Num examples: 256  Num correct: 139  Precision @ 1: 0.5430  AUC @ 1: 0.6003
Test Data Eval:
  Num examples: 512  Num correct: 287  Precision @ 1: 0.5605  AUC @ 1: 0.9406
Step 3200: loss = 0.7450 (0.013 sec)
Training Data Eval:
  Num examples: 3456  Num correct: 1966  Precision @ 1: 0.5689  AUC @ 1: 0.6073
Validation Data Eval:
  Num examples: 256  Num correct: 139  Precision @ 1: 0.5430  AUC @ 1: 0.6042
Test Data Eval:
  Num examples: 512  Num correct: 288  Precision @ 1: 0.5625  AUC @ 1: 0.9379
Step 3400: loss = 0.7243 (0.014 sec)
Training Data Eval:
  Num examples: 3456  Num correct: 1973  Precision @ 1: 0.5709  AUC @ 1: 0.6177
Validation Data Eval:
  Num examples: 256  Num correct: 141  Precision @ 1: 0.5508  AUC @ 1: 0.6091
Test Data Eval:
  Num examples: 512  Num correct: 288  Precision @ 1: 0.5625  AUC @ 1: 0.9301
Step 3600: loss = 0.7178 (0.013 sec)
Training Data Eval:
  Num examples: 3456  Num correct: 2027  Precision @ 1: 0.5865  AUC @ 1: 0.6302
Validation Data Eval:
  Num examples: 256  Num correct: 145  Precision @ 1: 0.5664  AUC @ 1: 0.6071
Test Data Eval:
  Num examples: 512  Num correct: 287  Precision @ 1: 0.5605  AUC @ 1: 0.8894
Step 3800: loss = 0.7222 (0.012 sec)
Training Data Eval:
  Num examples: 3456  Num correct: 2021  Precision @ 1: 0.5848  AUC @ 1: 0.6301
Validation Data Eval:
  Num examples: 256  Num correct: 146  Precision @ 1: 0.5703  AUC @ 1: 0.6120
Test Data Eval:
  Num examples: 512  Num correct: 287  Precision @ 1: 0.5605  AUC @ 1: 0.9154
Step 4000: loss = 0.7260 (0.013 sec)
Training Data Eval:
  Num examples: 3456  Num correct: 2056  Precision @ 1: 0.5949  AUC @ 1: 0.6611
Validation Data Eval:
  Num examples: 256  Num correct: 147  Precision @ 1: 0.5742  AUC @ 1: 0.6134
Test Data Eval:
  Num examples: 512  Num correct: 282  Precision @ 1: 0.5508  AUC @ 1: 0.8883
Step 4200: loss = 0.7122 (0.014 sec)
Training Data Eval:
  Num examples: 3456  Num correct: 2096  Precision @ 1: 0.6065  AUC @ 1: 0.6534
Validation Data Eval:
  Num examples: 256  Num correct: 147  Precision @ 1: 0.5742  AUC @ 1: 0.6234
Test Data Eval:
  Num examples: 512  Num correct: 279  Precision @ 1: 0.5449  AUC @ 1: 0.8640
Step 4400: loss = 0.6908 (0.015 sec)
Training Data Eval:
  Num examples: 3456  Num correct: 2137  Precision @ 1: 0.6183  AUC @ 1: 0.6679
Validation Data Eval:
  Num examples: 256  Num correct: 144  Precision @ 1: 0.5625  AUC @ 1: 0.6285
Test Data Eval:
  Num examples: 512  Num correct: 276  Precision @ 1: 0.5391  AUC @ 1: 0.8602
Step 4600: loss = 0.7379 (0.016 sec)
Training Data Eval:
  Num examples: 3456  Num correct: 2137  Precision @ 1: 0.6183  AUC @ 1: 0.6844
Validation Data Eval:
  Num examples: 256  Num correct: 147  Precision @ 1: 0.5742  AUC @ 1: 0.6294
Test Data Eval:
  Num examples: 512  Num correct: 257  Precision @ 1: 0.5020  AUC @ 1: 0.8023
Step 4800: loss = 0.7157 (0.013 sec)
Training Data Eval:
  Num examples: 3456  Num correct: 2163  Precision @ 1: 0.6259  AUC @ 1: 0.6935
Validation Data Eval:
  Num examples: 256  Num correct: 149  Precision @ 1: 0.5820  AUC @ 1: 0.6292
Test Data Eval:
  Num examples: 512  Num correct: 278  Precision @ 1: 0.5430  AUC @ 1: 0.8309
Step 5000: loss = 0.6909 (0.012 sec)
Training Data Eval:
  Num examples: 3456  Num correct: 2233  Precision @ 1: 0.6461  AUC @ 1: 0.7240
Validation Data Eval:
  Num examples: 256  Num correct: 149  Precision @ 1: 0.5820  AUC @ 1: 0.6303
Test Data Eval:
  Num examples: 512  Num correct: 267  Precision @ 1: 0.5215  AUC @ 1: 0.7736
Step 5200: loss = 0.6760 (0.013 sec)
Training Data Eval:
  Num examples: 3456  Num correct: 2182  Precision @ 1: 0.6314  AUC @ 1: 0.7188
Validation Data Eval:
  Num examples: 256  Num correct: 150  Precision @ 1: 0.5859  AUC @ 1: 0.6264
Test Data Eval:
  Num examples: 512  Num correct: 262  Precision @ 1: 0.5117  AUC @ 1: 0.7816
Step 5400: loss = 0.6856 (0.042 sec)
Training Data Eval:
  Num examples: 3456  Num correct: 2300  Precision @ 1: 0.6655  AUC @ 1: 0.7418
Validation Data Eval:
  Num examples: 256  Num correct: 149  Precision @ 1: 0.5820  AUC @ 1: 0.6309
Test Data Eval:
  Num examples: 512  Num correct: 258  Precision @ 1: 0.5039  AUC @ 1: 0.7114
Step 5600: loss = 0.6921 (0.014 sec)
Training Data Eval:
  Num examples: 3456  Num correct: 2347  Precision @ 1: 0.6791  AUC @ 1: 0.7627
Validation Data Eval:
  Num examples: 256  Num correct: 148  Precision @ 1: 0.5781  AUC @ 1: 0.6327
Test Data Eval:
  Num examples: 512  Num correct: 265  Precision @ 1: 0.5176  AUC @ 1: 0.7392
Step 5800: loss = 0.6543 (0.014 sec)
Training Data Eval:
  Num examples: 3456  Num correct: 2366  Precision @ 1: 0.6846  AUC @ 1: 0.7721
Validation Data Eval:
  Num examples: 256  Num correct: 148  Precision @ 1: 0.5781  AUC @ 1: 0.6212
Test Data Eval:
  Num examples: 512  Num correct: 263  Precision @ 1: 0.5137  AUC @ 1: 0.6978
Step 6000: loss = 0.6613 (0.013 sec)
Training Data Eval:
  Num examples: 3456  Num correct: 2424  Precision @ 1: 0.7014  AUC @ 1: 0.7868
Validation Data Eval:
  Num examples: 256  Num correct: 145  Precision @ 1: 0.5664  AUC @ 1: 0.6196
Test Data Eval:
  Num examples: 512  Num correct: 277  Precision @ 1: 0.5410  AUC @ 1: 0.7358
Step 6200: loss = 0.7017 (0.012 sec)
Training Data Eval:
  Num examples: 3456  Num correct: 2449  Precision @ 1: 0.7086  AUC @ 1: 0.7978
Validation Data Eval:
  Num examples: 256  Num correct: 151  Precision @ 1: 0.5898  AUC @ 1: 0.6167
Test Data Eval:
  Num examples: 512  Num correct: 269  Precision @ 1: 0.5254  AUC @ 1: 0.6799
Step 6400: loss = 0.6211 (0.013 sec)
Training Data Eval:
  Num examples: 3456  Num correct: 2499  Precision @ 1: 0.7231  AUC @ 1: 0.8200
Validation Data Eval:
  Num examples: 256  Num correct: 151  Precision @ 1: 0.5898  AUC @ 1: 0.6278
Test Data Eval:
  Num examples: 512  Num correct: 273  Precision @ 1: 0.5332  AUC @ 1: 0.7128
Step 6600: loss = 0.6225 (0.015 sec)
Training Data Eval:
  Num examples: 3456  Num correct: 2528  Precision @ 1: 0.7315  AUC @ 1: 0.8238
Validation Data Eval:
  Num examples: 256  Num correct: 151  Precision @ 1: 0.5898  AUC @ 1: 0.6285
Test Data Eval:
  Num examples: 512  Num correct: 278  Precision @ 1: 0.5430  AUC @ 1: 0.7043
Step 6800: loss = 0.5990 (0.013 sec)
Training Data Eval:
  Num examples: 3456  Num correct: 2524  Precision @ 1: 0.7303  AUC @ 1: 0.8171
Validation Data Eval:
  Num examples: 256  Num correct: 145  Precision @ 1: 0.5664  AUC @ 1: 0.6175
Test Data Eval:
  Num examples: 512  Num correct: 266  Precision @ 1: 0.5195  AUC @ 1: 0.6536
Step 7000: loss = 0.5195 (0.012 sec)
Training Data Eval:
  Num examples: 3456  Num correct: 2582  Precision @ 1: 0.7471  AUC @ 1: 0.8406
Validation Data Eval:
  Num examples: 256  Num correct: 146  Precision @ 1: 0.5703  AUC @ 1: 0.6253
Test Data Eval:
  Num examples: 512  Num correct: 264  Precision @ 1: 0.5156  AUC @ 1: 0.6704
Step 7200: loss = 0.6423 (0.015 sec)
Training Data Eval:
  Num examples: 3456  Num correct: 2607  Precision @ 1: 0.7543  AUC @ 1: 0.8507
Validation Data Eval:
  Num examples: 256  Num correct: 147  Precision @ 1: 0.5742  AUC @ 1: 0.6303
Test Data Eval:
  Num examples: 512  Num correct: 274  Precision @ 1: 0.5352  AUC @ 1: 0.7192
Step 7400: loss = 0.6060 (0.010 sec)
Training Data Eval:
  Num examples: 3456  Num correct: 2619  Precision @ 1: 0.7578  AUC @ 1: 0.8543
Validation Data Eval:
  Num examples: 256  Num correct: 144  Precision @ 1: 0.5625  AUC @ 1: 0.6185
Test Data Eval:
  Num examples: 512  Num correct: 261  Precision @ 1: 0.5098  AUC @ 1: 0.6620
Step 7600: loss = 0.4882 (0.013 sec)
Training Data Eval:
  Num examples: 3456  Num correct: 2682  Precision @ 1: 0.7760  AUC @ 1: 0.8635
Validation Data Eval:
  Num examples: 256  Num correct: 146  Precision @ 1: 0.5703  AUC @ 1: 0.6324
Test Data Eval:
  Num examples: 512  Num correct: 268  Precision @ 1: 0.5234  AUC @ 1: 0.6867
Step 7800: loss = 0.5429 (0.014 sec)
Training Data Eval:
  Num examples: 3456  Num correct: 2622  Precision @ 1: 0.7587  AUC @ 1: 0.8582
Validation Data Eval:
  Num examples: 256  Num correct: 150  Precision @ 1: 0.5859  AUC @ 1: 0.6218
Test Data Eval:
  Num examples: 512  Num correct: 275  Precision @ 1: 0.5371  AUC @ 1: 0.7160
Step 8000: loss = 0.5472 (0.012 sec)
Training Data Eval:
  Num examples: 3456  Num correct: 2714  Precision @ 1: 0.7853  AUC @ 1: 0.8783
Validation Data Eval:
  Num examples: 256  Num correct: 148  Precision @ 1: 0.5781  AUC @ 1: 0.6283
Test Data Eval:
  Num examples: 512  Num correct: 268  Precision @ 1: 0.5234  AUC @ 1: 0.6649
Step 8200: loss = 0.4860 (0.011 sec)
Training Data Eval:
  Num examples: 3456  Num correct: 2709  Precision @ 1: 0.7839  AUC @ 1: 0.8749
Validation Data Eval:
  Num examples: 256  Num correct: 147  Precision @ 1: 0.5742  AUC @ 1: 0.6140
Test Data Eval:
  Num examples: 512  Num correct: 273  Precision @ 1: 0.5332  AUC @ 1: 0.6776
Step 8400: loss = 0.5144 (0.013 sec)
Training Data Eval:
  Num examples: 3456  Num correct: 2725  Precision @ 1: 0.7885  AUC @ 1: 0.8839
Validation Data Eval:
  Num examples: 256  Num correct: 144  Precision @ 1: 0.5625  AUC @ 1: 0.6312
Test Data Eval:
  Num examples: 512  Num correct: 279  Precision @ 1: 0.5449  AUC @ 1: 0.6878
Step 8600: loss = 0.4709 (0.013 sec)
Training Data Eval:
  Num examples: 3456  Num correct: 2722  Precision @ 1: 0.7876  AUC @ 1: 0.8849
Validation Data Eval:
  Num examples: 256  Num correct: 147  Precision @ 1: 0.5742  AUC @ 1: 0.6268
Test Data Eval:
  Num examples: 512  Num correct: 283  Precision @ 1: 0.5527  AUC @ 1: 0.7053
Step 8800: loss = 0.5460 (0.014 sec)
Training Data Eval:
  Num examples: 3456  Num correct: 2756  Precision @ 1: 0.7975  AUC @ 1: 0.8909
Validation Data Eval:
  Num examples: 256  Num correct: 147  Precision @ 1: 0.5742  AUC @ 1: 0.6289
Test Data Eval:
  Num examples: 512  Num correct: 283  Precision @ 1: 0.5527  AUC @ 1: 0.7002
Step 9000: loss = 0.4478 (0.012 sec)
Training Data Eval:
  Num examples: 3456  Num correct: 2781  Precision @ 1: 0.8047  AUC @ 1: 0.8960
Validation Data Eval:
  Num examples: 256  Num correct: 142  Precision @ 1: 0.5547  AUC @ 1: 0.6229
Test Data Eval:
  Num examples: 512  Num correct: 282  Precision @ 1: 0.5508  AUC @ 1: 0.6674
Step 9200: loss = 0.4983 (0.013 sec)
Training Data Eval:
  Num examples: 3456  Num correct: 2729  Precision @ 1: 0.7896  AUC @ 1: 0.8907
Validation Data Eval:
  Num examples: 256  Num correct: 148  Precision @ 1: 0.5781  AUC @ 1: 0.6271
Test Data Eval:
  Num examples: 512  Num correct: 286  Precision @ 1: 0.5586  AUC @ 1: 0.7167
Step 9400: loss = 0.4740 (0.012 sec)
Training Data Eval:
  Num examples: 3456  Num correct: 2766  Precision @ 1: 0.8003  AUC @ 1: 0.9005
Validation Data Eval:
  Num examples: 256  Num correct: 148  Precision @ 1: 0.5781  AUC @ 1: 0.6297
Test Data Eval:
  Num examples: 512  Num correct: 291  Precision @ 1: 0.5684  AUC @ 1: 0.7111
Step 9600: loss = 0.4700 (0.013 sec)
Training Data Eval:
  Num examples: 3456  Num correct: 2778  Precision @ 1: 0.8038  AUC @ 1: 0.9013
Validation Data Eval:
  Num examples: 256  Num correct: 146  Precision @ 1: 0.5703  AUC @ 1: 0.6210
Test Data Eval:
  Num examples: 512  Num correct: 285  Precision @ 1: 0.5566  AUC @ 1: 0.7031
Step 9800: loss = 0.4566 (0.014 sec)
Training Data Eval:
  Num examples: 3456  Num correct: 2785  Precision @ 1: 0.8058  AUC @ 1: 0.9012
Validation Data Eval:
  Num examples: 256  Num correct: 147  Precision @ 1: 0.5742  AUC @ 1: 0.6186
Test Data Eval:
  Num examples: 512  Num correct: 281  Precision @ 1: 0.5488  AUC @ 1: 0.6636
