Training data shape: 	(4141, 64, 30, 2)
Training label shape:	(4141,)
Testing data shape:  	(194, 64, 30, 2)
Testing label shape: 	(194,)
max input value is: 3457.31
min input value is: -4872.95
random permuted training data
==============================================================================
Model: 			inference_global_s_cnn
Tensor Name: 	Placeholder:0
[128, 64, 30, 2]
==============================================================================
Tensor Name: conv1/conv1:0
[128, 1, 30, 8]
==============================================================================
Tensor Name: MaxPool:0
[128, 1, 15, 8]
==============================================================================
Tensor Name: local1/local1:0
[128, 128]
==============================================================================
Tensor Name: local2/local2:0
[128, 128]
==============================================================================
Tensor Name: softmax_linear/softmax_linear:0
[128, 2]
Step 0: loss = 0.7697 (0.035 sec)
Training Data Eval:
  Num examples: 3840  Num correct: 2188  Precision @ 1: 0.5698  AUC @ 1: 0.5862
Validation Data Eval:
  Num examples: 256  Num correct: 143  Precision @ 1: 0.5586  AUC @ 1: 0.6090
Test Data Eval:
  Num examples: 128  Num correct: 43  Precision @ 1: 0.3359  AUC @ 1: 0.1855
Step 200: loss = 0.7735 (0.014 sec)
Training Data Eval:
  Num examples: 3840  Num correct: 2459  Precision @ 1: 0.6404  AUC @ 1: 0.7442
Validation Data Eval:
  Num examples: 256  Num correct: 164  Precision @ 1: 0.6406  AUC @ 1: 0.7244
Test Data Eval:
  Num examples: 128  Num correct: 60  Precision @ 1: 0.4688  AUC @ 1: 0.5198
Step 400: loss = 0.6921 (0.014 sec)
Training Data Eval:
  Num examples: 3840  Num correct: 2868  Precision @ 1: 0.7469  AUC @ 1: 0.8253
Validation Data Eval:
  Num examples: 256  Num correct: 177  Precision @ 1: 0.6914  AUC @ 1: 0.7737
Test Data Eval:
  Num examples: 128  Num correct: 66  Precision @ 1: 0.5156  AUC @ 1: 0.5266
Step 600: loss = 0.6115 (0.052 sec)
Training Data Eval:
  Num examples: 3840  Num correct: 2894  Precision @ 1: 0.7536  AUC @ 1: 0.8336
Validation Data Eval:
  Num examples: 256  Num correct: 175  Precision @ 1: 0.6836  AUC @ 1: 0.7636
Test Data Eval:
  Num examples: 128  Num correct: 66  Precision @ 1: 0.5156  AUC @ 1: 0.5214
Step 800: loss = 0.6013 (0.014 sec)
Training Data Eval:
  Num examples: 3840  Num correct: 2908  Precision @ 1: 0.7573  AUC @ 1: 0.8529
Validation Data Eval:
  Num examples: 256  Num correct: 178  Precision @ 1: 0.6953  AUC @ 1: 0.7605
Test Data Eval:
  Num examples: 128  Num correct: 66  Precision @ 1: 0.5156  AUC @ 1: 0.4938
Step 1000: loss = 0.4964 (0.014 sec)
Training Data Eval:
  Num examples: 3840  Num correct: 2979  Precision @ 1: 0.7758  AUC @ 1: 0.8731
Validation Data Eval:
  Num examples: 256  Num correct: 175  Precision @ 1: 0.6836  AUC @ 1: 0.7590
Test Data Eval:
  Num examples: 128  Num correct: 68  Precision @ 1: 0.5312  AUC @ 1: 0.4873
Step 1200: loss = 0.4684 (0.053 sec)
Training Data Eval:
  Num examples: 3840  Num correct: 3021  Precision @ 1: 0.7867  AUC @ 1: 0.8813
Validation Data Eval:
  Num examples: 256  Num correct: 176  Precision @ 1: 0.6875  AUC @ 1: 0.7521
Test Data Eval:
  Num examples: 128  Num correct: 74  Precision @ 1: 0.5781  AUC @ 1: 0.4721
Step 1400: loss = 0.5394 (0.014 sec)
Training Data Eval:
  Num examples: 3840  Num correct: 3025  Precision @ 1: 0.7878  AUC @ 1: 0.8876
Validation Data Eval:
  Num examples: 256  Num correct: 178  Precision @ 1: 0.6953  AUC @ 1: 0.7520
Test Data Eval:
  Num examples: 128  Num correct: 72  Precision @ 1: 0.5625  AUC @ 1: 0.4197
Step 1600: loss = 0.4610 (0.013 sec)
Training Data Eval:
  Num examples: 3840  Num correct: 3064  Precision @ 1: 0.7979  AUC @ 1: 0.8965
Validation Data Eval:
  Num examples: 256  Num correct: 173  Precision @ 1: 0.6758  AUC @ 1: 0.7468
Test Data Eval:
  Num examples: 128  Num correct: 72  Precision @ 1: 0.5625  AUC @ 1: 0.4418
Step 1800: loss = 0.4755 (0.052 sec)
Training Data Eval:
  Num examples: 3840  Num correct: 3048  Precision @ 1: 0.7937  AUC @ 1: 0.8981
Validation Data Eval:
  Num examples: 256  Num correct: 178  Precision @ 1: 0.6953  AUC @ 1: 0.7400
Test Data Eval:
  Num examples: 128  Num correct: 73  Precision @ 1: 0.5703  AUC @ 1: 0.3939
Step 2000: loss = 0.4635 (0.012 sec)
Training Data Eval:
  Num examples: 3840  Num correct: 3059  Precision @ 1: 0.7966  AUC @ 1: 0.8980
Validation Data Eval:
  Num examples: 256  Num correct: 175  Precision @ 1: 0.6836  AUC @ 1: 0.7377
Test Data Eval:
  Num examples: 128  Num correct: 76  Precision @ 1: 0.5938  AUC @ 1: 0.4397
Step 2200: loss = 0.4760 (0.014 sec)
Training Data Eval:
  Num examples: 3840  Num correct: 3119  Precision @ 1: 0.8122  AUC @ 1: 0.9110
Validation Data Eval:
  Num examples: 256  Num correct: 168  Precision @ 1: 0.6562  AUC @ 1: 0.7343
Test Data Eval:
  Num examples: 128  Num correct: 74  Precision @ 1: 0.5781  AUC @ 1: 0.4266
Step 2400: loss = 0.4272 (0.054 sec)
Training Data Eval:
  Num examples: 3840  Num correct: 3104  Precision @ 1: 0.8083  AUC @ 1: 0.9114
Validation Data Eval:
  Num examples: 256  Num correct: 174  Precision @ 1: 0.6797  AUC @ 1: 0.7350
Test Data Eval:
  Num examples: 128  Num correct: 76  Precision @ 1: 0.5938  AUC @ 1: 0.4158
Step 2600: loss = 0.4018 (0.015 sec)
Training Data Eval:
  Num examples: 3840  Num correct: 3126  Precision @ 1: 0.8141  AUC @ 1: 0.9163
Validation Data Eval:
  Num examples: 256  Num correct: 175  Precision @ 1: 0.6836  AUC @ 1: 0.7366
Test Data Eval:
  Num examples: 128  Num correct: 77  Precision @ 1: 0.6016  AUC @ 1: 0.4438
Step 2800: loss = 0.3880 (0.012 sec)
Training Data Eval:
  Num examples: 3840  Num correct: 3168  Precision @ 1: 0.8250  AUC @ 1: 0.9214
Validation Data Eval:
  Num examples: 256  Num correct: 175  Precision @ 1: 0.6836  AUC @ 1: 0.7346
Test Data Eval:
  Num examples: 128  Num correct: 75  Precision @ 1: 0.5859  AUC @ 1: 0.4548
Step 3000: loss = 0.3743 (0.053 sec)
Training Data Eval:
  Num examples: 3840  Num correct: 3127  Precision @ 1: 0.8143  AUC @ 1: 0.9175
Validation Data Eval:
  Num examples: 256  Num correct: 176  Precision @ 1: 0.6875  AUC @ 1: 0.7275
Test Data Eval:
  Num examples: 128  Num correct: 75  Precision @ 1: 0.5859  AUC @ 1: 0.4672
Step 3200: loss = 0.4551 (0.011 sec)
Training Data Eval:
  Num examples: 3840  Num correct: 3175  Precision @ 1: 0.8268  AUC @ 1: 0.9279
Validation Data Eval:
  Num examples: 256  Num correct: 177  Precision @ 1: 0.6914  AUC @ 1: 0.7390
Test Data Eval:
  Num examples: 128  Num correct: 80  Precision @ 1: 0.6250  AUC @ 1: 0.4810
Step 3400: loss = 0.3853 (0.014 sec)
Training Data Eval:
  Num examples: 3840  Num correct: 3222  Precision @ 1: 0.8391  AUC @ 1: 0.9309
Validation Data Eval:
  Num examples: 256  Num correct: 176  Precision @ 1: 0.6875  AUC @ 1: 0.7293
Test Data Eval:
  Num examples: 128  Num correct: 77  Precision @ 1: 0.6016  AUC @ 1: 0.4975
Step 3600: loss = 0.4039 (0.053 sec)
Training Data Eval:
  Num examples: 3840  Num correct: 3250  Precision @ 1: 0.8464  AUC @ 1: 0.9347
Validation Data Eval:
  Num examples: 256  Num correct: 174  Precision @ 1: 0.6797  AUC @ 1: 0.7280
Test Data Eval:
  Num examples: 128  Num correct: 76  Precision @ 1: 0.5938  AUC @ 1: 0.4892
Step 3800: loss = 0.3693 (0.014 sec)
Training Data Eval:
  Num examples: 3840  Num correct: 3218  Precision @ 1: 0.8380  AUC @ 1: 0.9318
Validation Data Eval:
  Num examples: 256  Num correct: 178  Precision @ 1: 0.6953  AUC @ 1: 0.7317
Test Data Eval:
  Num examples: 128  Num correct: 81  Precision @ 1: 0.6328  AUC @ 1: 0.4549
Step 4000: loss = 0.3934 (0.014 sec)
Training Data Eval:
  Num examples: 3840  Num correct: 3259  Precision @ 1: 0.8487  AUC @ 1: 0.9388
Validation Data Eval:
  Num examples: 256  Num correct: 177  Precision @ 1: 0.6914  AUC @ 1: 0.7299
Test Data Eval:
  Num examples: 128  Num correct: 77  Precision @ 1: 0.6016  AUC @ 1: 0.5239
Step 4200: loss = 0.3496 (0.055 sec)
Training Data Eval:
  Num examples: 3840  Num correct: 3260  Precision @ 1: 0.8490  AUC @ 1: 0.9427
Validation Data Eval:
  Num examples: 256  Num correct: 179  Precision @ 1: 0.6992  AUC @ 1: 0.7302
Test Data Eval:
  Num examples: 128  Num correct: 75  Precision @ 1: 0.5859  AUC @ 1: 0.4533
Step 4400: loss = 0.4190 (0.015 sec)
Training Data Eval:
  Num examples: 3840  Num correct: 3262  Precision @ 1: 0.8495  AUC @ 1: 0.9440
Validation Data Eval:
  Num examples: 256  Num correct: 174  Precision @ 1: 0.6797  AUC @ 1: 0.7227
Test Data Eval:
  Num examples: 128  Num correct: 74  Precision @ 1: 0.5781  AUC @ 1: 0.4797
Step 4600: loss = 0.3603 (0.014 sec)
Training Data Eval:
  Num examples: 3840  Num correct: 3298  Precision @ 1: 0.8589  AUC @ 1: 0.9462
Validation Data Eval:
  Num examples: 256  Num correct: 174  Precision @ 1: 0.6797  AUC @ 1: 0.7272
Test Data Eval:
  Num examples: 128  Num correct: 73  Precision @ 1: 0.5703  AUC @ 1: 0.4635
Step 4800: loss = 0.4483 (0.057 sec)
Training Data Eval:
  Num examples: 3840  Num correct: 3300  Precision @ 1: 0.8594  AUC @ 1: 0.9461
Validation Data Eval:
  Num examples: 256  Num correct: 178  Precision @ 1: 0.6953  AUC @ 1: 0.7233
Test Data Eval:
  Num examples: 128  Num correct: 78  Precision @ 1: 0.6094  AUC @ 1: 0.4908
Step 5000: loss = 0.3509 (0.013 sec)
Training Data Eval:
  Num examples: 3840  Num correct: 3292  Precision @ 1: 0.8573  AUC @ 1: 0.9462
Validation Data Eval:
  Num examples: 256  Num correct: 172  Precision @ 1: 0.6719  AUC @ 1: 0.7114
Test Data Eval:
  Num examples: 128  Num correct: 76  Precision @ 1: 0.5938  AUC @ 1: 0.4828
Step 5200: loss = 0.3431 (0.013 sec)
Training Data Eval:
  Num examples: 3840  Num correct: 3316  Precision @ 1: 0.8635  AUC @ 1: 0.9503
Validation Data Eval:
  Num examples: 256  Num correct: 174  Precision @ 1: 0.6797  AUC @ 1: 0.7167
Test Data Eval:
  Num examples: 128  Num correct: 82  Precision @ 1: 0.6406  AUC @ 1: 0.5488
Step 5400: loss = 0.3466 (0.046 sec)
Training Data Eval:
  Num examples: 3840  Num correct: 3352  Precision @ 1: 0.8729  AUC @ 1: 0.9545
Validation Data Eval:
  Num examples: 256  Num correct: 172  Precision @ 1: 0.6719  AUC @ 1: 0.7109
Test Data Eval:
  Num examples: 128  Num correct: 75  Precision @ 1: 0.5859  AUC @ 1: 0.4926
Step 5600: loss = 0.3740 (0.014 sec)
Training Data Eval:
  Num examples: 3840  Num correct: 3338  Precision @ 1: 0.8693  AUC @ 1: 0.9554
Validation Data Eval:
  Num examples: 256  Num correct: 174  Precision @ 1: 0.6797  AUC @ 1: 0.7168
Test Data Eval:
  Num examples: 128  Num correct: 81  Precision @ 1: 0.6328  AUC @ 1: 0.5233
Step 5800: loss = 0.3896 (0.014 sec)
Training Data Eval:
  Num examples: 3840  Num correct: 3367  Precision @ 1: 0.8768  AUC @ 1: 0.9578
Validation Data Eval:
  Num examples: 256  Num correct: 172  Precision @ 1: 0.6719  AUC @ 1: 0.7184
Test Data Eval:
  Num examples: 128  Num correct: 74  Precision @ 1: 0.5781  AUC @ 1: 0.4714
Step 6000: loss = 0.3325 (0.046 sec)
Training Data Eval:
  Num examples: 3840  Num correct: 3373  Precision @ 1: 0.8784  AUC @ 1: 0.9583
Validation Data Eval:
  Num examples: 256  Num correct: 172  Precision @ 1: 0.6719  AUC @ 1: 0.7142
Test Data Eval:
  Num examples: 128  Num correct: 70  Precision @ 1: 0.5469  AUC @ 1: 0.4717
Step 6200: loss = 0.3268 (0.013 sec)
Training Data Eval:
  Num examples: 3840  Num correct: 3377  Precision @ 1: 0.8794  AUC @ 1: 0.9597
Validation Data Eval:
  Num examples: 256  Num correct: 171  Precision @ 1: 0.6680  AUC @ 1: 0.7150
Test Data Eval:
  Num examples: 128  Num correct: 72  Precision @ 1: 0.5625  AUC @ 1: 0.4590
Step 6400: loss = 0.3311 (0.014 sec)
Training Data Eval:
  Num examples: 3840  Num correct: 3400  Precision @ 1: 0.8854  AUC @ 1: 0.9640
Validation Data Eval:
  Num examples: 256  Num correct: 169  Precision @ 1: 0.6602  AUC @ 1: 0.7172
Test Data Eval:
  Num examples: 128  Num correct: 72  Precision @ 1: 0.5625  AUC @ 1: 0.4403
Step 6600: loss = 0.2945 (0.049 sec)
Training Data Eval:
  Num examples: 3840  Num correct: 3391  Precision @ 1: 0.8831  AUC @ 1: 0.9616
Validation Data Eval:
  Num examples: 256  Num correct: 170  Precision @ 1: 0.6641  AUC @ 1: 0.7160
Test Data Eval:
  Num examples: 128  Num correct: 74  Precision @ 1: 0.5781  AUC @ 1: 0.5147
Step 6800: loss = 0.3093 (0.014 sec)
Training Data Eval:
  Num examples: 3840  Num correct: 3431  Precision @ 1: 0.8935  AUC @ 1: 0.9647
Validation Data Eval:
  Num examples: 256  Num correct: 172  Precision @ 1: 0.6719  AUC @ 1: 0.7213
Test Data Eval:
  Num examples: 128  Num correct: 69  Precision @ 1: 0.5391  AUC @ 1: 0.4598
Step 7000: loss = 0.3460 (0.014 sec)
Training Data Eval:
  Num examples: 3840  Num correct: 3449  Precision @ 1: 0.8982  AUC @ 1: 0.9688
Validation Data Eval:
  Num examples: 256  Num correct: 175  Precision @ 1: 0.6836  AUC @ 1: 0.7245
Test Data Eval:
  Num examples: 128  Num correct: 78  Precision @ 1: 0.6094  AUC @ 1: 0.4504
Step 7200: loss = 0.3112 (0.048 sec)
Training Data Eval:
  Num examples: 3840  Num correct: 3456  Precision @ 1: 0.9000  AUC @ 1: 0.9702
Validation Data Eval:
  Num examples: 256  Num correct: 177  Precision @ 1: 0.6914  AUC @ 1: 0.7265
Test Data Eval:
  Num examples: 128  Num correct: 76  Precision @ 1: 0.5938  AUC @ 1: 0.4692
Step 7400: loss = 0.3309 (0.014 sec)
Training Data Eval:
  Num examples: 3840  Num correct: 3471  Precision @ 1: 0.9039  AUC @ 1: 0.9726
Validation Data Eval:
  Num examples: 256  Num correct: 177  Precision @ 1: 0.6914  AUC @ 1: 0.7288
Test Data Eval:
  Num examples: 128  Num correct: 74  Precision @ 1: 0.5781  AUC @ 1: 0.4866
Step 7600: loss = 0.3097 (0.014 sec)
Training Data Eval:
  Num examples: 3840  Num correct: 3482  Precision @ 1: 0.9068  AUC @ 1: 0.9727
Validation Data Eval:
  Num examples: 256  Num correct: 176  Precision @ 1: 0.6875  AUC @ 1: 0.7258
Test Data Eval:
  Num examples: 128  Num correct: 75  Precision @ 1: 0.5859  AUC @ 1: 0.4385
Step 7800: loss = 0.2851 (0.053 sec)
Training Data Eval:
  Num examples: 3840  Num correct: 3476  Precision @ 1: 0.9052  AUC @ 1: 0.9730
Validation Data Eval:
  Num examples: 256  Num correct: 174  Precision @ 1: 0.6797  AUC @ 1: 0.7233
Test Data Eval:
  Num examples: 128  Num correct: 68  Precision @ 1: 0.5312  AUC @ 1: 0.4923
Step 8000: loss = 0.3108 (0.015 sec)
Training Data Eval:
  Num examples: 3840  Num correct: 3493  Precision @ 1: 0.9096  AUC @ 1: 0.9745
Validation Data Eval:
  Num examples: 256  Num correct: 176  Precision @ 1: 0.6875  AUC @ 1: 0.7328
Test Data Eval:
  Num examples: 128  Num correct: 70  Precision @ 1: 0.5469  AUC @ 1: 0.4871
Step 8200: loss = 0.2414 (0.013 sec)
Training Data Eval:
  Num examples: 3840  Num correct: 3511  Precision @ 1: 0.9143  AUC @ 1: 0.9770
Validation Data Eval:
  Num examples: 256  Num correct: 174  Precision @ 1: 0.6797  AUC @ 1: 0.7318
Test Data Eval:
  Num examples: 128  Num correct: 74  Precision @ 1: 0.5781  AUC @ 1: 0.5173
Step 8400: loss = 0.2645 (0.056 sec)
Training Data Eval:
  Num examples: 3840  Num correct: 3519  Precision @ 1: 0.9164  AUC @ 1: 0.9801
Validation Data Eval:
  Num examples: 256  Num correct: 174  Precision @ 1: 0.6797  AUC @ 1: 0.7300
Test Data Eval:
  Num examples: 128  Num correct: 71  Precision @ 1: 0.5547  AUC @ 1: 0.4535
Step 8600: loss = 0.2822 (0.014 sec)
Training Data Eval:
  Num examples: 3840  Num correct: 3521  Precision @ 1: 0.9169  AUC @ 1: 0.9807
Validation Data Eval:
  Num examples: 256  Num correct: 173  Precision @ 1: 0.6758  AUC @ 1: 0.7326
Test Data Eval:
  Num examples: 128  Num correct: 70  Precision @ 1: 0.5469  AUC @ 1: 0.4387
Step 8800: loss = 0.2556 (0.014 sec)
Training Data Eval:
  Num examples: 3840  Num correct: 3559  Precision @ 1: 0.9268  AUC @ 1: 0.9825
Validation Data Eval:
  Num examples: 256  Num correct: 178  Precision @ 1: 0.6953  AUC @ 1: 0.7322
Test Data Eval:
  Num examples: 128  Num correct: 70  Precision @ 1: 0.5469  AUC @ 1: 0.4648
Step 9000: loss = 0.3083 (0.049 sec)
Training Data Eval:
  Num examples: 3840  Num correct: 3569  Precision @ 1: 0.9294  AUC @ 1: 0.9818
Validation Data Eval:
  Num examples: 256  Num correct: 175  Precision @ 1: 0.6836  AUC @ 1: 0.7286
Test Data Eval:
  Num examples: 128  Num correct: 68  Precision @ 1: 0.5312  AUC @ 1: 0.4365
Step 9200: loss = 0.2598 (0.013 sec)
Training Data Eval:
  Num examples: 3840  Num correct: 3564  Precision @ 1: 0.9281  AUC @ 1: 0.9835
Validation Data Eval:
  Num examples: 256  Num correct: 176  Precision @ 1: 0.6875  AUC @ 1: 0.7306
Test Data Eval:
  Num examples: 128  Num correct: 74  Precision @ 1: 0.5781  AUC @ 1: 0.4632
Step 9400: loss = 0.2695 (0.014 sec)
Training Data Eval:
  Num examples: 3840  Num correct: 3578  Precision @ 1: 0.9318  AUC @ 1: 0.9839
Validation Data Eval:
  Num examples: 256  Num correct: 174  Precision @ 1: 0.6797  AUC @ 1: 0.7333
Test Data Eval:
  Num examples: 128  Num correct: 62  Precision @ 1: 0.4844  AUC @ 1: 0.4481
Step 9600: loss = 0.2167 (0.056 sec)
Training Data Eval:
  Num examples: 3840  Num correct: 3561  Precision @ 1: 0.9273  AUC @ 1: 0.9821
Validation Data Eval:
  Num examples: 256  Num correct: 175  Precision @ 1: 0.6836  AUC @ 1: 0.7403
Test Data Eval:
  Num examples: 128  Num correct: 67  Precision @ 1: 0.5234  AUC @ 1: 0.4717
Step 9800: loss = 0.2329 (0.012 sec)
Training Data Eval:
  Num examples: 3840  Num correct: 3582  Precision @ 1: 0.9328  AUC @ 1: 0.9855
Validation Data Eval:
  Num examples: 256  Num correct: 175  Precision @ 1: 0.6836  AUC @ 1: 0.7395
Test Data Eval:
  Num examples: 128  Num correct: 64  Precision @ 1: 0.5000  AUC @ 1: 0.4348
