Training data shape: 	(3869, 64, 30, 1)
Training label shape:	(3869,)
Testing data shape:  	(466, 64, 30, 1)
Testing label shape: 	(466,)
max input value is: 14.3839135638
min input value is: -10.9262291682
random permuted training data
==============================================================================
Model: 			inference_global_s_cnn
Tensor Name: 	Placeholder:0
[128, 64, 30, 1]
==============================================================================
Tensor Name: conv1/conv1:0
[128, 1, 30, 64]
==============================================================================
Tensor Name: MaxPool:0
[128, 1, 15, 64]
==============================================================================
Tensor Name: local1/local1:0
[128, 128]
==============================================================================
Tensor Name: local2/local2:0
[128, 128]
==============================================================================
Tensor Name: softmax_linear/softmax_linear:0
[128, 2]
Step 0: loss = 1.0379 (0.042 sec)
Training Data Eval:
  Num examples: 3584  Num correct: 2008  Precision @ 1: 0.5603  AUC @ 1: 0.6075
Validation Data Eval:
  Num examples: 256  Num correct: 153  Precision @ 1: 0.5977  AUC @ 1: 0.5657
Test Data Eval:
  Num examples: 384  Num correct: 181  Precision @ 1: 0.4714  AUC @ 1: 0.6041
Step 200: loss = 1.0256 (0.022 sec)
Training Data Eval:
  Num examples: 3584  Num correct: 2013  Precision @ 1: 0.5617  AUC @ 1: 0.6227
Validation Data Eval:
  Num examples: 256  Num correct: 153  Precision @ 1: 0.5977  AUC @ 1: 0.5976
Test Data Eval:
  Num examples: 384  Num correct: 215  Precision @ 1: 0.5599  AUC @ 1: 0.6072
Step 400: loss = 1.0208 (0.022 sec)
Training Data Eval:
  Num examples: 3584  Num correct: 2012  Precision @ 1: 0.5614  AUC @ 1: 0.6325
Validation Data Eval:
  Num examples: 256  Num correct: 153  Precision @ 1: 0.5977  AUC @ 1: 0.6040
Test Data Eval:
  Num examples: 384  Num correct: 215  Precision @ 1: 0.5599  AUC @ 1: 0.6026
Step 600: loss = 1.0358 (0.021 sec)
Training Data Eval:
  Num examples: 3584  Num correct: 2027  Precision @ 1: 0.5656  AUC @ 1: 0.6211
Validation Data Eval:
  Num examples: 256  Num correct: 153  Precision @ 1: 0.5977  AUC @ 1: 0.6069
Test Data Eval:
  Num examples: 384  Num correct: 216  Precision @ 1: 0.5625  AUC @ 1: 0.5847
Step 800: loss = 1.0209 (0.021 sec)
Training Data Eval:
  Num examples: 3584  Num correct: 2009  Precision @ 1: 0.5605  AUC @ 1: 0.6294
Validation Data Eval:
  Num examples: 256  Num correct: 153  Precision @ 1: 0.5977  AUC @ 1: 0.6081
Test Data Eval:
  Num examples: 384  Num correct: 222  Precision @ 1: 0.5781  AUC @ 1: 0.6279
Step 1000: loss = 1.0160 (0.023 sec)
Training Data Eval:
  Num examples: 3584  Num correct: 2014  Precision @ 1: 0.5619  AUC @ 1: 0.6260
Validation Data Eval:
  Num examples: 256  Num correct: 153  Precision @ 1: 0.5977  AUC @ 1: 0.6114
Test Data Eval:
  Num examples: 384  Num correct: 217  Precision @ 1: 0.5651  AUC @ 1: 0.6029
Step 1200: loss = 1.0051 (0.022 sec)
Training Data Eval:
  Num examples: 3584  Num correct: 2021  Precision @ 1: 0.5639  AUC @ 1: 0.6371
Validation Data Eval:
  Num examples: 256  Num correct: 153  Precision @ 1: 0.5977  AUC @ 1: 0.6149
Test Data Eval:
  Num examples: 384  Num correct: 220  Precision @ 1: 0.5729  AUC @ 1: 0.6125
Step 1400: loss = 1.0049 (0.057 sec)
Training Data Eval:
  Num examples: 3584  Num correct: 2071  Precision @ 1: 0.5778  AUC @ 1: 0.6360
Validation Data Eval:
  Num examples: 256  Num correct: 153  Precision @ 1: 0.5977  AUC @ 1: 0.6193
Test Data Eval:
  Num examples: 384  Num correct: 215  Precision @ 1: 0.5599  AUC @ 1: 0.6183
Step 1600: loss = 0.9773 (0.022 sec)
Training Data Eval:
  Num examples: 3584  Num correct: 2035  Precision @ 1: 0.5678  AUC @ 1: 0.6425
Validation Data Eval:
  Num examples: 256  Num correct: 153  Precision @ 1: 0.5977  AUC @ 1: 0.6268
Test Data Eval:
  Num examples: 384  Num correct: 222  Precision @ 1: 0.5781  AUC @ 1: 0.6235
Step 1800: loss = 0.9804 (0.022 sec)
Training Data Eval:
  Num examples: 3584  Num correct: 2056  Precision @ 1: 0.5737  AUC @ 1: 0.6492
Validation Data Eval:
  Num examples: 256  Num correct: 153  Precision @ 1: 0.5977  AUC @ 1: 0.6342
Test Data Eval:
  Num examples: 384  Num correct: 215  Precision @ 1: 0.5599  AUC @ 1: 0.6411
Step 2000: loss = 0.9635 (0.022 sec)
Training Data Eval:
  Num examples: 3584  Num correct: 2016  Precision @ 1: 0.5625  AUC @ 1: 0.6573
Validation Data Eval:
  Num examples: 256  Num correct: 153  Precision @ 1: 0.5977  AUC @ 1: 0.6443
Test Data Eval:
  Num examples: 384  Num correct: 214  Precision @ 1: 0.5573  AUC @ 1: 0.6483
Step 2200: loss = 0.9705 (0.022 sec)
Training Data Eval:
  Num examples: 3584  Num correct: 2079  Precision @ 1: 0.5801  AUC @ 1: 0.6558
Validation Data Eval:
  Num examples: 256  Num correct: 154  Precision @ 1: 0.6016  AUC @ 1: 0.6556
Test Data Eval:
  Num examples: 384  Num correct: 214  Precision @ 1: 0.5573  AUC @ 1: 0.6486
Step 2400: loss = 0.9720 (0.021 sec)
Training Data Eval:
  Num examples: 3584  Num correct: 2124  Precision @ 1: 0.5926  AUC @ 1: 0.6740
Validation Data Eval:
  Num examples: 256  Num correct: 158  Precision @ 1: 0.6172  AUC @ 1: 0.6674
Test Data Eval:
  Num examples: 384  Num correct: 217  Precision @ 1: 0.5651  AUC @ 1: 0.6426
Step 2600: loss = 0.9628 (0.023 sec)
Training Data Eval:
  Num examples: 3584  Num correct: 2126  Precision @ 1: 0.5932  AUC @ 1: 0.6744
Validation Data Eval:
  Num examples: 256  Num correct: 155  Precision @ 1: 0.6055  AUC @ 1: 0.6792
Test Data Eval:
  Num examples: 384  Num correct: 202  Precision @ 1: 0.5260  AUC @ 1: 0.6605
Step 2800: loss = 0.9344 (0.053 sec)
Training Data Eval:
  Num examples: 3584  Num correct: 2185  Precision @ 1: 0.6097  AUC @ 1: 0.6859
Validation Data Eval:
  Num examples: 256  Num correct: 159  Precision @ 1: 0.6211  AUC @ 1: 0.6861
Test Data Eval:
  Num examples: 384  Num correct: 212  Precision @ 1: 0.5521  AUC @ 1: 0.6878
Step 3000: loss = 0.9567 (0.022 sec)
Training Data Eval:
  Num examples: 3584  Num correct: 2197  Precision @ 1: 0.6130  AUC @ 1: 0.6806
Validation Data Eval:
  Num examples: 256  Num correct: 162  Precision @ 1: 0.6328  AUC @ 1: 0.6973
Test Data Eval:
  Num examples: 384  Num correct: 219  Precision @ 1: 0.5703  AUC @ 1: 0.6863
Step 3200: loss = 0.9579 (0.021 sec)
Training Data Eval:
  Num examples: 3584  Num correct: 2215  Precision @ 1: 0.6180  AUC @ 1: 0.7020
Validation Data Eval:
  Num examples: 256  Num correct: 159  Precision @ 1: 0.6211  AUC @ 1: 0.7074
Test Data Eval:
  Num examples: 384  Num correct: 213  Precision @ 1: 0.5547  AUC @ 1: 0.6858
Step 3400: loss = 0.9082 (0.022 sec)
Training Data Eval:
  Num examples: 3584  Num correct: 2263  Precision @ 1: 0.6314  AUC @ 1: 0.7103
Validation Data Eval:
  Num examples: 256  Num correct: 161  Precision @ 1: 0.6289  AUC @ 1: 0.7140
Test Data Eval:
  Num examples: 384  Num correct: 219  Precision @ 1: 0.5703  AUC @ 1: 0.6892
Step 3600: loss = 0.9504 (0.022 sec)
Training Data Eval:
  Num examples: 3584  Num correct: 2309  Precision @ 1: 0.6443  AUC @ 1: 0.7245
Validation Data Eval:
  Num examples: 256  Num correct: 159  Precision @ 1: 0.6211  AUC @ 1: 0.7223
Test Data Eval:
  Num examples: 384  Num correct: 225  Precision @ 1: 0.5859  AUC @ 1: 0.7042
Step 3800: loss = 0.9194 (0.022 sec)
Training Data Eval:
  Num examples: 3584  Num correct: 2328  Precision @ 1: 0.6496  AUC @ 1: 0.7312
Validation Data Eval:
  Num examples: 256  Num correct: 162  Precision @ 1: 0.6328  AUC @ 1: 0.7268
Test Data Eval:
  Num examples: 384  Num correct: 227  Precision @ 1: 0.5911  AUC @ 1: 0.7106
Step 4000: loss = 0.9636 (0.022 sec)
Training Data Eval:
  Num examples: 3584  Num correct: 2353  Precision @ 1: 0.6565  AUC @ 1: 0.7337
Validation Data Eval:
  Num examples: 256  Num correct: 161  Precision @ 1: 0.6289  AUC @ 1: 0.7332
Test Data Eval:
  Num examples: 384  Num correct: 237  Precision @ 1: 0.6172  AUC @ 1: 0.7298
Step 4200: loss = 0.9353 (0.057 sec)
Training Data Eval:
  Num examples: 3584  Num correct: 2358  Precision @ 1: 0.6579  AUC @ 1: 0.7366
Validation Data Eval:
  Num examples: 256  Num correct: 164  Precision @ 1: 0.6406  AUC @ 1: 0.7407
Test Data Eval:
  Num examples: 384  Num correct: 228  Precision @ 1: 0.5938  AUC @ 1: 0.7325
Step 4400: loss = 0.8756 (0.022 sec)
Training Data Eval:
  Num examples: 3584  Num correct: 2402  Precision @ 1: 0.6702  AUC @ 1: 0.7464
Validation Data Eval:
  Num examples: 256  Num correct: 173  Precision @ 1: 0.6758  AUC @ 1: 0.7474
Test Data Eval:
  Num examples: 384  Num correct: 236  Precision @ 1: 0.6146  AUC @ 1: 0.7333
Step 4600: loss = 0.8771 (0.021 sec)
Training Data Eval:
  Num examples: 3584  Num correct: 2418  Precision @ 1: 0.6747  AUC @ 1: 0.7541
Validation Data Eval:
  Num examples: 256  Num correct: 168  Precision @ 1: 0.6562  AUC @ 1: 0.7513
Test Data Eval:
  Num examples: 384  Num correct: 234  Precision @ 1: 0.6094  AUC @ 1: 0.7395
Step 4800: loss = 0.8842 (0.022 sec)
Training Data Eval:
  Num examples: 3584  Num correct: 2436  Precision @ 1: 0.6797  AUC @ 1: 0.7566
Validation Data Eval:
  Num examples: 256  Num correct: 173  Precision @ 1: 0.6758  AUC @ 1: 0.7577
Test Data Eval:
  Num examples: 384  Num correct: 237  Precision @ 1: 0.6172  AUC @ 1: 0.7396
Step 5000: loss = 0.8452 (0.022 sec)
Training Data Eval:
  Num examples: 3584  Num correct: 2445  Precision @ 1: 0.6822  AUC @ 1: 0.7633
Validation Data Eval:
  Num examples: 256  Num correct: 178  Precision @ 1: 0.6953  AUC @ 1: 0.7648
Test Data Eval:
  Num examples: 384  Num correct: 239  Precision @ 1: 0.6224  AUC @ 1: 0.7461
Step 5200: loss = 0.8260 (0.021 sec)
Training Data Eval:
  Num examples: 3584  Num correct: 2468  Precision @ 1: 0.6886  AUC @ 1: 0.7711
Validation Data Eval:
  Num examples: 256  Num correct: 175  Precision @ 1: 0.6836  AUC @ 1: 0.7714
Test Data Eval:
  Num examples: 384  Num correct: 240  Precision @ 1: 0.6250  AUC @ 1: 0.7498
Step 5400: loss = 0.8776 (0.022 sec)
Training Data Eval:
  Num examples: 3584  Num correct: 2486  Precision @ 1: 0.6936  AUC @ 1: 0.7779
Validation Data Eval:
  Num examples: 256  Num correct: 177  Precision @ 1: 0.6914  AUC @ 1: 0.7749
Test Data Eval:
  Num examples: 384  Num correct: 235  Precision @ 1: 0.6120  AUC @ 1: 0.7465
Step 5600: loss = 0.8434 (0.054 sec)
Training Data Eval:
  Num examples: 3584  Num correct: 2511  Precision @ 1: 0.7006  AUC @ 1: 0.7838
Validation Data Eval:
  Num examples: 256  Num correct: 177  Precision @ 1: 0.6914  AUC @ 1: 0.7815
Test Data Eval:
  Num examples: 384  Num correct: 238  Precision @ 1: 0.6198  AUC @ 1: 0.7424
Step 5800: loss = 0.9241 (0.022 sec)
Training Data Eval:
  Num examples: 3584  Num correct: 2514  Precision @ 1: 0.7015  AUC @ 1: 0.7905
Validation Data Eval:
  Num examples: 256  Num correct: 177  Precision @ 1: 0.6914  AUC @ 1: 0.7892
Test Data Eval:
  Num examples: 384  Num correct: 243  Precision @ 1: 0.6328  AUC @ 1: 0.7461
Step 6000: loss = 0.8631 (0.021 sec)
Training Data Eval:
  Num examples: 3584  Num correct: 2529  Precision @ 1: 0.7056  AUC @ 1: 0.7851
Validation Data Eval:
  Num examples: 256  Num correct: 180  Precision @ 1: 0.7031  AUC @ 1: 0.7946
Test Data Eval:
  Num examples: 384  Num correct: 240  Precision @ 1: 0.6250  AUC @ 1: 0.7322
Step 6200: loss = 0.8068 (0.023 sec)
Training Data Eval:
  Num examples: 3584  Num correct: 2567  Precision @ 1: 0.7162  AUC @ 1: 0.8063
Validation Data Eval:
  Num examples: 256  Num correct: 182  Precision @ 1: 0.7109  AUC @ 1: 0.8018
Test Data Eval:
  Num examples: 384  Num correct: 243  Precision @ 1: 0.6328  AUC @ 1: 0.7342
Step 6400: loss = 0.8488 (0.022 sec)
Training Data Eval:
  Num examples: 3584  Num correct: 2611  Precision @ 1: 0.7285  AUC @ 1: 0.8109
Validation Data Eval:
  Num examples: 256  Num correct: 182  Precision @ 1: 0.7109  AUC @ 1: 0.8053
Test Data Eval:
  Num examples: 384  Num correct: 248  Precision @ 1: 0.6458  AUC @ 1: 0.7577
Step 6600: loss = 0.8276 (0.022 sec)
Training Data Eval:
  Num examples: 3584  Num correct: 2608  Precision @ 1: 0.7277  AUC @ 1: 0.8164
Validation Data Eval:
  Num examples: 256  Num correct: 185  Precision @ 1: 0.7227  AUC @ 1: 0.8124
Test Data Eval:
  Num examples: 384  Num correct: 247  Precision @ 1: 0.6432  AUC @ 1: 0.7409
Step 6800: loss = 0.7844 (0.021 sec)
Training Data Eval:
  Num examples: 3584  Num correct: 2616  Precision @ 1: 0.7299  AUC @ 1: 0.8190
Validation Data Eval:
  Num examples: 256  Num correct: 188  Precision @ 1: 0.7344  AUC @ 1: 0.8133
Test Data Eval:
  Num examples: 384  Num correct: 248  Precision @ 1: 0.6458  AUC @ 1: 0.7484
Step 7000: loss = 0.7896 (0.054 sec)
Training Data Eval:
  Num examples: 3584  Num correct: 2610  Precision @ 1: 0.7282  AUC @ 1: 0.8212
Validation Data Eval:
  Num examples: 256  Num correct: 191  Precision @ 1: 0.7461  AUC @ 1: 0.8154
Test Data Eval:
  Num examples: 384  Num correct: 253  Precision @ 1: 0.6589  AUC @ 1: 0.7617
Step 7200: loss = 0.8128 (0.020 sec)
Training Data Eval:
  Num examples: 3584  Num correct: 2633  Precision @ 1: 0.7347  AUC @ 1: 0.8269
Validation Data Eval:
  Num examples: 256  Num correct: 193  Precision @ 1: 0.7539  AUC @ 1: 0.8207
Test Data Eval:
  Num examples: 384  Num correct: 253  Precision @ 1: 0.6589  AUC @ 1: 0.7645
Step 7400: loss = 0.8198 (0.021 sec)
Training Data Eval:
  Num examples: 3584  Num correct: 2697  Precision @ 1: 0.7525  AUC @ 1: 0.8346
Validation Data Eval:
  Num examples: 256  Num correct: 194  Precision @ 1: 0.7578  AUC @ 1: 0.8237
Test Data Eval:
  Num examples: 384  Num correct: 245  Precision @ 1: 0.6380  AUC @ 1: 0.7446
Step 7600: loss = 0.7963 (0.022 sec)
Training Data Eval:
  Num examples: 3584  Num correct: 2664  Precision @ 1: 0.7433  AUC @ 1: 0.8326
Validation Data Eval:
  Num examples: 256  Num correct: 196  Precision @ 1: 0.7656  AUC @ 1: 0.8245
Test Data Eval:
  Num examples: 384  Num correct: 249  Precision @ 1: 0.6484  AUC @ 1: 0.7581
Step 7800: loss = 0.7376 (0.022 sec)
Training Data Eval:
  Num examples: 3584  Num correct: 2690  Precision @ 1: 0.7506  AUC @ 1: 0.8474
Validation Data Eval:
  Num examples: 256  Num correct: 198  Precision @ 1: 0.7734  AUC @ 1: 0.8267
Test Data Eval:
  Num examples: 384  Num correct: 251  Precision @ 1: 0.6536  AUC @ 1: 0.7567
Step 8000: loss = 0.7722 (0.021 sec)
Training Data Eval:
  Num examples: 3584  Num correct: 2709  Precision @ 1: 0.7559  AUC @ 1: 0.8453
Validation Data Eval:
  Num examples: 256  Num correct: 198  Precision @ 1: 0.7734  AUC @ 1: 0.8301
Test Data Eval:
  Num examples: 384  Num correct: 260  Precision @ 1: 0.6771  AUC @ 1: 0.7714
Step 8200: loss = 0.7387 (0.022 sec)
Training Data Eval:
  Num examples: 3584  Num correct: 2700  Precision @ 1: 0.7533  AUC @ 1: 0.8460
Validation Data Eval:
  Num examples: 256  Num correct: 197  Precision @ 1: 0.7695  AUC @ 1: 0.8322
Test Data Eval:
  Num examples: 384  Num correct: 252  Precision @ 1: 0.6562  AUC @ 1: 0.7633
Step 8400: loss = 0.7946 (0.060 sec)
Training Data Eval:
  Num examples: 3584  Num correct: 2691  Precision @ 1: 0.7508  AUC @ 1: 0.8427
Validation Data Eval:
  Num examples: 256  Num correct: 199  Precision @ 1: 0.7773  AUC @ 1: 0.8348
Test Data Eval:
  Num examples: 384  Num correct: 255  Precision @ 1: 0.6641  AUC @ 1: 0.7603
Step 8600: loss = 0.7614 (0.022 sec)
Training Data Eval:
  Num examples: 3584  Num correct: 2720  Precision @ 1: 0.7589  AUC @ 1: 0.8489
Validation Data Eval:
  Num examples: 256  Num correct: 196  Precision @ 1: 0.7656  AUC @ 1: 0.8360
Test Data Eval:
  Num examples: 384  Num correct: 252  Precision @ 1: 0.6562  AUC @ 1: 0.7590
Step 8800: loss = 0.7231 (0.022 sec)
Training Data Eval:
  Num examples: 3584  Num correct: 2735  Precision @ 1: 0.7631  AUC @ 1: 0.8555
Validation Data Eval:
  Num examples: 256  Num correct: 199  Precision @ 1: 0.7773  AUC @ 1: 0.8377
Test Data Eval:
  Num examples: 384  Num correct: 254  Precision @ 1: 0.6615  AUC @ 1: 0.7539
Step 9000: loss = 0.7377 (0.021 sec)
Training Data Eval:
  Num examples: 3584  Num correct: 2755  Precision @ 1: 0.7687  AUC @ 1: 0.8594
Validation Data Eval:
  Num examples: 256  Num correct: 197  Precision @ 1: 0.7695  AUC @ 1: 0.8408
Test Data Eval:
  Num examples: 384  Num correct: 246  Precision @ 1: 0.6406  AUC @ 1: 0.7439
Step 9200: loss = 0.7296 (0.022 sec)
Training Data Eval:
  Num examples: 3584  Num correct: 2763  Precision @ 1: 0.7709  AUC @ 1: 0.8640
Validation Data Eval:
  Num examples: 256  Num correct: 198  Precision @ 1: 0.7734  AUC @ 1: 0.8406
Test Data Eval:
  Num examples: 384  Num correct: 245  Precision @ 1: 0.6380  AUC @ 1: 0.7437
Step 9400: loss = 0.7389 (0.022 sec)
Training Data Eval:
  Num examples: 3584  Num correct: 2786  Precision @ 1: 0.7773  AUC @ 1: 0.8688
Validation Data Eval:
  Num examples: 256  Num correct: 198  Precision @ 1: 0.7734  AUC @ 1: 0.8421
Test Data Eval:
  Num examples: 384  Num correct: 252  Precision @ 1: 0.6562  AUC @ 1: 0.7459
Step 9600: loss = 0.7289 (0.023 sec)
Training Data Eval:
  Num examples: 3584  Num correct: 2788  Precision @ 1: 0.7779  AUC @ 1: 0.8689
Validation Data Eval:
  Num examples: 256  Num correct: 197  Precision @ 1: 0.7695  AUC @ 1: 0.8421
Test Data Eval:
  Num examples: 384  Num correct: 251  Precision @ 1: 0.6536  AUC @ 1: 0.7507
Step 9800: loss = 0.6444 (0.058 sec)
Training Data Eval:
  Num examples: 3584  Num correct: 2797  Precision @ 1: 0.7804  AUC @ 1: 0.8728
Validation Data Eval:
  Num examples: 256  Num correct: 199  Precision @ 1: 0.7773  AUC @ 1: 0.8411
Test Data Eval:
  Num examples: 384  Num correct: 251  Precision @ 1: 0.6536  AUC @ 1: 0.7556
