Training data shape: 	(10000, 64, 64, 1)
Training label shape:	(10000,)
Testing data shape:  	(1910, 64, 64, 1)
Testing label shape: 	(1910,)
max input value is: 153.458
min input value is: -104.189
random permuted training data
==============================================================================
Model: 			inference_roi_ts_cnn
Tensor Name: 	Placeholder:0
[64, 64, 64, 1]
==============================================================================
Tensor Name: concat_64:0
[64, 320, 64, 1]
==============================================================================
Tensor Name: conv0/conv0:0
[64, 64, 1, 32]
==============================================================================
Tensor Name: concat_97:0
[64, 64, 1, 32]
==============================================================================
Tensor Name: MaxPool:0
[64, 32, 1, 32]
==============================================================================
Tensor Name: local1/local1:0
[64, 128]
==============================================================================
Tensor Name: local2/local2:0
[64, 128]
==============================================================================
Tensor Name: softmax_linear/softmax_linear:0
[64, 2]
Step 0: loss = 1.0577 (0.055 sec)
Training Data Eval:
  Num examples: 8960  Num correct: 6315  Precision @ 1: 0.7048  AUC @ 1: 0.7655
Validation Data Eval:
  Num examples: 960  Num correct: 662  Precision @ 1: 0.6896  AUC @ 1: 0.7520
Test Data Eval:
  Num examples: 1856  Num correct: 1183  Precision @ 1: 0.6374  AUC @ 1: 0.6925
Step 100: loss = 0.9703 (0.029 sec)
Training Data Eval:
  Num examples: 8960  Num correct: 6754  Precision @ 1: 0.7538  AUC @ 1: 0.8117
Validation Data Eval:
  Num examples: 960  Num correct: 703  Precision @ 1: 0.7323  AUC @ 1: 0.7921
Test Data Eval:
  Num examples: 1856  Num correct: 1301  Precision @ 1: 0.7010  AUC @ 1: 0.7377
Step 200: loss = 0.7587 (0.029 sec)
Training Data Eval:
  Num examples: 8960  Num correct: 7076  Precision @ 1: 0.7897  AUC @ 1: 0.8599
Validation Data Eval:
  Num examples: 960  Num correct: 752  Precision @ 1: 0.7833  AUC @ 1: 0.8405
Test Data Eval:
  Num examples: 1856  Num correct: 1331  Precision @ 1: 0.7171  AUC @ 1: 0.7613
Step 300: loss = 0.7888 (0.029 sec)
Training Data Eval:
  Num examples: 8960  Num correct: 7156  Precision @ 1: 0.7987  AUC @ 1: 0.8760
Validation Data Eval:
  Num examples: 960  Num correct: 757  Precision @ 1: 0.7885  AUC @ 1: 0.8597
Test Data Eval:
  Num examples: 1856  Num correct: 1321  Precision @ 1: 0.7117  AUC @ 1: 0.7701
Step 400: loss = 0.6315 (0.029 sec)
Training Data Eval:
  Num examples: 8960  Num correct: 7338  Precision @ 1: 0.8190  AUC @ 1: 0.8896
Validation Data Eval:
  Num examples: 960  Num correct: 758  Precision @ 1: 0.7896  AUC @ 1: 0.8569
Test Data Eval:
  Num examples: 1856  Num correct: 1347  Precision @ 1: 0.7258  AUC @ 1: 0.7703
Step 500: loss = 0.6063 (0.028 sec)
Training Data Eval:
  Num examples: 8960  Num correct: 7383  Precision @ 1: 0.8240  AUC @ 1: 0.8937
Validation Data Eval:
  Num examples: 960  Num correct: 772  Precision @ 1: 0.8042  AUC @ 1: 0.8708
Test Data Eval:
  Num examples: 1856  Num correct: 1379  Precision @ 1: 0.7430  AUC @ 1: 0.7732
Step 600: loss = 0.6967 (0.030 sec)
Training Data Eval:
  Num examples: 8960  Num correct: 7519  Precision @ 1: 0.8392  AUC @ 1: 0.9084
Validation Data Eval:
  Num examples: 960  Num correct: 774  Precision @ 1: 0.8063  AUC @ 1: 0.8738
Test Data Eval:
  Num examples: 1856  Num correct: 1357  Precision @ 1: 0.7311  AUC @ 1: 0.7863
Step 700: loss = 0.7089 (0.116 sec)
Training Data Eval:
  Num examples: 8960  Num correct: 7549  Precision @ 1: 0.8425  AUC @ 1: 0.9123
Validation Data Eval:
  Num examples: 960  Num correct: 777  Precision @ 1: 0.8094  AUC @ 1: 0.8737
Test Data Eval:
  Num examples: 1856  Num correct: 1385  Precision @ 1: 0.7462  AUC @ 1: 0.7772
Step 800: loss = 0.5477 (0.028 sec)
Training Data Eval:
  Num examples: 8960  Num correct: 7610  Precision @ 1: 0.8493  AUC @ 1: 0.9215
Validation Data Eval:
  Num examples: 960  Num correct: 775  Precision @ 1: 0.8073  AUC @ 1: 0.8873
Test Data Eval:
  Num examples: 1856  Num correct: 1356  Precision @ 1: 0.7306  AUC @ 1: 0.7962
Step 900: loss = 0.5814 (0.030 sec)
Training Data Eval:
  Num examples: 8960  Num correct: 7583  Precision @ 1: 0.8463  AUC @ 1: 0.9286
Validation Data Eval:
  Num examples: 960  Num correct: 774  Precision @ 1: 0.8063  AUC @ 1: 0.8816
Test Data Eval:
  Num examples: 1856  Num correct: 1360  Precision @ 1: 0.7328  AUC @ 1: 0.7765
Step 1000: loss = 0.5140 (0.028 sec)
Training Data Eval:
  Num examples: 8960  Num correct: 7727  Precision @ 1: 0.8624  AUC @ 1: 0.9349
Validation Data Eval:
  Num examples: 960  Num correct: 776  Precision @ 1: 0.8083  AUC @ 1: 0.8815
Test Data Eval:
  Num examples: 1856  Num correct: 1379  Precision @ 1: 0.7430  AUC @ 1: 0.7954
Step 1100: loss = 0.4684 (0.029 sec)
Training Data Eval:
  Num examples: 8960  Num correct: 7817  Precision @ 1: 0.8724  AUC @ 1: 0.9368
Validation Data Eval:
  Num examples: 960  Num correct: 767  Precision @ 1: 0.7990  AUC @ 1: 0.8813
Test Data Eval:
  Num examples: 1856  Num correct: 1352  Precision @ 1: 0.7284  AUC @ 1: 0.7780
Step 1200: loss = 0.4502 (0.029 sec)
Training Data Eval:
  Num examples: 8960  Num correct: 7805  Precision @ 1: 0.8711  AUC @ 1: 0.9369
Validation Data Eval:
  Num examples: 960  Num correct: 764  Precision @ 1: 0.7958  AUC @ 1: 0.8847
Test Data Eval:
  Num examples: 1856  Num correct: 1368  Precision @ 1: 0.7371  AUC @ 1: 0.7851
Step 1300: loss = 0.5698 (0.029 sec)
Training Data Eval:
  Num examples: 8960  Num correct: 7748  Precision @ 1: 0.8647  AUC @ 1: 0.9477
Validation Data Eval:
  Num examples: 960  Num correct: 757  Precision @ 1: 0.7885  AUC @ 1: 0.8813
Test Data Eval:
  Num examples: 1856  Num correct: 1357  Precision @ 1: 0.7311  AUC @ 1: 0.7680
Step 1400: loss = 0.4363 (0.113 sec)
Training Data Eval:
  Num examples: 8960  Num correct: 7977  Precision @ 1: 0.8903  AUC @ 1: 0.9506
Validation Data Eval:
  Num examples: 960  Num correct: 782  Precision @ 1: 0.8146  AUC @ 1: 0.8882
Test Data Eval:
  Num examples: 1856  Num correct: 1368  Precision @ 1: 0.7371  AUC @ 1: 0.7851
Step 1500: loss = 0.5651 (0.029 sec)
Training Data Eval:
  Num examples: 8960  Num correct: 7958  Precision @ 1: 0.8882  AUC @ 1: 0.9521
Validation Data Eval:
  Num examples: 960  Num correct: 770  Precision @ 1: 0.8021  AUC @ 1: 0.8797
Test Data Eval:
  Num examples: 1856  Num correct: 1360  Precision @ 1: 0.7328  AUC @ 1: 0.7872
Step 1600: loss = 0.3665 (0.030 sec)
Training Data Eval:
  Num examples: 8960  Num correct: 8061  Precision @ 1: 0.8997  AUC @ 1: 0.9603
Validation Data Eval:
  Num examples: 960  Num correct: 782  Precision @ 1: 0.8146  AUC @ 1: 0.8873
Test Data Eval:
  Num examples: 1856  Num correct: 1366  Precision @ 1: 0.7360  AUC @ 1: 0.7712
Step 1700: loss = 0.4180 (0.030 sec)
Training Data Eval:
  Num examples: 8960  Num correct: 7713  Precision @ 1: 0.8608  AUC @ 1: 0.9632
Validation Data Eval:
  Num examples: 960  Num correct: 767  Precision @ 1: 0.7990  AUC @ 1: 0.8822
Test Data Eval:
  Num examples: 1856  Num correct: 1350  Precision @ 1: 0.7274  AUC @ 1: 0.7624
Step 1800: loss = 0.4317 (0.029 sec)
Training Data Eval:
  Num examples: 8960  Num correct: 8145  Precision @ 1: 0.9090  AUC @ 1: 0.9647
Validation Data Eval:
  Num examples: 960  Num correct: 775  Precision @ 1: 0.8073  AUC @ 1: 0.8790
Test Data Eval:
  Num examples: 1856  Num correct: 1382  Precision @ 1: 0.7446  AUC @ 1: 0.7845
Step 1900: loss = 0.3012 (0.028 sec)
Training Data Eval:
  Num examples: 8960  Num correct: 8155  Precision @ 1: 0.9102  AUC @ 1: 0.9677
Validation Data Eval:
  Num examples: 960  Num correct: 761  Precision @ 1: 0.7927  AUC @ 1: 0.8763
Test Data Eval:
  Num examples: 1856  Num correct: 1367  Precision @ 1: 0.7365  AUC @ 1: 0.7833
Step 2000: loss = 0.3252 (0.030 sec)
Training Data Eval:
  Num examples: 8960  Num correct: 8273  Precision @ 1: 0.9233  AUC @ 1: 0.9750
Validation Data Eval:
  Num examples: 960  Num correct: 782  Precision @ 1: 0.8146  AUC @ 1: 0.8789
Test Data Eval:
  Num examples: 1856  Num correct: 1352  Precision @ 1: 0.7284  AUC @ 1: 0.7859
Step 2100: loss = 0.4127 (0.119 sec)
Training Data Eval:
  Num examples: 8960  Num correct: 8156  Precision @ 1: 0.9103  AUC @ 1: 0.9706
Validation Data Eval:
  Num examples: 960  Num correct: 762  Precision @ 1: 0.7937  AUC @ 1: 0.8793
Test Data Eval:
  Num examples: 1856  Num correct: 1323  Precision @ 1: 0.7128  AUC @ 1: 0.7680
Step 2200: loss = 0.3618 (0.030 sec)
Training Data Eval:
  Num examples: 8960  Num correct: 8149  Precision @ 1: 0.9095  AUC @ 1: 0.9708
Validation Data Eval:
  Num examples: 960  Num correct: 779  Precision @ 1: 0.8115  AUC @ 1: 0.8840
Test Data Eval:
  Num examples: 1856  Num correct: 1364  Precision @ 1: 0.7349  AUC @ 1: 0.7885
Step 2300: loss = 0.3744 (0.029 sec)
Training Data Eval:
  Num examples: 8960  Num correct: 8267  Precision @ 1: 0.9227  AUC @ 1: 0.9787
Validation Data Eval:
  Num examples: 960  Num correct: 795  Precision @ 1: 0.8281  AUC @ 1: 0.8899
Test Data Eval:
  Num examples: 1856  Num correct: 1371  Precision @ 1: 0.7387  AUC @ 1: 0.7741
Step 2400: loss = 0.3280 (0.029 sec)
Training Data Eval:
  Num examples: 8960  Num correct: 8286  Precision @ 1: 0.9248  AUC @ 1: 0.9810
Validation Data Eval:
  Num examples: 960  Num correct: 770  Precision @ 1: 0.8021  AUC @ 1: 0.8734
Test Data Eval:
  Num examples: 1856  Num correct: 1336  Precision @ 1: 0.7198  AUC @ 1: 0.7596
Step 2500: loss = 0.2681 (0.029 sec)
Training Data Eval:
  Num examples: 8960  Num correct: 8018  Precision @ 1: 0.8949  AUC @ 1: 0.9790
Validation Data Eval:
  Num examples: 960  Num correct: 764  Precision @ 1: 0.7958  AUC @ 1: 0.8801
Test Data Eval:
  Num examples: 1856  Num correct: 1369  Precision @ 1: 0.7376  AUC @ 1: 0.7865
Step 2600: loss = 0.3229 (0.028 sec)
Training Data Eval:
  Num examples: 8960  Num correct: 8406  Precision @ 1: 0.9382  AUC @ 1: 0.9835
Validation Data Eval:
  Num examples: 960  Num correct: 774  Precision @ 1: 0.8063  AUC @ 1: 0.8777
Test Data Eval:
  Num examples: 1856  Num correct: 1340  Precision @ 1: 0.7220  AUC @ 1: 0.7743
Step 2700: loss = 0.3075 (0.028 sec)
Training Data Eval:
  Num examples: 8960  Num correct: 8439  Precision @ 1: 0.9419  AUC @ 1: 0.9843
Validation Data Eval:
  Num examples: 960  Num correct: 764  Precision @ 1: 0.7958  AUC @ 1: 0.8765
Test Data Eval:
  Num examples: 1856  Num correct: 1364  Precision @ 1: 0.7349  AUC @ 1: 0.7860
Step 2800: loss = 0.2998 (0.120 sec)
Training Data Eval:
  Num examples: 8960  Num correct: 8335  Precision @ 1: 0.9302  AUC @ 1: 0.9824
Validation Data Eval:
  Num examples: 960  Num correct: 757  Precision @ 1: 0.7885  AUC @ 1: 0.8763
Test Data Eval:
  Num examples: 1856  Num correct: 1327  Precision @ 1: 0.7150  AUC @ 1: 0.7892
Step 2900: loss = 0.1937 (0.029 sec)
Training Data Eval:
  Num examples: 8960  Num correct: 8430  Precision @ 1: 0.9408  AUC @ 1: 0.9854
Validation Data Eval:
  Num examples: 960  Num correct: 777  Precision @ 1: 0.8094  AUC @ 1: 0.8804
Test Data Eval:
  Num examples: 1856  Num correct: 1321  Precision @ 1: 0.7117  AUC @ 1: 0.7765
Step 3000: loss = 0.2646 (0.029 sec)
Training Data Eval:
  Num examples: 8960  Num correct: 8495  Precision @ 1: 0.9481  AUC @ 1: 0.9893
Validation Data Eval:
  Num examples: 960  Num correct: 788  Precision @ 1: 0.8208  AUC @ 1: 0.8804
Test Data Eval:
  Num examples: 1856  Num correct: 1346  Precision @ 1: 0.7252  AUC @ 1: 0.7762
Step 3100: loss = 0.3272 (0.029 sec)
Training Data Eval:
  Num examples: 8960  Num correct: 8348  Precision @ 1: 0.9317  AUC @ 1: 0.9902
Validation Data Eval:
  Num examples: 960  Num correct: 779  Precision @ 1: 0.8115  AUC @ 1: 0.8776
Test Data Eval:
  Num examples: 1856  Num correct: 1348  Precision @ 1: 0.7263  AUC @ 1: 0.7646
Step 3200: loss = 0.2867 (0.028 sec)
Training Data Eval:
  Num examples: 8960  Num correct: 8458  Precision @ 1: 0.9440  AUC @ 1: 0.9895
Validation Data Eval:
  Num examples: 960  Num correct: 758  Precision @ 1: 0.7896  AUC @ 1: 0.8703
Test Data Eval:
  Num examples: 1856  Num correct: 1298  Precision @ 1: 0.6994  AUC @ 1: 0.7784
Step 3300: loss = 0.3056 (0.029 sec)
Training Data Eval:
  Num examples: 8960  Num correct: 8410  Precision @ 1: 0.9386  AUC @ 1: 0.9910
Validation Data Eval:
  Num examples: 960  Num correct: 770  Precision @ 1: 0.8021  AUC @ 1: 0.8769
Test Data Eval:
  Num examples: 1856  Num correct: 1351  Precision @ 1: 0.7279  AUC @ 1: 0.7699
Step 3400: loss = 0.2343 (0.027 sec)
Training Data Eval:
  Num examples: 8960  Num correct: 8568  Precision @ 1: 0.9563  AUC @ 1: 0.9931
Validation Data Eval:
  Num examples: 960  Num correct: 759  Precision @ 1: 0.7906  AUC @ 1: 0.8750
Test Data Eval:
  Num examples: 1856  Num correct: 1317  Precision @ 1: 0.7096  AUC @ 1: 0.7772
Step 3500: loss = 0.2157 (0.110 sec)
Training Data Eval:
  Num examples: 8960  Num correct: 8570  Precision @ 1: 0.9565  AUC @ 1: 0.9912
Validation Data Eval:
  Num examples: 960  Num correct: 760  Precision @ 1: 0.7917  AUC @ 1: 0.8665
Test Data Eval:
  Num examples: 1856  Num correct: 1324  Precision @ 1: 0.7134  AUC @ 1: 0.7622
Step 3600: loss = 0.3326 (0.029 sec)
Training Data Eval:
  Num examples: 8960  Num correct: 8508  Precision @ 1: 0.9496  AUC @ 1: 0.9929
Validation Data Eval:
  Num examples: 960  Num correct: 778  Precision @ 1: 0.8104  AUC @ 1: 0.8835
Test Data Eval:
  Num examples: 1856  Num correct: 1374  Precision @ 1: 0.7403  AUC @ 1: 0.7709
Step 3700: loss = 0.3152 (0.029 sec)
Training Data Eval:
  Num examples: 8960  Num correct: 8572  Precision @ 1: 0.9567  AUC @ 1: 0.9949
Validation Data Eval:
  Num examples: 960  Num correct: 757  Precision @ 1: 0.7885  AUC @ 1: 0.8770
Test Data Eval:
  Num examples: 1856  Num correct: 1278  Precision @ 1: 0.6886  AUC @ 1: 0.7688
Step 3800: loss = 0.2913 (0.029 sec)
Training Data Eval:
  Num examples: 8960  Num correct: 8451  Precision @ 1: 0.9432  AUC @ 1: 0.9955
Validation Data Eval:
  Num examples: 960  Num correct: 769  Precision @ 1: 0.8010  AUC @ 1: 0.8780
Test Data Eval:
  Num examples: 1856  Num correct: 1364  Precision @ 1: 0.7349  AUC @ 1: 0.7684
Step 3900: loss = 0.3121 (0.026 sec)
Training Data Eval:
  Num examples: 8960  Num correct: 8652  Precision @ 1: 0.9656  AUC @ 1: 0.9942
Validation Data Eval:
  Num examples: 960  Num correct: 750  Precision @ 1: 0.7812  AUC @ 1: 0.8699
Test Data Eval:
  Num examples: 1856  Num correct: 1336  Precision @ 1: 0.7198  AUC @ 1: 0.7687
Step 4000: loss = 0.2317 (0.027 sec)
Training Data Eval:
  Num examples: 8960  Num correct: 8589  Precision @ 1: 0.9586  AUC @ 1: 0.9950
Validation Data Eval:
  Num examples: 960  Num correct: 765  Precision @ 1: 0.7969  AUC @ 1: 0.8715
Test Data Eval:
  Num examples: 1856  Num correct: 1389  Precision @ 1: 0.7484  AUC @ 1: 0.7824
Step 4100: loss = 0.4969 (0.029 sec)
Training Data Eval:
  Num examples: 8960  Num correct: 8687  Precision @ 1: 0.9695  AUC @ 1: 0.9963
Validation Data Eval:
  Num examples: 960  Num correct: 759  Precision @ 1: 0.7906  AUC @ 1: 0.8714
Test Data Eval:
  Num examples: 1856  Num correct: 1333  Precision @ 1: 0.7182  AUC @ 1: 0.7718
Step 4200: loss = 0.2502 (0.117 sec)
Training Data Eval:
  Num examples: 8960  Num correct: 8672  Precision @ 1: 0.9679  AUC @ 1: 0.9950
Validation Data Eval:
  Num examples: 960  Num correct: 761  Precision @ 1: 0.7927  AUC @ 1: 0.8766
Test Data Eval:
  Num examples: 1856  Num correct: 1297  Precision @ 1: 0.6988  AUC @ 1: 0.7738
Step 4300: loss = 0.2841 (0.030 sec)
Training Data Eval:
  Num examples: 8960  Num correct: 8678  Precision @ 1: 0.9685  AUC @ 1: 0.9965
Validation Data Eval:
  Num examples: 960  Num correct: 763  Precision @ 1: 0.7948  AUC @ 1: 0.8739
Test Data Eval:
  Num examples: 1856  Num correct: 1297  Precision @ 1: 0.6988  AUC @ 1: 0.7722
Step 4400: loss = 0.2674 (0.029 sec)
Training Data Eval:
  Num examples: 8960  Num correct: 8379  Precision @ 1: 0.9352  AUC @ 1: 0.9954
Validation Data Eval:
  Num examples: 960  Num correct: 760  Precision @ 1: 0.7917  AUC @ 1: 0.8689
Test Data Eval:
  Num examples: 1856  Num correct: 1348  Precision @ 1: 0.7263  AUC @ 1: 0.7679
Step 4500: loss = 0.3372 (0.029 sec)
Training Data Eval:
  Num examples: 8960  Num correct: 8510  Precision @ 1: 0.9498  AUC @ 1: 0.9958
Validation Data Eval:
  Num examples: 960  Num correct: 764  Precision @ 1: 0.7958  AUC @ 1: 0.8721
Test Data Eval:
  Num examples: 1856  Num correct: 1341  Precision @ 1: 0.7225  AUC @ 1: 0.7403
Step 4600: loss = 0.3858 (0.029 sec)
Training Data Eval:
  Num examples: 8960  Num correct: 8721  Precision @ 1: 0.9733  AUC @ 1: 0.9979
Validation Data Eval:
  Num examples: 960  Num correct: 759  Precision @ 1: 0.7906  AUC @ 1: 0.8786
Test Data Eval:
  Num examples: 1856  Num correct: 1270  Precision @ 1: 0.6843  AUC @ 1: 0.7696
Step 4700: loss = 0.2619 (0.028 sec)
Training Data Eval:
  Num examples: 8960  Num correct: 8669  Precision @ 1: 0.9675  AUC @ 1: 0.9967
Validation Data Eval:
  Num examples: 960  Num correct: 771  Precision @ 1: 0.8031  AUC @ 1: 0.8748
Test Data Eval:
  Num examples: 1856  Num correct: 1346  Precision @ 1: 0.7252  AUC @ 1: 0.7669
Step 4800: loss = 0.2014 (0.029 sec)
Training Data Eval:
  Num examples: 8960  Num correct: 8752  Precision @ 1: 0.9768  AUC @ 1: 0.9980
Validation Data Eval:
  Num examples: 960  Num correct: 768  Precision @ 1: 0.8000  AUC @ 1: 0.8711
Test Data Eval:
  Num examples: 1856  Num correct: 1315  Precision @ 1: 0.7085  AUC @ 1: 0.7719
Step 4900: loss = 0.1673 (0.113 sec)
Training Data Eval:
  Num examples: 8960  Num correct: 8304  Precision @ 1: 0.9268  AUC @ 1: 0.9943
Validation Data Eval:
  Num examples: 960  Num correct: 711  Precision @ 1: 0.7406  AUC @ 1: 0.8696
Test Data Eval:
  Num examples: 1856  Num correct: 1200  Precision @ 1: 0.6466  AUC @ 1: 0.7683
Step 5000: loss = 0.2195 (0.029 sec)
Training Data Eval:
  Num examples: 8960  Num correct: 8676  Precision @ 1: 0.9683  AUC @ 1: 0.9973
Validation Data Eval:
  Num examples: 960  Num correct: 771  Precision @ 1: 0.8031  AUC @ 1: 0.8694
Test Data Eval:
  Num examples: 1856  Num correct: 1365  Precision @ 1: 0.7355  AUC @ 1: 0.7735
Step 5100: loss = 0.2705 (0.029 sec)
Training Data Eval:
  Num examples: 8960  Num correct: 8734  Precision @ 1: 0.9748  AUC @ 1: 0.9973
Validation Data Eval:
  Num examples: 960  Num correct: 779  Precision @ 1: 0.8115  AUC @ 1: 0.8742
Test Data Eval:
  Num examples: 1856  Num correct: 1368  Precision @ 1: 0.7371  AUC @ 1: 0.7745
Step 5200: loss = 0.3080 (0.029 sec)
Training Data Eval:
  Num examples: 8960  Num correct: 8816  Precision @ 1: 0.9839  AUC @ 1: 0.9985
Validation Data Eval:
  Num examples: 960  Num correct: 770  Precision @ 1: 0.8021  AUC @ 1: 0.8708
Test Data Eval:
  Num examples: 1856  Num correct: 1335  Precision @ 1: 0.7193  AUC @ 1: 0.7716
Step 5300: loss = 0.2183 (0.028 sec)
Training Data Eval:
  Num examples: 8960  Num correct: 8748  Precision @ 1: 0.9763  AUC @ 1: 0.9985
Validation Data Eval:
  Num examples: 960  Num correct: 764  Precision @ 1: 0.7958  AUC @ 1: 0.8596
Test Data Eval:
  Num examples: 1856  Num correct: 1327  Precision @ 1: 0.7150  AUC @ 1: 0.7597
Step 5400: loss = 0.2539 (0.029 sec)
Training Data Eval:
  Num examples: 8960  Num correct: 8721  Precision @ 1: 0.9733  AUC @ 1: 0.9975
Validation Data Eval:
  Num examples: 960  Num correct: 779  Precision @ 1: 0.8115  AUC @ 1: 0.8793
Test Data Eval:
  Num examples: 1856  Num correct: 1332  Precision @ 1: 0.7177  AUC @ 1: 0.7705
Step 5500: loss = 0.2169 (0.029 sec)
Training Data Eval:
  Num examples: 8960  Num correct: 8368  Precision @ 1: 0.9339  AUC @ 1: 0.9970
Validation Data Eval:
  Num examples: 960  Num correct: 745  Precision @ 1: 0.7760  AUC @ 1: 0.8637
Test Data Eval:
  Num examples: 1856  Num correct: 1340  Precision @ 1: 0.7220  AUC @ 1: 0.7643
Step 5600: loss = 0.2576 (0.117 sec)
Training Data Eval:
  Num examples: 8960  Num correct: 8743  Precision @ 1: 0.9758  AUC @ 1: 0.9977
Validation Data Eval:
  Num examples: 960  Num correct: 759  Precision @ 1: 0.7906  AUC @ 1: 0.8679
Test Data Eval:
  Num examples: 1856  Num correct: 1298  Precision @ 1: 0.6994  AUC @ 1: 0.7647
Step 5700: loss = 0.2213 (0.029 sec)
Training Data Eval:
  Num examples: 8960  Num correct: 8705  Precision @ 1: 0.9715  AUC @ 1: 0.9965
Validation Data Eval:
  Num examples: 960  Num correct: 764  Precision @ 1: 0.7958  AUC @ 1: 0.8638
Test Data Eval:
  Num examples: 1856  Num correct: 1335  Precision @ 1: 0.7193  AUC @ 1: 0.7761
Step 5800: loss = 0.2379 (0.027 sec)
Training Data Eval:
  Num examples: 8960  Num correct: 8758  Precision @ 1: 0.9775  AUC @ 1: 0.9980
Validation Data Eval:
  Num examples: 960  Num correct: 770  Precision @ 1: 0.8021  AUC @ 1: 0.8727
Test Data Eval:
  Num examples: 1856  Num correct: 1336  Precision @ 1: 0.7198  AUC @ 1: 0.7671
Step 5900: loss = 0.1979 (0.030 sec)
Training Data Eval:
  Num examples: 8960  Num correct: 8770  Precision @ 1: 0.9788  AUC @ 1: 0.9984
Validation Data Eval:
  Num examples: 960  Num correct: 751  Precision @ 1: 0.7823  AUC @ 1: 0.8659
Test Data Eval:
  Num examples: 1856  Num correct: 1277  Precision @ 1: 0.6880  AUC @ 1: 0.7700
Step 6000: loss = 0.2787 (0.027 sec)
Training Data Eval:
  Num examples: 8960  Num correct: 8793  Precision @ 1: 0.9814  AUC @ 1: 0.9984
Validation Data Eval:
  Num examples: 960  Num correct: 780  Precision @ 1: 0.8125  AUC @ 1: 0.8755
Test Data Eval:
  Num examples: 1856  Num correct: 1338  Precision @ 1: 0.7209  AUC @ 1: 0.7725
Step 6100: loss = 0.1563 (0.029 sec)
Training Data Eval:
  Num examples: 8960  Num correct: 8719  Precision @ 1: 0.9731  AUC @ 1: 0.9978
Validation Data Eval:
  Num examples: 960  Num correct: 759  Precision @ 1: 0.7906  AUC @ 1: 0.8695
Test Data Eval:
  Num examples: 1856  Num correct: 1308  Precision @ 1: 0.7047  AUC @ 1: 0.7675
Step 6200: loss = 0.1693 (0.030 sec)
Training Data Eval:
  Num examples: 8960  Num correct: 8751  Precision @ 1: 0.9767  AUC @ 1: 0.9983
Validation Data Eval:
  Num examples: 960  Num correct: 756  Precision @ 1: 0.7875  AUC @ 1: 0.8670
Test Data Eval:
  Num examples: 1856  Num correct: 1300  Precision @ 1: 0.7004  AUC @ 1: 0.7637
Step 6300: loss = 0.2264 (0.114 sec)
Training Data Eval:
  Num examples: 8960  Num correct: 8774  Precision @ 1: 0.9792  AUC @ 1: 0.9985
Validation Data Eval:
  Num examples: 960  Num correct: 759  Precision @ 1: 0.7906  AUC @ 1: 0.8725
Test Data Eval:
  Num examples: 1856  Num correct: 1293  Precision @ 1: 0.6967  AUC @ 1: 0.7643
Step 6400: loss = 0.1839 (0.028 sec)
Training Data Eval:
  Num examples: 8960  Num correct: 8847  Precision @ 1: 0.9874  AUC @ 1: 0.9990
Validation Data Eval:
  Num examples: 960  Num correct: 776  Precision @ 1: 0.8083  AUC @ 1: 0.8717
Test Data Eval:
  Num examples: 1856  Num correct: 1292  Precision @ 1: 0.6961  AUC @ 1: 0.7649
Step 6500: loss = 0.2366 (0.030 sec)
Training Data Eval:
  Num examples: 8960  Num correct: 8830  Precision @ 1: 0.9855  AUC @ 1: 0.9992
Validation Data Eval:
  Num examples: 960  Num correct: 776  Precision @ 1: 0.8083  AUC @ 1: 0.8675
Test Data Eval:
  Num examples: 1856  Num correct: 1316  Precision @ 1: 0.7091  AUC @ 1: 0.7705
Step 6600: loss = 0.1715 (0.030 sec)
Training Data Eval:
  Num examples: 8960  Num correct: 8809  Precision @ 1: 0.9831  AUC @ 1: 0.9987
Validation Data Eval:
  Num examples: 960  Num correct: 763  Precision @ 1: 0.7948  AUC @ 1: 0.8685
Test Data Eval:
  Num examples: 1856  Num correct: 1306  Precision @ 1: 0.7037  AUC @ 1: 0.7654
Step 6700: loss = 0.2648 (0.028 sec)
Training Data Eval:
  Num examples: 8960  Num correct: 8617  Precision @ 1: 0.9617  AUC @ 1: 0.9974
Validation Data Eval:
  Num examples: 960  Num correct: 735  Precision @ 1: 0.7656  AUC @ 1: 0.8678
Test Data Eval:
  Num examples: 1856  Num correct: 1256  Precision @ 1: 0.6767  AUC @ 1: 0.7696
Step 6800: loss = 0.2964 (0.029 sec)
Training Data Eval:
  Num examples: 8960  Num correct: 8797  Precision @ 1: 0.9818  AUC @ 1: 0.9987
Validation Data Eval:
  Num examples: 960  Num correct: 771  Precision @ 1: 0.8031  AUC @ 1: 0.8608
Test Data Eval:
  Num examples: 1856  Num correct: 1329  Precision @ 1: 0.7161  AUC @ 1: 0.7603
Step 6900: loss = 0.2964 (0.029 sec)
Training Data Eval:
  Num examples: 8960  Num correct: 8751  Precision @ 1: 0.9767  AUC @ 1: 0.9983
Validation Data Eval:
  Num examples: 960  Num correct: 751  Precision @ 1: 0.7823  AUC @ 1: 0.8543
Test Data Eval:
  Num examples: 1856  Num correct: 1274  Precision @ 1: 0.6864  AUC @ 1: 0.7495
Step 7000: loss = 0.2464 (0.115 sec)
Training Data Eval:
  Num examples: 8960  Num correct: 8798  Precision @ 1: 0.9819  AUC @ 1: 0.9989
Validation Data Eval:
  Num examples: 960  Num correct: 768  Precision @ 1: 0.8000  AUC @ 1: 0.8702
Test Data Eval:
  Num examples: 1856  Num correct: 1340  Precision @ 1: 0.7220  AUC @ 1: 0.7726
Step 7100: loss = 0.1962 (0.030 sec)
Training Data Eval:
  Num examples: 8960  Num correct: 8788  Precision @ 1: 0.9808  AUC @ 1: 0.9989
Validation Data Eval:
  Num examples: 960  Num correct: 762  Precision @ 1: 0.7937  AUC @ 1: 0.8659
Test Data Eval:
  Num examples: 1856  Num correct: 1266  Precision @ 1: 0.6821  AUC @ 1: 0.7709
Step 7200: loss = 0.1822 (0.030 sec)
Training Data Eval:
  Num examples: 8960  Num correct: 8822  Precision @ 1: 0.9846  AUC @ 1: 0.9991
Validation Data Eval:
  Num examples: 960  Num correct: 774  Precision @ 1: 0.8063  AUC @ 1: 0.8718
Test Data Eval:
  Num examples: 1856  Num correct: 1290  Precision @ 1: 0.6950  AUC @ 1: 0.7680
Step 7300: loss = 0.1677 (0.030 sec)
Training Data Eval:
  Num examples: 8960  Num correct: 8839  Precision @ 1: 0.9865  AUC @ 1: 0.9988
Validation Data Eval:
  Num examples: 960  Num correct: 761  Precision @ 1: 0.7927  AUC @ 1: 0.8673
Test Data Eval:
  Num examples: 1856  Num correct: 1319  Precision @ 1: 0.7107  AUC @ 1: 0.7718
Step 7400: loss = 0.1881 (0.028 sec)
Training Data Eval:
  Num examples: 8960  Num correct: 8794  Precision @ 1: 0.9815  AUC @ 1: 0.9989
Validation Data Eval:
  Num examples: 960  Num correct: 764  Precision @ 1: 0.7958  AUC @ 1: 0.8731
Test Data Eval:
  Num examples: 1856  Num correct: 1355  Precision @ 1: 0.7301  AUC @ 1: 0.7759
Step 7500: loss = 0.1469 (0.029 sec)
Training Data Eval:
  Num examples: 8960  Num correct: 8811  Precision @ 1: 0.9834  AUC @ 1: 0.9992
Validation Data Eval:
  Num examples: 960  Num correct: 771  Precision @ 1: 0.8031  AUC @ 1: 0.8753
Test Data Eval:
  Num examples: 1856  Num correct: 1285  Precision @ 1: 0.6923  AUC @ 1: 0.7615
Step 7600: loss = 0.1851 (0.028 sec)
Training Data Eval:
  Num examples: 8960  Num correct: 8551  Precision @ 1: 0.9544  AUC @ 1: 0.9968
Validation Data Eval:
  Num examples: 960  Num correct: 727  Precision @ 1: 0.7573  AUC @ 1: 0.8634
Test Data Eval:
  Num examples: 1856  Num correct: 1182  Precision @ 1: 0.6369  AUC @ 1: 0.7613
Step 7700: loss = 0.2534 (0.116 sec)
Training Data Eval:
  Num examples: 8960  Num correct: 8740  Precision @ 1: 0.9754  AUC @ 1: 0.9986
Validation Data Eval:
  Num examples: 960  Num correct: 779  Precision @ 1: 0.8115  AUC @ 1: 0.8823
Test Data Eval:
  Num examples: 1856  Num correct: 1279  Precision @ 1: 0.6891  AUC @ 1: 0.7775
Step 7800: loss = 0.2017 (0.029 sec)
Training Data Eval:
  Num examples: 8960  Num correct: 8719  Precision @ 1: 0.9731  AUC @ 1: 0.9981
Validation Data Eval:
  Num examples: 960  Num correct: 757  Precision @ 1: 0.7885  AUC @ 1: 0.8616
Test Data Eval:
  Num examples: 1856  Num correct: 1314  Precision @ 1: 0.7080  AUC @ 1: 0.7485
Step 7900: loss = 0.2671 (0.028 sec)
Training Data Eval:
  Num examples: 8960  Num correct: 8809  Precision @ 1: 0.9831  AUC @ 1: 0.9991
Validation Data Eval:
  Num examples: 960  Num correct: 754  Precision @ 1: 0.7854  AUC @ 1: 0.8621
Test Data Eval:
  Num examples: 1856  Num correct: 1304  Precision @ 1: 0.7026  AUC @ 1: 0.7733
Step 8000: loss = 0.1717 (0.029 sec)
Training Data Eval:
  Num examples: 8960  Num correct: 8831  Precision @ 1: 0.9856  AUC @ 1: 0.9989
Validation Data Eval:
  Num examples: 960  Num correct: 766  Precision @ 1: 0.7979  AUC @ 1: 0.8672
Test Data Eval:
  Num examples: 1856  Num correct: 1296  Precision @ 1: 0.6983  AUC @ 1: 0.7695
Step 8100: loss = 0.2014 (0.029 sec)
Training Data Eval:
  Num examples: 8960  Num correct: 8811  Precision @ 1: 0.9834  AUC @ 1: 0.9991
Validation Data Eval:
  Num examples: 960  Num correct: 769  Precision @ 1: 0.8010  AUC @ 1: 0.8675
Test Data Eval:
  Num examples: 1856  Num correct: 1327  Precision @ 1: 0.7150  AUC @ 1: 0.7686
Step 8200: loss = 0.1832 (0.029 sec)
Training Data Eval:
  Num examples: 8960  Num correct: 8836  Precision @ 1: 0.9862  AUC @ 1: 0.9991
Validation Data Eval:
  Num examples: 960  Num correct: 762  Precision @ 1: 0.7937  AUC @ 1: 0.8653
Test Data Eval:
  Num examples: 1856  Num correct: 1352  Precision @ 1: 0.7284  AUC @ 1: 0.7691
Step 8300: loss = 0.1889 (0.029 sec)
Training Data Eval:
  Num examples: 8960  Num correct: 8569  Precision @ 1: 0.9564  AUC @ 1: 0.9986
Validation Data Eval:
  Num examples: 960  Num correct: 757  Precision @ 1: 0.7885  AUC @ 1: 0.8576
Test Data Eval:
  Num examples: 1856  Num correct: 1353  Precision @ 1: 0.7290  AUC @ 1: 0.7563
Step 8400: loss = 0.5072 (0.118 sec)
Training Data Eval:
  Num examples: 8960  Num correct: 8829  Precision @ 1: 0.9854  AUC @ 1: 0.9991
Validation Data Eval:
  Num examples: 960  Num correct: 766  Precision @ 1: 0.7979  AUC @ 1: 0.8615
Test Data Eval:
  Num examples: 1856  Num correct: 1322  Precision @ 1: 0.7123  AUC @ 1: 0.7608
Step 8500: loss = 0.1451 (0.028 sec)
Training Data Eval:
  Num examples: 8960  Num correct: 8812  Precision @ 1: 0.9835  AUC @ 1: 0.9989
Validation Data Eval:
  Num examples: 960  Num correct: 755  Precision @ 1: 0.7865  AUC @ 1: 0.8646
Test Data Eval:
  Num examples: 1856  Num correct: 1275  Precision @ 1: 0.6870  AUC @ 1: 0.7671
Step 8600: loss = 0.1945 (0.029 sec)
Training Data Eval:
  Num examples: 8960  Num correct: 8832  Precision @ 1: 0.9857  AUC @ 1: 0.9993
Validation Data Eval:
  Num examples: 960  Num correct: 759  Precision @ 1: 0.7906  AUC @ 1: 0.8658
Test Data Eval:
  Num examples: 1856  Num correct: 1349  Precision @ 1: 0.7268  AUC @ 1: 0.7734
Step 8700: loss = 0.1426 (0.030 sec)
Training Data Eval:
  Num examples: 8960  Num correct: 8857  Precision @ 1: 0.9885  AUC @ 1: 0.9994
Validation Data Eval:
  Num examples: 960  Num correct: 767  Precision @ 1: 0.7990  AUC @ 1: 0.8679
Test Data Eval:
  Num examples: 1856  Num correct: 1362  Precision @ 1: 0.7338  AUC @ 1: 0.7743
Step 8800: loss = 0.1935 (0.029 sec)
Training Data Eval:
  Num examples: 8960  Num correct: 8807  Precision @ 1: 0.9829  AUC @ 1: 0.9985
Validation Data Eval:
  Num examples: 960  Num correct: 757  Precision @ 1: 0.7885  AUC @ 1: 0.8561
Test Data Eval:
  Num examples: 1856  Num correct: 1329  Precision @ 1: 0.7161  AUC @ 1: 0.7758
Step 8900: loss = 0.1673 (0.029 sec)
Training Data Eval:
  Num examples: 8960  Num correct: 8807  Precision @ 1: 0.9829  AUC @ 1: 0.9994
Validation Data Eval:
  Num examples: 960  Num correct: 764  Precision @ 1: 0.7958  AUC @ 1: 0.8560
Test Data Eval:
  Num examples: 1856  Num correct: 1327  Precision @ 1: 0.7150  AUC @ 1: 0.7465
Step 9000: loss = 0.2550 (0.030 sec)
Training Data Eval:
  Num examples: 8960  Num correct: 8797  Precision @ 1: 0.9818  AUC @ 1: 0.9991
Validation Data Eval:
  Num examples: 960  Num correct: 756  Precision @ 1: 0.7875  AUC @ 1: 0.8590
Test Data Eval:
  Num examples: 1856  Num correct: 1325  Precision @ 1: 0.7139  AUC @ 1: 0.7603
Step 9100: loss = 0.1648 (0.118 sec)
Training Data Eval:
  Num examples: 8960  Num correct: 8877  Precision @ 1: 0.9907  AUC @ 1: 0.9995
Validation Data Eval:
  Num examples: 960  Num correct: 758  Precision @ 1: 0.7896  AUC @ 1: 0.8638
Test Data Eval:
  Num examples: 1856  Num correct: 1301  Precision @ 1: 0.7010  AUC @ 1: 0.7628
Step 9200: loss = 0.1446 (0.029 sec)
Training Data Eval:
  Num examples: 8960  Num correct: 8815  Precision @ 1: 0.9838  AUC @ 1: 0.9991
Validation Data Eval:
  Num examples: 960  Num correct: 763  Precision @ 1: 0.7948  AUC @ 1: 0.8622
Test Data Eval:
  Num examples: 1856  Num correct: 1261  Precision @ 1: 0.6794  AUC @ 1: 0.7678
Step 9300: loss = 0.1417 (0.029 sec)
Training Data Eval:
  Num examples: 8960  Num correct: 8876  Precision @ 1: 0.9906  AUC @ 1: 0.9995
Validation Data Eval:
  Num examples: 960  Num correct: 755  Precision @ 1: 0.7865  AUC @ 1: 0.8594
Test Data Eval:
  Num examples: 1856  Num correct: 1329  Precision @ 1: 0.7161  AUC @ 1: 0.7738
Step 9400: loss = 0.1251 (0.028 sec)
Training Data Eval:
  Num examples: 8960  Num correct: 8879  Precision @ 1: 0.9910  AUC @ 1: 0.9995
Validation Data Eval:
  Num examples: 960  Num correct: 758  Precision @ 1: 0.7896  AUC @ 1: 0.8613
Test Data Eval:
  Num examples: 1856  Num correct: 1334  Precision @ 1: 0.7188  AUC @ 1: 0.7697
Step 9500: loss = 0.1744 (0.031 sec)
Training Data Eval:
  Num examples: 8960  Num correct: 8802  Precision @ 1: 0.9824  AUC @ 1: 0.9964
Validation Data Eval:
  Num examples: 960  Num correct: 755  Precision @ 1: 0.7865  AUC @ 1: 0.8639
Test Data Eval:
  Num examples: 1856  Num correct: 1293  Precision @ 1: 0.6967  AUC @ 1: 0.7740
Step 9600: loss = 0.2382 (0.029 sec)
Training Data Eval:
  Num examples: 8960  Num correct: 8808  Precision @ 1: 0.9830  AUC @ 1: 0.9988
Validation Data Eval:
  Num examples: 960  Num correct: 756  Precision @ 1: 0.7875  AUC @ 1: 0.8609
Test Data Eval:
  Num examples: 1856  Num correct: 1303  Precision @ 1: 0.7020  AUC @ 1: 0.7696
Step 9700: loss = 0.1416 (0.028 sec)
Training Data Eval:
  Num examples: 8960  Num correct: 8850  Precision @ 1: 0.9877  AUC @ 1: 0.9994
Validation Data Eval:
  Num examples: 960  Num correct: 758  Precision @ 1: 0.7896  AUC @ 1: 0.8633
Test Data Eval:
  Num examples: 1856  Num correct: 1319  Precision @ 1: 0.7107  AUC @ 1: 0.7718
Step 9800: loss = 0.1522 (0.113 sec)
Training Data Eval:
  Num examples: 8960  Num correct: 8891  Precision @ 1: 0.9923  AUC @ 1: 0.9997
Validation Data Eval:
  Num examples: 960  Num correct: 764  Precision @ 1: 0.7958  AUC @ 1: 0.8649
Test Data Eval:
  Num examples: 1856  Num correct: 1301  Precision @ 1: 0.7010  AUC @ 1: 0.7580
Step 9900: loss = 0.1719 (0.030 sec)
Training Data Eval:
  Num examples: 8960  Num correct: 8865  Precision @ 1: 0.9894  AUC @ 1: 0.9996
Validation Data Eval:
  Num examples: 960  Num correct: 765  Precision @ 1: 0.7969  AUC @ 1: 0.8631
Test Data Eval:
  Num examples: 1856  Num correct: 1311  Precision @ 1: 0.7064  AUC @ 1: 0.7572
