Training data shape: 	(3881, 64, 30, 1)
Training label shape:	(3881,)
Testing data shape:  	(454, 64, 30, 1)
Testing label shape: 	(454,)
max input value is: 1086.23510742
min input value is: -967.621826172
random permuted training data
==============================================================================
Model: 			inference_global_s_cnn
Tensor Name: 	Placeholder:0
[128, 64, 30, 1]
==============================================================================
Tensor Name: conv1/conv1:0
[128, 1, 30, 16]
==============================================================================
Tensor Name: MaxPool:0
[128, 1, 15, 16]
==============================================================================
Tensor Name: local1/local1:0
[128, 128]
==============================================================================
Tensor Name: local2/local2:0
[128, 128]
==============================================================================
Tensor Name: softmax_linear/softmax_linear:0
[128, 2]
Step 0: loss = 0.8105 (0.034 sec)
Training Data Eval:
  Num examples: 3584  Num correct: 2035  Precision @ 1: 0.5678  AUC @ 1: 0.7338
Validation Data Eval:
  Num examples: 256  Num correct: 149  Precision @ 1: 0.5820  AUC @ 1: 0.7714
Test Data Eval:
  Num examples: 384  Num correct: 187  Precision @ 1: 0.4870  AUC @ 1: 0.6972
Step 200: loss = 0.7494 (0.012 sec)
Training Data Eval:
  Num examples: 3584  Num correct: 2351  Precision @ 1: 0.6560  AUC @ 1: 0.7657
Validation Data Eval:
  Num examples: 256  Num correct: 175  Precision @ 1: 0.6836  AUC @ 1: 0.7972
Test Data Eval:
  Num examples: 384  Num correct: 237  Precision @ 1: 0.6172  AUC @ 1: 0.6793
Step 400: loss = 0.7048 (0.012 sec)
Training Data Eval:
  Num examples: 3584  Num correct: 2578  Precision @ 1: 0.7193  AUC @ 1: 0.8041
Validation Data Eval:
  Num examples: 256  Num correct: 185  Precision @ 1: 0.7227  AUC @ 1: 0.8090
Test Data Eval:
  Num examples: 384  Num correct: 259  Precision @ 1: 0.6745  AUC @ 1: 0.7277
Step 600: loss = 0.7145 (0.012 sec)
Training Data Eval:
  Num examples: 3584  Num correct: 2612  Precision @ 1: 0.7288  AUC @ 1: 0.8112
Validation Data Eval:
  Num examples: 256  Num correct: 191  Precision @ 1: 0.7461  AUC @ 1: 0.8356
Test Data Eval:
  Num examples: 384  Num correct: 260  Precision @ 1: 0.6771  AUC @ 1: 0.7214
Step 800: loss = 0.6747 (0.012 sec)
Training Data Eval:
  Num examples: 3584  Num correct: 2717  Precision @ 1: 0.7581  AUC @ 1: 0.8372
Validation Data Eval:
  Num examples: 256  Num correct: 194  Precision @ 1: 0.7578  AUC @ 1: 0.8611
Test Data Eval:
  Num examples: 384  Num correct: 254  Precision @ 1: 0.6615  AUC @ 1: 0.7276
Step 1000: loss = 0.6399 (0.011 sec)
Training Data Eval:
  Num examples: 3584  Num correct: 2704  Precision @ 1: 0.7545  AUC @ 1: 0.8418
Validation Data Eval:
  Num examples: 256  Num correct: 196  Precision @ 1: 0.7656  AUC @ 1: 0.8624
Test Data Eval:
  Num examples: 384  Num correct: 260  Precision @ 1: 0.6771  AUC @ 1: 0.7511
Step 1200: loss = 0.6286 (0.012 sec)
Training Data Eval:
  Num examples: 3584  Num correct: 2769  Precision @ 1: 0.7726  AUC @ 1: 0.8523
Validation Data Eval:
  Num examples: 256  Num correct: 197  Precision @ 1: 0.7695  AUC @ 1: 0.8708
Test Data Eval:
  Num examples: 384  Num correct: 268  Precision @ 1: 0.6979  AUC @ 1: 0.7581
Step 1400: loss = 0.6443 (0.047 sec)
Training Data Eval:
  Num examples: 3584  Num correct: 2788  Precision @ 1: 0.7779  AUC @ 1: 0.8625
Validation Data Eval:
  Num examples: 256  Num correct: 202  Precision @ 1: 0.7891  AUC @ 1: 0.8747
Test Data Eval:
  Num examples: 384  Num correct: 273  Precision @ 1: 0.7109  AUC @ 1: 0.7652
Step 1600: loss = 0.6520 (0.012 sec)
Training Data Eval:
  Num examples: 3584  Num correct: 2842  Precision @ 1: 0.7930  AUC @ 1: 0.8755
Validation Data Eval:
  Num examples: 256  Num correct: 199  Precision @ 1: 0.7773  AUC @ 1: 0.8836
Test Data Eval:
  Num examples: 384  Num correct: 277  Precision @ 1: 0.7214  AUC @ 1: 0.7853
Step 1800: loss = 0.6099 (0.012 sec)
Training Data Eval:
  Num examples: 3584  Num correct: 2870  Precision @ 1: 0.8008  AUC @ 1: 0.8822
Validation Data Eval:
  Num examples: 256  Num correct: 200  Precision @ 1: 0.7812  AUC @ 1: 0.8902
Test Data Eval:
  Num examples: 384  Num correct: 271  Precision @ 1: 0.7057  AUC @ 1: 0.7685
Step 2000: loss = 0.5845 (0.012 sec)
Training Data Eval:
  Num examples: 3584  Num correct: 2923  Precision @ 1: 0.8156  AUC @ 1: 0.8972
Validation Data Eval:
  Num examples: 256  Num correct: 202  Precision @ 1: 0.7891  AUC @ 1: 0.8923
Test Data Eval:
  Num examples: 384  Num correct: 273  Precision @ 1: 0.7109  AUC @ 1: 0.7680
Step 2200: loss = 0.5659 (0.011 sec)
Training Data Eval:
  Num examples: 3584  Num correct: 2937  Precision @ 1: 0.8195  AUC @ 1: 0.9017
Validation Data Eval:
  Num examples: 256  Num correct: 199  Precision @ 1: 0.7773  AUC @ 1: 0.8898
Test Data Eval:
  Num examples: 384  Num correct: 275  Precision @ 1: 0.7161  AUC @ 1: 0.7805
Step 2400: loss = 0.6092 (0.012 sec)
Training Data Eval:
  Num examples: 3584  Num correct: 2957  Precision @ 1: 0.8251  AUC @ 1: 0.9094
Validation Data Eval:
  Num examples: 256  Num correct: 199  Precision @ 1: 0.7773  AUC @ 1: 0.8889
Test Data Eval:
  Num examples: 384  Num correct: 280  Precision @ 1: 0.7292  AUC @ 1: 0.8009
Step 2600: loss = 0.5558 (0.012 sec)
Training Data Eval:
  Num examples: 3584  Num correct: 3008  Precision @ 1: 0.8393  AUC @ 1: 0.9173
Validation Data Eval:
  Num examples: 256  Num correct: 203  Precision @ 1: 0.7930  AUC @ 1: 0.8958
Test Data Eval:
  Num examples: 384  Num correct: 284  Precision @ 1: 0.7396  AUC @ 1: 0.7929
Step 2800: loss = 0.5184 (0.048 sec)
Training Data Eval:
  Num examples: 3584  Num correct: 3032  Precision @ 1: 0.8460  AUC @ 1: 0.9212
Validation Data Eval:
  Num examples: 256  Num correct: 202  Precision @ 1: 0.7891  AUC @ 1: 0.8912
Test Data Eval:
  Num examples: 384  Num correct: 275  Precision @ 1: 0.7161  AUC @ 1: 0.8017
Step 3000: loss = 0.5387 (0.012 sec)
Training Data Eval:
  Num examples: 3584  Num correct: 3052  Precision @ 1: 0.8516  AUC @ 1: 0.9273
Validation Data Eval:
  Num examples: 256  Num correct: 201  Precision @ 1: 0.7852  AUC @ 1: 0.8916
Test Data Eval:
  Num examples: 384  Num correct: 279  Precision @ 1: 0.7266  AUC @ 1: 0.8032
Step 3200: loss = 0.4327 (0.012 sec)
Training Data Eval:
  Num examples: 3584  Num correct: 3047  Precision @ 1: 0.8502  AUC @ 1: 0.9279
Validation Data Eval:
  Num examples: 256  Num correct: 203  Precision @ 1: 0.7930  AUC @ 1: 0.8941
Test Data Eval:
  Num examples: 384  Num correct: 289  Precision @ 1: 0.7526  AUC @ 1: 0.7989
Step 3400: loss = 0.4388 (0.012 sec)
Training Data Eval:
  Num examples: 3584  Num correct: 3090  Precision @ 1: 0.8622  AUC @ 1: 0.9354
Validation Data Eval:
  Num examples: 256  Num correct: 209  Precision @ 1: 0.8164  AUC @ 1: 0.9010
Test Data Eval:
  Num examples: 384  Num correct: 276  Precision @ 1: 0.7188  AUC @ 1: 0.7617
Step 3600: loss = 0.5055 (0.012 sec)
Training Data Eval:
  Num examples: 3584  Num correct: 3128  Precision @ 1: 0.8728  AUC @ 1: 0.9436
Validation Data Eval:
  Num examples: 256  Num correct: 209  Precision @ 1: 0.8164  AUC @ 1: 0.8974
Test Data Eval:
  Num examples: 384  Num correct: 280  Precision @ 1: 0.7292  AUC @ 1: 0.8090
Step 3800: loss = 0.4387 (0.012 sec)
Training Data Eval:
  Num examples: 3584  Num correct: 3162  Precision @ 1: 0.8823  AUC @ 1: 0.9525
Validation Data Eval:
  Num examples: 256  Num correct: 206  Precision @ 1: 0.8047  AUC @ 1: 0.9030
Test Data Eval:
  Num examples: 384  Num correct: 278  Precision @ 1: 0.7240  AUC @ 1: 0.8064
Step 4000: loss = 0.4543 (0.012 sec)
Training Data Eval:
  Num examples: 3584  Num correct: 3202  Precision @ 1: 0.8934  AUC @ 1: 0.9573
Validation Data Eval:
  Num examples: 256  Num correct: 203  Precision @ 1: 0.7930  AUC @ 1: 0.9023
Test Data Eval:
  Num examples: 384  Num correct: 280  Precision @ 1: 0.7292  AUC @ 1: 0.7877
Step 4200: loss = 0.3711 (0.046 sec)
Training Data Eval:
  Num examples: 3584  Num correct: 3183  Precision @ 1: 0.8881  AUC @ 1: 0.9565
Validation Data Eval:
  Num examples: 256  Num correct: 208  Precision @ 1: 0.8125  AUC @ 1: 0.8979
Test Data Eval:
  Num examples: 384  Num correct: 277  Precision @ 1: 0.7214  AUC @ 1: 0.7815
Step 4400: loss = 0.4124 (0.012 sec)
Training Data Eval:
  Num examples: 3584  Num correct: 3174  Precision @ 1: 0.8856  AUC @ 1: 0.9533
Validation Data Eval:
  Num examples: 256  Num correct: 210  Precision @ 1: 0.8203  AUC @ 1: 0.9044
Test Data Eval:
  Num examples: 384  Num correct: 271  Precision @ 1: 0.7057  AUC @ 1: 0.7568
Step 4600: loss = 0.3707 (0.013 sec)
Training Data Eval:
  Num examples: 3584  Num correct: 3267  Precision @ 1: 0.9116  AUC @ 1: 0.9705
Validation Data Eval:
  Num examples: 256  Num correct: 204  Precision @ 1: 0.7969  AUC @ 1: 0.9008
Test Data Eval:
  Num examples: 384  Num correct: 269  Precision @ 1: 0.7005  AUC @ 1: 0.7763
Step 4800: loss = 0.3370 (0.013 sec)
Training Data Eval:
  Num examples: 3584  Num correct: 3264  Precision @ 1: 0.9107  AUC @ 1: 0.9705
Validation Data Eval:
  Num examples: 256  Num correct: 208  Precision @ 1: 0.8125  AUC @ 1: 0.9028
Test Data Eval:
  Num examples: 384  Num correct: 281  Precision @ 1: 0.7318  AUC @ 1: 0.7969
Step 5000: loss = 0.4287 (0.012 sec)
Training Data Eval:
  Num examples: 3584  Num correct: 3304  Precision @ 1: 0.9219  AUC @ 1: 0.9757
Validation Data Eval:
  Num examples: 256  Num correct: 205  Precision @ 1: 0.8008  AUC @ 1: 0.9006
Test Data Eval:
  Num examples: 384  Num correct: 274  Precision @ 1: 0.7135  AUC @ 1: 0.7743
Step 5200: loss = 0.4274 (0.012 sec)
Training Data Eval:
  Num examples: 3584  Num correct: 3320  Precision @ 1: 0.9263  AUC @ 1: 0.9794
Validation Data Eval:
  Num examples: 256  Num correct: 207  Precision @ 1: 0.8086  AUC @ 1: 0.9013
Test Data Eval:
  Num examples: 384  Num correct: 276  Precision @ 1: 0.7188  AUC @ 1: 0.7948
Step 5400: loss = 0.3340 (0.012 sec)
Training Data Eval:
  Num examples: 3584  Num correct: 3258  Precision @ 1: 0.9090  AUC @ 1: 0.9710
Validation Data Eval:
  Num examples: 256  Num correct: 204  Precision @ 1: 0.7969  AUC @ 1: 0.8981
Test Data Eval:
  Num examples: 384  Num correct: 272  Precision @ 1: 0.7083  AUC @ 1: 0.7619
Step 5600: loss = 0.3719 (0.045 sec)
Training Data Eval:
  Num examples: 3584  Num correct: 3332  Precision @ 1: 0.9297  AUC @ 1: 0.9810
Validation Data Eval:
  Num examples: 256  Num correct: 207  Precision @ 1: 0.8086  AUC @ 1: 0.9013
Test Data Eval:
  Num examples: 384  Num correct: 275  Precision @ 1: 0.7161  AUC @ 1: 0.7761
Step 5800: loss = 0.2743 (0.012 sec)
Training Data Eval:
  Num examples: 3584  Num correct: 3363  Precision @ 1: 0.9383  AUC @ 1: 0.9849
Validation Data Eval:
  Num examples: 256  Num correct: 209  Precision @ 1: 0.8164  AUC @ 1: 0.9026
Test Data Eval:
  Num examples: 384  Num correct: 275  Precision @ 1: 0.7161  AUC @ 1: 0.7735
Step 6000: loss = 0.3083 (0.012 sec)
Training Data Eval:
  Num examples: 3584  Num correct: 3390  Precision @ 1: 0.9459  AUC @ 1: 0.9869
Validation Data Eval:
  Num examples: 256  Num correct: 208  Precision @ 1: 0.8125  AUC @ 1: 0.9041
Test Data Eval:
  Num examples: 384  Num correct: 273  Precision @ 1: 0.7109  AUC @ 1: 0.7672
Step 6200: loss = 0.3108 (0.012 sec)
Training Data Eval:
  Num examples: 3584  Num correct: 3410  Precision @ 1: 0.9515  AUC @ 1: 0.9898
Validation Data Eval:
  Num examples: 256  Num correct: 206  Precision @ 1: 0.8047  AUC @ 1: 0.8990
Test Data Eval:
  Num examples: 384  Num correct: 273  Precision @ 1: 0.7109  AUC @ 1: 0.7876
Step 6400: loss = 0.2978 (0.015 sec)
Training Data Eval:
  Num examples: 3584  Num correct: 3441  Precision @ 1: 0.9601  AUC @ 1: 0.9925
Validation Data Eval:
  Num examples: 256  Num correct: 211  Precision @ 1: 0.8242  AUC @ 1: 0.9041
Test Data Eval:
  Num examples: 384  Num correct: 275  Precision @ 1: 0.7161  AUC @ 1: 0.7813
Step 6600: loss = 0.2507 (0.012 sec)
Training Data Eval:
  Num examples: 3584  Num correct: 3447  Precision @ 1: 0.9618  AUC @ 1: 0.9926
Validation Data Eval:
  Num examples: 256  Num correct: 208  Precision @ 1: 0.8125  AUC @ 1: 0.9034
Test Data Eval:
  Num examples: 384  Num correct: 275  Precision @ 1: 0.7161  AUC @ 1: 0.7924
Step 6800: loss = 0.3002 (0.012 sec)
Training Data Eval:
  Num examples: 3584  Num correct: 3448  Precision @ 1: 0.9621  AUC @ 1: 0.9926
Validation Data Eval:
  Num examples: 256  Num correct: 206  Precision @ 1: 0.8047  AUC @ 1: 0.9002
Test Data Eval:
  Num examples: 384  Num correct: 278  Precision @ 1: 0.7240  AUC @ 1: 0.7801
Step 7000: loss = 0.2999 (0.047 sec)
Training Data Eval:
  Num examples: 3584  Num correct: 3479  Precision @ 1: 0.9707  AUC @ 1: 0.9953
Validation Data Eval:
  Num examples: 256  Num correct: 209  Precision @ 1: 0.8164  AUC @ 1: 0.9037
Test Data Eval:
  Num examples: 384  Num correct: 267  Precision @ 1: 0.6953  AUC @ 1: 0.7707
Step 7200: loss = 0.2105 (0.015 sec)
Training Data Eval:
  Num examples: 3584  Num correct: 3474  Precision @ 1: 0.9693  AUC @ 1: 0.9952
Validation Data Eval:
  Num examples: 256  Num correct: 206  Precision @ 1: 0.8047  AUC @ 1: 0.9016
Test Data Eval:
  Num examples: 384  Num correct: 274  Precision @ 1: 0.7135  AUC @ 1: 0.7769
Step 7400: loss = 0.2732 (0.012 sec)
Training Data Eval:
  Num examples: 3584  Num correct: 3471  Precision @ 1: 0.9685  AUC @ 1: 0.9953
Validation Data Eval:
  Num examples: 256  Num correct: 209  Precision @ 1: 0.8164  AUC @ 1: 0.9043
Test Data Eval:
  Num examples: 384  Num correct: 272  Precision @ 1: 0.7083  AUC @ 1: 0.7655
Step 7600: loss = 0.2583 (0.012 sec)
Training Data Eval:
  Num examples: 3584  Num correct: 3509  Precision @ 1: 0.9791  AUC @ 1: 0.9973
Validation Data Eval:
  Num examples: 256  Num correct: 208  Precision @ 1: 0.8125  AUC @ 1: 0.9038
Test Data Eval:
  Num examples: 384  Num correct: 274  Precision @ 1: 0.7135  AUC @ 1: 0.7651
Step 7800: loss = 0.2323 (0.012 sec)
Training Data Eval:
  Num examples: 3584  Num correct: 3505  Precision @ 1: 0.9780  AUC @ 1: 0.9976
Validation Data Eval:
  Num examples: 256  Num correct: 211  Precision @ 1: 0.8242  AUC @ 1: 0.9061
Test Data Eval:
  Num examples: 384  Num correct: 271  Precision @ 1: 0.7057  AUC @ 1: 0.7648
Step 8000: loss = 0.2308 (0.012 sec)
Training Data Eval:
  Num examples: 3584  Num correct: 3497  Precision @ 1: 0.9757  AUC @ 1: 0.9968
Validation Data Eval:
  Num examples: 256  Num correct: 205  Precision @ 1: 0.8008  AUC @ 1: 0.9042
Test Data Eval:
  Num examples: 384  Num correct: 276  Precision @ 1: 0.7188  AUC @ 1: 0.7758
Step 8200: loss = 0.2710 (0.012 sec)
Training Data Eval:
  Num examples: 3584  Num correct: 3518  Precision @ 1: 0.9816  AUC @ 1: 0.9978
Validation Data Eval:
  Num examples: 256  Num correct: 205  Precision @ 1: 0.8008  AUC @ 1: 0.9024
Test Data Eval:
  Num examples: 384  Num correct: 270  Precision @ 1: 0.7031  AUC @ 1: 0.7804
Step 8400: loss = 0.2001 (0.045 sec)
Training Data Eval:
  Num examples: 3584  Num correct: 3521  Precision @ 1: 0.9824  AUC @ 1: 0.9982
Validation Data Eval:
  Num examples: 256  Num correct: 211  Precision @ 1: 0.8242  AUC @ 1: 0.9087
Test Data Eval:
  Num examples: 384  Num correct: 280  Precision @ 1: 0.7292  AUC @ 1: 0.7903
Step 8600: loss = 0.2488 (0.013 sec)
Training Data Eval:
  Num examples: 3584  Num correct: 3537  Precision @ 1: 0.9869  AUC @ 1: 0.9991
Validation Data Eval:
  Num examples: 256  Num correct: 209  Precision @ 1: 0.8164  AUC @ 1: 0.9075
Test Data Eval:
  Num examples: 384  Num correct: 278  Precision @ 1: 0.7240  AUC @ 1: 0.7883
Step 8800: loss = 0.2558 (0.012 sec)
Training Data Eval:
  Num examples: 3584  Num correct: 3543  Precision @ 1: 0.9886  AUC @ 1: 0.9990
Validation Data Eval:
  Num examples: 256  Num correct: 210  Precision @ 1: 0.8203  AUC @ 1: 0.9027
Test Data Eval:
  Num examples: 384  Num correct: 272  Precision @ 1: 0.7083  AUC @ 1: 0.7703
Step 9000: loss = 0.1959 (0.012 sec)
Training Data Eval:
  Num examples: 3584  Num correct: 3549  Precision @ 1: 0.9902  AUC @ 1: 0.9997
Validation Data Eval:
  Num examples: 256  Num correct: 208  Precision @ 1: 0.8125  AUC @ 1: 0.9060
Test Data Eval:
  Num examples: 384  Num correct: 272  Precision @ 1: 0.7083  AUC @ 1: 0.7617
Step 9200: loss = 0.2569 (0.012 sec)
Training Data Eval:
  Num examples: 3584  Num correct: 3538  Precision @ 1: 0.9872  AUC @ 1: 0.9994
Validation Data Eval:
  Num examples: 256  Num correct: 209  Precision @ 1: 0.8164  AUC @ 1: 0.9067
Test Data Eval:
  Num examples: 384  Num correct: 274  Precision @ 1: 0.7135  AUC @ 1: 0.7657
Step 9400: loss = 0.1879 (0.012 sec)
Training Data Eval:
  Num examples: 3584  Num correct: 3548  Precision @ 1: 0.9900  AUC @ 1: 0.9995
Validation Data Eval:
  Num examples: 256  Num correct: 207  Precision @ 1: 0.8086  AUC @ 1: 0.9043
Test Data Eval:
  Num examples: 384  Num correct: 273  Precision @ 1: 0.7109  AUC @ 1: 0.7609
Step 9600: loss = 0.1873 (0.012 sec)
Training Data Eval:
  Num examples: 3584  Num correct: 3561  Precision @ 1: 0.9936  AUC @ 1: 0.9998
Validation Data Eval:
  Num examples: 256  Num correct: 212  Precision @ 1: 0.8281  AUC @ 1: 0.9076
Test Data Eval:
  Num examples: 384  Num correct: 276  Precision @ 1: 0.7188  AUC @ 1: 0.7872
Step 9800: loss = 0.1464 (0.046 sec)
Training Data Eval:
  Num examples: 3584  Num correct: 3558  Precision @ 1: 0.9927  AUC @ 1: 0.9998
Validation Data Eval:
  Num examples: 256  Num correct: 209  Precision @ 1: 0.8164  AUC @ 1: 0.9064
Test Data Eval:
  Num examples: 384  Num correct: 268  Precision @ 1: 0.6979  AUC @ 1: 0.7762
