Training data shape: 	(3881, 30, 64, 1)
Training label shape:	(3881,)
Testing data shape:  	(454, 30, 64, 1)
Testing label shape: 	(454,)
max input value is: 58.7592
min input value is: -75.9911
random permuted training data
==============================================================================
Model: 			inference_stcnn
Tensor Name: 	Placeholder:0
[128, 30, 64, 1]
==============================================================================
Tensor Name: conv0/conv0:0
[128, 1, 60, 4]
==============================================================================
Tensor Name: MaxPool:0
[128, 1, 30, 4]
==============================================================================
Tensor Name: conv1/conv1:0
[128, 1, 26, 8]
==============================================================================
Tensor Name: MaxPool_1:0
[128, 1, 13, 8]
==============================================================================
Tensor Name: local1/local1:0
[128, 128]
==============================================================================
Tensor Name: local2/local2:0
[128, 128]
==============================================================================
Tensor Name: softmax_linear/softmax_linear:0
[128, 2]
Step 0: loss = 0.7657 (0.033 sec)
Training Data Eval:
  Num examples: 3584  Num correct: 2015  Precision @ 1: 0.5622  AUC @ 1: 0.4947
Validation Data Eval:
  Num examples: 256  Num correct: 149  Precision @ 1: 0.5820  AUC @ 1: 0.5212
Test Data Eval:
  Num examples: 384  Num correct: 187  Precision @ 1: 0.4870  AUC @ 1: 0.5054
Step 200: loss = 0.7649 (0.014 sec)
Training Data Eval:
  Num examples: 3584  Num correct: 2004  Precision @ 1: 0.5592  AUC @ 1: 0.5104
Validation Data Eval:
  Num examples: 256  Num correct: 149  Precision @ 1: 0.5820  AUC @ 1: 0.5300
Test Data Eval:
  Num examples: 384  Num correct: 215  Precision @ 1: 0.5599  AUC @ 1: 0.5481
Step 400: loss = 0.7579 (0.013 sec)
Training Data Eval:
  Num examples: 3584  Num correct: 2019  Precision @ 1: 0.5633  AUC @ 1: 0.5153
Validation Data Eval:
  Num examples: 256  Num correct: 149  Precision @ 1: 0.5820  AUC @ 1: 0.5439
Test Data Eval:
  Num examples: 384  Num correct: 219  Precision @ 1: 0.5703  AUC @ 1: 0.5266
Step 600: loss = 0.7615 (0.014 sec)
Training Data Eval:
  Num examples: 3584  Num correct: 2028  Precision @ 1: 0.5658  AUC @ 1: 0.5541
Validation Data Eval:
  Num examples: 256  Num correct: 149  Precision @ 1: 0.5820  AUC @ 1: 0.5651
Test Data Eval:
  Num examples: 384  Num correct: 220  Precision @ 1: 0.5729  AUC @ 1: 0.5674
Step 800: loss = 0.7467 (0.013 sec)
Training Data Eval:
  Num examples: 3584  Num correct: 2003  Precision @ 1: 0.5589  AUC @ 1: 0.5574
Validation Data Eval:
  Num examples: 256  Num correct: 149  Precision @ 1: 0.5820  AUC @ 1: 0.5809
Test Data Eval:
  Num examples: 384  Num correct: 216  Precision @ 1: 0.5625  AUC @ 1: 0.5944
Step 1000: loss = 0.7538 (0.013 sec)
Training Data Eval:
  Num examples: 3584  Num correct: 2010  Precision @ 1: 0.5608  AUC @ 1: 0.5762
Validation Data Eval:
  Num examples: 256  Num correct: 149  Precision @ 1: 0.5820  AUC @ 1: 0.5998
Test Data Eval:
  Num examples: 384  Num correct: 215  Precision @ 1: 0.5599  AUC @ 1: 0.6108
Step 1200: loss = 0.7554 (0.014 sec)
Training Data Eval:
  Num examples: 3584  Num correct: 2025  Precision @ 1: 0.5650  AUC @ 1: 0.5933
Validation Data Eval:
  Num examples: 256  Num correct: 149  Precision @ 1: 0.5820  AUC @ 1: 0.6156
Test Data Eval:
  Num examples: 384  Num correct: 221  Precision @ 1: 0.5755  AUC @ 1: 0.6393
Step 1400: loss = 0.7625 (0.027 sec)
Training Data Eval:
  Num examples: 3584  Num correct: 2053  Precision @ 1: 0.5728  AUC @ 1: 0.6238
Validation Data Eval:
  Num examples: 256  Num correct: 149  Precision @ 1: 0.5820  AUC @ 1: 0.6356
Test Data Eval:
  Num examples: 384  Num correct: 217  Precision @ 1: 0.5651  AUC @ 1: 0.6737
Step 1600: loss = 0.7575 (0.013 sec)
Training Data Eval:
  Num examples: 3584  Num correct: 2064  Precision @ 1: 0.5759  AUC @ 1: 0.6368
Validation Data Eval:
  Num examples: 256  Num correct: 149  Precision @ 1: 0.5820  AUC @ 1: 0.6479
Test Data Eval:
  Num examples: 384  Num correct: 214  Precision @ 1: 0.5573  AUC @ 1: 0.7073
Step 1800: loss = 0.7611 (0.014 sec)
Training Data Eval:
  Num examples: 3584  Num correct: 2001  Precision @ 1: 0.5583  AUC @ 1: 0.6519
Validation Data Eval:
  Num examples: 256  Num correct: 149  Precision @ 1: 0.5820  AUC @ 1: 0.6567
Test Data Eval:
  Num examples: 384  Num correct: 210  Precision @ 1: 0.5469  AUC @ 1: 0.7389
Step 2000: loss = 0.7377 (0.013 sec)
Training Data Eval:
  Num examples: 3584  Num correct: 2015  Precision @ 1: 0.5622  AUC @ 1: 0.6785
Validation Data Eval:
  Num examples: 256  Num correct: 149  Precision @ 1: 0.5820  AUC @ 1: 0.6673
Test Data Eval:
  Num examples: 384  Num correct: 223  Precision @ 1: 0.5807  AUC @ 1: 0.7556
Step 2200: loss = 0.7439 (0.014 sec)
Training Data Eval:
  Num examples: 3584  Num correct: 2011  Precision @ 1: 0.5611  AUC @ 1: 0.6622
Validation Data Eval:
  Num examples: 256  Num correct: 149  Precision @ 1: 0.5820  AUC @ 1: 0.6752
Test Data Eval:
  Num examples: 384  Num correct: 213  Precision @ 1: 0.5547  AUC @ 1: 0.7477
Step 2400: loss = 0.7442 (0.014 sec)
Training Data Eval:
  Num examples: 3584  Num correct: 2028  Precision @ 1: 0.5658  AUC @ 1: 0.6672
Validation Data Eval:
  Num examples: 256  Num correct: 149  Precision @ 1: 0.5820  AUC @ 1: 0.6764
Test Data Eval:
  Num examples: 384  Num correct: 218  Precision @ 1: 0.5677  AUC @ 1: 0.7451
Step 2600: loss = 0.7485 (0.013 sec)
Training Data Eval:
  Num examples: 3584  Num correct: 2023  Precision @ 1: 0.5645  AUC @ 1: 0.6645
Validation Data Eval:
  Num examples: 256  Num correct: 149  Precision @ 1: 0.5820  AUC @ 1: 0.6770
Test Data Eval:
  Num examples: 384  Num correct: 221  Precision @ 1: 0.5755  AUC @ 1: 0.7583
Step 2800: loss = 0.7666 (0.026 sec)
Training Data Eval:
  Num examples: 3584  Num correct: 1997  Precision @ 1: 0.5572  AUC @ 1: 0.6592
Validation Data Eval:
  Num examples: 256  Num correct: 149  Precision @ 1: 0.5820  AUC @ 1: 0.6763
Test Data Eval:
  Num examples: 384  Num correct: 215  Precision @ 1: 0.5599  AUC @ 1: 0.7608
Step 3000: loss = 0.7477 (0.014 sec)
Training Data Eval:
  Num examples: 3584  Num correct: 2042  Precision @ 1: 0.5698  AUC @ 1: 0.6622
Validation Data Eval:
  Num examples: 256  Num correct: 149  Precision @ 1: 0.5820  AUC @ 1: 0.6758
Test Data Eval:
  Num examples: 384  Num correct: 222  Precision @ 1: 0.5781  AUC @ 1: 0.7631
Step 3200: loss = 0.7289 (0.013 sec)
Training Data Eval:
  Num examples: 3584  Num correct: 2047  Precision @ 1: 0.5711  AUC @ 1: 0.6662
Validation Data Eval:
  Num examples: 256  Num correct: 149  Precision @ 1: 0.5820  AUC @ 1: 0.6763
Test Data Eval:
  Num examples: 384  Num correct: 217  Precision @ 1: 0.5651  AUC @ 1: 0.7561
Step 3400: loss = 0.7574 (0.013 sec)
Training Data Eval:
  Num examples: 3584  Num correct: 2029  Precision @ 1: 0.5661  AUC @ 1: 0.6697
Validation Data Eval:
  Num examples: 256  Num correct: 149  Precision @ 1: 0.5820  AUC @ 1: 0.6776
Test Data Eval:
  Num examples: 384  Num correct: 217  Precision @ 1: 0.5651  AUC @ 1: 0.7558
Step 3600: loss = 0.7285 (0.014 sec)
Training Data Eval:
  Num examples: 3584  Num correct: 2066  Precision @ 1: 0.5765  AUC @ 1: 0.6719
Validation Data Eval:
  Num examples: 256  Num correct: 149  Precision @ 1: 0.5820  AUC @ 1: 0.6824
Test Data Eval:
  Num examples: 384  Num correct: 220  Precision @ 1: 0.5729  AUC @ 1: 0.7692
Step 3800: loss = 0.7363 (0.014 sec)
Training Data Eval:
  Num examples: 3584  Num correct: 2028  Precision @ 1: 0.5658  AUC @ 1: 0.6731
Validation Data Eval:
  Num examples: 256  Num correct: 149  Precision @ 1: 0.5820  AUC @ 1: 0.6895
Test Data Eval:
  Num examples: 384  Num correct: 215  Precision @ 1: 0.5599  AUC @ 1: 0.7785
Step 4000: loss = 0.7105 (0.014 sec)
Training Data Eval:
  Num examples: 3584  Num correct: 2096  Precision @ 1: 0.5848  AUC @ 1: 0.6876
Validation Data Eval:
  Num examples: 256  Num correct: 155  Precision @ 1: 0.6055  AUC @ 1: 0.6957
Test Data Eval:
  Num examples: 384  Num correct: 217  Precision @ 1: 0.5651  AUC @ 1: 0.7729
Step 4200: loss = 0.6687 (0.025 sec)
Training Data Eval:
  Num examples: 3584  Num correct: 2219  Precision @ 1: 0.6191  AUC @ 1: 0.7016
Validation Data Eval:
  Num examples: 256  Num correct: 165  Precision @ 1: 0.6445  AUC @ 1: 0.6981
Test Data Eval:
  Num examples: 384  Num correct: 219  Precision @ 1: 0.5703  AUC @ 1: 0.7725
Step 4400: loss = 0.6664 (0.014 sec)
Training Data Eval:
  Num examples: 3584  Num correct: 2322  Precision @ 1: 0.6479  AUC @ 1: 0.7186
Validation Data Eval:
  Num examples: 256  Num correct: 168  Precision @ 1: 0.6562  AUC @ 1: 0.6984
Test Data Eval:
  Num examples: 384  Num correct: 235  Precision @ 1: 0.6120  AUC @ 1: 0.7760
Step 4600: loss = 0.6386 (0.014 sec)
Training Data Eval:
  Num examples: 3584  Num correct: 2374  Precision @ 1: 0.6624  AUC @ 1: 0.7077
Validation Data Eval:
  Num examples: 256  Num correct: 166  Precision @ 1: 0.6484  AUC @ 1: 0.6941
Test Data Eval:
  Num examples: 384  Num correct: 253  Precision @ 1: 0.6589  AUC @ 1: 0.7925
Step 4800: loss = 0.6722 (0.014 sec)
Training Data Eval:
  Num examples: 3584  Num correct: 2395  Precision @ 1: 0.6682  AUC @ 1: 0.7279
Validation Data Eval:
  Num examples: 256  Num correct: 168  Precision @ 1: 0.6562  AUC @ 1: 0.6959
Test Data Eval:
  Num examples: 384  Num correct: 248  Precision @ 1: 0.6458  AUC @ 1: 0.7821
Step 5000: loss = 0.6421 (0.013 sec)
Training Data Eval:
  Num examples: 3584  Num correct: 2407  Precision @ 1: 0.6716  AUC @ 1: 0.7292
Validation Data Eval:
  Num examples: 256  Num correct: 168  Precision @ 1: 0.6562  AUC @ 1: 0.6945
Test Data Eval:
  Num examples: 384  Num correct: 256  Precision @ 1: 0.6667  AUC @ 1: 0.7969
Step 5200: loss = 0.6552 (0.015 sec)
Training Data Eval:
  Num examples: 3584  Num correct: 2407  Precision @ 1: 0.6716  AUC @ 1: 0.7376
Validation Data Eval:
  Num examples: 256  Num correct: 168  Precision @ 1: 0.6562  AUC @ 1: 0.6958
Test Data Eval:
  Num examples: 384  Num correct: 260  Precision @ 1: 0.6771  AUC @ 1: 0.7760
Step 5400: loss = 0.6681 (0.013 sec)
Training Data Eval:
  Num examples: 3584  Num correct: 2419  Precision @ 1: 0.6749  AUC @ 1: 0.7447
Validation Data Eval:
  Num examples: 256  Num correct: 170  Precision @ 1: 0.6641  AUC @ 1: 0.7034
Test Data Eval:
  Num examples: 384  Num correct: 255  Precision @ 1: 0.6641  AUC @ 1: 0.7775
Step 5600: loss = 0.6029 (0.025 sec)
Training Data Eval:
  Num examples: 3584  Num correct: 2397  Precision @ 1: 0.6688  AUC @ 1: 0.7401
Validation Data Eval:
  Num examples: 256  Num correct: 170  Precision @ 1: 0.6641  AUC @ 1: 0.7068
Test Data Eval:
  Num examples: 384  Num correct: 250  Precision @ 1: 0.6510  AUC @ 1: 0.7612
Step 5800: loss = 0.6184 (0.014 sec)
Training Data Eval:
  Num examples: 3584  Num correct: 2427  Precision @ 1: 0.6772  AUC @ 1: 0.7536
Validation Data Eval:
  Num examples: 256  Num correct: 170  Precision @ 1: 0.6641  AUC @ 1: 0.7116
Test Data Eval:
  Num examples: 384  Num correct: 248  Precision @ 1: 0.6458  AUC @ 1: 0.7706
Step 6000: loss = 0.6207 (0.014 sec)
Training Data Eval:
  Num examples: 3584  Num correct: 2464  Precision @ 1: 0.6875  AUC @ 1: 0.7638
Validation Data Eval:
  Num examples: 256  Num correct: 170  Precision @ 1: 0.6641  AUC @ 1: 0.7150
Test Data Eval:
  Num examples: 384  Num correct: 246  Precision @ 1: 0.6406  AUC @ 1: 0.7464
Step 6200: loss = 0.6394 (0.014 sec)
Training Data Eval:
  Num examples: 3584  Num correct: 2475  Precision @ 1: 0.6906  AUC @ 1: 0.7633
Validation Data Eval:
  Num examples: 256  Num correct: 172  Precision @ 1: 0.6719  AUC @ 1: 0.7183
Test Data Eval:
  Num examples: 384  Num correct: 262  Precision @ 1: 0.6823  AUC @ 1: 0.7750
Step 6400: loss = 0.6070 (0.013 sec)
Training Data Eval:
  Num examples: 3584  Num correct: 2494  Precision @ 1: 0.6959  AUC @ 1: 0.7687
Validation Data Eval:
  Num examples: 256  Num correct: 171  Precision @ 1: 0.6680  AUC @ 1: 0.7206
Test Data Eval:
  Num examples: 384  Num correct: 264  Precision @ 1: 0.6875  AUC @ 1: 0.7581
Step 6600: loss = 0.6927 (0.014 sec)
Training Data Eval:
  Num examples: 3584  Num correct: 2464  Precision @ 1: 0.6875  AUC @ 1: 0.7652
Validation Data Eval:
  Num examples: 256  Num correct: 174  Precision @ 1: 0.6797  AUC @ 1: 0.7271
Test Data Eval:
  Num examples: 384  Num correct: 266  Precision @ 1: 0.6927  AUC @ 1: 0.7670
Step 6800: loss = 0.6908 (0.014 sec)
Training Data Eval:
  Num examples: 3584  Num correct: 2490  Precision @ 1: 0.6948  AUC @ 1: 0.7671
Validation Data Eval:
  Num examples: 256  Num correct: 171  Precision @ 1: 0.6680  AUC @ 1: 0.7292
Test Data Eval:
  Num examples: 384  Num correct: 273  Precision @ 1: 0.7109  AUC @ 1: 0.7813
Step 7000: loss = 0.5866 (0.025 sec)
Training Data Eval:
  Num examples: 3584  Num correct: 2479  Precision @ 1: 0.6917  AUC @ 1: 0.7649
Validation Data Eval:
  Num examples: 256  Num correct: 171  Precision @ 1: 0.6680  AUC @ 1: 0.7273
Test Data Eval:
  Num examples: 384  Num correct: 262  Precision @ 1: 0.6823  AUC @ 1: 0.7502
Step 7200: loss = 0.6165 (0.014 sec)
Training Data Eval:
  Num examples: 3584  Num correct: 2486  Precision @ 1: 0.6936  AUC @ 1: 0.7630
Validation Data Eval:
  Num examples: 256  Num correct: 167  Precision @ 1: 0.6523  AUC @ 1: 0.7318
Test Data Eval:
  Num examples: 384  Num correct: 251  Precision @ 1: 0.6536  AUC @ 1: 0.7450
Step 7400: loss = 0.5156 (0.015 sec)
Training Data Eval:
  Num examples: 3584  Num correct: 2508  Precision @ 1: 0.6998  AUC @ 1: 0.7675
Validation Data Eval:
  Num examples: 256  Num correct: 172  Precision @ 1: 0.6719  AUC @ 1: 0.7295
Test Data Eval:
  Num examples: 384  Num correct: 273  Precision @ 1: 0.7109  AUC @ 1: 0.7652
Step 7600: loss = 0.5945 (0.013 sec)
Training Data Eval:
  Num examples: 3584  Num correct: 2522  Precision @ 1: 0.7037  AUC @ 1: 0.7797
Validation Data Eval:
  Num examples: 256  Num correct: 168  Precision @ 1: 0.6562  AUC @ 1: 0.7345
Test Data Eval:
  Num examples: 384  Num correct: 266  Precision @ 1: 0.6927  AUC @ 1: 0.7631
Step 7800: loss = 0.6302 (0.014 sec)
Training Data Eval:
  Num examples: 3584  Num correct: 2546  Precision @ 1: 0.7104  AUC @ 1: 0.7833
Validation Data Eval:
  Num examples: 256  Num correct: 168  Precision @ 1: 0.6562  AUC @ 1: 0.7346
Test Data Eval:
  Num examples: 384  Num correct: 274  Precision @ 1: 0.7135  AUC @ 1: 0.7649
Step 8000: loss = 0.5914 (0.014 sec)
Training Data Eval:
  Num examples: 3584  Num correct: 2540  Precision @ 1: 0.7087  AUC @ 1: 0.7804
Validation Data Eval:
  Num examples: 256  Num correct: 167  Precision @ 1: 0.6523  AUC @ 1: 0.7357
Test Data Eval:
  Num examples: 384  Num correct: 269  Precision @ 1: 0.7005  AUC @ 1: 0.7591
Step 8200: loss = 0.5909 (0.012 sec)
Training Data Eval:
  Num examples: 3584  Num correct: 2554  Precision @ 1: 0.7126  AUC @ 1: 0.7846
Validation Data Eval:
  Num examples: 256  Num correct: 165  Precision @ 1: 0.6445  AUC @ 1: 0.7346
Test Data Eval:
  Num examples: 384  Num correct: 261  Precision @ 1: 0.6797  AUC @ 1: 0.7431
Step 8400: loss = 0.6047 (0.026 sec)
Training Data Eval:
  Num examples: 3584  Num correct: 2547  Precision @ 1: 0.7107  AUC @ 1: 0.7824
Validation Data Eval:
  Num examples: 256  Num correct: 166  Precision @ 1: 0.6484  AUC @ 1: 0.7371
Test Data Eval:
  Num examples: 384  Num correct: 275  Precision @ 1: 0.7161  AUC @ 1: 0.7539
Step 8600: loss = 0.6095 (0.013 sec)
Training Data Eval:
  Num examples: 3584  Num correct: 2580  Precision @ 1: 0.7199  AUC @ 1: 0.7854
Validation Data Eval:
  Num examples: 256  Num correct: 169  Precision @ 1: 0.6602  AUC @ 1: 0.7390
Test Data Eval:
  Num examples: 384  Num correct: 274  Precision @ 1: 0.7135  AUC @ 1: 0.7660
Step 8800: loss = 0.6076 (0.013 sec)
Training Data Eval:
  Num examples: 3584  Num correct: 2573  Precision @ 1: 0.7179  AUC @ 1: 0.7882
Validation Data Eval:
  Num examples: 256  Num correct: 170  Precision @ 1: 0.6641  AUC @ 1: 0.7358
Test Data Eval:
  Num examples: 384  Num correct: 276  Precision @ 1: 0.7188  AUC @ 1: 0.7584
Step 9000: loss = 0.5833 (0.013 sec)
Training Data Eval:
  Num examples: 3584  Num correct: 2601  Precision @ 1: 0.7257  AUC @ 1: 0.7959
Validation Data Eval:
  Num examples: 256  Num correct: 168  Precision @ 1: 0.6562  AUC @ 1: 0.7392
Test Data Eval:
  Num examples: 384  Num correct: 280  Precision @ 1: 0.7292  AUC @ 1: 0.7703
Step 9200: loss = 0.5956 (0.014 sec)
Training Data Eval:
  Num examples: 3584  Num correct: 2587  Precision @ 1: 0.7218  AUC @ 1: 0.7971
Validation Data Eval:
  Num examples: 256  Num correct: 169  Precision @ 1: 0.6602  AUC @ 1: 0.7400
Test Data Eval:
  Num examples: 384  Num correct: 280  Precision @ 1: 0.7292  AUC @ 1: 0.7699
Step 9400: loss = 0.6023 (0.013 sec)
Training Data Eval:
  Num examples: 3584  Num correct: 2571  Precision @ 1: 0.7174  AUC @ 1: 0.7914
Validation Data Eval:
  Num examples: 256  Num correct: 173  Precision @ 1: 0.6758  AUC @ 1: 0.7407
Test Data Eval:
  Num examples: 384  Num correct: 277  Precision @ 1: 0.7214  AUC @ 1: 0.7547
Step 9600: loss = 0.5888 (0.014 sec)
Training Data Eval:
  Num examples: 3584  Num correct: 2609  Precision @ 1: 0.7280  AUC @ 1: 0.7987
Validation Data Eval:
  Num examples: 256  Num correct: 171  Precision @ 1: 0.6680  AUC @ 1: 0.7415
Test Data Eval:
  Num examples: 384  Num correct: 270  Precision @ 1: 0.7031  AUC @ 1: 0.7700
Step 9800: loss = 0.6126 (0.026 sec)
Training Data Eval:
  Num examples: 3584  Num correct: 2646  Precision @ 1: 0.7383  AUC @ 1: 0.8065
Validation Data Eval:
  Num examples: 256  Num correct: 174  Precision @ 1: 0.6797  AUC @ 1: 0.7402
Test Data Eval:
  Num examples: 384  Num correct: 278  Precision @ 1: 0.7240  AUC @ 1: 0.7542
