Training data shape: 	(10000, 64, 64, 1)
Training label shape:	(10000,)
Testing data shape:  	(1910, 64, 64, 1)
Testing label shape: 	(1910,)
max input value is: 153.458
min input value is: -104.189
random permuted training data
==============================================================================
Model: 			inference_dnn_cnn
Tensor Name: 	Placeholder:0
[64, 64, 64, 1]
==============================================================================
Tensor Name: local1/local1:0
[64, 128]
==============================================================================
Tensor Name: local2/local2:0
[64, 128]
==============================================================================
Tensor Name: softmax_linear/softmax_linear:0
[64, 2]
Step 0: loss = 2.0416 (0.020 sec)
Training Data Eval:
  Num examples: 8960  Num correct: 6802  Precision @ 1: 0.7592  AUC @ 1: 0.8001
Validation Data Eval:
  Num examples: 960  Num correct: 711  Precision @ 1: 0.7406  AUC @ 1: 0.7885
Test Data Eval:
  Num examples: 1856  Num correct: 1305  Precision @ 1: 0.7031  AUC @ 1: 0.7418
Step 100: loss = 1.7640 (0.010 sec)
Training Data Eval:
  Num examples: 8960  Num correct: 6950  Precision @ 1: 0.7757  AUC @ 1: 0.8397
Validation Data Eval:
  Num examples: 960  Num correct: 725  Precision @ 1: 0.7552  AUC @ 1: 0.8043
Test Data Eval:
  Num examples: 1856  Num correct: 1290  Precision @ 1: 0.6950  AUC @ 1: 0.7256
Step 200: loss = 1.6954 (0.012 sec)
Training Data Eval:
  Num examples: 8960  Num correct: 7174  Precision @ 1: 0.8007  AUC @ 1: 0.8712
Validation Data Eval:
  Num examples: 960  Num correct: 740  Precision @ 1: 0.7708  AUC @ 1: 0.8269
Test Data Eval:
  Num examples: 1856  Num correct: 1320  Precision @ 1: 0.7112  AUC @ 1: 0.7586
Step 300: loss = 1.5729 (0.012 sec)
Training Data Eval:
  Num examples: 8960  Num correct: 7233  Precision @ 1: 0.8073  AUC @ 1: 0.8937
Validation Data Eval:
  Num examples: 960  Num correct: 733  Precision @ 1: 0.7635  AUC @ 1: 0.8284
Test Data Eval:
  Num examples: 1856  Num correct: 1297  Precision @ 1: 0.6988  AUC @ 1: 0.7330
Step 400: loss = 1.4123 (0.012 sec)
Training Data Eval:
  Num examples: 8960  Num correct: 7357  Precision @ 1: 0.8211  AUC @ 1: 0.9032
Validation Data Eval:
  Num examples: 960  Num correct: 747  Precision @ 1: 0.7781  AUC @ 1: 0.8399
Test Data Eval:
  Num examples: 1856  Num correct: 1294  Precision @ 1: 0.6972  AUC @ 1: 0.7298
Step 500: loss = 1.3545 (0.014 sec)
Training Data Eval:
  Num examples: 8960  Num correct: 7520  Precision @ 1: 0.8393  AUC @ 1: 0.9109
Validation Data Eval:
  Num examples: 960  Num correct: 758  Precision @ 1: 0.7896  AUC @ 1: 0.8501
Test Data Eval:
  Num examples: 1856  Num correct: 1308  Precision @ 1: 0.7047  AUC @ 1: 0.7330
Step 600: loss = 1.1647 (0.012 sec)
Training Data Eval:
  Num examples: 8960  Num correct: 7624  Precision @ 1: 0.8509  AUC @ 1: 0.9338
Validation Data Eval:
  Num examples: 960  Num correct: 752  Precision @ 1: 0.7833  AUC @ 1: 0.8575
Test Data Eval:
  Num examples: 1856  Num correct: 1331  Precision @ 1: 0.7171  AUC @ 1: 0.7522
Step 700: loss = 1.3031 (0.094 sec)
Training Data Eval:
  Num examples: 8960  Num correct: 7597  Precision @ 1: 0.8479  AUC @ 1: 0.9323
Validation Data Eval:
  Num examples: 960  Num correct: 760  Precision @ 1: 0.7917  AUC @ 1: 0.8585
Test Data Eval:
  Num examples: 1856  Num correct: 1330  Precision @ 1: 0.7166  AUC @ 1: 0.7626
Step 800: loss = 1.0798 (0.012 sec)
Training Data Eval:
  Num examples: 8960  Num correct: 7610  Precision @ 1: 0.8493  AUC @ 1: 0.9385
Validation Data Eval:
  Num examples: 960  Num correct: 755  Precision @ 1: 0.7865  AUC @ 1: 0.8534
Test Data Eval:
  Num examples: 1856  Num correct: 1320  Precision @ 1: 0.7112  AUC @ 1: 0.7402
Step 900: loss = 1.0578 (0.011 sec)
Training Data Eval:
  Num examples: 8960  Num correct: 7827  Precision @ 1: 0.8735  AUC @ 1: 0.9494
Validation Data Eval:
  Num examples: 960  Num correct: 746  Precision @ 1: 0.7771  AUC @ 1: 0.8589
Test Data Eval:
  Num examples: 1856  Num correct: 1344  Precision @ 1: 0.7241  AUC @ 1: 0.7431
Step 1000: loss = 0.9595 (0.012 sec)
Training Data Eval:
  Num examples: 8960  Num correct: 7978  Precision @ 1: 0.8904  AUC @ 1: 0.9616
Validation Data Eval:
  Num examples: 960  Num correct: 758  Precision @ 1: 0.7896  AUC @ 1: 0.8627
Test Data Eval:
  Num examples: 1856  Num correct: 1322  Precision @ 1: 0.7123  AUC @ 1: 0.7445
Step 1100: loss = 0.8946 (0.012 sec)
Training Data Eval:
  Num examples: 8960  Num correct: 7830  Precision @ 1: 0.8739  AUC @ 1: 0.9588
Validation Data Eval:
  Num examples: 960  Num correct: 748  Precision @ 1: 0.7792  AUC @ 1: 0.8586
Test Data Eval:
  Num examples: 1856  Num correct: 1345  Precision @ 1: 0.7247  AUC @ 1: 0.7556
Step 1200: loss = 0.9459 (0.011 sec)
Training Data Eval:
  Num examples: 8960  Num correct: 7914  Precision @ 1: 0.8833  AUC @ 1: 0.9601
Validation Data Eval:
  Num examples: 960  Num correct: 762  Precision @ 1: 0.7937  AUC @ 1: 0.8614
Test Data Eval:
  Num examples: 1856  Num correct: 1339  Precision @ 1: 0.7214  AUC @ 1: 0.7530
Step 1300: loss = 0.8117 (0.012 sec)
Training Data Eval:
  Num examples: 8960  Num correct: 8018  Precision @ 1: 0.8949  AUC @ 1: 0.9724
Validation Data Eval:
  Num examples: 960  Num correct: 761  Precision @ 1: 0.7927  AUC @ 1: 0.8537
Test Data Eval:
  Num examples: 1856  Num correct: 1341  Precision @ 1: 0.7225  AUC @ 1: 0.7507
Step 1400: loss = 0.8249 (0.098 sec)
Training Data Eval:
  Num examples: 8960  Num correct: 7987  Precision @ 1: 0.8914  AUC @ 1: 0.9711
Validation Data Eval:
  Num examples: 960  Num correct: 738  Precision @ 1: 0.7688  AUC @ 1: 0.8507
Test Data Eval:
  Num examples: 1856  Num correct: 1325  Precision @ 1: 0.7139  AUC @ 1: 0.7506
Step 1500: loss = 0.7251 (0.013 sec)
Training Data Eval:
  Num examples: 8960  Num correct: 8098  Precision @ 1: 0.9038  AUC @ 1: 0.9713
Validation Data Eval:
  Num examples: 960  Num correct: 754  Precision @ 1: 0.7854  AUC @ 1: 0.8623
Test Data Eval:
  Num examples: 1856  Num correct: 1319  Precision @ 1: 0.7107  AUC @ 1: 0.7396
Step 1600: loss = 0.7373 (0.012 sec)
Training Data Eval:
  Num examples: 8960  Num correct: 8234  Precision @ 1: 0.9190  AUC @ 1: 0.9819
Validation Data Eval:
  Num examples: 960  Num correct: 752  Precision @ 1: 0.7833  AUC @ 1: 0.8576
Test Data Eval:
  Num examples: 1856  Num correct: 1308  Precision @ 1: 0.7047  AUC @ 1: 0.7448
Step 1700: loss = 0.6184 (0.012 sec)
Training Data Eval:
  Num examples: 8960  Num correct: 8152  Precision @ 1: 0.9098  AUC @ 1: 0.9783
Validation Data Eval:
  Num examples: 960  Num correct: 747  Precision @ 1: 0.7781  AUC @ 1: 0.8516
Test Data Eval:
  Num examples: 1856  Num correct: 1342  Precision @ 1: 0.7231  AUC @ 1: 0.7582
Step 1800: loss = 0.6710 (0.012 sec)
Training Data Eval:
  Num examples: 8960  Num correct: 8175  Precision @ 1: 0.9124  AUC @ 1: 0.9773
Validation Data Eval:
  Num examples: 960  Num correct: 752  Precision @ 1: 0.7833  AUC @ 1: 0.8624
Test Data Eval:
  Num examples: 1856  Num correct: 1317  Precision @ 1: 0.7096  AUC @ 1: 0.7619
Step 1900: loss = 0.6108 (0.012 sec)
Training Data Eval:
  Num examples: 8960  Num correct: 8220  Precision @ 1: 0.9174  AUC @ 1: 0.9824
Validation Data Eval:
  Num examples: 960  Num correct: 743  Precision @ 1: 0.7740  AUC @ 1: 0.8531
Test Data Eval:
  Num examples: 1856  Num correct: 1332  Precision @ 1: 0.7177  AUC @ 1: 0.7575
Step 2000: loss = 0.6150 (0.012 sec)
Training Data Eval:
  Num examples: 8960  Num correct: 8430  Precision @ 1: 0.9408  AUC @ 1: 0.9876
Validation Data Eval:
  Num examples: 960  Num correct: 775  Precision @ 1: 0.8073  AUC @ 1: 0.8761
Test Data Eval:
  Num examples: 1856  Num correct: 1317  Precision @ 1: 0.7096  AUC @ 1: 0.7474
Step 2100: loss = 0.5996 (0.098 sec)
Training Data Eval:
  Num examples: 8960  Num correct: 8307  Precision @ 1: 0.9271  AUC @ 1: 0.9839
Validation Data Eval:
  Num examples: 960  Num correct: 759  Precision @ 1: 0.7906  AUC @ 1: 0.8625
Test Data Eval:
  Num examples: 1856  Num correct: 1331  Precision @ 1: 0.7171  AUC @ 1: 0.7654
Step 2200: loss = 0.5287 (0.012 sec)
Training Data Eval:
  Num examples: 8960  Num correct: 8375  Precision @ 1: 0.9347  AUC @ 1: 0.9853
Validation Data Eval:
  Num examples: 960  Num correct: 758  Precision @ 1: 0.7896  AUC @ 1: 0.8583
Test Data Eval:
  Num examples: 1856  Num correct: 1340  Precision @ 1: 0.7220  AUC @ 1: 0.7634
Step 2300: loss = 0.5708 (0.012 sec)
Training Data Eval:
  Num examples: 8960  Num correct: 8437  Precision @ 1: 0.9416  AUC @ 1: 0.9892
Validation Data Eval:
  Num examples: 960  Num correct: 762  Precision @ 1: 0.7937  AUC @ 1: 0.8609
Test Data Eval:
  Num examples: 1856  Num correct: 1328  Precision @ 1: 0.7155  AUC @ 1: 0.7601
Step 2400: loss = 0.4888 (0.013 sec)
Training Data Eval:
  Num examples: 8960  Num correct: 8391  Precision @ 1: 0.9365  AUC @ 1: 0.9881
Validation Data Eval:
  Num examples: 960  Num correct: 757  Precision @ 1: 0.7885  AUC @ 1: 0.8583
Test Data Eval:
  Num examples: 1856  Num correct: 1341  Precision @ 1: 0.7225  AUC @ 1: 0.7617
Step 2500: loss = 0.5094 (0.012 sec)
Training Data Eval:
  Num examples: 8960  Num correct: 8402  Precision @ 1: 0.9377  AUC @ 1: 0.9896
Validation Data Eval:
  Num examples: 960  Num correct: 759  Precision @ 1: 0.7906  AUC @ 1: 0.8627
Test Data Eval:
  Num examples: 1856  Num correct: 1310  Precision @ 1: 0.7058  AUC @ 1: 0.7470
Step 2600: loss = 0.5173 (0.011 sec)
Training Data Eval:
  Num examples: 8960  Num correct: 8433  Precision @ 1: 0.9412  AUC @ 1: 0.9903
Validation Data Eval:
  Num examples: 960  Num correct: 748  Precision @ 1: 0.7792  AUC @ 1: 0.8608
Test Data Eval:
  Num examples: 1856  Num correct: 1304  Precision @ 1: 0.7026  AUC @ 1: 0.7376
Step 2700: loss = 0.5393 (0.012 sec)
Training Data Eval:
  Num examples: 8960  Num correct: 8455  Precision @ 1: 0.9436  AUC @ 1: 0.9902
Validation Data Eval:
  Num examples: 960  Num correct: 755  Precision @ 1: 0.7865  AUC @ 1: 0.8604
Test Data Eval:
  Num examples: 1856  Num correct: 1325  Precision @ 1: 0.7139  AUC @ 1: 0.7532
Step 2800: loss = 0.4934 (0.094 sec)
Training Data Eval:
  Num examples: 8960  Num correct: 8362  Precision @ 1: 0.9333  AUC @ 1: 0.9867
Validation Data Eval:
  Num examples: 960  Num correct: 754  Precision @ 1: 0.7854  AUC @ 1: 0.8534
Test Data Eval:
  Num examples: 1856  Num correct: 1287  Precision @ 1: 0.6934  AUC @ 1: 0.7440
Step 2900: loss = 0.5117 (0.012 sec)
Training Data Eval:
  Num examples: 8960  Num correct: 8476  Precision @ 1: 0.9460  AUC @ 1: 0.9912
Validation Data Eval:
  Num examples: 960  Num correct: 760  Precision @ 1: 0.7917  AUC @ 1: 0.8623
Test Data Eval:
  Num examples: 1856  Num correct: 1328  Precision @ 1: 0.7155  AUC @ 1: 0.7496
Step 3000: loss = 0.5208 (0.012 sec)
Training Data Eval:
  Num examples: 8960  Num correct: 8520  Precision @ 1: 0.9509  AUC @ 1: 0.9931
Validation Data Eval:
  Num examples: 960  Num correct: 752  Precision @ 1: 0.7833  AUC @ 1: 0.8592
Test Data Eval:
  Num examples: 1856  Num correct: 1310  Precision @ 1: 0.7058  AUC @ 1: 0.7319
Step 3100: loss = 0.5037 (0.012 sec)
Training Data Eval:
  Num examples: 8960  Num correct: 8539  Precision @ 1: 0.9530  AUC @ 1: 0.9939
Validation Data Eval:
  Num examples: 960  Num correct: 755  Precision @ 1: 0.7865  AUC @ 1: 0.8629
Test Data Eval:
  Num examples: 1856  Num correct: 1313  Precision @ 1: 0.7074  AUC @ 1: 0.7449
Step 3200: loss = 0.3875 (0.012 sec)
Training Data Eval:
  Num examples: 8960  Num correct: 8562  Precision @ 1: 0.9556  AUC @ 1: 0.9935
Validation Data Eval:
  Num examples: 960  Num correct: 764  Precision @ 1: 0.7958  AUC @ 1: 0.8683
Test Data Eval:
  Num examples: 1856  Num correct: 1320  Precision @ 1: 0.7112  AUC @ 1: 0.7646
Step 3300: loss = 0.5514 (0.011 sec)
Training Data Eval:
  Num examples: 8960  Num correct: 8534  Precision @ 1: 0.9525  AUC @ 1: 0.9932
Validation Data Eval:
  Num examples: 960  Num correct: 745  Precision @ 1: 0.7760  AUC @ 1: 0.8509
Test Data Eval:
  Num examples: 1856  Num correct: 1299  Precision @ 1: 0.6999  AUC @ 1: 0.7273
Step 3400: loss = 0.4296 (0.012 sec)
Training Data Eval:
  Num examples: 8960  Num correct: 8401  Precision @ 1: 0.9376  AUC @ 1: 0.9885
Validation Data Eval:
  Num examples: 960  Num correct: 747  Precision @ 1: 0.7781  AUC @ 1: 0.8593
Test Data Eval:
  Num examples: 1856  Num correct: 1328  Precision @ 1: 0.7155  AUC @ 1: 0.7565
Step 3500: loss = 0.4375 (0.102 sec)
Training Data Eval:
  Num examples: 8960  Num correct: 8481  Precision @ 1: 0.9465  AUC @ 1: 0.9928
Validation Data Eval:
  Num examples: 960  Num correct: 759  Precision @ 1: 0.7906  AUC @ 1: 0.8589
Test Data Eval:
  Num examples: 1856  Num correct: 1324  Precision @ 1: 0.7134  AUC @ 1: 0.7401
Step 3600: loss = 0.4140 (0.012 sec)
Training Data Eval:
  Num examples: 8960  Num correct: 8472  Precision @ 1: 0.9455  AUC @ 1: 0.9900
Validation Data Eval:
  Num examples: 960  Num correct: 754  Precision @ 1: 0.7854  AUC @ 1: 0.8634
Test Data Eval:
  Num examples: 1856  Num correct: 1321  Precision @ 1: 0.7117  AUC @ 1: 0.7647
Step 3700: loss = 0.3549 (0.013 sec)
Training Data Eval:
  Num examples: 8960  Num correct: 8429  Precision @ 1: 0.9407  AUC @ 1: 0.9932
Validation Data Eval:
  Num examples: 960  Num correct: 750  Precision @ 1: 0.7812  AUC @ 1: 0.8541
Test Data Eval:
  Num examples: 1856  Num correct: 1323  Precision @ 1: 0.7128  AUC @ 1: 0.7459
Step 3800: loss = 0.4827 (0.012 sec)
Training Data Eval:
  Num examples: 8960  Num correct: 8464  Precision @ 1: 0.9446  AUC @ 1: 0.9907
Validation Data Eval:
  Num examples: 960  Num correct: 753  Precision @ 1: 0.7844  AUC @ 1: 0.8596
Test Data Eval:
  Num examples: 1856  Num correct: 1297  Precision @ 1: 0.6988  AUC @ 1: 0.7334
Step 3900: loss = 0.4004 (0.011 sec)
Training Data Eval:
  Num examples: 8960  Num correct: 8547  Precision @ 1: 0.9539  AUC @ 1: 0.9928
Validation Data Eval:
  Num examples: 960  Num correct: 753  Precision @ 1: 0.7844  AUC @ 1: 0.8609
Test Data Eval:
  Num examples: 1856  Num correct: 1332  Precision @ 1: 0.7177  AUC @ 1: 0.7595
Step 4000: loss = 0.2996 (0.012 sec)
Training Data Eval:
  Num examples: 8960  Num correct: 8529  Precision @ 1: 0.9519  AUC @ 1: 0.9930
Validation Data Eval:
  Num examples: 960  Num correct: 754  Precision @ 1: 0.7854  AUC @ 1: 0.8645
Test Data Eval:
  Num examples: 1856  Num correct: 1330  Precision @ 1: 0.7166  AUC @ 1: 0.7438
Step 4100: loss = 0.3369 (0.011 sec)
Training Data Eval:
  Num examples: 8960  Num correct: 8505  Precision @ 1: 0.9492  AUC @ 1: 0.9936
Validation Data Eval:
  Num examples: 960  Num correct: 760  Precision @ 1: 0.7917  AUC @ 1: 0.8613
Test Data Eval:
  Num examples: 1856  Num correct: 1330  Precision @ 1: 0.7166  AUC @ 1: 0.7667
Step 4200: loss = 0.3785 (0.093 sec)
Training Data Eval:
  Num examples: 8960  Num correct: 8521  Precision @ 1: 0.9510  AUC @ 1: 0.9938
Validation Data Eval:
  Num examples: 960  Num correct: 748  Precision @ 1: 0.7792  AUC @ 1: 0.8528
Test Data Eval:
  Num examples: 1856  Num correct: 1319  Precision @ 1: 0.7107  AUC @ 1: 0.7599
Step 4300: loss = 0.4259 (0.012 sec)
Training Data Eval:
  Num examples: 8960  Num correct: 8571  Precision @ 1: 0.9566  AUC @ 1: 0.9951
Validation Data Eval:
  Num examples: 960  Num correct: 741  Precision @ 1: 0.7719  AUC @ 1: 0.8529
Test Data Eval:
  Num examples: 1856  Num correct: 1328  Precision @ 1: 0.7155  AUC @ 1: 0.7628
Step 4400: loss = 0.3893 (0.012 sec)
Training Data Eval:
  Num examples: 8960  Num correct: 8586  Precision @ 1: 0.9583  AUC @ 1: 0.9943
Validation Data Eval:
  Num examples: 960  Num correct: 750  Precision @ 1: 0.7812  AUC @ 1: 0.8665
Test Data Eval:
  Num examples: 1856  Num correct: 1307  Precision @ 1: 0.7042  AUC @ 1: 0.7505
Step 4500: loss = 0.3416 (0.012 sec)
Training Data Eval:
  Num examples: 8960  Num correct: 8560  Precision @ 1: 0.9554  AUC @ 1: 0.9933
Validation Data Eval:
  Num examples: 960  Num correct: 753  Precision @ 1: 0.7844  AUC @ 1: 0.8597
Test Data Eval:
  Num examples: 1856  Num correct: 1330  Precision @ 1: 0.7166  AUC @ 1: 0.7511
Step 4600: loss = 0.4135 (0.013 sec)
Training Data Eval:
  Num examples: 8960  Num correct: 8619  Precision @ 1: 0.9619  AUC @ 1: 0.9956
Validation Data Eval:
  Num examples: 960  Num correct: 767  Precision @ 1: 0.7990  AUC @ 1: 0.8663
Test Data Eval:
  Num examples: 1856  Num correct: 1338  Precision @ 1: 0.7209  AUC @ 1: 0.7607
Step 4700: loss = 0.3752 (0.012 sec)
Training Data Eval:
  Num examples: 8960  Num correct: 8598  Precision @ 1: 0.9596  AUC @ 1: 0.9944
Validation Data Eval:
  Num examples: 960  Num correct: 773  Precision @ 1: 0.8052  AUC @ 1: 0.8633
Test Data Eval:
  Num examples: 1856  Num correct: 1337  Precision @ 1: 0.7204  AUC @ 1: 0.7440
Step 4800: loss = 0.3672 (0.012 sec)
Training Data Eval:
  Num examples: 8960  Num correct: 8599  Precision @ 1: 0.9597  AUC @ 1: 0.9958
Validation Data Eval:
  Num examples: 960  Num correct: 750  Precision @ 1: 0.7812  AUC @ 1: 0.8605
Test Data Eval:
  Num examples: 1856  Num correct: 1342  Precision @ 1: 0.7231  AUC @ 1: 0.7526
Step 4900: loss = 0.2875 (0.098 sec)
Training Data Eval:
  Num examples: 8960  Num correct: 8616  Precision @ 1: 0.9616  AUC @ 1: 0.9957
Validation Data Eval:
  Num examples: 960  Num correct: 763  Precision @ 1: 0.7948  AUC @ 1: 0.8645
Test Data Eval:
  Num examples: 1856  Num correct: 1327  Precision @ 1: 0.7150  AUC @ 1: 0.7557
Step 5000: loss = 0.3773 (0.012 sec)
Training Data Eval:
  Num examples: 8960  Num correct: 8670  Precision @ 1: 0.9676  AUC @ 1: 0.9965
Validation Data Eval:
  Num examples: 960  Num correct: 762  Precision @ 1: 0.7937  AUC @ 1: 0.8630
Test Data Eval:
  Num examples: 1856  Num correct: 1318  Precision @ 1: 0.7101  AUC @ 1: 0.7497
Step 5100: loss = 0.3401 (0.012 sec)
Training Data Eval:
  Num examples: 8960  Num correct: 8568  Precision @ 1: 0.9563  AUC @ 1: 0.9942
Validation Data Eval:
  Num examples: 960  Num correct: 755  Precision @ 1: 0.7865  AUC @ 1: 0.8574
Test Data Eval:
  Num examples: 1856  Num correct: 1307  Precision @ 1: 0.7042  AUC @ 1: 0.7433
Step 5200: loss = 0.3231 (0.012 sec)
Training Data Eval:
  Num examples: 8960  Num correct: 8589  Precision @ 1: 0.9586  AUC @ 1: 0.9954
Validation Data Eval:
  Num examples: 960  Num correct: 750  Precision @ 1: 0.7812  AUC @ 1: 0.8659
Test Data Eval:
  Num examples: 1856  Num correct: 1321  Precision @ 1: 0.7117  AUC @ 1: 0.7499
Step 5300: loss = 0.3769 (0.013 sec)
Training Data Eval:
  Num examples: 8960  Num correct: 8514  Precision @ 1: 0.9502  AUC @ 1: 0.9934
Validation Data Eval:
  Num examples: 960  Num correct: 753  Precision @ 1: 0.7844  AUC @ 1: 0.8578
Test Data Eval:
  Num examples: 1856  Num correct: 1328  Precision @ 1: 0.7155  AUC @ 1: 0.7633
Step 5400: loss = 0.2908 (0.012 sec)
Training Data Eval:
  Num examples: 8960  Num correct: 8601  Precision @ 1: 0.9599  AUC @ 1: 0.9953
Validation Data Eval:
  Num examples: 960  Num correct: 764  Precision @ 1: 0.7958  AUC @ 1: 0.8647
Test Data Eval:
  Num examples: 1856  Num correct: 1339  Precision @ 1: 0.7214  AUC @ 1: 0.7653
Step 5500: loss = 0.3636 (0.012 sec)
Training Data Eval:
  Num examples: 8960  Num correct: 8581  Precision @ 1: 0.9577  AUC @ 1: 0.9959
Validation Data Eval:
  Num examples: 960  Num correct: 759  Precision @ 1: 0.7906  AUC @ 1: 0.8564
Test Data Eval:
  Num examples: 1856  Num correct: 1332  Precision @ 1: 0.7177  AUC @ 1: 0.7515
Step 5600: loss = 0.3150 (0.094 sec)
Training Data Eval:
  Num examples: 8960  Num correct: 8550  Precision @ 1: 0.9542  AUC @ 1: 0.9935
Validation Data Eval:
  Num examples: 960  Num correct: 750  Precision @ 1: 0.7812  AUC @ 1: 0.8551
Test Data Eval:
  Num examples: 1856  Num correct: 1300  Precision @ 1: 0.7004  AUC @ 1: 0.7372
Step 5700: loss = 0.3858 (0.012 sec)
Training Data Eval:
  Num examples: 8960  Num correct: 8605  Precision @ 1: 0.9604  AUC @ 1: 0.9955
Validation Data Eval:
  Num examples: 960  Num correct: 755  Precision @ 1: 0.7865  AUC @ 1: 0.8609
Test Data Eval:
  Num examples: 1856  Num correct: 1346  Precision @ 1: 0.7252  AUC @ 1: 0.7622
Step 5800: loss = 0.3423 (0.016 sec)
Training Data Eval:
  Num examples: 8960  Num correct: 8593  Precision @ 1: 0.9590  AUC @ 1: 0.9950
Validation Data Eval:
  Num examples: 960  Num correct: 761  Precision @ 1: 0.7927  AUC @ 1: 0.8599
Test Data Eval:
  Num examples: 1856  Num correct: 1338  Precision @ 1: 0.7209  AUC @ 1: 0.7706
Step 5900: loss = 0.4188 (0.012 sec)
Training Data Eval:
  Num examples: 8960  Num correct: 8570  Precision @ 1: 0.9565  AUC @ 1: 0.9945
Validation Data Eval:
  Num examples: 960  Num correct: 751  Precision @ 1: 0.7823  AUC @ 1: 0.8551
Test Data Eval:
  Num examples: 1856  Num correct: 1341  Precision @ 1: 0.7225  AUC @ 1: 0.7758
Step 6000: loss = 0.4383 (0.012 sec)
Training Data Eval:
  Num examples: 8960  Num correct: 8561  Precision @ 1: 0.9555  AUC @ 1: 0.9957
Validation Data Eval:
  Num examples: 960  Num correct: 758  Precision @ 1: 0.7896  AUC @ 1: 0.8575
Test Data Eval:
  Num examples: 1856  Num correct: 1351  Precision @ 1: 0.7279  AUC @ 1: 0.7589
Step 6100: loss = 0.3773 (0.012 sec)
Training Data Eval:
  Num examples: 8960  Num correct: 8638  Precision @ 1: 0.9641  AUC @ 1: 0.9968
Validation Data Eval:
  Num examples: 960  Num correct: 764  Precision @ 1: 0.7958  AUC @ 1: 0.8627
Test Data Eval:
  Num examples: 1856  Num correct: 1314  Precision @ 1: 0.7080  AUC @ 1: 0.7450
Step 6200: loss = 0.3325 (0.011 sec)
Training Data Eval:
  Num examples: 8960  Num correct: 8650  Precision @ 1: 0.9654  AUC @ 1: 0.9954
Validation Data Eval:
  Num examples: 960  Num correct: 758  Precision @ 1: 0.7896  AUC @ 1: 0.8631
Test Data Eval:
  Num examples: 1856  Num correct: 1322  Precision @ 1: 0.7123  AUC @ 1: 0.7435
Step 6300: loss = 0.4665 (0.094 sec)
Training Data Eval:
  Num examples: 8960  Num correct: 8660  Precision @ 1: 0.9665  AUC @ 1: 0.9964
Validation Data Eval:
  Num examples: 960  Num correct: 771  Precision @ 1: 0.8031  AUC @ 1: 0.8646
Test Data Eval:
  Num examples: 1856  Num correct: 1330  Precision @ 1: 0.7166  AUC @ 1: 0.7502
Step 6400: loss = 0.3520 (0.012 sec)
Training Data Eval:
  Num examples: 8960  Num correct: 8604  Precision @ 1: 0.9603  AUC @ 1: 0.9961
Validation Data Eval:
  Num examples: 960  Num correct: 764  Precision @ 1: 0.7958  AUC @ 1: 0.8629
Test Data Eval:
  Num examples: 1856  Num correct: 1326  Precision @ 1: 0.7144  AUC @ 1: 0.7450
Step 6500: loss = 0.4232 (0.012 sec)
Training Data Eval:
  Num examples: 8960  Num correct: 8645  Precision @ 1: 0.9648  AUC @ 1: 0.9965
Validation Data Eval:
  Num examples: 960  Num correct: 760  Precision @ 1: 0.7917  AUC @ 1: 0.8666
Test Data Eval:
  Num examples: 1856  Num correct: 1336  Precision @ 1: 0.7198  AUC @ 1: 0.7629
Step 6600: loss = 0.2866 (0.012 sec)
Training Data Eval:
  Num examples: 8960  Num correct: 8561  Precision @ 1: 0.9555  AUC @ 1: 0.9951
Validation Data Eval:
  Num examples: 960  Num correct: 742  Precision @ 1: 0.7729  AUC @ 1: 0.8566
Test Data Eval:
  Num examples: 1856  Num correct: 1296  Precision @ 1: 0.6983  AUC @ 1: 0.7416
Step 6700: loss = 0.4919 (0.012 sec)
Training Data Eval:
  Num examples: 8960  Num correct: 8597  Precision @ 1: 0.9595  AUC @ 1: 0.9959
Validation Data Eval:
  Num examples: 960  Num correct: 760  Precision @ 1: 0.7917  AUC @ 1: 0.8549
Test Data Eval:
  Num examples: 1856  Num correct: 1325  Precision @ 1: 0.7139  AUC @ 1: 0.7536
Step 6800: loss = 0.4008 (0.012 sec)
Training Data Eval:
  Num examples: 8960  Num correct: 8546  Precision @ 1: 0.9538  AUC @ 1: 0.9927
Validation Data Eval:
  Num examples: 960  Num correct: 747  Precision @ 1: 0.7781  AUC @ 1: 0.8604
Test Data Eval:
  Num examples: 1856  Num correct: 1324  Precision @ 1: 0.7134  AUC @ 1: 0.7673
Step 6900: loss = 0.4221 (0.011 sec)
Training Data Eval:
  Num examples: 8960  Num correct: 8643  Precision @ 1: 0.9646  AUC @ 1: 0.9958
Validation Data Eval:
  Num examples: 960  Num correct: 779  Precision @ 1: 0.8115  AUC @ 1: 0.8661
Test Data Eval:
  Num examples: 1856  Num correct: 1328  Precision @ 1: 0.7155  AUC @ 1: 0.7645
Step 7000: loss = 0.3381 (0.098 sec)
Training Data Eval:
  Num examples: 8960  Num correct: 8580  Precision @ 1: 0.9576  AUC @ 1: 0.9946
Validation Data Eval:
  Num examples: 960  Num correct: 749  Precision @ 1: 0.7802  AUC @ 1: 0.8544
Test Data Eval:
  Num examples: 1856  Num correct: 1325  Precision @ 1: 0.7139  AUC @ 1: 0.7627
Step 7100: loss = 0.3201 (0.012 sec)
Training Data Eval:
  Num examples: 8960  Num correct: 8628  Precision @ 1: 0.9629  AUC @ 1: 0.9960
Validation Data Eval:
  Num examples: 960  Num correct: 758  Precision @ 1: 0.7896  AUC @ 1: 0.8606
Test Data Eval:
  Num examples: 1856  Num correct: 1310  Precision @ 1: 0.7058  AUC @ 1: 0.7517
Step 7200: loss = 0.3201 (0.012 sec)
Training Data Eval:
  Num examples: 8960  Num correct: 8592  Precision @ 1: 0.9589  AUC @ 1: 0.9954
Validation Data Eval:
  Num examples: 960  Num correct: 764  Precision @ 1: 0.7958  AUC @ 1: 0.8679
Test Data Eval:
  Num examples: 1856  Num correct: 1327  Precision @ 1: 0.7150  AUC @ 1: 0.7587
Step 7300: loss = 0.4844 (0.012 sec)
Training Data Eval:
  Num examples: 8960  Num correct: 8599  Precision @ 1: 0.9597  AUC @ 1: 0.9957
Validation Data Eval:
  Num examples: 960  Num correct: 756  Precision @ 1: 0.7875  AUC @ 1: 0.8567
Test Data Eval:
  Num examples: 1856  Num correct: 1315  Precision @ 1: 0.7085  AUC @ 1: 0.7556
Step 7400: loss = 0.3011 (0.012 sec)
Training Data Eval:
  Num examples: 8960  Num correct: 8608  Precision @ 1: 0.9607  AUC @ 1: 0.9959
Validation Data Eval:
  Num examples: 960  Num correct: 754  Precision @ 1: 0.7854  AUC @ 1: 0.8588
Test Data Eval:
  Num examples: 1856  Num correct: 1315  Precision @ 1: 0.7085  AUC @ 1: 0.7552
Step 7500: loss = 0.3224 (0.011 sec)
Training Data Eval:
  Num examples: 8960  Num correct: 8630  Precision @ 1: 0.9632  AUC @ 1: 0.9965
Validation Data Eval:
  Num examples: 960  Num correct: 758  Precision @ 1: 0.7896  AUC @ 1: 0.8617
Test Data Eval:
  Num examples: 1856  Num correct: 1332  Precision @ 1: 0.7177  AUC @ 1: 0.7583
Step 7600: loss = 0.3276 (0.012 sec)
Training Data Eval:
  Num examples: 8960  Num correct: 8688  Precision @ 1: 0.9696  AUC @ 1: 0.9975
Validation Data Eval:
  Num examples: 960  Num correct: 753  Precision @ 1: 0.7844  AUC @ 1: 0.8634
Test Data Eval:
  Num examples: 1856  Num correct: 1326  Precision @ 1: 0.7144  AUC @ 1: 0.7497
Step 7700: loss = 0.3577 (0.100 sec)
Training Data Eval:
  Num examples: 8960  Num correct: 8600  Precision @ 1: 0.9598  AUC @ 1: 0.9962
Validation Data Eval:
  Num examples: 960  Num correct: 753  Precision @ 1: 0.7844  AUC @ 1: 0.8623
Test Data Eval:
  Num examples: 1856  Num correct: 1309  Precision @ 1: 0.7053  AUC @ 1: 0.7572
Step 7800: loss = 0.3645 (0.012 sec)
Training Data Eval:
  Num examples: 8960  Num correct: 8616  Precision @ 1: 0.9616  AUC @ 1: 0.9947
Validation Data Eval:
  Num examples: 960  Num correct: 765  Precision @ 1: 0.7969  AUC @ 1: 0.8644
Test Data Eval:
  Num examples: 1856  Num correct: 1358  Precision @ 1: 0.7317  AUC @ 1: 0.7679
Step 7900: loss = 0.2906 (0.012 sec)
Training Data Eval:
  Num examples: 8960  Num correct: 8624  Precision @ 1: 0.9625  AUC @ 1: 0.9962
Validation Data Eval:
  Num examples: 960  Num correct: 771  Precision @ 1: 0.8031  AUC @ 1: 0.8665
Test Data Eval:
  Num examples: 1856  Num correct: 1349  Precision @ 1: 0.7268  AUC @ 1: 0.7780
Step 8000: loss = 0.2969 (0.012 sec)
Training Data Eval:
  Num examples: 8960  Num correct: 8621  Precision @ 1: 0.9622  AUC @ 1: 0.9964
Validation Data Eval:
  Num examples: 960  Num correct: 755  Precision @ 1: 0.7865  AUC @ 1: 0.8615
Test Data Eval:
  Num examples: 1856  Num correct: 1354  Precision @ 1: 0.7295  AUC @ 1: 0.7655
Step 8100: loss = 0.3804 (0.012 sec)
Training Data Eval:
  Num examples: 8960  Num correct: 8618  Precision @ 1: 0.9618  AUC @ 1: 0.9961
Validation Data Eval:
  Num examples: 960  Num correct: 752  Precision @ 1: 0.7833  AUC @ 1: 0.8550
Test Data Eval:
  Num examples: 1856  Num correct: 1331  Precision @ 1: 0.7171  AUC @ 1: 0.7638
Step 8200: loss = 0.3951 (0.012 sec)
Training Data Eval:
  Num examples: 8960  Num correct: 8618  Precision @ 1: 0.9618  AUC @ 1: 0.9947
Validation Data Eval:
  Num examples: 960  Num correct: 741  Precision @ 1: 0.7719  AUC @ 1: 0.8535
Test Data Eval:
  Num examples: 1856  Num correct: 1319  Precision @ 1: 0.7107  AUC @ 1: 0.7630
Step 8300: loss = 0.4301 (0.011 sec)
Training Data Eval:
  Num examples: 8960  Num correct: 8636  Precision @ 1: 0.9638  AUC @ 1: 0.9963
Validation Data Eval:
  Num examples: 960  Num correct: 759  Precision @ 1: 0.7906  AUC @ 1: 0.8623
Test Data Eval:
  Num examples: 1856  Num correct: 1367  Precision @ 1: 0.7365  AUC @ 1: 0.7767
Step 8400: loss = 0.3134 (0.102 sec)
Training Data Eval:
  Num examples: 8960  Num correct: 8622  Precision @ 1: 0.9623  AUC @ 1: 0.9957
Validation Data Eval:
  Num examples: 960  Num correct: 752  Precision @ 1: 0.7833  AUC @ 1: 0.8565
Test Data Eval:
  Num examples: 1856  Num correct: 1341  Precision @ 1: 0.7225  AUC @ 1: 0.7666
Step 8500: loss = 0.3528 (0.012 sec)
Training Data Eval:
  Num examples: 8960  Num correct: 8707  Precision @ 1: 0.9718  AUC @ 1: 0.9970
Validation Data Eval:
  Num examples: 960  Num correct: 759  Precision @ 1: 0.7906  AUC @ 1: 0.8621
Test Data Eval:
  Num examples: 1856  Num correct: 1352  Precision @ 1: 0.7284  AUC @ 1: 0.7734
Step 8600: loss = 0.3113 (0.012 sec)
Training Data Eval:
  Num examples: 8960  Num correct: 8705  Precision @ 1: 0.9715  AUC @ 1: 0.9971
Validation Data Eval:
  Num examples: 960  Num correct: 768  Precision @ 1: 0.8000  AUC @ 1: 0.8657
Test Data Eval:
  Num examples: 1856  Num correct: 1344  Precision @ 1: 0.7241  AUC @ 1: 0.7709
Step 8700: loss = 0.2955 (0.013 sec)
Training Data Eval:
  Num examples: 8960  Num correct: 8670  Precision @ 1: 0.9676  AUC @ 1: 0.9961
Validation Data Eval:
  Num examples: 960  Num correct: 761  Precision @ 1: 0.7927  AUC @ 1: 0.8689
Test Data Eval:
  Num examples: 1856  Num correct: 1337  Precision @ 1: 0.7204  AUC @ 1: 0.7623
Step 8800: loss = 0.3178 (0.012 sec)
Training Data Eval:
  Num examples: 8960  Num correct: 8592  Precision @ 1: 0.9589  AUC @ 1: 0.9952
Validation Data Eval:
  Num examples: 960  Num correct: 764  Precision @ 1: 0.7958  AUC @ 1: 0.8710
Test Data Eval:
  Num examples: 1856  Num correct: 1329  Precision @ 1: 0.7161  AUC @ 1: 0.7651
Step 8900: loss = 0.2651 (0.013 sec)
Training Data Eval:
  Num examples: 8960  Num correct: 8629  Precision @ 1: 0.9631  AUC @ 1: 0.9959
Validation Data Eval:
  Num examples: 960  Num correct: 772  Precision @ 1: 0.8042  AUC @ 1: 0.8706
Test Data Eval:
  Num examples: 1856  Num correct: 1319  Precision @ 1: 0.7107  AUC @ 1: 0.7549
Step 9000: loss = 0.3350 (0.012 sec)
Training Data Eval:
  Num examples: 8960  Num correct: 8585  Precision @ 1: 0.9581  AUC @ 1: 0.9949
Validation Data Eval:
  Num examples: 960  Num correct: 752  Precision @ 1: 0.7833  AUC @ 1: 0.8671
Test Data Eval:
  Num examples: 1856  Num correct: 1323  Precision @ 1: 0.7128  AUC @ 1: 0.7530
Step 9100: loss = 0.3024 (0.100 sec)
Training Data Eval:
  Num examples: 8960  Num correct: 8665  Precision @ 1: 0.9671  AUC @ 1: 0.9964
Validation Data Eval:
  Num examples: 960  Num correct: 756  Precision @ 1: 0.7875  AUC @ 1: 0.8668
Test Data Eval:
  Num examples: 1856  Num correct: 1349  Precision @ 1: 0.7268  AUC @ 1: 0.7714
Step 9200: loss = 0.3650 (0.012 sec)
Training Data Eval:
  Num examples: 8960  Num correct: 8658  Precision @ 1: 0.9663  AUC @ 1: 0.9967
Validation Data Eval:
  Num examples: 960  Num correct: 773  Precision @ 1: 0.8052  AUC @ 1: 0.8687
Test Data Eval:
  Num examples: 1856  Num correct: 1326  Precision @ 1: 0.7144  AUC @ 1: 0.7601
Step 9300: loss = 0.3570 (0.012 sec)
Training Data Eval:
  Num examples: 8960  Num correct: 8616  Precision @ 1: 0.9616  AUC @ 1: 0.9960
Validation Data Eval:
  Num examples: 960  Num correct: 760  Precision @ 1: 0.7917  AUC @ 1: 0.8577
Test Data Eval:
  Num examples: 1856  Num correct: 1328  Precision @ 1: 0.7155  AUC @ 1: 0.7645
Step 9400: loss = 0.2904 (0.012 sec)
Training Data Eval:
  Num examples: 8960  Num correct: 8666  Precision @ 1: 0.9672  AUC @ 1: 0.9965
Validation Data Eval:
  Num examples: 960  Num correct: 756  Precision @ 1: 0.7875  AUC @ 1: 0.8577
Test Data Eval:
  Num examples: 1856  Num correct: 1307  Precision @ 1: 0.7042  AUC @ 1: 0.7683
Step 9500: loss = 0.3082 (0.012 sec)
Training Data Eval:
  Num examples: 8960  Num correct: 8648  Precision @ 1: 0.9652  AUC @ 1: 0.9958
Validation Data Eval:
  Num examples: 960  Num correct: 775  Precision @ 1: 0.8073  AUC @ 1: 0.8724
Test Data Eval:
  Num examples: 1856  Num correct: 1344  Precision @ 1: 0.7241  AUC @ 1: 0.7610
Step 9600: loss = 0.2596 (0.011 sec)
Training Data Eval:
  Num examples: 8960  Num correct: 8643  Precision @ 1: 0.9646  AUC @ 1: 0.9962
Validation Data Eval:
  Num examples: 960  Num correct: 760  Precision @ 1: 0.7917  AUC @ 1: 0.8611
Test Data Eval:
  Num examples: 1856  Num correct: 1363  Precision @ 1: 0.7344  AUC @ 1: 0.7733
Step 9700: loss = 0.3671 (0.012 sec)
Training Data Eval:
  Num examples: 8960  Num correct: 8695  Precision @ 1: 0.9704  AUC @ 1: 0.9974
Validation Data Eval:
  Num examples: 960  Num correct: 773  Precision @ 1: 0.8052  AUC @ 1: 0.8637
Test Data Eval:
  Num examples: 1856  Num correct: 1331  Precision @ 1: 0.7171  AUC @ 1: 0.7624
Step 9800: loss = 0.4040 (0.093 sec)
Training Data Eval:
  Num examples: 8960  Num correct: 8646  Precision @ 1: 0.9650  AUC @ 1: 0.9959
Validation Data Eval:
  Num examples: 960  Num correct: 755  Precision @ 1: 0.7865  AUC @ 1: 0.8628
Test Data Eval:
  Num examples: 1856  Num correct: 1311  Precision @ 1: 0.7064  AUC @ 1: 0.7620
Step 9900: loss = 0.3184 (0.012 sec)
Training Data Eval:
  Num examples: 8960  Num correct: 8620  Precision @ 1: 0.9621  AUC @ 1: 0.9949
Validation Data Eval:
  Num examples: 960  Num correct: 762  Precision @ 1: 0.7937  AUC @ 1: 0.8644
Test Data Eval:
  Num examples: 1856  Num correct: 1328  Precision @ 1: 0.7155  AUC @ 1: 0.7680
