Training data shape: 	(3825, 64, 30, 1)
Training label shape:	(3825,)
Testing data shape:  	(510, 64, 30, 1)
Testing label shape: 	(510,)
max input value is: 72.5247
min input value is: -75.9911
random permuted training data
==============================================================================
Model: 			inference_global_s_cnn
Tensor Name: 	Placeholder:0
[128, 64, 30, 1]
==============================================================================
Tensor Name: conv1/conv1:0
[128, 1, 30, 8]
==============================================================================
Tensor Name: MaxPool:0
[128, 1, 15, 8]
==============================================================================
Tensor Name: local1/local1:0
[128, 128]
==============================================================================
Tensor Name: local2/local2:0
[128, 128]
==============================================================================
Tensor Name: softmax_linear/softmax_linear:0
[128, 2]
Step 0: loss = 0.7729 (0.034 sec)
Training Data Eval:
  Num examples: 3456  Num correct: 1930  Precision @ 1: 0.5584  AUC @ 1: 0.6765
Validation Data Eval:
  Num examples: 256  Num correct: 147  Precision @ 1: 0.5742  AUC @ 1: 0.7166
Test Data Eval:
  Num examples: 384  Num correct: 162  Precision @ 1: 0.4219  AUC @ 1: 0.7790
Step 200: loss = 0.7638 (0.010 sec)
Training Data Eval:
  Num examples: 3456  Num correct: 1918  Precision @ 1: 0.5550  AUC @ 1: 0.6702
Validation Data Eval:
  Num examples: 256  Num correct: 147  Precision @ 1: 0.5742  AUC @ 1: 0.7123
Test Data Eval:
  Num examples: 384  Num correct: 219  Precision @ 1: 0.5703  AUC @ 1: 0.7107
Step 400: loss = 0.7008 (0.010 sec)
Training Data Eval:
  Num examples: 3456  Num correct: 2021  Precision @ 1: 0.5848  AUC @ 1: 0.6776
Validation Data Eval:
  Num examples: 256  Num correct: 154  Precision @ 1: 0.6016  AUC @ 1: 0.7146
Test Data Eval:
  Num examples: 384  Num correct: 231  Precision @ 1: 0.6016  AUC @ 1: 0.7343
Step 600: loss = 0.7187 (0.010 sec)
Training Data Eval:
  Num examples: 3456  Num correct: 2147  Precision @ 1: 0.6212  AUC @ 1: 0.6875
Validation Data Eval:
  Num examples: 256  Num correct: 161  Precision @ 1: 0.6289  AUC @ 1: 0.7255
Test Data Eval:
  Num examples: 384  Num correct: 253  Precision @ 1: 0.6589  AUC @ 1: 0.7435
Step 800: loss = 0.7116 (0.009 sec)
Training Data Eval:
  Num examples: 3456  Num correct: 2240  Precision @ 1: 0.6481  AUC @ 1: 0.7082
Validation Data Eval:
  Num examples: 256  Num correct: 176  Precision @ 1: 0.6875  AUC @ 1: 0.7430
Test Data Eval:
  Num examples: 384  Num correct: 258  Precision @ 1: 0.6719  AUC @ 1: 0.7506
Step 1000: loss = 0.7245 (0.009 sec)
Training Data Eval:
  Num examples: 3456  Num correct: 2285  Precision @ 1: 0.6612  AUC @ 1: 0.7240
Validation Data Eval:
  Num examples: 256  Num correct: 177  Precision @ 1: 0.6914  AUC @ 1: 0.7613
Test Data Eval:
  Num examples: 384  Num correct: 261  Precision @ 1: 0.6797  AUC @ 1: 0.7515
Step 1200: loss = 0.6717 (0.010 sec)
Training Data Eval:
  Num examples: 3456  Num correct: 2321  Precision @ 1: 0.6716  AUC @ 1: 0.7368
Validation Data Eval:
  Num examples: 256  Num correct: 180  Precision @ 1: 0.7031  AUC @ 1: 0.7781
Test Data Eval:
  Num examples: 384  Num correct: 250  Precision @ 1: 0.6510  AUC @ 1: 0.7379
Step 1400: loss = 0.6917 (0.009 sec)
Training Data Eval:
  Num examples: 3456  Num correct: 2394  Precision @ 1: 0.6927  AUC @ 1: 0.7582
Validation Data Eval:
  Num examples: 256  Num correct: 182  Precision @ 1: 0.7109  AUC @ 1: 0.7856
Test Data Eval:
  Num examples: 384  Num correct: 263  Precision @ 1: 0.6849  AUC @ 1: 0.7692
Step 1600: loss = 0.6217 (0.010 sec)
Training Data Eval:
  Num examples: 3456  Num correct: 2412  Precision @ 1: 0.6979  AUC @ 1: 0.7619
Validation Data Eval:
  Num examples: 256  Num correct: 186  Precision @ 1: 0.7266  AUC @ 1: 0.7906
Test Data Eval:
  Num examples: 384  Num correct: 248  Precision @ 1: 0.6458  AUC @ 1: 0.7344
Step 1800: loss = 0.6494 (0.009 sec)
Training Data Eval:
  Num examples: 3456  Num correct: 2425  Precision @ 1: 0.7017  AUC @ 1: 0.7713
Validation Data Eval:
  Num examples: 256  Num correct: 187  Precision @ 1: 0.7305  AUC @ 1: 0.7925
Test Data Eval:
  Num examples: 384  Num correct: 263  Precision @ 1: 0.6849  AUC @ 1: 0.7626
Step 2000: loss = 0.6343 (0.010 sec)
Training Data Eval:
  Num examples: 3456  Num correct: 2435  Precision @ 1: 0.7046  AUC @ 1: 0.7673
Validation Data Eval:
  Num examples: 256  Num correct: 191  Precision @ 1: 0.7461  AUC @ 1: 0.7985
Test Data Eval:
  Num examples: 384  Num correct: 255  Precision @ 1: 0.6641  AUC @ 1: 0.7311
Step 2200: loss = 0.6577 (0.010 sec)
Training Data Eval:
  Num examples: 3456  Num correct: 2455  Precision @ 1: 0.7104  AUC @ 1: 0.7741
Validation Data Eval:
  Num examples: 256  Num correct: 190  Precision @ 1: 0.7422  AUC @ 1: 0.8053
Test Data Eval:
  Num examples: 384  Num correct: 253  Precision @ 1: 0.6589  AUC @ 1: 0.7400
Step 2400: loss = 0.5777 (0.010 sec)
Training Data Eval:
  Num examples: 3456  Num correct: 2475  Precision @ 1: 0.7161  AUC @ 1: 0.7855
Validation Data Eval:
  Num examples: 256  Num correct: 186  Precision @ 1: 0.7266  AUC @ 1: 0.8015
Test Data Eval:
  Num examples: 384  Num correct: 249  Precision @ 1: 0.6484  AUC @ 1: 0.7464
Step 2600: loss = 0.6050 (0.010 sec)
Training Data Eval:
  Num examples: 3456  Num correct: 2461  Precision @ 1: 0.7121  AUC @ 1: 0.7884
Validation Data Eval:
  Num examples: 256  Num correct: 186  Precision @ 1: 0.7266  AUC @ 1: 0.8034
Test Data Eval:
  Num examples: 384  Num correct: 258  Precision @ 1: 0.6719  AUC @ 1: 0.7486
Step 2800: loss = 0.6053 (0.010 sec)
Training Data Eval:
  Num examples: 3456  Num correct: 2470  Precision @ 1: 0.7147  AUC @ 1: 0.7892
Validation Data Eval:
  Num examples: 256  Num correct: 195  Precision @ 1: 0.7617  AUC @ 1: 0.8113
Test Data Eval:
  Num examples: 384  Num correct: 261  Precision @ 1: 0.6797  AUC @ 1: 0.7489
Step 3000: loss = 0.5536 (0.009 sec)
Training Data Eval:
  Num examples: 3456  Num correct: 2562  Precision @ 1: 0.7413  AUC @ 1: 0.8116
Validation Data Eval:
  Num examples: 256  Num correct: 193  Precision @ 1: 0.7539  AUC @ 1: 0.8087
Test Data Eval:
  Num examples: 384  Num correct: 263  Precision @ 1: 0.6849  AUC @ 1: 0.7476
Step 3200: loss = 0.6293 (0.010 sec)
Training Data Eval:
  Num examples: 3456  Num correct: 2521  Precision @ 1: 0.7295  AUC @ 1: 0.8075
Validation Data Eval:
  Num examples: 256  Num correct: 192  Precision @ 1: 0.7500  AUC @ 1: 0.8129
Test Data Eval:
  Num examples: 384  Num correct: 266  Precision @ 1: 0.6927  AUC @ 1: 0.7559
Step 3400: loss = 0.5456 (0.009 sec)
Training Data Eval:
  Num examples: 3456  Num correct: 2565  Precision @ 1: 0.7422  AUC @ 1: 0.8179
Validation Data Eval:
  Num examples: 256  Num correct: 197  Precision @ 1: 0.7695  AUC @ 1: 0.8158
Test Data Eval:
  Num examples: 384  Num correct: 260  Precision @ 1: 0.6771  AUC @ 1: 0.7413
Step 3600: loss = 0.5768 (0.009 sec)
Training Data Eval:
  Num examples: 3456  Num correct: 2548  Precision @ 1: 0.7373  AUC @ 1: 0.8108
Validation Data Eval:
  Num examples: 256  Num correct: 196  Precision @ 1: 0.7656  AUC @ 1: 0.8150
Test Data Eval:
  Num examples: 384  Num correct: 262  Precision @ 1: 0.6823  AUC @ 1: 0.7541
Step 3800: loss = 0.5773 (0.010 sec)
Training Data Eval:
  Num examples: 3456  Num correct: 2613  Precision @ 1: 0.7561  AUC @ 1: 0.8335
Validation Data Eval:
  Num examples: 256  Num correct: 190  Precision @ 1: 0.7422  AUC @ 1: 0.8133
Test Data Eval:
  Num examples: 384  Num correct: 267  Precision @ 1: 0.6953  AUC @ 1: 0.7597
Step 4000: loss = 0.5623 (0.009 sec)
Training Data Eval:
  Num examples: 3456  Num correct: 2610  Precision @ 1: 0.7552  AUC @ 1: 0.8296
Validation Data Eval:
  Num examples: 256  Num correct: 192  Precision @ 1: 0.7500  AUC @ 1: 0.8139
Test Data Eval:
  Num examples: 384  Num correct: 268  Precision @ 1: 0.6979  AUC @ 1: 0.7646
Step 4200: loss = 0.4957 (0.009 sec)
Training Data Eval:
  Num examples: 3456  Num correct: 2540  Precision @ 1: 0.7350  AUC @ 1: 0.8327
Validation Data Eval:
  Num examples: 256  Num correct: 181  Precision @ 1: 0.7070  AUC @ 1: 0.7982
Test Data Eval:
  Num examples: 384  Num correct: 252  Precision @ 1: 0.6562  AUC @ 1: 0.7210
Step 4400: loss = 0.4981 (0.009 sec)
Training Data Eval:
  Num examples: 3456  Num correct: 2642  Precision @ 1: 0.7645  AUC @ 1: 0.8407
Validation Data Eval:
  Num examples: 256  Num correct: 195  Precision @ 1: 0.7617  AUC @ 1: 0.8146
Test Data Eval:
  Num examples: 384  Num correct: 268  Precision @ 1: 0.6979  AUC @ 1: 0.7805
Step 4600: loss = 0.5045 (0.010 sec)
Training Data Eval:
  Num examples: 3456  Num correct: 2649  Precision @ 1: 0.7665  AUC @ 1: 0.8439
Validation Data Eval:
  Num examples: 256  Num correct: 187  Precision @ 1: 0.7305  AUC @ 1: 0.8111
Test Data Eval:
  Num examples: 384  Num correct: 264  Precision @ 1: 0.6875  AUC @ 1: 0.7653
Step 4800: loss = 0.5416 (0.009 sec)
Training Data Eval:
  Num examples: 3456  Num correct: 2661  Precision @ 1: 0.7700  AUC @ 1: 0.8518
Validation Data Eval:
  Num examples: 256  Num correct: 188  Precision @ 1: 0.7344  AUC @ 1: 0.8092
Test Data Eval:
  Num examples: 384  Num correct: 262  Precision @ 1: 0.6823  AUC @ 1: 0.7559
Step 5000: loss = 0.6020 (0.010 sec)
Training Data Eval:
  Num examples: 3456  Num correct: 2687  Precision @ 1: 0.7775  AUC @ 1: 0.8584
Validation Data Eval:
  Num examples: 256  Num correct: 186  Precision @ 1: 0.7266  AUC @ 1: 0.8072
Test Data Eval:
  Num examples: 384  Num correct: 257  Precision @ 1: 0.6693  AUC @ 1: 0.7482
Step 5200: loss = 0.5570 (0.009 sec)
Training Data Eval:
  Num examples: 3456  Num correct: 2705  Precision @ 1: 0.7827  AUC @ 1: 0.8611
Validation Data Eval:
  Num examples: 256  Num correct: 188  Precision @ 1: 0.7344  AUC @ 1: 0.8072
Test Data Eval:
  Num examples: 384  Num correct: 263  Precision @ 1: 0.6849  AUC @ 1: 0.7567
Step 5400: loss = 0.5654 (0.020 sec)
Training Data Eval:
  Num examples: 3456  Num correct: 2717  Precision @ 1: 0.7862  AUC @ 1: 0.8667
Validation Data Eval:
  Num examples: 256  Num correct: 185  Precision @ 1: 0.7227  AUC @ 1: 0.8047
Test Data Eval:
  Num examples: 384  Num correct: 260  Precision @ 1: 0.6771  AUC @ 1: 0.7490
Step 5600: loss = 0.5446 (0.010 sec)
Training Data Eval:
  Num examples: 3456  Num correct: 2746  Precision @ 1: 0.7946  AUC @ 1: 0.8737
Validation Data Eval:
  Num examples: 256  Num correct: 188  Precision @ 1: 0.7344  AUC @ 1: 0.8023
Test Data Eval:
  Num examples: 384  Num correct: 255  Precision @ 1: 0.6641  AUC @ 1: 0.7291
Step 5800: loss = 0.5835 (0.010 sec)
Training Data Eval:
  Num examples: 3456  Num correct: 2748  Precision @ 1: 0.7951  AUC @ 1: 0.8767
Validation Data Eval:
  Num examples: 256  Num correct: 191  Precision @ 1: 0.7461  AUC @ 1: 0.7987
Test Data Eval:
  Num examples: 384  Num correct: 257  Precision @ 1: 0.6693  AUC @ 1: 0.7487
Step 6000: loss = 0.5214 (0.010 sec)
Training Data Eval:
  Num examples: 3456  Num correct: 2791  Precision @ 1: 0.8076  AUC @ 1: 0.8839
Validation Data Eval:
  Num examples: 256  Num correct: 193  Precision @ 1: 0.7539  AUC @ 1: 0.8068
Test Data Eval:
  Num examples: 384  Num correct: 256  Precision @ 1: 0.6667  AUC @ 1: 0.7255
Step 6200: loss = 0.4459 (0.009 sec)
Training Data Eval:
  Num examples: 3456  Num correct: 2798  Precision @ 1: 0.8096  AUC @ 1: 0.8875
Validation Data Eval:
  Num examples: 256  Num correct: 191  Precision @ 1: 0.7461  AUC @ 1: 0.8021
Test Data Eval:
  Num examples: 384  Num correct: 268  Precision @ 1: 0.6979  AUC @ 1: 0.7714
Step 6400: loss = 0.4154 (0.010 sec)
Training Data Eval:
  Num examples: 3456  Num correct: 2799  Precision @ 1: 0.8099  AUC @ 1: 0.8876
Validation Data Eval:
  Num examples: 256  Num correct: 190  Precision @ 1: 0.7422  AUC @ 1: 0.8022
Test Data Eval:
  Num examples: 384  Num correct: 266  Precision @ 1: 0.6927  AUC @ 1: 0.7711
Step 6600: loss = 0.5532 (0.010 sec)
Training Data Eval:
  Num examples: 3456  Num correct: 2786  Precision @ 1: 0.8061  AUC @ 1: 0.8926
Validation Data Eval:
  Num examples: 256  Num correct: 192  Precision @ 1: 0.7500  AUC @ 1: 0.7999
Test Data Eval:
  Num examples: 384  Num correct: 268  Precision @ 1: 0.6979  AUC @ 1: 0.7765
Step 6800: loss = 0.3999 (0.010 sec)
Training Data Eval:
  Num examples: 3456  Num correct: 2834  Precision @ 1: 0.8200  AUC @ 1: 0.9023
Validation Data Eval:
  Num examples: 256  Num correct: 188  Precision @ 1: 0.7344  AUC @ 1: 0.7987
Test Data Eval:
  Num examples: 384  Num correct: 260  Precision @ 1: 0.6771  AUC @ 1: 0.7659
Step 7000: loss = 0.4976 (0.009 sec)
Training Data Eval:
  Num examples: 3456  Num correct: 2857  Precision @ 1: 0.8267  AUC @ 1: 0.9069
Validation Data Eval:
  Num examples: 256  Num correct: 191  Precision @ 1: 0.7461  AUC @ 1: 0.8017
Test Data Eval:
  Num examples: 384  Num correct: 257  Precision @ 1: 0.6693  AUC @ 1: 0.7481
Step 7200: loss = 0.4182 (0.009 sec)
Training Data Eval:
  Num examples: 3456  Num correct: 2876  Precision @ 1: 0.8322  AUC @ 1: 0.9118
Validation Data Eval:
  Num examples: 256  Num correct: 193  Precision @ 1: 0.7539  AUC @ 1: 0.8011
Test Data Eval:
  Num examples: 384  Num correct: 257  Precision @ 1: 0.6693  AUC @ 1: 0.7418
Step 7400: loss = 0.4753 (0.009 sec)
Training Data Eval:
  Num examples: 3456  Num correct: 2861  Precision @ 1: 0.8278  AUC @ 1: 0.9096
Validation Data Eval:
  Num examples: 256  Num correct: 188  Precision @ 1: 0.7344  AUC @ 1: 0.8001
Test Data Eval:
  Num examples: 384  Num correct: 256  Precision @ 1: 0.6667  AUC @ 1: 0.7465
Step 7600: loss = 0.4508 (0.009 sec)
Training Data Eval:
  Num examples: 3456  Num correct: 2892  Precision @ 1: 0.8368  AUC @ 1: 0.9194
Validation Data Eval:
  Num examples: 256  Num correct: 191  Precision @ 1: 0.7461  AUC @ 1: 0.7966
Test Data Eval:
  Num examples: 384  Num correct: 256  Precision @ 1: 0.6667  AUC @ 1: 0.7446
Step 7800: loss = 0.4549 (0.010 sec)
Training Data Eval:
  Num examples: 3456  Num correct: 2915  Precision @ 1: 0.8435  AUC @ 1: 0.9199
Validation Data Eval:
  Num examples: 256  Num correct: 193  Precision @ 1: 0.7539  AUC @ 1: 0.8009
Test Data Eval:
  Num examples: 384  Num correct: 264  Precision @ 1: 0.6875  AUC @ 1: 0.7679
Step 8000: loss = 0.4688 (0.010 sec)
Training Data Eval:
  Num examples: 3456  Num correct: 2956  Precision @ 1: 0.8553  AUC @ 1: 0.9346
Validation Data Eval:
  Num examples: 256  Num correct: 193  Precision @ 1: 0.7539  AUC @ 1: 0.7936
Test Data Eval:
  Num examples: 384  Num correct: 252  Precision @ 1: 0.6562  AUC @ 1: 0.7271
Step 8200: loss = 0.4630 (0.009 sec)
Training Data Eval:
  Num examples: 3456  Num correct: 2947  Precision @ 1: 0.8527  AUC @ 1: 0.9289
Validation Data Eval:
  Num examples: 256  Num correct: 190  Precision @ 1: 0.7422  AUC @ 1: 0.7987
Test Data Eval:
  Num examples: 384  Num correct: 249  Precision @ 1: 0.6484  AUC @ 1: 0.7341
Step 8400: loss = 0.4578 (0.010 sec)
Training Data Eval:
  Num examples: 3456  Num correct: 2989  Precision @ 1: 0.8649  AUC @ 1: 0.9338
Validation Data Eval:
  Num examples: 256  Num correct: 194  Precision @ 1: 0.7578  AUC @ 1: 0.7998
Test Data Eval:
  Num examples: 384  Num correct: 248  Precision @ 1: 0.6458  AUC @ 1: 0.7403
Step 8600: loss = 0.4802 (0.009 sec)
Training Data Eval:
  Num examples: 3456  Num correct: 2997  Precision @ 1: 0.8672  AUC @ 1: 0.9371
Validation Data Eval:
  Num examples: 256  Num correct: 194  Precision @ 1: 0.7578  AUC @ 1: 0.7988
Test Data Eval:
  Num examples: 384  Num correct: 259  Precision @ 1: 0.6745  AUC @ 1: 0.7591
Step 8800: loss = 0.4004 (0.010 sec)
Training Data Eval:
  Num examples: 3456  Num correct: 2969  Precision @ 1: 0.8591  AUC @ 1: 0.9410
Validation Data Eval:
  Num examples: 256  Num correct: 190  Precision @ 1: 0.7422  AUC @ 1: 0.7932
Test Data Eval:
  Num examples: 384  Num correct: 254  Precision @ 1: 0.6615  AUC @ 1: 0.7371
Step 9000: loss = 0.5329 (0.009 sec)
Training Data Eval:
  Num examples: 3456  Num correct: 3035  Precision @ 1: 0.8782  AUC @ 1: 0.9447
Validation Data Eval:
  Num examples: 256  Num correct: 194  Precision @ 1: 0.7578  AUC @ 1: 0.7969
Test Data Eval:
  Num examples: 384  Num correct: 255  Precision @ 1: 0.6641  AUC @ 1: 0.7556
Step 9200: loss = 0.4681 (0.009 sec)
Training Data Eval:
  Num examples: 3456  Num correct: 3051  Precision @ 1: 0.8828  AUC @ 1: 0.9497
Validation Data Eval:
  Num examples: 256  Num correct: 194  Precision @ 1: 0.7578  AUC @ 1: 0.7998
Test Data Eval:
  Num examples: 384  Num correct: 257  Precision @ 1: 0.6693  AUC @ 1: 0.7708
Step 9400: loss = 0.4928 (0.010 sec)
Training Data Eval:
  Num examples: 3456  Num correct: 3044  Precision @ 1: 0.8808  AUC @ 1: 0.9492
Validation Data Eval:
  Num examples: 256  Num correct: 195  Precision @ 1: 0.7617  AUC @ 1: 0.8010
Test Data Eval:
  Num examples: 384  Num correct: 250  Precision @ 1: 0.6510  AUC @ 1: 0.7388
Step 9600: loss = 0.3777 (0.009 sec)
Training Data Eval:
  Num examples: 3456  Num correct: 3093  Precision @ 1: 0.8950  AUC @ 1: 0.9553
Validation Data Eval:
  Num examples: 256  Num correct: 193  Precision @ 1: 0.7539  AUC @ 1: 0.8002
Test Data Eval:
  Num examples: 384  Num correct: 247  Precision @ 1: 0.6432  AUC @ 1: 0.7381
Step 9800: loss = 0.4043 (0.010 sec)
Training Data Eval:
  Num examples: 3456  Num correct: 3082  Precision @ 1: 0.8918  AUC @ 1: 0.9550
Validation Data Eval:
  Num examples: 256  Num correct: 192  Precision @ 1: 0.7500  AUC @ 1: 0.8026
Test Data Eval:
  Num examples: 384  Num correct: 254  Precision @ 1: 0.6615  AUC @ 1: 0.7440
