Training data shape: 	(3816, 64, 30, 2)
Training label shape:	(3816,)
Testing data shape:  	(519, 64, 30, 2)
Testing label shape: 	(519,)
max input value is: 72.5247
min input value is: -68.1265
random permuted training data
==============================================================================
Model: 			inference_global_s_cnn
Tensor Name: 	Placeholder:0
[128, 64, 30, 2]
==============================================================================
Tensor Name: conv1/conv1:0
[128, 1, 30, 64]
==============================================================================
Tensor Name: MaxPool:0
[128, 1, 15, 64]
==============================================================================
Tensor Name: local1/local1:0
[128, 128]
==============================================================================
Tensor Name: local2/local2:0
[128, 128]
==============================================================================
Tensor Name: softmax_linear/softmax_linear:0
[128, 2]
Step 0: loss = 1.0384 (0.041 sec)
Training Data Eval:
  Num examples: 3456  Num correct: 1935  Precision @ 1: 0.5599  AUC @ 1: 0.5346
Validation Data Eval:
  Num examples: 256  Num correct: 144  Precision @ 1: 0.5625  AUC @ 1: 0.5737
Test Data Eval:
  Num examples: 512  Num correct: 287  Precision @ 1: 0.5605  AUC @ 1: 0.8967
Step 200: loss = 1.0285 (0.025 sec)
Training Data Eval:
  Num examples: 3456  Num correct: 1924  Precision @ 1: 0.5567  AUC @ 1: 0.5624
Validation Data Eval:
  Num examples: 256  Num correct: 144  Precision @ 1: 0.5625  AUC @ 1: 0.5869
Test Data Eval:
  Num examples: 512  Num correct: 292  Precision @ 1: 0.5703  AUC @ 1: 0.8348
Step 400: loss = 1.0127 (0.024 sec)
Training Data Eval:
  Num examples: 3456  Num correct: 1939  Precision @ 1: 0.5611  AUC @ 1: 0.5545
Validation Data Eval:
  Num examples: 256  Num correct: 144  Precision @ 1: 0.5625  AUC @ 1: 0.5942
Test Data Eval:
  Num examples: 512  Num correct: 289  Precision @ 1: 0.5645  AUC @ 1: 0.8158
Step 600: loss = 1.0032 (0.026 sec)
Training Data Eval:
  Num examples: 3456  Num correct: 1955  Precision @ 1: 0.5657  AUC @ 1: 0.5814
Validation Data Eval:
  Num examples: 256  Num correct: 144  Precision @ 1: 0.5625  AUC @ 1: 0.6009
Test Data Eval:
  Num examples: 512  Num correct: 289  Precision @ 1: 0.5645  AUC @ 1: 0.8246
Step 800: loss = 1.0383 (0.026 sec)
Training Data Eval:
  Num examples: 3456  Num correct: 1998  Precision @ 1: 0.5781  AUC @ 1: 0.5970
Validation Data Eval:
  Num examples: 256  Num correct: 145  Precision @ 1: 0.5664  AUC @ 1: 0.6013
Test Data Eval:
  Num examples: 512  Num correct: 288  Precision @ 1: 0.5625  AUC @ 1: 0.8156
Step 1000: loss = 1.0201 (0.025 sec)
Training Data Eval:
  Num examples: 3456  Num correct: 2062  Precision @ 1: 0.5966  AUC @ 1: 0.6158
Validation Data Eval:
  Num examples: 256  Num correct: 149  Precision @ 1: 0.5820  AUC @ 1: 0.6081
Test Data Eval:
  Num examples: 512  Num correct: 280  Precision @ 1: 0.5469  AUC @ 1: 0.8005
Step 1200: loss = 1.0171 (0.025 sec)
Training Data Eval:
  Num examples: 3456  Num correct: 2027  Precision @ 1: 0.5865  AUC @ 1: 0.6447
Validation Data Eval:
  Num examples: 256  Num correct: 146  Precision @ 1: 0.5703  AUC @ 1: 0.6091
Test Data Eval:
  Num examples: 512  Num correct: 269  Precision @ 1: 0.5254  AUC @ 1: 0.7795
Step 1400: loss = 0.9845 (0.023 sec)
Training Data Eval:
  Num examples: 3456  Num correct: 2034  Precision @ 1: 0.5885  AUC @ 1: 0.6704
Validation Data Eval:
  Num examples: 256  Num correct: 144  Precision @ 1: 0.5625  AUC @ 1: 0.5984
Test Data Eval:
  Num examples: 512  Num correct: 263  Precision @ 1: 0.5137  AUC @ 1: 0.7602
Step 1600: loss = 0.9694 (0.025 sec)
Training Data Eval:
  Num examples: 3456  Num correct: 2073  Precision @ 1: 0.5998  AUC @ 1: 0.6950
Validation Data Eval:
  Num examples: 256  Num correct: 146  Precision @ 1: 0.5703  AUC @ 1: 0.5842
Test Data Eval:
  Num examples: 512  Num correct: 263  Precision @ 1: 0.5137  AUC @ 1: 0.7435
Step 1800: loss = 0.9684 (0.024 sec)
Training Data Eval:
  Num examples: 3456  Num correct: 2155  Precision @ 1: 0.6236  AUC @ 1: 0.7327
Validation Data Eval:
  Num examples: 256  Num correct: 146  Precision @ 1: 0.5703  AUC @ 1: 0.5720
Test Data Eval:
  Num examples: 512  Num correct: 255  Precision @ 1: 0.4980  AUC @ 1: 0.7237
Step 2000: loss = 0.9566 (0.024 sec)
Training Data Eval:
  Num examples: 3456  Num correct: 2270  Precision @ 1: 0.6568  AUC @ 1: 0.7820
Validation Data Eval:
  Num examples: 256  Num correct: 144  Precision @ 1: 0.5625  AUC @ 1: 0.5671
Test Data Eval:
  Num examples: 512  Num correct: 245  Precision @ 1: 0.4785  AUC @ 1: 0.6966
Step 2200: loss = 0.9006 (0.026 sec)
Training Data Eval:
  Num examples: 3456  Num correct: 2368  Precision @ 1: 0.6852  AUC @ 1: 0.8267
Validation Data Eval:
  Num examples: 256  Num correct: 142  Precision @ 1: 0.5547  AUC @ 1: 0.5494
Test Data Eval:
  Num examples: 512  Num correct: 241  Precision @ 1: 0.4707  AUC @ 1: 0.6712
Step 2400: loss = 0.9026 (0.025 sec)
Training Data Eval:
  Num examples: 3456  Num correct: 2464  Precision @ 1: 0.7130  AUC @ 1: 0.8390
Validation Data Eval:
  Num examples: 256  Num correct: 146  Precision @ 1: 0.5703  AUC @ 1: 0.5532
Test Data Eval:
  Num examples: 512  Num correct: 238  Precision @ 1: 0.4648  AUC @ 1: 0.7021
Step 2600: loss = 0.8445 (0.022 sec)
Training Data Eval:
  Num examples: 3456  Num correct: 2675  Precision @ 1: 0.7740  AUC @ 1: 0.8892
Validation Data Eval:
  Num examples: 256  Num correct: 139  Precision @ 1: 0.5430  AUC @ 1: 0.5198
Test Data Eval:
  Num examples: 512  Num correct: 213  Precision @ 1: 0.4160  AUC @ 1: 0.5939
Step 2800: loss = 0.8254 (0.026 sec)
Training Data Eval:
  Num examples: 3456  Num correct: 2827  Precision @ 1: 0.8180  AUC @ 1: 0.9135
Validation Data Eval:
  Num examples: 256  Num correct: 140  Precision @ 1: 0.5469  AUC @ 1: 0.5299
Test Data Eval:
  Num examples: 512  Num correct: 226  Precision @ 1: 0.4414  AUC @ 1: 0.5881
Step 3000: loss = 0.7702 (0.025 sec)
Training Data Eval:
  Num examples: 3456  Num correct: 2846  Precision @ 1: 0.8235  AUC @ 1: 0.9163
Validation Data Eval:
  Num examples: 256  Num correct: 138  Precision @ 1: 0.5391  AUC @ 1: 0.5061
Test Data Eval:
  Num examples: 512  Num correct: 215  Precision @ 1: 0.4199  AUC @ 1: 0.5261
Step 3200: loss = 0.7231 (0.023 sec)
Training Data Eval:
  Num examples: 3456  Num correct: 2898  Precision @ 1: 0.8385  AUC @ 1: 0.9345
Validation Data Eval:
  Num examples: 256  Num correct: 138  Precision @ 1: 0.5391  AUC @ 1: 0.5434
Test Data Eval:
  Num examples: 512  Num correct: 255  Precision @ 1: 0.4980  AUC @ 1: 0.6526
Step 3400: loss = 0.7231 (0.025 sec)
Training Data Eval:
  Num examples: 3456  Num correct: 2950  Precision @ 1: 0.8536  AUC @ 1: 0.9446
Validation Data Eval:
  Num examples: 256  Num correct: 139  Precision @ 1: 0.5430  AUC @ 1: 0.5516
Test Data Eval:
  Num examples: 512  Num correct: 258  Precision @ 1: 0.5039  AUC @ 1: 0.6688
Step 3600: loss = 0.7199 (0.024 sec)
Training Data Eval:
  Num examples: 3456  Num correct: 3001  Precision @ 1: 0.8683  AUC @ 1: 0.9524
Validation Data Eval:
  Num examples: 256  Num correct: 140  Precision @ 1: 0.5469  AUC @ 1: 0.5478
Test Data Eval:
  Num examples: 512  Num correct: 240  Precision @ 1: 0.4688  AUC @ 1: 0.5632
Step 3800: loss = 0.6778 (0.024 sec)
Training Data Eval:
  Num examples: 3456  Num correct: 3016  Precision @ 1: 0.8727  AUC @ 1: 0.9566
Validation Data Eval:
  Num examples: 256  Num correct: 142  Precision @ 1: 0.5547  AUC @ 1: 0.5751
Test Data Eval:
  Num examples: 512  Num correct: 254  Precision @ 1: 0.4961  AUC @ 1: 0.6644
Step 4000: loss = 0.6194 (0.025 sec)
Training Data Eval:
  Num examples: 3456  Num correct: 3061  Precision @ 1: 0.8857  AUC @ 1: 0.9653
Validation Data Eval:
  Num examples: 256  Num correct: 147  Precision @ 1: 0.5742  AUC @ 1: 0.5810
Test Data Eval:
  Num examples: 512  Num correct: 260  Precision @ 1: 0.5078  AUC @ 1: 0.6543
Step 4200: loss = 0.5827 (0.025 sec)
Training Data Eval:
  Num examples: 3456  Num correct: 3108  Precision @ 1: 0.8993  AUC @ 1: 0.9733
Validation Data Eval:
  Num examples: 256  Num correct: 145  Precision @ 1: 0.5664  AUC @ 1: 0.5768
Test Data Eval:
  Num examples: 512  Num correct: 253  Precision @ 1: 0.4941  AUC @ 1: 0.6167
Step 4400: loss = 0.6098 (0.024 sec)
Training Data Eval:
  Num examples: 3456  Num correct: 3139  Precision @ 1: 0.9083  AUC @ 1: 0.9769
Validation Data Eval:
  Num examples: 256  Num correct: 150  Precision @ 1: 0.5859  AUC @ 1: 0.5959
Test Data Eval:
  Num examples: 512  Num correct: 271  Precision @ 1: 0.5293  AUC @ 1: 0.6703
Step 4600: loss = 0.5527 (0.025 sec)
Training Data Eval:
  Num examples: 3456  Num correct: 3211  Precision @ 1: 0.9291  AUC @ 1: 0.9850
Validation Data Eval:
  Num examples: 256  Num correct: 148  Precision @ 1: 0.5781  AUC @ 1: 0.5800
Test Data Eval:
  Num examples: 512  Num correct: 255  Precision @ 1: 0.4980  AUC @ 1: 0.6108
Step 4800: loss = 0.5924 (0.024 sec)
Training Data Eval:
  Num examples: 3456  Num correct: 3238  Precision @ 1: 0.9369  AUC @ 1: 0.9874
Validation Data Eval:
  Num examples: 256  Num correct: 147  Precision @ 1: 0.5742  AUC @ 1: 0.5646
Test Data Eval:
  Num examples: 512  Num correct: 242  Precision @ 1: 0.4727  AUC @ 1: 0.5476
Step 5000: loss = 0.5298 (0.024 sec)
Training Data Eval:
  Num examples: 3456  Num correct: 3274  Precision @ 1: 0.9473  AUC @ 1: 0.9908
Validation Data Eval:
  Num examples: 256  Num correct: 149  Precision @ 1: 0.5820  AUC @ 1: 0.5920
Test Data Eval:
  Num examples: 512  Num correct: 246  Precision @ 1: 0.4805  AUC @ 1: 0.5819
Step 5200: loss = 0.5119 (0.025 sec)
Training Data Eval:
  Num examples: 3456  Num correct: 3306  Precision @ 1: 0.9566  AUC @ 1: 0.9944
Validation Data Eval:
  Num examples: 256  Num correct: 153  Precision @ 1: 0.5977  AUC @ 1: 0.6097
Test Data Eval:
  Num examples: 512  Num correct: 252  Precision @ 1: 0.4922  AUC @ 1: 0.6059
Step 5400: loss = 0.4761 (0.055 sec)
Training Data Eval:
  Num examples: 3456  Num correct: 3357  Precision @ 1: 0.9714  AUC @ 1: 0.9961
Validation Data Eval:
  Num examples: 256  Num correct: 152  Precision @ 1: 0.5938  AUC @ 1: 0.5985
Test Data Eval:
  Num examples: 512  Num correct: 240  Precision @ 1: 0.4688  AUC @ 1: 0.5524
Step 5600: loss = 0.4933 (0.025 sec)
Training Data Eval:
  Num examples: 3456  Num correct: 3358  Precision @ 1: 0.9716  AUC @ 1: 0.9972
Validation Data Eval:
  Num examples: 256  Num correct: 152  Precision @ 1: 0.5938  AUC @ 1: 0.5971
Test Data Eval:
  Num examples: 512  Num correct: 240  Precision @ 1: 0.4688  AUC @ 1: 0.5569
Step 5800: loss = 0.4635 (0.025 sec)
Training Data Eval:
  Num examples: 3456  Num correct: 3390  Precision @ 1: 0.9809  AUC @ 1: 0.9985
Validation Data Eval:
  Num examples: 256  Num correct: 152  Precision @ 1: 0.5938  AUC @ 1: 0.6141
Test Data Eval:
  Num examples: 512  Num correct: 265  Precision @ 1: 0.5176  AUC @ 1: 0.6402
Step 6000: loss = 0.4710 (0.024 sec)
Training Data Eval:
  Num examples: 3456  Num correct: 3405  Precision @ 1: 0.9852  AUC @ 1: 0.9991
Validation Data Eval:
  Num examples: 256  Num correct: 156  Precision @ 1: 0.6094  AUC @ 1: 0.6088
Test Data Eval:
  Num examples: 512  Num correct: 240  Precision @ 1: 0.4688  AUC @ 1: 0.5543
Step 6200: loss = 0.4726 (0.026 sec)
Training Data Eval:
  Num examples: 3456  Num correct: 3415  Precision @ 1: 0.9881  AUC @ 1: 0.9996
Validation Data Eval:
  Num examples: 256  Num correct: 156  Precision @ 1: 0.6094  AUC @ 1: 0.6051
Test Data Eval:
  Num examples: 512  Num correct: 245  Precision @ 1: 0.4785  AUC @ 1: 0.5788
Step 6400: loss = 0.4535 (0.026 sec)
Training Data Eval:
  Num examples: 3456  Num correct: 3428  Precision @ 1: 0.9919  AUC @ 1: 0.9996
Validation Data Eval:
  Num examples: 256  Num correct: 156  Precision @ 1: 0.6094  AUC @ 1: 0.5993
Test Data Eval:
  Num examples: 512  Num correct: 231  Precision @ 1: 0.4512  AUC @ 1: 0.5112
Step 6600: loss = 0.4752 (0.025 sec)
Training Data Eval:
  Num examples: 3456  Num correct: 3438  Precision @ 1: 0.9948  AUC @ 1: 0.9999
Validation Data Eval:
  Num examples: 256  Num correct: 157  Precision @ 1: 0.6133  AUC @ 1: 0.6262
Test Data Eval:
  Num examples: 512  Num correct: 270  Precision @ 1: 0.5273  AUC @ 1: 0.6544
Step 6800: loss = 0.4019 (0.023 sec)
Training Data Eval:
  Num examples: 3456  Num correct: 3446  Precision @ 1: 0.9971  AUC @ 1: 1.0000
Validation Data Eval:
  Num examples: 256  Num correct: 161  Precision @ 1: 0.6289  AUC @ 1: 0.6228
Test Data Eval:
  Num examples: 512  Num correct: 230  Precision @ 1: 0.4492  AUC @ 1: 0.4927
Step 7000: loss = 0.4287 (0.024 sec)
Training Data Eval:
  Num examples: 3456  Num correct: 3449  Precision @ 1: 0.9980  AUC @ 1: 1.0000
Validation Data Eval:
  Num examples: 256  Num correct: 165  Precision @ 1: 0.6445  AUC @ 1: 0.6300
Test Data Eval:
  Num examples: 512  Num correct: 257  Precision @ 1: 0.5020  AUC @ 1: 0.6062
Step 7200: loss = 0.3826 (0.024 sec)
Training Data Eval:
  Num examples: 3456  Num correct: 3451  Precision @ 1: 0.9986  AUC @ 1: 1.0000
Validation Data Eval:
  Num examples: 256  Num correct: 163  Precision @ 1: 0.6367  AUC @ 1: 0.6285
Test Data Eval:
  Num examples: 512  Num correct: 253  Precision @ 1: 0.4941  AUC @ 1: 0.5884
Step 7400: loss = 0.3665 (0.023 sec)
Training Data Eval:
  Num examples: 3456  Num correct: 3453  Precision @ 1: 0.9991  AUC @ 1: 1.0000
Validation Data Eval:
  Num examples: 256  Num correct: 161  Precision @ 1: 0.6289  AUC @ 1: 0.6326
Test Data Eval:
  Num examples: 512  Num correct: 254  Precision @ 1: 0.4961  AUC @ 1: 0.5791
Step 7600: loss = 0.3315 (0.024 sec)
Training Data Eval:
  Num examples: 3456  Num correct: 3451  Precision @ 1: 0.9986  AUC @ 1: 1.0000
Validation Data Eval:
  Num examples: 256  Num correct: 159  Precision @ 1: 0.6211  AUC @ 1: 0.6293
Test Data Eval:
  Num examples: 512  Num correct: 256  Precision @ 1: 0.5000  AUC @ 1: 0.5789
Step 7800: loss = 0.3574 (0.023 sec)
Training Data Eval:
  Num examples: 3456  Num correct: 3456  Precision @ 1: 1.0000  AUC @ 1: 1.0000
Validation Data Eval:
  Num examples: 256  Num correct: 162  Precision @ 1: 0.6328  AUC @ 1: 0.6348
Test Data Eval:
  Num examples: 512  Num correct: 255  Precision @ 1: 0.4980  AUC @ 1: 0.5762
Step 8000: loss = 0.3427 (0.026 sec)
Training Data Eval:
  Num examples: 3456  Num correct: 3456  Precision @ 1: 1.0000  AUC @ 1: 1.0000
Validation Data Eval:
  Num examples: 256  Num correct: 163  Precision @ 1: 0.6367  AUC @ 1: 0.6329
Test Data Eval:
  Num examples: 512  Num correct: 251  Precision @ 1: 0.4902  AUC @ 1: 0.5799
Step 8200: loss = 0.3272 (0.025 sec)
Training Data Eval:
  Num examples: 3456  Num correct: 3456  Precision @ 1: 1.0000  AUC @ 1: 1.0000
Validation Data Eval:
  Num examples: 256  Num correct: 159  Precision @ 1: 0.6211  AUC @ 1: 0.6285
Test Data Eval:
  Num examples: 512  Num correct: 248  Precision @ 1: 0.4844  AUC @ 1: 0.5608
Step 8400: loss = 0.3430 (0.027 sec)
Training Data Eval:
  Num examples: 3456  Num correct: 3456  Precision @ 1: 1.0000  AUC @ 1: 1.0000
Validation Data Eval:
  Num examples: 256  Num correct: 162  Precision @ 1: 0.6328  AUC @ 1: 0.6388
Test Data Eval:
  Num examples: 512  Num correct: 252  Precision @ 1: 0.4922  AUC @ 1: 0.5813
Step 8600: loss = 0.3379 (0.025 sec)
Training Data Eval:
  Num examples: 3456  Num correct: 3456  Precision @ 1: 1.0000  AUC @ 1: 1.0000
Validation Data Eval:
  Num examples: 256  Num correct: 166  Precision @ 1: 0.6484  AUC @ 1: 0.6413
Test Data Eval:
  Num examples: 512  Num correct: 253  Precision @ 1: 0.4941  AUC @ 1: 0.5790
Step 8800: loss = 0.3378 (0.024 sec)
Training Data Eval:
  Num examples: 3456  Num correct: 3456  Precision @ 1: 1.0000  AUC @ 1: 1.0000
Validation Data Eval:
  Num examples: 256  Num correct: 163  Precision @ 1: 0.6367  AUC @ 1: 0.6348
Test Data Eval:
  Num examples: 512  Num correct: 264  Precision @ 1: 0.5156  AUC @ 1: 0.5962
Step 9000: loss = 0.2963 (0.023 sec)
Training Data Eval:
  Num examples: 3456  Num correct: 3456  Precision @ 1: 1.0000  AUC @ 1: 1.0000
Validation Data Eval:
  Num examples: 256  Num correct: 161  Precision @ 1: 0.6289  AUC @ 1: 0.6432
Test Data Eval:
  Num examples: 512  Num correct: 260  Precision @ 1: 0.5078  AUC @ 1: 0.5911
Step 9200: loss = 0.3033 (0.025 sec)
Training Data Eval:
  Num examples: 3456  Num correct: 3456  Precision @ 1: 1.0000  AUC @ 1: 1.0000
Validation Data Eval:
  Num examples: 256  Num correct: 164  Precision @ 1: 0.6406  AUC @ 1: 0.6490
Test Data Eval:
  Num examples: 512  Num correct: 249  Precision @ 1: 0.4863  AUC @ 1: 0.5291
Step 9400: loss = 0.2962 (0.025 sec)
Training Data Eval:
  Num examples: 3456  Num correct: 3456  Precision @ 1: 1.0000  AUC @ 1: 1.0000
Validation Data Eval:
  Num examples: 256  Num correct: 164  Precision @ 1: 0.6406  AUC @ 1: 0.6438
Test Data Eval:
  Num examples: 512  Num correct: 251  Precision @ 1: 0.4902  AUC @ 1: 0.5790
Step 9600: loss = 0.3009 (0.025 sec)
Training Data Eval:
  Num examples: 3456  Num correct: 3443  Precision @ 1: 0.9962  AUC @ 1: 0.9999
Validation Data Eval:
  Num examples: 256  Num correct: 165  Precision @ 1: 0.6445  AUC @ 1: 0.6538
Test Data Eval:
  Num examples: 512  Num correct: 280  Precision @ 1: 0.5469  AUC @ 1: 0.6767
Step 9800: loss = 0.3888 (0.026 sec)
Training Data Eval:
  Num examples: 3456  Num correct: 3456  Precision @ 1: 1.0000  AUC @ 1: 1.0000
Validation Data Eval:
  Num examples: 256  Num correct: 165  Precision @ 1: 0.6445  AUC @ 1: 0.6496
Test Data Eval:
  Num examples: 512  Num correct: 265  Precision @ 1: 0.5176  AUC @ 1: 0.6010
