Training data shape: 	(3816, 64, 30, 2)
Training label shape:	(3816,)
Testing data shape:  	(519, 64, 30, 2)
Testing label shape: 	(519,)
max input value is: 72.5247
min input value is: -68.1265
random permuted training data
==============================================================================
Model: 			inference_global_s_cnn
Tensor Name: 	Placeholder:0
[128, 64, 30, 2]
==============================================================================
Tensor Name: conv1/conv1:0
[128, 1, 30, 8]
==============================================================================
Tensor Name: MaxPool:0
[128, 1, 15, 8]
==============================================================================
Tensor Name: local1/local1:0
[128, 128]
==============================================================================
Tensor Name: local2/local2:0
[128, 128]
==============================================================================
Tensor Name: softmax_linear/softmax_linear:0
[128, 2]
Step 0: loss = 0.7730 (0.034 sec)
Training Data Eval:
  Num examples: 3456  Num correct: 1978  Precision @ 1: 0.5723  AUC @ 1: 0.5334
Validation Data Eval:
  Num examples: 256  Num correct: 120  Precision @ 1: 0.4688  AUC @ 1: 0.5017
Test Data Eval:
  Num examples: 512  Num correct: 287  Precision @ 1: 0.5605  AUC @ 1: 0.8873
Step 200: loss = 0.7660 (0.015 sec)
Training Data Eval:
  Num examples: 3456  Num correct: 1964  Precision @ 1: 0.5683  AUC @ 1: 0.5447
Validation Data Eval:
  Num examples: 256  Num correct: 120  Precision @ 1: 0.4688  AUC @ 1: 0.5080
Test Data Eval:
  Num examples: 512  Num correct: 290  Precision @ 1: 0.5664  AUC @ 1: 0.8435
Step 400: loss = 0.7510 (0.014 sec)
Training Data Eval:
  Num examples: 3456  Num correct: 1977  Precision @ 1: 0.5720  AUC @ 1: 0.5451
Validation Data Eval:
  Num examples: 256  Num correct: 120  Precision @ 1: 0.4688  AUC @ 1: 0.5113
Test Data Eval:
  Num examples: 512  Num correct: 290  Precision @ 1: 0.5664  AUC @ 1: 0.8243
Step 600: loss = 0.7659 (0.012 sec)
Training Data Eval:
  Num examples: 3456  Num correct: 1984  Precision @ 1: 0.5741  AUC @ 1: 0.5580
Validation Data Eval:
  Num examples: 256  Num correct: 120  Precision @ 1: 0.4688  AUC @ 1: 0.5082
Test Data Eval:
  Num examples: 512  Num correct: 289  Precision @ 1: 0.5645  AUC @ 1: 0.8165
Step 800: loss = 0.7322 (0.015 sec)
Training Data Eval:
  Num examples: 3456  Num correct: 1970  Precision @ 1: 0.5700  AUC @ 1: 0.5599
Validation Data Eval:
  Num examples: 256  Num correct: 120  Precision @ 1: 0.4688  AUC @ 1: 0.4983
Test Data Eval:
  Num examples: 512  Num correct: 291  Precision @ 1: 0.5684  AUC @ 1: 0.8188
Step 1000: loss = 0.7559 (0.014 sec)
Training Data Eval:
  Num examples: 3456  Num correct: 1964  Precision @ 1: 0.5683  AUC @ 1: 0.5762
Validation Data Eval:
  Num examples: 256  Num correct: 120  Precision @ 1: 0.4688  AUC @ 1: 0.4907
Test Data Eval:
  Num examples: 512  Num correct: 291  Precision @ 1: 0.5684  AUC @ 1: 0.8309
Step 1200: loss = 0.7396 (0.012 sec)
Training Data Eval:
  Num examples: 3456  Num correct: 1977  Precision @ 1: 0.5720  AUC @ 1: 0.5746
Validation Data Eval:
  Num examples: 256  Num correct: 120  Precision @ 1: 0.4688  AUC @ 1: 0.4865
Test Data Eval:
  Num examples: 512  Num correct: 290  Precision @ 1: 0.5664  AUC @ 1: 0.8277
Step 1400: loss = 0.7737 (0.013 sec)
Training Data Eval:
  Num examples: 3456  Num correct: 1970  Precision @ 1: 0.5700  AUC @ 1: 0.5872
Validation Data Eval:
  Num examples: 256  Num correct: 120  Precision @ 1: 0.4688  AUC @ 1: 0.4862
Test Data Eval:
  Num examples: 512  Num correct: 290  Precision @ 1: 0.5664  AUC @ 1: 0.8419
Step 1600: loss = 0.7643 (0.014 sec)
Training Data Eval:
  Num examples: 3456  Num correct: 1995  Precision @ 1: 0.5773  AUC @ 1: 0.5784
Validation Data Eval:
  Num examples: 256  Num correct: 120  Precision @ 1: 0.4688  AUC @ 1: 0.4852
Test Data Eval:
  Num examples: 512  Num correct: 290  Precision @ 1: 0.5664  AUC @ 1: 0.8329
Step 1800: loss = 0.7378 (0.014 sec)
Training Data Eval:
  Num examples: 3456  Num correct: 1992  Precision @ 1: 0.5764  AUC @ 1: 0.5928
Validation Data Eval:
  Num examples: 256  Num correct: 120  Precision @ 1: 0.4688  AUC @ 1: 0.4902
Test Data Eval:
  Num examples: 512  Num correct: 291  Precision @ 1: 0.5684  AUC @ 1: 0.8517
Step 2000: loss = 0.7456 (0.014 sec)
Training Data Eval:
  Num examples: 3456  Num correct: 2004  Precision @ 1: 0.5799  AUC @ 1: 0.5898
Validation Data Eval:
  Num examples: 256  Num correct: 120  Precision @ 1: 0.4688  AUC @ 1: 0.4842
Test Data Eval:
  Num examples: 512  Num correct: 290  Precision @ 1: 0.5664  AUC @ 1: 0.8316
Step 2200: loss = 0.7629 (0.014 sec)
Training Data Eval:
  Num examples: 3456  Num correct: 2007  Precision @ 1: 0.5807  AUC @ 1: 0.5959
Validation Data Eval:
  Num examples: 256  Num correct: 121  Precision @ 1: 0.4727  AUC @ 1: 0.4858
Test Data Eval:
  Num examples: 512  Num correct: 290  Precision @ 1: 0.5664  AUC @ 1: 0.8232
Step 2400: loss = 0.7359 (0.013 sec)
Training Data Eval:
  Num examples: 3456  Num correct: 2009  Precision @ 1: 0.5813  AUC @ 1: 0.6045
Validation Data Eval:
  Num examples: 256  Num correct: 122  Precision @ 1: 0.4766  AUC @ 1: 0.4847
Test Data Eval:
  Num examples: 512  Num correct: 283  Precision @ 1: 0.5527  AUC @ 1: 0.8104
Step 2600: loss = 0.7425 (0.013 sec)
Training Data Eval:
  Num examples: 3456  Num correct: 2055  Precision @ 1: 0.5946  AUC @ 1: 0.6130
Validation Data Eval:
  Num examples: 256  Num correct: 123  Precision @ 1: 0.4805  AUC @ 1: 0.4869
Test Data Eval:
  Num examples: 512  Num correct: 275  Precision @ 1: 0.5371  AUC @ 1: 0.7914
Step 2800: loss = 0.7302 (0.016 sec)
Training Data Eval:
  Num examples: 3456  Num correct: 2031  Precision @ 1: 0.5877  AUC @ 1: 0.6124
Validation Data Eval:
  Num examples: 256  Num correct: 124  Precision @ 1: 0.4844  AUC @ 1: 0.4865
Test Data Eval:
  Num examples: 512  Num correct: 272  Precision @ 1: 0.5312  AUC @ 1: 0.7820
Step 3000: loss = 0.7187 (0.015 sec)
Training Data Eval:
  Num examples: 3456  Num correct: 2062  Precision @ 1: 0.5966  AUC @ 1: 0.6414
Validation Data Eval:
  Num examples: 256  Num correct: 125  Precision @ 1: 0.4883  AUC @ 1: 0.4796
Test Data Eval:
  Num examples: 512  Num correct: 272  Precision @ 1: 0.5312  AUC @ 1: 0.7801
Step 3200: loss = 0.7455 (0.015 sec)
Training Data Eval:
  Num examples: 3456  Num correct: 2055  Precision @ 1: 0.5946  AUC @ 1: 0.6455
Validation Data Eval:
  Num examples: 256  Num correct: 123  Precision @ 1: 0.4805  AUC @ 1: 0.4817
Test Data Eval:
  Num examples: 512  Num correct: 263  Precision @ 1: 0.5137  AUC @ 1: 0.7705
Step 3400: loss = 0.7033 (0.013 sec)
Training Data Eval:
  Num examples: 3456  Num correct: 2078  Precision @ 1: 0.6013  AUC @ 1: 0.6389
Validation Data Eval:
  Num examples: 256  Num correct: 121  Precision @ 1: 0.4727  AUC @ 1: 0.4652
Test Data Eval:
  Num examples: 512  Num correct: 251  Precision @ 1: 0.4902  AUC @ 1: 0.7417
Step 3600: loss = 0.7046 (0.014 sec)
Training Data Eval:
  Num examples: 3456  Num correct: 2109  Precision @ 1: 0.6102  AUC @ 1: 0.6605
Validation Data Eval:
  Num examples: 256  Num correct: 117  Precision @ 1: 0.4570  AUC @ 1: 0.4813
Test Data Eval:
  Num examples: 512  Num correct: 254  Precision @ 1: 0.4961  AUC @ 1: 0.7602
Step 3800: loss = 0.7505 (0.015 sec)
Training Data Eval:
  Num examples: 3456  Num correct: 2131  Precision @ 1: 0.6166  AUC @ 1: 0.6707
Validation Data Eval:
  Num examples: 256  Num correct: 120  Precision @ 1: 0.4688  AUC @ 1: 0.4828
Test Data Eval:
  Num examples: 512  Num correct: 250  Precision @ 1: 0.4883  AUC @ 1: 0.7468
Step 4000: loss = 0.7140 (0.014 sec)
Training Data Eval:
  Num examples: 3456  Num correct: 2166  Precision @ 1: 0.6267  AUC @ 1: 0.6814
Validation Data Eval:
  Num examples: 256  Num correct: 120  Precision @ 1: 0.4688  AUC @ 1: 0.4882
Test Data Eval:
  Num examples: 512  Num correct: 249  Precision @ 1: 0.4863  AUC @ 1: 0.7495
Step 4200: loss = 0.7155 (0.013 sec)
Training Data Eval:
  Num examples: 3456  Num correct: 2180  Precision @ 1: 0.6308  AUC @ 1: 0.7047
Validation Data Eval:
  Num examples: 256  Num correct: 117  Precision @ 1: 0.4570  AUC @ 1: 0.4906
Test Data Eval:
  Num examples: 512  Num correct: 246  Precision @ 1: 0.4805  AUC @ 1: 0.7289
Step 4400: loss = 0.7003 (0.014 sec)
Training Data Eval:
  Num examples: 3456  Num correct: 2183  Precision @ 1: 0.6317  AUC @ 1: 0.7215
Validation Data Eval:
  Num examples: 256  Num correct: 122  Precision @ 1: 0.4766  AUC @ 1: 0.4950
Test Data Eval:
  Num examples: 512  Num correct: 243  Precision @ 1: 0.4746  AUC @ 1: 0.7264
Step 4600: loss = 0.6989 (0.014 sec)
Training Data Eval:
  Num examples: 3456  Num correct: 2207  Precision @ 1: 0.6386  AUC @ 1: 0.7193
Validation Data Eval:
  Num examples: 256  Num correct: 121  Precision @ 1: 0.4727  AUC @ 1: 0.4944
Test Data Eval:
  Num examples: 512  Num correct: 246  Precision @ 1: 0.4805  AUC @ 1: 0.7374
Step 4800: loss = 0.7011 (0.014 sec)
Training Data Eval:
  Num examples: 3456  Num correct: 2285  Precision @ 1: 0.6612  AUC @ 1: 0.7501
Validation Data Eval:
  Num examples: 256  Num correct: 115  Precision @ 1: 0.4492  AUC @ 1: 0.5016
Test Data Eval:
  Num examples: 512  Num correct: 243  Precision @ 1: 0.4746  AUC @ 1: 0.6948
Step 5000: loss = 0.6850 (0.013 sec)
Training Data Eval:
  Num examples: 3456  Num correct: 2271  Precision @ 1: 0.6571  AUC @ 1: 0.7430
Validation Data Eval:
  Num examples: 256  Num correct: 119  Precision @ 1: 0.4648  AUC @ 1: 0.5018
Test Data Eval:
  Num examples: 512  Num correct: 254  Precision @ 1: 0.4961  AUC @ 1: 0.7559
Step 5200: loss = 0.6245 (0.014 sec)
Training Data Eval:
  Num examples: 3456  Num correct: 2319  Precision @ 1: 0.6710  AUC @ 1: 0.7486
Validation Data Eval:
  Num examples: 256  Num correct: 116  Precision @ 1: 0.4531  AUC @ 1: 0.5004
Test Data Eval:
  Num examples: 512  Num correct: 251  Precision @ 1: 0.4902  AUC @ 1: 0.7264
Step 5400: loss = 0.6398 (0.039 sec)
Training Data Eval:
  Num examples: 3456  Num correct: 2444  Precision @ 1: 0.7072  AUC @ 1: 0.7804
Validation Data Eval:
  Num examples: 256  Num correct: 119  Precision @ 1: 0.4648  AUC @ 1: 0.5131
Test Data Eval:
  Num examples: 512  Num correct: 230  Precision @ 1: 0.4492  AUC @ 1: 0.6271
Step 5600: loss = 0.6418 (0.014 sec)
Training Data Eval:
  Num examples: 3456  Num correct: 2439  Precision @ 1: 0.7057  AUC @ 1: 0.7949
Validation Data Eval:
  Num examples: 256  Num correct: 122  Precision @ 1: 0.4766  AUC @ 1: 0.5172
Test Data Eval:
  Num examples: 512  Num correct: 262  Precision @ 1: 0.5117  AUC @ 1: 0.6996
Step 5800: loss = 0.6970 (0.014 sec)
Training Data Eval:
  Num examples: 3456  Num correct: 2430  Precision @ 1: 0.7031  AUC @ 1: 0.7871
Validation Data Eval:
  Num examples: 256  Num correct: 114  Precision @ 1: 0.4453  AUC @ 1: 0.5048
Test Data Eval:
  Num examples: 512  Num correct: 259  Precision @ 1: 0.5059  AUC @ 1: 0.6907
Step 6000: loss = 0.6684 (0.014 sec)
Training Data Eval:
  Num examples: 3456  Num correct: 2508  Precision @ 1: 0.7257  AUC @ 1: 0.8092
Validation Data Eval:
  Num examples: 256  Num correct: 122  Precision @ 1: 0.4766  AUC @ 1: 0.5123
Test Data Eval:
  Num examples: 512  Num correct: 258  Precision @ 1: 0.5039  AUC @ 1: 0.6646
Step 6200: loss = 0.6193 (0.013 sec)
Training Data Eval:
  Num examples: 3456  Num correct: 2550  Precision @ 1: 0.7378  AUC @ 1: 0.8252
Validation Data Eval:
  Num examples: 256  Num correct: 126  Precision @ 1: 0.4922  AUC @ 1: 0.5172
Test Data Eval:
  Num examples: 512  Num correct: 249  Precision @ 1: 0.4863  AUC @ 1: 0.6274
Step 6400: loss = 0.6203 (0.012 sec)
Training Data Eval:
  Num examples: 3456  Num correct: 2571  Precision @ 1: 0.7439  AUC @ 1: 0.8289
Validation Data Eval:
  Num examples: 256  Num correct: 125  Precision @ 1: 0.4883  AUC @ 1: 0.5219
Test Data Eval:
  Num examples: 512  Num correct: 250  Precision @ 1: 0.4883  AUC @ 1: 0.6198
Step 6600: loss = 0.6314 (0.013 sec)
Training Data Eval:
  Num examples: 3456  Num correct: 2600  Precision @ 1: 0.7523  AUC @ 1: 0.8403
Validation Data Eval:
  Num examples: 256  Num correct: 123  Precision @ 1: 0.4805  AUC @ 1: 0.5216
Test Data Eval:
  Num examples: 512  Num correct: 240  Precision @ 1: 0.4688  AUC @ 1: 0.6054
Step 6800: loss = 0.5877 (0.013 sec)
Training Data Eval:
  Num examples: 3456  Num correct: 2599  Precision @ 1: 0.7520  AUC @ 1: 0.8461
Validation Data Eval:
  Num examples: 256  Num correct: 125  Precision @ 1: 0.4883  AUC @ 1: 0.5225
Test Data Eval:
  Num examples: 512  Num correct: 246  Precision @ 1: 0.4805  AUC @ 1: 0.6161
Step 7000: loss = 0.5432 (0.013 sec)
Training Data Eval:
  Num examples: 3456  Num correct: 2626  Precision @ 1: 0.7598  AUC @ 1: 0.8515
Validation Data Eval:
  Num examples: 256  Num correct: 126  Precision @ 1: 0.4922  AUC @ 1: 0.5135
Test Data Eval:
  Num examples: 512  Num correct: 251  Precision @ 1: 0.4902  AUC @ 1: 0.6501
Step 7200: loss = 0.5989 (0.014 sec)
Training Data Eval:
  Num examples: 3456  Num correct: 2651  Precision @ 1: 0.7671  AUC @ 1: 0.8628
Validation Data Eval:
  Num examples: 256  Num correct: 129  Precision @ 1: 0.5039  AUC @ 1: 0.5173
Test Data Eval:
  Num examples: 512  Num correct: 253  Precision @ 1: 0.4941  AUC @ 1: 0.6709
Step 7400: loss = 0.5496 (0.013 sec)
Training Data Eval:
  Num examples: 3456  Num correct: 2651  Precision @ 1: 0.7671  AUC @ 1: 0.8648
Validation Data Eval:
  Num examples: 256  Num correct: 125  Precision @ 1: 0.4883  AUC @ 1: 0.5108
Test Data Eval:
  Num examples: 512  Num correct: 239  Precision @ 1: 0.4668  AUC @ 1: 0.6027
Step 7600: loss = 0.5362 (0.014 sec)
Training Data Eval:
  Num examples: 3456  Num correct: 2693  Precision @ 1: 0.7792  AUC @ 1: 0.8739
Validation Data Eval:
  Num examples: 256  Num correct: 125  Precision @ 1: 0.4883  AUC @ 1: 0.5199
Test Data Eval:
  Num examples: 512  Num correct: 248  Precision @ 1: 0.4844  AUC @ 1: 0.6358
Step 7800: loss = 0.5609 (0.013 sec)
Training Data Eval:
  Num examples: 3456  Num correct: 2734  Precision @ 1: 0.7911  AUC @ 1: 0.8856
Validation Data Eval:
  Num examples: 256  Num correct: 127  Precision @ 1: 0.4961  AUC @ 1: 0.5243
Test Data Eval:
  Num examples: 512  Num correct: 245  Precision @ 1: 0.4785  AUC @ 1: 0.6111
Step 8000: loss = 0.5462 (0.014 sec)
Training Data Eval:
  Num examples: 3456  Num correct: 2715  Precision @ 1: 0.7856  AUC @ 1: 0.8889
Validation Data Eval:
  Num examples: 256  Num correct: 126  Precision @ 1: 0.4922  AUC @ 1: 0.5262
Test Data Eval:
  Num examples: 512  Num correct: 255  Precision @ 1: 0.4980  AUC @ 1: 0.6203
Step 8200: loss = 0.5245 (0.013 sec)
Training Data Eval:
  Num examples: 3456  Num correct: 2712  Precision @ 1: 0.7847  AUC @ 1: 0.8857
Validation Data Eval:
  Num examples: 256  Num correct: 130  Precision @ 1: 0.5078  AUC @ 1: 0.5307
Test Data Eval:
  Num examples: 512  Num correct: 269  Precision @ 1: 0.5254  AUC @ 1: 0.6639
Step 8400: loss = 0.5312 (0.012 sec)
Training Data Eval:
  Num examples: 3456  Num correct: 2758  Precision @ 1: 0.7980  AUC @ 1: 0.8949
Validation Data Eval:
  Num examples: 256  Num correct: 128  Precision @ 1: 0.5000  AUC @ 1: 0.5314
Test Data Eval:
  Num examples: 512  Num correct: 253  Precision @ 1: 0.4941  AUC @ 1: 0.6352
Step 8600: loss = 0.4200 (0.014 sec)
Training Data Eval:
  Num examples: 3456  Num correct: 2781  Precision @ 1: 0.8047  AUC @ 1: 0.9004
Validation Data Eval:
  Num examples: 256  Num correct: 132  Precision @ 1: 0.5156  AUC @ 1: 0.5343
Test Data Eval:
  Num examples: 512  Num correct: 254  Precision @ 1: 0.4961  AUC @ 1: 0.6324
Step 8800: loss = 0.4874 (0.014 sec)
Training Data Eval:
  Num examples: 3456  Num correct: 2786  Precision @ 1: 0.8061  AUC @ 1: 0.9018
Validation Data Eval:
  Num examples: 256  Num correct: 130  Precision @ 1: 0.5078  AUC @ 1: 0.5352
Test Data Eval:
  Num examples: 512  Num correct: 255  Precision @ 1: 0.4980  AUC @ 1: 0.6175
Step 9000: loss = 0.4900 (0.013 sec)
Training Data Eval:
  Num examples: 3456  Num correct: 2793  Precision @ 1: 0.8082  AUC @ 1: 0.9058
Validation Data Eval:
  Num examples: 256  Num correct: 131  Precision @ 1: 0.5117  AUC @ 1: 0.5373
Test Data Eval:
  Num examples: 512  Num correct: 255  Precision @ 1: 0.4980  AUC @ 1: 0.6263
Step 9200: loss = 0.4666 (0.014 sec)
Training Data Eval:
  Num examples: 3456  Num correct: 2798  Precision @ 1: 0.8096  AUC @ 1: 0.9050
Validation Data Eval:
  Num examples: 256  Num correct: 135  Precision @ 1: 0.5273  AUC @ 1: 0.5386
Test Data Eval:
  Num examples: 512  Num correct: 264  Precision @ 1: 0.5156  AUC @ 1: 0.6438
Step 9400: loss = 0.4976 (0.012 sec)
Training Data Eval:
  Num examples: 3456  Num correct: 2833  Precision @ 1: 0.8197  AUC @ 1: 0.9152
Validation Data Eval:
  Num examples: 256  Num correct: 132  Precision @ 1: 0.5156  AUC @ 1: 0.5342
Test Data Eval:
  Num examples: 512  Num correct: 250  Precision @ 1: 0.4883  AUC @ 1: 0.6130
Step 9600: loss = 0.4697 (0.012 sec)
Training Data Eval:
  Num examples: 3456  Num correct: 2844  Precision @ 1: 0.8229  AUC @ 1: 0.9157
Validation Data Eval:
  Num examples: 256  Num correct: 133  Precision @ 1: 0.5195  AUC @ 1: 0.5374
Test Data Eval:
  Num examples: 512  Num correct: 262  Precision @ 1: 0.5117  AUC @ 1: 0.6424
Step 9800: loss = 0.4550 (0.014 sec)
Training Data Eval:
  Num examples: 3456  Num correct: 2795  Precision @ 1: 0.8087  AUC @ 1: 0.9022
Validation Data Eval:
  Num examples: 256  Num correct: 136  Precision @ 1: 0.5312  AUC @ 1: 0.5419
Test Data Eval:
  Num examples: 512  Num correct: 267  Precision @ 1: 0.5215  AUC @ 1: 0.6599
