Training data shape: 	(3816, 64, 30, 2)
Training label shape:	(3816,)
Testing data shape:  	(519, 64, 30, 2)
Testing label shape: 	(519,)
max input value is: 72.5247
min input value is: -68.1265
random permuted training data
==============================================================================
Model: 			inference_global_s_cnn
Tensor Name: 	Placeholder:0
[128, 64, 30, 2]
==============================================================================
Tensor Name: conv1/conv1:0
[128, 1, 30, 32]
==============================================================================
Tensor Name: MaxPool:0
[128, 1, 15, 32]
==============================================================================
Tensor Name: local1/local1:0
[128, 128]
==============================================================================
Tensor Name: local2/local2:0
[128, 128]
==============================================================================
Tensor Name: softmax_linear/softmax_linear:0
[128, 2]
Step 0: loss = 0.8840 (0.041 sec)
Training Data Eval:
  Num examples: 3456  Num correct: 1961  Precision @ 1: 0.5674  AUC @ 1: 0.5402
Validation Data Eval:
  Num examples: 256  Num correct: 144  Precision @ 1: 0.5625  AUC @ 1: 0.6122
Test Data Eval:
  Num examples: 512  Num correct: 287  Precision @ 1: 0.5605  AUC @ 1: 0.9257
Step 200: loss = 0.8681 (0.017 sec)
Training Data Eval:
  Num examples: 3456  Num correct: 1967  Precision @ 1: 0.5692  AUC @ 1: 0.5549
Validation Data Eval:
  Num examples: 256  Num correct: 144  Precision @ 1: 0.5625  AUC @ 1: 0.6272
Test Data Eval:
  Num examples: 512  Num correct: 290  Precision @ 1: 0.5664  AUC @ 1: 0.8963
Step 400: loss = 0.8835 (0.018 sec)
Training Data Eval:
  Num examples: 3456  Num correct: 1912  Precision @ 1: 0.5532  AUC @ 1: 0.5477
Validation Data Eval:
  Num examples: 256  Num correct: 144  Precision @ 1: 0.5625  AUC @ 1: 0.6262
Test Data Eval:
  Num examples: 512  Num correct: 291  Precision @ 1: 0.5684  AUC @ 1: 0.8869
Step 600: loss = 0.8654 (0.016 sec)
Training Data Eval:
  Num examples: 3456  Num correct: 1978  Precision @ 1: 0.5723  AUC @ 1: 0.5559
Validation Data Eval:
  Num examples: 256  Num correct: 144  Precision @ 1: 0.5625  AUC @ 1: 0.6259
Test Data Eval:
  Num examples: 512  Num correct: 290  Precision @ 1: 0.5664  AUC @ 1: 0.8921
Step 800: loss = 0.8702 (0.019 sec)
Training Data Eval:
  Num examples: 3456  Num correct: 1948  Precision @ 1: 0.5637  AUC @ 1: 0.5709
Validation Data Eval:
  Num examples: 256  Num correct: 144  Precision @ 1: 0.5625  AUC @ 1: 0.6279
Test Data Eval:
  Num examples: 512  Num correct: 290  Precision @ 1: 0.5664  AUC @ 1: 0.8909
Step 1000: loss = 0.8451 (0.019 sec)
Training Data Eval:
  Num examples: 3456  Num correct: 1973  Precision @ 1: 0.5709  AUC @ 1: 0.5817
Validation Data Eval:
  Num examples: 256  Num correct: 144  Precision @ 1: 0.5625  AUC @ 1: 0.6281
Test Data Eval:
  Num examples: 512  Num correct: 289  Precision @ 1: 0.5645  AUC @ 1: 0.8916
Step 1200: loss = 0.8610 (0.017 sec)
Training Data Eval:
  Num examples: 3456  Num correct: 1973  Precision @ 1: 0.5709  AUC @ 1: 0.5845
Validation Data Eval:
  Num examples: 256  Num correct: 144  Precision @ 1: 0.5625  AUC @ 1: 0.6313
Test Data Eval:
  Num examples: 512  Num correct: 293  Precision @ 1: 0.5723  AUC @ 1: 0.8997
Step 1400: loss = 0.8601 (0.018 sec)
Training Data Eval:
  Num examples: 3456  Num correct: 1981  Precision @ 1: 0.5732  AUC @ 1: 0.5948
Validation Data Eval:
  Num examples: 256  Num correct: 144  Precision @ 1: 0.5625  AUC @ 1: 0.6316
Test Data Eval:
  Num examples: 512  Num correct: 288  Precision @ 1: 0.5625  AUC @ 1: 0.8955
Step 1600: loss = 0.8808 (0.018 sec)
Training Data Eval:
  Num examples: 3456  Num correct: 1941  Precision @ 1: 0.5616  AUC @ 1: 0.6049
Validation Data Eval:
  Num examples: 256  Num correct: 144  Precision @ 1: 0.5625  AUC @ 1: 0.6327
Test Data Eval:
  Num examples: 512  Num correct: 289  Precision @ 1: 0.5645  AUC @ 1: 0.9018
Step 1800: loss = 0.8178 (0.018 sec)
Training Data Eval:
  Num examples: 3456  Num correct: 1938  Precision @ 1: 0.5608  AUC @ 1: 0.6015
Validation Data Eval:
  Num examples: 256  Num correct: 144  Precision @ 1: 0.5625  AUC @ 1: 0.6394
Test Data Eval:
  Num examples: 512  Num correct: 289  Precision @ 1: 0.5645  AUC @ 1: 0.8944
Step 2000: loss = 0.8399 (0.018 sec)
Training Data Eval:
  Num examples: 3456  Num correct: 1976  Precision @ 1: 0.5718  AUC @ 1: 0.6321
Validation Data Eval:
  Num examples: 256  Num correct: 144  Precision @ 1: 0.5625  AUC @ 1: 0.6497
Test Data Eval:
  Num examples: 512  Num correct: 288  Precision @ 1: 0.5625  AUC @ 1: 0.8916
Step 2200: loss = 0.8244 (0.019 sec)
Training Data Eval:
  Num examples: 3456  Num correct: 1939  Precision @ 1: 0.5611  AUC @ 1: 0.6354
Validation Data Eval:
  Num examples: 256  Num correct: 144  Precision @ 1: 0.5625  AUC @ 1: 0.6518
Test Data Eval:
  Num examples: 512  Num correct: 290  Precision @ 1: 0.5664  AUC @ 1: 0.8772
Step 2400: loss = 0.8455 (0.017 sec)
Training Data Eval:
  Num examples: 3456  Num correct: 1977  Precision @ 1: 0.5720  AUC @ 1: 0.6631
Validation Data Eval:
  Num examples: 256  Num correct: 144  Precision @ 1: 0.5625  AUC @ 1: 0.6421
Test Data Eval:
  Num examples: 512  Num correct: 291  Precision @ 1: 0.5684  AUC @ 1: 0.8689
Step 2600: loss = 0.8367 (0.018 sec)
Training Data Eval:
  Num examples: 3456  Num correct: 2041  Precision @ 1: 0.5906  AUC @ 1: 0.6803
Validation Data Eval:
  Num examples: 256  Num correct: 150  Precision @ 1: 0.5859  AUC @ 1: 0.6398
Test Data Eval:
  Num examples: 512  Num correct: 284  Precision @ 1: 0.5547  AUC @ 1: 0.8339
Step 2800: loss = 0.8436 (0.018 sec)
Training Data Eval:
  Num examples: 3456  Num correct: 2117  Precision @ 1: 0.6126  AUC @ 1: 0.7067
Validation Data Eval:
  Num examples: 256  Num correct: 150  Precision @ 1: 0.5859  AUC @ 1: 0.6398
Test Data Eval:
  Num examples: 512  Num correct: 270  Precision @ 1: 0.5273  AUC @ 1: 0.8148
Step 3000: loss = 0.8049 (0.018 sec)
Training Data Eval:
  Num examples: 3456  Num correct: 2199  Precision @ 1: 0.6363  AUC @ 1: 0.7562
Validation Data Eval:
  Num examples: 256  Num correct: 151  Precision @ 1: 0.5898  AUC @ 1: 0.6454
Test Data Eval:
  Num examples: 512  Num correct: 266  Precision @ 1: 0.5195  AUC @ 1: 0.7667
Step 3200: loss = 0.7953 (0.017 sec)
Training Data Eval:
  Num examples: 3456  Num correct: 2255  Precision @ 1: 0.6525  AUC @ 1: 0.7659
Validation Data Eval:
  Num examples: 256  Num correct: 153  Precision @ 1: 0.5977  AUC @ 1: 0.6461
Test Data Eval:
  Num examples: 512  Num correct: 259  Precision @ 1: 0.5059  AUC @ 1: 0.7538
Step 3400: loss = 0.7488 (0.018 sec)
Training Data Eval:
  Num examples: 3456  Num correct: 2332  Precision @ 1: 0.6748  AUC @ 1: 0.7890
Validation Data Eval:
  Num examples: 256  Num correct: 151  Precision @ 1: 0.5898  AUC @ 1: 0.6391
Test Data Eval:
  Num examples: 512  Num correct: 247  Precision @ 1: 0.4824  AUC @ 1: 0.6992
Step 3600: loss = 0.7457 (0.019 sec)
Training Data Eval:
  Num examples: 3456  Num correct: 2469  Precision @ 1: 0.7144  AUC @ 1: 0.8336
Validation Data Eval:
  Num examples: 256  Num correct: 147  Precision @ 1: 0.5742  AUC @ 1: 0.6285
Test Data Eval:
  Num examples: 512  Num correct: 237  Precision @ 1: 0.4629  AUC @ 1: 0.6618
Step 3800: loss = 0.7290 (0.018 sec)
Training Data Eval:
  Num examples: 3456  Num correct: 2564  Precision @ 1: 0.7419  AUC @ 1: 0.8590
Validation Data Eval:
  Num examples: 256  Num correct: 144  Precision @ 1: 0.5625  AUC @ 1: 0.6117
Test Data Eval:
  Num examples: 512  Num correct: 248  Precision @ 1: 0.4844  AUC @ 1: 0.6889
Step 4000: loss = 0.7598 (0.019 sec)
Training Data Eval:
  Num examples: 3456  Num correct: 2629  Precision @ 1: 0.7607  AUC @ 1: 0.8758
Validation Data Eval:
  Num examples: 256  Num correct: 149  Precision @ 1: 0.5820  AUC @ 1: 0.6037
Test Data Eval:
  Num examples: 512  Num correct: 241  Precision @ 1: 0.4707  AUC @ 1: 0.6445
Step 4200: loss = 0.6516 (0.020 sec)
Training Data Eval:
  Num examples: 3456  Num correct: 2713  Precision @ 1: 0.7850  AUC @ 1: 0.8913
Validation Data Eval:
  Num examples: 256  Num correct: 148  Precision @ 1: 0.5781  AUC @ 1: 0.6118
Test Data Eval:
  Num examples: 512  Num correct: 247  Precision @ 1: 0.4824  AUC @ 1: 0.6480
Step 4400: loss = 0.6454 (0.018 sec)
Training Data Eval:
  Num examples: 3456  Num correct: 2766  Precision @ 1: 0.8003  AUC @ 1: 0.9088
Validation Data Eval:
  Num examples: 256  Num correct: 141  Precision @ 1: 0.5508  AUC @ 1: 0.6053
Test Data Eval:
  Num examples: 512  Num correct: 254  Precision @ 1: 0.4961  AUC @ 1: 0.6581
Step 4600: loss = 0.5994 (0.019 sec)
Training Data Eval:
  Num examples: 3456  Num correct: 2787  Precision @ 1: 0.8064  AUC @ 1: 0.9154
Validation Data Eval:
  Num examples: 256  Num correct: 143  Precision @ 1: 0.5586  AUC @ 1: 0.6034
Test Data Eval:
  Num examples: 512  Num correct: 254  Precision @ 1: 0.4961  AUC @ 1: 0.6482
Step 4800: loss = 0.5807 (0.017 sec)
Training Data Eval:
  Num examples: 3456  Num correct: 2854  Precision @ 1: 0.8258  AUC @ 1: 0.9290
Validation Data Eval:
  Num examples: 256  Num correct: 141  Precision @ 1: 0.5508  AUC @ 1: 0.5932
Test Data Eval:
  Num examples: 512  Num correct: 246  Precision @ 1: 0.4805  AUC @ 1: 0.5938
Step 5000: loss = 0.5909 (0.018 sec)
Training Data Eval:
  Num examples: 3456  Num correct: 2875  Precision @ 1: 0.8319  AUC @ 1: 0.9333
Validation Data Eval:
  Num examples: 256  Num correct: 148  Precision @ 1: 0.5781  AUC @ 1: 0.5989
Test Data Eval:
  Num examples: 512  Num correct: 271  Precision @ 1: 0.5293  AUC @ 1: 0.6568
Step 5200: loss = 0.5729 (0.018 sec)
Training Data Eval:
  Num examples: 3456  Num correct: 2940  Precision @ 1: 0.8507  AUC @ 1: 0.9425
Validation Data Eval:
  Num examples: 256  Num correct: 151  Precision @ 1: 0.5898  AUC @ 1: 0.6119
Test Data Eval:
  Num examples: 512  Num correct: 261  Precision @ 1: 0.5098  AUC @ 1: 0.6283
Step 5400: loss = 0.5027 (0.050 sec)
Training Data Eval:
  Num examples: 3456  Num correct: 2974  Precision @ 1: 0.8605  AUC @ 1: 0.9468
Validation Data Eval:
  Num examples: 256  Num correct: 140  Precision @ 1: 0.5469  AUC @ 1: 0.5727
Test Data Eval:
  Num examples: 512  Num correct: 247  Precision @ 1: 0.4824  AUC @ 1: 0.5799
Step 5600: loss = 0.5619 (0.018 sec)
Training Data Eval:
  Num examples: 3456  Num correct: 3028  Precision @ 1: 0.8762  AUC @ 1: 0.9566
Validation Data Eval:
  Num examples: 256  Num correct: 141  Precision @ 1: 0.5508  AUC @ 1: 0.5841
Test Data Eval:
  Num examples: 512  Num correct: 246  Precision @ 1: 0.4805  AUC @ 1: 0.5856
Step 5800: loss = 0.5092 (0.018 sec)
Training Data Eval:
  Num examples: 3456  Num correct: 3060  Precision @ 1: 0.8854  AUC @ 1: 0.9612
Validation Data Eval:
  Num examples: 256  Num correct: 144  Precision @ 1: 0.5625  AUC @ 1: 0.5745
Test Data Eval:
  Num examples: 512  Num correct: 245  Precision @ 1: 0.4785  AUC @ 1: 0.5776
Step 6000: loss = 0.4660 (0.018 sec)
Training Data Eval:
  Num examples: 3456  Num correct: 3063  Precision @ 1: 0.8863  AUC @ 1: 0.9636
Validation Data Eval:
  Num examples: 256  Num correct: 151  Precision @ 1: 0.5898  AUC @ 1: 0.6022
Test Data Eval:
  Num examples: 512  Num correct: 255  Precision @ 1: 0.4980  AUC @ 1: 0.6035
Step 6200: loss = 0.5635 (0.019 sec)
Training Data Eval:
  Num examples: 3456  Num correct: 3098  Precision @ 1: 0.8964  AUC @ 1: 0.9704
Validation Data Eval:
  Num examples: 256  Num correct: 152  Precision @ 1: 0.5938  AUC @ 1: 0.6050
Test Data Eval:
  Num examples: 512  Num correct: 263  Precision @ 1: 0.5137  AUC @ 1: 0.6356
Step 6400: loss = 0.4692 (0.019 sec)
Training Data Eval:
  Num examples: 3456  Num correct: 3149  Precision @ 1: 0.9112  AUC @ 1: 0.9757
Validation Data Eval:
  Num examples: 256  Num correct: 148  Precision @ 1: 0.5781  AUC @ 1: 0.5804
Test Data Eval:
  Num examples: 512  Num correct: 243  Precision @ 1: 0.4746  AUC @ 1: 0.5558
Step 6600: loss = 0.4419 (0.019 sec)
Training Data Eval:
  Num examples: 3456  Num correct: 3157  Precision @ 1: 0.9135  AUC @ 1: 0.9759
Validation Data Eval:
  Num examples: 256  Num correct: 145  Precision @ 1: 0.5664  AUC @ 1: 0.5941
Test Data Eval:
  Num examples: 512  Num correct: 257  Precision @ 1: 0.5020  AUC @ 1: 0.6158
Step 6800: loss = 0.4937 (0.020 sec)
Training Data Eval:
  Num examples: 3456  Num correct: 3196  Precision @ 1: 0.9248  AUC @ 1: 0.9808
Validation Data Eval:
  Num examples: 256  Num correct: 148  Precision @ 1: 0.5781  AUC @ 1: 0.5832
Test Data Eval:
  Num examples: 512  Num correct: 257  Precision @ 1: 0.5020  AUC @ 1: 0.5968
Step 7000: loss = 0.3509 (0.017 sec)
Training Data Eval:
  Num examples: 3456  Num correct: 3217  Precision @ 1: 0.9308  AUC @ 1: 0.9828
Validation Data Eval:
  Num examples: 256  Num correct: 146  Precision @ 1: 0.5703  AUC @ 1: 0.5906
Test Data Eval:
  Num examples: 512  Num correct: 255  Precision @ 1: 0.4980  AUC @ 1: 0.5983
Step 7200: loss = 0.4006 (0.018 sec)
Training Data Eval:
  Num examples: 3456  Num correct: 3260  Precision @ 1: 0.9433  AUC @ 1: 0.9875
Validation Data Eval:
  Num examples: 256  Num correct: 143  Precision @ 1: 0.5586  AUC @ 1: 0.5753
Test Data Eval:
  Num examples: 512  Num correct: 232  Precision @ 1: 0.4531  AUC @ 1: 0.5466
Step 7400: loss = 0.3690 (0.018 sec)
Training Data Eval:
  Num examples: 3456  Num correct: 3275  Precision @ 1: 0.9476  AUC @ 1: 0.9896
Validation Data Eval:
  Num examples: 256  Num correct: 138  Precision @ 1: 0.5391  AUC @ 1: 0.5580
Test Data Eval:
  Num examples: 512  Num correct: 243  Precision @ 1: 0.4746  AUC @ 1: 0.5689
Step 7600: loss = 0.3282 (0.017 sec)
Training Data Eval:
  Num examples: 3456  Num correct: 3297  Precision @ 1: 0.9540  AUC @ 1: 0.9907
Validation Data Eval:
  Num examples: 256  Num correct: 148  Precision @ 1: 0.5781  AUC @ 1: 0.5972
Test Data Eval:
  Num examples: 512  Num correct: 259  Precision @ 1: 0.5059  AUC @ 1: 0.6260
Step 7800: loss = 0.3834 (0.018 sec)
Training Data Eval:
  Num examples: 3456  Num correct: 3311  Precision @ 1: 0.9580  AUC @ 1: 0.9921
Validation Data Eval:
  Num examples: 256  Num correct: 145  Precision @ 1: 0.5664  AUC @ 1: 0.5822
Test Data Eval:
  Num examples: 512  Num correct: 253  Precision @ 1: 0.4941  AUC @ 1: 0.5853
Step 8000: loss = 0.3550 (0.018 sec)
Training Data Eval:
  Num examples: 3456  Num correct: 3347  Precision @ 1: 0.9685  AUC @ 1: 0.9958
Validation Data Eval:
  Num examples: 256  Num correct: 144  Precision @ 1: 0.5625  AUC @ 1: 0.5750
Test Data Eval:
  Num examples: 512  Num correct: 248  Precision @ 1: 0.4844  AUC @ 1: 0.5749
Step 8200: loss = 0.3699 (0.019 sec)
Training Data Eval:
  Num examples: 3456  Num correct: 3369  Precision @ 1: 0.9748  AUC @ 1: 0.9960
Validation Data Eval:
  Num examples: 256  Num correct: 142  Precision @ 1: 0.5547  AUC @ 1: 0.5700
Test Data Eval:
  Num examples: 512  Num correct: 253  Precision @ 1: 0.4941  AUC @ 1: 0.5887
Step 8400: loss = 0.3041 (0.017 sec)
Training Data Eval:
  Num examples: 3456  Num correct: 3363  Precision @ 1: 0.9731  AUC @ 1: 0.9964
Validation Data Eval:
  Num examples: 256  Num correct: 147  Precision @ 1: 0.5742  AUC @ 1: 0.5716
Test Data Eval:
  Num examples: 512  Num correct: 256  Precision @ 1: 0.5000  AUC @ 1: 0.5969
Step 8600: loss = 0.3015 (0.019 sec)
Training Data Eval:
  Num examples: 3456  Num correct: 3393  Precision @ 1: 0.9818  AUC @ 1: 0.9979
Validation Data Eval:
  Num examples: 256  Num correct: 145  Precision @ 1: 0.5664  AUC @ 1: 0.5694
Test Data Eval:
  Num examples: 512  Num correct: 252  Precision @ 1: 0.4922  AUC @ 1: 0.5519
Step 8800: loss = 0.2992 (0.018 sec)
Training Data Eval:
  Num examples: 3456  Num correct: 3386  Precision @ 1: 0.9797  AUC @ 1: 0.9976
Validation Data Eval:
  Num examples: 256  Num correct: 139  Precision @ 1: 0.5430  AUC @ 1: 0.5545
Test Data Eval:
  Num examples: 512  Num correct: 238  Precision @ 1: 0.4648  AUC @ 1: 0.5355
Step 9000: loss = 0.2877 (0.017 sec)
Training Data Eval:
  Num examples: 3456  Num correct: 3405  Precision @ 1: 0.9852  AUC @ 1: 0.9990
Validation Data Eval:
  Num examples: 256  Num correct: 143  Precision @ 1: 0.5586  AUC @ 1: 0.5642
Test Data Eval:
  Num examples: 512  Num correct: 240  Precision @ 1: 0.4688  AUC @ 1: 0.5377
Step 9200: loss = 0.2930 (0.018 sec)
Training Data Eval:
  Num examples: 3456  Num correct: 3409  Precision @ 1: 0.9864  AUC @ 1: 0.9992
Validation Data Eval:
  Num examples: 256  Num correct: 146  Precision @ 1: 0.5703  AUC @ 1: 0.5791
Test Data Eval:
  Num examples: 512  Num correct: 247  Precision @ 1: 0.4824  AUC @ 1: 0.5761
Step 9400: loss = 0.2692 (0.017 sec)
Training Data Eval:
  Num examples: 3456  Num correct: 3424  Precision @ 1: 0.9907  AUC @ 1: 0.9996
Validation Data Eval:
  Num examples: 256  Num correct: 145  Precision @ 1: 0.5664  AUC @ 1: 0.5841
Test Data Eval:
  Num examples: 512  Num correct: 248  Precision @ 1: 0.4844  AUC @ 1: 0.5621
Step 9600: loss = 0.2546 (0.018 sec)
Training Data Eval:
  Num examples: 3456  Num correct: 3432  Precision @ 1: 0.9931  AUC @ 1: 0.9997
Validation Data Eval:
  Num examples: 256  Num correct: 145  Precision @ 1: 0.5664  AUC @ 1: 0.5577
Test Data Eval:
  Num examples: 512  Num correct: 244  Precision @ 1: 0.4766  AUC @ 1: 0.5719
Step 9800: loss = 0.2656 (0.017 sec)
Training Data Eval:
  Num examples: 3456  Num correct: 3437  Precision @ 1: 0.9945  AUC @ 1: 0.9999
Validation Data Eval:
  Num examples: 256  Num correct: 149  Precision @ 1: 0.5820  AUC @ 1: 0.5826
Test Data Eval:
  Num examples: 512  Num correct: 248  Precision @ 1: 0.4844  AUC @ 1: 0.5821
