Training data shape: 	(3825, 64, 30, 1)
Training label shape:	(3825,)
Testing data shape:  	(510, 64, 30, 1)
Testing label shape: 	(510,)
max input value is: 14.3839135638
min input value is: -10.9262291682
random permuted training data
==============================================================================
Model: 			inference_global_s_cnn
Tensor Name: 	Placeholder:0
[128, 64, 30, 1]
==============================================================================
Tensor Name: conv1/conv1:0
[128, 1, 30, 4]
==============================================================================
Tensor Name: MaxPool:0
[128, 1, 15, 4]
==============================================================================
Tensor Name: local1/local1:0
[128, 128]
==============================================================================
Tensor Name: local2/local2:0
[128, 128]
==============================================================================
Tensor Name: softmax_linear/softmax_linear:0
[128, 2]
Step 0: loss = 0.7519 (0.023 sec)
Training Data Eval:
  Num examples: 3456  Num correct: 1945  Precision @ 1: 0.5628  AUC @ 1: 0.5157
Validation Data Eval:
  Num examples: 256  Num correct: 145  Precision @ 1: 0.5664  AUC @ 1: 0.5162
Test Data Eval:
  Num examples: 384  Num correct: 162  Precision @ 1: 0.4219  AUC @ 1: 0.6146
Step 200: loss = 0.7489 (0.009 sec)
Training Data Eval:
  Num examples: 3456  Num correct: 1968  Precision @ 1: 0.5694  AUC @ 1: 0.5772
Validation Data Eval:
  Num examples: 256  Num correct: 145  Precision @ 1: 0.5664  AUC @ 1: 0.6244
Test Data Eval:
  Num examples: 384  Num correct: 215  Precision @ 1: 0.5599  AUC @ 1: 0.6426
Step 400: loss = 0.7447 (0.010 sec)
Training Data Eval:
  Num examples: 3456  Num correct: 1974  Precision @ 1: 0.5712  AUC @ 1: 0.5909
Validation Data Eval:
  Num examples: 256  Num correct: 145  Precision @ 1: 0.5664  AUC @ 1: 0.6360
Test Data Eval:
  Num examples: 384  Num correct: 218  Precision @ 1: 0.5677  AUC @ 1: 0.6526
Step 600: loss = 0.7341 (0.009 sec)
Training Data Eval:
  Num examples: 3456  Num correct: 1947  Precision @ 1: 0.5634  AUC @ 1: 0.5922
Validation Data Eval:
  Num examples: 256  Num correct: 145  Precision @ 1: 0.5664  AUC @ 1: 0.6399
Test Data Eval:
  Num examples: 384  Num correct: 213  Precision @ 1: 0.5547  AUC @ 1: 0.6779
Step 800: loss = 0.7486 (0.010 sec)
Training Data Eval:
  Num examples: 3456  Num correct: 1956  Precision @ 1: 0.5660  AUC @ 1: 0.5953
Validation Data Eval:
  Num examples: 256  Num correct: 145  Precision @ 1: 0.5664  AUC @ 1: 0.6427
Test Data Eval:
  Num examples: 384  Num correct: 219  Precision @ 1: 0.5703  AUC @ 1: 0.6254
Step 1000: loss = 0.7425 (0.009 sec)
Training Data Eval:
  Num examples: 3456  Num correct: 1969  Precision @ 1: 0.5697  AUC @ 1: 0.5879
Validation Data Eval:
  Num examples: 256  Num correct: 145  Precision @ 1: 0.5664  AUC @ 1: 0.6436
Test Data Eval:
  Num examples: 384  Num correct: 215  Precision @ 1: 0.5599  AUC @ 1: 0.6235
Step 1200: loss = 0.7362 (0.009 sec)
Training Data Eval:
  Num examples: 3456  Num correct: 1950  Precision @ 1: 0.5642  AUC @ 1: 0.5958
Validation Data Eval:
  Num examples: 256  Num correct: 145  Precision @ 1: 0.5664  AUC @ 1: 0.6425
Test Data Eval:
  Num examples: 384  Num correct: 228  Precision @ 1: 0.5938  AUC @ 1: 0.6278
Step 1400: loss = 0.7370 (0.009 sec)
Training Data Eval:
  Num examples: 3456  Num correct: 1985  Precision @ 1: 0.5744  AUC @ 1: 0.5986
Validation Data Eval:
  Num examples: 256  Num correct: 145  Precision @ 1: 0.5664  AUC @ 1: 0.6413
Test Data Eval:
  Num examples: 384  Num correct: 218  Precision @ 1: 0.5677  AUC @ 1: 0.6361
Step 1600: loss = 0.7383 (0.009 sec)
Training Data Eval:
  Num examples: 3456  Num correct: 1938  Precision @ 1: 0.5608  AUC @ 1: 0.5912
Validation Data Eval:
  Num examples: 256  Num correct: 145  Precision @ 1: 0.5664  AUC @ 1: 0.6407
Test Data Eval:
  Num examples: 384  Num correct: 219  Precision @ 1: 0.5703  AUC @ 1: 0.6222
Step 1800: loss = 0.7193 (0.010 sec)
Training Data Eval:
  Num examples: 3456  Num correct: 1935  Precision @ 1: 0.5599  AUC @ 1: 0.6043
Validation Data Eval:
  Num examples: 256  Num correct: 145  Precision @ 1: 0.5664  AUC @ 1: 0.6419
Test Data Eval:
  Num examples: 384  Num correct: 223  Precision @ 1: 0.5807  AUC @ 1: 0.6445
Step 2000: loss = 0.7261 (0.010 sec)
Training Data Eval:
  Num examples: 3456  Num correct: 1908  Precision @ 1: 0.5521  AUC @ 1: 0.6083
Validation Data Eval:
  Num examples: 256  Num correct: 145  Precision @ 1: 0.5664  AUC @ 1: 0.6435
Test Data Eval:
  Num examples: 384  Num correct: 213  Precision @ 1: 0.5547  AUC @ 1: 0.6462
Step 2200: loss = 0.7171 (0.012 sec)
Training Data Eval:
  Num examples: 3456  Num correct: 1969  Precision @ 1: 0.5697  AUC @ 1: 0.6086
Validation Data Eval:
  Num examples: 256  Num correct: 145  Precision @ 1: 0.5664  AUC @ 1: 0.6459
Test Data Eval:
  Num examples: 384  Num correct: 211  Precision @ 1: 0.5495  AUC @ 1: 0.6124
Step 2400: loss = 0.7420 (0.009 sec)
Training Data Eval:
  Num examples: 3456  Num correct: 1972  Precision @ 1: 0.5706  AUC @ 1: 0.6105
Validation Data Eval:
  Num examples: 256  Num correct: 145  Precision @ 1: 0.5664  AUC @ 1: 0.6470
Test Data Eval:
  Num examples: 384  Num correct: 217  Precision @ 1: 0.5651  AUC @ 1: 0.6257
Step 2600: loss = 0.7103 (0.010 sec)
Training Data Eval:
  Num examples: 3456  Num correct: 1954  Precision @ 1: 0.5654  AUC @ 1: 0.6110
Validation Data Eval:
  Num examples: 256  Num correct: 145  Precision @ 1: 0.5664  AUC @ 1: 0.6498
Test Data Eval:
  Num examples: 384  Num correct: 209  Precision @ 1: 0.5443  AUC @ 1: 0.6222
Step 2800: loss = 0.7201 (0.009 sec)
Training Data Eval:
  Num examples: 3456  Num correct: 1928  Precision @ 1: 0.5579  AUC @ 1: 0.6167
Validation Data Eval:
  Num examples: 256  Num correct: 145  Precision @ 1: 0.5664  AUC @ 1: 0.6527
Test Data Eval:
  Num examples: 384  Num correct: 220  Precision @ 1: 0.5729  AUC @ 1: 0.6309
Step 3000: loss = 0.7035 (0.009 sec)
Training Data Eval:
  Num examples: 3456  Num correct: 1959  Precision @ 1: 0.5668  AUC @ 1: 0.6182
Validation Data Eval:
  Num examples: 256  Num correct: 145  Precision @ 1: 0.5664  AUC @ 1: 0.6567
Test Data Eval:
  Num examples: 384  Num correct: 213  Precision @ 1: 0.5547  AUC @ 1: 0.6545
Step 3200: loss = 0.7221 (0.011 sec)
Training Data Eval:
  Num examples: 3456  Num correct: 1956  Precision @ 1: 0.5660  AUC @ 1: 0.6202
Validation Data Eval:
  Num examples: 256  Num correct: 154  Precision @ 1: 0.6016  AUC @ 1: 0.6616
Test Data Eval:
  Num examples: 384  Num correct: 235  Precision @ 1: 0.6120  AUC @ 1: 0.6608
Step 3400: loss = 0.6953 (0.010 sec)
Training Data Eval:
  Num examples: 3456  Num correct: 1949  Precision @ 1: 0.5639  AUC @ 1: 0.6215
Validation Data Eval:
  Num examples: 256  Num correct: 151  Precision @ 1: 0.5898  AUC @ 1: 0.6649
Test Data Eval:
  Num examples: 384  Num correct: 232  Precision @ 1: 0.6042  AUC @ 1: 0.6354
Step 3600: loss = 0.7060 (0.009 sec)
Training Data Eval:
  Num examples: 3456  Num correct: 2006  Precision @ 1: 0.5804  AUC @ 1: 0.6186
Validation Data Eval:
  Num examples: 256  Num correct: 153  Precision @ 1: 0.5977  AUC @ 1: 0.6683
Test Data Eval:
  Num examples: 384  Num correct: 218  Precision @ 1: 0.5677  AUC @ 1: 0.6342
Step 3800: loss = 0.7251 (0.010 sec)
Training Data Eval:
  Num examples: 3456  Num correct: 2040  Precision @ 1: 0.5903  AUC @ 1: 0.6338
Validation Data Eval:
  Num examples: 256  Num correct: 158  Precision @ 1: 0.6172  AUC @ 1: 0.6701
Test Data Eval:
  Num examples: 384  Num correct: 225  Precision @ 1: 0.5859  AUC @ 1: 0.6682
Step 4000: loss = 0.7188 (0.010 sec)
Training Data Eval:
  Num examples: 3456  Num correct: 2027  Precision @ 1: 0.5865  AUC @ 1: 0.6273
Validation Data Eval:
  Num examples: 256  Num correct: 158  Precision @ 1: 0.6172  AUC @ 1: 0.6740
Test Data Eval:
  Num examples: 384  Num correct: 229  Precision @ 1: 0.5964  AUC @ 1: 0.6509
Step 4200: loss = 0.6825 (0.010 sec)
Training Data Eval:
  Num examples: 3456  Num correct: 2034  Precision @ 1: 0.5885  AUC @ 1: 0.6292
Validation Data Eval:
  Num examples: 256  Num correct: 159  Precision @ 1: 0.6211  AUC @ 1: 0.6792
Test Data Eval:
  Num examples: 384  Num correct: 233  Precision @ 1: 0.6068  AUC @ 1: 0.6903
Step 4400: loss = 0.6704 (0.009 sec)
Training Data Eval:
  Num examples: 3456  Num correct: 2039  Precision @ 1: 0.5900  AUC @ 1: 0.6296
Validation Data Eval:
  Num examples: 256  Num correct: 156  Precision @ 1: 0.6094  AUC @ 1: 0.6837
Test Data Eval:
  Num examples: 384  Num correct: 235  Precision @ 1: 0.6120  AUC @ 1: 0.6759
Step 4600: loss = 0.7091 (0.010 sec)
Training Data Eval:
  Num examples: 3456  Num correct: 2143  Precision @ 1: 0.6201  AUC @ 1: 0.6590
Validation Data Eval:
  Num examples: 256  Num correct: 161  Precision @ 1: 0.6289  AUC @ 1: 0.6905
Test Data Eval:
  Num examples: 384  Num correct: 228  Precision @ 1: 0.5938  AUC @ 1: 0.6887
Step 4800: loss = 0.7453 (0.009 sec)
Training Data Eval:
  Num examples: 3456  Num correct: 2111  Precision @ 1: 0.6108  AUC @ 1: 0.6555
Validation Data Eval:
  Num examples: 256  Num correct: 165  Precision @ 1: 0.6445  AUC @ 1: 0.6967
Test Data Eval:
  Num examples: 384  Num correct: 237  Precision @ 1: 0.6172  AUC @ 1: 0.7283
Step 5000: loss = 0.6866 (0.010 sec)
Training Data Eval:
  Num examples: 3456  Num correct: 2152  Precision @ 1: 0.6227  AUC @ 1: 0.6678
Validation Data Eval:
  Num examples: 256  Num correct: 164  Precision @ 1: 0.6406  AUC @ 1: 0.7010
Test Data Eval:
  Num examples: 384  Num correct: 220  Precision @ 1: 0.5729  AUC @ 1: 0.6946
Step 5200: loss = 0.6871 (0.009 sec)
Training Data Eval:
  Num examples: 3456  Num correct: 2129  Precision @ 1: 0.6160  AUC @ 1: 0.6720
Validation Data Eval:
  Num examples: 256  Num correct: 163  Precision @ 1: 0.6367  AUC @ 1: 0.7002
Test Data Eval:
  Num examples: 384  Num correct: 234  Precision @ 1: 0.6094  AUC @ 1: 0.6966
Step 5400: loss = 0.6894 (0.045 sec)
Training Data Eval:
  Num examples: 3456  Num correct: 2159  Precision @ 1: 0.6247  AUC @ 1: 0.6822
Validation Data Eval:
  Num examples: 256  Num correct: 164  Precision @ 1: 0.6406  AUC @ 1: 0.7030
Test Data Eval:
  Num examples: 384  Num correct: 240  Precision @ 1: 0.6250  AUC @ 1: 0.7305
Step 5600: loss = 0.6628 (0.009 sec)
Training Data Eval:
  Num examples: 3456  Num correct: 2204  Precision @ 1: 0.6377  AUC @ 1: 0.6982
Validation Data Eval:
  Num examples: 256  Num correct: 163  Precision @ 1: 0.6367  AUC @ 1: 0.7051
Test Data Eval:
  Num examples: 384  Num correct: 228  Precision @ 1: 0.5938  AUC @ 1: 0.6817
Step 5800: loss = 0.6666 (0.010 sec)
Training Data Eval:
  Num examples: 3456  Num correct: 2191  Precision @ 1: 0.6340  AUC @ 1: 0.6972
Validation Data Eval:
  Num examples: 256  Num correct: 164  Precision @ 1: 0.6406  AUC @ 1: 0.7070
Test Data Eval:
  Num examples: 384  Num correct: 225  Precision @ 1: 0.5859  AUC @ 1: 0.7070
Step 6000: loss = 0.6625 (0.008 sec)
Training Data Eval:
  Num examples: 3456  Num correct: 2217  Precision @ 1: 0.6415  AUC @ 1: 0.7118
Validation Data Eval:
  Num examples: 256  Num correct: 165  Precision @ 1: 0.6445  AUC @ 1: 0.7073
Test Data Eval:
  Num examples: 384  Num correct: 223  Precision @ 1: 0.5807  AUC @ 1: 0.7153
Step 6200: loss = 0.6913 (0.009 sec)
Training Data Eval:
  Num examples: 3456  Num correct: 2214  Precision @ 1: 0.6406  AUC @ 1: 0.7065
Validation Data Eval:
  Num examples: 256  Num correct: 166  Precision @ 1: 0.6484  AUC @ 1: 0.7081
Test Data Eval:
  Num examples: 384  Num correct: 228  Precision @ 1: 0.5938  AUC @ 1: 0.7191
Step 6400: loss = 0.6614 (0.009 sec)
Training Data Eval:
  Num examples: 3456  Num correct: 2248  Precision @ 1: 0.6505  AUC @ 1: 0.7149
Validation Data Eval:
  Num examples: 256  Num correct: 166  Precision @ 1: 0.6484  AUC @ 1: 0.7108
Test Data Eval:
  Num examples: 384  Num correct: 223  Precision @ 1: 0.5807  AUC @ 1: 0.7006
Step 6600: loss = 0.6637 (0.009 sec)
Training Data Eval:
  Num examples: 3456  Num correct: 2247  Precision @ 1: 0.6502  AUC @ 1: 0.7120
Validation Data Eval:
  Num examples: 256  Num correct: 165  Precision @ 1: 0.6445  AUC @ 1: 0.7130
Test Data Eval:
  Num examples: 384  Num correct: 215  Precision @ 1: 0.5599  AUC @ 1: 0.7146
Step 6800: loss = 0.6490 (0.009 sec)
Training Data Eval:
  Num examples: 3456  Num correct: 2255  Precision @ 1: 0.6525  AUC @ 1: 0.7055
Validation Data Eval:
  Num examples: 256  Num correct: 165  Precision @ 1: 0.6445  AUC @ 1: 0.7158
Test Data Eval:
  Num examples: 384  Num correct: 217  Precision @ 1: 0.5651  AUC @ 1: 0.7249
Step 7000: loss = 0.6291 (0.009 sec)
Training Data Eval:
  Num examples: 3456  Num correct: 2267  Precision @ 1: 0.6560  AUC @ 1: 0.7243
Validation Data Eval:
  Num examples: 256  Num correct: 165  Precision @ 1: 0.6445  AUC @ 1: 0.7173
Test Data Eval:
  Num examples: 384  Num correct: 222  Precision @ 1: 0.5781  AUC @ 1: 0.7230
Step 7200: loss = 0.6782 (0.008 sec)
Training Data Eval:
  Num examples: 3456  Num correct: 2274  Precision @ 1: 0.6580  AUC @ 1: 0.7214
Validation Data Eval:
  Num examples: 256  Num correct: 165  Precision @ 1: 0.6445  AUC @ 1: 0.7190
Test Data Eval:
  Num examples: 384  Num correct: 213  Precision @ 1: 0.5547  AUC @ 1: 0.7163
Step 7400: loss = 0.6046 (0.009 sec)
Training Data Eval:
  Num examples: 3456  Num correct: 2240  Precision @ 1: 0.6481  AUC @ 1: 0.7123
Validation Data Eval:
  Num examples: 256  Num correct: 167  Precision @ 1: 0.6523  AUC @ 1: 0.7207
Test Data Eval:
  Num examples: 384  Num correct: 220  Precision @ 1: 0.5729  AUC @ 1: 0.7245
Step 7600: loss = 0.6588 (0.010 sec)
Training Data Eval:
  Num examples: 3456  Num correct: 2297  Precision @ 1: 0.6646  AUC @ 1: 0.7219
Validation Data Eval:
  Num examples: 256  Num correct: 167  Precision @ 1: 0.6523  AUC @ 1: 0.7243
Test Data Eval:
  Num examples: 384  Num correct: 218  Precision @ 1: 0.5677  AUC @ 1: 0.7138
Step 7800: loss = 0.6242 (0.010 sec)
Training Data Eval:
  Num examples: 3456  Num correct: 2295  Precision @ 1: 0.6641  AUC @ 1: 0.7208
Validation Data Eval:
  Num examples: 256  Num correct: 166  Precision @ 1: 0.6484  AUC @ 1: 0.7283
Test Data Eval:
  Num examples: 384  Num correct: 214  Precision @ 1: 0.5573  AUC @ 1: 0.7272
Step 8000: loss = 0.6538 (0.010 sec)
Training Data Eval:
  Num examples: 3456  Num correct: 2304  Precision @ 1: 0.6667  AUC @ 1: 0.7285
Validation Data Eval:
  Num examples: 256  Num correct: 166  Precision @ 1: 0.6484  AUC @ 1: 0.7319
Test Data Eval:
  Num examples: 384  Num correct: 213  Precision @ 1: 0.5547  AUC @ 1: 0.7141
Step 8200: loss = 0.6665 (0.009 sec)
Training Data Eval:
  Num examples: 3456  Num correct: 2318  Precision @ 1: 0.6707  AUC @ 1: 0.7284
Validation Data Eval:
  Num examples: 256  Num correct: 168  Precision @ 1: 0.6562  AUC @ 1: 0.7354
Test Data Eval:
  Num examples: 384  Num correct: 221  Precision @ 1: 0.5755  AUC @ 1: 0.7367
Step 8400: loss = 0.6151 (0.009 sec)
Training Data Eval:
  Num examples: 3456  Num correct: 2338  Precision @ 1: 0.6765  AUC @ 1: 0.7374
Validation Data Eval:
  Num examples: 256  Num correct: 168  Precision @ 1: 0.6562  AUC @ 1: 0.7407
Test Data Eval:
  Num examples: 384  Num correct: 214  Precision @ 1: 0.5573  AUC @ 1: 0.7383
Step 8600: loss = 0.6387 (0.009 sec)
Training Data Eval:
  Num examples: 3456  Num correct: 2348  Precision @ 1: 0.6794  AUC @ 1: 0.7387
Validation Data Eval:
  Num examples: 256  Num correct: 169  Precision @ 1: 0.6602  AUC @ 1: 0.7457
Test Data Eval:
  Num examples: 384  Num correct: 218  Precision @ 1: 0.5677  AUC @ 1: 0.7221
Step 8800: loss = 0.6299 (0.010 sec)
Training Data Eval:
  Num examples: 3456  Num correct: 2381  Precision @ 1: 0.6889  AUC @ 1: 0.7500
Validation Data Eval:
  Num examples: 256  Num correct: 170  Precision @ 1: 0.6641  AUC @ 1: 0.7499
Test Data Eval:
  Num examples: 384  Num correct: 222  Precision @ 1: 0.5781  AUC @ 1: 0.7328
Step 9000: loss = 0.6225 (0.014 sec)
Training Data Eval:
  Num examples: 3456  Num correct: 2350  Precision @ 1: 0.6800  AUC @ 1: 0.7480
Validation Data Eval:
  Num examples: 256  Num correct: 172  Precision @ 1: 0.6719  AUC @ 1: 0.7521
Test Data Eval:
  Num examples: 384  Num correct: 221  Precision @ 1: 0.5755  AUC @ 1: 0.7161
Step 9200: loss = 0.6694 (0.010 sec)
Training Data Eval:
  Num examples: 3456  Num correct: 2385  Precision @ 1: 0.6901  AUC @ 1: 0.7554
Validation Data Eval:
  Num examples: 256  Num correct: 174  Precision @ 1: 0.6797  AUC @ 1: 0.7567
Test Data Eval:
  Num examples: 384  Num correct: 229  Precision @ 1: 0.5964  AUC @ 1: 0.7435
Step 9400: loss = 0.6373 (0.010 sec)
Training Data Eval:
  Num examples: 3456  Num correct: 2342  Precision @ 1: 0.6777  AUC @ 1: 0.7488
Validation Data Eval:
  Num examples: 256  Num correct: 176  Precision @ 1: 0.6875  AUC @ 1: 0.7607
Test Data Eval:
  Num examples: 384  Num correct: 231  Precision @ 1: 0.6016  AUC @ 1: 0.7416
Step 9600: loss = 0.6067 (0.009 sec)
Training Data Eval:
  Num examples: 3456  Num correct: 2365  Precision @ 1: 0.6843  AUC @ 1: 0.7507
Validation Data Eval:
  Num examples: 256  Num correct: 177  Precision @ 1: 0.6914  AUC @ 1: 0.7630
Test Data Eval:
  Num examples: 384  Num correct: 222  Precision @ 1: 0.5781  AUC @ 1: 0.7381
Step 9800: loss = 0.6741 (0.009 sec)
Training Data Eval:
  Num examples: 3456  Num correct: 2390  Precision @ 1: 0.6916  AUC @ 1: 0.7586
Validation Data Eval:
  Num examples: 256  Num correct: 178  Precision @ 1: 0.6953  AUC @ 1: 0.7667
Test Data Eval:
  Num examples: 384  Num correct: 223  Precision @ 1: 0.5807  AUC @ 1: 0.7396
