Training data shape: 	(10000, 64, 64, 1)
Training label shape:	(10000,)
Testing data shape:  	(1910, 64, 64, 1)
Testing label shape: 	(1910,)
max input value is: 153.458
min input value is: -104.189
random permuted training data
==============================================================================
Model: 			inference_global_s_cnn
Tensor Name: 	Placeholder:0
[64, 64, 64, 1]
==============================================================================
Tensor Name: conv1/conv1:0
[64, 1, 64, 8]
==============================================================================
Tensor Name: local1/local1:0
[64, 128]
==============================================================================
Tensor Name: local2/local2:0
[64, 128]
==============================================================================
Tensor Name: softmax_linear/softmax_linear:0
[64, 2]
Step 0: loss = 0.8948 (0.020 sec)
Training Data Eval:
  Num examples: 8960  Num correct: 4999  Precision @ 1: 0.5579  AUC @ 1: 0.6945
Validation Data Eval:
  Num examples: 960  Num correct: 552  Precision @ 1: 0.5750  AUC @ 1: 0.6715
Test Data Eval:
  Num examples: 1856  Num correct: 1063  Precision @ 1: 0.5727  AUC @ 1: 0.6339
Step 100: loss = 0.8592 (0.010 sec)
Training Data Eval:
  Num examples: 8960  Num correct: 6482  Precision @ 1: 0.7234  AUC @ 1: 0.7541
Validation Data Eval:
  Num examples: 960  Num correct: 687  Precision @ 1: 0.7156  AUC @ 1: 0.7435
Test Data Eval:
  Num examples: 1856  Num correct: 1233  Precision @ 1: 0.6643  AUC @ 1: 0.7043
Step 200: loss = 0.7992 (0.010 sec)
Training Data Eval:
  Num examples: 8960  Num correct: 6837  Precision @ 1: 0.7631  AUC @ 1: 0.8123
Validation Data Eval:
  Num examples: 960  Num correct: 724  Precision @ 1: 0.7542  AUC @ 1: 0.7945
Test Data Eval:
  Num examples: 1856  Num correct: 1303  Precision @ 1: 0.7020  AUC @ 1: 0.7294
Step 300: loss = 0.7802 (0.011 sec)
Training Data Eval:
  Num examples: 8960  Num correct: 7056  Precision @ 1: 0.7875  AUC @ 1: 0.8430
Validation Data Eval:
  Num examples: 960  Num correct: 741  Precision @ 1: 0.7719  AUC @ 1: 0.8128
Test Data Eval:
  Num examples: 1856  Num correct: 1333  Precision @ 1: 0.7182  AUC @ 1: 0.7444
Step 400: loss = 0.6808 (0.011 sec)
Training Data Eval:
  Num examples: 8960  Num correct: 7147  Precision @ 1: 0.7977  AUC @ 1: 0.8626
Validation Data Eval:
  Num examples: 960  Num correct: 754  Precision @ 1: 0.7854  AUC @ 1: 0.8526
Test Data Eval:
  Num examples: 1856  Num correct: 1339  Precision @ 1: 0.7214  AUC @ 1: 0.7562
Step 500: loss = 0.5387 (0.011 sec)
Training Data Eval:
  Num examples: 8960  Num correct: 7175  Precision @ 1: 0.8008  AUC @ 1: 0.8777
Validation Data Eval:
  Num examples: 960  Num correct: 735  Precision @ 1: 0.7656  AUC @ 1: 0.8621
Test Data Eval:
  Num examples: 1856  Num correct: 1353  Precision @ 1: 0.7290  AUC @ 1: 0.7827
Step 600: loss = 0.6431 (0.011 sec)
Training Data Eval:
  Num examples: 8960  Num correct: 7375  Precision @ 1: 0.8231  AUC @ 1: 0.8904
Validation Data Eval:
  Num examples: 960  Num correct: 755  Precision @ 1: 0.7865  AUC @ 1: 0.8610
Test Data Eval:
  Num examples: 1856  Num correct: 1361  Precision @ 1: 0.7333  AUC @ 1: 0.7812
Step 700: loss = 0.5876 (0.096 sec)
Training Data Eval:
  Num examples: 8960  Num correct: 7507  Precision @ 1: 0.8378  AUC @ 1: 0.9016
Validation Data Eval:
  Num examples: 960  Num correct: 777  Precision @ 1: 0.8094  AUC @ 1: 0.8775
Test Data Eval:
  Num examples: 1856  Num correct: 1373  Precision @ 1: 0.7398  AUC @ 1: 0.7793
Step 800: loss = 0.4776 (0.010 sec)
Training Data Eval:
  Num examples: 8960  Num correct: 7488  Precision @ 1: 0.8357  AUC @ 1: 0.9014
Validation Data Eval:
  Num examples: 960  Num correct: 778  Precision @ 1: 0.8104  AUC @ 1: 0.8736
Test Data Eval:
  Num examples: 1856  Num correct: 1361  Precision @ 1: 0.7333  AUC @ 1: 0.7792
Step 900: loss = 0.4275 (0.011 sec)
Training Data Eval:
  Num examples: 8960  Num correct: 7610  Precision @ 1: 0.8493  AUC @ 1: 0.9170
Validation Data Eval:
  Num examples: 960  Num correct: 778  Precision @ 1: 0.8104  AUC @ 1: 0.8766
Test Data Eval:
  Num examples: 1856  Num correct: 1390  Precision @ 1: 0.7489  AUC @ 1: 0.7782
Step 1000: loss = 0.6135 (0.009 sec)
Training Data Eval:
  Num examples: 8960  Num correct: 7588  Precision @ 1: 0.8469  AUC @ 1: 0.9165
Validation Data Eval:
  Num examples: 960  Num correct: 786  Precision @ 1: 0.8187  AUC @ 1: 0.8832
Test Data Eval:
  Num examples: 1856  Num correct: 1387  Precision @ 1: 0.7473  AUC @ 1: 0.7978
Step 1100: loss = 0.5148 (0.010 sec)
Training Data Eval:
  Num examples: 8960  Num correct: 7711  Precision @ 1: 0.8606  AUC @ 1: 0.9256
Validation Data Eval:
  Num examples: 960  Num correct: 784  Precision @ 1: 0.8167  AUC @ 1: 0.8911
Test Data Eval:
  Num examples: 1856  Num correct: 1376  Precision @ 1: 0.7414  AUC @ 1: 0.7900
Step 1200: loss = 0.5416 (0.010 sec)
Training Data Eval:
  Num examples: 8960  Num correct: 7697  Precision @ 1: 0.8590  AUC @ 1: 0.9299
Validation Data Eval:
  Num examples: 960  Num correct: 776  Precision @ 1: 0.8083  AUC @ 1: 0.8740
Test Data Eval:
  Num examples: 1856  Num correct: 1389  Precision @ 1: 0.7484  AUC @ 1: 0.7706
Step 1300: loss = 0.4547 (0.011 sec)
Training Data Eval:
  Num examples: 8960  Num correct: 7776  Precision @ 1: 0.8679  AUC @ 1: 0.9334
Validation Data Eval:
  Num examples: 960  Num correct: 765  Precision @ 1: 0.7969  AUC @ 1: 0.8779
Test Data Eval:
  Num examples: 1856  Num correct: 1359  Precision @ 1: 0.7322  AUC @ 1: 0.7809
Step 1400: loss = 0.5425 (0.094 sec)
Training Data Eval:
  Num examples: 8960  Num correct: 7618  Precision @ 1: 0.8502  AUC @ 1: 0.9290
Validation Data Eval:
  Num examples: 960  Num correct: 765  Precision @ 1: 0.7969  AUC @ 1: 0.8782
Test Data Eval:
  Num examples: 1856  Num correct: 1334  Precision @ 1: 0.7188  AUC @ 1: 0.7602
Step 1500: loss = 0.4717 (0.010 sec)
Training Data Eval:
  Num examples: 8960  Num correct: 7811  Precision @ 1: 0.8718  AUC @ 1: 0.9365
Validation Data Eval:
  Num examples: 960  Num correct: 776  Precision @ 1: 0.8083  AUC @ 1: 0.8791
Test Data Eval:
  Num examples: 1856  Num correct: 1339  Precision @ 1: 0.7214  AUC @ 1: 0.7777
Step 1600: loss = 0.4262 (0.011 sec)
Training Data Eval:
  Num examples: 8960  Num correct: 7861  Precision @ 1: 0.8773  AUC @ 1: 0.9430
Validation Data Eval:
  Num examples: 960  Num correct: 770  Precision @ 1: 0.8021  AUC @ 1: 0.8775
Test Data Eval:
  Num examples: 1856  Num correct: 1390  Precision @ 1: 0.7489  AUC @ 1: 0.7951
Step 1700: loss = 0.4367 (0.011 sec)
Training Data Eval:
  Num examples: 8960  Num correct: 7888  Precision @ 1: 0.8804  AUC @ 1: 0.9489
Validation Data Eval:
  Num examples: 960  Num correct: 769  Precision @ 1: 0.8010  AUC @ 1: 0.8687
Test Data Eval:
  Num examples: 1856  Num correct: 1371  Precision @ 1: 0.7387  AUC @ 1: 0.7890
Step 1800: loss = 0.2798 (0.010 sec)
Training Data Eval:
  Num examples: 8960  Num correct: 7877  Precision @ 1: 0.8791  AUC @ 1: 0.9497
Validation Data Eval:
  Num examples: 960  Num correct: 762  Precision @ 1: 0.7937  AUC @ 1: 0.8797
Test Data Eval:
  Num examples: 1856  Num correct: 1347  Precision @ 1: 0.7258  AUC @ 1: 0.7798
Step 1900: loss = 0.3415 (0.010 sec)
Training Data Eval:
  Num examples: 8960  Num correct: 7882  Precision @ 1: 0.8797  AUC @ 1: 0.9450
Validation Data Eval:
  Num examples: 960  Num correct: 781  Precision @ 1: 0.8135  AUC @ 1: 0.8837
Test Data Eval:
  Num examples: 1856  Num correct: 1388  Precision @ 1: 0.7478  AUC @ 1: 0.7870
Step 2000: loss = 0.4928 (0.010 sec)
Training Data Eval:
  Num examples: 8960  Num correct: 7970  Precision @ 1: 0.8895  AUC @ 1: 0.9555
Validation Data Eval:
  Num examples: 960  Num correct: 767  Precision @ 1: 0.7990  AUC @ 1: 0.8822
Test Data Eval:
  Num examples: 1856  Num correct: 1352  Precision @ 1: 0.7284  AUC @ 1: 0.7858
Step 2100: loss = 0.4556 (0.093 sec)
Training Data Eval:
  Num examples: 8960  Num correct: 7992  Precision @ 1: 0.8920  AUC @ 1: 0.9546
Validation Data Eval:
  Num examples: 960  Num correct: 776  Precision @ 1: 0.8083  AUC @ 1: 0.8745
Test Data Eval:
  Num examples: 1856  Num correct: 1352  Precision @ 1: 0.7284  AUC @ 1: 0.7721
Step 2200: loss = 0.3888 (0.010 sec)
Training Data Eval:
  Num examples: 8960  Num correct: 8047  Precision @ 1: 0.8981  AUC @ 1: 0.9640
Validation Data Eval:
  Num examples: 960  Num correct: 767  Precision @ 1: 0.7990  AUC @ 1: 0.8754
Test Data Eval:
  Num examples: 1856  Num correct: 1361  Precision @ 1: 0.7333  AUC @ 1: 0.7718
Step 2300: loss = 0.4493 (0.011 sec)
Training Data Eval:
  Num examples: 8960  Num correct: 8168  Precision @ 1: 0.9116  AUC @ 1: 0.9647
Validation Data Eval:
  Num examples: 960  Num correct: 773  Precision @ 1: 0.8052  AUC @ 1: 0.8782
Test Data Eval:
  Num examples: 1856  Num correct: 1360  Precision @ 1: 0.7328  AUC @ 1: 0.7806
Step 2400: loss = 0.3433 (0.012 sec)
Training Data Eval:
  Num examples: 8960  Num correct: 8118  Precision @ 1: 0.9060  AUC @ 1: 0.9708
Validation Data Eval:
  Num examples: 960  Num correct: 776  Precision @ 1: 0.8083  AUC @ 1: 0.8795
Test Data Eval:
  Num examples: 1856  Num correct: 1348  Precision @ 1: 0.7263  AUC @ 1: 0.7637
Step 2500: loss = 0.3481 (0.010 sec)
Training Data Eval:
  Num examples: 8960  Num correct: 7961  Precision @ 1: 0.8885  AUC @ 1: 0.9590
Validation Data Eval:
  Num examples: 960  Num correct: 756  Precision @ 1: 0.7875  AUC @ 1: 0.8741
Test Data Eval:
  Num examples: 1856  Num correct: 1322  Precision @ 1: 0.7123  AUC @ 1: 0.7813
Step 2600: loss = 0.3228 (0.010 sec)
Training Data Eval:
  Num examples: 8960  Num correct: 8208  Precision @ 1: 0.9161  AUC @ 1: 0.9711
Validation Data Eval:
  Num examples: 960  Num correct: 766  Precision @ 1: 0.7979  AUC @ 1: 0.8770
Test Data Eval:
  Num examples: 1856  Num correct: 1349  Precision @ 1: 0.7268  AUC @ 1: 0.7785
Step 2700: loss = 0.3436 (0.010 sec)
Training Data Eval:
  Num examples: 8960  Num correct: 8322  Precision @ 1: 0.9288  AUC @ 1: 0.9758
Validation Data Eval:
  Num examples: 960  Num correct: 776  Precision @ 1: 0.8083  AUC @ 1: 0.8788
Test Data Eval:
  Num examples: 1856  Num correct: 1375  Precision @ 1: 0.7408  AUC @ 1: 0.7780
Step 2800: loss = 0.3842 (0.097 sec)
Training Data Eval:
  Num examples: 8960  Num correct: 8281  Precision @ 1: 0.9242  AUC @ 1: 0.9766
Validation Data Eval:
  Num examples: 960  Num correct: 776  Precision @ 1: 0.8083  AUC @ 1: 0.8808
Test Data Eval:
  Num examples: 1856  Num correct: 1370  Precision @ 1: 0.7381  AUC @ 1: 0.7801
Step 2900: loss = 0.3628 (0.011 sec)
Training Data Eval:
  Num examples: 8960  Num correct: 8287  Precision @ 1: 0.9249  AUC @ 1: 0.9773
Validation Data Eval:
  Num examples: 960  Num correct: 766  Precision @ 1: 0.7979  AUC @ 1: 0.8722
Test Data Eval:
  Num examples: 1856  Num correct: 1363  Precision @ 1: 0.7344  AUC @ 1: 0.7790
Step 3000: loss = 0.3975 (0.010 sec)
Training Data Eval:
  Num examples: 8960  Num correct: 8320  Precision @ 1: 0.9286  AUC @ 1: 0.9788
Validation Data Eval:
  Num examples: 960  Num correct: 766  Precision @ 1: 0.7979  AUC @ 1: 0.8757
Test Data Eval:
  Num examples: 1856  Num correct: 1371  Precision @ 1: 0.7387  AUC @ 1: 0.7839
Step 3100: loss = 0.3595 (0.011 sec)
Training Data Eval:
  Num examples: 8960  Num correct: 8077  Precision @ 1: 0.9015  AUC @ 1: 0.9794
Validation Data Eval:
  Num examples: 960  Num correct: 774  Precision @ 1: 0.8063  AUC @ 1: 0.8689
Test Data Eval:
  Num examples: 1856  Num correct: 1382  Precision @ 1: 0.7446  AUC @ 1: 0.7782
Step 3200: loss = 0.3889 (0.010 sec)
Training Data Eval:
  Num examples: 8960  Num correct: 8366  Precision @ 1: 0.9337  AUC @ 1: 0.9806
Validation Data Eval:
  Num examples: 960  Num correct: 770  Precision @ 1: 0.8021  AUC @ 1: 0.8625
Test Data Eval:
  Num examples: 1856  Num correct: 1344  Precision @ 1: 0.7241  AUC @ 1: 0.7704
Step 3300: loss = 0.3853 (0.010 sec)
Training Data Eval:
  Num examples: 8960  Num correct: 8428  Precision @ 1: 0.9406  AUC @ 1: 0.9831
Validation Data Eval:
  Num examples: 960  Num correct: 755  Precision @ 1: 0.7865  AUC @ 1: 0.8611
Test Data Eval:
  Num examples: 1856  Num correct: 1336  Precision @ 1: 0.7198  AUC @ 1: 0.7766
Step 3400: loss = 0.2806 (0.010 sec)
Training Data Eval:
  Num examples: 8960  Num correct: 8414  Precision @ 1: 0.9391  AUC @ 1: 0.9848
Validation Data Eval:
  Num examples: 960  Num correct: 777  Precision @ 1: 0.8094  AUC @ 1: 0.8722
Test Data Eval:
  Num examples: 1856  Num correct: 1392  Precision @ 1: 0.7500  AUC @ 1: 0.7911
Step 3500: loss = 0.3009 (0.086 sec)
Training Data Eval:
  Num examples: 8960  Num correct: 8295  Precision @ 1: 0.9258  AUC @ 1: 0.9844
Validation Data Eval:
  Num examples: 960  Num correct: 774  Precision @ 1: 0.8063  AUC @ 1: 0.8733
Test Data Eval:
  Num examples: 1856  Num correct: 1372  Precision @ 1: 0.7392  AUC @ 1: 0.7787
Step 3600: loss = 0.3737 (0.011 sec)
Training Data Eval:
  Num examples: 8960  Num correct: 8484  Precision @ 1: 0.9469  AUC @ 1: 0.9850
Validation Data Eval:
  Num examples: 960  Num correct: 766  Precision @ 1: 0.7979  AUC @ 1: 0.8711
Test Data Eval:
  Num examples: 1856  Num correct: 1365  Precision @ 1: 0.7355  AUC @ 1: 0.7841
Step 3700: loss = 0.3025 (0.011 sec)
Training Data Eval:
  Num examples: 8960  Num correct: 8511  Precision @ 1: 0.9499  AUC @ 1: 0.9877
Validation Data Eval:
  Num examples: 960  Num correct: 757  Precision @ 1: 0.7885  AUC @ 1: 0.8759
Test Data Eval:
  Num examples: 1856  Num correct: 1362  Precision @ 1: 0.7338  AUC @ 1: 0.7840
Step 3800: loss = 0.2708 (0.010 sec)
Training Data Eval:
  Num examples: 8960  Num correct: 8398  Precision @ 1: 0.9373  AUC @ 1: 0.9878
Validation Data Eval:
  Num examples: 960  Num correct: 768  Precision @ 1: 0.8000  AUC @ 1: 0.8751
Test Data Eval:
  Num examples: 1856  Num correct: 1356  Precision @ 1: 0.7306  AUC @ 1: 0.7763
Step 3900: loss = 0.2510 (0.011 sec)
Training Data Eval:
  Num examples: 8960  Num correct: 8491  Precision @ 1: 0.9477  AUC @ 1: 0.9878
Validation Data Eval:
  Num examples: 960  Num correct: 769  Precision @ 1: 0.8010  AUC @ 1: 0.8721
Test Data Eval:
  Num examples: 1856  Num correct: 1337  Precision @ 1: 0.7204  AUC @ 1: 0.7655
Step 4000: loss = 0.2793 (0.010 sec)
Training Data Eval:
  Num examples: 8960  Num correct: 8483  Precision @ 1: 0.9468  AUC @ 1: 0.9869
Validation Data Eval:
  Num examples: 960  Num correct: 764  Precision @ 1: 0.7958  AUC @ 1: 0.8671
Test Data Eval:
  Num examples: 1856  Num correct: 1339  Precision @ 1: 0.7214  AUC @ 1: 0.7698
Step 4100: loss = 0.3602 (0.010 sec)
Training Data Eval:
  Num examples: 8960  Num correct: 8532  Precision @ 1: 0.9522  AUC @ 1: 0.9907
Validation Data Eval:
  Num examples: 960  Num correct: 742  Precision @ 1: 0.7729  AUC @ 1: 0.8637
Test Data Eval:
  Num examples: 1856  Num correct: 1292  Precision @ 1: 0.6961  AUC @ 1: 0.7616
Step 4200: loss = 0.3099 (0.099 sec)
Training Data Eval:
  Num examples: 8960  Num correct: 8545  Precision @ 1: 0.9537  AUC @ 1: 0.9917
Validation Data Eval:
  Num examples: 960  Num correct: 739  Precision @ 1: 0.7698  AUC @ 1: 0.8643
Test Data Eval:
  Num examples: 1856  Num correct: 1332  Precision @ 1: 0.7177  AUC @ 1: 0.7685
Step 4300: loss = 0.3939 (0.011 sec)
Training Data Eval:
  Num examples: 8960  Num correct: 8579  Precision @ 1: 0.9575  AUC @ 1: 0.9913
Validation Data Eval:
  Num examples: 960  Num correct: 767  Precision @ 1: 0.7990  AUC @ 1: 0.8677
Test Data Eval:
  Num examples: 1856  Num correct: 1349  Precision @ 1: 0.7268  AUC @ 1: 0.7740
Step 4400: loss = 0.3425 (0.011 sec)
Training Data Eval:
  Num examples: 8960  Num correct: 8545  Precision @ 1: 0.9537  AUC @ 1: 0.9927
Validation Data Eval:
  Num examples: 960  Num correct: 765  Precision @ 1: 0.7969  AUC @ 1: 0.8625
Test Data Eval:
  Num examples: 1856  Num correct: 1352  Precision @ 1: 0.7284  AUC @ 1: 0.7591
Step 4500: loss = 0.3649 (0.011 sec)
Training Data Eval:
  Num examples: 8960  Num correct: 8661  Precision @ 1: 0.9666  AUC @ 1: 0.9932
Validation Data Eval:
  Num examples: 960  Num correct: 769  Precision @ 1: 0.8010  AUC @ 1: 0.8680
Test Data Eval:
  Num examples: 1856  Num correct: 1337  Precision @ 1: 0.7204  AUC @ 1: 0.7753
Step 4600: loss = 0.3078 (0.011 sec)
Training Data Eval:
  Num examples: 8960  Num correct: 8545  Precision @ 1: 0.9537  AUC @ 1: 0.9928
Validation Data Eval:
  Num examples: 960  Num correct: 763  Precision @ 1: 0.7948  AUC @ 1: 0.8648
Test Data Eval:
  Num examples: 1856  Num correct: 1357  Precision @ 1: 0.7311  AUC @ 1: 0.7760
Step 4700: loss = 0.2627 (0.011 sec)
Training Data Eval:
  Num examples: 8960  Num correct: 8572  Precision @ 1: 0.9567  AUC @ 1: 0.9910
Validation Data Eval:
  Num examples: 960  Num correct: 752  Precision @ 1: 0.7833  AUC @ 1: 0.8624
Test Data Eval:
  Num examples: 1856  Num correct: 1343  Precision @ 1: 0.7236  AUC @ 1: 0.7708
Step 4800: loss = 0.3398 (0.011 sec)
Training Data Eval:
  Num examples: 8960  Num correct: 8596  Precision @ 1: 0.9594  AUC @ 1: 0.9929
Validation Data Eval:
  Num examples: 960  Num correct: 752  Precision @ 1: 0.7833  AUC @ 1: 0.8704
Test Data Eval:
  Num examples: 1856  Num correct: 1335  Precision @ 1: 0.7193  AUC @ 1: 0.7822
Step 4900: loss = 0.4084 (0.097 sec)
Training Data Eval:
  Num examples: 8960  Num correct: 8613  Precision @ 1: 0.9613  AUC @ 1: 0.9943
Validation Data Eval:
  Num examples: 960  Num correct: 766  Precision @ 1: 0.7979  AUC @ 1: 0.8698
Test Data Eval:
  Num examples: 1856  Num correct: 1378  Precision @ 1: 0.7425  AUC @ 1: 0.7832
Step 5000: loss = 0.3122 (0.011 sec)
Training Data Eval:
  Num examples: 8960  Num correct: 8574  Precision @ 1: 0.9569  AUC @ 1: 0.9926
Validation Data Eval:
  Num examples: 960  Num correct: 765  Precision @ 1: 0.7969  AUC @ 1: 0.8643
Test Data Eval:
  Num examples: 1856  Num correct: 1323  Precision @ 1: 0.7128  AUC @ 1: 0.7744
Step 5100: loss = 0.2549 (0.010 sec)
Training Data Eval:
  Num examples: 8960  Num correct: 8686  Precision @ 1: 0.9694  AUC @ 1: 0.9949
Validation Data Eval:
  Num examples: 960  Num correct: 755  Precision @ 1: 0.7865  AUC @ 1: 0.8638
Test Data Eval:
  Num examples: 1856  Num correct: 1362  Precision @ 1: 0.7338  AUC @ 1: 0.7783
Step 5200: loss = 0.3240 (0.011 sec)
Training Data Eval:
  Num examples: 8960  Num correct: 8691  Precision @ 1: 0.9700  AUC @ 1: 0.9954
Validation Data Eval:
  Num examples: 960  Num correct: 753  Precision @ 1: 0.7844  AUC @ 1: 0.8668
Test Data Eval:
  Num examples: 1856  Num correct: 1349  Precision @ 1: 0.7268  AUC @ 1: 0.7719
Step 5300: loss = 0.4169 (0.010 sec)
Training Data Eval:
  Num examples: 8960  Num correct: 8662  Precision @ 1: 0.9667  AUC @ 1: 0.9945
Validation Data Eval:
  Num examples: 960  Num correct: 754  Precision @ 1: 0.7854  AUC @ 1: 0.8639
Test Data Eval:
  Num examples: 1856  Num correct: 1323  Precision @ 1: 0.7128  AUC @ 1: 0.7642
Step 5400: loss = 0.3442 (0.011 sec)
Training Data Eval:
  Num examples: 8960  Num correct: 8683  Precision @ 1: 0.9691  AUC @ 1: 0.9958
Validation Data Eval:
  Num examples: 960  Num correct: 756  Precision @ 1: 0.7875  AUC @ 1: 0.8637
Test Data Eval:
  Num examples: 1856  Num correct: 1348  Precision @ 1: 0.7263  AUC @ 1: 0.7729
Step 5500: loss = 0.3498 (0.010 sec)
Training Data Eval:
  Num examples: 8960  Num correct: 8690  Precision @ 1: 0.9699  AUC @ 1: 0.9959
Validation Data Eval:
  Num examples: 960  Num correct: 766  Precision @ 1: 0.7979  AUC @ 1: 0.8668
Test Data Eval:
  Num examples: 1856  Num correct: 1349  Precision @ 1: 0.7268  AUC @ 1: 0.7763
Step 5600: loss = 0.2679 (0.087 sec)
Training Data Eval:
  Num examples: 8960  Num correct: 8571  Precision @ 1: 0.9566  AUC @ 1: 0.9943
Validation Data Eval:
  Num examples: 960  Num correct: 740  Precision @ 1: 0.7708  AUC @ 1: 0.8623
Test Data Eval:
  Num examples: 1856  Num correct: 1284  Precision @ 1: 0.6918  AUC @ 1: 0.7752
Step 5700: loss = 0.2782 (0.010 sec)
Training Data Eval:
  Num examples: 8960  Num correct: 8090  Precision @ 1: 0.9029  AUC @ 1: 0.9890
Validation Data Eval:
  Num examples: 960  Num correct: 707  Precision @ 1: 0.7365  AUC @ 1: 0.8503
Test Data Eval:
  Num examples: 1856  Num correct: 1212  Precision @ 1: 0.6530  AUC @ 1: 0.7599
Step 5800: loss = 0.3791 (0.011 sec)
Training Data Eval:
  Num examples: 8960  Num correct: 8639  Precision @ 1: 0.9642  AUC @ 1: 0.9947
Validation Data Eval:
  Num examples: 960  Num correct: 752  Precision @ 1: 0.7833  AUC @ 1: 0.8615
Test Data Eval:
  Num examples: 1856  Num correct: 1367  Precision @ 1: 0.7365  AUC @ 1: 0.7830
Step 5900: loss = 0.3440 (0.010 sec)
Training Data Eval:
  Num examples: 8960  Num correct: 8721  Precision @ 1: 0.9733  AUC @ 1: 0.9963
Validation Data Eval:
  Num examples: 960  Num correct: 757  Precision @ 1: 0.7885  AUC @ 1: 0.8561
Test Data Eval:
  Num examples: 1856  Num correct: 1341  Precision @ 1: 0.7225  AUC @ 1: 0.7683
Step 6000: loss = 0.2861 (0.010 sec)
Training Data Eval:
  Num examples: 8960  Num correct: 8729  Precision @ 1: 0.9742  AUC @ 1: 0.9970
Validation Data Eval:
  Num examples: 960  Num correct: 754  Precision @ 1: 0.7854  AUC @ 1: 0.8615
Test Data Eval:
  Num examples: 1856  Num correct: 1337  Precision @ 1: 0.7204  AUC @ 1: 0.7731
Step 6100: loss = 0.3045 (0.010 sec)
Training Data Eval:
  Num examples: 8960  Num correct: 8706  Precision @ 1: 0.9717  AUC @ 1: 0.9959
Validation Data Eval:
  Num examples: 960  Num correct: 762  Precision @ 1: 0.7937  AUC @ 1: 0.8611
Test Data Eval:
  Num examples: 1856  Num correct: 1321  Precision @ 1: 0.7117  AUC @ 1: 0.7683
Step 6200: loss = 0.2926 (0.011 sec)
Training Data Eval:
  Num examples: 8960  Num correct: 8602  Precision @ 1: 0.9600  AUC @ 1: 0.9967
Validation Data Eval:
  Num examples: 960  Num correct: 757  Precision @ 1: 0.7885  AUC @ 1: 0.8605
Test Data Eval:
  Num examples: 1856  Num correct: 1343  Precision @ 1: 0.7236  AUC @ 1: 0.7612
Step 6300: loss = 0.2738 (0.099 sec)
Training Data Eval:
  Num examples: 8960  Num correct: 8764  Precision @ 1: 0.9781  AUC @ 1: 0.9979
Validation Data Eval:
  Num examples: 960  Num correct: 756  Precision @ 1: 0.7875  AUC @ 1: 0.8568
Test Data Eval:
  Num examples: 1856  Num correct: 1315  Precision @ 1: 0.7085  AUC @ 1: 0.7647
Step 6400: loss = 0.4218 (0.011 sec)
Training Data Eval:
  Num examples: 8960  Num correct: 8693  Precision @ 1: 0.9702  AUC @ 1: 0.9957
Validation Data Eval:
  Num examples: 960  Num correct: 740  Precision @ 1: 0.7708  AUC @ 1: 0.8573
Test Data Eval:
  Num examples: 1856  Num correct: 1316  Precision @ 1: 0.7091  AUC @ 1: 0.7515
Step 6500: loss = 0.2797 (0.011 sec)
Training Data Eval:
  Num examples: 8960  Num correct: 8560  Precision @ 1: 0.9554  AUC @ 1: 0.9971
Validation Data Eval:
  Num examples: 960  Num correct: 759  Precision @ 1: 0.7906  AUC @ 1: 0.8527
Test Data Eval:
  Num examples: 1856  Num correct: 1340  Precision @ 1: 0.7220  AUC @ 1: 0.7599
Step 6600: loss = 0.3610 (0.010 sec)
Training Data Eval:
  Num examples: 8960  Num correct: 8722  Precision @ 1: 0.9734  AUC @ 1: 0.9964
Validation Data Eval:
  Num examples: 960  Num correct: 750  Precision @ 1: 0.7812  AUC @ 1: 0.8577
Test Data Eval:
  Num examples: 1856  Num correct: 1364  Precision @ 1: 0.7349  AUC @ 1: 0.7821
Step 6700: loss = 0.2802 (0.010 sec)
Training Data Eval:
  Num examples: 8960  Num correct: 8681  Precision @ 1: 0.9689  AUC @ 1: 0.9972
Validation Data Eval:
  Num examples: 960  Num correct: 765  Precision @ 1: 0.7969  AUC @ 1: 0.8644
Test Data Eval:
  Num examples: 1856  Num correct: 1342  Precision @ 1: 0.7231  AUC @ 1: 0.7652
Step 6800: loss = 0.2938 (0.010 sec)
Training Data Eval:
  Num examples: 8960  Num correct: 8685  Precision @ 1: 0.9693  AUC @ 1: 0.9967
Validation Data Eval:
  Num examples: 960  Num correct: 752  Precision @ 1: 0.7833  AUC @ 1: 0.8554
Test Data Eval:
  Num examples: 1856  Num correct: 1356  Precision @ 1: 0.7306  AUC @ 1: 0.7723
Step 6900: loss = 0.3101 (0.010 sec)
Training Data Eval:
  Num examples: 8960  Num correct: 8661  Precision @ 1: 0.9666  AUC @ 1: 0.9956
Validation Data Eval:
  Num examples: 960  Num correct: 747  Precision @ 1: 0.7781  AUC @ 1: 0.8593
Test Data Eval:
  Num examples: 1856  Num correct: 1307  Precision @ 1: 0.7042  AUC @ 1: 0.7659
Step 7000: loss = 0.3941 (0.097 sec)
Training Data Eval:
  Num examples: 8960  Num correct: 8789  Precision @ 1: 0.9809  AUC @ 1: 0.9971
Validation Data Eval:
  Num examples: 960  Num correct: 754  Precision @ 1: 0.7854  AUC @ 1: 0.8570
Test Data Eval:
  Num examples: 1856  Num correct: 1361  Precision @ 1: 0.7333  AUC @ 1: 0.7766
Step 7100: loss = 0.2693 (0.011 sec)
Training Data Eval:
  Num examples: 8960  Num correct: 8638  Precision @ 1: 0.9641  AUC @ 1: 0.9965
Validation Data Eval:
  Num examples: 960  Num correct: 731  Precision @ 1: 0.7615  AUC @ 1: 0.8583
Test Data Eval:
  Num examples: 1856  Num correct: 1279  Precision @ 1: 0.6891  AUC @ 1: 0.7642
Step 7200: loss = 0.2509 (0.010 sec)
Training Data Eval:
  Num examples: 8960  Num correct: 8533  Precision @ 1: 0.9523  AUC @ 1: 0.9911
Validation Data Eval:
  Num examples: 960  Num correct: 765  Precision @ 1: 0.7969  AUC @ 1: 0.8616
Test Data Eval:
  Num examples: 1856  Num correct: 1377  Precision @ 1: 0.7419  AUC @ 1: 0.7801
Step 7300: loss = 0.3088 (0.010 sec)
Training Data Eval:
  Num examples: 8960  Num correct: 8723  Precision @ 1: 0.9735  AUC @ 1: 0.9970
Validation Data Eval:
  Num examples: 960  Num correct: 754  Precision @ 1: 0.7854  AUC @ 1: 0.8591
Test Data Eval:
  Num examples: 1856  Num correct: 1343  Precision @ 1: 0.7236  AUC @ 1: 0.7680
Step 7400: loss = 0.3285 (0.010 sec)
Training Data Eval:
  Num examples: 8960  Num correct: 8757  Precision @ 1: 0.9773  AUC @ 1: 0.9967
Validation Data Eval:
  Num examples: 960  Num correct: 753  Precision @ 1: 0.7844  AUC @ 1: 0.8619
Test Data Eval:
  Num examples: 1856  Num correct: 1373  Precision @ 1: 0.7398  AUC @ 1: 0.7809
Step 7500: loss = 0.2673 (0.011 sec)
Training Data Eval:
  Num examples: 8960  Num correct: 8668  Precision @ 1: 0.9674  AUC @ 1: 0.9947
Validation Data Eval:
  Num examples: 960  Num correct: 749  Precision @ 1: 0.7802  AUC @ 1: 0.8572
Test Data Eval:
  Num examples: 1856  Num correct: 1343  Precision @ 1: 0.7236  AUC @ 1: 0.7793
Step 7600: loss = 0.2219 (0.010 sec)
Training Data Eval:
  Num examples: 8960  Num correct: 8705  Precision @ 1: 0.9715  AUC @ 1: 0.9972
Validation Data Eval:
  Num examples: 960  Num correct: 757  Precision @ 1: 0.7885  AUC @ 1: 0.8685
Test Data Eval:
  Num examples: 1856  Num correct: 1340  Precision @ 1: 0.7220  AUC @ 1: 0.7572
Step 7700: loss = 0.2710 (0.097 sec)
Training Data Eval:
  Num examples: 8960  Num correct: 8739  Precision @ 1: 0.9753  AUC @ 1: 0.9972
Validation Data Eval:
  Num examples: 960  Num correct: 754  Precision @ 1: 0.7854  AUC @ 1: 0.8756
Test Data Eval:
  Num examples: 1856  Num correct: 1308  Precision @ 1: 0.7047  AUC @ 1: 0.7689
Step 7800: loss = 0.3467 (0.011 sec)
Training Data Eval:
  Num examples: 8960  Num correct: 8736  Precision @ 1: 0.9750  AUC @ 1: 0.9970
Validation Data Eval:
  Num examples: 960  Num correct: 743  Precision @ 1: 0.7740  AUC @ 1: 0.8616
Test Data Eval:
  Num examples: 1856  Num correct: 1325  Precision @ 1: 0.7139  AUC @ 1: 0.7720
Step 7900: loss = 0.3120 (0.010 sec)
Training Data Eval:
  Num examples: 8960  Num correct: 8782  Precision @ 1: 0.9801  AUC @ 1: 0.9971
Validation Data Eval:
  Num examples: 960  Num correct: 772  Precision @ 1: 0.8042  AUC @ 1: 0.8699
Test Data Eval:
  Num examples: 1856  Num correct: 1342  Precision @ 1: 0.7231  AUC @ 1: 0.7711
Step 8000: loss = 0.2181 (0.010 sec)
Training Data Eval:
  Num examples: 8960  Num correct: 8785  Precision @ 1: 0.9805  AUC @ 1: 0.9982
Validation Data Eval:
  Num examples: 960  Num correct: 746  Precision @ 1: 0.7771  AUC @ 1: 0.8764
Test Data Eval:
  Num examples: 1856  Num correct: 1350  Precision @ 1: 0.7274  AUC @ 1: 0.7693
Step 8100: loss = 0.2269 (0.011 sec)
Training Data Eval:
  Num examples: 8960  Num correct: 8761  Precision @ 1: 0.9778  AUC @ 1: 0.9975
Validation Data Eval:
  Num examples: 960  Num correct: 762  Precision @ 1: 0.7937  AUC @ 1: 0.8633
Test Data Eval:
  Num examples: 1856  Num correct: 1323  Precision @ 1: 0.7128  AUC @ 1: 0.7666
Step 8200: loss = 0.2809 (0.010 sec)
Training Data Eval:
  Num examples: 8960  Num correct: 8673  Precision @ 1: 0.9680  AUC @ 1: 0.9963
Validation Data Eval:
  Num examples: 960  Num correct: 760  Precision @ 1: 0.7917  AUC @ 1: 0.8577
Test Data Eval:
  Num examples: 1856  Num correct: 1363  Precision @ 1: 0.7344  AUC @ 1: 0.7794
Step 8300: loss = 0.3128 (0.010 sec)
Training Data Eval:
  Num examples: 8960  Num correct: 8822  Precision @ 1: 0.9846  AUC @ 1: 0.9986
Validation Data Eval:
  Num examples: 960  Num correct: 757  Precision @ 1: 0.7885  AUC @ 1: 0.8682
Test Data Eval:
  Num examples: 1856  Num correct: 1335  Precision @ 1: 0.7193  AUC @ 1: 0.7630
Step 8400: loss = 0.3099 (0.094 sec)
Training Data Eval:
  Num examples: 8960  Num correct: 8762  Precision @ 1: 0.9779  AUC @ 1: 0.9976
Validation Data Eval:
  Num examples: 960  Num correct: 762  Precision @ 1: 0.7937  AUC @ 1: 0.8649
Test Data Eval:
  Num examples: 1856  Num correct: 1340  Precision @ 1: 0.7220  AUC @ 1: 0.7654
Step 8500: loss = 0.3251 (0.010 sec)
Training Data Eval:
  Num examples: 8960  Num correct: 8763  Precision @ 1: 0.9780  AUC @ 1: 0.9967
Validation Data Eval:
  Num examples: 960  Num correct: 752  Precision @ 1: 0.7833  AUC @ 1: 0.8637
Test Data Eval:
  Num examples: 1856  Num correct: 1313  Precision @ 1: 0.7074  AUC @ 1: 0.7609
Step 8600: loss = 0.2843 (0.011 sec)
Training Data Eval:
  Num examples: 8960  Num correct: 8667  Precision @ 1: 0.9673  AUC @ 1: 0.9948
Validation Data Eval:
  Num examples: 960  Num correct: 756  Precision @ 1: 0.7875  AUC @ 1: 0.8587
Test Data Eval:
  Num examples: 1856  Num correct: 1322  Precision @ 1: 0.7123  AUC @ 1: 0.7649
Step 8700: loss = 0.3736 (0.011 sec)
Training Data Eval:
  Num examples: 8960  Num correct: 8804  Precision @ 1: 0.9826  AUC @ 1: 0.9984
Validation Data Eval:
  Num examples: 960  Num correct: 761  Precision @ 1: 0.7927  AUC @ 1: 0.8679
Test Data Eval:
  Num examples: 1856  Num correct: 1323  Precision @ 1: 0.7128  AUC @ 1: 0.7679
Step 8800: loss = 0.3092 (0.010 sec)
Training Data Eval:
  Num examples: 8960  Num correct: 8773  Precision @ 1: 0.9791  AUC @ 1: 0.9978
Validation Data Eval:
  Num examples: 960  Num correct: 761  Precision @ 1: 0.7927  AUC @ 1: 0.8666
Test Data Eval:
  Num examples: 1856  Num correct: 1294  Precision @ 1: 0.6972  AUC @ 1: 0.7565
Step 8900: loss = 0.4090 (0.010 sec)
Training Data Eval:
  Num examples: 8960  Num correct: 8792  Precision @ 1: 0.9812  AUC @ 1: 0.9977
Validation Data Eval:
  Num examples: 960  Num correct: 759  Precision @ 1: 0.7906  AUC @ 1: 0.8717
Test Data Eval:
  Num examples: 1856  Num correct: 1320  Precision @ 1: 0.7112  AUC @ 1: 0.7705
Step 9000: loss = 0.3080 (0.011 sec)
Training Data Eval:
  Num examples: 8960  Num correct: 8843  Precision @ 1: 0.9869  AUC @ 1: 0.9986
Validation Data Eval:
  Num examples: 960  Num correct: 751  Precision @ 1: 0.7823  AUC @ 1: 0.8625
Test Data Eval:
  Num examples: 1856  Num correct: 1320  Precision @ 1: 0.7112  AUC @ 1: 0.7607
Step 9100: loss = 0.2681 (0.095 sec)
Training Data Eval:
  Num examples: 8960  Num correct: 8768  Precision @ 1: 0.9786  AUC @ 1: 0.9969
Validation Data Eval:
  Num examples: 960  Num correct: 749  Precision @ 1: 0.7802  AUC @ 1: 0.8599
Test Data Eval:
  Num examples: 1856  Num correct: 1306  Precision @ 1: 0.7037  AUC @ 1: 0.7655
Step 9200: loss = 0.2694 (0.011 sec)
Training Data Eval:
  Num examples: 8960  Num correct: 8771  Precision @ 1: 0.9789  AUC @ 1: 0.9980
Validation Data Eval:
  Num examples: 960  Num correct: 748  Precision @ 1: 0.7792  AUC @ 1: 0.8686
Test Data Eval:
  Num examples: 1856  Num correct: 1296  Precision @ 1: 0.6983  AUC @ 1: 0.7701
Step 9300: loss = 0.2768 (0.011 sec)
Training Data Eval:
  Num examples: 8960  Num correct: 8831  Precision @ 1: 0.9856  AUC @ 1: 0.9988
Validation Data Eval:
  Num examples: 960  Num correct: 763  Precision @ 1: 0.7948  AUC @ 1: 0.8760
Test Data Eval:
  Num examples: 1856  Num correct: 1326  Precision @ 1: 0.7144  AUC @ 1: 0.7590
Step 9400: loss = 0.2764 (0.010 sec)
Training Data Eval:
  Num examples: 8960  Num correct: 8614  Precision @ 1: 0.9614  AUC @ 1: 0.9963
Validation Data Eval:
  Num examples: 960  Num correct: 743  Precision @ 1: 0.7740  AUC @ 1: 0.8604
Test Data Eval:
  Num examples: 1856  Num correct: 1257  Precision @ 1: 0.6773  AUC @ 1: 0.7609
Step 9500: loss = 0.3544 (0.011 sec)
Training Data Eval:
  Num examples: 8960  Num correct: 8774  Precision @ 1: 0.9792  AUC @ 1: 0.9981
Validation Data Eval:
  Num examples: 960  Num correct: 763  Precision @ 1: 0.7948  AUC @ 1: 0.8629
Test Data Eval:
  Num examples: 1856  Num correct: 1349  Precision @ 1: 0.7268  AUC @ 1: 0.7647
Step 9600: loss = 0.2285 (0.010 sec)
Training Data Eval:
  Num examples: 8960  Num correct: 8723  Precision @ 1: 0.9735  AUC @ 1: 0.9977
Validation Data Eval:
  Num examples: 960  Num correct: 752  Precision @ 1: 0.7833  AUC @ 1: 0.8581
Test Data Eval:
  Num examples: 1856  Num correct: 1342  Precision @ 1: 0.7231  AUC @ 1: 0.7738
Step 9700: loss = 0.2466 (0.011 sec)
Training Data Eval:
  Num examples: 8960  Num correct: 8735  Precision @ 1: 0.9749  AUC @ 1: 0.9972
Validation Data Eval:
  Num examples: 960  Num correct: 745  Precision @ 1: 0.7760  AUC @ 1: 0.8600
Test Data Eval:
  Num examples: 1856  Num correct: 1305  Precision @ 1: 0.7031  AUC @ 1: 0.7668
Step 9800: loss = 0.3420 (0.100 sec)
Training Data Eval:
  Num examples: 8960  Num correct: 8596  Precision @ 1: 0.9594  AUC @ 1: 0.9964
Validation Data Eval:
  Num examples: 960  Num correct: 760  Precision @ 1: 0.7917  AUC @ 1: 0.8764
Test Data Eval:
  Num examples: 1856  Num correct: 1337  Precision @ 1: 0.7204  AUC @ 1: 0.7582
Step 9900: loss = 0.3451 (0.011 sec)
Training Data Eval:
  Num examples: 8960  Num correct: 8788  Precision @ 1: 0.9808  AUC @ 1: 0.9984
Validation Data Eval:
  Num examples: 960  Num correct: 763  Precision @ 1: 0.7948  AUC @ 1: 0.8677
Test Data Eval:
  Num examples: 1856  Num correct: 1330  Precision @ 1: 0.7166  AUC @ 1: 0.7648
