Training data shape: 	(10000, 64, 64, 1)
Training label shape:	(10000,)
Testing data shape:  	(1910, 64, 64, 1)
Testing label shape: 	(1910,)
max input value is: 153.458
min input value is: -104.189
random permuted training data
==============================================================================
Model: 			inference_global_s_cnn
Tensor Name: 	Placeholder:0
[64, 64, 64, 1]
==============================================================================
Tensor Name: conv1/conv1:0
[64, 1, 64, 128]
==============================================================================
Tensor Name: local1/local1:0
[64, 128]
==============================================================================
Tensor Name: local2/local2:0
[64, 128]
==============================================================================
Tensor Name: softmax_linear/softmax_linear:0
[64, 2]
Step 0: loss = 3.3295 (0.028 sec)
Training Data Eval:
  Num examples: 8960  Num correct: 6674  Precision @ 1: 0.7449  AUC @ 1: 0.7915
Validation Data Eval:
  Num examples: 960  Num correct: 717  Precision @ 1: 0.7469  AUC @ 1: 0.8029
Test Data Eval:
  Num examples: 1856  Num correct: 1274  Precision @ 1: 0.6864  AUC @ 1: 0.7279
Step 100: loss = 3.0225 (0.015 sec)
Training Data Eval:
  Num examples: 8960  Num correct: 7011  Precision @ 1: 0.7825  AUC @ 1: 0.8436
Validation Data Eval:
  Num examples: 960  Num correct: 747  Precision @ 1: 0.7781  AUC @ 1: 0.8402
Test Data Eval:
  Num examples: 1856  Num correct: 1323  Precision @ 1: 0.7128  AUC @ 1: 0.7575
Step 200: loss = 2.8685 (0.016 sec)
Training Data Eval:
  Num examples: 8960  Num correct: 7241  Precision @ 1: 0.8081  AUC @ 1: 0.8699
Validation Data Eval:
  Num examples: 960  Num correct: 754  Precision @ 1: 0.7854  AUC @ 1: 0.8603
Test Data Eval:
  Num examples: 1856  Num correct: 1334  Precision @ 1: 0.7188  AUC @ 1: 0.7628
Step 300: loss = 2.5094 (0.016 sec)
Training Data Eval:
  Num examples: 8960  Num correct: 7396  Precision @ 1: 0.8254  AUC @ 1: 0.8892
Validation Data Eval:
  Num examples: 960  Num correct: 757  Precision @ 1: 0.7885  AUC @ 1: 0.8627
Test Data Eval:
  Num examples: 1856  Num correct: 1378  Precision @ 1: 0.7425  AUC @ 1: 0.7917
Step 400: loss = 2.3572 (0.017 sec)
Training Data Eval:
  Num examples: 8960  Num correct: 7403  Precision @ 1: 0.8262  AUC @ 1: 0.8932
Validation Data Eval:
  Num examples: 960  Num correct: 764  Precision @ 1: 0.7958  AUC @ 1: 0.8658
Test Data Eval:
  Num examples: 1856  Num correct: 1361  Precision @ 1: 0.7333  AUC @ 1: 0.7830
Step 500: loss = 2.1414 (0.018 sec)
Training Data Eval:
  Num examples: 8960  Num correct: 7484  Precision @ 1: 0.8353  AUC @ 1: 0.9092
Validation Data Eval:
  Num examples: 960  Num correct: 772  Precision @ 1: 0.8042  AUC @ 1: 0.8764
Test Data Eval:
  Num examples: 1856  Num correct: 1364  Precision @ 1: 0.7349  AUC @ 1: 0.7886
Step 600: loss = 2.0014 (0.017 sec)
Training Data Eval:
  Num examples: 8960  Num correct: 7609  Precision @ 1: 0.8492  AUC @ 1: 0.9207
Validation Data Eval:
  Num examples: 960  Num correct: 764  Precision @ 1: 0.7958  AUC @ 1: 0.8801
Test Data Eval:
  Num examples: 1856  Num correct: 1360  Precision @ 1: 0.7328  AUC @ 1: 0.7879
Step 700: loss = 1.8507 (0.102 sec)
Training Data Eval:
  Num examples: 8960  Num correct: 7264  Precision @ 1: 0.8107  AUC @ 1: 0.9216
Validation Data Eval:
  Num examples: 960  Num correct: 709  Precision @ 1: 0.7385  AUC @ 1: 0.8763
Test Data Eval:
  Num examples: 1856  Num correct: 1263  Precision @ 1: 0.6805  AUC @ 1: 0.7760
Step 800: loss = 1.8650 (0.017 sec)
Training Data Eval:
  Num examples: 8960  Num correct: 7677  Precision @ 1: 0.8568  AUC @ 1: 0.9366
Validation Data Eval:
  Num examples: 960  Num correct: 784  Precision @ 1: 0.8167  AUC @ 1: 0.8796
Test Data Eval:
  Num examples: 1856  Num correct: 1374  Precision @ 1: 0.7403  AUC @ 1: 0.7859
Step 900: loss = 1.5870 (0.017 sec)
Training Data Eval:
  Num examples: 8960  Num correct: 7861  Precision @ 1: 0.8773  AUC @ 1: 0.9424
Validation Data Eval:
  Num examples: 960  Num correct: 790  Precision @ 1: 0.8229  AUC @ 1: 0.8911
Test Data Eval:
  Num examples: 1856  Num correct: 1403  Precision @ 1: 0.7559  AUC @ 1: 0.8114
Step 1000: loss = 1.5244 (0.016 sec)
Training Data Eval:
  Num examples: 8960  Num correct: 7932  Precision @ 1: 0.8853  AUC @ 1: 0.9563
Validation Data Eval:
  Num examples: 960  Num correct: 800  Precision @ 1: 0.8333  AUC @ 1: 0.9000
Test Data Eval:
  Num examples: 1856  Num correct: 1402  Precision @ 1: 0.7554  AUC @ 1: 0.8038
Step 1100: loss = 1.4033 (0.016 sec)
Training Data Eval:
  Num examples: 8960  Num correct: 7895  Precision @ 1: 0.8811  AUC @ 1: 0.9519
Validation Data Eval:
  Num examples: 960  Num correct: 769  Precision @ 1: 0.8010  AUC @ 1: 0.8933
Test Data Eval:
  Num examples: 1856  Num correct: 1336  Precision @ 1: 0.7198  AUC @ 1: 0.8000
Step 1200: loss = 1.3244 (0.017 sec)
Training Data Eval:
  Num examples: 8960  Num correct: 8043  Precision @ 1: 0.8977  AUC @ 1: 0.9610
Validation Data Eval:
  Num examples: 960  Num correct: 794  Precision @ 1: 0.8271  AUC @ 1: 0.8938
Test Data Eval:
  Num examples: 1856  Num correct: 1402  Precision @ 1: 0.7554  AUC @ 1: 0.8077
Step 1300: loss = 1.2671 (0.016 sec)
Training Data Eval:
  Num examples: 8960  Num correct: 8263  Precision @ 1: 0.9222  AUC @ 1: 0.9724
Validation Data Eval:
  Num examples: 960  Num correct: 779  Precision @ 1: 0.8115  AUC @ 1: 0.8902
Test Data Eval:
  Num examples: 1856  Num correct: 1361  Precision @ 1: 0.7333  AUC @ 1: 0.7868
Step 1400: loss = 1.1206 (0.101 sec)
Training Data Eval:
  Num examples: 8960  Num correct: 7910  Precision @ 1: 0.8828  AUC @ 1: 0.9717
Validation Data Eval:
  Num examples: 960  Num correct: 781  Precision @ 1: 0.8135  AUC @ 1: 0.8940
Test Data Eval:
  Num examples: 1856  Num correct: 1375  Precision @ 1: 0.7408  AUC @ 1: 0.7933
Step 1500: loss = 1.1763 (0.016 sec)
Training Data Eval:
  Num examples: 8960  Num correct: 8222  Precision @ 1: 0.9176  AUC @ 1: 0.9779
Validation Data Eval:
  Num examples: 960  Num correct: 763  Precision @ 1: 0.7948  AUC @ 1: 0.8929
Test Data Eval:
  Num examples: 1856  Num correct: 1299  Precision @ 1: 0.6999  AUC @ 1: 0.7989
Step 1600: loss = 1.0359 (0.017 sec)
Training Data Eval:
  Num examples: 8960  Num correct: 8371  Precision @ 1: 0.9343  AUC @ 1: 0.9833
Validation Data Eval:
  Num examples: 960  Num correct: 786  Precision @ 1: 0.8187  AUC @ 1: 0.8964
Test Data Eval:
  Num examples: 1856  Num correct: 1373  Precision @ 1: 0.7398  AUC @ 1: 0.7996
Step 1700: loss = 0.9478 (0.016 sec)
Training Data Eval:
  Num examples: 8960  Num correct: 8320  Precision @ 1: 0.9286  AUC @ 1: 0.9796
Validation Data Eval:
  Num examples: 960  Num correct: 789  Precision @ 1: 0.8219  AUC @ 1: 0.8920
Test Data Eval:
  Num examples: 1856  Num correct: 1325  Precision @ 1: 0.7139  AUC @ 1: 0.7807
Step 1800: loss = 0.8644 (0.017 sec)
Training Data Eval:
  Num examples: 8960  Num correct: 8435  Precision @ 1: 0.9414  AUC @ 1: 0.9860
Validation Data Eval:
  Num examples: 960  Num correct: 788  Precision @ 1: 0.8208  AUC @ 1: 0.9037
Test Data Eval:
  Num examples: 1856  Num correct: 1349  Precision @ 1: 0.7268  AUC @ 1: 0.7943
Step 1900: loss = 0.8119 (0.016 sec)
Training Data Eval:
  Num examples: 8960  Num correct: 8444  Precision @ 1: 0.9424  AUC @ 1: 0.9862
Validation Data Eval:
  Num examples: 960  Num correct: 792  Precision @ 1: 0.8250  AUC @ 1: 0.8997
Test Data Eval:
  Num examples: 1856  Num correct: 1354  Precision @ 1: 0.7295  AUC @ 1: 0.7948
Step 2000: loss = 0.8021 (0.017 sec)
Training Data Eval:
  Num examples: 8960  Num correct: 8377  Precision @ 1: 0.9349  AUC @ 1: 0.9874
Validation Data Eval:
  Num examples: 960  Num correct: 767  Precision @ 1: 0.7990  AUC @ 1: 0.9020
Test Data Eval:
  Num examples: 1856  Num correct: 1310  Precision @ 1: 0.7058  AUC @ 1: 0.7865
Step 2100: loss = 0.9268 (0.097 sec)
Training Data Eval:
  Num examples: 8960  Num correct: 8470  Precision @ 1: 0.9453  AUC @ 1: 0.9908
Validation Data Eval:
  Num examples: 960  Num correct: 785  Precision @ 1: 0.8177  AUC @ 1: 0.8866
Test Data Eval:
  Num examples: 1856  Num correct: 1367  Precision @ 1: 0.7365  AUC @ 1: 0.7915
Step 2200: loss = 0.7833 (0.017 sec)
Training Data Eval:
  Num examples: 8960  Num correct: 7185  Precision @ 1: 0.8019  AUC @ 1: 0.9851
Validation Data Eval:
  Num examples: 960  Num correct: 639  Precision @ 1: 0.6656  AUC @ 1: 0.8814
Test Data Eval:
  Num examples: 1856  Num correct: 1033  Precision @ 1: 0.5566  AUC @ 1: 0.7979
Step 2300: loss = 1.1295 (0.016 sec)
Training Data Eval:
  Num examples: 8960  Num correct: 8607  Precision @ 1: 0.9606  AUC @ 1: 0.9936
Validation Data Eval:
  Num examples: 960  Num correct: 782  Precision @ 1: 0.8146  AUC @ 1: 0.8857
Test Data Eval:
  Num examples: 1856  Num correct: 1363  Precision @ 1: 0.7344  AUC @ 1: 0.7717
Step 2400: loss = 0.6685 (0.018 sec)
Training Data Eval:
  Num examples: 8960  Num correct: 8685  Precision @ 1: 0.9693  AUC @ 1: 0.9952
Validation Data Eval:
  Num examples: 960  Num correct: 781  Precision @ 1: 0.8135  AUC @ 1: 0.8884
Test Data Eval:
  Num examples: 1856  Num correct: 1345  Precision @ 1: 0.7247  AUC @ 1: 0.7781
Step 2500: loss = 0.6166 (0.015 sec)
Training Data Eval:
  Num examples: 8960  Num correct: 8613  Precision @ 1: 0.9613  AUC @ 1: 0.9929
Validation Data Eval:
  Num examples: 960  Num correct: 772  Precision @ 1: 0.8042  AUC @ 1: 0.8882
Test Data Eval:
  Num examples: 1856  Num correct: 1350  Precision @ 1: 0.7274  AUC @ 1: 0.7922
Step 2600: loss = 0.5259 (0.017 sec)
Training Data Eval:
  Num examples: 8960  Num correct: 8616  Precision @ 1: 0.9616  AUC @ 1: 0.9961
Validation Data Eval:
  Num examples: 960  Num correct: 782  Precision @ 1: 0.8146  AUC @ 1: 0.8950
Test Data Eval:
  Num examples: 1856  Num correct: 1382  Precision @ 1: 0.7446  AUC @ 1: 0.7907
Step 2700: loss = 0.6156 (0.017 sec)
Training Data Eval:
  Num examples: 8960  Num correct: 8778  Precision @ 1: 0.9797  AUC @ 1: 0.9984
Validation Data Eval:
  Num examples: 960  Num correct: 777  Precision @ 1: 0.8094  AUC @ 1: 0.8952
Test Data Eval:
  Num examples: 1856  Num correct: 1341  Precision @ 1: 0.7225  AUC @ 1: 0.7821
Step 2800: loss = 0.5063 (0.104 sec)
Training Data Eval:
  Num examples: 8960  Num correct: 8716  Precision @ 1: 0.9728  AUC @ 1: 0.9975
Validation Data Eval:
  Num examples: 960  Num correct: 774  Precision @ 1: 0.8063  AUC @ 1: 0.8868
Test Data Eval:
  Num examples: 1856  Num correct: 1328  Precision @ 1: 0.7155  AUC @ 1: 0.7938
Step 2900: loss = 0.5702 (0.012 sec)
Training Data Eval:
  Num examples: 8960  Num correct: 8291  Precision @ 1: 0.9253  AUC @ 1: 0.9947
Validation Data Eval:
  Num examples: 960  Num correct: 782  Precision @ 1: 0.8146  AUC @ 1: 0.8929
Test Data Eval:
  Num examples: 1856  Num correct: 1377  Precision @ 1: 0.7419  AUC @ 1: 0.7883
Step 3000: loss = 0.5960 (0.017 sec)
Training Data Eval:
  Num examples: 8960  Num correct: 8746  Precision @ 1: 0.9761  AUC @ 1: 0.9985
Validation Data Eval:
  Num examples: 960  Num correct: 756  Precision @ 1: 0.7875  AUC @ 1: 0.8939
Test Data Eval:
  Num examples: 1856  Num correct: 1298  Precision @ 1: 0.6994  AUC @ 1: 0.7982
Step 3100: loss = 0.4932 (0.017 sec)
Training Data Eval:
  Num examples: 8960  Num correct: 8734  Precision @ 1: 0.9748  AUC @ 1: 0.9986
Validation Data Eval:
  Num examples: 960  Num correct: 795  Precision @ 1: 0.8281  AUC @ 1: 0.8905
Test Data Eval:
  Num examples: 1856  Num correct: 1382  Precision @ 1: 0.7446  AUC @ 1: 0.7835
Step 3200: loss = 0.5014 (0.016 sec)
Training Data Eval:
  Num examples: 8960  Num correct: 8733  Precision @ 1: 0.9747  AUC @ 1: 0.9982
Validation Data Eval:
  Num examples: 960  Num correct: 786  Precision @ 1: 0.8187  AUC @ 1: 0.8919
Test Data Eval:
  Num examples: 1856  Num correct: 1410  Precision @ 1: 0.7597  AUC @ 1: 0.7983
Step 3300: loss = 0.5733 (0.017 sec)
Training Data Eval:
  Num examples: 8960  Num correct: 8522  Precision @ 1: 0.9511  AUC @ 1: 0.9971
Validation Data Eval:
  Num examples: 960  Num correct: 777  Precision @ 1: 0.8094  AUC @ 1: 0.8912
Test Data Eval:
  Num examples: 1856  Num correct: 1334  Precision @ 1: 0.7188  AUC @ 1: 0.7668
Step 3400: loss = 0.5972 (0.016 sec)
Training Data Eval:
  Num examples: 8960  Num correct: 8824  Precision @ 1: 0.9848  AUC @ 1: 0.9989
Validation Data Eval:
  Num examples: 960  Num correct: 794  Precision @ 1: 0.8271  AUC @ 1: 0.8967
Test Data Eval:
  Num examples: 1856  Num correct: 1366  Precision @ 1: 0.7360  AUC @ 1: 0.7936
Step 3500: loss = 0.3564 (0.097 sec)
Training Data Eval:
  Num examples: 8960  Num correct: 8749  Precision @ 1: 0.9765  AUC @ 1: 0.9988
Validation Data Eval:
  Num examples: 960  Num correct: 751  Precision @ 1: 0.7823  AUC @ 1: 0.8910
Test Data Eval:
  Num examples: 1856  Num correct: 1267  Precision @ 1: 0.6827  AUC @ 1: 0.7874
Step 3600: loss = 0.4256 (0.016 sec)
Training Data Eval:
  Num examples: 8960  Num correct: 8761  Precision @ 1: 0.9778  AUC @ 1: 0.9991
Validation Data Eval:
  Num examples: 960  Num correct: 789  Precision @ 1: 0.8219  AUC @ 1: 0.8811
Test Data Eval:
  Num examples: 1856  Num correct: 1364  Precision @ 1: 0.7349  AUC @ 1: 0.7877
Step 3700: loss = 0.4056 (0.017 sec)
Training Data Eval:
  Num examples: 8960  Num correct: 8735  Precision @ 1: 0.9749  AUC @ 1: 0.9989
Validation Data Eval:
  Num examples: 960  Num correct: 751  Precision @ 1: 0.7823  AUC @ 1: 0.8886
Test Data Eval:
  Num examples: 1856  Num correct: 1254  Precision @ 1: 0.6756  AUC @ 1: 0.7893
Step 3800: loss = 0.4507 (0.013 sec)
Training Data Eval:
  Num examples: 8960  Num correct: 8802  Precision @ 1: 0.9824  AUC @ 1: 0.9990
Validation Data Eval:
  Num examples: 960  Num correct: 775  Precision @ 1: 0.8073  AUC @ 1: 0.8916
Test Data Eval:
  Num examples: 1856  Num correct: 1311  Precision @ 1: 0.7064  AUC @ 1: 0.7860
Step 3900: loss = 0.3839 (0.017 sec)
Training Data Eval:
  Num examples: 8960  Num correct: 8773  Precision @ 1: 0.9791  AUC @ 1: 0.9989
Validation Data Eval:
  Num examples: 960  Num correct: 787  Precision @ 1: 0.8198  AUC @ 1: 0.8836
Test Data Eval:
  Num examples: 1856  Num correct: 1357  Precision @ 1: 0.7311  AUC @ 1: 0.7784
Step 4000: loss = 0.3604 (0.016 sec)
Training Data Eval:
  Num examples: 8960  Num correct: 8823  Precision @ 1: 0.9847  AUC @ 1: 0.9991
Validation Data Eval:
  Num examples: 960  Num correct: 788  Precision @ 1: 0.8208  AUC @ 1: 0.8930
Test Data Eval:
  Num examples: 1856  Num correct: 1368  Precision @ 1: 0.7371  AUC @ 1: 0.7941
Step 4100: loss = 0.3575 (0.016 sec)
Training Data Eval:
  Num examples: 8960  Num correct: 8862  Precision @ 1: 0.9891  AUC @ 1: 0.9995
Validation Data Eval:
  Num examples: 960  Num correct: 770  Precision @ 1: 0.8021  AUC @ 1: 0.8924
Test Data Eval:
  Num examples: 1856  Num correct: 1306  Precision @ 1: 0.7037  AUC @ 1: 0.7724
Step 4200: loss = 0.2910 (0.097 sec)
Training Data Eval:
  Num examples: 8960  Num correct: 8855  Precision @ 1: 0.9883  AUC @ 1: 0.9989
Validation Data Eval:
  Num examples: 960  Num correct: 779  Precision @ 1: 0.8115  AUC @ 1: 0.8897
Test Data Eval:
  Num examples: 1856  Num correct: 1337  Precision @ 1: 0.7204  AUC @ 1: 0.7820
Step 4300: loss = 0.3861 (0.017 sec)
Training Data Eval:
  Num examples: 8960  Num correct: 8888  Precision @ 1: 0.9920  AUC @ 1: 0.9997
Validation Data Eval:
  Num examples: 960  Num correct: 776  Precision @ 1: 0.8083  AUC @ 1: 0.8949
Test Data Eval:
  Num examples: 1856  Num correct: 1339  Precision @ 1: 0.7214  AUC @ 1: 0.7858
Step 4400: loss = 0.3047 (0.017 sec)
Training Data Eval:
  Num examples: 8960  Num correct: 8804  Precision @ 1: 0.9826  AUC @ 1: 0.9991
Validation Data Eval:
  Num examples: 960  Num correct: 786  Precision @ 1: 0.8187  AUC @ 1: 0.8934
Test Data Eval:
  Num examples: 1856  Num correct: 1366  Precision @ 1: 0.7360  AUC @ 1: 0.7708
Step 4500: loss = 0.2778 (0.016 sec)
Training Data Eval:
  Num examples: 8960  Num correct: 8853  Precision @ 1: 0.9881  AUC @ 1: 0.9993
Validation Data Eval:
  Num examples: 960  Num correct: 780  Precision @ 1: 0.8125  AUC @ 1: 0.8931
Test Data Eval:
  Num examples: 1856  Num correct: 1379  Precision @ 1: 0.7430  AUC @ 1: 0.7924
Step 4600: loss = 0.2807 (0.016 sec)
Training Data Eval:
  Num examples: 8960  Num correct: 8888  Precision @ 1: 0.9920  AUC @ 1: 0.9997
Validation Data Eval:
  Num examples: 960  Num correct: 788  Precision @ 1: 0.8208  AUC @ 1: 0.9038
Test Data Eval:
  Num examples: 1856  Num correct: 1353  Precision @ 1: 0.7290  AUC @ 1: 0.7874
Step 4700: loss = 0.2909 (0.017 sec)
Training Data Eval:
  Num examples: 8960  Num correct: 8883  Precision @ 1: 0.9914  AUC @ 1: 0.9995
Validation Data Eval:
  Num examples: 960  Num correct: 784  Precision @ 1: 0.8167  AUC @ 1: 0.8991
Test Data Eval:
  Num examples: 1856  Num correct: 1373  Precision @ 1: 0.7398  AUC @ 1: 0.7882
Step 4800: loss = 0.3403 (0.016 sec)
Training Data Eval:
  Num examples: 8960  Num correct: 8879  Precision @ 1: 0.9910  AUC @ 1: 0.9995
Validation Data Eval:
  Num examples: 960  Num correct: 784  Precision @ 1: 0.8167  AUC @ 1: 0.8908
Test Data Eval:
  Num examples: 1856  Num correct: 1353  Precision @ 1: 0.7290  AUC @ 1: 0.7932
Step 4900: loss = 0.2550 (0.107 sec)
Training Data Eval:
  Num examples: 8960  Num correct: 8839  Precision @ 1: 0.9865  AUC @ 1: 0.9995
Validation Data Eval:
  Num examples: 960  Num correct: 783  Precision @ 1: 0.8156  AUC @ 1: 0.8885
Test Data Eval:
  Num examples: 1856  Num correct: 1345  Precision @ 1: 0.7247  AUC @ 1: 0.7719
Step 5000: loss = 0.2552 (0.016 sec)
Training Data Eval:
  Num examples: 8960  Num correct: 8838  Precision @ 1: 0.9864  AUC @ 1: 0.9993
Validation Data Eval:
  Num examples: 960  Num correct: 787  Precision @ 1: 0.8198  AUC @ 1: 0.8907
Test Data Eval:
  Num examples: 1856  Num correct: 1352  Precision @ 1: 0.7284  AUC @ 1: 0.7768
Step 5100: loss = 0.2660 (0.017 sec)
Training Data Eval:
  Num examples: 8960  Num correct: 8896  Precision @ 1: 0.9929  AUC @ 1: 0.9998
Validation Data Eval:
  Num examples: 960  Num correct: 780  Precision @ 1: 0.8125  AUC @ 1: 0.8946
Test Data Eval:
  Num examples: 1856  Num correct: 1368  Precision @ 1: 0.7371  AUC @ 1: 0.7834
Step 5200: loss = 0.2494 (0.017 sec)
Training Data Eval:
  Num examples: 8960  Num correct: 8726  Precision @ 1: 0.9739  AUC @ 1: 0.9975
Validation Data Eval:
  Num examples: 960  Num correct: 785  Precision @ 1: 0.8177  AUC @ 1: 0.8877
Test Data Eval:
  Num examples: 1856  Num correct: 1390  Precision @ 1: 0.7489  AUC @ 1: 0.7820
Step 5300: loss = 0.3515 (0.016 sec)
Training Data Eval:
  Num examples: 8960  Num correct: 8863  Precision @ 1: 0.9892  AUC @ 1: 0.9984
Validation Data Eval:
  Num examples: 960  Num correct: 771  Precision @ 1: 0.8031  AUC @ 1: 0.8935
Test Data Eval:
  Num examples: 1856  Num correct: 1341  Precision @ 1: 0.7225  AUC @ 1: 0.7862
Step 5400: loss = 0.3836 (0.017 sec)
Training Data Eval:
  Num examples: 8960  Num correct: 8918  Precision @ 1: 0.9953  AUC @ 1: 0.9998
Validation Data Eval:
  Num examples: 960  Num correct: 779  Precision @ 1: 0.8115  AUC @ 1: 0.8910
Test Data Eval:
  Num examples: 1856  Num correct: 1331  Precision @ 1: 0.7171  AUC @ 1: 0.7838
Step 5500: loss = 0.2331 (0.017 sec)
Training Data Eval:
  Num examples: 8960  Num correct: 8835  Precision @ 1: 0.9860  AUC @ 1: 0.9994
Validation Data Eval:
  Num examples: 960  Num correct: 783  Precision @ 1: 0.8156  AUC @ 1: 0.8961
Test Data Eval:
  Num examples: 1856  Num correct: 1299  Precision @ 1: 0.6999  AUC @ 1: 0.7909
Step 5600: loss = 0.3293 (0.105 sec)
Training Data Eval:
  Num examples: 8960  Num correct: 8658  Precision @ 1: 0.9663  AUC @ 1: 0.9984
Validation Data Eval:
  Num examples: 960  Num correct: 779  Precision @ 1: 0.8115  AUC @ 1: 0.8906
Test Data Eval:
  Num examples: 1856  Num correct: 1402  Precision @ 1: 0.7554  AUC @ 1: 0.7897
Step 5700: loss = 0.3242 (0.018 sec)
Training Data Eval:
  Num examples: 8960  Num correct: 8878  Precision @ 1: 0.9908  AUC @ 1: 0.9997
Validation Data Eval:
  Num examples: 960  Num correct: 782  Precision @ 1: 0.8146  AUC @ 1: 0.8894
Test Data Eval:
  Num examples: 1856  Num correct: 1346  Precision @ 1: 0.7252  AUC @ 1: 0.7827
Step 5800: loss = 0.2522 (0.017 sec)
Training Data Eval:
  Num examples: 8960  Num correct: 8911  Precision @ 1: 0.9945  AUC @ 1: 0.9998
Validation Data Eval:
  Num examples: 960  Num correct: 788  Precision @ 1: 0.8208  AUC @ 1: 0.8967
Test Data Eval:
  Num examples: 1856  Num correct: 1306  Precision @ 1: 0.7037  AUC @ 1: 0.7800
Step 5900: loss = 0.2684 (0.015 sec)
Training Data Eval:
  Num examples: 8960  Num correct: 8933  Precision @ 1: 0.9970  AUC @ 1: 1.0000
Validation Data Eval:
  Num examples: 960  Num correct: 789  Precision @ 1: 0.8219  AUC @ 1: 0.8965
Test Data Eval:
  Num examples: 1856  Num correct: 1355  Precision @ 1: 0.7301  AUC @ 1: 0.7852
Step 6000: loss = 0.2528 (0.016 sec)
Training Data Eval:
  Num examples: 8960  Num correct: 8859  Precision @ 1: 0.9887  AUC @ 1: 0.9992
Validation Data Eval:
  Num examples: 960  Num correct: 777  Precision @ 1: 0.8094  AUC @ 1: 0.8989
Test Data Eval:
  Num examples: 1856  Num correct: 1265  Precision @ 1: 0.6816  AUC @ 1: 0.7808
Step 6100: loss = 0.2341 (0.017 sec)
Training Data Eval:
  Num examples: 8960  Num correct: 8906  Precision @ 1: 0.9940  AUC @ 1: 0.9999
Validation Data Eval:
  Num examples: 960  Num correct: 783  Precision @ 1: 0.8156  AUC @ 1: 0.8960
Test Data Eval:
  Num examples: 1856  Num correct: 1338  Precision @ 1: 0.7209  AUC @ 1: 0.7807
Step 6200: loss = 0.3466 (0.017 sec)
Training Data Eval:
  Num examples: 8960  Num correct: 8899  Precision @ 1: 0.9932  AUC @ 1: 0.9998
Validation Data Eval:
  Num examples: 960  Num correct: 785  Precision @ 1: 0.8177  AUC @ 1: 0.8898
Test Data Eval:
  Num examples: 1856  Num correct: 1306  Precision @ 1: 0.7037  AUC @ 1: 0.7652
Step 6300: loss = 0.2264 (0.101 sec)
Training Data Eval:
  Num examples: 8960  Num correct: 8880  Precision @ 1: 0.9911  AUC @ 1: 0.9998
Validation Data Eval:
  Num examples: 960  Num correct: 792  Precision @ 1: 0.8250  AUC @ 1: 0.8950
Test Data Eval:
  Num examples: 1856  Num correct: 1363  Precision @ 1: 0.7344  AUC @ 1: 0.7841
Step 6400: loss = 0.2107 (0.017 sec)
Training Data Eval:
  Num examples: 8960  Num correct: 8816  Precision @ 1: 0.9839  AUC @ 1: 0.9990
Validation Data Eval:
  Num examples: 960  Num correct: 795  Precision @ 1: 0.8281  AUC @ 1: 0.8987
Test Data Eval:
  Num examples: 1856  Num correct: 1374  Precision @ 1: 0.7403  AUC @ 1: 0.7851
Step 6500: loss = 0.2621 (0.016 sec)
Training Data Eval:
  Num examples: 8960  Num correct: 8904  Precision @ 1: 0.9938  AUC @ 1: 0.9996
Validation Data Eval:
  Num examples: 960  Num correct: 774  Precision @ 1: 0.8063  AUC @ 1: 0.8886
Test Data Eval:
  Num examples: 1856  Num correct: 1330  Precision @ 1: 0.7166  AUC @ 1: 0.7758
Step 6600: loss = 0.2740 (0.018 sec)
Training Data Eval:
  Num examples: 8960  Num correct: 8871  Precision @ 1: 0.9901  AUC @ 1: 0.9999
Validation Data Eval:
  Num examples: 960  Num correct: 799  Precision @ 1: 0.8323  AUC @ 1: 0.8970
Test Data Eval:
  Num examples: 1856  Num correct: 1370  Precision @ 1: 0.7381  AUC @ 1: 0.7804
Step 6700: loss = 0.2078 (0.016 sec)
Training Data Eval:
  Num examples: 8960  Num correct: 8808  Precision @ 1: 0.9830  AUC @ 1: 0.9993
Validation Data Eval:
  Num examples: 960  Num correct: 794  Precision @ 1: 0.8271  AUC @ 1: 0.8924
Test Data Eval:
  Num examples: 1856  Num correct: 1384  Precision @ 1: 0.7457  AUC @ 1: 0.7797
Step 6800: loss = 0.2363 (0.017 sec)
Training Data Eval:
  Num examples: 8960  Num correct: 8905  Precision @ 1: 0.9939  AUC @ 1: 0.9998
Validation Data Eval:
  Num examples: 960  Num correct: 786  Precision @ 1: 0.8187  AUC @ 1: 0.8889
Test Data Eval:
  Num examples: 1856  Num correct: 1331  Precision @ 1: 0.7171  AUC @ 1: 0.7709
Step 6900: loss = 0.2784 (0.016 sec)
Training Data Eval:
  Num examples: 8960  Num correct: 8928  Precision @ 1: 0.9964  AUC @ 1: 0.9999
Validation Data Eval:
  Num examples: 960  Num correct: 787  Precision @ 1: 0.8198  AUC @ 1: 0.8932
Test Data Eval:
  Num examples: 1856  Num correct: 1324  Precision @ 1: 0.7134  AUC @ 1: 0.7916
Step 7000: loss = 0.2048 (0.101 sec)
Training Data Eval:
  Num examples: 8960  Num correct: 8880  Precision @ 1: 0.9911  AUC @ 1: 0.9996
Validation Data Eval:
  Num examples: 960  Num correct: 791  Precision @ 1: 0.8240  AUC @ 1: 0.8968
Test Data Eval:
  Num examples: 1856  Num correct: 1289  Precision @ 1: 0.6945  AUC @ 1: 0.7799
Step 7100: loss = 0.1974 (0.017 sec)
Training Data Eval:
  Num examples: 8960  Num correct: 8868  Precision @ 1: 0.9897  AUC @ 1: 0.9997
Validation Data Eval:
  Num examples: 960  Num correct: 772  Precision @ 1: 0.8042  AUC @ 1: 0.8953
Test Data Eval:
  Num examples: 1856  Num correct: 1310  Precision @ 1: 0.7058  AUC @ 1: 0.7839
Step 7200: loss = 0.2189 (0.017 sec)
Training Data Eval:
  Num examples: 8960  Num correct: 8934  Precision @ 1: 0.9971  AUC @ 1: 1.0000
Validation Data Eval:
  Num examples: 960  Num correct: 779  Precision @ 1: 0.8115  AUC @ 1: 0.9009
Test Data Eval:
  Num examples: 1856  Num correct: 1323  Precision @ 1: 0.7128  AUC @ 1: 0.7929
Step 7300: loss = 0.1803 (0.017 sec)
Training Data Eval:
  Num examples: 8960  Num correct: 8910  Precision @ 1: 0.9944  AUC @ 1: 0.9998
Validation Data Eval:
  Num examples: 960  Num correct: 797  Precision @ 1: 0.8302  AUC @ 1: 0.9017
Test Data Eval:
  Num examples: 1856  Num correct: 1357  Precision @ 1: 0.7311  AUC @ 1: 0.7780
Step 7400: loss = 0.1836 (0.016 sec)
Training Data Eval:
  Num examples: 8960  Num correct: 8927  Precision @ 1: 0.9963  AUC @ 1: 1.0000
Validation Data Eval:
  Num examples: 960  Num correct: 781  Precision @ 1: 0.8135  AUC @ 1: 0.8912
Test Data Eval:
  Num examples: 1856  Num correct: 1328  Precision @ 1: 0.7155  AUC @ 1: 0.7869
Step 7500: loss = 0.2087 (0.016 sec)
Training Data Eval:
  Num examples: 8960  Num correct: 8911  Precision @ 1: 0.9945  AUC @ 1: 0.9996
Validation Data Eval:
  Num examples: 960  Num correct: 774  Precision @ 1: 0.8063  AUC @ 1: 0.8879
Test Data Eval:
  Num examples: 1856  Num correct: 1317  Precision @ 1: 0.7096  AUC @ 1: 0.7868
Step 7600: loss = 0.2171 (0.016 sec)
Training Data Eval:
  Num examples: 8960  Num correct: 8912  Precision @ 1: 0.9946  AUC @ 1: 0.9999
Validation Data Eval:
  Num examples: 960  Num correct: 781  Precision @ 1: 0.8135  AUC @ 1: 0.8927
Test Data Eval:
  Num examples: 1856  Num correct: 1343  Precision @ 1: 0.7236  AUC @ 1: 0.7903
Step 7700: loss = 0.2114 (0.094 sec)
Training Data Eval:
  Num examples: 8960  Num correct: 8885  Precision @ 1: 0.9916  AUC @ 1: 0.9998
Validation Data Eval:
  Num examples: 960  Num correct: 779  Precision @ 1: 0.8115  AUC @ 1: 0.8926
Test Data Eval:
  Num examples: 1856  Num correct: 1296  Precision @ 1: 0.6983  AUC @ 1: 0.7779
Step 7800: loss = 0.2080 (0.017 sec)
Training Data Eval:
  Num examples: 8960  Num correct: 8909  Precision @ 1: 0.9943  AUC @ 1: 0.9997
Validation Data Eval:
  Num examples: 960  Num correct: 778  Precision @ 1: 0.8104  AUC @ 1: 0.8907
Test Data Eval:
  Num examples: 1856  Num correct: 1341  Precision @ 1: 0.7225  AUC @ 1: 0.7864
Step 7900: loss = 0.1974 (0.017 sec)
Training Data Eval:
  Num examples: 8960  Num correct: 8935  Precision @ 1: 0.9972  AUC @ 1: 1.0000
Validation Data Eval:
  Num examples: 960  Num correct: 773  Precision @ 1: 0.8052  AUC @ 1: 0.8941
Test Data Eval:
  Num examples: 1856  Num correct: 1291  Precision @ 1: 0.6956  AUC @ 1: 0.7727
Step 8000: loss = 0.2552 (0.017 sec)
Training Data Eval:
  Num examples: 8960  Num correct: 8907  Precision @ 1: 0.9941  AUC @ 1: 0.9999
Validation Data Eval:
  Num examples: 960  Num correct: 783  Precision @ 1: 0.8156  AUC @ 1: 0.8927
Test Data Eval:
  Num examples: 1856  Num correct: 1345  Precision @ 1: 0.7247  AUC @ 1: 0.7890
Step 8100: loss = 0.2122 (0.016 sec)
Training Data Eval:
  Num examples: 8960  Num correct: 8934  Precision @ 1: 0.9971  AUC @ 1: 0.9999
Validation Data Eval:
  Num examples: 960  Num correct: 787  Precision @ 1: 0.8198  AUC @ 1: 0.8898
Test Data Eval:
  Num examples: 1856  Num correct: 1356  Precision @ 1: 0.7306  AUC @ 1: 0.7906
Step 8200: loss = 0.1935 (0.017 sec)
Training Data Eval:
  Num examples: 8960  Num correct: 8928  Precision @ 1: 0.9964  AUC @ 1: 0.9999
Validation Data Eval:
  Num examples: 960  Num correct: 795  Precision @ 1: 0.8281  AUC @ 1: 0.8930
Test Data Eval:
  Num examples: 1856  Num correct: 1352  Precision @ 1: 0.7284  AUC @ 1: 0.7810
Step 8300: loss = 0.2337 (0.017 sec)
Training Data Eval:
  Num examples: 8960  Num correct: 8937  Precision @ 1: 0.9974  AUC @ 1: 0.9999
Validation Data Eval:
  Num examples: 960  Num correct: 774  Precision @ 1: 0.8063  AUC @ 1: 0.8871
Test Data Eval:
  Num examples: 1856  Num correct: 1328  Precision @ 1: 0.7155  AUC @ 1: 0.7789
Step 8400: loss = 0.2177 (0.102 sec)
Training Data Eval:
  Num examples: 8960  Num correct: 8924  Precision @ 1: 0.9960  AUC @ 1: 0.9996
Validation Data Eval:
  Num examples: 960  Num correct: 786  Precision @ 1: 0.8187  AUC @ 1: 0.8868
Test Data Eval:
  Num examples: 1856  Num correct: 1313  Precision @ 1: 0.7074  AUC @ 1: 0.7763
Step 8500: loss = 0.1861 (0.017 sec)
Training Data Eval:
  Num examples: 8960  Num correct: 8883  Precision @ 1: 0.9914  AUC @ 1: 0.9999
Validation Data Eval:
  Num examples: 960  Num correct: 773  Precision @ 1: 0.8052  AUC @ 1: 0.8905
Test Data Eval:
  Num examples: 1856  Num correct: 1268  Precision @ 1: 0.6832  AUC @ 1: 0.7870
Step 8600: loss = 0.1931 (0.017 sec)
Training Data Eval:
  Num examples: 8960  Num correct: 8907  Precision @ 1: 0.9941  AUC @ 1: 0.9999
Validation Data Eval:
  Num examples: 960  Num correct: 787  Precision @ 1: 0.8198  AUC @ 1: 0.8975
Test Data Eval:
  Num examples: 1856  Num correct: 1321  Precision @ 1: 0.7117  AUC @ 1: 0.7732
Step 8700: loss = 0.2295 (0.016 sec)
Training Data Eval:
  Num examples: 8960  Num correct: 8919  Precision @ 1: 0.9954  AUC @ 1: 0.9999
Validation Data Eval:
  Num examples: 960  Num correct: 786  Precision @ 1: 0.8187  AUC @ 1: 0.8893
Test Data Eval:
  Num examples: 1856  Num correct: 1345  Precision @ 1: 0.7247  AUC @ 1: 0.7811
Step 8800: loss = 0.2073 (0.017 sec)
Training Data Eval:
  Num examples: 8960  Num correct: 8894  Precision @ 1: 0.9926  AUC @ 1: 0.9999
Validation Data Eval:
  Num examples: 960  Num correct: 792  Precision @ 1: 0.8250  AUC @ 1: 0.8913
Test Data Eval:
  Num examples: 1856  Num correct: 1356  Precision @ 1: 0.7306  AUC @ 1: 0.7817
Step 8900: loss = 0.2408 (0.017 sec)
Training Data Eval:
  Num examples: 8960  Num correct: 8887  Precision @ 1: 0.9919  AUC @ 1: 0.9997
Validation Data Eval:
  Num examples: 960  Num correct: 774  Precision @ 1: 0.8063  AUC @ 1: 0.8979
Test Data Eval:
  Num examples: 1856  Num correct: 1281  Precision @ 1: 0.6902  AUC @ 1: 0.7927
Step 9000: loss = 0.2199 (0.017 sec)
Training Data Eval:
  Num examples: 8960  Num correct: 8840  Precision @ 1: 0.9866  AUC @ 1: 0.9998
Validation Data Eval:
  Num examples: 960  Num correct: 748  Precision @ 1: 0.7792  AUC @ 1: 0.8827
Test Data Eval:
  Num examples: 1856  Num correct: 1227  Precision @ 1: 0.6611  AUC @ 1: 0.7788
Step 9100: loss = 0.3004 (0.099 sec)
Training Data Eval:
  Num examples: 8960  Num correct: 8903  Precision @ 1: 0.9936  AUC @ 1: 0.9998
Validation Data Eval:
  Num examples: 960  Num correct: 798  Precision @ 1: 0.8313  AUC @ 1: 0.8926
Test Data Eval:
  Num examples: 1856  Num correct: 1342  Precision @ 1: 0.7231  AUC @ 1: 0.7739
Step 9200: loss = 0.1847 (0.017 sec)
Training Data Eval:
  Num examples: 8960  Num correct: 8914  Precision @ 1: 0.9949  AUC @ 1: 0.9999
Validation Data Eval:
  Num examples: 960  Num correct: 792  Precision @ 1: 0.8250  AUC @ 1: 0.8979
Test Data Eval:
  Num examples: 1856  Num correct: 1316  Precision @ 1: 0.7091  AUC @ 1: 0.7858
Step 9300: loss = 0.1858 (0.016 sec)
Training Data Eval:
  Num examples: 8960  Num correct: 8859  Precision @ 1: 0.9887  AUC @ 1: 0.9997
Validation Data Eval:
  Num examples: 960  Num correct: 776  Precision @ 1: 0.8083  AUC @ 1: 0.8914
Test Data Eval:
  Num examples: 1856  Num correct: 1271  Precision @ 1: 0.6848  AUC @ 1: 0.7713
Step 9400: loss = 0.1794 (0.017 sec)
Training Data Eval:
  Num examples: 8960  Num correct: 8909  Precision @ 1: 0.9943  AUC @ 1: 0.9999
Validation Data Eval:
  Num examples: 960  Num correct: 783  Precision @ 1: 0.8156  AUC @ 1: 0.8906
Test Data Eval:
  Num examples: 1856  Num correct: 1273  Precision @ 1: 0.6859  AUC @ 1: 0.7880
Step 9500: loss = 0.2320 (0.017 sec)
Training Data Eval:
  Num examples: 8960  Num correct: 8931  Precision @ 1: 0.9968  AUC @ 1: 1.0000
Validation Data Eval:
  Num examples: 960  Num correct: 781  Precision @ 1: 0.8135  AUC @ 1: 0.8938
Test Data Eval:
  Num examples: 1856  Num correct: 1315  Precision @ 1: 0.7085  AUC @ 1: 0.7746
Step 9600: loss = 0.2374 (0.016 sec)
Training Data Eval:
  Num examples: 8960  Num correct: 8907  Precision @ 1: 0.9941  AUC @ 1: 0.9998
Validation Data Eval:
  Num examples: 960  Num correct: 798  Precision @ 1: 0.8313  AUC @ 1: 0.8904
Test Data Eval:
  Num examples: 1856  Num correct: 1306  Precision @ 1: 0.7037  AUC @ 1: 0.7767
Step 9700: loss = 0.1911 (0.016 sec)
Training Data Eval:
  Num examples: 8960  Num correct: 8916  Precision @ 1: 0.9951  AUC @ 1: 0.9999
Validation Data Eval:
  Num examples: 960  Num correct: 780  Precision @ 1: 0.8125  AUC @ 1: 0.8865
Test Data Eval:
  Num examples: 1856  Num correct: 1351  Precision @ 1: 0.7279  AUC @ 1: 0.7786
Step 9800: loss = 0.2130 (0.102 sec)
Training Data Eval:
  Num examples: 8960  Num correct: 8926  Precision @ 1: 0.9962  AUC @ 1: 0.9998
Validation Data Eval:
  Num examples: 960  Num correct: 784  Precision @ 1: 0.8167  AUC @ 1: 0.8896
Test Data Eval:
  Num examples: 1856  Num correct: 1380  Precision @ 1: 0.7435  AUC @ 1: 0.8016
Step 9900: loss = 0.1887 (0.016 sec)
Training Data Eval:
  Num examples: 8960  Num correct: 8919  Precision @ 1: 0.9954  AUC @ 1: 0.9999
Validation Data Eval:
  Num examples: 960  Num correct: 788  Precision @ 1: 0.8208  AUC @ 1: 0.8901
Test Data Eval:
  Num examples: 1856  Num correct: 1309  Precision @ 1: 0.7053  AUC @ 1: 0.7690
