Training data shape: 	(10000, 64, 64, 1)
Training label shape:	(10000,)
Testing data shape:  	(1910, 64, 64, 1)
Testing label shape: 	(1910,)
max input value is: 153.458
min input value is: -104.189
random permuted training data
==============================================================================
Model: 			inference_local_t_cnn
Tensor Name: 	Placeholder:0
[64, 64, 64, 1]
==============================================================================
Tensor Name: conv0/conv0:0
[64, 64, 60, 32]
==============================================================================
Tensor Name: local1/local1:0
[64, 128]
==============================================================================
Tensor Name: local2/local2:0
[64, 128]
==============================================================================
Tensor Name: softmax_linear/softmax_linear:0
[64, 2]
Step 0: loss = 39.7080 (0.103 sec)
Training Data Eval:
  Num examples: 8960  Num correct: 6653  Precision @ 1: 0.7425  AUC @ 1: 0.7954
Validation Data Eval:
  Num examples: 960  Num correct: 700  Precision @ 1: 0.7292  AUC @ 1: 0.7856
Test Data Eval:
  Num examples: 1856  Num correct: 1248  Precision @ 1: 0.6724  AUC @ 1: 0.7131
Step 100: loss = 36.5861 (0.083 sec)
Training Data Eval:
  Num examples: 8960  Num correct: 6910  Precision @ 1: 0.7712  AUC @ 1: 0.8322
Validation Data Eval:
  Num examples: 960  Num correct: 722  Precision @ 1: 0.7521  AUC @ 1: 0.8179
Test Data Eval:
  Num examples: 1856  Num correct: 1291  Precision @ 1: 0.6956  AUC @ 1: 0.7372
Step 200: loss = 33.7135 (0.088 sec)
Training Data Eval:
  Num examples: 8960  Num correct: 7026  Precision @ 1: 0.7842  AUC @ 1: 0.8540
Validation Data Eval:
  Num examples: 960  Num correct: 737  Precision @ 1: 0.7677  AUC @ 1: 0.8353
Test Data Eval:
  Num examples: 1856  Num correct: 1328  Precision @ 1: 0.7155  AUC @ 1: 0.7561
Step 300: loss = 31.1532 (0.088 sec)
Training Data Eval:
  Num examples: 8960  Num correct: 7209  Precision @ 1: 0.8046  AUC @ 1: 0.8790
Validation Data Eval:
  Num examples: 960  Num correct: 740  Precision @ 1: 0.7708  AUC @ 1: 0.8446
Test Data Eval:
  Num examples: 1856  Num correct: 1314  Precision @ 1: 0.7080  AUC @ 1: 0.7518
Step 400: loss = 28.7962 (0.092 sec)
Training Data Eval:
  Num examples: 8960  Num correct: 7369  Precision @ 1: 0.8224  AUC @ 1: 0.8928
Validation Data Eval:
  Num examples: 960  Num correct: 757  Precision @ 1: 0.7885  AUC @ 1: 0.8642
Test Data Eval:
  Num examples: 1856  Num correct: 1331  Precision @ 1: 0.7171  AUC @ 1: 0.7699
Step 500: loss = 26.5698 (0.087 sec)
Training Data Eval:
  Num examples: 8960  Num correct: 7421  Precision @ 1: 0.8282  AUC @ 1: 0.9020
Validation Data Eval:
  Num examples: 960  Num correct: 753  Precision @ 1: 0.7844  AUC @ 1: 0.8642
Test Data Eval:
  Num examples: 1856  Num correct: 1334  Precision @ 1: 0.7188  AUC @ 1: 0.7646
Step 600: loss = 24.6219 (0.085 sec)
Training Data Eval:
  Num examples: 8960  Num correct: 7530  Precision @ 1: 0.8404  AUC @ 1: 0.9199
Validation Data Eval:
  Num examples: 960  Num correct: 756  Precision @ 1: 0.7875  AUC @ 1: 0.8620
Test Data Eval:
  Num examples: 1856  Num correct: 1346  Precision @ 1: 0.7252  AUC @ 1: 0.7674
Step 700: loss = 22.8283 (0.176 sec)
Training Data Eval:
  Num examples: 8960  Num correct: 7683  Precision @ 1: 0.8575  AUC @ 1: 0.9339
Validation Data Eval:
  Num examples: 960  Num correct: 761  Precision @ 1: 0.7927  AUC @ 1: 0.8727
Test Data Eval:
  Num examples: 1856  Num correct: 1307  Precision @ 1: 0.7042  AUC @ 1: 0.7579
Step 800: loss = 20.9807 (0.091 sec)
Training Data Eval:
  Num examples: 8960  Num correct: 7708  Precision @ 1: 0.8603  AUC @ 1: 0.9324
Validation Data Eval:
  Num examples: 960  Num correct: 750  Precision @ 1: 0.7812  AUC @ 1: 0.8709
Test Data Eval:
  Num examples: 1856  Num correct: 1306  Precision @ 1: 0.7037  AUC @ 1: 0.7583
Step 900: loss = 19.3904 (0.085 sec)
Training Data Eval:
  Num examples: 8960  Num correct: 7740  Precision @ 1: 0.8638  AUC @ 1: 0.9387
Validation Data Eval:
  Num examples: 960  Num correct: 750  Precision @ 1: 0.7812  AUC @ 1: 0.8685
Test Data Eval:
  Num examples: 1856  Num correct: 1287  Precision @ 1: 0.6934  AUC @ 1: 0.7759
Step 1000: loss = 17.8895 (0.091 sec)
Training Data Eval:
  Num examples: 8960  Num correct: 7868  Precision @ 1: 0.8781  AUC @ 1: 0.9566
Validation Data Eval:
  Num examples: 960  Num correct: 766  Precision @ 1: 0.7979  AUC @ 1: 0.8716
Test Data Eval:
  Num examples: 1856  Num correct: 1317  Precision @ 1: 0.7096  AUC @ 1: 0.7582
Step 1100: loss = 16.5875 (0.082 sec)
Training Data Eval:
  Num examples: 8960  Num correct: 7973  Precision @ 1: 0.8898  AUC @ 1: 0.9619
Validation Data Eval:
  Num examples: 960  Num correct: 764  Precision @ 1: 0.7958  AUC @ 1: 0.8743
Test Data Eval:
  Num examples: 1856  Num correct: 1343  Precision @ 1: 0.7236  AUC @ 1: 0.7692
Step 1200: loss = 15.3253 (0.084 sec)
Training Data Eval:
  Num examples: 8960  Num correct: 8147  Precision @ 1: 0.9093  AUC @ 1: 0.9683
Validation Data Eval:
  Num examples: 960  Num correct: 752  Precision @ 1: 0.7833  AUC @ 1: 0.8688
Test Data Eval:
  Num examples: 1856  Num correct: 1314  Precision @ 1: 0.7080  AUC @ 1: 0.7654
Step 1300: loss = 14.1139 (0.084 sec)
Training Data Eval:
  Num examples: 8960  Num correct: 8231  Precision @ 1: 0.9186  AUC @ 1: 0.9751
Validation Data Eval:
  Num examples: 960  Num correct: 748  Precision @ 1: 0.7792  AUC @ 1: 0.8683
Test Data Eval:
  Num examples: 1856  Num correct: 1321  Precision @ 1: 0.7117  AUC @ 1: 0.7800
Step 1400: loss = 13.0900 (0.173 sec)
Training Data Eval:
  Num examples: 8960  Num correct: 8143  Precision @ 1: 0.9088  AUC @ 1: 0.9789
Validation Data Eval:
  Num examples: 960  Num correct: 750  Precision @ 1: 0.7812  AUC @ 1: 0.8747
Test Data Eval:
  Num examples: 1856  Num correct: 1338  Precision @ 1: 0.7209  AUC @ 1: 0.7702
Step 1500: loss = 12.1250 (0.087 sec)
Training Data Eval:
  Num examples: 8960  Num correct: 8161  Precision @ 1: 0.9108  AUC @ 1: 0.9809
Validation Data Eval:
  Num examples: 960  Num correct: 765  Precision @ 1: 0.7969  AUC @ 1: 0.8701
Test Data Eval:
  Num examples: 1856  Num correct: 1325  Precision @ 1: 0.7139  AUC @ 1: 0.7540
Step 1600: loss = 11.0844 (0.089 sec)
Training Data Eval:
  Num examples: 8960  Num correct: 8466  Precision @ 1: 0.9449  AUC @ 1: 0.9888
Validation Data Eval:
  Num examples: 960  Num correct: 750  Precision @ 1: 0.7812  AUC @ 1: 0.8690
Test Data Eval:
  Num examples: 1856  Num correct: 1275  Precision @ 1: 0.6870  AUC @ 1: 0.7621
Step 1700: loss = 10.3343 (0.087 sec)
Training Data Eval:
  Num examples: 8960  Num correct: 8542  Precision @ 1: 0.9533  AUC @ 1: 0.9920
Validation Data Eval:
  Num examples: 960  Num correct: 758  Precision @ 1: 0.7896  AUC @ 1: 0.8686
Test Data Eval:
  Num examples: 1856  Num correct: 1338  Precision @ 1: 0.7209  AUC @ 1: 0.7581
Step 1800: loss = 9.6529 (0.093 sec)
Training Data Eval:
  Num examples: 8960  Num correct: 8546  Precision @ 1: 0.9538  AUC @ 1: 0.9921
Validation Data Eval:
  Num examples: 960  Num correct: 768  Precision @ 1: 0.8000  AUC @ 1: 0.8750
Test Data Eval:
  Num examples: 1856  Num correct: 1266  Precision @ 1: 0.6821  AUC @ 1: 0.7645
Step 1900: loss = 8.8552 (0.084 sec)
Training Data Eval:
  Num examples: 8960  Num correct: 8513  Precision @ 1: 0.9501  AUC @ 1: 0.9925
Validation Data Eval:
  Num examples: 960  Num correct: 760  Precision @ 1: 0.7917  AUC @ 1: 0.8756
Test Data Eval:
  Num examples: 1856  Num correct: 1214  Precision @ 1: 0.6541  AUC @ 1: 0.7653
Step 2000: loss = 8.1944 (0.085 sec)
Training Data Eval:
  Num examples: 8960  Num correct: 8568  Precision @ 1: 0.9563  AUC @ 1: 0.9952
Validation Data Eval:
  Num examples: 960  Num correct: 754  Precision @ 1: 0.7854  AUC @ 1: 0.8639
Test Data Eval:
  Num examples: 1856  Num correct: 1352  Precision @ 1: 0.7284  AUC @ 1: 0.7802
Step 2100: loss = 7.5760 (0.167 sec)
Training Data Eval:
  Num examples: 8960  Num correct: 8616  Precision @ 1: 0.9616  AUC @ 1: 0.9943
Validation Data Eval:
  Num examples: 960  Num correct: 774  Precision @ 1: 0.8063  AUC @ 1: 0.8741
Test Data Eval:
  Num examples: 1856  Num correct: 1259  Precision @ 1: 0.6783  AUC @ 1: 0.7616
Step 2200: loss = 7.0774 (0.088 sec)
Training Data Eval:
  Num examples: 8960  Num correct: 8516  Precision @ 1: 0.9504  AUC @ 1: 0.9944
Validation Data Eval:
  Num examples: 960  Num correct: 766  Precision @ 1: 0.7979  AUC @ 1: 0.8720
Test Data Eval:
  Num examples: 1856  Num correct: 1322  Precision @ 1: 0.7123  AUC @ 1: 0.7772
Step 2300: loss = 6.5801 (0.085 sec)
Training Data Eval:
  Num examples: 8960  Num correct: 8612  Precision @ 1: 0.9612  AUC @ 1: 0.9948
Validation Data Eval:
  Num examples: 960  Num correct: 773  Precision @ 1: 0.8052  AUC @ 1: 0.8747
Test Data Eval:
  Num examples: 1856  Num correct: 1276  Precision @ 1: 0.6875  AUC @ 1: 0.7698
Step 2400: loss = 5.9909 (0.085 sec)
Training Data Eval:
  Num examples: 8960  Num correct: 8723  Precision @ 1: 0.9735  AUC @ 1: 0.9981
Validation Data Eval:
  Num examples: 960  Num correct: 777  Precision @ 1: 0.8094  AUC @ 1: 0.8752
Test Data Eval:
  Num examples: 1856  Num correct: 1307  Precision @ 1: 0.7042  AUC @ 1: 0.7861
Step 2500: loss = 5.5417 (0.088 sec)
Training Data Eval:
  Num examples: 8960  Num correct: 8718  Precision @ 1: 0.9730  AUC @ 1: 0.9975
Validation Data Eval:
  Num examples: 960  Num correct: 777  Precision @ 1: 0.8094  AUC @ 1: 0.8793
Test Data Eval:
  Num examples: 1856  Num correct: 1324  Precision @ 1: 0.7134  AUC @ 1: 0.7776
Step 2600: loss = 5.2856 (0.086 sec)
Training Data Eval:
  Num examples: 8960  Num correct: 8746  Precision @ 1: 0.9761  AUC @ 1: 0.9974
Validation Data Eval:
  Num examples: 960  Num correct: 786  Precision @ 1: 0.8187  AUC @ 1: 0.8843
Test Data Eval:
  Num examples: 1856  Num correct: 1315  Precision @ 1: 0.7085  AUC @ 1: 0.7759
Step 2700: loss = 4.7583 (0.087 sec)
Training Data Eval:
  Num examples: 8960  Num correct: 8725  Precision @ 1: 0.9738  AUC @ 1: 0.9974
Validation Data Eval:
  Num examples: 960  Num correct: 772  Precision @ 1: 0.8042  AUC @ 1: 0.8764
Test Data Eval:
  Num examples: 1856  Num correct: 1302  Precision @ 1: 0.7015  AUC @ 1: 0.7710
Step 2800: loss = 4.4074 (0.176 sec)
Training Data Eval:
  Num examples: 8960  Num correct: 8731  Precision @ 1: 0.9744  AUC @ 1: 0.9979
Validation Data Eval:
  Num examples: 960  Num correct: 756  Precision @ 1: 0.7875  AUC @ 1: 0.8699
Test Data Eval:
  Num examples: 1856  Num correct: 1277  Precision @ 1: 0.6880  AUC @ 1: 0.7686
Step 2900: loss = 4.1416 (0.089 sec)
Training Data Eval:
  Num examples: 8960  Num correct: 8732  Precision @ 1: 0.9746  AUC @ 1: 0.9977
Validation Data Eval:
  Num examples: 960  Num correct: 762  Precision @ 1: 0.7937  AUC @ 1: 0.8787
Test Data Eval:
  Num examples: 1856  Num correct: 1317  Precision @ 1: 0.7096  AUC @ 1: 0.7749
Step 3000: loss = 3.8133 (0.082 sec)
Training Data Eval:
  Num examples: 8960  Num correct: 8755  Precision @ 1: 0.9771  AUC @ 1: 0.9983
Validation Data Eval:
  Num examples: 960  Num correct: 778  Precision @ 1: 0.8104  AUC @ 1: 0.8802
Test Data Eval:
  Num examples: 1856  Num correct: 1341  Precision @ 1: 0.7225  AUC @ 1: 0.7849
Step 3100: loss = 3.5274 (0.087 sec)
Training Data Eval:
  Num examples: 8960  Num correct: 8837  Precision @ 1: 0.9863  AUC @ 1: 0.9991
Validation Data Eval:
  Num examples: 960  Num correct: 781  Precision @ 1: 0.8135  AUC @ 1: 0.8786
Test Data Eval:
  Num examples: 1856  Num correct: 1305  Precision @ 1: 0.7031  AUC @ 1: 0.7711
Step 3200: loss = 3.2829 (0.090 sec)
Training Data Eval:
  Num examples: 8960  Num correct: 8751  Precision @ 1: 0.9767  AUC @ 1: 0.9987
Validation Data Eval:
  Num examples: 960  Num correct: 764  Precision @ 1: 0.7958  AUC @ 1: 0.8676
Test Data Eval:
  Num examples: 1856  Num correct: 1258  Precision @ 1: 0.6778  AUC @ 1: 0.7621
Step 3300: loss = 3.1813 (0.081 sec)
Training Data Eval:
  Num examples: 8960  Num correct: 8761  Precision @ 1: 0.9778  AUC @ 1: 0.9984
Validation Data Eval:
  Num examples: 960  Num correct: 767  Precision @ 1: 0.7990  AUC @ 1: 0.8697
Test Data Eval:
  Num examples: 1856  Num correct: 1352  Precision @ 1: 0.7284  AUC @ 1: 0.7785
Step 3400: loss = 2.8442 (0.082 sec)
Training Data Eval:
  Num examples: 8960  Num correct: 8724  Precision @ 1: 0.9737  AUC @ 1: 0.9960
Validation Data Eval:
  Num examples: 960  Num correct: 758  Precision @ 1: 0.7896  AUC @ 1: 0.8643
Test Data Eval:
  Num examples: 1856  Num correct: 1303  Precision @ 1: 0.7020  AUC @ 1: 0.7816
Step 3500: loss = 2.7035 (0.168 sec)
Training Data Eval:
  Num examples: 8960  Num correct: 8713  Precision @ 1: 0.9724  AUC @ 1: 0.9973
Validation Data Eval:
  Num examples: 960  Num correct: 762  Precision @ 1: 0.7937  AUC @ 1: 0.8748
Test Data Eval:
  Num examples: 1856  Num correct: 1258  Precision @ 1: 0.6778  AUC @ 1: 0.7697
Step 3600: loss = 2.5764 (0.088 sec)
Training Data Eval:
  Num examples: 8960  Num correct: 8820  Precision @ 1: 0.9844  AUC @ 1: 0.9992
Validation Data Eval:
  Num examples: 960  Num correct: 768  Precision @ 1: 0.8000  AUC @ 1: 0.8742
Test Data Eval:
  Num examples: 1856  Num correct: 1331  Precision @ 1: 0.7171  AUC @ 1: 0.7747
Step 3700: loss = 2.3525 (0.092 sec)
Training Data Eval:
  Num examples: 8960  Num correct: 8833  Precision @ 1: 0.9858  AUC @ 1: 0.9990
Validation Data Eval:
  Num examples: 960  Num correct: 771  Precision @ 1: 0.8031  AUC @ 1: 0.8751
Test Data Eval:
  Num examples: 1856  Num correct: 1321  Precision @ 1: 0.7117  AUC @ 1: 0.7766
Step 3800: loss = 2.0971 (0.088 sec)
Training Data Eval:
  Num examples: 8960  Num correct: 8824  Precision @ 1: 0.9848  AUC @ 1: 0.9992
Validation Data Eval:
  Num examples: 960  Num correct: 761  Precision @ 1: 0.7927  AUC @ 1: 0.8699
Test Data Eval:
  Num examples: 1856  Num correct: 1322  Precision @ 1: 0.7123  AUC @ 1: 0.7873
Step 3900: loss = 1.9683 (0.081 sec)
Training Data Eval:
  Num examples: 8960  Num correct: 8785  Precision @ 1: 0.9805  AUC @ 1: 0.9989
Validation Data Eval:
  Num examples: 960  Num correct: 758  Precision @ 1: 0.7896  AUC @ 1: 0.8673
Test Data Eval:
  Num examples: 1856  Num correct: 1258  Precision @ 1: 0.6778  AUC @ 1: 0.7620
Step 4000: loss = 1.8467 (0.087 sec)
Training Data Eval:
  Num examples: 8960  Num correct: 8810  Precision @ 1: 0.9833  AUC @ 1: 0.9992
Validation Data Eval:
  Num examples: 960  Num correct: 774  Precision @ 1: 0.8063  AUC @ 1: 0.8767
Test Data Eval:
  Num examples: 1856  Num correct: 1319  Precision @ 1: 0.7107  AUC @ 1: 0.7712
Step 4100: loss = 1.7460 (0.090 sec)
Training Data Eval:
  Num examples: 8960  Num correct: 8860  Precision @ 1: 0.9888  AUC @ 1: 0.9995
Validation Data Eval:
  Num examples: 960  Num correct: 767  Precision @ 1: 0.7990  AUC @ 1: 0.8768
Test Data Eval:
  Num examples: 1856  Num correct: 1303  Precision @ 1: 0.7020  AUC @ 1: 0.7851
Step 4200: loss = 1.6251 (0.171 sec)
Training Data Eval:
  Num examples: 8960  Num correct: 8770  Precision @ 1: 0.9788  AUC @ 1: 0.9983
Validation Data Eval:
  Num examples: 960  Num correct: 760  Precision @ 1: 0.7917  AUC @ 1: 0.8716
Test Data Eval:
  Num examples: 1856  Num correct: 1306  Precision @ 1: 0.7037  AUC @ 1: 0.7594
Step 4300: loss = 1.5066 (0.083 sec)
Training Data Eval:
  Num examples: 8960  Num correct: 8575  Precision @ 1: 0.9570  AUC @ 1: 0.9985
Validation Data Eval:
  Num examples: 960  Num correct: 720  Precision @ 1: 0.7500  AUC @ 1: 0.8678
Test Data Eval:
  Num examples: 1856  Num correct: 1209  Precision @ 1: 0.6514  AUC @ 1: 0.7824
Step 4400: loss = 1.5239 (0.086 sec)
Training Data Eval:
  Num examples: 8960  Num correct: 8828  Precision @ 1: 0.9853  AUC @ 1: 0.9994
Validation Data Eval:
  Num examples: 960  Num correct: 761  Precision @ 1: 0.7927  AUC @ 1: 0.8727
Test Data Eval:
  Num examples: 1856  Num correct: 1336  Precision @ 1: 0.7198  AUC @ 1: 0.7883
Step 4500: loss = 1.3862 (0.086 sec)
Training Data Eval:
  Num examples: 8960  Num correct: 8868  Precision @ 1: 0.9897  AUC @ 1: 0.9995
Validation Data Eval:
  Num examples: 960  Num correct: 773  Precision @ 1: 0.8052  AUC @ 1: 0.8786
Test Data Eval:
  Num examples: 1856  Num correct: 1309  Precision @ 1: 0.7053  AUC @ 1: 0.7859
Step 4600: loss = 1.2390 (0.090 sec)
Training Data Eval:
  Num examples: 8960  Num correct: 8826  Precision @ 1: 0.9850  AUC @ 1: 0.9992
Validation Data Eval:
  Num examples: 960  Num correct: 767  Precision @ 1: 0.7990  AUC @ 1: 0.8759
Test Data Eval:
  Num examples: 1856  Num correct: 1329  Precision @ 1: 0.7161  AUC @ 1: 0.7880
Step 4700: loss = 1.1788 (0.089 sec)
Training Data Eval:
  Num examples: 8960  Num correct: 8832  Precision @ 1: 0.9857  AUC @ 1: 0.9991
Validation Data Eval:
  Num examples: 960  Num correct: 759  Precision @ 1: 0.7906  AUC @ 1: 0.8704
Test Data Eval:
  Num examples: 1856  Num correct: 1320  Precision @ 1: 0.7112  AUC @ 1: 0.7903
Step 4800: loss = 1.2128 (0.088 sec)
Training Data Eval:
  Num examples: 8960  Num correct: 8804  Precision @ 1: 0.9826  AUC @ 1: 0.9993
Validation Data Eval:
  Num examples: 960  Num correct: 749  Precision @ 1: 0.7802  AUC @ 1: 0.8692
Test Data Eval:
  Num examples: 1856  Num correct: 1347  Precision @ 1: 0.7258  AUC @ 1: 0.7778
Step 4900: loss = 1.0667 (0.169 sec)
Training Data Eval:
  Num examples: 8960  Num correct: 8811  Precision @ 1: 0.9834  AUC @ 1: 0.9975
Validation Data Eval:
  Num examples: 960  Num correct: 755  Precision @ 1: 0.7865  AUC @ 1: 0.8686
Test Data Eval:
  Num examples: 1856  Num correct: 1339  Precision @ 1: 0.7214  AUC @ 1: 0.7860
Step 5000: loss = 0.9956 (0.090 sec)
Training Data Eval:
  Num examples: 8960  Num correct: 8855  Precision @ 1: 0.9883  AUC @ 1: 0.9995
Validation Data Eval:
  Num examples: 960  Num correct: 758  Precision @ 1: 0.7896  AUC @ 1: 0.8659
Test Data Eval:
  Num examples: 1856  Num correct: 1320  Precision @ 1: 0.7112  AUC @ 1: 0.7820
Step 5100: loss = 0.9060 (0.088 sec)
Training Data Eval:
  Num examples: 8960  Num correct: 8854  Precision @ 1: 0.9882  AUC @ 1: 0.9996
Validation Data Eval:
  Num examples: 960  Num correct: 764  Precision @ 1: 0.7958  AUC @ 1: 0.8623
Test Data Eval:
  Num examples: 1856  Num correct: 1323  Precision @ 1: 0.7128  AUC @ 1: 0.7783
Step 5200: loss = 0.8637 (0.089 sec)
Training Data Eval:
  Num examples: 8960  Num correct: 8870  Precision @ 1: 0.9900  AUC @ 1: 0.9997
Validation Data Eval:
  Num examples: 960  Num correct: 762  Precision @ 1: 0.7937  AUC @ 1: 0.8724
Test Data Eval:
  Num examples: 1856  Num correct: 1304  Precision @ 1: 0.7026  AUC @ 1: 0.7816
Step 5300: loss = 0.8482 (0.090 sec)
Training Data Eval:
  Num examples: 8960  Num correct: 8857  Precision @ 1: 0.9885  AUC @ 1: 0.9996
Validation Data Eval:
  Num examples: 960  Num correct: 754  Precision @ 1: 0.7854  AUC @ 1: 0.8658
Test Data Eval:
  Num examples: 1856  Num correct: 1371  Precision @ 1: 0.7387  AUC @ 1: 0.7866
Step 5400: loss = 0.7789 (0.089 sec)
Training Data Eval:
  Num examples: 8960  Num correct: 8894  Precision @ 1: 0.9926  AUC @ 1: 0.9999
Validation Data Eval:
  Num examples: 960  Num correct: 755  Precision @ 1: 0.7865  AUC @ 1: 0.8563
Test Data Eval:
  Num examples: 1856  Num correct: 1326  Precision @ 1: 0.7144  AUC @ 1: 0.7778
Step 5500: loss = 0.7606 (0.083 sec)
Training Data Eval:
  Num examples: 8960  Num correct: 8876  Precision @ 1: 0.9906  AUC @ 1: 0.9997
Validation Data Eval:
  Num examples: 960  Num correct: 752  Precision @ 1: 0.7833  AUC @ 1: 0.8566
Test Data Eval:
  Num examples: 1856  Num correct: 1336  Precision @ 1: 0.7198  AUC @ 1: 0.7875
Step 5600: loss = 0.7251 (0.166 sec)
Training Data Eval:
  Num examples: 8960  Num correct: 8863  Precision @ 1: 0.9892  AUC @ 1: 0.9996
Validation Data Eval:
  Num examples: 960  Num correct: 754  Precision @ 1: 0.7854  AUC @ 1: 0.8610
Test Data Eval:
  Num examples: 1856  Num correct: 1330  Precision @ 1: 0.7166  AUC @ 1: 0.7925
Step 5700: loss = 0.6979 (0.085 sec)
Training Data Eval:
  Num examples: 8960  Num correct: 8879  Precision @ 1: 0.9910  AUC @ 1: 0.9998
Validation Data Eval:
  Num examples: 960  Num correct: 746  Precision @ 1: 0.7771  AUC @ 1: 0.8577
Test Data Eval:
  Num examples: 1856  Num correct: 1335  Precision @ 1: 0.7193  AUC @ 1: 0.7836
Step 5800: loss = 0.6873 (0.088 sec)
Training Data Eval:
  Num examples: 8960  Num correct: 8819  Precision @ 1: 0.9843  AUC @ 1: 0.9989
Validation Data Eval:
  Num examples: 960  Num correct: 734  Precision @ 1: 0.7646  AUC @ 1: 0.8439
Test Data Eval:
  Num examples: 1856  Num correct: 1345  Precision @ 1: 0.7247  AUC @ 1: 0.7735
Step 5900: loss = 0.6077 (0.089 sec)
Training Data Eval:
  Num examples: 8960  Num correct: 8853  Precision @ 1: 0.9881  AUC @ 1: 0.9996
Validation Data Eval:
  Num examples: 960  Num correct: 740  Precision @ 1: 0.7708  AUC @ 1: 0.8541
Test Data Eval:
  Num examples: 1856  Num correct: 1281  Precision @ 1: 0.6902  AUC @ 1: 0.7760
Step 6000: loss = 0.5933 (0.074 sec)
Training Data Eval:
  Num examples: 8960  Num correct: 8879  Precision @ 1: 0.9910  AUC @ 1: 0.9998
Validation Data Eval:
  Num examples: 960  Num correct: 748  Precision @ 1: 0.7792  AUC @ 1: 0.8538
Test Data Eval:
  Num examples: 1856  Num correct: 1331  Precision @ 1: 0.7171  AUC @ 1: 0.7754
Step 6100: loss = 0.5994 (0.087 sec)
Training Data Eval:
  Num examples: 8960  Num correct: 8913  Precision @ 1: 0.9948  AUC @ 1: 0.9999
Validation Data Eval:
  Num examples: 960  Num correct: 754  Precision @ 1: 0.7854  AUC @ 1: 0.8617
Test Data Eval:
  Num examples: 1856  Num correct: 1332  Precision @ 1: 0.7177  AUC @ 1: 0.7850
Step 6200: loss = 0.5300 (0.091 sec)
Training Data Eval:
  Num examples: 8960  Num correct: 8898  Precision @ 1: 0.9931  AUC @ 1: 0.9998
Validation Data Eval:
  Num examples: 960  Num correct: 761  Precision @ 1: 0.7927  AUC @ 1: 0.8587
Test Data Eval:
  Num examples: 1856  Num correct: 1314  Precision @ 1: 0.7080  AUC @ 1: 0.7726
Step 6300: loss = 0.5341 (0.171 sec)
Training Data Eval:
  Num examples: 8960  Num correct: 8910  Precision @ 1: 0.9944  AUC @ 1: 0.9999
Validation Data Eval:
  Num examples: 960  Num correct: 761  Precision @ 1: 0.7927  AUC @ 1: 0.8598
Test Data Eval:
  Num examples: 1856  Num correct: 1336  Precision @ 1: 0.7198  AUC @ 1: 0.7831
Step 6400: loss = 0.4868 (0.094 sec)
Training Data Eval:
  Num examples: 8960  Num correct: 8901  Precision @ 1: 0.9934  AUC @ 1: 0.9997
Validation Data Eval:
  Num examples: 960  Num correct: 764  Precision @ 1: 0.7958  AUC @ 1: 0.8714
Test Data Eval:
  Num examples: 1856  Num correct: 1333  Precision @ 1: 0.7182  AUC @ 1: 0.7823
Step 6500: loss = 0.4613 (0.088 sec)
Training Data Eval:
  Num examples: 8960  Num correct: 8910  Precision @ 1: 0.9944  AUC @ 1: 0.9998
Validation Data Eval:
  Num examples: 960  Num correct: 769  Precision @ 1: 0.8010  AUC @ 1: 0.8702
Test Data Eval:
  Num examples: 1856  Num correct: 1333  Precision @ 1: 0.7182  AUC @ 1: 0.7889
Step 6600: loss = 0.4706 (0.088 sec)
Training Data Eval:
  Num examples: 8960  Num correct: 8876  Precision @ 1: 0.9906  AUC @ 1: 0.9999
Validation Data Eval:
  Num examples: 960  Num correct: 749  Precision @ 1: 0.7802  AUC @ 1: 0.8545
Test Data Eval:
  Num examples: 1856  Num correct: 1342  Precision @ 1: 0.7231  AUC @ 1: 0.7721
Step 6700: loss = 0.4722 (0.088 sec)
Training Data Eval:
  Num examples: 8960  Num correct: 8853  Precision @ 1: 0.9881  AUC @ 1: 0.9997
Validation Data Eval:
  Num examples: 960  Num correct: 744  Precision @ 1: 0.7750  AUC @ 1: 0.8590
Test Data Eval:
  Num examples: 1856  Num correct: 1282  Precision @ 1: 0.6907  AUC @ 1: 0.7838
Step 6800: loss = 0.4363 (0.094 sec)
Training Data Eval:
  Num examples: 8960  Num correct: 8775  Precision @ 1: 0.9794  AUC @ 1: 0.9996
Validation Data Eval:
  Num examples: 960  Num correct: 729  Precision @ 1: 0.7594  AUC @ 1: 0.8532
Test Data Eval:
  Num examples: 1856  Num correct: 1211  Precision @ 1: 0.6525  AUC @ 1: 0.7841
Step 6900: loss = 0.4303 (0.094 sec)
Training Data Eval:
  Num examples: 8960  Num correct: 8893  Precision @ 1: 0.9925  AUC @ 1: 0.9998
Validation Data Eval:
  Num examples: 960  Num correct: 756  Precision @ 1: 0.7875  AUC @ 1: 0.8530
Test Data Eval:
  Num examples: 1856  Num correct: 1319  Precision @ 1: 0.7107  AUC @ 1: 0.7727
Step 7000: loss = 0.4714 (0.177 sec)
Training Data Eval:
  Num examples: 8960  Num correct: 8891  Precision @ 1: 0.9923  AUC @ 1: 0.9998
Validation Data Eval:
  Num examples: 960  Num correct: 752  Precision @ 1: 0.7833  AUC @ 1: 0.8604
Test Data Eval:
  Num examples: 1856  Num correct: 1295  Precision @ 1: 0.6977  AUC @ 1: 0.7824
Step 7100: loss = 0.4484 (0.086 sec)
Training Data Eval:
  Num examples: 8960  Num correct: 8900  Precision @ 1: 0.9933  AUC @ 1: 0.9998
Validation Data Eval:
  Num examples: 960  Num correct: 753  Precision @ 1: 0.7844  AUC @ 1: 0.8609
Test Data Eval:
  Num examples: 1856  Num correct: 1305  Precision @ 1: 0.7031  AUC @ 1: 0.7781
Step 7200: loss = 0.4071 (0.091 sec)
Training Data Eval:
  Num examples: 8960  Num correct: 8858  Precision @ 1: 0.9886  AUC @ 1: 0.9996
Validation Data Eval:
  Num examples: 960  Num correct: 733  Precision @ 1: 0.7635  AUC @ 1: 0.8409
Test Data Eval:
  Num examples: 1856  Num correct: 1270  Precision @ 1: 0.6843  AUC @ 1: 0.7771
Step 7300: loss = 0.4422 (0.092 sec)
Training Data Eval:
  Num examples: 8960  Num correct: 8882  Precision @ 1: 0.9913  AUC @ 1: 0.9999
Validation Data Eval:
  Num examples: 960  Num correct: 739  Precision @ 1: 0.7698  AUC @ 1: 0.8453
Test Data Eval:
  Num examples: 1856  Num correct: 1342  Precision @ 1: 0.7231  AUC @ 1: 0.7814
Step 7400: loss = 0.3946 (0.085 sec)
Training Data Eval:
  Num examples: 8960  Num correct: 8864  Precision @ 1: 0.9893  AUC @ 1: 0.9998
Validation Data Eval:
  Num examples: 960  Num correct: 744  Precision @ 1: 0.7750  AUC @ 1: 0.8422
Test Data Eval:
  Num examples: 1856  Num correct: 1329  Precision @ 1: 0.7161  AUC @ 1: 0.7781
Step 7500: loss = 0.3625 (0.086 sec)
Training Data Eval:
  Num examples: 8960  Num correct: 8880  Precision @ 1: 0.9911  AUC @ 1: 0.9998
Validation Data Eval:
  Num examples: 960  Num correct: 743  Precision @ 1: 0.7740  AUC @ 1: 0.8481
Test Data Eval:
  Num examples: 1856  Num correct: 1270  Precision @ 1: 0.6843  AUC @ 1: 0.7743
Step 7600: loss = 0.4141 (0.090 sec)
Training Data Eval:
  Num examples: 8960  Num correct: 8900  Precision @ 1: 0.9933  AUC @ 1: 0.9999
Validation Data Eval:
  Num examples: 960  Num correct: 753  Precision @ 1: 0.7844  AUC @ 1: 0.8562
Test Data Eval:
  Num examples: 1856  Num correct: 1288  Precision @ 1: 0.6940  AUC @ 1: 0.7775
Step 7700: loss = 0.3829 (0.171 sec)
Training Data Eval:
  Num examples: 8960  Num correct: 8918  Precision @ 1: 0.9953  AUC @ 1: 0.9999
Validation Data Eval:
  Num examples: 960  Num correct: 766  Precision @ 1: 0.7979  AUC @ 1: 0.8613
Test Data Eval:
  Num examples: 1856  Num correct: 1297  Precision @ 1: 0.6988  AUC @ 1: 0.7742
Step 7800: loss = 0.3333 (0.084 sec)
Training Data Eval:
  Num examples: 8960  Num correct: 8885  Precision @ 1: 0.9916  AUC @ 1: 0.9998
Validation Data Eval:
  Num examples: 960  Num correct: 743  Precision @ 1: 0.7740  AUC @ 1: 0.8529
Test Data Eval:
  Num examples: 1856  Num correct: 1324  Precision @ 1: 0.7134  AUC @ 1: 0.7747
Step 7900: loss = 0.3540 (0.088 sec)
Training Data Eval:
  Num examples: 8960  Num correct: 8917  Precision @ 1: 0.9952  AUC @ 1: 0.9999
Validation Data Eval:
  Num examples: 960  Num correct: 761  Precision @ 1: 0.7927  AUC @ 1: 0.8628
Test Data Eval:
  Num examples: 1856  Num correct: 1292  Precision @ 1: 0.6961  AUC @ 1: 0.7886
Step 8000: loss = 0.3469 (0.088 sec)
Training Data Eval:
  Num examples: 8960  Num correct: 8910  Precision @ 1: 0.9944  AUC @ 1: 0.9999
Validation Data Eval:
  Num examples: 960  Num correct: 758  Precision @ 1: 0.7896  AUC @ 1: 0.8619
Test Data Eval:
  Num examples: 1856  Num correct: 1321  Precision @ 1: 0.7117  AUC @ 1: 0.7862
Step 8100: loss = 0.3432 (0.089 sec)
Training Data Eval:
  Num examples: 8960  Num correct: 8849  Precision @ 1: 0.9876  AUC @ 1: 0.9999
Validation Data Eval:
  Num examples: 960  Num correct: 745  Precision @ 1: 0.7760  AUC @ 1: 0.8580
Test Data Eval:
  Num examples: 1856  Num correct: 1307  Precision @ 1: 0.7042  AUC @ 1: 0.7635
Step 8200: loss = 0.3127 (0.093 sec)
Training Data Eval:
  Num examples: 8960  Num correct: 8888  Precision @ 1: 0.9920  AUC @ 1: 0.9999
Validation Data Eval:
  Num examples: 960  Num correct: 754  Precision @ 1: 0.7854  AUC @ 1: 0.8598
Test Data Eval:
  Num examples: 1856  Num correct: 1362  Precision @ 1: 0.7338  AUC @ 1: 0.7826
Step 8300: loss = 0.3679 (0.090 sec)
Training Data Eval:
  Num examples: 8960  Num correct: 8903  Precision @ 1: 0.9936  AUC @ 1: 0.9999
Validation Data Eval:
  Num examples: 960  Num correct: 746  Precision @ 1: 0.7771  AUC @ 1: 0.8463
Test Data Eval:
  Num examples: 1856  Num correct: 1302  Precision @ 1: 0.7015  AUC @ 1: 0.7775
Step 8400: loss = 0.3617 (0.177 sec)
Training Data Eval:
  Num examples: 8960  Num correct: 8883  Precision @ 1: 0.9914  AUC @ 1: 0.9999
Validation Data Eval:
  Num examples: 960  Num correct: 729  Precision @ 1: 0.7594  AUC @ 1: 0.8429
Test Data Eval:
  Num examples: 1856  Num correct: 1322  Precision @ 1: 0.7123  AUC @ 1: 0.7672
Step 8500: loss = 0.4566 (0.092 sec)
Training Data Eval:
  Num examples: 8960  Num correct: 8912  Precision @ 1: 0.9946  AUC @ 1: 0.9999
Validation Data Eval:
  Num examples: 960  Num correct: 737  Precision @ 1: 0.7677  AUC @ 1: 0.8523
Test Data Eval:
  Num examples: 1856  Num correct: 1338  Precision @ 1: 0.7209  AUC @ 1: 0.7757
Step 8600: loss = 0.3111 (0.082 sec)
Training Data Eval:
  Num examples: 8960  Num correct: 8883  Precision @ 1: 0.9914  AUC @ 1: 0.9994
Validation Data Eval:
  Num examples: 960  Num correct: 746  Precision @ 1: 0.7771  AUC @ 1: 0.8523
Test Data Eval:
  Num examples: 1856  Num correct: 1315  Precision @ 1: 0.7085  AUC @ 1: 0.7880
Step 8700: loss = 0.4030 (0.085 sec)
Training Data Eval:
  Num examples: 8960  Num correct: 8909  Precision @ 1: 0.9943  AUC @ 1: 0.9998
Validation Data Eval:
  Num examples: 960  Num correct: 740  Precision @ 1: 0.7708  AUC @ 1: 0.8396
Test Data Eval:
  Num examples: 1856  Num correct: 1356  Precision @ 1: 0.7306  AUC @ 1: 0.7840
Step 8800: loss = 0.3502 (0.090 sec)
Training Data Eval:
  Num examples: 8960  Num correct: 8892  Precision @ 1: 0.9924  AUC @ 1: 0.9997
Validation Data Eval:
  Num examples: 960  Num correct: 742  Precision @ 1: 0.7729  AUC @ 1: 0.8517
Test Data Eval:
  Num examples: 1856  Num correct: 1358  Precision @ 1: 0.7317  AUC @ 1: 0.7845
Step 8900: loss = 0.3299 (0.089 sec)
Training Data Eval:
  Num examples: 8960  Num correct: 8887  Precision @ 1: 0.9919  AUC @ 1: 0.9998
Validation Data Eval:
  Num examples: 960  Num correct: 750  Precision @ 1: 0.7812  AUC @ 1: 0.8547
Test Data Eval:
  Num examples: 1856  Num correct: 1310  Precision @ 1: 0.7058  AUC @ 1: 0.7785
Step 9000: loss = 0.3539 (0.092 sec)
Training Data Eval:
  Num examples: 8960  Num correct: 8896  Precision @ 1: 0.9929  AUC @ 1: 0.9998
Validation Data Eval:
  Num examples: 960  Num correct: 742  Precision @ 1: 0.7729  AUC @ 1: 0.8523
Test Data Eval:
  Num examples: 1856  Num correct: 1328  Precision @ 1: 0.7155  AUC @ 1: 0.7786
Step 9100: loss = 0.3359 (0.180 sec)
Training Data Eval:
  Num examples: 8960  Num correct: 8915  Precision @ 1: 0.9950  AUC @ 1: 0.9999
Validation Data Eval:
  Num examples: 960  Num correct: 739  Precision @ 1: 0.7698  AUC @ 1: 0.8448
Test Data Eval:
  Num examples: 1856  Num correct: 1325  Precision @ 1: 0.7139  AUC @ 1: 0.7713
Step 9200: loss = 0.2913 (0.089 sec)
Training Data Eval:
  Num examples: 8960  Num correct: 8909  Precision @ 1: 0.9943  AUC @ 1: 1.0000
Validation Data Eval:
  Num examples: 960  Num correct: 764  Precision @ 1: 0.7958  AUC @ 1: 0.8603
Test Data Eval:
  Num examples: 1856  Num correct: 1346  Precision @ 1: 0.7252  AUC @ 1: 0.7905
Step 9300: loss = 0.5150 (0.089 sec)
Training Data Eval:
  Num examples: 8960  Num correct: 8896  Precision @ 1: 0.9929  AUC @ 1: 0.9999
Validation Data Eval:
  Num examples: 960  Num correct: 748  Precision @ 1: 0.7792  AUC @ 1: 0.8545
Test Data Eval:
  Num examples: 1856  Num correct: 1340  Precision @ 1: 0.7220  AUC @ 1: 0.7770
Step 9400: loss = 0.3338 (0.084 sec)
Training Data Eval:
  Num examples: 8960  Num correct: 8926  Precision @ 1: 0.9962  AUC @ 1: 0.9999
Validation Data Eval:
  Num examples: 960  Num correct: 743  Precision @ 1: 0.7740  AUC @ 1: 0.8436
Test Data Eval:
  Num examples: 1856  Num correct: 1346  Precision @ 1: 0.7252  AUC @ 1: 0.7815
Step 9500: loss = 0.3205 (0.088 sec)
Training Data Eval:
  Num examples: 8960  Num correct: 8910  Precision @ 1: 0.9944  AUC @ 1: 0.9998
Validation Data Eval:
  Num examples: 960  Num correct: 752  Precision @ 1: 0.7833  AUC @ 1: 0.8575
Test Data Eval:
  Num examples: 1856  Num correct: 1297  Precision @ 1: 0.6988  AUC @ 1: 0.7775
Step 9600: loss = 0.3749 (0.087 sec)
Training Data Eval:
  Num examples: 8960  Num correct: 8900  Precision @ 1: 0.9933  AUC @ 1: 0.9998
Validation Data Eval:
  Num examples: 960  Num correct: 754  Precision @ 1: 0.7854  AUC @ 1: 0.8566
Test Data Eval:
  Num examples: 1856  Num correct: 1313  Precision @ 1: 0.7074  AUC @ 1: 0.7807
Step 9700: loss = 0.4142 (0.083 sec)
Training Data Eval:
  Num examples: 8960  Num correct: 8948  Precision @ 1: 0.9987  AUC @ 1: 1.0000
Validation Data Eval:
  Num examples: 960  Num correct: 759  Precision @ 1: 0.7906  AUC @ 1: 0.8590
Test Data Eval:
  Num examples: 1856  Num correct: 1321  Precision @ 1: 0.7117  AUC @ 1: 0.7909
Step 9800: loss = 0.2818 (0.172 sec)
Training Data Eval:
  Num examples: 8960  Num correct: 8910  Precision @ 1: 0.9944  AUC @ 1: 0.9999
Validation Data Eval:
  Num examples: 960  Num correct: 749  Precision @ 1: 0.7802  AUC @ 1: 0.8446
Test Data Eval:
  Num examples: 1856  Num correct: 1306  Precision @ 1: 0.7037  AUC @ 1: 0.7825
Step 9900: loss = 0.2823 (0.089 sec)
Training Data Eval:
  Num examples: 8960  Num correct: 8914  Precision @ 1: 0.9949  AUC @ 1: 0.9998
Validation Data Eval:
  Num examples: 960  Num correct: 745  Precision @ 1: 0.7760  AUC @ 1: 0.8444
Test Data Eval:
  Num examples: 1856  Num correct: 1358  Precision @ 1: 0.7317  AUC @ 1: 0.7909
