Training data shape: 	(4141, 30, 64, 1)
Training label shape:	(4141,)
Testing data shape:  	(194, 30, 64, 1)
Testing label shape: 	(194,)
max input value is: 72.5247
min input value is: -75.9911
random permuted training data
==============================================================================
Model: 			inference_stcnn
Tensor Name: 	Placeholder:0
[128, 30, 64, 1]
==============================================================================
Tensor Name: conv0/conv0:0
[128, 1, 60, 32]
==============================================================================
Tensor Name: MaxPool:0
[128, 1, 30, 32]
==============================================================================
Tensor Name: conv1/conv1:0
[128, 1, 26, 64]
==============================================================================
Tensor Name: MaxPool_1:0
[128, 1, 13, 64]
==============================================================================
Tensor Name: conv2/conv2:0
[128, 1, 9, 8]
==============================================================================
Tensor Name: MaxPool_2:0
[128, 1, 4, 8]
==============================================================================
Tensor Name: local1/local1:0
[128, 128]
==============================================================================
Tensor Name: local2/local2:0
[128, 128]
==============================================================================
Tensor Name: softmax_linear/softmax_linear:0
[128, 2]
Step 0: loss = 0.7431 (0.052 sec)
Training Data Eval:
  Num examples: 3840  Num correct: 2160  Precision @ 1: 0.5625  AUC @ 1: 0.4578
Validation Data Eval:
  Num examples: 256  Num correct: 125  Precision @ 1: 0.4883  AUC @ 1: 0.5281
Test Data Eval:
  Num examples: 128  Num correct: 43  Precision @ 1: 0.3359  AUC @ 1: 0.4350
Step 200: loss = 0.7153 (0.036 sec)
Training Data Eval:
  Num examples: 3840  Num correct: 2198  Precision @ 1: 0.5724  AUC @ 1: 0.4688
Validation Data Eval:
  Num examples: 256  Num correct: 125  Precision @ 1: 0.4883  AUC @ 1: 0.5408
Test Data Eval:
  Num examples: 128  Num correct: 69  Precision @ 1: 0.5391  AUC @ 1: 0.4084
Step 400: loss = 0.7604 (0.036 sec)
Training Data Eval:
  Num examples: 3840  Num correct: 2189  Precision @ 1: 0.5701  AUC @ 1: 0.4746
Validation Data Eval:
  Num examples: 256  Num correct: 125  Precision @ 1: 0.4883  AUC @ 1: 0.5448
Test Data Eval:
  Num examples: 128  Num correct: 73  Precision @ 1: 0.5703  AUC @ 1: 0.4040
Step 600: loss = 0.7320 (0.057 sec)
Training Data Eval:
  Num examples: 3840  Num correct: 2182  Precision @ 1: 0.5682  AUC @ 1: 0.4894
Validation Data Eval:
  Num examples: 256  Num correct: 125  Precision @ 1: 0.4883  AUC @ 1: 0.5499
Test Data Eval:
  Num examples: 128  Num correct: 73  Precision @ 1: 0.5703  AUC @ 1: 0.4792
Step 800: loss = 0.7267 (0.036 sec)
Training Data Eval:
  Num examples: 3840  Num correct: 2191  Precision @ 1: 0.5706  AUC @ 1: 0.4846
Validation Data Eval:
  Num examples: 256  Num correct: 125  Precision @ 1: 0.4883  AUC @ 1: 0.5509
Test Data Eval:
  Num examples: 128  Num correct: 67  Precision @ 1: 0.5234  AUC @ 1: 0.4248
Step 1000: loss = 0.7335 (0.035 sec)
Training Data Eval:
  Num examples: 3840  Num correct: 2191  Precision @ 1: 0.5706  AUC @ 1: 0.4947
Validation Data Eval:
  Num examples: 256  Num correct: 125  Precision @ 1: 0.4883  AUC @ 1: 0.5559
Test Data Eval:
  Num examples: 128  Num correct: 69  Precision @ 1: 0.5391  AUC @ 1: 0.4624
Step 1200: loss = 0.7243 (0.044 sec)
Training Data Eval:
  Num examples: 3840  Num correct: 2179  Precision @ 1: 0.5674  AUC @ 1: 0.5075
Validation Data Eval:
  Num examples: 256  Num correct: 125  Precision @ 1: 0.4883  AUC @ 1: 0.5608
Test Data Eval:
  Num examples: 128  Num correct: 73  Precision @ 1: 0.5703  AUC @ 1: 0.4540
Step 1400: loss = 0.7321 (0.036 sec)
Training Data Eval:
  Num examples: 3840  Num correct: 2194  Precision @ 1: 0.5714  AUC @ 1: 0.5104
Validation Data Eval:
  Num examples: 256  Num correct: 125  Precision @ 1: 0.4883  AUC @ 1: 0.5641
Test Data Eval:
  Num examples: 128  Num correct: 72  Precision @ 1: 0.5625  AUC @ 1: 0.5139
Step 1600: loss = 0.7319 (0.035 sec)
Training Data Eval:
  Num examples: 3840  Num correct: 2192  Precision @ 1: 0.5708  AUC @ 1: 0.5164
Validation Data Eval:
  Num examples: 256  Num correct: 125  Precision @ 1: 0.4883  AUC @ 1: 0.5685
Test Data Eval:
  Num examples: 128  Num correct: 72  Precision @ 1: 0.5625  AUC @ 1: 0.4320
Step 1800: loss = 0.7409 (0.053 sec)
Training Data Eval:
  Num examples: 3840  Num correct: 2184  Precision @ 1: 0.5687  AUC @ 1: 0.5296
Validation Data Eval:
  Num examples: 256  Num correct: 125  Precision @ 1: 0.4883  AUC @ 1: 0.5752
Test Data Eval:
  Num examples: 128  Num correct: 70  Precision @ 1: 0.5469  AUC @ 1: 0.4557
Step 2000: loss = 0.7245 (0.037 sec)
Training Data Eval:
  Num examples: 3840  Num correct: 2204  Precision @ 1: 0.5740  AUC @ 1: 0.5250
Validation Data Eval:
  Num examples: 256  Num correct: 125  Precision @ 1: 0.4883  AUC @ 1: 0.5789
Test Data Eval:
  Num examples: 128  Num correct: 77  Precision @ 1: 0.6016  AUC @ 1: 0.4688
Step 2200: loss = 0.7333 (0.036 sec)
Training Data Eval:
  Num examples: 3840  Num correct: 2190  Precision @ 1: 0.5703  AUC @ 1: 0.5372
Validation Data Eval:
  Num examples: 256  Num correct: 125  Precision @ 1: 0.4883  AUC @ 1: 0.5844
Test Data Eval:
  Num examples: 128  Num correct: 74  Precision @ 1: 0.5781  AUC @ 1: 0.4757
Step 2400: loss = 0.7455 (0.048 sec)
Training Data Eval:
  Num examples: 3840  Num correct: 2166  Precision @ 1: 0.5641  AUC @ 1: 0.5488
Validation Data Eval:
  Num examples: 256  Num correct: 125  Precision @ 1: 0.4883  AUC @ 1: 0.5961
Test Data Eval:
  Num examples: 128  Num correct: 64  Precision @ 1: 0.5000  AUC @ 1: 0.5073
Step 2600: loss = 0.7171 (0.035 sec)
Training Data Eval:
  Num examples: 3840  Num correct: 2208  Precision @ 1: 0.5750  AUC @ 1: 0.5591
Validation Data Eval:
  Num examples: 256  Num correct: 125  Precision @ 1: 0.4883  AUC @ 1: 0.5995
Test Data Eval:
  Num examples: 128  Num correct: 74  Precision @ 1: 0.5781  AUC @ 1: 0.4982
Step 2800: loss = 0.7387 (0.036 sec)
Training Data Eval:
  Num examples: 3840  Num correct: 2192  Precision @ 1: 0.5708  AUC @ 1: 0.5611
Validation Data Eval:
  Num examples: 256  Num correct: 125  Precision @ 1: 0.4883  AUC @ 1: 0.6015
Test Data Eval:
  Num examples: 128  Num correct: 73  Precision @ 1: 0.5703  AUC @ 1: 0.4523
Step 3000: loss = 0.7341 (0.049 sec)
Training Data Eval:
  Num examples: 3840  Num correct: 2181  Precision @ 1: 0.5680  AUC @ 1: 0.5654
Validation Data Eval:
  Num examples: 256  Num correct: 125  Precision @ 1: 0.4883  AUC @ 1: 0.6063
Test Data Eval:
  Num examples: 128  Num correct: 69  Precision @ 1: 0.5391  AUC @ 1: 0.4885
Step 3200: loss = 0.7446 (0.036 sec)
Training Data Eval:
  Num examples: 3840  Num correct: 2151  Precision @ 1: 0.5602  AUC @ 1: 0.5710
Validation Data Eval:
  Num examples: 256  Num correct: 125  Precision @ 1: 0.4883  AUC @ 1: 0.6120
Test Data Eval:
  Num examples: 128  Num correct: 76  Precision @ 1: 0.5938  AUC @ 1: 0.5084
Step 3400: loss = 0.7239 (0.036 sec)
Training Data Eval:
  Num examples: 3840  Num correct: 2185  Precision @ 1: 0.5690  AUC @ 1: 0.5810
Validation Data Eval:
  Num examples: 256  Num correct: 125  Precision @ 1: 0.4883  AUC @ 1: 0.6147
Test Data Eval:
  Num examples: 128  Num correct: 72  Precision @ 1: 0.5625  AUC @ 1: 0.4829
Step 3600: loss = 0.7394 (0.045 sec)
Training Data Eval:
  Num examples: 3840  Num correct: 2170  Precision @ 1: 0.5651  AUC @ 1: 0.5948
Validation Data Eval:
  Num examples: 256  Num correct: 125  Precision @ 1: 0.4883  AUC @ 1: 0.6177
Test Data Eval:
  Num examples: 128  Num correct: 72  Precision @ 1: 0.5625  AUC @ 1: 0.5330
Step 3800: loss = 0.7187 (0.035 sec)
Training Data Eval:
  Num examples: 3840  Num correct: 2189  Precision @ 1: 0.5701  AUC @ 1: 0.5900
Validation Data Eval:
  Num examples: 256  Num correct: 125  Precision @ 1: 0.4883  AUC @ 1: 0.6206
Test Data Eval:
  Num examples: 128  Num correct: 74  Precision @ 1: 0.5781  AUC @ 1: 0.4510
Step 4000: loss = 0.7094 (0.037 sec)
Training Data Eval:
  Num examples: 3840  Num correct: 2193  Precision @ 1: 0.5711  AUC @ 1: 0.5988
Validation Data Eval:
  Num examples: 256  Num correct: 125  Precision @ 1: 0.4883  AUC @ 1: 0.6253
Test Data Eval:
  Num examples: 128  Num correct: 73  Precision @ 1: 0.5703  AUC @ 1: 0.5078
Step 4200: loss = 0.7381 (0.045 sec)
Training Data Eval:
  Num examples: 3840  Num correct: 2205  Precision @ 1: 0.5742  AUC @ 1: 0.6082
Validation Data Eval:
  Num examples: 256  Num correct: 125  Precision @ 1: 0.4883  AUC @ 1: 0.6278
Test Data Eval:
  Num examples: 128  Num correct: 70  Precision @ 1: 0.5469  AUC @ 1: 0.5133
Step 4400: loss = 0.7224 (0.036 sec)
Training Data Eval:
  Num examples: 3840  Num correct: 2195  Precision @ 1: 0.5716  AUC @ 1: 0.6112
Validation Data Eval:
  Num examples: 256  Num correct: 125  Precision @ 1: 0.4883  AUC @ 1: 0.6317
Test Data Eval:
  Num examples: 128  Num correct: 72  Precision @ 1: 0.5625  AUC @ 1: 0.5037
Step 4600: loss = 0.7283 (0.035 sec)
Training Data Eval:
  Num examples: 3840  Num correct: 2196  Precision @ 1: 0.5719  AUC @ 1: 0.6136
Validation Data Eval:
  Num examples: 256  Num correct: 125  Precision @ 1: 0.4883  AUC @ 1: 0.6355
Test Data Eval:
  Num examples: 128  Num correct: 70  Precision @ 1: 0.5469  AUC @ 1: 0.5067
Step 4800: loss = 0.7245 (0.047 sec)
Training Data Eval:
  Num examples: 3840  Num correct: 2183  Precision @ 1: 0.5685  AUC @ 1: 0.6173
Validation Data Eval:
  Num examples: 256  Num correct: 125  Precision @ 1: 0.4883  AUC @ 1: 0.6373
Test Data Eval:
  Num examples: 128  Num correct: 75  Precision @ 1: 0.5859  AUC @ 1: 0.5303
Step 5000: loss = 0.7125 (0.036 sec)
Training Data Eval:
  Num examples: 3840  Num correct: 2197  Precision @ 1: 0.5721  AUC @ 1: 0.6237
Validation Data Eval:
  Num examples: 256  Num correct: 125  Precision @ 1: 0.4883  AUC @ 1: 0.6403
Test Data Eval:
  Num examples: 128  Num correct: 75  Precision @ 1: 0.5859  AUC @ 1: 0.5200
Step 5200: loss = 0.7301 (0.035 sec)
Training Data Eval:
  Num examples: 3840  Num correct: 2193  Precision @ 1: 0.5711  AUC @ 1: 0.6274
Validation Data Eval:
  Num examples: 256  Num correct: 125  Precision @ 1: 0.4883  AUC @ 1: 0.6419
Test Data Eval:
  Num examples: 128  Num correct: 69  Precision @ 1: 0.5391  AUC @ 1: 0.4955
Step 5400: loss = 0.7382 (0.047 sec)
Training Data Eval:
  Num examples: 3840  Num correct: 2174  Precision @ 1: 0.5661  AUC @ 1: 0.6395
Validation Data Eval:
  Num examples: 256  Num correct: 125  Precision @ 1: 0.4883  AUC @ 1: 0.6410
Test Data Eval:
  Num examples: 128  Num correct: 66  Precision @ 1: 0.5156  AUC @ 1: 0.4818
Step 5600: loss = 0.7408 (0.036 sec)
Training Data Eval:
  Num examples: 3840  Num correct: 2157  Precision @ 1: 0.5617  AUC @ 1: 0.6361
Validation Data Eval:
  Num examples: 256  Num correct: 125  Precision @ 1: 0.4883  AUC @ 1: 0.6434
Test Data Eval:
  Num examples: 128  Num correct: 70  Precision @ 1: 0.5469  AUC @ 1: 0.4933
Step 5800: loss = 0.7291 (0.035 sec)
Training Data Eval:
  Num examples: 3840  Num correct: 2194  Precision @ 1: 0.5714  AUC @ 1: 0.6351
Validation Data Eval:
  Num examples: 256  Num correct: 125  Precision @ 1: 0.4883  AUC @ 1: 0.6443
Test Data Eval:
  Num examples: 128  Num correct: 73  Precision @ 1: 0.5703  AUC @ 1: 0.5249
Step 6000: loss = 0.7269 (0.047 sec)
Training Data Eval:
  Num examples: 3840  Num correct: 2176  Precision @ 1: 0.5667  AUC @ 1: 0.6437
Validation Data Eval:
  Num examples: 256  Num correct: 125  Precision @ 1: 0.4883  AUC @ 1: 0.6447
Test Data Eval:
  Num examples: 128  Num correct: 74  Precision @ 1: 0.5781  AUC @ 1: 0.4930
Step 6200: loss = 0.7262 (0.036 sec)
Training Data Eval:
  Num examples: 3840  Num correct: 2172  Precision @ 1: 0.5656  AUC @ 1: 0.6384
Validation Data Eval:
  Num examples: 256  Num correct: 125  Precision @ 1: 0.4883  AUC @ 1: 0.6446
Test Data Eval:
  Num examples: 128  Num correct: 72  Precision @ 1: 0.5625  AUC @ 1: 0.5399
Step 6400: loss = 0.7107 (0.036 sec)
Training Data Eval:
  Num examples: 3840  Num correct: 2192  Precision @ 1: 0.5708  AUC @ 1: 0.6420
Validation Data Eval:
  Num examples: 256  Num correct: 125  Precision @ 1: 0.4883  AUC @ 1: 0.6453
Test Data Eval:
  Num examples: 128  Num correct: 69  Precision @ 1: 0.5391  AUC @ 1: 0.5177
Step 6600: loss = 0.7059 (0.047 sec)
Training Data Eval:
  Num examples: 3840  Num correct: 2190  Precision @ 1: 0.5703  AUC @ 1: 0.6487
Validation Data Eval:
  Num examples: 256  Num correct: 125  Precision @ 1: 0.4883  AUC @ 1: 0.6451
Test Data Eval:
  Num examples: 128  Num correct: 79  Precision @ 1: 0.6172  AUC @ 1: 0.5513
Step 6800: loss = 0.7299 (0.037 sec)
Training Data Eval:
  Num examples: 3840  Num correct: 2236  Precision @ 1: 0.5823  AUC @ 1: 0.6479
Validation Data Eval:
  Num examples: 256  Num correct: 125  Precision @ 1: 0.4883  AUC @ 1: 0.6451
Test Data Eval:
  Num examples: 128  Num correct: 71  Precision @ 1: 0.5547  AUC @ 1: 0.5023
Step 7000: loss = 0.7314 (0.035 sec)
Training Data Eval:
  Num examples: 3840  Num correct: 2191  Precision @ 1: 0.5706  AUC @ 1: 0.6483
Validation Data Eval:
  Num examples: 256  Num correct: 125  Precision @ 1: 0.4883  AUC @ 1: 0.6447
Test Data Eval:
  Num examples: 128  Num correct: 74  Precision @ 1: 0.5781  AUC @ 1: 0.5288
Step 7200: loss = 0.7224 (0.047 sec)
Training Data Eval:
  Num examples: 3840  Num correct: 2192  Precision @ 1: 0.5708  AUC @ 1: 0.6631
Validation Data Eval:
  Num examples: 256  Num correct: 125  Precision @ 1: 0.4883  AUC @ 1: 0.6451
Test Data Eval:
  Num examples: 128  Num correct: 72  Precision @ 1: 0.5625  AUC @ 1: 0.5615
Step 7400: loss = 0.7360 (0.036 sec)
Training Data Eval:
  Num examples: 3840  Num correct: 2203  Precision @ 1: 0.5737  AUC @ 1: 0.6498
Validation Data Eval:
  Num examples: 256  Num correct: 125  Precision @ 1: 0.4883  AUC @ 1: 0.6452
Test Data Eval:
  Num examples: 128  Num correct: 79  Precision @ 1: 0.6172  AUC @ 1: 0.5510
Step 7600: loss = 0.7351 (0.036 sec)
Training Data Eval:
  Num examples: 3840  Num correct: 2195  Precision @ 1: 0.5716  AUC @ 1: 0.6523
Validation Data Eval:
  Num examples: 256  Num correct: 125  Precision @ 1: 0.4883  AUC @ 1: 0.6429
Test Data Eval:
  Num examples: 128  Num correct: 75  Precision @ 1: 0.5859  AUC @ 1: 0.5753
Step 7800: loss = 0.7262 (0.047 sec)
Training Data Eval:
  Num examples: 3840  Num correct: 2207  Precision @ 1: 0.5747  AUC @ 1: 0.6592
Validation Data Eval:
  Num examples: 256  Num correct: 125  Precision @ 1: 0.4883  AUC @ 1: 0.6435
Test Data Eval:
  Num examples: 128  Num correct: 74  Precision @ 1: 0.5781  AUC @ 1: 0.4967
Step 8000: loss = 0.7018 (0.036 sec)
Training Data Eval:
  Num examples: 3840  Num correct: 2183  Precision @ 1: 0.5685  AUC @ 1: 0.6490
Validation Data Eval:
  Num examples: 256  Num correct: 125  Precision @ 1: 0.4883  AUC @ 1: 0.6435
Test Data Eval:
  Num examples: 128  Num correct: 76  Precision @ 1: 0.5938  AUC @ 1: 0.5267
Step 8200: loss = 0.7354 (0.035 sec)
Training Data Eval:
  Num examples: 3840  Num correct: 2191  Precision @ 1: 0.5706  AUC @ 1: 0.6564
Validation Data Eval:
  Num examples: 256  Num correct: 125  Precision @ 1: 0.4883  AUC @ 1: 0.6423
Test Data Eval:
  Num examples: 128  Num correct: 73  Precision @ 1: 0.5703  AUC @ 1: 0.5279
Step 8400: loss = 0.7125 (0.044 sec)
Training Data Eval:
  Num examples: 3840  Num correct: 2189  Precision @ 1: 0.5701  AUC @ 1: 0.6674
Validation Data Eval:
  Num examples: 256  Num correct: 125  Precision @ 1: 0.4883  AUC @ 1: 0.6424
Test Data Eval:
  Num examples: 128  Num correct: 70  Precision @ 1: 0.5469  AUC @ 1: 0.5759
Step 8600: loss = 0.7054 (0.035 sec)
Training Data Eval:
  Num examples: 3840  Num correct: 2181  Precision @ 1: 0.5680  AUC @ 1: 0.6523
Validation Data Eval:
  Num examples: 256  Num correct: 125  Precision @ 1: 0.4883  AUC @ 1: 0.6421
Test Data Eval:
  Num examples: 128  Num correct: 72  Precision @ 1: 0.5625  AUC @ 1: 0.5635
Step 8800: loss = 0.7161 (0.036 sec)
Training Data Eval:
  Num examples: 3840  Num correct: 2192  Precision @ 1: 0.5708  AUC @ 1: 0.6594
Validation Data Eval:
  Num examples: 256  Num correct: 125  Precision @ 1: 0.4883  AUC @ 1: 0.6423
Test Data Eval:
  Num examples: 128  Num correct: 74  Precision @ 1: 0.5781  AUC @ 1: 0.5541
Step 9000: loss = 0.7183 (0.045 sec)
Training Data Eval:
  Num examples: 3840  Num correct: 2196  Precision @ 1: 0.5719  AUC @ 1: 0.6649
Validation Data Eval:
  Num examples: 256  Num correct: 125  Precision @ 1: 0.4883  AUC @ 1: 0.6412
Test Data Eval:
  Num examples: 128  Num correct: 75  Precision @ 1: 0.5859  AUC @ 1: 0.5859
Step 9200: loss = 0.7070 (0.036 sec)
Training Data Eval:
  Num examples: 3840  Num correct: 2174  Precision @ 1: 0.5661  AUC @ 1: 0.6624
Validation Data Eval:
  Num examples: 256  Num correct: 125  Precision @ 1: 0.4883  AUC @ 1: 0.6417
Test Data Eval:
  Num examples: 128  Num correct: 72  Precision @ 1: 0.5625  AUC @ 1: 0.5456
Step 9400: loss = 0.7333 (0.036 sec)
Training Data Eval:
  Num examples: 3840  Num correct: 2198  Precision @ 1: 0.5724  AUC @ 1: 0.6628
Validation Data Eval:
  Num examples: 256  Num correct: 125  Precision @ 1: 0.4883  AUC @ 1: 0.6422
Test Data Eval:
  Num examples: 128  Num correct: 65  Precision @ 1: 0.5078  AUC @ 1: 0.5912
Step 9600: loss = 0.7003 (0.049 sec)
Training Data Eval:
  Num examples: 3840  Num correct: 2179  Precision @ 1: 0.5674  AUC @ 1: 0.6654
Validation Data Eval:
  Num examples: 256  Num correct: 125  Precision @ 1: 0.4883  AUC @ 1: 0.6408
Test Data Eval:
  Num examples: 128  Num correct: 71  Precision @ 1: 0.5547  AUC @ 1: 0.5607
Step 9800: loss = 0.7151 (0.036 sec)
Training Data Eval:
  Num examples: 3840  Num correct: 2210  Precision @ 1: 0.5755  AUC @ 1: 0.6581
Validation Data Eval:
  Num examples: 256  Num correct: 125  Precision @ 1: 0.4883  AUC @ 1: 0.6400
Test Data Eval:
  Num examples: 128  Num correct: 67  Precision @ 1: 0.5234  AUC @ 1: 0.5907
