Training data shape: 	(3825, 30, 64, 2)
Training label shape:	(3825,)
Testing data shape:  	(510, 30, 64, 2)
Testing label shape: 	(510,)
max input value is: 72.5247
min input value is: -75.9911
random permuted training data
==============================================================================
Model: 			inference_stcnn
Tensor Name: 	Placeholder:0
[128, 30, 64, 2]
==============================================================================
Tensor Name: conv0/conv0:0
[128, 1, 60, 16]
==============================================================================
Tensor Name: MaxPool:0
[128, 1, 30, 16]
==============================================================================
Tensor Name: conv1/conv1:0
[128, 1, 26, 4]
==============================================================================
Tensor Name: MaxPool_1:0
[128, 1, 13, 4]
==============================================================================
Tensor Name: local1/local1:0
[128, 128]
==============================================================================
Tensor Name: local2/local2:0
[128, 128]
==============================================================================
Tensor Name: softmax_linear/softmax_linear:0
[128, 2]
Step 0: loss = 0.7507 (0.040 sec)
Training Data Eval:
  Num examples: 3456  Num correct: 1953  Precision @ 1: 0.5651  AUC @ 1: 0.4744
Validation Data Eval:
  Num examples: 256  Num correct: 146  Precision @ 1: 0.5703  AUC @ 1: 0.5547
Test Data Eval:
  Num examples: 384  Num correct: 162  Precision @ 1: 0.4219  AUC @ 1: 0.1740
Step 200: loss = 0.7434 (0.027 sec)
Training Data Eval:
  Num examples: 3456  Num correct: 1960  Precision @ 1: 0.5671  AUC @ 1: 0.4825
Validation Data Eval:
  Num examples: 256  Num correct: 146  Precision @ 1: 0.5703  AUC @ 1: 0.5691
Test Data Eval:
  Num examples: 384  Num correct: 215  Precision @ 1: 0.5599  AUC @ 1: 0.1236
Step 400: loss = 0.7468 (0.026 sec)
Training Data Eval:
  Num examples: 3456  Num correct: 1965  Precision @ 1: 0.5686  AUC @ 1: 0.4853
Validation Data Eval:
  Num examples: 256  Num correct: 146  Precision @ 1: 0.5703  AUC @ 1: 0.5770
Test Data Eval:
  Num examples: 384  Num correct: 201  Precision @ 1: 0.5234  AUC @ 1: 0.1283
Step 600: loss = 0.7566 (0.024 sec)
Training Data Eval:
  Num examples: 3456  Num correct: 1963  Precision @ 1: 0.5680  AUC @ 1: 0.4765
Validation Data Eval:
  Num examples: 256  Num correct: 146  Precision @ 1: 0.5703  AUC @ 1: 0.5807
Test Data Eval:
  Num examples: 384  Num correct: 219  Precision @ 1: 0.5703  AUC @ 1: 0.1204
Step 800: loss = 0.7422 (0.025 sec)
Training Data Eval:
  Num examples: 3456  Num correct: 1952  Precision @ 1: 0.5648  AUC @ 1: 0.4970
Validation Data Eval:
  Num examples: 256  Num correct: 146  Precision @ 1: 0.5703  AUC @ 1: 0.5772
Test Data Eval:
  Num examples: 384  Num correct: 219  Precision @ 1: 0.5703  AUC @ 1: 0.1505
Step 1000: loss = 0.7415 (0.027 sec)
Training Data Eval:
  Num examples: 3456  Num correct: 1963  Precision @ 1: 0.5680  AUC @ 1: 0.4994
Validation Data Eval:
  Num examples: 256  Num correct: 146  Precision @ 1: 0.5703  AUC @ 1: 0.5631
Test Data Eval:
  Num examples: 384  Num correct: 220  Precision @ 1: 0.5729  AUC @ 1: 0.1978
Step 1200: loss = 0.7141 (0.027 sec)
Training Data Eval:
  Num examples: 3456  Num correct: 1947  Precision @ 1: 0.5634  AUC @ 1: 0.5153
Validation Data Eval:
  Num examples: 256  Num correct: 146  Precision @ 1: 0.5703  AUC @ 1: 0.5460
Test Data Eval:
  Num examples: 384  Num correct: 222  Precision @ 1: 0.5781  AUC @ 1: 0.2651
Step 1400: loss = 0.7635 (0.026 sec)
Training Data Eval:
  Num examples: 3456  Num correct: 1977  Precision @ 1: 0.5720  AUC @ 1: 0.5271
Validation Data Eval:
  Num examples: 256  Num correct: 146  Precision @ 1: 0.5703  AUC @ 1: 0.5211
Test Data Eval:
  Num examples: 384  Num correct: 218  Precision @ 1: 0.5677  AUC @ 1: 0.4745
Step 1600: loss = 0.7245 (0.026 sec)
Training Data Eval:
  Num examples: 3456  Num correct: 1959  Precision @ 1: 0.5668  AUC @ 1: 0.5277
Validation Data Eval:
  Num examples: 256  Num correct: 146  Precision @ 1: 0.5703  AUC @ 1: 0.5098
Test Data Eval:
  Num examples: 384  Num correct: 217  Precision @ 1: 0.5651  AUC @ 1: 0.5538
Step 1800: loss = 0.7580 (0.025 sec)
Training Data Eval:
  Num examples: 3456  Num correct: 1937  Precision @ 1: 0.5605  AUC @ 1: 0.5396
Validation Data Eval:
  Num examples: 256  Num correct: 146  Precision @ 1: 0.5703  AUC @ 1: 0.5073
Test Data Eval:
  Num examples: 384  Num correct: 227  Precision @ 1: 0.5911  AUC @ 1: 0.6583
Step 2000: loss = 0.7475 (0.024 sec)
Training Data Eval:
  Num examples: 3456  Num correct: 1939  Precision @ 1: 0.5611  AUC @ 1: 0.5505
Validation Data Eval:
  Num examples: 256  Num correct: 146  Precision @ 1: 0.5703  AUC @ 1: 0.5129
Test Data Eval:
  Num examples: 384  Num correct: 214  Precision @ 1: 0.5573  AUC @ 1: 0.6843
Step 2200: loss = 0.7093 (0.026 sec)
Training Data Eval:
  Num examples: 3456  Num correct: 1979  Precision @ 1: 0.5726  AUC @ 1: 0.5502
Validation Data Eval:
  Num examples: 256  Num correct: 146  Precision @ 1: 0.5703  AUC @ 1: 0.5054
Test Data Eval:
  Num examples: 384  Num correct: 202  Precision @ 1: 0.5260  AUC @ 1: 0.7349
Step 2400: loss = 0.7416 (0.024 sec)
Training Data Eval:
  Num examples: 3456  Num correct: 1951  Precision @ 1: 0.5645  AUC @ 1: 0.5378
Validation Data Eval:
  Num examples: 256  Num correct: 146  Precision @ 1: 0.5703  AUC @ 1: 0.5110
Test Data Eval:
  Num examples: 384  Num correct: 207  Precision @ 1: 0.5391  AUC @ 1: 0.7409
Step 2600: loss = 0.7319 (0.026 sec)
Training Data Eval:
  Num examples: 3456  Num correct: 1950  Precision @ 1: 0.5642  AUC @ 1: 0.5365
Validation Data Eval:
  Num examples: 256  Num correct: 146  Precision @ 1: 0.5703  AUC @ 1: 0.5132
Test Data Eval:
  Num examples: 384  Num correct: 217  Precision @ 1: 0.5651  AUC @ 1: 0.7511
Step 2800: loss = 0.7413 (0.025 sec)
Training Data Eval:
  Num examples: 3456  Num correct: 1941  Precision @ 1: 0.5616  AUC @ 1: 0.5380
Validation Data Eval:
  Num examples: 256  Num correct: 146  Precision @ 1: 0.5703  AUC @ 1: 0.5095
Test Data Eval:
  Num examples: 384  Num correct: 218  Precision @ 1: 0.5677  AUC @ 1: 0.7914
Step 3000: loss = 0.7334 (0.027 sec)
Training Data Eval:
  Num examples: 3456  Num correct: 1957  Precision @ 1: 0.5663  AUC @ 1: 0.5371
Validation Data Eval:
  Num examples: 256  Num correct: 146  Precision @ 1: 0.5703  AUC @ 1: 0.5017
Test Data Eval:
  Num examples: 384  Num correct: 212  Precision @ 1: 0.5521  AUC @ 1: 0.7732
Step 3200: loss = 0.7221 (0.027 sec)
Training Data Eval:
  Num examples: 3456  Num correct: 1968  Precision @ 1: 0.5694  AUC @ 1: 0.5372
Validation Data Eval:
  Num examples: 256  Num correct: 146  Precision @ 1: 0.5703  AUC @ 1: 0.5030
Test Data Eval:
  Num examples: 384  Num correct: 215  Precision @ 1: 0.5599  AUC @ 1: 0.8065
Step 3400: loss = 0.7438 (0.025 sec)
Training Data Eval:
  Num examples: 3456  Num correct: 1928  Precision @ 1: 0.5579  AUC @ 1: 0.5325
Validation Data Eval:
  Num examples: 256  Num correct: 146  Precision @ 1: 0.5703  AUC @ 1: 0.4993
Test Data Eval:
  Num examples: 384  Num correct: 222  Precision @ 1: 0.5781  AUC @ 1: 0.8296
Step 3600: loss = 0.7301 (0.026 sec)
Training Data Eval:
  Num examples: 3456  Num correct: 1937  Precision @ 1: 0.5605  AUC @ 1: 0.5403
Validation Data Eval:
  Num examples: 256  Num correct: 146  Precision @ 1: 0.5703  AUC @ 1: 0.5022
Test Data Eval:
  Num examples: 384  Num correct: 215  Precision @ 1: 0.5599  AUC @ 1: 0.8257
Step 3800: loss = 0.7264 (0.026 sec)
Training Data Eval:
  Num examples: 3456  Num correct: 1970  Precision @ 1: 0.5700  AUC @ 1: 0.5336
Validation Data Eval:
  Num examples: 256  Num correct: 146  Precision @ 1: 0.5703  AUC @ 1: 0.5045
Test Data Eval:
  Num examples: 384  Num correct: 214  Precision @ 1: 0.5573  AUC @ 1: 0.8283
Step 4000: loss = 0.7275 (0.026 sec)
Training Data Eval:
  Num examples: 3456  Num correct: 1956  Precision @ 1: 0.5660  AUC @ 1: 0.5437
Validation Data Eval:
  Num examples: 256  Num correct: 146  Precision @ 1: 0.5703  AUC @ 1: 0.5048
Test Data Eval:
  Num examples: 384  Num correct: 212  Precision @ 1: 0.5521  AUC @ 1: 0.8282
Step 4200: loss = 0.7066 (0.025 sec)
Training Data Eval:
  Num examples: 3456  Num correct: 1968  Precision @ 1: 0.5694  AUC @ 1: 0.5512
Validation Data Eval:
  Num examples: 256  Num correct: 146  Precision @ 1: 0.5703  AUC @ 1: 0.5071
Test Data Eval:
  Num examples: 384  Num correct: 218  Precision @ 1: 0.5677  AUC @ 1: 0.8187
Step 4400: loss = 0.7682 (0.026 sec)
Training Data Eval:
  Num examples: 3456  Num correct: 1947  Precision @ 1: 0.5634  AUC @ 1: 0.5533
Validation Data Eval:
  Num examples: 256  Num correct: 146  Precision @ 1: 0.5703  AUC @ 1: 0.5097
Test Data Eval:
  Num examples: 384  Num correct: 215  Precision @ 1: 0.5599  AUC @ 1: 0.8153
Step 4600: loss = 0.7217 (0.027 sec)
Training Data Eval:
  Num examples: 3456  Num correct: 1956  Precision @ 1: 0.5660  AUC @ 1: 0.5414
Validation Data Eval:
  Num examples: 256  Num correct: 146  Precision @ 1: 0.5703  AUC @ 1: 0.5126
Test Data Eval:
  Num examples: 384  Num correct: 223  Precision @ 1: 0.5807  AUC @ 1: 0.8332
Step 4800: loss = 0.7408 (0.026 sec)
Training Data Eval:
  Num examples: 3456  Num correct: 1957  Precision @ 1: 0.5663  AUC @ 1: 0.5551
Validation Data Eval:
  Num examples: 256  Num correct: 146  Precision @ 1: 0.5703  AUC @ 1: 0.5186
Test Data Eval:
  Num examples: 384  Num correct: 226  Precision @ 1: 0.5885  AUC @ 1: 0.8292
Step 5000: loss = 0.7334 (0.026 sec)
Training Data Eval:
  Num examples: 3456  Num correct: 1970  Precision @ 1: 0.5700  AUC @ 1: 0.5491
Validation Data Eval:
  Num examples: 256  Num correct: 146  Precision @ 1: 0.5703  AUC @ 1: 0.5236
Test Data Eval:
  Num examples: 384  Num correct: 212  Precision @ 1: 0.5521  AUC @ 1: 0.8375
Step 5200: loss = 0.7312 (0.024 sec)
Training Data Eval:
  Num examples: 3456  Num correct: 1956  Precision @ 1: 0.5660  AUC @ 1: 0.5714
Validation Data Eval:
  Num examples: 256  Num correct: 146  Precision @ 1: 0.5703  AUC @ 1: 0.5324
Test Data Eval:
  Num examples: 384  Num correct: 215  Precision @ 1: 0.5599  AUC @ 1: 0.8526
Step 5400: loss = 0.7249 (0.064 sec)
Training Data Eval:
  Num examples: 3456  Num correct: 1960  Precision @ 1: 0.5671  AUC @ 1: 0.5815
Validation Data Eval:
  Num examples: 256  Num correct: 146  Precision @ 1: 0.5703  AUC @ 1: 0.5398
Test Data Eval:
  Num examples: 384  Num correct: 220  Precision @ 1: 0.5729  AUC @ 1: 0.8752
Step 5600: loss = 0.7216 (0.026 sec)
Training Data Eval:
  Num examples: 3456  Num correct: 1969  Precision @ 1: 0.5697  AUC @ 1: 0.5788
Validation Data Eval:
  Num examples: 256  Num correct: 146  Precision @ 1: 0.5703  AUC @ 1: 0.5388
Test Data Eval:
  Num examples: 384  Num correct: 222  Precision @ 1: 0.5781  AUC @ 1: 0.8647
Step 5800: loss = 0.7163 (0.027 sec)
Training Data Eval:
  Num examples: 3456  Num correct: 1967  Precision @ 1: 0.5692  AUC @ 1: 0.5773
Validation Data Eval:
  Num examples: 256  Num correct: 146  Precision @ 1: 0.5703  AUC @ 1: 0.5414
Test Data Eval:
  Num examples: 384  Num correct: 224  Precision @ 1: 0.5833  AUC @ 1: 0.8762
Step 6000: loss = 0.7421 (0.026 sec)
Training Data Eval:
  Num examples: 3456  Num correct: 1958  Precision @ 1: 0.5666  AUC @ 1: 0.5918
Validation Data Eval:
  Num examples: 256  Num correct: 146  Precision @ 1: 0.5703  AUC @ 1: 0.5436
Test Data Eval:
  Num examples: 384  Num correct: 208  Precision @ 1: 0.5417  AUC @ 1: 0.8807
Step 6200: loss = 0.7243 (0.026 sec)
Training Data Eval:
  Num examples: 3456  Num correct: 1960  Precision @ 1: 0.5671  AUC @ 1: 0.5939
Validation Data Eval:
  Num examples: 256  Num correct: 146  Precision @ 1: 0.5703  AUC @ 1: 0.5452
Test Data Eval:
  Num examples: 384  Num correct: 213  Precision @ 1: 0.5547  AUC @ 1: 0.9165
Step 6400: loss = 0.7138 (0.025 sec)
Training Data Eval:
  Num examples: 3456  Num correct: 1996  Precision @ 1: 0.5775  AUC @ 1: 0.5927
Validation Data Eval:
  Num examples: 256  Num correct: 146  Precision @ 1: 0.5703  AUC @ 1: 0.5466
Test Data Eval:
  Num examples: 384  Num correct: 217  Precision @ 1: 0.5651  AUC @ 1: 0.9001
Step 6600: loss = 0.7386 (0.027 sec)
Training Data Eval:
  Num examples: 3456  Num correct: 1940  Precision @ 1: 0.5613  AUC @ 1: 0.5918
Validation Data Eval:
  Num examples: 256  Num correct: 146  Precision @ 1: 0.5703  AUC @ 1: 0.5488
Test Data Eval:
  Num examples: 384  Num correct: 212  Precision @ 1: 0.5521  AUC @ 1: 0.9135
Step 6800: loss = 0.7088 (0.025 sec)
Training Data Eval:
  Num examples: 3456  Num correct: 1930  Precision @ 1: 0.5584  AUC @ 1: 0.6056
Validation Data Eval:
  Num examples: 256  Num correct: 146  Precision @ 1: 0.5703  AUC @ 1: 0.5509
Test Data Eval:
  Num examples: 384  Num correct: 218  Precision @ 1: 0.5677  AUC @ 1: 0.9269
Step 7000: loss = 0.7410 (0.027 sec)
Training Data Eval:
  Num examples: 3456  Num correct: 1969  Precision @ 1: 0.5697  AUC @ 1: 0.6057
Validation Data Eval:
  Num examples: 256  Num correct: 146  Precision @ 1: 0.5703  AUC @ 1: 0.5517
Test Data Eval:
  Num examples: 384  Num correct: 217  Precision @ 1: 0.5651  AUC @ 1: 0.9245
Step 7200: loss = 0.7621 (0.026 sec)
Training Data Eval:
  Num examples: 3456  Num correct: 1934  Precision @ 1: 0.5596  AUC @ 1: 0.6028
Validation Data Eval:
  Num examples: 256  Num correct: 146  Precision @ 1: 0.5703  AUC @ 1: 0.5537
Test Data Eval:
  Num examples: 384  Num correct: 205  Precision @ 1: 0.5339  AUC @ 1: 0.9489
Step 7400: loss = 0.7370 (0.027 sec)
Training Data Eval:
  Num examples: 3456  Num correct: 1940  Precision @ 1: 0.5613  AUC @ 1: 0.6026
Validation Data Eval:
  Num examples: 256  Num correct: 146  Precision @ 1: 0.5703  AUC @ 1: 0.5559
Test Data Eval:
  Num examples: 384  Num correct: 205  Precision @ 1: 0.5339  AUC @ 1: 0.9295
Step 7600: loss = 0.7080 (0.023 sec)
Training Data Eval:
  Num examples: 3456  Num correct: 1958  Precision @ 1: 0.5666  AUC @ 1: 0.5985
Validation Data Eval:
  Num examples: 256  Num correct: 146  Precision @ 1: 0.5703  AUC @ 1: 0.5561
Test Data Eval:
  Num examples: 384  Num correct: 219  Precision @ 1: 0.5703  AUC @ 1: 0.9326
Step 7800: loss = 0.7106 (0.025 sec)
Training Data Eval:
  Num examples: 3456  Num correct: 1937  Precision @ 1: 0.5605  AUC @ 1: 0.6071
Validation Data Eval:
  Num examples: 256  Num correct: 146  Precision @ 1: 0.5703  AUC @ 1: 0.5595
Test Data Eval:
  Num examples: 384  Num correct: 227  Precision @ 1: 0.5911  AUC @ 1: 0.9322
Step 8000: loss = 0.7256 (0.024 sec)
Training Data Eval:
  Num examples: 3456  Num correct: 1953  Precision @ 1: 0.5651  AUC @ 1: 0.6065
Validation Data Eval:
  Num examples: 256  Num correct: 146  Precision @ 1: 0.5703  AUC @ 1: 0.5606
Test Data Eval:
  Num examples: 384  Num correct: 219  Precision @ 1: 0.5703  AUC @ 1: 0.9363
Step 8200: loss = 0.7252 (0.024 sec)
Training Data Eval:
  Num examples: 3456  Num correct: 1944  Precision @ 1: 0.5625  AUC @ 1: 0.6161
Validation Data Eval:
  Num examples: 256  Num correct: 146  Precision @ 1: 0.5703  AUC @ 1: 0.5581
Test Data Eval:
  Num examples: 384  Num correct: 223  Precision @ 1: 0.5807  AUC @ 1: 0.9508
Step 8400: loss = 0.7053 (0.024 sec)
Training Data Eval:
  Num examples: 3456  Num correct: 1929  Precision @ 1: 0.5582  AUC @ 1: 0.6127
Validation Data Eval:
  Num examples: 256  Num correct: 146  Precision @ 1: 0.5703  AUC @ 1: 0.5600
Test Data Eval:
  Num examples: 384  Num correct: 221  Precision @ 1: 0.5755  AUC @ 1: 0.9396
Step 8600: loss = 0.7294 (0.026 sec)
Training Data Eval:
  Num examples: 3456  Num correct: 1940  Precision @ 1: 0.5613  AUC @ 1: 0.6209
Validation Data Eval:
  Num examples: 256  Num correct: 146  Precision @ 1: 0.5703  AUC @ 1: 0.5608
Test Data Eval:
  Num examples: 384  Num correct: 228  Precision @ 1: 0.5938  AUC @ 1: 0.9257
Step 8800: loss = 0.7194 (0.027 sec)
Training Data Eval:
  Num examples: 3456  Num correct: 1971  Precision @ 1: 0.5703  AUC @ 1: 0.6272
Validation Data Eval:
  Num examples: 256  Num correct: 146  Precision @ 1: 0.5703  AUC @ 1: 0.5626
Test Data Eval:
  Num examples: 384  Num correct: 219  Precision @ 1: 0.5703  AUC @ 1: 0.9157
Step 9000: loss = 0.7224 (0.027 sec)
Training Data Eval:
  Num examples: 3456  Num correct: 1982  Precision @ 1: 0.5735  AUC @ 1: 0.6211
Validation Data Eval:
  Num examples: 256  Num correct: 147  Precision @ 1: 0.5742  AUC @ 1: 0.5634
Test Data Eval:
  Num examples: 384  Num correct: 228  Precision @ 1: 0.5938  AUC @ 1: 0.9205
Step 9200: loss = 0.7194 (0.028 sec)
Training Data Eval:
  Num examples: 3456  Num correct: 1951  Precision @ 1: 0.5645  AUC @ 1: 0.6311
Validation Data Eval:
  Num examples: 256  Num correct: 147  Precision @ 1: 0.5742  AUC @ 1: 0.5630
Test Data Eval:
  Num examples: 384  Num correct: 215  Precision @ 1: 0.5599  AUC @ 1: 0.9237
Step 9400: loss = 0.6983 (0.024 sec)
Training Data Eval:
  Num examples: 3456  Num correct: 2063  Precision @ 1: 0.5969  AUC @ 1: 0.6340
Validation Data Eval:
  Num examples: 256  Num correct: 150  Precision @ 1: 0.5859  AUC @ 1: 0.5659
Test Data Eval:
  Num examples: 384  Num correct: 214  Precision @ 1: 0.5573  AUC @ 1: 0.8942
Step 9600: loss = 0.7149 (0.024 sec)
Training Data Eval:
  Num examples: 3456  Num correct: 2020  Precision @ 1: 0.5845  AUC @ 1: 0.6267
Validation Data Eval:
  Num examples: 256  Num correct: 150  Precision @ 1: 0.5859  AUC @ 1: 0.5679
Test Data Eval:
  Num examples: 384  Num correct: 215  Precision @ 1: 0.5599  AUC @ 1: 0.9051
Step 9800: loss = 0.7053 (0.026 sec)
Training Data Eval:
  Num examples: 3456  Num correct: 2028  Precision @ 1: 0.5868  AUC @ 1: 0.6214
Validation Data Eval:
  Num examples: 256  Num correct: 150  Precision @ 1: 0.5859  AUC @ 1: 0.5694
Test Data Eval:
  Num examples: 384  Num correct: 208  Precision @ 1: 0.5417  AUC @ 1: 0.9282
