Training data shape: 	(3825, 30, 64, 2)
Training label shape:	(3825,)
Testing data shape:  	(510, 30, 64, 2)
Testing label shape: 	(510,)
max input value is: 72.5247
min input value is: -75.9911
random permuted training data
==============================================================================
Model: 			inference_stcnn
Tensor Name: 	Placeholder:0
[128, 30, 64, 2]
==============================================================================
Tensor Name: conv0/conv0:0
[128, 1, 60, 4]
==============================================================================
Tensor Name: MaxPool:0
[128, 1, 30, 4]
==============================================================================
Tensor Name: conv1/conv1:0
[128, 1, 26, 8]
==============================================================================
Tensor Name: MaxPool_1:0
[128, 1, 13, 8]
==============================================================================
Tensor Name: conv2/conv2:0
[128, 1, 9, 64]
==============================================================================
Tensor Name: MaxPool_2:0
[128, 1, 4, 64]
==============================================================================
Tensor Name: local1/local1:0
[128, 128]
==============================================================================
Tensor Name: local2/local2:0
[128, 128]
==============================================================================
Tensor Name: softmax_linear/softmax_linear:0
[128, 2]
Step 0: loss = 0.8151 (0.039 sec)
Training Data Eval:
  Num examples: 3456  Num correct: 1977  Precision @ 1: 0.5720  AUC @ 1: 0.4732
Validation Data Eval:
  Num examples: 256  Num correct: 128  Precision @ 1: 0.5000  AUC @ 1: 0.5292
Test Data Eval:
  Num examples: 384  Num correct: 162  Precision @ 1: 0.4219  AUC @ 1: 0.1659
Step 200: loss = 0.8129 (0.019 sec)
Training Data Eval:
  Num examples: 3456  Num correct: 1988  Precision @ 1: 0.5752  AUC @ 1: 0.4655
Validation Data Eval:
  Num examples: 256  Num correct: 128  Precision @ 1: 0.5000  AUC @ 1: 0.5332
Test Data Eval:
  Num examples: 384  Num correct: 214  Precision @ 1: 0.5573  AUC @ 1: 0.0954
Step 400: loss = 0.7949 (0.020 sec)
Training Data Eval:
  Num examples: 3456  Num correct: 1965  Precision @ 1: 0.5686  AUC @ 1: 0.4718
Validation Data Eval:
  Num examples: 256  Num correct: 128  Precision @ 1: 0.5000  AUC @ 1: 0.5320
Test Data Eval:
  Num examples: 384  Num correct: 216  Precision @ 1: 0.5625  AUC @ 1: 0.1360
Step 600: loss = 0.7935 (0.019 sec)
Training Data Eval:
  Num examples: 3456  Num correct: 1985  Precision @ 1: 0.5744  AUC @ 1: 0.4661
Validation Data Eval:
  Num examples: 256  Num correct: 128  Precision @ 1: 0.5000  AUC @ 1: 0.5305
Test Data Eval:
  Num examples: 384  Num correct: 217  Precision @ 1: 0.5651  AUC @ 1: 0.1561
Step 800: loss = 0.8097 (0.019 sec)
Training Data Eval:
  Num examples: 3456  Num correct: 1979  Precision @ 1: 0.5726  AUC @ 1: 0.4750
Validation Data Eval:
  Num examples: 256  Num correct: 128  Precision @ 1: 0.5000  AUC @ 1: 0.5343
Test Data Eval:
  Num examples: 384  Num correct: 220  Precision @ 1: 0.5729  AUC @ 1: 0.1782
Step 1000: loss = 0.7998 (0.019 sec)
Training Data Eval:
  Num examples: 3456  Num correct: 1967  Precision @ 1: 0.5692  AUC @ 1: 0.4712
Validation Data Eval:
  Num examples: 256  Num correct: 128  Precision @ 1: 0.5000  AUC @ 1: 0.5419
Test Data Eval:
  Num examples: 384  Num correct: 219  Precision @ 1: 0.5703  AUC @ 1: 0.1872
Step 1200: loss = 0.8166 (0.020 sec)
Training Data Eval:
  Num examples: 3456  Num correct: 1963  Precision @ 1: 0.5680  AUC @ 1: 0.5054
Validation Data Eval:
  Num examples: 256  Num correct: 128  Precision @ 1: 0.5000  AUC @ 1: 0.5447
Test Data Eval:
  Num examples: 384  Num correct: 209  Precision @ 1: 0.5443  AUC @ 1: 0.2306
Step 1400: loss = 0.7933 (0.021 sec)
Training Data Eval:
  Num examples: 3456  Num correct: 1949  Precision @ 1: 0.5639  AUC @ 1: 0.4827
Validation Data Eval:
  Num examples: 256  Num correct: 128  Precision @ 1: 0.5000  AUC @ 1: 0.5448
Test Data Eval:
  Num examples: 384  Num correct: 215  Precision @ 1: 0.5599  AUC @ 1: 0.2896
Step 1600: loss = 0.8014 (0.021 sec)
Training Data Eval:
  Num examples: 3456  Num correct: 1983  Precision @ 1: 0.5738  AUC @ 1: 0.4966
Validation Data Eval:
  Num examples: 256  Num correct: 128  Precision @ 1: 0.5000  AUC @ 1: 0.5490
Test Data Eval:
  Num examples: 384  Num correct: 223  Precision @ 1: 0.5807  AUC @ 1: 0.3791
Step 1800: loss = 0.7953 (0.020 sec)
Training Data Eval:
  Num examples: 3456  Num correct: 1988  Precision @ 1: 0.5752  AUC @ 1: 0.4948
Validation Data Eval:
  Num examples: 256  Num correct: 128  Precision @ 1: 0.5000  AUC @ 1: 0.5601
Test Data Eval:
  Num examples: 384  Num correct: 221  Precision @ 1: 0.5755  AUC @ 1: 0.4033
Step 2000: loss = 0.7877 (0.020 sec)
Training Data Eval:
  Num examples: 3456  Num correct: 1985  Precision @ 1: 0.5744  AUC @ 1: 0.5142
Validation Data Eval:
  Num examples: 256  Num correct: 128  Precision @ 1: 0.5000  AUC @ 1: 0.5681
Test Data Eval:
  Num examples: 384  Num correct: 221  Precision @ 1: 0.5755  AUC @ 1: 0.4685
Step 2200: loss = 0.7934 (0.019 sec)
Training Data Eval:
  Num examples: 3456  Num correct: 1958  Precision @ 1: 0.5666  AUC @ 1: 0.5119
Validation Data Eval:
  Num examples: 256  Num correct: 128  Precision @ 1: 0.5000  AUC @ 1: 0.5699
Test Data Eval:
  Num examples: 384  Num correct: 216  Precision @ 1: 0.5625  AUC @ 1: 0.5409
Step 2400: loss = 0.7929 (0.019 sec)
Training Data Eval:
  Num examples: 3456  Num correct: 1948  Precision @ 1: 0.5637  AUC @ 1: 0.5200
Validation Data Eval:
  Num examples: 256  Num correct: 128  Precision @ 1: 0.5000  AUC @ 1: 0.5606
Test Data Eval:
  Num examples: 384  Num correct: 216  Precision @ 1: 0.5625  AUC @ 1: 0.6047
Step 2600: loss = 0.7984 (0.021 sec)
Training Data Eval:
  Num examples: 3456  Num correct: 1971  Precision @ 1: 0.5703  AUC @ 1: 0.5232
Validation Data Eval:
  Num examples: 256  Num correct: 128  Precision @ 1: 0.5000  AUC @ 1: 0.5544
Test Data Eval:
  Num examples: 384  Num correct: 220  Precision @ 1: 0.5729  AUC @ 1: 0.6242
Step 2800: loss = 0.7947 (0.020 sec)
Training Data Eval:
  Num examples: 3456  Num correct: 1964  Precision @ 1: 0.5683  AUC @ 1: 0.5323
Validation Data Eval:
  Num examples: 256  Num correct: 128  Precision @ 1: 0.5000  AUC @ 1: 0.5508
Test Data Eval:
  Num examples: 384  Num correct: 216  Precision @ 1: 0.5625  AUC @ 1: 0.6746
Step 3000: loss = 0.7988 (0.019 sec)
Training Data Eval:
  Num examples: 3456  Num correct: 1951  Precision @ 1: 0.5645  AUC @ 1: 0.5296
Validation Data Eval:
  Num examples: 256  Num correct: 128  Precision @ 1: 0.5000  AUC @ 1: 0.5533
Test Data Eval:
  Num examples: 384  Num correct: 223  Precision @ 1: 0.5807  AUC @ 1: 0.7101
Step 3200: loss = 0.7845 (0.022 sec)
Training Data Eval:
  Num examples: 3456  Num correct: 1975  Precision @ 1: 0.5715  AUC @ 1: 0.5337
Validation Data Eval:
  Num examples: 256  Num correct: 128  Precision @ 1: 0.5000  AUC @ 1: 0.5572
Test Data Eval:
  Num examples: 384  Num correct: 211  Precision @ 1: 0.5495  AUC @ 1: 0.7146
Step 3400: loss = 0.7797 (0.019 sec)
Training Data Eval:
  Num examples: 3456  Num correct: 1966  Precision @ 1: 0.5689  AUC @ 1: 0.5536
Validation Data Eval:
  Num examples: 256  Num correct: 128  Precision @ 1: 0.5000  AUC @ 1: 0.5615
Test Data Eval:
  Num examples: 384  Num correct: 219  Precision @ 1: 0.5703  AUC @ 1: 0.7469
Step 3600: loss = 0.8027 (0.020 sec)
Training Data Eval:
  Num examples: 3456  Num correct: 1989  Precision @ 1: 0.5755  AUC @ 1: 0.5311
Validation Data Eval:
  Num examples: 256  Num correct: 128  Precision @ 1: 0.5000  AUC @ 1: 0.5647
Test Data Eval:
  Num examples: 384  Num correct: 219  Precision @ 1: 0.5703  AUC @ 1: 0.7326
Step 3800: loss = 0.7890 (0.018 sec)
Training Data Eval:
  Num examples: 3456  Num correct: 1953  Precision @ 1: 0.5651  AUC @ 1: 0.5338
Validation Data Eval:
  Num examples: 256  Num correct: 128  Precision @ 1: 0.5000  AUC @ 1: 0.5691
Test Data Eval:
  Num examples: 384  Num correct: 215  Precision @ 1: 0.5599  AUC @ 1: 0.7517
Step 4000: loss = 0.7921 (0.018 sec)
Training Data Eval:
  Num examples: 3456  Num correct: 1954  Precision @ 1: 0.5654  AUC @ 1: 0.5252
Validation Data Eval:
  Num examples: 256  Num correct: 128  Precision @ 1: 0.5000  AUC @ 1: 0.5684
Test Data Eval:
  Num examples: 384  Num correct: 219  Precision @ 1: 0.5703  AUC @ 1: 0.7976
Step 4200: loss = 0.8047 (0.021 sec)
Training Data Eval:
  Num examples: 3456  Num correct: 1961  Precision @ 1: 0.5674  AUC @ 1: 0.5377
Validation Data Eval:
  Num examples: 256  Num correct: 128  Precision @ 1: 0.5000  AUC @ 1: 0.5699
Test Data Eval:
  Num examples: 384  Num correct: 207  Precision @ 1: 0.5391  AUC @ 1: 0.8142
Step 4400: loss = 0.7774 (0.020 sec)
Training Data Eval:
  Num examples: 3456  Num correct: 1976  Precision @ 1: 0.5718  AUC @ 1: 0.5387
Validation Data Eval:
  Num examples: 256  Num correct: 128  Precision @ 1: 0.5000  AUC @ 1: 0.5693
Test Data Eval:
  Num examples: 384  Num correct: 224  Precision @ 1: 0.5833  AUC @ 1: 0.7987
Step 4600: loss = 0.7719 (0.019 sec)
Training Data Eval:
  Num examples: 3456  Num correct: 1972  Precision @ 1: 0.5706  AUC @ 1: 0.5387
Validation Data Eval:
  Num examples: 256  Num correct: 128  Precision @ 1: 0.5000  AUC @ 1: 0.5706
Test Data Eval:
  Num examples: 384  Num correct: 216  Precision @ 1: 0.5625  AUC @ 1: 0.8040
Step 4800: loss = 0.7734 (0.021 sec)
Training Data Eval:
  Num examples: 3456  Num correct: 1958  Precision @ 1: 0.5666  AUC @ 1: 0.5464
Validation Data Eval:
  Num examples: 256  Num correct: 128  Precision @ 1: 0.5000  AUC @ 1: 0.5724
Test Data Eval:
  Num examples: 384  Num correct: 224  Precision @ 1: 0.5833  AUC @ 1: 0.8010
Step 5000: loss = 0.7771 (0.021 sec)
Training Data Eval:
  Num examples: 3456  Num correct: 1964  Precision @ 1: 0.5683  AUC @ 1: 0.5417
Validation Data Eval:
  Num examples: 256  Num correct: 128  Precision @ 1: 0.5000  AUC @ 1: 0.5722
Test Data Eval:
  Num examples: 384  Num correct: 224  Precision @ 1: 0.5833  AUC @ 1: 0.8158
Step 5200: loss = 0.7763 (0.020 sec)
Training Data Eval:
  Num examples: 3456  Num correct: 1972  Precision @ 1: 0.5706  AUC @ 1: 0.5458
Validation Data Eval:
  Num examples: 256  Num correct: 128  Precision @ 1: 0.5000  AUC @ 1: 0.5718
Test Data Eval:
  Num examples: 384  Num correct: 215  Precision @ 1: 0.5599  AUC @ 1: 0.8094
Step 5400: loss = 0.7575 (0.046 sec)
Training Data Eval:
  Num examples: 3456  Num correct: 1957  Precision @ 1: 0.5663  AUC @ 1: 0.5424
Validation Data Eval:
  Num examples: 256  Num correct: 128  Precision @ 1: 0.5000  AUC @ 1: 0.5709
Test Data Eval:
  Num examples: 384  Num correct: 219  Precision @ 1: 0.5703  AUC @ 1: 0.8007
Step 5600: loss = 0.7597 (0.018 sec)
Training Data Eval:
  Num examples: 3456  Num correct: 1984  Precision @ 1: 0.5741  AUC @ 1: 0.5472
Validation Data Eval:
  Num examples: 256  Num correct: 128  Precision @ 1: 0.5000  AUC @ 1: 0.5704
Test Data Eval:
  Num examples: 384  Num correct: 211  Precision @ 1: 0.5495  AUC @ 1: 0.8347
Step 5800: loss = 0.7714 (0.021 sec)
Training Data Eval:
  Num examples: 3456  Num correct: 1995  Precision @ 1: 0.5773  AUC @ 1: 0.5464
Validation Data Eval:
  Num examples: 256  Num correct: 128  Precision @ 1: 0.5000  AUC @ 1: 0.5683
Test Data Eval:
  Num examples: 384  Num correct: 215  Precision @ 1: 0.5599  AUC @ 1: 0.8305
Step 6000: loss = 0.7827 (0.019 sec)
Training Data Eval:
  Num examples: 3456  Num correct: 1963  Precision @ 1: 0.5680  AUC @ 1: 0.5514
Validation Data Eval:
  Num examples: 256  Num correct: 128  Precision @ 1: 0.5000  AUC @ 1: 0.5670
Test Data Eval:
  Num examples: 384  Num correct: 221  Precision @ 1: 0.5755  AUC @ 1: 0.8431
Step 6200: loss = 0.7795 (0.019 sec)
Training Data Eval:
  Num examples: 3456  Num correct: 1975  Precision @ 1: 0.5715  AUC @ 1: 0.5464
Validation Data Eval:
  Num examples: 256  Num correct: 128  Precision @ 1: 0.5000  AUC @ 1: 0.5658
Test Data Eval:
  Num examples: 384  Num correct: 216  Precision @ 1: 0.5625  AUC @ 1: 0.8262
Step 6400: loss = 0.7767 (0.021 sec)
Training Data Eval:
  Num examples: 3456  Num correct: 1924  Precision @ 1: 0.5567  AUC @ 1: 0.5603
Validation Data Eval:
  Num examples: 256  Num correct: 128  Precision @ 1: 0.5000  AUC @ 1: 0.5680
Test Data Eval:
  Num examples: 384  Num correct: 216  Precision @ 1: 0.5625  AUC @ 1: 0.8638
Step 6600: loss = 0.7673 (0.021 sec)
Training Data Eval:
  Num examples: 3456  Num correct: 1937  Precision @ 1: 0.5605  AUC @ 1: 0.5399
Validation Data Eval:
  Num examples: 256  Num correct: 128  Precision @ 1: 0.5000  AUC @ 1: 0.5670
Test Data Eval:
  Num examples: 384  Num correct: 214  Precision @ 1: 0.5573  AUC @ 1: 0.8396
Step 6800: loss = 0.7438 (0.019 sec)
Training Data Eval:
  Num examples: 3456  Num correct: 1997  Precision @ 1: 0.5778  AUC @ 1: 0.5559
Validation Data Eval:
  Num examples: 256  Num correct: 128  Precision @ 1: 0.5000  AUC @ 1: 0.5656
Test Data Eval:
  Num examples: 384  Num correct: 212  Precision @ 1: 0.5521  AUC @ 1: 0.8259
Step 7000: loss = 0.7811 (0.020 sec)
Training Data Eval:
  Num examples: 3456  Num correct: 1966  Precision @ 1: 0.5689  AUC @ 1: 0.5488
Validation Data Eval:
  Num examples: 256  Num correct: 128  Precision @ 1: 0.5000  AUC @ 1: 0.5648
Test Data Eval:
  Num examples: 384  Num correct: 212  Precision @ 1: 0.5521  AUC @ 1: 0.8400
Step 7200: loss = 0.7870 (0.021 sec)
Training Data Eval:
  Num examples: 3456  Num correct: 1974  Precision @ 1: 0.5712  AUC @ 1: 0.5454
Validation Data Eval:
  Num examples: 256  Num correct: 128  Precision @ 1: 0.5000  AUC @ 1: 0.5650
Test Data Eval:
  Num examples: 384  Num correct: 219  Precision @ 1: 0.5703  AUC @ 1: 0.8555
Step 7400: loss = 0.7827 (0.020 sec)
Training Data Eval:
  Num examples: 3456  Num correct: 1994  Precision @ 1: 0.5770  AUC @ 1: 0.5469
Validation Data Eval:
  Num examples: 256  Num correct: 128  Precision @ 1: 0.5000  AUC @ 1: 0.5641
Test Data Eval:
  Num examples: 384  Num correct: 209  Precision @ 1: 0.5443  AUC @ 1: 0.8430
Step 7600: loss = 0.7817 (0.021 sec)
Training Data Eval:
  Num examples: 3456  Num correct: 1974  Precision @ 1: 0.5712  AUC @ 1: 0.5493
Validation Data Eval:
  Num examples: 256  Num correct: 128  Precision @ 1: 0.5000  AUC @ 1: 0.5626
Test Data Eval:
  Num examples: 384  Num correct: 218  Precision @ 1: 0.5677  AUC @ 1: 0.8414
Step 7800: loss = 0.7749 (0.023 sec)
Training Data Eval:
  Num examples: 3456  Num correct: 1967  Precision @ 1: 0.5692  AUC @ 1: 0.5511
Validation Data Eval:
  Num examples: 256  Num correct: 128  Precision @ 1: 0.5000  AUC @ 1: 0.5598
Test Data Eval:
  Num examples: 384  Num correct: 221  Precision @ 1: 0.5755  AUC @ 1: 0.8404
Step 8000: loss = 0.7955 (0.020 sec)
Training Data Eval:
  Num examples: 3456  Num correct: 1980  Precision @ 1: 0.5729  AUC @ 1: 0.5437
Validation Data Eval:
  Num examples: 256  Num correct: 128  Precision @ 1: 0.5000  AUC @ 1: 0.5576
Test Data Eval:
  Num examples: 384  Num correct: 216  Precision @ 1: 0.5625  AUC @ 1: 0.8562
Step 8200: loss = 0.7999 (0.020 sec)
Training Data Eval:
  Num examples: 3456  Num correct: 2000  Precision @ 1: 0.5787  AUC @ 1: 0.5444
Validation Data Eval:
  Num examples: 256  Num correct: 128  Precision @ 1: 0.5000  AUC @ 1: 0.5568
Test Data Eval:
  Num examples: 384  Num correct: 214  Precision @ 1: 0.5573  AUC @ 1: 0.8618
Step 8400: loss = 0.7681 (0.020 sec)
Training Data Eval:
  Num examples: 3456  Num correct: 1979  Precision @ 1: 0.5726  AUC @ 1: 0.5526
Validation Data Eval:
  Num examples: 256  Num correct: 128  Precision @ 1: 0.5000  AUC @ 1: 0.5558
Test Data Eval:
  Num examples: 384  Num correct: 223  Precision @ 1: 0.5807  AUC @ 1: 0.8692
Step 8600: loss = 0.7895 (0.018 sec)
Training Data Eval:
  Num examples: 3456  Num correct: 1960  Precision @ 1: 0.5671  AUC @ 1: 0.5475
Validation Data Eval:
  Num examples: 256  Num correct: 128  Precision @ 1: 0.5000  AUC @ 1: 0.5563
Test Data Eval:
  Num examples: 384  Num correct: 222  Precision @ 1: 0.5781  AUC @ 1: 0.8683
Step 8800: loss = 0.7629 (0.021 sec)
Training Data Eval:
  Num examples: 3456  Num correct: 1968  Precision @ 1: 0.5694  AUC @ 1: 0.5578
Validation Data Eval:
  Num examples: 256  Num correct: 128  Precision @ 1: 0.5000  AUC @ 1: 0.5558
Test Data Eval:
  Num examples: 384  Num correct: 225  Precision @ 1: 0.5859  AUC @ 1: 0.8796
Step 9000: loss = 0.7799 (0.021 sec)
Training Data Eval:
  Num examples: 3456  Num correct: 1959  Precision @ 1: 0.5668  AUC @ 1: 0.5490
Validation Data Eval:
  Num examples: 256  Num correct: 128  Precision @ 1: 0.5000  AUC @ 1: 0.5558
Test Data Eval:
  Num examples: 384  Num correct: 221  Precision @ 1: 0.5755  AUC @ 1: 0.8784
Step 9200: loss = 0.7773 (0.020 sec)
Training Data Eval:
  Num examples: 3456  Num correct: 1981  Precision @ 1: 0.5732  AUC @ 1: 0.5522
Validation Data Eval:
  Num examples: 256  Num correct: 128  Precision @ 1: 0.5000  AUC @ 1: 0.5558
Test Data Eval:
  Num examples: 384  Num correct: 215  Precision @ 1: 0.5599  AUC @ 1: 0.8684
Step 9400: loss = 0.7634 (0.019 sec)
Training Data Eval:
  Num examples: 3456  Num correct: 1998  Precision @ 1: 0.5781  AUC @ 1: 0.5561
Validation Data Eval:
  Num examples: 256  Num correct: 128  Precision @ 1: 0.5000  AUC @ 1: 0.5559
Test Data Eval:
  Num examples: 384  Num correct: 221  Precision @ 1: 0.5755  AUC @ 1: 0.8722
Step 9600: loss = 0.7540 (0.019 sec)
Training Data Eval:
  Num examples: 3456  Num correct: 1956  Precision @ 1: 0.5660  AUC @ 1: 0.5515
Validation Data Eval:
  Num examples: 256  Num correct: 128  Precision @ 1: 0.5000  AUC @ 1: 0.5560
Test Data Eval:
  Num examples: 384  Num correct: 222  Precision @ 1: 0.5781  AUC @ 1: 0.8710
Step 9800: loss = 0.7513 (0.021 sec)
Training Data Eval:
  Num examples: 3456  Num correct: 1997  Precision @ 1: 0.5778  AUC @ 1: 0.5450
Validation Data Eval:
  Num examples: 256  Num correct: 128  Precision @ 1: 0.5000  AUC @ 1: 0.5554
Test Data Eval:
  Num examples: 384  Num correct: 216  Precision @ 1: 0.5625  AUC @ 1: 0.8696
