Training data shape: 	(10000, 64, 64, 1)
Training label shape:	(10000,)
Testing data shape:  	(1910, 64, 64, 1)
Testing label shape: 	(1910,)
max input value is: 153.458
min input value is: -104.189
random permuted training data
==============================================================================
Model: 			inference_global_s_cnn
Tensor Name: 	Placeholder:0
[64, 64, 64, 1]
==============================================================================
Tensor Name: conv1/conv1:0
[64, 1, 64, 4]
==============================================================================
Tensor Name: MaxPool:0
[64, 1, 32, 4]
==============================================================================
Tensor Name: local1/local1:0
[64, 128]
==============================================================================
Tensor Name: local2/local2:0
[64, 128]
==============================================================================
Tensor Name: softmax_linear/softmax_linear:0
[64, 2]
Step 0: loss = 0.7743 (0.024 sec)
Training Data Eval:
  Num examples: 8960  Num correct: 5010  Precision @ 1: 0.5592  AUC @ 1: 0.6619
Validation Data Eval:
  Num examples: 960  Num correct: 538  Precision @ 1: 0.5604  AUC @ 1: 0.6613
Test Data Eval:
  Num examples: 1856  Num correct: 1063  Precision @ 1: 0.5727  AUC @ 1: 0.6562
Step 100: loss = 0.7554 (0.011 sec)
Training Data Eval:
  Num examples: 8960  Num correct: 4963  Precision @ 1: 0.5539  AUC @ 1: 0.7214
Validation Data Eval:
  Num examples: 960  Num correct: 540  Precision @ 1: 0.5625  AUC @ 1: 0.7168
Test Data Eval:
  Num examples: 1856  Num correct: 1070  Precision @ 1: 0.5765  AUC @ 1: 0.6862
Step 200: loss = 0.7386 (0.012 sec)
Training Data Eval:
  Num examples: 8960  Num correct: 6233  Precision @ 1: 0.6956  AUC @ 1: 0.7556
Validation Data Eval:
  Num examples: 960  Num correct: 674  Precision @ 1: 0.7021  AUC @ 1: 0.7495
Test Data Eval:
  Num examples: 1856  Num correct: 1239  Precision @ 1: 0.6676  AUC @ 1: 0.7024
Step 300: loss = 0.7182 (0.011 sec)
Training Data Eval:
  Num examples: 8960  Num correct: 6593  Precision @ 1: 0.7358  AUC @ 1: 0.7866
Validation Data Eval:
  Num examples: 960  Num correct: 710  Precision @ 1: 0.7396  AUC @ 1: 0.7815
Test Data Eval:
  Num examples: 1856  Num correct: 1262  Precision @ 1: 0.6800  AUC @ 1: 0.7181
Step 400: loss = 0.7209 (0.014 sec)
Training Data Eval:
  Num examples: 8960  Num correct: 6738  Precision @ 1: 0.7520  AUC @ 1: 0.8088
Validation Data Eval:
  Num examples: 960  Num correct: 745  Precision @ 1: 0.7760  AUC @ 1: 0.8156
Test Data Eval:
  Num examples: 1856  Num correct: 1290  Precision @ 1: 0.6950  AUC @ 1: 0.7393
Step 500: loss = 0.6413 (0.011 sec)
Training Data Eval:
  Num examples: 8960  Num correct: 6791  Precision @ 1: 0.7579  AUC @ 1: 0.8147
Validation Data Eval:
  Num examples: 960  Num correct: 754  Precision @ 1: 0.7854  AUC @ 1: 0.8183
Test Data Eval:
  Num examples: 1856  Num correct: 1302  Precision @ 1: 0.7015  AUC @ 1: 0.7402
Step 600: loss = 0.6218 (0.010 sec)
Training Data Eval:
  Num examples: 8960  Num correct: 6831  Precision @ 1: 0.7624  AUC @ 1: 0.8298
Validation Data Eval:
  Num examples: 960  Num correct: 746  Precision @ 1: 0.7771  AUC @ 1: 0.8260
Test Data Eval:
  Num examples: 1856  Num correct: 1283  Precision @ 1: 0.6913  AUC @ 1: 0.7507
Step 700: loss = 0.5832 (0.098 sec)
Training Data Eval:
  Num examples: 8960  Num correct: 6890  Precision @ 1: 0.7690  AUC @ 1: 0.8383
Validation Data Eval:
  Num examples: 960  Num correct: 751  Precision @ 1: 0.7823  AUC @ 1: 0.8274
Test Data Eval:
  Num examples: 1856  Num correct: 1272  Precision @ 1: 0.6853  AUC @ 1: 0.7485
Step 800: loss = 0.5626 (0.011 sec)
Training Data Eval:
  Num examples: 8960  Num correct: 7007  Precision @ 1: 0.7820  AUC @ 1: 0.8479
Validation Data Eval:
  Num examples: 960  Num correct: 759  Precision @ 1: 0.7906  AUC @ 1: 0.8364
Test Data Eval:
  Num examples: 1856  Num correct: 1296  Precision @ 1: 0.6983  AUC @ 1: 0.7678
Step 900: loss = 0.5237 (0.012 sec)
Training Data Eval:
  Num examples: 8960  Num correct: 7000  Precision @ 1: 0.7812  AUC @ 1: 0.8472
Validation Data Eval:
  Num examples: 960  Num correct: 759  Precision @ 1: 0.7906  AUC @ 1: 0.8428
Test Data Eval:
  Num examples: 1856  Num correct: 1305  Precision @ 1: 0.7031  AUC @ 1: 0.7612
Step 1000: loss = 0.5156 (0.012 sec)
Training Data Eval:
  Num examples: 8960  Num correct: 7069  Precision @ 1: 0.7890  AUC @ 1: 0.8555
Validation Data Eval:
  Num examples: 960  Num correct: 758  Precision @ 1: 0.7896  AUC @ 1: 0.8394
Test Data Eval:
  Num examples: 1856  Num correct: 1325  Precision @ 1: 0.7139  AUC @ 1: 0.7672
Step 1100: loss = 0.6928 (0.010 sec)
Training Data Eval:
  Num examples: 8960  Num correct: 7064  Precision @ 1: 0.7884  AUC @ 1: 0.8578
Validation Data Eval:
  Num examples: 960  Num correct: 754  Precision @ 1: 0.7854  AUC @ 1: 0.8423
Test Data Eval:
  Num examples: 1856  Num correct: 1323  Precision @ 1: 0.7128  AUC @ 1: 0.7721
Step 1200: loss = 0.6425 (0.011 sec)
Training Data Eval:
  Num examples: 8960  Num correct: 7060  Precision @ 1: 0.7879  AUC @ 1: 0.8528
Validation Data Eval:
  Num examples: 960  Num correct: 763  Precision @ 1: 0.7948  AUC @ 1: 0.8479
Test Data Eval:
  Num examples: 1856  Num correct: 1319  Precision @ 1: 0.7107  AUC @ 1: 0.7544
Step 1300: loss = 0.5703 (0.010 sec)
Training Data Eval:
  Num examples: 8960  Num correct: 7098  Precision @ 1: 0.7922  AUC @ 1: 0.8586
Validation Data Eval:
  Num examples: 960  Num correct: 758  Precision @ 1: 0.7896  AUC @ 1: 0.8499
Test Data Eval:
  Num examples: 1856  Num correct: 1322  Precision @ 1: 0.7123  AUC @ 1: 0.7709
Step 1400: loss = 0.4978 (0.084 sec)
Training Data Eval:
  Num examples: 8960  Num correct: 7068  Precision @ 1: 0.7888  AUC @ 1: 0.8572
Validation Data Eval:
  Num examples: 960  Num correct: 762  Precision @ 1: 0.7937  AUC @ 1: 0.8473
Test Data Eval:
  Num examples: 1856  Num correct: 1301  Precision @ 1: 0.7010  AUC @ 1: 0.7700
Step 1500: loss = 0.5838 (0.011 sec)
Training Data Eval:
  Num examples: 8960  Num correct: 7186  Precision @ 1: 0.8020  AUC @ 1: 0.8654
Validation Data Eval:
  Num examples: 960  Num correct: 768  Precision @ 1: 0.8000  AUC @ 1: 0.8484
Test Data Eval:
  Num examples: 1856  Num correct: 1351  Precision @ 1: 0.7279  AUC @ 1: 0.7770
Step 1600: loss = 0.6229 (0.011 sec)
Training Data Eval:
  Num examples: 8960  Num correct: 7090  Precision @ 1: 0.7913  AUC @ 1: 0.8596
Validation Data Eval:
  Num examples: 960  Num correct: 767  Precision @ 1: 0.7990  AUC @ 1: 0.8570
Test Data Eval:
  Num examples: 1856  Num correct: 1327  Precision @ 1: 0.7150  AUC @ 1: 0.7780
Step 1700: loss = 0.5283 (0.011 sec)
Training Data Eval:
  Num examples: 8960  Num correct: 7086  Precision @ 1: 0.7908  AUC @ 1: 0.8534
Validation Data Eval:
  Num examples: 960  Num correct: 763  Precision @ 1: 0.7948  AUC @ 1: 0.8403
Test Data Eval:
  Num examples: 1856  Num correct: 1337  Precision @ 1: 0.7204  AUC @ 1: 0.7734
Step 1800: loss = 0.5427 (0.010 sec)
Training Data Eval:
  Num examples: 8960  Num correct: 7148  Precision @ 1: 0.7978  AUC @ 1: 0.8666
Validation Data Eval:
  Num examples: 960  Num correct: 771  Precision @ 1: 0.8031  AUC @ 1: 0.8563
Test Data Eval:
  Num examples: 1856  Num correct: 1347  Precision @ 1: 0.7258  AUC @ 1: 0.7800
Step 1900: loss = 0.5358 (0.012 sec)
Training Data Eval:
  Num examples: 8960  Num correct: 7136  Precision @ 1: 0.7964  AUC @ 1: 0.8667
Validation Data Eval:
  Num examples: 960  Num correct: 774  Precision @ 1: 0.8063  AUC @ 1: 0.8612
Test Data Eval:
  Num examples: 1856  Num correct: 1368  Precision @ 1: 0.7371  AUC @ 1: 0.7868
Step 2000: loss = 0.4944 (0.011 sec)
Training Data Eval:
  Num examples: 8960  Num correct: 7111  Precision @ 1: 0.7936  AUC @ 1: 0.8655
Validation Data Eval:
  Num examples: 960  Num correct: 764  Precision @ 1: 0.7958  AUC @ 1: 0.8547
Test Data Eval:
  Num examples: 1856  Num correct: 1344  Precision @ 1: 0.7241  AUC @ 1: 0.7691
Step 2100: loss = 0.5943 (0.079 sec)
Training Data Eval:
  Num examples: 8960  Num correct: 7192  Precision @ 1: 0.8027  AUC @ 1: 0.8714
Validation Data Eval:
  Num examples: 960  Num correct: 774  Precision @ 1: 0.8063  AUC @ 1: 0.8553
Test Data Eval:
  Num examples: 1856  Num correct: 1351  Precision @ 1: 0.7279  AUC @ 1: 0.7821
Step 2200: loss = 0.5840 (0.011 sec)
Training Data Eval:
  Num examples: 8960  Num correct: 7155  Precision @ 1: 0.7985  AUC @ 1: 0.8705
Validation Data Eval:
  Num examples: 960  Num correct: 761  Precision @ 1: 0.7927  AUC @ 1: 0.8462
Test Data Eval:
  Num examples: 1856  Num correct: 1337  Precision @ 1: 0.7204  AUC @ 1: 0.7784
Step 2300: loss = 0.5107 (0.012 sec)
Training Data Eval:
  Num examples: 8960  Num correct: 7172  Precision @ 1: 0.8004  AUC @ 1: 0.8697
Validation Data Eval:
  Num examples: 960  Num correct: 772  Precision @ 1: 0.8042  AUC @ 1: 0.8497
Test Data Eval:
  Num examples: 1856  Num correct: 1328  Precision @ 1: 0.7155  AUC @ 1: 0.7699
Step 2400: loss = 0.6880 (0.011 sec)
Training Data Eval:
  Num examples: 8960  Num correct: 7189  Precision @ 1: 0.8023  AUC @ 1: 0.8685
Validation Data Eval:
  Num examples: 960  Num correct: 778  Precision @ 1: 0.8104  AUC @ 1: 0.8570
Test Data Eval:
  Num examples: 1856  Num correct: 1352  Precision @ 1: 0.7284  AUC @ 1: 0.7758
Step 2500: loss = 0.5700 (0.011 sec)
Training Data Eval:
  Num examples: 8960  Num correct: 7067  Precision @ 1: 0.7887  AUC @ 1: 0.8698
Validation Data Eval:
  Num examples: 960  Num correct: 767  Precision @ 1: 0.7990  AUC @ 1: 0.8580
Test Data Eval:
  Num examples: 1856  Num correct: 1321  Precision @ 1: 0.7117  AUC @ 1: 0.7755
Step 2600: loss = 0.5554 (0.012 sec)
Training Data Eval:
  Num examples: 8960  Num correct: 7156  Precision @ 1: 0.7987  AUC @ 1: 0.8728
Validation Data Eval:
  Num examples: 960  Num correct: 766  Precision @ 1: 0.7979  AUC @ 1: 0.8546
Test Data Eval:
  Num examples: 1856  Num correct: 1333  Precision @ 1: 0.7182  AUC @ 1: 0.7781
Step 2700: loss = 0.4563 (0.011 sec)
Training Data Eval:
  Num examples: 8960  Num correct: 7102  Precision @ 1: 0.7926  AUC @ 1: 0.8700
Validation Data Eval:
  Num examples: 960  Num correct: 768  Precision @ 1: 0.8000  AUC @ 1: 0.8486
Test Data Eval:
  Num examples: 1856  Num correct: 1325  Precision @ 1: 0.7139  AUC @ 1: 0.7731
Step 2800: loss = 0.6052 (0.090 sec)
Training Data Eval:
  Num examples: 8960  Num correct: 7200  Precision @ 1: 0.8036  AUC @ 1: 0.8762
Validation Data Eval:
  Num examples: 960  Num correct: 769  Precision @ 1: 0.8010  AUC @ 1: 0.8584
Test Data Eval:
  Num examples: 1856  Num correct: 1340  Precision @ 1: 0.7220  AUC @ 1: 0.7786
Step 2900: loss = 0.6122 (0.013 sec)
Training Data Eval:
  Num examples: 8960  Num correct: 7180  Precision @ 1: 0.8013  AUC @ 1: 0.8708
Validation Data Eval:
  Num examples: 960  Num correct: 774  Precision @ 1: 0.8063  AUC @ 1: 0.8605
Test Data Eval:
  Num examples: 1856  Num correct: 1341  Precision @ 1: 0.7225  AUC @ 1: 0.7801
Step 3000: loss = 0.5526 (0.012 sec)
Training Data Eval:
  Num examples: 8960  Num correct: 7083  Precision @ 1: 0.7905  AUC @ 1: 0.8748
Validation Data Eval:
  Num examples: 960  Num correct: 756  Precision @ 1: 0.7875  AUC @ 1: 0.8556
Test Data Eval:
  Num examples: 1856  Num correct: 1335  Precision @ 1: 0.7193  AUC @ 1: 0.7776
Step 3100: loss = 0.5178 (0.011 sec)
Training Data Eval:
  Num examples: 8960  Num correct: 7208  Precision @ 1: 0.8045  AUC @ 1: 0.8782
Validation Data Eval:
  Num examples: 960  Num correct: 772  Precision @ 1: 0.8042  AUC @ 1: 0.8532
Test Data Eval:
  Num examples: 1856  Num correct: 1358  Precision @ 1: 0.7317  AUC @ 1: 0.7820
Step 3200: loss = 0.4716 (0.010 sec)
Training Data Eval:
  Num examples: 8960  Num correct: 7082  Precision @ 1: 0.7904  AUC @ 1: 0.8675
Validation Data Eval:
  Num examples: 960  Num correct: 762  Precision @ 1: 0.7937  AUC @ 1: 0.8518
Test Data Eval:
  Num examples: 1856  Num correct: 1331  Precision @ 1: 0.7171  AUC @ 1: 0.7743
Step 3300: loss = 0.4702 (0.011 sec)
Training Data Eval:
  Num examples: 8960  Num correct: 7219  Precision @ 1: 0.8057  AUC @ 1: 0.8708
Validation Data Eval:
  Num examples: 960  Num correct: 773  Precision @ 1: 0.8052  AUC @ 1: 0.8540
Test Data Eval:
  Num examples: 1856  Num correct: 1362  Precision @ 1: 0.7338  AUC @ 1: 0.7824
Step 3400: loss = 0.4355 (0.011 sec)
Training Data Eval:
  Num examples: 8960  Num correct: 7244  Precision @ 1: 0.8085  AUC @ 1: 0.8775
Validation Data Eval:
  Num examples: 960  Num correct: 776  Precision @ 1: 0.8083  AUC @ 1: 0.8562
Test Data Eval:
  Num examples: 1856  Num correct: 1351  Precision @ 1: 0.7279  AUC @ 1: 0.7766
Step 3500: loss = 0.6281 (0.091 sec)
Training Data Eval:
  Num examples: 8960  Num correct: 7220  Precision @ 1: 0.8058  AUC @ 1: 0.8758
Validation Data Eval:
  Num examples: 960  Num correct: 781  Precision @ 1: 0.8135  AUC @ 1: 0.8590
Test Data Eval:
  Num examples: 1856  Num correct: 1350  Precision @ 1: 0.7274  AUC @ 1: 0.7825
Step 3600: loss = 0.4873 (0.011 sec)
Training Data Eval:
  Num examples: 8960  Num correct: 7294  Precision @ 1: 0.8141  AUC @ 1: 0.8769
Validation Data Eval:
  Num examples: 960  Num correct: 775  Precision @ 1: 0.8073  AUC @ 1: 0.8635
Test Data Eval:
  Num examples: 1856  Num correct: 1351  Precision @ 1: 0.7279  AUC @ 1: 0.7784
Step 3700: loss = 0.5124 (0.011 sec)
Training Data Eval:
  Num examples: 8960  Num correct: 7239  Precision @ 1: 0.8079  AUC @ 1: 0.8761
Validation Data Eval:
  Num examples: 960  Num correct: 787  Precision @ 1: 0.8198  AUC @ 1: 0.8663
Test Data Eval:
  Num examples: 1856  Num correct: 1338  Precision @ 1: 0.7209  AUC @ 1: 0.7750
Step 3800: loss = 0.4491 (0.011 sec)
Training Data Eval:
  Num examples: 8960  Num correct: 7258  Precision @ 1: 0.8100  AUC @ 1: 0.8791
Validation Data Eval:
  Num examples: 960  Num correct: 776  Precision @ 1: 0.8083  AUC @ 1: 0.8588
Test Data Eval:
  Num examples: 1856  Num correct: 1353  Precision @ 1: 0.7290  AUC @ 1: 0.7779
Step 3900: loss = 0.5179 (0.011 sec)
Training Data Eval:
  Num examples: 8960  Num correct: 7219  Precision @ 1: 0.8057  AUC @ 1: 0.8767
Validation Data Eval:
  Num examples: 960  Num correct: 770  Precision @ 1: 0.8021  AUC @ 1: 0.8610
Test Data Eval:
  Num examples: 1856  Num correct: 1345  Precision @ 1: 0.7247  AUC @ 1: 0.7747
Step 4000: loss = 0.6223 (0.011 sec)
Training Data Eval:
  Num examples: 8960  Num correct: 7199  Precision @ 1: 0.8035  AUC @ 1: 0.8772
Validation Data Eval:
  Num examples: 960  Num correct: 769  Precision @ 1: 0.8010  AUC @ 1: 0.8597
Test Data Eval:
  Num examples: 1856  Num correct: 1350  Precision @ 1: 0.7274  AUC @ 1: 0.7784
Step 4100: loss = 0.4574 (0.012 sec)
Training Data Eval:
  Num examples: 8960  Num correct: 7276  Precision @ 1: 0.8121  AUC @ 1: 0.8802
Validation Data Eval:
  Num examples: 960  Num correct: 777  Precision @ 1: 0.8094  AUC @ 1: 0.8608
Test Data Eval:
  Num examples: 1856  Num correct: 1345  Precision @ 1: 0.7247  AUC @ 1: 0.7768
Step 4200: loss = 0.3352 (0.080 sec)
Training Data Eval:
  Num examples: 8960  Num correct: 7296  Precision @ 1: 0.8143  AUC @ 1: 0.8787
Validation Data Eval:
  Num examples: 960  Num correct: 774  Precision @ 1: 0.8063  AUC @ 1: 0.8623
Test Data Eval:
  Num examples: 1856  Num correct: 1366  Precision @ 1: 0.7360  AUC @ 1: 0.7843
Step 4300: loss = 0.4964 (0.013 sec)
Training Data Eval:
  Num examples: 8960  Num correct: 7129  Precision @ 1: 0.7956  AUC @ 1: 0.8682
Validation Data Eval:
  Num examples: 960  Num correct: 768  Precision @ 1: 0.8000  AUC @ 1: 0.8546
Test Data Eval:
  Num examples: 1856  Num correct: 1345  Precision @ 1: 0.7247  AUC @ 1: 0.7719
Step 4400: loss = 0.5771 (0.011 sec)
Training Data Eval:
  Num examples: 8960  Num correct: 7262  Precision @ 1: 0.8105  AUC @ 1: 0.8788
Validation Data Eval:
  Num examples: 960  Num correct: 769  Precision @ 1: 0.8010  AUC @ 1: 0.8596
Test Data Eval:
  Num examples: 1856  Num correct: 1359  Precision @ 1: 0.7322  AUC @ 1: 0.7778
Step 4500: loss = 0.5283 (0.012 sec)
Training Data Eval:
  Num examples: 8960  Num correct: 7261  Precision @ 1: 0.8104  AUC @ 1: 0.8741
Validation Data Eval:
  Num examples: 960  Num correct: 776  Precision @ 1: 0.8083  AUC @ 1: 0.8592
Test Data Eval:
  Num examples: 1856  Num correct: 1333  Precision @ 1: 0.7182  AUC @ 1: 0.7737
Step 4600: loss = 0.5321 (0.011 sec)
Training Data Eval:
  Num examples: 8960  Num correct: 7279  Precision @ 1: 0.8124  AUC @ 1: 0.8814
Validation Data Eval:
  Num examples: 960  Num correct: 772  Precision @ 1: 0.8042  AUC @ 1: 0.8556
Test Data Eval:
  Num examples: 1856  Num correct: 1347  Precision @ 1: 0.7258  AUC @ 1: 0.7709
Step 4700: loss = 0.5196 (0.011 sec)
Training Data Eval:
  Num examples: 8960  Num correct: 7230  Precision @ 1: 0.8069  AUC @ 1: 0.8751
Validation Data Eval:
  Num examples: 960  Num correct: 770  Precision @ 1: 0.8021  AUC @ 1: 0.8610
Test Data Eval:
  Num examples: 1856  Num correct: 1335  Precision @ 1: 0.7193  AUC @ 1: 0.7763
Step 4800: loss = 0.5157 (0.011 sec)
Training Data Eval:
  Num examples: 8960  Num correct: 7240  Precision @ 1: 0.8080  AUC @ 1: 0.8808
Validation Data Eval:
  Num examples: 960  Num correct: 773  Precision @ 1: 0.8052  AUC @ 1: 0.8599
Test Data Eval:
  Num examples: 1856  Num correct: 1329  Precision @ 1: 0.7161  AUC @ 1: 0.7647
Step 4900: loss = 0.6097 (0.093 sec)
Training Data Eval:
  Num examples: 8960  Num correct: 7261  Precision @ 1: 0.8104  AUC @ 1: 0.8802
Validation Data Eval:
  Num examples: 960  Num correct: 777  Precision @ 1: 0.8094  AUC @ 1: 0.8591
Test Data Eval:
  Num examples: 1856  Num correct: 1349  Precision @ 1: 0.7268  AUC @ 1: 0.7742
Step 5000: loss = 0.5514 (0.011 sec)
Training Data Eval:
  Num examples: 8960  Num correct: 7261  Precision @ 1: 0.8104  AUC @ 1: 0.8778
Validation Data Eval:
  Num examples: 960  Num correct: 770  Precision @ 1: 0.8021  AUC @ 1: 0.8514
Test Data Eval:
  Num examples: 1856  Num correct: 1347  Precision @ 1: 0.7258  AUC @ 1: 0.7704
Step 5100: loss = 0.5049 (0.012 sec)
Training Data Eval:
  Num examples: 8960  Num correct: 7272  Precision @ 1: 0.8116  AUC @ 1: 0.8774
Validation Data Eval:
  Num examples: 960  Num correct: 777  Precision @ 1: 0.8094  AUC @ 1: 0.8629
Test Data Eval:
  Num examples: 1856  Num correct: 1351  Precision @ 1: 0.7279  AUC @ 1: 0.7783
Step 5200: loss = 0.4169 (0.011 sec)
Training Data Eval:
  Num examples: 8960  Num correct: 7276  Precision @ 1: 0.8121  AUC @ 1: 0.8755
Validation Data Eval:
  Num examples: 960  Num correct: 786  Precision @ 1: 0.8187  AUC @ 1: 0.8675
Test Data Eval:
  Num examples: 1856  Num correct: 1347  Precision @ 1: 0.7258  AUC @ 1: 0.7767
Step 5300: loss = 0.4192 (0.012 sec)
Training Data Eval:
  Num examples: 8960  Num correct: 7263  Precision @ 1: 0.8106  AUC @ 1: 0.8744
Validation Data Eval:
  Num examples: 960  Num correct: 775  Precision @ 1: 0.8073  AUC @ 1: 0.8567
Test Data Eval:
  Num examples: 1856  Num correct: 1346  Precision @ 1: 0.7252  AUC @ 1: 0.7727
Step 5400: loss = 0.5547 (0.011 sec)
Training Data Eval:
  Num examples: 8960  Num correct: 7217  Precision @ 1: 0.8055  AUC @ 1: 0.8797
Validation Data Eval:
  Num examples: 960  Num correct: 772  Precision @ 1: 0.8042  AUC @ 1: 0.8591
Test Data Eval:
  Num examples: 1856  Num correct: 1338  Precision @ 1: 0.7209  AUC @ 1: 0.7628
Step 5500: loss = 0.4010 (0.011 sec)
Training Data Eval:
  Num examples: 8960  Num correct: 7333  Precision @ 1: 0.8184  AUC @ 1: 0.8823
Validation Data Eval:
  Num examples: 960  Num correct: 766  Precision @ 1: 0.7979  AUC @ 1: 0.8594
Test Data Eval:
  Num examples: 1856  Num correct: 1344  Precision @ 1: 0.7241  AUC @ 1: 0.7690
Step 5600: loss = 0.5366 (0.076 sec)
Training Data Eval:
  Num examples: 8960  Num correct: 7216  Precision @ 1: 0.8054  AUC @ 1: 0.8789
Validation Data Eval:
  Num examples: 960  Num correct: 767  Precision @ 1: 0.7990  AUC @ 1: 0.8512
Test Data Eval:
  Num examples: 1856  Num correct: 1348  Precision @ 1: 0.7263  AUC @ 1: 0.7676
Step 5700: loss = 0.4837 (0.012 sec)
Training Data Eval:
  Num examples: 8960  Num correct: 7167  Precision @ 1: 0.7999  AUC @ 1: 0.8773
Validation Data Eval:
  Num examples: 960  Num correct: 765  Precision @ 1: 0.7969  AUC @ 1: 0.8533
Test Data Eval:
  Num examples: 1856  Num correct: 1337  Precision @ 1: 0.7204  AUC @ 1: 0.7759
Step 5800: loss = 0.4813 (0.011 sec)
Training Data Eval:
  Num examples: 8960  Num correct: 7269  Precision @ 1: 0.8113  AUC @ 1: 0.8771
Validation Data Eval:
  Num examples: 960  Num correct: 768  Precision @ 1: 0.8000  AUC @ 1: 0.8604
Test Data Eval:
  Num examples: 1856  Num correct: 1332  Precision @ 1: 0.7177  AUC @ 1: 0.7726
Step 5900: loss = 0.4347 (0.011 sec)
Training Data Eval:
  Num examples: 8960  Num correct: 7306  Precision @ 1: 0.8154  AUC @ 1: 0.8819
Validation Data Eval:
  Num examples: 960  Num correct: 777  Precision @ 1: 0.8094  AUC @ 1: 0.8606
Test Data Eval:
  Num examples: 1856  Num correct: 1335  Precision @ 1: 0.7193  AUC @ 1: 0.7754
Step 6000: loss = 0.4853 (0.011 sec)
Training Data Eval:
  Num examples: 8960  Num correct: 7268  Precision @ 1: 0.8112  AUC @ 1: 0.8809
Validation Data Eval:
  Num examples: 960  Num correct: 765  Precision @ 1: 0.7969  AUC @ 1: 0.8581
Test Data Eval:
  Num examples: 1856  Num correct: 1339  Precision @ 1: 0.7214  AUC @ 1: 0.7772
Step 6100: loss = 0.5194 (0.010 sec)
Training Data Eval:
  Num examples: 8960  Num correct: 7215  Precision @ 1: 0.8052  AUC @ 1: 0.8786
Validation Data Eval:
  Num examples: 960  Num correct: 767  Precision @ 1: 0.7990  AUC @ 1: 0.8609
Test Data Eval:
  Num examples: 1856  Num correct: 1348  Precision @ 1: 0.7263  AUC @ 1: 0.7765
Step 6200: loss = 0.4422 (0.011 sec)
Training Data Eval:
  Num examples: 8960  Num correct: 7274  Precision @ 1: 0.8118  AUC @ 1: 0.8804
Validation Data Eval:
  Num examples: 960  Num correct: 775  Precision @ 1: 0.8073  AUC @ 1: 0.8571
Test Data Eval:
  Num examples: 1856  Num correct: 1335  Precision @ 1: 0.7193  AUC @ 1: 0.7716
Step 6300: loss = 0.4007 (0.076 sec)
Training Data Eval:
  Num examples: 8960  Num correct: 7311  Precision @ 1: 0.8160  AUC @ 1: 0.8832
Validation Data Eval:
  Num examples: 960  Num correct: 765  Precision @ 1: 0.7969  AUC @ 1: 0.8637
Test Data Eval:
  Num examples: 1856  Num correct: 1358  Precision @ 1: 0.7317  AUC @ 1: 0.7751
Step 6400: loss = 0.4620 (0.012 sec)
Training Data Eval:
  Num examples: 8960  Num correct: 7170  Precision @ 1: 0.8002  AUC @ 1: 0.8809
Validation Data Eval:
  Num examples: 960  Num correct: 772  Precision @ 1: 0.8042  AUC @ 1: 0.8623
Test Data Eval:
  Num examples: 1856  Num correct: 1341  Precision @ 1: 0.7225  AUC @ 1: 0.7761
Step 6500: loss = 0.4513 (0.012 sec)
Training Data Eval:
  Num examples: 8960  Num correct: 7300  Precision @ 1: 0.8147  AUC @ 1: 0.8803
Validation Data Eval:
  Num examples: 960  Num correct: 761  Precision @ 1: 0.7927  AUC @ 1: 0.8579
Test Data Eval:
  Num examples: 1856  Num correct: 1356  Precision @ 1: 0.7306  AUC @ 1: 0.7729
Step 6600: loss = 0.5242 (0.012 sec)
Training Data Eval:
  Num examples: 8960  Num correct: 7276  Precision @ 1: 0.8121  AUC @ 1: 0.8823
Validation Data Eval:
  Num examples: 960  Num correct: 764  Precision @ 1: 0.7958  AUC @ 1: 0.8548
Test Data Eval:
  Num examples: 1856  Num correct: 1338  Precision @ 1: 0.7209  AUC @ 1: 0.7652
Step 6700: loss = 0.4535 (0.011 sec)
Training Data Eval:
  Num examples: 8960  Num correct: 7292  Precision @ 1: 0.8138  AUC @ 1: 0.8753
Validation Data Eval:
  Num examples: 960  Num correct: 767  Precision @ 1: 0.7990  AUC @ 1: 0.8638
Test Data Eval:
  Num examples: 1856  Num correct: 1336  Precision @ 1: 0.7198  AUC @ 1: 0.7780
Step 6800: loss = 0.5042 (0.010 sec)
Training Data Eval:
  Num examples: 8960  Num correct: 7306  Precision @ 1: 0.8154  AUC @ 1: 0.8820
Validation Data Eval:
  Num examples: 960  Num correct: 766  Precision @ 1: 0.7979  AUC @ 1: 0.8604
Test Data Eval:
  Num examples: 1856  Num correct: 1347  Precision @ 1: 0.7258  AUC @ 1: 0.7786
Step 6900: loss = 0.4021 (0.010 sec)
Training Data Eval:
  Num examples: 8960  Num correct: 7272  Precision @ 1: 0.8116  AUC @ 1: 0.8809
Validation Data Eval:
  Num examples: 960  Num correct: 765  Precision @ 1: 0.7969  AUC @ 1: 0.8575
Test Data Eval:
  Num examples: 1856  Num correct: 1351  Precision @ 1: 0.7279  AUC @ 1: 0.7758
Step 7000: loss = 0.5109 (0.098 sec)
Training Data Eval:
  Num examples: 8960  Num correct: 7241  Precision @ 1: 0.8081  AUC @ 1: 0.8746
Validation Data Eval:
  Num examples: 960  Num correct: 770  Precision @ 1: 0.8021  AUC @ 1: 0.8551
Test Data Eval:
  Num examples: 1856  Num correct: 1316  Precision @ 1: 0.7091  AUC @ 1: 0.7616
Step 7100: loss = 0.4650 (0.010 sec)
Training Data Eval:
  Num examples: 8960  Num correct: 7312  Precision @ 1: 0.8161  AUC @ 1: 0.8833
Validation Data Eval:
  Num examples: 960  Num correct: 765  Precision @ 1: 0.7969  AUC @ 1: 0.8563
Test Data Eval:
  Num examples: 1856  Num correct: 1343  Precision @ 1: 0.7236  AUC @ 1: 0.7715
Step 7200: loss = 0.4932 (0.012 sec)
Training Data Eval:
  Num examples: 8960  Num correct: 7357  Precision @ 1: 0.8211  AUC @ 1: 0.8814
Validation Data Eval:
  Num examples: 960  Num correct: 765  Precision @ 1: 0.7969  AUC @ 1: 0.8619
Test Data Eval:
  Num examples: 1856  Num correct: 1350  Precision @ 1: 0.7274  AUC @ 1: 0.7674
Step 7300: loss = 0.4809 (0.011 sec)
Training Data Eval:
  Num examples: 8960  Num correct: 7365  Precision @ 1: 0.8220  AUC @ 1: 0.8841
Validation Data Eval:
  Num examples: 960  Num correct: 772  Precision @ 1: 0.8042  AUC @ 1: 0.8580
Test Data Eval:
  Num examples: 1856  Num correct: 1346  Precision @ 1: 0.7252  AUC @ 1: 0.7771
Step 7400: loss = 0.6250 (0.010 sec)
Training Data Eval:
  Num examples: 8960  Num correct: 7352  Precision @ 1: 0.8205  AUC @ 1: 0.8826
Validation Data Eval:
  Num examples: 960  Num correct: 777  Precision @ 1: 0.8094  AUC @ 1: 0.8600
Test Data Eval:
  Num examples: 1856  Num correct: 1337  Precision @ 1: 0.7204  AUC @ 1: 0.7674
Step 7500: loss = 0.4218 (0.011 sec)
Training Data Eval:
  Num examples: 8960  Num correct: 7321  Precision @ 1: 0.8171  AUC @ 1: 0.8819
Validation Data Eval:
  Num examples: 960  Num correct: 756  Precision @ 1: 0.7875  AUC @ 1: 0.8509
Test Data Eval:
  Num examples: 1856  Num correct: 1317  Precision @ 1: 0.7096  AUC @ 1: 0.7671
Step 7600: loss = 0.4575 (0.012 sec)
Training Data Eval:
  Num examples: 8960  Num correct: 7348  Precision @ 1: 0.8201  AUC @ 1: 0.8819
Validation Data Eval:
  Num examples: 960  Num correct: 774  Precision @ 1: 0.8063  AUC @ 1: 0.8626
Test Data Eval:
  Num examples: 1856  Num correct: 1346  Precision @ 1: 0.7252  AUC @ 1: 0.7727
Step 7700: loss = 0.4737 (0.129 sec)
Training Data Eval:
  Num examples: 8960  Num correct: 7275  Precision @ 1: 0.8119  AUC @ 1: 0.8817
Validation Data Eval:
  Num examples: 960  Num correct: 770  Precision @ 1: 0.8021  AUC @ 1: 0.8572
Test Data Eval:
  Num examples: 1856  Num correct: 1324  Precision @ 1: 0.7134  AUC @ 1: 0.7638
Step 7800: loss = 0.4550 (0.011 sec)
Training Data Eval:
  Num examples: 8960  Num correct: 7255  Precision @ 1: 0.8097  AUC @ 1: 0.8727
Validation Data Eval:
  Num examples: 960  Num correct: 765  Precision @ 1: 0.7969  AUC @ 1: 0.8504
Test Data Eval:
  Num examples: 1856  Num correct: 1324  Precision @ 1: 0.7134  AUC @ 1: 0.7614
Step 7900: loss = 0.4708 (0.011 sec)
Training Data Eval:
  Num examples: 8960  Num correct: 7298  Precision @ 1: 0.8145  AUC @ 1: 0.8814
Validation Data Eval:
  Num examples: 960  Num correct: 769  Precision @ 1: 0.8010  AUC @ 1: 0.8558
Test Data Eval:
  Num examples: 1856  Num correct: 1328  Precision @ 1: 0.7155  AUC @ 1: 0.7656
Step 8000: loss = 0.4569 (0.011 sec)
Training Data Eval:
  Num examples: 8960  Num correct: 7314  Precision @ 1: 0.8163  AUC @ 1: 0.8813
Validation Data Eval:
  Num examples: 960  Num correct: 773  Precision @ 1: 0.8052  AUC @ 1: 0.8583
Test Data Eval:
  Num examples: 1856  Num correct: 1348  Precision @ 1: 0.7263  AUC @ 1: 0.7718
Step 8100: loss = 0.5674 (0.011 sec)
Training Data Eval:
  Num examples: 8960  Num correct: 7343  Precision @ 1: 0.8195  AUC @ 1: 0.8849
Validation Data Eval:
  Num examples: 960  Num correct: 762  Precision @ 1: 0.7937  AUC @ 1: 0.8587
Test Data Eval:
  Num examples: 1856  Num correct: 1339  Precision @ 1: 0.7214  AUC @ 1: 0.7645
Step 8200: loss = 0.5020 (0.011 sec)
Training Data Eval:
  Num examples: 8960  Num correct: 7318  Precision @ 1: 0.8167  AUC @ 1: 0.8854
Validation Data Eval:
  Num examples: 960  Num correct: 753  Precision @ 1: 0.7844  AUC @ 1: 0.8560
Test Data Eval:
  Num examples: 1856  Num correct: 1338  Precision @ 1: 0.7209  AUC @ 1: 0.7633
Step 8300: loss = 0.6526 (0.011 sec)
Training Data Eval:
  Num examples: 8960  Num correct: 7368  Precision @ 1: 0.8223  AUC @ 1: 0.8847
Validation Data Eval:
  Num examples: 960  Num correct: 762  Precision @ 1: 0.7937  AUC @ 1: 0.8635
Test Data Eval:
  Num examples: 1856  Num correct: 1329  Precision @ 1: 0.7161  AUC @ 1: 0.7650
Step 8400: loss = 0.5040 (0.087 sec)
Training Data Eval:
  Num examples: 8960  Num correct: 7313  Precision @ 1: 0.8162  AUC @ 1: 0.8776
Validation Data Eval:
  Num examples: 960  Num correct: 770  Precision @ 1: 0.8021  AUC @ 1: 0.8633
Test Data Eval:
  Num examples: 1856  Num correct: 1324  Precision @ 1: 0.7134  AUC @ 1: 0.7601
Step 8500: loss = 0.5593 (0.011 sec)
Training Data Eval:
  Num examples: 8960  Num correct: 7382  Precision @ 1: 0.8239  AUC @ 1: 0.8854
Validation Data Eval:
  Num examples: 960  Num correct: 764  Precision @ 1: 0.7958  AUC @ 1: 0.8569
Test Data Eval:
  Num examples: 1856  Num correct: 1343  Precision @ 1: 0.7236  AUC @ 1: 0.7677
Step 8600: loss = 0.4640 (0.012 sec)
Training Data Eval:
  Num examples: 8960  Num correct: 7321  Precision @ 1: 0.8171  AUC @ 1: 0.8834
Validation Data Eval:
  Num examples: 960  Num correct: 759  Precision @ 1: 0.7906  AUC @ 1: 0.8550
Test Data Eval:
  Num examples: 1856  Num correct: 1355  Precision @ 1: 0.7301  AUC @ 1: 0.7656
Step 8700: loss = 0.5365 (0.011 sec)
Training Data Eval:
  Num examples: 8960  Num correct: 7378  Precision @ 1: 0.8234  AUC @ 1: 0.8879
Validation Data Eval:
  Num examples: 960  Num correct: 759  Precision @ 1: 0.7906  AUC @ 1: 0.8545
Test Data Eval:
  Num examples: 1856  Num correct: 1328  Precision @ 1: 0.7155  AUC @ 1: 0.7648
Step 8800: loss = 0.4353 (0.011 sec)
Training Data Eval:
  Num examples: 8960  Num correct: 7325  Precision @ 1: 0.8175  AUC @ 1: 0.8821
Validation Data Eval:
  Num examples: 960  Num correct: 765  Precision @ 1: 0.7969  AUC @ 1: 0.8623
Test Data Eval:
  Num examples: 1856  Num correct: 1338  Precision @ 1: 0.7209  AUC @ 1: 0.7715
Step 8900: loss = 0.3684 (0.011 sec)
Training Data Eval:
  Num examples: 8960  Num correct: 7290  Precision @ 1: 0.8136  AUC @ 1: 0.8804
Validation Data Eval:
  Num examples: 960  Num correct: 761  Precision @ 1: 0.7927  AUC @ 1: 0.8517
Test Data Eval:
  Num examples: 1856  Num correct: 1327  Precision @ 1: 0.7150  AUC @ 1: 0.7664
Step 9000: loss = 0.4317 (0.011 sec)
Training Data Eval:
  Num examples: 8960  Num correct: 7362  Precision @ 1: 0.8217  AUC @ 1: 0.8854
Validation Data Eval:
  Num examples: 960  Num correct: 769  Precision @ 1: 0.8010  AUC @ 1: 0.8576
Test Data Eval:
  Num examples: 1856  Num correct: 1324  Precision @ 1: 0.7134  AUC @ 1: 0.7597
Step 9100: loss = 0.5128 (0.099 sec)
Training Data Eval:
  Num examples: 8960  Num correct: 7348  Precision @ 1: 0.8201  AUC @ 1: 0.8846
Validation Data Eval:
  Num examples: 960  Num correct: 772  Precision @ 1: 0.8042  AUC @ 1: 0.8601
Test Data Eval:
  Num examples: 1856  Num correct: 1329  Precision @ 1: 0.7161  AUC @ 1: 0.7665
Step 9200: loss = 0.4942 (0.010 sec)
Training Data Eval:
  Num examples: 8960  Num correct: 7335  Precision @ 1: 0.8186  AUC @ 1: 0.8814
Validation Data Eval:
  Num examples: 960  Num correct: 764  Precision @ 1: 0.7958  AUC @ 1: 0.8553
Test Data Eval:
  Num examples: 1856  Num correct: 1334  Precision @ 1: 0.7188  AUC @ 1: 0.7719
Step 9300: loss = 0.4830 (0.011 sec)
Training Data Eval:
  Num examples: 8960  Num correct: 7249  Precision @ 1: 0.8090  AUC @ 1: 0.8830
Validation Data Eval:
  Num examples: 960  Num correct: 758  Precision @ 1: 0.7896  AUC @ 1: 0.8567
Test Data Eval:
  Num examples: 1856  Num correct: 1340  Precision @ 1: 0.7220  AUC @ 1: 0.7670
Step 9400: loss = 0.4505 (0.011 sec)
Training Data Eval:
  Num examples: 8960  Num correct: 7319  Precision @ 1: 0.8169  AUC @ 1: 0.8823
Validation Data Eval:
  Num examples: 960  Num correct: 771  Precision @ 1: 0.8031  AUC @ 1: 0.8552
Test Data Eval:
  Num examples: 1856  Num correct: 1328  Precision @ 1: 0.7155  AUC @ 1: 0.7616
Step 9500: loss = 0.4834 (0.010 sec)
Training Data Eval:
  Num examples: 8960  Num correct: 7348  Precision @ 1: 0.8201  AUC @ 1: 0.8807
Validation Data Eval:
  Num examples: 960  Num correct: 761  Precision @ 1: 0.7927  AUC @ 1: 0.8539
Test Data Eval:
  Num examples: 1856  Num correct: 1295  Precision @ 1: 0.6977  AUC @ 1: 0.7587
Step 9600: loss = 0.6349 (0.011 sec)
Training Data Eval:
  Num examples: 8960  Num correct: 7353  Precision @ 1: 0.8206  AUC @ 1: 0.8841
Validation Data Eval:
  Num examples: 960  Num correct: 767  Precision @ 1: 0.7990  AUC @ 1: 0.8569
Test Data Eval:
  Num examples: 1856  Num correct: 1300  Precision @ 1: 0.7004  AUC @ 1: 0.7584
Step 9700: loss = 0.5439 (0.011 sec)
Training Data Eval:
  Num examples: 8960  Num correct: 7355  Precision @ 1: 0.8209  AUC @ 1: 0.8844
Validation Data Eval:
  Num examples: 960  Num correct: 767  Precision @ 1: 0.7990  AUC @ 1: 0.8545
Test Data Eval:
  Num examples: 1856  Num correct: 1324  Precision @ 1: 0.7134  AUC @ 1: 0.7611
Step 9800: loss = 0.4859 (0.092 sec)
Training Data Eval:
  Num examples: 8960  Num correct: 7337  Precision @ 1: 0.8189  AUC @ 1: 0.8835
Validation Data Eval:
  Num examples: 960  Num correct: 765  Precision @ 1: 0.7969  AUC @ 1: 0.8575
Test Data Eval:
  Num examples: 1856  Num correct: 1316  Precision @ 1: 0.7091  AUC @ 1: 0.7673
Step 9900: loss = 0.4573 (0.012 sec)
Training Data Eval:
  Num examples: 8960  Num correct: 7371  Precision @ 1: 0.8227  AUC @ 1: 0.8826
Validation Data Eval:
  Num examples: 960  Num correct: 764  Precision @ 1: 0.7958  AUC @ 1: 0.8549
Test Data Eval:
  Num examples: 1856  Num correct: 1326  Precision @ 1: 0.7144  AUC @ 1: 0.7663
