Training data shape: 	(10000, 64, 64, 1)
Training label shape:	(10000,)
Testing data shape:  	(1910, 64, 64, 1)
Testing label shape: 	(1910,)
max input value is: 153.458
min input value is: -104.189
random permuted training data
==============================================================================
Model: 			inference_stcnn
Tensor Name: 	Placeholder:0
[64, 64, 64, 1]
==============================================================================
Tensor Name: conv0/conv0:0
[64, 1, 60, 16]
==============================================================================
Tensor Name: local1/local1:0
[64, 128]
==============================================================================
Tensor Name: local2/local2:0
[64, 128]
==============================================================================
Tensor Name: softmax_linear/softmax_linear:0
[64, 2]
Step 0: loss = 1.0381 (0.021 sec)
Training Data Eval:
  Num examples: 8960  Num correct: 6608  Precision @ 1: 0.7375  AUC @ 1: 0.7839
Validation Data Eval:
  Num examples: 960  Num correct: 734  Precision @ 1: 0.7646  AUC @ 1: 0.7953
Test Data Eval:
  Num examples: 1856  Num correct: 1274  Precision @ 1: 0.6864  AUC @ 1: 0.7318
Step 100: loss = 0.8813 (0.010 sec)
Training Data Eval:
  Num examples: 8960  Num correct: 7012  Precision @ 1: 0.7826  AUC @ 1: 0.8435
Validation Data Eval:
  Num examples: 960  Num correct: 754  Precision @ 1: 0.7854  AUC @ 1: 0.8392
Test Data Eval:
  Num examples: 1856  Num correct: 1337  Precision @ 1: 0.7204  AUC @ 1: 0.7583
Step 200: loss = 0.8050 (0.011 sec)
Training Data Eval:
  Num examples: 8960  Num correct: 7280  Precision @ 1: 0.8125  AUC @ 1: 0.8812
Validation Data Eval:
  Num examples: 960  Num correct: 786  Precision @ 1: 0.8187  AUC @ 1: 0.8772
Test Data Eval:
  Num examples: 1856  Num correct: 1342  Precision @ 1: 0.7231  AUC @ 1: 0.7715
Step 300: loss = 0.6894 (0.012 sec)
Training Data Eval:
  Num examples: 8960  Num correct: 7398  Precision @ 1: 0.8257  AUC @ 1: 0.8966
Validation Data Eval:
  Num examples: 960  Num correct: 777  Precision @ 1: 0.8094  AUC @ 1: 0.8781
Test Data Eval:
  Num examples: 1856  Num correct: 1348  Precision @ 1: 0.7263  AUC @ 1: 0.7722
Step 400: loss = 0.7073 (0.011 sec)
Training Data Eval:
  Num examples: 8960  Num correct: 7499  Precision @ 1: 0.8369  AUC @ 1: 0.9050
Validation Data Eval:
  Num examples: 960  Num correct: 794  Precision @ 1: 0.8271  AUC @ 1: 0.8810
Test Data Eval:
  Num examples: 1856  Num correct: 1382  Precision @ 1: 0.7446  AUC @ 1: 0.7874
Step 500: loss = 0.5738 (0.010 sec)
Training Data Eval:
  Num examples: 8960  Num correct: 7551  Precision @ 1: 0.8427  AUC @ 1: 0.9061
Validation Data Eval:
  Num examples: 960  Num correct: 796  Precision @ 1: 0.8292  AUC @ 1: 0.8788
Test Data Eval:
  Num examples: 1856  Num correct: 1385  Precision @ 1: 0.7462  AUC @ 1: 0.7941
Step 600: loss = 0.5889 (0.011 sec)
Training Data Eval:
  Num examples: 8960  Num correct: 7637  Precision @ 1: 0.8523  AUC @ 1: 0.9223
Validation Data Eval:
  Num examples: 960  Num correct: 793  Precision @ 1: 0.8260  AUC @ 1: 0.8874
Test Data Eval:
  Num examples: 1856  Num correct: 1371  Precision @ 1: 0.7387  AUC @ 1: 0.7892
Step 700: loss = 0.6236 (0.093 sec)
Training Data Eval:
  Num examples: 8960  Num correct: 7609  Precision @ 1: 0.8492  AUC @ 1: 0.9168
Validation Data Eval:
  Num examples: 960  Num correct: 780  Precision @ 1: 0.8125  AUC @ 1: 0.8834
Test Data Eval:
  Num examples: 1856  Num correct: 1337  Precision @ 1: 0.7204  AUC @ 1: 0.7829
Step 800: loss = 0.4911 (0.011 sec)
Training Data Eval:
  Num examples: 8960  Num correct: 7711  Precision @ 1: 0.8606  AUC @ 1: 0.9284
Validation Data Eval:
  Num examples: 960  Num correct: 805  Precision @ 1: 0.8385  AUC @ 1: 0.8937
Test Data Eval:
  Num examples: 1856  Num correct: 1355  Precision @ 1: 0.7301  AUC @ 1: 0.7936
Step 900: loss = 0.7300 (0.012 sec)
Training Data Eval:
  Num examples: 8960  Num correct: 7718  Precision @ 1: 0.8614  AUC @ 1: 0.9350
Validation Data Eval:
  Num examples: 960  Num correct: 806  Precision @ 1: 0.8396  AUC @ 1: 0.8903
Test Data Eval:
  Num examples: 1856  Num correct: 1382  Precision @ 1: 0.7446  AUC @ 1: 0.7860
Step 1000: loss = 0.4479 (0.011 sec)
Training Data Eval:
  Num examples: 8960  Num correct: 7827  Precision @ 1: 0.8735  AUC @ 1: 0.9430
Validation Data Eval:
  Num examples: 960  Num correct: 801  Precision @ 1: 0.8344  AUC @ 1: 0.8903
Test Data Eval:
  Num examples: 1856  Num correct: 1370  Precision @ 1: 0.7381  AUC @ 1: 0.7958
Step 1100: loss = 0.5454 (0.010 sec)
Training Data Eval:
  Num examples: 8960  Num correct: 7822  Precision @ 1: 0.8730  AUC @ 1: 0.9416
Validation Data Eval:
  Num examples: 960  Num correct: 790  Precision @ 1: 0.8229  AUC @ 1: 0.8910
Test Data Eval:
  Num examples: 1856  Num correct: 1362  Precision @ 1: 0.7338  AUC @ 1: 0.7927
Step 1200: loss = 0.5174 (0.011 sec)
Training Data Eval:
  Num examples: 8960  Num correct: 7932  Precision @ 1: 0.8853  AUC @ 1: 0.9495
Validation Data Eval:
  Num examples: 960  Num correct: 797  Precision @ 1: 0.8302  AUC @ 1: 0.8919
Test Data Eval:
  Num examples: 1856  Num correct: 1367  Precision @ 1: 0.7365  AUC @ 1: 0.7918
Step 1300: loss = 0.3749 (0.011 sec)
Training Data Eval:
  Num examples: 8960  Num correct: 8015  Precision @ 1: 0.8945  AUC @ 1: 0.9548
Validation Data Eval:
  Num examples: 960  Num correct: 807  Precision @ 1: 0.8406  AUC @ 1: 0.8949
Test Data Eval:
  Num examples: 1856  Num correct: 1377  Precision @ 1: 0.7419  AUC @ 1: 0.7829
Step 1400: loss = 0.3563 (0.093 sec)
Training Data Eval:
  Num examples: 8960  Num correct: 8045  Precision @ 1: 0.8979  AUC @ 1: 0.9590
Validation Data Eval:
  Num examples: 960  Num correct: 801  Precision @ 1: 0.8344  AUC @ 1: 0.8912
Test Data Eval:
  Num examples: 1856  Num correct: 1380  Precision @ 1: 0.7435  AUC @ 1: 0.8001
Step 1500: loss = 0.4310 (0.011 sec)
Training Data Eval:
  Num examples: 8960  Num correct: 8072  Precision @ 1: 0.9009  AUC @ 1: 0.9584
Validation Data Eval:
  Num examples: 960  Num correct: 799  Precision @ 1: 0.8323  AUC @ 1: 0.8893
Test Data Eval:
  Num examples: 1856  Num correct: 1368  Precision @ 1: 0.7371  AUC @ 1: 0.7858
Step 1600: loss = 0.4552 (0.011 sec)
Training Data Eval:
  Num examples: 8960  Num correct: 8069  Precision @ 1: 0.9006  AUC @ 1: 0.9654
Validation Data Eval:
  Num examples: 960  Num correct: 811  Precision @ 1: 0.8448  AUC @ 1: 0.8882
Test Data Eval:
  Num examples: 1856  Num correct: 1365  Precision @ 1: 0.7355  AUC @ 1: 0.7740
Step 1700: loss = 0.4021 (0.011 sec)
Training Data Eval:
  Num examples: 8960  Num correct: 8118  Precision @ 1: 0.9060  AUC @ 1: 0.9680
Validation Data Eval:
  Num examples: 960  Num correct: 800  Precision @ 1: 0.8333  AUC @ 1: 0.8904
Test Data Eval:
  Num examples: 1856  Num correct: 1398  Precision @ 1: 0.7532  AUC @ 1: 0.7922
Step 1800: loss = 0.3341 (0.010 sec)
Training Data Eval:
  Num examples: 8960  Num correct: 8108  Precision @ 1: 0.9049  AUC @ 1: 0.9705
Validation Data Eval:
  Num examples: 960  Num correct: 792  Precision @ 1: 0.8250  AUC @ 1: 0.8893
Test Data Eval:
  Num examples: 1856  Num correct: 1372  Precision @ 1: 0.7392  AUC @ 1: 0.7863
Step 1900: loss = 0.5772 (0.011 sec)
Training Data Eval:
  Num examples: 8960  Num correct: 8197  Precision @ 1: 0.9148  AUC @ 1: 0.9720
Validation Data Eval:
  Num examples: 960  Num correct: 802  Precision @ 1: 0.8354  AUC @ 1: 0.8843
Test Data Eval:
  Num examples: 1856  Num correct: 1378  Precision @ 1: 0.7425  AUC @ 1: 0.7839
Step 2000: loss = 0.4685 (0.011 sec)
Training Data Eval:
  Num examples: 8960  Num correct: 8287  Precision @ 1: 0.9249  AUC @ 1: 0.9774
Validation Data Eval:
  Num examples: 960  Num correct: 788  Precision @ 1: 0.8208  AUC @ 1: 0.8916
Test Data Eval:
  Num examples: 1856  Num correct: 1318  Precision @ 1: 0.7101  AUC @ 1: 0.7749
Step 2100: loss = 0.4766 (0.096 sec)
Training Data Eval:
  Num examples: 8960  Num correct: 8331  Precision @ 1: 0.9298  AUC @ 1: 0.9790
Validation Data Eval:
  Num examples: 960  Num correct: 793  Precision @ 1: 0.8260  AUC @ 1: 0.8862
Test Data Eval:
  Num examples: 1856  Num correct: 1319  Precision @ 1: 0.7107  AUC @ 1: 0.7767
Step 2200: loss = 0.2986 (0.011 sec)
Training Data Eval:
  Num examples: 8960  Num correct: 8353  Precision @ 1: 0.9323  AUC @ 1: 0.9804
Validation Data Eval:
  Num examples: 960  Num correct: 790  Precision @ 1: 0.8229  AUC @ 1: 0.8802
Test Data Eval:
  Num examples: 1856  Num correct: 1333  Precision @ 1: 0.7182  AUC @ 1: 0.7753
Step 2300: loss = 0.2918 (0.012 sec)
Training Data Eval:
  Num examples: 8960  Num correct: 8380  Precision @ 1: 0.9353  AUC @ 1: 0.9836
Validation Data Eval:
  Num examples: 960  Num correct: 794  Precision @ 1: 0.8271  AUC @ 1: 0.8871
Test Data Eval:
  Num examples: 1856  Num correct: 1379  Precision @ 1: 0.7430  AUC @ 1: 0.7931
Step 2400: loss = 0.3521 (0.011 sec)
Training Data Eval:
  Num examples: 8960  Num correct: 8499  Precision @ 1: 0.9485  AUC @ 1: 0.9893
Validation Data Eval:
  Num examples: 960  Num correct: 786  Precision @ 1: 0.8187  AUC @ 1: 0.8844
Test Data Eval:
  Num examples: 1856  Num correct: 1340  Precision @ 1: 0.7220  AUC @ 1: 0.7819
Step 2500: loss = 0.3120 (0.011 sec)
Training Data Eval:
  Num examples: 8960  Num correct: 8390  Precision @ 1: 0.9364  AUC @ 1: 0.9850
Validation Data Eval:
  Num examples: 960  Num correct: 796  Precision @ 1: 0.8292  AUC @ 1: 0.8886
Test Data Eval:
  Num examples: 1856  Num correct: 1352  Precision @ 1: 0.7284  AUC @ 1: 0.7831
Step 2600: loss = 0.3520 (0.011 sec)
Training Data Eval:
  Num examples: 8960  Num correct: 8448  Precision @ 1: 0.9429  AUC @ 1: 0.9862
Validation Data Eval:
  Num examples: 960  Num correct: 779  Precision @ 1: 0.8115  AUC @ 1: 0.8917
Test Data Eval:
  Num examples: 1856  Num correct: 1338  Precision @ 1: 0.7209  AUC @ 1: 0.7861
Step 2700: loss = 0.2560 (0.011 sec)
Training Data Eval:
  Num examples: 8960  Num correct: 8464  Precision @ 1: 0.9446  AUC @ 1: 0.9875
Validation Data Eval:
  Num examples: 960  Num correct: 801  Precision @ 1: 0.8344  AUC @ 1: 0.8971
Test Data Eval:
  Num examples: 1856  Num correct: 1363  Precision @ 1: 0.7344  AUC @ 1: 0.7805
Step 2800: loss = 0.2644 (0.100 sec)
Training Data Eval:
  Num examples: 8960  Num correct: 8483  Precision @ 1: 0.9468  AUC @ 1: 0.9891
Validation Data Eval:
  Num examples: 960  Num correct: 798  Precision @ 1: 0.8313  AUC @ 1: 0.8930
Test Data Eval:
  Num examples: 1856  Num correct: 1368  Precision @ 1: 0.7371  AUC @ 1: 0.7914
Step 2900: loss = 0.3328 (0.011 sec)
Training Data Eval:
  Num examples: 8960  Num correct: 8357  Precision @ 1: 0.9327  AUC @ 1: 0.9858
Validation Data Eval:
  Num examples: 960  Num correct: 795  Precision @ 1: 0.8281  AUC @ 1: 0.8963
Test Data Eval:
  Num examples: 1856  Num correct: 1367  Precision @ 1: 0.7365  AUC @ 1: 0.7888
Step 3000: loss = 0.2372 (0.011 sec)
Training Data Eval:
  Num examples: 8960  Num correct: 8522  Precision @ 1: 0.9511  AUC @ 1: 0.9910
Validation Data Eval:
  Num examples: 960  Num correct: 799  Precision @ 1: 0.8323  AUC @ 1: 0.8955
Test Data Eval:
  Num examples: 1856  Num correct: 1364  Precision @ 1: 0.7349  AUC @ 1: 0.7768
Step 3100: loss = 0.3203 (0.011 sec)
Training Data Eval:
  Num examples: 8960  Num correct: 8621  Precision @ 1: 0.9622  AUC @ 1: 0.9932
Validation Data Eval:
  Num examples: 960  Num correct: 791  Precision @ 1: 0.8240  AUC @ 1: 0.8897
Test Data Eval:
  Num examples: 1856  Num correct: 1330  Precision @ 1: 0.7166  AUC @ 1: 0.7813
Step 3200: loss = 0.3055 (0.011 sec)
Training Data Eval:
  Num examples: 8960  Num correct: 8533  Precision @ 1: 0.9523  AUC @ 1: 0.9905
Validation Data Eval:
  Num examples: 960  Num correct: 804  Precision @ 1: 0.8375  AUC @ 1: 0.8901
Test Data Eval:
  Num examples: 1856  Num correct: 1362  Precision @ 1: 0.7338  AUC @ 1: 0.7824
Step 3300: loss = 0.2766 (0.011 sec)
Training Data Eval:
  Num examples: 8960  Num correct: 8506  Precision @ 1: 0.9493  AUC @ 1: 0.9921
Validation Data Eval:
  Num examples: 960  Num correct: 804  Precision @ 1: 0.8375  AUC @ 1: 0.8879
Test Data Eval:
  Num examples: 1856  Num correct: 1364  Precision @ 1: 0.7349  AUC @ 1: 0.7870
Step 3400: loss = 0.2342 (0.011 sec)
Training Data Eval:
  Num examples: 8960  Num correct: 8621  Precision @ 1: 0.9622  AUC @ 1: 0.9944
Validation Data Eval:
  Num examples: 960  Num correct: 791  Precision @ 1: 0.8240  AUC @ 1: 0.8907
Test Data Eval:
  Num examples: 1856  Num correct: 1365  Precision @ 1: 0.7355  AUC @ 1: 0.7830
Step 3500: loss = 0.3389 (0.100 sec)
Training Data Eval:
  Num examples: 8960  Num correct: 8559  Precision @ 1: 0.9552  AUC @ 1: 0.9922
Validation Data Eval:
  Num examples: 960  Num correct: 788  Precision @ 1: 0.8208  AUC @ 1: 0.8906
Test Data Eval:
  Num examples: 1856  Num correct: 1348  Precision @ 1: 0.7263  AUC @ 1: 0.7914
Step 3600: loss = 0.1837 (0.011 sec)
Training Data Eval:
  Num examples: 8960  Num correct: 8192  Precision @ 1: 0.9143  AUC @ 1: 0.9871
Validation Data Eval:
  Num examples: 960  Num correct: 766  Precision @ 1: 0.7979  AUC @ 1: 0.8933
Test Data Eval:
  Num examples: 1856  Num correct: 1245  Precision @ 1: 0.6708  AUC @ 1: 0.7806
Step 3700: loss = 0.4514 (0.011 sec)
Training Data Eval:
  Num examples: 8960  Num correct: 8646  Precision @ 1: 0.9650  AUC @ 1: 0.9955
Validation Data Eval:
  Num examples: 960  Num correct: 807  Precision @ 1: 0.8406  AUC @ 1: 0.8985
Test Data Eval:
  Num examples: 1856  Num correct: 1374  Precision @ 1: 0.7403  AUC @ 1: 0.7873
Step 3800: loss = 0.3269 (0.011 sec)
Training Data Eval:
  Num examples: 8960  Num correct: 8585  Precision @ 1: 0.9581  AUC @ 1: 0.9934
Validation Data Eval:
  Num examples: 960  Num correct: 782  Precision @ 1: 0.8146  AUC @ 1: 0.8810
Test Data Eval:
  Num examples: 1856  Num correct: 1298  Precision @ 1: 0.6994  AUC @ 1: 0.7841
Step 3900: loss = 0.3251 (0.010 sec)
Training Data Eval:
  Num examples: 8960  Num correct: 8589  Precision @ 1: 0.9586  AUC @ 1: 0.9917
Validation Data Eval:
  Num examples: 960  Num correct: 784  Precision @ 1: 0.8167  AUC @ 1: 0.8901
Test Data Eval:
  Num examples: 1856  Num correct: 1345  Precision @ 1: 0.7247  AUC @ 1: 0.7805
Step 4000: loss = 0.3748 (0.011 sec)
Training Data Eval:
  Num examples: 8960  Num correct: 8541  Precision @ 1: 0.9532  AUC @ 1: 0.9935
Validation Data Eval:
  Num examples: 960  Num correct: 798  Precision @ 1: 0.8313  AUC @ 1: 0.8916
Test Data Eval:
  Num examples: 1856  Num correct: 1368  Precision @ 1: 0.7371  AUC @ 1: 0.7659
Step 4100: loss = 0.2842 (0.011 sec)
Training Data Eval:
  Num examples: 8960  Num correct: 8698  Precision @ 1: 0.9708  AUC @ 1: 0.9965
Validation Data Eval:
  Num examples: 960  Num correct: 791  Precision @ 1: 0.8240  AUC @ 1: 0.8960
Test Data Eval:
  Num examples: 1856  Num correct: 1369  Precision @ 1: 0.7376  AUC @ 1: 0.7805
Step 4200: loss = 0.2418 (0.099 sec)
Training Data Eval:
  Num examples: 8960  Num correct: 8720  Precision @ 1: 0.9732  AUC @ 1: 0.9968
Validation Data Eval:
  Num examples: 960  Num correct: 786  Precision @ 1: 0.8187  AUC @ 1: 0.8875
Test Data Eval:
  Num examples: 1856  Num correct: 1351  Precision @ 1: 0.7279  AUC @ 1: 0.7826
Step 4300: loss = 0.2605 (0.010 sec)
Training Data Eval:
  Num examples: 8960  Num correct: 8630  Precision @ 1: 0.9632  AUC @ 1: 0.9947
Validation Data Eval:
  Num examples: 960  Num correct: 781  Precision @ 1: 0.8135  AUC @ 1: 0.8881
Test Data Eval:
  Num examples: 1856  Num correct: 1336  Precision @ 1: 0.7198  AUC @ 1: 0.7861
Step 4400: loss = 0.3020 (0.011 sec)
Training Data Eval:
  Num examples: 8960  Num correct: 8379  Precision @ 1: 0.9352  AUC @ 1: 0.9918
Validation Data Eval:
  Num examples: 960  Num correct: 791  Precision @ 1: 0.8240  AUC @ 1: 0.8886
Test Data Eval:
  Num examples: 1856  Num correct: 1386  Precision @ 1: 0.7468  AUC @ 1: 0.7793
Step 4500: loss = 0.2250 (0.011 sec)
Training Data Eval:
  Num examples: 8960  Num correct: 8626  Precision @ 1: 0.9627  AUC @ 1: 0.9944
Validation Data Eval:
  Num examples: 960  Num correct: 791  Precision @ 1: 0.8240  AUC @ 1: 0.9000
Test Data Eval:
  Num examples: 1856  Num correct: 1333  Precision @ 1: 0.7182  AUC @ 1: 0.7916
Step 4600: loss = 0.2417 (0.010 sec)
Training Data Eval:
  Num examples: 8960  Num correct: 8665  Precision @ 1: 0.9671  AUC @ 1: 0.9963
Validation Data Eval:
  Num examples: 960  Num correct: 783  Precision @ 1: 0.8156  AUC @ 1: 0.8829
Test Data Eval:
  Num examples: 1856  Num correct: 1350  Precision @ 1: 0.7274  AUC @ 1: 0.7772
Step 4700: loss = 0.2907 (0.011 sec)
Training Data Eval:
  Num examples: 8960  Num correct: 8562  Precision @ 1: 0.9556  AUC @ 1: 0.9945
Validation Data Eval:
  Num examples: 960  Num correct: 782  Precision @ 1: 0.8146  AUC @ 1: 0.8847
Test Data Eval:
  Num examples: 1856  Num correct: 1371  Precision @ 1: 0.7387  AUC @ 1: 0.7755
Step 4800: loss = 0.2366 (0.011 sec)
Training Data Eval:
  Num examples: 8960  Num correct: 8775  Precision @ 1: 0.9794  AUC @ 1: 0.9982
Validation Data Eval:
  Num examples: 960  Num correct: 799  Precision @ 1: 0.8323  AUC @ 1: 0.8935
Test Data Eval:
  Num examples: 1856  Num correct: 1355  Precision @ 1: 0.7301  AUC @ 1: 0.7901
Step 4900: loss = 0.2403 (0.099 sec)
Training Data Eval:
  Num examples: 8960  Num correct: 8075  Precision @ 1: 0.9012  AUC @ 1: 0.9926
Validation Data Eval:
  Num examples: 960  Num correct: 714  Precision @ 1: 0.7438  AUC @ 1: 0.8824
Test Data Eval:
  Num examples: 1856  Num correct: 1186  Precision @ 1: 0.6390  AUC @ 1: 0.7817
Step 5000: loss = 0.2919 (0.011 sec)
Training Data Eval:
  Num examples: 8960  Num correct: 8725  Precision @ 1: 0.9738  AUC @ 1: 0.9975
Validation Data Eval:
  Num examples: 960  Num correct: 791  Precision @ 1: 0.8240  AUC @ 1: 0.8869
Test Data Eval:
  Num examples: 1856  Num correct: 1344  Precision @ 1: 0.7241  AUC @ 1: 0.7884
Step 5100: loss = 0.3090 (0.011 sec)
Training Data Eval:
  Num examples: 8960  Num correct: 8787  Precision @ 1: 0.9807  AUC @ 1: 0.9984
Validation Data Eval:
  Num examples: 960  Num correct: 787  Precision @ 1: 0.8198  AUC @ 1: 0.8956
Test Data Eval:
  Num examples: 1856  Num correct: 1343  Precision @ 1: 0.7236  AUC @ 1: 0.7787
Step 5200: loss = 0.3179 (0.011 sec)
Training Data Eval:
  Num examples: 8960  Num correct: 8805  Precision @ 1: 0.9827  AUC @ 1: 0.9987
Validation Data Eval:
  Num examples: 960  Num correct: 792  Precision @ 1: 0.8250  AUC @ 1: 0.8886
Test Data Eval:
  Num examples: 1856  Num correct: 1360  Precision @ 1: 0.7328  AUC @ 1: 0.7829
Step 5300: loss = 0.2863 (0.011 sec)
Training Data Eval:
  Num examples: 8960  Num correct: 8804  Precision @ 1: 0.9826  AUC @ 1: 0.9985
Validation Data Eval:
  Num examples: 960  Num correct: 794  Precision @ 1: 0.8271  AUC @ 1: 0.8958
Test Data Eval:
  Num examples: 1856  Num correct: 1354  Precision @ 1: 0.7295  AUC @ 1: 0.7983
Step 5400: loss = 0.1996 (0.011 sec)
Training Data Eval:
  Num examples: 8960  Num correct: 8701  Precision @ 1: 0.9711  AUC @ 1: 0.9982
Validation Data Eval:
  Num examples: 960  Num correct: 793  Precision @ 1: 0.8260  AUC @ 1: 0.8873
Test Data Eval:
  Num examples: 1856  Num correct: 1378  Precision @ 1: 0.7425  AUC @ 1: 0.7886
Step 5500: loss = 0.2477 (0.010 sec)
Training Data Eval:
  Num examples: 8960  Num correct: 8785  Precision @ 1: 0.9805  AUC @ 1: 0.9980
Validation Data Eval:
  Num examples: 960  Num correct: 796  Precision @ 1: 0.8292  AUC @ 1: 0.8978
Test Data Eval:
  Num examples: 1856  Num correct: 1326  Precision @ 1: 0.7144  AUC @ 1: 0.7808
Step 5600: loss = 0.2908 (0.094 sec)
Training Data Eval:
  Num examples: 8960  Num correct: 8690  Precision @ 1: 0.9699  AUC @ 1: 0.9970
Validation Data Eval:
  Num examples: 960  Num correct: 797  Precision @ 1: 0.8302  AUC @ 1: 0.8868
Test Data Eval:
  Num examples: 1856  Num correct: 1374  Precision @ 1: 0.7403  AUC @ 1: 0.7864
Step 5700: loss = 0.2703 (0.011 sec)
Training Data Eval:
  Num examples: 8960  Num correct: 8587  Precision @ 1: 0.9584  AUC @ 1: 0.9963
Validation Data Eval:
  Num examples: 960  Num correct: 785  Precision @ 1: 0.8177  AUC @ 1: 0.8795
Test Data Eval:
  Num examples: 1856  Num correct: 1370  Precision @ 1: 0.7381  AUC @ 1: 0.7708
Step 5800: loss = 0.3292 (0.011 sec)
Training Data Eval:
  Num examples: 8960  Num correct: 8693  Precision @ 1: 0.9702  AUC @ 1: 0.9977
Validation Data Eval:
  Num examples: 960  Num correct: 779  Precision @ 1: 0.8115  AUC @ 1: 0.8911
Test Data Eval:
  Num examples: 1856  Num correct: 1287  Precision @ 1: 0.6934  AUC @ 1: 0.7863
Step 5900: loss = 0.2197 (0.011 sec)
Training Data Eval:
  Num examples: 8960  Num correct: 8732  Precision @ 1: 0.9746  AUC @ 1: 0.9980
Validation Data Eval:
  Num examples: 960  Num correct: 782  Precision @ 1: 0.8146  AUC @ 1: 0.8918
Test Data Eval:
  Num examples: 1856  Num correct: 1312  Precision @ 1: 0.7069  AUC @ 1: 0.7821
Step 6000: loss = 0.2685 (0.011 sec)
Training Data Eval:
  Num examples: 8960  Num correct: 8658  Precision @ 1: 0.9663  AUC @ 1: 0.9981
Validation Data Eval:
  Num examples: 960  Num correct: 806  Precision @ 1: 0.8396  AUC @ 1: 0.8973
Test Data Eval:
  Num examples: 1856  Num correct: 1374  Precision @ 1: 0.7403  AUC @ 1: 0.7843
Step 6100: loss = 0.3881 (0.012 sec)
Training Data Eval:
  Num examples: 8960  Num correct: 8644  Precision @ 1: 0.9647  AUC @ 1: 0.9978
Validation Data Eval:
  Num examples: 960  Num correct: 757  Precision @ 1: 0.7885  AUC @ 1: 0.8873
Test Data Eval:
  Num examples: 1856  Num correct: 1270  Precision @ 1: 0.6843  AUC @ 1: 0.7980
Step 6200: loss = 0.3175 (0.011 sec)
Training Data Eval:
  Num examples: 8960  Num correct: 8770  Precision @ 1: 0.9788  AUC @ 1: 0.9991
Validation Data Eval:
  Num examples: 960  Num correct: 800  Precision @ 1: 0.8333  AUC @ 1: 0.8925
Test Data Eval:
  Num examples: 1856  Num correct: 1394  Precision @ 1: 0.7511  AUC @ 1: 0.7919
Step 6300: loss = 0.2162 (0.092 sec)
Training Data Eval:
  Num examples: 8960  Num correct: 8734  Precision @ 1: 0.9748  AUC @ 1: 0.9979
Validation Data Eval:
  Num examples: 960  Num correct: 771  Precision @ 1: 0.8031  AUC @ 1: 0.8871
Test Data Eval:
  Num examples: 1856  Num correct: 1304  Precision @ 1: 0.7026  AUC @ 1: 0.7936
Step 6400: loss = 0.2810 (0.012 sec)
Training Data Eval:
  Num examples: 8960  Num correct: 8774  Precision @ 1: 0.9792  AUC @ 1: 0.9977
Validation Data Eval:
  Num examples: 960  Num correct: 784  Precision @ 1: 0.8167  AUC @ 1: 0.8845
Test Data Eval:
  Num examples: 1856  Num correct: 1346  Precision @ 1: 0.7252  AUC @ 1: 0.7957
Step 6500: loss = 0.2787 (0.011 sec)
Training Data Eval:
  Num examples: 8960  Num correct: 8862  Precision @ 1: 0.9891  AUC @ 1: 0.9991
Validation Data Eval:
  Num examples: 960  Num correct: 787  Precision @ 1: 0.8198  AUC @ 1: 0.8884
Test Data Eval:
  Num examples: 1856  Num correct: 1328  Precision @ 1: 0.7155  AUC @ 1: 0.7735
Step 6600: loss = 0.2023 (0.012 sec)
Training Data Eval:
  Num examples: 8960  Num correct: 8836  Precision @ 1: 0.9862  AUC @ 1: 0.9992
Validation Data Eval:
  Num examples: 960  Num correct: 789  Precision @ 1: 0.8219  AUC @ 1: 0.8950
Test Data Eval:
  Num examples: 1856  Num correct: 1358  Precision @ 1: 0.7317  AUC @ 1: 0.7862
Step 6700: loss = 0.2454 (0.011 sec)
Training Data Eval:
  Num examples: 8960  Num correct: 8764  Precision @ 1: 0.9781  AUC @ 1: 0.9985
Validation Data Eval:
  Num examples: 960  Num correct: 790  Precision @ 1: 0.8229  AUC @ 1: 0.8891
Test Data Eval:
  Num examples: 1856  Num correct: 1360  Precision @ 1: 0.7328  AUC @ 1: 0.7823
Step 6800: loss = 0.2301 (0.011 sec)
Training Data Eval:
  Num examples: 8960  Num correct: 8603  Precision @ 1: 0.9602  AUC @ 1: 0.9978
Validation Data Eval:
  Num examples: 960  Num correct: 786  Precision @ 1: 0.8187  AUC @ 1: 0.8899
Test Data Eval:
  Num examples: 1856  Num correct: 1377  Precision @ 1: 0.7419  AUC @ 1: 0.7868
Step 6900: loss = 0.1993 (0.011 sec)
Training Data Eval:
  Num examples: 8960  Num correct: 8552  Precision @ 1: 0.9545  AUC @ 1: 0.9974
Validation Data Eval:
  Num examples: 960  Num correct: 790  Precision @ 1: 0.8229  AUC @ 1: 0.8841
Test Data Eval:
  Num examples: 1856  Num correct: 1376  Precision @ 1: 0.7414  AUC @ 1: 0.7828
Step 7000: loss = 0.3243 (0.098 sec)
Training Data Eval:
  Num examples: 8960  Num correct: 8845  Precision @ 1: 0.9872  AUC @ 1: 0.9992
Validation Data Eval:
  Num examples: 960  Num correct: 790  Precision @ 1: 0.8229  AUC @ 1: 0.8895
Test Data Eval:
  Num examples: 1856  Num correct: 1351  Precision @ 1: 0.7279  AUC @ 1: 0.7819
Step 7100: loss = 0.2547 (0.012 sec)
Training Data Eval:
  Num examples: 8960  Num correct: 8861  Precision @ 1: 0.9890  AUC @ 1: 0.9994
Validation Data Eval:
  Num examples: 960  Num correct: 803  Precision @ 1: 0.8365  AUC @ 1: 0.8956
Test Data Eval:
  Num examples: 1856  Num correct: 1370  Precision @ 1: 0.7381  AUC @ 1: 0.7924
Step 7200: loss = 0.1949 (0.012 sec)
Training Data Eval:
  Num examples: 8960  Num correct: 8903  Precision @ 1: 0.9936  AUC @ 1: 0.9998
Validation Data Eval:
  Num examples: 960  Num correct: 791  Precision @ 1: 0.8240  AUC @ 1: 0.8965
Test Data Eval:
  Num examples: 1856  Num correct: 1373  Precision @ 1: 0.7398  AUC @ 1: 0.7932
Step 7300: loss = 0.2447 (0.012 sec)
Training Data Eval:
  Num examples: 8960  Num correct: 8851  Precision @ 1: 0.9878  AUC @ 1: 0.9991
Validation Data Eval:
  Num examples: 960  Num correct: 786  Precision @ 1: 0.8187  AUC @ 1: 0.8928
Test Data Eval:
  Num examples: 1856  Num correct: 1342  Precision @ 1: 0.7231  AUC @ 1: 0.7847
Step 7400: loss = 0.2851 (0.011 sec)
Training Data Eval:
  Num examples: 8960  Num correct: 8795  Precision @ 1: 0.9816  AUC @ 1: 0.9987
Validation Data Eval:
  Num examples: 960  Num correct: 791  Precision @ 1: 0.8240  AUC @ 1: 0.8925
Test Data Eval:
  Num examples: 1856  Num correct: 1357  Precision @ 1: 0.7311  AUC @ 1: 0.7969
Step 7500: loss = 0.2873 (0.011 sec)
Training Data Eval:
  Num examples: 8960  Num correct: 8790  Precision @ 1: 0.9810  AUC @ 1: 0.9990
Validation Data Eval:
  Num examples: 960  Num correct: 797  Precision @ 1: 0.8302  AUC @ 1: 0.8956
Test Data Eval:
  Num examples: 1856  Num correct: 1385  Precision @ 1: 0.7462  AUC @ 1: 0.7928
Step 7600: loss = 0.1756 (0.011 sec)
Training Data Eval:
  Num examples: 8960  Num correct: 8832  Precision @ 1: 0.9857  AUC @ 1: 0.9986
Validation Data Eval:
  Num examples: 960  Num correct: 805  Precision @ 1: 0.8385  AUC @ 1: 0.8967
Test Data Eval:
  Num examples: 1856  Num correct: 1333  Precision @ 1: 0.7182  AUC @ 1: 0.7827
Step 7700: loss = 0.1811 (0.093 sec)
Training Data Eval:
  Num examples: 8960  Num correct: 8830  Precision @ 1: 0.9855  AUC @ 1: 0.9988
Validation Data Eval:
  Num examples: 960  Num correct: 788  Precision @ 1: 0.8208  AUC @ 1: 0.8966
Test Data Eval:
  Num examples: 1856  Num correct: 1334  Precision @ 1: 0.7188  AUC @ 1: 0.7839
Step 7800: loss = 0.2401 (0.012 sec)
Training Data Eval:
  Num examples: 8960  Num correct: 8816  Precision @ 1: 0.9839  AUC @ 1: 0.9987
Validation Data Eval:
  Num examples: 960  Num correct: 794  Precision @ 1: 0.8271  AUC @ 1: 0.8969
Test Data Eval:
  Num examples: 1856  Num correct: 1356  Precision @ 1: 0.7306  AUC @ 1: 0.7791
Step 7900: loss = 0.2574 (0.011 sec)
Training Data Eval:
  Num examples: 8960  Num correct: 8823  Precision @ 1: 0.9847  AUC @ 1: 0.9993
Validation Data Eval:
  Num examples: 960  Num correct: 789  Precision @ 1: 0.8219  AUC @ 1: 0.8898
Test Data Eval:
  Num examples: 1856  Num correct: 1385  Precision @ 1: 0.7462  AUC @ 1: 0.7927
Step 8000: loss = 0.2002 (0.011 sec)
Training Data Eval:
  Num examples: 8960  Num correct: 8797  Precision @ 1: 0.9818  AUC @ 1: 0.9993
Validation Data Eval:
  Num examples: 960  Num correct: 790  Precision @ 1: 0.8229  AUC @ 1: 0.8821
Test Data Eval:
  Num examples: 1856  Num correct: 1385  Precision @ 1: 0.7462  AUC @ 1: 0.7980
Step 8100: loss = 0.2630 (0.011 sec)
Training Data Eval:
  Num examples: 8960  Num correct: 8841  Precision @ 1: 0.9867  AUC @ 1: 0.9994
Validation Data Eval:
  Num examples: 960  Num correct: 772  Precision @ 1: 0.8042  AUC @ 1: 0.8830
Test Data Eval:
  Num examples: 1856  Num correct: 1350  Precision @ 1: 0.7274  AUC @ 1: 0.7930
Step 8200: loss = 0.2385 (0.011 sec)
Training Data Eval:
  Num examples: 8960  Num correct: 8846  Precision @ 1: 0.9873  AUC @ 1: 0.9996
Validation Data Eval:
  Num examples: 960  Num correct: 797  Precision @ 1: 0.8302  AUC @ 1: 0.8917
Test Data Eval:
  Num examples: 1856  Num correct: 1357  Precision @ 1: 0.7311  AUC @ 1: 0.7755
Step 8300: loss = 0.2558 (0.011 sec)
Training Data Eval:
  Num examples: 8960  Num correct: 8869  Precision @ 1: 0.9898  AUC @ 1: 0.9997
Validation Data Eval:
  Num examples: 960  Num correct: 794  Precision @ 1: 0.8271  AUC @ 1: 0.8864
Test Data Eval:
  Num examples: 1856  Num correct: 1373  Precision @ 1: 0.7398  AUC @ 1: 0.7906
Step 8400: loss = 0.2773 (0.089 sec)
Training Data Eval:
  Num examples: 8960  Num correct: 8781  Precision @ 1: 0.9800  AUC @ 1: 0.9994
Validation Data Eval:
  Num examples: 960  Num correct: 774  Precision @ 1: 0.8063  AUC @ 1: 0.8884
Test Data Eval:
  Num examples: 1856  Num correct: 1290  Precision @ 1: 0.6950  AUC @ 1: 0.7844
Step 8500: loss = 0.2681 (0.010 sec)
Training Data Eval:
  Num examples: 8960  Num correct: 8849  Precision @ 1: 0.9876  AUC @ 1: 0.9996
Validation Data Eval:
  Num examples: 960  Num correct: 765  Precision @ 1: 0.7969  AUC @ 1: 0.8845
Test Data Eval:
  Num examples: 1856  Num correct: 1313  Precision @ 1: 0.7074  AUC @ 1: 0.7875
Step 8600: loss = 0.3802 (0.010 sec)
Training Data Eval:
  Num examples: 8960  Num correct: 8878  Precision @ 1: 0.9908  AUC @ 1: 0.9996
Validation Data Eval:
  Num examples: 960  Num correct: 787  Precision @ 1: 0.8198  AUC @ 1: 0.8918
Test Data Eval:
  Num examples: 1856  Num correct: 1331  Precision @ 1: 0.7171  AUC @ 1: 0.7823
Step 8700: loss = 0.2099 (0.011 sec)
Training Data Eval:
  Num examples: 8960  Num correct: 8797  Precision @ 1: 0.9818  AUC @ 1: 0.9983
Validation Data Eval:
  Num examples: 960  Num correct: 791  Precision @ 1: 0.8240  AUC @ 1: 0.8839
Test Data Eval:
  Num examples: 1856  Num correct: 1357  Precision @ 1: 0.7311  AUC @ 1: 0.7801
Step 8800: loss = 0.3485 (0.010 sec)
Training Data Eval:
  Num examples: 8960  Num correct: 8859  Precision @ 1: 0.9887  AUC @ 1: 0.9993
Validation Data Eval:
  Num examples: 960  Num correct: 785  Precision @ 1: 0.8177  AUC @ 1: 0.8864
Test Data Eval:
  Num examples: 1856  Num correct: 1333  Precision @ 1: 0.7182  AUC @ 1: 0.7810
Step 8900: loss = 0.1922 (0.012 sec)
Training Data Eval:
  Num examples: 8960  Num correct: 8792  Precision @ 1: 0.9812  AUC @ 1: 0.9984
Validation Data Eval:
  Num examples: 960  Num correct: 786  Precision @ 1: 0.8187  AUC @ 1: 0.8784
Test Data Eval:
  Num examples: 1856  Num correct: 1334  Precision @ 1: 0.7188  AUC @ 1: 0.7754
Step 9000: loss = 0.2704 (0.011 sec)
Training Data Eval:
  Num examples: 8960  Num correct: 8849  Precision @ 1: 0.9876  AUC @ 1: 0.9995
Validation Data Eval:
  Num examples: 960  Num correct: 792  Precision @ 1: 0.8250  AUC @ 1: 0.8932
Test Data Eval:
  Num examples: 1856  Num correct: 1351  Precision @ 1: 0.7279  AUC @ 1: 0.7796
Step 9100: loss = 0.1726 (0.094 sec)
Training Data Eval:
  Num examples: 8960  Num correct: 8839  Precision @ 1: 0.9865  AUC @ 1: 0.9985
Validation Data Eval:
  Num examples: 960  Num correct: 797  Precision @ 1: 0.8302  AUC @ 1: 0.8894
Test Data Eval:
  Num examples: 1856  Num correct: 1352  Precision @ 1: 0.7284  AUC @ 1: 0.7689
Step 9200: loss = 0.2120 (0.011 sec)
Training Data Eval:
  Num examples: 8960  Num correct: 8601  Precision @ 1: 0.9599  AUC @ 1: 0.9958
Validation Data Eval:
  Num examples: 960  Num correct: 756  Precision @ 1: 0.7875  AUC @ 1: 0.8766
Test Data Eval:
  Num examples: 1856  Num correct: 1255  Precision @ 1: 0.6762  AUC @ 1: 0.7821
Step 9300: loss = 0.2801 (0.011 sec)
Training Data Eval:
  Num examples: 8960  Num correct: 8814  Precision @ 1: 0.9837  AUC @ 1: 0.9994
Validation Data Eval:
  Num examples: 960  Num correct: 792  Precision @ 1: 0.8250  AUC @ 1: 0.8854
Test Data Eval:
  Num examples: 1856  Num correct: 1358  Precision @ 1: 0.7317  AUC @ 1: 0.7817
Step 9400: loss = 0.2508 (0.011 sec)
Training Data Eval:
  Num examples: 8960  Num correct: 8809  Precision @ 1: 0.9831  AUC @ 1: 0.9990
Validation Data Eval:
  Num examples: 960  Num correct: 789  Precision @ 1: 0.8219  AUC @ 1: 0.8812
Test Data Eval:
  Num examples: 1856  Num correct: 1411  Precision @ 1: 0.7602  AUC @ 1: 0.7990
Step 9500: loss = 0.2419 (0.011 sec)
Training Data Eval:
  Num examples: 8960  Num correct: 8843  Precision @ 1: 0.9869  AUC @ 1: 0.9988
Validation Data Eval:
  Num examples: 960  Num correct: 785  Precision @ 1: 0.8177  AUC @ 1: 0.8863
Test Data Eval:
  Num examples: 1856  Num correct: 1343  Precision @ 1: 0.7236  AUC @ 1: 0.7790
Step 9600: loss = 0.2188 (0.011 sec)
Training Data Eval:
  Num examples: 8960  Num correct: 8692  Precision @ 1: 0.9701  AUC @ 1: 0.9958
Validation Data Eval:
  Num examples: 960  Num correct: 788  Precision @ 1: 0.8208  AUC @ 1: 0.8953
Test Data Eval:
  Num examples: 1856  Num correct: 1341  Precision @ 1: 0.7225  AUC @ 1: 0.7949
Step 9700: loss = 0.2617 (0.012 sec)
Training Data Eval:
  Num examples: 8960  Num correct: 8833  Precision @ 1: 0.9858  AUC @ 1: 0.9986
Validation Data Eval:
  Num examples: 960  Num correct: 782  Precision @ 1: 0.8146  AUC @ 1: 0.8824
Test Data Eval:
  Num examples: 1856  Num correct: 1353  Precision @ 1: 0.7290  AUC @ 1: 0.7850
Step 9800: loss = 0.2417 (0.099 sec)
Training Data Eval:
  Num examples: 8960  Num correct: 8804  Precision @ 1: 0.9826  AUC @ 1: 0.9986
Validation Data Eval:
  Num examples: 960  Num correct: 789  Precision @ 1: 0.8219  AUC @ 1: 0.8888
Test Data Eval:
  Num examples: 1856  Num correct: 1356  Precision @ 1: 0.7306  AUC @ 1: 0.7919
Step 9900: loss = 0.4258 (0.011 sec)
Training Data Eval:
  Num examples: 8960  Num correct: 8849  Precision @ 1: 0.9876  AUC @ 1: 0.9989
Validation Data Eval:
  Num examples: 960  Num correct: 796  Precision @ 1: 0.8292  AUC @ 1: 0.8892
Test Data Eval:
  Num examples: 1856  Num correct: 1337  Precision @ 1: 0.7204  AUC @ 1: 0.7922
