Training data shape: 	(10000, 64, 64, 1)
Training label shape:	(10000,)
Testing data shape:  	(1910, 64, 64, 1)
Testing label shape: 	(1910,)
max input value is: 153.458
min input value is: -104.189
random permuted training data
==============================================================================
Model: 			inference_stcnn
Tensor Name: 	Placeholder:0
[64, 64, 64, 1]
==============================================================================
Tensor Name: conv0/conv0:0
[64, 1, 60, 64]
==============================================================================
Tensor Name: local1/local1:0
[64, 128]
==============================================================================
Tensor Name: local2/local2:0
[64, 128]
==============================================================================
Tensor Name: softmax_linear/softmax_linear:0
[64, 2]
Step 0: loss = 1.9469 (0.024 sec)
Training Data Eval:
  Num examples: 8960  Num correct: 6176  Precision @ 1: 0.6893  AUC @ 1: 0.7706
Validation Data Eval:
  Num examples: 960  Num correct: 653  Precision @ 1: 0.6802  AUC @ 1: 0.7659
Test Data Eval:
  Num examples: 1856  Num correct: 1164  Precision @ 1: 0.6272  AUC @ 1: 0.6999
Step 100: loss = 1.8215 (0.012 sec)
Training Data Eval:
  Num examples: 8960  Num correct: 7113  Precision @ 1: 0.7939  AUC @ 1: 0.8528
Validation Data Eval:
  Num examples: 960  Num correct: 747  Precision @ 1: 0.7781  AUC @ 1: 0.8540
Test Data Eval:
  Num examples: 1856  Num correct: 1334  Precision @ 1: 0.7188  AUC @ 1: 0.7575
Step 200: loss = 1.5326 (0.014 sec)
Training Data Eval:
  Num examples: 8960  Num correct: 7322  Precision @ 1: 0.8172  AUC @ 1: 0.8869
Validation Data Eval:
  Num examples: 960  Num correct: 766  Precision @ 1: 0.7979  AUC @ 1: 0.8740
Test Data Eval:
  Num examples: 1856  Num correct: 1354  Precision @ 1: 0.7295  AUC @ 1: 0.7585
Step 300: loss = 1.5370 (0.013 sec)
Training Data Eval:
  Num examples: 8960  Num correct: 7175  Precision @ 1: 0.8008  AUC @ 1: 0.9005
Validation Data Eval:
  Num examples: 960  Num correct: 760  Precision @ 1: 0.7917  AUC @ 1: 0.8752
Test Data Eval:
  Num examples: 1856  Num correct: 1316  Precision @ 1: 0.7091  AUC @ 1: 0.7718
Step 400: loss = 1.3744 (0.013 sec)
Training Data Eval:
  Num examples: 8960  Num correct: 7360  Precision @ 1: 0.8214  AUC @ 1: 0.9066
Validation Data Eval:
  Num examples: 960  Num correct: 759  Precision @ 1: 0.7906  AUC @ 1: 0.8756
Test Data Eval:
  Num examples: 1856  Num correct: 1363  Precision @ 1: 0.7344  AUC @ 1: 0.7935
Step 500: loss = 1.2298 (0.014 sec)
Training Data Eval:
  Num examples: 8960  Num correct: 7571  Precision @ 1: 0.8450  AUC @ 1: 0.9205
Validation Data Eval:
  Num examples: 960  Num correct: 791  Precision @ 1: 0.8240  AUC @ 1: 0.8784
Test Data Eval:
  Num examples: 1856  Num correct: 1383  Precision @ 1: 0.7452  AUC @ 1: 0.7929
Step 600: loss = 1.1437 (0.013 sec)
Training Data Eval:
  Num examples: 8960  Num correct: 7653  Precision @ 1: 0.8541  AUC @ 1: 0.9288
Validation Data Eval:
  Num examples: 960  Num correct: 785  Precision @ 1: 0.8177  AUC @ 1: 0.8876
Test Data Eval:
  Num examples: 1856  Num correct: 1362  Precision @ 1: 0.7338  AUC @ 1: 0.7848
Step 700: loss = 0.9497 (0.099 sec)
Training Data Eval:
  Num examples: 8960  Num correct: 7608  Precision @ 1: 0.8491  AUC @ 1: 0.9274
Validation Data Eval:
  Num examples: 960  Num correct: 779  Precision @ 1: 0.8115  AUC @ 1: 0.8838
Test Data Eval:
  Num examples: 1856  Num correct: 1333  Precision @ 1: 0.7182  AUC @ 1: 0.7742
Step 800: loss = 0.9772 (0.013 sec)
Training Data Eval:
  Num examples: 8960  Num correct: 7793  Precision @ 1: 0.8698  AUC @ 1: 0.9417
Validation Data Eval:
  Num examples: 960  Num correct: 796  Precision @ 1: 0.8292  AUC @ 1: 0.8904
Test Data Eval:
  Num examples: 1856  Num correct: 1351  Precision @ 1: 0.7279  AUC @ 1: 0.7806
Step 900: loss = 0.9692 (0.014 sec)
Training Data Eval:
  Num examples: 8960  Num correct: 7862  Precision @ 1: 0.8775  AUC @ 1: 0.9469
Validation Data Eval:
  Num examples: 960  Num correct: 789  Precision @ 1: 0.8219  AUC @ 1: 0.8885
Test Data Eval:
  Num examples: 1856  Num correct: 1363  Precision @ 1: 0.7344  AUC @ 1: 0.7853
Step 1000: loss = 0.8649 (0.014 sec)
Training Data Eval:
  Num examples: 8960  Num correct: 7921  Precision @ 1: 0.8840  AUC @ 1: 0.9536
Validation Data Eval:
  Num examples: 960  Num correct: 784  Precision @ 1: 0.8167  AUC @ 1: 0.8974
Test Data Eval:
  Num examples: 1856  Num correct: 1348  Precision @ 1: 0.7263  AUC @ 1: 0.7828
Step 1100: loss = 0.7738 (0.013 sec)
Training Data Eval:
  Num examples: 8960  Num correct: 8037  Precision @ 1: 0.8970  AUC @ 1: 0.9613
Validation Data Eval:
  Num examples: 960  Num correct: 803  Precision @ 1: 0.8365  AUC @ 1: 0.8932
Test Data Eval:
  Num examples: 1856  Num correct: 1386  Precision @ 1: 0.7468  AUC @ 1: 0.7902
Step 1200: loss = 0.8224 (0.013 sec)
Training Data Eval:
  Num examples: 8960  Num correct: 7969  Precision @ 1: 0.8894  AUC @ 1: 0.9599
Validation Data Eval:
  Num examples: 960  Num correct: 801  Precision @ 1: 0.8344  AUC @ 1: 0.8934
Test Data Eval:
  Num examples: 1856  Num correct: 1364  Precision @ 1: 0.7349  AUC @ 1: 0.7744
Step 1300: loss = 0.8250 (0.013 sec)
Training Data Eval:
  Num examples: 8960  Num correct: 7503  Precision @ 1: 0.8374  AUC @ 1: 0.9619
Validation Data Eval:
  Num examples: 960  Num correct: 763  Precision @ 1: 0.7948  AUC @ 1: 0.8823
Test Data Eval:
  Num examples: 1856  Num correct: 1352  Precision @ 1: 0.7284  AUC @ 1: 0.7704
Step 1400: loss = 0.8867 (0.097 sec)
Training Data Eval:
  Num examples: 8960  Num correct: 8213  Precision @ 1: 0.9166  AUC @ 1: 0.9743
Validation Data Eval:
  Num examples: 960  Num correct: 797  Precision @ 1: 0.8302  AUC @ 1: 0.8890
Test Data Eval:
  Num examples: 1856  Num correct: 1358  Precision @ 1: 0.7317  AUC @ 1: 0.7862
Step 1500: loss = 0.5947 (0.014 sec)
Training Data Eval:
  Num examples: 8960  Num correct: 8204  Precision @ 1: 0.9156  AUC @ 1: 0.9727
Validation Data Eval:
  Num examples: 960  Num correct: 791  Precision @ 1: 0.8240  AUC @ 1: 0.8885
Test Data Eval:
  Num examples: 1856  Num correct: 1367  Precision @ 1: 0.7365  AUC @ 1: 0.7796
Step 1600: loss = 0.7088 (0.013 sec)
Training Data Eval:
  Num examples: 8960  Num correct: 8053  Precision @ 1: 0.8988  AUC @ 1: 0.9771
Validation Data Eval:
  Num examples: 960  Num correct: 793  Precision @ 1: 0.8260  AUC @ 1: 0.8966
Test Data Eval:
  Num examples: 1856  Num correct: 1364  Precision @ 1: 0.7349  AUC @ 1: 0.7808
Step 1700: loss = 0.5754 (0.014 sec)
Training Data Eval:
  Num examples: 8960  Num correct: 8208  Precision @ 1: 0.9161  AUC @ 1: 0.9739
Validation Data Eval:
  Num examples: 960  Num correct: 795  Precision @ 1: 0.8281  AUC @ 1: 0.8948
Test Data Eval:
  Num examples: 1856  Num correct: 1345  Precision @ 1: 0.7247  AUC @ 1: 0.7989
Step 1800: loss = 0.6297 (0.014 sec)
Training Data Eval:
  Num examples: 8960  Num correct: 8311  Precision @ 1: 0.9276  AUC @ 1: 0.9787
Validation Data Eval:
  Num examples: 960  Num correct: 800  Precision @ 1: 0.8333  AUC @ 1: 0.8969
Test Data Eval:
  Num examples: 1856  Num correct: 1333  Precision @ 1: 0.7182  AUC @ 1: 0.7872
Step 1900: loss = 0.5685 (0.014 sec)
Training Data Eval:
  Num examples: 8960  Num correct: 8243  Precision @ 1: 0.9200  AUC @ 1: 0.9810
Validation Data Eval:
  Num examples: 960  Num correct: 809  Precision @ 1: 0.8427  AUC @ 1: 0.9023
Test Data Eval:
  Num examples: 1856  Num correct: 1389  Precision @ 1: 0.7484  AUC @ 1: 0.7916
Step 2000: loss = 0.5799 (0.014 sec)
Training Data Eval:
  Num examples: 8960  Num correct: 8391  Precision @ 1: 0.9365  AUC @ 1: 0.9855
Validation Data Eval:
  Num examples: 960  Num correct: 799  Precision @ 1: 0.8323  AUC @ 1: 0.9050
Test Data Eval:
  Num examples: 1856  Num correct: 1383  Precision @ 1: 0.7452  AUC @ 1: 0.7869
Step 2100: loss = 0.4182 (0.097 sec)
Training Data Eval:
  Num examples: 8960  Num correct: 8379  Precision @ 1: 0.9352  AUC @ 1: 0.9859
Validation Data Eval:
  Num examples: 960  Num correct: 796  Precision @ 1: 0.8292  AUC @ 1: 0.9021
Test Data Eval:
  Num examples: 1856  Num correct: 1358  Precision @ 1: 0.7317  AUC @ 1: 0.7953
Step 2200: loss = 0.4341 (0.014 sec)
Training Data Eval:
  Num examples: 8960  Num correct: 8341  Precision @ 1: 0.9309  AUC @ 1: 0.9878
Validation Data Eval:
  Num examples: 960  Num correct: 806  Precision @ 1: 0.8396  AUC @ 1: 0.9043
Test Data Eval:
  Num examples: 1856  Num correct: 1391  Precision @ 1: 0.7495  AUC @ 1: 0.7868
Step 2300: loss = 0.4189 (0.014 sec)
Training Data Eval:
  Num examples: 8960  Num correct: 8355  Precision @ 1: 0.9325  AUC @ 1: 0.9871
Validation Data Eval:
  Num examples: 960  Num correct: 790  Precision @ 1: 0.8229  AUC @ 1: 0.9001
Test Data Eval:
  Num examples: 1856  Num correct: 1287  Precision @ 1: 0.6934  AUC @ 1: 0.7897
Step 2400: loss = 0.5632 (0.014 sec)
Training Data Eval:
  Num examples: 8960  Num correct: 8536  Precision @ 1: 0.9527  AUC @ 1: 0.9918
Validation Data Eval:
  Num examples: 960  Num correct: 797  Precision @ 1: 0.8302  AUC @ 1: 0.8980
Test Data Eval:
  Num examples: 1856  Num correct: 1328  Precision @ 1: 0.7155  AUC @ 1: 0.7921
Step 2500: loss = 0.4474 (0.015 sec)
Training Data Eval:
  Num examples: 8960  Num correct: 8534  Precision @ 1: 0.9525  AUC @ 1: 0.9924
Validation Data Eval:
  Num examples: 960  Num correct: 803  Precision @ 1: 0.8365  AUC @ 1: 0.9019
Test Data Eval:
  Num examples: 1856  Num correct: 1358  Precision @ 1: 0.7317  AUC @ 1: 0.7821
Step 2600: loss = 0.5322 (0.014 sec)
Training Data Eval:
  Num examples: 8960  Num correct: 7958  Precision @ 1: 0.8882  AUC @ 1: 0.9822
Validation Data Eval:
  Num examples: 960  Num correct: 787  Precision @ 1: 0.8198  AUC @ 1: 0.8837
Test Data Eval:
  Num examples: 1856  Num correct: 1361  Precision @ 1: 0.7333  AUC @ 1: 0.7712
Step 2700: loss = 0.6295 (0.013 sec)
Training Data Eval:
  Num examples: 8960  Num correct: 8577  Precision @ 1: 0.9573  AUC @ 1: 0.9932
Validation Data Eval:
  Num examples: 960  Num correct: 778  Precision @ 1: 0.8104  AUC @ 1: 0.8954
Test Data Eval:
  Num examples: 1856  Num correct: 1316  Precision @ 1: 0.7091  AUC @ 1: 0.7830
Step 2800: loss = 0.4569 (0.104 sec)
Training Data Eval:
  Num examples: 8960  Num correct: 8355  Precision @ 1: 0.9325  AUC @ 1: 0.9928
Validation Data Eval:
  Num examples: 960  Num correct: 795  Precision @ 1: 0.8281  AUC @ 1: 0.8985
Test Data Eval:
  Num examples: 1856  Num correct: 1370  Precision @ 1: 0.7381  AUC @ 1: 0.7607
Step 2900: loss = 0.5180 (0.014 sec)
Training Data Eval:
  Num examples: 8960  Num correct: 8562  Precision @ 1: 0.9556  AUC @ 1: 0.9919
Validation Data Eval:
  Num examples: 960  Num correct: 791  Precision @ 1: 0.8240  AUC @ 1: 0.9038
Test Data Eval:
  Num examples: 1856  Num correct: 1337  Precision @ 1: 0.7204  AUC @ 1: 0.7777
Step 3000: loss = 0.3081 (0.014 sec)
Training Data Eval:
  Num examples: 8960  Num correct: 8623  Precision @ 1: 0.9624  AUC @ 1: 0.9952
Validation Data Eval:
  Num examples: 960  Num correct: 787  Precision @ 1: 0.8198  AUC @ 1: 0.9009
Test Data Eval:
  Num examples: 1856  Num correct: 1305  Precision @ 1: 0.7031  AUC @ 1: 0.7928
Step 3100: loss = 0.3428 (0.014 sec)
Training Data Eval:
  Num examples: 8960  Num correct: 8730  Precision @ 1: 0.9743  AUC @ 1: 0.9965
Validation Data Eval:
  Num examples: 960  Num correct: 806  Precision @ 1: 0.8396  AUC @ 1: 0.9010
Test Data Eval:
  Num examples: 1856  Num correct: 1369  Precision @ 1: 0.7376  AUC @ 1: 0.7788
Step 3200: loss = 0.3718 (0.014 sec)
Training Data Eval:
  Num examples: 8960  Num correct: 8548  Precision @ 1: 0.9540  AUC @ 1: 0.9960
Validation Data Eval:
  Num examples: 960  Num correct: 796  Precision @ 1: 0.8292  AUC @ 1: 0.8948
Test Data Eval:
  Num examples: 1856  Num correct: 1382  Precision @ 1: 0.7446  AUC @ 1: 0.7822
Step 3300: loss = 0.3542 (0.013 sec)
Training Data Eval:
  Num examples: 8960  Num correct: 8649  Precision @ 1: 0.9653  AUC @ 1: 0.9954
Validation Data Eval:
  Num examples: 960  Num correct: 801  Precision @ 1: 0.8344  AUC @ 1: 0.8990
Test Data Eval:
  Num examples: 1856  Num correct: 1352  Precision @ 1: 0.7284  AUC @ 1: 0.7762
Step 3400: loss = 0.2639 (0.014 sec)
Training Data Eval:
  Num examples: 8960  Num correct: 8696  Precision @ 1: 0.9705  AUC @ 1: 0.9969
Validation Data Eval:
  Num examples: 960  Num correct: 793  Precision @ 1: 0.8260  AUC @ 1: 0.8986
Test Data Eval:
  Num examples: 1856  Num correct: 1339  Precision @ 1: 0.7214  AUC @ 1: 0.7819
Step 3500: loss = 0.3027 (0.097 sec)
Training Data Eval:
  Num examples: 8960  Num correct: 8678  Precision @ 1: 0.9685  AUC @ 1: 0.9975
Validation Data Eval:
  Num examples: 960  Num correct: 801  Precision @ 1: 0.8344  AUC @ 1: 0.8959
Test Data Eval:
  Num examples: 1856  Num correct: 1366  Precision @ 1: 0.7360  AUC @ 1: 0.7782
Step 3600: loss = 0.3238 (0.014 sec)
Training Data Eval:
  Num examples: 8960  Num correct: 8669  Precision @ 1: 0.9675  AUC @ 1: 0.9969
Validation Data Eval:
  Num examples: 960  Num correct: 790  Precision @ 1: 0.8229  AUC @ 1: 0.8890
Test Data Eval:
  Num examples: 1856  Num correct: 1376  Precision @ 1: 0.7414  AUC @ 1: 0.7867
Step 3700: loss = 0.3962 (0.013 sec)
Training Data Eval:
  Num examples: 8960  Num correct: 8807  Precision @ 1: 0.9829  AUC @ 1: 0.9986
Validation Data Eval:
  Num examples: 960  Num correct: 796  Precision @ 1: 0.8292  AUC @ 1: 0.8918
Test Data Eval:
  Num examples: 1856  Num correct: 1351  Precision @ 1: 0.7279  AUC @ 1: 0.7788
Step 3800: loss = 0.3230 (0.014 sec)
Training Data Eval:
  Num examples: 8960  Num correct: 8760  Precision @ 1: 0.9777  AUC @ 1: 0.9977
Validation Data Eval:
  Num examples: 960  Num correct: 798  Precision @ 1: 0.8313  AUC @ 1: 0.8882
Test Data Eval:
  Num examples: 1856  Num correct: 1378  Precision @ 1: 0.7425  AUC @ 1: 0.7904
Step 3900: loss = 0.3950 (0.013 sec)
Training Data Eval:
  Num examples: 8960  Num correct: 8754  Precision @ 1: 0.9770  AUC @ 1: 0.9985
Validation Data Eval:
  Num examples: 960  Num correct: 798  Precision @ 1: 0.8313  AUC @ 1: 0.8938
Test Data Eval:
  Num examples: 1856  Num correct: 1359  Precision @ 1: 0.7322  AUC @ 1: 0.7810
Step 4000: loss = 0.2660 (0.013 sec)
Training Data Eval:
  Num examples: 8960  Num correct: 8669  Precision @ 1: 0.9675  AUC @ 1: 0.9967
Validation Data Eval:
  Num examples: 960  Num correct: 781  Precision @ 1: 0.8135  AUC @ 1: 0.8937
Test Data Eval:
  Num examples: 1856  Num correct: 1289  Precision @ 1: 0.6945  AUC @ 1: 0.7963
Step 4100: loss = 0.3186 (0.014 sec)
Training Data Eval:
  Num examples: 8960  Num correct: 8165  Precision @ 1: 0.9113  AUC @ 1: 0.9950
Validation Data Eval:
  Num examples: 960  Num correct: 733  Precision @ 1: 0.7635  AUC @ 1: 0.8950
Test Data Eval:
  Num examples: 1856  Num correct: 1171  Precision @ 1: 0.6309  AUC @ 1: 0.7831
Step 4200: loss = 0.4568 (0.094 sec)
Training Data Eval:
  Num examples: 8960  Num correct: 8416  Precision @ 1: 0.9393  AUC @ 1: 0.9961
Validation Data Eval:
  Num examples: 960  Num correct: 757  Precision @ 1: 0.7885  AUC @ 1: 0.8955
Test Data Eval:
  Num examples: 1856  Num correct: 1183  Precision @ 1: 0.6374  AUC @ 1: 0.7821
Step 4300: loss = 0.3567 (0.013 sec)
Training Data Eval:
  Num examples: 8960  Num correct: 8692  Precision @ 1: 0.9701  AUC @ 1: 0.9975
Validation Data Eval:
  Num examples: 960  Num correct: 763  Precision @ 1: 0.7948  AUC @ 1: 0.8938
Test Data Eval:
  Num examples: 1856  Num correct: 1304  Precision @ 1: 0.7026  AUC @ 1: 0.7916
Step 4400: loss = 0.2763 (0.013 sec)
Training Data Eval:
  Num examples: 8960  Num correct: 8769  Precision @ 1: 0.9787  AUC @ 1: 0.9984
Validation Data Eval:
  Num examples: 960  Num correct: 788  Precision @ 1: 0.8208  AUC @ 1: 0.8953
Test Data Eval:
  Num examples: 1856  Num correct: 1303  Precision @ 1: 0.7020  AUC @ 1: 0.7786
Step 4500: loss = 0.2274 (0.013 sec)
Training Data Eval:
  Num examples: 8960  Num correct: 8853  Precision @ 1: 0.9881  AUC @ 1: 0.9992
Validation Data Eval:
  Num examples: 960  Num correct: 800  Precision @ 1: 0.8333  AUC @ 1: 0.9083
Test Data Eval:
  Num examples: 1856  Num correct: 1341  Precision @ 1: 0.7225  AUC @ 1: 0.7811
Step 4600: loss = 0.2022 (0.013 sec)
Training Data Eval:
  Num examples: 8960  Num correct: 8833  Precision @ 1: 0.9858  AUC @ 1: 0.9992
Validation Data Eval:
  Num examples: 960  Num correct: 794  Precision @ 1: 0.8271  AUC @ 1: 0.8974
Test Data Eval:
  Num examples: 1856  Num correct: 1333  Precision @ 1: 0.7182  AUC @ 1: 0.7762
Step 4700: loss = 0.3191 (0.014 sec)
Training Data Eval:
  Num examples: 8960  Num correct: 8714  Precision @ 1: 0.9725  AUC @ 1: 0.9985
Validation Data Eval:
  Num examples: 960  Num correct: 797  Precision @ 1: 0.8302  AUC @ 1: 0.8977
Test Data Eval:
  Num examples: 1856  Num correct: 1345  Precision @ 1: 0.7247  AUC @ 1: 0.7825
Step 4800: loss = 0.2741 (0.014 sec)
Training Data Eval:
  Num examples: 8960  Num correct: 8847  Precision @ 1: 0.9874  AUC @ 1: 0.9993
Validation Data Eval:
  Num examples: 960  Num correct: 799  Precision @ 1: 0.8323  AUC @ 1: 0.9009
Test Data Eval:
  Num examples: 1856  Num correct: 1273  Precision @ 1: 0.6859  AUC @ 1: 0.7672
Step 4900: loss = 0.2656 (0.105 sec)
Training Data Eval:
  Num examples: 8960  Num correct: 8815  Precision @ 1: 0.9838  AUC @ 1: 0.9990
Validation Data Eval:
  Num examples: 960  Num correct: 785  Precision @ 1: 0.8177  AUC @ 1: 0.8976
Test Data Eval:
  Num examples: 1856  Num correct: 1304  Precision @ 1: 0.7026  AUC @ 1: 0.7798
Step 5000: loss = 0.2085 (0.014 sec)
Training Data Eval:
  Num examples: 8960  Num correct: 8820  Precision @ 1: 0.9844  AUC @ 1: 0.9992
Validation Data Eval:
  Num examples: 960  Num correct: 797  Precision @ 1: 0.8302  AUC @ 1: 0.8938
Test Data Eval:
  Num examples: 1856  Num correct: 1328  Precision @ 1: 0.7155  AUC @ 1: 0.7926
Step 5100: loss = 0.1973 (0.013 sec)
Training Data Eval:
  Num examples: 8960  Num correct: 8791  Precision @ 1: 0.9811  AUC @ 1: 0.9988
Validation Data Eval:
  Num examples: 960  Num correct: 780  Precision @ 1: 0.8125  AUC @ 1: 0.9014
Test Data Eval:
  Num examples: 1856  Num correct: 1296  Precision @ 1: 0.6983  AUC @ 1: 0.7856
Step 5200: loss = 0.4126 (0.014 sec)
Training Data Eval:
  Num examples: 8960  Num correct: 8723  Precision @ 1: 0.9735  AUC @ 1: 0.9992
Validation Data Eval:
  Num examples: 960  Num correct: 773  Precision @ 1: 0.8052  AUC @ 1: 0.9018
Test Data Eval:
  Num examples: 1856  Num correct: 1262  Precision @ 1: 0.6800  AUC @ 1: 0.7856
Step 5300: loss = 0.2896 (0.014 sec)
Training Data Eval:
  Num examples: 8960  Num correct: 8814  Precision @ 1: 0.9837  AUC @ 1: 0.9993
Validation Data Eval:
  Num examples: 960  Num correct: 805  Precision @ 1: 0.8385  AUC @ 1: 0.8979
Test Data Eval:
  Num examples: 1856  Num correct: 1357  Precision @ 1: 0.7311  AUC @ 1: 0.7910
Step 5400: loss = 0.1898 (0.014 sec)
Training Data Eval:
  Num examples: 8960  Num correct: 8844  Precision @ 1: 0.9871  AUC @ 1: 0.9993
Validation Data Eval:
  Num examples: 960  Num correct: 799  Precision @ 1: 0.8323  AUC @ 1: 0.8952
Test Data Eval:
  Num examples: 1856  Num correct: 1348  Precision @ 1: 0.7263  AUC @ 1: 0.7932
Step 5500: loss = 0.1997 (0.013 sec)
Training Data Eval:
  Num examples: 8960  Num correct: 8814  Precision @ 1: 0.9837  AUC @ 1: 0.9986
Validation Data Eval:
  Num examples: 960  Num correct: 789  Precision @ 1: 0.8219  AUC @ 1: 0.8997
Test Data Eval:
  Num examples: 1856  Num correct: 1315  Precision @ 1: 0.7085  AUC @ 1: 0.7840
Step 5600: loss = 0.2766 (0.095 sec)
Training Data Eval:
  Num examples: 8960  Num correct: 8864  Precision @ 1: 0.9893  AUC @ 1: 0.9993
Validation Data Eval:
  Num examples: 960  Num correct: 794  Precision @ 1: 0.8271  AUC @ 1: 0.8977
Test Data Eval:
  Num examples: 1856  Num correct: 1344  Precision @ 1: 0.7241  AUC @ 1: 0.7943
Step 5700: loss = 0.2453 (0.014 sec)
Training Data Eval:
  Num examples: 8960  Num correct: 8835  Precision @ 1: 0.9860  AUC @ 1: 0.9992
Validation Data Eval:
  Num examples: 960  Num correct: 801  Precision @ 1: 0.8344  AUC @ 1: 0.8975
Test Data Eval:
  Num examples: 1856  Num correct: 1324  Precision @ 1: 0.7134  AUC @ 1: 0.7726
Step 5800: loss = 0.2253 (0.014 sec)
Training Data Eval:
  Num examples: 8960  Num correct: 8881  Precision @ 1: 0.9912  AUC @ 1: 0.9996
Validation Data Eval:
  Num examples: 960  Num correct: 783  Precision @ 1: 0.8156  AUC @ 1: 0.8952
Test Data Eval:
  Num examples: 1856  Num correct: 1318  Precision @ 1: 0.7101  AUC @ 1: 0.7752
Step 5900: loss = 0.1702 (0.014 sec)
Training Data Eval:
  Num examples: 8960  Num correct: 8764  Precision @ 1: 0.9781  AUC @ 1: 0.9993
Validation Data Eval:
  Num examples: 960  Num correct: 778  Precision @ 1: 0.8104  AUC @ 1: 0.8994
Test Data Eval:
  Num examples: 1856  Num correct: 1286  Precision @ 1: 0.6929  AUC @ 1: 0.7906
Step 6000: loss = 0.3116 (0.014 sec)
Training Data Eval:
  Num examples: 8960  Num correct: 8845  Precision @ 1: 0.9872  AUC @ 1: 0.9993
Validation Data Eval:
  Num examples: 960  Num correct: 780  Precision @ 1: 0.8125  AUC @ 1: 0.8963
Test Data Eval:
  Num examples: 1856  Num correct: 1338  Precision @ 1: 0.7209  AUC @ 1: 0.7935
Step 6100: loss = 0.2470 (0.013 sec)
Training Data Eval:
  Num examples: 8960  Num correct: 8755  Precision @ 1: 0.9771  AUC @ 1: 0.9984
Validation Data Eval:
  Num examples: 960  Num correct: 802  Precision @ 1: 0.8354  AUC @ 1: 0.8958
Test Data Eval:
  Num examples: 1856  Num correct: 1354  Precision @ 1: 0.7295  AUC @ 1: 0.7861
Step 6200: loss = 0.2162 (0.014 sec)
Training Data Eval:
  Num examples: 8960  Num correct: 8863  Precision @ 1: 0.9892  AUC @ 1: 0.9995
Validation Data Eval:
  Num examples: 960  Num correct: 786  Precision @ 1: 0.8187  AUC @ 1: 0.8956
Test Data Eval:
  Num examples: 1856  Num correct: 1333  Precision @ 1: 0.7182  AUC @ 1: 0.7810
Step 6300: loss = 0.1856 (0.101 sec)
Training Data Eval:
  Num examples: 8960  Num correct: 8846  Precision @ 1: 0.9873  AUC @ 1: 0.9995
Validation Data Eval:
  Num examples: 960  Num correct: 795  Precision @ 1: 0.8281  AUC @ 1: 0.8941
Test Data Eval:
  Num examples: 1856  Num correct: 1325  Precision @ 1: 0.7139  AUC @ 1: 0.7801
Step 6400: loss = 0.1996 (0.014 sec)
Training Data Eval:
  Num examples: 8960  Num correct: 8859  Precision @ 1: 0.9887  AUC @ 1: 0.9994
Validation Data Eval:
  Num examples: 960  Num correct: 806  Precision @ 1: 0.8396  AUC @ 1: 0.9031
Test Data Eval:
  Num examples: 1856  Num correct: 1316  Precision @ 1: 0.7091  AUC @ 1: 0.7748
Step 6500: loss = 0.1834 (0.014 sec)
Training Data Eval:
  Num examples: 8960  Num correct: 8885  Precision @ 1: 0.9916  AUC @ 1: 0.9997
Validation Data Eval:
  Num examples: 960  Num correct: 801  Precision @ 1: 0.8344  AUC @ 1: 0.9056
Test Data Eval:
  Num examples: 1856  Num correct: 1321  Precision @ 1: 0.7117  AUC @ 1: 0.7818
Step 6600: loss = 0.1904 (0.012 sec)
Training Data Eval:
  Num examples: 8960  Num correct: 8725  Precision @ 1: 0.9738  AUC @ 1: 0.9990
Validation Data Eval:
  Num examples: 960  Num correct: 791  Precision @ 1: 0.8240  AUC @ 1: 0.8923
Test Data Eval:
  Num examples: 1856  Num correct: 1358  Precision @ 1: 0.7317  AUC @ 1: 0.7767
Step 6700: loss = 0.2168 (0.013 sec)
Training Data Eval:
  Num examples: 8960  Num correct: 8913  Precision @ 1: 0.9948  AUC @ 1: 0.9998
Validation Data Eval:
  Num examples: 960  Num correct: 801  Precision @ 1: 0.8344  AUC @ 1: 0.9016
Test Data Eval:
  Num examples: 1856  Num correct: 1337  Precision @ 1: 0.7204  AUC @ 1: 0.7826
Step 6800: loss = 0.2330 (0.014 sec)
Training Data Eval:
  Num examples: 8960  Num correct: 8876  Precision @ 1: 0.9906  AUC @ 1: 0.9997
Validation Data Eval:
  Num examples: 960  Num correct: 794  Precision @ 1: 0.8271  AUC @ 1: 0.8921
Test Data Eval:
  Num examples: 1856  Num correct: 1331  Precision @ 1: 0.7171  AUC @ 1: 0.7890
Step 6900: loss = 0.2069 (0.013 sec)
Training Data Eval:
  Num examples: 8960  Num correct: 8856  Precision @ 1: 0.9884  AUC @ 1: 0.9995
Validation Data Eval:
  Num examples: 960  Num correct: 800  Precision @ 1: 0.8333  AUC @ 1: 0.8947
Test Data Eval:
  Num examples: 1856  Num correct: 1342  Precision @ 1: 0.7231  AUC @ 1: 0.7935
Step 7000: loss = 0.2976 (0.103 sec)
Training Data Eval:
  Num examples: 8960  Num correct: 8877  Precision @ 1: 0.9907  AUC @ 1: 0.9996
Validation Data Eval:
  Num examples: 960  Num correct: 788  Precision @ 1: 0.8208  AUC @ 1: 0.8942
Test Data Eval:
  Num examples: 1856  Num correct: 1339  Precision @ 1: 0.7214  AUC @ 1: 0.7812
Step 7100: loss = 0.2331 (0.013 sec)
Training Data Eval:
  Num examples: 8960  Num correct: 8900  Precision @ 1: 0.9933  AUC @ 1: 0.9998
Validation Data Eval:
  Num examples: 960  Num correct: 797  Precision @ 1: 0.8302  AUC @ 1: 0.8958
Test Data Eval:
  Num examples: 1856  Num correct: 1352  Precision @ 1: 0.7284  AUC @ 1: 0.7825
Step 7200: loss = 0.1809 (0.014 sec)
Training Data Eval:
  Num examples: 8960  Num correct: 8850  Precision @ 1: 0.9877  AUC @ 1: 0.9994
Validation Data Eval:
  Num examples: 960  Num correct: 791  Precision @ 1: 0.8240  AUC @ 1: 0.8927
Test Data Eval:
  Num examples: 1856  Num correct: 1362  Precision @ 1: 0.7338  AUC @ 1: 0.7941
Step 7300: loss = 0.1829 (0.012 sec)
Training Data Eval:
  Num examples: 8960  Num correct: 8806  Precision @ 1: 0.9828  AUC @ 1: 0.9991
Validation Data Eval:
  Num examples: 960  Num correct: 787  Precision @ 1: 0.8198  AUC @ 1: 0.8960
Test Data Eval:
  Num examples: 1856  Num correct: 1321  Precision @ 1: 0.7117  AUC @ 1: 0.7937
Step 7400: loss = 0.1827 (0.013 sec)
Training Data Eval:
  Num examples: 8960  Num correct: 8718  Precision @ 1: 0.9730  AUC @ 1: 0.9990
Validation Data Eval:
  Num examples: 960  Num correct: 796  Precision @ 1: 0.8292  AUC @ 1: 0.8935
Test Data Eval:
  Num examples: 1856  Num correct: 1388  Precision @ 1: 0.7478  AUC @ 1: 0.7896
Step 7500: loss = 0.3108 (0.013 sec)
Training Data Eval:
  Num examples: 8960  Num correct: 8877  Precision @ 1: 0.9907  AUC @ 1: 0.9997
Validation Data Eval:
  Num examples: 960  Num correct: 787  Precision @ 1: 0.8198  AUC @ 1: 0.8879
Test Data Eval:
  Num examples: 1856  Num correct: 1326  Precision @ 1: 0.7144  AUC @ 1: 0.7909
Step 7600: loss = 0.2024 (0.013 sec)
Training Data Eval:
  Num examples: 8960  Num correct: 8673  Precision @ 1: 0.9680  AUC @ 1: 0.9969
Validation Data Eval:
  Num examples: 960  Num correct: 789  Precision @ 1: 0.8219  AUC @ 1: 0.8879
Test Data Eval:
  Num examples: 1856  Num correct: 1349  Precision @ 1: 0.7268  AUC @ 1: 0.7803
Step 7700: loss = 0.2987 (0.096 sec)
Training Data Eval:
  Num examples: 8960  Num correct: 8871  Precision @ 1: 0.9901  AUC @ 1: 0.9997
Validation Data Eval:
  Num examples: 960  Num correct: 780  Precision @ 1: 0.8125  AUC @ 1: 0.8875
Test Data Eval:
  Num examples: 1856  Num correct: 1323  Precision @ 1: 0.7128  AUC @ 1: 0.7740
Step 7800: loss = 0.2618 (0.014 sec)
Training Data Eval:
  Num examples: 8960  Num correct: 8840  Precision @ 1: 0.9866  AUC @ 1: 0.9995
Validation Data Eval:
  Num examples: 960  Num correct: 797  Precision @ 1: 0.8302  AUC @ 1: 0.8915
Test Data Eval:
  Num examples: 1856  Num correct: 1366  Precision @ 1: 0.7360  AUC @ 1: 0.7934
Step 7900: loss = 0.2299 (0.015 sec)
Training Data Eval:
  Num examples: 8960  Num correct: 8902  Precision @ 1: 0.9935  AUC @ 1: 0.9998
Validation Data Eval:
  Num examples: 960  Num correct: 795  Precision @ 1: 0.8281  AUC @ 1: 0.8993
Test Data Eval:
  Num examples: 1856  Num correct: 1329  Precision @ 1: 0.7161  AUC @ 1: 0.8079
Step 8000: loss = 0.1654 (0.013 sec)
Training Data Eval:
  Num examples: 8960  Num correct: 8881  Precision @ 1: 0.9912  AUC @ 1: 0.9998
Validation Data Eval:
  Num examples: 960  Num correct: 794  Precision @ 1: 0.8271  AUC @ 1: 0.9008
Test Data Eval:
  Num examples: 1856  Num correct: 1367  Precision @ 1: 0.7365  AUC @ 1: 0.7898
Step 8100: loss = 0.1912 (0.012 sec)
Training Data Eval:
  Num examples: 8960  Num correct: 8830  Precision @ 1: 0.9855  AUC @ 1: 0.9994
Validation Data Eval:
  Num examples: 960  Num correct: 793  Precision @ 1: 0.8260  AUC @ 1: 0.8964
Test Data Eval:
  Num examples: 1856  Num correct: 1314  Precision @ 1: 0.7080  AUC @ 1: 0.8003
Step 8200: loss = 0.2578 (0.013 sec)
Training Data Eval:
  Num examples: 8960  Num correct: 8878  Precision @ 1: 0.9908  AUC @ 1: 0.9996
Validation Data Eval:
  Num examples: 960  Num correct: 798  Precision @ 1: 0.8313  AUC @ 1: 0.8886
Test Data Eval:
  Num examples: 1856  Num correct: 1346  Precision @ 1: 0.7252  AUC @ 1: 0.7891
Step 8300: loss = 0.2040 (0.013 sec)
Training Data Eval:
  Num examples: 8960  Num correct: 8902  Precision @ 1: 0.9935  AUC @ 1: 0.9998
Validation Data Eval:
  Num examples: 960  Num correct: 789  Precision @ 1: 0.8219  AUC @ 1: 0.9019
Test Data Eval:
  Num examples: 1856  Num correct: 1307  Precision @ 1: 0.7042  AUC @ 1: 0.7755
Step 8400: loss = 0.2421 (0.095 sec)
Training Data Eval:
  Num examples: 8960  Num correct: 8849  Precision @ 1: 0.9876  AUC @ 1: 0.9997
Validation Data Eval:
  Num examples: 960  Num correct: 799  Precision @ 1: 0.8323  AUC @ 1: 0.8910
Test Data Eval:
  Num examples: 1856  Num correct: 1355  Precision @ 1: 0.7301  AUC @ 1: 0.7752
Step 8500: loss = 0.1892 (0.014 sec)
Training Data Eval:
  Num examples: 8960  Num correct: 8819  Precision @ 1: 0.9843  AUC @ 1: 0.9996
Validation Data Eval:
  Num examples: 960  Num correct: 798  Precision @ 1: 0.8313  AUC @ 1: 0.8951
Test Data Eval:
  Num examples: 1856  Num correct: 1362  Precision @ 1: 0.7338  AUC @ 1: 0.7790
Step 8600: loss = 0.1961 (0.013 sec)
Training Data Eval:
  Num examples: 8960  Num correct: 8881  Precision @ 1: 0.9912  AUC @ 1: 0.9998
Validation Data Eval:
  Num examples: 960  Num correct: 785  Precision @ 1: 0.8177  AUC @ 1: 0.8948
Test Data Eval:
  Num examples: 1856  Num correct: 1309  Precision @ 1: 0.7053  AUC @ 1: 0.7718
Step 8700: loss = 0.1695 (0.012 sec)
Training Data Eval:
  Num examples: 8960  Num correct: 8885  Precision @ 1: 0.9916  AUC @ 1: 0.9995
Validation Data Eval:
  Num examples: 960  Num correct: 795  Precision @ 1: 0.8281  AUC @ 1: 0.8993
Test Data Eval:
  Num examples: 1856  Num correct: 1379  Precision @ 1: 0.7430  AUC @ 1: 0.7786
Step 8800: loss = 0.3503 (0.013 sec)
Training Data Eval:
  Num examples: 8960  Num correct: 8871  Precision @ 1: 0.9901  AUC @ 1: 0.9993
Validation Data Eval:
  Num examples: 960  Num correct: 792  Precision @ 1: 0.8250  AUC @ 1: 0.9003
Test Data Eval:
  Num examples: 1856  Num correct: 1327  Precision @ 1: 0.7150  AUC @ 1: 0.7810
Step 8900: loss = 0.1746 (0.013 sec)
Training Data Eval:
  Num examples: 8960  Num correct: 8529  Precision @ 1: 0.9519  AUC @ 1: 0.9984
Validation Data Eval:
  Num examples: 960  Num correct: 779  Precision @ 1: 0.8115  AUC @ 1: 0.8913
Test Data Eval:
  Num examples: 1856  Num correct: 1354  Precision @ 1: 0.7295  AUC @ 1: 0.7715
Step 9000: loss = 0.2105 (0.013 sec)
Training Data Eval:
  Num examples: 8960  Num correct: 8804  Precision @ 1: 0.9826  AUC @ 1: 0.9995
Validation Data Eval:
  Num examples: 960  Num correct: 785  Precision @ 1: 0.8177  AUC @ 1: 0.8975
Test Data Eval:
  Num examples: 1856  Num correct: 1286  Precision @ 1: 0.6929  AUC @ 1: 0.7773
Step 9100: loss = 0.1844 (0.099 sec)
Training Data Eval:
  Num examples: 8960  Num correct: 8888  Precision @ 1: 0.9920  AUC @ 1: 0.9998
Validation Data Eval:
  Num examples: 960  Num correct: 786  Precision @ 1: 0.8187  AUC @ 1: 0.8951
Test Data Eval:
  Num examples: 1856  Num correct: 1321  Precision @ 1: 0.7117  AUC @ 1: 0.7753
Step 9200: loss = 0.1960 (0.014 sec)
Training Data Eval:
  Num examples: 8960  Num correct: 8797  Precision @ 1: 0.9818  AUC @ 1: 0.9998
Validation Data Eval:
  Num examples: 960  Num correct: 800  Precision @ 1: 0.8333  AUC @ 1: 0.8982
Test Data Eval:
  Num examples: 1856  Num correct: 1352  Precision @ 1: 0.7284  AUC @ 1: 0.7742
Step 9300: loss = 0.2162 (0.014 sec)
Training Data Eval:
  Num examples: 8960  Num correct: 8801  Precision @ 1: 0.9823  AUC @ 1: 0.9993
Validation Data Eval:
  Num examples: 960  Num correct: 786  Precision @ 1: 0.8187  AUC @ 1: 0.9023
Test Data Eval:
  Num examples: 1856  Num correct: 1249  Precision @ 1: 0.6730  AUC @ 1: 0.7725
Step 9400: loss = 0.2300 (0.013 sec)
Training Data Eval:
  Num examples: 8960  Num correct: 8900  Precision @ 1: 0.9933  AUC @ 1: 0.9997
Validation Data Eval:
  Num examples: 960  Num correct: 801  Precision @ 1: 0.8344  AUC @ 1: 0.8968
Test Data Eval:
  Num examples: 1856  Num correct: 1335  Precision @ 1: 0.7193  AUC @ 1: 0.7695
Step 9500: loss = 0.1959 (0.014 sec)
Training Data Eval:
  Num examples: 8960  Num correct: 8908  Precision @ 1: 0.9942  AUC @ 1: 0.9999
Validation Data Eval:
  Num examples: 960  Num correct: 795  Precision @ 1: 0.8281  AUC @ 1: 0.8967
Test Data Eval:
  Num examples: 1856  Num correct: 1272  Precision @ 1: 0.6853  AUC @ 1: 0.7738
Step 9600: loss = 0.1787 (0.013 sec)
Training Data Eval:
  Num examples: 8960  Num correct: 8790  Precision @ 1: 0.9810  AUC @ 1: 0.9993
Validation Data Eval:
  Num examples: 960  Num correct: 772  Precision @ 1: 0.8042  AUC @ 1: 0.8958
Test Data Eval:
  Num examples: 1856  Num correct: 1256  Precision @ 1: 0.6767  AUC @ 1: 0.7733
Step 9700: loss = 0.2187 (0.013 sec)
Training Data Eval:
  Num examples: 8960  Num correct: 8881  Precision @ 1: 0.9912  AUC @ 1: 0.9998
Validation Data Eval:
  Num examples: 960  Num correct: 775  Precision @ 1: 0.8073  AUC @ 1: 0.8938
Test Data Eval:
  Num examples: 1856  Num correct: 1296  Precision @ 1: 0.6983  AUC @ 1: 0.7788
Step 9800: loss = 0.1727 (0.099 sec)
Training Data Eval:
  Num examples: 8960  Num correct: 8904  Precision @ 1: 0.9938  AUC @ 1: 0.9998
Validation Data Eval:
  Num examples: 960  Num correct: 780  Precision @ 1: 0.8125  AUC @ 1: 0.8927
Test Data Eval:
  Num examples: 1856  Num correct: 1290  Precision @ 1: 0.6950  AUC @ 1: 0.7727
Step 9900: loss = 0.1800 (0.013 sec)
Training Data Eval:
  Num examples: 8960  Num correct: 8920  Precision @ 1: 0.9955  AUC @ 1: 0.9999
Validation Data Eval:
  Num examples: 960  Num correct: 791  Precision @ 1: 0.8240  AUC @ 1: 0.8936
Test Data Eval:
  Num examples: 1856  Num correct: 1323  Precision @ 1: 0.7128  AUC @ 1: 0.7687
