Training data shape: 	(3822, 64, 30, 1)
Training label shape:	(3822,)
Testing data shape:  	(513, 64, 30, 1)
Testing label shape: 	(513,)
max input value is: 3457.30786133
min input value is: -4872.94775391
random permuted training data
==============================================================================
Model: 			inference_global_s_cnn
Tensor Name: 	Placeholder:0
[128, 64, 30, 1]
==============================================================================
Tensor Name: conv1/conv1:0
[128, 1, 30, 8]
==============================================================================
Tensor Name: MaxPool:0
[128, 1, 15, 8]
==============================================================================
Tensor Name: local1/local1:0
[128, 128]
==============================================================================
Tensor Name: local2/local2:0
[128, 128]
==============================================================================
Tensor Name: softmax_linear/softmax_linear:0
[128, 2]
Step 0: loss = 0.7698 (0.031 sec)
Training Data Eval:
  Num examples: 3456  Num correct: 1967  Precision @ 1: 0.5692  AUC @ 1: 0.7197
Validation Data Eval:
  Num examples: 256  Num correct: 149  Precision @ 1: 0.5820  AUC @ 1: 0.7879
Test Data Eval:
  Num examples: 512  Num correct: 287  Precision @ 1: 0.5605  AUC @ 1: 0.7327
Step 200: loss = 0.7232 (0.010 sec)
Training Data Eval:
  Num examples: 3456  Num correct: 2005  Precision @ 1: 0.5802  AUC @ 1: 0.7403
Validation Data Eval:
  Num examples: 256  Num correct: 158  Precision @ 1: 0.6172  AUC @ 1: 0.7981
Test Data Eval:
  Num examples: 512  Num correct: 286  Precision @ 1: 0.5586  AUC @ 1: 0.7376
Step 400: loss = 0.6496 (0.010 sec)
Training Data Eval:
  Num examples: 3456  Num correct: 2272  Precision @ 1: 0.6574  AUC @ 1: 0.7683
Validation Data Eval:
  Num examples: 256  Num correct: 172  Precision @ 1: 0.6719  AUC @ 1: 0.7946
Test Data Eval:
  Num examples: 512  Num correct: 326  Precision @ 1: 0.6367  AUC @ 1: 0.7652
Step 600: loss = 0.6918 (0.010 sec)
Training Data Eval:
  Num examples: 3456  Num correct: 2441  Precision @ 1: 0.7063  AUC @ 1: 0.7853
Validation Data Eval:
  Num examples: 256  Num correct: 178  Precision @ 1: 0.6953  AUC @ 1: 0.8074
Test Data Eval:
  Num examples: 512  Num correct: 345  Precision @ 1: 0.6738  AUC @ 1: 0.7850
Step 800: loss = 0.6835 (0.011 sec)
Training Data Eval:
  Num examples: 3456  Num correct: 2496  Precision @ 1: 0.7222  AUC @ 1: 0.7992
Validation Data Eval:
  Num examples: 256  Num correct: 186  Precision @ 1: 0.7266  AUC @ 1: 0.8083
Test Data Eval:
  Num examples: 512  Num correct: 363  Precision @ 1: 0.7090  AUC @ 1: 0.8025
Step 1000: loss = 0.6098 (0.010 sec)
Training Data Eval:
  Num examples: 3456  Num correct: 2528  Precision @ 1: 0.7315  AUC @ 1: 0.8059
Validation Data Eval:
  Num examples: 256  Num correct: 185  Precision @ 1: 0.7227  AUC @ 1: 0.8026
Test Data Eval:
  Num examples: 512  Num correct: 370  Precision @ 1: 0.7227  AUC @ 1: 0.8003
Step 1200: loss = 0.5775 (0.010 sec)
Training Data Eval:
  Num examples: 3456  Num correct: 2588  Precision @ 1: 0.7488  AUC @ 1: 0.8213
Validation Data Eval:
  Num examples: 256  Num correct: 186  Precision @ 1: 0.7266  AUC @ 1: 0.8075
Test Data Eval:
  Num examples: 512  Num correct: 373  Precision @ 1: 0.7285  AUC @ 1: 0.8071
Step 1400: loss = 0.5804 (0.010 sec)
Training Data Eval:
  Num examples: 3456  Num correct: 2630  Precision @ 1: 0.7610  AUC @ 1: 0.8346
Validation Data Eval:
  Num examples: 256  Num correct: 187  Precision @ 1: 0.7305  AUC @ 1: 0.8141
Test Data Eval:
  Num examples: 512  Num correct: 369  Precision @ 1: 0.7207  AUC @ 1: 0.8126
Step 1600: loss = 0.6094 (0.010 sec)
Training Data Eval:
  Num examples: 3456  Num correct: 2653  Precision @ 1: 0.7677  AUC @ 1: 0.8400
Validation Data Eval:
  Num examples: 256  Num correct: 188  Precision @ 1: 0.7344  AUC @ 1: 0.8231
Test Data Eval:
  Num examples: 512  Num correct: 376  Precision @ 1: 0.7344  AUC @ 1: 0.8141
Step 1800: loss = 0.5113 (0.010 sec)
Training Data Eval:
  Num examples: 3456  Num correct: 2640  Precision @ 1: 0.7639  AUC @ 1: 0.8469
Validation Data Eval:
  Num examples: 256  Num correct: 193  Precision @ 1: 0.7539  AUC @ 1: 0.8285
Test Data Eval:
  Num examples: 512  Num correct: 373  Precision @ 1: 0.7285  AUC @ 1: 0.8185
Step 2000: loss = 0.5251 (0.010 sec)
Training Data Eval:
  Num examples: 3456  Num correct: 2690  Precision @ 1: 0.7784  AUC @ 1: 0.8548
Validation Data Eval:
  Num examples: 256  Num correct: 190  Precision @ 1: 0.7422  AUC @ 1: 0.8291
Test Data Eval:
  Num examples: 512  Num correct: 373  Precision @ 1: 0.7285  AUC @ 1: 0.8215
Step 2200: loss = 0.5267 (0.010 sec)
Training Data Eval:
  Num examples: 3456  Num correct: 2720  Precision @ 1: 0.7870  AUC @ 1: 0.8685
Validation Data Eval:
  Num examples: 256  Num correct: 195  Precision @ 1: 0.7617  AUC @ 1: 0.8290
Test Data Eval:
  Num examples: 512  Num correct: 381  Precision @ 1: 0.7441  AUC @ 1: 0.8253
Step 2400: loss = 0.5697 (0.010 sec)
Training Data Eval:
  Num examples: 3456  Num correct: 2756  Precision @ 1: 0.7975  AUC @ 1: 0.8757
Validation Data Eval:
  Num examples: 256  Num correct: 194  Precision @ 1: 0.7578  AUC @ 1: 0.8323
Test Data Eval:
  Num examples: 512  Num correct: 382  Precision @ 1: 0.7461  AUC @ 1: 0.8290
Step 2600: loss = 0.6053 (0.010 sec)
Training Data Eval:
  Num examples: 3456  Num correct: 2693  Precision @ 1: 0.7792  AUC @ 1: 0.8697
Validation Data Eval:
  Num examples: 256  Num correct: 195  Precision @ 1: 0.7617  AUC @ 1: 0.8374
Test Data Eval:
  Num examples: 512  Num correct: 379  Precision @ 1: 0.7402  AUC @ 1: 0.8242
Step 2800: loss = 0.5276 (0.010 sec)
Training Data Eval:
  Num examples: 3456  Num correct: 2762  Precision @ 1: 0.7992  AUC @ 1: 0.8801
Validation Data Eval:
  Num examples: 256  Num correct: 196  Precision @ 1: 0.7656  AUC @ 1: 0.8354
Test Data Eval:
  Num examples: 512  Num correct: 387  Precision @ 1: 0.7559  AUC @ 1: 0.8284
Step 3000: loss = 0.4866 (0.011 sec)
Training Data Eval:
  Num examples: 3456  Num correct: 2797  Precision @ 1: 0.8093  AUC @ 1: 0.8906
Validation Data Eval:
  Num examples: 256  Num correct: 196  Precision @ 1: 0.7656  AUC @ 1: 0.8354
Test Data Eval:
  Num examples: 512  Num correct: 385  Precision @ 1: 0.7520  AUC @ 1: 0.8243
Step 3200: loss = 0.5398 (0.010 sec)
Training Data Eval:
  Num examples: 3456  Num correct: 2817  Precision @ 1: 0.8151  AUC @ 1: 0.8954
Validation Data Eval:
  Num examples: 256  Num correct: 199  Precision @ 1: 0.7773  AUC @ 1: 0.8453
Test Data Eval:
  Num examples: 512  Num correct: 381  Precision @ 1: 0.7441  AUC @ 1: 0.8218
Step 3400: loss = 0.4611 (0.009 sec)
Training Data Eval:
  Num examples: 3456  Num correct: 2837  Precision @ 1: 0.8209  AUC @ 1: 0.9016
Validation Data Eval:
  Num examples: 256  Num correct: 194  Precision @ 1: 0.7578  AUC @ 1: 0.8459
Test Data Eval:
  Num examples: 512  Num correct: 381  Precision @ 1: 0.7441  AUC @ 1: 0.8225
Step 3600: loss = 0.4570 (0.010 sec)
Training Data Eval:
  Num examples: 3456  Num correct: 2794  Precision @ 1: 0.8084  AUC @ 1: 0.8963
Validation Data Eval:
  Num examples: 256  Num correct: 197  Precision @ 1: 0.7695  AUC @ 1: 0.8411
Test Data Eval:
  Num examples: 512  Num correct: 385  Precision @ 1: 0.7520  AUC @ 1: 0.8208
Step 3800: loss = 0.4883 (0.010 sec)
Training Data Eval:
  Num examples: 3456  Num correct: 2800  Precision @ 1: 0.8102  AUC @ 1: 0.9028
Validation Data Eval:
  Num examples: 256  Num correct: 196  Precision @ 1: 0.7656  AUC @ 1: 0.8419
Test Data Eval:
  Num examples: 512  Num correct: 375  Precision @ 1: 0.7324  AUC @ 1: 0.8208
Step 4000: loss = 0.4352 (0.010 sec)
Training Data Eval:
  Num examples: 3456  Num correct: 2855  Precision @ 1: 0.8261  AUC @ 1: 0.9111
Validation Data Eval:
  Num examples: 256  Num correct: 197  Precision @ 1: 0.7695  AUC @ 1: 0.8549
Test Data Eval:
  Num examples: 512  Num correct: 374  Precision @ 1: 0.7305  AUC @ 1: 0.8249
Step 4200: loss = 0.5202 (0.010 sec)
Training Data Eval:
  Num examples: 3456  Num correct: 2863  Precision @ 1: 0.8284  AUC @ 1: 0.9141
Validation Data Eval:
  Num examples: 256  Num correct: 198  Precision @ 1: 0.7734  AUC @ 1: 0.8500
Test Data Eval:
  Num examples: 512  Num correct: 362  Precision @ 1: 0.7070  AUC @ 1: 0.8198
Step 4400: loss = 0.4338 (0.010 sec)
Training Data Eval:
  Num examples: 3456  Num correct: 2866  Precision @ 1: 0.8293  AUC @ 1: 0.9208
Validation Data Eval:
  Num examples: 256  Num correct: 197  Precision @ 1: 0.7695  AUC @ 1: 0.8476
Test Data Eval:
  Num examples: 512  Num correct: 385  Precision @ 1: 0.7520  AUC @ 1: 0.8226
Step 4600: loss = 0.4585 (0.010 sec)
Training Data Eval:
  Num examples: 3456  Num correct: 2898  Precision @ 1: 0.8385  AUC @ 1: 0.9246
Validation Data Eval:
  Num examples: 256  Num correct: 197  Precision @ 1: 0.7695  AUC @ 1: 0.8544
Test Data Eval:
  Num examples: 512  Num correct: 372  Precision @ 1: 0.7266  AUC @ 1: 0.8224
Step 4800: loss = 0.5217 (0.010 sec)
Training Data Eval:
  Num examples: 3456  Num correct: 2912  Precision @ 1: 0.8426  AUC @ 1: 0.9227
Validation Data Eval:
  Num examples: 256  Num correct: 194  Precision @ 1: 0.7578  AUC @ 1: 0.8574
Test Data Eval:
  Num examples: 512  Num correct: 371  Precision @ 1: 0.7246  AUC @ 1: 0.8198
Step 5000: loss = 0.4212 (0.010 sec)
Training Data Eval:
  Num examples: 3456  Num correct: 2925  Precision @ 1: 0.8464  AUC @ 1: 0.9276
Validation Data Eval:
  Num examples: 256  Num correct: 198  Precision @ 1: 0.7734  AUC @ 1: 0.8478
Test Data Eval:
  Num examples: 512  Num correct: 376  Precision @ 1: 0.7344  AUC @ 1: 0.8183
Step 5200: loss = 0.5257 (0.010 sec)
Training Data Eval:
  Num examples: 3456  Num correct: 2965  Precision @ 1: 0.8579  AUC @ 1: 0.9347
Validation Data Eval:
  Num examples: 256  Num correct: 198  Precision @ 1: 0.7734  AUC @ 1: 0.8520
Test Data Eval:
  Num examples: 512  Num correct: 376  Precision @ 1: 0.7344  AUC @ 1: 0.8137
Step 5400: loss = 0.3656 (0.041 sec)
Training Data Eval:
  Num examples: 3456  Num correct: 2954  Precision @ 1: 0.8547  AUC @ 1: 0.9310
Validation Data Eval:
  Num examples: 256  Num correct: 203  Precision @ 1: 0.7930  AUC @ 1: 0.8612
Test Data Eval:
  Num examples: 512  Num correct: 376  Precision @ 1: 0.7344  AUC @ 1: 0.8185
Step 5600: loss = 0.4946 (0.010 sec)
Training Data Eval:
  Num examples: 3456  Num correct: 2991  Precision @ 1: 0.8655  AUC @ 1: 0.9424
Validation Data Eval:
  Num examples: 256  Num correct: 203  Precision @ 1: 0.7930  AUC @ 1: 0.8591
Test Data Eval:
  Num examples: 512  Num correct: 374  Precision @ 1: 0.7305  AUC @ 1: 0.8145
Step 5800: loss = 0.4060 (0.010 sec)
Training Data Eval:
  Num examples: 3456  Num correct: 3012  Precision @ 1: 0.8715  AUC @ 1: 0.9433
Validation Data Eval:
  Num examples: 256  Num correct: 205  Precision @ 1: 0.8008  AUC @ 1: 0.8592
Test Data Eval:
  Num examples: 512  Num correct: 376  Precision @ 1: 0.7344  AUC @ 1: 0.8187
Step 6000: loss = 0.4195 (0.010 sec)
Training Data Eval:
  Num examples: 3456  Num correct: 3032  Precision @ 1: 0.8773  AUC @ 1: 0.9471
Validation Data Eval:
  Num examples: 256  Num correct: 204  Precision @ 1: 0.7969  AUC @ 1: 0.8603
Test Data Eval:
  Num examples: 512  Num correct: 372  Precision @ 1: 0.7266  AUC @ 1: 0.8127
Step 6200: loss = 0.3974 (0.010 sec)
Training Data Eval:
  Num examples: 3456  Num correct: 3046  Precision @ 1: 0.8814  AUC @ 1: 0.9506
Validation Data Eval:
  Num examples: 256  Num correct: 201  Precision @ 1: 0.7852  AUC @ 1: 0.8614
Test Data Eval:
  Num examples: 512  Num correct: 380  Precision @ 1: 0.7422  AUC @ 1: 0.8157
Step 6400: loss = 0.3735 (0.009 sec)
Training Data Eval:
  Num examples: 3456  Num correct: 3029  Precision @ 1: 0.8764  AUC @ 1: 0.9507
Validation Data Eval:
  Num examples: 256  Num correct: 199  Precision @ 1: 0.7773  AUC @ 1: 0.8583
Test Data Eval:
  Num examples: 512  Num correct: 378  Precision @ 1: 0.7383  AUC @ 1: 0.8159
Step 6600: loss = 0.4190 (0.010 sec)
Training Data Eval:
  Num examples: 3456  Num correct: 3077  Precision @ 1: 0.8903  AUC @ 1: 0.9554
Validation Data Eval:
  Num examples: 256  Num correct: 199  Precision @ 1: 0.7773  AUC @ 1: 0.8626
Test Data Eval:
  Num examples: 512  Num correct: 376  Precision @ 1: 0.7344  AUC @ 1: 0.8123
Step 6800: loss = 0.3709 (0.010 sec)
Training Data Eval:
  Num examples: 3456  Num correct: 3030  Precision @ 1: 0.8767  AUC @ 1: 0.9490
Validation Data Eval:
  Num examples: 256  Num correct: 197  Precision @ 1: 0.7695  AUC @ 1: 0.8547
Test Data Eval:
  Num examples: 512  Num correct: 369  Precision @ 1: 0.7207  AUC @ 1: 0.8030
Step 7000: loss = 0.3763 (0.010 sec)
Training Data Eval:
  Num examples: 3456  Num correct: 3071  Precision @ 1: 0.8886  AUC @ 1: 0.9583
Validation Data Eval:
  Num examples: 256  Num correct: 201  Precision @ 1: 0.7852  AUC @ 1: 0.8636
Test Data Eval:
  Num examples: 512  Num correct: 376  Precision @ 1: 0.7344  AUC @ 1: 0.8092
Step 7200: loss = 0.3403 (0.010 sec)
Training Data Eval:
  Num examples: 3456  Num correct: 3114  Precision @ 1: 0.9010  AUC @ 1: 0.9638
Validation Data Eval:
  Num examples: 256  Num correct: 202  Precision @ 1: 0.7891  AUC @ 1: 0.8631
Test Data Eval:
  Num examples: 512  Num correct: 372  Precision @ 1: 0.7266  AUC @ 1: 0.8058
Step 7400: loss = 0.3377 (0.010 sec)
Training Data Eval:
  Num examples: 3456  Num correct: 3100  Precision @ 1: 0.8970  AUC @ 1: 0.9623
Validation Data Eval:
  Num examples: 256  Num correct: 199  Precision @ 1: 0.7773  AUC @ 1: 0.8586
Test Data Eval:
  Num examples: 512  Num correct: 373  Precision @ 1: 0.7285  AUC @ 1: 0.8078
Step 7600: loss = 0.3065 (0.010 sec)
Training Data Eval:
  Num examples: 3456  Num correct: 3109  Precision @ 1: 0.8996  AUC @ 1: 0.9619
Validation Data Eval:
  Num examples: 256  Num correct: 199  Precision @ 1: 0.7773  AUC @ 1: 0.8614
Test Data Eval:
  Num examples: 512  Num correct: 370  Precision @ 1: 0.7227  AUC @ 1: 0.8030
Step 7800: loss = 0.4775 (0.010 sec)
Training Data Eval:
  Num examples: 3456  Num correct: 3142  Precision @ 1: 0.9091  AUC @ 1: 0.9657
Validation Data Eval:
  Num examples: 256  Num correct: 202  Precision @ 1: 0.7891  AUC @ 1: 0.8598
Test Data Eval:
  Num examples: 512  Num correct: 373  Precision @ 1: 0.7285  AUC @ 1: 0.8060
Step 8000: loss = 0.4136 (0.010 sec)
Training Data Eval:
  Num examples: 3456  Num correct: 3140  Precision @ 1: 0.9086  AUC @ 1: 0.9671
Validation Data Eval:
  Num examples: 256  Num correct: 199  Precision @ 1: 0.7773  AUC @ 1: 0.8621
Test Data Eval:
  Num examples: 512  Num correct: 370  Precision @ 1: 0.7227  AUC @ 1: 0.8062
Step 8200: loss = 0.3189 (0.009 sec)
Training Data Eval:
  Num examples: 3456  Num correct: 3178  Precision @ 1: 0.9196  AUC @ 1: 0.9742
Validation Data Eval:
  Num examples: 256  Num correct: 202  Precision @ 1: 0.7891  AUC @ 1: 0.8603
Test Data Eval:
  Num examples: 512  Num correct: 371  Precision @ 1: 0.7246  AUC @ 1: 0.8097
Step 8400: loss = 0.3064 (0.010 sec)
Training Data Eval:
  Num examples: 3456  Num correct: 3153  Precision @ 1: 0.9123  AUC @ 1: 0.9703
Validation Data Eval:
  Num examples: 256  Num correct: 199  Precision @ 1: 0.7773  AUC @ 1: 0.8564
Test Data Eval:
  Num examples: 512  Num correct: 370  Precision @ 1: 0.7227  AUC @ 1: 0.8056
Step 8600: loss = 0.2366 (0.010 sec)
Training Data Eval:
  Num examples: 3456  Num correct: 3185  Precision @ 1: 0.9216  AUC @ 1: 0.9743
Validation Data Eval:
  Num examples: 256  Num correct: 201  Precision @ 1: 0.7852  AUC @ 1: 0.8597
Test Data Eval:
  Num examples: 512  Num correct: 363  Precision @ 1: 0.7090  AUC @ 1: 0.8090
Step 8800: loss = 0.3396 (0.011 sec)
Training Data Eval:
  Num examples: 3456  Num correct: 3184  Precision @ 1: 0.9213  AUC @ 1: 0.9738
Validation Data Eval:
  Num examples: 256  Num correct: 196  Precision @ 1: 0.7656  AUC @ 1: 0.8581
Test Data Eval:
  Num examples: 512  Num correct: 363  Precision @ 1: 0.7090  AUC @ 1: 0.8025
Step 9000: loss = 0.4026 (0.010 sec)
Training Data Eval:
  Num examples: 3456  Num correct: 3212  Precision @ 1: 0.9294  AUC @ 1: 0.9783
Validation Data Eval:
  Num examples: 256  Num correct: 196  Precision @ 1: 0.7656  AUC @ 1: 0.8571
Test Data Eval:
  Num examples: 512  Num correct: 365  Precision @ 1: 0.7129  AUC @ 1: 0.8039
Step 9200: loss = 0.2934 (0.010 sec)
Training Data Eval:
  Num examples: 3456  Num correct: 3213  Precision @ 1: 0.9297  AUC @ 1: 0.9802
Validation Data Eval:
  Num examples: 256  Num correct: 197  Precision @ 1: 0.7695  AUC @ 1: 0.8564
Test Data Eval:
  Num examples: 512  Num correct: 371  Precision @ 1: 0.7246  AUC @ 1: 0.8039
Step 9400: loss = 0.3502 (0.010 sec)
Training Data Eval:
  Num examples: 3456  Num correct: 3198  Precision @ 1: 0.9253  AUC @ 1: 0.9781
Validation Data Eval:
  Num examples: 256  Num correct: 197  Precision @ 1: 0.7695  AUC @ 1: 0.8550
Test Data Eval:
  Num examples: 512  Num correct: 361  Precision @ 1: 0.7051  AUC @ 1: 0.7995
Step 9600: loss = 0.3357 (0.010 sec)
Training Data Eval:
  Num examples: 3456  Num correct: 3253  Precision @ 1: 0.9413  AUC @ 1: 0.9821
Validation Data Eval:
  Num examples: 256  Num correct: 201  Precision @ 1: 0.7852  AUC @ 1: 0.8571
Test Data Eval:
  Num examples: 512  Num correct: 367  Precision @ 1: 0.7168  AUC @ 1: 0.7997
Step 9800: loss = 0.3393 (0.011 sec)
Training Data Eval:
  Num examples: 3456  Num correct: 3268  Precision @ 1: 0.9456  AUC @ 1: 0.9851
Validation Data Eval:
  Num examples: 256  Num correct: 200  Precision @ 1: 0.7812  AUC @ 1: 0.8586
Test Data Eval:
  Num examples: 512  Num correct: 366  Precision @ 1: 0.7148  AUC @ 1: 0.7984
