Training data shape: 	(3822, 64, 30, 1)
Training label shape:	(3822,)
Testing data shape:  	(513, 64, 30, 1)
Testing label shape: 	(513,)
max input value is: 3457.30786133
min input value is: -4872.94775391
random permuted training data
==============================================================================
Model: 			inference_global_s_cnn
Tensor Name: 	Placeholder:0
[128, 64, 30, 1]
==============================================================================
Tensor Name: conv1/conv1:0
[128, 1, 30, 8]
==============================================================================
Tensor Name: MaxPool:0
[128, 1, 15, 8]
==============================================================================
Tensor Name: local1/local1:0
[128, 128]
==============================================================================
Tensor Name: local2/local2:0
[128, 128]
==============================================================================
Tensor Name: softmax_linear/softmax_linear:0
[128, 2]
Step 0: loss = 0.7698 (0.038 sec)
Training Data Eval:
  Num examples: 3456  Num correct: 1961  Precision @ 1: 0.5674  AUC @ 1: 0.7281
Validation Data Eval:
  Num examples: 256  Num correct: 140  Precision @ 1: 0.5469  AUC @ 1: 0.7600
Test Data Eval:
  Num examples: 512  Num correct: 287  Precision @ 1: 0.5605  AUC @ 1: 0.7745
Step 200: loss = 0.7279 (0.010 sec)
Training Data Eval:
  Num examples: 3456  Num correct: 1996  Precision @ 1: 0.5775  AUC @ 1: 0.7555
Validation Data Eval:
  Num examples: 256  Num correct: 143  Precision @ 1: 0.5586  AUC @ 1: 0.7821
Test Data Eval:
  Num examples: 512  Num correct: 292  Precision @ 1: 0.5703  AUC @ 1: 0.7661
Step 400: loss = 0.6687 (0.010 sec)
Training Data Eval:
  Num examples: 3456  Num correct: 2367  Precision @ 1: 0.6849  AUC @ 1: 0.7772
Validation Data Eval:
  Num examples: 256  Num correct: 178  Precision @ 1: 0.6953  AUC @ 1: 0.8005
Test Data Eval:
  Num examples: 512  Num correct: 346  Precision @ 1: 0.6758  AUC @ 1: 0.7827
Step 600: loss = 0.6420 (0.010 sec)
Training Data Eval:
  Num examples: 3456  Num correct: 2467  Precision @ 1: 0.7138  AUC @ 1: 0.7987
Validation Data Eval:
  Num examples: 256  Num correct: 184  Precision @ 1: 0.7188  AUC @ 1: 0.7889
Test Data Eval:
  Num examples: 512  Num correct: 359  Precision @ 1: 0.7012  AUC @ 1: 0.7932
Step 800: loss = 0.6075 (0.011 sec)
Training Data Eval:
  Num examples: 3456  Num correct: 2565  Precision @ 1: 0.7422  AUC @ 1: 0.8112
Validation Data Eval:
  Num examples: 256  Num correct: 191  Precision @ 1: 0.7461  AUC @ 1: 0.8232
Test Data Eval:
  Num examples: 512  Num correct: 369  Precision @ 1: 0.7207  AUC @ 1: 0.7936
Step 1000: loss = 0.6033 (0.010 sec)
Training Data Eval:
  Num examples: 3456  Num correct: 2549  Precision @ 1: 0.7376  AUC @ 1: 0.8201
Validation Data Eval:
  Num examples: 256  Num correct: 195  Precision @ 1: 0.7617  AUC @ 1: 0.8283
Test Data Eval:
  Num examples: 512  Num correct: 370  Precision @ 1: 0.7227  AUC @ 1: 0.7928
Step 1200: loss = 0.5929 (0.010 sec)
Training Data Eval:
  Num examples: 3456  Num correct: 2619  Precision @ 1: 0.7578  AUC @ 1: 0.8390
Validation Data Eval:
  Num examples: 256  Num correct: 198  Precision @ 1: 0.7734  AUC @ 1: 0.8353
Test Data Eval:
  Num examples: 512  Num correct: 371  Precision @ 1: 0.7246  AUC @ 1: 0.7995
Step 1400: loss = 0.5995 (0.010 sec)
Training Data Eval:
  Num examples: 3456  Num correct: 2620  Precision @ 1: 0.7581  AUC @ 1: 0.8394
Validation Data Eval:
  Num examples: 256  Num correct: 196  Precision @ 1: 0.7656  AUC @ 1: 0.8408
Test Data Eval:
  Num examples: 512  Num correct: 369  Precision @ 1: 0.7207  AUC @ 1: 0.8015
Step 1600: loss = 0.5804 (0.010 sec)
Training Data Eval:
  Num examples: 3456  Num correct: 2666  Precision @ 1: 0.7714  AUC @ 1: 0.8559
Validation Data Eval:
  Num examples: 256  Num correct: 193  Precision @ 1: 0.7539  AUC @ 1: 0.8382
Test Data Eval:
  Num examples: 512  Num correct: 366  Precision @ 1: 0.7148  AUC @ 1: 0.8024
Step 1800: loss = 0.5309 (0.010 sec)
Training Data Eval:
  Num examples: 3456  Num correct: 2651  Precision @ 1: 0.7671  AUC @ 1: 0.8505
Validation Data Eval:
  Num examples: 256  Num correct: 192  Precision @ 1: 0.7500  AUC @ 1: 0.8270
Test Data Eval:
  Num examples: 512  Num correct: 371  Precision @ 1: 0.7246  AUC @ 1: 0.8036
Step 2000: loss = 0.5277 (0.010 sec)
Training Data Eval:
  Num examples: 3456  Num correct: 2724  Precision @ 1: 0.7882  AUC @ 1: 0.8686
Validation Data Eval:
  Num examples: 256  Num correct: 200  Precision @ 1: 0.7812  AUC @ 1: 0.8510
Test Data Eval:
  Num examples: 512  Num correct: 377  Precision @ 1: 0.7363  AUC @ 1: 0.8085
Step 2200: loss = 0.5050 (0.011 sec)
Training Data Eval:
  Num examples: 3456  Num correct: 2726  Precision @ 1: 0.7888  AUC @ 1: 0.8755
Validation Data Eval:
  Num examples: 256  Num correct: 193  Precision @ 1: 0.7539  AUC @ 1: 0.8398
Test Data Eval:
  Num examples: 512  Num correct: 377  Precision @ 1: 0.7363  AUC @ 1: 0.8053
Step 2400: loss = 0.4809 (0.011 sec)
Training Data Eval:
  Num examples: 3456  Num correct: 2774  Precision @ 1: 0.8027  AUC @ 1: 0.8874
Validation Data Eval:
  Num examples: 256  Num correct: 195  Precision @ 1: 0.7617  AUC @ 1: 0.8448
Test Data Eval:
  Num examples: 512  Num correct: 371  Precision @ 1: 0.7246  AUC @ 1: 0.7982
Step 2600: loss = 0.5681 (0.010 sec)
Training Data Eval:
  Num examples: 3456  Num correct: 2768  Precision @ 1: 0.8009  AUC @ 1: 0.8852
Validation Data Eval:
  Num examples: 256  Num correct: 198  Precision @ 1: 0.7734  AUC @ 1: 0.8494
Test Data Eval:
  Num examples: 512  Num correct: 384  Precision @ 1: 0.7500  AUC @ 1: 0.8085
Step 2800: loss = 0.4708 (0.010 sec)
Training Data Eval:
  Num examples: 3456  Num correct: 2773  Precision @ 1: 0.8024  AUC @ 1: 0.8898
Validation Data Eval:
  Num examples: 256  Num correct: 190  Precision @ 1: 0.7422  AUC @ 1: 0.8441
Test Data Eval:
  Num examples: 512  Num correct: 371  Precision @ 1: 0.7246  AUC @ 1: 0.8089
Step 3000: loss = 0.5132 (0.010 sec)
Training Data Eval:
  Num examples: 3456  Num correct: 2805  Precision @ 1: 0.8116  AUC @ 1: 0.8945
Validation Data Eval:
  Num examples: 256  Num correct: 195  Precision @ 1: 0.7617  AUC @ 1: 0.8392
Test Data Eval:
  Num examples: 512  Num correct: 364  Precision @ 1: 0.7109  AUC @ 1: 0.8069
Step 3200: loss = 0.4835 (0.010 sec)
Training Data Eval:
  Num examples: 3456  Num correct: 2840  Precision @ 1: 0.8218  AUC @ 1: 0.9023
Validation Data Eval:
  Num examples: 256  Num correct: 192  Precision @ 1: 0.7500  AUC @ 1: 0.8493
Test Data Eval:
  Num examples: 512  Num correct: 373  Precision @ 1: 0.7285  AUC @ 1: 0.7992
Step 3400: loss = 0.4027 (0.010 sec)
Training Data Eval:
  Num examples: 3456  Num correct: 2839  Precision @ 1: 0.8215  AUC @ 1: 0.9031
Validation Data Eval:
  Num examples: 256  Num correct: 198  Precision @ 1: 0.7734  AUC @ 1: 0.8419
Test Data Eval:
  Num examples: 512  Num correct: 362  Precision @ 1: 0.7070  AUC @ 1: 0.7977
Step 3600: loss = 0.4808 (0.010 sec)
Training Data Eval:
  Num examples: 3456  Num correct: 2892  Precision @ 1: 0.8368  AUC @ 1: 0.9114
Validation Data Eval:
  Num examples: 256  Num correct: 191  Precision @ 1: 0.7461  AUC @ 1: 0.8449
Test Data Eval:
  Num examples: 512  Num correct: 357  Precision @ 1: 0.6973  AUC @ 1: 0.7924
Step 3800: loss = 0.4653 (0.010 sec)
Training Data Eval:
  Num examples: 3456  Num correct: 2904  Precision @ 1: 0.8403  AUC @ 1: 0.9127
Validation Data Eval:
  Num examples: 256  Num correct: 191  Precision @ 1: 0.7461  AUC @ 1: 0.8409
Test Data Eval:
  Num examples: 512  Num correct: 369  Precision @ 1: 0.7207  AUC @ 1: 0.7971
Step 4000: loss = 0.4834 (0.010 sec)
Training Data Eval:
  Num examples: 3456  Num correct: 2944  Precision @ 1: 0.8519  AUC @ 1: 0.9271
Validation Data Eval:
  Num examples: 256  Num correct: 193  Precision @ 1: 0.7539  AUC @ 1: 0.8461
Test Data Eval:
  Num examples: 512  Num correct: 367  Precision @ 1: 0.7168  AUC @ 1: 0.7946
Step 4200: loss = 0.5677 (0.010 sec)
Training Data Eval:
  Num examples: 3456  Num correct: 2883  Precision @ 1: 0.8342  AUC @ 1: 0.9142
Validation Data Eval:
  Num examples: 256  Num correct: 190  Precision @ 1: 0.7422  AUC @ 1: 0.8267
Test Data Eval:
  Num examples: 512  Num correct: 356  Precision @ 1: 0.6953  AUC @ 1: 0.7910
Step 4400: loss = 0.4690 (0.010 sec)
Training Data Eval:
  Num examples: 3456  Num correct: 2936  Precision @ 1: 0.8495  AUC @ 1: 0.9284
Validation Data Eval:
  Num examples: 256  Num correct: 198  Precision @ 1: 0.7734  AUC @ 1: 0.8442
Test Data Eval:
  Num examples: 512  Num correct: 362  Precision @ 1: 0.7070  AUC @ 1: 0.7940
Step 4600: loss = 0.4544 (0.010 sec)
Training Data Eval:
  Num examples: 3456  Num correct: 2947  Precision @ 1: 0.8527  AUC @ 1: 0.9253
Validation Data Eval:
  Num examples: 256  Num correct: 194  Precision @ 1: 0.7578  AUC @ 1: 0.8421
Test Data Eval:
  Num examples: 512  Num correct: 353  Precision @ 1: 0.6895  AUC @ 1: 0.7836
Step 4800: loss = 0.4349 (0.010 sec)
Training Data Eval:
  Num examples: 3456  Num correct: 2950  Precision @ 1: 0.8536  AUC @ 1: 0.9275
Validation Data Eval:
  Num examples: 256  Num correct: 191  Precision @ 1: 0.7461  AUC @ 1: 0.8394
Test Data Eval:
  Num examples: 512  Num correct: 351  Precision @ 1: 0.6855  AUC @ 1: 0.7771
Step 5000: loss = 0.4251 (0.010 sec)
Training Data Eval:
  Num examples: 3456  Num correct: 3003  Precision @ 1: 0.8689  AUC @ 1: 0.9374
Validation Data Eval:
  Num examples: 256  Num correct: 197  Precision @ 1: 0.7695  AUC @ 1: 0.8488
Test Data Eval:
  Num examples: 512  Num correct: 362  Precision @ 1: 0.7070  AUC @ 1: 0.7873
Step 5200: loss = 0.3760 (0.010 sec)
Training Data Eval:
  Num examples: 3456  Num correct: 3025  Precision @ 1: 0.8753  AUC @ 1: 0.9423
Validation Data Eval:
  Num examples: 256  Num correct: 197  Precision @ 1: 0.7695  AUC @ 1: 0.8437
Test Data Eval:
  Num examples: 512  Num correct: 368  Precision @ 1: 0.7188  AUC @ 1: 0.7884
Step 5400: loss = 0.3680 (0.044 sec)
Training Data Eval:
  Num examples: 3456  Num correct: 3040  Precision @ 1: 0.8796  AUC @ 1: 0.9470
Validation Data Eval:
  Num examples: 256  Num correct: 193  Precision @ 1: 0.7539  AUC @ 1: 0.8422
Test Data Eval:
  Num examples: 512  Num correct: 363  Precision @ 1: 0.7090  AUC @ 1: 0.7869
Step 5600: loss = 0.5111 (0.011 sec)
Training Data Eval:
  Num examples: 3456  Num correct: 3038  Precision @ 1: 0.8791  AUC @ 1: 0.9468
Validation Data Eval:
  Num examples: 256  Num correct: 192  Precision @ 1: 0.7500  AUC @ 1: 0.8410
Test Data Eval:
  Num examples: 512  Num correct: 359  Precision @ 1: 0.7012  AUC @ 1: 0.7903
Step 5800: loss = 0.3806 (0.010 sec)
Training Data Eval:
  Num examples: 3456  Num correct: 3054  Precision @ 1: 0.8837  AUC @ 1: 0.9487
Validation Data Eval:
  Num examples: 256  Num correct: 194  Precision @ 1: 0.7578  AUC @ 1: 0.8398
Test Data Eval:
  Num examples: 512  Num correct: 361  Precision @ 1: 0.7051  AUC @ 1: 0.7834
Step 6000: loss = 0.3335 (0.010 sec)
Training Data Eval:
  Num examples: 3456  Num correct: 3047  Precision @ 1: 0.8817  AUC @ 1: 0.9487
Validation Data Eval:
  Num examples: 256  Num correct: 193  Precision @ 1: 0.7539  AUC @ 1: 0.8385
Test Data Eval:
  Num examples: 512  Num correct: 354  Precision @ 1: 0.6914  AUC @ 1: 0.7825
Step 6200: loss = 0.3744 (0.010 sec)
Training Data Eval:
  Num examples: 3456  Num correct: 3093  Precision @ 1: 0.8950  AUC @ 1: 0.9552
Validation Data Eval:
  Num examples: 256  Num correct: 192  Precision @ 1: 0.7500  AUC @ 1: 0.8398
Test Data Eval:
  Num examples: 512  Num correct: 362  Precision @ 1: 0.7070  AUC @ 1: 0.7868
Step 6400: loss = 0.3664 (0.010 sec)
Training Data Eval:
  Num examples: 3456  Num correct: 3113  Precision @ 1: 0.9008  AUC @ 1: 0.9575
Validation Data Eval:
  Num examples: 256  Num correct: 189  Precision @ 1: 0.7383  AUC @ 1: 0.8343
Test Data Eval:
  Num examples: 512  Num correct: 351  Precision @ 1: 0.6855  AUC @ 1: 0.7838
Step 6600: loss = 0.4102 (0.010 sec)
Training Data Eval:
  Num examples: 3456  Num correct: 3122  Precision @ 1: 0.9034  AUC @ 1: 0.9594
Validation Data Eval:
  Num examples: 256  Num correct: 194  Precision @ 1: 0.7578  AUC @ 1: 0.8447
Test Data Eval:
  Num examples: 512  Num correct: 365  Precision @ 1: 0.7129  AUC @ 1: 0.7892
Step 6800: loss = 0.3990 (0.010 sec)
Training Data Eval:
  Num examples: 3456  Num correct: 3122  Precision @ 1: 0.9034  AUC @ 1: 0.9619
Validation Data Eval:
  Num examples: 256  Num correct: 196  Precision @ 1: 0.7656  AUC @ 1: 0.8427
Test Data Eval:
  Num examples: 512  Num correct: 356  Precision @ 1: 0.6953  AUC @ 1: 0.7871
Step 7000: loss = 0.4091 (0.010 sec)
Training Data Eval:
  Num examples: 3456  Num correct: 3137  Precision @ 1: 0.9077  AUC @ 1: 0.9620
Validation Data Eval:
  Num examples: 256  Num correct: 190  Precision @ 1: 0.7422  AUC @ 1: 0.8420
Test Data Eval:
  Num examples: 512  Num correct: 365  Precision @ 1: 0.7129  AUC @ 1: 0.7777
Step 7200: loss = 0.3847 (0.010 sec)
Training Data Eval:
  Num examples: 3456  Num correct: 3125  Precision @ 1: 0.9042  AUC @ 1: 0.9638
Validation Data Eval:
  Num examples: 256  Num correct: 188  Precision @ 1: 0.7344  AUC @ 1: 0.8323
Test Data Eval:
  Num examples: 512  Num correct: 360  Precision @ 1: 0.7031  AUC @ 1: 0.7744
Step 7400: loss = 0.2813 (0.010 sec)
Training Data Eval:
  Num examples: 3456  Num correct: 3146  Precision @ 1: 0.9103  AUC @ 1: 0.9654
Validation Data Eval:
  Num examples: 256  Num correct: 191  Precision @ 1: 0.7461  AUC @ 1: 0.8368
Test Data Eval:
  Num examples: 512  Num correct: 358  Precision @ 1: 0.6992  AUC @ 1: 0.7773
Step 7600: loss = 0.3256 (0.010 sec)
Training Data Eval:
  Num examples: 3456  Num correct: 3154  Precision @ 1: 0.9126  AUC @ 1: 0.9674
Validation Data Eval:
  Num examples: 256  Num correct: 189  Precision @ 1: 0.7383  AUC @ 1: 0.8369
Test Data Eval:
  Num examples: 512  Num correct: 355  Precision @ 1: 0.6934  AUC @ 1: 0.7727
Step 7800: loss = 0.3146 (0.010 sec)
Training Data Eval:
  Num examples: 3456  Num correct: 3180  Precision @ 1: 0.9201  AUC @ 1: 0.9697
Validation Data Eval:
  Num examples: 256  Num correct: 191  Precision @ 1: 0.7461  AUC @ 1: 0.8392
Test Data Eval:
  Num examples: 512  Num correct: 361  Precision @ 1: 0.7051  AUC @ 1: 0.7796
Step 8000: loss = 0.3337 (0.011 sec)
Training Data Eval:
  Num examples: 3456  Num correct: 3158  Precision @ 1: 0.9138  AUC @ 1: 0.9685
Validation Data Eval:
  Num examples: 256  Num correct: 194  Precision @ 1: 0.7578  AUC @ 1: 0.8401
Test Data Eval:
  Num examples: 512  Num correct: 365  Precision @ 1: 0.7129  AUC @ 1: 0.7827
Step 8200: loss = 0.2779 (0.011 sec)
Training Data Eval:
  Num examples: 3456  Num correct: 3168  Precision @ 1: 0.9167  AUC @ 1: 0.9728
Validation Data Eval:
  Num examples: 256  Num correct: 192  Precision @ 1: 0.7500  AUC @ 1: 0.8389
Test Data Eval:
  Num examples: 512  Num correct: 361  Precision @ 1: 0.7051  AUC @ 1: 0.7835
Step 8400: loss = 0.3135 (0.010 sec)
Training Data Eval:
  Num examples: 3456  Num correct: 3162  Precision @ 1: 0.9149  AUC @ 1: 0.9719
Validation Data Eval:
  Num examples: 256  Num correct: 193  Precision @ 1: 0.7539  AUC @ 1: 0.8333
Test Data Eval:
  Num examples: 512  Num correct: 366  Precision @ 1: 0.7148  AUC @ 1: 0.7739
Step 8600: loss = 0.2837 (0.009 sec)
Training Data Eval:
  Num examples: 3456  Num correct: 3184  Precision @ 1: 0.9213  AUC @ 1: 0.9735
Validation Data Eval:
  Num examples: 256  Num correct: 191  Precision @ 1: 0.7461  AUC @ 1: 0.8259
Test Data Eval:
  Num examples: 512  Num correct: 354  Precision @ 1: 0.6914  AUC @ 1: 0.7675
Step 8800: loss = 0.3411 (0.012 sec)
Training Data Eval:
  Num examples: 3456  Num correct: 3234  Precision @ 1: 0.9358  AUC @ 1: 0.9809
Validation Data Eval:
  Num examples: 256  Num correct: 195  Precision @ 1: 0.7617  AUC @ 1: 0.8475
Test Data Eval:
  Num examples: 512  Num correct: 359  Precision @ 1: 0.7012  AUC @ 1: 0.7838
Step 9000: loss = 0.3591 (0.010 sec)
Training Data Eval:
  Num examples: 3456  Num correct: 3225  Precision @ 1: 0.9332  AUC @ 1: 0.9793
Validation Data Eval:
  Num examples: 256  Num correct: 192  Precision @ 1: 0.7500  AUC @ 1: 0.8335
Test Data Eval:
  Num examples: 512  Num correct: 351  Precision @ 1: 0.6855  AUC @ 1: 0.7690
Step 9200: loss = 0.3763 (0.010 sec)
Training Data Eval:
  Num examples: 3456  Num correct: 3261  Precision @ 1: 0.9436  AUC @ 1: 0.9822
Validation Data Eval:
  Num examples: 256  Num correct: 191  Precision @ 1: 0.7461  AUC @ 1: 0.8369
Test Data Eval:
  Num examples: 512  Num correct: 363  Precision @ 1: 0.7090  AUC @ 1: 0.7759
Step 9400: loss = 0.3345 (0.010 sec)
Training Data Eval:
  Num examples: 3456  Num correct: 3255  Precision @ 1: 0.9418  AUC @ 1: 0.9810
Validation Data Eval:
  Num examples: 256  Num correct: 195  Precision @ 1: 0.7617  AUC @ 1: 0.8409
Test Data Eval:
  Num examples: 512  Num correct: 365  Precision @ 1: 0.7129  AUC @ 1: 0.7678
Step 9600: loss = 0.3243 (0.009 sec)
Training Data Eval:
  Num examples: 3456  Num correct: 3258  Precision @ 1: 0.9427  AUC @ 1: 0.9821
Validation Data Eval:
  Num examples: 256  Num correct: 194  Precision @ 1: 0.7578  AUC @ 1: 0.8421
Test Data Eval:
  Num examples: 512  Num correct: 366  Precision @ 1: 0.7148  AUC @ 1: 0.7738
Step 9800: loss = 0.3065 (0.010 sec)
Training Data Eval:
  Num examples: 3456  Num correct: 3242  Precision @ 1: 0.9381  AUC @ 1: 0.9808
Validation Data Eval:
  Num examples: 256  Num correct: 192  Precision @ 1: 0.7500  AUC @ 1: 0.8440
Test Data Eval:
  Num examples: 512  Num correct: 360  Precision @ 1: 0.7031  AUC @ 1: 0.7664
