Training data shape: 	(3881, 64, 30, 1)
Training label shape:	(3881,)
Testing data shape:  	(454, 64, 30, 1)
Testing label shape: 	(454,)
max input value is: 3457.30786133
min input value is: -4872.94775391
random permuted training data
==============================================================================
Model: 			inference_global_s_cnn
Tensor Name: 	Placeholder:0
[128, 64, 30, 1]
==============================================================================
Tensor Name: conv1/conv1:0
[128, 1, 30, 8]
==============================================================================
Tensor Name: MaxPool:0
[128, 1, 15, 8]
==============================================================================
Tensor Name: local1/local1:0
[128, 128]
==============================================================================
Tensor Name: local2/local2:0
[128, 128]
==============================================================================
Tensor Name: softmax_linear/softmax_linear:0
[128, 2]
Step 0: loss = 0.7736 (0.026 sec)
Training Data Eval:
  Num examples: 3584  Num correct: 2016  Precision @ 1: 0.5625  AUC @ 1: 0.7316
Validation Data Eval:
  Num examples: 256  Num correct: 150  Precision @ 1: 0.5859  AUC @ 1: 0.7540
Test Data Eval:
  Num examples: 384  Num correct: 187  Precision @ 1: 0.4870  AUC @ 1: 0.8128
Step 200: loss = 0.7314 (0.011 sec)
Training Data Eval:
  Num examples: 3584  Num correct: 2037  Precision @ 1: 0.5684  AUC @ 1: 0.7621
Validation Data Eval:
  Num examples: 256  Num correct: 148  Precision @ 1: 0.5781  AUC @ 1: 0.7880
Test Data Eval:
  Num examples: 384  Num correct: 222  Precision @ 1: 0.5781  AUC @ 1: 0.8063
Step 400: loss = 0.6648 (0.010 sec)
Training Data Eval:
  Num examples: 3584  Num correct: 2440  Precision @ 1: 0.6808  AUC @ 1: 0.7788
Validation Data Eval:
  Num examples: 256  Num correct: 186  Precision @ 1: 0.7266  AUC @ 1: 0.8043
Test Data Eval:
  Num examples: 384  Num correct: 269  Precision @ 1: 0.7005  AUC @ 1: 0.7955
Step 600: loss = 0.6491 (0.010 sec)
Training Data Eval:
  Num examples: 3584  Num correct: 2522  Precision @ 1: 0.7037  AUC @ 1: 0.7841
Validation Data Eval:
  Num examples: 256  Num correct: 190  Precision @ 1: 0.7422  AUC @ 1: 0.8113
Test Data Eval:
  Num examples: 384  Num correct: 284  Precision @ 1: 0.7396  AUC @ 1: 0.8218
Step 800: loss = 0.6589 (0.011 sec)
Training Data Eval:
  Num examples: 3584  Num correct: 2600  Precision @ 1: 0.7254  AUC @ 1: 0.8070
Validation Data Eval:
  Num examples: 256  Num correct: 195  Precision @ 1: 0.7617  AUC @ 1: 0.8174
Test Data Eval:
  Num examples: 384  Num correct: 292  Precision @ 1: 0.7604  AUC @ 1: 0.8166
Step 1000: loss = 0.6392 (0.010 sec)
Training Data Eval:
  Num examples: 3584  Num correct: 2635  Precision @ 1: 0.7352  AUC @ 1: 0.8143
Validation Data Eval:
  Num examples: 256  Num correct: 190  Precision @ 1: 0.7422  AUC @ 1: 0.8189
Test Data Eval:
  Num examples: 384  Num correct: 295  Precision @ 1: 0.7682  AUC @ 1: 0.8308
Step 1200: loss = 0.6505 (0.011 sec)
Training Data Eval:
  Num examples: 3584  Num correct: 2669  Precision @ 1: 0.7447  AUC @ 1: 0.8269
Validation Data Eval:
  Num examples: 256  Num correct: 192  Precision @ 1: 0.7500  AUC @ 1: 0.8257
Test Data Eval:
  Num examples: 384  Num correct: 285  Precision @ 1: 0.7422  AUC @ 1: 0.8183
Step 1400: loss = 0.6112 (0.045 sec)
Training Data Eval:
  Num examples: 3584  Num correct: 2690  Precision @ 1: 0.7506  AUC @ 1: 0.8321
Validation Data Eval:
  Num examples: 256  Num correct: 191  Precision @ 1: 0.7461  AUC @ 1: 0.8281
Test Data Eval:
  Num examples: 384  Num correct: 288  Precision @ 1: 0.7500  AUC @ 1: 0.8267
Step 1600: loss = 0.5582 (0.010 sec)
Training Data Eval:
  Num examples: 3584  Num correct: 2706  Precision @ 1: 0.7550  AUC @ 1: 0.8419
Validation Data Eval:
  Num examples: 256  Num correct: 195  Precision @ 1: 0.7617  AUC @ 1: 0.8364
Test Data Eval:
  Num examples: 384  Num correct: 285  Precision @ 1: 0.7422  AUC @ 1: 0.8143
Step 1800: loss = 0.5863 (0.010 sec)
Training Data Eval:
  Num examples: 3584  Num correct: 2770  Precision @ 1: 0.7729  AUC @ 1: 0.8552
Validation Data Eval:
  Num examples: 256  Num correct: 192  Precision @ 1: 0.7500  AUC @ 1: 0.8435
Test Data Eval:
  Num examples: 384  Num correct: 286  Precision @ 1: 0.7448  AUC @ 1: 0.8188
Step 2000: loss = 0.5819 (0.010 sec)
Training Data Eval:
  Num examples: 3584  Num correct: 2788  Precision @ 1: 0.7779  AUC @ 1: 0.8573
Validation Data Eval:
  Num examples: 256  Num correct: 195  Precision @ 1: 0.7617  AUC @ 1: 0.8453
Test Data Eval:
  Num examples: 384  Num correct: 280  Precision @ 1: 0.7292  AUC @ 1: 0.8125
Step 2200: loss = 0.5620 (0.009 sec)
Training Data Eval:
  Num examples: 3584  Num correct: 2771  Precision @ 1: 0.7732  AUC @ 1: 0.8542
Validation Data Eval:
  Num examples: 256  Num correct: 196  Precision @ 1: 0.7656  AUC @ 1: 0.8467
Test Data Eval:
  Num examples: 384  Num correct: 295  Precision @ 1: 0.7682  AUC @ 1: 0.8307
Step 2400: loss = 0.5138 (0.010 sec)
Training Data Eval:
  Num examples: 3584  Num correct: 2806  Precision @ 1: 0.7829  AUC @ 1: 0.8657
Validation Data Eval:
  Num examples: 256  Num correct: 199  Precision @ 1: 0.7773  AUC @ 1: 0.8467
Test Data Eval:
  Num examples: 384  Num correct: 287  Precision @ 1: 0.7474  AUC @ 1: 0.8259
Step 2600: loss = 0.5511 (0.010 sec)
Training Data Eval:
  Num examples: 3584  Num correct: 2824  Precision @ 1: 0.7879  AUC @ 1: 0.8751
Validation Data Eval:
  Num examples: 256  Num correct: 197  Precision @ 1: 0.7695  AUC @ 1: 0.8491
Test Data Eval:
  Num examples: 384  Num correct: 283  Precision @ 1: 0.7370  AUC @ 1: 0.8354
Step 2800: loss = 0.5089 (0.038 sec)
Training Data Eval:
  Num examples: 3584  Num correct: 2843  Precision @ 1: 0.7932  AUC @ 1: 0.8827
Validation Data Eval:
  Num examples: 256  Num correct: 198  Precision @ 1: 0.7734  AUC @ 1: 0.8423
Test Data Eval:
  Num examples: 384  Num correct: 290  Precision @ 1: 0.7552  AUC @ 1: 0.8357
Step 3000: loss = 0.5002 (0.009 sec)
Training Data Eval:
  Num examples: 3584  Num correct: 2850  Precision @ 1: 0.7952  AUC @ 1: 0.8835
Validation Data Eval:
  Num examples: 256  Num correct: 198  Precision @ 1: 0.7734  AUC @ 1: 0.8426
Test Data Eval:
  Num examples: 384  Num correct: 277  Precision @ 1: 0.7214  AUC @ 1: 0.8218
Step 3200: loss = 0.5066 (0.011 sec)
Training Data Eval:
  Num examples: 3584  Num correct: 2886  Precision @ 1: 0.8052  AUC @ 1: 0.8868
Validation Data Eval:
  Num examples: 256  Num correct: 197  Precision @ 1: 0.7695  AUC @ 1: 0.8421
Test Data Eval:
  Num examples: 384  Num correct: 284  Precision @ 1: 0.7396  AUC @ 1: 0.8234
Step 3400: loss = 0.4651 (0.010 sec)
Training Data Eval:
  Num examples: 3584  Num correct: 2906  Precision @ 1: 0.8108  AUC @ 1: 0.8982
Validation Data Eval:
  Num examples: 256  Num correct: 197  Precision @ 1: 0.7695  AUC @ 1: 0.8380
Test Data Eval:
  Num examples: 384  Num correct: 283  Precision @ 1: 0.7370  AUC @ 1: 0.8149
Step 3600: loss = 0.5012 (0.010 sec)
Training Data Eval:
  Num examples: 3584  Num correct: 2893  Precision @ 1: 0.8072  AUC @ 1: 0.8897
Validation Data Eval:
  Num examples: 256  Num correct: 195  Precision @ 1: 0.7617  AUC @ 1: 0.8389
Test Data Eval:
  Num examples: 384  Num correct: 273  Precision @ 1: 0.7109  AUC @ 1: 0.8070
Step 3800: loss = 0.4628 (0.010 sec)
Training Data Eval:
  Num examples: 3584  Num correct: 2953  Precision @ 1: 0.8239  AUC @ 1: 0.9067
Validation Data Eval:
  Num examples: 256  Num correct: 195  Precision @ 1: 0.7617  AUC @ 1: 0.8418
Test Data Eval:
  Num examples: 384  Num correct: 294  Precision @ 1: 0.7656  AUC @ 1: 0.8411
Step 4000: loss = 0.5224 (0.010 sec)
Training Data Eval:
  Num examples: 3584  Num correct: 2947  Precision @ 1: 0.8223  AUC @ 1: 0.9081
Validation Data Eval:
  Num examples: 256  Num correct: 196  Precision @ 1: 0.7656  AUC @ 1: 0.8377
Test Data Eval:
  Num examples: 384  Num correct: 278  Precision @ 1: 0.7240  AUC @ 1: 0.8079
Step 4200: loss = 0.4662 (0.045 sec)
Training Data Eval:
  Num examples: 3584  Num correct: 2958  Precision @ 1: 0.8253  AUC @ 1: 0.9095
Validation Data Eval:
  Num examples: 256  Num correct: 199  Precision @ 1: 0.7773  AUC @ 1: 0.8462
Test Data Eval:
  Num examples: 384  Num correct: 283  Precision @ 1: 0.7370  AUC @ 1: 0.8176
Step 4400: loss = 0.3860 (0.010 sec)
Training Data Eval:
  Num examples: 3584  Num correct: 2982  Precision @ 1: 0.8320  AUC @ 1: 0.9132
Validation Data Eval:
  Num examples: 256  Num correct: 194  Precision @ 1: 0.7578  AUC @ 1: 0.8402
Test Data Eval:
  Num examples: 384  Num correct: 279  Precision @ 1: 0.7266  AUC @ 1: 0.8078
Step 4600: loss = 0.4894 (0.010 sec)
Training Data Eval:
  Num examples: 3584  Num correct: 2993  Precision @ 1: 0.8351  AUC @ 1: 0.9149
Validation Data Eval:
  Num examples: 256  Num correct: 194  Precision @ 1: 0.7578  AUC @ 1: 0.8477
Test Data Eval:
  Num examples: 384  Num correct: 284  Precision @ 1: 0.7396  AUC @ 1: 0.8303
Step 4800: loss = 0.4507 (0.010 sec)
Training Data Eval:
  Num examples: 3584  Num correct: 2972  Precision @ 1: 0.8292  AUC @ 1: 0.9144
Validation Data Eval:
  Num examples: 256  Num correct: 197  Precision @ 1: 0.7695  AUC @ 1: 0.8458
Test Data Eval:
  Num examples: 384  Num correct: 279  Precision @ 1: 0.7266  AUC @ 1: 0.7929
Step 5000: loss = 0.4489 (0.010 sec)
Training Data Eval:
  Num examples: 3584  Num correct: 3028  Precision @ 1: 0.8449  AUC @ 1: 0.9287
Validation Data Eval:
  Num examples: 256  Num correct: 197  Precision @ 1: 0.7695  AUC @ 1: 0.8494
Test Data Eval:
  Num examples: 384  Num correct: 287  Precision @ 1: 0.7474  AUC @ 1: 0.8243
Step 5200: loss = 0.5087 (0.010 sec)
Training Data Eval:
  Num examples: 3584  Num correct: 3027  Precision @ 1: 0.8446  AUC @ 1: 0.9284
Validation Data Eval:
  Num examples: 256  Num correct: 194  Precision @ 1: 0.7578  AUC @ 1: 0.8498
Test Data Eval:
  Num examples: 384  Num correct: 282  Precision @ 1: 0.7344  AUC @ 1: 0.8129
Step 5400: loss = 0.4263 (0.010 sec)
Training Data Eval:
  Num examples: 3584  Num correct: 3062  Precision @ 1: 0.8544  AUC @ 1: 0.9337
Validation Data Eval:
  Num examples: 256  Num correct: 195  Precision @ 1: 0.7617  AUC @ 1: 0.8494
Test Data Eval:
  Num examples: 384  Num correct: 274  Precision @ 1: 0.7135  AUC @ 1: 0.8069
Step 5600: loss = 0.4365 (0.043 sec)
Training Data Eval:
  Num examples: 3584  Num correct: 3064  Precision @ 1: 0.8549  AUC @ 1: 0.9374
Validation Data Eval:
  Num examples: 256  Num correct: 199  Precision @ 1: 0.7773  AUC @ 1: 0.8526
Test Data Eval:
  Num examples: 384  Num correct: 280  Precision @ 1: 0.7292  AUC @ 1: 0.8086
Step 5800: loss = 0.4745 (0.010 sec)
Training Data Eval:
  Num examples: 3584  Num correct: 3068  Precision @ 1: 0.8560  AUC @ 1: 0.9365
Validation Data Eval:
  Num examples: 256  Num correct: 196  Precision @ 1: 0.7656  AUC @ 1: 0.8528
Test Data Eval:
  Num examples: 384  Num correct: 281  Precision @ 1: 0.7318  AUC @ 1: 0.8262
Step 6000: loss = 0.3589 (0.010 sec)
Training Data Eval:
  Num examples: 3584  Num correct: 3081  Precision @ 1: 0.8597  AUC @ 1: 0.9408
Validation Data Eval:
  Num examples: 256  Num correct: 196  Precision @ 1: 0.7656  AUC @ 1: 0.8530
Test Data Eval:
  Num examples: 384  Num correct: 288  Precision @ 1: 0.7500  AUC @ 1: 0.8156
Step 6200: loss = 0.3411 (0.010 sec)
Training Data Eval:
  Num examples: 3584  Num correct: 3117  Precision @ 1: 0.8697  AUC @ 1: 0.9406
Validation Data Eval:
  Num examples: 256  Num correct: 199  Precision @ 1: 0.7773  AUC @ 1: 0.8478
Test Data Eval:
  Num examples: 384  Num correct: 284  Precision @ 1: 0.7396  AUC @ 1: 0.8083
Step 6400: loss = 0.3753 (0.010 sec)
Training Data Eval:
  Num examples: 3584  Num correct: 3153  Precision @ 1: 0.8797  AUC @ 1: 0.9513
Validation Data Eval:
  Num examples: 256  Num correct: 198  Precision @ 1: 0.7734  AUC @ 1: 0.8552
Test Data Eval:
  Num examples: 384  Num correct: 275  Precision @ 1: 0.7161  AUC @ 1: 0.7984
Step 6600: loss = 0.3592 (0.010 sec)
Training Data Eval:
  Num examples: 3584  Num correct: 3130  Precision @ 1: 0.8733  AUC @ 1: 0.9487
Validation Data Eval:
  Num examples: 256  Num correct: 198  Precision @ 1: 0.7734  AUC @ 1: 0.8497
Test Data Eval:
  Num examples: 384  Num correct: 274  Precision @ 1: 0.7135  AUC @ 1: 0.7990
Step 6800: loss = 0.3728 (0.010 sec)
Training Data Eval:
  Num examples: 3584  Num correct: 3185  Precision @ 1: 0.8887  AUC @ 1: 0.9579
Validation Data Eval:
  Num examples: 256  Num correct: 199  Precision @ 1: 0.7773  AUC @ 1: 0.8588
Test Data Eval:
  Num examples: 384  Num correct: 278  Precision @ 1: 0.7240  AUC @ 1: 0.7993
Step 7000: loss = 0.3736 (0.047 sec)
Training Data Eval:
  Num examples: 3584  Num correct: 3209  Precision @ 1: 0.8954  AUC @ 1: 0.9618
Validation Data Eval:
  Num examples: 256  Num correct: 199  Precision @ 1: 0.7773  AUC @ 1: 0.8577
Test Data Eval:
  Num examples: 384  Num correct: 277  Precision @ 1: 0.7214  AUC @ 1: 0.7972
Step 7200: loss = 0.3110 (0.010 sec)
Training Data Eval:
  Num examples: 3584  Num correct: 3227  Precision @ 1: 0.9004  AUC @ 1: 0.9642
Validation Data Eval:
  Num examples: 256  Num correct: 198  Precision @ 1: 0.7734  AUC @ 1: 0.8525
Test Data Eval:
  Num examples: 384  Num correct: 277  Precision @ 1: 0.7214  AUC @ 1: 0.8019
Step 7400: loss = 0.3853 (0.010 sec)
Training Data Eval:
  Num examples: 3584  Num correct: 3204  Precision @ 1: 0.8940  AUC @ 1: 0.9591
Validation Data Eval:
  Num examples: 256  Num correct: 199  Precision @ 1: 0.7773  AUC @ 1: 0.8530
Test Data Eval:
  Num examples: 384  Num correct: 281  Precision @ 1: 0.7318  AUC @ 1: 0.8196
Step 7600: loss = 0.3591 (0.011 sec)
Training Data Eval:
  Num examples: 3584  Num correct: 3248  Precision @ 1: 0.9062  AUC @ 1: 0.9645
Validation Data Eval:
  Num examples: 256  Num correct: 200  Precision @ 1: 0.7812  AUC @ 1: 0.8614
Test Data Eval:
  Num examples: 384  Num correct: 268  Precision @ 1: 0.6979  AUC @ 1: 0.7939
Step 7800: loss = 0.2668 (0.010 sec)
Training Data Eval:
  Num examples: 3584  Num correct: 3278  Precision @ 1: 0.9146  AUC @ 1: 0.9700
Validation Data Eval:
  Num examples: 256  Num correct: 198  Precision @ 1: 0.7734  AUC @ 1: 0.8567
Test Data Eval:
  Num examples: 384  Num correct: 277  Precision @ 1: 0.7214  AUC @ 1: 0.7906
Step 8000: loss = 0.3696 (0.010 sec)
Training Data Eval:
  Num examples: 3584  Num correct: 3281  Precision @ 1: 0.9155  AUC @ 1: 0.9732
Validation Data Eval:
  Num examples: 256  Num correct: 202  Precision @ 1: 0.7891  AUC @ 1: 0.8603
Test Data Eval:
  Num examples: 384  Num correct: 269  Precision @ 1: 0.7005  AUC @ 1: 0.7780
Step 8200: loss = 0.3584 (0.011 sec)
Training Data Eval:
  Num examples: 3584  Num correct: 3292  Precision @ 1: 0.9185  AUC @ 1: 0.9739
Validation Data Eval:
  Num examples: 256  Num correct: 202  Precision @ 1: 0.7891  AUC @ 1: 0.8619
Test Data Eval:
  Num examples: 384  Num correct: 270  Precision @ 1: 0.7031  AUC @ 1: 0.7872
Step 8400: loss = 0.3537 (0.047 sec)
Training Data Eval:
  Num examples: 3584  Num correct: 3292  Precision @ 1: 0.9185  AUC @ 1: 0.9731
Validation Data Eval:
  Num examples: 256  Num correct: 198  Precision @ 1: 0.7734  AUC @ 1: 0.8636
Test Data Eval:
  Num examples: 384  Num correct: 272  Precision @ 1: 0.7083  AUC @ 1: 0.7903
Step 8600: loss = 0.4048 (0.010 sec)
Training Data Eval:
  Num examples: 3584  Num correct: 3279  Precision @ 1: 0.9149  AUC @ 1: 0.9748
Validation Data Eval:
  Num examples: 256  Num correct: 205  Precision @ 1: 0.8008  AUC @ 1: 0.8658
Test Data Eval:
  Num examples: 384  Num correct: 277  Precision @ 1: 0.7214  AUC @ 1: 0.7918
Step 8800: loss = 0.3320 (0.010 sec)
Training Data Eval:
  Num examples: 3584  Num correct: 3299  Precision @ 1: 0.9205  AUC @ 1: 0.9771
Validation Data Eval:
  Num examples: 256  Num correct: 204  Precision @ 1: 0.7969  AUC @ 1: 0.8628
Test Data Eval:
  Num examples: 384  Num correct: 280  Precision @ 1: 0.7292  AUC @ 1: 0.8093
Step 9000: loss = 0.2166 (0.011 sec)
Training Data Eval:
  Num examples: 3584  Num correct: 3305  Precision @ 1: 0.9222  AUC @ 1: 0.9776
Validation Data Eval:
  Num examples: 256  Num correct: 198  Precision @ 1: 0.7734  AUC @ 1: 0.8618
Test Data Eval:
  Num examples: 384  Num correct: 271  Precision @ 1: 0.7057  AUC @ 1: 0.7831
Step 9200: loss = 0.3123 (0.010 sec)
Training Data Eval:
  Num examples: 3584  Num correct: 3337  Precision @ 1: 0.9311  AUC @ 1: 0.9802
Validation Data Eval:
  Num examples: 256  Num correct: 201  Precision @ 1: 0.7852  AUC @ 1: 0.8630
Test Data Eval:
  Num examples: 384  Num correct: 275  Precision @ 1: 0.7161  AUC @ 1: 0.7875
Step 9400: loss = 0.2354 (0.010 sec)
Training Data Eval:
  Num examples: 3584  Num correct: 3334  Precision @ 1: 0.9302  AUC @ 1: 0.9807
Validation Data Eval:
  Num examples: 256  Num correct: 203  Precision @ 1: 0.7930  AUC @ 1: 0.8649
Test Data Eval:
  Num examples: 384  Num correct: 267  Precision @ 1: 0.6953  AUC @ 1: 0.7736
Step 9600: loss = 0.3488 (0.010 sec)
Training Data Eval:
  Num examples: 3584  Num correct: 3346  Precision @ 1: 0.9336  AUC @ 1: 0.9817
Validation Data Eval:
  Num examples: 256  Num correct: 202  Precision @ 1: 0.7891  AUC @ 1: 0.8643
Test Data Eval:
  Num examples: 384  Num correct: 278  Precision @ 1: 0.7240  AUC @ 1: 0.7952
Step 9800: loss = 0.3151 (0.050 sec)
Training Data Eval:
  Num examples: 3584  Num correct: 3363  Precision @ 1: 0.9383  AUC @ 1: 0.9838
Validation Data Eval:
  Num examples: 256  Num correct: 203  Precision @ 1: 0.7930  AUC @ 1: 0.8631
Test Data Eval:
  Num examples: 384  Num correct: 276  Precision @ 1: 0.7188  AUC @ 1: 0.7851
