Training data shape: 	(3881, 64, 30, 1)
Training label shape:	(3881,)
Testing data shape:  	(454, 64, 30, 1)
Testing label shape: 	(454,)
max input value is: 3457.30786133
min input value is: -4872.94775391
random permuted training data
==============================================================================
Model: 			inference_global_s_cnn
Tensor Name: 	Placeholder:0
[128, 64, 30, 1]
==============================================================================
Tensor Name: conv1/conv1:0
[128, 1, 30, 64]
==============================================================================
Tensor Name: MaxPool:0
[128, 1, 15, 64]
==============================================================================
Tensor Name: local1/local1:0
[128, 128]
==============================================================================
Tensor Name: local2/local2:0
[128, 128]
==============================================================================
Tensor Name: softmax_linear/softmax_linear:0
[128, 2]
Step 0: loss = 1.0339 (0.045 sec)
Training Data Eval:
  Num examples: 3584  Num correct: 2052  Precision @ 1: 0.5725  AUC @ 1: 0.7559
Validation Data Eval:
  Num examples: 256  Num correct: 146  Precision @ 1: 0.5703  AUC @ 1: 0.6915
Test Data Eval:
  Num examples: 384  Num correct: 196  Precision @ 1: 0.5104  AUC @ 1: 0.8059
Step 200: loss = 0.9676 (0.022 sec)
Training Data Eval:
  Num examples: 3584  Num correct: 2430  Precision @ 1: 0.6780  AUC @ 1: 0.7937
Validation Data Eval:
  Num examples: 256  Num correct: 159  Precision @ 1: 0.6211  AUC @ 1: 0.7351
Test Data Eval:
  Num examples: 384  Num correct: 278  Precision @ 1: 0.7240  AUC @ 1: 0.7987
Step 400: loss = 0.8736 (0.021 sec)
Training Data Eval:
  Num examples: 3584  Num correct: 2644  Precision @ 1: 0.7377  AUC @ 1: 0.8211
Validation Data Eval:
  Num examples: 256  Num correct: 170  Precision @ 1: 0.6641  AUC @ 1: 0.7596
Test Data Eval:
  Num examples: 384  Num correct: 293  Precision @ 1: 0.7630  AUC @ 1: 0.8434
Step 600: loss = 0.7762 (0.022 sec)
Training Data Eval:
  Num examples: 3584  Num correct: 2747  Precision @ 1: 0.7665  AUC @ 1: 0.8389
Validation Data Eval:
  Num examples: 256  Num correct: 174  Precision @ 1: 0.6797  AUC @ 1: 0.7606
Test Data Eval:
  Num examples: 384  Num correct: 288  Precision @ 1: 0.7500  AUC @ 1: 0.8322
Step 800: loss = 0.8417 (0.021 sec)
Training Data Eval:
  Num examples: 3584  Num correct: 2786  Precision @ 1: 0.7773  AUC @ 1: 0.8600
Validation Data Eval:
  Num examples: 256  Num correct: 180  Precision @ 1: 0.7031  AUC @ 1: 0.7694
Test Data Eval:
  Num examples: 384  Num correct: 284  Precision @ 1: 0.7396  AUC @ 1: 0.8186
Step 1000: loss = 0.8889 (0.023 sec)
Training Data Eval:
  Num examples: 3584  Num correct: 2824  Precision @ 1: 0.7879  AUC @ 1: 0.8689
Validation Data Eval:
  Num examples: 256  Num correct: 176  Precision @ 1: 0.6875  AUC @ 1: 0.7757
Test Data Eval:
  Num examples: 384  Num correct: 292  Precision @ 1: 0.7604  AUC @ 1: 0.8369
Step 1200: loss = 0.8047 (0.022 sec)
Training Data Eval:
  Num examples: 3584  Num correct: 2891  Precision @ 1: 0.8066  AUC @ 1: 0.8869
Validation Data Eval:
  Num examples: 256  Num correct: 176  Precision @ 1: 0.6875  AUC @ 1: 0.7804
Test Data Eval:
  Num examples: 384  Num correct: 279  Precision @ 1: 0.7266  AUC @ 1: 0.8342
Step 1400: loss = 0.8246 (0.059 sec)
Training Data Eval:
  Num examples: 3584  Num correct: 2940  Precision @ 1: 0.8203  AUC @ 1: 0.9006
Validation Data Eval:
  Num examples: 256  Num correct: 178  Precision @ 1: 0.6953  AUC @ 1: 0.7916
Test Data Eval:
  Num examples: 384  Num correct: 280  Precision @ 1: 0.7292  AUC @ 1: 0.8424
Step 1600: loss = 0.7528 (0.022 sec)
Training Data Eval:
  Num examples: 3584  Num correct: 2904  Precision @ 1: 0.8103  AUC @ 1: 0.8975
Validation Data Eval:
  Num examples: 256  Num correct: 179  Precision @ 1: 0.6992  AUC @ 1: 0.7901
Test Data Eval:
  Num examples: 384  Num correct: 293  Precision @ 1: 0.7630  AUC @ 1: 0.8314
Step 1800: loss = 0.7651 (0.021 sec)
Training Data Eval:
  Num examples: 3584  Num correct: 3042  Precision @ 1: 0.8488  AUC @ 1: 0.9250
Validation Data Eval:
  Num examples: 256  Num correct: 183  Precision @ 1: 0.7148  AUC @ 1: 0.7956
Test Data Eval:
  Num examples: 384  Num correct: 282  Precision @ 1: 0.7344  AUC @ 1: 0.8239
Step 2000: loss = 0.7904 (0.022 sec)
Training Data Eval:
  Num examples: 3584  Num correct: 3034  Precision @ 1: 0.8465  AUC @ 1: 0.9261
Validation Data Eval:
  Num examples: 256  Num correct: 180  Precision @ 1: 0.7031  AUC @ 1: 0.7960
Test Data Eval:
  Num examples: 384  Num correct: 281  Precision @ 1: 0.7318  AUC @ 1: 0.8142
Step 2200: loss = 0.7204 (0.021 sec)
Training Data Eval:
  Num examples: 3584  Num correct: 3072  Precision @ 1: 0.8571  AUC @ 1: 0.9400
Validation Data Eval:
  Num examples: 256  Num correct: 183  Precision @ 1: 0.7148  AUC @ 1: 0.8108
Test Data Eval:
  Num examples: 384  Num correct: 282  Precision @ 1: 0.7344  AUC @ 1: 0.8285
Step 2400: loss = 0.6701 (0.022 sec)
Training Data Eval:
  Num examples: 3584  Num correct: 3121  Precision @ 1: 0.8708  AUC @ 1: 0.9440
Validation Data Eval:
  Num examples: 256  Num correct: 185  Precision @ 1: 0.7227  AUC @ 1: 0.8221
Test Data Eval:
  Num examples: 384  Num correct: 292  Precision @ 1: 0.7604  AUC @ 1: 0.8339
Step 2600: loss = 0.6737 (0.022 sec)
Training Data Eval:
  Num examples: 3584  Num correct: 3173  Precision @ 1: 0.8853  AUC @ 1: 0.9556
Validation Data Eval:
  Num examples: 256  Num correct: 185  Precision @ 1: 0.7227  AUC @ 1: 0.8108
Test Data Eval:
  Num examples: 384  Num correct: 285  Precision @ 1: 0.7422  AUC @ 1: 0.8134
Step 2800: loss = 0.6832 (0.059 sec)
Training Data Eval:
  Num examples: 3584  Num correct: 3133  Precision @ 1: 0.8742  AUC @ 1: 0.9474
Validation Data Eval:
  Num examples: 256  Num correct: 182  Precision @ 1: 0.7109  AUC @ 1: 0.7970
Test Data Eval:
  Num examples: 384  Num correct: 288  Precision @ 1: 0.7500  AUC @ 1: 0.8301
Step 3000: loss = 0.6526 (0.021 sec)
Training Data Eval:
  Num examples: 3584  Num correct: 3244  Precision @ 1: 0.9051  AUC @ 1: 0.9654
Validation Data Eval:
  Num examples: 256  Num correct: 188  Precision @ 1: 0.7344  AUC @ 1: 0.8221
Test Data Eval:
  Num examples: 384  Num correct: 282  Precision @ 1: 0.7344  AUC @ 1: 0.8284
Step 3200: loss = 0.5506 (0.022 sec)
Training Data Eval:
  Num examples: 3584  Num correct: 3263  Precision @ 1: 0.9104  AUC @ 1: 0.9688
Validation Data Eval:
  Num examples: 256  Num correct: 189  Precision @ 1: 0.7383  AUC @ 1: 0.8210
Test Data Eval:
  Num examples: 384  Num correct: 276  Precision @ 1: 0.7188  AUC @ 1: 0.8285
Step 3400: loss = 0.5434 (0.022 sec)
Training Data Eval:
  Num examples: 3584  Num correct: 3260  Precision @ 1: 0.9096  AUC @ 1: 0.9691
Validation Data Eval:
  Num examples: 256  Num correct: 181  Precision @ 1: 0.7070  AUC @ 1: 0.8044
Test Data Eval:
  Num examples: 384  Num correct: 279  Precision @ 1: 0.7266  AUC @ 1: 0.8060
Step 3600: loss = 0.5845 (0.022 sec)
Training Data Eval:
  Num examples: 3584  Num correct: 3308  Precision @ 1: 0.9230  AUC @ 1: 0.9760
Validation Data Eval:
  Num examples: 256  Num correct: 191  Precision @ 1: 0.7461  AUC @ 1: 0.8297
Test Data Eval:
  Num examples: 384  Num correct: 282  Precision @ 1: 0.7344  AUC @ 1: 0.8218
Step 3800: loss = 0.5132 (0.022 sec)
Training Data Eval:
  Num examples: 3584  Num correct: 3337  Precision @ 1: 0.9311  AUC @ 1: 0.9825
Validation Data Eval:
  Num examples: 256  Num correct: 193  Precision @ 1: 0.7539  AUC @ 1: 0.8306
Test Data Eval:
  Num examples: 384  Num correct: 278  Precision @ 1: 0.7240  AUC @ 1: 0.8269
Step 4000: loss = 0.5235 (0.022 sec)
Training Data Eval:
  Num examples: 3584  Num correct: 3391  Precision @ 1: 0.9461  AUC @ 1: 0.9866
Validation Data Eval:
  Num examples: 256  Num correct: 190  Precision @ 1: 0.7422  AUC @ 1: 0.8236
Test Data Eval:
  Num examples: 384  Num correct: 273  Precision @ 1: 0.7109  AUC @ 1: 0.8204
Step 4200: loss = 0.5602 (0.059 sec)
Training Data Eval:
  Num examples: 3584  Num correct: 3309  Precision @ 1: 0.9233  AUC @ 1: 0.9783
Validation Data Eval:
  Num examples: 256  Num correct: 187  Precision @ 1: 0.7305  AUC @ 1: 0.8117
Test Data Eval:
  Num examples: 384  Num correct: 273  Precision @ 1: 0.7109  AUC @ 1: 0.8098
Step 4400: loss = 0.5936 (0.022 sec)
Training Data Eval:
  Num examples: 3584  Num correct: 3408  Precision @ 1: 0.9509  AUC @ 1: 0.9882
Validation Data Eval:
  Num examples: 256  Num correct: 189  Precision @ 1: 0.7383  AUC @ 1: 0.8277
Test Data Eval:
  Num examples: 384  Num correct: 273  Precision @ 1: 0.7109  AUC @ 1: 0.8158
Step 4600: loss = 0.5515 (0.021 sec)
Training Data Eval:
  Num examples: 3584  Num correct: 3448  Precision @ 1: 0.9621  AUC @ 1: 0.9927
Validation Data Eval:
  Num examples: 256  Num correct: 186  Precision @ 1: 0.7266  AUC @ 1: 0.8296
Test Data Eval:
  Num examples: 384  Num correct: 281  Precision @ 1: 0.7318  AUC @ 1: 0.8114
Step 4800: loss = 0.4621 (0.022 sec)
Training Data Eval:
  Num examples: 3584  Num correct: 3470  Precision @ 1: 0.9682  AUC @ 1: 0.9946
Validation Data Eval:
  Num examples: 256  Num correct: 191  Precision @ 1: 0.7461  AUC @ 1: 0.8361
Test Data Eval:
  Num examples: 384  Num correct: 280  Precision @ 1: 0.7292  AUC @ 1: 0.8187
Step 5000: loss = 0.4486 (0.022 sec)
Training Data Eval:
  Num examples: 3584  Num correct: 3366  Precision @ 1: 0.9392  AUC @ 1: 0.9803
Validation Data Eval:
  Num examples: 256  Num correct: 190  Precision @ 1: 0.7422  AUC @ 1: 0.8168
Test Data Eval:
  Num examples: 384  Num correct: 278  Precision @ 1: 0.7240  AUC @ 1: 0.8172
Step 5200: loss = 0.4907 (0.022 sec)
Training Data Eval:
  Num examples: 3584  Num correct: 3511  Precision @ 1: 0.9796  AUC @ 1: 0.9976
Validation Data Eval:
  Num examples: 256  Num correct: 192  Precision @ 1: 0.7500  AUC @ 1: 0.8382
Test Data Eval:
  Num examples: 384  Num correct: 276  Precision @ 1: 0.7188  AUC @ 1: 0.8171
Step 5400: loss = 0.4500 (0.022 sec)
Training Data Eval:
  Num examples: 3584  Num correct: 3529  Precision @ 1: 0.9847  AUC @ 1: 0.9981
Validation Data Eval:
  Num examples: 256  Num correct: 191  Precision @ 1: 0.7461  AUC @ 1: 0.8359
Test Data Eval:
  Num examples: 384  Num correct: 274  Precision @ 1: 0.7135  AUC @ 1: 0.8135
Step 5600: loss = 0.3845 (0.056 sec)
Training Data Eval:
  Num examples: 3584  Num correct: 3519  Precision @ 1: 0.9819  AUC @ 1: 0.9976
Validation Data Eval:
  Num examples: 256  Num correct: 190  Precision @ 1: 0.7422  AUC @ 1: 0.8332
Test Data Eval:
  Num examples: 384  Num correct: 281  Precision @ 1: 0.7318  AUC @ 1: 0.8168
Step 5800: loss = 0.4066 (0.021 sec)
Training Data Eval:
  Num examples: 3584  Num correct: 3451  Precision @ 1: 0.9629  AUC @ 1: 0.9932
Validation Data Eval:
  Num examples: 256  Num correct: 185  Precision @ 1: 0.7227  AUC @ 1: 0.8281
Test Data Eval:
  Num examples: 384  Num correct: 280  Precision @ 1: 0.7292  AUC @ 1: 0.8225
Step 6000: loss = 0.3825 (0.022 sec)
Training Data Eval:
  Num examples: 3584  Num correct: 3541  Precision @ 1: 0.9880  AUC @ 1: 0.9982
Validation Data Eval:
  Num examples: 256  Num correct: 192  Precision @ 1: 0.7500  AUC @ 1: 0.8421
Test Data Eval:
  Num examples: 384  Num correct: 273  Precision @ 1: 0.7109  AUC @ 1: 0.8067
Step 6200: loss = 0.3552 (0.022 sec)
Training Data Eval:
  Num examples: 3584  Num correct: 3548  Precision @ 1: 0.9900  AUC @ 1: 0.9990
Validation Data Eval:
  Num examples: 256  Num correct: 192  Precision @ 1: 0.7500  AUC @ 1: 0.8374
Test Data Eval:
  Num examples: 384  Num correct: 277  Precision @ 1: 0.7214  AUC @ 1: 0.8055
Step 6400: loss = 0.3479 (0.022 sec)
Training Data Eval:
  Num examples: 3584  Num correct: 3499  Precision @ 1: 0.9763  AUC @ 1: 0.9961
Validation Data Eval:
  Num examples: 256  Num correct: 191  Precision @ 1: 0.7461  AUC @ 1: 0.8314
Test Data Eval:
  Num examples: 384  Num correct: 274  Precision @ 1: 0.7135  AUC @ 1: 0.8184
Step 6600: loss = 0.4567 (0.021 sec)
Training Data Eval:
  Num examples: 3584  Num correct: 3545  Precision @ 1: 0.9891  AUC @ 1: 0.9988
Validation Data Eval:
  Num examples: 256  Num correct: 195  Precision @ 1: 0.7617  AUC @ 1: 0.8412
Test Data Eval:
  Num examples: 384  Num correct: 277  Precision @ 1: 0.7214  AUC @ 1: 0.8126
Step 6800: loss = 0.3228 (0.022 sec)
Training Data Eval:
  Num examples: 3584  Num correct: 3550  Precision @ 1: 0.9905  AUC @ 1: 0.9985
Validation Data Eval:
  Num examples: 256  Num correct: 194  Precision @ 1: 0.7578  AUC @ 1: 0.8407
Test Data Eval:
  Num examples: 384  Num correct: 283  Precision @ 1: 0.7370  AUC @ 1: 0.8129
Step 7000: loss = 0.4308 (0.057 sec)
Training Data Eval:
  Num examples: 3584  Num correct: 3569  Precision @ 1: 0.9958  AUC @ 1: 0.9997
Validation Data Eval:
  Num examples: 256  Num correct: 197  Precision @ 1: 0.7695  AUC @ 1: 0.8418
Test Data Eval:
  Num examples: 384  Num correct: 270  Precision @ 1: 0.7031  AUC @ 1: 0.7816
Step 7200: loss = 0.3585 (0.022 sec)
Training Data Eval:
  Num examples: 3584  Num correct: 3569  Precision @ 1: 0.9958  AUC @ 1: 0.9998
Validation Data Eval:
  Num examples: 256  Num correct: 197  Precision @ 1: 0.7695  AUC @ 1: 0.8419
Test Data Eval:
  Num examples: 384  Num correct: 271  Precision @ 1: 0.7057  AUC @ 1: 0.7965
Step 7400: loss = 0.3272 (0.021 sec)
Training Data Eval:
  Num examples: 3584  Num correct: 3553  Precision @ 1: 0.9914  AUC @ 1: 0.9995
Validation Data Eval:
  Num examples: 256  Num correct: 196  Precision @ 1: 0.7656  AUC @ 1: 0.8387
Test Data Eval:
  Num examples: 384  Num correct: 285  Precision @ 1: 0.7422  AUC @ 1: 0.8186
Step 7600: loss = 0.3736 (0.022 sec)
Training Data Eval:
  Num examples: 3584  Num correct: 3558  Precision @ 1: 0.9927  AUC @ 1: 0.9997
Validation Data Eval:
  Num examples: 256  Num correct: 190  Precision @ 1: 0.7422  AUC @ 1: 0.8432
Test Data Eval:
  Num examples: 384  Num correct: 278  Precision @ 1: 0.7240  AUC @ 1: 0.8056
Step 7800: loss = 0.3621 (0.023 sec)
Training Data Eval:
  Num examples: 3584  Num correct: 3558  Precision @ 1: 0.9927  AUC @ 1: 0.9993
Validation Data Eval:
  Num examples: 256  Num correct: 191  Precision @ 1: 0.7461  AUC @ 1: 0.8461
Test Data Eval:
  Num examples: 384  Num correct: 272  Precision @ 1: 0.7083  AUC @ 1: 0.8004
Step 8000: loss = 0.2918 (0.022 sec)
Training Data Eval:
  Num examples: 3584  Num correct: 3559  Precision @ 1: 0.9930  AUC @ 1: 0.9997
Validation Data Eval:
  Num examples: 256  Num correct: 194  Precision @ 1: 0.7578  AUC @ 1: 0.8440
Test Data Eval:
  Num examples: 384  Num correct: 280  Precision @ 1: 0.7292  AUC @ 1: 0.7922
Step 8200: loss = 0.3498 (0.022 sec)
Training Data Eval:
  Num examples: 3584  Num correct: 3576  Precision @ 1: 0.9978  AUC @ 1: 0.9999
Validation Data Eval:
  Num examples: 256  Num correct: 195  Precision @ 1: 0.7617  AUC @ 1: 0.8459
Test Data Eval:
  Num examples: 384  Num correct: 266  Precision @ 1: 0.6927  AUC @ 1: 0.7898
Step 8400: loss = 0.3379 (0.053 sec)
Training Data Eval:
  Num examples: 3584  Num correct: 3576  Precision @ 1: 0.9978  AUC @ 1: 0.9999
Validation Data Eval:
  Num examples: 256  Num correct: 193  Precision @ 1: 0.7539  AUC @ 1: 0.8492
Test Data Eval:
  Num examples: 384  Num correct: 285  Precision @ 1: 0.7422  AUC @ 1: 0.8174
Step 8600: loss = 0.3368 (0.022 sec)
Training Data Eval:
  Num examples: 3584  Num correct: 3522  Precision @ 1: 0.9827  AUC @ 1: 0.9963
Validation Data Eval:
  Num examples: 256  Num correct: 184  Precision @ 1: 0.7188  AUC @ 1: 0.8298
Test Data Eval:
  Num examples: 384  Num correct: 271  Precision @ 1: 0.7057  AUC @ 1: 0.7969
Step 8800: loss = 0.3790 (0.022 sec)
Training Data Eval:
  Num examples: 3584  Num correct: 3571  Precision @ 1: 0.9964  AUC @ 1: 0.9999
Validation Data Eval:
  Num examples: 256  Num correct: 198  Precision @ 1: 0.7734  AUC @ 1: 0.8494
Test Data Eval:
  Num examples: 384  Num correct: 272  Precision @ 1: 0.7083  AUC @ 1: 0.7978
Step 9000: loss = 0.3103 (0.022 sec)
Training Data Eval:
  Num examples: 3584  Num correct: 3576  Precision @ 1: 0.9978  AUC @ 1: 1.0000
Validation Data Eval:
  Num examples: 256  Num correct: 199  Precision @ 1: 0.7773  AUC @ 1: 0.8495
Test Data Eval:
  Num examples: 384  Num correct: 277  Precision @ 1: 0.7214  AUC @ 1: 0.7974
Step 9200: loss = 0.2826 (0.022 sec)
Training Data Eval:
  Num examples: 3584  Num correct: 3574  Precision @ 1: 0.9972  AUC @ 1: 1.0000
Validation Data Eval:
  Num examples: 256  Num correct: 194  Precision @ 1: 0.7578  AUC @ 1: 0.8449
Test Data Eval:
  Num examples: 384  Num correct: 275  Precision @ 1: 0.7161  AUC @ 1: 0.7842
Step 9400: loss = 0.3116 (0.022 sec)
Training Data Eval:
  Num examples: 3584  Num correct: 3573  Precision @ 1: 0.9969  AUC @ 1: 1.0000
Validation Data Eval:
  Num examples: 256  Num correct: 196  Precision @ 1: 0.7656  AUC @ 1: 0.8449
Test Data Eval:
  Num examples: 384  Num correct: 278  Precision @ 1: 0.7240  AUC @ 1: 0.8158
Step 9600: loss = 0.3003 (0.022 sec)
Training Data Eval:
  Num examples: 3584  Num correct: 3576  Precision @ 1: 0.9978  AUC @ 1: 1.0000
Validation Data Eval:
  Num examples: 256  Num correct: 192  Precision @ 1: 0.7500  AUC @ 1: 0.8478
Test Data Eval:
  Num examples: 384  Num correct: 275  Precision @ 1: 0.7161  AUC @ 1: 0.8032
Step 9800: loss = 0.2896 (0.056 sec)
Training Data Eval:
  Num examples: 3584  Num correct: 3577  Precision @ 1: 0.9980  AUC @ 1: 1.0000
Validation Data Eval:
  Num examples: 256  Num correct: 194  Precision @ 1: 0.7578  AUC @ 1: 0.8466
Test Data Eval:
  Num examples: 384  Num correct: 278  Precision @ 1: 0.7240  AUC @ 1: 0.8090
