Training data shape: 	(3881, 64, 30, 1)
Training label shape:	(3881,)
Testing data shape:  	(454, 64, 30, 1)
Testing label shape: 	(454,)
max input value is: 3457.30786133
min input value is: -4872.94775391
random permuted training data
==============================================================================
Model: 			inference_global_s_cnn
Tensor Name: 	Placeholder:0
[128, 64, 30, 1]
==============================================================================
Tensor Name: conv1/conv1:0
[128, 1, 30, 4]
==============================================================================
Tensor Name: MaxPool:0
[128, 1, 15, 4]
==============================================================================
Tensor Name: local1/local1:0
[128, 128]
==============================================================================
Tensor Name: local2/local2:0
[128, 128]
==============================================================================
Tensor Name: softmax_linear/softmax_linear:0
[128, 2]
Step 0: loss = 0.7534 (0.036 sec)
Training Data Eval:
  Num examples: 3584  Num correct: 2033  Precision @ 1: 0.5672  AUC @ 1: 0.7050
Validation Data Eval:
  Num examples: 256  Num correct: 144  Precision @ 1: 0.5625  AUC @ 1: 0.7171
Test Data Eval:
  Num examples: 384  Num correct: 187  Precision @ 1: 0.4870  AUC @ 1: 0.7698
Step 200: loss = 0.7378 (0.009 sec)
Training Data Eval:
  Num examples: 3584  Num correct: 2075  Precision @ 1: 0.5790  AUC @ 1: 0.7378
Validation Data Eval:
  Num examples: 256  Num correct: 154  Precision @ 1: 0.6016  AUC @ 1: 0.7845
Test Data Eval:
  Num examples: 384  Num correct: 227  Precision @ 1: 0.5911  AUC @ 1: 0.7732
Step 400: loss = 0.6723 (0.009 sec)
Training Data Eval:
  Num examples: 3584  Num correct: 2401  Precision @ 1: 0.6699  AUC @ 1: 0.7659
Validation Data Eval:
  Num examples: 256  Num correct: 179  Precision @ 1: 0.6992  AUC @ 1: 0.8105
Test Data Eval:
  Num examples: 384  Num correct: 264  Precision @ 1: 0.6875  AUC @ 1: 0.7903
Step 600: loss = 0.6408 (0.009 sec)
Training Data Eval:
  Num examples: 3584  Num correct: 2500  Precision @ 1: 0.6975  AUC @ 1: 0.7830
Validation Data Eval:
  Num examples: 256  Num correct: 187  Precision @ 1: 0.7305  AUC @ 1: 0.8163
Test Data Eval:
  Num examples: 384  Num correct: 278  Precision @ 1: 0.7240  AUC @ 1: 0.7974
Step 800: loss = 0.6476 (0.009 sec)
Training Data Eval:
  Num examples: 3584  Num correct: 2609  Precision @ 1: 0.7280  AUC @ 1: 0.8010
Validation Data Eval:
  Num examples: 256  Num correct: 183  Precision @ 1: 0.7148  AUC @ 1: 0.8159
Test Data Eval:
  Num examples: 384  Num correct: 280  Precision @ 1: 0.7292  AUC @ 1: 0.8086
Step 1000: loss = 0.6326 (0.009 sec)
Training Data Eval:
  Num examples: 3584  Num correct: 2632  Precision @ 1: 0.7344  AUC @ 1: 0.8066
Validation Data Eval:
  Num examples: 256  Num correct: 187  Precision @ 1: 0.7305  AUC @ 1: 0.8131
Test Data Eval:
  Num examples: 384  Num correct: 286  Precision @ 1: 0.7448  AUC @ 1: 0.8106
Step 1200: loss = 0.6336 (0.011 sec)
Training Data Eval:
  Num examples: 3584  Num correct: 2661  Precision @ 1: 0.7425  AUC @ 1: 0.8186
Validation Data Eval:
  Num examples: 256  Num correct: 189  Precision @ 1: 0.7383  AUC @ 1: 0.8173
Test Data Eval:
  Num examples: 384  Num correct: 282  Precision @ 1: 0.7344  AUC @ 1: 0.8107
Step 1400: loss = 0.5368 (0.048 sec)
Training Data Eval:
  Num examples: 3584  Num correct: 2694  Precision @ 1: 0.7517  AUC @ 1: 0.8289
Validation Data Eval:
  Num examples: 256  Num correct: 185  Precision @ 1: 0.7227  AUC @ 1: 0.8087
Test Data Eval:
  Num examples: 384  Num correct: 281  Precision @ 1: 0.7318  AUC @ 1: 0.8137
Step 1600: loss = 0.5423 (0.010 sec)
Training Data Eval:
  Num examples: 3584  Num correct: 2710  Precision @ 1: 0.7561  AUC @ 1: 0.8369
Validation Data Eval:
  Num examples: 256  Num correct: 183  Precision @ 1: 0.7148  AUC @ 1: 0.8066
Test Data Eval:
  Num examples: 384  Num correct: 291  Precision @ 1: 0.7578  AUC @ 1: 0.8228
Step 1800: loss = 0.5778 (0.009 sec)
Training Data Eval:
  Num examples: 3584  Num correct: 2708  Precision @ 1: 0.7556  AUC @ 1: 0.8348
Validation Data Eval:
  Num examples: 256  Num correct: 182  Precision @ 1: 0.7109  AUC @ 1: 0.8050
Test Data Eval:
  Num examples: 384  Num correct: 284  Precision @ 1: 0.7396  AUC @ 1: 0.8195
Step 2000: loss = 0.5445 (0.009 sec)
Training Data Eval:
  Num examples: 3584  Num correct: 2703  Precision @ 1: 0.7542  AUC @ 1: 0.8353
Validation Data Eval:
  Num examples: 256  Num correct: 181  Precision @ 1: 0.7070  AUC @ 1: 0.8091
Test Data Eval:
  Num examples: 384  Num correct: 279  Precision @ 1: 0.7266  AUC @ 1: 0.8180
Step 2200: loss = 0.5128 (0.009 sec)
Training Data Eval:
  Num examples: 3584  Num correct: 2781  Precision @ 1: 0.7759  AUC @ 1: 0.8580
Validation Data Eval:
  Num examples: 256  Num correct: 185  Precision @ 1: 0.7227  AUC @ 1: 0.8114
Test Data Eval:
  Num examples: 384  Num correct: 277  Precision @ 1: 0.7214  AUC @ 1: 0.8213
Step 2400: loss = 0.5178 (0.009 sec)
Training Data Eval:
  Num examples: 3584  Num correct: 2756  Precision @ 1: 0.7690  AUC @ 1: 0.8556
Validation Data Eval:
  Num examples: 256  Num correct: 187  Precision @ 1: 0.7305  AUC @ 1: 0.8154
Test Data Eval:
  Num examples: 384  Num correct: 269  Precision @ 1: 0.7005  AUC @ 1: 0.8072
Step 2600: loss = 0.5598 (0.009 sec)
Training Data Eval:
  Num examples: 3584  Num correct: 2786  Precision @ 1: 0.7773  AUC @ 1: 0.8587
Validation Data Eval:
  Num examples: 256  Num correct: 180  Precision @ 1: 0.7031  AUC @ 1: 0.8109
Test Data Eval:
  Num examples: 384  Num correct: 279  Precision @ 1: 0.7266  AUC @ 1: 0.8152
Step 2800: loss = 0.5295 (0.044 sec)
Training Data Eval:
  Num examples: 3584  Num correct: 2782  Precision @ 1: 0.7762  AUC @ 1: 0.8629
Validation Data Eval:
  Num examples: 256  Num correct: 179  Precision @ 1: 0.6992  AUC @ 1: 0.8040
Test Data Eval:
  Num examples: 384  Num correct: 278  Precision @ 1: 0.7240  AUC @ 1: 0.8121
Step 3000: loss = 0.5613 (0.010 sec)
Training Data Eval:
  Num examples: 3584  Num correct: 2797  Precision @ 1: 0.7804  AUC @ 1: 0.8613
Validation Data Eval:
  Num examples: 256  Num correct: 182  Precision @ 1: 0.7109  AUC @ 1: 0.8116
Test Data Eval:
  Num examples: 384  Num correct: 274  Precision @ 1: 0.7135  AUC @ 1: 0.8109
Step 3200: loss = 0.4757 (0.009 sec)
Training Data Eval:
  Num examples: 3584  Num correct: 2833  Precision @ 1: 0.7905  AUC @ 1: 0.8722
Validation Data Eval:
  Num examples: 256  Num correct: 179  Precision @ 1: 0.6992  AUC @ 1: 0.8056
Test Data Eval:
  Num examples: 384  Num correct: 270  Precision @ 1: 0.7031  AUC @ 1: 0.8026
Step 3400: loss = 0.4187 (0.009 sec)
Training Data Eval:
  Num examples: 3584  Num correct: 2834  Precision @ 1: 0.7907  AUC @ 1: 0.8745
Validation Data Eval:
  Num examples: 256  Num correct: 184  Precision @ 1: 0.7188  AUC @ 1: 0.8043
Test Data Eval:
  Num examples: 384  Num correct: 268  Precision @ 1: 0.6979  AUC @ 1: 0.7984
Step 3600: loss = 0.5709 (0.009 sec)
Training Data Eval:
  Num examples: 3584  Num correct: 2843  Precision @ 1: 0.7932  AUC @ 1: 0.8769
Validation Data Eval:
  Num examples: 256  Num correct: 183  Precision @ 1: 0.7148  AUC @ 1: 0.8052
Test Data Eval:
  Num examples: 384  Num correct: 268  Precision @ 1: 0.6979  AUC @ 1: 0.7978
Step 3800: loss = 0.6039 (0.009 sec)
Training Data Eval:
  Num examples: 3584  Num correct: 2860  Precision @ 1: 0.7980  AUC @ 1: 0.8798
Validation Data Eval:
  Num examples: 256  Num correct: 179  Precision @ 1: 0.6992  AUC @ 1: 0.8134
Test Data Eval:
  Num examples: 384  Num correct: 281  Precision @ 1: 0.7318  AUC @ 1: 0.8163
Step 4000: loss = 0.5164 (0.010 sec)
Training Data Eval:
  Num examples: 3584  Num correct: 2874  Precision @ 1: 0.8019  AUC @ 1: 0.8834
Validation Data Eval:
  Num examples: 256  Num correct: 185  Precision @ 1: 0.7227  AUC @ 1: 0.8088
Test Data Eval:
  Num examples: 384  Num correct: 274  Precision @ 1: 0.7135  AUC @ 1: 0.8050
Step 4200: loss = 0.5008 (0.043 sec)
Training Data Eval:
  Num examples: 3584  Num correct: 2864  Precision @ 1: 0.7991  AUC @ 1: 0.8829
Validation Data Eval:
  Num examples: 256  Num correct: 179  Precision @ 1: 0.6992  AUC @ 1: 0.8036
Test Data Eval:
  Num examples: 384  Num correct: 268  Precision @ 1: 0.6979  AUC @ 1: 0.7925
Step 4400: loss = 0.5989 (0.010 sec)
Training Data Eval:
  Num examples: 3584  Num correct: 2862  Precision @ 1: 0.7985  AUC @ 1: 0.8812
Validation Data Eval:
  Num examples: 256  Num correct: 184  Precision @ 1: 0.7188  AUC @ 1: 0.8064
Test Data Eval:
  Num examples: 384  Num correct: 271  Precision @ 1: 0.7057  AUC @ 1: 0.8006
Step 4600: loss = 0.5040 (0.009 sec)
Training Data Eval:
  Num examples: 3584  Num correct: 2908  Precision @ 1: 0.8114  AUC @ 1: 0.8924
Validation Data Eval:
  Num examples: 256  Num correct: 182  Precision @ 1: 0.7109  AUC @ 1: 0.8041
Test Data Eval:
  Num examples: 384  Num correct: 277  Precision @ 1: 0.7214  AUC @ 1: 0.8123
Step 4800: loss = 0.4177 (0.009 sec)
Training Data Eval:
  Num examples: 3584  Num correct: 2898  Precision @ 1: 0.8086  AUC @ 1: 0.8949
Validation Data Eval:
  Num examples: 256  Num correct: 183  Precision @ 1: 0.7148  AUC @ 1: 0.8086
Test Data Eval:
  Num examples: 384  Num correct: 270  Precision @ 1: 0.7031  AUC @ 1: 0.8063
Step 5000: loss = 0.5233 (0.009 sec)
Training Data Eval:
  Num examples: 3584  Num correct: 2915  Precision @ 1: 0.8133  AUC @ 1: 0.8895
Validation Data Eval:
  Num examples: 256  Num correct: 187  Precision @ 1: 0.7305  AUC @ 1: 0.8025
Test Data Eval:
  Num examples: 384  Num correct: 279  Precision @ 1: 0.7266  AUC @ 1: 0.7949
Step 5200: loss = 0.5100 (0.009 sec)
Training Data Eval:
  Num examples: 3584  Num correct: 2928  Precision @ 1: 0.8170  AUC @ 1: 0.8952
Validation Data Eval:
  Num examples: 256  Num correct: 185  Precision @ 1: 0.7227  AUC @ 1: 0.8092
Test Data Eval:
  Num examples: 384  Num correct: 272  Precision @ 1: 0.7083  AUC @ 1: 0.7880
Step 5400: loss = 0.4696 (0.010 sec)
Training Data Eval:
  Num examples: 3584  Num correct: 2957  Precision @ 1: 0.8251  AUC @ 1: 0.8982
Validation Data Eval:
  Num examples: 256  Num correct: 185  Precision @ 1: 0.7227  AUC @ 1: 0.8082
Test Data Eval:
  Num examples: 384  Num correct: 276  Precision @ 1: 0.7188  AUC @ 1: 0.8028
Step 5600: loss = 0.3612 (0.048 sec)
Training Data Eval:
  Num examples: 3584  Num correct: 2916  Precision @ 1: 0.8136  AUC @ 1: 0.8933
Validation Data Eval:
  Num examples: 256  Num correct: 186  Precision @ 1: 0.7266  AUC @ 1: 0.8095
Test Data Eval:
  Num examples: 384  Num correct: 272  Precision @ 1: 0.7083  AUC @ 1: 0.7835
Step 5800: loss = 0.4371 (0.009 sec)
Training Data Eval:
  Num examples: 3584  Num correct: 2952  Precision @ 1: 0.8237  AUC @ 1: 0.9029
Validation Data Eval:
  Num examples: 256  Num correct: 185  Precision @ 1: 0.7227  AUC @ 1: 0.8075
Test Data Eval:
  Num examples: 384  Num correct: 272  Precision @ 1: 0.7083  AUC @ 1: 0.8001
Step 6000: loss = 0.4652 (0.009 sec)
Training Data Eval:
  Num examples: 3584  Num correct: 2946  Precision @ 1: 0.8220  AUC @ 1: 0.8999
Validation Data Eval:
  Num examples: 256  Num correct: 188  Precision @ 1: 0.7344  AUC @ 1: 0.8080
Test Data Eval:
  Num examples: 384  Num correct: 273  Precision @ 1: 0.7109  AUC @ 1: 0.7920
Step 6200: loss = 0.5763 (0.010 sec)
Training Data Eval:
  Num examples: 3584  Num correct: 2965  Precision @ 1: 0.8273  AUC @ 1: 0.9054
Validation Data Eval:
  Num examples: 256  Num correct: 185  Precision @ 1: 0.7227  AUC @ 1: 0.8093
Test Data Eval:
  Num examples: 384  Num correct: 270  Precision @ 1: 0.7031  AUC @ 1: 0.7955
Step 6400: loss = 0.4496 (0.010 sec)
Training Data Eval:
  Num examples: 3584  Num correct: 2939  Precision @ 1: 0.8200  AUC @ 1: 0.8990
Validation Data Eval:
  Num examples: 256  Num correct: 186  Precision @ 1: 0.7266  AUC @ 1: 0.8077
Test Data Eval:
  Num examples: 384  Num correct: 274  Precision @ 1: 0.7135  AUC @ 1: 0.7945
Step 6600: loss = 0.4868 (0.010 sec)
Training Data Eval:
  Num examples: 3584  Num correct: 2959  Precision @ 1: 0.8256  AUC @ 1: 0.9019
Validation Data Eval:
  Num examples: 256  Num correct: 184  Precision @ 1: 0.7188  AUC @ 1: 0.8102
Test Data Eval:
  Num examples: 384  Num correct: 274  Precision @ 1: 0.7135  AUC @ 1: 0.7912
Step 6800: loss = 0.3854 (0.009 sec)
Training Data Eval:
  Num examples: 3584  Num correct: 2974  Precision @ 1: 0.8298  AUC @ 1: 0.9082
Validation Data Eval:
  Num examples: 256  Num correct: 189  Precision @ 1: 0.7383  AUC @ 1: 0.8155
Test Data Eval:
  Num examples: 384  Num correct: 267  Precision @ 1: 0.6953  AUC @ 1: 0.7934
Step 7000: loss = 0.3719 (0.046 sec)
Training Data Eval:
  Num examples: 3584  Num correct: 3003  Precision @ 1: 0.8379  AUC @ 1: 0.9110
Validation Data Eval:
  Num examples: 256  Num correct: 186  Precision @ 1: 0.7266  AUC @ 1: 0.8055
Test Data Eval:
  Num examples: 384  Num correct: 266  Precision @ 1: 0.6927  AUC @ 1: 0.7848
Step 7200: loss = 0.4300 (0.009 sec)
Training Data Eval:
  Num examples: 3584  Num correct: 3002  Precision @ 1: 0.8376  AUC @ 1: 0.9123
Validation Data Eval:
  Num examples: 256  Num correct: 187  Precision @ 1: 0.7305  AUC @ 1: 0.8083
Test Data Eval:
  Num examples: 384  Num correct: 273  Precision @ 1: 0.7109  AUC @ 1: 0.7966
Step 7400: loss = 0.4862 (0.009 sec)
Training Data Eval:
  Num examples: 3584  Num correct: 2998  Precision @ 1: 0.8365  AUC @ 1: 0.9167
Validation Data Eval:
  Num examples: 256  Num correct: 187  Precision @ 1: 0.7305  AUC @ 1: 0.8181
Test Data Eval:
  Num examples: 384  Num correct: 272  Precision @ 1: 0.7083  AUC @ 1: 0.7921
Step 7600: loss = 0.3932 (0.009 sec)
Training Data Eval:
  Num examples: 3584  Num correct: 3029  Precision @ 1: 0.8451  AUC @ 1: 0.9174
Validation Data Eval:
  Num examples: 256  Num correct: 188  Precision @ 1: 0.7344  AUC @ 1: 0.8145
Test Data Eval:
  Num examples: 384  Num correct: 274  Precision @ 1: 0.7135  AUC @ 1: 0.7925
Step 7800: loss = 0.4341 (0.009 sec)
Training Data Eval:
  Num examples: 3584  Num correct: 3034  Precision @ 1: 0.8465  AUC @ 1: 0.9179
Validation Data Eval:
  Num examples: 256  Num correct: 187  Precision @ 1: 0.7305  AUC @ 1: 0.8121
Test Data Eval:
  Num examples: 384  Num correct: 277  Precision @ 1: 0.7214  AUC @ 1: 0.8015
Step 8000: loss = 0.3966 (0.009 sec)
Training Data Eval:
  Num examples: 3584  Num correct: 3022  Precision @ 1: 0.8432  AUC @ 1: 0.9179
Validation Data Eval:
  Num examples: 256  Num correct: 186  Precision @ 1: 0.7266  AUC @ 1: 0.8117
Test Data Eval:
  Num examples: 384  Num correct: 278  Precision @ 1: 0.7240  AUC @ 1: 0.8047
Step 8200: loss = 0.4044 (0.009 sec)
Training Data Eval:
  Num examples: 3584  Num correct: 3053  Precision @ 1: 0.8518  AUC @ 1: 0.9240
Validation Data Eval:
  Num examples: 256  Num correct: 188  Precision @ 1: 0.7344  AUC @ 1: 0.8156
Test Data Eval:
  Num examples: 384  Num correct: 262  Precision @ 1: 0.6823  AUC @ 1: 0.7830
Step 8400: loss = 0.4419 (0.043 sec)
Training Data Eval:
  Num examples: 3584  Num correct: 3075  Precision @ 1: 0.8580  AUC @ 1: 0.9266
Validation Data Eval:
  Num examples: 256  Num correct: 188  Precision @ 1: 0.7344  AUC @ 1: 0.8147
Test Data Eval:
  Num examples: 384  Num correct: 275  Precision @ 1: 0.7161  AUC @ 1: 0.8042
Step 8600: loss = 0.4508 (0.009 sec)
Training Data Eval:
  Num examples: 3584  Num correct: 3046  Precision @ 1: 0.8499  AUC @ 1: 0.9237
Validation Data Eval:
  Num examples: 256  Num correct: 189  Precision @ 1: 0.7383  AUC @ 1: 0.8192
Test Data Eval:
  Num examples: 384  Num correct: 275  Precision @ 1: 0.7161  AUC @ 1: 0.8008
Step 8800: loss = 0.4798 (0.010 sec)
Training Data Eval:
  Num examples: 3584  Num correct: 3047  Precision @ 1: 0.8502  AUC @ 1: 0.9283
Validation Data Eval:
  Num examples: 256  Num correct: 187  Precision @ 1: 0.7305  AUC @ 1: 0.8197
Test Data Eval:
  Num examples: 384  Num correct: 269  Precision @ 1: 0.7005  AUC @ 1: 0.7949
Step 9000: loss = 0.4643 (0.009 sec)
Training Data Eval:
  Num examples: 3584  Num correct: 3082  Precision @ 1: 0.8599  AUC @ 1: 0.9296
Validation Data Eval:
  Num examples: 256  Num correct: 189  Precision @ 1: 0.7383  AUC @ 1: 0.8206
Test Data Eval:
  Num examples: 384  Num correct: 271  Precision @ 1: 0.7057  AUC @ 1: 0.7922
Step 9200: loss = 0.3938 (0.010 sec)
Training Data Eval:
  Num examples: 3584  Num correct: 3077  Precision @ 1: 0.8585  AUC @ 1: 0.9290
Validation Data Eval:
  Num examples: 256  Num correct: 189  Precision @ 1: 0.7383  AUC @ 1: 0.8206
Test Data Eval:
  Num examples: 384  Num correct: 268  Precision @ 1: 0.6979  AUC @ 1: 0.7854
Step 9400: loss = 0.3566 (0.009 sec)
Training Data Eval:
  Num examples: 3584  Num correct: 3071  Precision @ 1: 0.8569  AUC @ 1: 0.9289
Validation Data Eval:
  Num examples: 256  Num correct: 186  Precision @ 1: 0.7266  AUC @ 1: 0.8105
Test Data Eval:
  Num examples: 384  Num correct: 271  Precision @ 1: 0.7057  AUC @ 1: 0.8036
Step 9600: loss = 0.3521 (0.009 sec)
Training Data Eval:
  Num examples: 3584  Num correct: 3092  Precision @ 1: 0.8627  AUC @ 1: 0.9341
Validation Data Eval:
  Num examples: 256  Num correct: 191  Precision @ 1: 0.7461  AUC @ 1: 0.8147
Test Data Eval:
  Num examples: 384  Num correct: 266  Precision @ 1: 0.6927  AUC @ 1: 0.7970
Step 9800: loss = 0.3559 (0.067 sec)
Training Data Eval:
  Num examples: 3584  Num correct: 3095  Precision @ 1: 0.8636  AUC @ 1: 0.9333
Validation Data Eval:
  Num examples: 256  Num correct: 191  Precision @ 1: 0.7461  AUC @ 1: 0.8158
Test Data Eval:
  Num examples: 384  Num correct: 278  Precision @ 1: 0.7240  AUC @ 1: 0.8037
