Training data shape: 	(3881, 64, 30, 1)
Training label shape:	(3881,)
Testing data shape:  	(454, 64, 30, 1)
Testing label shape: 	(454,)
max input value is: 3457.30786133
min input value is: -4872.94775391
random permuted training data
==============================================================================
Model: 			inference_global_s_cnn
Tensor Name: 	Placeholder:0
[128, 64, 30, 1]
==============================================================================
Tensor Name: conv1/conv1:0
[128, 1, 30, 8]
==============================================================================
Tensor Name: MaxPool:0
[128, 1, 15, 8]
==============================================================================
Tensor Name: local1/local1:0
[128, 128]
==============================================================================
Tensor Name: local2/local2:0
[128, 128]
==============================================================================
Tensor Name: softmax_linear/softmax_linear:0
[128, 2]
Step 0: loss = 0.7740 (0.033 sec)
Training Data Eval:
  Num examples: 3584  Num correct: 2004  Precision @ 1: 0.5592  AUC @ 1: 0.7284
Validation Data Eval:
  Num examples: 256  Num correct: 138  Precision @ 1: 0.5391  AUC @ 1: 0.7306
Test Data Eval:
  Num examples: 384  Num correct: 187  Precision @ 1: 0.4870  AUC @ 1: 0.8092
Step 200: loss = 0.6928 (0.010 sec)
Training Data Eval:
  Num examples: 3584  Num correct: 2130  Precision @ 1: 0.5943  AUC @ 1: 0.7362
Validation Data Eval:
  Num examples: 256  Num correct: 149  Precision @ 1: 0.5820  AUC @ 1: 0.7585
Test Data Eval:
  Num examples: 384  Num correct: 228  Precision @ 1: 0.5938  AUC @ 1: 0.7735
Step 400: loss = 0.6789 (0.010 sec)
Training Data Eval:
  Num examples: 3584  Num correct: 2424  Precision @ 1: 0.6763  AUC @ 1: 0.7867
Validation Data Eval:
  Num examples: 256  Num correct: 172  Precision @ 1: 0.6719  AUC @ 1: 0.7791
Test Data Eval:
  Num examples: 384  Num correct: 268  Precision @ 1: 0.6979  AUC @ 1: 0.8126
Step 600: loss = 0.6330 (0.010 sec)
Training Data Eval:
  Num examples: 3584  Num correct: 2643  Precision @ 1: 0.7374  AUC @ 1: 0.8151
Validation Data Eval:
  Num examples: 256  Num correct: 191  Precision @ 1: 0.7461  AUC @ 1: 0.8142
Test Data Eval:
  Num examples: 384  Num correct: 287  Precision @ 1: 0.7474  AUC @ 1: 0.8149
Step 800: loss = 0.6385 (0.010 sec)
Training Data Eval:
  Num examples: 3584  Num correct: 2629  Precision @ 1: 0.7335  AUC @ 1: 0.8098
Validation Data Eval:
  Num examples: 256  Num correct: 192  Precision @ 1: 0.7500  AUC @ 1: 0.8095
Test Data Eval:
  Num examples: 384  Num correct: 294  Precision @ 1: 0.7656  AUC @ 1: 0.8304
Step 1000: loss = 0.6799 (0.011 sec)
Training Data Eval:
  Num examples: 3584  Num correct: 2691  Precision @ 1: 0.7508  AUC @ 1: 0.8307
Validation Data Eval:
  Num examples: 256  Num correct: 190  Precision @ 1: 0.7422  AUC @ 1: 0.8136
Test Data Eval:
  Num examples: 384  Num correct: 294  Precision @ 1: 0.7656  AUC @ 1: 0.8301
Step 1200: loss = 0.6418 (0.010 sec)
Training Data Eval:
  Num examples: 3584  Num correct: 2723  Precision @ 1: 0.7598  AUC @ 1: 0.8384
Validation Data Eval:
  Num examples: 256  Num correct: 192  Precision @ 1: 0.7500  AUC @ 1: 0.8187
Test Data Eval:
  Num examples: 384  Num correct: 291  Precision @ 1: 0.7578  AUC @ 1: 0.8338
Step 1400: loss = 0.5483 (0.048 sec)
Training Data Eval:
  Num examples: 3584  Num correct: 2747  Precision @ 1: 0.7665  AUC @ 1: 0.8529
Validation Data Eval:
  Num examples: 256  Num correct: 190  Precision @ 1: 0.7422  AUC @ 1: 0.8187
Test Data Eval:
  Num examples: 384  Num correct: 289  Precision @ 1: 0.7526  AUC @ 1: 0.8348
Step 1600: loss = 0.5602 (0.011 sec)
Training Data Eval:
  Num examples: 3584  Num correct: 2750  Precision @ 1: 0.7673  AUC @ 1: 0.8520
Validation Data Eval:
  Num examples: 256  Num correct: 190  Precision @ 1: 0.7422  AUC @ 1: 0.8158
Test Data Eval:
  Num examples: 384  Num correct: 277  Precision @ 1: 0.7214  AUC @ 1: 0.8188
Step 1800: loss = 0.5797 (0.010 sec)
Training Data Eval:
  Num examples: 3584  Num correct: 2757  Precision @ 1: 0.7693  AUC @ 1: 0.8622
Validation Data Eval:
  Num examples: 256  Num correct: 189  Precision @ 1: 0.7383  AUC @ 1: 0.8254
Test Data Eval:
  Num examples: 384  Num correct: 277  Precision @ 1: 0.7214  AUC @ 1: 0.8214
Step 2000: loss = 0.5605 (0.010 sec)
Training Data Eval:
  Num examples: 3584  Num correct: 2796  Precision @ 1: 0.7801  AUC @ 1: 0.8690
Validation Data Eval:
  Num examples: 256  Num correct: 191  Precision @ 1: 0.7461  AUC @ 1: 0.8272
Test Data Eval:
  Num examples: 384  Num correct: 279  Precision @ 1: 0.7266  AUC @ 1: 0.8192
Step 2200: loss = 0.5195 (0.010 sec)
Training Data Eval:
  Num examples: 3584  Num correct: 2840  Precision @ 1: 0.7924  AUC @ 1: 0.8776
Validation Data Eval:
  Num examples: 256  Num correct: 188  Precision @ 1: 0.7344  AUC @ 1: 0.8283
Test Data Eval:
  Num examples: 384  Num correct: 273  Precision @ 1: 0.7109  AUC @ 1: 0.8132
Step 2400: loss = 0.5440 (0.010 sec)
Training Data Eval:
  Num examples: 3584  Num correct: 2851  Precision @ 1: 0.7955  AUC @ 1: 0.8828
Validation Data Eval:
  Num examples: 256  Num correct: 189  Precision @ 1: 0.7383  AUC @ 1: 0.8269
Test Data Eval:
  Num examples: 384  Num correct: 287  Precision @ 1: 0.7474  AUC @ 1: 0.8344
Step 2600: loss = 0.4582 (0.010 sec)
Training Data Eval:
  Num examples: 3584  Num correct: 2905  Precision @ 1: 0.8105  AUC @ 1: 0.8901
Validation Data Eval:
  Num examples: 256  Num correct: 190  Precision @ 1: 0.7422  AUC @ 1: 0.8311
Test Data Eval:
  Num examples: 384  Num correct: 279  Precision @ 1: 0.7266  AUC @ 1: 0.8203
Step 2800: loss = 0.5115 (0.043 sec)
Training Data Eval:
  Num examples: 3584  Num correct: 2898  Precision @ 1: 0.8086  AUC @ 1: 0.8886
Validation Data Eval:
  Num examples: 256  Num correct: 189  Precision @ 1: 0.7383  AUC @ 1: 0.8268
Test Data Eval:
  Num examples: 384  Num correct: 274  Precision @ 1: 0.7135  AUC @ 1: 0.8226
Step 3000: loss = 0.4798 (0.010 sec)
Training Data Eval:
  Num examples: 3584  Num correct: 2934  Precision @ 1: 0.8186  AUC @ 1: 0.8977
Validation Data Eval:
  Num examples: 256  Num correct: 196  Precision @ 1: 0.7656  AUC @ 1: 0.8349
Test Data Eval:
  Num examples: 384  Num correct: 271  Precision @ 1: 0.7057  AUC @ 1: 0.8239
Step 3200: loss = 0.4677 (0.010 sec)
Training Data Eval:
  Num examples: 3584  Num correct: 2974  Precision @ 1: 0.8298  AUC @ 1: 0.9054
Validation Data Eval:
  Num examples: 256  Num correct: 192  Precision @ 1: 0.7500  AUC @ 1: 0.8329
Test Data Eval:
  Num examples: 384  Num correct: 284  Precision @ 1: 0.7396  AUC @ 1: 0.8253
Step 3400: loss = 0.4992 (0.010 sec)
Training Data Eval:
  Num examples: 3584  Num correct: 2992  Precision @ 1: 0.8348  AUC @ 1: 0.9113
Validation Data Eval:
  Num examples: 256  Num correct: 195  Precision @ 1: 0.7617  AUC @ 1: 0.8389
Test Data Eval:
  Num examples: 384  Num correct: 290  Precision @ 1: 0.7552  AUC @ 1: 0.8422
Step 3600: loss = 0.4843 (0.010 sec)
Training Data Eval:
  Num examples: 3584  Num correct: 2986  Precision @ 1: 0.8331  AUC @ 1: 0.9085
Validation Data Eval:
  Num examples: 256  Num correct: 198  Precision @ 1: 0.7734  AUC @ 1: 0.8370
Test Data Eval:
  Num examples: 384  Num correct: 274  Precision @ 1: 0.7135  AUC @ 1: 0.8155
Step 3800: loss = 0.5677 (0.010 sec)
Training Data Eval:
  Num examples: 3584  Num correct: 2995  Precision @ 1: 0.8357  AUC @ 1: 0.9154
Validation Data Eval:
  Num examples: 256  Num correct: 191  Precision @ 1: 0.7461  AUC @ 1: 0.8342
Test Data Eval:
  Num examples: 384  Num correct: 282  Precision @ 1: 0.7344  AUC @ 1: 0.8234
Step 4000: loss = 0.4116 (0.010 sec)
Training Data Eval:
  Num examples: 3584  Num correct: 3039  Precision @ 1: 0.8479  AUC @ 1: 0.9251
Validation Data Eval:
  Num examples: 256  Num correct: 193  Precision @ 1: 0.7539  AUC @ 1: 0.8324
Test Data Eval:
  Num examples: 384  Num correct: 273  Precision @ 1: 0.7109  AUC @ 1: 0.8181
Step 4200: loss = 0.3670 (0.045 sec)
Training Data Eval:
  Num examples: 3584  Num correct: 3032  Precision @ 1: 0.8460  AUC @ 1: 0.9211
Validation Data Eval:
  Num examples: 256  Num correct: 190  Precision @ 1: 0.7422  AUC @ 1: 0.8351
Test Data Eval:
  Num examples: 384  Num correct: 277  Precision @ 1: 0.7214  AUC @ 1: 0.8069
Step 4400: loss = 0.5171 (0.011 sec)
Training Data Eval:
  Num examples: 3584  Num correct: 3042  Precision @ 1: 0.8488  AUC @ 1: 0.9232
Validation Data Eval:
  Num examples: 256  Num correct: 193  Precision @ 1: 0.7539  AUC @ 1: 0.8290
Test Data Eval:
  Num examples: 384  Num correct: 276  Precision @ 1: 0.7188  AUC @ 1: 0.8220
Step 4600: loss = 0.3808 (0.010 sec)
Training Data Eval:
  Num examples: 3584  Num correct: 3069  Precision @ 1: 0.8563  AUC @ 1: 0.9325
Validation Data Eval:
  Num examples: 256  Num correct: 195  Precision @ 1: 0.7617  AUC @ 1: 0.8381
Test Data Eval:
  Num examples: 384  Num correct: 276  Precision @ 1: 0.7188  AUC @ 1: 0.8255
Step 4800: loss = 0.4285 (0.011 sec)
Training Data Eval:
  Num examples: 3584  Num correct: 3087  Precision @ 1: 0.8613  AUC @ 1: 0.9344
Validation Data Eval:
  Num examples: 256  Num correct: 193  Precision @ 1: 0.7539  AUC @ 1: 0.8366
Test Data Eval:
  Num examples: 384  Num correct: 272  Precision @ 1: 0.7083  AUC @ 1: 0.8215
Step 5000: loss = 0.3286 (0.011 sec)
Training Data Eval:
  Num examples: 3584  Num correct: 3038  Precision @ 1: 0.8477  AUC @ 1: 0.9259
Validation Data Eval:
  Num examples: 256  Num correct: 196  Precision @ 1: 0.7656  AUC @ 1: 0.8414
Test Data Eval:
  Num examples: 384  Num correct: 279  Precision @ 1: 0.7266  AUC @ 1: 0.8203
Step 5200: loss = 0.3754 (0.010 sec)
Training Data Eval:
  Num examples: 3584  Num correct: 3136  Precision @ 1: 0.8750  AUC @ 1: 0.9462
Validation Data Eval:
  Num examples: 256  Num correct: 192  Precision @ 1: 0.7500  AUC @ 1: 0.8395
Test Data Eval:
  Num examples: 384  Num correct: 273  Precision @ 1: 0.7109  AUC @ 1: 0.8031
Step 5400: loss = 0.5187 (0.010 sec)
Training Data Eval:
  Num examples: 3584  Num correct: 3146  Precision @ 1: 0.8778  AUC @ 1: 0.9471
Validation Data Eval:
  Num examples: 256  Num correct: 192  Precision @ 1: 0.7500  AUC @ 1: 0.8308
Test Data Eval:
  Num examples: 384  Num correct: 283  Precision @ 1: 0.7370  AUC @ 1: 0.8224
Step 5600: loss = 0.4787 (0.042 sec)
Training Data Eval:
  Num examples: 3584  Num correct: 3165  Precision @ 1: 0.8831  AUC @ 1: 0.9536
Validation Data Eval:
  Num examples: 256  Num correct: 192  Precision @ 1: 0.7500  AUC @ 1: 0.8389
Test Data Eval:
  Num examples: 384  Num correct: 275  Precision @ 1: 0.7161  AUC @ 1: 0.8083
Step 5800: loss = 0.3518 (0.010 sec)
Training Data Eval:
  Num examples: 3584  Num correct: 3136  Precision @ 1: 0.8750  AUC @ 1: 0.9491
Validation Data Eval:
  Num examples: 256  Num correct: 193  Precision @ 1: 0.7539  AUC @ 1: 0.8395
Test Data Eval:
  Num examples: 384  Num correct: 275  Precision @ 1: 0.7161  AUC @ 1: 0.8071
Step 6000: loss = 0.3944 (0.010 sec)
Training Data Eval:
  Num examples: 3584  Num correct: 3184  Precision @ 1: 0.8884  AUC @ 1: 0.9536
Validation Data Eval:
  Num examples: 256  Num correct: 196  Precision @ 1: 0.7656  AUC @ 1: 0.8397
Test Data Eval:
  Num examples: 384  Num correct: 274  Precision @ 1: 0.7135  AUC @ 1: 0.8104
Step 6200: loss = 0.5071 (0.010 sec)
Training Data Eval:
  Num examples: 3584  Num correct: 3185  Precision @ 1: 0.8887  AUC @ 1: 0.9582
Validation Data Eval:
  Num examples: 256  Num correct: 191  Precision @ 1: 0.7461  AUC @ 1: 0.8361
Test Data Eval:
  Num examples: 384  Num correct: 273  Precision @ 1: 0.7109  AUC @ 1: 0.8117
Step 6400: loss = 0.3265 (0.010 sec)
Training Data Eval:
  Num examples: 3584  Num correct: 3222  Precision @ 1: 0.8990  AUC @ 1: 0.9636
Validation Data Eval:
  Num examples: 256  Num correct: 192  Precision @ 1: 0.7500  AUC @ 1: 0.8328
Test Data Eval:
  Num examples: 384  Num correct: 276  Precision @ 1: 0.7188  AUC @ 1: 0.8137
Step 6600: loss = 0.3416 (0.010 sec)
Training Data Eval:
  Num examples: 3584  Num correct: 3242  Precision @ 1: 0.9046  AUC @ 1: 0.9675
Validation Data Eval:
  Num examples: 256  Num correct: 191  Precision @ 1: 0.7461  AUC @ 1: 0.8421
Test Data Eval:
  Num examples: 384  Num correct: 282  Precision @ 1: 0.7344  AUC @ 1: 0.8334
Step 6800: loss = 0.3666 (0.010 sec)
Training Data Eval:
  Num examples: 3584  Num correct: 3231  Precision @ 1: 0.9015  AUC @ 1: 0.9633
Validation Data Eval:
  Num examples: 256  Num correct: 191  Precision @ 1: 0.7461  AUC @ 1: 0.8352
Test Data Eval:
  Num examples: 384  Num correct: 282  Precision @ 1: 0.7344  AUC @ 1: 0.8169
Step 7000: loss = 0.3621 (0.044 sec)
Training Data Eval:
  Num examples: 3584  Num correct: 3232  Precision @ 1: 0.9018  AUC @ 1: 0.9629
Validation Data Eval:
  Num examples: 256  Num correct: 192  Precision @ 1: 0.7500  AUC @ 1: 0.8370
Test Data Eval:
  Num examples: 384  Num correct: 274  Precision @ 1: 0.7135  AUC @ 1: 0.7999
Step 7200: loss = 0.3060 (0.010 sec)
Training Data Eval:
  Num examples: 3584  Num correct: 3285  Precision @ 1: 0.9166  AUC @ 1: 0.9701
Validation Data Eval:
  Num examples: 256  Num correct: 193  Precision @ 1: 0.7539  AUC @ 1: 0.8406
Test Data Eval:
  Num examples: 384  Num correct: 277  Precision @ 1: 0.7214  AUC @ 1: 0.7993
Step 7400: loss = 0.2497 (0.010 sec)
Training Data Eval:
  Num examples: 3584  Num correct: 3297  Precision @ 1: 0.9199  AUC @ 1: 0.9737
Validation Data Eval:
  Num examples: 256  Num correct: 193  Precision @ 1: 0.7539  AUC @ 1: 0.8336
Test Data Eval:
  Num examples: 384  Num correct: 280  Precision @ 1: 0.7292  AUC @ 1: 0.8053
Step 7600: loss = 0.3398 (0.010 sec)
Training Data Eval:
  Num examples: 3584  Num correct: 3286  Precision @ 1: 0.9169  AUC @ 1: 0.9730
Validation Data Eval:
  Num examples: 256  Num correct: 191  Precision @ 1: 0.7461  AUC @ 1: 0.8397
Test Data Eval:
  Num examples: 384  Num correct: 273  Precision @ 1: 0.7109  AUC @ 1: 0.8049
Step 7800: loss = 0.3166 (0.010 sec)
Training Data Eval:
  Num examples: 3584  Num correct: 3310  Precision @ 1: 0.9235  AUC @ 1: 0.9747
Validation Data Eval:
  Num examples: 256  Num correct: 189  Precision @ 1: 0.7383  AUC @ 1: 0.8395
Test Data Eval:
  Num examples: 384  Num correct: 274  Precision @ 1: 0.7135  AUC @ 1: 0.7993
Step 8000: loss = 0.4067 (0.010 sec)
Training Data Eval:
  Num examples: 3584  Num correct: 3317  Precision @ 1: 0.9255  AUC @ 1: 0.9754
Validation Data Eval:
  Num examples: 256  Num correct: 188  Precision @ 1: 0.7344  AUC @ 1: 0.8313
Test Data Eval:
  Num examples: 384  Num correct: 264  Precision @ 1: 0.6875  AUC @ 1: 0.7937
Step 8200: loss = 0.3019 (0.010 sec)
Training Data Eval:
  Num examples: 3584  Num correct: 3327  Precision @ 1: 0.9283  AUC @ 1: 0.9781
Validation Data Eval:
  Num examples: 256  Num correct: 193  Precision @ 1: 0.7539  AUC @ 1: 0.8309
Test Data Eval:
  Num examples: 384  Num correct: 263  Precision @ 1: 0.6849  AUC @ 1: 0.7813
Step 8400: loss = 0.2577 (0.046 sec)
Training Data Eval:
  Num examples: 3584  Num correct: 3328  Precision @ 1: 0.9286  AUC @ 1: 0.9781
Validation Data Eval:
  Num examples: 256  Num correct: 187  Precision @ 1: 0.7305  AUC @ 1: 0.8317
Test Data Eval:
  Num examples: 384  Num correct: 272  Precision @ 1: 0.7083  AUC @ 1: 0.7929
Step 8600: loss = 0.2781 (0.010 sec)
Training Data Eval:
  Num examples: 3584  Num correct: 3341  Precision @ 1: 0.9322  AUC @ 1: 0.9796
Validation Data Eval:
  Num examples: 256  Num correct: 196  Precision @ 1: 0.7656  AUC @ 1: 0.8289
Test Data Eval:
  Num examples: 384  Num correct: 270  Precision @ 1: 0.7031  AUC @ 1: 0.7818
Step 8800: loss = 0.3496 (0.010 sec)
Training Data Eval:
  Num examples: 3584  Num correct: 3355  Precision @ 1: 0.9361  AUC @ 1: 0.9811
Validation Data Eval:
  Num examples: 256  Num correct: 191  Precision @ 1: 0.7461  AUC @ 1: 0.8349
Test Data Eval:
  Num examples: 384  Num correct: 261  Precision @ 1: 0.6797  AUC @ 1: 0.7675
Step 9000: loss = 0.3258 (0.010 sec)
Training Data Eval:
  Num examples: 3584  Num correct: 3339  Precision @ 1: 0.9316  AUC @ 1: 0.9802
Validation Data Eval:
  Num examples: 256  Num correct: 189  Precision @ 1: 0.7383  AUC @ 1: 0.8319
Test Data Eval:
  Num examples: 384  Num correct: 277  Precision @ 1: 0.7214  AUC @ 1: 0.8012
Step 9200: loss = 0.2040 (0.010 sec)
Training Data Eval:
  Num examples: 3584  Num correct: 3355  Precision @ 1: 0.9361  AUC @ 1: 0.9801
Validation Data Eval:
  Num examples: 256  Num correct: 187  Precision @ 1: 0.7305  AUC @ 1: 0.8358
Test Data Eval:
  Num examples: 384  Num correct: 275  Precision @ 1: 0.7161  AUC @ 1: 0.8127
Step 9400: loss = 0.2511 (0.010 sec)
Training Data Eval:
  Num examples: 3584  Num correct: 3378  Precision @ 1: 0.9425  AUC @ 1: 0.9849
Validation Data Eval:
  Num examples: 256  Num correct: 191  Precision @ 1: 0.7461  AUC @ 1: 0.8355
Test Data Eval:
  Num examples: 384  Num correct: 264  Precision @ 1: 0.6875  AUC @ 1: 0.7907
Step 9600: loss = 0.2520 (0.010 sec)
Training Data Eval:
  Num examples: 3584  Num correct: 3392  Precision @ 1: 0.9464  AUC @ 1: 0.9857
Validation Data Eval:
  Num examples: 256  Num correct: 192  Precision @ 1: 0.7500  AUC @ 1: 0.8325
Test Data Eval:
  Num examples: 384  Num correct: 268  Precision @ 1: 0.6979  AUC @ 1: 0.7821
Step 9800: loss = 0.2876 (0.049 sec)
Training Data Eval:
  Num examples: 3584  Num correct: 3387  Precision @ 1: 0.9450  AUC @ 1: 0.9880
Validation Data Eval:
  Num examples: 256  Num correct: 192  Precision @ 1: 0.7500  AUC @ 1: 0.8322
Test Data Eval:
  Num examples: 384  Num correct: 268  Precision @ 1: 0.6979  AUC @ 1: 0.7912
