Training data shape: 	(3820, 30, 64, 1)
Training label shape:	(3820,)
Testing data shape:  	(515, 30, 64, 1)
Testing label shape: 	(515,)
max input value is: 3457.30786133
min input value is: -4872.94775391
random permuted training data
==============================================================================
Model: 			inference_stcnn
Tensor Name: 	Placeholder:0
[128, 30, 64, 1]
==============================================================================
Tensor Name: conv0/conv0:0
[128, 1, 60, 16]
==============================================================================
Tensor Name: MaxPool:0
[128, 1, 30, 16]
==============================================================================
Tensor Name: local1/local1:0
[128, 128]
==============================================================================
Tensor Name: local2/local2:0
[128, 128]
==============================================================================
Tensor Name: softmax_linear/softmax_linear:0
[128, 2]
Step 0: loss = 0.8868 (0.038 sec)
Training Data Eval:
  Num examples: 3456  Num correct: 2022  Precision @ 1: 0.5851  AUC @ 1: 0.7285
Validation Data Eval:
  Num examples: 256  Num correct: 154  Precision @ 1: 0.6016  AUC @ 1: 0.6779
Test Data Eval:
  Num examples: 512  Num correct: 297  Precision @ 1: 0.5801  AUC @ 1: 0.7280
Step 200: loss = 0.7761 (0.022 sec)
Training Data Eval:
  Num examples: 3456  Num correct: 2335  Precision @ 1: 0.6756  AUC @ 1: 0.7874
Validation Data Eval:
  Num examples: 256  Num correct: 169  Precision @ 1: 0.6602  AUC @ 1: 0.7393
Test Data Eval:
  Num examples: 512  Num correct: 324  Precision @ 1: 0.6328  AUC @ 1: 0.7583
Step 400: loss = 0.7305 (0.021 sec)
Training Data Eval:
  Num examples: 3456  Num correct: 2470  Precision @ 1: 0.7147  AUC @ 1: 0.8051
Validation Data Eval:
  Num examples: 256  Num correct: 180  Precision @ 1: 0.7031  AUC @ 1: 0.7617
Test Data Eval:
  Num examples: 512  Num correct: 358  Precision @ 1: 0.6992  AUC @ 1: 0.7723
Step 600: loss = 0.7027 (0.021 sec)
Training Data Eval:
  Num examples: 3456  Num correct: 2544  Precision @ 1: 0.7361  AUC @ 1: 0.8186
Validation Data Eval:
  Num examples: 256  Num correct: 181  Precision @ 1: 0.7070  AUC @ 1: 0.7750
Test Data Eval:
  Num examples: 512  Num correct: 370  Precision @ 1: 0.7227  AUC @ 1: 0.7701
Step 800: loss = 0.7181 (0.020 sec)
Training Data Eval:
  Num examples: 3456  Num correct: 2618  Precision @ 1: 0.7575  AUC @ 1: 0.8340
Validation Data Eval:
  Num examples: 256  Num correct: 182  Precision @ 1: 0.7109  AUC @ 1: 0.7720
Test Data Eval:
  Num examples: 512  Num correct: 367  Precision @ 1: 0.7168  AUC @ 1: 0.7778
Step 1000: loss = 0.7219 (0.021 sec)
Training Data Eval:
  Num examples: 3456  Num correct: 2623  Precision @ 1: 0.7590  AUC @ 1: 0.8372
Validation Data Eval:
  Num examples: 256  Num correct: 181  Precision @ 1: 0.7070  AUC @ 1: 0.7676
Test Data Eval:
  Num examples: 512  Num correct: 370  Precision @ 1: 0.7227  AUC @ 1: 0.7843
Step 1200: loss = 0.6919 (0.020 sec)
Training Data Eval:
  Num examples: 3456  Num correct: 2651  Precision @ 1: 0.7671  AUC @ 1: 0.8533
Validation Data Eval:
  Num examples: 256  Num correct: 180  Precision @ 1: 0.7031  AUC @ 1: 0.7888
Test Data Eval:
  Num examples: 512  Num correct: 368  Precision @ 1: 0.7188  AUC @ 1: 0.7825
Step 1400: loss = 0.6393 (0.021 sec)
Training Data Eval:
  Num examples: 3456  Num correct: 2710  Precision @ 1: 0.7841  AUC @ 1: 0.8723
Validation Data Eval:
  Num examples: 256  Num correct: 180  Precision @ 1: 0.7031  AUC @ 1: 0.7987
Test Data Eval:
  Num examples: 512  Num correct: 373  Precision @ 1: 0.7285  AUC @ 1: 0.7913
Step 1600: loss = 0.5984 (0.021 sec)
Training Data Eval:
  Num examples: 3456  Num correct: 2751  Precision @ 1: 0.7960  AUC @ 1: 0.8833
Validation Data Eval:
  Num examples: 256  Num correct: 184  Precision @ 1: 0.7188  AUC @ 1: 0.8054
Test Data Eval:
  Num examples: 512  Num correct: 370  Precision @ 1: 0.7227  AUC @ 1: 0.7889
Step 1800: loss = 0.6717 (0.021 sec)
Training Data Eval:
  Num examples: 3456  Num correct: 2761  Precision @ 1: 0.7989  AUC @ 1: 0.8885
Validation Data Eval:
  Num examples: 256  Num correct: 179  Precision @ 1: 0.6992  AUC @ 1: 0.7966
Test Data Eval:
  Num examples: 512  Num correct: 366  Precision @ 1: 0.7148  AUC @ 1: 0.7949
Step 2000: loss = 0.6998 (0.020 sec)
Training Data Eval:
  Num examples: 3456  Num correct: 2826  Precision @ 1: 0.8177  AUC @ 1: 0.9074
Validation Data Eval:
  Num examples: 256  Num correct: 190  Precision @ 1: 0.7422  AUC @ 1: 0.8280
Test Data Eval:
  Num examples: 512  Num correct: 365  Precision @ 1: 0.7129  AUC @ 1: 0.7849
Step 2200: loss = 0.5797 (0.021 sec)
Training Data Eval:
  Num examples: 3456  Num correct: 2865  Precision @ 1: 0.8290  AUC @ 1: 0.9139
Validation Data Eval:
  Num examples: 256  Num correct: 189  Precision @ 1: 0.7383  AUC @ 1: 0.8238
Test Data Eval:
  Num examples: 512  Num correct: 364  Precision @ 1: 0.7109  AUC @ 1: 0.7849
Step 2400: loss = 0.5827 (0.021 sec)
Training Data Eval:
  Num examples: 3456  Num correct: 2876  Precision @ 1: 0.8322  AUC @ 1: 0.9182
Validation Data Eval:
  Num examples: 256  Num correct: 190  Precision @ 1: 0.7422  AUC @ 1: 0.8252
Test Data Eval:
  Num examples: 512  Num correct: 364  Precision @ 1: 0.7109  AUC @ 1: 0.7878
Step 2600: loss = 0.5811 (0.022 sec)
Training Data Eval:
  Num examples: 3456  Num correct: 2918  Precision @ 1: 0.8443  AUC @ 1: 0.9265
Validation Data Eval:
  Num examples: 256  Num correct: 194  Precision @ 1: 0.7578  AUC @ 1: 0.8408
Test Data Eval:
  Num examples: 512  Num correct: 367  Precision @ 1: 0.7168  AUC @ 1: 0.7918
Step 2800: loss = 0.5416 (0.021 sec)
Training Data Eval:
  Num examples: 3456  Num correct: 2971  Precision @ 1: 0.8597  AUC @ 1: 0.9436
Validation Data Eval:
  Num examples: 256  Num correct: 187  Precision @ 1: 0.7305  AUC @ 1: 0.8364
Test Data Eval:
  Num examples: 512  Num correct: 367  Precision @ 1: 0.7168  AUC @ 1: 0.7923
Step 3000: loss = 0.5398 (0.021 sec)
Training Data Eval:
  Num examples: 3456  Num correct: 2921  Precision @ 1: 0.8452  AUC @ 1: 0.9302
Validation Data Eval:
  Num examples: 256  Num correct: 193  Precision @ 1: 0.7539  AUC @ 1: 0.8293
Test Data Eval:
  Num examples: 512  Num correct: 367  Precision @ 1: 0.7168  AUC @ 1: 0.7877
Step 3200: loss = 0.5375 (0.021 sec)
Training Data Eval:
  Num examples: 3456  Num correct: 3026  Precision @ 1: 0.8756  AUC @ 1: 0.9506
Validation Data Eval:
  Num examples: 256  Num correct: 202  Precision @ 1: 0.7891  AUC @ 1: 0.8448
Test Data Eval:
  Num examples: 512  Num correct: 362  Precision @ 1: 0.7070  AUC @ 1: 0.7889
Step 3400: loss = 0.4815 (0.021 sec)
Training Data Eval:
  Num examples: 3456  Num correct: 3087  Precision @ 1: 0.8932  AUC @ 1: 0.9611
Validation Data Eval:
  Num examples: 256  Num correct: 203  Precision @ 1: 0.7930  AUC @ 1: 0.8468
Test Data Eval:
  Num examples: 512  Num correct: 362  Precision @ 1: 0.7070  AUC @ 1: 0.7900
Step 3600: loss = 0.4473 (0.021 sec)
Training Data Eval:
  Num examples: 3456  Num correct: 3115  Precision @ 1: 0.9013  AUC @ 1: 0.9665
Validation Data Eval:
  Num examples: 256  Num correct: 203  Precision @ 1: 0.7930  AUC @ 1: 0.8537
Test Data Eval:
  Num examples: 512  Num correct: 373  Precision @ 1: 0.7285  AUC @ 1: 0.7921
Step 3800: loss = 0.4716 (0.020 sec)
Training Data Eval:
  Num examples: 3456  Num correct: 3165  Precision @ 1: 0.9158  AUC @ 1: 0.9724
Validation Data Eval:
  Num examples: 256  Num correct: 208  Precision @ 1: 0.8125  AUC @ 1: 0.8606
Test Data Eval:
  Num examples: 512  Num correct: 373  Precision @ 1: 0.7285  AUC @ 1: 0.7852
Step 4000: loss = 0.4141 (0.020 sec)
Training Data Eval:
  Num examples: 3456  Num correct: 3196  Precision @ 1: 0.9248  AUC @ 1: 0.9803
Validation Data Eval:
  Num examples: 256  Num correct: 204  Precision @ 1: 0.7969  AUC @ 1: 0.8536
Test Data Eval:
  Num examples: 512  Num correct: 377  Precision @ 1: 0.7363  AUC @ 1: 0.7819
Step 4200: loss = 0.4200 (0.021 sec)
Training Data Eval:
  Num examples: 3456  Num correct: 3203  Precision @ 1: 0.9268  AUC @ 1: 0.9808
Validation Data Eval:
  Num examples: 256  Num correct: 202  Precision @ 1: 0.7891  AUC @ 1: 0.8510
Test Data Eval:
  Num examples: 512  Num correct: 379  Precision @ 1: 0.7402  AUC @ 1: 0.7908
Step 4400: loss = 0.3744 (0.020 sec)
Training Data Eval:
  Num examples: 3456  Num correct: 3235  Precision @ 1: 0.9361  AUC @ 1: 0.9882
Validation Data Eval:
  Num examples: 256  Num correct: 206  Precision @ 1: 0.8047  AUC @ 1: 0.8629
Test Data Eval:
  Num examples: 512  Num correct: 365  Precision @ 1: 0.7129  AUC @ 1: 0.7848
Step 4600: loss = 0.3723 (0.020 sec)
Training Data Eval:
  Num examples: 3456  Num correct: 3248  Precision @ 1: 0.9398  AUC @ 1: 0.9874
Validation Data Eval:
  Num examples: 256  Num correct: 205  Precision @ 1: 0.8008  AUC @ 1: 0.8721
Test Data Eval:
  Num examples: 512  Num correct: 357  Precision @ 1: 0.6973  AUC @ 1: 0.7825
Step 4800: loss = 0.3895 (0.022 sec)
Training Data Eval:
  Num examples: 3456  Num correct: 3266  Precision @ 1: 0.9450  AUC @ 1: 0.9917
Validation Data Eval:
  Num examples: 256  Num correct: 212  Precision @ 1: 0.8281  AUC @ 1: 0.8797
Test Data Eval:
  Num examples: 512  Num correct: 354  Precision @ 1: 0.6914  AUC @ 1: 0.7740
Step 5000: loss = 0.3740 (0.020 sec)
Training Data Eval:
  Num examples: 3456  Num correct: 3353  Precision @ 1: 0.9702  AUC @ 1: 0.9961
Validation Data Eval:
  Num examples: 256  Num correct: 207  Precision @ 1: 0.8086  AUC @ 1: 0.8740
Test Data Eval:
  Num examples: 512  Num correct: 360  Precision @ 1: 0.7031  AUC @ 1: 0.7814
Step 5200: loss = 0.3933 (0.020 sec)
Training Data Eval:
  Num examples: 3456  Num correct: 3365  Precision @ 1: 0.9737  AUC @ 1: 0.9966
Validation Data Eval:
  Num examples: 256  Num correct: 204  Precision @ 1: 0.7969  AUC @ 1: 0.8771
Test Data Eval:
  Num examples: 512  Num correct: 357  Precision @ 1: 0.6973  AUC @ 1: 0.7750
Step 5400: loss = 0.3447 (0.055 sec)
Training Data Eval:
  Num examples: 3456  Num correct: 3371  Precision @ 1: 0.9754  AUC @ 1: 0.9963
Validation Data Eval:
  Num examples: 256  Num correct: 204  Precision @ 1: 0.7969  AUC @ 1: 0.8752
Test Data Eval:
  Num examples: 512  Num correct: 362  Precision @ 1: 0.7070  AUC @ 1: 0.7841
Step 5600: loss = 0.3186 (0.021 sec)
Training Data Eval:
  Num examples: 3456  Num correct: 3350  Precision @ 1: 0.9693  AUC @ 1: 0.9950
Validation Data Eval:
  Num examples: 256  Num correct: 202  Precision @ 1: 0.7891  AUC @ 1: 0.8602
Test Data Eval:
  Num examples: 512  Num correct: 363  Precision @ 1: 0.7090  AUC @ 1: 0.7776
Step 5800: loss = 0.3265 (0.021 sec)
Training Data Eval:
  Num examples: 3456  Num correct: 3392  Precision @ 1: 0.9815  AUC @ 1: 0.9982
Validation Data Eval:
  Num examples: 256  Num correct: 203  Precision @ 1: 0.7930  AUC @ 1: 0.8688
Test Data Eval:
  Num examples: 512  Num correct: 363  Precision @ 1: 0.7090  AUC @ 1: 0.7769
Step 6000: loss = 0.3180 (0.020 sec)
Training Data Eval:
  Num examples: 3456  Num correct: 3402  Precision @ 1: 0.9844  AUC @ 1: 0.9987
Validation Data Eval:
  Num examples: 256  Num correct: 203  Precision @ 1: 0.7930  AUC @ 1: 0.8747
Test Data Eval:
  Num examples: 512  Num correct: 362  Precision @ 1: 0.7070  AUC @ 1: 0.7856
Step 6200: loss = 0.3092 (0.022 sec)
Training Data Eval:
  Num examples: 3456  Num correct: 3416  Precision @ 1: 0.9884  AUC @ 1: 0.9991
Validation Data Eval:
  Num examples: 256  Num correct: 205  Precision @ 1: 0.8008  AUC @ 1: 0.8737
Test Data Eval:
  Num examples: 512  Num correct: 363  Precision @ 1: 0.7090  AUC @ 1: 0.7799
Step 6400: loss = 0.2836 (0.020 sec)
Training Data Eval:
  Num examples: 3456  Num correct: 3422  Precision @ 1: 0.9902  AUC @ 1: 0.9995
Validation Data Eval:
  Num examples: 256  Num correct: 202  Precision @ 1: 0.7891  AUC @ 1: 0.8777
Test Data Eval:
  Num examples: 512  Num correct: 359  Precision @ 1: 0.7012  AUC @ 1: 0.7832
Step 6600: loss = 0.2946 (0.021 sec)
Training Data Eval:
  Num examples: 3456  Num correct: 3438  Precision @ 1: 0.9948  AUC @ 1: 0.9997
Validation Data Eval:
  Num examples: 256  Num correct: 204  Precision @ 1: 0.7969  AUC @ 1: 0.8733
Test Data Eval:
  Num examples: 512  Num correct: 357  Precision @ 1: 0.6973  AUC @ 1: 0.7672
Step 6800: loss = 0.2691 (0.020 sec)
Training Data Eval:
  Num examples: 3456  Num correct: 3434  Precision @ 1: 0.9936  AUC @ 1: 0.9992
Validation Data Eval:
  Num examples: 256  Num correct: 204  Precision @ 1: 0.7969  AUC @ 1: 0.8703
Test Data Eval:
  Num examples: 512  Num correct: 363  Precision @ 1: 0.7090  AUC @ 1: 0.7858
Step 7000: loss = 0.3066 (0.021 sec)
Training Data Eval:
  Num examples: 3456  Num correct: 3437  Precision @ 1: 0.9945  AUC @ 1: 0.9999
Validation Data Eval:
  Num examples: 256  Num correct: 203  Precision @ 1: 0.7930  AUC @ 1: 0.8758
Test Data Eval:
  Num examples: 512  Num correct: 362  Precision @ 1: 0.7070  AUC @ 1: 0.7721
Step 7200: loss = 0.2528 (0.020 sec)
Training Data Eval:
  Num examples: 3456  Num correct: 3448  Precision @ 1: 0.9977  AUC @ 1: 1.0000
Validation Data Eval:
  Num examples: 256  Num correct: 197  Precision @ 1: 0.7695  AUC @ 1: 0.8702
Test Data Eval:
  Num examples: 512  Num correct: 356  Precision @ 1: 0.6953  AUC @ 1: 0.7794
Step 7400: loss = 0.2626 (0.021 sec)
Training Data Eval:
  Num examples: 3456  Num correct: 3441  Precision @ 1: 0.9957  AUC @ 1: 1.0000
Validation Data Eval:
  Num examples: 256  Num correct: 207  Precision @ 1: 0.8086  AUC @ 1: 0.8816
Test Data Eval:
  Num examples: 512  Num correct: 366  Precision @ 1: 0.7148  AUC @ 1: 0.7760
Step 7600: loss = 0.2424 (0.021 sec)
Training Data Eval:
  Num examples: 3456  Num correct: 3439  Precision @ 1: 0.9951  AUC @ 1: 0.9999
Validation Data Eval:
  Num examples: 256  Num correct: 200  Precision @ 1: 0.7812  AUC @ 1: 0.8760
Test Data Eval:
  Num examples: 512  Num correct: 361  Precision @ 1: 0.7051  AUC @ 1: 0.7815
Step 7800: loss = 0.2418 (0.021 sec)
Training Data Eval:
  Num examples: 3456  Num correct: 3433  Precision @ 1: 0.9933  AUC @ 1: 0.9994
Validation Data Eval:
  Num examples: 256  Num correct: 203  Precision @ 1: 0.7930  AUC @ 1: 0.8788
Test Data Eval:
  Num examples: 512  Num correct: 365  Precision @ 1: 0.7129  AUC @ 1: 0.7737
Step 8000: loss = 0.2336 (0.021 sec)
Training Data Eval:
  Num examples: 3456  Num correct: 3332  Precision @ 1: 0.9641  AUC @ 1: 0.9872
Validation Data Eval:
  Num examples: 256  Num correct: 200  Precision @ 1: 0.7812  AUC @ 1: 0.8676
Test Data Eval:
  Num examples: 512  Num correct: 348  Precision @ 1: 0.6797  AUC @ 1: 0.7628
Step 8200: loss = 0.2840 (0.020 sec)
Training Data Eval:
  Num examples: 3456  Num correct: 3445  Precision @ 1: 0.9968  AUC @ 1: 0.9999
Validation Data Eval:
  Num examples: 256  Num correct: 204  Precision @ 1: 0.7969  AUC @ 1: 0.8744
Test Data Eval:
  Num examples: 512  Num correct: 355  Precision @ 1: 0.6934  AUC @ 1: 0.7790
Step 8400: loss = 0.1925 (0.020 sec)
Training Data Eval:
  Num examples: 3456  Num correct: 3449  Precision @ 1: 0.9980  AUC @ 1: 1.0000
Validation Data Eval:
  Num examples: 256  Num correct: 204  Precision @ 1: 0.7969  AUC @ 1: 0.8738
Test Data Eval:
  Num examples: 512  Num correct: 363  Precision @ 1: 0.7090  AUC @ 1: 0.7763
Step 8600: loss = 0.2067 (0.021 sec)
Training Data Eval:
  Num examples: 3456  Num correct: 3448  Precision @ 1: 0.9977  AUC @ 1: 1.0000
Validation Data Eval:
  Num examples: 256  Num correct: 200  Precision @ 1: 0.7812  AUC @ 1: 0.8767
Test Data Eval:
  Num examples: 512  Num correct: 360  Precision @ 1: 0.7031  AUC @ 1: 0.7812
Step 8800: loss = 0.2216 (0.020 sec)
Training Data Eval:
  Num examples: 3456  Num correct: 3455  Precision @ 1: 0.9997  AUC @ 1: 1.0000
Validation Data Eval:
  Num examples: 256  Num correct: 205  Precision @ 1: 0.8008  AUC @ 1: 0.8786
Test Data Eval:
  Num examples: 512  Num correct: 363  Precision @ 1: 0.7090  AUC @ 1: 0.7877
Step 9000: loss = 0.1998 (0.021 sec)
Training Data Eval:
  Num examples: 3456  Num correct: 3455  Precision @ 1: 0.9997  AUC @ 1: 1.0000
Validation Data Eval:
  Num examples: 256  Num correct: 204  Precision @ 1: 0.7969  AUC @ 1: 0.8795
Test Data Eval:
  Num examples: 512  Num correct: 357  Precision @ 1: 0.6973  AUC @ 1: 0.7781
Step 9200: loss = 0.2170 (0.019 sec)
Training Data Eval:
  Num examples: 3456  Num correct: 3452  Precision @ 1: 0.9988  AUC @ 1: 1.0000
Validation Data Eval:
  Num examples: 256  Num correct: 206  Precision @ 1: 0.8047  AUC @ 1: 0.8805
Test Data Eval:
  Num examples: 512  Num correct: 354  Precision @ 1: 0.6914  AUC @ 1: 0.7712
Step 9400: loss = 0.1928 (0.021 sec)
Training Data Eval:
  Num examples: 3456  Num correct: 3450  Precision @ 1: 0.9983  AUC @ 1: 1.0000
Validation Data Eval:
  Num examples: 256  Num correct: 203  Precision @ 1: 0.7930  AUC @ 1: 0.8791
Test Data Eval:
  Num examples: 512  Num correct: 363  Precision @ 1: 0.7090  AUC @ 1: 0.7789
Step 9600: loss = 0.1840 (0.020 sec)
Training Data Eval:
  Num examples: 3456  Num correct: 3455  Precision @ 1: 0.9997  AUC @ 1: 1.0000
Validation Data Eval:
  Num examples: 256  Num correct: 197  Precision @ 1: 0.7695  AUC @ 1: 0.8723
Test Data Eval:
  Num examples: 512  Num correct: 363  Precision @ 1: 0.7090  AUC @ 1: 0.7757
Step 9800: loss = 0.2454 (0.020 sec)
Training Data Eval:
  Num examples: 3456  Num correct: 3451  Precision @ 1: 0.9986  AUC @ 1: 1.0000
Validation Data Eval:
  Num examples: 256  Num correct: 197  Precision @ 1: 0.7695  AUC @ 1: 0.8742
Test Data Eval:
  Num examples: 512  Num correct: 364  Precision @ 1: 0.7109  AUC @ 1: 0.7825
