Training data shape: 	(4141, 64, 30, 1)
Training label shape:	(4141,)
Testing data shape:  	(194, 64, 30, 1)
Testing label shape: 	(194,)
max input value is: 72.5247
min input value is: -75.9911
random permuted training data
==============================================================================
Model: 			inference_global_s_cnn
Tensor Name: 	Placeholder:0
[128, 64, 30, 1]
==============================================================================
Tensor Name: conv1/conv1:0
[128, 1, 30, 8]
==============================================================================
Tensor Name: MaxPool:0
[128, 1, 15, 8]
==============================================================================
Tensor Name: local1/local1:0
[128, 128]
==============================================================================
Tensor Name: local2/local2:0
[128, 128]
==============================================================================
Tensor Name: softmax_linear/softmax_linear:0
[128, 2]
Step 0: loss = 0.7711 (0.033 sec)
Training Data Eval:
  Num examples: 3840  Num correct: 2163  Precision @ 1: 0.5633  AUC @ 1: 0.6972
Validation Data Eval:
  Num examples: 256  Num correct: 151  Precision @ 1: 0.5898  AUC @ 1: 0.6296
Test Data Eval:
  Num examples: 128  Num correct: 43  Precision @ 1: 0.3359  AUC @ 1: 0.6974
Step 200: loss = 0.7601 (0.010 sec)
Training Data Eval:
  Num examples: 3840  Num correct: 2160  Precision @ 1: 0.5625  AUC @ 1: 0.6976
Validation Data Eval:
  Num examples: 256  Num correct: 151  Precision @ 1: 0.5898  AUC @ 1: 0.6573
Test Data Eval:
  Num examples: 128  Num correct: 75  Precision @ 1: 0.5859  AUC @ 1: 0.6569
Step 400: loss = 0.6857 (0.011 sec)
Training Data Eval:
  Num examples: 3840  Num correct: 2395  Precision @ 1: 0.6237  AUC @ 1: 0.7114
Validation Data Eval:
  Num examples: 256  Num correct: 161  Precision @ 1: 0.6289  AUC @ 1: 0.6887
Test Data Eval:
  Num examples: 128  Num correct: 80  Precision @ 1: 0.6250  AUC @ 1: 0.6336
Step 600: loss = 0.7431 (0.027 sec)
Training Data Eval:
  Num examples: 3840  Num correct: 2560  Precision @ 1: 0.6667  AUC @ 1: 0.7372
Validation Data Eval:
  Num examples: 256  Num correct: 176  Precision @ 1: 0.6875  AUC @ 1: 0.7235
Test Data Eval:
  Num examples: 128  Num correct: 66  Precision @ 1: 0.5156  AUC @ 1: 0.6332
Step 800: loss = 0.7037 (0.010 sec)
Training Data Eval:
  Num examples: 3840  Num correct: 2541  Precision @ 1: 0.6617  AUC @ 1: 0.7393
Validation Data Eval:
  Num examples: 256  Num correct: 173  Precision @ 1: 0.6758  AUC @ 1: 0.7314
Test Data Eval:
  Num examples: 128  Num correct: 71  Precision @ 1: 0.5547  AUC @ 1: 0.5871
Step 1000: loss = 0.5694 (0.009 sec)
Training Data Eval:
  Num examples: 3840  Num correct: 2624  Precision @ 1: 0.6833  AUC @ 1: 0.7530
Validation Data Eval:
  Num examples: 256  Num correct: 177  Precision @ 1: 0.6914  AUC @ 1: 0.7376
Test Data Eval:
  Num examples: 128  Num correct: 78  Precision @ 1: 0.6094  AUC @ 1: 0.6554
Step 1200: loss = 0.6388 (0.022 sec)
Training Data Eval:
  Num examples: 3840  Num correct: 2627  Precision @ 1: 0.6841  AUC @ 1: 0.7540
Validation Data Eval:
  Num examples: 256  Num correct: 175  Precision @ 1: 0.6836  AUC @ 1: 0.7392
Test Data Eval:
  Num examples: 128  Num correct: 76  Precision @ 1: 0.5938  AUC @ 1: 0.5816
Step 1400: loss = 0.6115 (0.009 sec)
Training Data Eval:
  Num examples: 3840  Num correct: 2643  Precision @ 1: 0.6883  AUC @ 1: 0.7644
Validation Data Eval:
  Num examples: 256  Num correct: 172  Precision @ 1: 0.6719  AUC @ 1: 0.7467
Test Data Eval:
  Num examples: 128  Num correct: 80  Precision @ 1: 0.6250  AUC @ 1: 0.6401
Step 1600: loss = 0.5902 (0.009 sec)
Training Data Eval:
  Num examples: 3840  Num correct: 2679  Precision @ 1: 0.6977  AUC @ 1: 0.7721
Validation Data Eval:
  Num examples: 256  Num correct: 172  Precision @ 1: 0.6719  AUC @ 1: 0.7441
Test Data Eval:
  Num examples: 128  Num correct: 81  Precision @ 1: 0.6328  AUC @ 1: 0.6623
Step 1800: loss = 0.6511 (0.018 sec)
Training Data Eval:
  Num examples: 3840  Num correct: 2687  Precision @ 1: 0.6997  AUC @ 1: 0.7808
Validation Data Eval:
  Num examples: 256  Num correct: 170  Precision @ 1: 0.6641  AUC @ 1: 0.7447
Test Data Eval:
  Num examples: 128  Num correct: 80  Precision @ 1: 0.6250  AUC @ 1: 0.6308
Step 2000: loss = 0.5853 (0.010 sec)
Training Data Eval:
  Num examples: 3840  Num correct: 2721  Precision @ 1: 0.7086  AUC @ 1: 0.7803
Validation Data Eval:
  Num examples: 256  Num correct: 174  Precision @ 1: 0.6797  AUC @ 1: 0.7437
Test Data Eval:
  Num examples: 128  Num correct: 82  Precision @ 1: 0.6406  AUC @ 1: 0.6439
Step 2200: loss = 0.5663 (0.010 sec)
Training Data Eval:
  Num examples: 3840  Num correct: 2745  Precision @ 1: 0.7148  AUC @ 1: 0.7897
Validation Data Eval:
  Num examples: 256  Num correct: 165  Precision @ 1: 0.6445  AUC @ 1: 0.7413
Test Data Eval:
  Num examples: 128  Num correct: 86  Precision @ 1: 0.6719  AUC @ 1: 0.6583
Step 2400: loss = 0.6722 (0.021 sec)
Training Data Eval:
  Num examples: 3840  Num correct: 2761  Precision @ 1: 0.7190  AUC @ 1: 0.7950
Validation Data Eval:
  Num examples: 256  Num correct: 172  Precision @ 1: 0.6719  AUC @ 1: 0.7429
Test Data Eval:
  Num examples: 128  Num correct: 76  Precision @ 1: 0.5938  AUC @ 1: 0.6314
Step 2600: loss = 0.5558 (0.010 sec)
Training Data Eval:
  Num examples: 3840  Num correct: 2763  Precision @ 1: 0.7195  AUC @ 1: 0.7977
Validation Data Eval:
  Num examples: 256  Num correct: 171  Precision @ 1: 0.6680  AUC @ 1: 0.7458
Test Data Eval:
  Num examples: 128  Num correct: 83  Precision @ 1: 0.6484  AUC @ 1: 0.6719
Step 2800: loss = 0.5975 (0.010 sec)
Training Data Eval:
  Num examples: 3840  Num correct: 2790  Precision @ 1: 0.7266  AUC @ 1: 0.8106
Validation Data Eval:
  Num examples: 256  Num correct: 172  Precision @ 1: 0.6719  AUC @ 1: 0.7528
Test Data Eval:
  Num examples: 128  Num correct: 80  Precision @ 1: 0.6250  AUC @ 1: 0.7314
Step 3000: loss = 0.6661 (0.019 sec)
Training Data Eval:
  Num examples: 3840  Num correct: 2848  Precision @ 1: 0.7417  AUC @ 1: 0.8133
Validation Data Eval:
  Num examples: 256  Num correct: 172  Precision @ 1: 0.6719  AUC @ 1: 0.7527
Test Data Eval:
  Num examples: 128  Num correct: 87  Precision @ 1: 0.6797  AUC @ 1: 0.7051
Step 3200: loss = 0.6651 (0.009 sec)
Training Data Eval:
  Num examples: 3840  Num correct: 2871  Precision @ 1: 0.7477  AUC @ 1: 0.8273
Validation Data Eval:
  Num examples: 256  Num correct: 172  Precision @ 1: 0.6719  AUC @ 1: 0.7517
Test Data Eval:
  Num examples: 128  Num correct: 87  Precision @ 1: 0.6797  AUC @ 1: 0.7176
Step 3400: loss = 0.5525 (0.010 sec)
Training Data Eval:
  Num examples: 3840  Num correct: 2862  Precision @ 1: 0.7453  AUC @ 1: 0.8265
Validation Data Eval:
  Num examples: 256  Num correct: 175  Precision @ 1: 0.6836  AUC @ 1: 0.7534
Test Data Eval:
  Num examples: 128  Num correct: 87  Precision @ 1: 0.6797  AUC @ 1: 0.7690
Step 3600: loss = 0.6389 (0.023 sec)
Training Data Eval:
  Num examples: 3840  Num correct: 2889  Precision @ 1: 0.7523  AUC @ 1: 0.8328
Validation Data Eval:
  Num examples: 256  Num correct: 175  Precision @ 1: 0.6836  AUC @ 1: 0.7601
Test Data Eval:
  Num examples: 128  Num correct: 80  Precision @ 1: 0.6250  AUC @ 1: 0.7103
Step 3800: loss = 0.5813 (0.010 sec)
Training Data Eval:
  Num examples: 3840  Num correct: 2915  Precision @ 1: 0.7591  AUC @ 1: 0.8418
Validation Data Eval:
  Num examples: 256  Num correct: 178  Precision @ 1: 0.6953  AUC @ 1: 0.7625
Test Data Eval:
  Num examples: 128  Num correct: 82  Precision @ 1: 0.6406  AUC @ 1: 0.7284
Step 4000: loss = 0.5936 (0.010 sec)
Training Data Eval:
  Num examples: 3840  Num correct: 2928  Precision @ 1: 0.7625  AUC @ 1: 0.8445
Validation Data Eval:
  Num examples: 256  Num correct: 176  Precision @ 1: 0.6875  AUC @ 1: 0.7651
Test Data Eval:
  Num examples: 128  Num correct: 82  Precision @ 1: 0.6406  AUC @ 1: 0.7640
Step 4200: loss = 0.6423 (0.022 sec)
Training Data Eval:
  Num examples: 3840  Num correct: 2885  Precision @ 1: 0.7513  AUC @ 1: 0.8349
Validation Data Eval:
  Num examples: 256  Num correct: 175  Precision @ 1: 0.6836  AUC @ 1: 0.7608
Test Data Eval:
  Num examples: 128  Num correct: 82  Precision @ 1: 0.6406  AUC @ 1: 0.6865
Step 4400: loss = 0.5767 (0.010 sec)
Training Data Eval:
  Num examples: 3840  Num correct: 2992  Precision @ 1: 0.7792  AUC @ 1: 0.8576
Validation Data Eval:
  Num examples: 256  Num correct: 179  Precision @ 1: 0.6992  AUC @ 1: 0.7665
Test Data Eval:
  Num examples: 128  Num correct: 79  Precision @ 1: 0.6172  AUC @ 1: 0.7160
Step 4600: loss = 0.6063 (0.011 sec)
Training Data Eval:
  Num examples: 3840  Num correct: 3001  Precision @ 1: 0.7815  AUC @ 1: 0.8616
Validation Data Eval:
  Num examples: 256  Num correct: 175  Precision @ 1: 0.6836  AUC @ 1: 0.7675
Test Data Eval:
  Num examples: 128  Num correct: 82  Precision @ 1: 0.6406  AUC @ 1: 0.6868
Step 4800: loss = 0.5263 (0.022 sec)
Training Data Eval:
  Num examples: 3840  Num correct: 3010  Precision @ 1: 0.7839  AUC @ 1: 0.8655
Validation Data Eval:
  Num examples: 256  Num correct: 177  Precision @ 1: 0.6914  AUC @ 1: 0.7711
Test Data Eval:
  Num examples: 128  Num correct: 84  Precision @ 1: 0.6562  AUC @ 1: 0.7229
Step 5000: loss = 0.5542 (0.010 sec)
Training Data Eval:
  Num examples: 3840  Num correct: 3024  Precision @ 1: 0.7875  AUC @ 1: 0.8681
Validation Data Eval:
  Num examples: 256  Num correct: 176  Precision @ 1: 0.6875  AUC @ 1: 0.7719
Test Data Eval:
  Num examples: 128  Num correct: 91  Precision @ 1: 0.7109  AUC @ 1: 0.7074
Step 5200: loss = 0.5281 (0.010 sec)
Training Data Eval:
  Num examples: 3840  Num correct: 3061  Precision @ 1: 0.7971  AUC @ 1: 0.8741
Validation Data Eval:
  Num examples: 256  Num correct: 175  Precision @ 1: 0.6836  AUC @ 1: 0.7794
Test Data Eval:
  Num examples: 128  Num correct: 84  Precision @ 1: 0.6562  AUC @ 1: 0.7326
Step 5400: loss = 0.5185 (0.019 sec)
Training Data Eval:
  Num examples: 3840  Num correct: 3064  Precision @ 1: 0.7979  AUC @ 1: 0.8767
Validation Data Eval:
  Num examples: 256  Num correct: 178  Precision @ 1: 0.6953  AUC @ 1: 0.7759
Test Data Eval:
  Num examples: 128  Num correct: 83  Precision @ 1: 0.6484  AUC @ 1: 0.7054
Step 5600: loss = 0.5391 (0.009 sec)
Training Data Eval:
  Num examples: 3840  Num correct: 3076  Precision @ 1: 0.8010  AUC @ 1: 0.8837
Validation Data Eval:
  Num examples: 256  Num correct: 176  Precision @ 1: 0.6875  AUC @ 1: 0.7851
Test Data Eval:
  Num examples: 128  Num correct: 92  Precision @ 1: 0.7188  AUC @ 1: 0.7497
Step 5800: loss = 0.4508 (0.010 sec)
Training Data Eval:
  Num examples: 3840  Num correct: 3113  Precision @ 1: 0.8107  AUC @ 1: 0.8896
Validation Data Eval:
  Num examples: 256  Num correct: 175  Precision @ 1: 0.6836  AUC @ 1: 0.7786
Test Data Eval:
  Num examples: 128  Num correct: 85  Precision @ 1: 0.6641  AUC @ 1: 0.7037
Step 6000: loss = 0.4841 (0.021 sec)
Training Data Eval:
  Num examples: 3840  Num correct: 3075  Precision @ 1: 0.8008  AUC @ 1: 0.8889
Validation Data Eval:
  Num examples: 256  Num correct: 182  Precision @ 1: 0.7109  AUC @ 1: 0.7858
Test Data Eval:
  Num examples: 128  Num correct: 90  Precision @ 1: 0.7031  AUC @ 1: 0.7239
Step 6200: loss = 0.5316 (0.009 sec)
Training Data Eval:
  Num examples: 3840  Num correct: 3092  Precision @ 1: 0.8052  AUC @ 1: 0.8875
Validation Data Eval:
  Num examples: 256  Num correct: 174  Precision @ 1: 0.6797  AUC @ 1: 0.7791
Test Data Eval:
  Num examples: 128  Num correct: 86  Precision @ 1: 0.6719  AUC @ 1: 0.6937
Step 6400: loss = 0.4749 (0.009 sec)
Training Data Eval:
  Num examples: 3840  Num correct: 3128  Precision @ 1: 0.8146  AUC @ 1: 0.8978
Validation Data Eval:
  Num examples: 256  Num correct: 181  Precision @ 1: 0.7070  AUC @ 1: 0.7837
Test Data Eval:
  Num examples: 128  Num correct: 85  Precision @ 1: 0.6641  AUC @ 1: 0.6853
Step 6600: loss = 0.6388 (0.021 sec)
Training Data Eval:
  Num examples: 3840  Num correct: 3149  Precision @ 1: 0.8201  AUC @ 1: 0.9010
Validation Data Eval:
  Num examples: 256  Num correct: 177  Precision @ 1: 0.6914  AUC @ 1: 0.7842
Test Data Eval:
  Num examples: 128  Num correct: 84  Precision @ 1: 0.6562  AUC @ 1: 0.6815
Step 6800: loss = 0.5084 (0.009 sec)
Training Data Eval:
  Num examples: 3840  Num correct: 3171  Precision @ 1: 0.8258  AUC @ 1: 0.9076
Validation Data Eval:
  Num examples: 256  Num correct: 179  Precision @ 1: 0.6992  AUC @ 1: 0.7837
Test Data Eval:
  Num examples: 128  Num correct: 86  Precision @ 1: 0.6719  AUC @ 1: 0.6777
Step 7000: loss = 0.4408 (0.010 sec)
Training Data Eval:
  Num examples: 3840  Num correct: 3153  Precision @ 1: 0.8211  AUC @ 1: 0.9110
Validation Data Eval:
  Num examples: 256  Num correct: 175  Precision @ 1: 0.6836  AUC @ 1: 0.7865
Test Data Eval:
  Num examples: 128  Num correct: 83  Precision @ 1: 0.6484  AUC @ 1: 0.6828
Step 7200: loss = 0.4530 (0.021 sec)
Training Data Eval:
  Num examples: 3840  Num correct: 3216  Precision @ 1: 0.8375  AUC @ 1: 0.9163
Validation Data Eval:
  Num examples: 256  Num correct: 174  Precision @ 1: 0.6797  AUC @ 1: 0.7844
Test Data Eval:
  Num examples: 128  Num correct: 85  Precision @ 1: 0.6641  AUC @ 1: 0.7267
Step 7400: loss = 0.5192 (0.010 sec)
Training Data Eval:
  Num examples: 3840  Num correct: 3233  Precision @ 1: 0.8419  AUC @ 1: 0.9223
Validation Data Eval:
  Num examples: 256  Num correct: 180  Precision @ 1: 0.7031  AUC @ 1: 0.7868
Test Data Eval:
  Num examples: 128  Num correct: 78  Precision @ 1: 0.6094  AUC @ 1: 0.6702
Step 7600: loss = 0.5083 (0.009 sec)
Training Data Eval:
  Num examples: 3840  Num correct: 3248  Precision @ 1: 0.8458  AUC @ 1: 0.9241
Validation Data Eval:
  Num examples: 256  Num correct: 179  Precision @ 1: 0.6992  AUC @ 1: 0.7865
Test Data Eval:
  Num examples: 128  Num correct: 85  Precision @ 1: 0.6641  AUC @ 1: 0.6721
Step 7800: loss = 0.4287 (0.021 sec)
Training Data Eval:
  Num examples: 3840  Num correct: 3288  Precision @ 1: 0.8562  AUC @ 1: 0.9303
Validation Data Eval:
  Num examples: 256  Num correct: 176  Precision @ 1: 0.6875  AUC @ 1: 0.7886
Test Data Eval:
  Num examples: 128  Num correct: 87  Precision @ 1: 0.6797  AUC @ 1: 0.6936
Step 8000: loss = 0.4496 (0.010 sec)
Training Data Eval:
  Num examples: 3840  Num correct: 3301  Precision @ 1: 0.8596  AUC @ 1: 0.9313
Validation Data Eval:
  Num examples: 256  Num correct: 182  Precision @ 1: 0.7109  AUC @ 1: 0.7907
Test Data Eval:
  Num examples: 128  Num correct: 82  Precision @ 1: 0.6406  AUC @ 1: 0.6691
Step 8200: loss = 0.4085 (0.010 sec)
Training Data Eval:
  Num examples: 3840  Num correct: 3307  Precision @ 1: 0.8612  AUC @ 1: 0.9383
Validation Data Eval:
  Num examples: 256  Num correct: 180  Precision @ 1: 0.7031  AUC @ 1: 0.7939
Test Data Eval:
  Num examples: 128  Num correct: 78  Precision @ 1: 0.6094  AUC @ 1: 0.6356
Step 8400: loss = 0.4317 (0.021 sec)
Training Data Eval:
  Num examples: 3840  Num correct: 3314  Precision @ 1: 0.8630  AUC @ 1: 0.9401
Validation Data Eval:
  Num examples: 256  Num correct: 183  Precision @ 1: 0.7148  AUC @ 1: 0.7935
Test Data Eval:
  Num examples: 128  Num correct: 79  Precision @ 1: 0.6172  AUC @ 1: 0.6464
Step 8600: loss = 0.4333 (0.010 sec)
Training Data Eval:
  Num examples: 3840  Num correct: 3365  Precision @ 1: 0.8763  AUC @ 1: 0.9468
Validation Data Eval:
  Num examples: 256  Num correct: 184  Precision @ 1: 0.7188  AUC @ 1: 0.7924
Test Data Eval:
  Num examples: 128  Num correct: 75  Precision @ 1: 0.5859  AUC @ 1: 0.6858
Step 8800: loss = 0.3987 (0.010 sec)
Training Data Eval:
  Num examples: 3840  Num correct: 3366  Precision @ 1: 0.8766  AUC @ 1: 0.9448
Validation Data Eval:
  Num examples: 256  Num correct: 182  Precision @ 1: 0.7109  AUC @ 1: 0.7904
Test Data Eval:
  Num examples: 128  Num correct: 82  Precision @ 1: 0.6406  AUC @ 1: 0.6679
Step 9000: loss = 0.3945 (0.022 sec)
Training Data Eval:
  Num examples: 3840  Num correct: 3410  Precision @ 1: 0.8880  AUC @ 1: 0.9551
Validation Data Eval:
  Num examples: 256  Num correct: 176  Precision @ 1: 0.6875  AUC @ 1: 0.7895
Test Data Eval:
  Num examples: 128  Num correct: 83  Precision @ 1: 0.6484  AUC @ 1: 0.6457
Step 9200: loss = 0.3830 (0.010 sec)
Training Data Eval:
  Num examples: 3840  Num correct: 3407  Precision @ 1: 0.8872  AUC @ 1: 0.9542
Validation Data Eval:
  Num examples: 256  Num correct: 183  Precision @ 1: 0.7148  AUC @ 1: 0.7975
Test Data Eval:
  Num examples: 128  Num correct: 79  Precision @ 1: 0.6172  AUC @ 1: 0.6887
Step 9400: loss = 0.4011 (0.010 sec)
Training Data Eval:
  Num examples: 3840  Num correct: 3417  Precision @ 1: 0.8898  AUC @ 1: 0.9565
Validation Data Eval:
  Num examples: 256  Num correct: 185  Precision @ 1: 0.7227  AUC @ 1: 0.7929
Test Data Eval:
  Num examples: 128  Num correct: 87  Precision @ 1: 0.6797  AUC @ 1: 0.6920
Step 9600: loss = 0.3580 (0.018 sec)
Training Data Eval:
  Num examples: 3840  Num correct: 3422  Precision @ 1: 0.8911  AUC @ 1: 0.9601
Validation Data Eval:
  Num examples: 256  Num correct: 183  Precision @ 1: 0.7148  AUC @ 1: 0.8018
Test Data Eval:
  Num examples: 128  Num correct: 84  Precision @ 1: 0.6562  AUC @ 1: 0.6778
Step 9800: loss = 0.4123 (0.010 sec)
Training Data Eval:
  Num examples: 3840  Num correct: 3458  Precision @ 1: 0.9005  AUC @ 1: 0.9620
Validation Data Eval:
  Num examples: 256  Num correct: 187  Precision @ 1: 0.7305  AUC @ 1: 0.8011
Test Data Eval:
  Num examples: 128  Num correct: 81  Precision @ 1: 0.6328  AUC @ 1: 0.6589
