Training data shape: 	(3825, 30, 64, 1)
Training label shape:	(3825,)
Testing data shape:  	(510, 30, 64, 1)
Testing label shape: 	(510,)
max input value is: 72.5247
min input value is: -75.9911
random permuted training data
==============================================================================
Model: 			inference_stcnn
Tensor Name: 	Placeholder:0
[128, 30, 64, 1]
==============================================================================
Tensor Name: conv0/conv0:0
[128, 1, 60, 4]
==============================================================================
Tensor Name: MaxPool:0
[128, 1, 30, 4]
==============================================================================
Tensor Name: conv1/conv1:0
[128, 1, 26, 32]
==============================================================================
Tensor Name: MaxPool_1:0
[128, 1, 13, 32]
==============================================================================
Tensor Name: conv2/conv2:0
[128, 1, 9, 64]
==============================================================================
Tensor Name: MaxPool_2:0
[128, 1, 4, 64]
==============================================================================
Tensor Name: local1/local1:0
[128, 128]
==============================================================================
Tensor Name: local2/local2:0
[128, 128]
==============================================================================
Tensor Name: softmax_linear/softmax_linear:0
[128, 2]
Step 0: loss = 0.8169 (0.032 sec)
Training Data Eval:
  Num examples: 3456  Num correct: 1935  Precision @ 1: 0.5599  AUC @ 1: 0.5119
Validation Data Eval:
  Num examples: 256  Num correct: 144  Precision @ 1: 0.5625  AUC @ 1: 0.5454
Test Data Eval:
  Num examples: 384  Num correct: 162  Precision @ 1: 0.4219  AUC @ 1: 0.6721
Step 200: loss = 0.7973 (0.017 sec)
Training Data Eval:
  Num examples: 3456  Num correct: 1948  Precision @ 1: 0.5637  AUC @ 1: 0.5332
Validation Data Eval:
  Num examples: 256  Num correct: 144  Precision @ 1: 0.5625  AUC @ 1: 0.5747
Test Data Eval:
  Num examples: 384  Num correct: 226  Precision @ 1: 0.5885  AUC @ 1: 0.6297
Step 400: loss = 0.8074 (0.016 sec)
Training Data Eval:
  Num examples: 3456  Num correct: 1967  Precision @ 1: 0.5692  AUC @ 1: 0.5482
Validation Data Eval:
  Num examples: 256  Num correct: 144  Precision @ 1: 0.5625  AUC @ 1: 0.5910
Test Data Eval:
  Num examples: 384  Num correct: 210  Precision @ 1: 0.5469  AUC @ 1: 0.6164
Step 600: loss = 0.8003 (0.016 sec)
Training Data Eval:
  Num examples: 3456  Num correct: 1970  Precision @ 1: 0.5700  AUC @ 1: 0.5482
Validation Data Eval:
  Num examples: 256  Num correct: 144  Precision @ 1: 0.5625  AUC @ 1: 0.6041
Test Data Eval:
  Num examples: 384  Num correct: 208  Precision @ 1: 0.5417  AUC @ 1: 0.6568
Step 800: loss = 0.8273 (0.017 sec)
Training Data Eval:
  Num examples: 3456  Num correct: 1973  Precision @ 1: 0.5709  AUC @ 1: 0.5530
Validation Data Eval:
  Num examples: 256  Num correct: 144  Precision @ 1: 0.5625  AUC @ 1: 0.6124
Test Data Eval:
  Num examples: 384  Num correct: 209  Precision @ 1: 0.5443  AUC @ 1: 0.6614
Step 1000: loss = 0.8077 (0.016 sec)
Training Data Eval:
  Num examples: 3456  Num correct: 1941  Precision @ 1: 0.5616  AUC @ 1: 0.5711
Validation Data Eval:
  Num examples: 256  Num correct: 144  Precision @ 1: 0.5625  AUC @ 1: 0.6188
Test Data Eval:
  Num examples: 384  Num correct: 214  Precision @ 1: 0.5573  AUC @ 1: 0.6432
Step 1200: loss = 0.7969 (0.015 sec)
Training Data Eval:
  Num examples: 3456  Num correct: 1993  Precision @ 1: 0.5767  AUC @ 1: 0.5644
Validation Data Eval:
  Num examples: 256  Num correct: 144  Precision @ 1: 0.5625  AUC @ 1: 0.6255
Test Data Eval:
  Num examples: 384  Num correct: 208  Precision @ 1: 0.5417  AUC @ 1: 0.6671
Step 1400: loss = 0.8225 (0.015 sec)
Training Data Eval:
  Num examples: 3456  Num correct: 1962  Precision @ 1: 0.5677  AUC @ 1: 0.5860
Validation Data Eval:
  Num examples: 256  Num correct: 144  Precision @ 1: 0.5625  AUC @ 1: 0.6293
Test Data Eval:
  Num examples: 384  Num correct: 218  Precision @ 1: 0.5677  AUC @ 1: 0.6703
Step 1600: loss = 0.7882 (0.016 sec)
Training Data Eval:
  Num examples: 3456  Num correct: 1961  Precision @ 1: 0.5674  AUC @ 1: 0.5861
Validation Data Eval:
  Num examples: 256  Num correct: 144  Precision @ 1: 0.5625  AUC @ 1: 0.6332
Test Data Eval:
  Num examples: 384  Num correct: 210  Precision @ 1: 0.5469  AUC @ 1: 0.6797
Step 1800: loss = 0.8105 (0.016 sec)
Training Data Eval:
  Num examples: 3456  Num correct: 1972  Precision @ 1: 0.5706  AUC @ 1: 0.5776
Validation Data Eval:
  Num examples: 256  Num correct: 144  Precision @ 1: 0.5625  AUC @ 1: 0.6359
Test Data Eval:
  Num examples: 384  Num correct: 218  Precision @ 1: 0.5677  AUC @ 1: 0.6788
Step 2000: loss = 0.8029 (0.016 sec)
Training Data Eval:
  Num examples: 3456  Num correct: 1927  Precision @ 1: 0.5576  AUC @ 1: 0.5870
Validation Data Eval:
  Num examples: 256  Num correct: 144  Precision @ 1: 0.5625  AUC @ 1: 0.6383
Test Data Eval:
  Num examples: 384  Num correct: 214  Precision @ 1: 0.5573  AUC @ 1: 0.6885
Step 2200: loss = 0.7877 (0.016 sec)
Training Data Eval:
  Num examples: 3456  Num correct: 1939  Precision @ 1: 0.5611  AUC @ 1: 0.5801
Validation Data Eval:
  Num examples: 256  Num correct: 144  Precision @ 1: 0.5625  AUC @ 1: 0.6404
Test Data Eval:
  Num examples: 384  Num correct: 214  Precision @ 1: 0.5573  AUC @ 1: 0.6548
Step 2400: loss = 0.7739 (0.017 sec)
Training Data Eval:
  Num examples: 3456  Num correct: 1938  Precision @ 1: 0.5608  AUC @ 1: 0.5894
Validation Data Eval:
  Num examples: 256  Num correct: 144  Precision @ 1: 0.5625  AUC @ 1: 0.6421
Test Data Eval:
  Num examples: 384  Num correct: 220  Precision @ 1: 0.5729  AUC @ 1: 0.6816
Step 2600: loss = 0.7922 (0.016 sec)
Training Data Eval:
  Num examples: 3456  Num correct: 1928  Precision @ 1: 0.5579  AUC @ 1: 0.5888
Validation Data Eval:
  Num examples: 256  Num correct: 144  Precision @ 1: 0.5625  AUC @ 1: 0.6427
Test Data Eval:
  Num examples: 384  Num correct: 219  Precision @ 1: 0.5703  AUC @ 1: 0.7060
Step 2800: loss = 0.7923 (0.016 sec)
Training Data Eval:
  Num examples: 3456  Num correct: 1962  Precision @ 1: 0.5677  AUC @ 1: 0.5881
Validation Data Eval:
  Num examples: 256  Num correct: 144  Precision @ 1: 0.5625  AUC @ 1: 0.6432
Test Data Eval:
  Num examples: 384  Num correct: 211  Precision @ 1: 0.5495  AUC @ 1: 0.6649
Step 3000: loss = 0.8002 (0.015 sec)
Training Data Eval:
  Num examples: 3456  Num correct: 1957  Precision @ 1: 0.5663  AUC @ 1: 0.5921
Validation Data Eval:
  Num examples: 256  Num correct: 144  Precision @ 1: 0.5625  AUC @ 1: 0.6439
Test Data Eval:
  Num examples: 384  Num correct: 219  Precision @ 1: 0.5703  AUC @ 1: 0.6942
Step 3200: loss = 0.7828 (0.017 sec)
Training Data Eval:
  Num examples: 3456  Num correct: 1938  Precision @ 1: 0.5608  AUC @ 1: 0.5939
Validation Data Eval:
  Num examples: 256  Num correct: 144  Precision @ 1: 0.5625  AUC @ 1: 0.6435
Test Data Eval:
  Num examples: 384  Num correct: 214  Precision @ 1: 0.5573  AUC @ 1: 0.6834
Step 3400: loss = 0.7964 (0.015 sec)
Training Data Eval:
  Num examples: 3456  Num correct: 1977  Precision @ 1: 0.5720  AUC @ 1: 0.5932
Validation Data Eval:
  Num examples: 256  Num correct: 144  Precision @ 1: 0.5625  AUC @ 1: 0.6441
Test Data Eval:
  Num examples: 384  Num correct: 212  Precision @ 1: 0.5521  AUC @ 1: 0.6917
Step 3600: loss = 0.7955 (0.016 sec)
Training Data Eval:
  Num examples: 3456  Num correct: 1947  Precision @ 1: 0.5634  AUC @ 1: 0.5976
Validation Data Eval:
  Num examples: 256  Num correct: 144  Precision @ 1: 0.5625  AUC @ 1: 0.6456
Test Data Eval:
  Num examples: 384  Num correct: 210  Precision @ 1: 0.5469  AUC @ 1: 0.6922
Step 3800: loss = 0.7744 (0.015 sec)
Training Data Eval:
  Num examples: 3456  Num correct: 1950  Precision @ 1: 0.5642  AUC @ 1: 0.5924
Validation Data Eval:
  Num examples: 256  Num correct: 144  Precision @ 1: 0.5625  AUC @ 1: 0.6446
Test Data Eval:
  Num examples: 384  Num correct: 221  Precision @ 1: 0.5755  AUC @ 1: 0.6869
Step 4000: loss = 0.7631 (0.016 sec)
Training Data Eval:
  Num examples: 3456  Num correct: 1975  Precision @ 1: 0.5715  AUC @ 1: 0.6056
Validation Data Eval:
  Num examples: 256  Num correct: 144  Precision @ 1: 0.5625  AUC @ 1: 0.6450
Test Data Eval:
  Num examples: 384  Num correct: 224  Precision @ 1: 0.5833  AUC @ 1: 0.6815
Step 4200: loss = 0.7768 (0.017 sec)
Training Data Eval:
  Num examples: 3456  Num correct: 1947  Precision @ 1: 0.5634  AUC @ 1: 0.6004
Validation Data Eval:
  Num examples: 256  Num correct: 144  Precision @ 1: 0.5625  AUC @ 1: 0.6451
Test Data Eval:
  Num examples: 384  Num correct: 219  Precision @ 1: 0.5703  AUC @ 1: 0.6688
Step 4400: loss = 0.7883 (0.016 sec)
Training Data Eval:
  Num examples: 3456  Num correct: 1976  Precision @ 1: 0.5718  AUC @ 1: 0.6060
Validation Data Eval:
  Num examples: 256  Num correct: 144  Precision @ 1: 0.5625  AUC @ 1: 0.6452
Test Data Eval:
  Num examples: 384  Num correct: 218  Precision @ 1: 0.5677  AUC @ 1: 0.6828
Step 4600: loss = 0.7645 (0.018 sec)
Training Data Eval:
  Num examples: 3456  Num correct: 1932  Precision @ 1: 0.5590  AUC @ 1: 0.6065
Validation Data Eval:
  Num examples: 256  Num correct: 144  Precision @ 1: 0.5625  AUC @ 1: 0.6449
Test Data Eval:
  Num examples: 384  Num correct: 218  Precision @ 1: 0.5677  AUC @ 1: 0.6867
Step 4800: loss = 0.7869 (0.016 sec)
Training Data Eval:
  Num examples: 3456  Num correct: 1963  Precision @ 1: 0.5680  AUC @ 1: 0.6061
Validation Data Eval:
  Num examples: 256  Num correct: 144  Precision @ 1: 0.5625  AUC @ 1: 0.6455
Test Data Eval:
  Num examples: 384  Num correct: 229  Precision @ 1: 0.5964  AUC @ 1: 0.6944
Step 5000: loss = 0.7920 (0.016 sec)
Training Data Eval:
  Num examples: 3456  Num correct: 1965  Precision @ 1: 0.5686  AUC @ 1: 0.6131
Validation Data Eval:
  Num examples: 256  Num correct: 144  Precision @ 1: 0.5625  AUC @ 1: 0.6461
Test Data Eval:
  Num examples: 384  Num correct: 221  Precision @ 1: 0.5755  AUC @ 1: 0.6789
Step 5200: loss = 0.7873 (0.016 sec)
Training Data Eval:
  Num examples: 3456  Num correct: 1960  Precision @ 1: 0.5671  AUC @ 1: 0.6076
Validation Data Eval:
  Num examples: 256  Num correct: 144  Precision @ 1: 0.5625  AUC @ 1: 0.6464
Test Data Eval:
  Num examples: 384  Num correct: 213  Precision @ 1: 0.5547  AUC @ 1: 0.6934
Step 5400: loss = 0.7825 (0.026 sec)
Training Data Eval:
  Num examples: 3456  Num correct: 1959  Precision @ 1: 0.5668  AUC @ 1: 0.6182
Validation Data Eval:
  Num examples: 256  Num correct: 144  Precision @ 1: 0.5625  AUC @ 1: 0.6459
Test Data Eval:
  Num examples: 384  Num correct: 209  Precision @ 1: 0.5443  AUC @ 1: 0.6764
Step 5600: loss = 0.8009 (0.015 sec)
Training Data Eval:
  Num examples: 3456  Num correct: 1969  Precision @ 1: 0.5697  AUC @ 1: 0.6018
Validation Data Eval:
  Num examples: 256  Num correct: 144  Precision @ 1: 0.5625  AUC @ 1: 0.6461
Test Data Eval:
  Num examples: 384  Num correct: 219  Precision @ 1: 0.5703  AUC @ 1: 0.6809
Step 5800: loss = 0.7745 (0.015 sec)
Training Data Eval:
  Num examples: 3456  Num correct: 1982  Precision @ 1: 0.5735  AUC @ 1: 0.6057
Validation Data Eval:
  Num examples: 256  Num correct: 144  Precision @ 1: 0.5625  AUC @ 1: 0.6461
Test Data Eval:
  Num examples: 384  Num correct: 220  Precision @ 1: 0.5729  AUC @ 1: 0.6578
Step 6000: loss = 0.7759 (0.015 sec)
Training Data Eval:
  Num examples: 3456  Num correct: 1987  Precision @ 1: 0.5749  AUC @ 1: 0.6093
Validation Data Eval:
  Num examples: 256  Num correct: 144  Precision @ 1: 0.5625  AUC @ 1: 0.6457
Test Data Eval:
  Num examples: 384  Num correct: 226  Precision @ 1: 0.5885  AUC @ 1: 0.7008
Step 6200: loss = 0.7900 (0.017 sec)
Training Data Eval:
  Num examples: 3456  Num correct: 1946  Precision @ 1: 0.5631  AUC @ 1: 0.6077
Validation Data Eval:
  Num examples: 256  Num correct: 144  Precision @ 1: 0.5625  AUC @ 1: 0.6460
Test Data Eval:
  Num examples: 384  Num correct: 215  Precision @ 1: 0.5599  AUC @ 1: 0.7018
Step 6400: loss = 0.7931 (0.016 sec)
Training Data Eval:
  Num examples: 3456  Num correct: 1936  Precision @ 1: 0.5602  AUC @ 1: 0.6222
Validation Data Eval:
  Num examples: 256  Num correct: 144  Precision @ 1: 0.5625  AUC @ 1: 0.6467
Test Data Eval:
  Num examples: 384  Num correct: 220  Precision @ 1: 0.5729  AUC @ 1: 0.6768
Step 6600: loss = 0.7898 (0.016 sec)
Training Data Eval:
  Num examples: 3456  Num correct: 1957  Precision @ 1: 0.5663  AUC @ 1: 0.6113
Validation Data Eval:
  Num examples: 256  Num correct: 144  Precision @ 1: 0.5625  AUC @ 1: 0.6472
Test Data Eval:
  Num examples: 384  Num correct: 223  Precision @ 1: 0.5807  AUC @ 1: 0.6910
Step 6800: loss = 0.7574 (0.016 sec)
Training Data Eval:
  Num examples: 3456  Num correct: 1974  Precision @ 1: 0.5712  AUC @ 1: 0.6079
Validation Data Eval:
  Num examples: 256  Num correct: 144  Precision @ 1: 0.5625  AUC @ 1: 0.6484
Test Data Eval:
  Num examples: 384  Num correct: 220  Precision @ 1: 0.5729  AUC @ 1: 0.7062
Step 7000: loss = 0.7935 (0.015 sec)
Training Data Eval:
  Num examples: 3456  Num correct: 1962  Precision @ 1: 0.5677  AUC @ 1: 0.6066
Validation Data Eval:
  Num examples: 256  Num correct: 144  Precision @ 1: 0.5625  AUC @ 1: 0.6489
Test Data Eval:
  Num examples: 384  Num correct: 214  Precision @ 1: 0.5573  AUC @ 1: 0.7157
Step 7200: loss = 0.7602 (0.016 sec)
Training Data Eval:
  Num examples: 3456  Num correct: 1962  Precision @ 1: 0.5677  AUC @ 1: 0.6213
Validation Data Eval:
  Num examples: 256  Num correct: 144  Precision @ 1: 0.5625  AUC @ 1: 0.6491
Test Data Eval:
  Num examples: 384  Num correct: 222  Precision @ 1: 0.5781  AUC @ 1: 0.7116
Step 7400: loss = 0.7919 (0.016 sec)
Training Data Eval:
  Num examples: 3456  Num correct: 1949  Precision @ 1: 0.5639  AUC @ 1: 0.6129
Validation Data Eval:
  Num examples: 256  Num correct: 144  Precision @ 1: 0.5625  AUC @ 1: 0.6498
Test Data Eval:
  Num examples: 384  Num correct: 218  Precision @ 1: 0.5677  AUC @ 1: 0.6991
Step 7600: loss = 0.7709 (0.016 sec)
Training Data Eval:
  Num examples: 3456  Num correct: 1955  Precision @ 1: 0.5657  AUC @ 1: 0.6159
Validation Data Eval:
  Num examples: 256  Num correct: 144  Precision @ 1: 0.5625  AUC @ 1: 0.6500
Test Data Eval:
  Num examples: 384  Num correct: 223  Precision @ 1: 0.5807  AUC @ 1: 0.6976
Step 7800: loss = 0.7746 (0.015 sec)
Training Data Eval:
  Num examples: 3456  Num correct: 1976  Precision @ 1: 0.5718  AUC @ 1: 0.6120
Validation Data Eval:
  Num examples: 256  Num correct: 144  Precision @ 1: 0.5625  AUC @ 1: 0.6499
Test Data Eval:
  Num examples: 384  Num correct: 211  Precision @ 1: 0.5495  AUC @ 1: 0.7045
Step 8000: loss = 0.7701 (0.016 sec)
Training Data Eval:
  Num examples: 3456  Num correct: 1922  Precision @ 1: 0.5561  AUC @ 1: 0.6104
Validation Data Eval:
  Num examples: 256  Num correct: 144  Precision @ 1: 0.5625  AUC @ 1: 0.6494
Test Data Eval:
  Num examples: 384  Num correct: 210  Precision @ 1: 0.5469  AUC @ 1: 0.6685
Step 8200: loss = 0.7502 (0.016 sec)
Training Data Eval:
  Num examples: 3456  Num correct: 1951  Precision @ 1: 0.5645  AUC @ 1: 0.6132
Validation Data Eval:
  Num examples: 256  Num correct: 144  Precision @ 1: 0.5625  AUC @ 1: 0.6496
Test Data Eval:
  Num examples: 384  Num correct: 216  Precision @ 1: 0.5625  AUC @ 1: 0.6686
Step 8400: loss = 0.7747 (0.016 sec)
Training Data Eval:
  Num examples: 3456  Num correct: 1957  Precision @ 1: 0.5663  AUC @ 1: 0.6075
Validation Data Eval:
  Num examples: 256  Num correct: 144  Precision @ 1: 0.5625  AUC @ 1: 0.6493
Test Data Eval:
  Num examples: 384  Num correct: 213  Precision @ 1: 0.5547  AUC @ 1: 0.6955
Step 8600: loss = 0.7761 (0.016 sec)
Training Data Eval:
  Num examples: 3456  Num correct: 1950  Precision @ 1: 0.5642  AUC @ 1: 0.6082
Validation Data Eval:
  Num examples: 256  Num correct: 144  Precision @ 1: 0.5625  AUC @ 1: 0.6493
Test Data Eval:
  Num examples: 384  Num correct: 213  Precision @ 1: 0.5547  AUC @ 1: 0.6827
Step 8800: loss = 0.7778 (0.016 sec)
Training Data Eval:
  Num examples: 3456  Num correct: 1977  Precision @ 1: 0.5720  AUC @ 1: 0.6318
Validation Data Eval:
  Num examples: 256  Num correct: 144  Precision @ 1: 0.5625  AUC @ 1: 0.6493
Test Data Eval:
  Num examples: 384  Num correct: 213  Precision @ 1: 0.5547  AUC @ 1: 0.7046
Step 9000: loss = 0.7856 (0.015 sec)
Training Data Eval:
  Num examples: 3456  Num correct: 1948  Precision @ 1: 0.5637  AUC @ 1: 0.6197
Validation Data Eval:
  Num examples: 256  Num correct: 144  Precision @ 1: 0.5625  AUC @ 1: 0.6491
Test Data Eval:
  Num examples: 384  Num correct: 211  Precision @ 1: 0.5495  AUC @ 1: 0.7071
Step 9200: loss = 0.7624 (0.017 sec)
Training Data Eval:
  Num examples: 3456  Num correct: 1942  Precision @ 1: 0.5619  AUC @ 1: 0.6201
Validation Data Eval:
  Num examples: 256  Num correct: 144  Precision @ 1: 0.5625  AUC @ 1: 0.6490
Test Data Eval:
  Num examples: 384  Num correct: 222  Precision @ 1: 0.5781  AUC @ 1: 0.6987
Step 9400: loss = 0.7580 (0.018 sec)
Training Data Eval:
  Num examples: 3456  Num correct: 1960  Precision @ 1: 0.5671  AUC @ 1: 0.6236
Validation Data Eval:
  Num examples: 256  Num correct: 144  Precision @ 1: 0.5625  AUC @ 1: 0.6491
Test Data Eval:
  Num examples: 384  Num correct: 215  Precision @ 1: 0.5599  AUC @ 1: 0.6883
Step 9600: loss = 0.7536 (0.016 sec)
Training Data Eval:
  Num examples: 3456  Num correct: 1950  Precision @ 1: 0.5642  AUC @ 1: 0.6168
Validation Data Eval:
  Num examples: 256  Num correct: 144  Precision @ 1: 0.5625  AUC @ 1: 0.6496
Test Data Eval:
  Num examples: 384  Num correct: 223  Precision @ 1: 0.5807  AUC @ 1: 0.6805
Step 9800: loss = 0.7690 (0.015 sec)
Training Data Eval:
  Num examples: 3456  Num correct: 1934  Precision @ 1: 0.5596  AUC @ 1: 0.6176
Validation Data Eval:
  Num examples: 256  Num correct: 144  Precision @ 1: 0.5625  AUC @ 1: 0.6497
Test Data Eval:
  Num examples: 384  Num correct: 217  Precision @ 1: 0.5651  AUC @ 1: 0.7130
