Training data shape: 	(3816, 64, 30, 1)
Training label shape:	(3816,)
Testing data shape:  	(519, 64, 30, 1)
Testing label shape: 	(519,)
max input value is: 72.5247
min input value is: -68.1265
random permuted training data
==============================================================================
Model: 			inference_global_s_cnn
Tensor Name: 	Placeholder:0
[128, 64, 30, 1]
==============================================================================
Tensor Name: conv1/conv1:0
[128, 1, 30, 4]
==============================================================================
Tensor Name: MaxPool:0
[128, 1, 15, 4]
==============================================================================
Tensor Name: local1/local1:0
[128, 128]
==============================================================================
Tensor Name: local2/local2:0
[128, 128]
==============================================================================
Tensor Name: softmax_linear/softmax_linear:0
[128, 2]
Step 0: loss = 0.7535 (0.031 sec)
Training Data Eval:
  Num examples: 3456  Num correct: 1958  Precision @ 1: 0.5666  AUC @ 1: 0.6857
Validation Data Eval:
  Num examples: 256  Num correct: 150  Precision @ 1: 0.5859  AUC @ 1: 0.6652
Test Data Eval:
  Num examples: 512  Num correct: 287  Precision @ 1: 0.5605  AUC @ 1: 0.6688
Step 200: loss = 0.7426 (0.008 sec)
Training Data Eval:
  Num examples: 3456  Num correct: 1961  Precision @ 1: 0.5674  AUC @ 1: 0.6749
Validation Data Eval:
  Num examples: 256  Num correct: 150  Precision @ 1: 0.5859  AUC @ 1: 0.6623
Test Data Eval:
  Num examples: 512  Num correct: 291  Precision @ 1: 0.5684  AUC @ 1: 0.6541
Step 400: loss = 0.7141 (0.009 sec)
Training Data Eval:
  Num examples: 3456  Num correct: 2171  Precision @ 1: 0.6282  AUC @ 1: 0.6967
Validation Data Eval:
  Num examples: 256  Num correct: 169  Precision @ 1: 0.6602  AUC @ 1: 0.6767
Test Data Eval:
  Num examples: 512  Num correct: 317  Precision @ 1: 0.6191  AUC @ 1: 0.6495
Step 600: loss = 0.6967 (0.009 sec)
Training Data Eval:
  Num examples: 3456  Num correct: 2252  Precision @ 1: 0.6516  AUC @ 1: 0.7130
Validation Data Eval:
  Num examples: 256  Num correct: 168  Precision @ 1: 0.6562  AUC @ 1: 0.7061
Test Data Eval:
  Num examples: 512  Num correct: 313  Precision @ 1: 0.6113  AUC @ 1: 0.6323
Step 800: loss = 0.6844 (0.009 sec)
Training Data Eval:
  Num examples: 3456  Num correct: 2335  Precision @ 1: 0.6756  AUC @ 1: 0.7348
Validation Data Eval:
  Num examples: 256  Num correct: 176  Precision @ 1: 0.6875  AUC @ 1: 0.7427
Test Data Eval:
  Num examples: 512  Num correct: 304  Precision @ 1: 0.5938  AUC @ 1: 0.6250
Step 1000: loss = 0.6414 (0.009 sec)
Training Data Eval:
  Num examples: 3456  Num correct: 2325  Precision @ 1: 0.6727  AUC @ 1: 0.7502
Validation Data Eval:
  Num examples: 256  Num correct: 181  Precision @ 1: 0.7070  AUC @ 1: 0.7620
Test Data Eval:
  Num examples: 512  Num correct: 313  Precision @ 1: 0.6113  AUC @ 1: 0.6191
Step 1200: loss = 0.6392 (0.008 sec)
Training Data Eval:
  Num examples: 3456  Num correct: 2371  Precision @ 1: 0.6861  AUC @ 1: 0.7633
Validation Data Eval:
  Num examples: 256  Num correct: 182  Precision @ 1: 0.7109  AUC @ 1: 0.7608
Test Data Eval:
  Num examples: 512  Num correct: 308  Precision @ 1: 0.6016  AUC @ 1: 0.6212
Step 1400: loss = 0.6021 (0.008 sec)
Training Data Eval:
  Num examples: 3456  Num correct: 2410  Precision @ 1: 0.6973  AUC @ 1: 0.7664
Validation Data Eval:
  Num examples: 256  Num correct: 174  Precision @ 1: 0.6797  AUC @ 1: 0.7617
Test Data Eval:
  Num examples: 512  Num correct: 302  Precision @ 1: 0.5898  AUC @ 1: 0.6113
Step 1600: loss = 0.6657 (0.009 sec)
Training Data Eval:
  Num examples: 3456  Num correct: 2469  Precision @ 1: 0.7144  AUC @ 1: 0.7788
Validation Data Eval:
  Num examples: 256  Num correct: 180  Precision @ 1: 0.7031  AUC @ 1: 0.7661
Test Data Eval:
  Num examples: 512  Num correct: 305  Precision @ 1: 0.5957  AUC @ 1: 0.6223
Step 1800: loss = 0.5963 (0.009 sec)
Training Data Eval:
  Num examples: 3456  Num correct: 2461  Precision @ 1: 0.7121  AUC @ 1: 0.7794
Validation Data Eval:
  Num examples: 256  Num correct: 177  Precision @ 1: 0.6914  AUC @ 1: 0.7689
Test Data Eval:
  Num examples: 512  Num correct: 301  Precision @ 1: 0.5879  AUC @ 1: 0.6178
Step 2000: loss = 0.5859 (0.009 sec)
Training Data Eval:
  Num examples: 3456  Num correct: 2460  Precision @ 1: 0.7118  AUC @ 1: 0.7829
Validation Data Eval:
  Num examples: 256  Num correct: 175  Precision @ 1: 0.6836  AUC @ 1: 0.7729
Test Data Eval:
  Num examples: 512  Num correct: 298  Precision @ 1: 0.5820  AUC @ 1: 0.6121
Step 2200: loss = 0.6277 (0.008 sec)
Training Data Eval:
  Num examples: 3456  Num correct: 2469  Precision @ 1: 0.7144  AUC @ 1: 0.7924
Validation Data Eval:
  Num examples: 256  Num correct: 175  Precision @ 1: 0.6836  AUC @ 1: 0.7752
Test Data Eval:
  Num examples: 512  Num correct: 303  Precision @ 1: 0.5918  AUC @ 1: 0.6175
Step 2400: loss = 0.6388 (0.009 sec)
Training Data Eval:
  Num examples: 3456  Num correct: 2494  Precision @ 1: 0.7216  AUC @ 1: 0.7998
Validation Data Eval:
  Num examples: 256  Num correct: 180  Precision @ 1: 0.7031  AUC @ 1: 0.7770
Test Data Eval:
  Num examples: 512  Num correct: 303  Precision @ 1: 0.5918  AUC @ 1: 0.6150
Step 2600: loss = 0.5562 (0.008 sec)
Training Data Eval:
  Num examples: 3456  Num correct: 2514  Precision @ 1: 0.7274  AUC @ 1: 0.8026
Validation Data Eval:
  Num examples: 256  Num correct: 181  Precision @ 1: 0.7070  AUC @ 1: 0.7784
Test Data Eval:
  Num examples: 512  Num correct: 315  Precision @ 1: 0.6152  AUC @ 1: 0.6281
Step 2800: loss = 0.5849 (0.009 sec)
Training Data Eval:
  Num examples: 3456  Num correct: 2514  Precision @ 1: 0.7274  AUC @ 1: 0.7997
Validation Data Eval:
  Num examples: 256  Num correct: 182  Precision @ 1: 0.7109  AUC @ 1: 0.7801
Test Data Eval:
  Num examples: 512  Num correct: 311  Precision @ 1: 0.6074  AUC @ 1: 0.6260
Step 3000: loss = 0.5871 (0.009 sec)
Training Data Eval:
  Num examples: 3456  Num correct: 2501  Precision @ 1: 0.7237  AUC @ 1: 0.7982
Validation Data Eval:
  Num examples: 256  Num correct: 182  Precision @ 1: 0.7109  AUC @ 1: 0.7803
Test Data Eval:
  Num examples: 512  Num correct: 316  Precision @ 1: 0.6172  AUC @ 1: 0.6318
Step 3200: loss = 0.4888 (0.009 sec)
Training Data Eval:
  Num examples: 3456  Num correct: 2533  Precision @ 1: 0.7329  AUC @ 1: 0.8064
Validation Data Eval:
  Num examples: 256  Num correct: 179  Precision @ 1: 0.6992  AUC @ 1: 0.7814
Test Data Eval:
  Num examples: 512  Num correct: 317  Precision @ 1: 0.6191  AUC @ 1: 0.6346
Step 3400: loss = 0.5545 (0.011 sec)
Training Data Eval:
  Num examples: 3456  Num correct: 2563  Precision @ 1: 0.7416  AUC @ 1: 0.8153
Validation Data Eval:
  Num examples: 256  Num correct: 181  Precision @ 1: 0.7070  AUC @ 1: 0.7820
Test Data Eval:
  Num examples: 512  Num correct: 314  Precision @ 1: 0.6133  AUC @ 1: 0.6376
Step 3600: loss = 0.5657 (0.008 sec)
Training Data Eval:
  Num examples: 3456  Num correct: 2551  Precision @ 1: 0.7381  AUC @ 1: 0.8136
Validation Data Eval:
  Num examples: 256  Num correct: 178  Precision @ 1: 0.6953  AUC @ 1: 0.7833
Test Data Eval:
  Num examples: 512  Num correct: 316  Precision @ 1: 0.6172  AUC @ 1: 0.6376
Step 3800: loss = 0.5617 (0.009 sec)
Training Data Eval:
  Num examples: 3456  Num correct: 2530  Precision @ 1: 0.7321  AUC @ 1: 0.8118
Validation Data Eval:
  Num examples: 256  Num correct: 187  Precision @ 1: 0.7305  AUC @ 1: 0.7835
Test Data Eval:
  Num examples: 512  Num correct: 317  Precision @ 1: 0.6191  AUC @ 1: 0.6393
Step 4000: loss = 0.5709 (0.009 sec)
Training Data Eval:
  Num examples: 3456  Num correct: 2578  Precision @ 1: 0.7459  AUC @ 1: 0.8274
Validation Data Eval:
  Num examples: 256  Num correct: 188  Precision @ 1: 0.7344  AUC @ 1: 0.7779
Test Data Eval:
  Num examples: 512  Num correct: 322  Precision @ 1: 0.6289  AUC @ 1: 0.6441
Step 4200: loss = 0.6580 (0.009 sec)
Training Data Eval:
  Num examples: 3456  Num correct: 2572  Precision @ 1: 0.7442  AUC @ 1: 0.8221
Validation Data Eval:
  Num examples: 256  Num correct: 183  Precision @ 1: 0.7148  AUC @ 1: 0.7804
Test Data Eval:
  Num examples: 512  Num correct: 321  Precision @ 1: 0.6270  AUC @ 1: 0.6441
Step 4400: loss = 0.5835 (0.010 sec)
Training Data Eval:
  Num examples: 3456  Num correct: 2600  Precision @ 1: 0.7523  AUC @ 1: 0.8252
Validation Data Eval:
  Num examples: 256  Num correct: 188  Precision @ 1: 0.7344  AUC @ 1: 0.7806
Test Data Eval:
  Num examples: 512  Num correct: 317  Precision @ 1: 0.6191  AUC @ 1: 0.6402
Step 4600: loss = 0.5680 (0.009 sec)
Training Data Eval:
  Num examples: 3456  Num correct: 2622  Precision @ 1: 0.7587  AUC @ 1: 0.8282
Validation Data Eval:
  Num examples: 256  Num correct: 191  Precision @ 1: 0.7461  AUC @ 1: 0.7828
Test Data Eval:
  Num examples: 512  Num correct: 313  Precision @ 1: 0.6113  AUC @ 1: 0.6380
Step 4800: loss = 0.4892 (0.008 sec)
Training Data Eval:
  Num examples: 3456  Num correct: 2643  Precision @ 1: 0.7648  AUC @ 1: 0.8382
Validation Data Eval:
  Num examples: 256  Num correct: 186  Precision @ 1: 0.7266  AUC @ 1: 0.7772
Test Data Eval:
  Num examples: 512  Num correct: 314  Precision @ 1: 0.6133  AUC @ 1: 0.6407
Step 5000: loss = 0.5830 (0.009 sec)
Training Data Eval:
  Num examples: 3456  Num correct: 2627  Precision @ 1: 0.7601  AUC @ 1: 0.8366
Validation Data Eval:
  Num examples: 256  Num correct: 186  Precision @ 1: 0.7266  AUC @ 1: 0.7811
Test Data Eval:
  Num examples: 512  Num correct: 306  Precision @ 1: 0.5977  AUC @ 1: 0.6368
Step 5200: loss = 0.5256 (0.009 sec)
Training Data Eval:
  Num examples: 3456  Num correct: 2633  Precision @ 1: 0.7619  AUC @ 1: 0.8382
Validation Data Eval:
  Num examples: 256  Num correct: 185  Precision @ 1: 0.7227  AUC @ 1: 0.7791
Test Data Eval:
  Num examples: 512  Num correct: 306  Precision @ 1: 0.5977  AUC @ 1: 0.6375
Step 5400: loss = 0.5305 (0.019 sec)
Training Data Eval:
  Num examples: 3456  Num correct: 2630  Precision @ 1: 0.7610  AUC @ 1: 0.8349
Validation Data Eval:
  Num examples: 256  Num correct: 187  Precision @ 1: 0.7305  AUC @ 1: 0.7811
Test Data Eval:
  Num examples: 512  Num correct: 308  Precision @ 1: 0.6016  AUC @ 1: 0.6360
Step 5600: loss = 0.5136 (0.009 sec)
Training Data Eval:
  Num examples: 3456  Num correct: 2662  Precision @ 1: 0.7703  AUC @ 1: 0.8423
Validation Data Eval:
  Num examples: 256  Num correct: 187  Precision @ 1: 0.7305  AUC @ 1: 0.7794
Test Data Eval:
  Num examples: 512  Num correct: 311  Precision @ 1: 0.6074  AUC @ 1: 0.6416
Step 5800: loss = 0.4952 (0.008 sec)
Training Data Eval:
  Num examples: 3456  Num correct: 2659  Precision @ 1: 0.7694  AUC @ 1: 0.8464
Validation Data Eval:
  Num examples: 256  Num correct: 184  Precision @ 1: 0.7188  AUC @ 1: 0.7809
Test Data Eval:
  Num examples: 512  Num correct: 306  Precision @ 1: 0.5977  AUC @ 1: 0.6401
Step 6000: loss = 0.5822 (0.009 sec)
Training Data Eval:
  Num examples: 3456  Num correct: 2699  Precision @ 1: 0.7810  AUC @ 1: 0.8554
Validation Data Eval:
  Num examples: 256  Num correct: 183  Precision @ 1: 0.7148  AUC @ 1: 0.7811
Test Data Eval:
  Num examples: 512  Num correct: 309  Precision @ 1: 0.6035  AUC @ 1: 0.6346
Step 6200: loss = 0.5352 (0.008 sec)
Training Data Eval:
  Num examples: 3456  Num correct: 2700  Precision @ 1: 0.7812  AUC @ 1: 0.8537
Validation Data Eval:
  Num examples: 256  Num correct: 184  Precision @ 1: 0.7188  AUC @ 1: 0.7797
Test Data Eval:
  Num examples: 512  Num correct: 299  Precision @ 1: 0.5840  AUC @ 1: 0.6337
Step 6400: loss = 0.5117 (0.008 sec)
Training Data Eval:
  Num examples: 3456  Num correct: 2675  Precision @ 1: 0.7740  AUC @ 1: 0.8491
Validation Data Eval:
  Num examples: 256  Num correct: 184  Precision @ 1: 0.7188  AUC @ 1: 0.7828
Test Data Eval:
  Num examples: 512  Num correct: 306  Precision @ 1: 0.5977  AUC @ 1: 0.6371
Step 6600: loss = 0.5939 (0.009 sec)
Training Data Eval:
  Num examples: 3456  Num correct: 2694  Precision @ 1: 0.7795  AUC @ 1: 0.8547
Validation Data Eval:
  Num examples: 256  Num correct: 184  Precision @ 1: 0.7188  AUC @ 1: 0.7830
Test Data Eval:
  Num examples: 512  Num correct: 305  Precision @ 1: 0.5957  AUC @ 1: 0.6306
Step 6800: loss = 0.5763 (0.008 sec)
Training Data Eval:
  Num examples: 3456  Num correct: 2684  Precision @ 1: 0.7766  AUC @ 1: 0.8505
Validation Data Eval:
  Num examples: 256  Num correct: 184  Precision @ 1: 0.7188  AUC @ 1: 0.7801
Test Data Eval:
  Num examples: 512  Num correct: 306  Precision @ 1: 0.5977  AUC @ 1: 0.6424
Step 7000: loss = 0.3963 (0.009 sec)
Training Data Eval:
  Num examples: 3456  Num correct: 2669  Precision @ 1: 0.7723  AUC @ 1: 0.8556
Validation Data Eval:
  Num examples: 256  Num correct: 182  Precision @ 1: 0.7109  AUC @ 1: 0.7755
Test Data Eval:
  Num examples: 512  Num correct: 310  Precision @ 1: 0.6055  AUC @ 1: 0.6400
Step 7200: loss = 0.4510 (0.009 sec)
Training Data Eval:
  Num examples: 3456  Num correct: 2747  Precision @ 1: 0.7948  AUC @ 1: 0.8666
Validation Data Eval:
  Num examples: 256  Num correct: 176  Precision @ 1: 0.6875  AUC @ 1: 0.7769
Test Data Eval:
  Num examples: 512  Num correct: 301  Precision @ 1: 0.5879  AUC @ 1: 0.6372
Step 7400: loss = 0.5204 (0.009 sec)
Training Data Eval:
  Num examples: 3456  Num correct: 2743  Precision @ 1: 0.7937  AUC @ 1: 0.8698
Validation Data Eval:
  Num examples: 256  Num correct: 179  Precision @ 1: 0.6992  AUC @ 1: 0.7706
Test Data Eval:
  Num examples: 512  Num correct: 302  Precision @ 1: 0.5898  AUC @ 1: 0.6376
Step 7600: loss = 0.5399 (0.008 sec)
Training Data Eval:
  Num examples: 3456  Num correct: 2719  Precision @ 1: 0.7867  AUC @ 1: 0.8651
Validation Data Eval:
  Num examples: 256  Num correct: 178  Precision @ 1: 0.6953  AUC @ 1: 0.7733
Test Data Eval:
  Num examples: 512  Num correct: 305  Precision @ 1: 0.5957  AUC @ 1: 0.6350
Step 7800: loss = 0.5464 (0.009 sec)
Training Data Eval:
  Num examples: 3456  Num correct: 2771  Precision @ 1: 0.8018  AUC @ 1: 0.8749
Validation Data Eval:
  Num examples: 256  Num correct: 182  Precision @ 1: 0.7109  AUC @ 1: 0.7723
Test Data Eval:
  Num examples: 512  Num correct: 306  Precision @ 1: 0.5977  AUC @ 1: 0.6392
Step 8000: loss = 0.5258 (0.008 sec)
Training Data Eval:
  Num examples: 3456  Num correct: 2717  Precision @ 1: 0.7862  AUC @ 1: 0.8653
Validation Data Eval:
  Num examples: 256  Num correct: 181  Precision @ 1: 0.7070  AUC @ 1: 0.7762
Test Data Eval:
  Num examples: 512  Num correct: 308  Precision @ 1: 0.6016  AUC @ 1: 0.6442
Step 8200: loss = 0.5022 (0.008 sec)
Training Data Eval:
  Num examples: 3456  Num correct: 2758  Precision @ 1: 0.7980  AUC @ 1: 0.8715
Validation Data Eval:
  Num examples: 256  Num correct: 182  Precision @ 1: 0.7109  AUC @ 1: 0.7791
Test Data Eval:
  Num examples: 512  Num correct: 305  Precision @ 1: 0.5957  AUC @ 1: 0.6256
Step 8400: loss = 0.5245 (0.008 sec)
Training Data Eval:
  Num examples: 3456  Num correct: 2722  Precision @ 1: 0.7876  AUC @ 1: 0.8674
Validation Data Eval:
  Num examples: 256  Num correct: 182  Precision @ 1: 0.7109  AUC @ 1: 0.7765
Test Data Eval:
  Num examples: 512  Num correct: 303  Precision @ 1: 0.5918  AUC @ 1: 0.6308
Step 8600: loss = 0.4803 (0.008 sec)
Training Data Eval:
  Num examples: 3456  Num correct: 2765  Precision @ 1: 0.8001  AUC @ 1: 0.8751
Validation Data Eval:
  Num examples: 256  Num correct: 177  Precision @ 1: 0.6914  AUC @ 1: 0.7725
Test Data Eval:
  Num examples: 512  Num correct: 305  Precision @ 1: 0.5957  AUC @ 1: 0.6353
Step 8800: loss = 0.5348 (0.009 sec)
Training Data Eval:
  Num examples: 3456  Num correct: 2760  Precision @ 1: 0.7986  AUC @ 1: 0.8803
Validation Data Eval:
  Num examples: 256  Num correct: 186  Precision @ 1: 0.7266  AUC @ 1: 0.7745
Test Data Eval:
  Num examples: 512  Num correct: 300  Precision @ 1: 0.5859  AUC @ 1: 0.6257
Step 9000: loss = 0.5770 (0.009 sec)
Training Data Eval:
  Num examples: 3456  Num correct: 2779  Precision @ 1: 0.8041  AUC @ 1: 0.8779
Validation Data Eval:
  Num examples: 256  Num correct: 179  Precision @ 1: 0.6992  AUC @ 1: 0.7753
Test Data Eval:
  Num examples: 512  Num correct: 304  Precision @ 1: 0.5938  AUC @ 1: 0.6291
Step 9200: loss = 0.5549 (0.008 sec)
Training Data Eval:
  Num examples: 3456  Num correct: 2775  Precision @ 1: 0.8030  AUC @ 1: 0.8769
Validation Data Eval:
  Num examples: 256  Num correct: 179  Precision @ 1: 0.6992  AUC @ 1: 0.7711
Test Data Eval:
  Num examples: 512  Num correct: 308  Precision @ 1: 0.6016  AUC @ 1: 0.6323
Step 9400: loss = 0.4646 (0.009 sec)
Training Data Eval:
  Num examples: 3456  Num correct: 2811  Precision @ 1: 0.8134  AUC @ 1: 0.8816
Validation Data Eval:
  Num examples: 256  Num correct: 179  Precision @ 1: 0.6992  AUC @ 1: 0.7747
Test Data Eval:
  Num examples: 512  Num correct: 308  Precision @ 1: 0.6016  AUC @ 1: 0.6333
Step 9600: loss = 0.4524 (0.009 sec)
Training Data Eval:
  Num examples: 3456  Num correct: 2786  Precision @ 1: 0.8061  AUC @ 1: 0.8801
Validation Data Eval:
  Num examples: 256  Num correct: 176  Precision @ 1: 0.6875  AUC @ 1: 0.7724
Test Data Eval:
  Num examples: 512  Num correct: 311  Precision @ 1: 0.6074  AUC @ 1: 0.6410
Step 9800: loss = 0.4699 (0.009 sec)
Training Data Eval:
  Num examples: 3456  Num correct: 2804  Precision @ 1: 0.8113  AUC @ 1: 0.8907
Validation Data Eval:
  Num examples: 256  Num correct: 179  Precision @ 1: 0.6992  AUC @ 1: 0.7711
Test Data Eval:
  Num examples: 512  Num correct: 300  Precision @ 1: 0.5859  AUC @ 1: 0.6225
