Training data shape: 	(3816, 64, 30, 1)
Training label shape:	(3816,)
Testing data shape:  	(519, 64, 30, 1)
Testing label shape: 	(519,)
max input value is: 72.5247
min input value is: -68.1265
random permuted training data
==============================================================================
Model: 			inference_global_s_cnn
Tensor Name: 	Placeholder:0
[128, 64, 30, 1]
==============================================================================
Tensor Name: conv1/conv1:0
[128, 1, 30, 8]
==============================================================================
Tensor Name: MaxPool:0
[128, 1, 15, 8]
==============================================================================
Tensor Name: local1/local1:0
[128, 128]
==============================================================================
Tensor Name: local2/local2:0
[128, 128]
==============================================================================
Tensor Name: softmax_linear/softmax_linear:0
[128, 2]
Step 0: loss = 0.7710 (0.040 sec)
Training Data Eval:
  Num examples: 3456  Num correct: 1998  Precision @ 1: 0.5781  AUC @ 1: 0.6870
Validation Data Eval:
  Num examples: 256  Num correct: 132  Precision @ 1: 0.5156  AUC @ 1: 0.7297
Test Data Eval:
  Num examples: 512  Num correct: 287  Precision @ 1: 0.5605  AUC @ 1: 0.6839
Step 200: loss = 0.7365 (0.009 sec)
Training Data Eval:
  Num examples: 3456  Num correct: 1945  Precision @ 1: 0.5628  AUC @ 1: 0.6871
Validation Data Eval:
  Num examples: 256  Num correct: 132  Precision @ 1: 0.5156  AUC @ 1: 0.7259
Test Data Eval:
  Num examples: 512  Num correct: 289  Precision @ 1: 0.5645  AUC @ 1: 0.6679
Step 400: loss = 0.7328 (0.010 sec)
Training Data Eval:
  Num examples: 3456  Num correct: 2076  Precision @ 1: 0.6007  AUC @ 1: 0.6866
Validation Data Eval:
  Num examples: 256  Num correct: 154  Precision @ 1: 0.6016  AUC @ 1: 0.7281
Test Data Eval:
  Num examples: 512  Num correct: 324  Precision @ 1: 0.6328  AUC @ 1: 0.6599
Step 600: loss = 0.7049 (0.010 sec)
Training Data Eval:
  Num examples: 3456  Num correct: 2160  Precision @ 1: 0.6250  AUC @ 1: 0.7016
Validation Data Eval:
  Num examples: 256  Num correct: 162  Precision @ 1: 0.6328  AUC @ 1: 0.7472
Test Data Eval:
  Num examples: 512  Num correct: 318  Precision @ 1: 0.6211  AUC @ 1: 0.6445
Step 800: loss = 0.6951 (0.010 sec)
Training Data Eval:
  Num examples: 3456  Num correct: 2264  Precision @ 1: 0.6551  AUC @ 1: 0.7215
Validation Data Eval:
  Num examples: 256  Num correct: 172  Precision @ 1: 0.6719  AUC @ 1: 0.7826
Test Data Eval:
  Num examples: 512  Num correct: 310  Precision @ 1: 0.6055  AUC @ 1: 0.6358
Step 1000: loss = 0.6884 (0.009 sec)
Training Data Eval:
  Num examples: 3456  Num correct: 2271  Precision @ 1: 0.6571  AUC @ 1: 0.7271
Validation Data Eval:
  Num examples: 256  Num correct: 183  Precision @ 1: 0.7148  AUC @ 1: 0.8082
Test Data Eval:
  Num examples: 512  Num correct: 311  Precision @ 1: 0.6074  AUC @ 1: 0.6375
Step 1200: loss = 0.6131 (0.009 sec)
Training Data Eval:
  Num examples: 3456  Num correct: 2358  Precision @ 1: 0.6823  AUC @ 1: 0.7542
Validation Data Eval:
  Num examples: 256  Num correct: 184  Precision @ 1: 0.7188  AUC @ 1: 0.8231
Test Data Eval:
  Num examples: 512  Num correct: 305  Precision @ 1: 0.5957  AUC @ 1: 0.6298
Step 1400: loss = 0.6402 (0.010 sec)
Training Data Eval:
  Num examples: 3456  Num correct: 2426  Precision @ 1: 0.7020  AUC @ 1: 0.7704
Validation Data Eval:
  Num examples: 256  Num correct: 189  Precision @ 1: 0.7383  AUC @ 1: 0.8310
Test Data Eval:
  Num examples: 512  Num correct: 311  Precision @ 1: 0.6074  AUC @ 1: 0.6323
Step 1600: loss = 0.6439 (0.009 sec)
Training Data Eval:
  Num examples: 3456  Num correct: 2416  Precision @ 1: 0.6991  AUC @ 1: 0.7696
Validation Data Eval:
  Num examples: 256  Num correct: 189  Precision @ 1: 0.7383  AUC @ 1: 0.8339
Test Data Eval:
  Num examples: 512  Num correct: 303  Precision @ 1: 0.5918  AUC @ 1: 0.6265
Step 1800: loss = 0.6277 (0.010 sec)
Training Data Eval:
  Num examples: 3456  Num correct: 2415  Precision @ 1: 0.6988  AUC @ 1: 0.7707
Validation Data Eval:
  Num examples: 256  Num correct: 194  Precision @ 1: 0.7578  AUC @ 1: 0.8352
Test Data Eval:
  Num examples: 512  Num correct: 312  Precision @ 1: 0.6094  AUC @ 1: 0.6234
Step 2000: loss = 0.6332 (0.009 sec)
Training Data Eval:
  Num examples: 3456  Num correct: 2432  Precision @ 1: 0.7037  AUC @ 1: 0.7744
Validation Data Eval:
  Num examples: 256  Num correct: 193  Precision @ 1: 0.7539  AUC @ 1: 0.8327
Test Data Eval:
  Num examples: 512  Num correct: 312  Precision @ 1: 0.6094  AUC @ 1: 0.6290
Step 2200: loss = 0.5903 (0.010 sec)
Training Data Eval:
  Num examples: 3456  Num correct: 2483  Precision @ 1: 0.7185  AUC @ 1: 0.7920
Validation Data Eval:
  Num examples: 256  Num correct: 194  Precision @ 1: 0.7578  AUC @ 1: 0.8339
Test Data Eval:
  Num examples: 512  Num correct: 307  Precision @ 1: 0.5996  AUC @ 1: 0.6303
Step 2400: loss = 0.6609 (0.009 sec)
Training Data Eval:
  Num examples: 3456  Num correct: 2447  Precision @ 1: 0.7080  AUC @ 1: 0.7850
Validation Data Eval:
  Num examples: 256  Num correct: 194  Precision @ 1: 0.7578  AUC @ 1: 0.8353
Test Data Eval:
  Num examples: 512  Num correct: 312  Precision @ 1: 0.6094  AUC @ 1: 0.6305
Step 2600: loss = 0.6377 (0.010 sec)
Training Data Eval:
  Num examples: 3456  Num correct: 2476  Precision @ 1: 0.7164  AUC @ 1: 0.8033
Validation Data Eval:
  Num examples: 256  Num correct: 197  Precision @ 1: 0.7695  AUC @ 1: 0.8362
Test Data Eval:
  Num examples: 512  Num correct: 317  Precision @ 1: 0.6191  AUC @ 1: 0.6377
Step 2800: loss = 0.6065 (0.009 sec)
Training Data Eval:
  Num examples: 3456  Num correct: 2504  Precision @ 1: 0.7245  AUC @ 1: 0.8053
Validation Data Eval:
  Num examples: 256  Num correct: 192  Precision @ 1: 0.7500  AUC @ 1: 0.8355
Test Data Eval:
  Num examples: 512  Num correct: 318  Precision @ 1: 0.6211  AUC @ 1: 0.6360
Step 3000: loss = 0.4967 (0.009 sec)
Training Data Eval:
  Num examples: 3456  Num correct: 2537  Precision @ 1: 0.7341  AUC @ 1: 0.8137
Validation Data Eval:
  Num examples: 256  Num correct: 193  Precision @ 1: 0.7539  AUC @ 1: 0.8308
Test Data Eval:
  Num examples: 512  Num correct: 311  Precision @ 1: 0.6074  AUC @ 1: 0.6381
Step 3200: loss = 0.6023 (0.009 sec)
Training Data Eval:
  Num examples: 3456  Num correct: 2533  Precision @ 1: 0.7329  AUC @ 1: 0.8182
Validation Data Eval:
  Num examples: 256  Num correct: 193  Precision @ 1: 0.7539  AUC @ 1: 0.8211
Test Data Eval:
  Num examples: 512  Num correct: 299  Precision @ 1: 0.5840  AUC @ 1: 0.6265
Step 3400: loss = 0.5175 (0.009 sec)
Training Data Eval:
  Num examples: 3456  Num correct: 2557  Precision @ 1: 0.7399  AUC @ 1: 0.8248
Validation Data Eval:
  Num examples: 256  Num correct: 192  Precision @ 1: 0.7500  AUC @ 1: 0.8285
Test Data Eval:
  Num examples: 512  Num correct: 304  Precision @ 1: 0.5938  AUC @ 1: 0.6388
Step 3600: loss = 0.5646 (0.009 sec)
Training Data Eval:
  Num examples: 3456  Num correct: 2594  Precision @ 1: 0.7506  AUC @ 1: 0.8372
Validation Data Eval:
  Num examples: 256  Num correct: 190  Precision @ 1: 0.7422  AUC @ 1: 0.8250
Test Data Eval:
  Num examples: 512  Num correct: 307  Precision @ 1: 0.5996  AUC @ 1: 0.6365
Step 3800: loss = 0.5196 (0.009 sec)
Training Data Eval:
  Num examples: 3456  Num correct: 2574  Precision @ 1: 0.7448  AUC @ 1: 0.8354
Validation Data Eval:
  Num examples: 256  Num correct: 193  Precision @ 1: 0.7539  AUC @ 1: 0.8231
Test Data Eval:
  Num examples: 512  Num correct: 304  Precision @ 1: 0.5938  AUC @ 1: 0.6355
Step 4000: loss = 0.5912 (0.009 sec)
Training Data Eval:
  Num examples: 3456  Num correct: 2636  Precision @ 1: 0.7627  AUC @ 1: 0.8442
Validation Data Eval:
  Num examples: 256  Num correct: 195  Precision @ 1: 0.7617  AUC @ 1: 0.8168
Test Data Eval:
  Num examples: 512  Num correct: 309  Precision @ 1: 0.6035  AUC @ 1: 0.6337
Step 4200: loss = 0.5692 (0.009 sec)
Training Data Eval:
  Num examples: 3456  Num correct: 2657  Precision @ 1: 0.7688  AUC @ 1: 0.8497
Validation Data Eval:
  Num examples: 256  Num correct: 194  Precision @ 1: 0.7578  AUC @ 1: 0.8182
Test Data Eval:
  Num examples: 512  Num correct: 305  Precision @ 1: 0.5957  AUC @ 1: 0.6329
Step 4400: loss = 0.5594 (0.010 sec)
Training Data Eval:
  Num examples: 3456  Num correct: 2656  Precision @ 1: 0.7685  AUC @ 1: 0.8535
Validation Data Eval:
  Num examples: 256  Num correct: 193  Precision @ 1: 0.7539  AUC @ 1: 0.8182
Test Data Eval:
  Num examples: 512  Num correct: 306  Precision @ 1: 0.5977  AUC @ 1: 0.6298
Step 4600: loss = 0.5611 (0.009 sec)
Training Data Eval:
  Num examples: 3456  Num correct: 2660  Precision @ 1: 0.7697  AUC @ 1: 0.8503
Validation Data Eval:
  Num examples: 256  Num correct: 198  Precision @ 1: 0.7734  AUC @ 1: 0.8204
Test Data Eval:
  Num examples: 512  Num correct: 307  Precision @ 1: 0.5996  AUC @ 1: 0.6367
Step 4800: loss = 0.5226 (0.011 sec)
Training Data Eval:
  Num examples: 3456  Num correct: 2701  Precision @ 1: 0.7815  AUC @ 1: 0.8681
Validation Data Eval:
  Num examples: 256  Num correct: 194  Precision @ 1: 0.7578  AUC @ 1: 0.8185
Test Data Eval:
  Num examples: 512  Num correct: 308  Precision @ 1: 0.6016  AUC @ 1: 0.6425
Step 5000: loss = 0.5721 (0.010 sec)
Training Data Eval:
  Num examples: 3456  Num correct: 2685  Precision @ 1: 0.7769  AUC @ 1: 0.8594
Validation Data Eval:
  Num examples: 256  Num correct: 193  Precision @ 1: 0.7539  AUC @ 1: 0.8157
Test Data Eval:
  Num examples: 512  Num correct: 309  Precision @ 1: 0.6035  AUC @ 1: 0.6395
Step 5200: loss = 0.5325 (0.010 sec)
Training Data Eval:
  Num examples: 3456  Num correct: 2742  Precision @ 1: 0.7934  AUC @ 1: 0.8804
Validation Data Eval:
  Num examples: 256  Num correct: 195  Precision @ 1: 0.7617  AUC @ 1: 0.8099
Test Data Eval:
  Num examples: 512  Num correct: 307  Precision @ 1: 0.5996  AUC @ 1: 0.6298
Step 5400: loss = 0.5043 (0.019 sec)
Training Data Eval:
  Num examples: 3456  Num correct: 2717  Precision @ 1: 0.7862  AUC @ 1: 0.8695
Validation Data Eval:
  Num examples: 256  Num correct: 194  Precision @ 1: 0.7578  AUC @ 1: 0.8162
Test Data Eval:
  Num examples: 512  Num correct: 306  Precision @ 1: 0.5977  AUC @ 1: 0.6405
Step 5600: loss = 0.5761 (0.009 sec)
Training Data Eval:
  Num examples: 3456  Num correct: 2806  Precision @ 1: 0.8119  AUC @ 1: 0.8872
Validation Data Eval:
  Num examples: 256  Num correct: 195  Precision @ 1: 0.7617  AUC @ 1: 0.8139
Test Data Eval:
  Num examples: 512  Num correct: 307  Precision @ 1: 0.5996  AUC @ 1: 0.6420
Step 5800: loss = 0.5669 (0.009 sec)
Training Data Eval:
  Num examples: 3456  Num correct: 2774  Precision @ 1: 0.8027  AUC @ 1: 0.8862
Validation Data Eval:
  Num examples: 256  Num correct: 191  Precision @ 1: 0.7461  AUC @ 1: 0.8120
Test Data Eval:
  Num examples: 512  Num correct: 305  Precision @ 1: 0.5957  AUC @ 1: 0.6425
Step 6000: loss = 0.4903 (0.010 sec)
Training Data Eval:
  Num examples: 3456  Num correct: 2817  Precision @ 1: 0.8151  AUC @ 1: 0.8959
Validation Data Eval:
  Num examples: 256  Num correct: 197  Precision @ 1: 0.7695  AUC @ 1: 0.8117
Test Data Eval:
  Num examples: 512  Num correct: 304  Precision @ 1: 0.5938  AUC @ 1: 0.6377
Step 6200: loss = 0.4676 (0.010 sec)
Training Data Eval:
  Num examples: 3456  Num correct: 2831  Precision @ 1: 0.8192  AUC @ 1: 0.9049
Validation Data Eval:
  Num examples: 256  Num correct: 194  Precision @ 1: 0.7578  AUC @ 1: 0.8059
Test Data Eval:
  Num examples: 512  Num correct: 304  Precision @ 1: 0.5938  AUC @ 1: 0.6347
Step 6400: loss = 0.4517 (0.009 sec)
Training Data Eval:
  Num examples: 3456  Num correct: 2826  Precision @ 1: 0.8177  AUC @ 1: 0.9052
Validation Data Eval:
  Num examples: 256  Num correct: 192  Precision @ 1: 0.7500  AUC @ 1: 0.8105
Test Data Eval:
  Num examples: 512  Num correct: 309  Precision @ 1: 0.6035  AUC @ 1: 0.6448
Step 6600: loss = 0.4873 (0.009 sec)
Training Data Eval:
  Num examples: 3456  Num correct: 2883  Precision @ 1: 0.8342  AUC @ 1: 0.9124
Validation Data Eval:
  Num examples: 256  Num correct: 193  Precision @ 1: 0.7539  AUC @ 1: 0.8105
Test Data Eval:
  Num examples: 512  Num correct: 305  Precision @ 1: 0.5957  AUC @ 1: 0.6386
Step 6800: loss = 0.4891 (0.010 sec)
Training Data Eval:
  Num examples: 3456  Num correct: 2852  Precision @ 1: 0.8252  AUC @ 1: 0.9067
Validation Data Eval:
  Num examples: 256  Num correct: 196  Precision @ 1: 0.7656  AUC @ 1: 0.8121
Test Data Eval:
  Num examples: 512  Num correct: 306  Precision @ 1: 0.5977  AUC @ 1: 0.6325
Step 7000: loss = 0.4594 (0.009 sec)
Training Data Eval:
  Num examples: 3456  Num correct: 2918  Precision @ 1: 0.8443  AUC @ 1: 0.9209
Validation Data Eval:
  Num examples: 256  Num correct: 191  Precision @ 1: 0.7461  AUC @ 1: 0.8090
Test Data Eval:
  Num examples: 512  Num correct: 306  Precision @ 1: 0.5977  AUC @ 1: 0.6361
Step 7200: loss = 0.4881 (0.009 sec)
Training Data Eval:
  Num examples: 3456  Num correct: 2917  Precision @ 1: 0.8440  AUC @ 1: 0.9249
Validation Data Eval:
  Num examples: 256  Num correct: 193  Precision @ 1: 0.7539  AUC @ 1: 0.8037
Test Data Eval:
  Num examples: 512  Num correct: 299  Precision @ 1: 0.5840  AUC @ 1: 0.6216
Step 7400: loss = 0.4301 (0.009 sec)
Training Data Eval:
  Num examples: 3456  Num correct: 2872  Precision @ 1: 0.8310  AUC @ 1: 0.9176
Validation Data Eval:
  Num examples: 256  Num correct: 188  Precision @ 1: 0.7344  AUC @ 1: 0.8121
Test Data Eval:
  Num examples: 512  Num correct: 314  Precision @ 1: 0.6133  AUC @ 1: 0.6361
Step 7600: loss = 0.5552 (0.010 sec)
Training Data Eval:
  Num examples: 3456  Num correct: 2949  Precision @ 1: 0.8533  AUC @ 1: 0.9263
Validation Data Eval:
  Num examples: 256  Num correct: 192  Precision @ 1: 0.7500  AUC @ 1: 0.8132
Test Data Eval:
  Num examples: 512  Num correct: 308  Precision @ 1: 0.6016  AUC @ 1: 0.6342
Step 7800: loss = 0.5208 (0.010 sec)
Training Data Eval:
  Num examples: 3456  Num correct: 2964  Precision @ 1: 0.8576  AUC @ 1: 0.9313
Validation Data Eval:
  Num examples: 256  Num correct: 196  Precision @ 1: 0.7656  AUC @ 1: 0.8162
Test Data Eval:
  Num examples: 512  Num correct: 309  Precision @ 1: 0.6035  AUC @ 1: 0.6398
Step 8000: loss = 0.4635 (0.009 sec)
Training Data Eval:
  Num examples: 3456  Num correct: 2951  Precision @ 1: 0.8539  AUC @ 1: 0.9355
Validation Data Eval:
  Num examples: 256  Num correct: 196  Precision @ 1: 0.7656  AUC @ 1: 0.8079
Test Data Eval:
  Num examples: 512  Num correct: 293  Precision @ 1: 0.5723  AUC @ 1: 0.6321
Step 8200: loss = 0.4223 (0.010 sec)
Training Data Eval:
  Num examples: 3456  Num correct: 2980  Precision @ 1: 0.8623  AUC @ 1: 0.9375
Validation Data Eval:
  Num examples: 256  Num correct: 190  Precision @ 1: 0.7422  AUC @ 1: 0.8116
Test Data Eval:
  Num examples: 512  Num correct: 303  Precision @ 1: 0.5918  AUC @ 1: 0.6322
Step 8400: loss = 0.4337 (0.010 sec)
Training Data Eval:
  Num examples: 3456  Num correct: 3016  Precision @ 1: 0.8727  AUC @ 1: 0.9403
Validation Data Eval:
  Num examples: 256  Num correct: 192  Precision @ 1: 0.7500  AUC @ 1: 0.8108
Test Data Eval:
  Num examples: 512  Num correct: 307  Precision @ 1: 0.5996  AUC @ 1: 0.6320
Step 8600: loss = 0.4752 (0.010 sec)
Training Data Eval:
  Num examples: 3456  Num correct: 2984  Precision @ 1: 0.8634  AUC @ 1: 0.9426
Validation Data Eval:
  Num examples: 256  Num correct: 184  Precision @ 1: 0.7188  AUC @ 1: 0.8141
Test Data Eval:
  Num examples: 512  Num correct: 307  Precision @ 1: 0.5996  AUC @ 1: 0.6395
Step 8800: loss = 0.4364 (0.010 sec)
Training Data Eval:
  Num examples: 3456  Num correct: 3063  Precision @ 1: 0.8863  AUC @ 1: 0.9553
Validation Data Eval:
  Num examples: 256  Num correct: 191  Precision @ 1: 0.7461  AUC @ 1: 0.7974
Test Data Eval:
  Num examples: 512  Num correct: 304  Precision @ 1: 0.5938  AUC @ 1: 0.6200
Step 9000: loss = 0.4491 (0.009 sec)
Training Data Eval:
  Num examples: 3456  Num correct: 3041  Precision @ 1: 0.8799  AUC @ 1: 0.9529
Validation Data Eval:
  Num examples: 256  Num correct: 192  Precision @ 1: 0.7500  AUC @ 1: 0.8049
Test Data Eval:
  Num examples: 512  Num correct: 304  Precision @ 1: 0.5938  AUC @ 1: 0.6309
Step 9200: loss = 0.3924 (0.009 sec)
Training Data Eval:
  Num examples: 3456  Num correct: 3051  Precision @ 1: 0.8828  AUC @ 1: 0.9556
Validation Data Eval:
  Num examples: 256  Num correct: 193  Precision @ 1: 0.7539  AUC @ 1: 0.8075
Test Data Eval:
  Num examples: 512  Num correct: 300  Precision @ 1: 0.5859  AUC @ 1: 0.6283
Step 9400: loss = 0.3931 (0.010 sec)
Training Data Eval:
  Num examples: 3456  Num correct: 3087  Precision @ 1: 0.8932  AUC @ 1: 0.9567
Validation Data Eval:
  Num examples: 256  Num correct: 188  Precision @ 1: 0.7344  AUC @ 1: 0.8152
Test Data Eval:
  Num examples: 512  Num correct: 305  Precision @ 1: 0.5957  AUC @ 1: 0.6279
Step 9600: loss = 0.5241 (0.009 sec)
Training Data Eval:
  Num examples: 3456  Num correct: 3101  Precision @ 1: 0.8973  AUC @ 1: 0.9623
Validation Data Eval:
  Num examples: 256  Num correct: 192  Precision @ 1: 0.7500  AUC @ 1: 0.8057
Test Data Eval:
  Num examples: 512  Num correct: 296  Precision @ 1: 0.5781  AUC @ 1: 0.6283
Step 9800: loss = 0.3987 (0.009 sec)
Training Data Eval:
  Num examples: 3456  Num correct: 3130  Precision @ 1: 0.9057  AUC @ 1: 0.9680
Validation Data Eval:
  Num examples: 256  Num correct: 193  Precision @ 1: 0.7539  AUC @ 1: 0.8102
Test Data Eval:
  Num examples: 512  Num correct: 307  Precision @ 1: 0.5996  AUC @ 1: 0.6335
