Training data shape: 	(3816, 64, 30, 1)
Training label shape:	(3816,)
Testing data shape:  	(519, 64, 30, 1)
Testing label shape: 	(519,)
max input value is: 72.5247
min input value is: -68.1265
random permuted training data
==============================================================================
Model: 			inference_global_s_cnn
Tensor Name: 	Placeholder:0
[128, 64, 30, 1]
==============================================================================
Tensor Name: conv1/conv1:0
[128, 1, 30, 8]
==============================================================================
Tensor Name: MaxPool:0
[128, 1, 15, 8]
==============================================================================
Tensor Name: local1/local1:0
[128, 128]
==============================================================================
Tensor Name: local2/local2:0
[128, 128]
==============================================================================
Tensor Name: softmax_linear/softmax_linear:0
[128, 2]
Step 0: loss = 0.7715 (0.032 sec)
Training Data Eval:
  Num examples: 3456  Num correct: 1944  Precision @ 1: 0.5625  AUC @ 1: 0.6813
Validation Data Eval:
  Num examples: 256  Num correct: 146  Precision @ 1: 0.5703  AUC @ 1: 0.6871
Test Data Eval:
  Num examples: 512  Num correct: 287  Precision @ 1: 0.5605  AUC @ 1: 0.6609
Step 200: loss = 0.7790 (0.010 sec)
Training Data Eval:
  Num examples: 3456  Num correct: 1960  Precision @ 1: 0.5671  AUC @ 1: 0.6884
Validation Data Eval:
  Num examples: 256  Num correct: 146  Precision @ 1: 0.5703  AUC @ 1: 0.6849
Test Data Eval:
  Num examples: 512  Num correct: 289  Precision @ 1: 0.5645  AUC @ 1: 0.6554
Step 400: loss = 0.7224 (0.010 sec)
Training Data Eval:
  Num examples: 3456  Num correct: 2139  Precision @ 1: 0.6189  AUC @ 1: 0.6919
Validation Data Eval:
  Num examples: 256  Num correct: 158  Precision @ 1: 0.6172  AUC @ 1: 0.6919
Test Data Eval:
  Num examples: 512  Num correct: 320  Precision @ 1: 0.6250  AUC @ 1: 0.6491
Step 600: loss = 0.7391 (0.010 sec)
Training Data Eval:
  Num examples: 3456  Num correct: 2271  Precision @ 1: 0.6571  AUC @ 1: 0.7163
Validation Data Eval:
  Num examples: 256  Num correct: 168  Precision @ 1: 0.6562  AUC @ 1: 0.7148
Test Data Eval:
  Num examples: 512  Num correct: 297  Precision @ 1: 0.5801  AUC @ 1: 0.6292
Step 800: loss = 0.6648 (0.010 sec)
Training Data Eval:
  Num examples: 3456  Num correct: 2341  Precision @ 1: 0.6774  AUC @ 1: 0.7464
Validation Data Eval:
  Num examples: 256  Num correct: 174  Precision @ 1: 0.6797  AUC @ 1: 0.7406
Test Data Eval:
  Num examples: 512  Num correct: 303  Precision @ 1: 0.5918  AUC @ 1: 0.6137
Step 1000: loss = 0.6645 (0.009 sec)
Training Data Eval:
  Num examples: 3456  Num correct: 2432  Precision @ 1: 0.7037  AUC @ 1: 0.7666
Validation Data Eval:
  Num examples: 256  Num correct: 177  Precision @ 1: 0.6914  AUC @ 1: 0.7483
Test Data Eval:
  Num examples: 512  Num correct: 307  Precision @ 1: 0.5996  AUC @ 1: 0.6165
Step 1200: loss = 0.6646 (0.009 sec)
Training Data Eval:
  Num examples: 3456  Num correct: 2434  Precision @ 1: 0.7043  AUC @ 1: 0.7732
Validation Data Eval:
  Num examples: 256  Num correct: 180  Precision @ 1: 0.7031  AUC @ 1: 0.7542
Test Data Eval:
  Num examples: 512  Num correct: 301  Precision @ 1: 0.5879  AUC @ 1: 0.6106
Step 1400: loss = 0.6254 (0.009 sec)
Training Data Eval:
  Num examples: 3456  Num correct: 2450  Precision @ 1: 0.7089  AUC @ 1: 0.7779
Validation Data Eval:
  Num examples: 256  Num correct: 174  Precision @ 1: 0.6797  AUC @ 1: 0.7542
Test Data Eval:
  Num examples: 512  Num correct: 299  Precision @ 1: 0.5840  AUC @ 1: 0.6106
Step 1600: loss = 0.6679 (0.009 sec)
Training Data Eval:
  Num examples: 3456  Num correct: 2455  Precision @ 1: 0.7104  AUC @ 1: 0.7772
Validation Data Eval:
  Num examples: 256  Num correct: 175  Precision @ 1: 0.6836  AUC @ 1: 0.7570
Test Data Eval:
  Num examples: 512  Num correct: 294  Precision @ 1: 0.5742  AUC @ 1: 0.6140
Step 1800: loss = 0.6448 (0.009 sec)
Training Data Eval:
  Num examples: 3456  Num correct: 2453  Precision @ 1: 0.7098  AUC @ 1: 0.7837
Validation Data Eval:
  Num examples: 256  Num correct: 176  Precision @ 1: 0.6875  AUC @ 1: 0.7593
Test Data Eval:
  Num examples: 512  Num correct: 302  Precision @ 1: 0.5898  AUC @ 1: 0.6173
Step 2000: loss = 0.6124 (0.010 sec)
Training Data Eval:
  Num examples: 3456  Num correct: 2471  Precision @ 1: 0.7150  AUC @ 1: 0.7915
Validation Data Eval:
  Num examples: 256  Num correct: 174  Precision @ 1: 0.6797  AUC @ 1: 0.7568
Test Data Eval:
  Num examples: 512  Num correct: 300  Precision @ 1: 0.5859  AUC @ 1: 0.6182
Step 2200: loss = 0.6088 (0.010 sec)
Training Data Eval:
  Num examples: 3456  Num correct: 2511  Precision @ 1: 0.7266  AUC @ 1: 0.8048
Validation Data Eval:
  Num examples: 256  Num correct: 172  Precision @ 1: 0.6719  AUC @ 1: 0.7583
Test Data Eval:
  Num examples: 512  Num correct: 301  Precision @ 1: 0.5879  AUC @ 1: 0.6230
Step 2400: loss = 0.6105 (0.011 sec)
Training Data Eval:
  Num examples: 3456  Num correct: 2513  Precision @ 1: 0.7271  AUC @ 1: 0.8057
Validation Data Eval:
  Num examples: 256  Num correct: 171  Precision @ 1: 0.6680  AUC @ 1: 0.7543
Test Data Eval:
  Num examples: 512  Num correct: 295  Precision @ 1: 0.5762  AUC @ 1: 0.6077
Step 2600: loss = 0.6530 (0.009 sec)
Training Data Eval:
  Num examples: 3456  Num correct: 2496  Precision @ 1: 0.7222  AUC @ 1: 0.7997
Validation Data Eval:
  Num examples: 256  Num correct: 181  Precision @ 1: 0.7070  AUC @ 1: 0.7626
Test Data Eval:
  Num examples: 512  Num correct: 313  Precision @ 1: 0.6113  AUC @ 1: 0.6351
Step 2800: loss = 0.6011 (0.009 sec)
Training Data Eval:
  Num examples: 3456  Num correct: 2548  Precision @ 1: 0.7373  AUC @ 1: 0.8121
Validation Data Eval:
  Num examples: 256  Num correct: 174  Precision @ 1: 0.6797  AUC @ 1: 0.7653
Test Data Eval:
  Num examples: 512  Num correct: 310  Precision @ 1: 0.6055  AUC @ 1: 0.6336
Step 3000: loss = 0.6498 (0.010 sec)
Training Data Eval:
  Num examples: 3456  Num correct: 2543  Precision @ 1: 0.7358  AUC @ 1: 0.8092
Validation Data Eval:
  Num examples: 256  Num correct: 172  Precision @ 1: 0.6719  AUC @ 1: 0.7578
Test Data Eval:
  Num examples: 512  Num correct: 309  Precision @ 1: 0.6035  AUC @ 1: 0.6176
Step 3200: loss = 0.5880 (0.009 sec)
Training Data Eval:
  Num examples: 3456  Num correct: 2549  Precision @ 1: 0.7376  AUC @ 1: 0.8196
Validation Data Eval:
  Num examples: 256  Num correct: 173  Precision @ 1: 0.6758  AUC @ 1: 0.7616
Test Data Eval:
  Num examples: 512  Num correct: 308  Precision @ 1: 0.6016  AUC @ 1: 0.6228
Step 3400: loss = 0.5643 (0.009 sec)
Training Data Eval:
  Num examples: 3456  Num correct: 2585  Precision @ 1: 0.7480  AUC @ 1: 0.8232
Validation Data Eval:
  Num examples: 256  Num correct: 176  Precision @ 1: 0.6875  AUC @ 1: 0.7703
Test Data Eval:
  Num examples: 512  Num correct: 301  Precision @ 1: 0.5879  AUC @ 1: 0.6239
Step 3600: loss = 0.5670 (0.010 sec)
Training Data Eval:
  Num examples: 3456  Num correct: 2585  Precision @ 1: 0.7480  AUC @ 1: 0.8276
Validation Data Eval:
  Num examples: 256  Num correct: 177  Precision @ 1: 0.6914  AUC @ 1: 0.7724
Test Data Eval:
  Num examples: 512  Num correct: 306  Precision @ 1: 0.5977  AUC @ 1: 0.6353
Step 3800: loss = 0.4928 (0.010 sec)
Training Data Eval:
  Num examples: 3456  Num correct: 2611  Precision @ 1: 0.7555  AUC @ 1: 0.8339
Validation Data Eval:
  Num examples: 256  Num correct: 171  Precision @ 1: 0.6680  AUC @ 1: 0.7707
Test Data Eval:
  Num examples: 512  Num correct: 315  Precision @ 1: 0.6152  AUC @ 1: 0.6379
Step 4000: loss = 0.5504 (0.009 sec)
Training Data Eval:
  Num examples: 3456  Num correct: 2621  Precision @ 1: 0.7584  AUC @ 1: 0.8378
Validation Data Eval:
  Num examples: 256  Num correct: 176  Precision @ 1: 0.6875  AUC @ 1: 0.7718
Test Data Eval:
  Num examples: 512  Num correct: 309  Precision @ 1: 0.6035  AUC @ 1: 0.6244
Step 4200: loss = 0.4827 (0.010 sec)
Training Data Eval:
  Num examples: 3456  Num correct: 2653  Precision @ 1: 0.7677  AUC @ 1: 0.8429
Validation Data Eval:
  Num examples: 256  Num correct: 182  Precision @ 1: 0.7109  AUC @ 1: 0.7740
Test Data Eval:
  Num examples: 512  Num correct: 308  Precision @ 1: 0.6016  AUC @ 1: 0.6340
Step 4400: loss = 0.5308 (0.010 sec)
Training Data Eval:
  Num examples: 3456  Num correct: 2694  Precision @ 1: 0.7795  AUC @ 1: 0.8506
Validation Data Eval:
  Num examples: 256  Num correct: 180  Precision @ 1: 0.7031  AUC @ 1: 0.7782
Test Data Eval:
  Num examples: 512  Num correct: 305  Precision @ 1: 0.5957  AUC @ 1: 0.6403
Step 4600: loss = 0.5518 (0.010 sec)
Training Data Eval:
  Num examples: 3456  Num correct: 2685  Precision @ 1: 0.7769  AUC @ 1: 0.8547
Validation Data Eval:
  Num examples: 256  Num correct: 179  Precision @ 1: 0.6992  AUC @ 1: 0.7785
Test Data Eval:
  Num examples: 512  Num correct: 305  Precision @ 1: 0.5957  AUC @ 1: 0.6408
Step 4800: loss = 0.5723 (0.010 sec)
Training Data Eval:
  Num examples: 3456  Num correct: 2704  Precision @ 1: 0.7824  AUC @ 1: 0.8625
Validation Data Eval:
  Num examples: 256  Num correct: 178  Precision @ 1: 0.6953  AUC @ 1: 0.7769
Test Data Eval:
  Num examples: 512  Num correct: 300  Precision @ 1: 0.5859  AUC @ 1: 0.6284
Step 5000: loss = 0.6021 (0.009 sec)
Training Data Eval:
  Num examples: 3456  Num correct: 2721  Precision @ 1: 0.7873  AUC @ 1: 0.8615
Validation Data Eval:
  Num examples: 256  Num correct: 180  Precision @ 1: 0.7031  AUC @ 1: 0.7747
Test Data Eval:
  Num examples: 512  Num correct: 297  Precision @ 1: 0.5801  AUC @ 1: 0.6213
Step 5200: loss = 0.5378 (0.010 sec)
Training Data Eval:
  Num examples: 3456  Num correct: 2744  Precision @ 1: 0.7940  AUC @ 1: 0.8729
Validation Data Eval:
  Num examples: 256  Num correct: 176  Precision @ 1: 0.6875  AUC @ 1: 0.7767
Test Data Eval:
  Num examples: 512  Num correct: 306  Precision @ 1: 0.5977  AUC @ 1: 0.6240
Step 5400: loss = 0.5660 (0.021 sec)
Training Data Eval:
  Num examples: 3456  Num correct: 2744  Precision @ 1: 0.7940  AUC @ 1: 0.8741
Validation Data Eval:
  Num examples: 256  Num correct: 180  Precision @ 1: 0.7031  AUC @ 1: 0.7816
Test Data Eval:
  Num examples: 512  Num correct: 304  Precision @ 1: 0.5938  AUC @ 1: 0.6292
Step 5600: loss = 0.4905 (0.009 sec)
Training Data Eval:
  Num examples: 3456  Num correct: 2761  Precision @ 1: 0.7989  AUC @ 1: 0.8750
Validation Data Eval:
  Num examples: 256  Num correct: 175  Precision @ 1: 0.6836  AUC @ 1: 0.7747
Test Data Eval:
  Num examples: 512  Num correct: 303  Precision @ 1: 0.5918  AUC @ 1: 0.6262
Step 5800: loss = 0.5201 (0.009 sec)
Training Data Eval:
  Num examples: 3456  Num correct: 2747  Precision @ 1: 0.7948  AUC @ 1: 0.8799
Validation Data Eval:
  Num examples: 256  Num correct: 174  Precision @ 1: 0.6797  AUC @ 1: 0.7730
Test Data Eval:
  Num examples: 512  Num correct: 303  Precision @ 1: 0.5918  AUC @ 1: 0.6258
Step 6000: loss = 0.5239 (0.010 sec)
Training Data Eval:
  Num examples: 3456  Num correct: 2765  Precision @ 1: 0.8001  AUC @ 1: 0.8826
Validation Data Eval:
  Num examples: 256  Num correct: 180  Precision @ 1: 0.7031  AUC @ 1: 0.7788
Test Data Eval:
  Num examples: 512  Num correct: 304  Precision @ 1: 0.5938  AUC @ 1: 0.6209
Step 6200: loss = 0.5280 (0.009 sec)
Training Data Eval:
  Num examples: 3456  Num correct: 2801  Precision @ 1: 0.8105  AUC @ 1: 0.8866
Validation Data Eval:
  Num examples: 256  Num correct: 180  Precision @ 1: 0.7031  AUC @ 1: 0.7789
Test Data Eval:
  Num examples: 512  Num correct: 301  Precision @ 1: 0.5879  AUC @ 1: 0.6241
Step 6400: loss = 0.4793 (0.009 sec)
Training Data Eval:
  Num examples: 3456  Num correct: 2789  Precision @ 1: 0.8070  AUC @ 1: 0.8869
Validation Data Eval:
  Num examples: 256  Num correct: 179  Precision @ 1: 0.6992  AUC @ 1: 0.7816
Test Data Eval:
  Num examples: 512  Num correct: 299  Precision @ 1: 0.5840  AUC @ 1: 0.6173
Step 6600: loss = 0.5140 (0.010 sec)
Training Data Eval:
  Num examples: 3456  Num correct: 2844  Precision @ 1: 0.8229  AUC @ 1: 0.8982
Validation Data Eval:
  Num examples: 256  Num correct: 180  Precision @ 1: 0.7031  AUC @ 1: 0.7810
Test Data Eval:
  Num examples: 512  Num correct: 303  Precision @ 1: 0.5918  AUC @ 1: 0.6218
Step 6800: loss = 0.4766 (0.009 sec)
Training Data Eval:
  Num examples: 3456  Num correct: 2824  Precision @ 1: 0.8171  AUC @ 1: 0.8991
Validation Data Eval:
  Num examples: 256  Num correct: 182  Precision @ 1: 0.7109  AUC @ 1: 0.7764
Test Data Eval:
  Num examples: 512  Num correct: 305  Precision @ 1: 0.5957  AUC @ 1: 0.6271
Step 7000: loss = 0.4300 (0.010 sec)
Training Data Eval:
  Num examples: 3456  Num correct: 2872  Precision @ 1: 0.8310  AUC @ 1: 0.9061
Validation Data Eval:
  Num examples: 256  Num correct: 177  Precision @ 1: 0.6914  AUC @ 1: 0.7811
Test Data Eval:
  Num examples: 512  Num correct: 296  Precision @ 1: 0.5781  AUC @ 1: 0.6167
Step 7200: loss = 0.4648 (0.009 sec)
Training Data Eval:
  Num examples: 3456  Num correct: 2906  Precision @ 1: 0.8409  AUC @ 1: 0.9107
Validation Data Eval:
  Num examples: 256  Num correct: 181  Precision @ 1: 0.7070  AUC @ 1: 0.7786
Test Data Eval:
  Num examples: 512  Num correct: 296  Precision @ 1: 0.5781  AUC @ 1: 0.6121
Step 7400: loss = 0.4732 (0.009 sec)
Training Data Eval:
  Num examples: 3456  Num correct: 2896  Precision @ 1: 0.8380  AUC @ 1: 0.9105
Validation Data Eval:
  Num examples: 256  Num correct: 180  Precision @ 1: 0.7031  AUC @ 1: 0.7808
Test Data Eval:
  Num examples: 512  Num correct: 298  Precision @ 1: 0.5820  AUC @ 1: 0.6165
Step 7600: loss = 0.4821 (0.008 sec)
Training Data Eval:
  Num examples: 3456  Num correct: 2913  Precision @ 1: 0.8429  AUC @ 1: 0.9182
Validation Data Eval:
  Num examples: 256  Num correct: 178  Precision @ 1: 0.6953  AUC @ 1: 0.7810
Test Data Eval:
  Num examples: 512  Num correct: 292  Precision @ 1: 0.5703  AUC @ 1: 0.6119
Step 7800: loss = 0.4711 (0.010 sec)
Training Data Eval:
  Num examples: 3456  Num correct: 2912  Precision @ 1: 0.8426  AUC @ 1: 0.9156
Validation Data Eval:
  Num examples: 256  Num correct: 180  Precision @ 1: 0.7031  AUC @ 1: 0.7802
Test Data Eval:
  Num examples: 512  Num correct: 294  Precision @ 1: 0.5742  AUC @ 1: 0.6055
Step 8000: loss = 0.4057 (0.009 sec)
Training Data Eval:
  Num examples: 3456  Num correct: 2945  Precision @ 1: 0.8521  AUC @ 1: 0.9258
Validation Data Eval:
  Num examples: 256  Num correct: 178  Precision @ 1: 0.6953  AUC @ 1: 0.7815
Test Data Eval:
  Num examples: 512  Num correct: 291  Precision @ 1: 0.5684  AUC @ 1: 0.6015
Step 8200: loss = 0.4213 (0.009 sec)
Training Data Eval:
  Num examples: 3456  Num correct: 2948  Precision @ 1: 0.8530  AUC @ 1: 0.9248
Validation Data Eval:
  Num examples: 256  Num correct: 182  Precision @ 1: 0.7109  AUC @ 1: 0.7803
Test Data Eval:
  Num examples: 512  Num correct: 297  Precision @ 1: 0.5801  AUC @ 1: 0.6079
Step 8400: loss = 0.5157 (0.009 sec)
Training Data Eval:
  Num examples: 3456  Num correct: 2984  Precision @ 1: 0.8634  AUC @ 1: 0.9293
Validation Data Eval:
  Num examples: 256  Num correct: 183  Precision @ 1: 0.7148  AUC @ 1: 0.7797
Test Data Eval:
  Num examples: 512  Num correct: 296  Precision @ 1: 0.5781  AUC @ 1: 0.6061
Step 8600: loss = 0.3990 (0.010 sec)
Training Data Eval:
  Num examples: 3456  Num correct: 2992  Precision @ 1: 0.8657  AUC @ 1: 0.9335
Validation Data Eval:
  Num examples: 256  Num correct: 184  Precision @ 1: 0.7188  AUC @ 1: 0.7801
Test Data Eval:
  Num examples: 512  Num correct: 293  Precision @ 1: 0.5723  AUC @ 1: 0.6034
Step 8800: loss = 0.3825 (0.010 sec)
Training Data Eval:
  Num examples: 3456  Num correct: 3041  Precision @ 1: 0.8799  AUC @ 1: 0.9458
Validation Data Eval:
  Num examples: 256  Num correct: 182  Precision @ 1: 0.7109  AUC @ 1: 0.7804
Test Data Eval:
  Num examples: 512  Num correct: 290  Precision @ 1: 0.5664  AUC @ 1: 0.5903
Step 9000: loss = 0.4256 (0.009 sec)
Training Data Eval:
  Num examples: 3456  Num correct: 2983  Precision @ 1: 0.8631  AUC @ 1: 0.9373
Validation Data Eval:
  Num examples: 256  Num correct: 183  Precision @ 1: 0.7148  AUC @ 1: 0.7804
Test Data Eval:
  Num examples: 512  Num correct: 310  Precision @ 1: 0.6055  AUC @ 1: 0.6110
Step 9200: loss = 0.4271 (0.010 sec)
Training Data Eval:
  Num examples: 3456  Num correct: 3051  Precision @ 1: 0.8828  AUC @ 1: 0.9480
Validation Data Eval:
  Num examples: 256  Num correct: 180  Precision @ 1: 0.7031  AUC @ 1: 0.7785
Test Data Eval:
  Num examples: 512  Num correct: 292  Precision @ 1: 0.5703  AUC @ 1: 0.5954
Step 9400: loss = 0.4453 (0.010 sec)
Training Data Eval:
  Num examples: 3456  Num correct: 3074  Precision @ 1: 0.8895  AUC @ 1: 0.9522
Validation Data Eval:
  Num examples: 256  Num correct: 184  Precision @ 1: 0.7188  AUC @ 1: 0.7793
Test Data Eval:
  Num examples: 512  Num correct: 288  Precision @ 1: 0.5625  AUC @ 1: 0.5951
Step 9600: loss = 0.4876 (0.011 sec)
Training Data Eval:
  Num examples: 3456  Num correct: 3067  Precision @ 1: 0.8874  AUC @ 1: 0.9525
Validation Data Eval:
  Num examples: 256  Num correct: 177  Precision @ 1: 0.6914  AUC @ 1: 0.7784
Test Data Eval:
  Num examples: 512  Num correct: 289  Precision @ 1: 0.5645  AUC @ 1: 0.5936
Step 9800: loss = 0.4010 (0.010 sec)
Training Data Eval:
  Num examples: 3456  Num correct: 3092  Precision @ 1: 0.8947  AUC @ 1: 0.9534
Validation Data Eval:
  Num examples: 256  Num correct: 177  Precision @ 1: 0.6914  AUC @ 1: 0.7785
Test Data Eval:
  Num examples: 512  Num correct: 300  Precision @ 1: 0.5859  AUC @ 1: 0.5973
