Training data shape: 	(3825, 30, 64, 2)
Training label shape:	(3825,)
Testing data shape:  	(510, 30, 64, 2)
Testing label shape: 	(510,)
max input value is: 3457.31
min input value is: -4872.95
random permuted training data
==============================================================================
Model: 			inference_stcnn
Tensor Name: 	Placeholder:0
[128, 30, 64, 2]
==============================================================================
Tensor Name: conv0/conv0:0
[128, 1, 60, 4]
==============================================================================
Tensor Name: MaxPool:0
[128, 1, 30, 4]
==============================================================================
Tensor Name: local1/local1:0
[128, 128]
==============================================================================
Tensor Name: local2/local2:0
[128, 128]
==============================================================================
Tensor Name: softmax_linear/softmax_linear:0
[128, 2]
Step 0: loss = 0.7781 (0.028 sec)
Training Data Eval:
  Num examples: 3456  Num correct: 1967  Precision @ 1: 0.5692  AUC @ 1: 0.5778
Validation Data Eval:
  Num examples: 256  Num correct: 147  Precision @ 1: 0.5742  AUC @ 1: 0.5453
Test Data Eval:
  Num examples: 384  Num correct: 162  Precision @ 1: 0.4219  AUC @ 1: 0.1232
Step 200: loss = 0.7526 (0.014 sec)
Training Data Eval:
  Num examples: 3456  Num correct: 2155  Precision @ 1: 0.6236  AUC @ 1: 0.6448
Validation Data Eval:
  Num examples: 256  Num correct: 145  Precision @ 1: 0.5664  AUC @ 1: 0.5623
Test Data Eval:
  Num examples: 384  Num correct: 222  Precision @ 1: 0.5781  AUC @ 1: 0.3435
Step 400: loss = 0.7331 (0.015 sec)
Training Data Eval:
  Num examples: 3456  Num correct: 2149  Precision @ 1: 0.6218  AUC @ 1: 0.6757
Validation Data Eval:
  Num examples: 256  Num correct: 140  Precision @ 1: 0.5469  AUC @ 1: 0.5872
Test Data Eval:
  Num examples: 384  Num correct: 223  Precision @ 1: 0.5807  AUC @ 1: 0.3461
Step 600: loss = 0.7436 (0.013 sec)
Training Data Eval:
  Num examples: 3456  Num correct: 2293  Precision @ 1: 0.6635  AUC @ 1: 0.7294
Validation Data Eval:
  Num examples: 256  Num correct: 140  Precision @ 1: 0.5469  AUC @ 1: 0.5877
Test Data Eval:
  Num examples: 384  Num correct: 230  Precision @ 1: 0.5990  AUC @ 1: 0.4427
Step 800: loss = 0.6792 (0.015 sec)
Training Data Eval:
  Num examples: 3456  Num correct: 2514  Precision @ 1: 0.7274  AUC @ 1: 0.8054
Validation Data Eval:
  Num examples: 256  Num correct: 148  Precision @ 1: 0.5781  AUC @ 1: 0.5754
Test Data Eval:
  Num examples: 384  Num correct: 224  Precision @ 1: 0.5833  AUC @ 1: 0.3930
Step 1000: loss = 0.6503 (0.014 sec)
Training Data Eval:
  Num examples: 3456  Num correct: 2645  Precision @ 1: 0.7653  AUC @ 1: 0.8484
Validation Data Eval:
  Num examples: 256  Num correct: 153  Precision @ 1: 0.5977  AUC @ 1: 0.6195
Test Data Eval:
  Num examples: 384  Num correct: 214  Precision @ 1: 0.5573  AUC @ 1: 0.4762
Step 1200: loss = 0.5510 (0.014 sec)
Training Data Eval:
  Num examples: 3456  Num correct: 2708  Precision @ 1: 0.7836  AUC @ 1: 0.8753
Validation Data Eval:
  Num examples: 256  Num correct: 169  Precision @ 1: 0.6602  AUC @ 1: 0.6801
Test Data Eval:
  Num examples: 384  Num correct: 226  Precision @ 1: 0.5885  AUC @ 1: 0.5765
Step 1400: loss = 0.5751 (0.014 sec)
Training Data Eval:
  Num examples: 3456  Num correct: 2812  Precision @ 1: 0.8137  AUC @ 1: 0.9058
Validation Data Eval:
  Num examples: 256  Num correct: 167  Precision @ 1: 0.6523  AUC @ 1: 0.6935
Test Data Eval:
  Num examples: 384  Num correct: 212  Precision @ 1: 0.5521  AUC @ 1: 0.5528
Step 1600: loss = 0.4594 (0.014 sec)
Training Data Eval:
  Num examples: 3456  Num correct: 2770  Precision @ 1: 0.8015  AUC @ 1: 0.8772
Validation Data Eval:
  Num examples: 256  Num correct: 154  Precision @ 1: 0.6016  AUC @ 1: 0.6675
Test Data Eval:
  Num examples: 384  Num correct: 187  Precision @ 1: 0.4870  AUC @ 1: 0.6056
Step 1800: loss = 0.4785 (0.015 sec)
Training Data Eval:
  Num examples: 3456  Num correct: 2927  Precision @ 1: 0.8469  AUC @ 1: 0.9394
Validation Data Eval:
  Num examples: 256  Num correct: 178  Precision @ 1: 0.6953  AUC @ 1: 0.7205
Test Data Eval:
  Num examples: 384  Num correct: 231  Precision @ 1: 0.6016  AUC @ 1: 0.6064
Step 2000: loss = 0.4852 (0.012 sec)
Training Data Eval:
  Num examples: 3456  Num correct: 2884  Precision @ 1: 0.8345  AUC @ 1: 0.9267
Validation Data Eval:
  Num examples: 256  Num correct: 176  Precision @ 1: 0.6875  AUC @ 1: 0.7294
Test Data Eval:
  Num examples: 384  Num correct: 240  Precision @ 1: 0.6250  AUC @ 1: 0.6946
Step 2200: loss = 0.4603 (0.014 sec)
Training Data Eval:
  Num examples: 3456  Num correct: 2976  Precision @ 1: 0.8611  AUC @ 1: 0.9460
Validation Data Eval:
  Num examples: 256  Num correct: 184  Precision @ 1: 0.7188  AUC @ 1: 0.7518
Test Data Eval:
  Num examples: 384  Num correct: 242  Precision @ 1: 0.6302  AUC @ 1: 0.7219
Step 2400: loss = 0.3812 (0.014 sec)
Training Data Eval:
  Num examples: 3456  Num correct: 3072  Precision @ 1: 0.8889  AUC @ 1: 0.9613
Validation Data Eval:
  Num examples: 256  Num correct: 183  Precision @ 1: 0.7148  AUC @ 1: 0.7646
Test Data Eval:
  Num examples: 384  Num correct: 217  Precision @ 1: 0.5651  AUC @ 1: 0.6511
Step 2600: loss = 0.3393 (0.015 sec)
Training Data Eval:
  Num examples: 3456  Num correct: 3065  Precision @ 1: 0.8869  AUC @ 1: 0.9624
Validation Data Eval:
  Num examples: 256  Num correct: 178  Precision @ 1: 0.6953  AUC @ 1: 0.7583
Test Data Eval:
  Num examples: 384  Num correct: 201  Precision @ 1: 0.5234  AUC @ 1: 0.7056
Step 2800: loss = 0.4121 (0.016 sec)
Training Data Eval:
  Num examples: 3456  Num correct: 3145  Precision @ 1: 0.9100  AUC @ 1: 0.9731
Validation Data Eval:
  Num examples: 256  Num correct: 181  Precision @ 1: 0.7070  AUC @ 1: 0.7688
Test Data Eval:
  Num examples: 384  Num correct: 219  Precision @ 1: 0.5703  AUC @ 1: 0.6705
Step 3000: loss = 0.3168 (0.014 sec)
Training Data Eval:
  Num examples: 3456  Num correct: 3195  Precision @ 1: 0.9245  AUC @ 1: 0.9804
Validation Data Eval:
  Num examples: 256  Num correct: 188  Precision @ 1: 0.7344  AUC @ 1: 0.7842
Test Data Eval:
  Num examples: 384  Num correct: 221  Precision @ 1: 0.5755  AUC @ 1: 0.7116
Step 3200: loss = 0.3769 (0.015 sec)
Training Data Eval:
  Num examples: 3456  Num correct: 2714  Precision @ 1: 0.7853  AUC @ 1: 0.8607
Validation Data Eval:
  Num examples: 256  Num correct: 176  Precision @ 1: 0.6875  AUC @ 1: 0.7504
Test Data Eval:
  Num examples: 384  Num correct: 241  Precision @ 1: 0.6276  AUC @ 1: 0.6530
Step 3400: loss = 0.9982 (0.015 sec)
Training Data Eval:
  Num examples: 3456  Num correct: 3203  Precision @ 1: 0.9268  AUC @ 1: 0.9823
Validation Data Eval:
  Num examples: 256  Num correct: 183  Precision @ 1: 0.7148  AUC @ 1: 0.7839
Test Data Eval:
  Num examples: 384  Num correct: 219  Precision @ 1: 0.5703  AUC @ 1: 0.6838
Step 3600: loss = 0.2895 (0.015 sec)
Training Data Eval:
  Num examples: 3456  Num correct: 3259  Precision @ 1: 0.9430  AUC @ 1: 0.9894
Validation Data Eval:
  Num examples: 256  Num correct: 185  Precision @ 1: 0.7227  AUC @ 1: 0.7816
Test Data Eval:
  Num examples: 384  Num correct: 213  Precision @ 1: 0.5547  AUC @ 1: 0.6383
Step 3800: loss = 0.2470 (0.016 sec)
Training Data Eval:
  Num examples: 3456  Num correct: 3261  Precision @ 1: 0.9436  AUC @ 1: 0.9888
Validation Data Eval:
  Num examples: 256  Num correct: 185  Precision @ 1: 0.7227  AUC @ 1: 0.7818
Test Data Eval:
  Num examples: 384  Num correct: 212  Precision @ 1: 0.5521  AUC @ 1: 0.6948
Step 4000: loss = 0.2334 (0.015 sec)
Training Data Eval:
  Num examples: 3456  Num correct: 3280  Precision @ 1: 0.9491  AUC @ 1: 0.9899
Validation Data Eval:
  Num examples: 256  Num correct: 184  Precision @ 1: 0.7188  AUC @ 1: 0.7897
Test Data Eval:
  Num examples: 384  Num correct: 196  Precision @ 1: 0.5104  AUC @ 1: 0.6300
Step 4200: loss = 0.3094 (0.019 sec)
Training Data Eval:
  Num examples: 3456  Num correct: 3323  Precision @ 1: 0.9615  AUC @ 1: 0.9936
Validation Data Eval:
  Num examples: 256  Num correct: 177  Precision @ 1: 0.6914  AUC @ 1: 0.7560
Test Data Eval:
  Num examples: 384  Num correct: 200  Precision @ 1: 0.5208  AUC @ 1: 0.6251
Step 4400: loss = 0.2680 (0.014 sec)
Training Data Eval:
  Num examples: 3456  Num correct: 3321  Precision @ 1: 0.9609  AUC @ 1: 0.9939
Validation Data Eval:
  Num examples: 256  Num correct: 183  Precision @ 1: 0.7148  AUC @ 1: 0.7841
Test Data Eval:
  Num examples: 384  Num correct: 223  Precision @ 1: 0.5807  AUC @ 1: 0.6795
Step 4600: loss = 0.2673 (0.013 sec)
Training Data Eval:
  Num examples: 3456  Num correct: 3341  Precision @ 1: 0.9667  AUC @ 1: 0.9956
Validation Data Eval:
  Num examples: 256  Num correct: 182  Precision @ 1: 0.7109  AUC @ 1: 0.7735
Test Data Eval:
  Num examples: 384  Num correct: 208  Precision @ 1: 0.5417  AUC @ 1: 0.6479
Step 4800: loss = 0.2598 (0.015 sec)
Training Data Eval:
  Num examples: 3456  Num correct: 3264  Precision @ 1: 0.9444  AUC @ 1: 0.9919
Validation Data Eval:
  Num examples: 256  Num correct: 185  Precision @ 1: 0.7227  AUC @ 1: 0.7847
Test Data Eval:
  Num examples: 384  Num correct: 231  Precision @ 1: 0.6016  AUC @ 1: 0.6829
Step 5000: loss = 0.2330 (0.015 sec)
Training Data Eval:
  Num examples: 3456  Num correct: 3381  Precision @ 1: 0.9783  AUC @ 1: 0.9976
Validation Data Eval:
  Num examples: 256  Num correct: 186  Precision @ 1: 0.7266  AUC @ 1: 0.7897
Test Data Eval:
  Num examples: 384  Num correct: 220  Precision @ 1: 0.5729  AUC @ 1: 0.6795
Step 5200: loss = 0.2950 (0.014 sec)
Training Data Eval:
  Num examples: 3456  Num correct: 3380  Precision @ 1: 0.9780  AUC @ 1: 0.9978
Validation Data Eval:
  Num examples: 256  Num correct: 187  Precision @ 1: 0.7305  AUC @ 1: 0.8003
Test Data Eval:
  Num examples: 384  Num correct: 217  Precision @ 1: 0.5651  AUC @ 1: 0.6846
Step 5400: loss = 0.1505 (0.049 sec)
Training Data Eval:
  Num examples: 3456  Num correct: 3361  Precision @ 1: 0.9725  AUC @ 1: 0.9974
Validation Data Eval:
  Num examples: 256  Num correct: 191  Precision @ 1: 0.7461  AUC @ 1: 0.7951
Test Data Eval:
  Num examples: 384  Num correct: 232  Precision @ 1: 0.6042  AUC @ 1: 0.7041
Step 5600: loss = 0.1730 (0.014 sec)
Training Data Eval:
  Num examples: 3456  Num correct: 3396  Precision @ 1: 0.9826  AUC @ 1: 0.9989
Validation Data Eval:
  Num examples: 256  Num correct: 187  Precision @ 1: 0.7305  AUC @ 1: 0.7769
Test Data Eval:
  Num examples: 384  Num correct: 217  Precision @ 1: 0.5651  AUC @ 1: 0.6993
Step 5800: loss = 0.2065 (0.015 sec)
Training Data Eval:
  Num examples: 3456  Num correct: 3405  Precision @ 1: 0.9852  AUC @ 1: 0.9992
Validation Data Eval:
  Num examples: 256  Num correct: 192  Precision @ 1: 0.7500  AUC @ 1: 0.7835
Test Data Eval:
  Num examples: 384  Num correct: 227  Precision @ 1: 0.5911  AUC @ 1: 0.7132
Step 6000: loss = 0.1494 (0.015 sec)
Training Data Eval:
  Num examples: 3456  Num correct: 3409  Precision @ 1: 0.9864  AUC @ 1: 0.9995
Validation Data Eval:
  Num examples: 256  Num correct: 189  Precision @ 1: 0.7383  AUC @ 1: 0.7933
Test Data Eval:
  Num examples: 384  Num correct: 220  Precision @ 1: 0.5729  AUC @ 1: 0.7302
Step 6200: loss = 0.2023 (0.013 sec)
Training Data Eval:
  Num examples: 3456  Num correct: 3415  Precision @ 1: 0.9881  AUC @ 1: 0.9994
Validation Data Eval:
  Num examples: 256  Num correct: 190  Precision @ 1: 0.7422  AUC @ 1: 0.7814
Test Data Eval:
  Num examples: 384  Num correct: 207  Precision @ 1: 0.5391  AUC @ 1: 0.6525
Step 6400: loss = 0.1655 (0.013 sec)
Training Data Eval:
  Num examples: 3456  Num correct: 3428  Precision @ 1: 0.9919  AUC @ 1: 0.9998
Validation Data Eval:
  Num examples: 256  Num correct: 192  Precision @ 1: 0.7500  AUC @ 1: 0.7946
Test Data Eval:
  Num examples: 384  Num correct: 217  Precision @ 1: 0.5651  AUC @ 1: 0.6486
Step 6600: loss = 0.1690 (0.020 sec)
Training Data Eval:
  Num examples: 3456  Num correct: 3434  Precision @ 1: 0.9936  AUC @ 1: 0.9989
Validation Data Eval:
  Num examples: 256  Num correct: 190  Precision @ 1: 0.7422  AUC @ 1: 0.7692
Test Data Eval:
  Num examples: 384  Num correct: 217  Precision @ 1: 0.5651  AUC @ 1: 0.6688
Step 6800: loss = 0.1708 (0.017 sec)
Training Data Eval:
  Num examples: 3456  Num correct: 3442  Precision @ 1: 0.9959  AUC @ 1: 0.9999
Validation Data Eval:
  Num examples: 256  Num correct: 188  Precision @ 1: 0.7344  AUC @ 1: 0.7710
Test Data Eval:
  Num examples: 384  Num correct: 218  Precision @ 1: 0.5677  AUC @ 1: 0.6712
Step 7000: loss = 0.1144 (0.015 sec)
Training Data Eval:
  Num examples: 3456  Num correct: 3424  Precision @ 1: 0.9907  AUC @ 1: 0.9999
Validation Data Eval:
  Num examples: 256  Num correct: 190  Precision @ 1: 0.7422  AUC @ 1: 0.7824
Test Data Eval:
  Num examples: 384  Num correct: 215  Precision @ 1: 0.5599  AUC @ 1: 0.6549
Step 7200: loss = 0.1816 (0.014 sec)
Training Data Eval:
  Num examples: 3456  Num correct: 3448  Precision @ 1: 0.9977  AUC @ 1: 1.0000
Validation Data Eval:
  Num examples: 256  Num correct: 186  Precision @ 1: 0.7266  AUC @ 1: 0.7699
Test Data Eval:
  Num examples: 384  Num correct: 221  Precision @ 1: 0.5755  AUC @ 1: 0.6902
Step 7400: loss = 0.1394 (0.013 sec)
Training Data Eval:
  Num examples: 3456  Num correct: 3447  Precision @ 1: 0.9974  AUC @ 1: 1.0000
Validation Data Eval:
  Num examples: 256  Num correct: 189  Precision @ 1: 0.7383  AUC @ 1: 0.7801
Test Data Eval:
  Num examples: 384  Num correct: 218  Precision @ 1: 0.5677  AUC @ 1: 0.6643
Step 7600: loss = 0.1151 (0.017 sec)
Training Data Eval:
  Num examples: 3456  Num correct: 3450  Precision @ 1: 0.9983  AUC @ 1: 1.0000
Validation Data Eval:
  Num examples: 256  Num correct: 186  Precision @ 1: 0.7266  AUC @ 1: 0.7767
Test Data Eval:
  Num examples: 384  Num correct: 223  Precision @ 1: 0.5807  AUC @ 1: 0.7147
Step 7800: loss = 0.1347 (0.015 sec)
Training Data Eval:
  Num examples: 3456  Num correct: 3442  Precision @ 1: 0.9959  AUC @ 1: 1.0000
Validation Data Eval:
  Num examples: 256  Num correct: 188  Precision @ 1: 0.7344  AUC @ 1: 0.7748
Test Data Eval:
  Num examples: 384  Num correct: 224  Precision @ 1: 0.5833  AUC @ 1: 0.6811
Step 8000: loss = 0.1367 (0.016 sec)
Training Data Eval:
  Num examples: 3456  Num correct: 3443  Precision @ 1: 0.9962  AUC @ 1: 0.9999
Validation Data Eval:
  Num examples: 256  Num correct: 186  Precision @ 1: 0.7266  AUC @ 1: 0.7826
Test Data Eval:
  Num examples: 384  Num correct: 218  Precision @ 1: 0.5677  AUC @ 1: 0.6894
Step 8200: loss = 0.0885 (0.015 sec)
Training Data Eval:
  Num examples: 3456  Num correct: 3423  Precision @ 1: 0.9905  AUC @ 1: 0.9990
Validation Data Eval:
  Num examples: 256  Num correct: 188  Precision @ 1: 0.7344  AUC @ 1: 0.7836
Test Data Eval:
  Num examples: 384  Num correct: 233  Precision @ 1: 0.6068  AUC @ 1: 0.6992
Step 8400: loss = 0.1587 (0.014 sec)
Training Data Eval:
  Num examples: 3456  Num correct: 3451  Precision @ 1: 0.9986  AUC @ 1: 1.0000
Validation Data Eval:
  Num examples: 256  Num correct: 189  Precision @ 1: 0.7383  AUC @ 1: 0.7860
Test Data Eval:
  Num examples: 384  Num correct: 207  Precision @ 1: 0.5391  AUC @ 1: 0.6507
Step 8600: loss = 0.1096 (0.013 sec)
Training Data Eval:
  Num examples: 3456  Num correct: 3453  Precision @ 1: 0.9991  AUC @ 1: 1.0000
Validation Data Eval:
  Num examples: 256  Num correct: 189  Precision @ 1: 0.7383  AUC @ 1: 0.7783
Test Data Eval:
  Num examples: 384  Num correct: 214  Precision @ 1: 0.5573  AUC @ 1: 0.6791
Step 8800: loss = 0.1364 (0.015 sec)
Training Data Eval:
  Num examples: 3456  Num correct: 3456  Precision @ 1: 1.0000  AUC @ 1: 1.0000
Validation Data Eval:
  Num examples: 256  Num correct: 191  Precision @ 1: 0.7461  AUC @ 1: 0.7841
Test Data Eval:
  Num examples: 384  Num correct: 215  Precision @ 1: 0.5599  AUC @ 1: 0.6716
Step 9000: loss = 0.1570 (0.015 sec)
Training Data Eval:
  Num examples: 3456  Num correct: 3450  Precision @ 1: 0.9983  AUC @ 1: 1.0000
Validation Data Eval:
  Num examples: 256  Num correct: 195  Precision @ 1: 0.7617  AUC @ 1: 0.7969
Test Data Eval:
  Num examples: 384  Num correct: 223  Precision @ 1: 0.5807  AUC @ 1: 0.6758
Step 9200: loss = 0.1117 (0.015 sec)
Training Data Eval:
  Num examples: 3456  Num correct: 3453  Precision @ 1: 0.9991  AUC @ 1: 1.0000
Validation Data Eval:
  Num examples: 256  Num correct: 190  Precision @ 1: 0.7422  AUC @ 1: 0.7831
Test Data Eval:
  Num examples: 384  Num correct: 229  Precision @ 1: 0.5964  AUC @ 1: 0.7170
Step 9400: loss = 0.0799 (0.014 sec)
Training Data Eval:
  Num examples: 3456  Num correct: 3450  Precision @ 1: 0.9983  AUC @ 1: 1.0000
Validation Data Eval:
  Num examples: 256  Num correct: 186  Precision @ 1: 0.7266  AUC @ 1: 0.7823
Test Data Eval:
  Num examples: 384  Num correct: 221  Precision @ 1: 0.5755  AUC @ 1: 0.6936
Step 9600: loss = 0.0937 (0.015 sec)
Training Data Eval:
  Num examples: 3456  Num correct: 3455  Precision @ 1: 0.9997  AUC @ 1: 1.0000
Validation Data Eval:
  Num examples: 256  Num correct: 183  Precision @ 1: 0.7148  AUC @ 1: 0.7691
Test Data Eval:
  Num examples: 384  Num correct: 209  Precision @ 1: 0.5443  AUC @ 1: 0.6981
Step 9800: loss = 0.1144 (0.014 sec)
Training Data Eval:
  Num examples: 3456  Num correct: 3456  Precision @ 1: 1.0000  AUC @ 1: 1.0000
Validation Data Eval:
  Num examples: 256  Num correct: 189  Precision @ 1: 0.7383  AUC @ 1: 0.7887
Test Data Eval:
  Num examples: 384  Num correct: 221  Precision @ 1: 0.5755  AUC @ 1: 0.7161
