Training data shape: 	(3881, 64, 30, 2)
Training label shape:	(3881,)
Testing data shape:  	(454, 64, 30, 2)
Testing label shape: 	(454,)
max input value is: 3457.31
min input value is: -4872.95
random permuted training data
==============================================================================
Model: 			inference_global_s_cnn
Tensor Name: 	Placeholder:0
[128, 64, 30, 2]
==============================================================================
Tensor Name: conv1/conv1:0
[128, 1, 30, 8]
==============================================================================
Tensor Name: MaxPool:0
[128, 1, 15, 8]
==============================================================================
Tensor Name: local1/local1:0
[128, 128]
==============================================================================
Tensor Name: local2/local2:0
[128, 128]
==============================================================================
Tensor Name: softmax_linear/softmax_linear:0
[128, 2]
Step 0: loss = 0.7715 (0.036 sec)
Training Data Eval:
  Num examples: 3584  Num correct: 2025  Precision @ 1: 0.5650  AUC @ 1: 0.5673
Validation Data Eval:
  Num examples: 256  Num correct: 150  Precision @ 1: 0.5859  AUC @ 1: 0.4465
Test Data Eval:
  Num examples: 384  Num correct: 187  Precision @ 1: 0.4870  AUC @ 1: 0.4990
Step 200: loss = 0.7708 (0.013 sec)
Training Data Eval:
  Num examples: 3584  Num correct: 2035  Precision @ 1: 0.5678  AUC @ 1: 0.6244
Validation Data Eval:
  Num examples: 256  Num correct: 150  Precision @ 1: 0.5859  AUC @ 1: 0.4435
Test Data Eval:
  Num examples: 384  Num correct: 221  Precision @ 1: 0.5755  AUC @ 1: 0.7404
Step 400: loss = 0.7506 (0.015 sec)
Training Data Eval:
  Num examples: 3584  Num correct: 2207  Precision @ 1: 0.6158  AUC @ 1: 0.6404
Validation Data Eval:
  Num examples: 256  Num correct: 145  Precision @ 1: 0.5664  AUC @ 1: 0.4521
Test Data Eval:
  Num examples: 384  Num correct: 216  Precision @ 1: 0.5625  AUC @ 1: 0.7802
Step 600: loss = 0.7339 (0.014 sec)
Training Data Eval:
  Num examples: 3584  Num correct: 2248  Precision @ 1: 0.6272  AUC @ 1: 0.6738
Validation Data Eval:
  Num examples: 256  Num correct: 137  Precision @ 1: 0.5352  AUC @ 1: 0.4694
Test Data Eval:
  Num examples: 384  Num correct: 233  Precision @ 1: 0.6068  AUC @ 1: 0.7913
Step 800: loss = 0.7154 (0.013 sec)
Training Data Eval:
  Num examples: 3584  Num correct: 2361  Precision @ 1: 0.6588  AUC @ 1: 0.7109
Validation Data Eval:
  Num examples: 256  Num correct: 133  Precision @ 1: 0.5195  AUC @ 1: 0.4741
Test Data Eval:
  Num examples: 384  Num correct: 257  Precision @ 1: 0.6693  AUC @ 1: 0.7584
Step 1000: loss = 0.7198 (0.014 sec)
Training Data Eval:
  Num examples: 3584  Num correct: 2387  Precision @ 1: 0.6660  AUC @ 1: 0.7291
Validation Data Eval:
  Num examples: 256  Num correct: 135  Precision @ 1: 0.5273  AUC @ 1: 0.4913
Test Data Eval:
  Num examples: 384  Num correct: 262  Precision @ 1: 0.6823  AUC @ 1: 0.7336
Step 1200: loss = 0.6641 (0.014 sec)
Training Data Eval:
  Num examples: 3584  Num correct: 2459  Precision @ 1: 0.6861  AUC @ 1: 0.7614
Validation Data Eval:
  Num examples: 256  Num correct: 131  Precision @ 1: 0.5117  AUC @ 1: 0.4806
Test Data Eval:
  Num examples: 384  Num correct: 268  Precision @ 1: 0.6979  AUC @ 1: 0.6977
Step 1400: loss = 0.6887 (0.046 sec)
Training Data Eval:
  Num examples: 3584  Num correct: 2493  Precision @ 1: 0.6956  AUC @ 1: 0.7804
Validation Data Eval:
  Num examples: 256  Num correct: 134  Precision @ 1: 0.5234  AUC @ 1: 0.4860
Test Data Eval:
  Num examples: 384  Num correct: 266  Precision @ 1: 0.6927  AUC @ 1: 0.6546
Step 1600: loss = 0.6557 (0.014 sec)
Training Data Eval:
  Num examples: 3584  Num correct: 2543  Precision @ 1: 0.7095  AUC @ 1: 0.7970
Validation Data Eval:
  Num examples: 256  Num correct: 131  Precision @ 1: 0.5117  AUC @ 1: 0.4856
Test Data Eval:
  Num examples: 384  Num correct: 263  Precision @ 1: 0.6849  AUC @ 1: 0.6367
Step 1800: loss = 0.6059 (0.012 sec)
Training Data Eval:
  Num examples: 3584  Num correct: 2580  Precision @ 1: 0.7199  AUC @ 1: 0.8054
Validation Data Eval:
  Num examples: 256  Num correct: 132  Precision @ 1: 0.5156  AUC @ 1: 0.4958
Test Data Eval:
  Num examples: 384  Num correct: 256  Precision @ 1: 0.6667  AUC @ 1: 0.6000
Step 2000: loss = 0.6144 (0.013 sec)
Training Data Eval:
  Num examples: 3584  Num correct: 2618  Precision @ 1: 0.7305  AUC @ 1: 0.8198
Validation Data Eval:
  Num examples: 256  Num correct: 132  Precision @ 1: 0.5156  AUC @ 1: 0.4901
Test Data Eval:
  Num examples: 384  Num correct: 261  Precision @ 1: 0.6797  AUC @ 1: 0.6159
Step 2200: loss = 0.5698 (0.013 sec)
Training Data Eval:
  Num examples: 3584  Num correct: 2702  Precision @ 1: 0.7539  AUC @ 1: 0.8435
Validation Data Eval:
  Num examples: 256  Num correct: 130  Precision @ 1: 0.5078  AUC @ 1: 0.5003
Test Data Eval:
  Num examples: 384  Num correct: 257  Precision @ 1: 0.6693  AUC @ 1: 0.6135
Step 2400: loss = 0.5541 (0.014 sec)
Training Data Eval:
  Num examples: 3584  Num correct: 2709  Precision @ 1: 0.7559  AUC @ 1: 0.8480
Validation Data Eval:
  Num examples: 256  Num correct: 134  Precision @ 1: 0.5234  AUC @ 1: 0.5084
Test Data Eval:
  Num examples: 384  Num correct: 257  Precision @ 1: 0.6693  AUC @ 1: 0.6261
Step 2600: loss = 0.5819 (0.014 sec)
Training Data Eval:
  Num examples: 3584  Num correct: 2792  Precision @ 1: 0.7790  AUC @ 1: 0.8735
Validation Data Eval:
  Num examples: 256  Num correct: 131  Precision @ 1: 0.5117  AUC @ 1: 0.4987
Test Data Eval:
  Num examples: 384  Num correct: 249  Precision @ 1: 0.6484  AUC @ 1: 0.5529
Step 2800: loss = 0.6162 (0.074 sec)
Training Data Eval:
  Num examples: 3584  Num correct: 2846  Precision @ 1: 0.7941  AUC @ 1: 0.8817
Validation Data Eval:
  Num examples: 256  Num correct: 131  Precision @ 1: 0.5117  AUC @ 1: 0.4903
Test Data Eval:
  Num examples: 384  Num correct: 252  Precision @ 1: 0.6562  AUC @ 1: 0.5804
Step 3000: loss = 0.5604 (0.012 sec)
Training Data Eval:
  Num examples: 3584  Num correct: 2870  Precision @ 1: 0.8008  AUC @ 1: 0.8946
Validation Data Eval:
  Num examples: 256  Num correct: 136  Precision @ 1: 0.5312  AUC @ 1: 0.4953
Test Data Eval:
  Num examples: 384  Num correct: 247  Precision @ 1: 0.6432  AUC @ 1: 0.5609
Step 3200: loss = 0.5836 (0.013 sec)
Training Data Eval:
  Num examples: 3584  Num correct: 2880  Precision @ 1: 0.8036  AUC @ 1: 0.8978
Validation Data Eval:
  Num examples: 256  Num correct: 134  Precision @ 1: 0.5234  AUC @ 1: 0.4940
Test Data Eval:
  Num examples: 384  Num correct: 246  Precision @ 1: 0.6406  AUC @ 1: 0.5622
Step 3400: loss = 0.4560 (0.013 sec)
Training Data Eval:
  Num examples: 3584  Num correct: 2888  Precision @ 1: 0.8058  AUC @ 1: 0.9073
Validation Data Eval:
  Num examples: 256  Num correct: 134  Precision @ 1: 0.5234  AUC @ 1: 0.4953
Test Data Eval:
  Num examples: 384  Num correct: 235  Precision @ 1: 0.6120  AUC @ 1: 0.5348
Step 3600: loss = 0.5024 (0.014 sec)
Training Data Eval:
  Num examples: 3584  Num correct: 2912  Precision @ 1: 0.8125  AUC @ 1: 0.9061
Validation Data Eval:
  Num examples: 256  Num correct: 136  Precision @ 1: 0.5312  AUC @ 1: 0.4894
Test Data Eval:
  Num examples: 384  Num correct: 234  Precision @ 1: 0.6094  AUC @ 1: 0.5110
Step 3800: loss = 0.4892 (0.016 sec)
Training Data Eval:
  Num examples: 3584  Num correct: 2955  Precision @ 1: 0.8245  AUC @ 1: 0.9199
Validation Data Eval:
  Num examples: 256  Num correct: 133  Precision @ 1: 0.5195  AUC @ 1: 0.4755
Test Data Eval:
  Num examples: 384  Num correct: 239  Precision @ 1: 0.6224  AUC @ 1: 0.5240
Step 4000: loss = 0.4875 (0.014 sec)
Training Data Eval:
  Num examples: 3584  Num correct: 2940  Precision @ 1: 0.8203  AUC @ 1: 0.9190
Validation Data Eval:
  Num examples: 256  Num correct: 133  Precision @ 1: 0.5195  AUC @ 1: 0.4945
Test Data Eval:
  Num examples: 384  Num correct: 238  Precision @ 1: 0.6198  AUC @ 1: 0.5287
Step 4200: loss = 0.4982 (0.051 sec)
Training Data Eval:
  Num examples: 3584  Num correct: 2965  Precision @ 1: 0.8273  AUC @ 1: 0.9280
Validation Data Eval:
  Num examples: 256  Num correct: 140  Precision @ 1: 0.5469  AUC @ 1: 0.4995
Test Data Eval:
  Num examples: 384  Num correct: 227  Precision @ 1: 0.5911  AUC @ 1: 0.4948
Step 4400: loss = 0.4541 (0.013 sec)
Training Data Eval:
  Num examples: 3584  Num correct: 2996  Precision @ 1: 0.8359  AUC @ 1: 0.9282
Validation Data Eval:
  Num examples: 256  Num correct: 134  Precision @ 1: 0.5234  AUC @ 1: 0.4938
Test Data Eval:
  Num examples: 384  Num correct: 230  Precision @ 1: 0.5990  AUC @ 1: 0.5263
Step 4600: loss = 0.4426 (0.014 sec)
Training Data Eval:
  Num examples: 3584  Num correct: 3004  Precision @ 1: 0.8382  AUC @ 1: 0.9362
Validation Data Eval:
  Num examples: 256  Num correct: 134  Precision @ 1: 0.5234  AUC @ 1: 0.4947
Test Data Eval:
  Num examples: 384  Num correct: 236  Precision @ 1: 0.6146  AUC @ 1: 0.4979
Step 4800: loss = 0.4230 (0.013 sec)
Training Data Eval:
  Num examples: 3584  Num correct: 2998  Precision @ 1: 0.8365  AUC @ 1: 0.9349
Validation Data Eval:
  Num examples: 256  Num correct: 137  Precision @ 1: 0.5352  AUC @ 1: 0.4958
Test Data Eval:
  Num examples: 384  Num correct: 226  Precision @ 1: 0.5885  AUC @ 1: 0.4532
Step 5000: loss = 0.4081 (0.012 sec)
Training Data Eval:
  Num examples: 3584  Num correct: 3042  Precision @ 1: 0.8488  AUC @ 1: 0.9457
Validation Data Eval:
  Num examples: 256  Num correct: 132  Precision @ 1: 0.5156  AUC @ 1: 0.4962
Test Data Eval:
  Num examples: 384  Num correct: 228  Precision @ 1: 0.5938  AUC @ 1: 0.4884
Step 5200: loss = 0.3807 (0.013 sec)
Training Data Eval:
  Num examples: 3584  Num correct: 3057  Precision @ 1: 0.8530  AUC @ 1: 0.9422
Validation Data Eval:
  Num examples: 256  Num correct: 137  Precision @ 1: 0.5352  AUC @ 1: 0.5055
Test Data Eval:
  Num examples: 384  Num correct: 231  Precision @ 1: 0.6016  AUC @ 1: 0.5283
Step 5400: loss = 0.4083 (0.014 sec)
Training Data Eval:
  Num examples: 3584  Num correct: 3053  Precision @ 1: 0.8518  AUC @ 1: 0.9440
Validation Data Eval:
  Num examples: 256  Num correct: 136  Precision @ 1: 0.5312  AUC @ 1: 0.4983
Test Data Eval:
  Num examples: 384  Num correct: 231  Precision @ 1: 0.6016  AUC @ 1: 0.5213
Step 5600: loss = 0.3804 (0.045 sec)
Training Data Eval:
  Num examples: 3584  Num correct: 3060  Precision @ 1: 0.8538  AUC @ 1: 0.9444
Validation Data Eval:
  Num examples: 256  Num correct: 133  Precision @ 1: 0.5195  AUC @ 1: 0.4955
Test Data Eval:
  Num examples: 384  Num correct: 232  Precision @ 1: 0.6042  AUC @ 1: 0.4794
Step 5800: loss = 0.3389 (0.014 sec)
Training Data Eval:
  Num examples: 3584  Num correct: 3106  Precision @ 1: 0.8666  AUC @ 1: 0.9535
Validation Data Eval:
  Num examples: 256  Num correct: 141  Precision @ 1: 0.5508  AUC @ 1: 0.4986
Test Data Eval:
  Num examples: 384  Num correct: 221  Precision @ 1: 0.5755  AUC @ 1: 0.4730
Step 6000: loss = 0.4388 (0.014 sec)
Training Data Eval:
  Num examples: 3584  Num correct: 3075  Precision @ 1: 0.8580  AUC @ 1: 0.9512
Validation Data Eval:
  Num examples: 256  Num correct: 136  Precision @ 1: 0.5312  AUC @ 1: 0.4965
Test Data Eval:
  Num examples: 384  Num correct: 220  Precision @ 1: 0.5729  AUC @ 1: 0.4685
Step 6200: loss = 0.4137 (0.014 sec)
Training Data Eval:
  Num examples: 3584  Num correct: 3120  Precision @ 1: 0.8705  AUC @ 1: 0.9555
Validation Data Eval:
  Num examples: 256  Num correct: 136  Precision @ 1: 0.5312  AUC @ 1: 0.4938
Test Data Eval:
  Num examples: 384  Num correct: 223  Precision @ 1: 0.5807  AUC @ 1: 0.4783
Step 6400: loss = 0.4000 (0.013 sec)
Training Data Eval:
  Num examples: 3584  Num correct: 3146  Precision @ 1: 0.8778  AUC @ 1: 0.9567
Validation Data Eval:
  Num examples: 256  Num correct: 141  Precision @ 1: 0.5508  AUC @ 1: 0.4987
Test Data Eval:
  Num examples: 384  Num correct: 217  Precision @ 1: 0.5651  AUC @ 1: 0.5112
Step 6600: loss = 0.3342 (0.014 sec)
Training Data Eval:
  Num examples: 3584  Num correct: 3163  Precision @ 1: 0.8825  AUC @ 1: 0.9591
Validation Data Eval:
  Num examples: 256  Num correct: 135  Precision @ 1: 0.5273  AUC @ 1: 0.4994
Test Data Eval:
  Num examples: 384  Num correct: 218  Precision @ 1: 0.5677  AUC @ 1: 0.5112
Step 6800: loss = 0.3469 (0.013 sec)
Training Data Eval:
  Num examples: 3584  Num correct: 3165  Precision @ 1: 0.8831  AUC @ 1: 0.9628
Validation Data Eval:
  Num examples: 256  Num correct: 135  Precision @ 1: 0.5273  AUC @ 1: 0.4982
Test Data Eval:
  Num examples: 384  Num correct: 222  Precision @ 1: 0.5781  AUC @ 1: 0.4916
Step 7000: loss = 0.3756 (0.050 sec)
Training Data Eval:
  Num examples: 3584  Num correct: 3158  Precision @ 1: 0.8811  AUC @ 1: 0.9627
Validation Data Eval:
  Num examples: 256  Num correct: 137  Precision @ 1: 0.5352  AUC @ 1: 0.4901
Test Data Eval:
  Num examples: 384  Num correct: 217  Precision @ 1: 0.5651  AUC @ 1: 0.4442
Step 7200: loss = 0.3553 (0.013 sec)
Training Data Eval:
  Num examples: 3584  Num correct: 3177  Precision @ 1: 0.8864  AUC @ 1: 0.9661
Validation Data Eval:
  Num examples: 256  Num correct: 136  Precision @ 1: 0.5312  AUC @ 1: 0.5000
Test Data Eval:
  Num examples: 384  Num correct: 216  Precision @ 1: 0.5625  AUC @ 1: 0.4694
Step 7400: loss = 0.4166 (0.013 sec)
Training Data Eval:
  Num examples: 3584  Num correct: 3175  Precision @ 1: 0.8859  AUC @ 1: 0.9664
Validation Data Eval:
  Num examples: 256  Num correct: 137  Precision @ 1: 0.5352  AUC @ 1: 0.4955
Test Data Eval:
  Num examples: 384  Num correct: 217  Precision @ 1: 0.5651  AUC @ 1: 0.4696
Step 7600: loss = 0.2752 (0.013 sec)
Training Data Eval:
  Num examples: 3584  Num correct: 3244  Precision @ 1: 0.9051  AUC @ 1: 0.9717
Validation Data Eval:
  Num examples: 256  Num correct: 136  Precision @ 1: 0.5312  AUC @ 1: 0.4872
Test Data Eval:
  Num examples: 384  Num correct: 211  Precision @ 1: 0.5495  AUC @ 1: 0.4890
Step 7800: loss = 0.3450 (0.013 sec)
Training Data Eval:
  Num examples: 3584  Num correct: 3243  Precision @ 1: 0.9049  AUC @ 1: 0.9724
Validation Data Eval:
  Num examples: 256  Num correct: 137  Precision @ 1: 0.5352  AUC @ 1: 0.4964
Test Data Eval:
  Num examples: 384  Num correct: 210  Precision @ 1: 0.5469  AUC @ 1: 0.4914
Step 8000: loss = 0.2951 (0.013 sec)
Training Data Eval:
  Num examples: 3584  Num correct: 3244  Precision @ 1: 0.9051  AUC @ 1: 0.9724
Validation Data Eval:
  Num examples: 256  Num correct: 135  Precision @ 1: 0.5273  AUC @ 1: 0.4925
Test Data Eval:
  Num examples: 384  Num correct: 215  Precision @ 1: 0.5599  AUC @ 1: 0.4880
Step 8200: loss = 0.3440 (0.014 sec)
Training Data Eval:
  Num examples: 3584  Num correct: 3269  Precision @ 1: 0.9121  AUC @ 1: 0.9746
Validation Data Eval:
  Num examples: 256  Num correct: 135  Precision @ 1: 0.5273  AUC @ 1: 0.4936
Test Data Eval:
  Num examples: 384  Num correct: 207  Precision @ 1: 0.5391  AUC @ 1: 0.4977
Step 8400: loss = 0.2741 (0.041 sec)
Training Data Eval:
  Num examples: 3584  Num correct: 3302  Precision @ 1: 0.9213  AUC @ 1: 0.9790
Validation Data Eval:
  Num examples: 256  Num correct: 131  Precision @ 1: 0.5117  AUC @ 1: 0.4809
Test Data Eval:
  Num examples: 384  Num correct: 203  Precision @ 1: 0.5286  AUC @ 1: 0.4563
Step 8600: loss = 0.3271 (0.014 sec)
Training Data Eval:
  Num examples: 3584  Num correct: 3321  Precision @ 1: 0.9266  AUC @ 1: 0.9816
Validation Data Eval:
  Num examples: 256  Num correct: 135  Precision @ 1: 0.5273  AUC @ 1: 0.4849
Test Data Eval:
  Num examples: 384  Num correct: 211  Precision @ 1: 0.5495  AUC @ 1: 0.4919
Step 8800: loss = 0.3709 (0.014 sec)
Training Data Eval:
  Num examples: 3584  Num correct: 3315  Precision @ 1: 0.9249  AUC @ 1: 0.9801
Validation Data Eval:
  Num examples: 256  Num correct: 137  Precision @ 1: 0.5352  AUC @ 1: 0.4902
Test Data Eval:
  Num examples: 384  Num correct: 199  Precision @ 1: 0.5182  AUC @ 1: 0.4657
Step 9000: loss = 0.2867 (0.012 sec)
Training Data Eval:
  Num examples: 3584  Num correct: 3306  Precision @ 1: 0.9224  AUC @ 1: 0.9808
Validation Data Eval:
  Num examples: 256  Num correct: 135  Precision @ 1: 0.5273  AUC @ 1: 0.4925
Test Data Eval:
  Num examples: 384  Num correct: 205  Precision @ 1: 0.5339  AUC @ 1: 0.4547
Step 9200: loss = 0.3484 (0.014 sec)
Training Data Eval:
  Num examples: 3584  Num correct: 3334  Precision @ 1: 0.9302  AUC @ 1: 0.9840
Validation Data Eval:
  Num examples: 256  Num correct: 132  Precision @ 1: 0.5156  AUC @ 1: 0.4983
Test Data Eval:
  Num examples: 384  Num correct: 200  Precision @ 1: 0.5208  AUC @ 1: 0.4530
Step 9400: loss = 0.2949 (0.013 sec)
Training Data Eval:
  Num examples: 3584  Num correct: 3342  Precision @ 1: 0.9325  AUC @ 1: 0.9851
Validation Data Eval:
  Num examples: 256  Num correct: 132  Precision @ 1: 0.5156  AUC @ 1: 0.4955
Test Data Eval:
  Num examples: 384  Num correct: 204  Precision @ 1: 0.5312  AUC @ 1: 0.4787
Step 9600: loss = 0.3036 (0.014 sec)
Training Data Eval:
  Num examples: 3584  Num correct: 3364  Precision @ 1: 0.9386  AUC @ 1: 0.9862
Validation Data Eval:
  Num examples: 256  Num correct: 133  Precision @ 1: 0.5195  AUC @ 1: 0.4936
Test Data Eval:
  Num examples: 384  Num correct: 206  Precision @ 1: 0.5365  AUC @ 1: 0.4740
Step 9800: loss = 0.2489 (0.042 sec)
Training Data Eval:
  Num examples: 3584  Num correct: 3358  Precision @ 1: 0.9369  AUC @ 1: 0.9866
Validation Data Eval:
  Num examples: 256  Num correct: 131  Precision @ 1: 0.5117  AUC @ 1: 0.4953
Test Data Eval:
  Num examples: 384  Num correct: 202  Precision @ 1: 0.5260  AUC @ 1: 0.4779
