Training data shape: 	(3881, 64, 30, 2)
Training label shape:	(3881,)
Testing data shape:  	(454, 64, 30, 2)
Testing label shape: 	(454,)
max input value is: 3457.31
min input value is: -4872.95
random permuted training data
==============================================================================
Model: 			inference_global_s_cnn
Tensor Name: 	Placeholder:0
[128, 64, 30, 2]
==============================================================================
Tensor Name: conv1/conv1:0
[128, 1, 30, 32]
==============================================================================
Tensor Name: MaxPool:0
[128, 1, 15, 32]
==============================================================================
Tensor Name: local1/local1:0
[128, 128]
==============================================================================
Tensor Name: local2/local2:0
[128, 128]
==============================================================================
Tensor Name: softmax_linear/softmax_linear:0
[128, 2]
Step 0: loss = 0.8931 (0.031 sec)
Training Data Eval:
  Num examples: 3584  Num correct: 2042  Precision @ 1: 0.5698  AUC @ 1: 0.5570
Validation Data Eval:
  Num examples: 256  Num correct: 138  Precision @ 1: 0.5391  AUC @ 1: 0.5039
Test Data Eval:
  Num examples: 384  Num correct: 187  Precision @ 1: 0.4870  AUC @ 1: 0.2628
Step 200: loss = 0.8731 (0.018 sec)
Training Data Eval:
  Num examples: 3584  Num correct: 2232  Precision @ 1: 0.6228  AUC @ 1: 0.6675
Validation Data Eval:
  Num examples: 256  Num correct: 138  Precision @ 1: 0.5391  AUC @ 1: 0.4826
Test Data Eval:
  Num examples: 384  Num correct: 212  Precision @ 1: 0.5521  AUC @ 1: 0.7008
Step 400: loss = 0.8309 (0.018 sec)
Training Data Eval:
  Num examples: 3584  Num correct: 2411  Precision @ 1: 0.6727  AUC @ 1: 0.7510
Validation Data Eval:
  Num examples: 256  Num correct: 117  Precision @ 1: 0.4570  AUC @ 1: 0.4447
Test Data Eval:
  Num examples: 384  Num correct: 233  Precision @ 1: 0.6068  AUC @ 1: 0.7055
Step 600: loss = 0.8047 (0.019 sec)
Training Data Eval:
  Num examples: 3584  Num correct: 2623  Precision @ 1: 0.7319  AUC @ 1: 0.8183
Validation Data Eval:
  Num examples: 256  Num correct: 121  Precision @ 1: 0.4727  AUC @ 1: 0.4382
Test Data Eval:
  Num examples: 384  Num correct: 250  Precision @ 1: 0.6510  AUC @ 1: 0.6979
Step 800: loss = 0.8291 (0.019 sec)
Training Data Eval:
  Num examples: 3584  Num correct: 2694  Precision @ 1: 0.7517  AUC @ 1: 0.8511
Validation Data Eval:
  Num examples: 256  Num correct: 122  Precision @ 1: 0.4766  AUC @ 1: 0.4104
Test Data Eval:
  Num examples: 384  Num correct: 270  Precision @ 1: 0.7031  AUC @ 1: 0.6924
Step 1000: loss = 0.6576 (0.018 sec)
Training Data Eval:
  Num examples: 3584  Num correct: 2810  Precision @ 1: 0.7840  AUC @ 1: 0.8869
Validation Data Eval:
  Num examples: 256  Num correct: 121  Precision @ 1: 0.4727  AUC @ 1: 0.4182
Test Data Eval:
  Num examples: 384  Num correct: 274  Precision @ 1: 0.7135  AUC @ 1: 0.6667
Step 1200: loss = 0.6917 (0.018 sec)
Training Data Eval:
  Num examples: 3584  Num correct: 2890  Precision @ 1: 0.8064  AUC @ 1: 0.9103
Validation Data Eval:
  Num examples: 256  Num correct: 117  Precision @ 1: 0.4570  AUC @ 1: 0.3995
Test Data Eval:
  Num examples: 384  Num correct: 258  Precision @ 1: 0.6719  AUC @ 1: 0.6189
Step 1400: loss = 0.6728 (0.057 sec)
Training Data Eval:
  Num examples: 3584  Num correct: 2963  Precision @ 1: 0.8267  AUC @ 1: 0.9292
Validation Data Eval:
  Num examples: 256  Num correct: 118  Precision @ 1: 0.4609  AUC @ 1: 0.4021
Test Data Eval:
  Num examples: 384  Num correct: 256  Precision @ 1: 0.6667  AUC @ 1: 0.5825
Step 1600: loss = 0.5835 (0.019 sec)
Training Data Eval:
  Num examples: 3584  Num correct: 3038  Precision @ 1: 0.8477  AUC @ 1: 0.9366
Validation Data Eval:
  Num examples: 256  Num correct: 123  Precision @ 1: 0.4805  AUC @ 1: 0.4148
Test Data Eval:
  Num examples: 384  Num correct: 261  Precision @ 1: 0.6797  AUC @ 1: 0.5939
Step 1800: loss = 0.5958 (0.016 sec)
Training Data Eval:
  Num examples: 3584  Num correct: 3053  Precision @ 1: 0.8518  AUC @ 1: 0.9492
Validation Data Eval:
  Num examples: 256  Num correct: 121  Precision @ 1: 0.4727  AUC @ 1: 0.3988
Test Data Eval:
  Num examples: 384  Num correct: 234  Precision @ 1: 0.6094  AUC @ 1: 0.5232
Step 2000: loss = 0.5507 (0.017 sec)
Training Data Eval:
  Num examples: 3584  Num correct: 3086  Precision @ 1: 0.8610  AUC @ 1: 0.9525
Validation Data Eval:
  Num examples: 256  Num correct: 121  Precision @ 1: 0.4727  AUC @ 1: 0.3997
Test Data Eval:
  Num examples: 384  Num correct: 246  Precision @ 1: 0.6406  AUC @ 1: 0.5269
Step 2200: loss = 0.4852 (0.019 sec)
Training Data Eval:
  Num examples: 3584  Num correct: 3132  Precision @ 1: 0.8739  AUC @ 1: 0.9567
Validation Data Eval:
  Num examples: 256  Num correct: 118  Precision @ 1: 0.4609  AUC @ 1: 0.4164
Test Data Eval:
  Num examples: 384  Num correct: 249  Precision @ 1: 0.6484  AUC @ 1: 0.5470
Step 2400: loss = 0.4716 (0.018 sec)
Training Data Eval:
  Num examples: 3584  Num correct: 3196  Precision @ 1: 0.8917  AUC @ 1: 0.9661
Validation Data Eval:
  Num examples: 256  Num correct: 121  Precision @ 1: 0.4727  AUC @ 1: 0.4005
Test Data Eval:
  Num examples: 384  Num correct: 237  Precision @ 1: 0.6172  AUC @ 1: 0.5216
Step 2600: loss = 0.4340 (0.018 sec)
Training Data Eval:
  Num examples: 3584  Num correct: 3227  Precision @ 1: 0.9004  AUC @ 1: 0.9746
Validation Data Eval:
  Num examples: 256  Num correct: 120  Precision @ 1: 0.4688  AUC @ 1: 0.4054
Test Data Eval:
  Num examples: 384  Num correct: 242  Precision @ 1: 0.6302  AUC @ 1: 0.4893
Step 2800: loss = 0.5287 (0.052 sec)
Training Data Eval:
  Num examples: 3584  Num correct: 3235  Precision @ 1: 0.9026  AUC @ 1: 0.9732
Validation Data Eval:
  Num examples: 256  Num correct: 118  Precision @ 1: 0.4609  AUC @ 1: 0.3980
Test Data Eval:
  Num examples: 384  Num correct: 241  Precision @ 1: 0.6276  AUC @ 1: 0.5114
Step 3000: loss = 0.4688 (0.018 sec)
Training Data Eval:
  Num examples: 3584  Num correct: 3323  Precision @ 1: 0.9272  AUC @ 1: 0.9826
Validation Data Eval:
  Num examples: 256  Num correct: 110  Precision @ 1: 0.4297  AUC @ 1: 0.3814
Test Data Eval:
  Num examples: 384  Num correct: 222  Precision @ 1: 0.5781  AUC @ 1: 0.4688
Step 3200: loss = 0.4702 (0.018 sec)
Training Data Eval:
  Num examples: 3584  Num correct: 3389  Precision @ 1: 0.9456  AUC @ 1: 0.9882
Validation Data Eval:
  Num examples: 256  Num correct: 116  Precision @ 1: 0.4531  AUC @ 1: 0.3781
Test Data Eval:
  Num examples: 384  Num correct: 233  Precision @ 1: 0.6068  AUC @ 1: 0.5045
Step 3400: loss = 0.3851 (0.019 sec)
Training Data Eval:
  Num examples: 3584  Num correct: 3427  Precision @ 1: 0.9562  AUC @ 1: 0.9917
Validation Data Eval:
  Num examples: 256  Num correct: 112  Precision @ 1: 0.4375  AUC @ 1: 0.3854
Test Data Eval:
  Num examples: 384  Num correct: 235  Precision @ 1: 0.6120  AUC @ 1: 0.5474
Step 3600: loss = 0.3532 (0.018 sec)
Training Data Eval:
  Num examples: 3584  Num correct: 3424  Precision @ 1: 0.9554  AUC @ 1: 0.9917
Validation Data Eval:
  Num examples: 256  Num correct: 106  Precision @ 1: 0.4141  AUC @ 1: 0.3678
Test Data Eval:
  Num examples: 384  Num correct: 208  Precision @ 1: 0.5417  AUC @ 1: 0.4957
Step 3800: loss = 0.4381 (0.019 sec)
Training Data Eval:
  Num examples: 3584  Num correct: 3446  Precision @ 1: 0.9615  AUC @ 1: 0.9941
Validation Data Eval:
  Num examples: 256  Num correct: 114  Precision @ 1: 0.4453  AUC @ 1: 0.3890
Test Data Eval:
  Num examples: 384  Num correct: 220  Precision @ 1: 0.5729  AUC @ 1: 0.4768
Step 4000: loss = 0.3883 (0.018 sec)
Training Data Eval:
  Num examples: 3584  Num correct: 3480  Precision @ 1: 0.9710  AUC @ 1: 0.9959
Validation Data Eval:
  Num examples: 256  Num correct: 114  Precision @ 1: 0.4453  AUC @ 1: 0.3878
Test Data Eval:
  Num examples: 384  Num correct: 214  Precision @ 1: 0.5573  AUC @ 1: 0.4520
Step 4200: loss = 0.3467 (0.054 sec)
Training Data Eval:
  Num examples: 3584  Num correct: 3475  Precision @ 1: 0.9696  AUC @ 1: 0.9969
Validation Data Eval:
  Num examples: 256  Num correct: 112  Precision @ 1: 0.4375  AUC @ 1: 0.3754
Test Data Eval:
  Num examples: 384  Num correct: 234  Precision @ 1: 0.6094  AUC @ 1: 0.4897
Step 4400: loss = 0.3098 (0.018 sec)
Training Data Eval:
  Num examples: 3584  Num correct: 3528  Precision @ 1: 0.9844  AUC @ 1: 0.9981
Validation Data Eval:
  Num examples: 256  Num correct: 106  Precision @ 1: 0.4141  AUC @ 1: 0.3648
Test Data Eval:
  Num examples: 384  Num correct: 211  Precision @ 1: 0.5495  AUC @ 1: 0.5049
Step 4600: loss = 0.3396 (0.019 sec)
Training Data Eval:
  Num examples: 3584  Num correct: 3522  Precision @ 1: 0.9827  AUC @ 1: 0.9984
Validation Data Eval:
  Num examples: 256  Num correct: 113  Precision @ 1: 0.4414  AUC @ 1: 0.3695
Test Data Eval:
  Num examples: 384  Num correct: 230  Precision @ 1: 0.5990  AUC @ 1: 0.4941
Step 4800: loss = 0.3322 (0.018 sec)
Training Data Eval:
  Num examples: 3584  Num correct: 3515  Precision @ 1: 0.9807  AUC @ 1: 0.9992
Validation Data Eval:
  Num examples: 256  Num correct: 116  Precision @ 1: 0.4531  AUC @ 1: 0.3763
Test Data Eval:
  Num examples: 384  Num correct: 221  Precision @ 1: 0.5755  AUC @ 1: 0.4244
Step 5000: loss = 0.3738 (0.018 sec)
Training Data Eval:
  Num examples: 3584  Num correct: 3551  Precision @ 1: 0.9908  AUC @ 1: 0.9996
Validation Data Eval:
  Num examples: 256  Num correct: 111  Precision @ 1: 0.4336  AUC @ 1: 0.3676
Test Data Eval:
  Num examples: 384  Num correct: 209  Precision @ 1: 0.5443  AUC @ 1: 0.4547
Step 5200: loss = 0.2579 (0.018 sec)
Training Data Eval:
  Num examples: 3584  Num correct: 3556  Precision @ 1: 0.9922  AUC @ 1: 0.9997
Validation Data Eval:
  Num examples: 256  Num correct: 106  Precision @ 1: 0.4141  AUC @ 1: 0.3629
Test Data Eval:
  Num examples: 384  Num correct: 213  Precision @ 1: 0.5547  AUC @ 1: 0.4705
Step 5400: loss = 0.2789 (0.019 sec)
Training Data Eval:
  Num examples: 3584  Num correct: 3559  Precision @ 1: 0.9930  AUC @ 1: 0.9998
Validation Data Eval:
  Num examples: 256  Num correct: 109  Precision @ 1: 0.4258  AUC @ 1: 0.3763
Test Data Eval:
  Num examples: 384  Num correct: 213  Precision @ 1: 0.5547  AUC @ 1: 0.4907
Step 5600: loss = 0.2238 (0.050 sec)
Training Data Eval:
  Num examples: 3584  Num correct: 3567  Precision @ 1: 0.9953  AUC @ 1: 0.9999
Validation Data Eval:
  Num examples: 256  Num correct: 110  Precision @ 1: 0.4297  AUC @ 1: 0.3684
Test Data Eval:
  Num examples: 384  Num correct: 210  Precision @ 1: 0.5469  AUC @ 1: 0.4434
Step 5800: loss = 0.2814 (0.018 sec)
Training Data Eval:
  Num examples: 3584  Num correct: 3561  Precision @ 1: 0.9936  AUC @ 1: 0.9999
Validation Data Eval:
  Num examples: 256  Num correct: 108  Precision @ 1: 0.4219  AUC @ 1: 0.3857
Test Data Eval:
  Num examples: 384  Num correct: 215  Precision @ 1: 0.5599  AUC @ 1: 0.4979
Step 6000: loss = 0.2511 (0.019 sec)
Training Data Eval:
  Num examples: 3584  Num correct: 3577  Precision @ 1: 0.9980  AUC @ 1: 1.0000
Validation Data Eval:
  Num examples: 256  Num correct: 114  Precision @ 1: 0.4453  AUC @ 1: 0.3758
Test Data Eval:
  Num examples: 384  Num correct: 223  Precision @ 1: 0.5807  AUC @ 1: 0.4822
Step 6200: loss = 0.2527 (0.018 sec)
Training Data Eval:
  Num examples: 3584  Num correct: 3572  Precision @ 1: 0.9967  AUC @ 1: 1.0000
Validation Data Eval:
  Num examples: 256  Num correct: 106  Precision @ 1: 0.4141  AUC @ 1: 0.3678
Test Data Eval:
  Num examples: 384  Num correct: 219  Precision @ 1: 0.5703  AUC @ 1: 0.4755
Step 6400: loss = 0.2435 (0.019 sec)
Training Data Eval:
  Num examples: 3584  Num correct: 3581  Precision @ 1: 0.9992  AUC @ 1: 1.0000
Validation Data Eval:
  Num examples: 256  Num correct: 107  Precision @ 1: 0.4180  AUC @ 1: 0.3608
Test Data Eval:
  Num examples: 384  Num correct: 231  Precision @ 1: 0.6016  AUC @ 1: 0.5090
Step 6600: loss = 0.2548 (0.018 sec)
Training Data Eval:
  Num examples: 3584  Num correct: 3574  Precision @ 1: 0.9972  AUC @ 1: 1.0000
Validation Data Eval:
  Num examples: 256  Num correct: 109  Precision @ 1: 0.4258  AUC @ 1: 0.3758
Test Data Eval:
  Num examples: 384  Num correct: 214  Precision @ 1: 0.5573  AUC @ 1: 0.4800
Step 6800: loss = 0.2659 (0.018 sec)
Training Data Eval:
  Num examples: 3584  Num correct: 3580  Precision @ 1: 0.9989  AUC @ 1: 1.0000
Validation Data Eval:
  Num examples: 256  Num correct: 115  Precision @ 1: 0.4492  AUC @ 1: 0.3632
Test Data Eval:
  Num examples: 384  Num correct: 211  Precision @ 1: 0.5495  AUC @ 1: 0.4424
Step 7000: loss = 0.2441 (0.053 sec)
Training Data Eval:
  Num examples: 3584  Num correct: 3580  Precision @ 1: 0.9989  AUC @ 1: 1.0000
Validation Data Eval:
  Num examples: 256  Num correct: 112  Precision @ 1: 0.4375  AUC @ 1: 0.3800
Test Data Eval:
  Num examples: 384  Num correct: 208  Precision @ 1: 0.5417  AUC @ 1: 0.4583
Step 7200: loss = 0.2265 (0.017 sec)
Training Data Eval:
  Num examples: 3584  Num correct: 3583  Precision @ 1: 0.9997  AUC @ 1: 1.0000
Validation Data Eval:
  Num examples: 256  Num correct: 116  Precision @ 1: 0.4531  AUC @ 1: 0.3797
Test Data Eval:
  Num examples: 384  Num correct: 200  Precision @ 1: 0.5208  AUC @ 1: 0.4534
Step 7400: loss = 0.2521 (0.019 sec)
Training Data Eval:
  Num examples: 3584  Num correct: 3583  Precision @ 1: 0.9997  AUC @ 1: 1.0000
Validation Data Eval:
  Num examples: 256  Num correct: 112  Precision @ 1: 0.4375  AUC @ 1: 0.3894
Test Data Eval:
  Num examples: 384  Num correct: 215  Precision @ 1: 0.5599  AUC @ 1: 0.5061
Step 7600: loss = 0.1915 (0.018 sec)
Training Data Eval:
  Num examples: 3584  Num correct: 3583  Precision @ 1: 0.9997  AUC @ 1: 1.0000
Validation Data Eval:
  Num examples: 256  Num correct: 113  Precision @ 1: 0.4414  AUC @ 1: 0.3823
Test Data Eval:
  Num examples: 384  Num correct: 213  Precision @ 1: 0.5547  AUC @ 1: 0.4355
Step 7800: loss = 0.2657 (0.017 sec)
Training Data Eval:
  Num examples: 3584  Num correct: 3584  Precision @ 1: 1.0000  AUC @ 1: 1.0000
Validation Data Eval:
  Num examples: 256  Num correct: 109  Precision @ 1: 0.4258  AUC @ 1: 0.3702
Test Data Eval:
  Num examples: 384  Num correct: 208  Precision @ 1: 0.5417  AUC @ 1: 0.4519
Step 8000: loss = 0.1939 (0.019 sec)
Training Data Eval:
  Num examples: 3584  Num correct: 3583  Precision @ 1: 0.9997  AUC @ 1: 1.0000
Validation Data Eval:
  Num examples: 256  Num correct: 110  Precision @ 1: 0.4297  AUC @ 1: 0.3761
Test Data Eval:
  Num examples: 384  Num correct: 206  Precision @ 1: 0.5365  AUC @ 1: 0.5031
Step 8200: loss = 0.1771 (0.019 sec)
Training Data Eval:
  Num examples: 3584  Num correct: 3584  Precision @ 1: 1.0000  AUC @ 1: 1.0000
Validation Data Eval:
  Num examples: 256  Num correct: 115  Precision @ 1: 0.4492  AUC @ 1: 0.3780
Test Data Eval:
  Num examples: 384  Num correct: 216  Precision @ 1: 0.5625  AUC @ 1: 0.4831
Step 8400: loss = 0.2027 (0.053 sec)
Training Data Eval:
  Num examples: 3584  Num correct: 3584  Precision @ 1: 1.0000  AUC @ 1: 1.0000
Validation Data Eval:
  Num examples: 256  Num correct: 118  Precision @ 1: 0.4609  AUC @ 1: 0.3866
Test Data Eval:
  Num examples: 384  Num correct: 215  Precision @ 1: 0.5599  AUC @ 1: 0.4600
Step 8600: loss = 0.1740 (0.017 sec)
Training Data Eval:
  Num examples: 3584  Num correct: 3584  Precision @ 1: 1.0000  AUC @ 1: 1.0000
Validation Data Eval:
  Num examples: 256  Num correct: 110  Precision @ 1: 0.4297  AUC @ 1: 0.3915
Test Data Eval:
  Num examples: 384  Num correct: 216  Precision @ 1: 0.5625  AUC @ 1: 0.4700
Step 8800: loss = 0.2569 (0.018 sec)
Training Data Eval:
  Num examples: 3584  Num correct: 3584  Precision @ 1: 1.0000  AUC @ 1: 1.0000
Validation Data Eval:
  Num examples: 256  Num correct: 114  Precision @ 1: 0.4453  AUC @ 1: 0.3917
Test Data Eval:
  Num examples: 384  Num correct: 207  Precision @ 1: 0.5391  AUC @ 1: 0.4873
Step 9000: loss = 0.2046 (0.018 sec)
Training Data Eval:
  Num examples: 3584  Num correct: 3584  Precision @ 1: 1.0000  AUC @ 1: 1.0000
Validation Data Eval:
  Num examples: 256  Num correct: 114  Precision @ 1: 0.4453  AUC @ 1: 0.3904
Test Data Eval:
  Num examples: 384  Num correct: 220  Precision @ 1: 0.5729  AUC @ 1: 0.4770
Step 9200: loss = 0.2087 (0.018 sec)
Training Data Eval:
  Num examples: 3584  Num correct: 3582  Precision @ 1: 0.9994  AUC @ 1: 1.0000
Validation Data Eval:
  Num examples: 256  Num correct: 108  Precision @ 1: 0.4219  AUC @ 1: 0.3771
Test Data Eval:
  Num examples: 384  Num correct: 211  Precision @ 1: 0.5495  AUC @ 1: 0.4569
Step 9400: loss = 0.1779 (0.019 sec)
Training Data Eval:
  Num examples: 3584  Num correct: 3584  Precision @ 1: 1.0000  AUC @ 1: 1.0000
Validation Data Eval:
  Num examples: 256  Num correct: 109  Precision @ 1: 0.4258  AUC @ 1: 0.3751
Test Data Eval:
  Num examples: 384  Num correct: 199  Precision @ 1: 0.5182  AUC @ 1: 0.4392
Step 9600: loss = 0.1655 (0.019 sec)
Training Data Eval:
  Num examples: 3584  Num correct: 3584  Precision @ 1: 1.0000  AUC @ 1: 1.0000
Validation Data Eval:
  Num examples: 256  Num correct: 110  Precision @ 1: 0.4297  AUC @ 1: 0.3829
Test Data Eval:
  Num examples: 384  Num correct: 213  Precision @ 1: 0.5547  AUC @ 1: 0.4824
Step 9800: loss = 0.1813 (0.051 sec)
Training Data Eval:
  Num examples: 3584  Num correct: 3584  Precision @ 1: 1.0000  AUC @ 1: 1.0000
Validation Data Eval:
  Num examples: 256  Num correct: 108  Precision @ 1: 0.4219  AUC @ 1: 0.3732
Test Data Eval:
  Num examples: 384  Num correct: 206  Precision @ 1: 0.5365  AUC @ 1: 0.4692
