Training data shape: 	(10000, 64, 64, 1)
Training label shape:	(10000,)
Testing data shape:  	(1910, 64, 64, 1)
Testing label shape: 	(1910,)
max input value is: 153.458
min input value is: -104.189
random permuted training data
==============================================================================
Model: 			inference_roicnn
Tensor Name: 	Placeholder:0
[64, 64, 64, 1]
==============================================================================
Tensor Name: concat_64:0
[64, 320, 64, 1]
==============================================================================
Tensor Name: concat_129:0
[64, 320, 320, 1]
==============================================================================
Tensor Name: conv0/conv0:0
[64, 64, 64, 64]
==============================================================================
Tensor Name: concat_194:0
[64, 320, 64, 64]
==============================================================================
Tensor Name: concat_259:0
[64, 320, 320, 64]
==============================================================================
Tensor Name: conv1/conv1:0
[64, 64, 64, 16]
==============================================================================
Tensor Name: local1/local1:0
[64, 128]
==============================================================================
Tensor Name: local2/local2:0
[64, 128]
==============================================================================
Tensor Name: softmax_linear/softmax_linear:0
[64, 2]
Step 0: loss = 21.5208 (0.566 sec)
Training Data Eval:
  Num examples: 8960  Num correct: 6550  Precision @ 1: 0.7310  AUC @ 1: 0.7813
Validation Data Eval:
  Num examples: 960  Num correct: 704  Precision @ 1: 0.7333  AUC @ 1: 0.7709
Test Data Eval:
  Num examples: 1856  Num correct: 1258  Precision @ 1: 0.6778  AUC @ 1: 0.7237
Step 100: loss = 19.8641 (0.383 sec)
Training Data Eval:
  Num examples: 8960  Num correct: 6768  Precision @ 1: 0.7554  AUC @ 1: 0.8206
Validation Data Eval:
  Num examples: 960  Num correct: 711  Precision @ 1: 0.7406  AUC @ 1: 0.8064
Test Data Eval:
  Num examples: 1856  Num correct: 1282  Precision @ 1: 0.6907  AUC @ 1: 0.7367
Step 200: loss = 18.3190 (0.383 sec)
Training Data Eval:
  Num examples: 8960  Num correct: 6900  Precision @ 1: 0.7701  AUC @ 1: 0.8435
Validation Data Eval:
  Num examples: 960  Num correct: 745  Precision @ 1: 0.7760  AUC @ 1: 0.8359
Test Data Eval:
  Num examples: 1856  Num correct: 1284  Precision @ 1: 0.6918  AUC @ 1: 0.7395
Step 300: loss = 16.7642 (0.387 sec)
Training Data Eval:
  Num examples: 8960  Num correct: 7172  Precision @ 1: 0.8004  AUC @ 1: 0.8702
Validation Data Eval:
  Num examples: 960  Num correct: 751  Precision @ 1: 0.7823  AUC @ 1: 0.8536
Test Data Eval:
  Num examples: 1856  Num correct: 1333  Precision @ 1: 0.7182  AUC @ 1: 0.7592
Step 400: loss = 15.5668 (0.384 sec)
Training Data Eval:
  Num examples: 8960  Num correct: 7268  Precision @ 1: 0.8112  AUC @ 1: 0.8815
Validation Data Eval:
  Num examples: 960  Num correct: 760  Precision @ 1: 0.7917  AUC @ 1: 0.8612
Test Data Eval:
  Num examples: 1856  Num correct: 1348  Precision @ 1: 0.7263  AUC @ 1: 0.7637
Step 500: loss = 14.3679 (0.386 sec)
Training Data Eval:
  Num examples: 8960  Num correct: 7385  Precision @ 1: 0.8242  AUC @ 1: 0.8909
Validation Data Eval:
  Num examples: 960  Num correct: 771  Precision @ 1: 0.8031  AUC @ 1: 0.8764
Test Data Eval:
  Num examples: 1856  Num correct: 1318  Precision @ 1: 0.7101  AUC @ 1: 0.7589
Step 600: loss = 13.3935 (0.383 sec)
Training Data Eval:
  Num examples: 8960  Num correct: 7467  Precision @ 1: 0.8334  AUC @ 1: 0.9118
Validation Data Eval:
  Num examples: 960  Num correct: 775  Precision @ 1: 0.8073  AUC @ 1: 0.8795
Test Data Eval:
  Num examples: 1856  Num correct: 1331  Precision @ 1: 0.7171  AUC @ 1: 0.7540
Step 700: loss = 12.3305 (0.432 sec)
Training Data Eval:
  Num examples: 8960  Num correct: 7517  Precision @ 1: 0.8390  AUC @ 1: 0.9199
Validation Data Eval:
  Num examples: 960  Num correct: 774  Precision @ 1: 0.8063  AUC @ 1: 0.8742
Test Data Eval:
  Num examples: 1856  Num correct: 1323  Precision @ 1: 0.7128  AUC @ 1: 0.7607
Step 800: loss = 11.3948 (0.386 sec)
Training Data Eval:
  Num examples: 8960  Num correct: 7442  Precision @ 1: 0.8306  AUC @ 1: 0.9256
Validation Data Eval:
  Num examples: 960  Num correct: 773  Precision @ 1: 0.8052  AUC @ 1: 0.8847
Test Data Eval:
  Num examples: 1856  Num correct: 1338  Precision @ 1: 0.7209  AUC @ 1: 0.7616
Step 900: loss = 10.4890 (0.381 sec)
Training Data Eval:
  Num examples: 8960  Num correct: 7724  Precision @ 1: 0.8621  AUC @ 1: 0.9429
Validation Data Eval:
  Num examples: 960  Num correct: 772  Precision @ 1: 0.8042  AUC @ 1: 0.8828
Test Data Eval:
  Num examples: 1856  Num correct: 1315  Precision @ 1: 0.7085  AUC @ 1: 0.7453
Step 1000: loss = 9.7919 (0.386 sec)
Training Data Eval:
  Num examples: 8960  Num correct: 7785  Precision @ 1: 0.8689  AUC @ 1: 0.9529
Validation Data Eval:
  Num examples: 960  Num correct: 782  Precision @ 1: 0.8146  AUC @ 1: 0.8975
Test Data Eval:
  Num examples: 1856  Num correct: 1339  Precision @ 1: 0.7214  AUC @ 1: 0.7671
Step 1100: loss = 9.0277 (0.385 sec)
Training Data Eval:
  Num examples: 8960  Num correct: 7895  Precision @ 1: 0.8811  AUC @ 1: 0.9593
Validation Data Eval:
  Num examples: 960  Num correct: 782  Precision @ 1: 0.8146  AUC @ 1: 0.8821
Test Data Eval:
  Num examples: 1856  Num correct: 1357  Precision @ 1: 0.7311  AUC @ 1: 0.7714
Step 1200: loss = 8.3009 (0.383 sec)
Training Data Eval:
  Num examples: 8960  Num correct: 8048  Precision @ 1: 0.8982  AUC @ 1: 0.9651
Validation Data Eval:
  Num examples: 960  Num correct: 762  Precision @ 1: 0.7937  AUC @ 1: 0.8831
Test Data Eval:
  Num examples: 1856  Num correct: 1269  Precision @ 1: 0.6837  AUC @ 1: 0.7545
Step 1300: loss = 7.6864 (0.386 sec)
Training Data Eval:
  Num examples: 8960  Num correct: 8330  Precision @ 1: 0.9297  AUC @ 1: 0.9792
Validation Data Eval:
  Num examples: 960  Num correct: 786  Precision @ 1: 0.8187  AUC @ 1: 0.8878
Test Data Eval:
  Num examples: 1856  Num correct: 1316  Precision @ 1: 0.7091  AUC @ 1: 0.7561
Step 1400: loss = 7.0602 (0.429 sec)
Training Data Eval:
  Num examples: 8960  Num correct: 8373  Precision @ 1: 0.9345  AUC @ 1: 0.9828
Validation Data Eval:
  Num examples: 960  Num correct: 767  Precision @ 1: 0.7990  AUC @ 1: 0.8736
Test Data Eval:
  Num examples: 1856  Num correct: 1274  Precision @ 1: 0.6864  AUC @ 1: 0.7519
Step 1500: loss = 6.5213 (0.383 sec)
Training Data Eval:
  Num examples: 8960  Num correct: 8514  Precision @ 1: 0.9502  AUC @ 1: 0.9880
Validation Data Eval:
  Num examples: 960  Num correct: 759  Precision @ 1: 0.7906  AUC @ 1: 0.8764
Test Data Eval:
  Num examples: 1856  Num correct: 1283  Precision @ 1: 0.6913  AUC @ 1: 0.7542
Step 1600: loss = 6.1634 (0.384 sec)
Training Data Eval:
  Num examples: 8960  Num correct: 8623  Precision @ 1: 0.9624  AUC @ 1: 0.9940
Validation Data Eval:
  Num examples: 960  Num correct: 771  Precision @ 1: 0.8031  AUC @ 1: 0.8739
Test Data Eval:
  Num examples: 1856  Num correct: 1298  Precision @ 1: 0.6994  AUC @ 1: 0.7479
Step 1700: loss = 5.5982 (0.384 sec)
Training Data Eval:
  Num examples: 8960  Num correct: 8615  Precision @ 1: 0.9615  AUC @ 1: 0.9940
Validation Data Eval:
  Num examples: 960  Num correct: 788  Precision @ 1: 0.8208  AUC @ 1: 0.8774
Test Data Eval:
  Num examples: 1856  Num correct: 1297  Precision @ 1: 0.6988  AUC @ 1: 0.7392
Step 1800: loss = 5.2453 (0.384 sec)
Training Data Eval:
  Num examples: 8960  Num correct: 8452  Precision @ 1: 0.9433  AUC @ 1: 0.9933
Validation Data Eval:
  Num examples: 960  Num correct: 780  Precision @ 1: 0.8125  AUC @ 1: 0.8723
Test Data Eval:
  Num examples: 1856  Num correct: 1336  Precision @ 1: 0.7198  AUC @ 1: 0.7518
Step 1900: loss = 4.8683 (0.388 sec)
Training Data Eval:
  Num examples: 8960  Num correct: 8646  Precision @ 1: 0.9650  AUC @ 1: 0.9947
Validation Data Eval:
  Num examples: 960  Num correct: 783  Precision @ 1: 0.8156  AUC @ 1: 0.8837
Test Data Eval:
  Num examples: 1856  Num correct: 1293  Precision @ 1: 0.6967  AUC @ 1: 0.7542
Step 2000: loss = 4.5577 (0.384 sec)
Training Data Eval:
  Num examples: 8960  Num correct: 8810  Precision @ 1: 0.9833  AUC @ 1: 0.9984
Validation Data Eval:
  Num examples: 960  Num correct: 768  Precision @ 1: 0.8000  AUC @ 1: 0.8699
Test Data Eval:
  Num examples: 1856  Num correct: 1297  Precision @ 1: 0.6988  AUC @ 1: 0.7473
Step 2100: loss = 4.1019 (0.427 sec)
Training Data Eval:
  Num examples: 8960  Num correct: 8795  Precision @ 1: 0.9816  AUC @ 1: 0.9982
Validation Data Eval:
  Num examples: 960  Num correct: 769  Precision @ 1: 0.8010  AUC @ 1: 0.8651
Test Data Eval:
  Num examples: 1856  Num correct: 1291  Precision @ 1: 0.6956  AUC @ 1: 0.7510
Step 2200: loss = 3.8347 (0.383 sec)
Training Data Eval:
  Num examples: 8960  Num correct: 8794  Precision @ 1: 0.9815  AUC @ 1: 0.9985
Validation Data Eval:
  Num examples: 960  Num correct: 785  Precision @ 1: 0.8177  AUC @ 1: 0.8798
Test Data Eval:
  Num examples: 1856  Num correct: 1292  Precision @ 1: 0.6961  AUC @ 1: 0.7551
Step 2300: loss = 3.5599 (0.385 sec)
Training Data Eval:
  Num examples: 8960  Num correct: 8823  Precision @ 1: 0.9847  AUC @ 1: 0.9992
Validation Data Eval:
  Num examples: 960  Num correct: 779  Precision @ 1: 0.8115  AUC @ 1: 0.8769
Test Data Eval:
  Num examples: 1856  Num correct: 1294  Precision @ 1: 0.6972  AUC @ 1: 0.7499
Step 2400: loss = 3.2690 (0.386 sec)
Training Data Eval:
  Num examples: 8960  Num correct: 8872  Precision @ 1: 0.9902  AUC @ 1: 0.9994
Validation Data Eval:
  Num examples: 960  Num correct: 774  Precision @ 1: 0.8063  AUC @ 1: 0.8810
Test Data Eval:
  Num examples: 1856  Num correct: 1311  Precision @ 1: 0.7064  AUC @ 1: 0.7652
Step 2500: loss = 3.1197 (0.384 sec)
Training Data Eval:
  Num examples: 8960  Num correct: 8854  Precision @ 1: 0.9882  AUC @ 1: 0.9996
Validation Data Eval:
  Num examples: 960  Num correct: 767  Precision @ 1: 0.7990  AUC @ 1: 0.8726
Test Data Eval:
  Num examples: 1856  Num correct: 1305  Precision @ 1: 0.7031  AUC @ 1: 0.7440
Step 2600: loss = 2.8216 (0.384 sec)
Training Data Eval:
  Num examples: 8960  Num correct: 8872  Precision @ 1: 0.9902  AUC @ 1: 0.9997
Validation Data Eval:
  Num examples: 960  Num correct: 757  Precision @ 1: 0.7885  AUC @ 1: 0.8765
Test Data Eval:
  Num examples: 1856  Num correct: 1304  Precision @ 1: 0.7026  AUC @ 1: 0.7486
Step 2700: loss = 2.6630 (0.385 sec)
Training Data Eval:
  Num examples: 8960  Num correct: 8894  Precision @ 1: 0.9926  AUC @ 1: 0.9998
Validation Data Eval:
  Num examples: 960  Num correct: 776  Precision @ 1: 0.8083  AUC @ 1: 0.8766
Test Data Eval:
  Num examples: 1856  Num correct: 1308  Precision @ 1: 0.7047  AUC @ 1: 0.7476
Step 2800: loss = 2.4769 (0.433 sec)
Training Data Eval:
  Num examples: 8960  Num correct: 8862  Precision @ 1: 0.9891  AUC @ 1: 0.9997
Validation Data Eval:
  Num examples: 960  Num correct: 766  Precision @ 1: 0.7979  AUC @ 1: 0.8687
Test Data Eval:
  Num examples: 1856  Num correct: 1308  Precision @ 1: 0.7047  AUC @ 1: 0.7407
Step 2900: loss = 2.3671 (0.383 sec)
Training Data Eval:
  Num examples: 8960  Num correct: 8864  Precision @ 1: 0.9893  AUC @ 1: 0.9996
Validation Data Eval:
  Num examples: 960  Num correct: 774  Precision @ 1: 0.8063  AUC @ 1: 0.8694
Test Data Eval:
  Num examples: 1856  Num correct: 1297  Precision @ 1: 0.6988  AUC @ 1: 0.7303
Step 3000: loss = 2.1387 (0.382 sec)
Training Data Eval:
  Num examples: 8960  Num correct: 8851  Precision @ 1: 0.9878  AUC @ 1: 0.9976
Validation Data Eval:
  Num examples: 960  Num correct: 766  Precision @ 1: 0.7979  AUC @ 1: 0.8806
Test Data Eval:
  Num examples: 1856  Num correct: 1279  Precision @ 1: 0.6891  AUC @ 1: 0.7346
Step 3100: loss = 2.0074 (0.384 sec)
Training Data Eval:
  Num examples: 8960  Num correct: 8899  Precision @ 1: 0.9932  AUC @ 1: 0.9998
Validation Data Eval:
  Num examples: 960  Num correct: 778  Precision @ 1: 0.8104  AUC @ 1: 0.8854
Test Data Eval:
  Num examples: 1856  Num correct: 1323  Precision @ 1: 0.7128  AUC @ 1: 0.7617
Step 3200: loss = 1.9100 (0.385 sec)
Training Data Eval:
  Num examples: 8960  Num correct: 8892  Precision @ 1: 0.9924  AUC @ 1: 0.9998
Validation Data Eval:
  Num examples: 960  Num correct: 754  Precision @ 1: 0.7854  AUC @ 1: 0.8737
Test Data Eval:
  Num examples: 1856  Num correct: 1242  Precision @ 1: 0.6692  AUC @ 1: 0.7512
Step 3300: loss = 1.7378 (0.385 sec)
Training Data Eval:
  Num examples: 8960  Num correct: 8930  Precision @ 1: 0.9967  AUC @ 1: 0.9999
Validation Data Eval:
  Num examples: 960  Num correct: 762  Precision @ 1: 0.7937  AUC @ 1: 0.8767
Test Data Eval:
  Num examples: 1856  Num correct: 1305  Precision @ 1: 0.7031  AUC @ 1: 0.7605
Step 3400: loss = 1.6015 (0.385 sec)
Training Data Eval:
  Num examples: 8960  Num correct: 8924  Precision @ 1: 0.9960  AUC @ 1: 0.9999
Validation Data Eval:
  Num examples: 960  Num correct: 780  Precision @ 1: 0.8125  AUC @ 1: 0.8791
Test Data Eval:
  Num examples: 1856  Num correct: 1308  Precision @ 1: 0.7047  AUC @ 1: 0.7594
Step 3500: loss = 1.5099 (0.430 sec)
Training Data Eval:
  Num examples: 8960  Num correct: 8913  Precision @ 1: 0.9948  AUC @ 1: 0.9999
Validation Data Eval:
  Num examples: 960  Num correct: 780  Precision @ 1: 0.8125  AUC @ 1: 0.8817
Test Data Eval:
  Num examples: 1856  Num correct: 1296  Precision @ 1: 0.6983  AUC @ 1: 0.7524
Step 3600: loss = 1.4929 (0.382 sec)
Training Data Eval:
  Num examples: 8960  Num correct: 8924  Precision @ 1: 0.9960  AUC @ 1: 0.9999
Validation Data Eval:
  Num examples: 960  Num correct: 777  Precision @ 1: 0.8094  AUC @ 1: 0.8842
Test Data Eval:
  Num examples: 1856  Num correct: 1301  Precision @ 1: 0.7010  AUC @ 1: 0.7451
Step 3700: loss = 1.3308 (0.385 sec)
Training Data Eval:
  Num examples: 8960  Num correct: 8933  Precision @ 1: 0.9970  AUC @ 1: 0.9999
Validation Data Eval:
  Num examples: 960  Num correct: 780  Precision @ 1: 0.8125  AUC @ 1: 0.8910
Test Data Eval:
  Num examples: 1856  Num correct: 1297  Precision @ 1: 0.6988  AUC @ 1: 0.7588
Step 3800: loss = 1.3398 (0.388 sec)
Training Data Eval:
  Num examples: 8960  Num correct: 8930  Precision @ 1: 0.9967  AUC @ 1: 0.9999
Validation Data Eval:
  Num examples: 960  Num correct: 779  Precision @ 1: 0.8115  AUC @ 1: 0.8775
Test Data Eval:
  Num examples: 1856  Num correct: 1295  Precision @ 1: 0.6977  AUC @ 1: 0.7491
Step 3900: loss = 1.1699 (0.385 sec)
Training Data Eval:
  Num examples: 8960  Num correct: 8940  Precision @ 1: 0.9978  AUC @ 1: 0.9998
Validation Data Eval:
  Num examples: 960  Num correct: 759  Precision @ 1: 0.7906  AUC @ 1: 0.8784
Test Data Eval:
  Num examples: 1856  Num correct: 1283  Precision @ 1: 0.6913  AUC @ 1: 0.7447
Step 4000: loss = 1.1876 (0.383 sec)
Training Data Eval:
  Num examples: 8960  Num correct: 8900  Precision @ 1: 0.9933  AUC @ 1: 0.9999
Validation Data Eval:
  Num examples: 960  Num correct: 747  Precision @ 1: 0.7781  AUC @ 1: 0.8708
Test Data Eval:
  Num examples: 1856  Num correct: 1245  Precision @ 1: 0.6708  AUC @ 1: 0.7457
Step 4100: loss = 1.1609 (0.386 sec)
Training Data Eval:
  Num examples: 8960  Num correct: 8937  Precision @ 1: 0.9974  AUC @ 1: 1.0000
Validation Data Eval:
  Num examples: 960  Num correct: 790  Precision @ 1: 0.8229  AUC @ 1: 0.8820
Test Data Eval:
  Num examples: 1856  Num correct: 1315  Precision @ 1: 0.7085  AUC @ 1: 0.7551
Step 4200: loss = 0.9922 (0.428 sec)
Training Data Eval:
  Num examples: 8960  Num correct: 8925  Precision @ 1: 0.9961  AUC @ 1: 1.0000
Validation Data Eval:
  Num examples: 960  Num correct: 773  Precision @ 1: 0.8052  AUC @ 1: 0.8775
Test Data Eval:
  Num examples: 1856  Num correct: 1335  Precision @ 1: 0.7193  AUC @ 1: 0.7676
Step 4300: loss = 0.9263 (0.385 sec)
Training Data Eval:
  Num examples: 8960  Num correct: 8935  Precision @ 1: 0.9972  AUC @ 1: 0.9999
Validation Data Eval:
  Num examples: 960  Num correct: 776  Precision @ 1: 0.8083  AUC @ 1: 0.8843
Test Data Eval:
  Num examples: 1856  Num correct: 1291  Precision @ 1: 0.6956  AUC @ 1: 0.7584
Step 4400: loss = 0.8634 (0.383 sec)
Training Data Eval:
  Num examples: 8960  Num correct: 8933  Precision @ 1: 0.9970  AUC @ 1: 0.9999
Validation Data Eval:
  Num examples: 960  Num correct: 764  Precision @ 1: 0.7958  AUC @ 1: 0.8737
Test Data Eval:
  Num examples: 1856  Num correct: 1313  Precision @ 1: 0.7074  AUC @ 1: 0.7406
Step 4500: loss = 0.8408 (0.383 sec)
Training Data Eval:
  Num examples: 8960  Num correct: 8940  Precision @ 1: 0.9978  AUC @ 1: 0.9999
Validation Data Eval:
  Num examples: 960  Num correct: 778  Precision @ 1: 0.8104  AUC @ 1: 0.8815
Test Data Eval:
  Num examples: 1856  Num correct: 1320  Precision @ 1: 0.7112  AUC @ 1: 0.7510
Step 4600: loss = 0.8222 (0.384 sec)
Training Data Eval:
  Num examples: 8960  Num correct: 8941  Precision @ 1: 0.9979  AUC @ 1: 1.0000
Validation Data Eval:
  Num examples: 960  Num correct: 772  Precision @ 1: 0.8042  AUC @ 1: 0.8706
Test Data Eval:
  Num examples: 1856  Num correct: 1314  Precision @ 1: 0.7080  AUC @ 1: 0.7528
Step 4700: loss = 0.8227 (0.381 sec)
Training Data Eval:
  Num examples: 8960  Num correct: 8933  Precision @ 1: 0.9970  AUC @ 1: 1.0000
Validation Data Eval:
  Num examples: 960  Num correct: 789  Precision @ 1: 0.8219  AUC @ 1: 0.8770
Test Data Eval:
  Num examples: 1856  Num correct: 1314  Precision @ 1: 0.7080  AUC @ 1: 0.7485
Step 4800: loss = 0.7268 (0.383 sec)
Training Data Eval:
  Num examples: 8960  Num correct: 8944  Precision @ 1: 0.9982  AUC @ 1: 1.0000
Validation Data Eval:
  Num examples: 960  Num correct: 783  Precision @ 1: 0.8156  AUC @ 1: 0.8829
Test Data Eval:
  Num examples: 1856  Num correct: 1313  Precision @ 1: 0.7074  AUC @ 1: 0.7449
Step 4900: loss = 0.6752 (0.463 sec)
Training Data Eval:
  Num examples: 8960  Num correct: 8914  Precision @ 1: 0.9949  AUC @ 1: 1.0000
Validation Data Eval:
  Num examples: 960  Num correct: 757  Precision @ 1: 0.7885  AUC @ 1: 0.8768
Test Data Eval:
  Num examples: 1856  Num correct: 1263  Precision @ 1: 0.6805  AUC @ 1: 0.7486
Step 5000: loss = 0.6645 (0.383 sec)
Training Data Eval:
  Num examples: 8960  Num correct: 8942  Precision @ 1: 0.9980  AUC @ 1: 1.0000
Validation Data Eval:
  Num examples: 960  Num correct: 773  Precision @ 1: 0.8052  AUC @ 1: 0.8759
Test Data Eval:
  Num examples: 1856  Num correct: 1307  Precision @ 1: 0.7042  AUC @ 1: 0.7562
Step 5100: loss = 0.6401 (0.385 sec)
Training Data Eval:
  Num examples: 8960  Num correct: 8942  Precision @ 1: 0.9980  AUC @ 1: 1.0000
Validation Data Eval:
  Num examples: 960  Num correct: 779  Precision @ 1: 0.8115  AUC @ 1: 0.8796
Test Data Eval:
  Num examples: 1856  Num correct: 1338  Precision @ 1: 0.7209  AUC @ 1: 0.7609
Step 5200: loss = 0.6281 (0.386 sec)
Training Data Eval:
  Num examples: 8960  Num correct: 8941  Precision @ 1: 0.9979  AUC @ 1: 1.0000
Validation Data Eval:
  Num examples: 960  Num correct: 781  Precision @ 1: 0.8135  AUC @ 1: 0.8823
Test Data Eval:
  Num examples: 1856  Num correct: 1309  Precision @ 1: 0.7053  AUC @ 1: 0.7611
Step 5300: loss = 0.5778 (0.379 sec)
Training Data Eval:
  Num examples: 8960  Num correct: 8951  Precision @ 1: 0.9990  AUC @ 1: 1.0000
Validation Data Eval:
  Num examples: 960  Num correct: 775  Precision @ 1: 0.8073  AUC @ 1: 0.8774
Test Data Eval:
  Num examples: 1856  Num correct: 1329  Precision @ 1: 0.7161  AUC @ 1: 0.7611
Step 5400: loss = 0.5610 (0.384 sec)
Training Data Eval:
  Num examples: 8960  Num correct: 8953  Precision @ 1: 0.9992  AUC @ 1: 1.0000
Validation Data Eval:
  Num examples: 960  Num correct: 786  Precision @ 1: 0.8187  AUC @ 1: 0.8736
Test Data Eval:
  Num examples: 1856  Num correct: 1304  Precision @ 1: 0.7026  AUC @ 1: 0.7580
Step 5500: loss = 0.5277 (0.384 sec)
Training Data Eval:
  Num examples: 8960  Num correct: 8948  Precision @ 1: 0.9987  AUC @ 1: 1.0000
Validation Data Eval:
  Num examples: 960  Num correct: 774  Precision @ 1: 0.8063  AUC @ 1: 0.8739
Test Data Eval:
  Num examples: 1856  Num correct: 1310  Precision @ 1: 0.7058  AUC @ 1: 0.7586
Step 5600: loss = 0.4980 (0.428 sec)
Training Data Eval:
  Num examples: 8960  Num correct: 8959  Precision @ 1: 0.9999  AUC @ 1: 1.0000
Validation Data Eval:
  Num examples: 960  Num correct: 784  Precision @ 1: 0.8167  AUC @ 1: 0.8787
Test Data Eval:
  Num examples: 1856  Num correct: 1308  Precision @ 1: 0.7047  AUC @ 1: 0.7565
Step 5700: loss = 0.4831 (0.383 sec)
Training Data Eval:
  Num examples: 8960  Num correct: 8945  Precision @ 1: 0.9983  AUC @ 1: 1.0000
Validation Data Eval:
  Num examples: 960  Num correct: 772  Precision @ 1: 0.8042  AUC @ 1: 0.8702
Test Data Eval:
  Num examples: 1856  Num correct: 1311  Precision @ 1: 0.7064  AUC @ 1: 0.7629
Step 5800: loss = 0.4586 (0.383 sec)
Training Data Eval:
  Num examples: 8960  Num correct: 8946  Precision @ 1: 0.9984  AUC @ 1: 0.9997
Validation Data Eval:
  Num examples: 960  Num correct: 772  Precision @ 1: 0.8042  AUC @ 1: 0.8734
Test Data Eval:
  Num examples: 1856  Num correct: 1303  Precision @ 1: 0.7020  AUC @ 1: 0.7671
Step 5900: loss = 0.4535 (0.383 sec)
Training Data Eval:
  Num examples: 8960  Num correct: 8953  Precision @ 1: 0.9992  AUC @ 1: 1.0000
Validation Data Eval:
  Num examples: 960  Num correct: 771  Precision @ 1: 0.8031  AUC @ 1: 0.8809
Test Data Eval:
  Num examples: 1856  Num correct: 1294  Precision @ 1: 0.6972  AUC @ 1: 0.7656
Step 6000: loss = 0.4921 (0.382 sec)
Training Data Eval:
  Num examples: 8960  Num correct: 8944  Precision @ 1: 0.9982  AUC @ 1: 1.0000
Validation Data Eval:
  Num examples: 960  Num correct: 775  Precision @ 1: 0.8073  AUC @ 1: 0.8748
Test Data Eval:
  Num examples: 1856  Num correct: 1303  Precision @ 1: 0.7020  AUC @ 1: 0.7624
Step 6100: loss = 0.4264 (0.384 sec)
Training Data Eval:
  Num examples: 8960  Num correct: 8945  Precision @ 1: 0.9983  AUC @ 1: 1.0000
Validation Data Eval:
  Num examples: 960  Num correct: 777  Precision @ 1: 0.8094  AUC @ 1: 0.8721
Test Data Eval:
  Num examples: 1856  Num correct: 1317  Precision @ 1: 0.7096  AUC @ 1: 0.7532
Step 6200: loss = 0.4072 (0.385 sec)
Training Data Eval:
  Num examples: 8960  Num correct: 8955  Precision @ 1: 0.9994  AUC @ 1: 1.0000
Validation Data Eval:
  Num examples: 960  Num correct: 768  Precision @ 1: 0.8000  AUC @ 1: 0.8753
Test Data Eval:
  Num examples: 1856  Num correct: 1314  Precision @ 1: 0.7080  AUC @ 1: 0.7523
Step 6300: loss = 0.4455 (0.429 sec)
Training Data Eval:
  Num examples: 8960  Num correct: 8955  Precision @ 1: 0.9994  AUC @ 1: 1.0000
Validation Data Eval:
  Num examples: 960  Num correct: 762  Precision @ 1: 0.7937  AUC @ 1: 0.8762
Test Data Eval:
  Num examples: 1856  Num correct: 1281  Precision @ 1: 0.6902  AUC @ 1: 0.7572
Step 6400: loss = 0.4037 (0.385 sec)
Training Data Eval:
  Num examples: 8960  Num correct: 8944  Precision @ 1: 0.9982  AUC @ 1: 1.0000
Validation Data Eval:
  Num examples: 960  Num correct: 763  Precision @ 1: 0.7948  AUC @ 1: 0.8705
Test Data Eval:
  Num examples: 1856  Num correct: 1301  Precision @ 1: 0.7010  AUC @ 1: 0.7487
Step 6500: loss = 0.5298 (0.383 sec)
Training Data Eval:
  Num examples: 8960  Num correct: 8941  Precision @ 1: 0.9979  AUC @ 1: 1.0000
Validation Data Eval:
  Num examples: 960  Num correct: 778  Precision @ 1: 0.8104  AUC @ 1: 0.8698
Test Data Eval:
  Num examples: 1856  Num correct: 1312  Precision @ 1: 0.7069  AUC @ 1: 0.7592
Step 6600: loss = 0.3839 (0.384 sec)
Training Data Eval:
  Num examples: 8960  Num correct: 8939  Precision @ 1: 0.9977  AUC @ 1: 1.0000
Validation Data Eval:
  Num examples: 960  Num correct: 769  Precision @ 1: 0.8010  AUC @ 1: 0.8764
Test Data Eval:
  Num examples: 1856  Num correct: 1284  Precision @ 1: 0.6918  AUC @ 1: 0.7549
Step 6700: loss = 0.3956 (0.386 sec)
Training Data Eval:
  Num examples: 8960  Num correct: 8960  Precision @ 1: 1.0000  AUC @ 1: 1.0000
Validation Data Eval:
  Num examples: 960  Num correct: 764  Precision @ 1: 0.7958  AUC @ 1: 0.8644
Test Data Eval:
  Num examples: 1856  Num correct: 1300  Precision @ 1: 0.7004  AUC @ 1: 0.7527
Step 6800: loss = 0.4358 (0.386 sec)
Training Data Eval:
  Num examples: 8960  Num correct: 8940  Precision @ 1: 0.9978  AUC @ 1: 1.0000
Validation Data Eval:
  Num examples: 960  Num correct: 769  Precision @ 1: 0.8010  AUC @ 1: 0.8746
Test Data Eval:
  Num examples: 1856  Num correct: 1298  Precision @ 1: 0.6994  AUC @ 1: 0.7526
Step 6900: loss = 0.4173 (0.383 sec)
Training Data Eval:
  Num examples: 8960  Num correct: 8942  Precision @ 1: 0.9980  AUC @ 1: 1.0000
Validation Data Eval:
  Num examples: 960  Num correct: 768  Precision @ 1: 0.8000  AUC @ 1: 0.8720
Test Data Eval:
  Num examples: 1856  Num correct: 1277  Precision @ 1: 0.6880  AUC @ 1: 0.7390
Step 7000: loss = 0.3743 (0.429 sec)
Training Data Eval:
  Num examples: 8960  Num correct: 8947  Precision @ 1: 0.9985  AUC @ 1: 0.9999
Validation Data Eval:
  Num examples: 960  Num correct: 781  Precision @ 1: 0.8135  AUC @ 1: 0.8778
Test Data Eval:
  Num examples: 1856  Num correct: 1324  Precision @ 1: 0.7134  AUC @ 1: 0.7621
Step 7100: loss = 0.4210 (0.384 sec)
Training Data Eval:
  Num examples: 8960  Num correct: 8937  Precision @ 1: 0.9974  AUC @ 1: 0.9999
Validation Data Eval:
  Num examples: 960  Num correct: 770  Precision @ 1: 0.8021  AUC @ 1: 0.8770
Test Data Eval:
  Num examples: 1856  Num correct: 1300  Precision @ 1: 0.7004  AUC @ 1: 0.7495
Step 7200: loss = 0.3554 (0.384 sec)
Training Data Eval:
  Num examples: 8960  Num correct: 8936  Precision @ 1: 0.9973  AUC @ 1: 0.9999
Validation Data Eval:
  Num examples: 960  Num correct: 777  Precision @ 1: 0.8094  AUC @ 1: 0.8694
Test Data Eval:
  Num examples: 1856  Num correct: 1305  Precision @ 1: 0.7031  AUC @ 1: 0.7538
Step 7300: loss = 0.3902 (0.380 sec)
Training Data Eval:
  Num examples: 8960  Num correct: 8949  Precision @ 1: 0.9988  AUC @ 1: 1.0000
Validation Data Eval:
  Num examples: 960  Num correct: 770  Precision @ 1: 0.8021  AUC @ 1: 0.8716
Test Data Eval:
  Num examples: 1856  Num correct: 1277  Precision @ 1: 0.6880  AUC @ 1: 0.7450
Step 7400: loss = 0.3543 (0.384 sec)
Training Data Eval:
  Num examples: 8960  Num correct: 8954  Precision @ 1: 0.9993  AUC @ 1: 1.0000
Validation Data Eval:
  Num examples: 960  Num correct: 771  Precision @ 1: 0.8031  AUC @ 1: 0.8710
Test Data Eval:
  Num examples: 1856  Num correct: 1299  Precision @ 1: 0.6999  AUC @ 1: 0.7443
Step 7500: loss = 0.3478 (0.385 sec)
Training Data Eval:
  Num examples: 8960  Num correct: 8954  Precision @ 1: 0.9993  AUC @ 1: 1.0000
Validation Data Eval:
  Num examples: 960  Num correct: 778  Precision @ 1: 0.8104  AUC @ 1: 0.8817
Test Data Eval:
  Num examples: 1856  Num correct: 1306  Precision @ 1: 0.7037  AUC @ 1: 0.7462
Step 7600: loss = 0.3743 (0.387 sec)
Training Data Eval:
  Num examples: 8960  Num correct: 8956  Precision @ 1: 0.9996  AUC @ 1: 1.0000
Validation Data Eval:
  Num examples: 960  Num correct: 770  Precision @ 1: 0.8021  AUC @ 1: 0.8722
Test Data Eval:
  Num examples: 1856  Num correct: 1262  Precision @ 1: 0.6800  AUC @ 1: 0.7398
Step 7700: loss = 0.3211 (0.428 sec)
Training Data Eval:
  Num examples: 8960  Num correct: 8958  Precision @ 1: 0.9998  AUC @ 1: 1.0000
Validation Data Eval:
  Num examples: 960  Num correct: 761  Precision @ 1: 0.7927  AUC @ 1: 0.8802
Test Data Eval:
  Num examples: 1856  Num correct: 1269  Precision @ 1: 0.6837  AUC @ 1: 0.7515
Step 7800: loss = 0.3950 (0.383 sec)
Training Data Eval:
  Num examples: 8960  Num correct: 8954  Precision @ 1: 0.9993  AUC @ 1: 1.0000
Validation Data Eval:
  Num examples: 960  Num correct: 786  Precision @ 1: 0.8187  AUC @ 1: 0.8816
Test Data Eval:
  Num examples: 1856  Num correct: 1308  Precision @ 1: 0.7047  AUC @ 1: 0.7484
Step 7900: loss = 0.3206 (0.383 sec)
Training Data Eval:
  Num examples: 8960  Num correct: 8958  Precision @ 1: 0.9998  AUC @ 1: 1.0000
Validation Data Eval:
  Num examples: 960  Num correct: 788  Precision @ 1: 0.8208  AUC @ 1: 0.8780
Test Data Eval:
  Num examples: 1856  Num correct: 1304  Precision @ 1: 0.7026  AUC @ 1: 0.7525
Step 8000: loss = 0.3161 (0.383 sec)
Training Data Eval:
  Num examples: 8960  Num correct: 8958  Precision @ 1: 0.9998  AUC @ 1: 1.0000
Validation Data Eval:
  Num examples: 960  Num correct: 777  Precision @ 1: 0.8094  AUC @ 1: 0.8762
Test Data Eval:
  Num examples: 1856  Num correct: 1320  Precision @ 1: 0.7112  AUC @ 1: 0.7536
Step 8100: loss = 0.3628 (0.384 sec)
Training Data Eval:
  Num examples: 8960  Num correct: 8947  Precision @ 1: 0.9985  AUC @ 1: 0.9998
Validation Data Eval:
  Num examples: 960  Num correct: 772  Precision @ 1: 0.8042  AUC @ 1: 0.8746
Test Data Eval:
  Num examples: 1856  Num correct: 1298  Precision @ 1: 0.6994  AUC @ 1: 0.7552
Step 8200: loss = 0.3155 (0.383 sec)
Training Data Eval:
  Num examples: 8960  Num correct: 8953  Precision @ 1: 0.9992  AUC @ 1: 1.0000
Validation Data Eval:
  Num examples: 960  Num correct: 766  Precision @ 1: 0.7979  AUC @ 1: 0.8716
Test Data Eval:
  Num examples: 1856  Num correct: 1324  Precision @ 1: 0.7134  AUC @ 1: 0.7476
Step 8300: loss = 0.3573 (0.384 sec)
Training Data Eval:
  Num examples: 8960  Num correct: 8958  Precision @ 1: 0.9998  AUC @ 1: 1.0000
Validation Data Eval:
  Num examples: 960  Num correct: 776  Precision @ 1: 0.8083  AUC @ 1: 0.8742
Test Data Eval:
  Num examples: 1856  Num correct: 1302  Precision @ 1: 0.7015  AUC @ 1: 0.7556
Step 8400: loss = 0.3141 (0.431 sec)
Training Data Eval:
  Num examples: 8960  Num correct: 8953  Precision @ 1: 0.9992  AUC @ 1: 1.0000
Validation Data Eval:
  Num examples: 960  Num correct: 766  Precision @ 1: 0.7979  AUC @ 1: 0.8721
Test Data Eval:
  Num examples: 1856  Num correct: 1312  Precision @ 1: 0.7069  AUC @ 1: 0.7480
Step 8500: loss = 0.2996 (0.386 sec)
Training Data Eval:
  Num examples: 8960  Num correct: 8953  Precision @ 1: 0.9992  AUC @ 1: 1.0000
Validation Data Eval:
  Num examples: 960  Num correct: 771  Precision @ 1: 0.8031  AUC @ 1: 0.8730
Test Data Eval:
  Num examples: 1856  Num correct: 1322  Precision @ 1: 0.7123  AUC @ 1: 0.7574
Step 8600: loss = 0.3015 (0.384 sec)
Training Data Eval:
  Num examples: 8960  Num correct: 8960  Precision @ 1: 1.0000  AUC @ 1: 1.0000
Validation Data Eval:
  Num examples: 960  Num correct: 778  Precision @ 1: 0.8104  AUC @ 1: 0.8809
Test Data Eval:
  Num examples: 1856  Num correct: 1320  Precision @ 1: 0.7112  AUC @ 1: 0.7652
Step 8700: loss = 0.2990 (0.383 sec)
Training Data Eval:
  Num examples: 8960  Num correct: 8953  Precision @ 1: 0.9992  AUC @ 1: 1.0000
Validation Data Eval:
  Num examples: 960  Num correct: 759  Precision @ 1: 0.7906  AUC @ 1: 0.8746
Test Data Eval:
  Num examples: 1856  Num correct: 1304  Precision @ 1: 0.7026  AUC @ 1: 0.7454
Step 8800: loss = 0.3431 (0.383 sec)
Training Data Eval:
  Num examples: 8960  Num correct: 8946  Precision @ 1: 0.9984  AUC @ 1: 0.9998
Validation Data Eval:
  Num examples: 960  Num correct: 765  Precision @ 1: 0.7969  AUC @ 1: 0.8758
Test Data Eval:
  Num examples: 1856  Num correct: 1295  Precision @ 1: 0.6977  AUC @ 1: 0.7555
Step 8900: loss = 0.5079 (0.381 sec)
Training Data Eval:
  Num examples: 8960  Num correct: 8947  Precision @ 1: 0.9985  AUC @ 1: 1.0000
Validation Data Eval:
  Num examples: 960  Num correct: 773  Precision @ 1: 0.8052  AUC @ 1: 0.8770
Test Data Eval:
  Num examples: 1856  Num correct: 1304  Precision @ 1: 0.7026  AUC @ 1: 0.7548
Step 9000: loss = 0.3574 (0.385 sec)
Training Data Eval:
  Num examples: 8960  Num correct: 8960  Precision @ 1: 1.0000  AUC @ 1: 1.0000
Validation Data Eval:
  Num examples: 960  Num correct: 765  Precision @ 1: 0.7969  AUC @ 1: 0.8696
Test Data Eval:
  Num examples: 1856  Num correct: 1298  Precision @ 1: 0.6994  AUC @ 1: 0.7603
Step 9100: loss = 0.2789 (0.431 sec)
Training Data Eval:
  Num examples: 8960  Num correct: 8957  Precision @ 1: 0.9997  AUC @ 1: 1.0000
Validation Data Eval:
  Num examples: 960  Num correct: 773  Precision @ 1: 0.8052  AUC @ 1: 0.8723
Test Data Eval:
  Num examples: 1856  Num correct: 1317  Precision @ 1: 0.7096  AUC @ 1: 0.7614
Step 9200: loss = 0.3219 (0.383 sec)
Training Data Eval:
  Num examples: 8960  Num correct: 8953  Precision @ 1: 0.9992  AUC @ 1: 1.0000
Validation Data Eval:
  Num examples: 960  Num correct: 759  Precision @ 1: 0.7906  AUC @ 1: 0.8632
Test Data Eval:
  Num examples: 1856  Num correct: 1264  Precision @ 1: 0.6810  AUC @ 1: 0.7469
Step 9300: loss = 0.3239 (0.384 sec)
Training Data Eval:
  Num examples: 8960  Num correct: 8948  Precision @ 1: 0.9987  AUC @ 1: 1.0000
Validation Data Eval:
  Num examples: 960  Num correct: 750  Precision @ 1: 0.7812  AUC @ 1: 0.8729
Test Data Eval:
  Num examples: 1856  Num correct: 1272  Precision @ 1: 0.6853  AUC @ 1: 0.7560
Step 9400: loss = 0.3308 (0.384 sec)
Training Data Eval:
  Num examples: 8960  Num correct: 8957  Precision @ 1: 0.9997  AUC @ 1: 1.0000
Validation Data Eval:
  Num examples: 960  Num correct: 774  Precision @ 1: 0.8063  AUC @ 1: 0.8701
Test Data Eval:
  Num examples: 1856  Num correct: 1327  Precision @ 1: 0.7150  AUC @ 1: 0.7644
Step 9500: loss = 0.3309 (0.383 sec)
Training Data Eval:
  Num examples: 8960  Num correct: 8958  Precision @ 1: 0.9998  AUC @ 1: 1.0000
Validation Data Eval:
  Num examples: 960  Num correct: 763  Precision @ 1: 0.7948  AUC @ 1: 0.8622
Test Data Eval:
  Num examples: 1856  Num correct: 1271  Precision @ 1: 0.6848  AUC @ 1: 0.7472
Step 9600: loss = 0.3336 (0.382 sec)
Training Data Eval:
  Num examples: 8960  Num correct: 8954  Precision @ 1: 0.9993  AUC @ 1: 1.0000
Validation Data Eval:
  Num examples: 960  Num correct: 770  Precision @ 1: 0.8021  AUC @ 1: 0.8685
Test Data Eval:
  Num examples: 1856  Num correct: 1280  Precision @ 1: 0.6897  AUC @ 1: 0.7462
Step 9700: loss = 0.3083 (0.383 sec)
Training Data Eval:
  Num examples: 8960  Num correct: 8898  Precision @ 1: 0.9931  AUC @ 1: 0.9998
Validation Data Eval:
  Num examples: 960  Num correct: 772  Precision @ 1: 0.8042  AUC @ 1: 0.8637
Test Data Eval:
  Num examples: 1856  Num correct: 1283  Precision @ 1: 0.6913  AUC @ 1: 0.7364
Step 9800: loss = 0.4223 (0.426 sec)
Training Data Eval:
  Num examples: 8960  Num correct: 8922  Precision @ 1: 0.9958  AUC @ 1: 0.9996
Validation Data Eval:
  Num examples: 960  Num correct: 776  Precision @ 1: 0.8083  AUC @ 1: 0.8704
Test Data Eval:
  Num examples: 1856  Num correct: 1286  Precision @ 1: 0.6929  AUC @ 1: 0.7266
Step 9900: loss = 0.5222 (0.383 sec)
Training Data Eval:
  Num examples: 8960  Num correct: 8908  Precision @ 1: 0.9942  AUC @ 1: 0.9999
Validation Data Eval:
  Num examples: 960  Num correct: 771  Precision @ 1: 0.8031  AUC @ 1: 0.8756
Test Data Eval:
  Num examples: 1856  Num correct: 1256  Precision @ 1: 0.6767  AUC @ 1: 0.7478
