Training data shape: 	(10000, 64, 64, 1)
Training label shape:	(10000,)
Testing data shape:  	(1910, 64, 64, 1)
Testing label shape: 	(1910,)
max input value is: 153.458
min input value is: -104.189
random permuted training data
==============================================================================
Model: 			inference_roicnn
Tensor Name: 	Placeholder:0
[64, 64, 64, 1]
==============================================================================
Tensor Name: concat_64:0
[64, 320, 64, 1]
==============================================================================
Tensor Name: concat_129:0
[64, 320, 320, 1]
==============================================================================
Tensor Name: conv0/conv0:0
[64, 64, 64, 16]
==============================================================================
Tensor Name: concat_194:0
[64, 320, 64, 16]
==============================================================================
Tensor Name: concat_259:0
[64, 320, 320, 16]
==============================================================================
Tensor Name: conv1/conv1:0
[64, 64, 64, 8]
==============================================================================
Tensor Name: local1/local1:0
[64, 128]
==============================================================================
Tensor Name: local2/local2:0
[64, 128]
==============================================================================
Tensor Name: softmax_linear/softmax_linear:0
[64, 2]
Step 0: loss = 11.1209 (0.799 sec)
Training Data Eval:
  Num examples: 8960  Num correct: 4973  Precision @ 1: 0.5550  AUC @ 1: 0.7289
Validation Data Eval:
  Num examples: 960  Num correct: 551  Precision @ 1: 0.5740  AUC @ 1: 0.6938
Test Data Eval:
  Num examples: 1856  Num correct: 1063  Precision @ 1: 0.5727  AUC @ 1: 0.6831
Step 100: loss = 10.2867 (0.254 sec)
Training Data Eval:
  Num examples: 8960  Num correct: 6434  Precision @ 1: 0.7181  AUC @ 1: 0.7921
Validation Data Eval:
  Num examples: 960  Num correct: 693  Precision @ 1: 0.7219  AUC @ 1: 0.7861
Test Data Eval:
  Num examples: 1856  Num correct: 1247  Precision @ 1: 0.6719  AUC @ 1: 0.7291
Step 200: loss = 9.5013 (0.253 sec)
Training Data Eval:
  Num examples: 8960  Num correct: 7029  Precision @ 1: 0.7845  AUC @ 1: 0.8330
Validation Data Eval:
  Num examples: 960  Num correct: 738  Precision @ 1: 0.7688  AUC @ 1: 0.8153
Test Data Eval:
  Num examples: 1856  Num correct: 1325  Precision @ 1: 0.7139  AUC @ 1: 0.7578
Step 300: loss = 8.6073 (0.254 sec)
Training Data Eval:
  Num examples: 8960  Num correct: 6980  Precision @ 1: 0.7790  AUC @ 1: 0.8495
Validation Data Eval:
  Num examples: 960  Num correct: 728  Precision @ 1: 0.7583  AUC @ 1: 0.8265
Test Data Eval:
  Num examples: 1856  Num correct: 1305  Precision @ 1: 0.7031  AUC @ 1: 0.7670
Step 400: loss = 8.1010 (0.257 sec)
Training Data Eval:
  Num examples: 8960  Num correct: 7181  Precision @ 1: 0.8015  AUC @ 1: 0.8711
Validation Data Eval:
  Num examples: 960  Num correct: 758  Precision @ 1: 0.7896  AUC @ 1: 0.8535
Test Data Eval:
  Num examples: 1856  Num correct: 1342  Precision @ 1: 0.7231  AUC @ 1: 0.7759
Step 500: loss = 7.5184 (0.255 sec)
Training Data Eval:
  Num examples: 8960  Num correct: 7304  Precision @ 1: 0.8152  AUC @ 1: 0.8817
Validation Data Eval:
  Num examples: 960  Num correct: 764  Precision @ 1: 0.7958  AUC @ 1: 0.8599
Test Data Eval:
  Num examples: 1856  Num correct: 1355  Precision @ 1: 0.7301  AUC @ 1: 0.7859
Step 600: loss = 6.9045 (0.255 sec)
Training Data Eval:
  Num examples: 8960  Num correct: 7266  Precision @ 1: 0.8109  AUC @ 1: 0.8975
Validation Data Eval:
  Num examples: 960  Num correct: 764  Precision @ 1: 0.7958  AUC @ 1: 0.8650
Test Data Eval:
  Num examples: 1856  Num correct: 1365  Precision @ 1: 0.7355  AUC @ 1: 0.7862
Step 700: loss = 6.3749 (0.305 sec)
Training Data Eval:
  Num examples: 8960  Num correct: 7511  Precision @ 1: 0.8383  AUC @ 1: 0.9061
Validation Data Eval:
  Num examples: 960  Num correct: 759  Precision @ 1: 0.7906  AUC @ 1: 0.8654
Test Data Eval:
  Num examples: 1856  Num correct: 1360  Precision @ 1: 0.7328  AUC @ 1: 0.7772
Step 800: loss = 5.9354 (0.258 sec)
Training Data Eval:
  Num examples: 8960  Num correct: 7610  Precision @ 1: 0.8493  AUC @ 1: 0.9151
Validation Data Eval:
  Num examples: 960  Num correct: 775  Precision @ 1: 0.8073  AUC @ 1: 0.8695
Test Data Eval:
  Num examples: 1856  Num correct: 1340  Precision @ 1: 0.7220  AUC @ 1: 0.7791
Step 900: loss = 5.5814 (0.257 sec)
Training Data Eval:
  Num examples: 8960  Num correct: 7673  Precision @ 1: 0.8564  AUC @ 1: 0.9263
Validation Data Eval:
  Num examples: 960  Num correct: 788  Precision @ 1: 0.8208  AUC @ 1: 0.8855
Test Data Eval:
  Num examples: 1856  Num correct: 1345  Precision @ 1: 0.7247  AUC @ 1: 0.7772
Step 1000: loss = 5.2012 (0.258 sec)
Training Data Eval:
  Num examples: 8960  Num correct: 7608  Precision @ 1: 0.8491  AUC @ 1: 0.9385
Validation Data Eval:
  Num examples: 960  Num correct: 776  Precision @ 1: 0.8083  AUC @ 1: 0.8816
Test Data Eval:
  Num examples: 1856  Num correct: 1349  Precision @ 1: 0.7268  AUC @ 1: 0.7694
Step 1100: loss = 4.6051 (0.257 sec)
Training Data Eval:
  Num examples: 8960  Num correct: 7787  Precision @ 1: 0.8691  AUC @ 1: 0.9409
Validation Data Eval:
  Num examples: 960  Num correct: 739  Precision @ 1: 0.7698  AUC @ 1: 0.8591
Test Data Eval:
  Num examples: 1856  Num correct: 1337  Precision @ 1: 0.7204  AUC @ 1: 0.7753
Step 1200: loss = 4.3348 (0.255 sec)
Training Data Eval:
  Num examples: 8960  Num correct: 7928  Precision @ 1: 0.8848  AUC @ 1: 0.9542
Validation Data Eval:
  Num examples: 960  Num correct: 769  Precision @ 1: 0.8010  AUC @ 1: 0.8726
Test Data Eval:
  Num examples: 1856  Num correct: 1356  Precision @ 1: 0.7306  AUC @ 1: 0.7721
Step 1300: loss = 3.9705 (0.261 sec)
Training Data Eval:
  Num examples: 8960  Num correct: 8159  Precision @ 1: 0.9106  AUC @ 1: 0.9695
Validation Data Eval:
  Num examples: 960  Num correct: 774  Precision @ 1: 0.8063  AUC @ 1: 0.8771
Test Data Eval:
  Num examples: 1856  Num correct: 1360  Precision @ 1: 0.7328  AUC @ 1: 0.7714
Step 1400: loss = 3.7948 (0.303 sec)
Training Data Eval:
  Num examples: 8960  Num correct: 8085  Precision @ 1: 0.9023  AUC @ 1: 0.9660
Validation Data Eval:
  Num examples: 960  Num correct: 766  Precision @ 1: 0.7979  AUC @ 1: 0.8821
Test Data Eval:
  Num examples: 1856  Num correct: 1318  Precision @ 1: 0.7101  AUC @ 1: 0.7818
Step 1500: loss = 3.5715 (0.258 sec)
Training Data Eval:
  Num examples: 8960  Num correct: 8193  Precision @ 1: 0.9144  AUC @ 1: 0.9742
Validation Data Eval:
  Num examples: 960  Num correct: 776  Precision @ 1: 0.8083  AUC @ 1: 0.8792
Test Data Eval:
  Num examples: 1856  Num correct: 1359  Precision @ 1: 0.7322  AUC @ 1: 0.7711
Step 1600: loss = 3.2285 (0.255 sec)
Training Data Eval:
  Num examples: 8960  Num correct: 8403  Precision @ 1: 0.9378  AUC @ 1: 0.9848
Validation Data Eval:
  Num examples: 960  Num correct: 793  Precision @ 1: 0.8260  AUC @ 1: 0.8827
Test Data Eval:
  Num examples: 1856  Num correct: 1351  Precision @ 1: 0.7279  AUC @ 1: 0.7726
Step 1700: loss = 3.0019 (0.259 sec)
Training Data Eval:
  Num examples: 8960  Num correct: 8464  Precision @ 1: 0.9446  AUC @ 1: 0.9887
Validation Data Eval:
  Num examples: 960  Num correct: 784  Precision @ 1: 0.8167  AUC @ 1: 0.8736
Test Data Eval:
  Num examples: 1856  Num correct: 1348  Precision @ 1: 0.7263  AUC @ 1: 0.7690
Step 1800: loss = 2.7459 (0.261 sec)
Training Data Eval:
  Num examples: 8960  Num correct: 8387  Precision @ 1: 0.9360  AUC @ 1: 0.9899
Validation Data Eval:
  Num examples: 960  Num correct: 791  Precision @ 1: 0.8240  AUC @ 1: 0.8807
Test Data Eval:
  Num examples: 1856  Num correct: 1327  Precision @ 1: 0.7150  AUC @ 1: 0.7458
Step 1900: loss = 2.4952 (0.255 sec)
Training Data Eval:
  Num examples: 8960  Num correct: 8562  Precision @ 1: 0.9556  AUC @ 1: 0.9920
Validation Data Eval:
  Num examples: 960  Num correct: 788  Precision @ 1: 0.8208  AUC @ 1: 0.8770
Test Data Eval:
  Num examples: 1856  Num correct: 1329  Precision @ 1: 0.7161  AUC @ 1: 0.7513
Step 2000: loss = 2.3280 (0.259 sec)
Training Data Eval:
  Num examples: 8960  Num correct: 8754  Precision @ 1: 0.9770  AUC @ 1: 0.9975
Validation Data Eval:
  Num examples: 960  Num correct: 785  Precision @ 1: 0.8177  AUC @ 1: 0.8854
Test Data Eval:
  Num examples: 1856  Num correct: 1342  Precision @ 1: 0.7231  AUC @ 1: 0.7716
Step 2100: loss = 2.1985 (0.306 sec)
Training Data Eval:
  Num examples: 8960  Num correct: 8654  Precision @ 1: 0.9658  AUC @ 1: 0.9954
Validation Data Eval:
  Num examples: 960  Num correct: 769  Precision @ 1: 0.8010  AUC @ 1: 0.8760
Test Data Eval:
  Num examples: 1856  Num correct: 1346  Precision @ 1: 0.7252  AUC @ 1: 0.7770
Step 2200: loss = 2.0941 (0.255 sec)
Training Data Eval:
  Num examples: 8960  Num correct: 8691  Precision @ 1: 0.9700  AUC @ 1: 0.9974
Validation Data Eval:
  Num examples: 960  Num correct: 789  Precision @ 1: 0.8219  AUC @ 1: 0.8730
Test Data Eval:
  Num examples: 1856  Num correct: 1349  Precision @ 1: 0.7268  AUC @ 1: 0.7639
Step 2300: loss = 1.9038 (0.260 sec)
Training Data Eval:
  Num examples: 8960  Num correct: 8780  Precision @ 1: 0.9799  AUC @ 1: 0.9985
Validation Data Eval:
  Num examples: 960  Num correct: 786  Precision @ 1: 0.8187  AUC @ 1: 0.8759
Test Data Eval:
  Num examples: 1856  Num correct: 1301  Precision @ 1: 0.7010  AUC @ 1: 0.7607
Step 2400: loss = 1.8288 (0.255 sec)
Training Data Eval:
  Num examples: 8960  Num correct: 8630  Precision @ 1: 0.9632  AUC @ 1: 0.9975
Validation Data Eval:
  Num examples: 960  Num correct: 778  Precision @ 1: 0.8104  AUC @ 1: 0.8657
Test Data Eval:
  Num examples: 1856  Num correct: 1350  Precision @ 1: 0.7274  AUC @ 1: 0.7563
Step 2500: loss = 1.6961 (0.256 sec)
Training Data Eval:
  Num examples: 8960  Num correct: 8805  Precision @ 1: 0.9827  AUC @ 1: 0.9988
Validation Data Eval:
  Num examples: 960  Num correct: 758  Precision @ 1: 0.7896  AUC @ 1: 0.8680
Test Data Eval:
  Num examples: 1856  Num correct: 1304  Precision @ 1: 0.7026  AUC @ 1: 0.7602
Step 2600: loss = 1.6890 (0.261 sec)
Training Data Eval:
  Num examples: 8960  Num correct: 8858  Precision @ 1: 0.9886  AUC @ 1: 0.9995
Validation Data Eval:
  Num examples: 960  Num correct: 773  Precision @ 1: 0.8052  AUC @ 1: 0.8718
Test Data Eval:
  Num examples: 1856  Num correct: 1325  Precision @ 1: 0.7139  AUC @ 1: 0.7678
Step 2700: loss = 1.5103 (0.255 sec)
Training Data Eval:
  Num examples: 8960  Num correct: 8866  Precision @ 1: 0.9895  AUC @ 1: 0.9995
Validation Data Eval:
  Num examples: 960  Num correct: 768  Precision @ 1: 0.8000  AUC @ 1: 0.8710
Test Data Eval:
  Num examples: 1856  Num correct: 1338  Precision @ 1: 0.7209  AUC @ 1: 0.7805
Step 2800: loss = 1.3325 (0.304 sec)
Training Data Eval:
  Num examples: 8960  Num correct: 8850  Precision @ 1: 0.9877  AUC @ 1: 0.9996
Validation Data Eval:
  Num examples: 960  Num correct: 778  Precision @ 1: 0.8104  AUC @ 1: 0.8714
Test Data Eval:
  Num examples: 1856  Num correct: 1318  Precision @ 1: 0.7101  AUC @ 1: 0.7520
Step 2900: loss = 1.2776 (0.257 sec)
Training Data Eval:
  Num examples: 8960  Num correct: 8835  Precision @ 1: 0.9860  AUC @ 1: 0.9994
Validation Data Eval:
  Num examples: 960  Num correct: 774  Precision @ 1: 0.8063  AUC @ 1: 0.8697
Test Data Eval:
  Num examples: 1856  Num correct: 1306  Precision @ 1: 0.7037  AUC @ 1: 0.7559
Step 3000: loss = 1.2565 (0.257 sec)
Training Data Eval:
  Num examples: 8960  Num correct: 8865  Precision @ 1: 0.9894  AUC @ 1: 0.9993
Validation Data Eval:
  Num examples: 960  Num correct: 788  Precision @ 1: 0.8208  AUC @ 1: 0.8693
Test Data Eval:
  Num examples: 1856  Num correct: 1334  Precision @ 1: 0.7188  AUC @ 1: 0.7707
Step 3100: loss = 1.1359 (0.254 sec)
Training Data Eval:
  Num examples: 8960  Num correct: 8893  Precision @ 1: 0.9925  AUC @ 1: 0.9999
Validation Data Eval:
  Num examples: 960  Num correct: 781  Precision @ 1: 0.8135  AUC @ 1: 0.8764
Test Data Eval:
  Num examples: 1856  Num correct: 1334  Precision @ 1: 0.7188  AUC @ 1: 0.7620
Step 3200: loss = 1.0351 (0.255 sec)
Training Data Eval:
  Num examples: 8960  Num correct: 8910  Precision @ 1: 0.9944  AUC @ 1: 0.9999
Validation Data Eval:
  Num examples: 960  Num correct: 788  Precision @ 1: 0.8208  AUC @ 1: 0.8713
Test Data Eval:
  Num examples: 1856  Num correct: 1342  Precision @ 1: 0.7231  AUC @ 1: 0.7662
Step 3300: loss = 0.9686 (0.259 sec)
Training Data Eval:
  Num examples: 8960  Num correct: 8843  Precision @ 1: 0.9869  AUC @ 1: 0.9996
Validation Data Eval:
  Num examples: 960  Num correct: 764  Precision @ 1: 0.7958  AUC @ 1: 0.8711
Test Data Eval:
  Num examples: 1856  Num correct: 1320  Precision @ 1: 0.7112  AUC @ 1: 0.7742
Step 3400: loss = 0.9359 (0.257 sec)
Training Data Eval:
  Num examples: 8960  Num correct: 8858  Precision @ 1: 0.9886  AUC @ 1: 0.9997
Validation Data Eval:
  Num examples: 960  Num correct: 759  Precision @ 1: 0.7906  AUC @ 1: 0.8700
Test Data Eval:
  Num examples: 1856  Num correct: 1307  Precision @ 1: 0.7042  AUC @ 1: 0.7750
Step 3500: loss = 0.9420 (0.303 sec)
Training Data Eval:
  Num examples: 8960  Num correct: 8905  Precision @ 1: 0.9939  AUC @ 1: 0.9999
Validation Data Eval:
  Num examples: 960  Num correct: 765  Precision @ 1: 0.7969  AUC @ 1: 0.8619
Test Data Eval:
  Num examples: 1856  Num correct: 1336  Precision @ 1: 0.7198  AUC @ 1: 0.7743
Step 3600: loss = 0.8551 (0.258 sec)
Training Data Eval:
  Num examples: 8960  Num correct: 8926  Precision @ 1: 0.9962  AUC @ 1: 0.9999
Validation Data Eval:
  Num examples: 960  Num correct: 762  Precision @ 1: 0.7937  AUC @ 1: 0.8620
Test Data Eval:
  Num examples: 1856  Num correct: 1332  Precision @ 1: 0.7177  AUC @ 1: 0.7714
Step 3700: loss = 0.7848 (0.258 sec)
Training Data Eval:
  Num examples: 8960  Num correct: 8909  Precision @ 1: 0.9943  AUC @ 1: 0.9991
Validation Data Eval:
  Num examples: 960  Num correct: 774  Precision @ 1: 0.8063  AUC @ 1: 0.8624
Test Data Eval:
  Num examples: 1856  Num correct: 1312  Precision @ 1: 0.7069  AUC @ 1: 0.7642
Step 3800: loss = 0.8473 (0.257 sec)
Training Data Eval:
  Num examples: 8960  Num correct: 8914  Precision @ 1: 0.9949  AUC @ 1: 0.9992
Validation Data Eval:
  Num examples: 960  Num correct: 779  Precision @ 1: 0.8115  AUC @ 1: 0.8816
Test Data Eval:
  Num examples: 1856  Num correct: 1332  Precision @ 1: 0.7177  AUC @ 1: 0.7573
Step 3900: loss = 0.7416 (0.259 sec)
Training Data Eval:
  Num examples: 8960  Num correct: 8908  Precision @ 1: 0.9942  AUC @ 1: 0.9998
Validation Data Eval:
  Num examples: 960  Num correct: 780  Precision @ 1: 0.8125  AUC @ 1: 0.8737
Test Data Eval:
  Num examples: 1856  Num correct: 1317  Precision @ 1: 0.7096  AUC @ 1: 0.7519
Step 4000: loss = 0.6955 (0.254 sec)
Training Data Eval:
  Num examples: 8960  Num correct: 8890  Precision @ 1: 0.9922  AUC @ 1: 0.9999
Validation Data Eval:
  Num examples: 960  Num correct: 761  Precision @ 1: 0.7927  AUC @ 1: 0.8739
Test Data Eval:
  Num examples: 1856  Num correct: 1281  Precision @ 1: 0.6902  AUC @ 1: 0.7641
Step 4100: loss = 0.6604 (0.256 sec)
Training Data Eval:
  Num examples: 8960  Num correct: 8919  Precision @ 1: 0.9954  AUC @ 1: 0.9999
Validation Data Eval:
  Num examples: 960  Num correct: 783  Precision @ 1: 0.8156  AUC @ 1: 0.8751
Test Data Eval:
  Num examples: 1856  Num correct: 1333  Precision @ 1: 0.7182  AUC @ 1: 0.7546
Step 4200: loss = 0.6223 (0.305 sec)
Training Data Eval:
  Num examples: 8960  Num correct: 8916  Precision @ 1: 0.9951  AUC @ 1: 0.9999
Validation Data Eval:
  Num examples: 960  Num correct: 765  Precision @ 1: 0.7969  AUC @ 1: 0.8744
Test Data Eval:
  Num examples: 1856  Num correct: 1311  Precision @ 1: 0.7064  AUC @ 1: 0.7745
Step 4300: loss = 0.6532 (0.260 sec)
Training Data Eval:
  Num examples: 8960  Num correct: 8933  Precision @ 1: 0.9970  AUC @ 1: 0.9999
Validation Data Eval:
  Num examples: 960  Num correct: 767  Precision @ 1: 0.7990  AUC @ 1: 0.8717
Test Data Eval:
  Num examples: 1856  Num correct: 1310  Precision @ 1: 0.7058  AUC @ 1: 0.7724
Step 4400: loss = 0.6537 (0.256 sec)
Training Data Eval:
  Num examples: 8960  Num correct: 8936  Precision @ 1: 0.9973  AUC @ 1: 0.9999
Validation Data Eval:
  Num examples: 960  Num correct: 782  Precision @ 1: 0.8146  AUC @ 1: 0.8650
Test Data Eval:
  Num examples: 1856  Num correct: 1307  Precision @ 1: 0.7042  AUC @ 1: 0.7567
Step 4500: loss = 0.5482 (0.255 sec)
Training Data Eval:
  Num examples: 8960  Num correct: 8937  Precision @ 1: 0.9974  AUC @ 1: 0.9999
Validation Data Eval:
  Num examples: 960  Num correct: 784  Precision @ 1: 0.8167  AUC @ 1: 0.8690
Test Data Eval:
  Num examples: 1856  Num correct: 1312  Precision @ 1: 0.7069  AUC @ 1: 0.7682
Step 4600: loss = 0.6150 (0.261 sec)
Training Data Eval:
  Num examples: 8960  Num correct: 8904  Precision @ 1: 0.9938  AUC @ 1: 0.9998
Validation Data Eval:
  Num examples: 960  Num correct: 753  Precision @ 1: 0.7844  AUC @ 1: 0.8593
Test Data Eval:
  Num examples: 1856  Num correct: 1308  Precision @ 1: 0.7047  AUC @ 1: 0.7701
Step 4700: loss = 0.5245 (0.255 sec)
Training Data Eval:
  Num examples: 8960  Num correct: 8951  Precision @ 1: 0.9990  AUC @ 1: 1.0000
Validation Data Eval:
  Num examples: 960  Num correct: 782  Precision @ 1: 0.8146  AUC @ 1: 0.8693
Test Data Eval:
  Num examples: 1856  Num correct: 1315  Precision @ 1: 0.7085  AUC @ 1: 0.7625
Step 4800: loss = 0.5404 (0.257 sec)
Training Data Eval:
  Num examples: 8960  Num correct: 8942  Precision @ 1: 0.9980  AUC @ 1: 1.0000
Validation Data Eval:
  Num examples: 960  Num correct: 777  Precision @ 1: 0.8094  AUC @ 1: 0.8612
Test Data Eval:
  Num examples: 1856  Num correct: 1331  Precision @ 1: 0.7171  AUC @ 1: 0.7668
Step 4900: loss = 0.5157 (0.301 sec)
Training Data Eval:
  Num examples: 8960  Num correct: 8931  Precision @ 1: 0.9968  AUC @ 1: 0.9999
Validation Data Eval:
  Num examples: 960  Num correct: 786  Precision @ 1: 0.8187  AUC @ 1: 0.8744
Test Data Eval:
  Num examples: 1856  Num correct: 1306  Precision @ 1: 0.7037  AUC @ 1: 0.7606
Step 5000: loss = 0.4679 (0.260 sec)
Training Data Eval:
  Num examples: 8960  Num correct: 8881  Precision @ 1: 0.9912  AUC @ 1: 0.9997
Validation Data Eval:
  Num examples: 960  Num correct: 780  Precision @ 1: 0.8125  AUC @ 1: 0.8560
Test Data Eval:
  Num examples: 1856  Num correct: 1322  Precision @ 1: 0.7123  AUC @ 1: 0.7711
Step 5100: loss = 0.5050 (0.255 sec)
Training Data Eval:
  Num examples: 8960  Num correct: 8932  Precision @ 1: 0.9969  AUC @ 1: 0.9999
Validation Data Eval:
  Num examples: 960  Num correct: 775  Precision @ 1: 0.8073  AUC @ 1: 0.8555
Test Data Eval:
  Num examples: 1856  Num correct: 1334  Precision @ 1: 0.7188  AUC @ 1: 0.7737
Step 5200: loss = 0.4530 (0.257 sec)
Training Data Eval:
  Num examples: 8960  Num correct: 8926  Precision @ 1: 0.9962  AUC @ 1: 0.9999
Validation Data Eval:
  Num examples: 960  Num correct: 777  Precision @ 1: 0.8094  AUC @ 1: 0.8716
Test Data Eval:
  Num examples: 1856  Num correct: 1320  Precision @ 1: 0.7112  AUC @ 1: 0.7635
Step 5300: loss = 0.4345 (0.255 sec)
Training Data Eval:
  Num examples: 8960  Num correct: 8932  Precision @ 1: 0.9969  AUC @ 1: 1.0000
Validation Data Eval:
  Num examples: 960  Num correct: 769  Precision @ 1: 0.8010  AUC @ 1: 0.8848
Test Data Eval:
  Num examples: 1856  Num correct: 1326  Precision @ 1: 0.7144  AUC @ 1: 0.7819
Step 5400: loss = 0.4520 (0.255 sec)
Training Data Eval:
  Num examples: 8960  Num correct: 8952  Precision @ 1: 0.9991  AUC @ 1: 1.0000
Validation Data Eval:
  Num examples: 960  Num correct: 768  Precision @ 1: 0.8000  AUC @ 1: 0.8674
Test Data Eval:
  Num examples: 1856  Num correct: 1360  Precision @ 1: 0.7328  AUC @ 1: 0.7792
Step 5500: loss = 0.4383 (0.255 sec)
Training Data Eval:
  Num examples: 8960  Num correct: 8944  Precision @ 1: 0.9982  AUC @ 1: 1.0000
Validation Data Eval:
  Num examples: 960  Num correct: 770  Precision @ 1: 0.8021  AUC @ 1: 0.8672
Test Data Eval:
  Num examples: 1856  Num correct: 1319  Precision @ 1: 0.7107  AUC @ 1: 0.7610
Step 5600: loss = 0.5310 (0.303 sec)
Training Data Eval:
  Num examples: 8960  Num correct: 8955  Precision @ 1: 0.9994  AUC @ 1: 1.0000
Validation Data Eval:
  Num examples: 960  Num correct: 790  Precision @ 1: 0.8229  AUC @ 1: 0.8693
Test Data Eval:
  Num examples: 1856  Num correct: 1322  Precision @ 1: 0.7123  AUC @ 1: 0.7611
Step 5700: loss = 0.4062 (0.256 sec)
Training Data Eval:
  Num examples: 8960  Num correct: 8958  Precision @ 1: 0.9998  AUC @ 1: 1.0000
Validation Data Eval:
  Num examples: 960  Num correct: 784  Precision @ 1: 0.8167  AUC @ 1: 0.8675
Test Data Eval:
  Num examples: 1856  Num correct: 1329  Precision @ 1: 0.7161  AUC @ 1: 0.7685
Step 5800: loss = 0.3881 (0.257 sec)
Training Data Eval:
  Num examples: 8960  Num correct: 8950  Precision @ 1: 0.9989  AUC @ 1: 1.0000
Validation Data Eval:
  Num examples: 960  Num correct: 771  Precision @ 1: 0.8031  AUC @ 1: 0.8695
Test Data Eval:
  Num examples: 1856  Num correct: 1295  Precision @ 1: 0.6977  AUC @ 1: 0.7681
Step 5900: loss = 0.4437 (0.255 sec)
Training Data Eval:
  Num examples: 8960  Num correct: 8953  Precision @ 1: 0.9992  AUC @ 1: 1.0000
Validation Data Eval:
  Num examples: 960  Num correct: 769  Precision @ 1: 0.8010  AUC @ 1: 0.8505
Test Data Eval:
  Num examples: 1856  Num correct: 1319  Precision @ 1: 0.7107  AUC @ 1: 0.7656
Step 6000: loss = 0.4093 (0.254 sec)
Training Data Eval:
  Num examples: 8960  Num correct: 8952  Precision @ 1: 0.9991  AUC @ 1: 0.9999
Validation Data Eval:
  Num examples: 960  Num correct: 761  Precision @ 1: 0.7927  AUC @ 1: 0.8653
Test Data Eval:
  Num examples: 1856  Num correct: 1297  Precision @ 1: 0.6988  AUC @ 1: 0.7619
Step 6100: loss = 0.4377 (0.255 sec)
Training Data Eval:
  Num examples: 8960  Num correct: 8941  Precision @ 1: 0.9979  AUC @ 1: 0.9998
Validation Data Eval:
  Num examples: 960  Num correct: 754  Precision @ 1: 0.7854  AUC @ 1: 0.8563
Test Data Eval:
  Num examples: 1856  Num correct: 1299  Precision @ 1: 0.6999  AUC @ 1: 0.7578
Step 6200: loss = 0.3769 (0.255 sec)
Training Data Eval:
  Num examples: 8960  Num correct: 8949  Precision @ 1: 0.9988  AUC @ 1: 1.0000
Validation Data Eval:
  Num examples: 960  Num correct: 780  Precision @ 1: 0.8125  AUC @ 1: 0.8709
Test Data Eval:
  Num examples: 1856  Num correct: 1290  Precision @ 1: 0.6950  AUC @ 1: 0.7529
Step 6300: loss = 0.3491 (0.308 sec)
Training Data Eval:
  Num examples: 8960  Num correct: 8946  Precision @ 1: 0.9984  AUC @ 1: 1.0000
Validation Data Eval:
  Num examples: 960  Num correct: 774  Precision @ 1: 0.8063  AUC @ 1: 0.8659
Test Data Eval:
  Num examples: 1856  Num correct: 1326  Precision @ 1: 0.7144  AUC @ 1: 0.7629
Step 6400: loss = 0.3877 (0.258 sec)
Training Data Eval:
  Num examples: 8960  Num correct: 8957  Precision @ 1: 0.9997  AUC @ 1: 1.0000
Validation Data Eval:
  Num examples: 960  Num correct: 768  Precision @ 1: 0.8000  AUC @ 1: 0.8597
Test Data Eval:
  Num examples: 1856  Num correct: 1317  Precision @ 1: 0.7096  AUC @ 1: 0.7615
Step 6500: loss = 0.3621 (0.261 sec)
Training Data Eval:
  Num examples: 8960  Num correct: 8942  Precision @ 1: 0.9980  AUC @ 1: 1.0000
Validation Data Eval:
  Num examples: 960  Num correct: 764  Precision @ 1: 0.7958  AUC @ 1: 0.8549
Test Data Eval:
  Num examples: 1856  Num correct: 1347  Precision @ 1: 0.7258  AUC @ 1: 0.7679
Step 6600: loss = 0.3395 (0.258 sec)
Training Data Eval:
  Num examples: 8960  Num correct: 8949  Precision @ 1: 0.9988  AUC @ 1: 1.0000
Validation Data Eval:
  Num examples: 960  Num correct: 778  Precision @ 1: 0.8104  AUC @ 1: 0.8569
Test Data Eval:
  Num examples: 1856  Num correct: 1292  Precision @ 1: 0.6961  AUC @ 1: 0.7534
Step 6700: loss = 0.4147 (0.260 sec)
Training Data Eval:
  Num examples: 8960  Num correct: 8948  Precision @ 1: 0.9987  AUC @ 1: 1.0000
Validation Data Eval:
  Num examples: 960  Num correct: 758  Precision @ 1: 0.7896  AUC @ 1: 0.8602
Test Data Eval:
  Num examples: 1856  Num correct: 1291  Precision @ 1: 0.6956  AUC @ 1: 0.7633
Step 6800: loss = 0.3336 (0.257 sec)
Training Data Eval:
  Num examples: 8960  Num correct: 8946  Precision @ 1: 0.9984  AUC @ 1: 1.0000
Validation Data Eval:
  Num examples: 960  Num correct: 764  Precision @ 1: 0.7958  AUC @ 1: 0.8557
Test Data Eval:
  Num examples: 1856  Num correct: 1342  Precision @ 1: 0.7231  AUC @ 1: 0.7691
Step 6900: loss = 0.3340 (0.259 sec)
Training Data Eval:
  Num examples: 8960  Num correct: 8947  Precision @ 1: 0.9985  AUC @ 1: 1.0000
Validation Data Eval:
  Num examples: 960  Num correct: 765  Precision @ 1: 0.7969  AUC @ 1: 0.8552
Test Data Eval:
  Num examples: 1856  Num correct: 1313  Precision @ 1: 0.7074  AUC @ 1: 0.7587
Step 7000: loss = 0.3195 (0.302 sec)
Training Data Eval:
  Num examples: 8960  Num correct: 8948  Precision @ 1: 0.9987  AUC @ 1: 1.0000
Validation Data Eval:
  Num examples: 960  Num correct: 776  Precision @ 1: 0.8083  AUC @ 1: 0.8740
Test Data Eval:
  Num examples: 1856  Num correct: 1309  Precision @ 1: 0.7053  AUC @ 1: 0.7660
Step 7100: loss = 0.3239 (0.254 sec)
Training Data Eval:
  Num examples: 8960  Num correct: 8950  Precision @ 1: 0.9989  AUC @ 1: 1.0000
Validation Data Eval:
  Num examples: 960  Num correct: 767  Precision @ 1: 0.7990  AUC @ 1: 0.8569
Test Data Eval:
  Num examples: 1856  Num correct: 1317  Precision @ 1: 0.7096  AUC @ 1: 0.7552
Step 7200: loss = 0.3140 (0.257 sec)
Training Data Eval:
  Num examples: 8960  Num correct: 8957  Precision @ 1: 0.9997  AUC @ 1: 1.0000
Validation Data Eval:
  Num examples: 960  Num correct: 766  Precision @ 1: 0.7979  AUC @ 1: 0.8571
Test Data Eval:
  Num examples: 1856  Num correct: 1308  Precision @ 1: 0.7047  AUC @ 1: 0.7589
Step 7300: loss = 0.3059 (0.259 sec)
Training Data Eval:
  Num examples: 8960  Num correct: 8951  Precision @ 1: 0.9990  AUC @ 1: 1.0000
Validation Data Eval:
  Num examples: 960  Num correct: 769  Precision @ 1: 0.8010  AUC @ 1: 0.8511
Test Data Eval:
  Num examples: 1856  Num correct: 1306  Precision @ 1: 0.7037  AUC @ 1: 0.7536
Step 7400: loss = 0.4303 (0.254 sec)
Training Data Eval:
  Num examples: 8960  Num correct: 8956  Precision @ 1: 0.9996  AUC @ 1: 1.0000
Validation Data Eval:
  Num examples: 960  Num correct: 771  Precision @ 1: 0.8031  AUC @ 1: 0.8555
Test Data Eval:
  Num examples: 1856  Num correct: 1295  Precision @ 1: 0.6977  AUC @ 1: 0.7530
Step 7500: loss = 0.3015 (0.258 sec)
Training Data Eval:
  Num examples: 8960  Num correct: 8945  Precision @ 1: 0.9983  AUC @ 1: 0.9998
Validation Data Eval:
  Num examples: 960  Num correct: 769  Precision @ 1: 0.8010  AUC @ 1: 0.8619
Test Data Eval:
  Num examples: 1856  Num correct: 1295  Precision @ 1: 0.6977  AUC @ 1: 0.7458
Step 7600: loss = 0.3544 (0.255 sec)
Training Data Eval:
  Num examples: 8960  Num correct: 8922  Precision @ 1: 0.9958  AUC @ 1: 0.9999
Validation Data Eval:
  Num examples: 960  Num correct: 770  Precision @ 1: 0.8021  AUC @ 1: 0.8578
Test Data Eval:
  Num examples: 1856  Num correct: 1340  Precision @ 1: 0.7220  AUC @ 1: 0.7675
Step 7700: loss = 0.3369 (0.306 sec)
Training Data Eval:
  Num examples: 8960  Num correct: 8896  Precision @ 1: 0.9929  AUC @ 1: 0.9999
Validation Data Eval:
  Num examples: 960  Num correct: 730  Precision @ 1: 0.7604  AUC @ 1: 0.8567
Test Data Eval:
  Num examples: 1856  Num correct: 1251  Precision @ 1: 0.6740  AUC @ 1: 0.7627
Step 7800: loss = 0.3865 (0.255 sec)
Training Data Eval:
  Num examples: 8960  Num correct: 8939  Precision @ 1: 0.9977  AUC @ 1: 1.0000
Validation Data Eval:
  Num examples: 960  Num correct: 767  Precision @ 1: 0.7990  AUC @ 1: 0.8549
Test Data Eval:
  Num examples: 1856  Num correct: 1305  Precision @ 1: 0.7031  AUC @ 1: 0.7577
Step 7900: loss = 0.3064 (0.257 sec)
Training Data Eval:
  Num examples: 8960  Num correct: 8950  Precision @ 1: 0.9989  AUC @ 1: 1.0000
Validation Data Eval:
  Num examples: 960  Num correct: 768  Precision @ 1: 0.8000  AUC @ 1: 0.8589
Test Data Eval:
  Num examples: 1856  Num correct: 1309  Precision @ 1: 0.7053  AUC @ 1: 0.7550
Step 8000: loss = 0.3254 (0.259 sec)
Training Data Eval:
  Num examples: 8960  Num correct: 8943  Precision @ 1: 0.9981  AUC @ 1: 0.9999
Validation Data Eval:
  Num examples: 960  Num correct: 765  Precision @ 1: 0.7969  AUC @ 1: 0.8687
Test Data Eval:
  Num examples: 1856  Num correct: 1317  Precision @ 1: 0.7096  AUC @ 1: 0.7615
Step 8100: loss = 0.4285 (0.254 sec)
Training Data Eval:
  Num examples: 8960  Num correct: 8954  Precision @ 1: 0.9993  AUC @ 1: 1.0000
Validation Data Eval:
  Num examples: 960  Num correct: 776  Precision @ 1: 0.8083  AUC @ 1: 0.8686
Test Data Eval:
  Num examples: 1856  Num correct: 1297  Precision @ 1: 0.6988  AUC @ 1: 0.7528
Step 8200: loss = 0.4201 (0.255 sec)
Training Data Eval:
  Num examples: 8960  Num correct: 8947  Precision @ 1: 0.9985  AUC @ 1: 1.0000
Validation Data Eval:
  Num examples: 960  Num correct: 767  Precision @ 1: 0.7990  AUC @ 1: 0.8573
Test Data Eval:
  Num examples: 1856  Num correct: 1326  Precision @ 1: 0.7144  AUC @ 1: 0.7613
Step 8300: loss = 0.3766 (0.255 sec)
Training Data Eval:
  Num examples: 8960  Num correct: 8940  Precision @ 1: 0.9978  AUC @ 1: 1.0000
Validation Data Eval:
  Num examples: 960  Num correct: 768  Precision @ 1: 0.8000  AUC @ 1: 0.8638
Test Data Eval:
  Num examples: 1856  Num correct: 1308  Precision @ 1: 0.7047  AUC @ 1: 0.7526
Step 8400: loss = 0.3237 (0.303 sec)
Training Data Eval:
  Num examples: 8960  Num correct: 8952  Precision @ 1: 0.9991  AUC @ 1: 1.0000
Validation Data Eval:
  Num examples: 960  Num correct: 773  Precision @ 1: 0.8052  AUC @ 1: 0.8633
Test Data Eval:
  Num examples: 1856  Num correct: 1298  Precision @ 1: 0.6994  AUC @ 1: 0.7642
Step 8500: loss = 0.3480 (0.258 sec)
Training Data Eval:
  Num examples: 8960  Num correct: 8950  Precision @ 1: 0.9989  AUC @ 1: 0.9999
Validation Data Eval:
  Num examples: 960  Num correct: 783  Precision @ 1: 0.8156  AUC @ 1: 0.8671
Test Data Eval:
  Num examples: 1856  Num correct: 1322  Precision @ 1: 0.7123  AUC @ 1: 0.7718
Step 8600: loss = 0.3467 (0.255 sec)
Training Data Eval:
  Num examples: 8960  Num correct: 8940  Precision @ 1: 0.9978  AUC @ 1: 1.0000
Validation Data Eval:
  Num examples: 960  Num correct: 761  Precision @ 1: 0.7927  AUC @ 1: 0.8615
Test Data Eval:
  Num examples: 1856  Num correct: 1258  Precision @ 1: 0.6778  AUC @ 1: 0.7513
Step 8700: loss = 0.3469 (0.257 sec)
Training Data Eval:
  Num examples: 8960  Num correct: 8958  Precision @ 1: 0.9998  AUC @ 1: 1.0000
Validation Data Eval:
  Num examples: 960  Num correct: 771  Precision @ 1: 0.8031  AUC @ 1: 0.8699
Test Data Eval:
  Num examples: 1856  Num correct: 1299  Precision @ 1: 0.6999  AUC @ 1: 0.7568
Step 8800: loss = 0.2981 (0.255 sec)
Training Data Eval:
  Num examples: 8960  Num correct: 8951  Precision @ 1: 0.9990  AUC @ 1: 0.9998
Validation Data Eval:
  Num examples: 960  Num correct: 770  Precision @ 1: 0.8021  AUC @ 1: 0.8579
Test Data Eval:
  Num examples: 1856  Num correct: 1299  Precision @ 1: 0.6999  AUC @ 1: 0.7516
Step 8900: loss = 0.3206 (0.255 sec)
Training Data Eval:
  Num examples: 8960  Num correct: 8957  Precision @ 1: 0.9997  AUC @ 1: 1.0000
Validation Data Eval:
  Num examples: 960  Num correct: 765  Precision @ 1: 0.7969  AUC @ 1: 0.8579
Test Data Eval:
  Num examples: 1856  Num correct: 1310  Precision @ 1: 0.7058  AUC @ 1: 0.7496
Step 9000: loss = 0.3176 (0.257 sec)
Training Data Eval:
  Num examples: 8960  Num correct: 8957  Precision @ 1: 0.9997  AUC @ 1: 1.0000
Validation Data Eval:
  Num examples: 960  Num correct: 766  Precision @ 1: 0.7979  AUC @ 1: 0.8571
Test Data Eval:
  Num examples: 1856  Num correct: 1291  Precision @ 1: 0.6956  AUC @ 1: 0.7443
Step 9100: loss = 0.2993 (0.305 sec)
Training Data Eval:
  Num examples: 8960  Num correct: 8955  Precision @ 1: 0.9994  AUC @ 1: 1.0000
Validation Data Eval:
  Num examples: 960  Num correct: 768  Precision @ 1: 0.8000  AUC @ 1: 0.8611
Test Data Eval:
  Num examples: 1856  Num correct: 1319  Precision @ 1: 0.7107  AUC @ 1: 0.7505
Step 9200: loss = 0.2958 (0.255 sec)
Training Data Eval:
  Num examples: 8960  Num correct: 8953  Precision @ 1: 0.9992  AUC @ 1: 1.0000
Validation Data Eval:
  Num examples: 960  Num correct: 777  Precision @ 1: 0.8094  AUC @ 1: 0.8682
Test Data Eval:
  Num examples: 1856  Num correct: 1309  Precision @ 1: 0.7053  AUC @ 1: 0.7603
Step 9300: loss = 0.3064 (0.256 sec)
Training Data Eval:
  Num examples: 8960  Num correct: 8950  Precision @ 1: 0.9989  AUC @ 1: 1.0000
Validation Data Eval:
  Num examples: 960  Num correct: 769  Precision @ 1: 0.8010  AUC @ 1: 0.8552
Test Data Eval:
  Num examples: 1856  Num correct: 1307  Precision @ 1: 0.7042  AUC @ 1: 0.7446
Step 9400: loss = 0.4009 (0.256 sec)
Training Data Eval:
  Num examples: 8960  Num correct: 8953  Precision @ 1: 0.9992  AUC @ 1: 1.0000
Validation Data Eval:
  Num examples: 960  Num correct: 769  Precision @ 1: 0.8010  AUC @ 1: 0.8550
Test Data Eval:
  Num examples: 1856  Num correct: 1283  Precision @ 1: 0.6913  AUC @ 1: 0.7411
Step 9500: loss = 0.2820 (0.254 sec)
Training Data Eval:
  Num examples: 8960  Num correct: 8933  Precision @ 1: 0.9970  AUC @ 1: 1.0000
Validation Data Eval:
  Num examples: 960  Num correct: 758  Precision @ 1: 0.7896  AUC @ 1: 0.8453
Test Data Eval:
  Num examples: 1856  Num correct: 1281  Precision @ 1: 0.6902  AUC @ 1: 0.7452
Step 9600: loss = 0.3496 (0.258 sec)
Training Data Eval:
  Num examples: 8960  Num correct: 8953  Precision @ 1: 0.9992  AUC @ 1: 1.0000
Validation Data Eval:
  Num examples: 960  Num correct: 772  Precision @ 1: 0.8042  AUC @ 1: 0.8548
Test Data Eval:
  Num examples: 1856  Num correct: 1300  Precision @ 1: 0.7004  AUC @ 1: 0.7553
Step 9700: loss = 0.3299 (0.257 sec)
Training Data Eval:
  Num examples: 8960  Num correct: 8953  Precision @ 1: 0.9992  AUC @ 1: 1.0000
Validation Data Eval:
  Num examples: 960  Num correct: 774  Precision @ 1: 0.8063  AUC @ 1: 0.8483
Test Data Eval:
  Num examples: 1856  Num correct: 1278  Precision @ 1: 0.6886  AUC @ 1: 0.7305
Step 9800: loss = 0.3529 (0.304 sec)
Training Data Eval:
  Num examples: 8960  Num correct: 8942  Precision @ 1: 0.9980  AUC @ 1: 1.0000
Validation Data Eval:
  Num examples: 960  Num correct: 760  Precision @ 1: 0.7917  AUC @ 1: 0.8422
Test Data Eval:
  Num examples: 1856  Num correct: 1273  Precision @ 1: 0.6859  AUC @ 1: 0.7396
Step 9900: loss = 0.3281 (0.258 sec)
Training Data Eval:
  Num examples: 8960  Num correct: 8950  Precision @ 1: 0.9989  AUC @ 1: 1.0000
Validation Data Eval:
  Num examples: 960  Num correct: 764  Precision @ 1: 0.7958  AUC @ 1: 0.8474
Test Data Eval:
  Num examples: 1856  Num correct: 1285  Precision @ 1: 0.6923  AUC @ 1: 0.7280
