Training data shape: 	(10000, 64, 64, 1)
Training label shape:	(10000,)
Testing data shape:  	(1910, 64, 64, 1)
Testing label shape: 	(1910,)
max input value is: 153.458
min input value is: -104.189
random permuted training data
==============================================================================
Model: 			inference_roicnn
Tensor Name: 	Placeholder:0
[64, 64, 64, 1]
==============================================================================
Tensor Name: concat_64:0
[64, 320, 64, 1]
==============================================================================
Tensor Name: concat_129:0
[64, 320, 320, 1]
==============================================================================
Tensor Name: conv0/conv0:0
[64, 64, 64, 32]
==============================================================================
Tensor Name: concat_194:0
[64, 320, 64, 32]
==============================================================================
Tensor Name: concat_259:0
[64, 320, 320, 32]
==============================================================================
Tensor Name: conv1/conv1:0
[64, 64, 64, 16]
==============================================================================
Tensor Name: concat_324:0
[64, 320, 64, 16]
==============================================================================
Tensor Name: concat_389:0
[64, 320, 320, 16]
==============================================================================
Tensor Name: conv2/conv2:0
[64, 64, 64, 16]
==============================================================================
Tensor Name: local1/local1:0
[64, 128]
==============================================================================
Tensor Name: local2/local2:0
[64, 128]
==============================================================================
Tensor Name: softmax_linear/softmax_linear:0
[64, 2]
Step 0: loss = 21.5010 (1.016 sec)
Training Data Eval:
  Num examples: 8960  Num correct: 4986  Precision @ 1: 0.5565  AUC @ 1: 0.5901
Validation Data Eval:
  Num examples: 960  Num correct: 528  Precision @ 1: 0.5500  AUC @ 1: 0.5605
Test Data Eval:
  Num examples: 1856  Num correct: 1063  Precision @ 1: 0.5727  AUC @ 1: 0.5946
Step 100: loss = 19.8818 (0.308 sec)
Training Data Eval:
  Num examples: 8960  Num correct: 5045  Precision @ 1: 0.5631  AUC @ 1: 0.6240
Validation Data Eval:
  Num examples: 960  Num correct: 531  Precision @ 1: 0.5531  AUC @ 1: 0.5978
Test Data Eval:
  Num examples: 1856  Num correct: 1069  Precision @ 1: 0.5760  AUC @ 1: 0.5967
Step 200: loss = 18.4084 (0.309 sec)
Training Data Eval:
  Num examples: 8960  Num correct: 5036  Precision @ 1: 0.5621  AUC @ 1: 0.6593
Validation Data Eval:
  Num examples: 960  Num correct: 535  Precision @ 1: 0.5573  AUC @ 1: 0.6229
Test Data Eval:
  Num examples: 1856  Num correct: 1075  Precision @ 1: 0.5792  AUC @ 1: 0.6204
Step 300: loss = 17.0334 (0.308 sec)
Training Data Eval:
  Num examples: 8960  Num correct: 5026  Precision @ 1: 0.5609  AUC @ 1: 0.6724
Validation Data Eval:
  Num examples: 960  Num correct: 528  Precision @ 1: 0.5500  AUC @ 1: 0.6260
Test Data Eval:
  Num examples: 1856  Num correct: 1078  Precision @ 1: 0.5808  AUC @ 1: 0.6551
Step 400: loss = 15.7955 (0.315 sec)
Training Data Eval:
  Num examples: 8960  Num correct: 6378  Precision @ 1: 0.7118  AUC @ 1: 0.7649
Validation Data Eval:
  Num examples: 960  Num correct: 644  Precision @ 1: 0.6708  AUC @ 1: 0.7257
Test Data Eval:
  Num examples: 1856  Num correct: 1257  Precision @ 1: 0.6773  AUC @ 1: 0.7113
Step 500: loss = 14.5713 (0.315 sec)
Training Data Eval:
  Num examples: 8960  Num correct: 6675  Precision @ 1: 0.7450  AUC @ 1: 0.8076
Validation Data Eval:
  Num examples: 960  Num correct: 702  Precision @ 1: 0.7312  AUC @ 1: 0.7795
Test Data Eval:
  Num examples: 1856  Num correct: 1304  Precision @ 1: 0.7026  AUC @ 1: 0.7500
Step 600: loss = 13.3865 (0.316 sec)
Training Data Eval:
  Num examples: 8960  Num correct: 7033  Precision @ 1: 0.7849  AUC @ 1: 0.8477
Validation Data Eval:
  Num examples: 960  Num correct: 734  Precision @ 1: 0.7646  AUC @ 1: 0.8095
Test Data Eval:
  Num examples: 1856  Num correct: 1337  Precision @ 1: 0.7204  AUC @ 1: 0.7635
Step 700: loss = 12.3335 (0.363 sec)
Training Data Eval:
  Num examples: 8960  Num correct: 7059  Precision @ 1: 0.7878  AUC @ 1: 0.8498
Validation Data Eval:
  Num examples: 960  Num correct: 748  Precision @ 1: 0.7792  AUC @ 1: 0.8249
Test Data Eval:
  Num examples: 1856  Num correct: 1338  Precision @ 1: 0.7209  AUC @ 1: 0.7624
Step 800: loss = 11.4425 (0.319 sec)
Training Data Eval:
  Num examples: 8960  Num correct: 7198  Precision @ 1: 0.8033  AUC @ 1: 0.8748
Validation Data Eval:
  Num examples: 960  Num correct: 752  Precision @ 1: 0.7833  AUC @ 1: 0.8541
Test Data Eval:
  Num examples: 1856  Num correct: 1340  Precision @ 1: 0.7220  AUC @ 1: 0.7858
Step 900: loss = 10.5960 (0.316 sec)
Training Data Eval:
  Num examples: 8960  Num correct: 7221  Precision @ 1: 0.8059  AUC @ 1: 0.8880
Validation Data Eval:
  Num examples: 960  Num correct: 739  Precision @ 1: 0.7698  AUC @ 1: 0.8497
Test Data Eval:
  Num examples: 1856  Num correct: 1310  Precision @ 1: 0.7058  AUC @ 1: 0.7751
Step 1000: loss = 9.8290 (0.317 sec)
Training Data Eval:
  Num examples: 8960  Num correct: 7378  Precision @ 1: 0.8234  AUC @ 1: 0.8902
Validation Data Eval:
  Num examples: 960  Num correct: 747  Precision @ 1: 0.7781  AUC @ 1: 0.8548
Test Data Eval:
  Num examples: 1856  Num correct: 1370  Precision @ 1: 0.7381  AUC @ 1: 0.7920
Step 1100: loss = 9.0889 (0.320 sec)
Training Data Eval:
  Num examples: 8960  Num correct: 7411  Precision @ 1: 0.8271  AUC @ 1: 0.8984
Validation Data Eval:
  Num examples: 960  Num correct: 764  Precision @ 1: 0.7958  AUC @ 1: 0.8550
Test Data Eval:
  Num examples: 1856  Num correct: 1327  Precision @ 1: 0.7150  AUC @ 1: 0.7711
Step 1200: loss = 8.4264 (0.316 sec)
Training Data Eval:
  Num examples: 8960  Num correct: 7332  Precision @ 1: 0.8183  AUC @ 1: 0.8912
Validation Data Eval:
  Num examples: 960  Num correct: 766  Precision @ 1: 0.7979  AUC @ 1: 0.8553
Test Data Eval:
  Num examples: 1856  Num correct: 1320  Precision @ 1: 0.7112  AUC @ 1: 0.7518
Step 1300: loss = 7.7681 (0.316 sec)
Training Data Eval:
  Num examples: 8960  Num correct: 7698  Precision @ 1: 0.8592  AUC @ 1: 0.9287
Validation Data Eval:
  Num examples: 960  Num correct: 775  Precision @ 1: 0.8073  AUC @ 1: 0.8674
Test Data Eval:
  Num examples: 1856  Num correct: 1354  Precision @ 1: 0.7295  AUC @ 1: 0.7876
Step 1400: loss = 7.1018 (0.367 sec)
Training Data Eval:
  Num examples: 8960  Num correct: 7684  Precision @ 1: 0.8576  AUC @ 1: 0.9299
Validation Data Eval:
  Num examples: 960  Num correct: 774  Precision @ 1: 0.8063  AUC @ 1: 0.8732
Test Data Eval:
  Num examples: 1856  Num correct: 1344  Precision @ 1: 0.7241  AUC @ 1: 0.7824
Step 1500: loss = 6.7496 (0.318 sec)
Training Data Eval:
  Num examples: 8960  Num correct: 7837  Precision @ 1: 0.8747  AUC @ 1: 0.9424
Validation Data Eval:
  Num examples: 960  Num correct: 777  Precision @ 1: 0.8094  AUC @ 1: 0.8762
Test Data Eval:
  Num examples: 1856  Num correct: 1360  Precision @ 1: 0.7328  AUC @ 1: 0.7937
Step 1600: loss = 6.0799 (0.318 sec)
Training Data Eval:
  Num examples: 8960  Num correct: 7803  Precision @ 1: 0.8709  AUC @ 1: 0.9516
Validation Data Eval:
  Num examples: 960  Num correct: 753  Precision @ 1: 0.7844  AUC @ 1: 0.8751
Test Data Eval:
  Num examples: 1856  Num correct: 1307  Precision @ 1: 0.7042  AUC @ 1: 0.7904
Step 1700: loss = 5.6346 (0.315 sec)
Training Data Eval:
  Num examples: 8960  Num correct: 8064  Precision @ 1: 0.9000  AUC @ 1: 0.9640
Validation Data Eval:
  Num examples: 960  Num correct: 764  Precision @ 1: 0.7958  AUC @ 1: 0.8700
Test Data Eval:
  Num examples: 1856  Num correct: 1326  Precision @ 1: 0.7144  AUC @ 1: 0.7804
Step 1800: loss = 5.3076 (0.316 sec)
Training Data Eval:
  Num examples: 8960  Num correct: 8184  Precision @ 1: 0.9134  AUC @ 1: 0.9695
Validation Data Eval:
  Num examples: 960  Num correct: 774  Precision @ 1: 0.8063  AUC @ 1: 0.8757
Test Data Eval:
  Num examples: 1856  Num correct: 1326  Precision @ 1: 0.7144  AUC @ 1: 0.7729
Step 1900: loss = 4.8794 (0.316 sec)
Training Data Eval:
  Num examples: 8960  Num correct: 8130  Precision @ 1: 0.9074  AUC @ 1: 0.9754
Validation Data Eval:
  Num examples: 960  Num correct: 775  Precision @ 1: 0.8073  AUC @ 1: 0.8703
Test Data Eval:
  Num examples: 1856  Num correct: 1357  Precision @ 1: 0.7311  AUC @ 1: 0.7712
Step 2000: loss = 4.4302 (0.317 sec)
Training Data Eval:
  Num examples: 8960  Num correct: 8393  Precision @ 1: 0.9367  AUC @ 1: 0.9853
Validation Data Eval:
  Num examples: 960  Num correct: 768  Precision @ 1: 0.8000  AUC @ 1: 0.8707
Test Data Eval:
  Num examples: 1856  Num correct: 1334  Precision @ 1: 0.7188  AUC @ 1: 0.7726
Step 2100: loss = 4.1409 (0.361 sec)
Training Data Eval:
  Num examples: 8960  Num correct: 8364  Precision @ 1: 0.9335  AUC @ 1: 0.9886
Validation Data Eval:
  Num examples: 960  Num correct: 765  Precision @ 1: 0.7969  AUC @ 1: 0.8655
Test Data Eval:
  Num examples: 1856  Num correct: 1349  Precision @ 1: 0.7268  AUC @ 1: 0.7716
Step 2200: loss = 3.8823 (0.317 sec)
Training Data Eval:
  Num examples: 8960  Num correct: 8468  Precision @ 1: 0.9451  AUC @ 1: 0.9893
Validation Data Eval:
  Num examples: 960  Num correct: 758  Precision @ 1: 0.7896  AUC @ 1: 0.8632
Test Data Eval:
  Num examples: 1856  Num correct: 1343  Precision @ 1: 0.7236  AUC @ 1: 0.7747
Step 2300: loss = 3.5738 (0.318 sec)
Training Data Eval:
  Num examples: 8960  Num correct: 8650  Precision @ 1: 0.9654  AUC @ 1: 0.9939
Validation Data Eval:
  Num examples: 960  Num correct: 754  Precision @ 1: 0.7854  AUC @ 1: 0.8688
Test Data Eval:
  Num examples: 1856  Num correct: 1269  Precision @ 1: 0.6837  AUC @ 1: 0.7682
Step 2400: loss = 3.2980 (0.317 sec)
Training Data Eval:
  Num examples: 8960  Num correct: 8663  Precision @ 1: 0.9669  AUC @ 1: 0.9955
Validation Data Eval:
  Num examples: 960  Num correct: 772  Precision @ 1: 0.8042  AUC @ 1: 0.8780
Test Data Eval:
  Num examples: 1856  Num correct: 1334  Precision @ 1: 0.7188  AUC @ 1: 0.7642
Step 2500: loss = 3.0535 (0.318 sec)
Training Data Eval:
  Num examples: 8960  Num correct: 8652  Precision @ 1: 0.9656  AUC @ 1: 0.9953
Validation Data Eval:
  Num examples: 960  Num correct: 760  Precision @ 1: 0.7917  AUC @ 1: 0.8665
Test Data Eval:
  Num examples: 1856  Num correct: 1307  Precision @ 1: 0.7042  AUC @ 1: 0.7719
Step 2600: loss = 2.9257 (0.319 sec)
Training Data Eval:
  Num examples: 8960  Num correct: 8712  Precision @ 1: 0.9723  AUC @ 1: 0.9963
Validation Data Eval:
  Num examples: 960  Num correct: 774  Precision @ 1: 0.8063  AUC @ 1: 0.8800
Test Data Eval:
  Num examples: 1856  Num correct: 1304  Precision @ 1: 0.7026  AUC @ 1: 0.7772
Step 2700: loss = 2.6339 (0.312 sec)
Training Data Eval:
  Num examples: 8960  Num correct: 8790  Precision @ 1: 0.9810  AUC @ 1: 0.9986
Validation Data Eval:
  Num examples: 960  Num correct: 772  Precision @ 1: 0.8042  AUC @ 1: 0.8759
Test Data Eval:
  Num examples: 1856  Num correct: 1286  Precision @ 1: 0.6929  AUC @ 1: 0.7583
Step 2800: loss = 2.5247 (0.364 sec)
Training Data Eval:
  Num examples: 8960  Num correct: 8733  Precision @ 1: 0.9747  AUC @ 1: 0.9982
Validation Data Eval:
  Num examples: 960  Num correct: 763  Precision @ 1: 0.7948  AUC @ 1: 0.8670
Test Data Eval:
  Num examples: 1856  Num correct: 1345  Precision @ 1: 0.7247  AUC @ 1: 0.7772
Step 2900: loss = 2.3921 (0.314 sec)
Training Data Eval:
  Num examples: 8960  Num correct: 8821  Precision @ 1: 0.9845  AUC @ 1: 0.9986
Validation Data Eval:
  Num examples: 960  Num correct: 752  Precision @ 1: 0.7833  AUC @ 1: 0.8667
Test Data Eval:
  Num examples: 1856  Num correct: 1311  Precision @ 1: 0.7064  AUC @ 1: 0.7684
Step 3000: loss = 2.1999 (0.317 sec)
Training Data Eval:
  Num examples: 8960  Num correct: 8823  Precision @ 1: 0.9847  AUC @ 1: 0.9991
Validation Data Eval:
  Num examples: 960  Num correct: 761  Precision @ 1: 0.7927  AUC @ 1: 0.8687
Test Data Eval:
  Num examples: 1856  Num correct: 1297  Precision @ 1: 0.6988  AUC @ 1: 0.7665
Step 3100: loss = 2.0206 (0.318 sec)
Training Data Eval:
  Num examples: 8960  Num correct: 8813  Precision @ 1: 0.9836  AUC @ 1: 0.9994
Validation Data Eval:
  Num examples: 960  Num correct: 755  Precision @ 1: 0.7865  AUC @ 1: 0.8609
Test Data Eval:
  Num examples: 1856  Num correct: 1325  Precision @ 1: 0.7139  AUC @ 1: 0.7527
Step 3200: loss = 1.8585 (0.319 sec)
Training Data Eval:
  Num examples: 8960  Num correct: 8860  Precision @ 1: 0.9888  AUC @ 1: 0.9996
Validation Data Eval:
  Num examples: 960  Num correct: 765  Precision @ 1: 0.7969  AUC @ 1: 0.8645
Test Data Eval:
  Num examples: 1856  Num correct: 1343  Precision @ 1: 0.7236  AUC @ 1: 0.7713
Step 3300: loss = 1.8051 (0.317 sec)
Training Data Eval:
  Num examples: 8960  Num correct: 8889  Precision @ 1: 0.9921  AUC @ 1: 0.9997
Validation Data Eval:
  Num examples: 960  Num correct: 756  Precision @ 1: 0.7875  AUC @ 1: 0.8613
Test Data Eval:
  Num examples: 1856  Num correct: 1305  Precision @ 1: 0.7031  AUC @ 1: 0.7534
Step 3400: loss = 1.6399 (0.317 sec)
Training Data Eval:
  Num examples: 8960  Num correct: 8874  Precision @ 1: 0.9904  AUC @ 1: 0.9996
Validation Data Eval:
  Num examples: 960  Num correct: 766  Precision @ 1: 0.7979  AUC @ 1: 0.8661
Test Data Eval:
  Num examples: 1856  Num correct: 1305  Precision @ 1: 0.7031  AUC @ 1: 0.7631
Step 3500: loss = 1.5600 (0.361 sec)
Training Data Eval:
  Num examples: 8960  Num correct: 8904  Precision @ 1: 0.9938  AUC @ 1: 0.9998
Validation Data Eval:
  Num examples: 960  Num correct: 756  Precision @ 1: 0.7875  AUC @ 1: 0.8585
Test Data Eval:
  Num examples: 1856  Num correct: 1270  Precision @ 1: 0.6843  AUC @ 1: 0.7388
Step 3600: loss = 1.4446 (0.316 sec)
Training Data Eval:
  Num examples: 8960  Num correct: 8900  Precision @ 1: 0.9933  AUC @ 1: 0.9998
Validation Data Eval:
  Num examples: 960  Num correct: 746  Precision @ 1: 0.7771  AUC @ 1: 0.8597
Test Data Eval:
  Num examples: 1856  Num correct: 1324  Precision @ 1: 0.7134  AUC @ 1: 0.7599
Step 3700: loss = 1.4539 (0.318 sec)
Training Data Eval:
  Num examples: 8960  Num correct: 8885  Precision @ 1: 0.9916  AUC @ 1: 0.9997
Validation Data Eval:
  Num examples: 960  Num correct: 745  Precision @ 1: 0.7760  AUC @ 1: 0.8558
Test Data Eval:
  Num examples: 1856  Num correct: 1295  Precision @ 1: 0.6977  AUC @ 1: 0.7502
Step 3800: loss = 1.2789 (0.311 sec)
Training Data Eval:
  Num examples: 8960  Num correct: 8864  Precision @ 1: 0.9893  AUC @ 1: 0.9998
Validation Data Eval:
  Num examples: 960  Num correct: 761  Precision @ 1: 0.7927  AUC @ 1: 0.8530
Test Data Eval:
  Num examples: 1856  Num correct: 1330  Precision @ 1: 0.7166  AUC @ 1: 0.7537
Step 3900: loss = 1.2488 (0.315 sec)
Training Data Eval:
  Num examples: 8960  Num correct: 8910  Precision @ 1: 0.9944  AUC @ 1: 0.9999
Validation Data Eval:
  Num examples: 960  Num correct: 766  Precision @ 1: 0.7979  AUC @ 1: 0.8538
Test Data Eval:
  Num examples: 1856  Num correct: 1298  Precision @ 1: 0.6994  AUC @ 1: 0.7532
Step 4000: loss = 1.2057 (0.314 sec)
Training Data Eval:
  Num examples: 8960  Num correct: 8905  Precision @ 1: 0.9939  AUC @ 1: 0.9998
Validation Data Eval:
  Num examples: 960  Num correct: 758  Precision @ 1: 0.7896  AUC @ 1: 0.8664
Test Data Eval:
  Num examples: 1856  Num correct: 1327  Precision @ 1: 0.7150  AUC @ 1: 0.7732
Step 4100: loss = 1.2186 (0.319 sec)
Training Data Eval:
  Num examples: 8960  Num correct: 8915  Precision @ 1: 0.9950  AUC @ 1: 0.9999
Validation Data Eval:
  Num examples: 960  Num correct: 754  Precision @ 1: 0.7854  AUC @ 1: 0.8636
Test Data Eval:
  Num examples: 1856  Num correct: 1287  Precision @ 1: 0.6934  AUC @ 1: 0.7581
Step 4200: loss = 1.0130 (0.362 sec)
Training Data Eval:
  Num examples: 8960  Num correct: 8905  Precision @ 1: 0.9939  AUC @ 1: 0.9999
Validation Data Eval:
  Num examples: 960  Num correct: 756  Precision @ 1: 0.7875  AUC @ 1: 0.8669
Test Data Eval:
  Num examples: 1856  Num correct: 1270  Precision @ 1: 0.6843  AUC @ 1: 0.7566
Step 4300: loss = 1.0548 (0.315 sec)
Training Data Eval:
  Num examples: 8960  Num correct: 8907  Precision @ 1: 0.9941  AUC @ 1: 0.9996
Validation Data Eval:
  Num examples: 960  Num correct: 767  Precision @ 1: 0.7990  AUC @ 1: 0.8721
Test Data Eval:
  Num examples: 1856  Num correct: 1306  Precision @ 1: 0.7037  AUC @ 1: 0.7537
Step 4400: loss = 0.9097 (0.315 sec)
Training Data Eval:
  Num examples: 8960  Num correct: 8931  Precision @ 1: 0.9968  AUC @ 1: 0.9999
Validation Data Eval:
  Num examples: 960  Num correct: 768  Precision @ 1: 0.8000  AUC @ 1: 0.8614
Test Data Eval:
  Num examples: 1856  Num correct: 1341  Precision @ 1: 0.7225  AUC @ 1: 0.7660
Step 4500: loss = 0.9581 (0.317 sec)
Training Data Eval:
  Num examples: 8960  Num correct: 8939  Precision @ 1: 0.9977  AUC @ 1: 1.0000
Validation Data Eval:
  Num examples: 960  Num correct: 755  Precision @ 1: 0.7865  AUC @ 1: 0.8623
Test Data Eval:
  Num examples: 1856  Num correct: 1286  Precision @ 1: 0.6929  AUC @ 1: 0.7575
Step 4600: loss = 0.8559 (0.317 sec)
Training Data Eval:
  Num examples: 8960  Num correct: 8925  Precision @ 1: 0.9961  AUC @ 1: 1.0000
Validation Data Eval:
  Num examples: 960  Num correct: 750  Precision @ 1: 0.7812  AUC @ 1: 0.8611
Test Data Eval:
  Num examples: 1856  Num correct: 1282  Precision @ 1: 0.6907  AUC @ 1: 0.7548
Step 4700: loss = 0.7863 (0.314 sec)
Training Data Eval:
  Num examples: 8960  Num correct: 8943  Precision @ 1: 0.9981  AUC @ 1: 1.0000
Validation Data Eval:
  Num examples: 960  Num correct: 776  Precision @ 1: 0.8083  AUC @ 1: 0.8749
Test Data Eval:
  Num examples: 1856  Num correct: 1309  Precision @ 1: 0.7053  AUC @ 1: 0.7564
Step 4800: loss = 0.7126 (0.316 sec)
Training Data Eval:
  Num examples: 8960  Num correct: 8931  Precision @ 1: 0.9968  AUC @ 1: 1.0000
Validation Data Eval:
  Num examples: 960  Num correct: 761  Precision @ 1: 0.7927  AUC @ 1: 0.8653
Test Data Eval:
  Num examples: 1856  Num correct: 1307  Precision @ 1: 0.7042  AUC @ 1: 0.7411
Step 4900: loss = 0.8089 (0.364 sec)
Training Data Eval:
  Num examples: 8960  Num correct: 8936  Precision @ 1: 0.9973  AUC @ 1: 0.9999
Validation Data Eval:
  Num examples: 960  Num correct: 752  Precision @ 1: 0.7833  AUC @ 1: 0.8606
Test Data Eval:
  Num examples: 1856  Num correct: 1296  Precision @ 1: 0.6983  AUC @ 1: 0.7447
Step 5000: loss = 0.7585 (0.313 sec)
Training Data Eval:
  Num examples: 8960  Num correct: 8932  Precision @ 1: 0.9969  AUC @ 1: 1.0000
Validation Data Eval:
  Num examples: 960  Num correct: 773  Precision @ 1: 0.8052  AUC @ 1: 0.8713
Test Data Eval:
  Num examples: 1856  Num correct: 1308  Precision @ 1: 0.7047  AUC @ 1: 0.7477
Step 5100: loss = 0.6984 (0.314 sec)
Training Data Eval:
  Num examples: 8960  Num correct: 8943  Precision @ 1: 0.9981  AUC @ 1: 0.9999
Validation Data Eval:
  Num examples: 960  Num correct: 754  Precision @ 1: 0.7854  AUC @ 1: 0.8641
Test Data Eval:
  Num examples: 1856  Num correct: 1283  Precision @ 1: 0.6913  AUC @ 1: 0.7493
Step 5200: loss = 0.6460 (0.314 sec)
Training Data Eval:
  Num examples: 8960  Num correct: 8906  Precision @ 1: 0.9940  AUC @ 1: 0.9998
Validation Data Eval:
  Num examples: 960  Num correct: 755  Precision @ 1: 0.7865  AUC @ 1: 0.8603
Test Data Eval:
  Num examples: 1856  Num correct: 1324  Precision @ 1: 0.7134  AUC @ 1: 0.7746
Step 5300: loss = 0.6002 (0.316 sec)
Training Data Eval:
  Num examples: 8960  Num correct: 8941  Precision @ 1: 0.9979  AUC @ 1: 1.0000
Validation Data Eval:
  Num examples: 960  Num correct: 766  Precision @ 1: 0.7979  AUC @ 1: 0.8599
Test Data Eval:
  Num examples: 1856  Num correct: 1316  Precision @ 1: 0.7091  AUC @ 1: 0.7573
Step 5400: loss = 0.6210 (0.316 sec)
Training Data Eval:
  Num examples: 8960  Num correct: 8935  Precision @ 1: 0.9972  AUC @ 1: 1.0000
Validation Data Eval:
  Num examples: 960  Num correct: 767  Precision @ 1: 0.7990  AUC @ 1: 0.8584
Test Data Eval:
  Num examples: 1856  Num correct: 1335  Precision @ 1: 0.7193  AUC @ 1: 0.7640
Step 5500: loss = 0.5843 (0.314 sec)
Training Data Eval:
  Num examples: 8960  Num correct: 8931  Precision @ 1: 0.9968  AUC @ 1: 1.0000
Validation Data Eval:
  Num examples: 960  Num correct: 755  Precision @ 1: 0.7865  AUC @ 1: 0.8558
Test Data Eval:
  Num examples: 1856  Num correct: 1329  Precision @ 1: 0.7161  AUC @ 1: 0.7599
Step 5600: loss = 0.6085 (0.361 sec)
Training Data Eval:
  Num examples: 8960  Num correct: 8933  Precision @ 1: 0.9970  AUC @ 1: 1.0000
Validation Data Eval:
  Num examples: 960  Num correct: 762  Precision @ 1: 0.7937  AUC @ 1: 0.8698
Test Data Eval:
  Num examples: 1856  Num correct: 1313  Precision @ 1: 0.7074  AUC @ 1: 0.7675
Step 5700: loss = 0.5612 (0.316 sec)
Training Data Eval:
  Num examples: 8960  Num correct: 8941  Precision @ 1: 0.9979  AUC @ 1: 0.9999
Validation Data Eval:
  Num examples: 960  Num correct: 769  Precision @ 1: 0.8010  AUC @ 1: 0.8716
Test Data Eval:
  Num examples: 1856  Num correct: 1325  Precision @ 1: 0.7139  AUC @ 1: 0.7659
Step 5800: loss = 0.5317 (0.318 sec)
Training Data Eval:
  Num examples: 8960  Num correct: 8946  Precision @ 1: 0.9984  AUC @ 1: 1.0000
Validation Data Eval:
  Num examples: 960  Num correct: 777  Precision @ 1: 0.8094  AUC @ 1: 0.8666
Test Data Eval:
  Num examples: 1856  Num correct: 1311  Precision @ 1: 0.7064  AUC @ 1: 0.7675
Step 5900: loss = 0.4936 (0.317 sec)
Training Data Eval:
  Num examples: 8960  Num correct: 8940  Precision @ 1: 0.9978  AUC @ 1: 0.9999
Validation Data Eval:
  Num examples: 960  Num correct: 762  Precision @ 1: 0.7937  AUC @ 1: 0.8621
Test Data Eval:
  Num examples: 1856  Num correct: 1292  Precision @ 1: 0.6961  AUC @ 1: 0.7624
Step 6000: loss = 0.4861 (0.317 sec)
Training Data Eval:
  Num examples: 8960  Num correct: 8935  Precision @ 1: 0.9972  AUC @ 1: 1.0000
Validation Data Eval:
  Num examples: 960  Num correct: 767  Precision @ 1: 0.7990  AUC @ 1: 0.8609
Test Data Eval:
  Num examples: 1856  Num correct: 1328  Precision @ 1: 0.7155  AUC @ 1: 0.7580
Step 6100: loss = 0.5045 (0.315 sec)
Training Data Eval:
  Num examples: 8960  Num correct: 8949  Precision @ 1: 0.9988  AUC @ 1: 1.0000
Validation Data Eval:
  Num examples: 960  Num correct: 765  Precision @ 1: 0.7969  AUC @ 1: 0.8553
Test Data Eval:
  Num examples: 1856  Num correct: 1315  Precision @ 1: 0.7085  AUC @ 1: 0.7675
Step 6200: loss = 0.4548 (0.313 sec)
Training Data Eval:
  Num examples: 8960  Num correct: 8942  Precision @ 1: 0.9980  AUC @ 1: 1.0000
Validation Data Eval:
  Num examples: 960  Num correct: 754  Precision @ 1: 0.7854  AUC @ 1: 0.8463
Test Data Eval:
  Num examples: 1856  Num correct: 1305  Precision @ 1: 0.7031  AUC @ 1: 0.7571
Step 6300: loss = 0.4620 (0.361 sec)
Training Data Eval:
  Num examples: 8960  Num correct: 8955  Precision @ 1: 0.9994  AUC @ 1: 1.0000
Validation Data Eval:
  Num examples: 960  Num correct: 757  Precision @ 1: 0.7885  AUC @ 1: 0.8594
Test Data Eval:
  Num examples: 1856  Num correct: 1304  Precision @ 1: 0.7026  AUC @ 1: 0.7578
Step 6400: loss = 0.4343 (0.316 sec)
Training Data Eval:
  Num examples: 8960  Num correct: 8948  Precision @ 1: 0.9987  AUC @ 1: 1.0000
Validation Data Eval:
  Num examples: 960  Num correct: 757  Precision @ 1: 0.7885  AUC @ 1: 0.8545
Test Data Eval:
  Num examples: 1856  Num correct: 1289  Precision @ 1: 0.6945  AUC @ 1: 0.7543
Step 6500: loss = 0.4477 (0.316 sec)
Training Data Eval:
  Num examples: 8960  Num correct: 8947  Precision @ 1: 0.9985  AUC @ 1: 1.0000
Validation Data Eval:
  Num examples: 960  Num correct: 750  Precision @ 1: 0.7812  AUC @ 1: 0.8439
Test Data Eval:
  Num examples: 1856  Num correct: 1322  Precision @ 1: 0.7123  AUC @ 1: 0.7668
Step 6600: loss = 0.4359 (0.316 sec)
Training Data Eval:
  Num examples: 8960  Num correct: 8947  Precision @ 1: 0.9985  AUC @ 1: 1.0000
Validation Data Eval:
  Num examples: 960  Num correct: 771  Precision @ 1: 0.8031  AUC @ 1: 0.8579
Test Data Eval:
  Num examples: 1856  Num correct: 1344  Precision @ 1: 0.7241  AUC @ 1: 0.7777
Step 6700: loss = 0.4306 (0.311 sec)
Training Data Eval:
  Num examples: 8960  Num correct: 8941  Precision @ 1: 0.9979  AUC @ 1: 1.0000
Validation Data Eval:
  Num examples: 960  Num correct: 739  Precision @ 1: 0.7698  AUC @ 1: 0.8505
Test Data Eval:
  Num examples: 1856  Num correct: 1323  Precision @ 1: 0.7128  AUC @ 1: 0.7605
Step 6800: loss = 0.4284 (0.320 sec)
Training Data Eval:
  Num examples: 8960  Num correct: 8952  Precision @ 1: 0.9991  AUC @ 1: 1.0000
Validation Data Eval:
  Num examples: 960  Num correct: 756  Precision @ 1: 0.7875  AUC @ 1: 0.8567
Test Data Eval:
  Num examples: 1856  Num correct: 1322  Precision @ 1: 0.7123  AUC @ 1: 0.7608
Step 6900: loss = 0.3972 (0.316 sec)
Training Data Eval:
  Num examples: 8960  Num correct: 8949  Precision @ 1: 0.9988  AUC @ 1: 1.0000
Validation Data Eval:
  Num examples: 960  Num correct: 756  Precision @ 1: 0.7875  AUC @ 1: 0.8663
Test Data Eval:
  Num examples: 1856  Num correct: 1321  Precision @ 1: 0.7117  AUC @ 1: 0.7689
Step 7000: loss = 0.3996 (0.358 sec)
Training Data Eval:
  Num examples: 8960  Num correct: 8940  Precision @ 1: 0.9978  AUC @ 1: 1.0000
Validation Data Eval:
  Num examples: 960  Num correct: 755  Precision @ 1: 0.7865  AUC @ 1: 0.8571
Test Data Eval:
  Num examples: 1856  Num correct: 1307  Precision @ 1: 0.7042  AUC @ 1: 0.7601
Step 7100: loss = 0.4248 (0.317 sec)
Training Data Eval:
  Num examples: 8960  Num correct: 8941  Precision @ 1: 0.9979  AUC @ 1: 1.0000
Validation Data Eval:
  Num examples: 960  Num correct: 758  Precision @ 1: 0.7896  AUC @ 1: 0.8570
Test Data Eval:
  Num examples: 1856  Num correct: 1289  Precision @ 1: 0.6945  AUC @ 1: 0.7569
Step 7200: loss = 0.4275 (0.317 sec)
Training Data Eval:
  Num examples: 8960  Num correct: 8951  Precision @ 1: 0.9990  AUC @ 1: 1.0000
Validation Data Eval:
  Num examples: 960  Num correct: 781  Precision @ 1: 0.8135  AUC @ 1: 0.8627
Test Data Eval:
  Num examples: 1856  Num correct: 1315  Precision @ 1: 0.7085  AUC @ 1: 0.7630
Step 7300: loss = 0.4127 (0.315 sec)
Training Data Eval:
  Num examples: 8960  Num correct: 8951  Precision @ 1: 0.9990  AUC @ 1: 0.9999
Validation Data Eval:
  Num examples: 960  Num correct: 766  Precision @ 1: 0.7979  AUC @ 1: 0.8597
Test Data Eval:
  Num examples: 1856  Num correct: 1316  Precision @ 1: 0.7091  AUC @ 1: 0.7577
Step 7400: loss = 0.3864 (0.316 sec)
Training Data Eval:
  Num examples: 8960  Num correct: 8948  Precision @ 1: 0.9987  AUC @ 1: 1.0000
Validation Data Eval:
  Num examples: 960  Num correct: 764  Precision @ 1: 0.7958  AUC @ 1: 0.8556
Test Data Eval:
  Num examples: 1856  Num correct: 1344  Precision @ 1: 0.7241  AUC @ 1: 0.7597
Step 7500: loss = 0.4124 (0.319 sec)
Training Data Eval:
  Num examples: 8960  Num correct: 8953  Precision @ 1: 0.9992  AUC @ 1: 1.0000
Validation Data Eval:
  Num examples: 960  Num correct: 762  Precision @ 1: 0.7937  AUC @ 1: 0.8543
Test Data Eval:
  Num examples: 1856  Num correct: 1305  Precision @ 1: 0.7031  AUC @ 1: 0.7500
Step 7600: loss = 0.3959 (0.317 sec)
Training Data Eval:
  Num examples: 8960  Num correct: 8955  Precision @ 1: 0.9994  AUC @ 1: 1.0000
Validation Data Eval:
  Num examples: 960  Num correct: 758  Precision @ 1: 0.7896  AUC @ 1: 0.8617
Test Data Eval:
  Num examples: 1856  Num correct: 1321  Precision @ 1: 0.7117  AUC @ 1: 0.7666
Step 7700: loss = 0.3949 (0.365 sec)
Training Data Eval:
  Num examples: 8960  Num correct: 8952  Precision @ 1: 0.9991  AUC @ 1: 1.0000
Validation Data Eval:
  Num examples: 960  Num correct: 765  Precision @ 1: 0.7969  AUC @ 1: 0.8600
Test Data Eval:
  Num examples: 1856  Num correct: 1342  Precision @ 1: 0.7231  AUC @ 1: 0.7716
Step 7800: loss = 0.4958 (0.318 sec)
Training Data Eval:
  Num examples: 8960  Num correct: 8951  Precision @ 1: 0.9990  AUC @ 1: 1.0000
Validation Data Eval:
  Num examples: 960  Num correct: 746  Precision @ 1: 0.7771  AUC @ 1: 0.8556
Test Data Eval:
  Num examples: 1856  Num correct: 1330  Precision @ 1: 0.7166  AUC @ 1: 0.7749
Step 7900: loss = 0.3967 (0.316 sec)
Training Data Eval:
  Num examples: 8960  Num correct: 8947  Precision @ 1: 0.9985  AUC @ 1: 1.0000
Validation Data Eval:
  Num examples: 960  Num correct: 774  Precision @ 1: 0.8063  AUC @ 1: 0.8630
Test Data Eval:
  Num examples: 1856  Num correct: 1330  Precision @ 1: 0.7166  AUC @ 1: 0.7696
Step 8000: loss = 0.3452 (0.318 sec)
Training Data Eval:
  Num examples: 8960  Num correct: 8921  Precision @ 1: 0.9956  AUC @ 1: 0.9999
Validation Data Eval:
  Num examples: 960  Num correct: 754  Precision @ 1: 0.7854  AUC @ 1: 0.8498
Test Data Eval:
  Num examples: 1856  Num correct: 1319  Precision @ 1: 0.7107  AUC @ 1: 0.7439
Step 8100: loss = 0.3730 (0.315 sec)
Training Data Eval:
  Num examples: 8960  Num correct: 8938  Precision @ 1: 0.9975  AUC @ 1: 0.9999
Validation Data Eval:
  Num examples: 960  Num correct: 767  Precision @ 1: 0.7990  AUC @ 1: 0.8659
Test Data Eval:
  Num examples: 1856  Num correct: 1323  Precision @ 1: 0.7128  AUC @ 1: 0.7564
Step 8200: loss = 0.3937 (0.317 sec)
Training Data Eval:
  Num examples: 8960  Num correct: 8943  Precision @ 1: 0.9981  AUC @ 1: 1.0000
Validation Data Eval:
  Num examples: 960  Num correct: 767  Precision @ 1: 0.7990  AUC @ 1: 0.8545
Test Data Eval:
  Num examples: 1856  Num correct: 1308  Precision @ 1: 0.7047  AUC @ 1: 0.7618
Step 8300: loss = 0.4580 (0.317 sec)
Training Data Eval:
  Num examples: 8960  Num correct: 8954  Precision @ 1: 0.9993  AUC @ 1: 1.0000
Validation Data Eval:
  Num examples: 960  Num correct: 771  Precision @ 1: 0.8031  AUC @ 1: 0.8545
Test Data Eval:
  Num examples: 1856  Num correct: 1326  Precision @ 1: 0.7144  AUC @ 1: 0.7671
Step 8400: loss = 0.3469 (0.363 sec)
Training Data Eval:
  Num examples: 8960  Num correct: 8950  Precision @ 1: 0.9989  AUC @ 1: 1.0000
Validation Data Eval:
  Num examples: 960  Num correct: 761  Precision @ 1: 0.7927  AUC @ 1: 0.8560
Test Data Eval:
  Num examples: 1856  Num correct: 1311  Precision @ 1: 0.7064  AUC @ 1: 0.7628
Step 8500: loss = 0.3654 (0.316 sec)
Training Data Eval:
  Num examples: 8960  Num correct: 8949  Precision @ 1: 0.9988  AUC @ 1: 1.0000
Validation Data Eval:
  Num examples: 960  Num correct: 764  Precision @ 1: 0.7958  AUC @ 1: 0.8610
Test Data Eval:
  Num examples: 1856  Num correct: 1323  Precision @ 1: 0.7128  AUC @ 1: 0.7558
Step 8600: loss = 0.4715 (0.316 sec)
Training Data Eval:
  Num examples: 8960  Num correct: 8949  Precision @ 1: 0.9988  AUC @ 1: 1.0000
Validation Data Eval:
  Num examples: 960  Num correct: 731  Precision @ 1: 0.7615  AUC @ 1: 0.8504
Test Data Eval:
  Num examples: 1856  Num correct: 1298  Precision @ 1: 0.6994  AUC @ 1: 0.7578
Step 8700: loss = 0.3579 (0.318 sec)
Training Data Eval:
  Num examples: 8960  Num correct: 8949  Precision @ 1: 0.9988  AUC @ 1: 1.0000
Validation Data Eval:
  Num examples: 960  Num correct: 763  Precision @ 1: 0.7948  AUC @ 1: 0.8571
Test Data Eval:
  Num examples: 1856  Num correct: 1315  Precision @ 1: 0.7085  AUC @ 1: 0.7648
Step 8800: loss = 0.3625 (0.315 sec)
Training Data Eval:
  Num examples: 8960  Num correct: 8948  Precision @ 1: 0.9987  AUC @ 1: 1.0000
Validation Data Eval:
  Num examples: 960  Num correct: 769  Precision @ 1: 0.8010  AUC @ 1: 0.8575
Test Data Eval:
  Num examples: 1856  Num correct: 1342  Precision @ 1: 0.7231  AUC @ 1: 0.7756
Step 8900: loss = 0.4090 (0.319 sec)
Training Data Eval:
  Num examples: 8960  Num correct: 8928  Precision @ 1: 0.9964  AUC @ 1: 1.0000
Validation Data Eval:
  Num examples: 960  Num correct: 737  Precision @ 1: 0.7677  AUC @ 1: 0.8505
Test Data Eval:
  Num examples: 1856  Num correct: 1281  Precision @ 1: 0.6902  AUC @ 1: 0.7704
Step 9000: loss = 0.3491 (0.315 sec)
Training Data Eval:
  Num examples: 8960  Num correct: 8951  Precision @ 1: 0.9990  AUC @ 1: 1.0000
Validation Data Eval:
  Num examples: 960  Num correct: 756  Precision @ 1: 0.7875  AUC @ 1: 0.8609
Test Data Eval:
  Num examples: 1856  Num correct: 1303  Precision @ 1: 0.7020  AUC @ 1: 0.7629
Step 9100: loss = 0.3709 (0.360 sec)
Training Data Eval:
  Num examples: 8960  Num correct: 8926  Precision @ 1: 0.9962  AUC @ 1: 0.9998
Validation Data Eval:
  Num examples: 960  Num correct: 740  Precision @ 1: 0.7708  AUC @ 1: 0.8495
Test Data Eval:
  Num examples: 1856  Num correct: 1284  Precision @ 1: 0.6918  AUC @ 1: 0.7494
Step 9200: loss = 0.4060 (0.315 sec)
Training Data Eval:
  Num examples: 8960  Num correct: 8944  Precision @ 1: 0.9982  AUC @ 1: 1.0000
Validation Data Eval:
  Num examples: 960  Num correct: 749  Precision @ 1: 0.7802  AUC @ 1: 0.8459
Test Data Eval:
  Num examples: 1856  Num correct: 1319  Precision @ 1: 0.7107  AUC @ 1: 0.7499
Step 9300: loss = 0.3797 (0.317 sec)
Training Data Eval:
  Num examples: 8960  Num correct: 8948  Precision @ 1: 0.9987  AUC @ 1: 1.0000
Validation Data Eval:
  Num examples: 960  Num correct: 745  Precision @ 1: 0.7760  AUC @ 1: 0.8457
Test Data Eval:
  Num examples: 1856  Num correct: 1363  Precision @ 1: 0.7344  AUC @ 1: 0.7735
Step 9400: loss = 0.3644 (0.316 sec)
Training Data Eval:
  Num examples: 8960  Num correct: 8934  Precision @ 1: 0.9971  AUC @ 1: 1.0000
Validation Data Eval:
  Num examples: 960  Num correct: 730  Precision @ 1: 0.7604  AUC @ 1: 0.8415
Test Data Eval:
  Num examples: 1856  Num correct: 1285  Precision @ 1: 0.6923  AUC @ 1: 0.7558
Step 9500: loss = 0.4539 (0.319 sec)
Training Data Eval:
  Num examples: 8960  Num correct: 8949  Precision @ 1: 0.9988  AUC @ 1: 1.0000
Validation Data Eval:
  Num examples: 960  Num correct: 733  Precision @ 1: 0.7635  AUC @ 1: 0.8351
Test Data Eval:
  Num examples: 1856  Num correct: 1323  Precision @ 1: 0.7128  AUC @ 1: 0.7693
Step 9600: loss = 0.3560 (0.316 sec)
Training Data Eval:
  Num examples: 8960  Num correct: 8951  Precision @ 1: 0.9990  AUC @ 1: 1.0000
Validation Data Eval:
  Num examples: 960  Num correct: 739  Precision @ 1: 0.7698  AUC @ 1: 0.8413
Test Data Eval:
  Num examples: 1856  Num correct: 1313  Precision @ 1: 0.7074  AUC @ 1: 0.7666
Step 9700: loss = 0.3454 (0.315 sec)
Training Data Eval:
  Num examples: 8960  Num correct: 8946  Precision @ 1: 0.9984  AUC @ 1: 1.0000
Validation Data Eval:
  Num examples: 960  Num correct: 734  Precision @ 1: 0.7646  AUC @ 1: 0.8389
Test Data Eval:
  Num examples: 1856  Num correct: 1293  Precision @ 1: 0.6967  AUC @ 1: 0.7620
Step 9800: loss = 0.3604 (0.362 sec)
Training Data Eval:
  Num examples: 8960  Num correct: 8957  Precision @ 1: 0.9997  AUC @ 1: 1.0000
Validation Data Eval:
  Num examples: 960  Num correct: 763  Precision @ 1: 0.7948  AUC @ 1: 0.8539
Test Data Eval:
  Num examples: 1856  Num correct: 1345  Precision @ 1: 0.7247  AUC @ 1: 0.7713
Step 9900: loss = 0.3415 (0.313 sec)
Training Data Eval:
  Num examples: 8960  Num correct: 8873  Precision @ 1: 0.9903  AUC @ 1: 0.9995
Validation Data Eval:
  Num examples: 960  Num correct: 746  Precision @ 1: 0.7771  AUC @ 1: 0.8456
Test Data Eval:
  Num examples: 1856  Num correct: 1298  Precision @ 1: 0.6994  AUC @ 1: 0.7623
