Training data shape: 	(10000, 64, 64, 1)
Training label shape:	(10000,)
Testing data shape:  	(1910, 64, 64, 1)
Testing label shape: 	(1910,)
max input value is: 153.458
min input value is: -104.189
random permuted training data
==============================================================================
Model: 			inference_roicnn
Tensor Name: 	Placeholder:0
[64, 64, 64, 1]
==============================================================================
Tensor Name: concat_64:0
[64, 320, 64, 1]
==============================================================================
Tensor Name: concat_129:0
[64, 320, 320, 1]
==============================================================================
Tensor Name: conv0/conv0:0
[64, 64, 64, 32]
==============================================================================
Tensor Name: concat_194:0
[64, 320, 64, 32]
==============================================================================
Tensor Name: concat_259:0
[64, 320, 320, 32]
==============================================================================
Tensor Name: conv1/conv1:0
[64, 64, 64, 8]
==============================================================================
Tensor Name: concat_324:0
[64, 320, 64, 8]
==============================================================================
Tensor Name: concat_389:0
[64, 320, 320, 8]
==============================================================================
Tensor Name: conv2/conv2:0
[64, 64, 64, 4]
==============================================================================
Tensor Name: local1/local1:0
[64, 128]
==============================================================================
Tensor Name: local2/local2:0
[64, 128]
==============================================================================
Tensor Name: softmax_linear/softmax_linear:0
[64, 2]
Step 0: loss = 5.9218 (0.790 sec)
Training Data Eval:
  Num examples: 8960  Num correct: 5040  Precision @ 1: 0.5625  AUC @ 1: 0.4955
Validation Data Eval:
  Num examples: 960  Num correct: 522  Precision @ 1: 0.5437  AUC @ 1: 0.4862
Test Data Eval:
  Num examples: 1856  Num correct: 1063  Precision @ 1: 0.5727  AUC @ 1: 0.5214
Step 100: loss = 5.4982 (0.443 sec)
Training Data Eval:
  Num examples: 8960  Num correct: 5051  Precision @ 1: 0.5637  AUC @ 1: 0.5149
Validation Data Eval:
  Num examples: 960  Num correct: 521  Precision @ 1: 0.5427  AUC @ 1: 0.5013
Test Data Eval:
  Num examples: 1856  Num correct: 1067  Precision @ 1: 0.5749  AUC @ 1: 0.5100
Step 200: loss = 5.1426 (0.446 sec)
Training Data Eval:
  Num examples: 8960  Num correct: 4975  Precision @ 1: 0.5552  AUC @ 1: 0.5505
Validation Data Eval:
  Num examples: 960  Num correct: 524  Precision @ 1: 0.5458  AUC @ 1: 0.5533
Test Data Eval:
  Num examples: 1856  Num correct: 1073  Precision @ 1: 0.5781  AUC @ 1: 0.5369
Step 300: loss = 4.7887 (0.448 sec)
Training Data Eval:
  Num examples: 8960  Num correct: 5033  Precision @ 1: 0.5617  AUC @ 1: 0.5687
Validation Data Eval:
  Num examples: 960  Num correct: 524  Precision @ 1: 0.5458  AUC @ 1: 0.5682
Test Data Eval:
  Num examples: 1856  Num correct: 1072  Precision @ 1: 0.5776  AUC @ 1: 0.5655
Step 400: loss = 4.4623 (0.449 sec)
Training Data Eval:
  Num examples: 8960  Num correct: 5021  Precision @ 1: 0.5604  AUC @ 1: 0.5926
Validation Data Eval:
  Num examples: 960  Num correct: 526  Precision @ 1: 0.5479  AUC @ 1: 0.5848
Test Data Eval:
  Num examples: 1856  Num correct: 1061  Precision @ 1: 0.5717  AUC @ 1: 0.5862
Step 500: loss = 4.1855 (0.444 sec)
Training Data Eval:
  Num examples: 8960  Num correct: 5011  Precision @ 1: 0.5593  AUC @ 1: 0.6086
Validation Data Eval:
  Num examples: 960  Num correct: 526  Precision @ 1: 0.5479  AUC @ 1: 0.6078
Test Data Eval:
  Num examples: 1856  Num correct: 1070  Precision @ 1: 0.5765  AUC @ 1: 0.5978
Step 600: loss = 3.9379 (0.445 sec)
Training Data Eval:
  Num examples: 8960  Num correct: 5016  Precision @ 1: 0.5598  AUC @ 1: 0.6433
Validation Data Eval:
  Num examples: 960  Num correct: 522  Precision @ 1: 0.5437  AUC @ 1: 0.6388
Test Data Eval:
  Num examples: 1856  Num correct: 1069  Precision @ 1: 0.5760  AUC @ 1: 0.6260
Step 700: loss = 3.6639 (0.492 sec)
Training Data Eval:
  Num examples: 8960  Num correct: 4997  Precision @ 1: 0.5577  AUC @ 1: 0.6490
Validation Data Eval:
  Num examples: 960  Num correct: 525  Precision @ 1: 0.5469  AUC @ 1: 0.6468
Test Data Eval:
  Num examples: 1856  Num correct: 1072  Precision @ 1: 0.5776  AUC @ 1: 0.6250
Step 800: loss = 3.4572 (0.448 sec)
Training Data Eval:
  Num examples: 8960  Num correct: 4925  Precision @ 1: 0.5497  AUC @ 1: 0.6557
Validation Data Eval:
  Num examples: 960  Num correct: 534  Precision @ 1: 0.5563  AUC @ 1: 0.6573
Test Data Eval:
  Num examples: 1856  Num correct: 1072  Precision @ 1: 0.5776  AUC @ 1: 0.6384
Step 900: loss = 3.2259 (0.448 sec)
Training Data Eval:
  Num examples: 8960  Num correct: 5009  Precision @ 1: 0.5590  AUC @ 1: 0.6537
Validation Data Eval:
  Num examples: 960  Num correct: 530  Precision @ 1: 0.5521  AUC @ 1: 0.6592
Test Data Eval:
  Num examples: 1856  Num correct: 1067  Precision @ 1: 0.5749  AUC @ 1: 0.6306
Step 1000: loss = 3.0566 (0.448 sec)
Training Data Eval:
  Num examples: 8960  Num correct: 5018  Precision @ 1: 0.5600  AUC @ 1: 0.6636
Validation Data Eval:
  Num examples: 960  Num correct: 532  Precision @ 1: 0.5542  AUC @ 1: 0.6627
Test Data Eval:
  Num examples: 1856  Num correct: 1068  Precision @ 1: 0.5754  AUC @ 1: 0.6469
Step 1100: loss = 2.8410 (0.447 sec)
Training Data Eval:
  Num examples: 8960  Num correct: 4980  Precision @ 1: 0.5558  AUC @ 1: 0.6855
Validation Data Eval:
  Num examples: 960  Num correct: 530  Precision @ 1: 0.5521  AUC @ 1: 0.6764
Test Data Eval:
  Num examples: 1856  Num correct: 1063  Precision @ 1: 0.5727  AUC @ 1: 0.6605
Step 1200: loss = 2.6809 (0.449 sec)
Training Data Eval:
  Num examples: 8960  Num correct: 4981  Precision @ 1: 0.5559  AUC @ 1: 0.7127
Validation Data Eval:
  Num examples: 960  Num correct: 526  Precision @ 1: 0.5479  AUC @ 1: 0.6949
Test Data Eval:
  Num examples: 1856  Num correct: 1067  Precision @ 1: 0.5749  AUC @ 1: 0.6851
Step 1300: loss = 2.5187 (0.449 sec)
Training Data Eval:
  Num examples: 8960  Num correct: 6618  Precision @ 1: 0.7386  AUC @ 1: 0.7793
Validation Data Eval:
  Num examples: 960  Num correct: 693  Precision @ 1: 0.7219  AUC @ 1: 0.7578
Test Data Eval:
  Num examples: 1856  Num correct: 1293  Precision @ 1: 0.6967  AUC @ 1: 0.7314
Step 1400: loss = 2.2230 (0.494 sec)
Training Data Eval:
  Num examples: 8960  Num correct: 6923  Precision @ 1: 0.7727  AUC @ 1: 0.8123
Validation Data Eval:
  Num examples: 960  Num correct: 717  Precision @ 1: 0.7469  AUC @ 1: 0.7848
Test Data Eval:
  Num examples: 1856  Num correct: 1318  Precision @ 1: 0.7101  AUC @ 1: 0.7472
Step 1500: loss = 2.1866 (0.446 sec)
Training Data Eval:
  Num examples: 8960  Num correct: 6941  Precision @ 1: 0.7747  AUC @ 1: 0.8406
Validation Data Eval:
  Num examples: 960  Num correct: 719  Precision @ 1: 0.7490  AUC @ 1: 0.7996
Test Data Eval:
  Num examples: 1856  Num correct: 1309  Precision @ 1: 0.7053  AUC @ 1: 0.7503
Step 1600: loss = 1.9212 (0.443 sec)
Training Data Eval:
  Num examples: 8960  Num correct: 7078  Precision @ 1: 0.7900  AUC @ 1: 0.8591
Validation Data Eval:
  Num examples: 960  Num correct: 722  Precision @ 1: 0.7521  AUC @ 1: 0.8176
Test Data Eval:
  Num examples: 1856  Num correct: 1301  Precision @ 1: 0.7010  AUC @ 1: 0.7458
Step 1700: loss = 1.9054 (0.448 sec)
Training Data Eval:
  Num examples: 8960  Num correct: 7114  Precision @ 1: 0.7940  AUC @ 1: 0.8728
Validation Data Eval:
  Num examples: 960  Num correct: 732  Precision @ 1: 0.7625  AUC @ 1: 0.8280
Test Data Eval:
  Num examples: 1856  Num correct: 1298  Precision @ 1: 0.6994  AUC @ 1: 0.7781
Step 1800: loss = 1.7762 (0.448 sec)
Training Data Eval:
  Num examples: 8960  Num correct: 7277  Precision @ 1: 0.8122  AUC @ 1: 0.8792
Validation Data Eval:
  Num examples: 960  Num correct: 735  Precision @ 1: 0.7656  AUC @ 1: 0.8309
Test Data Eval:
  Num examples: 1856  Num correct: 1331  Precision @ 1: 0.7171  AUC @ 1: 0.7766
Step 1900: loss = 1.4701 (0.443 sec)
Training Data Eval:
  Num examples: 8960  Num correct: 7322  Precision @ 1: 0.8172  AUC @ 1: 0.8911
Validation Data Eval:
  Num examples: 960  Num correct: 748  Precision @ 1: 0.7792  AUC @ 1: 0.8329
Test Data Eval:
  Num examples: 1856  Num correct: 1344  Precision @ 1: 0.7241  AUC @ 1: 0.7724
Step 2000: loss = 1.3534 (0.449 sec)
Training Data Eval:
  Num examples: 8960  Num correct: 7321  Precision @ 1: 0.8171  AUC @ 1: 0.9092
Validation Data Eval:
  Num examples: 960  Num correct: 737  Precision @ 1: 0.7677  AUC @ 1: 0.8366
Test Data Eval:
  Num examples: 1856  Num correct: 1347  Precision @ 1: 0.7258  AUC @ 1: 0.7876
Step 2100: loss = 1.4856 (0.493 sec)
Training Data Eval:
  Num examples: 8960  Num correct: 7547  Precision @ 1: 0.8423  AUC @ 1: 0.9104
Validation Data Eval:
  Num examples: 960  Num correct: 764  Precision @ 1: 0.7958  AUC @ 1: 0.8432
Test Data Eval:
  Num examples: 1856  Num correct: 1352  Precision @ 1: 0.7284  AUC @ 1: 0.7741
Step 2200: loss = 1.2953 (0.446 sec)
Training Data Eval:
  Num examples: 8960  Num correct: 7659  Precision @ 1: 0.8548  AUC @ 1: 0.9269
Validation Data Eval:
  Num examples: 960  Num correct: 741  Precision @ 1: 0.7719  AUC @ 1: 0.8440
Test Data Eval:
  Num examples: 1856  Num correct: 1350  Precision @ 1: 0.7274  AUC @ 1: 0.7906
Step 2300: loss = 1.2193 (0.450 sec)
Training Data Eval:
  Num examples: 8960  Num correct: 7771  Precision @ 1: 0.8673  AUC @ 1: 0.9366
Validation Data Eval:
  Num examples: 960  Num correct: 738  Precision @ 1: 0.7688  AUC @ 1: 0.8454
Test Data Eval:
  Num examples: 1856  Num correct: 1342  Precision @ 1: 0.7231  AUC @ 1: 0.7767
Step 2400: loss = 1.1555 (0.446 sec)
Training Data Eval:
  Num examples: 8960  Num correct: 7826  Precision @ 1: 0.8734  AUC @ 1: 0.9407
Validation Data Eval:
  Num examples: 960  Num correct: 746  Precision @ 1: 0.7771  AUC @ 1: 0.8419
Test Data Eval:
  Num examples: 1856  Num correct: 1322  Precision @ 1: 0.7123  AUC @ 1: 0.7820
Step 2500: loss = 0.9888 (0.450 sec)
Training Data Eval:
  Num examples: 8960  Num correct: 7816  Precision @ 1: 0.8723  AUC @ 1: 0.9466
Validation Data Eval:
  Num examples: 960  Num correct: 753  Precision @ 1: 0.7844  AUC @ 1: 0.8371
Test Data Eval:
  Num examples: 1856  Num correct: 1341  Precision @ 1: 0.7225  AUC @ 1: 0.7754
Step 2600: loss = 1.0229 (0.447 sec)
Training Data Eval:
  Num examples: 8960  Num correct: 8021  Precision @ 1: 0.8952  AUC @ 1: 0.9660
Validation Data Eval:
  Num examples: 960  Num correct: 746  Precision @ 1: 0.7771  AUC @ 1: 0.8396
Test Data Eval:
  Num examples: 1856  Num correct: 1343  Precision @ 1: 0.7236  AUC @ 1: 0.7694
Step 2700: loss = 0.9842 (0.444 sec)
Training Data Eval:
  Num examples: 8960  Num correct: 8134  Precision @ 1: 0.9078  AUC @ 1: 0.9697
Validation Data Eval:
  Num examples: 960  Num correct: 747  Precision @ 1: 0.7781  AUC @ 1: 0.8464
Test Data Eval:
  Num examples: 1856  Num correct: 1357  Precision @ 1: 0.7311  AUC @ 1: 0.7756
Step 2800: loss = 0.8793 (0.489 sec)
Training Data Eval:
  Num examples: 8960  Num correct: 8123  Precision @ 1: 0.9066  AUC @ 1: 0.9779
Validation Data Eval:
  Num examples: 960  Num correct: 738  Precision @ 1: 0.7688  AUC @ 1: 0.8377
Test Data Eval:
  Num examples: 1856  Num correct: 1344  Precision @ 1: 0.7241  AUC @ 1: 0.7752
Step 2900: loss = 0.7413 (0.447 sec)
Training Data Eval:
  Num examples: 8960  Num correct: 8355  Precision @ 1: 0.9325  AUC @ 1: 0.9802
Validation Data Eval:
  Num examples: 960  Num correct: 749  Precision @ 1: 0.7802  AUC @ 1: 0.8474
Test Data Eval:
  Num examples: 1856  Num correct: 1357  Precision @ 1: 0.7311  AUC @ 1: 0.7721
Step 3000: loss = 0.8747 (0.444 sec)
Training Data Eval:
  Num examples: 8960  Num correct: 8437  Precision @ 1: 0.9416  AUC @ 1: 0.9883
Validation Data Eval:
  Num examples: 960  Num correct: 754  Precision @ 1: 0.7854  AUC @ 1: 0.8483
Test Data Eval:
  Num examples: 1856  Num correct: 1345  Precision @ 1: 0.7247  AUC @ 1: 0.7753
Step 3100: loss = 0.8476 (0.450 sec)
Training Data Eval:
  Num examples: 8960  Num correct: 8563  Precision @ 1: 0.9557  AUC @ 1: 0.9907
Validation Data Eval:
  Num examples: 960  Num correct: 739  Precision @ 1: 0.7698  AUC @ 1: 0.8368
Test Data Eval:
  Num examples: 1856  Num correct: 1360  Precision @ 1: 0.7328  AUC @ 1: 0.7939
Step 3200: loss = 0.6899 (0.445 sec)
Training Data Eval:
  Num examples: 8960  Num correct: 8559  Precision @ 1: 0.9552  AUC @ 1: 0.9904
Validation Data Eval:
  Num examples: 960  Num correct: 730  Precision @ 1: 0.7604  AUC @ 1: 0.8444
Test Data Eval:
  Num examples: 1856  Num correct: 1307  Precision @ 1: 0.7042  AUC @ 1: 0.7790
Step 3300: loss = 0.7127 (0.450 sec)
Training Data Eval:
  Num examples: 8960  Num correct: 8672  Precision @ 1: 0.9679  AUC @ 1: 0.9942
Validation Data Eval:
  Num examples: 960  Num correct: 743  Precision @ 1: 0.7740  AUC @ 1: 0.8352
Test Data Eval:
  Num examples: 1856  Num correct: 1329  Precision @ 1: 0.7161  AUC @ 1: 0.7747
Step 3400: loss = 0.6521 (0.448 sec)
Training Data Eval:
  Num examples: 8960  Num correct: 8731  Precision @ 1: 0.9744  AUC @ 1: 0.9963
Validation Data Eval:
  Num examples: 960  Num correct: 737  Precision @ 1: 0.7677  AUC @ 1: 0.8351
Test Data Eval:
  Num examples: 1856  Num correct: 1327  Precision @ 1: 0.7150  AUC @ 1: 0.7700
Step 3500: loss = 0.6684 (0.490 sec)
Training Data Eval:
  Num examples: 8960  Num correct: 8734  Precision @ 1: 0.9748  AUC @ 1: 0.9966
Validation Data Eval:
  Num examples: 960  Num correct: 746  Precision @ 1: 0.7771  AUC @ 1: 0.8316
Test Data Eval:
  Num examples: 1856  Num correct: 1348  Precision @ 1: 0.7263  AUC @ 1: 0.7708
Step 3600: loss = 0.5239 (0.448 sec)
Training Data Eval:
  Num examples: 8960  Num correct: 8717  Precision @ 1: 0.9729  AUC @ 1: 0.9965
Validation Data Eval:
  Num examples: 960  Num correct: 741  Precision @ 1: 0.7719  AUC @ 1: 0.8330
Test Data Eval:
  Num examples: 1856  Num correct: 1339  Precision @ 1: 0.7214  AUC @ 1: 0.7744
Step 3700: loss = 0.5309 (0.446 sec)
Training Data Eval:
  Num examples: 8960  Num correct: 8791  Precision @ 1: 0.9811  AUC @ 1: 0.9985
Validation Data Eval:
  Num examples: 960  Num correct: 748  Precision @ 1: 0.7792  AUC @ 1: 0.8295
Test Data Eval:
  Num examples: 1856  Num correct: 1368  Precision @ 1: 0.7371  AUC @ 1: 0.7766
Step 3800: loss = 0.4826 (0.444 sec)
Training Data Eval:
  Num examples: 8960  Num correct: 8788  Precision @ 1: 0.9808  AUC @ 1: 0.9987
Validation Data Eval:
  Num examples: 960  Num correct: 750  Precision @ 1: 0.7812  AUC @ 1: 0.8351
Test Data Eval:
  Num examples: 1856  Num correct: 1336  Precision @ 1: 0.7198  AUC @ 1: 0.7633
Step 3900: loss = 0.5136 (0.447 sec)
Training Data Eval:
  Num examples: 8960  Num correct: 8860  Precision @ 1: 0.9888  AUC @ 1: 0.9993
Validation Data Eval:
  Num examples: 960  Num correct: 743  Precision @ 1: 0.7740  AUC @ 1: 0.8322
Test Data Eval:
  Num examples: 1856  Num correct: 1316  Precision @ 1: 0.7091  AUC @ 1: 0.7701
Step 4000: loss = 0.5580 (0.447 sec)
Training Data Eval:
  Num examples: 8960  Num correct: 8799  Precision @ 1: 0.9820  AUC @ 1: 0.9991
Validation Data Eval:
  Num examples: 960  Num correct: 729  Precision @ 1: 0.7594  AUC @ 1: 0.8303
Test Data Eval:
  Num examples: 1856  Num correct: 1338  Precision @ 1: 0.7209  AUC @ 1: 0.7754
Step 4100: loss = 0.6891 (0.442 sec)
Training Data Eval:
  Num examples: 8960  Num correct: 8878  Precision @ 1: 0.9908  AUC @ 1: 0.9997
Validation Data Eval:
  Num examples: 960  Num correct: 740  Precision @ 1: 0.7708  AUC @ 1: 0.8286
Test Data Eval:
  Num examples: 1856  Num correct: 1340  Precision @ 1: 0.7220  AUC @ 1: 0.7808
Step 4200: loss = 0.4251 (0.490 sec)
Training Data Eval:
  Num examples: 8960  Num correct: 8847  Precision @ 1: 0.9874  AUC @ 1: 0.9992
Validation Data Eval:
  Num examples: 960  Num correct: 712  Precision @ 1: 0.7417  AUC @ 1: 0.8354
Test Data Eval:
  Num examples: 1856  Num correct: 1305  Precision @ 1: 0.7031  AUC @ 1: 0.7690
Step 4300: loss = 0.5009 (0.444 sec)
Training Data Eval:
  Num examples: 8960  Num correct: 8852  Precision @ 1: 0.9879  AUC @ 1: 0.9994
Validation Data Eval:
  Num examples: 960  Num correct: 723  Precision @ 1: 0.7531  AUC @ 1: 0.8229
Test Data Eval:
  Num examples: 1856  Num correct: 1326  Precision @ 1: 0.7144  AUC @ 1: 0.7782
Step 4400: loss = 0.4648 (0.449 sec)
Training Data Eval:
  Num examples: 8960  Num correct: 8854  Precision @ 1: 0.9882  AUC @ 1: 0.9993
Validation Data Eval:
  Num examples: 960  Num correct: 736  Precision @ 1: 0.7667  AUC @ 1: 0.8315
Test Data Eval:
  Num examples: 1856  Num correct: 1336  Precision @ 1: 0.7198  AUC @ 1: 0.7705
Step 4500: loss = 0.4415 (0.445 sec)
Training Data Eval:
  Num examples: 8960  Num correct: 8819  Precision @ 1: 0.9843  AUC @ 1: 0.9985
Validation Data Eval:
  Num examples: 960  Num correct: 729  Precision @ 1: 0.7594  AUC @ 1: 0.8312
Test Data Eval:
  Num examples: 1856  Num correct: 1332  Precision @ 1: 0.7177  AUC @ 1: 0.7506
Step 4600: loss = 0.4889 (0.442 sec)
Training Data Eval:
  Num examples: 8960  Num correct: 8879  Precision @ 1: 0.9910  AUC @ 1: 0.9996
Validation Data Eval:
  Num examples: 960  Num correct: 739  Precision @ 1: 0.7698  AUC @ 1: 0.8439
Test Data Eval:
  Num examples: 1856  Num correct: 1340  Precision @ 1: 0.7220  AUC @ 1: 0.7614
Step 4700: loss = 0.4464 (0.446 sec)
Training Data Eval:
  Num examples: 8960  Num correct: 8841  Precision @ 1: 0.9867  AUC @ 1: 0.9991
Validation Data Eval:
  Num examples: 960  Num correct: 727  Precision @ 1: 0.7573  AUC @ 1: 0.8316
Test Data Eval:
  Num examples: 1856  Num correct: 1344  Precision @ 1: 0.7241  AUC @ 1: 0.7651
Step 4800: loss = 0.4998 (0.447 sec)
Training Data Eval:
  Num examples: 8960  Num correct: 8893  Precision @ 1: 0.9925  AUC @ 1: 0.9998
Validation Data Eval:
  Num examples: 960  Num correct: 727  Precision @ 1: 0.7573  AUC @ 1: 0.8318
Test Data Eval:
  Num examples: 1856  Num correct: 1350  Precision @ 1: 0.7274  AUC @ 1: 0.7654
Step 4900: loss = 0.4111 (0.491 sec)
Training Data Eval:
  Num examples: 8960  Num correct: 8901  Precision @ 1: 0.9934  AUC @ 1: 0.9998
Validation Data Eval:
  Num examples: 960  Num correct: 743  Precision @ 1: 0.7740  AUC @ 1: 0.8386
Test Data Eval:
  Num examples: 1856  Num correct: 1372  Precision @ 1: 0.7392  AUC @ 1: 0.7789
Step 5000: loss = 0.4433 (0.453 sec)
Training Data Eval:
  Num examples: 8960  Num correct: 8877  Precision @ 1: 0.9907  AUC @ 1: 0.9995
Validation Data Eval:
  Num examples: 960  Num correct: 742  Precision @ 1: 0.7729  AUC @ 1: 0.8371
Test Data Eval:
  Num examples: 1856  Num correct: 1319  Precision @ 1: 0.7107  AUC @ 1: 0.7644
Step 5100: loss = 0.3632 (0.451 sec)
Training Data Eval:
  Num examples: 8960  Num correct: 8897  Precision @ 1: 0.9930  AUC @ 1: 0.9999
Validation Data Eval:
  Num examples: 960  Num correct: 723  Precision @ 1: 0.7531  AUC @ 1: 0.8219
Test Data Eval:
  Num examples: 1856  Num correct: 1346  Precision @ 1: 0.7252  AUC @ 1: 0.7647
Step 5200: loss = 0.4869 (0.447 sec)
Training Data Eval:
  Num examples: 8960  Num correct: 8894  Precision @ 1: 0.9926  AUC @ 1: 0.9998
Validation Data Eval:
  Num examples: 960  Num correct: 725  Precision @ 1: 0.7552  AUC @ 1: 0.8322
Test Data Eval:
  Num examples: 1856  Num correct: 1313  Precision @ 1: 0.7074  AUC @ 1: 0.7655
Step 5300: loss = 0.3896 (0.449 sec)
Training Data Eval:
  Num examples: 8960  Num correct: 8913  Precision @ 1: 0.9948  AUC @ 1: 0.9999
Validation Data Eval:
  Num examples: 960  Num correct: 736  Precision @ 1: 0.7667  AUC @ 1: 0.8234
Test Data Eval:
  Num examples: 1856  Num correct: 1318  Precision @ 1: 0.7101  AUC @ 1: 0.7673
Step 5400: loss = 0.4451 (0.444 sec)
Training Data Eval:
  Num examples: 8960  Num correct: 8093  Precision @ 1: 0.9032  AUC @ 1: 0.9709
Validation Data Eval:
  Num examples: 960  Num correct: 683  Precision @ 1: 0.7115  AUC @ 1: 0.7847
Test Data Eval:
  Num examples: 1856  Num correct: 1210  Precision @ 1: 0.6519  AUC @ 1: 0.7223
Step 5500: loss = 0.8807 (0.452 sec)
Training Data Eval:
  Num examples: 8960  Num correct: 8911  Precision @ 1: 0.9945  AUC @ 1: 0.9997
Validation Data Eval:
  Num examples: 960  Num correct: 734  Precision @ 1: 0.7646  AUC @ 1: 0.8280
Test Data Eval:
  Num examples: 1856  Num correct: 1309  Precision @ 1: 0.7053  AUC @ 1: 0.7683
Step 5600: loss = 0.4499 (0.493 sec)
Training Data Eval:
  Num examples: 8960  Num correct: 8908  Precision @ 1: 0.9942  AUC @ 1: 0.9999
Validation Data Eval:
  Num examples: 960  Num correct: 741  Precision @ 1: 0.7719  AUC @ 1: 0.8274
Test Data Eval:
  Num examples: 1856  Num correct: 1327  Precision @ 1: 0.7150  AUC @ 1: 0.7660
Step 5700: loss = 0.3542 (0.447 sec)
Training Data Eval:
  Num examples: 8960  Num correct: 8909  Precision @ 1: 0.9943  AUC @ 1: 0.9999
Validation Data Eval:
  Num examples: 960  Num correct: 742  Precision @ 1: 0.7729  AUC @ 1: 0.8348
Test Data Eval:
  Num examples: 1856  Num correct: 1330  Precision @ 1: 0.7166  AUC @ 1: 0.7647
Step 5800: loss = 0.4240 (0.444 sec)
Training Data Eval:
  Num examples: 8960  Num correct: 8929  Precision @ 1: 0.9965  AUC @ 1: 1.0000
Validation Data Eval:
  Num examples: 960  Num correct: 721  Precision @ 1: 0.7510  AUC @ 1: 0.8213
Test Data Eval:
  Num examples: 1856  Num correct: 1323  Precision @ 1: 0.7128  AUC @ 1: 0.7644
Step 5900: loss = 0.3350 (0.445 sec)
Training Data Eval:
  Num examples: 8960  Num correct: 8896  Precision @ 1: 0.9929  AUC @ 1: 0.9986
Validation Data Eval:
  Num examples: 960  Num correct: 737  Precision @ 1: 0.7677  AUC @ 1: 0.8364
Test Data Eval:
  Num examples: 1856  Num correct: 1321  Precision @ 1: 0.7117  AUC @ 1: 0.7713
Step 6000: loss = 0.3376 (0.445 sec)
Training Data Eval:
  Num examples: 8960  Num correct: 8918  Precision @ 1: 0.9953  AUC @ 1: 0.9999
Validation Data Eval:
  Num examples: 960  Num correct: 738  Precision @ 1: 0.7688  AUC @ 1: 0.8317
Test Data Eval:
  Num examples: 1856  Num correct: 1336  Precision @ 1: 0.7198  AUC @ 1: 0.7700
Step 6100: loss = 0.4341 (0.450 sec)
Training Data Eval:
  Num examples: 8960  Num correct: 8919  Precision @ 1: 0.9954  AUC @ 1: 0.9999
Validation Data Eval:
  Num examples: 960  Num correct: 726  Precision @ 1: 0.7562  AUC @ 1: 0.8328
Test Data Eval:
  Num examples: 1856  Num correct: 1323  Precision @ 1: 0.7128  AUC @ 1: 0.7740
Step 6200: loss = 0.3740 (0.445 sec)
Training Data Eval:
  Num examples: 8960  Num correct: 8915  Precision @ 1: 0.9950  AUC @ 1: 0.9999
Validation Data Eval:
  Num examples: 960  Num correct: 726  Precision @ 1: 0.7562  AUC @ 1: 0.8298
Test Data Eval:
  Num examples: 1856  Num correct: 1335  Precision @ 1: 0.7193  AUC @ 1: 0.7683
Step 6300: loss = 0.3213 (0.493 sec)
Training Data Eval:
  Num examples: 8960  Num correct: 8914  Precision @ 1: 0.9949  AUC @ 1: 0.9999
Validation Data Eval:
  Num examples: 960  Num correct: 720  Precision @ 1: 0.7500  AUC @ 1: 0.8249
Test Data Eval:
  Num examples: 1856  Num correct: 1313  Precision @ 1: 0.7074  AUC @ 1: 0.7670
Step 6400: loss = 0.3551 (0.443 sec)
Training Data Eval:
  Num examples: 8960  Num correct: 8925  Precision @ 1: 0.9961  AUC @ 1: 0.9999
Validation Data Eval:
  Num examples: 960  Num correct: 723  Precision @ 1: 0.7531  AUC @ 1: 0.8239
Test Data Eval:
  Num examples: 1856  Num correct: 1329  Precision @ 1: 0.7161  AUC @ 1: 0.7785
Step 6500: loss = 0.3174 (0.446 sec)
Training Data Eval:
  Num examples: 8960  Num correct: 8936  Precision @ 1: 0.9973  AUC @ 1: 0.9999
Validation Data Eval:
  Num examples: 960  Num correct: 744  Precision @ 1: 0.7750  AUC @ 1: 0.8447
Test Data Eval:
  Num examples: 1856  Num correct: 1315  Precision @ 1: 0.7085  AUC @ 1: 0.7750
Step 6600: loss = 0.3401 (0.448 sec)
Training Data Eval:
  Num examples: 8960  Num correct: 8919  Precision @ 1: 0.9954  AUC @ 1: 0.9999
Validation Data Eval:
  Num examples: 960  Num correct: 731  Precision @ 1: 0.7615  AUC @ 1: 0.8338
Test Data Eval:
  Num examples: 1856  Num correct: 1304  Precision @ 1: 0.7026  AUC @ 1: 0.7697
Step 6700: loss = 0.3275 (0.444 sec)
Training Data Eval:
  Num examples: 8960  Num correct: 8925  Precision @ 1: 0.9961  AUC @ 1: 0.9999
Validation Data Eval:
  Num examples: 960  Num correct: 729  Precision @ 1: 0.7594  AUC @ 1: 0.8230
Test Data Eval:
  Num examples: 1856  Num correct: 1337  Precision @ 1: 0.7204  AUC @ 1: 0.7637
Step 6800: loss = 0.3669 (0.447 sec)
Training Data Eval:
  Num examples: 8960  Num correct: 8933  Precision @ 1: 0.9970  AUC @ 1: 1.0000
Validation Data Eval:
  Num examples: 960  Num correct: 746  Precision @ 1: 0.7771  AUC @ 1: 0.8337
Test Data Eval:
  Num examples: 1856  Num correct: 1321  Precision @ 1: 0.7117  AUC @ 1: 0.7618
Step 6900: loss = 0.4053 (0.443 sec)
Training Data Eval:
  Num examples: 8960  Num correct: 8922  Precision @ 1: 0.9958  AUC @ 1: 0.9999
Validation Data Eval:
  Num examples: 960  Num correct: 712  Precision @ 1: 0.7417  AUC @ 1: 0.8274
Test Data Eval:
  Num examples: 1856  Num correct: 1333  Precision @ 1: 0.7182  AUC @ 1: 0.7691
Step 7000: loss = 0.3268 (0.493 sec)
Training Data Eval:
  Num examples: 8960  Num correct: 8939  Precision @ 1: 0.9977  AUC @ 1: 1.0000
Validation Data Eval:
  Num examples: 960  Num correct: 732  Precision @ 1: 0.7625  AUC @ 1: 0.8357
Test Data Eval:
  Num examples: 1856  Num correct: 1343  Precision @ 1: 0.7236  AUC @ 1: 0.7696
Step 7100: loss = 0.3747 (0.449 sec)
Training Data Eval:
  Num examples: 8960  Num correct: 8937  Precision @ 1: 0.9974  AUC @ 1: 0.9999
Validation Data Eval:
  Num examples: 960  Num correct: 748  Precision @ 1: 0.7792  AUC @ 1: 0.8398
Test Data Eval:
  Num examples: 1856  Num correct: 1327  Precision @ 1: 0.7150  AUC @ 1: 0.7647
Step 7200: loss = 0.3724 (0.447 sec)
Training Data Eval:
  Num examples: 8960  Num correct: 8938  Precision @ 1: 0.9975  AUC @ 1: 0.9999
Validation Data Eval:
  Num examples: 960  Num correct: 736  Precision @ 1: 0.7667  AUC @ 1: 0.8349
Test Data Eval:
  Num examples: 1856  Num correct: 1341  Precision @ 1: 0.7225  AUC @ 1: 0.7751
Step 7300: loss = 0.4274 (0.443 sec)
Training Data Eval:
  Num examples: 8960  Num correct: 8936  Precision @ 1: 0.9973  AUC @ 1: 0.9999
Validation Data Eval:
  Num examples: 960  Num correct: 723  Precision @ 1: 0.7531  AUC @ 1: 0.8235
Test Data Eval:
  Num examples: 1856  Num correct: 1329  Precision @ 1: 0.7161  AUC @ 1: 0.7631
Step 7400: loss = 0.3087 (0.448 sec)
Training Data Eval:
  Num examples: 8960  Num correct: 8939  Precision @ 1: 0.9977  AUC @ 1: 1.0000
Validation Data Eval:
  Num examples: 960  Num correct: 728  Precision @ 1: 0.7583  AUC @ 1: 0.8312
Test Data Eval:
  Num examples: 1856  Num correct: 1318  Precision @ 1: 0.7101  AUC @ 1: 0.7728
Step 7500: loss = 0.3180 (0.445 sec)
Training Data Eval:
  Num examples: 8960  Num correct: 8930  Precision @ 1: 0.9967  AUC @ 1: 0.9998
Validation Data Eval:
  Num examples: 960  Num correct: 742  Precision @ 1: 0.7729  AUC @ 1: 0.8371
Test Data Eval:
  Num examples: 1856  Num correct: 1315  Precision @ 1: 0.7085  AUC @ 1: 0.7778
Step 7600: loss = 0.3784 (0.449 sec)
Training Data Eval:
  Num examples: 8960  Num correct: 8930  Precision @ 1: 0.9967  AUC @ 1: 0.9999
Validation Data Eval:
  Num examples: 960  Num correct: 719  Precision @ 1: 0.7490  AUC @ 1: 0.8214
Test Data Eval:
  Num examples: 1856  Num correct: 1308  Precision @ 1: 0.7047  AUC @ 1: 0.7590
Step 7700: loss = 0.3174 (0.493 sec)
Training Data Eval:
  Num examples: 8960  Num correct: 8935  Precision @ 1: 0.9972  AUC @ 1: 1.0000
Validation Data Eval:
  Num examples: 960  Num correct: 726  Precision @ 1: 0.7562  AUC @ 1: 0.8379
Test Data Eval:
  Num examples: 1856  Num correct: 1319  Precision @ 1: 0.7107  AUC @ 1: 0.7701
Step 7800: loss = 0.3397 (0.453 sec)
Training Data Eval:
  Num examples: 8960  Num correct: 8934  Precision @ 1: 0.9971  AUC @ 1: 1.0000
Validation Data Eval:
  Num examples: 960  Num correct: 738  Precision @ 1: 0.7688  AUC @ 1: 0.8345
Test Data Eval:
  Num examples: 1856  Num correct: 1311  Precision @ 1: 0.7064  AUC @ 1: 0.7665
Step 7900: loss = 0.3115 (0.449 sec)
Training Data Eval:
  Num examples: 8960  Num correct: 8931  Precision @ 1: 0.9968  AUC @ 1: 0.9999
Validation Data Eval:
  Num examples: 960  Num correct: 711  Precision @ 1: 0.7406  AUC @ 1: 0.8243
Test Data Eval:
  Num examples: 1856  Num correct: 1308  Precision @ 1: 0.7047  AUC @ 1: 0.7722
Step 8000: loss = 0.4511 (0.444 sec)
Training Data Eval:
  Num examples: 8960  Num correct: 8947  Precision @ 1: 0.9985  AUC @ 1: 0.9999
Validation Data Eval:
  Num examples: 960  Num correct: 727  Precision @ 1: 0.7573  AUC @ 1: 0.8277
Test Data Eval:
  Num examples: 1856  Num correct: 1335  Precision @ 1: 0.7193  AUC @ 1: 0.7704
Step 8100: loss = 0.4185 (0.450 sec)
Training Data Eval:
  Num examples: 8960  Num correct: 8927  Precision @ 1: 0.9963  AUC @ 1: 0.9999
Validation Data Eval:
  Num examples: 960  Num correct: 724  Precision @ 1: 0.7542  AUC @ 1: 0.8246
Test Data Eval:
  Num examples: 1856  Num correct: 1301  Precision @ 1: 0.7010  AUC @ 1: 0.7573
Step 8200: loss = 0.3974 (0.447 sec)
Training Data Eval:
  Num examples: 8960  Num correct: 8937  Precision @ 1: 0.9974  AUC @ 1: 0.9999
Validation Data Eval:
  Num examples: 960  Num correct: 736  Precision @ 1: 0.7667  AUC @ 1: 0.8333
Test Data Eval:
  Num examples: 1856  Num correct: 1326  Precision @ 1: 0.7144  AUC @ 1: 0.7664
Step 8300: loss = 0.3166 (0.453 sec)
Training Data Eval:
  Num examples: 8960  Num correct: 8944  Precision @ 1: 0.9982  AUC @ 1: 1.0000
Validation Data Eval:
  Num examples: 960  Num correct: 723  Precision @ 1: 0.7531  AUC @ 1: 0.8341
Test Data Eval:
  Num examples: 1856  Num correct: 1307  Precision @ 1: 0.7042  AUC @ 1: 0.7565
Step 8400: loss = 0.4549 (0.490 sec)
Training Data Eval:
  Num examples: 8960  Num correct: 8926  Precision @ 1: 0.9962  AUC @ 1: 0.9997
Validation Data Eval:
  Num examples: 960  Num correct: 714  Precision @ 1: 0.7438  AUC @ 1: 0.8218
Test Data Eval:
  Num examples: 1856  Num correct: 1298  Precision @ 1: 0.6994  AUC @ 1: 0.7516
Step 8500: loss = 0.4326 (0.448 sec)
Training Data Eval:
  Num examples: 8960  Num correct: 8922  Precision @ 1: 0.9958  AUC @ 1: 0.9998
Validation Data Eval:
  Num examples: 960  Num correct: 731  Precision @ 1: 0.7615  AUC @ 1: 0.8295
Test Data Eval:
  Num examples: 1856  Num correct: 1298  Precision @ 1: 0.6994  AUC @ 1: 0.7564
Step 8600: loss = 0.4100 (0.451 sec)
Training Data Eval:
  Num examples: 8960  Num correct: 8928  Precision @ 1: 0.9964  AUC @ 1: 1.0000
Validation Data Eval:
  Num examples: 960  Num correct: 733  Precision @ 1: 0.7635  AUC @ 1: 0.8369
Test Data Eval:
  Num examples: 1856  Num correct: 1286  Precision @ 1: 0.6929  AUC @ 1: 0.7543
Step 8700: loss = 0.4830 (0.449 sec)
Training Data Eval:
  Num examples: 8960  Num correct: 8940  Precision @ 1: 0.9978  AUC @ 1: 0.9998
Validation Data Eval:
  Num examples: 960  Num correct: 729  Precision @ 1: 0.7594  AUC @ 1: 0.8323
Test Data Eval:
  Num examples: 1856  Num correct: 1306  Precision @ 1: 0.7037  AUC @ 1: 0.7523
Step 8800: loss = 0.3512 (0.447 sec)
Training Data Eval:
  Num examples: 8960  Num correct: 8938  Precision @ 1: 0.9975  AUC @ 1: 0.9999
Validation Data Eval:
  Num examples: 960  Num correct: 719  Precision @ 1: 0.7490  AUC @ 1: 0.8213
Test Data Eval:
  Num examples: 1856  Num correct: 1325  Precision @ 1: 0.7139  AUC @ 1: 0.7560
Step 8900: loss = 0.4451 (0.448 sec)
Training Data Eval:
  Num examples: 8960  Num correct: 8943  Precision @ 1: 0.9981  AUC @ 1: 0.9999
Validation Data Eval:
  Num examples: 960  Num correct: 728  Precision @ 1: 0.7583  AUC @ 1: 0.8285
Test Data Eval:
  Num examples: 1856  Num correct: 1300  Precision @ 1: 0.7004  AUC @ 1: 0.7577
Step 9000: loss = 0.3244 (0.449 sec)
Training Data Eval:
  Num examples: 8960  Num correct: 8952  Precision @ 1: 0.9991  AUC @ 1: 1.0000
Validation Data Eval:
  Num examples: 960  Num correct: 731  Precision @ 1: 0.7615  AUC @ 1: 0.8335
Test Data Eval:
  Num examples: 1856  Num correct: 1302  Precision @ 1: 0.7015  AUC @ 1: 0.7587
Step 9100: loss = 0.3343 (0.494 sec)
Training Data Eval:
  Num examples: 8960  Num correct: 8911  Precision @ 1: 0.9945  AUC @ 1: 0.9997
Validation Data Eval:
  Num examples: 960  Num correct: 712  Precision @ 1: 0.7417  AUC @ 1: 0.8137
Test Data Eval:
  Num examples: 1856  Num correct: 1303  Precision @ 1: 0.7020  AUC @ 1: 0.7481
Step 9200: loss = 0.3988 (0.449 sec)
Training Data Eval:
  Num examples: 8960  Num correct: 8933  Precision @ 1: 0.9970  AUC @ 1: 0.9999
Validation Data Eval:
  Num examples: 960  Num correct: 720  Precision @ 1: 0.7500  AUC @ 1: 0.8273
Test Data Eval:
  Num examples: 1856  Num correct: 1325  Precision @ 1: 0.7139  AUC @ 1: 0.7682
Step 9300: loss = 0.3531 (0.443 sec)
Training Data Eval:
  Num examples: 8960  Num correct: 8935  Precision @ 1: 0.9972  AUC @ 1: 0.9999
Validation Data Eval:
  Num examples: 960  Num correct: 722  Precision @ 1: 0.7521  AUC @ 1: 0.8344
Test Data Eval:
  Num examples: 1856  Num correct: 1302  Precision @ 1: 0.7015  AUC @ 1: 0.7597
Step 9400: loss = 0.3440 (0.450 sec)
Training Data Eval:
  Num examples: 8960  Num correct: 8954  Precision @ 1: 0.9993  AUC @ 1: 1.0000
Validation Data Eval:
  Num examples: 960  Num correct: 738  Precision @ 1: 0.7688  AUC @ 1: 0.8299
Test Data Eval:
  Num examples: 1856  Num correct: 1292  Precision @ 1: 0.6961  AUC @ 1: 0.7543
Step 9500: loss = 0.4009 (0.446 sec)
Training Data Eval:
  Num examples: 8960  Num correct: 8948  Precision @ 1: 0.9987  AUC @ 1: 1.0000
Validation Data Eval:
  Num examples: 960  Num correct: 717  Precision @ 1: 0.7469  AUC @ 1: 0.8221
Test Data Eval:
  Num examples: 1856  Num correct: 1300  Precision @ 1: 0.7004  AUC @ 1: 0.7658
Step 9600: loss = 0.3934 (0.451 sec)
Training Data Eval:
  Num examples: 8960  Num correct: 8941  Precision @ 1: 0.9979  AUC @ 1: 1.0000
Validation Data Eval:
  Num examples: 960  Num correct: 727  Precision @ 1: 0.7573  AUC @ 1: 0.8225
Test Data Eval:
  Num examples: 1856  Num correct: 1342  Precision @ 1: 0.7231  AUC @ 1: 0.7683
Step 9700: loss = 0.4320 (0.446 sec)
Training Data Eval:
  Num examples: 8960  Num correct: 8944  Precision @ 1: 0.9982  AUC @ 1: 1.0000
Validation Data Eval:
  Num examples: 960  Num correct: 713  Precision @ 1: 0.7427  AUC @ 1: 0.8315
Test Data Eval:
  Num examples: 1856  Num correct: 1297  Precision @ 1: 0.6988  AUC @ 1: 0.7536
Step 9800: loss = 0.3442 (0.491 sec)
Training Data Eval:
  Num examples: 8960  Num correct: 8935  Precision @ 1: 0.9972  AUC @ 1: 1.0000
Validation Data Eval:
  Num examples: 960  Num correct: 721  Precision @ 1: 0.7510  AUC @ 1: 0.8318
Test Data Eval:
  Num examples: 1856  Num correct: 1312  Precision @ 1: 0.7069  AUC @ 1: 0.7721
Step 9900: loss = 0.3639 (0.448 sec)
Training Data Eval:
  Num examples: 8960  Num correct: 8942  Precision @ 1: 0.9980  AUC @ 1: 1.0000
Validation Data Eval:
  Num examples: 960  Num correct: 720  Precision @ 1: 0.7500  AUC @ 1: 0.8301
Test Data Eval:
  Num examples: 1856  Num correct: 1309  Precision @ 1: 0.7053  AUC @ 1: 0.7660
