Training data shape: 	(10000, 64, 64, 1)
Training label shape:	(10000,)
Testing data shape:  	(1910, 64, 64, 1)
Testing label shape: 	(1910,)
max input value is: 153.458
min input value is: -104.189
random permuted training data
==============================================================================
Model: 			inference_roicnn
Tensor Name: 	Placeholder:0
[64, 64, 64, 1]
==============================================================================
Tensor Name: concat_64:0
[64, 320, 64, 1]
==============================================================================
Tensor Name: concat_129:0
[64, 320, 320, 1]
==============================================================================
Tensor Name: conv0/conv0:0
[64, 64, 64, 16]
==============================================================================
Tensor Name: concat_194:0
[64, 320, 64, 16]
==============================================================================
Tensor Name: concat_259:0
[64, 320, 320, 16]
==============================================================================
Tensor Name: conv1/conv1:0
[64, 64, 64, 16]
==============================================================================
Tensor Name: local1/local1:0
[64, 128]
==============================================================================
Tensor Name: local2/local2:0
[64, 128]
==============================================================================
Tensor Name: softmax_linear/softmax_linear:0
[64, 2]
Step 0: loss = 21.5077 (0.311 sec)
Training Data Eval:
  Num examples: 8960  Num correct: 5014  Precision @ 1: 0.5596  AUC @ 1: 0.7280
Validation Data Eval:
  Num examples: 960  Num correct: 531  Precision @ 1: 0.5531  AUC @ 1: 0.7349
Test Data Eval:
  Num examples: 1856  Num correct: 1063  Precision @ 1: 0.5727  AUC @ 1: 0.6812
Step 100: loss = 19.8990 (0.133 sec)
Training Data Eval:
  Num examples: 8960  Num correct: 6715  Precision @ 1: 0.7494  AUC @ 1: 0.7948
Validation Data Eval:
  Num examples: 960  Num correct: 722  Precision @ 1: 0.7521  AUC @ 1: 0.7935
Test Data Eval:
  Num examples: 1856  Num correct: 1308  Precision @ 1: 0.7047  AUC @ 1: 0.7451
Step 200: loss = 18.2160 (0.134 sec)
Training Data Eval:
  Num examples: 8960  Num correct: 6915  Precision @ 1: 0.7718  AUC @ 1: 0.8321
Validation Data Eval:
  Num examples: 960  Num correct: 713  Precision @ 1: 0.7427  AUC @ 1: 0.8039
Test Data Eval:
  Num examples: 1856  Num correct: 1325  Precision @ 1: 0.7139  AUC @ 1: 0.7492
Step 300: loss = 16.8534 (0.131 sec)
Training Data Eval:
  Num examples: 8960  Num correct: 7112  Precision @ 1: 0.7937  AUC @ 1: 0.8649
Validation Data Eval:
  Num examples: 960  Num correct: 734  Precision @ 1: 0.7646  AUC @ 1: 0.8205
Test Data Eval:
  Num examples: 1856  Num correct: 1326  Precision @ 1: 0.7144  AUC @ 1: 0.7457
Step 400: loss = 15.6180 (0.132 sec)
Training Data Eval:
  Num examples: 8960  Num correct: 7076  Precision @ 1: 0.7897  AUC @ 1: 0.8782
Validation Data Eval:
  Num examples: 960  Num correct: 732  Precision @ 1: 0.7625  AUC @ 1: 0.8302
Test Data Eval:
  Num examples: 1856  Num correct: 1325  Precision @ 1: 0.7139  AUC @ 1: 0.7568
Step 500: loss = 14.4007 (0.132 sec)
Training Data Eval:
  Num examples: 8960  Num correct: 7328  Precision @ 1: 0.8179  AUC @ 1: 0.8992
Validation Data Eval:
  Num examples: 960  Num correct: 747  Precision @ 1: 0.7781  AUC @ 1: 0.8466
Test Data Eval:
  Num examples: 1856  Num correct: 1373  Precision @ 1: 0.7398  AUC @ 1: 0.7823
Step 600: loss = 13.2879 (0.132 sec)
Training Data Eval:
  Num examples: 8960  Num correct: 7367  Precision @ 1: 0.8222  AUC @ 1: 0.9119
Validation Data Eval:
  Num examples: 960  Num correct: 752  Precision @ 1: 0.7833  AUC @ 1: 0.8499
Test Data Eval:
  Num examples: 1856  Num correct: 1326  Precision @ 1: 0.7144  AUC @ 1: 0.7626
Step 700: loss = 12.3544 (0.178 sec)
Training Data Eval:
  Num examples: 8960  Num correct: 7542  Precision @ 1: 0.8417  AUC @ 1: 0.9142
Validation Data Eval:
  Num examples: 960  Num correct: 757  Precision @ 1: 0.7885  AUC @ 1: 0.8533
Test Data Eval:
  Num examples: 1856  Num correct: 1355  Precision @ 1: 0.7301  AUC @ 1: 0.7798
Step 800: loss = 11.5015 (0.132 sec)
Training Data Eval:
  Num examples: 8960  Num correct: 7612  Precision @ 1: 0.8496  AUC @ 1: 0.9252
Validation Data Eval:
  Num examples: 960  Num correct: 754  Precision @ 1: 0.7854  AUC @ 1: 0.8569
Test Data Eval:
  Num examples: 1856  Num correct: 1315  Precision @ 1: 0.7085  AUC @ 1: 0.7683
Step 900: loss = 10.5353 (0.128 sec)
Training Data Eval:
  Num examples: 8960  Num correct: 7720  Precision @ 1: 0.8616  AUC @ 1: 0.9330
Validation Data Eval:
  Num examples: 960  Num correct: 752  Precision @ 1: 0.7833  AUC @ 1: 0.8558
Test Data Eval:
  Num examples: 1856  Num correct: 1347  Precision @ 1: 0.7258  AUC @ 1: 0.7704
Step 1000: loss = 9.8008 (0.130 sec)
Training Data Eval:
  Num examples: 8960  Num correct: 7789  Precision @ 1: 0.8693  AUC @ 1: 0.9481
Validation Data Eval:
  Num examples: 960  Num correct: 755  Precision @ 1: 0.7865  AUC @ 1: 0.8475
Test Data Eval:
  Num examples: 1856  Num correct: 1346  Precision @ 1: 0.7252  AUC @ 1: 0.7695
Step 1100: loss = 9.0119 (0.132 sec)
Training Data Eval:
  Num examples: 8960  Num correct: 8014  Precision @ 1: 0.8944  AUC @ 1: 0.9554
Validation Data Eval:
  Num examples: 960  Num correct: 753  Precision @ 1: 0.7844  AUC @ 1: 0.8547
Test Data Eval:
  Num examples: 1856  Num correct: 1341  Precision @ 1: 0.7225  AUC @ 1: 0.7695
Step 1200: loss = 8.2855 (0.135 sec)
Training Data Eval:
  Num examples: 8960  Num correct: 8124  Precision @ 1: 0.9067  AUC @ 1: 0.9653
Validation Data Eval:
  Num examples: 960  Num correct: 752  Precision @ 1: 0.7833  AUC @ 1: 0.8562
Test Data Eval:
  Num examples: 1856  Num correct: 1336  Precision @ 1: 0.7198  AUC @ 1: 0.7638
Step 1300: loss = 7.7290 (0.134 sec)
Training Data Eval:
  Num examples: 8960  Num correct: 8228  Precision @ 1: 0.9183  AUC @ 1: 0.9782
Validation Data Eval:
  Num examples: 960  Num correct: 761  Precision @ 1: 0.7927  AUC @ 1: 0.8589
Test Data Eval:
  Num examples: 1856  Num correct: 1340  Precision @ 1: 0.7220  AUC @ 1: 0.7801
Step 1400: loss = 7.1261 (0.176 sec)
Training Data Eval:
  Num examples: 8960  Num correct: 8103  Precision @ 1: 0.9044  AUC @ 1: 0.9737
Validation Data Eval:
  Num examples: 960  Num correct: 704  Precision @ 1: 0.7333  AUC @ 1: 0.8472
Test Data Eval:
  Num examples: 1856  Num correct: 1211  Precision @ 1: 0.6525  AUC @ 1: 0.7722
Step 1500: loss = 6.5696 (0.132 sec)
Training Data Eval:
  Num examples: 8960  Num correct: 8140  Precision @ 1: 0.9085  AUC @ 1: 0.9792
Validation Data Eval:
  Num examples: 960  Num correct: 714  Precision @ 1: 0.7438  AUC @ 1: 0.8560
Test Data Eval:
  Num examples: 1856  Num correct: 1260  Precision @ 1: 0.6789  AUC @ 1: 0.7820
Step 1600: loss = 6.0996 (0.131 sec)
Training Data Eval:
  Num examples: 8960  Num correct: 8363  Precision @ 1: 0.9334  AUC @ 1: 0.9836
Validation Data Eval:
  Num examples: 960  Num correct: 758  Precision @ 1: 0.7896  AUC @ 1: 0.8573
Test Data Eval:
  Num examples: 1856  Num correct: 1298  Precision @ 1: 0.6994  AUC @ 1: 0.7523
Step 1700: loss = 5.6032 (0.131 sec)
Training Data Eval:
  Num examples: 8960  Num correct: 8525  Precision @ 1: 0.9515  AUC @ 1: 0.9927
Validation Data Eval:
  Num examples: 960  Num correct: 755  Precision @ 1: 0.7865  AUC @ 1: 0.8526
Test Data Eval:
  Num examples: 1856  Num correct: 1338  Precision @ 1: 0.7209  AUC @ 1: 0.7624
Step 1800: loss = 5.2291 (0.132 sec)
Training Data Eval:
  Num examples: 8960  Num correct: 8602  Precision @ 1: 0.9600  AUC @ 1: 0.9935
Validation Data Eval:
  Num examples: 960  Num correct: 757  Precision @ 1: 0.7885  AUC @ 1: 0.8640
Test Data Eval:
  Num examples: 1856  Num correct: 1318  Precision @ 1: 0.7101  AUC @ 1: 0.7659
Step 1900: loss = 4.7511 (0.133 sec)
Training Data Eval:
  Num examples: 8960  Num correct: 8655  Precision @ 1: 0.9660  AUC @ 1: 0.9952
Validation Data Eval:
  Num examples: 960  Num correct: 751  Precision @ 1: 0.7823  AUC @ 1: 0.8593
Test Data Eval:
  Num examples: 1856  Num correct: 1323  Precision @ 1: 0.7128  AUC @ 1: 0.7791
Step 2000: loss = 4.4597 (0.137 sec)
Training Data Eval:
  Num examples: 8960  Num correct: 8737  Precision @ 1: 0.9751  AUC @ 1: 0.9973
Validation Data Eval:
  Num examples: 960  Num correct: 769  Precision @ 1: 0.8010  AUC @ 1: 0.8630
Test Data Eval:
  Num examples: 1856  Num correct: 1335  Precision @ 1: 0.7193  AUC @ 1: 0.7755
Step 2100: loss = 4.1411 (0.173 sec)
Training Data Eval:
  Num examples: 8960  Num correct: 8746  Precision @ 1: 0.9761  AUC @ 1: 0.9979
Validation Data Eval:
  Num examples: 960  Num correct: 757  Precision @ 1: 0.7885  AUC @ 1: 0.8569
Test Data Eval:
  Num examples: 1856  Num correct: 1328  Precision @ 1: 0.7155  AUC @ 1: 0.7764
Step 2200: loss = 3.8068 (0.136 sec)
Training Data Eval:
  Num examples: 8960  Num correct: 8504  Precision @ 1: 0.9491  AUC @ 1: 0.9965
Validation Data Eval:
  Num examples: 960  Num correct: 715  Precision @ 1: 0.7448  AUC @ 1: 0.8643
Test Data Eval:
  Num examples: 1856  Num correct: 1204  Precision @ 1: 0.6487  AUC @ 1: 0.7886
Step 2300: loss = 3.6612 (0.134 sec)
Training Data Eval:
  Num examples: 8960  Num correct: 8804  Precision @ 1: 0.9826  AUC @ 1: 0.9986
Validation Data Eval:
  Num examples: 960  Num correct: 731  Precision @ 1: 0.7615  AUC @ 1: 0.8553
Test Data Eval:
  Num examples: 1856  Num correct: 1246  Precision @ 1: 0.6713  AUC @ 1: 0.7691
Step 2400: loss = 3.2818 (0.137 sec)
Training Data Eval:
  Num examples: 8960  Num correct: 8788  Precision @ 1: 0.9808  AUC @ 1: 0.9988
Validation Data Eval:
  Num examples: 960  Num correct: 754  Precision @ 1: 0.7854  AUC @ 1: 0.8600
Test Data Eval:
  Num examples: 1856  Num correct: 1335  Precision @ 1: 0.7193  AUC @ 1: 0.7918
Step 2500: loss = 3.1683 (0.133 sec)
Training Data Eval:
  Num examples: 8960  Num correct: 8829  Precision @ 1: 0.9854  AUC @ 1: 0.9990
Validation Data Eval:
  Num examples: 960  Num correct: 749  Precision @ 1: 0.7802  AUC @ 1: 0.8503
Test Data Eval:
  Num examples: 1856  Num correct: 1325  Precision @ 1: 0.7139  AUC @ 1: 0.7736
Step 2600: loss = 2.8622 (0.131 sec)
Training Data Eval:
  Num examples: 8960  Num correct: 8860  Precision @ 1: 0.9888  AUC @ 1: 0.9993
Validation Data Eval:
  Num examples: 960  Num correct: 739  Precision @ 1: 0.7698  AUC @ 1: 0.8550
Test Data Eval:
  Num examples: 1856  Num correct: 1344  Precision @ 1: 0.7241  AUC @ 1: 0.7936
Step 2700: loss = 2.6239 (0.133 sec)
Training Data Eval:
  Num examples: 8960  Num correct: 8893  Precision @ 1: 0.9925  AUC @ 1: 0.9993
Validation Data Eval:
  Num examples: 960  Num correct: 750  Precision @ 1: 0.7812  AUC @ 1: 0.8593
Test Data Eval:
  Num examples: 1856  Num correct: 1351  Precision @ 1: 0.7279  AUC @ 1: 0.7802
Step 2800: loss = 2.4530 (0.177 sec)
Training Data Eval:
  Num examples: 8960  Num correct: 8919  Precision @ 1: 0.9954  AUC @ 1: 0.9998
Validation Data Eval:
  Num examples: 960  Num correct: 748  Precision @ 1: 0.7792  AUC @ 1: 0.8589
Test Data Eval:
  Num examples: 1856  Num correct: 1327  Precision @ 1: 0.7150  AUC @ 1: 0.7877
Step 2900: loss = 2.2636 (0.133 sec)
Training Data Eval:
  Num examples: 8960  Num correct: 8867  Precision @ 1: 0.9896  AUC @ 1: 0.9986
Validation Data Eval:
  Num examples: 960  Num correct: 763  Precision @ 1: 0.7948  AUC @ 1: 0.8630
Test Data Eval:
  Num examples: 1856  Num correct: 1331  Precision @ 1: 0.7171  AUC @ 1: 0.7854
Step 3000: loss = 2.1836 (0.134 sec)
Training Data Eval:
  Num examples: 8960  Num correct: 8901  Precision @ 1: 0.9934  AUC @ 1: 0.9998
Validation Data Eval:
  Num examples: 960  Num correct: 756  Precision @ 1: 0.7875  AUC @ 1: 0.8521
Test Data Eval:
  Num examples: 1856  Num correct: 1339  Precision @ 1: 0.7214  AUC @ 1: 0.7853
Step 3100: loss = 1.9861 (0.133 sec)
Training Data Eval:
  Num examples: 8960  Num correct: 8907  Precision @ 1: 0.9941  AUC @ 1: 0.9998
Validation Data Eval:
  Num examples: 960  Num correct: 759  Precision @ 1: 0.7906  AUC @ 1: 0.8557
Test Data Eval:
  Num examples: 1856  Num correct: 1322  Precision @ 1: 0.7123  AUC @ 1: 0.7776
Step 3200: loss = 1.8844 (0.136 sec)
Training Data Eval:
  Num examples: 8960  Num correct: 8920  Precision @ 1: 0.9955  AUC @ 1: 0.9999
Validation Data Eval:
  Num examples: 960  Num correct: 755  Precision @ 1: 0.7865  AUC @ 1: 0.8528
Test Data Eval:
  Num examples: 1856  Num correct: 1332  Precision @ 1: 0.7177  AUC @ 1: 0.7767
Step 3300: loss = 1.7455 (0.133 sec)
Training Data Eval:
  Num examples: 8960  Num correct: 8910  Precision @ 1: 0.9944  AUC @ 1: 0.9999
Validation Data Eval:
  Num examples: 960  Num correct: 752  Precision @ 1: 0.7833  AUC @ 1: 0.8519
Test Data Eval:
  Num examples: 1856  Num correct: 1330  Precision @ 1: 0.7166  AUC @ 1: 0.7789
Step 3400: loss = 1.6559 (0.132 sec)
Training Data Eval:
  Num examples: 8960  Num correct: 8930  Precision @ 1: 0.9967  AUC @ 1: 0.9999
Validation Data Eval:
  Num examples: 960  Num correct: 747  Precision @ 1: 0.7781  AUC @ 1: 0.8601
Test Data Eval:
  Num examples: 1856  Num correct: 1337  Precision @ 1: 0.7204  AUC @ 1: 0.7887
Step 3500: loss = 1.5001 (0.178 sec)
Training Data Eval:
  Num examples: 8960  Num correct: 8931  Precision @ 1: 0.9968  AUC @ 1: 0.9999
Validation Data Eval:
  Num examples: 960  Num correct: 762  Precision @ 1: 0.7937  AUC @ 1: 0.8589
Test Data Eval:
  Num examples: 1856  Num correct: 1331  Precision @ 1: 0.7171  AUC @ 1: 0.7746
Step 3600: loss = 1.4400 (0.132 sec)
Training Data Eval:
  Num examples: 8960  Num correct: 8904  Precision @ 1: 0.9938  AUC @ 1: 0.9997
Validation Data Eval:
  Num examples: 960  Num correct: 753  Precision @ 1: 0.7844  AUC @ 1: 0.8580
Test Data Eval:
  Num examples: 1856  Num correct: 1307  Precision @ 1: 0.7042  AUC @ 1: 0.7733
Step 3700: loss = 1.3500 (0.132 sec)
Training Data Eval:
  Num examples: 8960  Num correct: 8923  Precision @ 1: 0.9959  AUC @ 1: 1.0000
Validation Data Eval:
  Num examples: 960  Num correct: 751  Precision @ 1: 0.7823  AUC @ 1: 0.8571
Test Data Eval:
  Num examples: 1856  Num correct: 1339  Precision @ 1: 0.7214  AUC @ 1: 0.7722
Step 3800: loss = 1.2247 (0.132 sec)
Training Data Eval:
  Num examples: 8960  Num correct: 8927  Precision @ 1: 0.9963  AUC @ 1: 0.9999
Validation Data Eval:
  Num examples: 960  Num correct: 743  Precision @ 1: 0.7740  AUC @ 1: 0.8516
Test Data Eval:
  Num examples: 1856  Num correct: 1319  Precision @ 1: 0.7107  AUC @ 1: 0.7790
Step 3900: loss = 1.2506 (0.134 sec)
Training Data Eval:
  Num examples: 8960  Num correct: 8917  Precision @ 1: 0.9952  AUC @ 1: 0.9997
Validation Data Eval:
  Num examples: 960  Num correct: 752  Precision @ 1: 0.7833  AUC @ 1: 0.8533
Test Data Eval:
  Num examples: 1856  Num correct: 1325  Precision @ 1: 0.7139  AUC @ 1: 0.7734
Step 4000: loss = 1.1311 (0.131 sec)
Training Data Eval:
  Num examples: 8960  Num correct: 8940  Precision @ 1: 0.9978  AUC @ 1: 1.0000
Validation Data Eval:
  Num examples: 960  Num correct: 763  Precision @ 1: 0.7948  AUC @ 1: 0.8585
Test Data Eval:
  Num examples: 1856  Num correct: 1320  Precision @ 1: 0.7112  AUC @ 1: 0.7798
Step 4100: loss = 1.0831 (0.133 sec)
Training Data Eval:
  Num examples: 8960  Num correct: 8947  Precision @ 1: 0.9985  AUC @ 1: 0.9999
Validation Data Eval:
  Num examples: 960  Num correct: 754  Precision @ 1: 0.7854  AUC @ 1: 0.8501
Test Data Eval:
  Num examples: 1856  Num correct: 1352  Precision @ 1: 0.7284  AUC @ 1: 0.7776
Step 4200: loss = 0.9917 (0.182 sec)
Training Data Eval:
  Num examples: 8960  Num correct: 8929  Precision @ 1: 0.9965  AUC @ 1: 1.0000
Validation Data Eval:
  Num examples: 960  Num correct: 753  Precision @ 1: 0.7844  AUC @ 1: 0.8409
Test Data Eval:
  Num examples: 1856  Num correct: 1314  Precision @ 1: 0.7080  AUC @ 1: 0.7759
Step 4300: loss = 1.0267 (0.131 sec)
Training Data Eval:
  Num examples: 8960  Num correct: 8934  Precision @ 1: 0.9971  AUC @ 1: 0.9998
Validation Data Eval:
  Num examples: 960  Num correct: 736  Precision @ 1: 0.7667  AUC @ 1: 0.8456
Test Data Eval:
  Num examples: 1856  Num correct: 1311  Precision @ 1: 0.7064  AUC @ 1: 0.7688
Step 4400: loss = 1.0083 (0.131 sec)
Training Data Eval:
  Num examples: 8960  Num correct: 8940  Precision @ 1: 0.9978  AUC @ 1: 0.9999
Validation Data Eval:
  Num examples: 960  Num correct: 747  Precision @ 1: 0.7781  AUC @ 1: 0.8478
Test Data Eval:
  Num examples: 1856  Num correct: 1281  Precision @ 1: 0.6902  AUC @ 1: 0.7621
Step 4500: loss = 0.8375 (0.135 sec)
Training Data Eval:
  Num examples: 8960  Num correct: 8937  Precision @ 1: 0.9974  AUC @ 1: 1.0000
Validation Data Eval:
  Num examples: 960  Num correct: 760  Precision @ 1: 0.7917  AUC @ 1: 0.8469
Test Data Eval:
  Num examples: 1856  Num correct: 1374  Precision @ 1: 0.7403  AUC @ 1: 0.7836
Step 4600: loss = 0.8806 (0.133 sec)
Training Data Eval:
  Num examples: 8960  Num correct: 8949  Precision @ 1: 0.9988  AUC @ 1: 0.9997
Validation Data Eval:
  Num examples: 960  Num correct: 735  Precision @ 1: 0.7656  AUC @ 1: 0.8426
Test Data Eval:
  Num examples: 1856  Num correct: 1328  Precision @ 1: 0.7155  AUC @ 1: 0.7747
Step 4700: loss = 0.8178 (0.131 sec)
Training Data Eval:
  Num examples: 8960  Num correct: 8935  Precision @ 1: 0.9972  AUC @ 1: 1.0000
Validation Data Eval:
  Num examples: 960  Num correct: 750  Precision @ 1: 0.7812  AUC @ 1: 0.8444
Test Data Eval:
  Num examples: 1856  Num correct: 1326  Precision @ 1: 0.7144  AUC @ 1: 0.7651
Step 4800: loss = 0.7214 (0.131 sec)
Training Data Eval:
  Num examples: 8960  Num correct: 8919  Precision @ 1: 0.9954  AUC @ 1: 0.9994
Validation Data Eval:
  Num examples: 960  Num correct: 728  Precision @ 1: 0.7583  AUC @ 1: 0.8409
Test Data Eval:
  Num examples: 1856  Num correct: 1329  Precision @ 1: 0.7161  AUC @ 1: 0.7682
Step 4900: loss = 0.6857 (0.179 sec)
Training Data Eval:
  Num examples: 8960  Num correct: 8941  Precision @ 1: 0.9979  AUC @ 1: 0.9999
Validation Data Eval:
  Num examples: 960  Num correct: 743  Precision @ 1: 0.7740  AUC @ 1: 0.8514
Test Data Eval:
  Num examples: 1856  Num correct: 1338  Precision @ 1: 0.7209  AUC @ 1: 0.7804
Step 5000: loss = 0.6403 (0.134 sec)
Training Data Eval:
  Num examples: 8960  Num correct: 8940  Precision @ 1: 0.9978  AUC @ 1: 1.0000
Validation Data Eval:
  Num examples: 960  Num correct: 735  Precision @ 1: 0.7656  AUC @ 1: 0.8575
Test Data Eval:
  Num examples: 1856  Num correct: 1326  Precision @ 1: 0.7144  AUC @ 1: 0.7892
Step 5100: loss = 0.6247 (0.132 sec)
Training Data Eval:
  Num examples: 8960  Num correct: 8949  Precision @ 1: 0.9988  AUC @ 1: 1.0000
Validation Data Eval:
  Num examples: 960  Num correct: 747  Precision @ 1: 0.7781  AUC @ 1: 0.8386
Test Data Eval:
  Num examples: 1856  Num correct: 1362  Precision @ 1: 0.7338  AUC @ 1: 0.7783
Step 5200: loss = 0.5816 (0.134 sec)
Training Data Eval:
  Num examples: 8960  Num correct: 8945  Precision @ 1: 0.9983  AUC @ 1: 1.0000
Validation Data Eval:
  Num examples: 960  Num correct: 751  Precision @ 1: 0.7823  AUC @ 1: 0.8486
Test Data Eval:
  Num examples: 1856  Num correct: 1357  Precision @ 1: 0.7311  AUC @ 1: 0.7811
Step 5300: loss = 0.5795 (0.131 sec)
Training Data Eval:
  Num examples: 8960  Num correct: 8947  Precision @ 1: 0.9985  AUC @ 1: 1.0000
Validation Data Eval:
  Num examples: 960  Num correct: 756  Precision @ 1: 0.7875  AUC @ 1: 0.8576
Test Data Eval:
  Num examples: 1856  Num correct: 1343  Precision @ 1: 0.7236  AUC @ 1: 0.7802
Step 5400: loss = 0.5516 (0.137 sec)
Training Data Eval:
  Num examples: 8960  Num correct: 8944  Precision @ 1: 0.9982  AUC @ 1: 1.0000
Validation Data Eval:
  Num examples: 960  Num correct: 738  Precision @ 1: 0.7688  AUC @ 1: 0.8485
Test Data Eval:
  Num examples: 1856  Num correct: 1321  Precision @ 1: 0.7117  AUC @ 1: 0.7781
Step 5500: loss = 0.5084 (0.134 sec)
Training Data Eval:
  Num examples: 8960  Num correct: 8940  Precision @ 1: 0.9978  AUC @ 1: 1.0000
Validation Data Eval:
  Num examples: 960  Num correct: 726  Precision @ 1: 0.7562  AUC @ 1: 0.8438
Test Data Eval:
  Num examples: 1856  Num correct: 1300  Precision @ 1: 0.7004  AUC @ 1: 0.7809
Step 5600: loss = 0.5634 (0.179 sec)
Training Data Eval:
  Num examples: 8960  Num correct: 8950  Precision @ 1: 0.9989  AUC @ 1: 1.0000
Validation Data Eval:
  Num examples: 960  Num correct: 751  Precision @ 1: 0.7823  AUC @ 1: 0.8529
Test Data Eval:
  Num examples: 1856  Num correct: 1330  Precision @ 1: 0.7166  AUC @ 1: 0.7786
Step 5700: loss = 0.5336 (0.134 sec)
Training Data Eval:
  Num examples: 8960  Num correct: 8922  Precision @ 1: 0.9958  AUC @ 1: 1.0000
Validation Data Eval:
  Num examples: 960  Num correct: 722  Precision @ 1: 0.7521  AUC @ 1: 0.8463
Test Data Eval:
  Num examples: 1856  Num correct: 1260  Precision @ 1: 0.6789  AUC @ 1: 0.7789
Step 5800: loss = 0.5101 (0.132 sec)
Training Data Eval:
  Num examples: 8960  Num correct: 8954  Precision @ 1: 0.9993  AUC @ 1: 1.0000
Validation Data Eval:
  Num examples: 960  Num correct: 749  Precision @ 1: 0.7802  AUC @ 1: 0.8517
Test Data Eval:
  Num examples: 1856  Num correct: 1316  Precision @ 1: 0.7091  AUC @ 1: 0.7707
Step 5900: loss = 0.4816 (0.133 sec)
Training Data Eval:
  Num examples: 8960  Num correct: 8946  Precision @ 1: 0.9984  AUC @ 1: 1.0000
Validation Data Eval:
  Num examples: 960  Num correct: 748  Precision @ 1: 0.7792  AUC @ 1: 0.8434
Test Data Eval:
  Num examples: 1856  Num correct: 1315  Precision @ 1: 0.7085  AUC @ 1: 0.7652
Step 6000: loss = 0.4742 (0.133 sec)
Training Data Eval:
  Num examples: 8960  Num correct: 8945  Precision @ 1: 0.9983  AUC @ 1: 1.0000
Validation Data Eval:
  Num examples: 960  Num correct: 733  Precision @ 1: 0.7635  AUC @ 1: 0.8403
Test Data Eval:
  Num examples: 1856  Num correct: 1341  Precision @ 1: 0.7225  AUC @ 1: 0.7810
Step 6100: loss = 0.5453 (0.129 sec)
Training Data Eval:
  Num examples: 8960  Num correct: 8933  Precision @ 1: 0.9970  AUC @ 1: 0.9996
Validation Data Eval:
  Num examples: 960  Num correct: 740  Precision @ 1: 0.7708  AUC @ 1: 0.8432
Test Data Eval:
  Num examples: 1856  Num correct: 1302  Precision @ 1: 0.7015  AUC @ 1: 0.7635
Step 6200: loss = 0.5279 (0.133 sec)
Training Data Eval:
  Num examples: 8960  Num correct: 8956  Precision @ 1: 0.9996  AUC @ 1: 1.0000
Validation Data Eval:
  Num examples: 960  Num correct: 745  Precision @ 1: 0.7760  AUC @ 1: 0.8433
Test Data Eval:
  Num examples: 1856  Num correct: 1338  Precision @ 1: 0.7209  AUC @ 1: 0.7847
Step 6300: loss = 0.4297 (0.178 sec)
Training Data Eval:
  Num examples: 8960  Num correct: 8951  Precision @ 1: 0.9990  AUC @ 1: 1.0000
Validation Data Eval:
  Num examples: 960  Num correct: 741  Precision @ 1: 0.7719  AUC @ 1: 0.8548
Test Data Eval:
  Num examples: 1856  Num correct: 1308  Precision @ 1: 0.7047  AUC @ 1: 0.7809
Step 6400: loss = 0.4434 (0.133 sec)
Training Data Eval:
  Num examples: 8960  Num correct: 8952  Precision @ 1: 0.9991  AUC @ 1: 0.9999
Validation Data Eval:
  Num examples: 960  Num correct: 759  Precision @ 1: 0.7906  AUC @ 1: 0.8530
Test Data Eval:
  Num examples: 1856  Num correct: 1355  Precision @ 1: 0.7301  AUC @ 1: 0.7913
Step 6500: loss = 0.4232 (0.131 sec)
Training Data Eval:
  Num examples: 8960  Num correct: 8955  Precision @ 1: 0.9994  AUC @ 1: 1.0000
Validation Data Eval:
  Num examples: 960  Num correct: 754  Precision @ 1: 0.7854  AUC @ 1: 0.8495
Test Data Eval:
  Num examples: 1856  Num correct: 1340  Precision @ 1: 0.7220  AUC @ 1: 0.7858
Step 6600: loss = 0.3904 (0.127 sec)
Training Data Eval:
  Num examples: 8960  Num correct: 8954  Precision @ 1: 0.9993  AUC @ 1: 1.0000
Validation Data Eval:
  Num examples: 960  Num correct: 741  Precision @ 1: 0.7719  AUC @ 1: 0.8490
Test Data Eval:
  Num examples: 1856  Num correct: 1314  Precision @ 1: 0.7080  AUC @ 1: 0.7854
Step 6700: loss = 0.3731 (0.134 sec)
Training Data Eval:
  Num examples: 8960  Num correct: 8952  Precision @ 1: 0.9991  AUC @ 1: 1.0000
Validation Data Eval:
  Num examples: 960  Num correct: 758  Precision @ 1: 0.7896  AUC @ 1: 0.8593
Test Data Eval:
  Num examples: 1856  Num correct: 1348  Precision @ 1: 0.7263  AUC @ 1: 0.7840
Step 6800: loss = 0.3636 (0.132 sec)
Training Data Eval:
  Num examples: 8960  Num correct: 8955  Precision @ 1: 0.9994  AUC @ 1: 1.0000
Validation Data Eval:
  Num examples: 960  Num correct: 753  Precision @ 1: 0.7844  AUC @ 1: 0.8505
Test Data Eval:
  Num examples: 1856  Num correct: 1319  Precision @ 1: 0.7107  AUC @ 1: 0.7772
Step 6900: loss = 0.3863 (0.128 sec)
Training Data Eval:
  Num examples: 8960  Num correct: 8951  Precision @ 1: 0.9990  AUC @ 1: 1.0000
Validation Data Eval:
  Num examples: 960  Num correct: 761  Precision @ 1: 0.7927  AUC @ 1: 0.8571
Test Data Eval:
  Num examples: 1856  Num correct: 1315  Precision @ 1: 0.7085  AUC @ 1: 0.7697
Step 7000: loss = 0.3554 (0.182 sec)
Training Data Eval:
  Num examples: 8960  Num correct: 8946  Precision @ 1: 0.9984  AUC @ 1: 1.0000
Validation Data Eval:
  Num examples: 960  Num correct: 762  Precision @ 1: 0.7937  AUC @ 1: 0.8409
Test Data Eval:
  Num examples: 1856  Num correct: 1354  Precision @ 1: 0.7295  AUC @ 1: 0.7695
Step 7100: loss = 0.3657 (0.130 sec)
Training Data Eval:
  Num examples: 8960  Num correct: 8954  Precision @ 1: 0.9993  AUC @ 1: 1.0000
Validation Data Eval:
  Num examples: 960  Num correct: 751  Precision @ 1: 0.7823  AUC @ 1: 0.8563
Test Data Eval:
  Num examples: 1856  Num correct: 1321  Precision @ 1: 0.7117  AUC @ 1: 0.7697
Step 7200: loss = 0.3495 (0.128 sec)
Training Data Eval:
  Num examples: 8960  Num correct: 8958  Precision @ 1: 0.9998  AUC @ 1: 1.0000
Validation Data Eval:
  Num examples: 960  Num correct: 751  Precision @ 1: 0.7823  AUC @ 1: 0.8494
Test Data Eval:
  Num examples: 1856  Num correct: 1317  Precision @ 1: 0.7096  AUC @ 1: 0.7658
Step 7300: loss = 0.3533 (0.132 sec)
Training Data Eval:
  Num examples: 8960  Num correct: 8954  Precision @ 1: 0.9993  AUC @ 1: 1.0000
Validation Data Eval:
  Num examples: 960  Num correct: 747  Precision @ 1: 0.7781  AUC @ 1: 0.8461
Test Data Eval:
  Num examples: 1856  Num correct: 1316  Precision @ 1: 0.7091  AUC @ 1: 0.7649
Step 7400: loss = 0.3975 (0.133 sec)
Training Data Eval:
  Num examples: 8960  Num correct: 8947  Precision @ 1: 0.9985  AUC @ 1: 1.0000
Validation Data Eval:
  Num examples: 960  Num correct: 756  Precision @ 1: 0.7875  AUC @ 1: 0.8510
Test Data Eval:
  Num examples: 1856  Num correct: 1314  Precision @ 1: 0.7080  AUC @ 1: 0.7671
Step 7500: loss = 0.4575 (0.134 sec)
Training Data Eval:
  Num examples: 8960  Num correct: 8944  Precision @ 1: 0.9982  AUC @ 1: 0.9998
Validation Data Eval:
  Num examples: 960  Num correct: 753  Precision @ 1: 0.7844  AUC @ 1: 0.8455
Test Data Eval:
  Num examples: 1856  Num correct: 1321  Precision @ 1: 0.7117  AUC @ 1: 0.7588
Step 7600: loss = 0.3404 (0.139 sec)
Training Data Eval:
  Num examples: 8960  Num correct: 8958  Precision @ 1: 0.9998  AUC @ 1: 1.0000
Validation Data Eval:
  Num examples: 960  Num correct: 763  Precision @ 1: 0.7948  AUC @ 1: 0.8547
Test Data Eval:
  Num examples: 1856  Num correct: 1327  Precision @ 1: 0.7150  AUC @ 1: 0.7705
Step 7700: loss = 0.3553 (0.179 sec)
Training Data Eval:
  Num examples: 8960  Num correct: 8950  Precision @ 1: 0.9989  AUC @ 1: 1.0000
Validation Data Eval:
  Num examples: 960  Num correct: 764  Precision @ 1: 0.7958  AUC @ 1: 0.8518
Test Data Eval:
  Num examples: 1856  Num correct: 1338  Precision @ 1: 0.7209  AUC @ 1: 0.7550
Step 7800: loss = 0.4037 (0.133 sec)
Training Data Eval:
  Num examples: 8960  Num correct: 8933  Precision @ 1: 0.9970  AUC @ 1: 0.9999
Validation Data Eval:
  Num examples: 960  Num correct: 750  Precision @ 1: 0.7812  AUC @ 1: 0.8446
Test Data Eval:
  Num examples: 1856  Num correct: 1303  Precision @ 1: 0.7020  AUC @ 1: 0.7501
Step 7900: loss = 0.3438 (0.133 sec)
Training Data Eval:
  Num examples: 8960  Num correct: 8955  Precision @ 1: 0.9994  AUC @ 1: 1.0000
Validation Data Eval:
  Num examples: 960  Num correct: 750  Precision @ 1: 0.7812  AUC @ 1: 0.8444
Test Data Eval:
  Num examples: 1856  Num correct: 1321  Precision @ 1: 0.7117  AUC @ 1: 0.7721
Step 8000: loss = 0.3306 (0.132 sec)
Training Data Eval:
  Num examples: 8960  Num correct: 8945  Precision @ 1: 0.9983  AUC @ 1: 0.9999
Validation Data Eval:
  Num examples: 960  Num correct: 761  Precision @ 1: 0.7927  AUC @ 1: 0.8472
Test Data Eval:
  Num examples: 1856  Num correct: 1318  Precision @ 1: 0.7101  AUC @ 1: 0.7641
Step 8100: loss = 0.3559 (0.131 sec)
Training Data Eval:
  Num examples: 8960  Num correct: 8949  Precision @ 1: 0.9988  AUC @ 1: 1.0000
Validation Data Eval:
  Num examples: 960  Num correct: 745  Precision @ 1: 0.7760  AUC @ 1: 0.8471
Test Data Eval:
  Num examples: 1856  Num correct: 1304  Precision @ 1: 0.7026  AUC @ 1: 0.7627
Step 8200: loss = 0.3236 (0.132 sec)
Training Data Eval:
  Num examples: 8960  Num correct: 8945  Precision @ 1: 0.9983  AUC @ 1: 1.0000
Validation Data Eval:
  Num examples: 960  Num correct: 752  Precision @ 1: 0.7833  AUC @ 1: 0.8561
Test Data Eval:
  Num examples: 1856  Num correct: 1303  Precision @ 1: 0.7020  AUC @ 1: 0.7648
Step 8300: loss = 0.3183 (0.134 sec)
Training Data Eval:
  Num examples: 8960  Num correct: 8953  Precision @ 1: 0.9992  AUC @ 1: 1.0000
Validation Data Eval:
  Num examples: 960  Num correct: 758  Precision @ 1: 0.7896  AUC @ 1: 0.8552
Test Data Eval:
  Num examples: 1856  Num correct: 1334  Precision @ 1: 0.7188  AUC @ 1: 0.7688
Step 8400: loss = 0.3221 (0.177 sec)
Training Data Eval:
  Num examples: 8960  Num correct: 8953  Precision @ 1: 0.9992  AUC @ 1: 1.0000
Validation Data Eval:
  Num examples: 960  Num correct: 753  Precision @ 1: 0.7844  AUC @ 1: 0.8426
Test Data Eval:
  Num examples: 1856  Num correct: 1321  Precision @ 1: 0.7117  AUC @ 1: 0.7676
Step 8500: loss = 0.3289 (0.131 sec)
Training Data Eval:
  Num examples: 8960  Num correct: 8946  Precision @ 1: 0.9984  AUC @ 1: 1.0000
Validation Data Eval:
  Num examples: 960  Num correct: 739  Precision @ 1: 0.7698  AUC @ 1: 0.8423
Test Data Eval:
  Num examples: 1856  Num correct: 1302  Precision @ 1: 0.7015  AUC @ 1: 0.7723
Step 8600: loss = 0.4555 (0.132 sec)
Training Data Eval:
  Num examples: 8960  Num correct: 8936  Precision @ 1: 0.9973  AUC @ 1: 0.9998
Validation Data Eval:
  Num examples: 960  Num correct: 746  Precision @ 1: 0.7771  AUC @ 1: 0.8487
Test Data Eval:
  Num examples: 1856  Num correct: 1325  Precision @ 1: 0.7139  AUC @ 1: 0.7710
Step 8700: loss = 0.3820 (0.133 sec)
Training Data Eval:
  Num examples: 8960  Num correct: 8956  Precision @ 1: 0.9996  AUC @ 1: 1.0000
Validation Data Eval:
  Num examples: 960  Num correct: 752  Precision @ 1: 0.7833  AUC @ 1: 0.8517
Test Data Eval:
  Num examples: 1856  Num correct: 1312  Precision @ 1: 0.7069  AUC @ 1: 0.7678
Step 8800: loss = 0.3240 (0.132 sec)
Training Data Eval:
  Num examples: 8960  Num correct: 8946  Precision @ 1: 0.9984  AUC @ 1: 1.0000
Validation Data Eval:
  Num examples: 960  Num correct: 750  Precision @ 1: 0.7812  AUC @ 1: 0.8527
Test Data Eval:
  Num examples: 1856  Num correct: 1341  Precision @ 1: 0.7225  AUC @ 1: 0.7777
Step 8900: loss = 0.3752 (0.132 sec)
Training Data Eval:
  Num examples: 8960  Num correct: 8953  Precision @ 1: 0.9992  AUC @ 1: 1.0000
Validation Data Eval:
  Num examples: 960  Num correct: 732  Precision @ 1: 0.7625  AUC @ 1: 0.8426
Test Data Eval:
  Num examples: 1856  Num correct: 1334  Precision @ 1: 0.7188  AUC @ 1: 0.7757
Step 9000: loss = 0.3104 (0.132 sec)
Training Data Eval:
  Num examples: 8960  Num correct: 8945  Precision @ 1: 0.9983  AUC @ 1: 1.0000
Validation Data Eval:
  Num examples: 960  Num correct: 753  Precision @ 1: 0.7844  AUC @ 1: 0.8418
Test Data Eval:
  Num examples: 1856  Num correct: 1374  Precision @ 1: 0.7403  AUC @ 1: 0.7748
Step 9100: loss = 0.3921 (0.177 sec)
Training Data Eval:
  Num examples: 8960  Num correct: 8948  Precision @ 1: 0.9987  AUC @ 1: 1.0000
Validation Data Eval:
  Num examples: 960  Num correct: 768  Precision @ 1: 0.8000  AUC @ 1: 0.8620
Test Data Eval:
  Num examples: 1856  Num correct: 1342  Precision @ 1: 0.7231  AUC @ 1: 0.7745
Step 9200: loss = 0.3156 (0.132 sec)
Training Data Eval:
  Num examples: 8960  Num correct: 8955  Precision @ 1: 0.9994  AUC @ 1: 1.0000
Validation Data Eval:
  Num examples: 960  Num correct: 753  Precision @ 1: 0.7844  AUC @ 1: 0.8512
Test Data Eval:
  Num examples: 1856  Num correct: 1347  Precision @ 1: 0.7258  AUC @ 1: 0.7777
Step 9300: loss = 0.3160 (0.135 sec)
Training Data Eval:
  Num examples: 8960  Num correct: 8942  Precision @ 1: 0.9980  AUC @ 1: 1.0000
Validation Data Eval:
  Num examples: 960  Num correct: 750  Precision @ 1: 0.7812  AUC @ 1: 0.8409
Test Data Eval:
  Num examples: 1856  Num correct: 1330  Precision @ 1: 0.7166  AUC @ 1: 0.7621
Step 9400: loss = 0.3596 (0.135 sec)
Training Data Eval:
  Num examples: 8960  Num correct: 8950  Precision @ 1: 0.9989  AUC @ 1: 1.0000
Validation Data Eval:
  Num examples: 960  Num correct: 744  Precision @ 1: 0.7750  AUC @ 1: 0.8398
Test Data Eval:
  Num examples: 1856  Num correct: 1340  Precision @ 1: 0.7220  AUC @ 1: 0.7667
Step 9500: loss = 0.3080 (0.133 sec)
Training Data Eval:
  Num examples: 8960  Num correct: 8947  Precision @ 1: 0.9985  AUC @ 1: 1.0000
Validation Data Eval:
  Num examples: 960  Num correct: 764  Precision @ 1: 0.7958  AUC @ 1: 0.8579
Test Data Eval:
  Num examples: 1856  Num correct: 1339  Precision @ 1: 0.7214  AUC @ 1: 0.7813
Step 9600: loss = 0.3026 (0.131 sec)
Training Data Eval:
  Num examples: 8960  Num correct: 8951  Precision @ 1: 0.9990  AUC @ 1: 0.9999
Validation Data Eval:
  Num examples: 960  Num correct: 760  Precision @ 1: 0.7917  AUC @ 1: 0.8536
Test Data Eval:
  Num examples: 1856  Num correct: 1352  Precision @ 1: 0.7284  AUC @ 1: 0.7769
Step 9700: loss = 0.3162 (0.132 sec)
Training Data Eval:
  Num examples: 8960  Num correct: 8958  Precision @ 1: 0.9998  AUC @ 1: 1.0000
Validation Data Eval:
  Num examples: 960  Num correct: 750  Precision @ 1: 0.7812  AUC @ 1: 0.8475
Test Data Eval:
  Num examples: 1856  Num correct: 1331  Precision @ 1: 0.7171  AUC @ 1: 0.7748
Step 9800: loss = 0.2995 (0.179 sec)
Training Data Eval:
  Num examples: 8960  Num correct: 8942  Precision @ 1: 0.9980  AUC @ 1: 1.0000
Validation Data Eval:
  Num examples: 960  Num correct: 741  Precision @ 1: 0.7719  AUC @ 1: 0.8403
Test Data Eval:
  Num examples: 1856  Num correct: 1316  Precision @ 1: 0.7091  AUC @ 1: 0.7705
Step 9900: loss = 0.3617 (0.134 sec)
Training Data Eval:
  Num examples: 8960  Num correct: 8956  Precision @ 1: 0.9996  AUC @ 1: 1.0000
Validation Data Eval:
  Num examples: 960  Num correct: 746  Precision @ 1: 0.7771  AUC @ 1: 0.8389
Test Data Eval:
  Num examples: 1856  Num correct: 1331  Precision @ 1: 0.7171  AUC @ 1: 0.7723
