Training data shape: 	(10000, 64, 64, 1)
Training label shape:	(10000,)
Testing data shape:  	(1910, 64, 64, 1)
Testing label shape: 	(1910,)
max input value is: 153.458
min input value is: -104.189
random permuted training data
==============================================================================
Model: 			inference_dnn_cnn
Tensor Name: 	Placeholder:0
[64, 64, 64, 1]
==============================================================================
Tensor Name: local1/local1:0
[64, 128]
==============================================================================
Tensor Name: local2/local2:0
[64, 128]
==============================================================================
Tensor Name: softmax_linear/softmax_linear:0
[64, 2]
Step 0: loss = 2.0293 (0.019 sec)
Training Data Eval:
  Num examples: 8960  Num correct: 6732  Precision @ 1: 0.7513  AUC @ 1: 0.8075
Validation Data Eval:
  Num examples: 960  Num correct: 706  Precision @ 1: 0.7354  AUC @ 1: 0.7816
Test Data Eval:
  Num examples: 1856  Num correct: 1276  Precision @ 1: 0.6875  AUC @ 1: 0.7318
Step 100: loss = 1.6637 (0.011 sec)
Training Data Eval:
  Num examples: 8960  Num correct: 7025  Precision @ 1: 0.7840  AUC @ 1: 0.8474
Validation Data Eval:
  Num examples: 960  Num correct: 747  Precision @ 1: 0.7781  AUC @ 1: 0.8264
Test Data Eval:
  Num examples: 1856  Num correct: 1309  Precision @ 1: 0.7053  AUC @ 1: 0.7425
Step 200: loss = 1.7021 (0.012 sec)
Training Data Eval:
  Num examples: 8960  Num correct: 7193  Precision @ 1: 0.8028  AUC @ 1: 0.8758
Validation Data Eval:
  Num examples: 960  Num correct: 750  Precision @ 1: 0.7812  AUC @ 1: 0.8436
Test Data Eval:
  Num examples: 1856  Num correct: 1332  Precision @ 1: 0.7177  AUC @ 1: 0.7457
Step 300: loss = 1.4930 (0.012 sec)
Training Data Eval:
  Num examples: 8960  Num correct: 7277  Precision @ 1: 0.8122  AUC @ 1: 0.8899
Validation Data Eval:
  Num examples: 960  Num correct: 749  Precision @ 1: 0.7802  AUC @ 1: 0.8486
Test Data Eval:
  Num examples: 1856  Num correct: 1348  Precision @ 1: 0.7263  AUC @ 1: 0.7506
Step 400: loss = 1.4421 (0.012 sec)
Training Data Eval:
  Num examples: 8960  Num correct: 7447  Precision @ 1: 0.8311  AUC @ 1: 0.9044
Validation Data Eval:
  Num examples: 960  Num correct: 769  Precision @ 1: 0.8010  AUC @ 1: 0.8612
Test Data Eval:
  Num examples: 1856  Num correct: 1359  Precision @ 1: 0.7322  AUC @ 1: 0.7627
Step 500: loss = 1.2641 (0.012 sec)
Training Data Eval:
  Num examples: 8960  Num correct: 7564  Precision @ 1: 0.8442  AUC @ 1: 0.9188
Validation Data Eval:
  Num examples: 960  Num correct: 771  Precision @ 1: 0.8031  AUC @ 1: 0.8641
Test Data Eval:
  Num examples: 1856  Num correct: 1325  Precision @ 1: 0.7139  AUC @ 1: 0.7525
Step 600: loss = 1.2114 (0.013 sec)
Training Data Eval:
  Num examples: 8960  Num correct: 7605  Precision @ 1: 0.8488  AUC @ 1: 0.9251
Validation Data Eval:
  Num examples: 960  Num correct: 754  Precision @ 1: 0.7854  AUC @ 1: 0.8656
Test Data Eval:
  Num examples: 1856  Num correct: 1357  Precision @ 1: 0.7311  AUC @ 1: 0.7550
Step 700: loss = 1.4134 (0.092 sec)
Training Data Eval:
  Num examples: 8960  Num correct: 7629  Precision @ 1: 0.8515  AUC @ 1: 0.9321
Validation Data Eval:
  Num examples: 960  Num correct: 766  Precision @ 1: 0.7979  AUC @ 1: 0.8741
Test Data Eval:
  Num examples: 1856  Num correct: 1347  Precision @ 1: 0.7258  AUC @ 1: 0.7625
Step 800: loss = 1.1873 (0.012 sec)
Training Data Eval:
  Num examples: 8960  Num correct: 7714  Precision @ 1: 0.8609  AUC @ 1: 0.9416
Validation Data Eval:
  Num examples: 960  Num correct: 769  Precision @ 1: 0.8010  AUC @ 1: 0.8730
Test Data Eval:
  Num examples: 1856  Num correct: 1327  Precision @ 1: 0.7150  AUC @ 1: 0.7654
Step 900: loss = 1.1455 (0.012 sec)
Training Data Eval:
  Num examples: 8960  Num correct: 7806  Precision @ 1: 0.8712  AUC @ 1: 0.9482
Validation Data Eval:
  Num examples: 960  Num correct: 775  Precision @ 1: 0.8073  AUC @ 1: 0.8741
Test Data Eval:
  Num examples: 1856  Num correct: 1324  Precision @ 1: 0.7134  AUC @ 1: 0.7549
Step 1000: loss = 1.0184 (0.012 sec)
Training Data Eval:
  Num examples: 8960  Num correct: 7931  Precision @ 1: 0.8852  AUC @ 1: 0.9621
Validation Data Eval:
  Num examples: 960  Num correct: 777  Precision @ 1: 0.8094  AUC @ 1: 0.8726
Test Data Eval:
  Num examples: 1856  Num correct: 1354  Precision @ 1: 0.7295  AUC @ 1: 0.7562
Step 1100: loss = 0.9259 (0.011 sec)
Training Data Eval:
  Num examples: 8960  Num correct: 7896  Precision @ 1: 0.8812  AUC @ 1: 0.9597
Validation Data Eval:
  Num examples: 960  Num correct: 786  Precision @ 1: 0.8187  AUC @ 1: 0.8762
Test Data Eval:
  Num examples: 1856  Num correct: 1342  Precision @ 1: 0.7231  AUC @ 1: 0.7573
Step 1200: loss = 0.8457 (0.011 sec)
Training Data Eval:
  Num examples: 8960  Num correct: 7972  Precision @ 1: 0.8897  AUC @ 1: 0.9634
Validation Data Eval:
  Num examples: 960  Num correct: 782  Precision @ 1: 0.8146  AUC @ 1: 0.8839
Test Data Eval:
  Num examples: 1856  Num correct: 1350  Precision @ 1: 0.7274  AUC @ 1: 0.7791
Step 1300: loss = 0.8629 (0.012 sec)
Training Data Eval:
  Num examples: 8960  Num correct: 8059  Precision @ 1: 0.8994  AUC @ 1: 0.9709
Validation Data Eval:
  Num examples: 960  Num correct: 780  Precision @ 1: 0.8125  AUC @ 1: 0.8866
Test Data Eval:
  Num examples: 1856  Num correct: 1332  Precision @ 1: 0.7177  AUC @ 1: 0.7404
Step 1400: loss = 0.7779 (0.095 sec)
Training Data Eval:
  Num examples: 8960  Num correct: 8067  Precision @ 1: 0.9003  AUC @ 1: 0.9722
Validation Data Eval:
  Num examples: 960  Num correct: 796  Precision @ 1: 0.8292  AUC @ 1: 0.8863
Test Data Eval:
  Num examples: 1856  Num correct: 1336  Precision @ 1: 0.7198  AUC @ 1: 0.7685
Step 1500: loss = 0.7857 (0.012 sec)
Training Data Eval:
  Num examples: 8960  Num correct: 8052  Precision @ 1: 0.8987  AUC @ 1: 0.9734
Validation Data Eval:
  Num examples: 960  Num correct: 787  Precision @ 1: 0.8198  AUC @ 1: 0.8798
Test Data Eval:
  Num examples: 1856  Num correct: 1346  Precision @ 1: 0.7252  AUC @ 1: 0.7631
Step 1600: loss = 0.7028 (0.011 sec)
Training Data Eval:
  Num examples: 8960  Num correct: 8209  Precision @ 1: 0.9162  AUC @ 1: 0.9789
Validation Data Eval:
  Num examples: 960  Num correct: 788  Precision @ 1: 0.8208  AUC @ 1: 0.8856
Test Data Eval:
  Num examples: 1856  Num correct: 1335  Precision @ 1: 0.7193  AUC @ 1: 0.7596
Step 1700: loss = 0.6348 (0.012 sec)
Training Data Eval:
  Num examples: 8960  Num correct: 8267  Precision @ 1: 0.9227  AUC @ 1: 0.9825
Validation Data Eval:
  Num examples: 960  Num correct: 771  Precision @ 1: 0.8031  AUC @ 1: 0.8796
Test Data Eval:
  Num examples: 1856  Num correct: 1321  Precision @ 1: 0.7117  AUC @ 1: 0.7468
Step 1800: loss = 0.6634 (0.012 sec)
Training Data Eval:
  Num examples: 8960  Num correct: 8219  Precision @ 1: 0.9173  AUC @ 1: 0.9821
Validation Data Eval:
  Num examples: 960  Num correct: 770  Precision @ 1: 0.8021  AUC @ 1: 0.8777
Test Data Eval:
  Num examples: 1856  Num correct: 1344  Precision @ 1: 0.7241  AUC @ 1: 0.7609
Step 1900: loss = 0.6128 (0.012 sec)
Training Data Eval:
  Num examples: 8960  Num correct: 8298  Precision @ 1: 0.9261  AUC @ 1: 0.9842
Validation Data Eval:
  Num examples: 960  Num correct: 776  Precision @ 1: 0.8083  AUC @ 1: 0.8723
Test Data Eval:
  Num examples: 1856  Num correct: 1319  Precision @ 1: 0.7107  AUC @ 1: 0.7605
Step 2000: loss = 0.6000 (0.011 sec)
Training Data Eval:
  Num examples: 8960  Num correct: 8335  Precision @ 1: 0.9302  AUC @ 1: 0.9865
Validation Data Eval:
  Num examples: 960  Num correct: 777  Precision @ 1: 0.8094  AUC @ 1: 0.8831
Test Data Eval:
  Num examples: 1856  Num correct: 1342  Precision @ 1: 0.7231  AUC @ 1: 0.7652
Step 2100: loss = 0.5731 (0.094 sec)
Training Data Eval:
  Num examples: 8960  Num correct: 8366  Precision @ 1: 0.9337  AUC @ 1: 0.9873
Validation Data Eval:
  Num examples: 960  Num correct: 780  Precision @ 1: 0.8125  AUC @ 1: 0.8858
Test Data Eval:
  Num examples: 1856  Num correct: 1317  Precision @ 1: 0.7096  AUC @ 1: 0.7676
Step 2200: loss = 0.4990 (0.013 sec)
Training Data Eval:
  Num examples: 8960  Num correct: 8396  Precision @ 1: 0.9371  AUC @ 1: 0.9861
Validation Data Eval:
  Num examples: 960  Num correct: 779  Precision @ 1: 0.8115  AUC @ 1: 0.8828
Test Data Eval:
  Num examples: 1856  Num correct: 1363  Precision @ 1: 0.7344  AUC @ 1: 0.7796
Step 2300: loss = 0.6069 (0.012 sec)
Training Data Eval:
  Num examples: 8960  Num correct: 8372  Precision @ 1: 0.9344  AUC @ 1: 0.9884
Validation Data Eval:
  Num examples: 960  Num correct: 791  Precision @ 1: 0.8240  AUC @ 1: 0.8878
Test Data Eval:
  Num examples: 1856  Num correct: 1346  Precision @ 1: 0.7252  AUC @ 1: 0.7750
Step 2400: loss = 0.4738 (0.012 sec)
Training Data Eval:
  Num examples: 8960  Num correct: 8324  Precision @ 1: 0.9290  AUC @ 1: 0.9851
Validation Data Eval:
  Num examples: 960  Num correct: 775  Precision @ 1: 0.8073  AUC @ 1: 0.8784
Test Data Eval:
  Num examples: 1856  Num correct: 1317  Precision @ 1: 0.7096  AUC @ 1: 0.7723
Step 2500: loss = 0.5151 (0.012 sec)
Training Data Eval:
  Num examples: 8960  Num correct: 8352  Precision @ 1: 0.9321  AUC @ 1: 0.9857
Validation Data Eval:
  Num examples: 960  Num correct: 780  Precision @ 1: 0.8125  AUC @ 1: 0.8815
Test Data Eval:
  Num examples: 1856  Num correct: 1344  Precision @ 1: 0.7241  AUC @ 1: 0.7768
Step 2600: loss = 0.5174 (0.012 sec)
Training Data Eval:
  Num examples: 8960  Num correct: 8372  Precision @ 1: 0.9344  AUC @ 1: 0.9875
Validation Data Eval:
  Num examples: 960  Num correct: 772  Precision @ 1: 0.8042  AUC @ 1: 0.8782
Test Data Eval:
  Num examples: 1856  Num correct: 1336  Precision @ 1: 0.7198  AUC @ 1: 0.7616
Step 2700: loss = 0.5411 (0.012 sec)
Training Data Eval:
  Num examples: 8960  Num correct: 8475  Precision @ 1: 0.9459  AUC @ 1: 0.9910
Validation Data Eval:
  Num examples: 960  Num correct: 774  Precision @ 1: 0.8063  AUC @ 1: 0.8763
Test Data Eval:
  Num examples: 1856  Num correct: 1325  Precision @ 1: 0.7139  AUC @ 1: 0.7588
Step 2800: loss = 0.3908 (0.097 sec)
Training Data Eval:
  Num examples: 8960  Num correct: 8400  Precision @ 1: 0.9375  AUC @ 1: 0.9898
Validation Data Eval:
  Num examples: 960  Num correct: 772  Precision @ 1: 0.8042  AUC @ 1: 0.8842
Test Data Eval:
  Num examples: 1856  Num correct: 1316  Precision @ 1: 0.7091  AUC @ 1: 0.7677
Step 2900: loss = 0.4790 (0.011 sec)
Training Data Eval:
  Num examples: 8960  Num correct: 8465  Precision @ 1: 0.9448  AUC @ 1: 0.9911
Validation Data Eval:
  Num examples: 960  Num correct: 779  Precision @ 1: 0.8115  AUC @ 1: 0.8795
Test Data Eval:
  Num examples: 1856  Num correct: 1350  Precision @ 1: 0.7274  AUC @ 1: 0.7601
Step 3000: loss = 0.3606 (0.012 sec)
Training Data Eval:
  Num examples: 8960  Num correct: 8444  Precision @ 1: 0.9424  AUC @ 1: 0.9903
Validation Data Eval:
  Num examples: 960  Num correct: 797  Precision @ 1: 0.8302  AUC @ 1: 0.8857
Test Data Eval:
  Num examples: 1856  Num correct: 1332  Precision @ 1: 0.7177  AUC @ 1: 0.7468
Step 3100: loss = 0.3930 (0.012 sec)
Training Data Eval:
  Num examples: 8960  Num correct: 8503  Precision @ 1: 0.9490  AUC @ 1: 0.9916
Validation Data Eval:
  Num examples: 960  Num correct: 768  Precision @ 1: 0.8000  AUC @ 1: 0.8765
Test Data Eval:
  Num examples: 1856  Num correct: 1329  Precision @ 1: 0.7161  AUC @ 1: 0.7686
Step 3200: loss = 0.4103 (0.012 sec)
Training Data Eval:
  Num examples: 8960  Num correct: 8406  Precision @ 1: 0.9382  AUC @ 1: 0.9876
Validation Data Eval:
  Num examples: 960  Num correct: 781  Precision @ 1: 0.8135  AUC @ 1: 0.8790
Test Data Eval:
  Num examples: 1856  Num correct: 1320  Precision @ 1: 0.7112  AUC @ 1: 0.7566
Step 3300: loss = 0.4416 (0.012 sec)
Training Data Eval:
  Num examples: 8960  Num correct: 8450  Precision @ 1: 0.9431  AUC @ 1: 0.9909
Validation Data Eval:
  Num examples: 960  Num correct: 787  Precision @ 1: 0.8198  AUC @ 1: 0.8834
Test Data Eval:
  Num examples: 1856  Num correct: 1335  Precision @ 1: 0.7193  AUC @ 1: 0.7744
Step 3400: loss = 0.4385 (0.013 sec)
Training Data Eval:
  Num examples: 8960  Num correct: 8575  Precision @ 1: 0.9570  AUC @ 1: 0.9934
Validation Data Eval:
  Num examples: 960  Num correct: 788  Precision @ 1: 0.8208  AUC @ 1: 0.8824
Test Data Eval:
  Num examples: 1856  Num correct: 1342  Precision @ 1: 0.7231  AUC @ 1: 0.7636
Step 3500: loss = 0.4482 (0.096 sec)
Training Data Eval:
  Num examples: 8960  Num correct: 8541  Precision @ 1: 0.9532  AUC @ 1: 0.9926
Validation Data Eval:
  Num examples: 960  Num correct: 775  Precision @ 1: 0.8073  AUC @ 1: 0.8823
Test Data Eval:
  Num examples: 1856  Num correct: 1342  Precision @ 1: 0.7231  AUC @ 1: 0.7724
Step 3600: loss = 0.4100 (0.012 sec)
Training Data Eval:
  Num examples: 8960  Num correct: 8509  Precision @ 1: 0.9497  AUC @ 1: 0.9928
Validation Data Eval:
  Num examples: 960  Num correct: 776  Precision @ 1: 0.8083  AUC @ 1: 0.8831
Test Data Eval:
  Num examples: 1856  Num correct: 1319  Precision @ 1: 0.7107  AUC @ 1: 0.7585
Step 3700: loss = 0.3943 (0.012 sec)
Training Data Eval:
  Num examples: 8960  Num correct: 8596  Precision @ 1: 0.9594  AUC @ 1: 0.9948
Validation Data Eval:
  Num examples: 960  Num correct: 791  Precision @ 1: 0.8240  AUC @ 1: 0.8835
Test Data Eval:
  Num examples: 1856  Num correct: 1330  Precision @ 1: 0.7166  AUC @ 1: 0.7612
Step 3800: loss = 0.3752 (0.013 sec)
Training Data Eval:
  Num examples: 8960  Num correct: 8520  Precision @ 1: 0.9509  AUC @ 1: 0.9945
Validation Data Eval:
  Num examples: 960  Num correct: 781  Precision @ 1: 0.8135  AUC @ 1: 0.8841
Test Data Eval:
  Num examples: 1856  Num correct: 1340  Precision @ 1: 0.7220  AUC @ 1: 0.7636
Step 3900: loss = 0.4259 (0.012 sec)
Training Data Eval:
  Num examples: 8960  Num correct: 8592  Precision @ 1: 0.9589  AUC @ 1: 0.9940
Validation Data Eval:
  Num examples: 960  Num correct: 780  Precision @ 1: 0.8125  AUC @ 1: 0.8831
Test Data Eval:
  Num examples: 1856  Num correct: 1359  Precision @ 1: 0.7322  AUC @ 1: 0.7650
Step 4000: loss = 0.3515 (0.012 sec)
Training Data Eval:
  Num examples: 8960  Num correct: 8545  Precision @ 1: 0.9537  AUC @ 1: 0.9939
Validation Data Eval:
  Num examples: 960  Num correct: 786  Precision @ 1: 0.8187  AUC @ 1: 0.8772
Test Data Eval:
  Num examples: 1856  Num correct: 1317  Precision @ 1: 0.7096  AUC @ 1: 0.7617
Step 4100: loss = 0.3863 (0.012 sec)
Training Data Eval:
  Num examples: 8960  Num correct: 8615  Precision @ 1: 0.9615  AUC @ 1: 0.9959
Validation Data Eval:
  Num examples: 960  Num correct: 769  Precision @ 1: 0.8010  AUC @ 1: 0.8780
Test Data Eval:
  Num examples: 1856  Num correct: 1339  Precision @ 1: 0.7214  AUC @ 1: 0.7587
Step 4200: loss = 0.3466 (0.096 sec)
Training Data Eval:
  Num examples: 8960  Num correct: 8643  Precision @ 1: 0.9646  AUC @ 1: 0.9949
Validation Data Eval:
  Num examples: 960  Num correct: 771  Precision @ 1: 0.8031  AUC @ 1: 0.8788
Test Data Eval:
  Num examples: 1856  Num correct: 1335  Precision @ 1: 0.7193  AUC @ 1: 0.7609
Step 4300: loss = 0.4454 (0.013 sec)
Training Data Eval:
  Num examples: 8960  Num correct: 8592  Precision @ 1: 0.9589  AUC @ 1: 0.9949
Validation Data Eval:
  Num examples: 960  Num correct: 774  Precision @ 1: 0.8063  AUC @ 1: 0.8754
Test Data Eval:
  Num examples: 1856  Num correct: 1334  Precision @ 1: 0.7188  AUC @ 1: 0.7432
Step 4400: loss = 0.3168 (0.012 sec)
Training Data Eval:
  Num examples: 8960  Num correct: 8473  Precision @ 1: 0.9456  AUC @ 1: 0.9896
Validation Data Eval:
  Num examples: 960  Num correct: 779  Precision @ 1: 0.8115  AUC @ 1: 0.8774
Test Data Eval:
  Num examples: 1856  Num correct: 1327  Precision @ 1: 0.7150  AUC @ 1: 0.7443
Step 4500: loss = 0.3947 (0.012 sec)
Training Data Eval:
  Num examples: 8960  Num correct: 8641  Precision @ 1: 0.9644  AUC @ 1: 0.9952
Validation Data Eval:
  Num examples: 960  Num correct: 774  Precision @ 1: 0.8063  AUC @ 1: 0.8749
Test Data Eval:
  Num examples: 1856  Num correct: 1339  Precision @ 1: 0.7214  AUC @ 1: 0.7705
Step 4600: loss = 0.3050 (0.012 sec)
Training Data Eval:
  Num examples: 8960  Num correct: 8558  Precision @ 1: 0.9551  AUC @ 1: 0.9943
Validation Data Eval:
  Num examples: 960  Num correct: 766  Precision @ 1: 0.7979  AUC @ 1: 0.8675
Test Data Eval:
  Num examples: 1856  Num correct: 1364  Precision @ 1: 0.7349  AUC @ 1: 0.7772
Step 4700: loss = 0.4298 (0.012 sec)
Training Data Eval:
  Num examples: 8960  Num correct: 8586  Precision @ 1: 0.9583  AUC @ 1: 0.9949
Validation Data Eval:
  Num examples: 960  Num correct: 779  Precision @ 1: 0.8115  AUC @ 1: 0.8727
Test Data Eval:
  Num examples: 1856  Num correct: 1317  Precision @ 1: 0.7096  AUC @ 1: 0.7598
Step 4800: loss = 0.4284 (0.012 sec)
Training Data Eval:
  Num examples: 8960  Num correct: 8663  Precision @ 1: 0.9669  AUC @ 1: 0.9967
Validation Data Eval:
  Num examples: 960  Num correct: 764  Precision @ 1: 0.7958  AUC @ 1: 0.8764
Test Data Eval:
  Num examples: 1856  Num correct: 1325  Precision @ 1: 0.7139  AUC @ 1: 0.7633
Step 4900: loss = 0.3396 (0.098 sec)
Training Data Eval:
  Num examples: 8960  Num correct: 8583  Precision @ 1: 0.9579  AUC @ 1: 0.9956
Validation Data Eval:
  Num examples: 960  Num correct: 773  Precision @ 1: 0.8052  AUC @ 1: 0.8686
Test Data Eval:
  Num examples: 1856  Num correct: 1325  Precision @ 1: 0.7139  AUC @ 1: 0.7630
Step 5000: loss = 0.4029 (0.012 sec)
Training Data Eval:
  Num examples: 8960  Num correct: 8622  Precision @ 1: 0.9623  AUC @ 1: 0.9956
Validation Data Eval:
  Num examples: 960  Num correct: 787  Precision @ 1: 0.8198  AUC @ 1: 0.8778
Test Data Eval:
  Num examples: 1856  Num correct: 1341  Precision @ 1: 0.7225  AUC @ 1: 0.7566
Step 5100: loss = 0.3759 (0.012 sec)
Training Data Eval:
  Num examples: 8960  Num correct: 8581  Precision @ 1: 0.9577  AUC @ 1: 0.9949
Validation Data Eval:
  Num examples: 960  Num correct: 785  Precision @ 1: 0.8177  AUC @ 1: 0.8811
Test Data Eval:
  Num examples: 1856  Num correct: 1338  Precision @ 1: 0.7209  AUC @ 1: 0.7612
Step 5200: loss = 0.3535 (0.012 sec)
Training Data Eval:
  Num examples: 8960  Num correct: 8610  Precision @ 1: 0.9609  AUC @ 1: 0.9953
Validation Data Eval:
  Num examples: 960  Num correct: 778  Precision @ 1: 0.8104  AUC @ 1: 0.8787
Test Data Eval:
  Num examples: 1856  Num correct: 1348  Precision @ 1: 0.7263  AUC @ 1: 0.7710
Step 5300: loss = 0.2672 (0.012 sec)
Training Data Eval:
  Num examples: 8960  Num correct: 8625  Precision @ 1: 0.9626  AUC @ 1: 0.9958
Validation Data Eval:
  Num examples: 960  Num correct: 769  Precision @ 1: 0.8010  AUC @ 1: 0.8722
Test Data Eval:
  Num examples: 1856  Num correct: 1328  Precision @ 1: 0.7155  AUC @ 1: 0.7652
Step 5400: loss = 0.3934 (0.012 sec)
Training Data Eval:
  Num examples: 8960  Num correct: 8611  Precision @ 1: 0.9610  AUC @ 1: 0.9961
Validation Data Eval:
  Num examples: 960  Num correct: 775  Precision @ 1: 0.8073  AUC @ 1: 0.8785
Test Data Eval:
  Num examples: 1856  Num correct: 1342  Precision @ 1: 0.7231  AUC @ 1: 0.7706
Step 5500: loss = 0.2970 (0.012 sec)
Training Data Eval:
  Num examples: 8960  Num correct: 8677  Precision @ 1: 0.9684  AUC @ 1: 0.9963
Validation Data Eval:
  Num examples: 960  Num correct: 786  Precision @ 1: 0.8187  AUC @ 1: 0.8769
Test Data Eval:
  Num examples: 1856  Num correct: 1347  Precision @ 1: 0.7258  AUC @ 1: 0.7679
Step 5600: loss = 0.4623 (0.087 sec)
Training Data Eval:
  Num examples: 8960  Num correct: 8586  Precision @ 1: 0.9583  AUC @ 1: 0.9962
Validation Data Eval:
  Num examples: 960  Num correct: 777  Precision @ 1: 0.8094  AUC @ 1: 0.8772
Test Data Eval:
  Num examples: 1856  Num correct: 1335  Precision @ 1: 0.7193  AUC @ 1: 0.7572
Step 5700: loss = 0.3880 (0.012 sec)
Training Data Eval:
  Num examples: 8960  Num correct: 8589  Precision @ 1: 0.9586  AUC @ 1: 0.9939
Validation Data Eval:
  Num examples: 960  Num correct: 777  Precision @ 1: 0.8094  AUC @ 1: 0.8704
Test Data Eval:
  Num examples: 1856  Num correct: 1341  Precision @ 1: 0.7225  AUC @ 1: 0.7670
Step 5800: loss = 0.4142 (0.013 sec)
Training Data Eval:
  Num examples: 8960  Num correct: 8608  Precision @ 1: 0.9607  AUC @ 1: 0.9950
Validation Data Eval:
  Num examples: 960  Num correct: 777  Precision @ 1: 0.8094  AUC @ 1: 0.8749
Test Data Eval:
  Num examples: 1856  Num correct: 1331  Precision @ 1: 0.7171  AUC @ 1: 0.7656
Step 5900: loss = 0.3888 (0.012 sec)
Training Data Eval:
  Num examples: 8960  Num correct: 8453  Precision @ 1: 0.9434  AUC @ 1: 0.9907
Validation Data Eval:
  Num examples: 960  Num correct: 779  Precision @ 1: 0.8115  AUC @ 1: 0.8725
Test Data Eval:
  Num examples: 1856  Num correct: 1331  Precision @ 1: 0.7171  AUC @ 1: 0.7686
Step 6000: loss = 0.4270 (0.012 sec)
Training Data Eval:
  Num examples: 8960  Num correct: 8645  Precision @ 1: 0.9648  AUC @ 1: 0.9954
Validation Data Eval:
  Num examples: 960  Num correct: 783  Precision @ 1: 0.8156  AUC @ 1: 0.8771
Test Data Eval:
  Num examples: 1856  Num correct: 1341  Precision @ 1: 0.7225  AUC @ 1: 0.7602
Step 6100: loss = 0.3581 (0.012 sec)
Training Data Eval:
  Num examples: 8960  Num correct: 8485  Precision @ 1: 0.9470  AUC @ 1: 0.9920
Validation Data Eval:
  Num examples: 960  Num correct: 767  Precision @ 1: 0.7990  AUC @ 1: 0.8738
Test Data Eval:
  Num examples: 1856  Num correct: 1324  Precision @ 1: 0.7134  AUC @ 1: 0.7610
Step 6200: loss = 0.3203 (0.011 sec)
Training Data Eval:
  Num examples: 8960  Num correct: 8676  Precision @ 1: 0.9683  AUC @ 1: 0.9969
Validation Data Eval:
  Num examples: 960  Num correct: 771  Precision @ 1: 0.8031  AUC @ 1: 0.8709
Test Data Eval:
  Num examples: 1856  Num correct: 1334  Precision @ 1: 0.7188  AUC @ 1: 0.7739
Step 6300: loss = 0.3996 (0.100 sec)
Training Data Eval:
  Num examples: 8960  Num correct: 8629  Precision @ 1: 0.9631  AUC @ 1: 0.9959
Validation Data Eval:
  Num examples: 960  Num correct: 784  Precision @ 1: 0.8167  AUC @ 1: 0.8795
Test Data Eval:
  Num examples: 1856  Num correct: 1319  Precision @ 1: 0.7107  AUC @ 1: 0.7589
Step 6400: loss = 0.3602 (0.012 sec)
Training Data Eval:
  Num examples: 8960  Num correct: 8620  Precision @ 1: 0.9621  AUC @ 1: 0.9933
Validation Data Eval:
  Num examples: 960  Num correct: 767  Precision @ 1: 0.7990  AUC @ 1: 0.8778
Test Data Eval:
  Num examples: 1856  Num correct: 1360  Precision @ 1: 0.7328  AUC @ 1: 0.7806
Step 6500: loss = 0.4738 (0.012 sec)
Training Data Eval:
  Num examples: 8960  Num correct: 8568  Precision @ 1: 0.9563  AUC @ 1: 0.9930
Validation Data Eval:
  Num examples: 960  Num correct: 764  Precision @ 1: 0.7958  AUC @ 1: 0.8780
Test Data Eval:
  Num examples: 1856  Num correct: 1333  Precision @ 1: 0.7182  AUC @ 1: 0.7724
Step 6600: loss = 0.3503 (0.013 sec)
Training Data Eval:
  Num examples: 8960  Num correct: 8631  Precision @ 1: 0.9633  AUC @ 1: 0.9960
Validation Data Eval:
  Num examples: 960  Num correct: 781  Precision @ 1: 0.8135  AUC @ 1: 0.8765
Test Data Eval:
  Num examples: 1856  Num correct: 1340  Precision @ 1: 0.7220  AUC @ 1: 0.7687
Step 6700: loss = 0.2742 (0.012 sec)
Training Data Eval:
  Num examples: 8960  Num correct: 8600  Precision @ 1: 0.9598  AUC @ 1: 0.9942
Validation Data Eval:
  Num examples: 960  Num correct: 779  Precision @ 1: 0.8115  AUC @ 1: 0.8782
Test Data Eval:
  Num examples: 1856  Num correct: 1346  Precision @ 1: 0.7252  AUC @ 1: 0.7794
Step 6800: loss = 0.3304 (0.012 sec)
Training Data Eval:
  Num examples: 8960  Num correct: 8613  Precision @ 1: 0.9613  AUC @ 1: 0.9964
Validation Data Eval:
  Num examples: 960  Num correct: 773  Precision @ 1: 0.8052  AUC @ 1: 0.8761
Test Data Eval:
  Num examples: 1856  Num correct: 1350  Precision @ 1: 0.7274  AUC @ 1: 0.7581
Step 6900: loss = 0.3998 (0.012 sec)
Training Data Eval:
  Num examples: 8960  Num correct: 8680  Precision @ 1: 0.9688  AUC @ 1: 0.9967
Validation Data Eval:
  Num examples: 960  Num correct: 784  Precision @ 1: 0.8167  AUC @ 1: 0.8791
Test Data Eval:
  Num examples: 1856  Num correct: 1353  Precision @ 1: 0.7290  AUC @ 1: 0.7705
Step 7000: loss = 0.3350 (0.100 sec)
Training Data Eval:
  Num examples: 8960  Num correct: 8549  Precision @ 1: 0.9541  AUC @ 1: 0.9959
Validation Data Eval:
  Num examples: 960  Num correct: 764  Precision @ 1: 0.7958  AUC @ 1: 0.8719
Test Data Eval:
  Num examples: 1856  Num correct: 1338  Precision @ 1: 0.7209  AUC @ 1: 0.7580
Step 7100: loss = 0.6409 (0.012 sec)
Training Data Eval:
  Num examples: 8960  Num correct: 8633  Precision @ 1: 0.9635  AUC @ 1: 0.9960
Validation Data Eval:
  Num examples: 960  Num correct: 780  Precision @ 1: 0.8125  AUC @ 1: 0.8744
Test Data Eval:
  Num examples: 1856  Num correct: 1344  Precision @ 1: 0.7241  AUC @ 1: 0.7697
Step 7200: loss = 0.3160 (0.012 sec)
Training Data Eval:
  Num examples: 8960  Num correct: 8626  Precision @ 1: 0.9627  AUC @ 1: 0.9945
Validation Data Eval:
  Num examples: 960  Num correct: 779  Precision @ 1: 0.8115  AUC @ 1: 0.8756
Test Data Eval:
  Num examples: 1856  Num correct: 1352  Precision @ 1: 0.7284  AUC @ 1: 0.7610
Step 7300: loss = 0.2841 (0.012 sec)
Training Data Eval:
  Num examples: 8960  Num correct: 8533  Precision @ 1: 0.9523  AUC @ 1: 0.9925
Validation Data Eval:
  Num examples: 960  Num correct: 771  Precision @ 1: 0.8031  AUC @ 1: 0.8746
Test Data Eval:
  Num examples: 1856  Num correct: 1284  Precision @ 1: 0.6918  AUC @ 1: 0.7468
Step 7400: loss = 0.2921 (0.013 sec)
Training Data Eval:
  Num examples: 8960  Num correct: 8644  Precision @ 1: 0.9647  AUC @ 1: 0.9960
Validation Data Eval:
  Num examples: 960  Num correct: 782  Precision @ 1: 0.8146  AUC @ 1: 0.8793
Test Data Eval:
  Num examples: 1856  Num correct: 1308  Precision @ 1: 0.7047  AUC @ 1: 0.7648
Step 7500: loss = 0.4827 (0.012 sec)
Training Data Eval:
  Num examples: 8960  Num correct: 8663  Precision @ 1: 0.9669  AUC @ 1: 0.9965
Validation Data Eval:
  Num examples: 960  Num correct: 779  Precision @ 1: 0.8115  AUC @ 1: 0.8777
Test Data Eval:
  Num examples: 1856  Num correct: 1336  Precision @ 1: 0.7198  AUC @ 1: 0.7598
Step 7600: loss = 0.3519 (0.012 sec)
Training Data Eval:
  Num examples: 8960  Num correct: 8635  Precision @ 1: 0.9637  AUC @ 1: 0.9960
Validation Data Eval:
  Num examples: 960  Num correct: 773  Precision @ 1: 0.8052  AUC @ 1: 0.8789
Test Data Eval:
  Num examples: 1856  Num correct: 1340  Precision @ 1: 0.7220  AUC @ 1: 0.7663
Step 7700: loss = 0.3644 (0.101 sec)
Training Data Eval:
  Num examples: 8960  Num correct: 8663  Precision @ 1: 0.9669  AUC @ 1: 0.9968
Validation Data Eval:
  Num examples: 960  Num correct: 781  Precision @ 1: 0.8135  AUC @ 1: 0.8748
Test Data Eval:
  Num examples: 1856  Num correct: 1358  Precision @ 1: 0.7317  AUC @ 1: 0.7652
Step 7800: loss = 0.3036 (0.012 sec)
Training Data Eval:
  Num examples: 8960  Num correct: 8658  Precision @ 1: 0.9663  AUC @ 1: 0.9945
Validation Data Eval:
  Num examples: 960  Num correct: 778  Precision @ 1: 0.8104  AUC @ 1: 0.8785
Test Data Eval:
  Num examples: 1856  Num correct: 1323  Precision @ 1: 0.7128  AUC @ 1: 0.7597
Step 7900: loss = 0.3388 (0.012 sec)
Training Data Eval:
  Num examples: 8960  Num correct: 8674  Precision @ 1: 0.9681  AUC @ 1: 0.9969
Validation Data Eval:
  Num examples: 960  Num correct: 778  Precision @ 1: 0.8104  AUC @ 1: 0.8834
Test Data Eval:
  Num examples: 1856  Num correct: 1346  Precision @ 1: 0.7252  AUC @ 1: 0.7650
Step 8000: loss = 0.3405 (0.012 sec)
Training Data Eval:
  Num examples: 8960  Num correct: 8669  Precision @ 1: 0.9675  AUC @ 1: 0.9972
Validation Data Eval:
  Num examples: 960  Num correct: 782  Precision @ 1: 0.8146  AUC @ 1: 0.8822
Test Data Eval:
  Num examples: 1856  Num correct: 1348  Precision @ 1: 0.7263  AUC @ 1: 0.7679
Step 8100: loss = 0.2610 (0.012 sec)
Training Data Eval:
  Num examples: 8960  Num correct: 8592  Precision @ 1: 0.9589  AUC @ 1: 0.9957
Validation Data Eval:
  Num examples: 960  Num correct: 786  Precision @ 1: 0.8187  AUC @ 1: 0.8831
Test Data Eval:
  Num examples: 1856  Num correct: 1350  Precision @ 1: 0.7274  AUC @ 1: 0.7754
Step 8200: loss = 0.3612 (0.012 sec)
Training Data Eval:
  Num examples: 8960  Num correct: 8687  Precision @ 1: 0.9695  AUC @ 1: 0.9967
Validation Data Eval:
  Num examples: 960  Num correct: 781  Precision @ 1: 0.8135  AUC @ 1: 0.8760
Test Data Eval:
  Num examples: 1856  Num correct: 1335  Precision @ 1: 0.7193  AUC @ 1: 0.7664
Step 8300: loss = 0.5270 (0.012 sec)
Training Data Eval:
  Num examples: 8960  Num correct: 8703  Precision @ 1: 0.9713  AUC @ 1: 0.9966
Validation Data Eval:
  Num examples: 960  Num correct: 765  Precision @ 1: 0.7969  AUC @ 1: 0.8749
Test Data Eval:
  Num examples: 1856  Num correct: 1331  Precision @ 1: 0.7171  AUC @ 1: 0.7640
Step 8400: loss = 0.2737 (0.099 sec)
Training Data Eval:
  Num examples: 8960  Num correct: 8664  Precision @ 1: 0.9670  AUC @ 1: 0.9961
Validation Data Eval:
  Num examples: 960  Num correct: 782  Precision @ 1: 0.8146  AUC @ 1: 0.8765
Test Data Eval:
  Num examples: 1856  Num correct: 1326  Precision @ 1: 0.7144  AUC @ 1: 0.7532
Step 8500: loss = 0.3308 (0.015 sec)
Training Data Eval:
  Num examples: 8960  Num correct: 8661  Precision @ 1: 0.9666  AUC @ 1: 0.9966
Validation Data Eval:
  Num examples: 960  Num correct: 775  Precision @ 1: 0.8073  AUC @ 1: 0.8797
Test Data Eval:
  Num examples: 1856  Num correct: 1341  Precision @ 1: 0.7225  AUC @ 1: 0.7561
Step 8600: loss = 0.4154 (0.012 sec)
Training Data Eval:
  Num examples: 8960  Num correct: 8658  Precision @ 1: 0.9663  AUC @ 1: 0.9919
Validation Data Eval:
  Num examples: 960  Num correct: 766  Precision @ 1: 0.7979  AUC @ 1: 0.8659
Test Data Eval:
  Num examples: 1856  Num correct: 1372  Precision @ 1: 0.7392  AUC @ 1: 0.7813
Step 8700: loss = 0.3429 (0.012 sec)
Training Data Eval:
  Num examples: 8960  Num correct: 8661  Precision @ 1: 0.9666  AUC @ 1: 0.9970
Validation Data Eval:
  Num examples: 960  Num correct: 787  Precision @ 1: 0.8198  AUC @ 1: 0.8795
Test Data Eval:
  Num examples: 1856  Num correct: 1341  Precision @ 1: 0.7225  AUC @ 1: 0.7601
Step 8800: loss = 0.4256 (0.012 sec)
Training Data Eval:
  Num examples: 8960  Num correct: 8667  Precision @ 1: 0.9673  AUC @ 1: 0.9966
Validation Data Eval:
  Num examples: 960  Num correct: 778  Precision @ 1: 0.8104  AUC @ 1: 0.8753
Test Data Eval:
  Num examples: 1856  Num correct: 1331  Precision @ 1: 0.7171  AUC @ 1: 0.7633
Step 8900: loss = 0.3057 (0.013 sec)
Training Data Eval:
  Num examples: 8960  Num correct: 8682  Precision @ 1: 0.9690  AUC @ 1: 0.9973
Validation Data Eval:
  Num examples: 960  Num correct: 780  Precision @ 1: 0.8125  AUC @ 1: 0.8811
Test Data Eval:
  Num examples: 1856  Num correct: 1346  Precision @ 1: 0.7252  AUC @ 1: 0.7580
Step 9000: loss = 0.2989 (0.012 sec)
Training Data Eval:
  Num examples: 8960  Num correct: 8679  Precision @ 1: 0.9686  AUC @ 1: 0.9975
Validation Data Eval:
  Num examples: 960  Num correct: 787  Precision @ 1: 0.8198  AUC @ 1: 0.8788
Test Data Eval:
  Num examples: 1856  Num correct: 1370  Precision @ 1: 0.7381  AUC @ 1: 0.7781
Step 9100: loss = 0.3618 (0.087 sec)
Training Data Eval:
  Num examples: 8960  Num correct: 8693  Precision @ 1: 0.9702  AUC @ 1: 0.9970
Validation Data Eval:
  Num examples: 960  Num correct: 774  Precision @ 1: 0.8063  AUC @ 1: 0.8784
Test Data Eval:
  Num examples: 1856  Num correct: 1349  Precision @ 1: 0.7268  AUC @ 1: 0.7693
Step 9200: loss = 0.2985 (0.012 sec)
Training Data Eval:
  Num examples: 8960  Num correct: 8633  Precision @ 1: 0.9635  AUC @ 1: 0.9951
Validation Data Eval:
  Num examples: 960  Num correct: 780  Precision @ 1: 0.8125  AUC @ 1: 0.8714
Test Data Eval:
  Num examples: 1856  Num correct: 1329  Precision @ 1: 0.7161  AUC @ 1: 0.7458
Step 9300: loss = 0.3432 (0.013 sec)
Training Data Eval:
  Num examples: 8960  Num correct: 8595  Precision @ 1: 0.9593  AUC @ 1: 0.9961
Validation Data Eval:
  Num examples: 960  Num correct: 778  Precision @ 1: 0.8104  AUC @ 1: 0.8765
Test Data Eval:
  Num examples: 1856  Num correct: 1346  Precision @ 1: 0.7252  AUC @ 1: 0.7557
Step 9400: loss = 0.3282 (0.013 sec)
Training Data Eval:
  Num examples: 8960  Num correct: 8602  Precision @ 1: 0.9600  AUC @ 1: 0.9960
Validation Data Eval:
  Num examples: 960  Num correct: 766  Precision @ 1: 0.7979  AUC @ 1: 0.8646
Test Data Eval:
  Num examples: 1856  Num correct: 1355  Precision @ 1: 0.7301  AUC @ 1: 0.7657
Step 9500: loss = 0.3267 (0.012 sec)
Training Data Eval:
  Num examples: 8960  Num correct: 8589  Precision @ 1: 0.9586  AUC @ 1: 0.9943
Validation Data Eval:
  Num examples: 960  Num correct: 776  Precision @ 1: 0.8083  AUC @ 1: 0.8858
Test Data Eval:
  Num examples: 1856  Num correct: 1331  Precision @ 1: 0.7171  AUC @ 1: 0.7762
Step 9600: loss = 0.3774 (0.012 sec)
Training Data Eval:
  Num examples: 8960  Num correct: 8594  Precision @ 1: 0.9592  AUC @ 1: 0.9956
Validation Data Eval:
  Num examples: 960  Num correct: 774  Precision @ 1: 0.8063  AUC @ 1: 0.8771
Test Data Eval:
  Num examples: 1856  Num correct: 1345  Precision @ 1: 0.7247  AUC @ 1: 0.7726
Step 9700: loss = 0.3656 (0.012 sec)
Training Data Eval:
  Num examples: 8960  Num correct: 8632  Precision @ 1: 0.9634  AUC @ 1: 0.9960
Validation Data Eval:
  Num examples: 960  Num correct: 787  Precision @ 1: 0.8198  AUC @ 1: 0.8814
Test Data Eval:
  Num examples: 1856  Num correct: 1321  Precision @ 1: 0.7117  AUC @ 1: 0.7574
Step 9800: loss = 0.4065 (0.092 sec)
Training Data Eval:
  Num examples: 8960  Num correct: 8735  Precision @ 1: 0.9749  AUC @ 1: 0.9976
Validation Data Eval:
  Num examples: 960  Num correct: 795  Precision @ 1: 0.8281  AUC @ 1: 0.8921
Test Data Eval:
  Num examples: 1856  Num correct: 1329  Precision @ 1: 0.7161  AUC @ 1: 0.7681
Step 9900: loss = 0.3250 (0.012 sec)
Training Data Eval:
  Num examples: 8960  Num correct: 8740  Precision @ 1: 0.9754  AUC @ 1: 0.9975
Validation Data Eval:
  Num examples: 960  Num correct: 795  Precision @ 1: 0.8281  AUC @ 1: 0.8867
Test Data Eval:
  Num examples: 1856  Num correct: 1350  Precision @ 1: 0.7274  AUC @ 1: 0.7670
