Training data shape: 	(3869, 30, 64, 1)
Training label shape:	(3869,)
Testing data shape:  	(466, 30, 64, 1)
Testing label shape: 	(466,)
max input value is: 3457.30786133
min input value is: -4872.94775391
random permuted training data
==============================================================================
Model: 			inference_stcnn
Tensor Name: 	Placeholder:0
[128, 30, 64, 1]
==============================================================================
Tensor Name: conv0/conv0:0
[128, 1, 60, 16]
==============================================================================
Tensor Name: MaxPool:0
[128, 1, 30, 16]
==============================================================================
Tensor Name: conv1/conv1:0
[128, 1, 26, 4]
==============================================================================
Tensor Name: MaxPool_1:0
[128, 1, 13, 4]
==============================================================================
Tensor Name: local1/local1:0
[128, 128]
==============================================================================
Tensor Name: local2/local2:0
[128, 128]
==============================================================================
Tensor Name: softmax_linear/softmax_linear:0
[128, 2]
Step 0: loss = 0.7500 (0.039 sec)
Training Data Eval:
  Num examples: 3584  Num correct: 2023  Precision @ 1: 0.5645  AUC @ 1: 0.6784
Validation Data Eval:
  Num examples: 256  Num correct: 136  Precision @ 1: 0.5312  AUC @ 1: 0.7075
Test Data Eval:
  Num examples: 384  Num correct: 181  Precision @ 1: 0.4714  AUC @ 1: 0.5802
Step 200: loss = 0.7277 (0.023 sec)
Training Data Eval:
  Num examples: 3584  Num correct: 2059  Precision @ 1: 0.5745  AUC @ 1: 0.6935
Validation Data Eval:
  Num examples: 256  Num correct: 136  Precision @ 1: 0.5312  AUC @ 1: 0.7187
Test Data Eval:
  Num examples: 384  Num correct: 216  Precision @ 1: 0.5625  AUC @ 1: 0.5898
Step 400: loss = 0.7213 (0.023 sec)
Training Data Eval:
  Num examples: 3584  Num correct: 2024  Precision @ 1: 0.5647  AUC @ 1: 0.7009
Validation Data Eval:
  Num examples: 256  Num correct: 136  Precision @ 1: 0.5312  AUC @ 1: 0.6988
Test Data Eval:
  Num examples: 384  Num correct: 220  Precision @ 1: 0.5729  AUC @ 1: 0.6376
Step 600: loss = 0.6644 (0.023 sec)
Training Data Eval:
  Num examples: 3584  Num correct: 2033  Precision @ 1: 0.5672  AUC @ 1: 0.7241
Validation Data Eval:
  Num examples: 256  Num correct: 137  Precision @ 1: 0.5352  AUC @ 1: 0.7256
Test Data Eval:
  Num examples: 384  Num correct: 214  Precision @ 1: 0.5573  AUC @ 1: 0.6927
Step 800: loss = 0.6687 (0.023 sec)
Training Data Eval:
  Num examples: 3584  Num correct: 2261  Precision @ 1: 0.6309  AUC @ 1: 0.7647
Validation Data Eval:
  Num examples: 256  Num correct: 148  Precision @ 1: 0.5781  AUC @ 1: 0.7471
Test Data Eval:
  Num examples: 384  Num correct: 245  Precision @ 1: 0.6380  AUC @ 1: 0.7216
Step 1000: loss = 0.6487 (0.023 sec)
Training Data Eval:
  Num examples: 3584  Num correct: 2387  Precision @ 1: 0.6660  AUC @ 1: 0.7639
Validation Data Eval:
  Num examples: 256  Num correct: 161  Precision @ 1: 0.6289  AUC @ 1: 0.7538
Test Data Eval:
  Num examples: 384  Num correct: 260  Precision @ 1: 0.6771  AUC @ 1: 0.7354
Step 1200: loss = 0.6216 (0.023 sec)
Training Data Eval:
  Num examples: 3584  Num correct: 2482  Precision @ 1: 0.6925  AUC @ 1: 0.7747
Validation Data Eval:
  Num examples: 256  Num correct: 169  Precision @ 1: 0.6602  AUC @ 1: 0.7638
Test Data Eval:
  Num examples: 384  Num correct: 262  Precision @ 1: 0.6823  AUC @ 1: 0.7523
Step 1400: loss = 0.6112 (0.057 sec)
Training Data Eval:
  Num examples: 3584  Num correct: 2541  Precision @ 1: 0.7090  AUC @ 1: 0.7899
Validation Data Eval:
  Num examples: 256  Num correct: 177  Precision @ 1: 0.6914  AUC @ 1: 0.7735
Test Data Eval:
  Num examples: 384  Num correct: 255  Precision @ 1: 0.6641  AUC @ 1: 0.7427
Step 1600: loss = 0.5407 (0.023 sec)
Training Data Eval:
  Num examples: 3584  Num correct: 2570  Precision @ 1: 0.7171  AUC @ 1: 0.7816
Validation Data Eval:
  Num examples: 256  Num correct: 180  Precision @ 1: 0.7031  AUC @ 1: 0.7714
Test Data Eval:
  Num examples: 384  Num correct: 257  Precision @ 1: 0.6693  AUC @ 1: 0.7491
Step 1800: loss = 0.4996 (0.023 sec)
Training Data Eval:
  Num examples: 3584  Num correct: 2567  Precision @ 1: 0.7162  AUC @ 1: 0.7903
Validation Data Eval:
  Num examples: 256  Num correct: 182  Precision @ 1: 0.7109  AUC @ 1: 0.7813
Test Data Eval:
  Num examples: 384  Num correct: 256  Precision @ 1: 0.6667  AUC @ 1: 0.7554
Step 2000: loss = 0.5628 (0.023 sec)
Training Data Eval:
  Num examples: 3584  Num correct: 2651  Precision @ 1: 0.7397  AUC @ 1: 0.8008
Validation Data Eval:
  Num examples: 256  Num correct: 184  Precision @ 1: 0.7188  AUC @ 1: 0.7789
Test Data Eval:
  Num examples: 384  Num correct: 264  Precision @ 1: 0.6875  AUC @ 1: 0.7592
Step 2200: loss = 0.6490 (0.023 sec)
Training Data Eval:
  Num examples: 3584  Num correct: 2643  Precision @ 1: 0.7374  AUC @ 1: 0.8095
Validation Data Eval:
  Num examples: 256  Num correct: 185  Precision @ 1: 0.7227  AUC @ 1: 0.7930
Test Data Eval:
  Num examples: 384  Num correct: 257  Precision @ 1: 0.6693  AUC @ 1: 0.7576
Step 2400: loss = 0.5671 (0.024 sec)
Training Data Eval:
  Num examples: 3584  Num correct: 2625  Precision @ 1: 0.7324  AUC @ 1: 0.8073
Validation Data Eval:
  Num examples: 256  Num correct: 185  Precision @ 1: 0.7227  AUC @ 1: 0.7933
Test Data Eval:
  Num examples: 384  Num correct: 251  Precision @ 1: 0.6536  AUC @ 1: 0.7514
Step 2600: loss = 0.6118 (0.023 sec)
Training Data Eval:
  Num examples: 3584  Num correct: 2645  Precision @ 1: 0.7380  AUC @ 1: 0.8108
Validation Data Eval:
  Num examples: 256  Num correct: 186  Precision @ 1: 0.7266  AUC @ 1: 0.7930
Test Data Eval:
  Num examples: 384  Num correct: 243  Precision @ 1: 0.6328  AUC @ 1: 0.7219
Step 2800: loss = 0.5457 (0.057 sec)
Training Data Eval:
  Num examples: 3584  Num correct: 2634  Precision @ 1: 0.7349  AUC @ 1: 0.8100
Validation Data Eval:
  Num examples: 256  Num correct: 189  Precision @ 1: 0.7383  AUC @ 1: 0.7968
Test Data Eval:
  Num examples: 384  Num correct: 258  Precision @ 1: 0.6719  AUC @ 1: 0.7554
Step 3000: loss = 0.5962 (0.024 sec)
Training Data Eval:
  Num examples: 3584  Num correct: 2687  Precision @ 1: 0.7497  AUC @ 1: 0.8134
Validation Data Eval:
  Num examples: 256  Num correct: 189  Precision @ 1: 0.7383  AUC @ 1: 0.7991
Test Data Eval:
  Num examples: 384  Num correct: 251  Precision @ 1: 0.6536  AUC @ 1: 0.7554
Step 3200: loss = 0.6178 (0.023 sec)
Training Data Eval:
  Num examples: 3584  Num correct: 2620  Precision @ 1: 0.7310  AUC @ 1: 0.8145
Validation Data Eval:
  Num examples: 256  Num correct: 187  Precision @ 1: 0.7305  AUC @ 1: 0.7961
Test Data Eval:
  Num examples: 384  Num correct: 240  Precision @ 1: 0.6250  AUC @ 1: 0.7316
Step 3400: loss = 0.5751 (0.022 sec)
Training Data Eval:
  Num examples: 3584  Num correct: 2617  Precision @ 1: 0.7302  AUC @ 1: 0.8087
Validation Data Eval:
  Num examples: 256  Num correct: 189  Precision @ 1: 0.7383  AUC @ 1: 0.7981
Test Data Eval:
  Num examples: 384  Num correct: 245  Precision @ 1: 0.6380  AUC @ 1: 0.7356
Step 3600: loss = 0.5504 (0.024 sec)
Training Data Eval:
  Num examples: 3584  Num correct: 2698  Precision @ 1: 0.7528  AUC @ 1: 0.8245
Validation Data Eval:
  Num examples: 256  Num correct: 191  Precision @ 1: 0.7461  AUC @ 1: 0.8148
Test Data Eval:
  Num examples: 384  Num correct: 256  Precision @ 1: 0.6667  AUC @ 1: 0.7552
Step 3800: loss = 0.6473 (0.022 sec)
Training Data Eval:
  Num examples: 3584  Num correct: 2688  Precision @ 1: 0.7500  AUC @ 1: 0.8261
Validation Data Eval:
  Num examples: 256  Num correct: 193  Precision @ 1: 0.7539  AUC @ 1: 0.8177
Test Data Eval:
  Num examples: 384  Num correct: 262  Precision @ 1: 0.6823  AUC @ 1: 0.7674
Step 4000: loss = 0.6432 (0.025 sec)
Training Data Eval:
  Num examples: 3584  Num correct: 2715  Precision @ 1: 0.7575  AUC @ 1: 0.8339
Validation Data Eval:
  Num examples: 256  Num correct: 194  Precision @ 1: 0.7578  AUC @ 1: 0.8148
Test Data Eval:
  Num examples: 384  Num correct: 257  Precision @ 1: 0.6693  AUC @ 1: 0.7317
Step 4200: loss = 0.4805 (0.058 sec)
Training Data Eval:
  Num examples: 3584  Num correct: 2732  Precision @ 1: 0.7623  AUC @ 1: 0.8389
Validation Data Eval:
  Num examples: 256  Num correct: 197  Precision @ 1: 0.7695  AUC @ 1: 0.8218
Test Data Eval:
  Num examples: 384  Num correct: 251  Precision @ 1: 0.6536  AUC @ 1: 0.7288
Step 4400: loss = 0.4806 (0.022 sec)
Training Data Eval:
  Num examples: 3584  Num correct: 2719  Precision @ 1: 0.7586  AUC @ 1: 0.8377
Validation Data Eval:
  Num examples: 256  Num correct: 194  Precision @ 1: 0.7578  AUC @ 1: 0.8250
Test Data Eval:
  Num examples: 384  Num correct: 248  Precision @ 1: 0.6458  AUC @ 1: 0.7359
Step 4600: loss = 0.5345 (0.023 sec)
Training Data Eval:
  Num examples: 3584  Num correct: 2750  Precision @ 1: 0.7673  AUC @ 1: 0.8411
Validation Data Eval:
  Num examples: 256  Num correct: 198  Precision @ 1: 0.7734  AUC @ 1: 0.8295
Test Data Eval:
  Num examples: 384  Num correct: 252  Precision @ 1: 0.6562  AUC @ 1: 0.7250
Step 4800: loss = 0.5027 (0.024 sec)
Training Data Eval:
  Num examples: 3584  Num correct: 2725  Precision @ 1: 0.7603  AUC @ 1: 0.8382
Validation Data Eval:
  Num examples: 256  Num correct: 189  Precision @ 1: 0.7383  AUC @ 1: 0.8154
Test Data Eval:
  Num examples: 384  Num correct: 244  Precision @ 1: 0.6354  AUC @ 1: 0.7090
Step 5000: loss = 0.4968 (0.023 sec)
Training Data Eval:
  Num examples: 3584  Num correct: 2759  Precision @ 1: 0.7698  AUC @ 1: 0.8442
Validation Data Eval:
  Num examples: 256  Num correct: 200  Precision @ 1: 0.7812  AUC @ 1: 0.8314
Test Data Eval:
  Num examples: 384  Num correct: 255  Precision @ 1: 0.6641  AUC @ 1: 0.7319
Step 5200: loss = 0.4677 (0.025 sec)
Training Data Eval:
  Num examples: 3584  Num correct: 2670  Precision @ 1: 0.7450  AUC @ 1: 0.8336
Validation Data Eval:
  Num examples: 256  Num correct: 191  Precision @ 1: 0.7461  AUC @ 1: 0.8131
Test Data Eval:
  Num examples: 384  Num correct: 251  Precision @ 1: 0.6536  AUC @ 1: 0.7173
Step 5400: loss = 0.4596 (0.023 sec)
Training Data Eval:
  Num examples: 3584  Num correct: 2791  Precision @ 1: 0.7787  AUC @ 1: 0.8570
Validation Data Eval:
  Num examples: 256  Num correct: 201  Precision @ 1: 0.7852  AUC @ 1: 0.8415
Test Data Eval:
  Num examples: 384  Num correct: 248  Precision @ 1: 0.6458  AUC @ 1: 0.7101
Step 5600: loss = 0.4810 (0.058 sec)
Training Data Eval:
  Num examples: 3584  Num correct: 2803  Precision @ 1: 0.7821  AUC @ 1: 0.8611
Validation Data Eval:
  Num examples: 256  Num correct: 205  Precision @ 1: 0.8008  AUC @ 1: 0.8496
Test Data Eval:
  Num examples: 384  Num correct: 254  Precision @ 1: 0.6615  AUC @ 1: 0.7180
Step 5800: loss = 0.5147 (0.022 sec)
Training Data Eval:
  Num examples: 3584  Num correct: 2833  Precision @ 1: 0.7905  AUC @ 1: 0.8685
Validation Data Eval:
  Num examples: 256  Num correct: 203  Precision @ 1: 0.7930  AUC @ 1: 0.8460
Test Data Eval:
  Num examples: 384  Num correct: 251  Precision @ 1: 0.6536  AUC @ 1: 0.7304
Step 6000: loss = 0.5084 (0.023 sec)
Training Data Eval:
  Num examples: 3584  Num correct: 2786  Precision @ 1: 0.7773  AUC @ 1: 0.8614
Validation Data Eval:
  Num examples: 256  Num correct: 195  Precision @ 1: 0.7617  AUC @ 1: 0.8389
Test Data Eval:
  Num examples: 384  Num correct: 243  Precision @ 1: 0.6328  AUC @ 1: 0.7176
Step 6200: loss = 0.5091 (0.023 sec)
Training Data Eval:
  Num examples: 3584  Num correct: 2813  Precision @ 1: 0.7849  AUC @ 1: 0.8643
Validation Data Eval:
  Num examples: 256  Num correct: 199  Precision @ 1: 0.7773  AUC @ 1: 0.8507
Test Data Eval:
  Num examples: 384  Num correct: 260  Precision @ 1: 0.6771  AUC @ 1: 0.7538
Step 6400: loss = 0.5303 (0.024 sec)
Training Data Eval:
  Num examples: 3584  Num correct: 2884  Precision @ 1: 0.8047  AUC @ 1: 0.8838
Validation Data Eval:
  Num examples: 256  Num correct: 204  Precision @ 1: 0.7969  AUC @ 1: 0.8521
Test Data Eval:
  Num examples: 384  Num correct: 250  Precision @ 1: 0.6510  AUC @ 1: 0.7312
Step 6600: loss = 0.4522 (0.023 sec)
Training Data Eval:
  Num examples: 3584  Num correct: 2851  Precision @ 1: 0.7955  AUC @ 1: 0.8780
Validation Data Eval:
  Num examples: 256  Num correct: 203  Precision @ 1: 0.7930  AUC @ 1: 0.8583
Test Data Eval:
  Num examples: 384  Num correct: 251  Precision @ 1: 0.6536  AUC @ 1: 0.7394
Step 6800: loss = 0.5225 (0.023 sec)
Training Data Eval:
  Num examples: 3584  Num correct: 2862  Precision @ 1: 0.7985  AUC @ 1: 0.8798
Validation Data Eval:
  Num examples: 256  Num correct: 205  Precision @ 1: 0.8008  AUC @ 1: 0.8646
Test Data Eval:
  Num examples: 384  Num correct: 255  Precision @ 1: 0.6641  AUC @ 1: 0.7231
Step 7000: loss = 0.5158 (0.061 sec)
Training Data Eval:
  Num examples: 3584  Num correct: 2871  Precision @ 1: 0.8011  AUC @ 1: 0.8839
Validation Data Eval:
  Num examples: 256  Num correct: 202  Precision @ 1: 0.7891  AUC @ 1: 0.8556
Test Data Eval:
  Num examples: 384  Num correct: 238  Precision @ 1: 0.6198  AUC @ 1: 0.7191
Step 7200: loss = 0.5092 (0.023 sec)
Training Data Eval:
  Num examples: 3584  Num correct: 2915  Precision @ 1: 0.8133  AUC @ 1: 0.8938
Validation Data Eval:
  Num examples: 256  Num correct: 199  Precision @ 1: 0.7773  AUC @ 1: 0.8545
Test Data Eval:
  Num examples: 384  Num correct: 245  Precision @ 1: 0.6380  AUC @ 1: 0.7146
Step 7400: loss = 0.4353 (0.023 sec)
Training Data Eval:
  Num examples: 3584  Num correct: 2935  Precision @ 1: 0.8189  AUC @ 1: 0.8978
Validation Data Eval:
  Num examples: 256  Num correct: 199  Precision @ 1: 0.7773  AUC @ 1: 0.8581
Test Data Eval:
  Num examples: 384  Num correct: 248  Precision @ 1: 0.6458  AUC @ 1: 0.7136
Step 7600: loss = 0.4514 (0.024 sec)
Training Data Eval:
  Num examples: 3584  Num correct: 2889  Precision @ 1: 0.8061  AUC @ 1: 0.8918
Validation Data Eval:
  Num examples: 256  Num correct: 203  Precision @ 1: 0.7930  AUC @ 1: 0.8638
Test Data Eval:
  Num examples: 384  Num correct: 256  Precision @ 1: 0.6667  AUC @ 1: 0.7459
Step 7800: loss = 0.4122 (0.023 sec)
Training Data Eval:
  Num examples: 3584  Num correct: 2950  Precision @ 1: 0.8231  AUC @ 1: 0.9007
Validation Data Eval:
  Num examples: 256  Num correct: 200  Precision @ 1: 0.7812  AUC @ 1: 0.8626
Test Data Eval:
  Num examples: 384  Num correct: 263  Precision @ 1: 0.6849  AUC @ 1: 0.7522
Step 8000: loss = 0.4362 (0.023 sec)
Training Data Eval:
  Num examples: 3584  Num correct: 2945  Precision @ 1: 0.8217  AUC @ 1: 0.9040
Validation Data Eval:
  Num examples: 256  Num correct: 203  Precision @ 1: 0.7930  AUC @ 1: 0.8676
Test Data Eval:
  Num examples: 384  Num correct: 257  Precision @ 1: 0.6693  AUC @ 1: 0.7529
Step 8200: loss = 0.5022 (0.023 sec)
Training Data Eval:
  Num examples: 3584  Num correct: 2945  Precision @ 1: 0.8217  AUC @ 1: 0.9043
Validation Data Eval:
  Num examples: 256  Num correct: 206  Precision @ 1: 0.8047  AUC @ 1: 0.8689
Test Data Eval:
  Num examples: 384  Num correct: 264  Precision @ 1: 0.6875  AUC @ 1: 0.7383
Step 8400: loss = 0.3888 (0.063 sec)
Training Data Eval:
  Num examples: 3584  Num correct: 2910  Precision @ 1: 0.8119  AUC @ 1: 0.8989
Validation Data Eval:
  Num examples: 256  Num correct: 195  Precision @ 1: 0.7617  AUC @ 1: 0.8417
Test Data Eval:
  Num examples: 384  Num correct: 252  Precision @ 1: 0.6562  AUC @ 1: 0.7275
Step 8600: loss = 0.4149 (0.023 sec)
Training Data Eval:
  Num examples: 3584  Num correct: 2974  Precision @ 1: 0.8298  AUC @ 1: 0.9062
Validation Data Eval:
  Num examples: 256  Num correct: 203  Precision @ 1: 0.7930  AUC @ 1: 0.8670
Test Data Eval:
  Num examples: 384  Num correct: 268  Precision @ 1: 0.6979  AUC @ 1: 0.7571
Step 8800: loss = 0.4856 (0.022 sec)
Training Data Eval:
  Num examples: 3584  Num correct: 3000  Precision @ 1: 0.8371  AUC @ 1: 0.9102
Validation Data Eval:
  Num examples: 256  Num correct: 209  Precision @ 1: 0.8164  AUC @ 1: 0.8690
Test Data Eval:
  Num examples: 384  Num correct: 266  Precision @ 1: 0.6927  AUC @ 1: 0.7584
Step 9000: loss = 0.4275 (0.024 sec)
Training Data Eval:
  Num examples: 3584  Num correct: 2969  Precision @ 1: 0.8284  AUC @ 1: 0.9108
Validation Data Eval:
  Num examples: 256  Num correct: 202  Precision @ 1: 0.7891  AUC @ 1: 0.8527
Test Data Eval:
  Num examples: 384  Num correct: 258  Precision @ 1: 0.6719  AUC @ 1: 0.7589
Step 9200: loss = 0.4495 (0.024 sec)
Training Data Eval:
  Num examples: 3584  Num correct: 2949  Precision @ 1: 0.8228  AUC @ 1: 0.9090
Validation Data Eval:
  Num examples: 256  Num correct: 200  Precision @ 1: 0.7812  AUC @ 1: 0.8513
Test Data Eval:
  Num examples: 384  Num correct: 255  Precision @ 1: 0.6641  AUC @ 1: 0.7548
Step 9400: loss = 0.4910 (0.023 sec)
Training Data Eval:
  Num examples: 3584  Num correct: 2950  Precision @ 1: 0.8231  AUC @ 1: 0.9121
Validation Data Eval:
  Num examples: 256  Num correct: 202  Precision @ 1: 0.7891  AUC @ 1: 0.8623
Test Data Eval:
  Num examples: 384  Num correct: 257  Precision @ 1: 0.6693  AUC @ 1: 0.7448
Step 9600: loss = 0.4531 (0.023 sec)
Training Data Eval:
  Num examples: 3584  Num correct: 3066  Precision @ 1: 0.8555  AUC @ 1: 0.9300
Validation Data Eval:
  Num examples: 256  Num correct: 204  Precision @ 1: 0.7969  AUC @ 1: 0.8714
Test Data Eval:
  Num examples: 384  Num correct: 261  Precision @ 1: 0.6797  AUC @ 1: 0.7426
Step 9800: loss = 0.3749 (0.058 sec)
Training Data Eval:
  Num examples: 3584  Num correct: 3068  Precision @ 1: 0.8560  AUC @ 1: 0.9295
Validation Data Eval:
  Num examples: 256  Num correct: 203  Precision @ 1: 0.7930  AUC @ 1: 0.8639
Test Data Eval:
  Num examples: 384  Num correct: 256  Precision @ 1: 0.6667  AUC @ 1: 0.7581
