Training data shape: 	(10000, 64, 64, 1)
Training label shape:	(10000,)
Testing data shape:  	(1910, 64, 64, 1)
Testing label shape: 	(1910,)
max input value is: 153.458
min input value is: -104.189
random permuted training data
==============================================================================
Model: 			inference_cvcnn
Tensor Name: 	Placeholder:0
[64, 64, 64, 1]
==============================================================================
Tensor Name: conv0/conv0:0
[64, 64, 64, 128]
==============================================================================
Tensor Name: local1/local1:0
[64, 128]
==============================================================================
Tensor Name: local2/local2:0
[64, 128]
==============================================================================
Tensor Name: softmax_linear/softmax_linear:0
[64, 2]
Step 0: loss = 166.9037 (0.297 sec)
Training Data Eval:
  Num examples: 8960  Num correct: 6898  Precision @ 1: 0.7699  AUC @ 1: 0.8260
Validation Data Eval:
  Num examples: 960  Num correct: 720  Precision @ 1: 0.7500  AUC @ 1: 0.7918
Test Data Eval:
  Num examples: 1856  Num correct: 1283  Precision @ 1: 0.6913  AUC @ 1: 0.7370
Step 100: loss = 154.0304 (0.304 sec)
Training Data Eval:
  Num examples: 8960  Num correct: 6925  Precision @ 1: 0.7729  AUC @ 1: 0.8368
Validation Data Eval:
  Num examples: 960  Num correct: 723  Precision @ 1: 0.7531  AUC @ 1: 0.8212
Test Data Eval:
  Num examples: 1856  Num correct: 1319  Precision @ 1: 0.7107  AUC @ 1: 0.7590
Step 200: loss = 142.1039 (0.307 sec)
Training Data Eval:
  Num examples: 8960  Num correct: 6939  Precision @ 1: 0.7744  AUC @ 1: 0.8553
Validation Data Eval:
  Num examples: 960  Num correct: 726  Precision @ 1: 0.7562  AUC @ 1: 0.8263
Test Data Eval:
  Num examples: 1856  Num correct: 1286  Precision @ 1: 0.6929  AUC @ 1: 0.7371
Step 300: loss = 131.2097 (0.304 sec)
Training Data Eval:
  Num examples: 8960  Num correct: 7113  Precision @ 1: 0.7939  AUC @ 1: 0.8824
Validation Data Eval:
  Num examples: 960  Num correct: 751  Precision @ 1: 0.7823  AUC @ 1: 0.8505
Test Data Eval:
  Num examples: 1856  Num correct: 1312  Precision @ 1: 0.7069  AUC @ 1: 0.7505
Step 400: loss = 121.1356 (0.294 sec)
Training Data Eval:
  Num examples: 8960  Num correct: 7164  Precision @ 1: 0.7996  AUC @ 1: 0.9027
Validation Data Eval:
  Num examples: 960  Num correct: 753  Precision @ 1: 0.7844  AUC @ 1: 0.8648
Test Data Eval:
  Num examples: 1856  Num correct: 1324  Precision @ 1: 0.7134  AUC @ 1: 0.7628
Step 500: loss = 111.8905 (0.279 sec)
Training Data Eval:
  Num examples: 8960  Num correct: 7411  Precision @ 1: 0.8271  AUC @ 1: 0.8998
Validation Data Eval:
  Num examples: 960  Num correct: 763  Precision @ 1: 0.7948  AUC @ 1: 0.8562
Test Data Eval:
  Num examples: 1856  Num correct: 1312  Precision @ 1: 0.7069  AUC @ 1: 0.7523
Step 600: loss = 103.2058 (0.305 sec)
Training Data Eval:
  Num examples: 8960  Num correct: 7484  Precision @ 1: 0.8353  AUC @ 1: 0.9225
Validation Data Eval:
  Num examples: 960  Num correct: 766  Precision @ 1: 0.7979  AUC @ 1: 0.8618
Test Data Eval:
  Num examples: 1856  Num correct: 1312  Precision @ 1: 0.7069  AUC @ 1: 0.7461
Step 700: loss = 95.2714 (0.373 sec)
Training Data Eval:
  Num examples: 8960  Num correct: 7533  Precision @ 1: 0.8407  AUC @ 1: 0.9244
Validation Data Eval:
  Num examples: 960  Num correct: 765  Precision @ 1: 0.7969  AUC @ 1: 0.8681
Test Data Eval:
  Num examples: 1856  Num correct: 1324  Precision @ 1: 0.7134  AUC @ 1: 0.7676
Step 800: loss = 88.2270 (0.305 sec)
Training Data Eval:
  Num examples: 8960  Num correct: 7508  Precision @ 1: 0.8379  AUC @ 1: 0.9321
Validation Data Eval:
  Num examples: 960  Num correct: 758  Precision @ 1: 0.7896  AUC @ 1: 0.8582
Test Data Eval:
  Num examples: 1856  Num correct: 1327  Precision @ 1: 0.7150  AUC @ 1: 0.7519
Step 900: loss = 81.3054 (0.296 sec)
Training Data Eval:
  Num examples: 8960  Num correct: 7681  Precision @ 1: 0.8573  AUC @ 1: 0.9459
Validation Data Eval:
  Num examples: 960  Num correct: 771  Precision @ 1: 0.8031  AUC @ 1: 0.8745
Test Data Eval:
  Num examples: 1856  Num correct: 1335  Precision @ 1: 0.7193  AUC @ 1: 0.7672
Step 1000: loss = 75.0012 (0.290 sec)
Training Data Eval:
  Num examples: 8960  Num correct: 7283  Precision @ 1: 0.8128  AUC @ 1: 0.9317
Validation Data Eval:
  Num examples: 960  Num correct: 740  Precision @ 1: 0.7708  AUC @ 1: 0.8626
Test Data Eval:
  Num examples: 1856  Num correct: 1312  Precision @ 1: 0.7069  AUC @ 1: 0.7624
Step 1100: loss = 69.4306 (0.304 sec)
Training Data Eval:
  Num examples: 8960  Num correct: 7634  Precision @ 1: 0.8520  AUC @ 1: 0.9386
Validation Data Eval:
  Num examples: 960  Num correct: 748  Precision @ 1: 0.7792  AUC @ 1: 0.8734
Test Data Eval:
  Num examples: 1856  Num correct: 1259  Precision @ 1: 0.6783  AUC @ 1: 0.7604
Step 1200: loss = 63.9999 (0.297 sec)
Training Data Eval:
  Num examples: 8960  Num correct: 7774  Precision @ 1: 0.8676  AUC @ 1: 0.9510
Validation Data Eval:
  Num examples: 960  Num correct: 763  Precision @ 1: 0.7948  AUC @ 1: 0.8731
Test Data Eval:
  Num examples: 1856  Num correct: 1302  Precision @ 1: 0.7015  AUC @ 1: 0.7630
Step 1300: loss = 59.0655 (0.304 sec)
Training Data Eval:
  Num examples: 8960  Num correct: 7796  Precision @ 1: 0.8701  AUC @ 1: 0.9602
Validation Data Eval:
  Num examples: 960  Num correct: 760  Precision @ 1: 0.7917  AUC @ 1: 0.8681
Test Data Eval:
  Num examples: 1856  Num correct: 1317  Precision @ 1: 0.7096  AUC @ 1: 0.7494
Step 1400: loss = 54.7114 (0.373 sec)
Training Data Eval:
  Num examples: 8960  Num correct: 8052  Precision @ 1: 0.8987  AUC @ 1: 0.9688
Validation Data Eval:
  Num examples: 960  Num correct: 767  Precision @ 1: 0.7990  AUC @ 1: 0.8707
Test Data Eval:
  Num examples: 1856  Num correct: 1322  Precision @ 1: 0.7123  AUC @ 1: 0.7551
Step 1500: loss = 50.5629 (0.303 sec)
Training Data Eval:
  Num examples: 8960  Num correct: 7694  Precision @ 1: 0.8587  AUC @ 1: 0.9556
Validation Data Eval:
  Num examples: 960  Num correct: 763  Precision @ 1: 0.7948  AUC @ 1: 0.8650
Test Data Eval:
  Num examples: 1856  Num correct: 1313  Precision @ 1: 0.7074  AUC @ 1: 0.7313
Step 1600: loss = 46.5533 (0.291 sec)
Training Data Eval:
  Num examples: 8960  Num correct: 8014  Precision @ 1: 0.8944  AUC @ 1: 0.9736
Validation Data Eval:
  Num examples: 960  Num correct: 766  Precision @ 1: 0.7979  AUC @ 1: 0.8609
Test Data Eval:
  Num examples: 1856  Num correct: 1323  Precision @ 1: 0.7128  AUC @ 1: 0.7623
Step 1700: loss = 43.0548 (0.291 sec)
Training Data Eval:
  Num examples: 8960  Num correct: 8265  Precision @ 1: 0.9224  AUC @ 1: 0.9793
Validation Data Eval:
  Num examples: 960  Num correct: 770  Precision @ 1: 0.8021  AUC @ 1: 0.8712
Test Data Eval:
  Num examples: 1856  Num correct: 1280  Precision @ 1: 0.6897  AUC @ 1: 0.7487
Step 1800: loss = 39.7888 (0.290 sec)
Training Data Eval:
  Num examples: 8960  Num correct: 8269  Precision @ 1: 0.9229  AUC @ 1: 0.9810
Validation Data Eval:
  Num examples: 960  Num correct: 765  Precision @ 1: 0.7969  AUC @ 1: 0.8716
Test Data Eval:
  Num examples: 1856  Num correct: 1330  Precision @ 1: 0.7166  AUC @ 1: 0.7662
Step 1900: loss = 36.7274 (0.304 sec)
Training Data Eval:
  Num examples: 8960  Num correct: 8293  Precision @ 1: 0.9256  AUC @ 1: 0.9822
Validation Data Eval:
  Num examples: 960  Num correct: 777  Precision @ 1: 0.8094  AUC @ 1: 0.8763
Test Data Eval:
  Num examples: 1856  Num correct: 1311  Precision @ 1: 0.7064  AUC @ 1: 0.7698
Step 2000: loss = 33.8504 (0.298 sec)
Training Data Eval:
  Num examples: 8960  Num correct: 8416  Precision @ 1: 0.9393  AUC @ 1: 0.9878
Validation Data Eval:
  Num examples: 960  Num correct: 751  Precision @ 1: 0.7823  AUC @ 1: 0.8709
Test Data Eval:
  Num examples: 1856  Num correct: 1249  Precision @ 1: 0.6730  AUC @ 1: 0.7494
Step 2100: loss = 31.2691 (0.385 sec)
Training Data Eval:
  Num examples: 8960  Num correct: 8393  Precision @ 1: 0.9367  AUC @ 1: 0.9893
Validation Data Eval:
  Num examples: 960  Num correct: 767  Precision @ 1: 0.7990  AUC @ 1: 0.8619
Test Data Eval:
  Num examples: 1856  Num correct: 1339  Precision @ 1: 0.7214  AUC @ 1: 0.7683
Step 2200: loss = 28.9633 (0.302 sec)
Training Data Eval:
  Num examples: 8960  Num correct: 8382  Precision @ 1: 0.9355  AUC @ 1: 0.9870
Validation Data Eval:
  Num examples: 960  Num correct: 771  Precision @ 1: 0.8031  AUC @ 1: 0.8663
Test Data Eval:
  Num examples: 1856  Num correct: 1317  Precision @ 1: 0.7096  AUC @ 1: 0.7692
Step 2300: loss = 26.6959 (0.288 sec)
Training Data Eval:
  Num examples: 8960  Num correct: 8348  Precision @ 1: 0.9317  AUC @ 1: 0.9886
Validation Data Eval:
  Num examples: 960  Num correct: 769  Precision @ 1: 0.8010  AUC @ 1: 0.8745
Test Data Eval:
  Num examples: 1856  Num correct: 1339  Precision @ 1: 0.7214  AUC @ 1: 0.7603
Step 2400: loss = 24.6491 (0.294 sec)
Training Data Eval:
  Num examples: 8960  Num correct: 8424  Precision @ 1: 0.9402  AUC @ 1: 0.9892
Validation Data Eval:
  Num examples: 960  Num correct: 739  Precision @ 1: 0.7698  AUC @ 1: 0.8617
Test Data Eval:
  Num examples: 1856  Num correct: 1233  Precision @ 1: 0.6643  AUC @ 1: 0.7690
Step 2500: loss = 22.9724 (0.290 sec)
Training Data Eval:
  Num examples: 8960  Num correct: 8501  Precision @ 1: 0.9488  AUC @ 1: 0.9936
Validation Data Eval:
  Num examples: 960  Num correct: 766  Precision @ 1: 0.7979  AUC @ 1: 0.8740
Test Data Eval:
  Num examples: 1856  Num correct: 1322  Precision @ 1: 0.7123  AUC @ 1: 0.7574
Step 2600: loss = 21.1119 (0.306 sec)
Training Data Eval:
  Num examples: 8960  Num correct: 8462  Precision @ 1: 0.9444  AUC @ 1: 0.9918
Validation Data Eval:
  Num examples: 960  Num correct: 770  Precision @ 1: 0.8021  AUC @ 1: 0.8720
Test Data Eval:
  Num examples: 1856  Num correct: 1351  Precision @ 1: 0.7279  AUC @ 1: 0.7865
Step 2700: loss = 19.5552 (0.293 sec)
Training Data Eval:
  Num examples: 8960  Num correct: 8640  Precision @ 1: 0.9643  AUC @ 1: 0.9955
Validation Data Eval:
  Num examples: 960  Num correct: 773  Precision @ 1: 0.8052  AUC @ 1: 0.8731
Test Data Eval:
  Num examples: 1856  Num correct: 1309  Precision @ 1: 0.7053  AUC @ 1: 0.7874
Step 2800: loss = 18.0423 (0.364 sec)
Training Data Eval:
  Num examples: 8960  Num correct: 8585  Precision @ 1: 0.9581  AUC @ 1: 0.9952
Validation Data Eval:
  Num examples: 960  Num correct: 761  Precision @ 1: 0.7927  AUC @ 1: 0.8702
Test Data Eval:
  Num examples: 1856  Num correct: 1342  Precision @ 1: 0.7231  AUC @ 1: 0.7732
Step 2900: loss = 16.6469 (0.302 sec)
Training Data Eval:
  Num examples: 8960  Num correct: 8547  Precision @ 1: 0.9539  AUC @ 1: 0.9955
Validation Data Eval:
  Num examples: 960  Num correct: 748  Precision @ 1: 0.7792  AUC @ 1: 0.8719
Test Data Eval:
  Num examples: 1856  Num correct: 1296  Precision @ 1: 0.6983  AUC @ 1: 0.7722
Step 3000: loss = 15.4724 (0.310 sec)
Training Data Eval:
  Num examples: 8960  Num correct: 8637  Precision @ 1: 0.9640  AUC @ 1: 0.9958
Validation Data Eval:
  Num examples: 960  Num correct: 755  Precision @ 1: 0.7865  AUC @ 1: 0.8749
Test Data Eval:
  Num examples: 1856  Num correct: 1281  Precision @ 1: 0.6902  AUC @ 1: 0.7734
Step 3100: loss = 14.2543 (0.319 sec)
Training Data Eval:
  Num examples: 8960  Num correct: 8646  Precision @ 1: 0.9650  AUC @ 1: 0.9967
Validation Data Eval:
  Num examples: 960  Num correct: 776  Precision @ 1: 0.8083  AUC @ 1: 0.8791
Test Data Eval:
  Num examples: 1856  Num correct: 1347  Precision @ 1: 0.7258  AUC @ 1: 0.7877
Step 3200: loss = 13.1542 (0.303 sec)
Training Data Eval:
  Num examples: 8960  Num correct: 8514  Precision @ 1: 0.9502  AUC @ 1: 0.9953
Validation Data Eval:
  Num examples: 960  Num correct: 770  Precision @ 1: 0.8021  AUC @ 1: 0.8787
Test Data Eval:
  Num examples: 1856  Num correct: 1325  Precision @ 1: 0.7139  AUC @ 1: 0.7659
Step 3300: loss = 12.1952 (0.318 sec)
Training Data Eval:
  Num examples: 8960  Num correct: 8468  Precision @ 1: 0.9451  AUC @ 1: 0.9928
Validation Data Eval:
  Num examples: 960  Num correct: 739  Precision @ 1: 0.7698  AUC @ 1: 0.8695
Test Data Eval:
  Num examples: 1856  Num correct: 1246  Precision @ 1: 0.6713  AUC @ 1: 0.7682
Step 3400: loss = 11.2498 (0.293 sec)
Training Data Eval:
  Num examples: 8960  Num correct: 8641  Precision @ 1: 0.9644  AUC @ 1: 0.9972
Validation Data Eval:
  Num examples: 960  Num correct: 769  Precision @ 1: 0.8010  AUC @ 1: 0.8744
Test Data Eval:
  Num examples: 1856  Num correct: 1327  Precision @ 1: 0.7150  AUC @ 1: 0.7790
Step 3500: loss = 10.5134 (0.388 sec)
Training Data Eval:
  Num examples: 8960  Num correct: 8549  Precision @ 1: 0.9541  AUC @ 1: 0.9913
Validation Data Eval:
  Num examples: 960  Num correct: 762  Precision @ 1: 0.7937  AUC @ 1: 0.8655
Test Data Eval:
  Num examples: 1856  Num correct: 1316  Precision @ 1: 0.7091  AUC @ 1: 0.7710
Step 3600: loss = 9.7063 (0.317 sec)
Training Data Eval:
  Num examples: 8960  Num correct: 8679  Precision @ 1: 0.9686  AUC @ 1: 0.9967
Validation Data Eval:
  Num examples: 960  Num correct: 765  Precision @ 1: 0.7969  AUC @ 1: 0.8675
Test Data Eval:
  Num examples: 1856  Num correct: 1329  Precision @ 1: 0.7161  AUC @ 1: 0.7688
Step 3700: loss = 8.9910 (0.288 sec)
Training Data Eval:
  Num examples: 8960  Num correct: 8668  Precision @ 1: 0.9674  AUC @ 1: 0.9966
Validation Data Eval:
  Num examples: 960  Num correct: 764  Precision @ 1: 0.7958  AUC @ 1: 0.8704
Test Data Eval:
  Num examples: 1856  Num correct: 1301  Precision @ 1: 0.7010  AUC @ 1: 0.7628
Step 3800: loss = 8.2898 (0.312 sec)
Training Data Eval:
  Num examples: 8960  Num correct: 8702  Precision @ 1: 0.9712  AUC @ 1: 0.9977
Validation Data Eval:
  Num examples: 960  Num correct: 770  Precision @ 1: 0.8021  AUC @ 1: 0.8790
Test Data Eval:
  Num examples: 1856  Num correct: 1323  Precision @ 1: 0.7128  AUC @ 1: 0.7708
Step 3900: loss = 7.6582 (0.304 sec)
Training Data Eval:
  Num examples: 8960  Num correct: 8683  Precision @ 1: 0.9691  AUC @ 1: 0.9973
Validation Data Eval:
  Num examples: 960  Num correct: 755  Precision @ 1: 0.7865  AUC @ 1: 0.8752
Test Data Eval:
  Num examples: 1856  Num correct: 1288  Precision @ 1: 0.6940  AUC @ 1: 0.7741
Step 4000: loss = 7.1863 (0.279 sec)
Training Data Eval:
  Num examples: 8960  Num correct: 8750  Precision @ 1: 0.9766  AUC @ 1: 0.9978
Validation Data Eval:
  Num examples: 960  Num correct: 772  Precision @ 1: 0.8042  AUC @ 1: 0.8791
Test Data Eval:
  Num examples: 1856  Num correct: 1335  Precision @ 1: 0.7193  AUC @ 1: 0.7902
Step 4100: loss = 6.5641 (0.288 sec)
Training Data Eval:
  Num examples: 8960  Num correct: 8728  Precision @ 1: 0.9741  AUC @ 1: 0.9981
Validation Data Eval:
  Num examples: 960  Num correct: 769  Precision @ 1: 0.8010  AUC @ 1: 0.8770
Test Data Eval:
  Num examples: 1856  Num correct: 1337  Precision @ 1: 0.7204  AUC @ 1: 0.7905
Step 4200: loss = 6.0552 (0.363 sec)
Training Data Eval:
  Num examples: 8960  Num correct: 8767  Precision @ 1: 0.9785  AUC @ 1: 0.9984
Validation Data Eval:
  Num examples: 960  Num correct: 781  Precision @ 1: 0.8135  AUC @ 1: 0.8878
Test Data Eval:
  Num examples: 1856  Num correct: 1339  Precision @ 1: 0.7214  AUC @ 1: 0.7936
Step 4300: loss = 5.6765 (0.330 sec)
Training Data Eval:
  Num examples: 8960  Num correct: 8738  Precision @ 1: 0.9752  AUC @ 1: 0.9980
Validation Data Eval:
  Num examples: 960  Num correct: 765  Precision @ 1: 0.7969  AUC @ 1: 0.8752
Test Data Eval:
  Num examples: 1856  Num correct: 1329  Precision @ 1: 0.7161  AUC @ 1: 0.7800
Step 4400: loss = 5.2422 (0.309 sec)
Training Data Eval:
  Num examples: 8960  Num correct: 8716  Precision @ 1: 0.9728  AUC @ 1: 0.9975
Validation Data Eval:
  Num examples: 960  Num correct: 771  Precision @ 1: 0.8031  AUC @ 1: 0.8802
Test Data Eval:
  Num examples: 1856  Num correct: 1311  Precision @ 1: 0.7064  AUC @ 1: 0.7729
Step 4500: loss = 4.8710 (0.293 sec)
Training Data Eval:
  Num examples: 8960  Num correct: 8719  Precision @ 1: 0.9731  AUC @ 1: 0.9979
Validation Data Eval:
  Num examples: 960  Num correct: 751  Precision @ 1: 0.7823  AUC @ 1: 0.8718
Test Data Eval:
  Num examples: 1856  Num correct: 1313  Precision @ 1: 0.7074  AUC @ 1: 0.7809
Step 4600: loss = 4.4996 (0.287 sec)
Training Data Eval:
  Num examples: 8960  Num correct: 8764  Precision @ 1: 0.9781  AUC @ 1: 0.9988
Validation Data Eval:
  Num examples: 960  Num correct: 764  Precision @ 1: 0.7958  AUC @ 1: 0.8747
Test Data Eval:
  Num examples: 1856  Num correct: 1338  Precision @ 1: 0.7209  AUC @ 1: 0.7760
Step 4700: loss = 4.1748 (0.303 sec)
Training Data Eval:
  Num examples: 8960  Num correct: 8736  Precision @ 1: 0.9750  AUC @ 1: 0.9976
Validation Data Eval:
  Num examples: 960  Num correct: 771  Precision @ 1: 0.8031  AUC @ 1: 0.8762
Test Data Eval:
  Num examples: 1856  Num correct: 1350  Precision @ 1: 0.7274  AUC @ 1: 0.7924
Step 4800: loss = 3.9853 (0.293 sec)
Training Data Eval:
  Num examples: 8960  Num correct: 8762  Precision @ 1: 0.9779  AUC @ 1: 0.9981
Validation Data Eval:
  Num examples: 960  Num correct: 762  Precision @ 1: 0.7937  AUC @ 1: 0.8673
Test Data Eval:
  Num examples: 1856  Num correct: 1292  Precision @ 1: 0.6961  AUC @ 1: 0.7698
Step 4900: loss = 3.6026 (0.356 sec)
Training Data Eval:
  Num examples: 8960  Num correct: 8799  Precision @ 1: 0.9820  AUC @ 1: 0.9990
Validation Data Eval:
  Num examples: 960  Num correct: 769  Precision @ 1: 0.8010  AUC @ 1: 0.8743
Test Data Eval:
  Num examples: 1856  Num correct: 1344  Precision @ 1: 0.7241  AUC @ 1: 0.7786
Step 5000: loss = 3.3161 (0.301 sec)
Training Data Eval:
  Num examples: 8960  Num correct: 8731  Precision @ 1: 0.9744  AUC @ 1: 0.9979
Validation Data Eval:
  Num examples: 960  Num correct: 754  Precision @ 1: 0.7854  AUC @ 1: 0.8708
Test Data Eval:
  Num examples: 1856  Num correct: 1282  Precision @ 1: 0.6907  AUC @ 1: 0.7749
Step 5100: loss = 3.1482 (0.283 sec)
Training Data Eval:
  Num examples: 8960  Num correct: 8726  Precision @ 1: 0.9739  AUC @ 1: 0.9985
Validation Data Eval:
  Num examples: 960  Num correct: 765  Precision @ 1: 0.7969  AUC @ 1: 0.8723
Test Data Eval:
  Num examples: 1856  Num correct: 1341  Precision @ 1: 0.7225  AUC @ 1: 0.7840
Step 5200: loss = 2.9110 (0.299 sec)
Training Data Eval:
  Num examples: 8960  Num correct: 8771  Precision @ 1: 0.9789  AUC @ 1: 0.9991
Validation Data Eval:
  Num examples: 960  Num correct: 773  Precision @ 1: 0.8052  AUC @ 1: 0.8762
Test Data Eval:
  Num examples: 1856  Num correct: 1340  Precision @ 1: 0.7220  AUC @ 1: 0.7909
Step 5300: loss = 2.7146 (0.284 sec)
Training Data Eval:
  Num examples: 8960  Num correct: 8786  Precision @ 1: 0.9806  AUC @ 1: 0.9985
Validation Data Eval:
  Num examples: 960  Num correct: 776  Precision @ 1: 0.8083  AUC @ 1: 0.8780
Test Data Eval:
  Num examples: 1856  Num correct: 1344  Precision @ 1: 0.7241  AUC @ 1: 0.7861
Step 5400: loss = 2.5545 (0.309 sec)
Training Data Eval:
  Num examples: 8960  Num correct: 8740  Precision @ 1: 0.9754  AUC @ 1: 0.9978
Validation Data Eval:
  Num examples: 960  Num correct: 760  Precision @ 1: 0.7917  AUC @ 1: 0.8696
Test Data Eval:
  Num examples: 1856  Num correct: 1347  Precision @ 1: 0.7258  AUC @ 1: 0.7844
Step 5500: loss = 2.4148 (0.279 sec)
Training Data Eval:
  Num examples: 8960  Num correct: 8800  Precision @ 1: 0.9821  AUC @ 1: 0.9990
Validation Data Eval:
  Num examples: 960  Num correct: 753  Precision @ 1: 0.7844  AUC @ 1: 0.8655
Test Data Eval:
  Num examples: 1856  Num correct: 1354  Precision @ 1: 0.7295  AUC @ 1: 0.7876
Step 5600: loss = 2.3021 (0.359 sec)
Training Data Eval:
  Num examples: 8960  Num correct: 8742  Precision @ 1: 0.9757  AUC @ 1: 0.9988
Validation Data Eval:
  Num examples: 960  Num correct: 772  Precision @ 1: 0.8042  AUC @ 1: 0.8777
Test Data Eval:
  Num examples: 1856  Num correct: 1331  Precision @ 1: 0.7171  AUC @ 1: 0.7854
Step 5700: loss = 2.0025 (0.280 sec)
Training Data Eval:
  Num examples: 8960  Num correct: 8673  Precision @ 1: 0.9680  AUC @ 1: 0.9974
Validation Data Eval:
  Num examples: 960  Num correct: 733  Precision @ 1: 0.7635  AUC @ 1: 0.8633
Test Data Eval:
  Num examples: 1856  Num correct: 1278  Precision @ 1: 0.6886  AUC @ 1: 0.7750
Step 5800: loss = 1.9720 (0.301 sec)
Training Data Eval:
  Num examples: 8960  Num correct: 8776  Precision @ 1: 0.9795  AUC @ 1: 0.9916
Validation Data Eval:
  Num examples: 960  Num correct: 764  Precision @ 1: 0.7958  AUC @ 1: 0.8757
Test Data Eval:
  Num examples: 1856  Num correct: 1333  Precision @ 1: 0.7182  AUC @ 1: 0.7831
Step 5900: loss = 1.8793 (0.295 sec)
Training Data Eval:
  Num examples: 8960  Num correct: 8786  Precision @ 1: 0.9806  AUC @ 1: 0.9980
Validation Data Eval:
  Num examples: 960  Num correct: 752  Precision @ 1: 0.7833  AUC @ 1: 0.8632
Test Data Eval:
  Num examples: 1856  Num correct: 1330  Precision @ 1: 0.7166  AUC @ 1: 0.7712
Step 6000: loss = 1.6511 (0.308 sec)
Training Data Eval:
  Num examples: 8960  Num correct: 8819  Precision @ 1: 0.9843  AUC @ 1: 0.9994
Validation Data Eval:
  Num examples: 960  Num correct: 766  Precision @ 1: 0.7979  AUC @ 1: 0.8724
Test Data Eval:
  Num examples: 1856  Num correct: 1319  Precision @ 1: 0.7107  AUC @ 1: 0.7763
Step 6100: loss = 1.6159 (0.293 sec)
Training Data Eval:
  Num examples: 8960  Num correct: 8646  Precision @ 1: 0.9650  AUC @ 1: 0.9978
Validation Data Eval:
  Num examples: 960  Num correct: 758  Precision @ 1: 0.7896  AUC @ 1: 0.8681
Test Data Eval:
  Num examples: 1856  Num correct: 1343  Precision @ 1: 0.7236  AUC @ 1: 0.7649
Step 6200: loss = 1.4848 (0.290 sec)
Training Data Eval:
  Num examples: 8960  Num correct: 8776  Precision @ 1: 0.9795  AUC @ 1: 0.9984
Validation Data Eval:
  Num examples: 960  Num correct: 751  Precision @ 1: 0.7823  AUC @ 1: 0.8677
Test Data Eval:
  Num examples: 1856  Num correct: 1340  Precision @ 1: 0.7220  AUC @ 1: 0.7833
Step 6300: loss = 1.4076 (0.381 sec)
Training Data Eval:
  Num examples: 8960  Num correct: 8775  Precision @ 1: 0.9794  AUC @ 1: 0.9988
Validation Data Eval:
  Num examples: 960  Num correct: 762  Precision @ 1: 0.7937  AUC @ 1: 0.8763
Test Data Eval:
  Num examples: 1856  Num correct: 1306  Precision @ 1: 0.7037  AUC @ 1: 0.7703
Step 6400: loss = 1.2830 (0.295 sec)
Training Data Eval:
  Num examples: 8960  Num correct: 8724  Precision @ 1: 0.9737  AUC @ 1: 0.9985
Validation Data Eval:
  Num examples: 960  Num correct: 753  Precision @ 1: 0.7844  AUC @ 1: 0.8689
Test Data Eval:
  Num examples: 1856  Num correct: 1331  Precision @ 1: 0.7171  AUC @ 1: 0.7625
Step 6500: loss = 1.1885 (0.305 sec)
Training Data Eval:
  Num examples: 8960  Num correct: 8748  Precision @ 1: 0.9763  AUC @ 1: 0.9986
Validation Data Eval:
  Num examples: 960  Num correct: 756  Precision @ 1: 0.7875  AUC @ 1: 0.8684
Test Data Eval:
  Num examples: 1856  Num correct: 1320  Precision @ 1: 0.7112  AUC @ 1: 0.7726
Step 6600: loss = 1.1676 (0.287 sec)
Training Data Eval:
  Num examples: 8960  Num correct: 8837  Precision @ 1: 0.9863  AUC @ 1: 0.9993
Validation Data Eval:
  Num examples: 960  Num correct: 766  Precision @ 1: 0.7979  AUC @ 1: 0.8748
Test Data Eval:
  Num examples: 1856  Num correct: 1340  Precision @ 1: 0.7220  AUC @ 1: 0.7845
Step 6700: loss = 1.1096 (0.298 sec)
Training Data Eval:
  Num examples: 8960  Num correct: 8827  Precision @ 1: 0.9852  AUC @ 1: 0.9992
Validation Data Eval:
  Num examples: 960  Num correct: 762  Precision @ 1: 0.7937  AUC @ 1: 0.8704
Test Data Eval:
  Num examples: 1856  Num correct: 1343  Precision @ 1: 0.7236  AUC @ 1: 0.7827
Step 6800: loss = 1.0204 (0.308 sec)
Training Data Eval:
  Num examples: 8960  Num correct: 8765  Precision @ 1: 0.9782  AUC @ 1: 0.9991
Validation Data Eval:
  Num examples: 960  Num correct: 759  Precision @ 1: 0.7906  AUC @ 1: 0.8729
Test Data Eval:
  Num examples: 1856  Num correct: 1337  Precision @ 1: 0.7204  AUC @ 1: 0.7729
Step 6900: loss = 1.0009 (0.302 sec)
Training Data Eval:
  Num examples: 8960  Num correct: 8853  Precision @ 1: 0.9881  AUC @ 1: 0.9995
Validation Data Eval:
  Num examples: 960  Num correct: 776  Precision @ 1: 0.8083  AUC @ 1: 0.8741
Test Data Eval:
  Num examples: 1856  Num correct: 1330  Precision @ 1: 0.7166  AUC @ 1: 0.7727
Step 7000: loss = 0.9353 (0.366 sec)
Training Data Eval:
  Num examples: 8960  Num correct: 8825  Precision @ 1: 0.9849  AUC @ 1: 0.9995
Validation Data Eval:
  Num examples: 960  Num correct: 765  Precision @ 1: 0.7969  AUC @ 1: 0.8726
Test Data Eval:
  Num examples: 1856  Num correct: 1349  Precision @ 1: 0.7268  AUC @ 1: 0.7787
Step 7100: loss = 0.9464 (0.299 sec)
Training Data Eval:
  Num examples: 8960  Num correct: 8839  Precision @ 1: 0.9865  AUC @ 1: 0.9994
Validation Data Eval:
  Num examples: 960  Num correct: 762  Precision @ 1: 0.7937  AUC @ 1: 0.8726
Test Data Eval:
  Num examples: 1856  Num correct: 1356  Precision @ 1: 0.7306  AUC @ 1: 0.7879
Step 7200: loss = 0.8243 (0.305 sec)
Training Data Eval:
  Num examples: 8960  Num correct: 8818  Precision @ 1: 0.9842  AUC @ 1: 0.9993
Validation Data Eval:
  Num examples: 960  Num correct: 765  Precision @ 1: 0.7969  AUC @ 1: 0.8776
Test Data Eval:
  Num examples: 1856  Num correct: 1297  Precision @ 1: 0.6988  AUC @ 1: 0.7725
Step 7300: loss = 0.8677 (0.290 sec)
Training Data Eval:
  Num examples: 8960  Num correct: 8767  Precision @ 1: 0.9785  AUC @ 1: 0.9992
Validation Data Eval:
  Num examples: 960  Num correct: 757  Precision @ 1: 0.7885  AUC @ 1: 0.8709
Test Data Eval:
  Num examples: 1856  Num correct: 1342  Precision @ 1: 0.7231  AUC @ 1: 0.7655
Step 7400: loss = 0.7899 (0.299 sec)
Training Data Eval:
  Num examples: 8960  Num correct: 8836  Precision @ 1: 0.9862  AUC @ 1: 0.9994
Validation Data Eval:
  Num examples: 960  Num correct: 760  Precision @ 1: 0.7917  AUC @ 1: 0.8732
Test Data Eval:
  Num examples: 1856  Num correct: 1317  Precision @ 1: 0.7096  AUC @ 1: 0.7769
Step 7500: loss = 0.7234 (0.286 sec)
Training Data Eval:
  Num examples: 8960  Num correct: 8849  Precision @ 1: 0.9876  AUC @ 1: 0.9995
Validation Data Eval:
  Num examples: 960  Num correct: 771  Precision @ 1: 0.8031  AUC @ 1: 0.8745
Test Data Eval:
  Num examples: 1856  Num correct: 1300  Precision @ 1: 0.7004  AUC @ 1: 0.7639
Step 7600: loss = 0.6840 (0.302 sec)
Training Data Eval:
  Num examples: 8960  Num correct: 8861  Precision @ 1: 0.9890  AUC @ 1: 0.9995
Validation Data Eval:
  Num examples: 960  Num correct: 763  Precision @ 1: 0.7948  AUC @ 1: 0.8722
Test Data Eval:
  Num examples: 1856  Num correct: 1328  Precision @ 1: 0.7155  AUC @ 1: 0.7623
Step 7700: loss = 0.6971 (0.346 sec)
Training Data Eval:
  Num examples: 8960  Num correct: 8800  Precision @ 1: 0.9821  AUC @ 1: 0.9990
Validation Data Eval:
  Num examples: 960  Num correct: 758  Precision @ 1: 0.7896  AUC @ 1: 0.8733
Test Data Eval:
  Num examples: 1856  Num correct: 1316  Precision @ 1: 0.7091  AUC @ 1: 0.7765
Step 7800: loss = 0.6720 (0.279 sec)
Training Data Eval:
  Num examples: 8960  Num correct: 8828  Precision @ 1: 0.9853  AUC @ 1: 0.9992
Validation Data Eval:
  Num examples: 960  Num correct: 763  Precision @ 1: 0.7948  AUC @ 1: 0.8667
Test Data Eval:
  Num examples: 1856  Num correct: 1302  Precision @ 1: 0.7015  AUC @ 1: 0.7808
Step 7900: loss = 0.6212 (0.293 sec)
Training Data Eval:
  Num examples: 8960  Num correct: 8861  Precision @ 1: 0.9890  AUC @ 1: 0.9996
Validation Data Eval:
  Num examples: 960  Num correct: 753  Precision @ 1: 0.7844  AUC @ 1: 0.8641
Test Data Eval:
  Num examples: 1856  Num correct: 1324  Precision @ 1: 0.7134  AUC @ 1: 0.7796
Step 8000: loss = 0.6068 (0.295 sec)
Training Data Eval:
  Num examples: 8960  Num correct: 8828  Precision @ 1: 0.9853  AUC @ 1: 0.9996
Validation Data Eval:
  Num examples: 960  Num correct: 762  Precision @ 1: 0.7937  AUC @ 1: 0.8675
Test Data Eval:
  Num examples: 1856  Num correct: 1305  Precision @ 1: 0.7031  AUC @ 1: 0.7701
Step 8100: loss = 0.6004 (0.279 sec)
Training Data Eval:
  Num examples: 8960  Num correct: 8827  Precision @ 1: 0.9852  AUC @ 1: 0.9995
Validation Data Eval:
  Num examples: 960  Num correct: 766  Precision @ 1: 0.7979  AUC @ 1: 0.8725
Test Data Eval:
  Num examples: 1856  Num correct: 1320  Precision @ 1: 0.7112  AUC @ 1: 0.7772
Step 8200: loss = 0.5482 (0.303 sec)
Training Data Eval:
  Num examples: 8960  Num correct: 8815  Precision @ 1: 0.9838  AUC @ 1: 0.9996
Validation Data Eval:
  Num examples: 960  Num correct: 769  Precision @ 1: 0.8010  AUC @ 1: 0.8735
Test Data Eval:
  Num examples: 1856  Num correct: 1354  Precision @ 1: 0.7295  AUC @ 1: 0.7772
Step 8300: loss = 0.5095 (0.308 sec)
Training Data Eval:
  Num examples: 8960  Num correct: 8791  Precision @ 1: 0.9811  AUC @ 1: 0.9992
Validation Data Eval:
  Num examples: 960  Num correct: 766  Precision @ 1: 0.7979  AUC @ 1: 0.8749
Test Data Eval:
  Num examples: 1856  Num correct: 1329  Precision @ 1: 0.7161  AUC @ 1: 0.7814
Step 8400: loss = 0.4988 (0.380 sec)
Training Data Eval:
  Num examples: 8960  Num correct: 8852  Precision @ 1: 0.9879  AUC @ 1: 0.9996
Validation Data Eval:
  Num examples: 960  Num correct: 766  Precision @ 1: 0.7979  AUC @ 1: 0.8728
Test Data Eval:
  Num examples: 1856  Num correct: 1360  Precision @ 1: 0.7328  AUC @ 1: 0.7827
Step 8500: loss = 0.4528 (0.296 sec)
Training Data Eval:
  Num examples: 8960  Num correct: 8811  Precision @ 1: 0.9834  AUC @ 1: 0.9993
Validation Data Eval:
  Num examples: 960  Num correct: 753  Precision @ 1: 0.7844  AUC @ 1: 0.8606
Test Data Eval:
  Num examples: 1856  Num correct: 1349  Precision @ 1: 0.7268  AUC @ 1: 0.7722
Step 8600: loss = 0.5300 (0.320 sec)
Training Data Eval:
  Num examples: 8960  Num correct: 8808  Precision @ 1: 0.9830  AUC @ 1: 0.9991
Validation Data Eval:
  Num examples: 960  Num correct: 740  Precision @ 1: 0.7708  AUC @ 1: 0.8659
Test Data Eval:
  Num examples: 1856  Num correct: 1237  Precision @ 1: 0.6665  AUC @ 1: 0.7755
Step 8700: loss = 0.4322 (0.307 sec)
Training Data Eval:
  Num examples: 8960  Num correct: 8878  Precision @ 1: 0.9908  AUC @ 1: 0.9998
Validation Data Eval:
  Num examples: 960  Num correct: 761  Precision @ 1: 0.7927  AUC @ 1: 0.8690
Test Data Eval:
  Num examples: 1856  Num correct: 1336  Precision @ 1: 0.7198  AUC @ 1: 0.7811
Step 8800: loss = 0.4093 (0.282 sec)
Training Data Eval:
  Num examples: 8960  Num correct: 8856  Precision @ 1: 0.9884  AUC @ 1: 0.9997
Validation Data Eval:
  Num examples: 960  Num correct: 751  Precision @ 1: 0.7823  AUC @ 1: 0.8585
Test Data Eval:
  Num examples: 1856  Num correct: 1324  Precision @ 1: 0.7134  AUC @ 1: 0.7716
Step 8900: loss = 0.4307 (0.297 sec)
Training Data Eval:
  Num examples: 8960  Num correct: 8845  Precision @ 1: 0.9872  AUC @ 1: 0.9997
Validation Data Eval:
  Num examples: 960  Num correct: 769  Precision @ 1: 0.8010  AUC @ 1: 0.8706
Test Data Eval:
  Num examples: 1856  Num correct: 1350  Precision @ 1: 0.7274  AUC @ 1: 0.7828
Step 9000: loss = 0.4367 (0.310 sec)
Training Data Eval:
  Num examples: 8960  Num correct: 8824  Precision @ 1: 0.9848  AUC @ 1: 0.9995
Validation Data Eval:
  Num examples: 960  Num correct: 767  Precision @ 1: 0.7990  AUC @ 1: 0.8661
Test Data Eval:
  Num examples: 1856  Num correct: 1346  Precision @ 1: 0.7252  AUC @ 1: 0.7814
Step 9100: loss = 0.4494 (0.365 sec)
Training Data Eval:
  Num examples: 8960  Num correct: 8860  Precision @ 1: 0.9888  AUC @ 1: 0.9998
Validation Data Eval:
  Num examples: 960  Num correct: 761  Precision @ 1: 0.7927  AUC @ 1: 0.8708
Test Data Eval:
  Num examples: 1856  Num correct: 1345  Precision @ 1: 0.7247  AUC @ 1: 0.7862
Step 9200: loss = 0.4081 (0.290 sec)
Training Data Eval:
  Num examples: 8960  Num correct: 8808  Precision @ 1: 0.9830  AUC @ 1: 0.9992
Validation Data Eval:
  Num examples: 960  Num correct: 758  Precision @ 1: 0.7896  AUC @ 1: 0.8683
Test Data Eval:
  Num examples: 1856  Num correct: 1348  Precision @ 1: 0.7263  AUC @ 1: 0.7904
Step 9300: loss = 0.3527 (0.309 sec)
Training Data Eval:
  Num examples: 8960  Num correct: 8872  Precision @ 1: 0.9902  AUC @ 1: 0.9997
Validation Data Eval:
  Num examples: 960  Num correct: 769  Precision @ 1: 0.8010  AUC @ 1: 0.8702
Test Data Eval:
  Num examples: 1856  Num correct: 1348  Precision @ 1: 0.7263  AUC @ 1: 0.7825
Step 9400: loss = 0.3541 (0.310 sec)
Training Data Eval:
  Num examples: 8960  Num correct: 8873  Precision @ 1: 0.9903  AUC @ 1: 0.9998
Validation Data Eval:
  Num examples: 960  Num correct: 766  Precision @ 1: 0.7979  AUC @ 1: 0.8744
Test Data Eval:
  Num examples: 1856  Num correct: 1345  Precision @ 1: 0.7247  AUC @ 1: 0.7827
Step 9500: loss = 0.4170 (0.299 sec)
Training Data Eval:
  Num examples: 8960  Num correct: 8857  Precision @ 1: 0.9885  AUC @ 1: 0.9996
Validation Data Eval:
  Num examples: 960  Num correct: 755  Precision @ 1: 0.7865  AUC @ 1: 0.8617
Test Data Eval:
  Num examples: 1856  Num correct: 1335  Precision @ 1: 0.7193  AUC @ 1: 0.7705
Step 9600: loss = 0.3585 (0.300 sec)
Training Data Eval:
  Num examples: 8960  Num correct: 8867  Precision @ 1: 0.9896  AUC @ 1: 0.9996
Validation Data Eval:
  Num examples: 960  Num correct: 755  Precision @ 1: 0.7865  AUC @ 1: 0.8662
Test Data Eval:
  Num examples: 1856  Num correct: 1342  Precision @ 1: 0.7231  AUC @ 1: 0.7797
Step 9700: loss = 0.3415 (0.304 sec)
Training Data Eval:
  Num examples: 8960  Num correct: 8894  Precision @ 1: 0.9926  AUC @ 1: 0.9998
Validation Data Eval:
  Num examples: 960  Num correct: 753  Precision @ 1: 0.7844  AUC @ 1: 0.8611
Test Data Eval:
  Num examples: 1856  Num correct: 1366  Precision @ 1: 0.7360  AUC @ 1: 0.7883
Step 9800: loss = 0.3443 (0.355 sec)
Training Data Eval:
  Num examples: 8960  Num correct: 8862  Precision @ 1: 0.9891  AUC @ 1: 0.9996
Validation Data Eval:
  Num examples: 960  Num correct: 746  Precision @ 1: 0.7771  AUC @ 1: 0.8503
Test Data Eval:
  Num examples: 1856  Num correct: 1325  Precision @ 1: 0.7139  AUC @ 1: 0.7693
Step 9900: loss = 0.3258 (0.297 sec)
Training Data Eval:
  Num examples: 8960  Num correct: 8835  Precision @ 1: 0.9860  AUC @ 1: 0.9996
Validation Data Eval:
  Num examples: 960  Num correct: 752  Precision @ 1: 0.7833  AUC @ 1: 0.8671
Test Data Eval:
  Num examples: 1856  Num correct: 1295  Precision @ 1: 0.6977  AUC @ 1: 0.7734
