Training data shape: 	(10000, 64, 64, 1)
Training label shape:	(10000,)
Testing data shape:  	(1910, 64, 64, 1)
Testing label shape: 	(1910,)
max input value is: 153.458
min input value is: -104.189
random permuted training data
==============================================================================
Model: 			inference_cvcnn
Tensor Name: 	Placeholder:0
[64, 64, 64, 1]
==============================================================================
Tensor Name: conv0/conv0:0
[64, 64, 64, 8]
==============================================================================
Tensor Name: local1/local1:0
[64, 128]
==============================================================================
Tensor Name: local2/local2:0
[64, 128]
==============================================================================
Tensor Name: softmax_linear/softmax_linear:0
[64, 2]
Step 0: loss = 11.1214 (0.052 sec)
Training Data Eval:
  Num examples: 8960  Num correct: 6756  Precision @ 1: 0.7540  AUC @ 1: 0.8051
Validation Data Eval:
  Num examples: 960  Num correct: 705  Precision @ 1: 0.7344  AUC @ 1: 0.7830
Test Data Eval:
  Num examples: 1856  Num correct: 1290  Precision @ 1: 0.6950  AUC @ 1: 0.7277
Step 100: loss = 10.1952 (0.037 sec)
Training Data Eval:
  Num examples: 8960  Num correct: 6854  Precision @ 1: 0.7650  AUC @ 1: 0.8304
Validation Data Eval:
  Num examples: 960  Num correct: 715  Precision @ 1: 0.7448  AUC @ 1: 0.8091
Test Data Eval:
  Num examples: 1856  Num correct: 1307  Precision @ 1: 0.7042  AUC @ 1: 0.7471
Step 200: loss = 9.4028 (0.039 sec)
Training Data Eval:
  Num examples: 8960  Num correct: 7049  Precision @ 1: 0.7867  AUC @ 1: 0.8492
Validation Data Eval:
  Num examples: 960  Num correct: 733  Precision @ 1: 0.7635  AUC @ 1: 0.8240
Test Data Eval:
  Num examples: 1856  Num correct: 1300  Precision @ 1: 0.7004  AUC @ 1: 0.7344
Step 300: loss = 8.7525 (0.039 sec)
Training Data Eval:
  Num examples: 8960  Num correct: 6854  Precision @ 1: 0.7650  AUC @ 1: 0.8644
Validation Data Eval:
  Num examples: 960  Num correct: 714  Precision @ 1: 0.7438  AUC @ 1: 0.8278
Test Data Eval:
  Num examples: 1856  Num correct: 1251  Precision @ 1: 0.6740  AUC @ 1: 0.7504
Step 400: loss = 8.0216 (0.039 sec)
Training Data Eval:
  Num examples: 8960  Num correct: 7234  Precision @ 1: 0.8074  AUC @ 1: 0.8783
Validation Data Eval:
  Num examples: 960  Num correct: 745  Precision @ 1: 0.7760  AUC @ 1: 0.8437
Test Data Eval:
  Num examples: 1856  Num correct: 1306  Precision @ 1: 0.7037  AUC @ 1: 0.7433
Step 500: loss = 7.3390 (0.038 sec)
Training Data Eval:
  Num examples: 8960  Num correct: 7308  Precision @ 1: 0.8156  AUC @ 1: 0.8856
Validation Data Eval:
  Num examples: 960  Num correct: 763  Precision @ 1: 0.7948  AUC @ 1: 0.8592
Test Data Eval:
  Num examples: 1856  Num correct: 1310  Precision @ 1: 0.7058  AUC @ 1: 0.7420
Step 600: loss = 6.8548 (0.030 sec)
Training Data Eval:
  Num examples: 8960  Num correct: 7421  Precision @ 1: 0.8282  AUC @ 1: 0.9043
Validation Data Eval:
  Num examples: 960  Num correct: 753  Precision @ 1: 0.7844  AUC @ 1: 0.8550
Test Data Eval:
  Num examples: 1856  Num correct: 1319  Precision @ 1: 0.7107  AUC @ 1: 0.7585
Step 700: loss = 6.4569 (0.125 sec)
Training Data Eval:
  Num examples: 8960  Num correct: 7505  Precision @ 1: 0.8376  AUC @ 1: 0.9178
Validation Data Eval:
  Num examples: 960  Num correct: 762  Precision @ 1: 0.7937  AUC @ 1: 0.8650
Test Data Eval:
  Num examples: 1856  Num correct: 1327  Precision @ 1: 0.7150  AUC @ 1: 0.7629
Step 800: loss = 5.8970 (0.040 sec)
Training Data Eval:
  Num examples: 8960  Num correct: 7619  Precision @ 1: 0.8503  AUC @ 1: 0.9314
Validation Data Eval:
  Num examples: 960  Num correct: 754  Precision @ 1: 0.7854  AUC @ 1: 0.8648
Test Data Eval:
  Num examples: 1856  Num correct: 1345  Precision @ 1: 0.7247  AUC @ 1: 0.7677
Step 900: loss = 5.4614 (0.040 sec)
Training Data Eval:
  Num examples: 8960  Num correct: 7607  Precision @ 1: 0.8490  AUC @ 1: 0.9302
Validation Data Eval:
  Num examples: 960  Num correct: 770  Precision @ 1: 0.8021  AUC @ 1: 0.8666
Test Data Eval:
  Num examples: 1856  Num correct: 1319  Precision @ 1: 0.7107  AUC @ 1: 0.7612
Step 1000: loss = 5.0733 (0.040 sec)
Training Data Eval:
  Num examples: 8960  Num correct: 7839  Precision @ 1: 0.8749  AUC @ 1: 0.9509
Validation Data Eval:
  Num examples: 960  Num correct: 769  Precision @ 1: 0.8010  AUC @ 1: 0.8700
Test Data Eval:
  Num examples: 1856  Num correct: 1382  Precision @ 1: 0.7446  AUC @ 1: 0.7876
Step 1100: loss = 4.5794 (0.037 sec)
Training Data Eval:
  Num examples: 8960  Num correct: 7895  Precision @ 1: 0.8811  AUC @ 1: 0.9541
Validation Data Eval:
  Num examples: 960  Num correct: 777  Precision @ 1: 0.8094  AUC @ 1: 0.8737
Test Data Eval:
  Num examples: 1856  Num correct: 1317  Precision @ 1: 0.7096  AUC @ 1: 0.7722
Step 1200: loss = 4.3275 (0.038 sec)
Training Data Eval:
  Num examples: 8960  Num correct: 7881  Precision @ 1: 0.8796  AUC @ 1: 0.9559
Validation Data Eval:
  Num examples: 960  Num correct: 772  Precision @ 1: 0.8042  AUC @ 1: 0.8634
Test Data Eval:
  Num examples: 1856  Num correct: 1347  Precision @ 1: 0.7258  AUC @ 1: 0.7760
Step 1300: loss = 4.1166 (0.037 sec)
Training Data Eval:
  Num examples: 8960  Num correct: 8016  Precision @ 1: 0.8946  AUC @ 1: 0.9731
Validation Data Eval:
  Num examples: 960  Num correct: 775  Precision @ 1: 0.8073  AUC @ 1: 0.8642
Test Data Eval:
  Num examples: 1856  Num correct: 1346  Precision @ 1: 0.7252  AUC @ 1: 0.7689
Step 1400: loss = 3.7493 (0.124 sec)
Training Data Eval:
  Num examples: 8960  Num correct: 8117  Precision @ 1: 0.9059  AUC @ 1: 0.9791
Validation Data Eval:
  Num examples: 960  Num correct: 775  Precision @ 1: 0.8073  AUC @ 1: 0.8765
Test Data Eval:
  Num examples: 1856  Num correct: 1331  Precision @ 1: 0.7171  AUC @ 1: 0.7585
Step 1500: loss = 3.4670 (0.040 sec)
Training Data Eval:
  Num examples: 8960  Num correct: 8103  Precision @ 1: 0.9044  AUC @ 1: 0.9714
Validation Data Eval:
  Num examples: 960  Num correct: 756  Precision @ 1: 0.7875  AUC @ 1: 0.8762
Test Data Eval:
  Num examples: 1856  Num correct: 1246  Precision @ 1: 0.6713  AUC @ 1: 0.7544
Step 1600: loss = 3.2902 (0.034 sec)
Training Data Eval:
  Num examples: 8960  Num correct: 8448  Precision @ 1: 0.9429  AUC @ 1: 0.9869
Validation Data Eval:
  Num examples: 960  Num correct: 778  Precision @ 1: 0.8104  AUC @ 1: 0.8738
Test Data Eval:
  Num examples: 1856  Num correct: 1336  Precision @ 1: 0.7198  AUC @ 1: 0.7668
Step 1700: loss = 2.9568 (0.039 sec)
Training Data Eval:
  Num examples: 8960  Num correct: 8355  Precision @ 1: 0.9325  AUC @ 1: 0.9892
Validation Data Eval:
  Num examples: 960  Num correct: 771  Precision @ 1: 0.8031  AUC @ 1: 0.8703
Test Data Eval:
  Num examples: 1856  Num correct: 1324  Precision @ 1: 0.7134  AUC @ 1: 0.7684
Step 1800: loss = 2.7868 (0.040 sec)
Training Data Eval:
  Num examples: 8960  Num correct: 8395  Precision @ 1: 0.9369  AUC @ 1: 0.9876
Validation Data Eval:
  Num examples: 960  Num correct: 770  Precision @ 1: 0.8021  AUC @ 1: 0.8724
Test Data Eval:
  Num examples: 1856  Num correct: 1318  Precision @ 1: 0.7101  AUC @ 1: 0.7912
Step 1900: loss = 2.6783 (0.041 sec)
Training Data Eval:
  Num examples: 8960  Num correct: 8486  Precision @ 1: 0.9471  AUC @ 1: 0.9905
Validation Data Eval:
  Num examples: 960  Num correct: 764  Precision @ 1: 0.7958  AUC @ 1: 0.8741
Test Data Eval:
  Num examples: 1856  Num correct: 1373  Precision @ 1: 0.7398  AUC @ 1: 0.7739
Step 2000: loss = 2.3271 (0.039 sec)
Training Data Eval:
  Num examples: 8960  Num correct: 8600  Precision @ 1: 0.9598  AUC @ 1: 0.9940
Validation Data Eval:
  Num examples: 960  Num correct: 784  Precision @ 1: 0.8167  AUC @ 1: 0.8846
Test Data Eval:
  Num examples: 1856  Num correct: 1334  Precision @ 1: 0.7188  AUC @ 1: 0.7858
Step 2100: loss = 2.4148 (0.127 sec)
Training Data Eval:
  Num examples: 8960  Num correct: 8549  Precision @ 1: 0.9541  AUC @ 1: 0.9948
Validation Data Eval:
  Num examples: 960  Num correct: 774  Precision @ 1: 0.8063  AUC @ 1: 0.8710
Test Data Eval:
  Num examples: 1856  Num correct: 1347  Precision @ 1: 0.7258  AUC @ 1: 0.7687
Step 2200: loss = 2.0364 (0.040 sec)
Training Data Eval:
  Num examples: 8960  Num correct: 8548  Precision @ 1: 0.9540  AUC @ 1: 0.9934
Validation Data Eval:
  Num examples: 960  Num correct: 775  Precision @ 1: 0.8073  AUC @ 1: 0.8788
Test Data Eval:
  Num examples: 1856  Num correct: 1286  Precision @ 1: 0.6929  AUC @ 1: 0.7602
Step 2300: loss = 2.0246 (0.040 sec)
Training Data Eval:
  Num examples: 8960  Num correct: 8576  Precision @ 1: 0.9571  AUC @ 1: 0.9951
Validation Data Eval:
  Num examples: 960  Num correct: 777  Precision @ 1: 0.8094  AUC @ 1: 0.8731
Test Data Eval:
  Num examples: 1856  Num correct: 1337  Precision @ 1: 0.7204  AUC @ 1: 0.7778
Step 2400: loss = 1.8807 (0.040 sec)
Training Data Eval:
  Num examples: 8960  Num correct: 8555  Precision @ 1: 0.9548  AUC @ 1: 0.9950
Validation Data Eval:
  Num examples: 960  Num correct: 777  Precision @ 1: 0.8094  AUC @ 1: 0.8693
Test Data Eval:
  Num examples: 1856  Num correct: 1341  Precision @ 1: 0.7225  AUC @ 1: 0.7695
Step 2500: loss = 1.6952 (0.029 sec)
Training Data Eval:
  Num examples: 8960  Num correct: 8584  Precision @ 1: 0.9580  AUC @ 1: 0.9953
Validation Data Eval:
  Num examples: 960  Num correct: 771  Precision @ 1: 0.8031  AUC @ 1: 0.8704
Test Data Eval:
  Num examples: 1856  Num correct: 1287  Precision @ 1: 0.6934  AUC @ 1: 0.7630
Step 2600: loss = 1.6213 (0.028 sec)
Training Data Eval:
  Num examples: 8960  Num correct: 8652  Precision @ 1: 0.9656  AUC @ 1: 0.9964
Validation Data Eval:
  Num examples: 960  Num correct: 760  Precision @ 1: 0.7917  AUC @ 1: 0.8781
Test Data Eval:
  Num examples: 1856  Num correct: 1309  Precision @ 1: 0.7053  AUC @ 1: 0.7901
Step 2700: loss = 1.4535 (0.039 sec)
Training Data Eval:
  Num examples: 8960  Num correct: 8638  Precision @ 1: 0.9641  AUC @ 1: 0.9971
Validation Data Eval:
  Num examples: 960  Num correct: 774  Precision @ 1: 0.8063  AUC @ 1: 0.8784
Test Data Eval:
  Num examples: 1856  Num correct: 1329  Precision @ 1: 0.7161  AUC @ 1: 0.7734
Step 2800: loss = 1.4013 (0.119 sec)
Training Data Eval:
  Num examples: 8960  Num correct: 8522  Precision @ 1: 0.9511  AUC @ 1: 0.9961
Validation Data Eval:
  Num examples: 960  Num correct: 763  Precision @ 1: 0.7948  AUC @ 1: 0.8733
Test Data Eval:
  Num examples: 1856  Num correct: 1349  Precision @ 1: 0.7268  AUC @ 1: 0.7741
Step 2900: loss = 1.3290 (0.041 sec)
Training Data Eval:
  Num examples: 8960  Num correct: 8638  Precision @ 1: 0.9641  AUC @ 1: 0.9962
Validation Data Eval:
  Num examples: 960  Num correct: 755  Precision @ 1: 0.7865  AUC @ 1: 0.8695
Test Data Eval:
  Num examples: 1856  Num correct: 1350  Precision @ 1: 0.7274  AUC @ 1: 0.7859
Step 3000: loss = 1.3002 (0.040 sec)
Training Data Eval:
  Num examples: 8960  Num correct: 8701  Precision @ 1: 0.9711  AUC @ 1: 0.9972
Validation Data Eval:
  Num examples: 960  Num correct: 780  Precision @ 1: 0.8125  AUC @ 1: 0.8800
Test Data Eval:
  Num examples: 1856  Num correct: 1342  Precision @ 1: 0.7231  AUC @ 1: 0.7852
Step 3100: loss = 1.1034 (0.040 sec)
Training Data Eval:
  Num examples: 8960  Num correct: 8600  Precision @ 1: 0.9598  AUC @ 1: 0.9967
Validation Data Eval:
  Num examples: 960  Num correct: 784  Precision @ 1: 0.8167  AUC @ 1: 0.8815
Test Data Eval:
  Num examples: 1856  Num correct: 1331  Precision @ 1: 0.7171  AUC @ 1: 0.7703
Step 3200: loss = 1.2450 (0.040 sec)
Training Data Eval:
  Num examples: 8960  Num correct: 8732  Precision @ 1: 0.9746  AUC @ 1: 0.9968
Validation Data Eval:
  Num examples: 960  Num correct: 763  Precision @ 1: 0.7948  AUC @ 1: 0.8764
Test Data Eval:
  Num examples: 1856  Num correct: 1286  Precision @ 1: 0.6929  AUC @ 1: 0.7747
Step 3300: loss = 1.0415 (0.041 sec)
Training Data Eval:
  Num examples: 8960  Num correct: 8735  Precision @ 1: 0.9749  AUC @ 1: 0.9986
Validation Data Eval:
  Num examples: 960  Num correct: 785  Precision @ 1: 0.8177  AUC @ 1: 0.8752
Test Data Eval:
  Num examples: 1856  Num correct: 1334  Precision @ 1: 0.7188  AUC @ 1: 0.7722
Step 3400: loss = 0.9445 (0.028 sec)
Training Data Eval:
  Num examples: 8960  Num correct: 8373  Precision @ 1: 0.9345  AUC @ 1: 0.9930
Validation Data Eval:
  Num examples: 960  Num correct: 727  Precision @ 1: 0.7573  AUC @ 1: 0.8746
Test Data Eval:
  Num examples: 1856  Num correct: 1188  Precision @ 1: 0.6401  AUC @ 1: 0.7598
Step 3500: loss = 1.1049 (0.123 sec)
Training Data Eval:
  Num examples: 8960  Num correct: 8736  Precision @ 1: 0.9750  AUC @ 1: 0.9982
Validation Data Eval:
  Num examples: 960  Num correct: 794  Precision @ 1: 0.8271  AUC @ 1: 0.8786
Test Data Eval:
  Num examples: 1856  Num correct: 1308  Precision @ 1: 0.7047  AUC @ 1: 0.7701
Step 3600: loss = 0.8351 (0.041 sec)
Training Data Eval:
  Num examples: 8960  Num correct: 8775  Precision @ 1: 0.9794  AUC @ 1: 0.9985
Validation Data Eval:
  Num examples: 960  Num correct: 777  Precision @ 1: 0.8094  AUC @ 1: 0.8798
Test Data Eval:
  Num examples: 1856  Num correct: 1332  Precision @ 1: 0.7177  AUC @ 1: 0.7803
Step 3700: loss = 0.8180 (0.039 sec)
Training Data Eval:
  Num examples: 8960  Num correct: 8704  Precision @ 1: 0.9714  AUC @ 1: 0.9983
Validation Data Eval:
  Num examples: 960  Num correct: 781  Precision @ 1: 0.8135  AUC @ 1: 0.8749
Test Data Eval:
  Num examples: 1856  Num correct: 1324  Precision @ 1: 0.7134  AUC @ 1: 0.7747
Step 3800: loss = 0.9156 (0.039 sec)
Training Data Eval:
  Num examples: 8960  Num correct: 8769  Precision @ 1: 0.9787  AUC @ 1: 0.9986
Validation Data Eval:
  Num examples: 960  Num correct: 768  Precision @ 1: 0.8000  AUC @ 1: 0.8774
Test Data Eval:
  Num examples: 1856  Num correct: 1362  Precision @ 1: 0.7338  AUC @ 1: 0.7953
Step 3900: loss = 0.7689 (0.037 sec)
Training Data Eval:
  Num examples: 8960  Num correct: 8715  Precision @ 1: 0.9727  AUC @ 1: 0.9984
Validation Data Eval:
  Num examples: 960  Num correct: 781  Precision @ 1: 0.8135  AUC @ 1: 0.8795
Test Data Eval:
  Num examples: 1856  Num correct: 1328  Precision @ 1: 0.7155  AUC @ 1: 0.7662
Step 4000: loss = 0.7057 (0.041 sec)
Training Data Eval:
  Num examples: 8960  Num correct: 8712  Precision @ 1: 0.9723  AUC @ 1: 0.9983
Validation Data Eval:
  Num examples: 960  Num correct: 778  Precision @ 1: 0.8104  AUC @ 1: 0.8747
Test Data Eval:
  Num examples: 1856  Num correct: 1319  Precision @ 1: 0.7107  AUC @ 1: 0.7724
Step 4100: loss = 0.7326 (0.037 sec)
Training Data Eval:
  Num examples: 8960  Num correct: 8808  Precision @ 1: 0.9830  AUC @ 1: 0.9989
Validation Data Eval:
  Num examples: 960  Num correct: 778  Precision @ 1: 0.8104  AUC @ 1: 0.8701
Test Data Eval:
  Num examples: 1856  Num correct: 1321  Precision @ 1: 0.7117  AUC @ 1: 0.7674
Step 4200: loss = 0.6720 (0.126 sec)
Training Data Eval:
  Num examples: 8960  Num correct: 8815  Precision @ 1: 0.9838  AUC @ 1: 0.9992
Validation Data Eval:
  Num examples: 960  Num correct: 785  Precision @ 1: 0.8177  AUC @ 1: 0.8768
Test Data Eval:
  Num examples: 1856  Num correct: 1318  Precision @ 1: 0.7101  AUC @ 1: 0.7614
Step 4300: loss = 0.6861 (0.041 sec)
Training Data Eval:
  Num examples: 8960  Num correct: 8835  Precision @ 1: 0.9860  AUC @ 1: 0.9992
Validation Data Eval:
  Num examples: 960  Num correct: 782  Precision @ 1: 0.8146  AUC @ 1: 0.8704
Test Data Eval:
  Num examples: 1856  Num correct: 1324  Precision @ 1: 0.7134  AUC @ 1: 0.7684
Step 4400: loss = 0.6299 (0.039 sec)
Training Data Eval:
  Num examples: 8960  Num correct: 8808  Precision @ 1: 0.9830  AUC @ 1: 0.9986
Validation Data Eval:
  Num examples: 960  Num correct: 784  Precision @ 1: 0.8167  AUC @ 1: 0.8713
Test Data Eval:
  Num examples: 1856  Num correct: 1320  Precision @ 1: 0.7112  AUC @ 1: 0.7667
Step 4500: loss = 0.6443 (0.041 sec)
Training Data Eval:
  Num examples: 8960  Num correct: 8810  Precision @ 1: 0.9833  AUC @ 1: 0.9991
Validation Data Eval:
  Num examples: 960  Num correct: 777  Precision @ 1: 0.8094  AUC @ 1: 0.8716
Test Data Eval:
  Num examples: 1856  Num correct: 1346  Precision @ 1: 0.7252  AUC @ 1: 0.7724
Step 4600: loss = 0.5768 (0.041 sec)
Training Data Eval:
  Num examples: 8960  Num correct: 8769  Precision @ 1: 0.9787  AUC @ 1: 0.9984
Validation Data Eval:
  Num examples: 960  Num correct: 775  Precision @ 1: 0.8073  AUC @ 1: 0.8696
Test Data Eval:
  Num examples: 1856  Num correct: 1324  Precision @ 1: 0.7134  AUC @ 1: 0.7699
Step 4700: loss = 0.5640 (0.029 sec)
Training Data Eval:
  Num examples: 8960  Num correct: 8840  Precision @ 1: 0.9866  AUC @ 1: 0.9995
Validation Data Eval:
  Num examples: 960  Num correct: 770  Precision @ 1: 0.8021  AUC @ 1: 0.8729
Test Data Eval:
  Num examples: 1856  Num correct: 1359  Precision @ 1: 0.7322  AUC @ 1: 0.7853
Step 4800: loss = 0.5010 (0.039 sec)
Training Data Eval:
  Num examples: 8960  Num correct: 8826  Precision @ 1: 0.9850  AUC @ 1: 0.9991
Validation Data Eval:
  Num examples: 960  Num correct: 759  Precision @ 1: 0.7906  AUC @ 1: 0.8637
Test Data Eval:
  Num examples: 1856  Num correct: 1324  Precision @ 1: 0.7134  AUC @ 1: 0.7751
Step 4900: loss = 0.5103 (0.123 sec)
Training Data Eval:
  Num examples: 8960  Num correct: 8796  Precision @ 1: 0.9817  AUC @ 1: 0.9991
Validation Data Eval:
  Num examples: 960  Num correct: 772  Precision @ 1: 0.8042  AUC @ 1: 0.8652
Test Data Eval:
  Num examples: 1856  Num correct: 1356  Precision @ 1: 0.7306  AUC @ 1: 0.7796
Step 5000: loss = 0.5507 (0.041 sec)
Training Data Eval:
  Num examples: 8960  Num correct: 8816  Precision @ 1: 0.9839  AUC @ 1: 0.9994
Validation Data Eval:
  Num examples: 960  Num correct: 778  Precision @ 1: 0.8104  AUC @ 1: 0.8732
Test Data Eval:
  Num examples: 1856  Num correct: 1361  Precision @ 1: 0.7333  AUC @ 1: 0.7816
Step 5100: loss = 0.4718 (0.038 sec)
Training Data Eval:
  Num examples: 8960  Num correct: 8770  Precision @ 1: 0.9788  AUC @ 1: 0.9987
Validation Data Eval:
  Num examples: 960  Num correct: 755  Precision @ 1: 0.7865  AUC @ 1: 0.8628
Test Data Eval:
  Num examples: 1856  Num correct: 1303  Precision @ 1: 0.7020  AUC @ 1: 0.7713
Step 5200: loss = 0.5389 (0.040 sec)
Training Data Eval:
  Num examples: 8960  Num correct: 8728  Precision @ 1: 0.9741  AUC @ 1: 0.9975
Validation Data Eval:
  Num examples: 960  Num correct: 761  Precision @ 1: 0.7927  AUC @ 1: 0.8606
Test Data Eval:
  Num examples: 1856  Num correct: 1342  Precision @ 1: 0.7231  AUC @ 1: 0.7605
Step 5300: loss = 0.4373 (0.040 sec)
Training Data Eval:
  Num examples: 8960  Num correct: 8717  Precision @ 1: 0.9729  AUC @ 1: 0.9985
Validation Data Eval:
  Num examples: 960  Num correct: 753  Precision @ 1: 0.7844  AUC @ 1: 0.8723
Test Data Eval:
  Num examples: 1856  Num correct: 1310  Precision @ 1: 0.7058  AUC @ 1: 0.7839
Step 5400: loss = 0.6278 (0.038 sec)
Training Data Eval:
  Num examples: 8960  Num correct: 8796  Precision @ 1: 0.9817  AUC @ 1: 0.9993
Validation Data Eval:
  Num examples: 960  Num correct: 773  Precision @ 1: 0.8052  AUC @ 1: 0.8735
Test Data Eval:
  Num examples: 1856  Num correct: 1344  Precision @ 1: 0.7241  AUC @ 1: 0.7778
Step 5500: loss = 0.3957 (0.039 sec)
Training Data Eval:
  Num examples: 8960  Num correct: 8832  Precision @ 1: 0.9857  AUC @ 1: 0.9992
Validation Data Eval:
  Num examples: 960  Num correct: 785  Precision @ 1: 0.8177  AUC @ 1: 0.8761
Test Data Eval:
  Num examples: 1856  Num correct: 1354  Precision @ 1: 0.7295  AUC @ 1: 0.7859
Step 5600: loss = 0.4492 (0.118 sec)
Training Data Eval:
  Num examples: 8960  Num correct: 8818  Precision @ 1: 0.9842  AUC @ 1: 0.9991
Validation Data Eval:
  Num examples: 960  Num correct: 774  Precision @ 1: 0.8063  AUC @ 1: 0.8683
Test Data Eval:
  Num examples: 1856  Num correct: 1333  Precision @ 1: 0.7182  AUC @ 1: 0.7753
Step 5700: loss = 0.3841 (0.039 sec)
Training Data Eval:
  Num examples: 8960  Num correct: 8832  Precision @ 1: 0.9857  AUC @ 1: 0.9994
Validation Data Eval:
  Num examples: 960  Num correct: 787  Precision @ 1: 0.8198  AUC @ 1: 0.8739
Test Data Eval:
  Num examples: 1856  Num correct: 1356  Precision @ 1: 0.7306  AUC @ 1: 0.7850
Step 5800: loss = 0.3657 (0.040 sec)
Training Data Eval:
  Num examples: 8960  Num correct: 8655  Precision @ 1: 0.9660  AUC @ 1: 0.9977
Validation Data Eval:
  Num examples: 960  Num correct: 749  Precision @ 1: 0.7802  AUC @ 1: 0.8722
Test Data Eval:
  Num examples: 1856  Num correct: 1283  Precision @ 1: 0.6913  AUC @ 1: 0.7900
Step 5900: loss = 0.5091 (0.041 sec)
Training Data Eval:
  Num examples: 8960  Num correct: 8827  Precision @ 1: 0.9852  AUC @ 1: 0.9987
Validation Data Eval:
  Num examples: 960  Num correct: 773  Precision @ 1: 0.8052  AUC @ 1: 0.8715
Test Data Eval:
  Num examples: 1856  Num correct: 1340  Precision @ 1: 0.7220  AUC @ 1: 0.7759
Step 6000: loss = 0.4014 (0.030 sec)
Training Data Eval:
  Num examples: 8960  Num correct: 8844  Precision @ 1: 0.9871  AUC @ 1: 0.9995
Validation Data Eval:
  Num examples: 960  Num correct: 785  Precision @ 1: 0.8177  AUC @ 1: 0.8786
Test Data Eval:
  Num examples: 1856  Num correct: 1352  Precision @ 1: 0.7284  AUC @ 1: 0.7898
Step 6100: loss = 0.4150 (0.039 sec)
Training Data Eval:
  Num examples: 8960  Num correct: 8712  Precision @ 1: 0.9723  AUC @ 1: 0.9974
Validation Data Eval:
  Num examples: 960  Num correct: 753  Precision @ 1: 0.7844  AUC @ 1: 0.8703
Test Data Eval:
  Num examples: 1856  Num correct: 1340  Precision @ 1: 0.7220  AUC @ 1: 0.7621
Step 6200: loss = 0.3693 (0.039 sec)
Training Data Eval:
  Num examples: 8960  Num correct: 8834  Precision @ 1: 0.9859  AUC @ 1: 0.9995
Validation Data Eval:
  Num examples: 960  Num correct: 784  Precision @ 1: 0.8167  AUC @ 1: 0.8808
Test Data Eval:
  Num examples: 1856  Num correct: 1353  Precision @ 1: 0.7290  AUC @ 1: 0.7852
Step 6300: loss = 0.3485 (0.125 sec)
Training Data Eval:
  Num examples: 8960  Num correct: 8808  Precision @ 1: 0.9830  AUC @ 1: 0.9992
Validation Data Eval:
  Num examples: 960  Num correct: 781  Precision @ 1: 0.8135  AUC @ 1: 0.8794
Test Data Eval:
  Num examples: 1856  Num correct: 1339  Precision @ 1: 0.7214  AUC @ 1: 0.7777
Step 6400: loss = 0.4361 (0.029 sec)
Training Data Eval:
  Num examples: 8960  Num correct: 8817  Precision @ 1: 0.9840  AUC @ 1: 0.9997
Validation Data Eval:
  Num examples: 960  Num correct: 784  Precision @ 1: 0.8167  AUC @ 1: 0.8804
Test Data Eval:
  Num examples: 1856  Num correct: 1335  Precision @ 1: 0.7193  AUC @ 1: 0.7801
Step 6500: loss = 0.3373 (0.037 sec)
Training Data Eval:
  Num examples: 8960  Num correct: 8786  Precision @ 1: 0.9806  AUC @ 1: 0.9989
Validation Data Eval:
  Num examples: 960  Num correct: 774  Precision @ 1: 0.8063  AUC @ 1: 0.8741
Test Data Eval:
  Num examples: 1856  Num correct: 1361  Precision @ 1: 0.7333  AUC @ 1: 0.7811
Step 6600: loss = 0.3793 (0.036 sec)
Training Data Eval:
  Num examples: 8960  Num correct: 8847  Precision @ 1: 0.9874  AUC @ 1: 0.9996
Validation Data Eval:
  Num examples: 960  Num correct: 791  Precision @ 1: 0.8240  AUC @ 1: 0.8743
Test Data Eval:
  Num examples: 1856  Num correct: 1346  Precision @ 1: 0.7252  AUC @ 1: 0.7852
Step 6700: loss = 0.3418 (0.041 sec)
Training Data Eval:
  Num examples: 8960  Num correct: 8894  Precision @ 1: 0.9926  AUC @ 1: 0.9999
Validation Data Eval:
  Num examples: 960  Num correct: 780  Precision @ 1: 0.8125  AUC @ 1: 0.8827
Test Data Eval:
  Num examples: 1856  Num correct: 1332  Precision @ 1: 0.7177  AUC @ 1: 0.7777
Step 6800: loss = 0.3299 (0.039 sec)
Training Data Eval:
  Num examples: 8960  Num correct: 8790  Precision @ 1: 0.9810  AUC @ 1: 0.9987
Validation Data Eval:
  Num examples: 960  Num correct: 776  Precision @ 1: 0.8083  AUC @ 1: 0.8766
Test Data Eval:
  Num examples: 1856  Num correct: 1308  Precision @ 1: 0.7047  AUC @ 1: 0.7707
Step 6900: loss = 0.3431 (0.039 sec)
Training Data Eval:
  Num examples: 8960  Num correct: 8875  Precision @ 1: 0.9905  AUC @ 1: 0.9996
Validation Data Eval:
  Num examples: 960  Num correct: 787  Precision @ 1: 0.8198  AUC @ 1: 0.8735
Test Data Eval:
  Num examples: 1856  Num correct: 1340  Precision @ 1: 0.7220  AUC @ 1: 0.7717
Step 7000: loss = 0.3136 (0.115 sec)
Training Data Eval:
  Num examples: 8960  Num correct: 8846  Precision @ 1: 0.9873  AUC @ 1: 0.9995
Validation Data Eval:
  Num examples: 960  Num correct: 791  Precision @ 1: 0.8240  AUC @ 1: 0.8795
Test Data Eval:
  Num examples: 1856  Num correct: 1348  Precision @ 1: 0.7263  AUC @ 1: 0.7878
Step 7100: loss = 0.3448 (0.039 sec)
Training Data Eval:
  Num examples: 8960  Num correct: 8823  Precision @ 1: 0.9847  AUC @ 1: 0.9992
Validation Data Eval:
  Num examples: 960  Num correct: 790  Precision @ 1: 0.8229  AUC @ 1: 0.8763
Test Data Eval:
  Num examples: 1856  Num correct: 1330  Precision @ 1: 0.7166  AUC @ 1: 0.7712
Step 7200: loss = 0.3268 (0.039 sec)
Training Data Eval:
  Num examples: 8960  Num correct: 8861  Precision @ 1: 0.9890  AUC @ 1: 0.9994
Validation Data Eval:
  Num examples: 960  Num correct: 758  Precision @ 1: 0.7896  AUC @ 1: 0.8697
Test Data Eval:
  Num examples: 1856  Num correct: 1293  Precision @ 1: 0.6967  AUC @ 1: 0.7709
Step 7300: loss = 0.3766 (0.039 sec)
Training Data Eval:
  Num examples: 8960  Num correct: 8838  Precision @ 1: 0.9864  AUC @ 1: 0.9992
Validation Data Eval:
  Num examples: 960  Num correct: 779  Precision @ 1: 0.8115  AUC @ 1: 0.8698
Test Data Eval:
  Num examples: 1856  Num correct: 1303  Precision @ 1: 0.7020  AUC @ 1: 0.7665
Step 7400: loss = 0.3639 (0.041 sec)
Training Data Eval:
  Num examples: 8960  Num correct: 8882  Precision @ 1: 0.9913  AUC @ 1: 0.9997
Validation Data Eval:
  Num examples: 960  Num correct: 777  Precision @ 1: 0.8094  AUC @ 1: 0.8718
Test Data Eval:
  Num examples: 1856  Num correct: 1332  Precision @ 1: 0.7177  AUC @ 1: 0.7763
Step 7500: loss = 0.3423 (0.040 sec)
Training Data Eval:
  Num examples: 8960  Num correct: 8840  Precision @ 1: 0.9866  AUC @ 1: 0.9977
Validation Data Eval:
  Num examples: 960  Num correct: 772  Precision @ 1: 0.8042  AUC @ 1: 0.8674
Test Data Eval:
  Num examples: 1856  Num correct: 1333  Precision @ 1: 0.7182  AUC @ 1: 0.7765
Step 7600: loss = 0.3590 (0.038 sec)
Training Data Eval:
  Num examples: 8960  Num correct: 8869  Precision @ 1: 0.9898  AUC @ 1: 0.9983
Validation Data Eval:
  Num examples: 960  Num correct: 774  Precision @ 1: 0.8063  AUC @ 1: 0.8655
Test Data Eval:
  Num examples: 1856  Num correct: 1349  Precision @ 1: 0.7268  AUC @ 1: 0.7719
Step 7700: loss = 0.3688 (0.123 sec)
Training Data Eval:
  Num examples: 8960  Num correct: 8873  Precision @ 1: 0.9903  AUC @ 1: 0.9996
Validation Data Eval:
  Num examples: 960  Num correct: 777  Precision @ 1: 0.8094  AUC @ 1: 0.8745
Test Data Eval:
  Num examples: 1856  Num correct: 1324  Precision @ 1: 0.7134  AUC @ 1: 0.7680
Step 7800: loss = 0.3641 (0.039 sec)
Training Data Eval:
  Num examples: 8960  Num correct: 8833  Precision @ 1: 0.9858  AUC @ 1: 0.9993
Validation Data Eval:
  Num examples: 960  Num correct: 780  Precision @ 1: 0.8125  AUC @ 1: 0.8700
Test Data Eval:
  Num examples: 1856  Num correct: 1326  Precision @ 1: 0.7144  AUC @ 1: 0.7688
Step 7900: loss = 0.4547 (0.039 sec)
Training Data Eval:
  Num examples: 8960  Num correct: 8872  Precision @ 1: 0.9902  AUC @ 1: 0.9994
Validation Data Eval:
  Num examples: 960  Num correct: 777  Precision @ 1: 0.8094  AUC @ 1: 0.8742
Test Data Eval:
  Num examples: 1856  Num correct: 1330  Precision @ 1: 0.7166  AUC @ 1: 0.7738
Step 8000: loss = 0.3415 (0.040 sec)
Training Data Eval:
  Num examples: 8960  Num correct: 8869  Precision @ 1: 0.9898  AUC @ 1: 0.9997
Validation Data Eval:
  Num examples: 960  Num correct: 768  Precision @ 1: 0.8000  AUC @ 1: 0.8710
Test Data Eval:
  Num examples: 1856  Num correct: 1307  Precision @ 1: 0.7042  AUC @ 1: 0.7726
Step 8100: loss = 0.3622 (0.040 sec)
Training Data Eval:
  Num examples: 8960  Num correct: 8873  Precision @ 1: 0.9903  AUC @ 1: 0.9996
Validation Data Eval:
  Num examples: 960  Num correct: 768  Precision @ 1: 0.8000  AUC @ 1: 0.8657
Test Data Eval:
  Num examples: 1856  Num correct: 1337  Precision @ 1: 0.7204  AUC @ 1: 0.7816
Step 8200: loss = 0.3635 (0.039 sec)
Training Data Eval:
  Num examples: 8960  Num correct: 8857  Precision @ 1: 0.9885  AUC @ 1: 0.9996
Validation Data Eval:
  Num examples: 960  Num correct: 778  Precision @ 1: 0.8104  AUC @ 1: 0.8688
Test Data Eval:
  Num examples: 1856  Num correct: 1359  Precision @ 1: 0.7322  AUC @ 1: 0.7818
Step 8300: loss = 0.3861 (0.040 sec)
Training Data Eval:
  Num examples: 8960  Num correct: 8809  Precision @ 1: 0.9831  AUC @ 1: 0.9939
Validation Data Eval:
  Num examples: 960  Num correct: 764  Precision @ 1: 0.7958  AUC @ 1: 0.8554
Test Data Eval:
  Num examples: 1856  Num correct: 1337  Precision @ 1: 0.7204  AUC @ 1: 0.7716
Step 8400: loss = 0.3031 (0.124 sec)
Training Data Eval:
  Num examples: 8960  Num correct: 8862  Precision @ 1: 0.9891  AUC @ 1: 0.9979
Validation Data Eval:
  Num examples: 960  Num correct: 758  Precision @ 1: 0.7896  AUC @ 1: 0.8506
Test Data Eval:
  Num examples: 1856  Num correct: 1320  Precision @ 1: 0.7112  AUC @ 1: 0.7702
Step 8500: loss = 0.2750 (0.039 sec)
Training Data Eval:
  Num examples: 8960  Num correct: 8886  Precision @ 1: 0.9917  AUC @ 1: 0.9997
Validation Data Eval:
  Num examples: 960  Num correct: 779  Precision @ 1: 0.8115  AUC @ 1: 0.8713
Test Data Eval:
  Num examples: 1856  Num correct: 1304  Precision @ 1: 0.7026  AUC @ 1: 0.7577
Step 8600: loss = 0.3046 (0.039 sec)
Training Data Eval:
  Num examples: 8960  Num correct: 8882  Precision @ 1: 0.9913  AUC @ 1: 0.9997
Validation Data Eval:
  Num examples: 960  Num correct: 778  Precision @ 1: 0.8104  AUC @ 1: 0.8744
Test Data Eval:
  Num examples: 1856  Num correct: 1336  Precision @ 1: 0.7198  AUC @ 1: 0.7667
Step 8700: loss = 0.4142 (0.038 sec)
Training Data Eval:
  Num examples: 8960  Num correct: 8871  Precision @ 1: 0.9901  AUC @ 1: 0.9996
Validation Data Eval:
  Num examples: 960  Num correct: 787  Precision @ 1: 0.8198  AUC @ 1: 0.8826
Test Data Eval:
  Num examples: 1856  Num correct: 1340  Precision @ 1: 0.7220  AUC @ 1: 0.7852
Step 8800: loss = 0.3316 (0.040 sec)
Training Data Eval:
  Num examples: 8960  Num correct: 8818  Precision @ 1: 0.9842  AUC @ 1: 0.9986
Validation Data Eval:
  Num examples: 960  Num correct: 750  Precision @ 1: 0.7812  AUC @ 1: 0.8665
Test Data Eval:
  Num examples: 1856  Num correct: 1350  Precision @ 1: 0.7274  AUC @ 1: 0.7844
Step 8900: loss = 0.3899 (0.039 sec)
Training Data Eval:
  Num examples: 8960  Num correct: 8876  Precision @ 1: 0.9906  AUC @ 1: 0.9996
Validation Data Eval:
  Num examples: 960  Num correct: 785  Precision @ 1: 0.8177  AUC @ 1: 0.8771
Test Data Eval:
  Num examples: 1856  Num correct: 1325  Precision @ 1: 0.7139  AUC @ 1: 0.7740
Step 9000: loss = 0.2810 (0.041 sec)
Training Data Eval:
  Num examples: 8960  Num correct: 8831  Precision @ 1: 0.9856  AUC @ 1: 0.9995
Validation Data Eval:
  Num examples: 960  Num correct: 764  Precision @ 1: 0.7958  AUC @ 1: 0.8675
Test Data Eval:
  Num examples: 1856  Num correct: 1336  Precision @ 1: 0.7198  AUC @ 1: 0.7757
Step 9100: loss = 0.3049 (0.120 sec)
Training Data Eval:
  Num examples: 8960  Num correct: 8861  Precision @ 1: 0.9890  AUC @ 1: 0.9997
Validation Data Eval:
  Num examples: 960  Num correct: 758  Precision @ 1: 0.7896  AUC @ 1: 0.8721
Test Data Eval:
  Num examples: 1856  Num correct: 1332  Precision @ 1: 0.7177  AUC @ 1: 0.7859
Step 9200: loss = 0.3261 (0.038 sec)
Training Data Eval:
  Num examples: 8960  Num correct: 8859  Precision @ 1: 0.9887  AUC @ 1: 0.9994
Validation Data Eval:
  Num examples: 960  Num correct: 777  Precision @ 1: 0.8094  AUC @ 1: 0.8717
Test Data Eval:
  Num examples: 1856  Num correct: 1334  Precision @ 1: 0.7188  AUC @ 1: 0.7703
Step 9300: loss = 0.2871 (0.042 sec)
Training Data Eval:
  Num examples: 8960  Num correct: 8908  Precision @ 1: 0.9942  AUC @ 1: 0.9999
Validation Data Eval:
  Num examples: 960  Num correct: 787  Precision @ 1: 0.8198  AUC @ 1: 0.8723
Test Data Eval:
  Num examples: 1856  Num correct: 1319  Precision @ 1: 0.7107  AUC @ 1: 0.7755
Step 9400: loss = 0.2701 (0.040 sec)
Training Data Eval:
  Num examples: 8960  Num correct: 8850  Precision @ 1: 0.9877  AUC @ 1: 0.9996
Validation Data Eval:
  Num examples: 960  Num correct: 773  Precision @ 1: 0.8052  AUC @ 1: 0.8688
Test Data Eval:
  Num examples: 1856  Num correct: 1329  Precision @ 1: 0.7161  AUC @ 1: 0.7705
Step 9500: loss = 0.3905 (0.039 sec)
Training Data Eval:
  Num examples: 8960  Num correct: 8859  Precision @ 1: 0.9887  AUC @ 1: 0.9997
Validation Data Eval:
  Num examples: 960  Num correct: 762  Precision @ 1: 0.7937  AUC @ 1: 0.8638
Test Data Eval:
  Num examples: 1856  Num correct: 1315  Precision @ 1: 0.7085  AUC @ 1: 0.7600
Step 9600: loss = 0.3435 (0.035 sec)
Training Data Eval:
  Num examples: 8960  Num correct: 8829  Precision @ 1: 0.9854  AUC @ 1: 0.9997
Validation Data Eval:
  Num examples: 960  Num correct: 768  Precision @ 1: 0.8000  AUC @ 1: 0.8673
Test Data Eval:
  Num examples: 1856  Num correct: 1343  Precision @ 1: 0.7236  AUC @ 1: 0.7687
Step 9700: loss = 0.4191 (0.041 sec)
Training Data Eval:
  Num examples: 8960  Num correct: 8880  Precision @ 1: 0.9911  AUC @ 1: 0.9998
Validation Data Eval:
  Num examples: 960  Num correct: 773  Precision @ 1: 0.8052  AUC @ 1: 0.8661
Test Data Eval:
  Num examples: 1856  Num correct: 1327  Precision @ 1: 0.7150  AUC @ 1: 0.7682
Step 9800: loss = 0.2952 (0.116 sec)
Training Data Eval:
  Num examples: 8960  Num correct: 8898  Precision @ 1: 0.9931  AUC @ 1: 0.9998
Validation Data Eval:
  Num examples: 960  Num correct: 785  Precision @ 1: 0.8177  AUC @ 1: 0.8747
Test Data Eval:
  Num examples: 1856  Num correct: 1346  Precision @ 1: 0.7252  AUC @ 1: 0.7817
Step 9900: loss = 0.3493 (0.040 sec)
Training Data Eval:
  Num examples: 8960  Num correct: 8875  Precision @ 1: 0.9905  AUC @ 1: 0.9997
Validation Data Eval:
  Num examples: 960  Num correct: 770  Precision @ 1: 0.8021  AUC @ 1: 0.8705
Test Data Eval:
  Num examples: 1856  Num correct: 1304  Precision @ 1: 0.7026  AUC @ 1: 0.7823
